digraph G {
	"Start1" [label="Start"]
	"Statement2" [label="Statement"]
	"Start1" -> "Statement2"
	"m3" [label="m",style=filled,fillcolor=powderblue]
	"Statement2" -> "m3"
	"[4" [label="[",style=filled,fillcolor=powderblue]
	"Statement2" -> "[4"
	"Expression5" [label="Expression"]
	"Statement2" -> "Expression5"
	"Term6" [label="Term"]
	"Expression5" -> "Term6"
	"Factor7" [label="Factor"]
	"Term6" -> "Factor7"
	"num8" [label="num",style=filled,fillcolor=powderblue]
	"Factor7" -> "num8"
	"TermD9" [label="TermD"]
	"Term6" -> "TermD9"
	"e10" [label="e"]
	"TermD9" -> "e10"
	"ExpressionD11" [label="ExpressionD"]
	"Expression5" -> "ExpressionD11"
	"e12" [label="e"]
	"ExpressionD11" -> "e12"
	"]13" [label="]",style=filled,fillcolor=powderblue]
	"Statement2" -> "]13"
	"=14" [label="=",style=filled,fillcolor=powderblue]
	"Statement2" -> "=14"
	"Expression15" [label="Expression"]
	"Statement2" -> "Expression15"
	"Term16" [label="Term"]
	"Expression15" -> "Term16"
	"Factor17" [label="Factor"]
	"Term16" -> "Factor17"
	"num18" [label="num",style=filled,fillcolor=powderblue]
	"Factor17" -> "num18"
	"TermD19" [label="TermD"]
	"Term16" -> "TermD19"
	"/20" [label="/",style=filled,fillcolor=powderblue]
	"TermD19" -> "/20"
	"Factor21" [label="Factor"]
	"TermD19" -> "Factor21"
	"num22" [label="num",style=filled,fillcolor=powderblue]
	"Factor21" -> "num22"
	"TermD23" [label="TermD"]
	"TermD19" -> "TermD23"
	"*24" [label="*",style=filled,fillcolor=powderblue]
	"TermD23" -> "*24"
	"Factor25" [label="Factor"]
	"TermD23" -> "Factor25"
	"num26" [label="num",style=filled,fillcolor=powderblue]
	"Factor25" -> "num26"
	"TermD27" [label="TermD"]
	"TermD23" -> "TermD27"
	"e28" [label="e"]
	"TermD27" -> "e28"
	"ExpressionD29" [label="ExpressionD"]
	"Expression15" -> "ExpressionD29"
	"e30" [label="e"]
	"ExpressionD29" -> "e30"
	"Statements31" [label="Statements"]
	"Start1" -> "Statements31"
	"Statement32" [label="Statement"]
	"Statements31" -> "Statement32"
	"m33" [label="m",style=filled,fillcolor=powderblue]
	"Statement32" -> "m33"
	"[34" [label="[",style=filled,fillcolor=powderblue]
	"Statement32" -> "[34"
	"Expression35" [label="Expression"]
	"Statement32" -> "Expression35"
	"Term36" [label="Term"]
	"Expression35" -> "Term36"
	"Factor37" [label="Factor"]
	"Term36" -> "Factor37"
	"num38" [label="num",style=filled,fillcolor=powderblue]
	"Factor37" -> "num38"
	"TermD39" [label="TermD"]
	"Term36" -> "TermD39"
	"e40" [label="e"]
	"TermD39" -> "e40"
	"ExpressionD41" [label="ExpressionD"]
	"Expression35" -> "ExpressionD41"
	"e42" [label="e"]
	"ExpressionD41" -> "e42"
	"]43" [label="]",style=filled,fillcolor=powderblue]
	"Statement32" -> "]43"
	"=44" [label="=",style=filled,fillcolor=powderblue]
	"Statement32" -> "=44"
	"Expression45" [label="Expression"]
	"Statement32" -> "Expression45"
	"Term46" [label="Term"]
	"Expression45" -> "Term46"
	"Factor47" [label="Factor"]
	"Term46" -> "Factor47"
	"num48" [label="num",style=filled,fillcolor=powderblue]
	"Factor47" -> "num48"
	"TermD49" [label="TermD"]
	"Term46" -> "TermD49"
	"e50" [label="e"]
	"TermD49" -> "e50"
	"ExpressionD51" [label="ExpressionD"]
	"Expression45" -> "ExpressionD51"
	"+52" [label="+",style=filled,fillcolor=powderblue]
	"ExpressionD51" -> "+52"
	"Term53" [label="Term"]
	"ExpressionD51" -> "Term53"
	"Factor54" [label="Factor"]
	"Term53" -> "Factor54"
	"num55" [label="num",style=filled,fillcolor=powderblue]
	"Factor54" -> "num55"
	"TermD56" [label="TermD"]
	"Term53" -> "TermD56"
	"e57" [label="e"]
	"TermD56" -> "e57"
	"ExpressionD58" [label="ExpressionD"]
	"ExpressionD51" -> "ExpressionD58"
	"e59" [label="e"]
	"ExpressionD58" -> "e59"
	"Statements60" [label="Statements"]
	"Statements31" -> "Statements60"
	"Statement61" [label="Statement"]
	"Statements60" -> "Statement61"
	"m62" [label="m",style=filled,fillcolor=powderblue]
	"Statement61" -> "m62"
	"[63" [label="[",style=filled,fillcolor=powderblue]
	"Statement61" -> "[63"
	"Expression64" [label="Expression"]
	"Statement61" -> "Expression64"
	"Term65" [label="Term"]
	"Expression64" -> "Term65"
	"Factor66" [label="Factor"]
	"Term65" -> "Factor66"
	"num67" [label="num",style=filled,fillcolor=powderblue]
	"Factor66" -> "num67"
	"TermD68" [label="TermD"]
	"Term65" -> "TermD68"
	"e69" [label="e"]
	"TermD68" -> "e69"
	"ExpressionD70" [label="ExpressionD"]
	"Expression64" -> "ExpressionD70"
	"e71" [label="e"]
	"ExpressionD70" -> "e71"
	"]72" [label="]",style=filled,fillcolor=powderblue]
	"Statement61" -> "]72"
	"=73" [label="=",style=filled,fillcolor=powderblue]
	"Statement61" -> "=73"
	"Expression74" [label="Expression"]
	"Statement61" -> "Expression74"
	"Term75" [label="Term"]
	"Expression74" -> "Term75"
	"Factor76" [label="Factor"]
	"Term75" -> "Factor76"
	"num77" [label="num",style=filled,fillcolor=powderblue]
	"Factor76" -> "num77"
	"TermD78" [label="TermD"]
	"Term75" -> "TermD78"
	"e79" [label="e"]
	"TermD78" -> "e79"
	"ExpressionD80" [label="ExpressionD"]
	"Expression74" -> "ExpressionD80"
	"-81" [label="-",style=filled,fillcolor=powderblue]
	"ExpressionD80" -> "-81"
	"Term82" [label="Term"]
	"ExpressionD80" -> "Term82"
	"Factor83" [label="Factor"]
	"Term82" -> "Factor83"
	"(84" [label="(",style=filled,fillcolor=powderblue]
	"Factor83" -> "(84"
	"Expression85" [label="Expression"]
	"Factor83" -> "Expression85"
	"Term86" [label="Term"]
	"Expression85" -> "Term86"
	"Factor87" [label="Factor"]
	"Term86" -> "Factor87"
	"m88" [label="m",style=filled,fillcolor=powderblue]
	"Factor87" -> "m88"
	"[89" [label="[",style=filled,fillcolor=powderblue]
	"Factor87" -> "[89"
	"Expression90" [label="Expression"]
	"Factor87" -> "Expression90"
	"Term91" [label="Term"]
	"Expression90" -> "Term91"
	"Factor92" [label="Factor"]
	"Term91" -> "Factor92"
	"num93" [label="num",style=filled,fillcolor=powderblue]
	"Factor92" -> "num93"
	"TermD94" [label="TermD"]
	"Term91" -> "TermD94"
	"e95" [label="e"]
	"TermD94" -> "e95"
	"ExpressionD96" [label="ExpressionD"]
	"Expression90" -> "ExpressionD96"
	"e97" [label="e"]
	"ExpressionD96" -> "e97"
	"]98" [label="]",style=filled,fillcolor=powderblue]
	"Factor87" -> "]98"
	"TermD99" [label="TermD"]
	"Term86" -> "TermD99"
	"e100" [label="e"]
	"TermD99" -> "e100"
	"ExpressionD101" [label="ExpressionD"]
	"Expression85" -> "ExpressionD101"
	"-102" [label="-",style=filled,fillcolor=powderblue]
	"ExpressionD101" -> "-102"
	"Term103" [label="Term"]
	"ExpressionD101" -> "Term103"
	"Factor104" [label="Factor"]
	"Term103" -> "Factor104"
	"num105" [label="num",style=filled,fillcolor=powderblue]
	"Factor104" -> "num105"
	"TermD106" [label="TermD"]
	"Term103" -> "TermD106"
	"e107" [label="e"]
	"TermD106" -> "e107"
	"ExpressionD108" [label="ExpressionD"]
	"ExpressionD101" -> "ExpressionD108"
	"e109" [label="e"]
	"ExpressionD108" -> "e109"
	")110" [label=")",style=filled,fillcolor=powderblue]
	"Factor83" -> ")110"
	"TermD111" [label="TermD"]
	"Term82" -> "TermD111"
	"e112" [label="e"]
	"TermD111" -> "e112"
	"ExpressionD113" [label="ExpressionD"]
	"ExpressionD80" -> "ExpressionD113"
	"e114" [label="e"]
	"ExpressionD113" -> "e114"
	"Statements115" [label="Statements"]
	"Statements60" -> "Statements115"
	"Statement116" [label="Statement"]
	"Statements115" -> "Statement116"
	"m117" [label="m",style=filled,fillcolor=powderblue]
	"Statement116" -> "m117"
	"[118" [label="[",style=filled,fillcolor=powderblue]
	"Statement116" -> "[118"
	"Expression119" [label="Expression"]
	"Statement116" -> "Expression119"
	"Term120" [label="Term"]
	"Expression119" -> "Term120"
	"Factor121" [label="Factor"]
	"Term120" -> "Factor121"
	"num122" [label="num",style=filled,fillcolor=powderblue]
	"Factor121" -> "num122"
	"TermD123" [label="TermD"]
	"Term120" -> "TermD123"
	"e124" [label="e"]
	"TermD123" -> "e124"
	"ExpressionD125" [label="ExpressionD"]
	"Expression119" -> "ExpressionD125"
	"e126" [label="e"]
	"ExpressionD125" -> "e126"
	"]127" [label="]",style=filled,fillcolor=powderblue]
	"Statement116" -> "]127"
	"=128" [label="=",style=filled,fillcolor=powderblue]
	"Statement116" -> "=128"
	"Expression129" [label="Expression"]
	"Statement116" -> "Expression129"
	"Term130" [label="Term"]
	"Expression129" -> "Term130"
	"Factor131" [label="Factor"]
	"Term130" -> "Factor131"
	"num132" [label="num",style=filled,fillcolor=powderblue]
	"Factor131" -> "num132"
	"TermD133" [label="TermD"]
	"Term130" -> "TermD133"
	"/134" [label="/",style=filled,fillcolor=powderblue]
	"TermD133" -> "/134"
	"Factor135" [label="Factor"]
	"TermD133" -> "Factor135"
	"num136" [label="num",style=filled,fillcolor=powderblue]
	"Factor135" -> "num136"
	"TermD137" [label="TermD"]
	"TermD133" -> "TermD137"
	"*138" [label="*",style=filled,fillcolor=powderblue]
	"TermD137" -> "*138"
	"Factor139" [label="Factor"]
	"TermD137" -> "Factor139"
	"num140" [label="num",style=filled,fillcolor=powderblue]
	"Factor139" -> "num140"
	"TermD141" [label="TermD"]
	"TermD137" -> "TermD141"
	"e142" [label="e"]
	"TermD141" -> "e142"
	"ExpressionD143" [label="ExpressionD"]
	"Expression129" -> "ExpressionD143"
	"e144" [label="e"]
	"ExpressionD143" -> "e144"
	"Statements145" [label="Statements"]
	"Statements115" -> "Statements145"
	"Statement146" [label="Statement"]
	"Statements145" -> "Statement146"
	"m147" [label="m",style=filled,fillcolor=powderblue]
	"Statement146" -> "m147"
	"[148" [label="[",style=filled,fillcolor=powderblue]
	"Statement146" -> "[148"
	"Expression149" [label="Expression"]
	"Statement146" -> "Expression149"
	"Term150" [label="Term"]
	"Expression149" -> "Term150"
	"Factor151" [label="Factor"]
	"Term150" -> "Factor151"
	"num152" [label="num",style=filled,fillcolor=powderblue]
	"Factor151" -> "num152"
	"TermD153" [label="TermD"]
	"Term150" -> "TermD153"
	"e154" [label="e"]
	"TermD153" -> "e154"
	"ExpressionD155" [label="ExpressionD"]
	"Expression149" -> "ExpressionD155"
	"e156" [label="e"]
	"ExpressionD155" -> "e156"
	"]157" [label="]",style=filled,fillcolor=powderblue]
	"Statement146" -> "]157"
	"=158" [label="=",style=filled,fillcolor=powderblue]
	"Statement146" -> "=158"
	"Expression159" [label="Expression"]
	"Statement146" -> "Expression159"
	"Term160" [label="Term"]
	"Expression159" -> "Term160"
	"Factor161" [label="Factor"]
	"Term160" -> "Factor161"
	"num162" [label="num",style=filled,fillcolor=powderblue]
	"Factor161" -> "num162"
	"TermD163" [label="TermD"]
	"Term160" -> "TermD163"
	"e164" [label="e"]
	"TermD163" -> "e164"
	"ExpressionD165" [label="ExpressionD"]
	"Expression159" -> "ExpressionD165"
	"+166" [label="+",style=filled,fillcolor=powderblue]
	"ExpressionD165" -> "+166"
	"Term167" [label="Term"]
	"ExpressionD165" -> "Term167"
	"Factor168" [label="Factor"]
	"Term167" -> "Factor168"
	"m169" [label="m",style=filled,fillcolor=powderblue]
	"Factor168" -> "m169"
	"[170" [label="[",style=filled,fillcolor=powderblue]
	"Factor168" -> "[170"
	"Expression171" [label="Expression"]
	"Factor168" -> "Expression171"
	"Term172" [label="Term"]
	"Expression171" -> "Term172"
	"Factor173" [label="Factor"]
	"Term172" -> "Factor173"
	"num174" [label="num",style=filled,fillcolor=powderblue]
	"Factor173" -> "num174"
	"TermD175" [label="TermD"]
	"Term172" -> "TermD175"
	"e176" [label="e"]
	"TermD175" -> "e176"
	"ExpressionD177" [label="ExpressionD"]
	"Expression171" -> "ExpressionD177"
	"e178" [label="e"]
	"ExpressionD177" -> "e178"
	"]179" [label="]",style=filled,fillcolor=powderblue]
	"Factor168" -> "]179"
	"TermD180" [label="TermD"]
	"Term167" -> "TermD180"
	"e181" [label="e"]
	"TermD180" -> "e181"
	"ExpressionD182" [label="ExpressionD"]
	"ExpressionD165" -> "ExpressionD182"
	"e183" [label="e"]
	"ExpressionD182" -> "e183"
	"Statements184" [label="Statements"]
	"Statements145" -> "Statements184"
	"Statement185" [label="Statement"]
	"Statements184" -> "Statement185"
	"m186" [label="m",style=filled,fillcolor=powderblue]
	"Statement185" -> "m186"
	"[187" [label="[",style=filled,fillcolor=powderblue]
	"Statement185" -> "[187"
	"Expression188" [label="Expression"]
	"Statement185" -> "Expression188"
	"Term189" [label="Term"]
	"Expression188" -> "Term189"
	"Factor190" [label="Factor"]
	"Term189" -> "Factor190"
	"num191" [label="num",style=filled,fillcolor=powderblue]
	"Factor190" -> "num191"
	"TermD192" [label="TermD"]
	"Term189" -> "TermD192"
	"e193" [label="e"]
	"TermD192" -> "e193"
	"ExpressionD194" [label="ExpressionD"]
	"Expression188" -> "ExpressionD194"
	"e195" [label="e"]
	"ExpressionD194" -> "e195"
	"]196" [label="]",style=filled,fillcolor=powderblue]
	"Statement185" -> "]196"
	"=197" [label="=",style=filled,fillcolor=powderblue]
	"Statement185" -> "=197"
	"Expression198" [label="Expression"]
	"Statement185" -> "Expression198"
	"Term199" [label="Term"]
	"Expression198" -> "Term199"
	"Factor200" [label="Factor"]
	"Term199" -> "Factor200"
	"num201" [label="num",style=filled,fillcolor=powderblue]
	"Factor200" -> "num201"
	"TermD202" [label="TermD"]
	"Term199" -> "TermD202"
	"e203" [label="e"]
	"TermD202" -> "e203"
	"ExpressionD204" [label="ExpressionD"]
	"Expression198" -> "ExpressionD204"
	"-205" [label="-",style=filled,fillcolor=powderblue]
	"ExpressionD204" -> "-205"
	"Term206" [label="Term"]
	"ExpressionD204" -> "Term206"
	"Factor207" [label="Factor"]
	"Term206" -> "Factor207"
	"m208" [label="m",style=filled,fillcolor=powderblue]
	"Factor207" -> "m208"
	"[209" [label="[",style=filled,fillcolor=powderblue]
	"Factor207" -> "[209"
	"Expression210" [label="Expression"]
	"Factor207" -> "Expression210"
	"Term211" [label="Term"]
	"Expression210" -> "Term211"
	"Factor212" [label="Factor"]
	"Term211" -> "Factor212"
	"num213" [label="num",style=filled,fillcolor=powderblue]
	"Factor212" -> "num213"
	"TermD214" [label="TermD"]
	"Term211" -> "TermD214"
	"**215" [label="**",style=filled,fillcolor=powderblue]
	"TermD214" -> "**215"
	"Factor216" [label="Factor"]
	"TermD214" -> "Factor216"
	"num217" [label="num",style=filled,fillcolor=powderblue]
	"Factor216" -> "num217"
	"TermD218" [label="TermD"]
	"TermD214" -> "TermD218"
	"*219" [label="*",style=filled,fillcolor=powderblue]
	"TermD218" -> "*219"
	"Factor220" [label="Factor"]
	"TermD218" -> "Factor220"
	"num221" [label="num",style=filled,fillcolor=powderblue]
	"Factor220" -> "num221"
	"TermD222" [label="TermD"]
	"TermD218" -> "TermD222"
	"e223" [label="e"]
	"TermD222" -> "e223"
	"ExpressionD224" [label="ExpressionD"]
	"Expression210" -> "ExpressionD224"
	"-225" [label="-",style=filled,fillcolor=powderblue]
	"ExpressionD224" -> "-225"
	"Term226" [label="Term"]
	"ExpressionD224" -> "Term226"
	"Factor227" [label="Factor"]
	"Term226" -> "Factor227"
	"num228" [label="num",style=filled,fillcolor=powderblue]
	"Factor227" -> "num228"
	"TermD229" [label="TermD"]
	"Term226" -> "TermD229"
	"e230" [label="e"]
	"TermD229" -> "e230"
	"ExpressionD231" [label="ExpressionD"]
	"ExpressionD224" -> "ExpressionD231"
	"e232" [label="e"]
	"ExpressionD231" -> "e232"
	"]233" [label="]",style=filled,fillcolor=powderblue]
	"Factor207" -> "]233"
	"TermD234" [label="TermD"]
	"Term206" -> "TermD234"
	"e235" [label="e"]
	"TermD234" -> "e235"
	"ExpressionD236" [label="ExpressionD"]
	"ExpressionD204" -> "ExpressionD236"
	"-237" [label="-",style=filled,fillcolor=powderblue]
	"ExpressionD236" -> "-237"
	"Term238" [label="Term"]
	"ExpressionD236" -> "Term238"
	"Factor239" [label="Factor"]
	"Term238" -> "Factor239"
	"num240" [label="num",style=filled,fillcolor=powderblue]
	"Factor239" -> "num240"
	"TermD241" [label="TermD"]
	"Term238" -> "TermD241"
	"e242" [label="e"]
	"TermD241" -> "e242"
	"ExpressionD243" [label="ExpressionD"]
	"ExpressionD236" -> "ExpressionD243"
	"e244" [label="e"]
	"ExpressionD243" -> "e244"
	"Statements245" [label="Statements"]
	"Statements184" -> "Statements245"
	"Statement246" [label="Statement"]
	"Statements245" -> "Statement246"
	"L247" [label="L",style=filled,fillcolor=powderblue]
	"Statement246" -> "L247"
	"num248" [label="num",style=filled,fillcolor=powderblue]
	"Statement246" -> "num248"
	":249" [label=":",style=filled,fillcolor=powderblue]
	"Statement246" -> ":249"
	"Statements250" [label="Statements"]
	"Statements245" -> "Statements250"
	"Statement251" [label="Statement"]
	"Statements250" -> "Statement251"
	"m252" [label="m",style=filled,fillcolor=powderblue]
	"Statement251" -> "m252"
	"[253" [label="[",style=filled,fillcolor=powderblue]
	"Statement251" -> "[253"
	"Expression254" [label="Expression"]
	"Statement251" -> "Expression254"
	"Term255" [label="Term"]
	"Expression254" -> "Term255"
	"Factor256" [label="Factor"]
	"Term255" -> "Factor256"
	"num257" [label="num",style=filled,fillcolor=powderblue]
	"Factor256" -> "num257"
	"TermD258" [label="TermD"]
	"Term255" -> "TermD258"
	"e259" [label="e"]
	"TermD258" -> "e259"
	"ExpressionD260" [label="ExpressionD"]
	"Expression254" -> "ExpressionD260"
	"e261" [label="e"]
	"ExpressionD260" -> "e261"
	"]262" [label="]",style=filled,fillcolor=powderblue]
	"Statement251" -> "]262"
	"=263" [label="=",style=filled,fillcolor=powderblue]
	"Statement251" -> "=263"
	"Expression264" [label="Expression"]
	"Statement251" -> "Expression264"
	"Term265" [label="Term"]
	"Expression264" -> "Term265"
	"Factor266" [label="Factor"]
	"Term265" -> "Factor266"
	"num267" [label="num",style=filled,fillcolor=powderblue]
	"Factor266" -> "num267"
	"TermD268" [label="TermD"]
	"Term265" -> "TermD268"
	"e269" [label="e"]
	"TermD268" -> "e269"
	"ExpressionD270" [label="ExpressionD"]
	"Expression264" -> "ExpressionD270"
	"-271" [label="-",style=filled,fillcolor=powderblue]
	"ExpressionD270" -> "-271"
	"Term272" [label="Term"]
	"ExpressionD270" -> "Term272"
	"Factor273" [label="Factor"]
	"Term272" -> "Factor273"
	"(274" [label="(",style=filled,fillcolor=powderblue]
	"Factor273" -> "(274"
	"Expression275" [label="Expression"]
	"Factor273" -> "Expression275"
	"Term276" [label="Term"]
	"Expression275" -> "Term276"
	"Factor277" [label="Factor"]
	"Term276" -> "Factor277"
	"m278" [label="m",style=filled,fillcolor=powderblue]
	"Factor277" -> "m278"
	"[279" [label="[",style=filled,fillcolor=powderblue]
	"Factor277" -> "[279"
	"Expression280" [label="Expression"]
	"Factor277" -> "Expression280"
	"Term281" [label="Term"]
	"Expression280" -> "Term281"
	"Factor282" [label="Factor"]
	"Term281" -> "Factor282"
	"num283" [label="num",style=filled,fillcolor=powderblue]
	"Factor282" -> "num283"
	"TermD284" [label="TermD"]
	"Term281" -> "TermD284"
	"e285" [label="e"]
	"TermD284" -> "e285"
	"ExpressionD286" [label="ExpressionD"]
	"Expression280" -> "ExpressionD286"
	"e287" [label="e"]
	"ExpressionD286" -> "e287"
	"]288" [label="]",style=filled,fillcolor=powderblue]
	"Factor277" -> "]288"
	"TermD289" [label="TermD"]
	"Term276" -> "TermD289"
	"e290" [label="e"]
	"TermD289" -> "e290"
	"ExpressionD291" [label="ExpressionD"]
	"Expression275" -> "ExpressionD291"
	"-292" [label="-",style=filled,fillcolor=powderblue]
	"ExpressionD291" -> "-292"
	"Term293" [label="Term"]
	"ExpressionD291" -> "Term293"
	"Factor294" [label="Factor"]
	"Term293" -> "Factor294"
	"num295" [label="num",style=filled,fillcolor=powderblue]
	"Factor294" -> "num295"
	"TermD296" [label="TermD"]
	"Term293" -> "TermD296"
	"e297" [label="e"]
	"TermD296" -> "e297"
	"ExpressionD298" [label="ExpressionD"]
	"ExpressionD291" -> "ExpressionD298"
	"e299" [label="e"]
	"ExpressionD298" -> "e299"
	")300" [label=")",style=filled,fillcolor=powderblue]
	"Factor273" -> ")300"
	"TermD301" [label="TermD"]
	"Term272" -> "TermD301"
	"e302" [label="e"]
	"TermD301" -> "e302"
	"ExpressionD303" [label="ExpressionD"]
	"ExpressionD270" -> "ExpressionD303"
	"e304" [label="e"]
	"ExpressionD303" -> "e304"
	"Statements305" [label="Statements"]
	"Statements250" -> "Statements305"
	"Statement306" [label="Statement"]
	"Statements305" -> "Statement306"
	"m307" [label="m",style=filled,fillcolor=powderblue]
	"Statement306" -> "m307"
	"[308" [label="[",style=filled,fillcolor=powderblue]
	"Statement306" -> "[308"
	"Expression309" [label="Expression"]
	"Statement306" -> "Expression309"
	"Term310" [label="Term"]
	"Expression309" -> "Term310"
	"Factor311" [label="Factor"]
	"Term310" -> "Factor311"
	"num312" [label="num",style=filled,fillcolor=powderblue]
	"Factor311" -> "num312"
	"TermD313" [label="TermD"]
	"Term310" -> "TermD313"
	"e314" [label="e"]
	"TermD313" -> "e314"
	"ExpressionD315" [label="ExpressionD"]
	"Expression309" -> "ExpressionD315"
	"e316" [label="e"]
	"ExpressionD315" -> "e316"
	"]317" [label="]",style=filled,fillcolor=powderblue]
	"Statement306" -> "]317"
	"=318" [label="=",style=filled,fillcolor=powderblue]
	"Statement306" -> "=318"
	"Expression319" [label="Expression"]
	"Statement306" -> "Expression319"
	"Term320" [label="Term"]
	"Expression319" -> "Term320"
	"Factor321" [label="Factor"]
	"Term320" -> "Factor321"
	"num322" [label="num",style=filled,fillcolor=powderblue]
	"Factor321" -> "num322"
	"TermD323" [label="TermD"]
	"Term320" -> "TermD323"
	"/324" [label="/",style=filled,fillcolor=powderblue]
	"TermD323" -> "/324"
	"Factor325" [label="Factor"]
	"TermD323" -> "Factor325"
	"num326" [label="num",style=filled,fillcolor=powderblue]
	"Factor325" -> "num326"
	"TermD327" [label="TermD"]
	"TermD323" -> "TermD327"
	"*328" [label="*",style=filled,fillcolor=powderblue]
	"TermD327" -> "*328"
	"Factor329" [label="Factor"]
	"TermD327" -> "Factor329"
	"num330" [label="num",style=filled,fillcolor=powderblue]
	"Factor329" -> "num330"
	"TermD331" [label="TermD"]
	"TermD327" -> "TermD331"
	"e332" [label="e"]
	"TermD331" -> "e332"
	"ExpressionD333" [label="ExpressionD"]
	"Expression319" -> "ExpressionD333"
	"e334" [label="e"]
	"ExpressionD333" -> "e334"
	"Statements335" [label="Statements"]
	"Statements305" -> "Statements335"
	"Statement336" [label="Statement"]
	"Statements335" -> "Statement336"
	"m337" [label="m",style=filled,fillcolor=powderblue]
	"Statement336" -> "m337"
	"[338" [label="[",style=filled,fillcolor=powderblue]
	"Statement336" -> "[338"
	"Expression339" [label="Expression"]
	"Statement336" -> "Expression339"
	"Term340" [label="Term"]
	"Expression339" -> "Term340"
	"Factor341" [label="Factor"]
	"Term340" -> "Factor341"
	"num342" [label="num",style=filled,fillcolor=powderblue]
	"Factor341" -> "num342"
	"TermD343" [label="TermD"]
	"Term340" -> "TermD343"
	"e344" [label="e"]
	"TermD343" -> "e344"
	"ExpressionD345" [label="ExpressionD"]
	"Expression339" -> "ExpressionD345"
	"e346" [label="e"]
	"ExpressionD345" -> "e346"
	"]347" [label="]",style=filled,fillcolor=powderblue]
	"Statement336" -> "]347"
	"=348" [label="=",style=filled,fillcolor=powderblue]
	"Statement336" -> "=348"
	"Expression349" [label="Expression"]
	"Statement336" -> "Expression349"
	"Term350" [label="Term"]
	"Expression349" -> "Term350"
	"Factor351" [label="Factor"]
	"Term350" -> "Factor351"
	"num352" [label="num",style=filled,fillcolor=powderblue]
	"Factor351" -> "num352"
	"TermD353" [label="TermD"]
	"Term350" -> "TermD353"
	"e354" [label="e"]
	"TermD353" -> "e354"
	"ExpressionD355" [label="ExpressionD"]
	"Expression349" -> "ExpressionD355"
	"+356" [label="+",style=filled,fillcolor=powderblue]
	"ExpressionD355" -> "+356"
	"Term357" [label="Term"]
	"ExpressionD355" -> "Term357"
	"Factor358" [label="Factor"]
	"Term357" -> "Factor358"
	"m359" [label="m",style=filled,fillcolor=powderblue]
	"Factor358" -> "m359"
	"[360" [label="[",style=filled,fillcolor=powderblue]
	"Factor358" -> "[360"
	"Expression361" [label="Expression"]
	"Factor358" -> "Expression361"
	"Term362" [label="Term"]
	"Expression361" -> "Term362"
	"Factor363" [label="Factor"]
	"Term362" -> "Factor363"
	"num364" [label="num",style=filled,fillcolor=powderblue]
	"Factor363" -> "num364"
	"TermD365" [label="TermD"]
	"Term362" -> "TermD365"
	"e366" [label="e"]
	"TermD365" -> "e366"
	"ExpressionD367" [label="ExpressionD"]
	"Expression361" -> "ExpressionD367"
	"e368" [label="e"]
	"ExpressionD367" -> "e368"
	"]369" [label="]",style=filled,fillcolor=powderblue]
	"Factor358" -> "]369"
	"TermD370" [label="TermD"]
	"Term357" -> "TermD370"
	"e371" [label="e"]
	"TermD370" -> "e371"
	"ExpressionD372" [label="ExpressionD"]
	"ExpressionD355" -> "ExpressionD372"
	"e373" [label="e"]
	"ExpressionD372" -> "e373"
	"Statements374" [label="Statements"]
	"Statements335" -> "Statements374"
	"Statement375" [label="Statement"]
	"Statements374" -> "Statement375"
	"m376" [label="m",style=filled,fillcolor=powderblue]
	"Statement375" -> "m376"
	"[377" [label="[",style=filled,fillcolor=powderblue]
	"Statement375" -> "[377"
	"Expression378" [label="Expression"]
	"Statement375" -> "Expression378"
	"Term379" [label="Term"]
	"Expression378" -> "Term379"
	"Factor380" [label="Factor"]
	"Term379" -> "Factor380"
	"num381" [label="num",style=filled,fillcolor=powderblue]
	"Factor380" -> "num381"
	"TermD382" [label="TermD"]
	"Term379" -> "TermD382"
	"e383" [label="e"]
	"TermD382" -> "e383"
	"ExpressionD384" [label="ExpressionD"]
	"Expression378" -> "ExpressionD384"
	"e385" [label="e"]
	"ExpressionD384" -> "e385"
	"]386" [label="]",style=filled,fillcolor=powderblue]
	"Statement375" -> "]386"
	"=387" [label="=",style=filled,fillcolor=powderblue]
	"Statement375" -> "=387"
	"Expression388" [label="Expression"]
	"Statement375" -> "Expression388"
	"Term389" [label="Term"]
	"Expression388" -> "Term389"
	"Factor390" [label="Factor"]
	"Term389" -> "Factor390"
	"num391" [label="num",style=filled,fillcolor=powderblue]
	"Factor390" -> "num391"
	"TermD392" [label="TermD"]
	"Term389" -> "TermD392"
	"e393" [label="e"]
	"TermD392" -> "e393"
	"ExpressionD394" [label="ExpressionD"]
	"Expression388" -> "ExpressionD394"
	"-395" [label="-",style=filled,fillcolor=powderblue]
	"ExpressionD394" -> "-395"
	"Term396" [label="Term"]
	"ExpressionD394" -> "Term396"
	"Factor397" [label="Factor"]
	"Term396" -> "Factor397"
	"m398" [label="m",style=filled,fillcolor=powderblue]
	"Factor397" -> "m398"
	"[399" [label="[",style=filled,fillcolor=powderblue]
	"Factor397" -> "[399"
	"Expression400" [label="Expression"]
	"Factor397" -> "Expression400"
	"Term401" [label="Term"]
	"Expression400" -> "Term401"
	"Factor402" [label="Factor"]
	"Term401" -> "Factor402"
	"num403" [label="num",style=filled,fillcolor=powderblue]
	"Factor402" -> "num403"
	"TermD404" [label="TermD"]
	"Term401" -> "TermD404"
	"e405" [label="e"]
	"TermD404" -> "e405"
	"ExpressionD406" [label="ExpressionD"]
	"Expression400" -> "ExpressionD406"
	"-407" [label="-",style=filled,fillcolor=powderblue]
	"ExpressionD406" -> "-407"
	"Term408" [label="Term"]
	"ExpressionD406" -> "Term408"
	"Factor409" [label="Factor"]
	"Term408" -> "Factor409"
	"num410" [label="num",style=filled,fillcolor=powderblue]
	"Factor409" -> "num410"
	"TermD411" [label="TermD"]
	"Term408" -> "TermD411"
	"e412" [label="e"]
	"TermD411" -> "e412"
	"ExpressionD413" [label="ExpressionD"]
	"ExpressionD406" -> "ExpressionD413"
	"e414" [label="e"]
	"ExpressionD413" -> "e414"
	"]415" [label="]",style=filled,fillcolor=powderblue]
	"Factor397" -> "]415"
	"TermD416" [label="TermD"]
	"Term396" -> "TermD416"
	"e417" [label="e"]
	"TermD416" -> "e417"
	"ExpressionD418" [label="ExpressionD"]
	"ExpressionD394" -> "ExpressionD418"
	"e419" [label="e"]
	"ExpressionD418" -> "e419"
	"Statements420" [label="Statements"]
	"Statements374" -> "Statements420"
	"Statement421" [label="Statement"]
	"Statements420" -> "Statement421"
	"m422" [label="m",style=filled,fillcolor=powderblue]
	"Statement421" -> "m422"
	"[423" [label="[",style=filled,fillcolor=powderblue]
	"Statement421" -> "[423"
	"Expression424" [label="Expression"]
	"Statement421" -> "Expression424"
	"Term425" [label="Term"]
	"Expression424" -> "Term425"
	"Factor426" [label="Factor"]
	"Term425" -> "Factor426"
	"num427" [label="num",style=filled,fillcolor=powderblue]
	"Factor426" -> "num427"
	"TermD428" [label="TermD"]
	"Term425" -> "TermD428"
	"e429" [label="e"]
	"TermD428" -> "e429"
	"ExpressionD430" [label="ExpressionD"]
	"Expression424" -> "ExpressionD430"
	"e431" [label="e"]
	"ExpressionD430" -> "e431"
	"]432" [label="]",style=filled,fillcolor=powderblue]
	"Statement421" -> "]432"
	"=433" [label="=",style=filled,fillcolor=powderblue]
	"Statement421" -> "=433"
	"Expression434" [label="Expression"]
	"Statement421" -> "Expression434"
	"Term435" [label="Term"]
	"Expression434" -> "Term435"
	"Factor436" [label="Factor"]
	"Term435" -> "Factor436"
	"num437" [label="num",style=filled,fillcolor=powderblue]
	"Factor436" -> "num437"
	"TermD438" [label="TermD"]
	"Term435" -> "TermD438"
	"e439" [label="e"]
	"TermD438" -> "e439"
	"ExpressionD440" [label="ExpressionD"]
	"Expression434" -> "ExpressionD440"
	"-441" [label="-",style=filled,fillcolor=powderblue]
	"ExpressionD440" -> "-441"
	"Term442" [label="Term"]
	"ExpressionD440" -> "Term442"
	"Factor443" [label="Factor"]
	"Term442" -> "Factor443"
	"(444" [label="(",style=filled,fillcolor=powderblue]
	"Factor443" -> "(444"
	"Expression445" [label="Expression"]
	"Factor443" -> "Expression445"
	"Term446" [label="Term"]
	"Expression445" -> "Term446"
	"Factor447" [label="Factor"]
	"Term446" -> "Factor447"
	"num448" [label="num",style=filled,fillcolor=powderblue]
	"Factor447" -> "num448"
	"TermD449" [label="TermD"]
	"Term446" -> "TermD449"
	"e450" [label="e"]
	"TermD449" -> "e450"
	"ExpressionD451" [label="ExpressionD"]
	"Expression445" -> "ExpressionD451"
	"-452" [label="-",style=filled,fillcolor=powderblue]
	"ExpressionD451" -> "-452"
	"Term453" [label="Term"]
	"ExpressionD451" -> "Term453"
	"Factor454" [label="Factor"]
	"Term453" -> "Factor454"
	"num455" [label="num",style=filled,fillcolor=powderblue]
	"Factor454" -> "num455"
	"TermD456" [label="TermD"]
	"Term453" -> "TermD456"
	"e457" [label="e"]
	"TermD456" -> "e457"
	"ExpressionD458" [label="ExpressionD"]
	"ExpressionD451" -> "ExpressionD458"
	"e459" [label="e"]
	"ExpressionD458" -> "e459"
	")460" [label=")",style=filled,fillcolor=powderblue]
	"Factor443" -> ")460"
	"TermD461" [label="TermD"]
	"Term442" -> "TermD461"
	"e462" [label="e"]
	"TermD461" -> "e462"
	"ExpressionD463" [label="ExpressionD"]
	"ExpressionD440" -> "ExpressionD463"
	"e464" [label="e"]
	"ExpressionD463" -> "e464"
	"Statements465" [label="Statements"]
	"Statements420" -> "Statements465"
	"Statement466" [label="Statement"]
	"Statements465" -> "Statement466"
	"m467" [label="m",style=filled,fillcolor=powderblue]
	"Statement466" -> "m467"
	"[468" [label="[",style=filled,fillcolor=powderblue]
	"Statement466" -> "[468"
	"Expression469" [label="Expression"]
	"Statement466" -> "Expression469"
	"Term470" [label="Term"]
	"Expression469" -> "Term470"
	"Factor471" [label="Factor"]
	"Term470" -> "Factor471"
	"num472" [label="num",style=filled,fillcolor=powderblue]
	"Factor471" -> "num472"
	"TermD473" [label="TermD"]
	"Term470" -> "TermD473"
	"e474" [label="e"]
	"TermD473" -> "e474"
	"ExpressionD475" [label="ExpressionD"]
	"Expression469" -> "ExpressionD475"
	"e476" [label="e"]
	"ExpressionD475" -> "e476"
	"]477" [label="]",style=filled,fillcolor=powderblue]
	"Statement466" -> "]477"
	"=478" [label="=",style=filled,fillcolor=powderblue]
	"Statement466" -> "=478"
	"Expression479" [label="Expression"]
	"Statement466" -> "Expression479"
	"Term480" [label="Term"]
	"Expression479" -> "Term480"
	"Factor481" [label="Factor"]
	"Term480" -> "Factor481"
	"num482" [label="num",style=filled,fillcolor=powderblue]
	"Factor481" -> "num482"
	"TermD483" [label="TermD"]
	"Term480" -> "TermD483"
	"e484" [label="e"]
	"TermD483" -> "e484"
	"ExpressionD485" [label="ExpressionD"]
	"Expression479" -> "ExpressionD485"
	"-486" [label="-",style=filled,fillcolor=powderblue]
	"ExpressionD485" -> "-486"
	"Term487" [label="Term"]
	"ExpressionD485" -> "Term487"
	"Factor488" [label="Factor"]
	"Term487" -> "Factor488"
	"m489" [label="m",style=filled,fillcolor=powderblue]
	"Factor488" -> "m489"
	"[490" [label="[",style=filled,fillcolor=powderblue]
	"Factor488" -> "[490"
	"Expression491" [label="Expression"]
	"Factor488" -> "Expression491"
	"Term492" [label="Term"]
	"Expression491" -> "Term492"
	"Factor493" [label="Factor"]
	"Term492" -> "Factor493"
	"(494" [label="(",style=filled,fillcolor=powderblue]
	"Factor493" -> "(494"
	"Expression495" [label="Expression"]
	"Factor493" -> "Expression495"
scan error: unrecognized character '"' -line 13
