digraph G {
	"Start1" [label="Start"]
	"Statement2" [label="Statement"]
	"Start1" -> "Statement2"
	"m3" [label="m",style=filled,fillcolor=powderblue]
	"Statement2" -> "m3"
	"[4" [label="[",style=filled,fillcolor=powderblue]
	"Statement2" -> "[4"
	"Expression5" [label="Expression"]
	"Statement2" -> "Expression5"
	"Term6" [label="Term"]
	"Expression5" -> "Term6"
	"Factor7" [label="Factor"]
	"Term6" -> "Factor7"
	"num8" [label="num",style=filled,fillcolor=powderblue]
	"Factor7" -> "num8"
	"TermD9" [label="TermD"]
	"Term6" -> "TermD9"
	"e10" [label="e"]
	"TermD9" -> "e10"
	"ExpressionD11" [label="ExpressionD"]
	"Expression5" -> "ExpressionD11"
	"e12" [label="e"]
	"ExpressionD11" -> "e12"
	"]13" [label="]",style=filled,fillcolor=powderblue]
	"Statement2" -> "]13"
	"=14" [label="=",style=filled,fillcolor=powderblue]
	"Statement2" -> "=14"
	"Expression15" [label="Expression"]
	"Statement2" -> "Expression15"
	"Term16" [label="Term"]
	"Expression15" -> "Term16"
	"Factor17" [label="Factor"]
	"Term16" -> "Factor17"
	"num18" [label="num",style=filled,fillcolor=powderblue]
	"Factor17" -> "num18"
	"TermD19" [label="TermD"]
	"Term16" -> "TermD19"
	"/20" [label="/",style=filled,fillcolor=powderblue]
	"TermD19" -> "/20"
	"Factor21" [label="Factor"]
	"TermD19" -> "Factor21"
	"num22" [label="num",style=filled,fillcolor=powderblue]
	"Factor21" -> "num22"
	"TermD23" [label="TermD"]
	"TermD19" -> "TermD23"
	"*24" [label="*",style=filled,fillcolor=powderblue]
	"TermD23" -> "*24"
	"Factor25" [label="Factor"]
	"TermD23" -> "Factor25"
	"num26" [label="num",style=filled,fillcolor=powderblue]
	"Factor25" -> "num26"
	"TermD27" [label="TermD"]
	"TermD23" -> "TermD27"
	"e28" [label="e"]
	"TermD27" -> "e28"
	"ExpressionD29" [label="ExpressionD"]
	"Expression15" -> "ExpressionD29"
	"e30" [label="e"]
	"ExpressionD29" -> "e30"
	"Statements31" [label="Statements"]
	"Start1" -> "Statements31"
	"Statement32" [label="Statement"]
	"Statements31" -> "Statement32"
	"m33" [label="m",style=filled,fillcolor=powderblue]
	"Statement32" -> "m33"
	"[34" [label="[",style=filled,fillcolor=powderblue]
	"Statement32" -> "[34"
	"Expression35" [label="Expression"]
	"Statement32" -> "Expression35"
	"Term36" [label="Term"]
	"Expression35" -> "Term36"
	"Factor37" [label="Factor"]
	"Term36" -> "Factor37"
	"num38" [label="num",style=filled,fillcolor=powderblue]
	"Factor37" -> "num38"
	"TermD39" [label="TermD"]
	"Term36" -> "TermD39"
	"e40" [label="e"]
	"TermD39" -> "e40"
	"ExpressionD41" [label="ExpressionD"]
	"Expression35" -> "ExpressionD41"
	"e42" [label="e"]
	"ExpressionD41" -> "e42"
	"]43" [label="]",style=filled,fillcolor=powderblue]
	"Statement32" -> "]43"
	"=44" [label="=",style=filled,fillcolor=powderblue]
	"Statement32" -> "=44"
	"Expression45" [label="Expression"]
	"Statement32" -> "Expression45"
	"Term46" [label="Term"]
	"Expression45" -> "Term46"
	"Factor47" [label="Factor"]
	"Term46" -> "Factor47"
	"num48" [label="num",style=filled,fillcolor=powderblue]
	"Factor47" -> "num48"
	"TermD49" [label="TermD"]
	"Term46" -> "TermD49"
	"e50" [label="e"]
	"TermD49" -> "e50"
	"ExpressionD51" [label="ExpressionD"]
	"Expression45" -> "ExpressionD51"
	"+52" [label="+",style=filled,fillcolor=powderblue]
	"ExpressionD51" -> "+52"
	"Term53" [label="Term"]
	"ExpressionD51" -> "Term53"
	"Factor54" [label="Factor"]
	"Term53" -> "Factor54"
	"num55" [label="num",style=filled,fillcolor=powderblue]
	"Factor54" -> "num55"
	"TermD56" [label="TermD"]
	"Term53" -> "TermD56"
	"e57" [label="e"]
	"TermD56" -> "e57"
	"ExpressionD58" [label="ExpressionD"]
	"ExpressionD51" -> "ExpressionD58"
	"e59" [label="e"]
	"ExpressionD58" -> "e59"
	"Statements60" [label="Statements"]
	"Statements31" -> "Statements60"
	"e61" [label="e"]
	"Statements60" -> "e61"
};
