digraph G {
	"Start1" [label="Start"]
	"Statement2" [label="Statement"]
	"Start1" -> "Statement2"
	"Assignment3" [label="Assignment"]
	"Statement2" -> "Assignment3"
	"m4" [label="m",style=filled,fillcolor=powderblue]
	"Assignment3" -> "m4"
	"[5" [label="[",style=filled,fillcolor=powderblue]
	"Assignment3" -> "[5"
	"Expression6" [label="Expression"]
	"Assignment3" -> "Expression6"
	"Term7" [label="Term"]
	"Expression6" -> "Term7"
	"Factor8" [label="Factor"]
	"Term7" -> "Factor8"
	"Power9" [label="Power"]
	"Factor8" -> "Power9"
	"num10" [label="num",style=filled,fillcolor=powderblue]
	"Power9" -> "num10"
	"PowerP11" [label="PowerP"]
	"Factor8" -> "PowerP11"
	"e12" [label="e"]
	"PowerP11" -> "e12"
	"TermP13" [label="TermP"]
	"Term7" -> "TermP13"
	"e14" [label="e"]
	"TermP13" -> "e14"
	"ExpressionP15" [label="ExpressionP"]
	"Expression6" -> "ExpressionP15"
	"e16" [label="e"]
	"ExpressionP15" -> "e16"
	"]17" [label="]",style=filled,fillcolor=powderblue]
	"Assignment3" -> "]17"
	"=18" [label="=",style=filled,fillcolor=powderblue]
	"Assignment3" -> "=18"
	"Expression19" [label="Expression"]
	"Assignment3" -> "Expression19"
	"Term20" [label="Term"]
	"Expression19" -> "Term20"
	"Factor21" [label="Factor"]
	"Term20" -> "Factor21"
	"Power22" [label="Power"]
	"Factor21" -> "Power22"
	"num23" [label="num",style=filled,fillcolor=powderblue]
	"Power22" -> "num23"
	"PowerP24" [label="PowerP"]
	"Factor21" -> "PowerP24"
	"e25" [label="e"]
	"PowerP24" -> "e25"
	"TermP26" [label="TermP"]
	"Term20" -> "TermP26"
	"/27" [label="/",style=filled,fillcolor=powderblue]
	"TermP26" -> "/27"
	"Power28" [label="Power"]
	"TermP26" -> "Power28"
	"num29" [label="num",style=filled,fillcolor=powderblue]
	"Power28" -> "num29"
	"TermP30" [label="TermP"]
	"TermP26" -> "TermP30"
	"*31" [label="*",style=filled,fillcolor=powderblue]
	"TermP30" -> "*31"
	"Power32" [label="Power"]
	"TermP30" -> "Power32"
	"num33" [label="num",style=filled,fillcolor=powderblue]
	"Power32" -> "num33"

	"TermP34" [label="TermP"]
	"TermP30" -> "TermP34"
	"e35" [label="e"]
	"TermP34" -> "e35"
	"ExpressionP36" [label="ExpressionP"]
	"Expression19" -> "ExpressionP36"
	"e37" [label="e"]
	"ExpressionP36" -> "e37"
	"Statements38" [label="Statements"]
	"Start1" -> "Statements38"
	"Statement39" [label="Statement"]
	"Statements38" -> "Statement39"
	"Assignment40" [label="Assignment"]
	"Statement39" -> "Assignment40"
	"m41" [label="m",style=filled,fillcolor=powderblue]
	"Assignment40" -> "m41"
	"[42" [label="[",style=filled,fillcolor=powderblue]
	"Assignment40" -> "[42"
	"Expression43" [label="Expression"]
	"Assignment40" -> "Expression43"
	"Term44" [label="Term"]
	"Expression43" -> "Term44"
	"Factor45" [label="Factor"]
	"Term44" -> "Factor45"
	"Power46" [label="Power"]
	"Factor45" -> "Power46"
	"num47" [label="num",style=filled,fillcolor=powderblue]
	"Power46" -> "num47"
	"PowerP48" [label="PowerP"]
	"Factor45" -> "PowerP48"
	"e49" [label="e"]
	"PowerP48" -> "e49"
	"TermP50" [label="TermP"]
	"Term44" -> "TermP50"
	"e51" [label="e"]
	"TermP50" -> "e51"
	"ExpressionP52" [label="ExpressionP"]
	"Expression43" -> "ExpressionP52"
	"e53" [label="e"]
	"ExpressionP52" -> "e53"
	"]54" [label="]",style=filled,fillcolor=powderblue]
	"Assignment40" -> "]54"
	"=55" [label="=",style=filled,fillcolor=powderblue]
	"Assignment40" -> "=55"
	"Expression56" [label="Expression"]
	"Assignment40" -> "Expression56"
	"Term57" [label="Term"]
	"Expression56" -> "Term57"
	"Factor58" [label="Factor"]
	"Term57" -> "Factor58"
	"Power59" [label="Power"]
	"Factor58" -> "Power59"
	"num60" [label="num",style=filled,fillcolor=powderblue]
	"Power59" -> "num60"
	"PowerP61" [label="PowerP"]
	"Factor58" -> "PowerP61"
	"e62" [label="e"]
	"PowerP61" -> "e62"
	"TermP63" [label="TermP"]
	"Term57" -> "TermP63"
	"e64" [label="e"]
	"TermP63" -> "e64"
	"ExpressionP65" [label="ExpressionP"]
	"Expression56" -> "ExpressionP65"
	"+66" [label="+",style=filled,fillcolor=powderblue]
	"ExpressionP65" -> "+66"
	"Term67" [label="Term"]
	"ExpressionP65" -> "Term67"
	"Factor68" [label="Factor"]
	"Term67" -> "Factor68"
	"Power69" [label="Power"]
	"Factor68" -> "Power69"
	"num70" [label="num",style=filled,fillcolor=powderblue]
	"Power69" -> "num70"

	"PowerP71" [label="PowerP"]
	"Factor68" -> "PowerP71"
	"e72" [label="e"]
	"PowerP71" -> "e72"
	"TermP73" [label="TermP"]
	"Term67" -> "TermP73"
	"e74" [label="e"]
	"TermP73" -> "e74"
	"ExpressionP75" [label="ExpressionP"]
	"ExpressionP65" -> "ExpressionP75"
	"e76" [label="e"]
	"ExpressionP75" -> "e76"
	"Statements77" [label="Statements"]
	"Statements38" -> "Statements77"
	"Statement78" [label="Statement"]
	"Statements77" -> "Statement78"
	"Assignment79" [label="Assignment"]
	"Statement78" -> "Assignment79"
	"m80" [label="m",style=filled,fillcolor=powderblue]
	"Assignment79" -> "m80"
	"[81" [label="[",style=filled,fillcolor=powderblue]
	"Assignment79" -> "[81"
	"Expression82" [label="Expression"]
	"Assignment79" -> "Expression82"
	"Term83" [label="Term"]
	"Expression82" -> "Term83"
	"Factor84" [label="Factor"]
	"Term83" -> "Factor84"
	"Power85" [label="Power"]
	"Factor84" -> "Power85"
	"num86" [label="num",style=filled,fillcolor=powderblue]
	"Power85" -> "num86"
	"PowerP87" [label="PowerP"]
	"Factor84" -> "PowerP87"
	"e88" [label="e"]
	"PowerP87" -> "e88"
	"TermP89" [label="TermP"]
	"Term83" -> "TermP89"
	"e90" [label="e"]
	"TermP89" -> "e90"
	"ExpressionP91" [label="ExpressionP"]
	"Expression82" -> "ExpressionP91"
	"e92" [label="e"]
	"ExpressionP91" -> "e92"
	"]93" [label="]",style=filled,fillcolor=powderblue]
	"Assignment79" -> "]93"
	"=94" [label="=",style=filled,fillcolor=powderblue]
	"Assignment79" -> "=94"
	"Expression95" [label="Expression"]
	"Assignment79" -> "Expression95"
	"Term96" [label="Term"]
	"Expression95" -> "Term96"
	"Factor97" [label="Factor"]
	"Term96" -> "Factor97"
	"Power98" [label="Power"]
	"Factor97" -> "Power98"
	"num99" [label="num",style=filled,fillcolor=powderblue]
	"Power98" -> "num99"
	"PowerP100" [label="PowerP"]
	"Factor97" -> "PowerP100"
	"e101" [label="e"]
	"PowerP100" -> "e101"
	"TermP102" [label="TermP"]
	"Term96" -> "TermP102"
	"e103" [label="e"]
	"TermP102" -> "e103"
	"ExpressionP104" [label="ExpressionP"]
	"Expression95" -> "ExpressionP104"
	"-105" [label="-",style=filled,fillcolor=powderblue]
	"ExpressionP104" -> "-105"
	"Term106" [label="Term"]
	"ExpressionP104" -> "Term106"
	"Factor107" [label="Factor"]
	"Term106" -> "Factor107"
	"Power108" [label="Power"]
	"Factor107" -> "Power108"
	"(109" [label="(",style=filled,fillcolor=powderblue]
	"Power108" -> "(109"
	"Expression110" [label="Expression"]
	"Power108" -> "Expression110"
	"Term111" [label="Term"]
	"Expression110" -> "Term111"
	"Factor112" [label="Factor"]
	"Term111" -> "Factor112"
	"Power113" [label="Power"]
	"Factor112" -> "Power113"
	"m114" [label="m",style=filled,fillcolor=powderblue]
	"Power113" -> "m114"
	"[115" [label="[",style=filled,fillcolor=powderblue]
	"Power113" -> "[115"
	"Expression116" [label="Expression"]
	"Power113" -> "Expression116"
	"Term117" [label="Term"]
	"Expression116" -> "Term117"
	"Factor118" [label="Factor"]
	"Term117" -> "Factor118"
	"Power119" [label="Power"]
	"Factor118" -> "Power119"
	"num120" [label="num",style=filled,fillcolor=powderblue]
	"Power119" -> "num120"
	"PowerP121" [label="PowerP"]
	"Factor118" -> "PowerP121"
	"e122" [label="e"]
	"PowerP121" -> "e122"
	"TermP123" [label="TermP"]
	"Term117" -> "TermP123"
	"e124" [label="e"]
	"TermP123" -> "e124"
	"ExpressionP125" [label="ExpressionP"]
	"Expression116" -> "ExpressionP125"
	"e126" [label="e"]
	"ExpressionP125" -> "e126"
	"]127" [label="]",style=filled,fillcolor=powderblue]
	"Power113" -> "]127"
	"PowerP128" [label="PowerP"]
	"Factor112" -> "PowerP128"
	"e129" [label="e"]
	"PowerP128" -> "e129"
	"TermP130" [label="TermP"]
	"Term111" -> "TermP130"
	"e131" [label="e"]
	"TermP130" -> "e131"
	"ExpressionP132" [label="ExpressionP"]
	"Expression110" -> "ExpressionP132"
	"-133" [label="-",style=filled,fillcolor=powderblue]
	"ExpressionP132" -> "-133"
	"Term134" [label="Term"]
	"ExpressionP132" -> "Term134"
	"Factor135" [label="Factor"]
	"Term134" -> "Factor135"
	"Power136" [label="Power"]
	"Factor135" -> "Power136"
	"num137" [label="num",style=filled,fillcolor=powderblue]
	"Power136" -> "num137"
	"PowerP138" [label="PowerP"]
	"Factor135" -> "PowerP138"
	"e139" [label="e"]
	"PowerP138" -> "e139"
	"TermP140" [label="TermP"]
	"Term134" -> "TermP140"
	"e141" [label="e"]
	"TermP140" -> "e141"
	"ExpressionP142" [label="ExpressionP"]
	"ExpressionP132" -> "ExpressionP142"
	"e143" [label="e"]
	"ExpressionP142" -> "e143"
	")144" [label=")",style=filled,fillcolor=powderblue]
	"Power108" -> ")144"

	"PowerP145" [label="PowerP"]
	"Factor107" -> "PowerP145"
	"e146" [label="e"]
	"PowerP145" -> "e146"
	"TermP147" [label="TermP"]
	"Term106" -> "TermP147"
	"e148" [label="e"]
	"TermP147" -> "e148"
	"ExpressionP149" [label="ExpressionP"]
	"ExpressionP104" -> "ExpressionP149"
	"e150" [label="e"]
	"ExpressionP149" -> "e150"
	"Statements151" [label="Statements"]
	"Statements77" -> "Statements151"
	"Statement152" [label="Statement"]
	"Statements151" -> "Statement152"
	"Assignment153" [label="Assignment"]
	"Statement152" -> "Assignment153"
	"m154" [label="m",style=filled,fillcolor=powderblue]
	"Assignment153" -> "m154"
	"[155" [label="[",style=filled,fillcolor=powderblue]
	"Assignment153" -> "[155"
	"Expression156" [label="Expression"]
	"Assignment153" -> "Expression156"
	"Term157" [label="Term"]
	"Expression156" -> "Term157"
	"Factor158" [label="Factor"]
	"Term157" -> "Factor158"
	"Power159" [label="Power"]
	"Factor158" -> "Power159"
	"num160" [label="num",style=filled,fillcolor=powderblue]
	"Power159" -> "num160"
	"PowerP161" [label="PowerP"]
	"Factor158" -> "PowerP161"
	"e162" [label="e"]
	"PowerP161" -> "e162"
	"TermP163" [label="TermP"]
	"Term157" -> "TermP163"
	"e164" [label="e"]
	"TermP163" -> "e164"
	"ExpressionP165" [label="ExpressionP"]
	"Expression156" -> "ExpressionP165"
	"e166" [label="e"]
	"ExpressionP165" -> "e166"
	"]167" [label="]",style=filled,fillcolor=powderblue]
	"Assignment153" -> "]167"
	"=168" [label="=",style=filled,fillcolor=powderblue]
	"Assignment153" -> "=168"
	"Expression169" [label="Expression"]
	"Assignment153" -> "Expression169"
	"Term170" [label="Term"]
	"Expression169" -> "Term170"
	"Factor171" [label="Factor"]
	"Term170" -> "Factor171"
	"Power172" [label="Power"]
	"Factor171" -> "Power172"
	"num173" [label="num",style=filled,fillcolor=powderblue]
	"Power172" -> "num173"
	"PowerP174" [label="PowerP"]
	"Factor171" -> "PowerP174"
	"e175" [label="e"]
	"PowerP174" -> "e175"
	"TermP176" [label="TermP"]
	"Term170" -> "TermP176"
	"/177" [label="/",style=filled,fillcolor=powderblue]
	"TermP176" -> "/177"
	"Power178" [label="Power"]
	"TermP176" -> "Power178"
	"num179" [label="num",style=filled,fillcolor=powderblue]
	"Power178" -> "num179"
	"TermP180" [label="TermP"]
	"TermP176" -> "TermP180"
	"*181" [label="*",style=filled,fillcolor=powderblue]
	"TermP180" -> "*181"
	"Power182" [label="Power"]
	"TermP180" -> "Power182"
	"num183" [label="num",style=filled,fillcolor=powderblue]
	"Power182" -> "num183"

	"TermP184" [label="TermP"]
	"TermP180" -> "TermP184"
	"e185" [label="e"]
	"TermP184" -> "e185"
	"ExpressionP186" [label="ExpressionP"]
	"Expression169" -> "ExpressionP186"
	"e187" [label="e"]
	"ExpressionP186" -> "e187"
	"Statements188" [label="Statements"]
	"Statements151" -> "Statements188"
	"Statement189" [label="Statement"]
	"Statements188" -> "Statement189"
	"Assignment190" [label="Assignment"]
	"Statement189" -> "Assignment190"
	"m191" [label="m",style=filled,fillcolor=powderblue]
	"Assignment190" -> "m191"
	"[192" [label="[",style=filled,fillcolor=powderblue]
	"Assignment190" -> "[192"
	"Expression193" [label="Expression"]
	"Assignment190" -> "Expression193"
	"Term194" [label="Term"]
	"Expression193" -> "Term194"
	"Factor195" [label="Factor"]
	"Term194" -> "Factor195"
	"Power196" [label="Power"]
	"Factor195" -> "Power196"
	"num197" [label="num",style=filled,fillcolor=powderblue]
	"Power196" -> "num197"
	"PowerP198" [label="PowerP"]
	"Factor195" -> "PowerP198"
	"e199" [label="e"]
	"PowerP198" -> "e199"
	"TermP200" [label="TermP"]
	"Term194" -> "TermP200"
	"e201" [label="e"]
	"TermP200" -> "e201"
	"ExpressionP202" [label="ExpressionP"]
	"Expression193" -> "ExpressionP202"
	"e203" [label="e"]
	"ExpressionP202" -> "e203"
	"]204" [label="]",style=filled,fillcolor=powderblue]
	"Assignment190" -> "]204"
	"=205" [label="=",style=filled,fillcolor=powderblue]
	"Assignment190" -> "=205"
	"Expression206" [label="Expression"]
	"Assignment190" -> "Expression206"
	"Term207" [label="Term"]
	"Expression206" -> "Term207"
	"Factor208" [label="Factor"]
	"Term207" -> "Factor208"
	"Power209" [label="Power"]
	"Factor208" -> "Power209"
	"num210" [label="num",style=filled,fillcolor=powderblue]
	"Power209" -> "num210"
	"PowerP211" [label="PowerP"]
	"Factor208" -> "PowerP211"
	"e212" [label="e"]
	"PowerP211" -> "e212"
	"TermP213" [label="TermP"]
	"Term207" -> "TermP213"
	"e214" [label="e"]
	"TermP213" -> "e214"
	"ExpressionP215" [label="ExpressionP"]
	"Expression206" -> "ExpressionP215"
	"+216" [label="+",style=filled,fillcolor=powderblue]
	"ExpressionP215" -> "+216"
	"Term217" [label="Term"]
	"ExpressionP215" -> "Term217"
	"Factor218" [label="Factor"]
	"Term217" -> "Factor218"
	"Power219" [label="Power"]
	"Factor218" -> "Power219"
	"m220" [label="m",style=filled,fillcolor=powderblue]
	"Power219" -> "m220"
	"[221" [label="[",style=filled,fillcolor=powderblue]
	"Power219" -> "[221"
	"Expression222" [label="Expression"]
	"Power219" -> "Expression222"
	"Term223" [label="Term"]
	"Expression222" -> "Term223"
	"Factor224" [label="Factor"]
	"Term223" -> "Factor224"
	"Power225" [label="Power"]
	"Factor224" -> "Power225"
	"num226" [label="num",style=filled,fillcolor=powderblue]
	"Power225" -> "num226"
	"PowerP227" [label="PowerP"]
	"Factor224" -> "PowerP227"
	"e228" [label="e"]
	"PowerP227" -> "e228"
	"TermP229" [label="TermP"]
	"Term223" -> "TermP229"
	"e230" [label="e"]
	"TermP229" -> "e230"
	"ExpressionP231" [label="ExpressionP"]
	"Expression222" -> "ExpressionP231"
	"e232" [label="e"]
	"ExpressionP231" -> "e232"
	"]233" [label="]",style=filled,fillcolor=powderblue]
	"Power219" -> "]233"

	"PowerP234" [label="PowerP"]
	"Factor218" -> "PowerP234"
	"e235" [label="e"]
	"PowerP234" -> "e235"
	"TermP236" [label="TermP"]
	"Term217" -> "TermP236"
	"e237" [label="e"]
	"TermP236" -> "e237"
	"ExpressionP238" [label="ExpressionP"]
	"ExpressionP215" -> "ExpressionP238"
	"e239" [label="e"]
	"ExpressionP238" -> "e239"
	"Statements240" [label="Statements"]
	"Statements188" -> "Statements240"
	"Statement241" [label="Statement"]
	"Statements240" -> "Statement241"
	"Assignment242" [label="Assignment"]
	"Statement241" -> "Assignment242"
	"m243" [label="m",style=filled,fillcolor=powderblue]
	"Assignment242" -> "m243"
	"[244" [label="[",style=filled,fillcolor=powderblue]
	"Assignment242" -> "[244"
	"Expression245" [label="Expression"]
	"Assignment242" -> "Expression245"
	"Term246" [label="Term"]
	"Expression245" -> "Term246"
	"Factor247" [label="Factor"]
	"Term246" -> "Factor247"
	"Power248" [label="Power"]
	"Factor247" -> "Power248"
	"num249" [label="num",style=filled,fillcolor=powderblue]
	"Power248" -> "num249"
	"PowerP250" [label="PowerP"]
	"Factor247" -> "PowerP250"
	"e251" [label="e"]
	"PowerP250" -> "e251"
	"TermP252" [label="TermP"]
	"Term246" -> "TermP252"
	"e253" [label="e"]
	"TermP252" -> "e253"
	"ExpressionP254" [label="ExpressionP"]
	"Expression245" -> "ExpressionP254"
	"e255" [label="e"]
	"ExpressionP254" -> "e255"
	"]256" [label="]",style=filled,fillcolor=powderblue]
	"Assignment242" -> "]256"
	"=257" [label="=",style=filled,fillcolor=powderblue]
	"Assignment242" -> "=257"
	"Expression258" [label="Expression"]
	"Assignment242" -> "Expression258"
	"Term259" [label="Term"]
	"Expression258" -> "Term259"
	"Factor260" [label="Factor"]
	"Term259" -> "Factor260"
	"Power261" [label="Power"]
	"Factor260" -> "Power261"
	"num262" [label="num",style=filled,fillcolor=powderblue]
	"Power261" -> "num262"
	"PowerP263" [label="PowerP"]
	"Factor260" -> "PowerP263"
	"e264" [label="e"]
	"PowerP263" -> "e264"
	"TermP265" [label="TermP"]
	"Term259" -> "TermP265"
	"e266" [label="e"]
	"TermP265" -> "e266"
	"ExpressionP267" [label="ExpressionP"]
	"Expression258" -> "ExpressionP267"
	"-268" [label="-",style=filled,fillcolor=powderblue]
	"ExpressionP267" -> "-268"
	"Term269" [label="Term"]
	"ExpressionP267" -> "Term269"
	"Factor270" [label="Factor"]
	"Term269" -> "Factor270"
	"Power271" [label="Power"]
	"Factor270" -> "Power271"
	"m272" [label="m",style=filled,fillcolor=powderblue]
	"Power271" -> "m272"
	"[273" [label="[",style=filled,fillcolor=powderblue]
	"Power271" -> "[273"
	"Expression274" [label="Expression"]
	"Power271" -> "Expression274"
	"Term275" [label="Term"]
	"Expression274" -> "Term275"
	"Factor276" [label="Factor"]
	"Term275" -> "Factor276"
	"Power277" [label="Power"]
	"Factor276" -> "Power277"
	"num278" [label="num",style=filled,fillcolor=powderblue]
	"Power277" -> "num278"
	"PowerP279" [label="PowerP"]
	"Factor276" -> "PowerP279"
	"**280" [label="**",style=filled,fillcolor=powderblue]
	"PowerP279" -> "**280"
	"Factor281" [label="Factor"]
	"PowerP279" -> "Factor281"
	"Power282" [label="Power"]
	"Factor281" -> "Power282"
	"num283" [label="num",style=filled,fillcolor=powderblue]
	"Power282" -> "num283"
	"PowerP284" [label="PowerP"]
	"Factor281" -> "PowerP284"
	"e285" [label="e"]
	"PowerP284" -> "e285"
	"TermP286" [label="TermP"]
	"Term275" -> "TermP286"
	"*287" [label="*",style=filled,fillcolor=powderblue]
	"TermP286" -> "*287"
	"Power288" [label="Power"]
	"TermP286" -> "Power288"
	"num289" [label="num",style=filled,fillcolor=powderblue]
	"Power288" -> "num289"
	"TermP290" [label="TermP"]
	"TermP286" -> "TermP290"
	"e291" [label="e"]
	"TermP290" -> "e291"
	"ExpressionP292" [label="ExpressionP"]
	"Expression274" -> "ExpressionP292"
	"-293" [label="-",style=filled,fillcolor=powderblue]
	"ExpressionP292" -> "-293"
	"Term294" [label="Term"]
	"ExpressionP292" -> "Term294"
	"Factor295" [label="Factor"]
	"Term294" -> "Factor295"
	"Power296" [label="Power"]
	"Factor295" -> "Power296"
	"num297" [label="num",style=filled,fillcolor=powderblue]
	"Power296" -> "num297"
	"PowerP298" [label="PowerP"]
	"Factor295" -> "PowerP298"
	"e299" [label="e"]
	"PowerP298" -> "e299"
	"TermP300" [label="TermP"]
	"Term294" -> "TermP300"
	"e301" [label="e"]
	"TermP300" -> "e301"
	"ExpressionP302" [label="ExpressionP"]
	"ExpressionP292" -> "ExpressionP302"
	"e303" [label="e"]
	"ExpressionP302" -> "e303"
	"]304" [label="]",style=filled,fillcolor=powderblue]
	"Power271" -> "]304"
	"PowerP305" [label="PowerP"]
	"Factor270" -> "PowerP305"
	"e306" [label="e"]
	"PowerP305" -> "e306"
	"TermP307" [label="TermP"]
	"Term269" -> "TermP307"
	"e308" [label="e"]
	"TermP307" -> "e308"
	"ExpressionP309" [label="ExpressionP"]
	"ExpressionP267" -> "ExpressionP309"
	"-310" [label="-",style=filled,fillcolor=powderblue]
	"ExpressionP309" -> "-310"
	"Term311" [label="Term"]
	"ExpressionP309" -> "Term311"
	"Factor312" [label="Factor"]
	"Term311" -> "Factor312"
	"Power313" [label="Power"]
	"Factor312" -> "Power313"
	"num314" [label="num",style=filled,fillcolor=powderblue]
	"Power313" -> "num314"

	"PowerP315" [label="PowerP"]
	"Factor312" -> "PowerP315"
	"e316" [label="e"]
	"PowerP315" -> "e316"
	"TermP317" [label="TermP"]
	"Term311" -> "TermP317"
	"e318" [label="e"]
	"TermP317" -> "e318"
	"ExpressionP319" [label="ExpressionP"]
	"ExpressionP309" -> "ExpressionP319"
	"e320" [label="e"]
	"ExpressionP319" -> "e320"
	"Statements321" [label="Statements"]
	"Statements240" -> "Statements321"
	"Statement322" [label="Statement"]
	"Statements321" -> "Statement322"
	"Label323" [label="Label"]
	"Statement322" -> "Label323"
	"L324" [label="L",style=filled,fillcolor=powderblue]
	"Label323" -> "L324"
	"num325" [label="num",style=filled,fillcolor=powderblue]
	"Label323" -> "num325"
	":326" [label=":",style=filled,fillcolor=powderblue]
	"Label323" -> ":326"

	"Statements327" [label="Statements"]
	"Statements321" -> "Statements327"
	"Statement328" [label="Statement"]
	"Statements327" -> "Statement328"
	"Assignment329" [label="Assignment"]
	"Statement328" -> "Assignment329"
	"m330" [label="m",style=filled,fillcolor=powderblue]
	"Assignment329" -> "m330"
	"[331" [label="[",style=filled,fillcolor=powderblue]
	"Assignment329" -> "[331"
	"Expression332" [label="Expression"]
	"Assignment329" -> "Expression332"
	"Term333" [label="Term"]
	"Expression332" -> "Term333"
	"Factor334" [label="Factor"]
	"Term333" -> "Factor334"
	"Power335" [label="Power"]
	"Factor334" -> "Power335"
	"num336" [label="num",style=filled,fillcolor=powderblue]
	"Power335" -> "num336"
	"PowerP337" [label="PowerP"]
	"Factor334" -> "PowerP337"
	"e338" [label="e"]
	"PowerP337" -> "e338"
	"TermP339" [label="TermP"]
	"Term333" -> "TermP339"
	"e340" [label="e"]
	"TermP339" -> "e340"
	"ExpressionP341" [label="ExpressionP"]
	"Expression332" -> "ExpressionP341"
	"e342" [label="e"]
	"ExpressionP341" -> "e342"
	"]343" [label="]",style=filled,fillcolor=powderblue]
	"Assignment329" -> "]343"
	"=344" [label="=",style=filled,fillcolor=powderblue]
	"Assignment329" -> "=344"
	"Expression345" [label="Expression"]
	"Assignment329" -> "Expression345"
	"Term346" [label="Term"]
	"Expression345" -> "Term346"
	"Factor347" [label="Factor"]
	"Term346" -> "Factor347"
	"Power348" [label="Power"]
	"Factor347" -> "Power348"
	"num349" [label="num",style=filled,fillcolor=powderblue]
	"Power348" -> "num349"
	"PowerP350" [label="PowerP"]
	"Factor347" -> "PowerP350"
	"e351" [label="e"]
	"PowerP350" -> "e351"
	"TermP352" [label="TermP"]
	"Term346" -> "TermP352"
	"e353" [label="e"]
	"TermP352" -> "e353"
	"ExpressionP354" [label="ExpressionP"]
	"Expression345" -> "ExpressionP354"
	"-355" [label="-",style=filled,fillcolor=powderblue]
	"ExpressionP354" -> "-355"
	"Term356" [label="Term"]
	"ExpressionP354" -> "Term356"
	"Factor357" [label="Factor"]
	"Term356" -> "Factor357"
	"Power358" [label="Power"]
	"Factor357" -> "Power358"
	"(359" [label="(",style=filled,fillcolor=powderblue]
	"Power358" -> "(359"
	"Expression360" [label="Expression"]
	"Power358" -> "Expression360"
	"Term361" [label="Term"]
	"Expression360" -> "Term361"
	"Factor362" [label="Factor"]
	"Term361" -> "Factor362"
	"Power363" [label="Power"]
	"Factor362" -> "Power363"
	"m364" [label="m",style=filled,fillcolor=powderblue]
	"Power363" -> "m364"
	"[365" [label="[",style=filled,fillcolor=powderblue]
	"Power363" -> "[365"
	"Expression366" [label="Expression"]
	"Power363" -> "Expression366"
	"Term367" [label="Term"]
	"Expression366" -> "Term367"
	"Factor368" [label="Factor"]
	"Term367" -> "Factor368"
	"Power369" [label="Power"]
	"Factor368" -> "Power369"
	"num370" [label="num",style=filled,fillcolor=powderblue]
	"Power369" -> "num370"
	"PowerP371" [label="PowerP"]
	"Factor368" -> "PowerP371"
	"e372" [label="e"]
	"PowerP371" -> "e372"
	"TermP373" [label="TermP"]
	"Term367" -> "TermP373"
	"e374" [label="e"]
	"TermP373" -> "e374"
	"ExpressionP375" [label="ExpressionP"]
	"Expression366" -> "ExpressionP375"
	"e376" [label="e"]
	"ExpressionP375" -> "e376"
	"]377" [label="]",style=filled,fillcolor=powderblue]
	"Power363" -> "]377"
	"PowerP378" [label="PowerP"]
	"Factor362" -> "PowerP378"
	"e379" [label="e"]
	"PowerP378" -> "e379"
	"TermP380" [label="TermP"]
	"Term361" -> "TermP380"
	"e381" [label="e"]
	"TermP380" -> "e381"
	"ExpressionP382" [label="ExpressionP"]
	"Expression360" -> "ExpressionP382"
	"-383" [label="-",style=filled,fillcolor=powderblue]
	"ExpressionP382" -> "-383"
	"Term384" [label="Term"]
	"ExpressionP382" -> "Term384"
	"Factor385" [label="Factor"]
	"Term384" -> "Factor385"
	"Power386" [label="Power"]
	"Factor385" -> "Power386"
	"num387" [label="num",style=filled,fillcolor=powderblue]
	"Power386" -> "num387"
	"PowerP388" [label="PowerP"]
	"Factor385" -> "PowerP388"
	"e389" [label="e"]
	"PowerP388" -> "e389"
	"TermP390" [label="TermP"]
	"Term384" -> "TermP390"
	"e391" [label="e"]
	"TermP390" -> "e391"
	"ExpressionP392" [label="ExpressionP"]
	"ExpressionP382" -> "ExpressionP392"
	"e393" [label="e"]
	"ExpressionP392" -> "e393"
	")394" [label=")",style=filled,fillcolor=powderblue]
	"Power358" -> ")394"

	"PowerP395" [label="PowerP"]
	"Factor357" -> "PowerP395"
	"e396" [label="e"]
	"PowerP395" -> "e396"
	"TermP397" [label="TermP"]
	"Term356" -> "TermP397"
	"e398" [label="e"]
	"TermP397" -> "e398"
	"ExpressionP399" [label="ExpressionP"]
	"ExpressionP354" -> "ExpressionP399"
	"e400" [label="e"]
	"ExpressionP399" -> "e400"
	"Statements401" [label="Statements"]
	"Statements327" -> "Statements401"
	"Statement402" [label="Statement"]
	"Statements401" -> "Statement402"
	"Assignment403" [label="Assignment"]
	"Statement402" -> "Assignment403"
	"m404" [label="m",style=filled,fillcolor=powderblue]
	"Assignment403" -> "m404"
	"[405" [label="[",style=filled,fillcolor=powderblue]
	"Assignment403" -> "[405"
	"Expression406" [label="Expression"]
	"Assignment403" -> "Expression406"
	"Term407" [label="Term"]
	"Expression406" -> "Term407"
	"Factor408" [label="Factor"]
	"Term407" -> "Factor408"
	"Power409" [label="Power"]
	"Factor408" -> "Power409"
	"num410" [label="num",style=filled,fillcolor=powderblue]
	"Power409" -> "num410"
	"PowerP411" [label="PowerP"]
	"Factor408" -> "PowerP411"
	"e412" [label="e"]
	"PowerP411" -> "e412"
	"TermP413" [label="TermP"]
	"Term407" -> "TermP413"
	"e414" [label="e"]
	"TermP413" -> "e414"
	"ExpressionP415" [label="ExpressionP"]
	"Expression406" -> "ExpressionP415"
	"e416" [label="e"]
	"ExpressionP415" -> "e416"
	"]417" [label="]",style=filled,fillcolor=powderblue]
	"Assignment403" -> "]417"
	"=418" [label="=",style=filled,fillcolor=powderblue]
	"Assignment403" -> "=418"
	"Expression419" [label="Expression"]
	"Assignment403" -> "Expression419"
	"Term420" [label="Term"]
	"Expression419" -> "Term420"
	"Factor421" [label="Factor"]
	"Term420" -> "Factor421"
	"Power422" [label="Power"]
	"Factor421" -> "Power422"
	"num423" [label="num",style=filled,fillcolor=powderblue]
	"Power422" -> "num423"
	"PowerP424" [label="PowerP"]
	"Factor421" -> "PowerP424"
	"e425" [label="e"]
	"PowerP424" -> "e425"
	"TermP426" [label="TermP"]
	"Term420" -> "TermP426"
	"/427" [label="/",style=filled,fillcolor=powderblue]
	"TermP426" -> "/427"
	"Power428" [label="Power"]
	"TermP426" -> "Power428"
	"num429" [label="num",style=filled,fillcolor=powderblue]
	"Power428" -> "num429"
	"TermP430" [label="TermP"]
	"TermP426" -> "TermP430"
syntax error: found ** in parsing TermP - line 9
