digraph G {
	"Start1" [label="Start"]
	"Statement2" [label="Statement"]
	"Start1" -> "Statement2"
	"Assignment3" [label="Assignment"]
	"Statement2" -> "Assignment3"
	"m4" [label="m",style=filled,fillcolor=powderblue]
	"Assignment3" -> "m4"
	"[5" [label="[",style=filled,fillcolor=powderblue]
	"Assignment3" -> "[5"
	"Expression6" [label="Expression"]
	"Assignment3" -> "Expression6"
	"Term7" [label="Term"]
	"Expression6" -> "Term7"
	"Factor8" [label="Factor"]
	"Term7" -> "Factor8"
	"Power9" [label="Power"]
	"Factor8" -> "Power9"
	"num10" [label="num",style=filled,fillcolor=powderblue]
	"Power9" -> "num10"
	"PowerP11" [label="PowerP"]
	"Factor8" -> "PowerP11"
	"e12" [label="e"]
	"PowerP11" -> "e12"
	"TermP13" [label="TermP"]
	"Term7" -> "TermP13"
	"e14" [label="e"]
	"TermP13" -> "e14"
	"ExpressionP15" [label="ExpressionP"]
	"Expression6" -> "ExpressionP15"
	"e16" [label="e"]
	"ExpressionP15" -> "e16"
	"]17" [label="]",style=filled,fillcolor=powderblue]
	"Assignment3" -> "]17"
	"=18" [label="=",style=filled,fillcolor=powderblue]
	"Assignment3" -> "=18"
	"Expression19" [label="Expression"]
	"Assignment3" -> "Expression19"
	"Term20" [label="Term"]
	"Expression19" -> "Term20"
	"Factor21" [label="Factor"]
	"Term20" -> "Factor21"
	"Power22" [label="Power"]
	"Factor21" -> "Power22"
	"num23" [label="num",style=filled,fillcolor=powderblue]
	"Power22" -> "num23"
	"PowerP24" [label="PowerP"]
	"Factor21" -> "PowerP24"
	"e25" [label="e"]
	"PowerP24" -> "e25"
	"TermP26" [label="TermP"]
	"Term20" -> "TermP26"
	"/27" [label="/",style=filled,fillcolor=powderblue]
	"TermP26" -> "/27"
	"Power28" [label="Power"]
	"TermP26" -> "Power28"
	"num29" [label="num",style=filled,fillcolor=powderblue]
	"Power28" -> "num29"
	"TermP30" [label="TermP"]
	"TermP26" -> "TermP30"
	"*31" [label="*",style=filled,fillcolor=powderblue]
	"TermP30" -> "*31"
	"Power32" [label="Power"]
	"TermP30" -> "Power32"
	"num33" [label="num",style=filled,fillcolor=powderblue]
	"Power32" -> "num33"

	"TermP34" [label="TermP"]
	"TermP30" -> "TermP34"
	"e35" [label="e"]
	"TermP34" -> "e35"
	"ExpressionP36" [label="ExpressionP"]
	"Expression19" -> "ExpressionP36"
	"e37" [label="e"]
	"ExpressionP36" -> "e37"
	"Statements38" [label="Statements"]
	"Start1" -> "Statements38"
	"Statement39" [label="Statement"]
	"Statements38" -> "Statement39"
	"Assignment40" [label="Assignment"]
	"Statement39" -> "Assignment40"
	"m41" [label="m",style=filled,fillcolor=powderblue]
	"Assignment40" -> "m41"
	"[42" [label="[",style=filled,fillcolor=powderblue]
	"Assignment40" -> "[42"
	"Expression43" [label="Expression"]
	"Assignment40" -> "Expression43"
	"Term44" [label="Term"]
	"Expression43" -> "Term44"
	"Factor45" [label="Factor"]
	"Term44" -> "Factor45"
	"Power46" [label="Power"]
	"Factor45" -> "Power46"
	"num47" [label="num",style=filled,fillcolor=powderblue]
	"Power46" -> "num47"
	"PowerP48" [label="PowerP"]
	"Factor45" -> "PowerP48"
	"e49" [label="e"]
	"PowerP48" -> "e49"
	"TermP50" [label="TermP"]
	"Term44" -> "TermP50"
	"e51" [label="e"]
	"TermP50" -> "e51"
	"ExpressionP52" [label="ExpressionP"]
	"Expression43" -> "ExpressionP52"
	"e53" [label="e"]
	"ExpressionP52" -> "e53"
	"]54" [label="]",style=filled,fillcolor=powderblue]
	"Assignment40" -> "]54"
	"=55" [label="=",style=filled,fillcolor=powderblue]
	"Assignment40" -> "=55"
	"Expression56" [label="Expression"]
	"Assignment40" -> "Expression56"
	"Term57" [label="Term"]
	"Expression56" -> "Term57"
	"Factor58" [label="Factor"]
	"Term57" -> "Factor58"
	"Power59" [label="Power"]
	"Factor58" -> "Power59"
	"num60" [label="num",style=filled,fillcolor=powderblue]
	"Power59" -> "num60"
	"PowerP61" [label="PowerP"]
	"Factor58" -> "PowerP61"
	"e62" [label="e"]
	"PowerP61" -> "e62"
	"TermP63" [label="TermP"]
	"Term57" -> "TermP63"
	"/64" [label="/",style=filled,fillcolor=powderblue]
	"TermP63" -> "/64"
	"Power65" [label="Power"]
	"TermP63" -> "Power65"
	"num66" [label="num",style=filled,fillcolor=powderblue]
	"Power65" -> "num66"
	"TermP67" [label="TermP"]
	"TermP63" -> "TermP67"
	"*68" [label="*",style=filled,fillcolor=powderblue]
	"TermP67" -> "*68"
	"Power69" [label="Power"]
	"TermP67" -> "Power69"
	"num70" [label="num",style=filled,fillcolor=powderblue]
	"Power69" -> "num70"

	"TermP71" [label="TermP"]
	"TermP67" -> "TermP71"
	"e72" [label="e"]
	"TermP71" -> "e72"
	"ExpressionP73" [label="ExpressionP"]
	"Expression56" -> "ExpressionP73"
	"e74" [label="e"]
	"ExpressionP73" -> "e74"
	"Statements75" [label="Statements"]
	"Statements38" -> "Statements75"
	"Statement76" [label="Statement"]
	"Statements75" -> "Statement76"
	"Jump77" [label="Jump"]
	"Statement76" -> "Jump77"
	"goto78" [label="goto",style=filled,fillcolor=powderblue]
	"Jump77" -> "goto78"
	"GotoZ79" [label="GotoZ"]
	"Jump77" -> "GotoZ79"
	"num80" [label="num",style=filled,fillcolor=powderblue]
	"GotoZ79" -> "num80"

	"NumZ81" [label="NumZ"]
	"GotoZ79" -> "NumZ81"
	"e82" [label="e"]
	"NumZ81" -> "e82"
	"Statements83" [label="Statements"]
	"Statements75" -> "Statements83"
	"Statement84" [label="Statement"]
	"Statements83" -> "Statement84"
	"Assignment85" [label="Assignment"]
	"Statement84" -> "Assignment85"
	"m86" [label="m",style=filled,fillcolor=powderblue]
	"Assignment85" -> "m86"
	"[87" [label="[",style=filled,fillcolor=powderblue]
	"Assignment85" -> "[87"
	"Expression88" [label="Expression"]
	"Assignment85" -> "Expression88"
	"Term89" [label="Term"]
	"Expression88" -> "Term89"
	"Factor90" [label="Factor"]
	"Term89" -> "Factor90"
	"Power91" [label="Power"]
	"Factor90" -> "Power91"
	"num92" [label="num",style=filled,fillcolor=powderblue]
	"Power91" -> "num92"
	"PowerP93" [label="PowerP"]
	"Factor90" -> "PowerP93"
	"e94" [label="e"]
	"PowerP93" -> "e94"
	"TermP95" [label="TermP"]
	"Term89" -> "TermP95"
	"e96" [label="e"]
	"TermP95" -> "e96"
	"ExpressionP97" [label="ExpressionP"]
	"Expression88" -> "ExpressionP97"
	"e98" [label="e"]
	"ExpressionP97" -> "e98"
	"]99" [label="]",style=filled,fillcolor=powderblue]
	"Assignment85" -> "]99"
	"=100" [label="=",style=filled,fillcolor=powderblue]
	"Assignment85" -> "=100"
	"Expression101" [label="Expression"]
	"Assignment85" -> "Expression101"
	"Term102" [label="Term"]
	"Expression101" -> "Term102"
	"Factor103" [label="Factor"]
	"Term102" -> "Factor103"
	"Power104" [label="Power"]
	"Factor103" -> "Power104"
	"num105" [label="num",style=filled,fillcolor=powderblue]
	"Power104" -> "num105"
	"PowerP106" [label="PowerP"]
	"Factor103" -> "PowerP106"
	"e107" [label="e"]
	"PowerP106" -> "e107"
	"TermP108" [label="TermP"]
	"Term102" -> "TermP108"
	"e109" [label="e"]
	"TermP108" -> "e109"
	"ExpressionP110" [label="ExpressionP"]
	"Expression101" -> "ExpressionP110"
	"+111" [label="+",style=filled,fillcolor=powderblue]
	"ExpressionP110" -> "+111"
	"Term112" [label="Term"]
	"ExpressionP110" -> "Term112"
	"Factor113" [label="Factor"]
	"Term112" -> "Factor113"
	"Power114" [label="Power"]
	"Factor113" -> "Power114"
	"m115" [label="m",style=filled,fillcolor=powderblue]
	"Power114" -> "m115"
	"[116" [label="[",style=filled,fillcolor=powderblue]
	"Power114" -> "[116"
	"Expression117" [label="Expression"]
	"Power114" -> "Expression117"
	"Term118" [label="Term"]
	"Expression117" -> "Term118"
	"Factor119" [label="Factor"]
	"Term118" -> "Factor119"
	"Power120" [label="Power"]
	"Factor119" -> "Power120"
	"num121" [label="num",style=filled,fillcolor=powderblue]
	"Power120" -> "num121"
	"PowerP122" [label="PowerP"]
	"Factor119" -> "PowerP122"
	"e123" [label="e"]
	"PowerP122" -> "e123"
	"TermP124" [label="TermP"]
	"Term118" -> "TermP124"
	"e125" [label="e"]
	"TermP124" -> "e125"
	"ExpressionP126" [label="ExpressionP"]
	"Expression117" -> "ExpressionP126"
	"e127" [label="e"]
	"ExpressionP126" -> "e127"
	"]128" [label="]",style=filled,fillcolor=powderblue]
	"Power114" -> "]128"

	"PowerP129" [label="PowerP"]
	"Factor113" -> "PowerP129"
	"e130" [label="e"]
	"PowerP129" -> "e130"
	"TermP131" [label="TermP"]
	"Term112" -> "TermP131"
	"e132" [label="e"]
	"TermP131" -> "e132"
	"ExpressionP133" [label="ExpressionP"]
	"ExpressionP110" -> "ExpressionP133"
	"e134" [label="e"]
	"ExpressionP133" -> "e134"
	"Statements135" [label="Statements"]
	"Statements83" -> "Statements135"
	"Statement136" [label="Statement"]
	"Statements135" -> "Statement136"
	"Assignment137" [label="Assignment"]
	"Statement136" -> "Assignment137"
	"m138" [label="m",style=filled,fillcolor=powderblue]
	"Assignment137" -> "m138"
	"[139" [label="[",style=filled,fillcolor=powderblue]
	"Assignment137" -> "[139"
	"Expression140" [label="Expression"]
	"Assignment137" -> "Expression140"
	"Term141" [label="Term"]
	"Expression140" -> "Term141"
	"Factor142" [label="Factor"]
	"Term141" -> "Factor142"
	"Power143" [label="Power"]
	"Factor142" -> "Power143"
	"num144" [label="num",style=filled,fillcolor=powderblue]
	"Power143" -> "num144"
	"PowerP145" [label="PowerP"]
	"Factor142" -> "PowerP145"
	"e146" [label="e"]
	"PowerP145" -> "e146"
	"TermP147" [label="TermP"]
	"Term141" -> "TermP147"
	"e148" [label="e"]
	"TermP147" -> "e148"
	"ExpressionP149" [label="ExpressionP"]
	"Expression140" -> "ExpressionP149"
	"e150" [label="e"]
	"ExpressionP149" -> "e150"
	"]151" [label="]",style=filled,fillcolor=powderblue]
	"Assignment137" -> "]151"
	"=152" [label="=",style=filled,fillcolor=powderblue]
	"Assignment137" -> "=152"
	"Expression153" [label="Expression"]
	"Assignment137" -> "Expression153"
	"Term154" [label="Term"]
	"Expression153" -> "Term154"
	"Factor155" [label="Factor"]
	"Term154" -> "Factor155"
	"Power156" [label="Power"]
	"Factor155" -> "Power156"
	"num157" [label="num",style=filled,fillcolor=powderblue]
	"Power156" -> "num157"
	"PowerP158" [label="PowerP"]
	"Factor155" -> "PowerP158"
	"e159" [label="e"]
	"PowerP158" -> "e159"
	"TermP160" [label="TermP"]
	"Term154" -> "TermP160"
	"e161" [label="e"]
	"TermP160" -> "e161"
	"ExpressionP162" [label="ExpressionP"]
	"Expression153" -> "ExpressionP162"
	"-163" [label="-",style=filled,fillcolor=powderblue]
	"ExpressionP162" -> "-163"
	"Term164" [label="Term"]
	"ExpressionP162" -> "Term164"
	"Factor165" [label="Factor"]
	"Term164" -> "Factor165"
	"Power166" [label="Power"]
	"Factor165" -> "Power166"
	"m167" [label="m",style=filled,fillcolor=powderblue]
	"Power166" -> "m167"
	"[168" [label="[",style=filled,fillcolor=powderblue]
	"Power166" -> "[168"
	"Expression169" [label="Expression"]
	"Power166" -> "Expression169"
	"Term170" [label="Term"]
	"Expression169" -> "Term170"
	"Factor171" [label="Factor"]
	"Term170" -> "Factor171"
	"Power172" [label="Power"]
	"Factor171" -> "Power172"
	"num173" [label="num",style=filled,fillcolor=powderblue]
	"Power172" -> "num173"
	"PowerP174" [label="PowerP"]
	"Factor171" -> "PowerP174"
	"**175" [label="**",style=filled,fillcolor=powderblue]
	"PowerP174" -> "**175"
	"Factor176" [label="Factor"]
	"PowerP174" -> "Factor176"
	"Power177" [label="Power"]
	"Factor176" -> "Power177"
	"num178" [label="num",style=filled,fillcolor=powderblue]
	"Power177" -> "num178"
	"PowerP179" [label="PowerP"]
	"Factor176" -> "PowerP179"
	"e180" [label="e"]
	"PowerP179" -> "e180"
	"TermP181" [label="TermP"]
	"Term170" -> "TermP181"
	"*182" [label="*",style=filled,fillcolor=powderblue]
	"TermP181" -> "*182"
	"Power183" [label="Power"]
	"TermP181" -> "Power183"
	"num184" [label="num",style=filled,fillcolor=powderblue]
	"Power183" -> "num184"
	"TermP185" [label="TermP"]
	"TermP181" -> "TermP185"
	"e186" [label="e"]
	"TermP185" -> "e186"
	"ExpressionP187" [label="ExpressionP"]
	"Expression169" -> "ExpressionP187"
	"-188" [label="-",style=filled,fillcolor=powderblue]
	"ExpressionP187" -> "-188"
	"Term189" [label="Term"]
	"ExpressionP187" -> "Term189"
	"Factor190" [label="Factor"]
	"Term189" -> "Factor190"
	"Power191" [label="Power"]
	"Factor190" -> "Power191"
	"num192" [label="num",style=filled,fillcolor=powderblue]
	"Power191" -> "num192"
	"PowerP193" [label="PowerP"]
	"Factor190" -> "PowerP193"
	"e194" [label="e"]
	"PowerP193" -> "e194"
	"TermP195" [label="TermP"]
	"Term189" -> "TermP195"
	"e196" [label="e"]
	"TermP195" -> "e196"
	"ExpressionP197" [label="ExpressionP"]
	"ExpressionP187" -> "ExpressionP197"
	"e198" [label="e"]
	"ExpressionP197" -> "e198"
	"]199" [label="]",style=filled,fillcolor=powderblue]
	"Power166" -> "]199"
	"PowerP200" [label="PowerP"]
	"Factor165" -> "PowerP200"
	"e201" [label="e"]
	"PowerP200" -> "e201"
	"TermP202" [label="TermP"]
	"Term164" -> "TermP202"
	"e203" [label="e"]
	"TermP202" -> "e203"
	"ExpressionP204" [label="ExpressionP"]
	"ExpressionP162" -> "ExpressionP204"
	"-205" [label="-",style=filled,fillcolor=powderblue]
	"ExpressionP204" -> "-205"
	"Term206" [label="Term"]
	"ExpressionP204" -> "Term206"
	"Factor207" [label="Factor"]
	"Term206" -> "Factor207"
	"Power208" [label="Power"]
	"Factor207" -> "Power208"
	"num209" [label="num",style=filled,fillcolor=powderblue]
	"Power208" -> "num209"

	"PowerP210" [label="PowerP"]
	"Factor207" -> "PowerP210"
	"e211" [label="e"]
	"PowerP210" -> "e211"
	"TermP212" [label="TermP"]
	"Term206" -> "TermP212"
	"e213" [label="e"]
	"TermP212" -> "e213"
	"ExpressionP214" [label="ExpressionP"]
	"ExpressionP204" -> "ExpressionP214"
	"e215" [label="e"]
	"ExpressionP214" -> "e215"
	"Statements216" [label="Statements"]
	"Statements135" -> "Statements216"
	"Statement217" [label="Statement"]
	"Statements216" -> "Statement217"
	"Label218" [label="Label"]
	"Statement217" -> "Label218"
	"L219" [label="L",style=filled,fillcolor=powderblue]
	"Label218" -> "L219"
	"num220" [label="num",style=filled,fillcolor=powderblue]
	"Label218" -> "num220"
	":221" [label=":",style=filled,fillcolor=powderblue]
	"Label218" -> ":221"

	"Statements222" [label="Statements"]
	"Statements216" -> "Statements222"
	"Statement223" [label="Statement"]
	"Statements222" -> "Statement223"
	"Assignment224" [label="Assignment"]
	"Statement223" -> "Assignment224"
	"m225" [label="m",style=filled,fillcolor=powderblue]
	"Assignment224" -> "m225"
	"[226" [label="[",style=filled,fillcolor=powderblue]
	"Assignment224" -> "[226"
	"Expression227" [label="Expression"]
	"Assignment224" -> "Expression227"
	"Term228" [label="Term"]
	"Expression227" -> "Term228"
	"Factor229" [label="Factor"]
	"Term228" -> "Factor229"
	"Power230" [label="Power"]
	"Factor229" -> "Power230"
	"num231" [label="num",style=filled,fillcolor=powderblue]
	"Power230" -> "num231"
	"PowerP232" [label="PowerP"]
	"Factor229" -> "PowerP232"
	"e233" [label="e"]
	"PowerP232" -> "e233"
	"TermP234" [label="TermP"]
	"Term228" -> "TermP234"
	"e235" [label="e"]
	"TermP234" -> "e235"
	"ExpressionP236" [label="ExpressionP"]
	"Expression227" -> "ExpressionP236"
	"e237" [label="e"]
	"ExpressionP236" -> "e237"
	"]238" [label="]",style=filled,fillcolor=powderblue]
	"Assignment224" -> "]238"
	"=239" [label="=",style=filled,fillcolor=powderblue]
	"Assignment224" -> "=239"
	"Expression240" [label="Expression"]
	"Assignment224" -> "Expression240"
	"Term241" [label="Term"]
	"Expression240" -> "Term241"
	"Factor242" [label="Factor"]
	"Term241" -> "Factor242"
	"Power243" [label="Power"]
	"Factor242" -> "Power243"
	"num244" [label="num",style=filled,fillcolor=powderblue]
	"Power243" -> "num244"
	"PowerP245" [label="PowerP"]
	"Factor242" -> "PowerP245"
	"e246" [label="e"]
	"PowerP245" -> "e246"
	"TermP247" [label="TermP"]
	"Term241" -> "TermP247"
	"e248" [label="e"]
	"TermP247" -> "e248"
	"ExpressionP249" [label="ExpressionP"]
	"Expression240" -> "ExpressionP249"
	"-250" [label="-",style=filled,fillcolor=powderblue]
	"ExpressionP249" -> "-250"
	"Term251" [label="Term"]
	"ExpressionP249" -> "Term251"
	"Factor252" [label="Factor"]
	"Term251" -> "Factor252"
	"Power253" [label="Power"]
	"Factor252" -> "Power253"
	"(254" [label="(",style=filled,fillcolor=powderblue]
	"Power253" -> "(254"
	"Expression255" [label="Expression"]
	"Power253" -> "Expression255"
	"Term256" [label="Term"]
	"Expression255" -> "Term256"
	"Factor257" [label="Factor"]
	"Term256" -> "Factor257"
	"Power258" [label="Power"]
	"Factor257" -> "Power258"
	"m259" [label="m",style=filled,fillcolor=powderblue]
	"Power258" -> "m259"
	"[260" [label="[",style=filled,fillcolor=powderblue]
	"Power258" -> "[260"
	"Expression261" [label="Expression"]
	"Power258" -> "Expression261"
	"Term262" [label="Term"]
	"Expression261" -> "Term262"
	"Factor263" [label="Factor"]
	"Term262" -> "Factor263"
	"Power264" [label="Power"]
	"Factor263" -> "Power264"
	"num265" [label="num",style=filled,fillcolor=powderblue]
	"Power264" -> "num265"
	"PowerP266" [label="PowerP"]
	"Factor263" -> "PowerP266"
	"e267" [label="e"]
	"PowerP266" -> "e267"
	"TermP268" [label="TermP"]
	"Term262" -> "TermP268"
	"e269" [label="e"]
	"TermP268" -> "e269"
	"ExpressionP270" [label="ExpressionP"]
	"Expression261" -> "ExpressionP270"
	"e271" [label="e"]
	"ExpressionP270" -> "e271"
	"]272" [label="]",style=filled,fillcolor=powderblue]
	"Power258" -> "]272"
	"PowerP273" [label="PowerP"]
	"Factor257" -> "PowerP273"
	"e274" [label="e"]
	"PowerP273" -> "e274"
	"TermP275" [label="TermP"]
	"Term256" -> "TermP275"
	"e276" [label="e"]
	"TermP275" -> "e276"
	"ExpressionP277" [label="ExpressionP"]
	"Expression255" -> "ExpressionP277"
	"-278" [label="-",style=filled,fillcolor=powderblue]
	"ExpressionP277" -> "-278"
	"Term279" [label="Term"]
	"ExpressionP277" -> "Term279"
	"Factor280" [label="Factor"]
	"Term279" -> "Factor280"
	"Power281" [label="Power"]
	"Factor280" -> "Power281"
	"num282" [label="num",style=filled,fillcolor=powderblue]
	"Power281" -> "num282"
	"PowerP283" [label="PowerP"]
	"Factor280" -> "PowerP283"
	"e284" [label="e"]
	"PowerP283" -> "e284"
	"TermP285" [label="TermP"]
	"Term279" -> "TermP285"
	"e286" [label="e"]
	"TermP285" -> "e286"
	"ExpressionP287" [label="ExpressionP"]
	"ExpressionP277" -> "ExpressionP287"
	"e288" [label="e"]
	"ExpressionP287" -> "e288"
	")289" [label=")",style=filled,fillcolor=powderblue]
	"Power253" -> ")289"

	"PowerP290" [label="PowerP"]
	"Factor252" -> "PowerP290"
	"e291" [label="e"]
	"PowerP290" -> "e291"
	"TermP292" [label="TermP"]
	"Term251" -> "TermP292"
	"e293" [label="e"]
	"TermP292" -> "e293"
	"ExpressionP294" [label="ExpressionP"]
	"ExpressionP249" -> "ExpressionP294"
	"e295" [label="e"]
	"ExpressionP294" -> "e295"
	"Statements296" [label="Statements"]
	"Statements222" -> "Statements296"
	"Statement297" [label="Statement"]
	"Statements296" -> "Statement297"
	"Assignment298" [label="Assignment"]
	"Statement297" -> "Assignment298"
	"m299" [label="m",style=filled,fillcolor=powderblue]
	"Assignment298" -> "m299"
	"[300" [label="[",style=filled,fillcolor=powderblue]
	"Assignment298" -> "[300"
	"Expression301" [label="Expression"]
	"Assignment298" -> "Expression301"
	"Term302" [label="Term"]
	"Expression301" -> "Term302"
	"Factor303" [label="Factor"]
	"Term302" -> "Factor303"
	"Power304" [label="Power"]
	"Factor303" -> "Power304"
	"num305" [label="num",style=filled,fillcolor=powderblue]
	"Power304" -> "num305"
	"PowerP306" [label="PowerP"]
	"Factor303" -> "PowerP306"
	"e307" [label="e"]
	"PowerP306" -> "e307"
	"TermP308" [label="TermP"]
	"Term302" -> "TermP308"
	"e309" [label="e"]
	"TermP308" -> "e309"
	"ExpressionP310" [label="ExpressionP"]
	"Expression301" -> "ExpressionP310"
	"e311" [label="e"]
	"ExpressionP310" -> "e311"
	"]312" [label="]",style=filled,fillcolor=powderblue]
	"Assignment298" -> "]312"
	"=313" [label="=",style=filled,fillcolor=powderblue]
	"Assignment298" -> "=313"
	"Expression314" [label="Expression"]
	"Assignment298" -> "Expression314"
	"Term315" [label="Term"]
	"Expression314" -> "Term315"
	"Factor316" [label="Factor"]
	"Term315" -> "Factor316"
	"Power317" [label="Power"]
	"Factor316" -> "Power317"
	"num318" [label="num",style=filled,fillcolor=powderblue]
	"Power317" -> "num318"
	"PowerP319" [label="PowerP"]
	"Factor316" -> "PowerP319"
	"e320" [label="e"]
	"PowerP319" -> "e320"
	"TermP321" [label="TermP"]
	"Term315" -> "TermP321"
	"e322" [label="e"]
	"TermP321" -> "e322"
	"ExpressionP323" [label="ExpressionP"]
	"Expression314" -> "ExpressionP323"
	"+324" [label="+",style=filled,fillcolor=powderblue]
	"ExpressionP323" -> "+324"
	"Term325" [label="Term"]
	"ExpressionP323" -> "Term325"
	"Factor326" [label="Factor"]
	"Term325" -> "Factor326"
	"Power327" [label="Power"]
	"Factor326" -> "Power327"
	"m328" [label="m",style=filled,fillcolor=powderblue]
	"Power327" -> "m328"
	"[329" [label="[",style=filled,fillcolor=powderblue]
	"Power327" -> "[329"
	"Expression330" [label="Expression"]
	"Power327" -> "Expression330"
	"Term331" [label="Term"]
	"Expression330" -> "Term331"
	"Factor332" [label="Factor"]
	"Term331" -> "Factor332"
	"Power333" [label="Power"]
	"Factor332" -> "Power333"
	"num334" [label="num",style=filled,fillcolor=powderblue]
	"Power333" -> "num334"
	"PowerP335" [label="PowerP"]
	"Factor332" -> "PowerP335"
	"e336" [label="e"]
	"PowerP335" -> "e336"
	"TermP337" [label="TermP"]
	"Term331" -> "TermP337"
	"e338" [label="e"]
	"TermP337" -> "e338"
	"ExpressionP339" [label="ExpressionP"]
	"Expression330" -> "ExpressionP339"
	"e340" [label="e"]
	"ExpressionP339" -> "e340"
	"]341" [label="]",style=filled,fillcolor=powderblue]
	"Power327" -> "]341"

	"PowerP342" [label="PowerP"]
	"Factor326" -> "PowerP342"
	"e343" [label="e"]
	"PowerP342" -> "e343"
	"TermP344" [label="TermP"]
	"Term325" -> "TermP344"
	"e345" [label="e"]
	"TermP344" -> "e345"
	"ExpressionP346" [label="ExpressionP"]
	"ExpressionP323" -> "ExpressionP346"
	"e347" [label="e"]
	"ExpressionP346" -> "e347"
	"Statements348" [label="Statements"]
	"Statements296" -> "Statements348"
	"Statement349" [label="Statement"]
	"Statements348" -> "Statement349"
	"Assignment350" [label="Assignment"]
	"Statement349" -> "Assignment350"
	"m351" [label="m",style=filled,fillcolor=powderblue]
	"Assignment350" -> "m351"
	"[352" [label="[",style=filled,fillcolor=powderblue]
	"Assignment350" -> "[352"
	"Expression353" [label="Expression"]
	"Assignment350" -> "Expression353"
	"Term354" [label="Term"]
	"Expression353" -> "Term354"
	"Factor355" [label="Factor"]
	"Term354" -> "Factor355"
	"Power356" [label="Power"]
	"Factor355" -> "Power356"
	"num357" [label="num",style=filled,fillcolor=powderblue]
	"Power356" -> "num357"
	"PowerP358" [label="PowerP"]
	"Factor355" -> "PowerP358"
	"e359" [label="e"]
	"PowerP358" -> "e359"
	"TermP360" [label="TermP"]
	"Term354" -> "TermP360"
	"e361" [label="e"]
	"TermP360" -> "e361"
	"ExpressionP362" [label="ExpressionP"]
	"Expression353" -> "ExpressionP362"
	"e363" [label="e"]
	"ExpressionP362" -> "e363"
	"]364" [label="]",style=filled,fillcolor=powderblue]
	"Assignment350" -> "]364"
	"=365" [label="=",style=filled,fillcolor=powderblue]
	"Assignment350" -> "=365"
	"Expression366" [label="Expression"]
	"Assignment350" -> "Expression366"
	"Term367" [label="Term"]
	"Expression366" -> "Term367"
	"Factor368" [label="Factor"]
	"Term367" -> "Factor368"
	"Power369" [label="Power"]
	"Factor368" -> "Power369"
	"num370" [label="num",style=filled,fillcolor=powderblue]
	"Power369" -> "num370"
	"PowerP371" [label="PowerP"]
	"Factor368" -> "PowerP371"
	"e372" [label="e"]
	"PowerP371" -> "e372"
	"TermP373" [label="TermP"]
	"Term367" -> "TermP373"
	"e374" [label="e"]
	"TermP373" -> "e374"
	"ExpressionP375" [label="ExpressionP"]
	"Expression366" -> "ExpressionP375"
	"-376" [label="-",style=filled,fillcolor=powderblue]
	"ExpressionP375" -> "-376"
	"Term377" [label="Term"]
	"ExpressionP375" -> "Term377"
	"Factor378" [label="Factor"]
	"Term377" -> "Factor378"
	"Power379" [label="Power"]
	"Factor378" -> "Power379"
	"m380" [label="m",style=filled,fillcolor=powderblue]
	"Power379" -> "m380"
	"[381" [label="[",style=filled,fillcolor=powderblue]
	"Power379" -> "[381"
	"Expression382" [label="Expression"]
	"Power379" -> "Expression382"
	"Term383" [label="Term"]
	"Expression382" -> "Term383"
	"Factor384" [label="Factor"]
	"Term383" -> "Factor384"
	"Power385" [label="Power"]
	"Factor384" -> "Power385"
	"num386" [label="num",style=filled,fillcolor=powderblue]
	"Power385" -> "num386"
	"PowerP387" [label="PowerP"]
	"Factor384" -> "PowerP387"
	"e388" [label="e"]
	"PowerP387" -> "e388"
	"TermP389" [label="TermP"]
	"Term383" -> "TermP389"
	"e390" [label="e"]
	"TermP389" -> "e390"
	"ExpressionP391" [label="ExpressionP"]
	"Expression382" -> "ExpressionP391"
	"-392" [label="-",style=filled,fillcolor=powderblue]
	"ExpressionP391" -> "-392"
	"Term393" [label="Term"]
	"ExpressionP391" -> "Term393"
	"Factor394" [label="Factor"]
	"Term393" -> "Factor394"
	"Power395" [label="Power"]
	"Factor394" -> "Power395"
	"num396" [label="num",style=filled,fillcolor=powderblue]
	"Power395" -> "num396"
	"PowerP397" [label="PowerP"]
	"Factor394" -> "PowerP397"
	"e398" [label="e"]
	"PowerP397" -> "e398"
	"TermP399" [label="TermP"]
	"Term393" -> "TermP399"
	"e400" [label="e"]
	"TermP399" -> "e400"
	"ExpressionP401" [label="ExpressionP"]
	"ExpressionP391" -> "ExpressionP401"
	"e402" [label="e"]
	"ExpressionP401" -> "e402"
	"]403" [label="]",style=filled,fillcolor=powderblue]
	"Power379" -> "]403"

	"PowerP404" [label="PowerP"]
	"Factor378" -> "PowerP404"
	"e405" [label="e"]
	"PowerP404" -> "e405"
	"TermP406" [label="TermP"]
	"Term377" -> "TermP406"
	"e407" [label="e"]
	"TermP406" -> "e407"
	"ExpressionP408" [label="ExpressionP"]
	"ExpressionP375" -> "ExpressionP408"
	"e409" [label="e"]
	"ExpressionP408" -> "e409"
	"Statements410" [label="Statements"]
	"Statements348" -> "Statements410"
	"Statement411" [label="Statement"]
	"Statements410" -> "Statement411"
	"Assignment412" [label="Assignment"]
	"Statement411" -> "Assignment412"
	"m413" [label="m",style=filled,fillcolor=powderblue]
	"Assignment412" -> "m413"
	"[414" [label="[",style=filled,fillcolor=powderblue]
	"Assignment412" -> "[414"
	"Expression415" [label="Expression"]
	"Assignment412" -> "Expression415"
	"Term416" [label="Term"]
	"Expression415" -> "Term416"
	"Factor417" [label="Factor"]
	"Term416" -> "Factor417"
	"Power418" [label="Power"]
	"Factor417" -> "Power418"
	"num419" [label="num",style=filled,fillcolor=powderblue]
	"Power418" -> "num419"
	"PowerP420" [label="PowerP"]
	"Factor417" -> "PowerP420"
	"e421" [label="e"]
	"PowerP420" -> "e421"
	"TermP422" [label="TermP"]
	"Term416" -> "TermP422"
	"e423" [label="e"]
	"TermP422" -> "e423"
	"ExpressionP424" [label="ExpressionP"]
	"Expression415" -> "ExpressionP424"
	"e425" [label="e"]
	"ExpressionP424" -> "e425"
	"]426" [label="]",style=filled,fillcolor=powderblue]
	"Assignment412" -> "]426"
	"=427" [label="=",style=filled,fillcolor=powderblue]
	"Assignment412" -> "=427"
	"Expression428" [label="Expression"]
	"Assignment412" -> "Expression428"
	"Term429" [label="Term"]
	"Expression428" -> "Term429"
	"Factor430" [label="Factor"]
	"Term429" -> "Factor430"
	"Power431" [label="Power"]
	"Factor430" -> "Power431"
	"num432" [label="num",style=filled,fillcolor=powderblue]
	"Power431" -> "num432"
	"PowerP433" [label="PowerP"]
	"Factor430" -> "PowerP433"
	"e434" [label="e"]
	"PowerP433" -> "e434"
	"TermP435" [label="TermP"]
	"Term429" -> "TermP435"
	"e436" [label="e"]
	"TermP435" -> "e436"
	"ExpressionP437" [label="ExpressionP"]
	"Expression428" -> "ExpressionP437"
	"-438" [label="-",style=filled,fillcolor=powderblue]
	"ExpressionP437" -> "-438"
	"Term439" [label="Term"]
	"ExpressionP437" -> "Term439"
	"Factor440" [label="Factor"]
	"Term439" -> "Factor440"
	"Power441" [label="Power"]
	"Factor440" -> "Power441"
	"(442" [label="(",style=filled,fillcolor=powderblue]
	"Power441" -> "(442"
	"Expression443" [label="Expression"]
	"Power441" -> "Expression443"
	"Term444" [label="Term"]
	"Expression443" -> "Term444"
	"Factor445" [label="Factor"]
	"Term444" -> "Factor445"
	"Power446" [label="Power"]
	"Factor445" -> "Power446"
	"num447" [label="num",style=filled,fillcolor=powderblue]
	"Power446" -> "num447"
	"PowerP448" [label="PowerP"]
	"Factor445" -> "PowerP448"
	"e449" [label="e"]
	"PowerP448" -> "e449"
	"TermP450" [label="TermP"]
	"Term444" -> "TermP450"
	"e451" [label="e"]
	"TermP450" -> "e451"
	"ExpressionP452" [label="ExpressionP"]
	"Expression443" -> "ExpressionP452"
	"-453" [label="-",style=filled,fillcolor=powderblue]
	"ExpressionP452" -> "-453"
	"Term454" [label="Term"]
	"ExpressionP452" -> "Term454"
	"Factor455" [label="Factor"]
	"Term454" -> "Factor455"
	"Power456" [label="Power"]
	"Factor455" -> "Power456"
	"num457" [label="num",style=filled,fillcolor=powderblue]
	"Power456" -> "num457"
	"PowerP458" [label="PowerP"]
	"Factor455" -> "PowerP458"
	"e459" [label="e"]
	"PowerP458" -> "e459"
	"TermP460" [label="TermP"]
	"Term454" -> "TermP460"
	"e461" [label="e"]
	"TermP460" -> "e461"
	"ExpressionP462" [label="ExpressionP"]
	"ExpressionP452" -> "ExpressionP462"
	"e463" [label="e"]
	"ExpressionP462" -> "e463"
	")464" [label=")",style=filled,fillcolor=powderblue]
	"Power441" -> ")464"

	"PowerP465" [label="PowerP"]
	"Factor440" -> "PowerP465"
	"e466" [label="e"]
	"PowerP465" -> "e466"
	"TermP467" [label="TermP"]
	"Term439" -> "TermP467"
	"e468" [label="e"]
	"TermP467" -> "e468"
	"ExpressionP469" [label="ExpressionP"]
	"ExpressionP437" -> "ExpressionP469"
	"e470" [label="e"]
	"ExpressionP469" -> "e470"
	"Statements471" [label="Statements"]
	"Statements410" -> "Statements471"
	"Statement472" [label="Statement"]
	"Statements471" -> "Statement472"
	"Assignment473" [label="Assignment"]
	"Statement472" -> "Assignment473"
	"m474" [label="m",style=filled,fillcolor=powderblue]
	"Assignment473" -> "m474"
	"[475" [label="[",style=filled,fillcolor=powderblue]
	"Assignment473" -> "[475"
	"Expression476" [label="Expression"]
	"Assignment473" -> "Expression476"
	"Term477" [label="Term"]
	"Expression476" -> "Term477"
	"Factor478" [label="Factor"]
	"Term477" -> "Factor478"
	"Power479" [label="Power"]
	"Factor478" -> "Power479"
	"num480" [label="num",style=filled,fillcolor=powderblue]
	"Power479" -> "num480"
	"PowerP481" [label="PowerP"]
	"Factor478" -> "PowerP481"
	"e482" [label="e"]
	"PowerP481" -> "e482"
	"TermP483" [label="TermP"]
	"Term477" -> "TermP483"
	"e484" [label="e"]
	"TermP483" -> "e484"
	"ExpressionP485" [label="ExpressionP"]
	"Expression476" -> "ExpressionP485"
	"e486" [label="e"]
	"ExpressionP485" -> "e486"
	"]487" [label="]",style=filled,fillcolor=powderblue]
	"Assignment473" -> "]487"
	"=488" [label="=",style=filled,fillcolor=powderblue]
	"Assignment473" -> "=488"
	"Expression489" [label="Expression"]
	"Assignment473" -> "Expression489"
	"Term490" [label="Term"]
	"Expression489" -> "Term490"
	"Factor491" [label="Factor"]
	"Term490" -> "Factor491"
	"Power492" [label="Power"]
	"Factor491" -> "Power492"
	"num493" [label="num",style=filled,fillcolor=powderblue]
	"Power492" -> "num493"
	"PowerP494" [label="PowerP"]
	"Factor491" -> "PowerP494"
	"e495" [label="e"]
	"PowerP494" -> "e495"
	"TermP496" [label="TermP"]
	"Term490" -> "TermP496"
	"e497" [label="e"]
	"TermP496" -> "e497"
	"ExpressionP498" [label="ExpressionP"]
	"Expression489" -> "ExpressionP498"
	"-499" [label="-",style=filled,fillcolor=powderblue]
	"ExpressionP498" -> "-499"
	"Term500" [label="Term"]
	"ExpressionP498" -> "Term500"
	"Factor501" [label="Factor"]
	"Term500" -> "Factor501"
	"Power502" [label="Power"]
	"Factor501" -> "Power502"
	"m503" [label="m",style=filled,fillcolor=powderblue]
	"Power502" -> "m503"
	"[504" [label="[",style=filled,fillcolor=powderblue]
	"Power502" -> "[504"
	"Expression505" [label="Expression"]
	"Power502" -> "Expression505"
	"Term506" [label="Term"]
	"Expression505" -> "Term506"
	"Factor507" [label="Factor"]
	"Term506" -> "Factor507"
	"Power508" [label="Power"]
	"Factor507" -> "Power508"
	"(509" [label="(",style=filled,fillcolor=powderblue]
	"Power508" -> "(509"
	"Expression510" [label="Expression"]
	"Power508" -> "Expression510"
	"Term511" [label="Term"]
	"Expression510" -> "Term511"
	"Factor512" [label="Factor"]
	"Term511" -> "Factor512"
	"Power513" [label="Power"]
	"Factor512" -> "Power513"
	"num514" [label="num",style=filled,fillcolor=powderblue]
	"Power513" -> "num514"
	"PowerP515" [label="PowerP"]
	"Factor512" -> "PowerP515"
	"e516" [label="e"]
	"PowerP515" -> "e516"
	"TermP517" [label="TermP"]
	"Term511" -> "TermP517"
	"e518" [label="e"]
	"TermP517" -> "e518"
	"ExpressionP519" [label="ExpressionP"]
	"Expression510" -> "ExpressionP519"
	"-520" [label="-",style=filled,fillcolor=powderblue]
	"ExpressionP519" -> "-520"
	"Term521" [label="Term"]
	"ExpressionP519" -> "Term521"
	"Factor522" [label="Factor"]
	"Term521" -> "Factor522"
	"Power523" [label="Power"]
	"Factor522" -> "Power523"
	"num524" [label="num",style=filled,fillcolor=powderblue]
	"Power523" -> "num524"
	"PowerP525" [label="PowerP"]
	"Factor522" -> "PowerP525"
	"e526" [label="e"]
	"PowerP525" -> "e526"
	"TermP527" [label="TermP"]
	"Term521" -> "TermP527"
	"e528" [label="e"]
	"TermP527" -> "e528"
	"ExpressionP529" [label="ExpressionP"]
	"ExpressionP519" -> "ExpressionP529"
	"e530" [label="e"]
	"ExpressionP529" -> "e530"
	")531" [label=")",style=filled,fillcolor=powderblue]
	"Power508" -> ")531"
	"PowerP532" [label="PowerP"]
	"Factor507" -> "PowerP532"
	"e533" [label="e"]
	"PowerP532" -> "e533"
	"TermP534" [label="TermP"]
	"Term506" -> "TermP534"
	"e535" [label="e"]
	"TermP534" -> "e535"
	"ExpressionP536" [label="ExpressionP"]
	"Expression505" -> "ExpressionP536"
	"e537" [label="e"]
	"ExpressionP536" -> "e537"
	"]538" [label="]",style=filled,fillcolor=powderblue]
	"Power502" -> "]538"

	"PowerP539" [label="PowerP"]
	"Factor501" -> "PowerP539"
	"e540" [label="e"]
	"PowerP539" -> "e540"
	"TermP541" [label="TermP"]
	"Term500" -> "TermP541"
	"e542" [label="e"]
	"TermP541" -> "e542"
	"ExpressionP543" [label="ExpressionP"]
	"ExpressionP498" -> "ExpressionP543"
	"e544" [label="e"]
	"ExpressionP543" -> "e544"
	"Statements545" [label="Statements"]
	"Statements471" -> "Statements545"
	"Statement546" [label="Statement"]
	"Statements545" -> "Statement546"
	"Print547" [label="Print"]
	"Statement546" -> "Print547"
	"print548" [label="print",style=filled,fillcolor=powderblue]
	"Print547" -> "print548"
	"Expression549" [label="Expression"]
	"Print547" -> "Expression549"
	"Term550" [label="Term"]
	"Expression549" -> "Term550"
	"Factor551" [label="Factor"]
	"Term550" -> "Factor551"
	"Power552" [label="Power"]
	"Factor551" -> "Power552"
	"m553" [label="m",style=filled,fillcolor=powderblue]
	"Power552" -> "m553"
	"[554" [label="[",style=filled,fillcolor=powderblue]
	"Power552" -> "[554"
	"Expression555" [label="Expression"]
	"Power552" -> "Expression555"
	"Term556" [label="Term"]
	"Expression555" -> "Term556"
	"Factor557" [label="Factor"]
	"Term556" -> "Factor557"
	"Power558" [label="Power"]
	"Factor557" -> "Power558"
	"num559" [label="num",style=filled,fillcolor=powderblue]
	"Power558" -> "num559"
	"PowerP560" [label="PowerP"]
	"Factor557" -> "PowerP560"
	"e561" [label="e"]
	"PowerP560" -> "e561"
	"TermP562" [label="TermP"]
	"Term556" -> "TermP562"
	"e563" [label="e"]
	"TermP562" -> "e563"
	"ExpressionP564" [label="ExpressionP"]
	"Expression555" -> "ExpressionP564"
	"e565" [label="e"]
	"ExpressionP564" -> "e565"
	"]566" [label="]",style=filled,fillcolor=powderblue]
	"Power552" -> "]566"

	"PowerP567" [label="PowerP"]
	"Factor551" -> "PowerP567"
	"e568" [label="e"]
	"PowerP567" -> "e568"
	"TermP569" [label="TermP"]
	"Term550" -> "TermP569"
	"e570" [label="e"]
	"TermP569" -> "e570"
	"ExpressionP571" [label="ExpressionP"]
	"Expression549" -> "ExpressionP571"
	"e572" [label="e"]
	"ExpressionP571" -> "e572"
	"Statements573" [label="Statements"]
	"Statements545" -> "Statements573"
	"Statement574" [label="Statement"]
	"Statements573" -> "Statement574"
	"Assignment575" [label="Assignment"]
	"Statement574" -> "Assignment575"
	"m576" [label="m",style=filled,fillcolor=powderblue]
	"Assignment575" -> "m576"
	"[577" [label="[",style=filled,fillcolor=powderblue]
	"Assignment575" -> "[577"
	"Expression578" [label="Expression"]
	"Assignment575" -> "Expression578"
	"Term579" [label="Term"]
	"Expression578" -> "Term579"
	"Factor580" [label="Factor"]
	"Term579" -> "Factor580"
	"Power581" [label="Power"]
	"Factor580" -> "Power581"
	"num582" [label="num",style=filled,fillcolor=powderblue]
	"Power581" -> "num582"
	"PowerP583" [label="PowerP"]
	"Factor580" -> "PowerP583"
	"e584" [label="e"]
	"PowerP583" -> "e584"
	"TermP585" [label="TermP"]
	"Term579" -> "TermP585"
	"e586" [label="e"]
	"TermP585" -> "e586"
	"ExpressionP587" [label="ExpressionP"]
	"Expression578" -> "ExpressionP587"
	"e588" [label="e"]
	"ExpressionP587" -> "e588"
	"]589" [label="]",style=filled,fillcolor=powderblue]
	"Assignment575" -> "]589"
	"=590" [label="=",style=filled,fillcolor=powderblue]
	"Assignment575" -> "=590"
	"Expression591" [label="Expression"]
	"Assignment575" -> "Expression591"
	"Term592" [label="Term"]
	"Expression591" -> "Term592"
	"Factor593" [label="Factor"]
	"Term592" -> "Factor593"
	"Power594" [label="Power"]
	"Factor593" -> "Power594"
	"num595" [label="num",style=filled,fillcolor=powderblue]
	"Power594" -> "num595"
	"PowerP596" [label="PowerP"]
	"Factor593" -> "PowerP596"
	"e597" [label="e"]
	"PowerP596" -> "e597"
	"TermP598" [label="TermP"]
	"Term592" -> "TermP598"
	"/599" [label="/",style=filled,fillcolor=powderblue]
	"TermP598" -> "/599"
	"Power600" [label="Power"]
	"TermP598" -> "Power600"
	"num601" [label="num",style=filled,fillcolor=powderblue]
	"Power600" -> "num601"
	"TermP602" [label="TermP"]
	"TermP598" -> "TermP602"
	"*603" [label="*",style=filled,fillcolor=powderblue]
	"TermP602" -> "*603"
	"Power604" [label="Power"]
	"TermP602" -> "Power604"
	"num605" [label="num",style=filled,fillcolor=powderblue]
	"Power604" -> "num605"

	"TermP606" [label="TermP"]
	"TermP602" -> "TermP606"
	"e607" [label="e"]
	"TermP606" -> "e607"
	"ExpressionP608" [label="ExpressionP"]
	"Expression591" -> "ExpressionP608"
	"e609" [label="e"]
	"ExpressionP608" -> "e609"
	"Statements610" [label="Statements"]
	"Statements573" -> "Statements610"
	"Statement611" [label="Statement"]
	"Statements610" -> "Statement611"
	"Jump612" [label="Jump"]
	"Statement611" -> "Jump612"
	"goto613" [label="goto",style=filled,fillcolor=powderblue]
	"Jump612" -> "goto613"
	"GotoZ614" [label="GotoZ"]
	"Jump612" -> "GotoZ614"
	"num615" [label="num",style=filled,fillcolor=powderblue]
	"GotoZ614" -> "num615"

	"NumZ616" [label="NumZ"]
	"GotoZ614" -> "NumZ616"
	"e617" [label="e"]
	"NumZ616" -> "e617"
	"Statements618" [label="Statements"]
	"Statements610" -> "Statements618"
	"Statement619" [label="Statement"]
	"Statements618" -> "Statement619"
	"Assignment620" [label="Assignment"]
	"Statement619" -> "Assignment620"
	"m621" [label="m",style=filled,fillcolor=powderblue]
	"Assignment620" -> "m621"
	"[622" [label="[",style=filled,fillcolor=powderblue]
	"Assignment620" -> "[622"
	"Expression623" [label="Expression"]
	"Assignment620" -> "Expression623"
	"Term624" [label="Term"]
	"Expression623" -> "Term624"
	"Factor625" [label="Factor"]
	"Term624" -> "Factor625"
	"Power626" [label="Power"]
	"Factor625" -> "Power626"
	"num627" [label="num",style=filled,fillcolor=powderblue]
	"Power626" -> "num627"
	"PowerP628" [label="PowerP"]
	"Factor625" -> "PowerP628"
	"e629" [label="e"]
	"PowerP628" -> "e629"
	"TermP630" [label="TermP"]
	"Term624" -> "TermP630"
	"e631" [label="e"]
	"TermP630" -> "e631"
	"ExpressionP632" [label="ExpressionP"]
	"Expression623" -> "ExpressionP632"
	"e633" [label="e"]
	"ExpressionP632" -> "e633"
	"]634" [label="]",style=filled,fillcolor=powderblue]
	"Assignment620" -> "]634"
	"=635" [label="=",style=filled,fillcolor=powderblue]
	"Assignment620" -> "=635"
	"Expression636" [label="Expression"]
	"Assignment620" -> "Expression636"
	"Term637" [label="Term"]
	"Expression636" -> "Term637"
	"Factor638" [label="Factor"]
	"Term637" -> "Factor638"
	"Power639" [label="Power"]
	"Factor638" -> "Power639"
	"num640" [label="num",style=filled,fillcolor=powderblue]
	"Power639" -> "num640"
	"PowerP641" [label="PowerP"]
	"Factor638" -> "PowerP641"
	"e642" [label="e"]
	"PowerP641" -> "e642"
	"TermP643" [label="TermP"]
	"Term637" -> "TermP643"
	"e644" [label="e"]
	"TermP643" -> "e644"
	"ExpressionP645" [label="ExpressionP"]
	"Expression636" -> "ExpressionP645"
	"+646" [label="+",style=filled,fillcolor=powderblue]
	"ExpressionP645" -> "+646"
	"Term647" [label="Term"]
	"ExpressionP645" -> "Term647"
	"Factor648" [label="Factor"]
	"Term647" -> "Factor648"
	"Power649" [label="Power"]
	"Factor648" -> "Power649"
	"m650" [label="m",style=filled,fillcolor=powderblue]
	"Power649" -> "m650"
	"[651" [label="[",style=filled,fillcolor=powderblue]
	"Power649" -> "[651"
	"Expression652" [label="Expression"]
	"Power649" -> "Expression652"
	"Term653" [label="Term"]
	"Expression652" -> "Term653"
	"Factor654" [label="Factor"]
	"Term653" -> "Factor654"
	"Power655" [label="Power"]
	"Factor654" -> "Power655"
	"num656" [label="num",style=filled,fillcolor=powderblue]
	"Power655" -> "num656"
	"PowerP657" [label="PowerP"]
	"Factor654" -> "PowerP657"
	"e658" [label="e"]
	"PowerP657" -> "e658"
	"TermP659" [label="TermP"]
	"Term653" -> "TermP659"
	"e660" [label="e"]
	"TermP659" -> "e660"
	"ExpressionP661" [label="ExpressionP"]
	"Expression652" -> "ExpressionP661"
	"e662" [label="e"]
	"ExpressionP661" -> "e662"
	"]663" [label="]",style=filled,fillcolor=powderblue]
	"Power649" -> "]663"

	"PowerP664" [label="PowerP"]
	"Factor648" -> "PowerP664"
	"e665" [label="e"]
	"PowerP664" -> "e665"
	"TermP666" [label="TermP"]
	"Term647" -> "TermP666"
	"e667" [label="e"]
	"TermP666" -> "e667"
	"ExpressionP668" [label="ExpressionP"]
	"ExpressionP645" -> "ExpressionP668"
	"e669" [label="e"]
	"ExpressionP668" -> "e669"
	"Statements670" [label="Statements"]
	"Statements618" -> "Statements670"
	"Statement671" [label="Statement"]
	"Statements670" -> "Statement671"
	"Assignment672" [label="Assignment"]
	"Statement671" -> "Assignment672"
	"m673" [label="m",style=filled,fillcolor=powderblue]
	"Assignment672" -> "m673"
	"[674" [label="[",style=filled,fillcolor=powderblue]
	"Assignment672" -> "[674"
	"Expression675" [label="Expression"]
	"Assignment672" -> "Expression675"
	"Term676" [label="Term"]
	"Expression675" -> "Term676"
	"Factor677" [label="Factor"]
	"Term676" -> "Factor677"
	"Power678" [label="Power"]
	"Factor677" -> "Power678"
	"num679" [label="num",style=filled,fillcolor=powderblue]
	"Power678" -> "num679"
	"PowerP680" [label="PowerP"]
	"Factor677" -> "PowerP680"
	"e681" [label="e"]
	"PowerP680" -> "e681"
	"TermP682" [label="TermP"]
	"Term676" -> "TermP682"
	"e683" [label="e"]
	"TermP682" -> "e683"
	"ExpressionP684" [label="ExpressionP"]
	"Expression675" -> "ExpressionP684"
	"e685" [label="e"]
	"ExpressionP684" -> "e685"
	"]686" [label="]",style=filled,fillcolor=powderblue]
	"Assignment672" -> "]686"
	"=687" [label="=",style=filled,fillcolor=powderblue]
	"Assignment672" -> "=687"
	"Expression688" [label="Expression"]
	"Assignment672" -> "Expression688"
	"Term689" [label="Term"]
	"Expression688" -> "Term689"
	"Factor690" [label="Factor"]
	"Term689" -> "Factor690"
	"Power691" [label="Power"]
	"Factor690" -> "Power691"
	"num692" [label="num",style=filled,fillcolor=powderblue]
	"Power691" -> "num692"
	"PowerP693" [label="PowerP"]
	"Factor690" -> "PowerP693"
	"e694" [label="e"]
	"PowerP693" -> "e694"
	"TermP695" [label="TermP"]
	"Term689" -> "TermP695"
	"e696" [label="e"]
	"TermP695" -> "e696"
	"ExpressionP697" [label="ExpressionP"]
	"Expression688" -> "ExpressionP697"
	"-698" [label="-",style=filled,fillcolor=powderblue]
	"ExpressionP697" -> "-698"
	"Term699" [label="Term"]
	"ExpressionP697" -> "Term699"
	"Factor700" [label="Factor"]
	"Term699" -> "Factor700"
	"Power701" [label="Power"]
	"Factor700" -> "Power701"
	"m702" [label="m",style=filled,fillcolor=powderblue]
	"Power701" -> "m702"
	"[703" [label="[",style=filled,fillcolor=powderblue]
	"Power701" -> "[703"
	"Expression704" [label="Expression"]
	"Power701" -> "Expression704"
	"Term705" [label="Term"]
	"Expression704" -> "Term705"
	"Factor706" [label="Factor"]
	"Term705" -> "Factor706"
	"Power707" [label="Power"]
	"Factor706" -> "Power707"
	"num708" [label="num",style=filled,fillcolor=powderblue]
	"Power707" -> "num708"
	"PowerP709" [label="PowerP"]
	"Factor706" -> "PowerP709"
	"**710" [label="**",style=filled,fillcolor=powderblue]
	"PowerP709" -> "**710"
	"Factor711" [label="Factor"]
	"PowerP709" -> "Factor711"
	"Power712" [label="Power"]
	"Factor711" -> "Power712"
	"num713" [label="num",style=filled,fillcolor=powderblue]
	"Power712" -> "num713"
	"PowerP714" [label="PowerP"]
	"Factor711" -> "PowerP714"
	"e715" [label="e"]
	"PowerP714" -> "e715"
	"TermP716" [label="TermP"]
	"Term705" -> "TermP716"
	"*717" [label="*",style=filled,fillcolor=powderblue]
	"TermP716" -> "*717"
	"Power718" [label="Power"]
	"TermP716" -> "Power718"
	"num719" [label="num",style=filled,fillcolor=powderblue]
	"Power718" -> "num719"
	"TermP720" [label="TermP"]
	"TermP716" -> "TermP720"
	"e721" [label="e"]
	"TermP720" -> "e721"
	"ExpressionP722" [label="ExpressionP"]
	"Expression704" -> "ExpressionP722"
	"-723" [label="-",style=filled,fillcolor=powderblue]
	"ExpressionP722" -> "-723"
	"Term724" [label="Term"]
	"ExpressionP722" -> "Term724"
	"Factor725" [label="Factor"]
	"Term724" -> "Factor725"
	"Power726" [label="Power"]
	"Factor725" -> "Power726"
	"num727" [label="num",style=filled,fillcolor=powderblue]
	"Power726" -> "num727"
	"PowerP728" [label="PowerP"]
	"Factor725" -> "PowerP728"
	"e729" [label="e"]
	"PowerP728" -> "e729"
	"TermP730" [label="TermP"]
	"Term724" -> "TermP730"
	"e731" [label="e"]
	"TermP730" -> "e731"
	"ExpressionP732" [label="ExpressionP"]
	"ExpressionP722" -> "ExpressionP732"
	"e733" [label="e"]
	"ExpressionP732" -> "e733"
	"]734" [label="]",style=filled,fillcolor=powderblue]
	"Power701" -> "]734"
	"PowerP735" [label="PowerP"]
	"Factor700" -> "PowerP735"
	"e736" [label="e"]
	"PowerP735" -> "e736"
	"TermP737" [label="TermP"]
	"Term699" -> "TermP737"
	"e738" [label="e"]
	"TermP737" -> "e738"
	"ExpressionP739" [label="ExpressionP"]
	"ExpressionP697" -> "ExpressionP739"
	"-740" [label="-",style=filled,fillcolor=powderblue]
	"ExpressionP739" -> "-740"
	"Term741" [label="Term"]
	"ExpressionP739" -> "Term741"
	"Factor742" [label="Factor"]
	"Term741" -> "Factor742"
	"Power743" [label="Power"]
	"Factor742" -> "Power743"
	"num744" [label="num",style=filled,fillcolor=powderblue]
	"Power743" -> "num744"

	"PowerP745" [label="PowerP"]
	"Factor742" -> "PowerP745"
	"e746" [label="e"]
	"PowerP745" -> "e746"
	"TermP747" [label="TermP"]
	"Term741" -> "TermP747"
	"e748" [label="e"]
	"TermP747" -> "e748"
	"ExpressionP749" [label="ExpressionP"]
	"ExpressionP739" -> "ExpressionP749"
	"e750" [label="e"]
	"ExpressionP749" -> "e750"
	"Statements751" [label="Statements"]
	"Statements670" -> "Statements751"
	"Statement752" [label="Statement"]
	"Statements751" -> "Statement752"
	"Label753" [label="Label"]
	"Statement752" -> "Label753"
	"L754" [label="L",style=filled,fillcolor=powderblue]
	"Label753" -> "L754"
	"num755" [label="num",style=filled,fillcolor=powderblue]
	"Label753" -> "num755"
	":756" [label=":",style=filled,fillcolor=powderblue]
	"Label753" -> ":756"

	"Statements757" [label="Statements"]
	"Statements751" -> "Statements757"
	"Statement758" [label="Statement"]
	"Statements757" -> "Statement758"
	"Assignment759" [label="Assignment"]
	"Statement758" -> "Assignment759"
	"m760" [label="m",style=filled,fillcolor=powderblue]
	"Assignment759" -> "m760"
	"[761" [label="[",style=filled,fillcolor=powderblue]
	"Assignment759" -> "[761"
	"Expression762" [label="Expression"]
	"Assignment759" -> "Expression762"
	"Term763" [label="Term"]
	"Expression762" -> "Term763"
	"Factor764" [label="Factor"]
	"Term763" -> "Factor764"
	"Power765" [label="Power"]
	"Factor764" -> "Power765"
	"num766" [label="num",style=filled,fillcolor=powderblue]
	"Power765" -> "num766"
	"PowerP767" [label="PowerP"]
	"Factor764" -> "PowerP767"
	"e768" [label="e"]
	"PowerP767" -> "e768"
	"TermP769" [label="TermP"]
	"Term763" -> "TermP769"
	"e770" [label="e"]
	"TermP769" -> "e770"
	"ExpressionP771" [label="ExpressionP"]
	"Expression762" -> "ExpressionP771"
	"e772" [label="e"]
	"ExpressionP771" -> "e772"
	"]773" [label="]",style=filled,fillcolor=powderblue]
	"Assignment759" -> "]773"
	"=774" [label="=",style=filled,fillcolor=powderblue]
	"Assignment759" -> "=774"
	"Expression775" [label="Expression"]
	"Assignment759" -> "Expression775"
	"Term776" [label="Term"]
	"Expression775" -> "Term776"
	"Factor777" [label="Factor"]
	"Term776" -> "Factor777"
	"Power778" [label="Power"]
	"Factor777" -> "Power778"
	"num779" [label="num",style=filled,fillcolor=powderblue]
	"Power778" -> "num779"
	"PowerP780" [label="PowerP"]
	"Factor777" -> "PowerP780"
	"e781" [label="e"]
	"PowerP780" -> "e781"
	"TermP782" [label="TermP"]
	"Term776" -> "TermP782"
	"e783" [label="e"]
	"TermP782" -> "e783"
	"ExpressionP784" [label="ExpressionP"]
	"Expression775" -> "ExpressionP784"
	"-785" [label="-",style=filled,fillcolor=powderblue]
	"ExpressionP784" -> "-785"
	"Term786" [label="Term"]
	"ExpressionP784" -> "Term786"
	"Factor787" [label="Factor"]
	"Term786" -> "Factor787"
	"Power788" [label="Power"]
	"Factor787" -> "Power788"
	"(789" [label="(",style=filled,fillcolor=powderblue]
	"Power788" -> "(789"
	"Expression790" [label="Expression"]
	"Power788" -> "Expression790"
	"Term791" [label="Term"]
	"Expression790" -> "Term791"
	"Factor792" [label="Factor"]
	"Term791" -> "Factor792"
	"Power793" [label="Power"]
	"Factor792" -> "Power793"
	"m794" [label="m",style=filled,fillcolor=powderblue]
	"Power793" -> "m794"
	"[795" [label="[",style=filled,fillcolor=powderblue]
	"Power793" -> "[795"
	"Expression796" [label="Expression"]
	"Power793" -> "Expression796"
	"Term797" [label="Term"]
	"Expression796" -> "Term797"
	"Factor798" [label="Factor"]
	"Term797" -> "Factor798"
	"Power799" [label="Power"]
	"Factor798" -> "Power799"
	"num800" [label="num",style=filled,fillcolor=powderblue]
	"Power799" -> "num800"
	"PowerP801" [label="PowerP"]
	"Factor798" -> "PowerP801"
	"e802" [label="e"]
	"PowerP801" -> "e802"
	"TermP803" [label="TermP"]
	"Term797" -> "TermP803"
	"e804" [label="e"]
	"TermP803" -> "e804"
	"ExpressionP805" [label="ExpressionP"]
	"Expression796" -> "ExpressionP805"
	"e806" [label="e"]
	"ExpressionP805" -> "e806"
	"]807" [label="]",style=filled,fillcolor=powderblue]
	"Power793" -> "]807"
	"PowerP808" [label="PowerP"]
	"Factor792" -> "PowerP808"
	"e809" [label="e"]
	"PowerP808" -> "e809"
	"TermP810" [label="TermP"]
	"Term791" -> "TermP810"
	"e811" [label="e"]
	"TermP810" -> "e811"
	"ExpressionP812" [label="ExpressionP"]
	"Expression790" -> "ExpressionP812"
	"-813" [label="-",style=filled,fillcolor=powderblue]
	"ExpressionP812" -> "-813"
	"Term814" [label="Term"]
	"ExpressionP812" -> "Term814"
	"Factor815" [label="Factor"]
	"Term814" -> "Factor815"
	"Power816" [label="Power"]
	"Factor815" -> "Power816"
	"num817" [label="num",style=filled,fillcolor=powderblue]
	"Power816" -> "num817"
	"PowerP818" [label="PowerP"]
	"Factor815" -> "PowerP818"
	"e819" [label="e"]
	"PowerP818" -> "e819"
	"TermP820" [label="TermP"]
	"Term814" -> "TermP820"
	"e821" [label="e"]
	"TermP820" -> "e821"
	"ExpressionP822" [label="ExpressionP"]
	"ExpressionP812" -> "ExpressionP822"
	"e823" [label="e"]
	"ExpressionP822" -> "e823"
	")824" [label=")",style=filled,fillcolor=powderblue]
	"Power788" -> ")824"

	"PowerP825" [label="PowerP"]
	"Factor787" -> "PowerP825"
	"e826" [label="e"]
	"PowerP825" -> "e826"
	"TermP827" [label="TermP"]
	"Term786" -> "TermP827"
	"e828" [label="e"]
	"TermP827" -> "e828"
	"ExpressionP829" [label="ExpressionP"]
	"ExpressionP784" -> "ExpressionP829"
	"e830" [label="e"]
	"ExpressionP829" -> "e830"
	"Statements831" [label="Statements"]
	"Statements757" -> "Statements831"
	"Statement832" [label="Statement"]
	"Statements831" -> "Statement832"
	"Jump833" [label="Jump"]
	"Statement832" -> "Jump833"
	"goto834" [label="goto",style=filled,fillcolor=powderblue]
	"Jump833" -> "goto834"
	"GotoZ835" [label="GotoZ"]
	"Jump833" -> "GotoZ835"
	"num836" [label="num",style=filled,fillcolor=powderblue]
	"GotoZ835" -> "num836"
	"NumZ837" [label="NumZ"]
	"GotoZ835" -> "NumZ837"
	"if838" [label="if",style=filled,fillcolor=powderblue]
	"NumZ837" -> "if838"
	"Expression839" [label="Expression"]
	"NumZ837" -> "Expression839"
	"Term840" [label="Term"]
	"Expression839" -> "Term840"
	"Factor841" [label="Factor"]
	"Term840" -> "Factor841"
	"Power842" [label="Power"]
	"Factor841" -> "Power842"
	"m843" [label="m",style=filled,fillcolor=powderblue]
	"Power842" -> "m843"
	"[844" [label="[",style=filled,fillcolor=powderblue]
	"Power842" -> "[844"
	"Expression845" [label="Expression"]
	"Power842" -> "Expression845"
	"Term846" [label="Term"]
	"Expression845" -> "Term846"
	"Factor847" [label="Factor"]
	"Term846" -> "Factor847"
	"Power848" [label="Power"]
	"Factor847" -> "Power848"
	"num849" [label="num",style=filled,fillcolor=powderblue]
	"Power848" -> "num849"
	"PowerP850" [label="PowerP"]
	"Factor847" -> "PowerP850"
	"e851" [label="e"]
	"PowerP850" -> "e851"
	"TermP852" [label="TermP"]
	"Term846" -> "TermP852"
	"e853" [label="e"]
	"TermP852" -> "e853"
	"ExpressionP854" [label="ExpressionP"]
	"Expression845" -> "ExpressionP854"
	"e855" [label="e"]
	"ExpressionP854" -> "e855"
	"]856" [label="]",style=filled,fillcolor=powderblue]
	"Power842" -> "]856"

	"PowerP857" [label="PowerP"]
	"Factor841" -> "PowerP857"
	"e858" [label="e"]
	"PowerP857" -> "e858"
	"TermP859" [label="TermP"]
	"Term840" -> "TermP859"
	"e860" [label="e"]
	"TermP859" -> "e860"
	"ExpressionP861" [label="ExpressionP"]
	"Expression839" -> "ExpressionP861"
	"e862" [label="e"]
	"ExpressionP861" -> "e862"
	"Statements863" [label="Statements"]
	"Statements831" -> "Statements863"
	"Statement864" [label="Statement"]
	"Statements863" -> "Statement864"
	"Jump865" [label="Jump"]
	"Statement864" -> "Jump865"
	"goto866" [label="goto",style=filled,fillcolor=powderblue]
	"Jump865" -> "goto866"
	"GotoZ867" [label="GotoZ"]
	"Jump865" -> "GotoZ867"
	"num868" [label="num",style=filled,fillcolor=powderblue]
	"GotoZ867" -> "num868"

	"NumZ869" [label="NumZ"]
	"GotoZ867" -> "NumZ869"
	"e870" [label="e"]
	"NumZ869" -> "e870"
	"Statements871" [label="Statements"]
	"Statements863" -> "Statements871"
	"Statement872" [label="Statement"]
	"Statements871" -> "Statement872"
	"Assignment873" [label="Assignment"]
	"Statement872" -> "Assignment873"
	"m874" [label="m",style=filled,fillcolor=powderblue]
	"Assignment873" -> "m874"
	"[875" [label="[",style=filled,fillcolor=powderblue]
	"Assignment873" -> "[875"
	"Expression876" [label="Expression"]
	"Assignment873" -> "Expression876"
	"Term877" [label="Term"]
	"Expression876" -> "Term877"
	"Factor878" [label="Factor"]
	"Term877" -> "Factor878"
	"Power879" [label="Power"]
	"Factor878" -> "Power879"
	"num880" [label="num",style=filled,fillcolor=powderblue]
	"Power879" -> "num880"
	"PowerP881" [label="PowerP"]
	"Factor878" -> "PowerP881"
	"e882" [label="e"]
	"PowerP881" -> "e882"
	"TermP883" [label="TermP"]
	"Term877" -> "TermP883"
	"e884" [label="e"]
	"TermP883" -> "e884"
	"ExpressionP885" [label="ExpressionP"]
	"Expression876" -> "ExpressionP885"
	"e886" [label="e"]
	"ExpressionP885" -> "e886"
	"]887" [label="]",style=filled,fillcolor=powderblue]
	"Assignment873" -> "]887"
	"=888" [label="=",style=filled,fillcolor=powderblue]
	"Assignment873" -> "=888"
	"Expression889" [label="Expression"]
	"Assignment873" -> "Expression889"
	"Term890" [label="Term"]
	"Expression889" -> "Term890"
	"Factor891" [label="Factor"]
	"Term890" -> "Factor891"
	"Power892" [label="Power"]
	"Factor891" -> "Power892"
	"num893" [label="num",style=filled,fillcolor=powderblue]
	"Power892" -> "num893"
	"PowerP894" [label="PowerP"]
	"Factor891" -> "PowerP894"
	"e895" [label="e"]
	"PowerP894" -> "e895"
	"TermP896" [label="TermP"]
	"Term890" -> "TermP896"
	"e897" [label="e"]
	"TermP896" -> "e897"
	"ExpressionP898" [label="ExpressionP"]
	"Expression889" -> "ExpressionP898"
	"+899" [label="+",style=filled,fillcolor=powderblue]
	"ExpressionP898" -> "+899"
	"Term900" [label="Term"]
	"ExpressionP898" -> "Term900"
	"Factor901" [label="Factor"]
	"Term900" -> "Factor901"
	"Power902" [label="Power"]
	"Factor901" -> "Power902"
	"m903" [label="m",style=filled,fillcolor=powderblue]
	"Power902" -> "m903"
	"[904" [label="[",style=filled,fillcolor=powderblue]
	"Power902" -> "[904"
	"Expression905" [label="Expression"]
	"Power902" -> "Expression905"
	"Term906" [label="Term"]
	"Expression905" -> "Term906"
	"Factor907" [label="Factor"]
	"Term906" -> "Factor907"
	"Power908" [label="Power"]
	"Factor907" -> "Power908"
	"num909" [label="num",style=filled,fillcolor=powderblue]
	"Power908" -> "num909"
	"PowerP910" [label="PowerP"]
	"Factor907" -> "PowerP910"
	"e911" [label="e"]
	"PowerP910" -> "e911"
	"TermP912" [label="TermP"]
	"Term906" -> "TermP912"
	"e913" [label="e"]
	"TermP912" -> "e913"
	"ExpressionP914" [label="ExpressionP"]
	"Expression905" -> "ExpressionP914"
	"e915" [label="e"]
	"ExpressionP914" -> "e915"
	"]916" [label="]",style=filled,fillcolor=powderblue]
	"Power902" -> "]916"

	"PowerP917" [label="PowerP"]
	"Factor901" -> "PowerP917"
	"e918" [label="e"]
	"PowerP917" -> "e918"
	"TermP919" [label="TermP"]
	"Term900" -> "TermP919"
	"e920" [label="e"]
	"TermP919" -> "e920"
	"ExpressionP921" [label="ExpressionP"]
	"ExpressionP898" -> "ExpressionP921"
	"e922" [label="e"]
	"ExpressionP921" -> "e922"
	"Statements923" [label="Statements"]
	"Statements871" -> "Statements923"
	"Statement924" [label="Statement"]
	"Statements923" -> "Statement924"
	"Assignment925" [label="Assignment"]
	"Statement924" -> "Assignment925"
	"m926" [label="m",style=filled,fillcolor=powderblue]
	"Assignment925" -> "m926"
	"[927" [label="[",style=filled,fillcolor=powderblue]
	"Assignment925" -> "[927"
	"Expression928" [label="Expression"]
	"Assignment925" -> "Expression928"
	"Term929" [label="Term"]
	"Expression928" -> "Term929"
	"Factor930" [label="Factor"]
	"Term929" -> "Factor930"
	"Power931" [label="Power"]
	"Factor930" -> "Power931"
	"num932" [label="num",style=filled,fillcolor=powderblue]
	"Power931" -> "num932"
	"PowerP933" [label="PowerP"]
	"Factor930" -> "PowerP933"
	"e934" [label="e"]
	"PowerP933" -> "e934"
	"TermP935" [label="TermP"]
	"Term929" -> "TermP935"
	"e936" [label="e"]
	"TermP935" -> "e936"
	"ExpressionP937" [label="ExpressionP"]
	"Expression928" -> "ExpressionP937"
	"e938" [label="e"]
	"ExpressionP937" -> "e938"
	"]939" [label="]",style=filled,fillcolor=powderblue]
	"Assignment925" -> "]939"
	"=940" [label="=",style=filled,fillcolor=powderblue]
	"Assignment925" -> "=940"
	"Expression941" [label="Expression"]
	"Assignment925" -> "Expression941"
syntax error: found goto in parsing Expression - line 22
