digraph G {
	"Start1" [label="Start"]
	"Statements2" [label="Statements"]
	"Start1" -> "Statements2"
	"Statement3" [label="Statement"]
	"Statements2" -> "Statement3"
	"Assignment4" [label="Assignment"]
	"Statement3" -> "Assignment4"
	"m5" [label="m",style=filled,fillcolor=powderblue]
	"Assignment4" -> "m5"
	"[6" [label="[",style=filled,fillcolor=powderblue]
	"Assignment4" -> "[6"
	"Expression7" [label="Expression"]
	"Assignment4" -> "Expression7"
	"A8" [label="A"]
	"Expression7" -> "A8"
	"C9" [label="C"]
	"A8" -> "C9"
	"F10" [label="F"]
	"C9" -> "F10"
	"num11" [label="num",style=filled,fillcolor=powderblue]
	"F10" -> "num11"
	"G12" [label="G"]
	"C9" -> "G12"
	"e13" [label="e"]
	"G12" -> "e13"
	"D14" [label="D"]
	"A8" -> "D14"
	"e15" [label="e"]
	"D14" -> "e15"
	"B16" [label="B"]
	"Expression7" -> "B16"
	"e17" [label="e"]
	"B16" -> "e17"
	"]18" [label="]",style=filled,fillcolor=powderblue]
	"Assignment4" -> "]18"
	"=19" [label="=",style=filled,fillcolor=powderblue]
	"Assignment4" -> "=19"
	"Expression20" [label="Expression"]
	"Assignment4" -> "Expression20"
	"A21" [label="A"]
	"Expression20" -> "A21"
	"C22" [label="C"]
	"A21" -> "C22"
	"F23" [label="F"]
	"C22" -> "F23"
	"m24" [label="m",style=filled,fillcolor=powderblue]
	"F23" -> "m24"
	"[25" [label="[",style=filled,fillcolor=powderblue]
	"F23" -> "[25"
	"Expression26" [label="Expression"]
	"F23" -> "Expression26"
	"A27" [label="A"]
	"Expression26" -> "A27"
	"C28" [label="C"]
	"A27" -> "C28"
	"F29" [label="F"]
	"C28" -> "F29"
	"num30" [label="num",style=filled,fillcolor=powderblue]
	"F29" -> "num30"
	"G31" [label="G"]
	"C28" -> "G31"
	"e32" [label="e"]
	"G31" -> "e32"
	"D33" [label="D"]
	"A27" -> "D33"
	"e34" [label="e"]
	"D33" -> "e34"
	"B35" [label="B"]
	"Expression26" -> "B35"
	"e36" [label="e"]
	"B35" -> "e36"
	"]37" [label="]",style=filled,fillcolor=powderblue]
	"F23" -> "]37"
	"G38" [label="G"]
	"C22" -> "G38"
	"e39" [label="e"]
	"G38" -> "e39"
	"D40" [label="D"]
	"A21" -> "D40"
	"e41" [label="e"]
	"D40" -> "e41"
	"B42" [label="B"]
	"Expression20" -> "B42"
	"-43" [label="-",style=filled,fillcolor=powderblue]
	"B42" -> "-43"
	"A44" [label="A"]
	"B42" -> "A44"
	"C45" [label="C"]
	"A44" -> "C45"
	"F46" [label="F"]
	"C45" -> "F46"
	"num47" [label="num",style=filled,fillcolor=powderblue]
	"F46" -> "num47"
	"G48" [label="G"]
	"C45" -> "G48"

	"e49" [label="e"]
	"G48" -> "e49"
	"D50" [label="D"]
	"A44" -> "D50"
	"e51" [label="e"]
	"D50" -> "e51"
	"B52" [label="B"]
	"B42" -> "B52"
	"e53" [label="e"]
	"B52" -> "e53"
	"Statements54" [label="Statements"]
	"Statements2" -> "Statements54"
	"Statement55" [label="Statement"]
	"Statements54" -> "Statement55"
	"Assignment56" [label="Assignment"]
	"Statement55" -> "Assignment56"
	"m57" [label="m",style=filled,fillcolor=powderblue]
	"Assignment56" -> "m57"
	"[58" [label="[",style=filled,fillcolor=powderblue]
	"Assignment56" -> "[58"
	"Expression59" [label="Expression"]
	"Assignment56" -> "Expression59"
	"A60" [label="A"]
	"Expression59" -> "A60"
	"C61" [label="C"]
	"A60" -> "C61"
	"F62" [label="F"]
	"C61" -> "F62"
	"num63" [label="num",style=filled,fillcolor=powderblue]
	"F62" -> "num63"
	"G64" [label="G"]
	"C61" -> "G64"
	"e65" [label="e"]
	"G64" -> "e65"
	"D66" [label="D"]
	"A60" -> "D66"
	"e67" [label="e"]
	"D66" -> "e67"
	"B68" [label="B"]
	"Expression59" -> "B68"
	"e69" [label="e"]
	"B68" -> "e69"
	"]70" [label="]",style=filled,fillcolor=powderblue]
	"Assignment56" -> "]70"
	"=71" [label="=",style=filled,fillcolor=powderblue]
	"Assignment56" -> "=71"
	"Expression72" [label="Expression"]
	"Assignment56" -> "Expression72"
	"A73" [label="A"]
	"Expression72" -> "A73"
	"C74" [label="C"]
	"A73" -> "C74"
	"F75" [label="F"]
	"C74" -> "F75"
	"num76" [label="num",style=filled,fillcolor=powderblue]
	"F75" -> "num76"
	"G77" [label="G"]
	"C74" -> "G77"
	"e78" [label="e"]
	"G77" -> "e78"
	"D79" [label="D"]
	"A73" -> "D79"
	"/80" [label="/",style=filled,fillcolor=powderblue]
	"D79" -> "/80"
	"C81" [label="C"]
	"D79" -> "C81"
	"F82" [label="F"]
	"C81" -> "F82"
	"num83" [label="num",style=filled,fillcolor=powderblue]
	"F82" -> "num83"
	"G84" [label="G"]
	"C81" -> "G84"
	"e85" [label="e"]
	"G84" -> "e85"
	"D86" [label="D"]
	"D79" -> "D86"
	"*87" [label="*",style=filled,fillcolor=powderblue]
	"D86" -> "*87"
	"C88" [label="C"]
	"D86" -> "C88"
	"F89" [label="F"]
	"C88" -> "F89"
	"num90" [label="num",style=filled,fillcolor=powderblue]
	"F89" -> "num90"
	"G91" [label="G"]
	"C88" -> "G91"

	"e92" [label="e"]
	"G91" -> "e92"
	"D93" [label="D"]
	"D86" -> "D93"
	"e94" [label="e"]
	"D93" -> "e94"
	"B95" [label="B"]
	"Expression72" -> "B95"
	"e96" [label="e"]
	"B95" -> "e96"
	"Statements97" [label="Statements"]
	"Statements54" -> "Statements97"
	"Statement98" [label="Statement"]
	"Statements97" -> "Statement98"
	"Assignment99" [label="Assignment"]
	"Statement98" -> "Assignment99"
	"m100" [label="m",style=filled,fillcolor=powderblue]
	"Assignment99" -> "m100"
	"[101" [label="[",style=filled,fillcolor=powderblue]
	"Assignment99" -> "[101"
	"Expression102" [label="Expression"]
	"Assignment99" -> "Expression102"
	"A103" [label="A"]
	"Expression102" -> "A103"
	"C104" [label="C"]
	"A103" -> "C104"
	"F105" [label="F"]
	"C104" -> "F105"
	"num106" [label="num",style=filled,fillcolor=powderblue]
	"F105" -> "num106"
	"G107" [label="G"]
	"C104" -> "G107"
	"e108" [label="e"]
	"G107" -> "e108"
	"D109" [label="D"]
	"A103" -> "D109"
	"e110" [label="e"]
	"D109" -> "e110"
	"B111" [label="B"]
	"Expression102" -> "B111"
	"e112" [label="e"]
	"B111" -> "e112"
	"]113" [label="]",style=filled,fillcolor=powderblue]
	"Assignment99" -> "]113"
	"=114" [label="=",style=filled,fillcolor=powderblue]
	"Assignment99" -> "=114"
	"Expression115" [label="Expression"]
	"Assignment99" -> "Expression115"
	"A116" [label="A"]
	"Expression115" -> "A116"
	"C117" [label="C"]
	"A116" -> "C117"
	"F118" [label="F"]
	"C117" -> "F118"
	"num119" [label="num",style=filled,fillcolor=powderblue]
	"F118" -> "num119"
	"G120" [label="G"]
	"C117" -> "G120"
	"e121" [label="e"]
	"G120" -> "e121"
	"D122" [label="D"]
	"A116" -> "D122"
	"e123" [label="e"]
	"D122" -> "e123"
	"B124" [label="B"]
	"Expression115" -> "B124"
	"+125" [label="+",style=filled,fillcolor=powderblue]
	"B124" -> "+125"
	"A126" [label="A"]
	"B124" -> "A126"
	"C127" [label="C"]
	"A126" -> "C127"
	"F128" [label="F"]
	"C127" -> "F128"
	"num129" [label="num",style=filled,fillcolor=powderblue]
	"F128" -> "num129"
	"G130" [label="G"]
	"C127" -> "G130"

	"e131" [label="e"]
	"G130" -> "e131"
	"D132" [label="D"]
	"A126" -> "D132"
	"e133" [label="e"]
	"D132" -> "e133"
	"B134" [label="B"]
	"B124" -> "B134"
	"e135" [label="e"]
	"B134" -> "e135"
	"Statements136" [label="Statements"]
	"Statements97" -> "Statements136"
	"Statement137" [label="Statement"]
	"Statements136" -> "Statement137"
	"Assignment138" [label="Assignment"]
	"Statement137" -> "Assignment138"
	"m139" [label="m",style=filled,fillcolor=powderblue]
	"Assignment138" -> "m139"
	"[140" [label="[",style=filled,fillcolor=powderblue]
	"Assignment138" -> "[140"
	"Expression141" [label="Expression"]
	"Assignment138" -> "Expression141"
	"A142" [label="A"]
	"Expression141" -> "A142"
	"C143" [label="C"]
	"A142" -> "C143"
	"F144" [label="F"]
	"C143" -> "F144"
	"num145" [label="num",style=filled,fillcolor=powderblue]
	"F144" -> "num145"
	"G146" [label="G"]
	"C143" -> "G146"
	"e147" [label="e"]
	"G146" -> "e147"
	"D148" [label="D"]
	"A142" -> "D148"
	"e149" [label="e"]
	"D148" -> "e149"
	"B150" [label="B"]
	"Expression141" -> "B150"
	"e151" [label="e"]
	"B150" -> "e151"
	"]152" [label="]",style=filled,fillcolor=powderblue]
	"Assignment138" -> "]152"
	"=153" [label="=",style=filled,fillcolor=powderblue]
	"Assignment138" -> "=153"
	"Expression154" [label="Expression"]
	"Assignment138" -> "Expression154"
	"A155" [label="A"]
	"Expression154" -> "A155"
	"C156" [label="C"]
	"A155" -> "C156"
	"F157" [label="F"]
	"C156" -> "F157"
	"num158" [label="num",style=filled,fillcolor=powderblue]
	"F157" -> "num158"
	"G159" [label="G"]
	"C156" -> "G159"
	"e160" [label="e"]
	"G159" -> "e160"
	"D161" [label="D"]
	"A155" -> "D161"
	"e162" [label="e"]
	"D161" -> "e162"
	"B163" [label="B"]
	"Expression154" -> "B163"
	"-164" [label="-",style=filled,fillcolor=powderblue]
	"B163" -> "-164"
	"A165" [label="A"]
	"B163" -> "A165"
	"C166" [label="C"]
	"A165" -> "C166"
	"F167" [label="F"]
	"C166" -> "F167"
	"(168" [label="(",style=filled,fillcolor=powderblue]
	"F167" -> "(168"
	"Expression169" [label="Expression"]
	"F167" -> "Expression169"
	"A170" [label="A"]
	"Expression169" -> "A170"
	"C171" [label="C"]
	"A170" -> "C171"
	"F172" [label="F"]
	"C171" -> "F172"
	"m173" [label="m",style=filled,fillcolor=powderblue]
	"F172" -> "m173"
	"[174" [label="[",style=filled,fillcolor=powderblue]
	"F172" -> "[174"
	"Expression175" [label="Expression"]
	"F172" -> "Expression175"
	"A176" [label="A"]
	"Expression175" -> "A176"
	"C177" [label="C"]
	"A176" -> "C177"
	"F178" [label="F"]
	"C177" -> "F178"
	"num179" [label="num",style=filled,fillcolor=powderblue]
	"F178" -> "num179"
	"G180" [label="G"]
	"C177" -> "G180"
	"e181" [label="e"]
	"G180" -> "e181"
	"D182" [label="D"]
	"A176" -> "D182"
	"e183" [label="e"]
	"D182" -> "e183"
	"B184" [label="B"]
	"Expression175" -> "B184"
	"e185" [label="e"]
	"B184" -> "e185"
	"]186" [label="]",style=filled,fillcolor=powderblue]
	"F172" -> "]186"
	"G187" [label="G"]
	"C171" -> "G187"
	"e188" [label="e"]
	"G187" -> "e188"
	"D189" [label="D"]
	"A170" -> "D189"
	"e190" [label="e"]
	"D189" -> "e190"
	"B191" [label="B"]
	"Expression169" -> "B191"
	"-192" [label="-",style=filled,fillcolor=powderblue]
	"B191" -> "-192"
	"A193" [label="A"]
	"B191" -> "A193"
	"C194" [label="C"]
	"A193" -> "C194"
	"F195" [label="F"]
	"C194" -> "F195"
	"num196" [label="num",style=filled,fillcolor=powderblue]
	"F195" -> "num196"
	"G197" [label="G"]
	"C194" -> "G197"
	"e198" [label="e"]
	"G197" -> "e198"
	"D199" [label="D"]
	"A193" -> "D199"
	"e200" [label="e"]
	"D199" -> "e200"
	"B201" [label="B"]
	"B191" -> "B201"
	"e202" [label="e"]
	"B201" -> "e202"
	")203" [label=")",style=filled,fillcolor=powderblue]
	"F167" -> ")203"
	"G204" [label="G"]
	"C166" -> "G204"

	"e205" [label="e"]
	"G204" -> "e205"
	"D206" [label="D"]
	"A165" -> "D206"
	"e207" [label="e"]
	"D206" -> "e207"
	"B208" [label="B"]
	"B163" -> "B208"
	"e209" [label="e"]
	"B208" -> "e209"
	"Statements210" [label="Statements"]
	"Statements136" -> "Statements210"
	"Statement211" [label="Statement"]
	"Statements210" -> "Statement211"
	"Assignment212" [label="Assignment"]
	"Statement211" -> "Assignment212"
	"m213" [label="m",style=filled,fillcolor=powderblue]
	"Assignment212" -> "m213"
	"[214" [label="[",style=filled,fillcolor=powderblue]
	"Assignment212" -> "[214"
	"Expression215" [label="Expression"]
	"Assignment212" -> "Expression215"
	"A216" [label="A"]
	"Expression215" -> "A216"
	"C217" [label="C"]
	"A216" -> "C217"
	"F218" [label="F"]
	"C217" -> "F218"
	"num219" [label="num",style=filled,fillcolor=powderblue]
	"F218" -> "num219"
	"G220" [label="G"]
	"C217" -> "G220"
	"e221" [label="e"]
	"G220" -> "e221"
	"D222" [label="D"]
	"A216" -> "D222"
	"e223" [label="e"]
	"D222" -> "e223"
	"B224" [label="B"]
	"Expression215" -> "B224"
	"e225" [label="e"]
	"B224" -> "e225"
	"]226" [label="]",style=filled,fillcolor=powderblue]
	"Assignment212" -> "]226"
	"=227" [label="=",style=filled,fillcolor=powderblue]
	"Assignment212" -> "=227"
	"Expression228" [label="Expression"]
	"Assignment212" -> "Expression228"
	"A229" [label="A"]
	"Expression228" -> "A229"
	"C230" [label="C"]
	"A229" -> "C230"
	"F231" [label="F"]
	"C230" -> "F231"
	"m232" [label="m",style=filled,fillcolor=powderblue]
	"F231" -> "m232"
	"[233" [label="[",style=filled,fillcolor=powderblue]
	"F231" -> "[233"
	"Expression234" [label="Expression"]
	"F231" -> "Expression234"
	"A235" [label="A"]
	"Expression234" -> "A235"
	"C236" [label="C"]
	"A235" -> "C236"
	"F237" [label="F"]
	"C236" -> "F237"
	"num238" [label="num",style=filled,fillcolor=powderblue]
	"F237" -> "num238"
	"G239" [label="G"]
	"C236" -> "G239"
	"e240" [label="e"]
	"G239" -> "e240"
	"D241" [label="D"]
	"A235" -> "D241"
	"e242" [label="e"]
	"D241" -> "e242"
	"B243" [label="B"]
	"Expression234" -> "B243"
	"e244" [label="e"]
	"B243" -> "e244"
	"]245" [label="]",style=filled,fillcolor=powderblue]
	"F231" -> "]245"
	"G246" [label="G"]
	"C230" -> "G246"
	"e247" [label="e"]
	"G246" -> "e247"
	"D248" [label="D"]
	"A229" -> "D248"
	"/249" [label="/",style=filled,fillcolor=powderblue]
	"D248" -> "/249"
	"C250" [label="C"]
	"D248" -> "C250"
	"F251" [label="F"]
	"C250" -> "F251"
	"num252" [label="num",style=filled,fillcolor=powderblue]
	"F251" -> "num252"
	"G253" [label="G"]
	"C250" -> "G253"
	"e254" [label="e"]
	"G253" -> "e254"
	"D255" [label="D"]
	"D248" -> "D255"
	"*256" [label="*",style=filled,fillcolor=powderblue]
	"D255" -> "*256"
	"C257" [label="C"]
	"D255" -> "C257"
	"F258" [label="F"]
	"C257" -> "F258"
	"num259" [label="num",style=filled,fillcolor=powderblue]
	"F258" -> "num259"
	"G260" [label="G"]
	"C257" -> "G260"

	"e261" [label="e"]
	"G260" -> "e261"
	"D262" [label="D"]
	"D255" -> "D262"
	"e263" [label="e"]
	"D262" -> "e263"
	"B264" [label="B"]
	"Expression228" -> "B264"
	"e265" [label="e"]
	"B264" -> "e265"
	"Statements266" [label="Statements"]
	"Statements210" -> "Statements266"
	"Statement267" [label="Statement"]
	"Statements266" -> "Statement267"
	"Assignment268" [label="Assignment"]
	"Statement267" -> "Assignment268"
	"m269" [label="m",style=filled,fillcolor=powderblue]
	"Assignment268" -> "m269"
	"[270" [label="[",style=filled,fillcolor=powderblue]
	"Assignment268" -> "[270"
	"Expression271" [label="Expression"]
	"Assignment268" -> "Expression271"
	"A272" [label="A"]
	"Expression271" -> "A272"
	"C273" [label="C"]
	"A272" -> "C273"
	"F274" [label="F"]
	"C273" -> "F274"
	"num275" [label="num",style=filled,fillcolor=powderblue]
	"F274" -> "num275"
	"G276" [label="G"]
	"C273" -> "G276"
	"e277" [label="e"]
	"G276" -> "e277"
	"D278" [label="D"]
	"A272" -> "D278"
	"e279" [label="e"]
	"D278" -> "e279"
	"B280" [label="B"]
	"Expression271" -> "B280"
	"e281" [label="e"]
	"B280" -> "e281"
	"]282" [label="]",style=filled,fillcolor=powderblue]
	"Assignment268" -> "]282"
	"=283" [label="=",style=filled,fillcolor=powderblue]
	"Assignment268" -> "=283"
	"Expression284" [label="Expression"]
	"Assignment268" -> "Expression284"
	"A285" [label="A"]
	"Expression284" -> "A285"
	"C286" [label="C"]
	"A285" -> "C286"
	"F287" [label="F"]
	"C286" -> "F287"
	"num288" [label="num",style=filled,fillcolor=powderblue]
	"F287" -> "num288"
	"G289" [label="G"]
	"C286" -> "G289"
	"e290" [label="e"]
	"G289" -> "e290"
	"D291" [label="D"]
	"A285" -> "D291"
	"e292" [label="e"]
	"D291" -> "e292"
	"B293" [label="B"]
	"Expression284" -> "B293"
	"+294" [label="+",style=filled,fillcolor=powderblue]
	"B293" -> "+294"
	"A295" [label="A"]
	"B293" -> "A295"
	"C296" [label="C"]
	"A295" -> "C296"
	"F297" [label="F"]
	"C296" -> "F297"
	"m298" [label="m",style=filled,fillcolor=powderblue]
	"F297" -> "m298"
	"[299" [label="[",style=filled,fillcolor=powderblue]
	"F297" -> "[299"
	"Expression300" [label="Expression"]
	"F297" -> "Expression300"
	"A301" [label="A"]
	"Expression300" -> "A301"
	"C302" [label="C"]
	"A301" -> "C302"
	"F303" [label="F"]
	"C302" -> "F303"
	"num304" [label="num",style=filled,fillcolor=powderblue]
	"F303" -> "num304"
	"G305" [label="G"]
	"C302" -> "G305"
	"e306" [label="e"]
	"G305" -> "e306"
	"D307" [label="D"]
	"A301" -> "D307"
	"e308" [label="e"]
	"D307" -> "e308"
	"B309" [label="B"]
	"Expression300" -> "B309"
	"e310" [label="e"]
	"B309" -> "e310"
	"]311" [label="]",style=filled,fillcolor=powderblue]
	"F297" -> "]311"
	"G312" [label="G"]
	"C296" -> "G312"

	"e313" [label="e"]
	"G312" -> "e313"
	"D314" [label="D"]
	"A295" -> "D314"
	"e315" [label="e"]
	"D314" -> "e315"
	"B316" [label="B"]
	"B293" -> "B316"
	"e317" [label="e"]
	"B316" -> "e317"
	"Statements318" [label="Statements"]
	"Statements266" -> "Statements318"
	"Statement319" [label="Statement"]
	"Statements318" -> "Statement319"
	"Assignment320" [label="Assignment"]
	"Statement319" -> "Assignment320"
	"m321" [label="m",style=filled,fillcolor=powderblue]
	"Assignment320" -> "m321"
	"[322" [label="[",style=filled,fillcolor=powderblue]
	"Assignment320" -> "[322"
	"Expression323" [label="Expression"]
	"Assignment320" -> "Expression323"
	"A324" [label="A"]
	"Expression323" -> "A324"
	"C325" [label="C"]
	"A324" -> "C325"
	"F326" [label="F"]
	"C325" -> "F326"
	"num327" [label="num",style=filled,fillcolor=powderblue]
	"F326" -> "num327"
	"G328" [label="G"]
	"C325" -> "G328"
	"e329" [label="e"]
	"G328" -> "e329"
	"D330" [label="D"]
	"A324" -> "D330"
	"e331" [label="e"]
	"D330" -> "e331"
	"B332" [label="B"]
	"Expression323" -> "B332"
	"e333" [label="e"]
	"B332" -> "e333"
	"]334" [label="]",style=filled,fillcolor=powderblue]
	"Assignment320" -> "]334"
	"=335" [label="=",style=filled,fillcolor=powderblue]
	"Assignment320" -> "=335"
	"Expression336" [label="Expression"]
	"Assignment320" -> "Expression336"
	"A337" [label="A"]
	"Expression336" -> "A337"
	"C338" [label="C"]
	"A337" -> "C338"
	"F339" [label="F"]
	"C338" -> "F339"
	"num340" [label="num",style=filled,fillcolor=powderblue]
	"F339" -> "num340"
	"G341" [label="G"]
	"C338" -> "G341"
	"e342" [label="e"]
	"G341" -> "e342"
	"D343" [label="D"]
	"A337" -> "D343"
	"e344" [label="e"]
	"D343" -> "e344"
	"B345" [label="B"]
	"Expression336" -> "B345"
	"-346" [label="-",style=filled,fillcolor=powderblue]
	"B345" -> "-346"
	"A347" [label="A"]
	"B345" -> "A347"
	"C348" [label="C"]
	"A347" -> "C348"
	"F349" [label="F"]
	"C348" -> "F349"
	"m350" [label="m",style=filled,fillcolor=powderblue]
	"F349" -> "m350"
	"[351" [label="[",style=filled,fillcolor=powderblue]
	"F349" -> "[351"
	"Expression352" [label="Expression"]
	"F349" -> "Expression352"
	"A353" [label="A"]
	"Expression352" -> "A353"
	"C354" [label="C"]
	"A353" -> "C354"
	"F355" [label="F"]
	"C354" -> "F355"
	"num356" [label="num",style=filled,fillcolor=powderblue]
	"F355" -> "num356"
	"G357" [label="G"]
	"C354" -> "G357"
	"e358" [label="e"]
	"G357" -> "e358"
	"D359" [label="D"]
	"A353" -> "D359"
	"e360" [label="e"]
	"D359" -> "e360"
	"B361" [label="B"]
	"Expression352" -> "B361"
	"-362" [label="-",style=filled,fillcolor=powderblue]
	"B361" -> "-362"
	"A363" [label="A"]
	"B361" -> "A363"
	"C364" [label="C"]
	"A363" -> "C364"
	"F365" [label="F"]
	"C364" -> "F365"
	"num366" [label="num",style=filled,fillcolor=powderblue]
	"F365" -> "num366"
	"G367" [label="G"]
	"C364" -> "G367"
	"e368" [label="e"]
	"G367" -> "e368"
	"D369" [label="D"]
	"A363" -> "D369"
	"e370" [label="e"]
	"D369" -> "e370"
	"B371" [label="B"]
	"B361" -> "B371"
	"e372" [label="e"]
	"B371" -> "e372"
	"]373" [label="]",style=filled,fillcolor=powderblue]
	"F349" -> "]373"
	"G374" [label="G"]
	"C348" -> "G374"
	"e375" [label="e"]
	"G374" -> "e375"
	"D376" [label="D"]
	"A347" -> "D376"
	"e377" [label="e"]
	"D376" -> "e377"
	"B378" [label="B"]
	"B345" -> "B378"
	"e379" [label="e"]
	"B378" -> "e379"
	"Statements380" [label="Statements"]
	"Statements318" -> "Statements380"
	"e381" [label="e"]
	"Statements380" -> "e381"
};
