digraph G {
	"Start1" [label="Start"]
	"Statements2" [label="Statements"]
	"Start1" -> "Statements2"
	"Statement3" [label="Statement"]
	"Statements2" -> "Statement3"
	"Assignment4" [label="Assignment"]
	"Statement3" -> "Assignment4"
	"m5" [label="m",style=filled,fillcolor=powderblue]
	"Assignment4" -> "m5"
	"[6" [label="[",style=filled,fillcolor=powderblue]
	"Assignment4" -> "[6"
	"Expression7" [label="Expression"]
	"Assignment4" -> "Expression7"
	"A8" [label="A"]
	"Expression7" -> "A8"
	"C9" [label="C"]
	"A8" -> "C9"
	"F10" [label="F"]
	"C9" -> "F10"
	"num11" [label="num",style=filled,fillcolor=powderblue]
	"F10" -> "num11"
	"G12" [label="G"]
	"C9" -> "G12"
	"e13" [label="e"]
	"G12" -> "e13"
	"D14" [label="D"]
	"A8" -> "D14"
	"e15" [label="e"]
	"D14" -> "e15"
	"B16" [label="B"]
	"Expression7" -> "B16"
	"e17" [label="e"]
	"B16" -> "e17"
	"]18" [label="]",style=filled,fillcolor=powderblue]
	"Assignment4" -> "]18"
	"=19" [label="=",style=filled,fillcolor=powderblue]
	"Assignment4" -> "=19"
	"Expression20" [label="Expression"]
	"Assignment4" -> "Expression20"
	"A21" [label="A"]
	"Expression20" -> "A21"
	"C22" [label="C"]
	"A21" -> "C22"
	"F23" [label="F"]
	"C22" -> "F23"
	"num24" [label="num",style=filled,fillcolor=powderblue]
	"F23" -> "num24"
	"G25" [label="G"]
	"C22" -> "G25"
	"e26" [label="e"]
	"G25" -> "e26"
	"D27" [label="D"]
	"A21" -> "D27"
	"/28" [label="/",style=filled,fillcolor=powderblue]
	"D27" -> "/28"
	"C29" [label="C"]
	"D27" -> "C29"
	"F30" [label="F"]
	"C29" -> "F30"
	"num31" [label="num",style=filled,fillcolor=powderblue]
	"F30" -> "num31"
	"G32" [label="G"]
	"C29" -> "G32"
	"e33" [label="e"]
	"G32" -> "e33"
	"D34" [label="D"]
	"D27" -> "D34"
	"*35" [label="*",style=filled,fillcolor=powderblue]
	"D34" -> "*35"
	"C36" [label="C"]
	"D34" -> "C36"
	"F37" [label="F"]
	"C36" -> "F37"
	"num38" [label="num",style=filled,fillcolor=powderblue]
	"F37" -> "num38"
	"G39" [label="G"]
	"C36" -> "G39"

	"e40" [label="e"]
	"G39" -> "e40"
	"D41" [label="D"]
	"D34" -> "D41"
	"e42" [label="e"]
	"D41" -> "e42"
	"B43" [label="B"]
	"Expression20" -> "B43"
	"e44" [label="e"]
	"B43" -> "e44"
	"Statements45" [label="Statements"]
	"Statements2" -> "Statements45"
	"Statement46" [label="Statement"]
	"Statements45" -> "Statement46"
	"Assignment47" [label="Assignment"]
	"Statement46" -> "Assignment47"
	"m48" [label="m",style=filled,fillcolor=powderblue]
	"Assignment47" -> "m48"
	"[49" [label="[",style=filled,fillcolor=powderblue]
	"Assignment47" -> "[49"
	"Expression50" [label="Expression"]
	"Assignment47" -> "Expression50"
	"A51" [label="A"]
	"Expression50" -> "A51"
	"C52" [label="C"]
	"A51" -> "C52"
	"F53" [label="F"]
	"C52" -> "F53"
	"num54" [label="num",style=filled,fillcolor=powderblue]
	"F53" -> "num54"
	"G55" [label="G"]
	"C52" -> "G55"
	"e56" [label="e"]
	"G55" -> "e56"
	"D57" [label="D"]
	"A51" -> "D57"
	"e58" [label="e"]
	"D57" -> "e58"
	"B59" [label="B"]
	"Expression50" -> "B59"
	"e60" [label="e"]
	"B59" -> "e60"
	"]61" [label="]",style=filled,fillcolor=powderblue]
	"Assignment47" -> "]61"
	"=62" [label="=",style=filled,fillcolor=powderblue]
	"Assignment47" -> "=62"
	"Expression63" [label="Expression"]
	"Assignment47" -> "Expression63"
	"A64" [label="A"]
	"Expression63" -> "A64"
	"C65" [label="C"]
	"A64" -> "C65"
	"F66" [label="F"]
	"C65" -> "F66"
	"num67" [label="num",style=filled,fillcolor=powderblue]
	"F66" -> "num67"
	"G68" [label="G"]
	"C65" -> "G68"
	"e69" [label="e"]
	"G68" -> "e69"
	"D70" [label="D"]
	"A64" -> "D70"
	"e71" [label="e"]
	"D70" -> "e71"
	"B72" [label="B"]
	"Expression63" -> "B72"
	"+73" [label="+",style=filled,fillcolor=powderblue]
	"B72" -> "+73"
	"A74" [label="A"]
	"B72" -> "A74"
	"C75" [label="C"]
	"A74" -> "C75"
	"F76" [label="F"]
	"C75" -> "F76"
	"num77" [label="num",style=filled,fillcolor=powderblue]
	"F76" -> "num77"
	"G78" [label="G"]
	"C75" -> "G78"

	"e79" [label="e"]
	"G78" -> "e79"
	"D80" [label="D"]
	"A74" -> "D80"
	"e81" [label="e"]
	"D80" -> "e81"
	"B82" [label="B"]
	"B72" -> "B82"
	"e83" [label="e"]
	"B82" -> "e83"
	"Statements84" [label="Statements"]
	"Statements45" -> "Statements84"
	"Statement85" [label="Statement"]
	"Statements84" -> "Statement85"
	"Assignment86" [label="Assignment"]
	"Statement85" -> "Assignment86"
	"m87" [label="m",style=filled,fillcolor=powderblue]
	"Assignment86" -> "m87"
	"[88" [label="[",style=filled,fillcolor=powderblue]
	"Assignment86" -> "[88"
	"Expression89" [label="Expression"]
	"Assignment86" -> "Expression89"
	"A90" [label="A"]
	"Expression89" -> "A90"
	"C91" [label="C"]
	"A90" -> "C91"
	"F92" [label="F"]
	"C91" -> "F92"
	"num93" [label="num",style=filled,fillcolor=powderblue]
	"F92" -> "num93"
	"G94" [label="G"]
	"C91" -> "G94"
	"e95" [label="e"]
	"G94" -> "e95"
	"D96" [label="D"]
	"A90" -> "D96"
	"e97" [label="e"]
	"D96" -> "e97"
	"B98" [label="B"]
	"Expression89" -> "B98"
	"e99" [label="e"]
	"B98" -> "e99"
	"]100" [label="]",style=filled,fillcolor=powderblue]
	"Assignment86" -> "]100"
	"=101" [label="=",style=filled,fillcolor=powderblue]
	"Assignment86" -> "=101"
	"Expression102" [label="Expression"]
	"Assignment86" -> "Expression102"
	"A103" [label="A"]
	"Expression102" -> "A103"
	"C104" [label="C"]
	"A103" -> "C104"
	"F105" [label="F"]
	"C104" -> "F105"
	"num106" [label="num",style=filled,fillcolor=powderblue]
	"F105" -> "num106"
	"G107" [label="G"]
	"C104" -> "G107"
	"e108" [label="e"]
	"G107" -> "e108"
	"D109" [label="D"]
	"A103" -> "D109"
	"e110" [label="e"]
	"D109" -> "e110"
	"B111" [label="B"]
	"Expression102" -> "B111"
	"-112" [label="-",style=filled,fillcolor=powderblue]
	"B111" -> "-112"
	"A113" [label="A"]
	"B111" -> "A113"
	"C114" [label="C"]
	"A113" -> "C114"
	"F115" [label="F"]
	"C114" -> "F115"
	"(116" [label="(",style=filled,fillcolor=powderblue]
	"F115" -> "(116"
	"Expression117" [label="Expression"]
	"F115" -> "Expression117"
	"A118" [label="A"]
	"Expression117" -> "A118"
	"C119" [label="C"]
	"A118" -> "C119"
	"F120" [label="F"]
	"C119" -> "F120"
	"m121" [label="m",style=filled,fillcolor=powderblue]
	"F120" -> "m121"
	"[122" [label="[",style=filled,fillcolor=powderblue]
	"F120" -> "[122"
	"Expression123" [label="Expression"]
	"F120" -> "Expression123"
	"A124" [label="A"]
	"Expression123" -> "A124"
	"C125" [label="C"]
	"A124" -> "C125"
	"F126" [label="F"]
	"C125" -> "F126"
	"num127" [label="num",style=filled,fillcolor=powderblue]
	"F126" -> "num127"
	"G128" [label="G"]
	"C125" -> "G128"
	"e129" [label="e"]
	"G128" -> "e129"
	"D130" [label="D"]
	"A124" -> "D130"
	"e131" [label="e"]
	"D130" -> "e131"
	"B132" [label="B"]
	"Expression123" -> "B132"
	"e133" [label="e"]
	"B132" -> "e133"
	"]134" [label="]",style=filled,fillcolor=powderblue]
	"F120" -> "]134"
	"G135" [label="G"]
	"C119" -> "G135"
	"e136" [label="e"]
	"G135" -> "e136"
	"D137" [label="D"]
	"A118" -> "D137"
	"e138" [label="e"]
	"D137" -> "e138"
	"B139" [label="B"]
	"Expression117" -> "B139"
	"-140" [label="-",style=filled,fillcolor=powderblue]
	"B139" -> "-140"
	"A141" [label="A"]
	"B139" -> "A141"
	"C142" [label="C"]
	"A141" -> "C142"
	"F143" [label="F"]
	"C142" -> "F143"
	"num144" [label="num",style=filled,fillcolor=powderblue]
	"F143" -> "num144"
	"G145" [label="G"]
	"C142" -> "G145"
	"e146" [label="e"]
	"G145" -> "e146"
	"D147" [label="D"]
	"A141" -> "D147"
	"e148" [label="e"]
	"D147" -> "e148"
	"B149" [label="B"]
	"B139" -> "B149"
	"e150" [label="e"]
	"B149" -> "e150"
	")151" [label=")",style=filled,fillcolor=powderblue]
	"F115" -> ")151"
	"G152" [label="G"]
	"C114" -> "G152"

	"e153" [label="e"]
	"G152" -> "e153"
	"D154" [label="D"]
	"A113" -> "D154"
	"e155" [label="e"]
	"D154" -> "e155"
	"B156" [label="B"]
	"B111" -> "B156"
	"e157" [label="e"]
	"B156" -> "e157"
	"Statements158" [label="Statements"]
	"Statements84" -> "Statements158"
	"Statement159" [label="Statement"]
	"Statements158" -> "Statement159"
	"Assignment160" [label="Assignment"]
	"Statement159" -> "Assignment160"
	"m161" [label="m",style=filled,fillcolor=powderblue]
	"Assignment160" -> "m161"
	"[162" [label="[",style=filled,fillcolor=powderblue]
	"Assignment160" -> "[162"
	"Expression163" [label="Expression"]
	"Assignment160" -> "Expression163"
	"A164" [label="A"]
	"Expression163" -> "A164"
	"C165" [label="C"]
	"A164" -> "C165"
	"F166" [label="F"]
	"C165" -> "F166"
	"num167" [label="num",style=filled,fillcolor=powderblue]
	"F166" -> "num167"
	"G168" [label="G"]
	"C165" -> "G168"
	"e169" [label="e"]
	"G168" -> "e169"
	"D170" [label="D"]
	"A164" -> "D170"
	"e171" [label="e"]
	"D170" -> "e171"
	"B172" [label="B"]
	"Expression163" -> "B172"
	"e173" [label="e"]
	"B172" -> "e173"
	"]174" [label="]",style=filled,fillcolor=powderblue]
	"Assignment160" -> "]174"
	"=175" [label="=",style=filled,fillcolor=powderblue]
	"Assignment160" -> "=175"
	"Expression176" [label="Expression"]
	"Assignment160" -> "Expression176"
	"A177" [label="A"]
	"Expression176" -> "A177"
	"C178" [label="C"]
	"A177" -> "C178"
	"F179" [label="F"]
	"C178" -> "F179"
	"num180" [label="num",style=filled,fillcolor=powderblue]
	"F179" -> "num180"
	"G181" [label="G"]
	"C178" -> "G181"
	"e182" [label="e"]
	"G181" -> "e182"
	"D183" [label="D"]
	"A177" -> "D183"
	"/184" [label="/",style=filled,fillcolor=powderblue]
	"D183" -> "/184"
	"C185" [label="C"]
	"D183" -> "C185"
	"F186" [label="F"]
	"C185" -> "F186"
	"num187" [label="num",style=filled,fillcolor=powderblue]
	"F186" -> "num187"
	"G188" [label="G"]
	"C185" -> "G188"
	"e189" [label="e"]
	"G188" -> "e189"
	"D190" [label="D"]
	"D183" -> "D190"
	"*191" [label="*",style=filled,fillcolor=powderblue]
	"D190" -> "*191"
	"C192" [label="C"]
	"D190" -> "C192"
	"F193" [label="F"]
	"C192" -> "F193"
	"num194" [label="num",style=filled,fillcolor=powderblue]
	"F193" -> "num194"
	"G195" [label="G"]
	"C192" -> "G195"

	"e196" [label="e"]
	"G195" -> "e196"
	"D197" [label="D"]
	"D190" -> "D197"
	"e198" [label="e"]
	"D197" -> "e198"
	"B199" [label="B"]
	"Expression176" -> "B199"
	"e200" [label="e"]
	"B199" -> "e200"
	"Statements201" [label="Statements"]
	"Statements158" -> "Statements201"
	"Statement202" [label="Statement"]
	"Statements201" -> "Statement202"
	"Assignment203" [label="Assignment"]
	"Statement202" -> "Assignment203"
	"m204" [label="m",style=filled,fillcolor=powderblue]
	"Assignment203" -> "m204"
	"[205" [label="[",style=filled,fillcolor=powderblue]
	"Assignment203" -> "[205"
	"Expression206" [label="Expression"]
	"Assignment203" -> "Expression206"
	"A207" [label="A"]
	"Expression206" -> "A207"
	"C208" [label="C"]
	"A207" -> "C208"
	"F209" [label="F"]
	"C208" -> "F209"
	"num210" [label="num",style=filled,fillcolor=powderblue]
	"F209" -> "num210"
	"G211" [label="G"]
	"C208" -> "G211"
	"e212" [label="e"]
	"G211" -> "e212"
	"D213" [label="D"]
	"A207" -> "D213"
	"e214" [label="e"]
	"D213" -> "e214"
	"B215" [label="B"]
	"Expression206" -> "B215"
	"e216" [label="e"]
	"B215" -> "e216"
	"]217" [label="]",style=filled,fillcolor=powderblue]
	"Assignment203" -> "]217"
	"=218" [label="=",style=filled,fillcolor=powderblue]
	"Assignment203" -> "=218"
	"Expression219" [label="Expression"]
	"Assignment203" -> "Expression219"
	"A220" [label="A"]
	"Expression219" -> "A220"
	"C221" [label="C"]
	"A220" -> "C221"
	"F222" [label="F"]
	"C221" -> "F222"
	"num223" [label="num",style=filled,fillcolor=powderblue]
	"F222" -> "num223"
	"G224" [label="G"]
	"C221" -> "G224"
	"e225" [label="e"]
	"G224" -> "e225"
	"D226" [label="D"]
	"A220" -> "D226"
	"e227" [label="e"]
	"D226" -> "e227"
	"B228" [label="B"]
	"Expression219" -> "B228"
	"+229" [label="+",style=filled,fillcolor=powderblue]
	"B228" -> "+229"
	"A230" [label="A"]
	"B228" -> "A230"
	"C231" [label="C"]
	"A230" -> "C231"
	"F232" [label="F"]
	"C231" -> "F232"
	"m233" [label="m",style=filled,fillcolor=powderblue]
	"F232" -> "m233"
	"[234" [label="[",style=filled,fillcolor=powderblue]
	"F232" -> "[234"
	"Expression235" [label="Expression"]
	"F232" -> "Expression235"
	"A236" [label="A"]
	"Expression235" -> "A236"
	"C237" [label="C"]
	"A236" -> "C237"
	"F238" [label="F"]
	"C237" -> "F238"
	"num239" [label="num",style=filled,fillcolor=powderblue]
	"F238" -> "num239"
	"G240" [label="G"]
	"C237" -> "G240"
	"e241" [label="e"]
	"G240" -> "e241"
	"D242" [label="D"]
	"A236" -> "D242"
	"e243" [label="e"]
	"D242" -> "e243"
	"B244" [label="B"]
	"Expression235" -> "B244"
	"e245" [label="e"]
	"B244" -> "e245"
	"]246" [label="]",style=filled,fillcolor=powderblue]
	"F232" -> "]246"
	"G247" [label="G"]
	"C231" -> "G247"

	"e248" [label="e"]
	"G247" -> "e248"
	"D249" [label="D"]
	"A230" -> "D249"
	"e250" [label="e"]
	"D249" -> "e250"
	"B251" [label="B"]
	"B228" -> "B251"
	"e252" [label="e"]
	"B251" -> "e252"
	"Statements253" [label="Statements"]
	"Statements201" -> "Statements253"
	"Statement254" [label="Statement"]
	"Statements253" -> "Statement254"
	"Assignment255" [label="Assignment"]
	"Statement254" -> "Assignment255"
	"m256" [label="m",style=filled,fillcolor=powderblue]
	"Assignment255" -> "m256"
	"[257" [label="[",style=filled,fillcolor=powderblue]
	"Assignment255" -> "[257"
	"Expression258" [label="Expression"]
	"Assignment255" -> "Expression258"
	"A259" [label="A"]
	"Expression258" -> "A259"
	"C260" [label="C"]
	"A259" -> "C260"
	"F261" [label="F"]
	"C260" -> "F261"
	"num262" [label="num",style=filled,fillcolor=powderblue]
	"F261" -> "num262"
	"G263" [label="G"]
	"C260" -> "G263"
	"e264" [label="e"]
	"G263" -> "e264"
	"D265" [label="D"]
	"A259" -> "D265"
	"e266" [label="e"]
	"D265" -> "e266"
	"B267" [label="B"]
	"Expression258" -> "B267"
	"e268" [label="e"]
	"B267" -> "e268"
	"]269" [label="]",style=filled,fillcolor=powderblue]
	"Assignment255" -> "]269"
	"=270" [label="=",style=filled,fillcolor=powderblue]
	"Assignment255" -> "=270"
	"Expression271" [label="Expression"]
	"Assignment255" -> "Expression271"
	"A272" [label="A"]
	"Expression271" -> "A272"
	"C273" [label="C"]
	"A272" -> "C273"
	"F274" [label="F"]
	"C273" -> "F274"
	"num275" [label="num",style=filled,fillcolor=powderblue]
	"F274" -> "num275"
	"G276" [label="G"]
	"C273" -> "G276"
	"e277" [label="e"]
	"G276" -> "e277"
	"D278" [label="D"]
	"A272" -> "D278"
	"e279" [label="e"]
	"D278" -> "e279"
	"B280" [label="B"]
	"Expression271" -> "B280"
	"-281" [label="-",style=filled,fillcolor=powderblue]
	"B280" -> "-281"
	"A282" [label="A"]
	"B280" -> "A282"
	"C283" [label="C"]
	"A282" -> "C283"
	"F284" [label="F"]
	"C283" -> "F284"
	"m285" [label="m",style=filled,fillcolor=powderblue]
	"F284" -> "m285"
	"[286" [label="[",style=filled,fillcolor=powderblue]
	"F284" -> "[286"
	"Expression287" [label="Expression"]
	"F284" -> "Expression287"
	"A288" [label="A"]
	"Expression287" -> "A288"
	"C289" [label="C"]
	"A288" -> "C289"
	"F290" [label="F"]
	"C289" -> "F290"
	"num291" [label="num",style=filled,fillcolor=powderblue]
	"F290" -> "num291"
	"G292" [label="G"]
	"C289" -> "G292"
	"**293" [label="**",style=filled,fillcolor=powderblue]
	"G292" -> "**293"
	"F294" [label="F"]
	"G292" -> "F294"
	"num295" [label="num",style=filled,fillcolor=powderblue]
	"F294" -> "num295"
	"G296" [label="G"]
	"G292" -> "G296"
	"e297" [label="e"]
	"G296" -> "e297"
	"D298" [label="D"]
	"A288" -> "D298"
	"*299" [label="*",style=filled,fillcolor=powderblue]
	"D298" -> "*299"
	"C300" [label="C"]
	"D298" -> "C300"
	"F301" [label="F"]
	"C300" -> "F301"
	"num302" [label="num",style=filled,fillcolor=powderblue]
	"F301" -> "num302"
	"G303" [label="G"]
	"C300" -> "G303"
	"e304" [label="e"]
	"G303" -> "e304"
	"D305" [label="D"]
	"D298" -> "D305"
	"e306" [label="e"]
	"D305" -> "e306"
	"B307" [label="B"]
	"Expression287" -> "B307"
	"-308" [label="-",style=filled,fillcolor=powderblue]
	"B307" -> "-308"
	"A309" [label="A"]
	"B307" -> "A309"
	"C310" [label="C"]
	"A309" -> "C310"
	"F311" [label="F"]
	"C310" -> "F311"
	"num312" [label="num",style=filled,fillcolor=powderblue]
	"F311" -> "num312"
	"G313" [label="G"]
	"C310" -> "G313"
	"e314" [label="e"]
	"G313" -> "e314"
	"D315" [label="D"]
	"A309" -> "D315"
	"e316" [label="e"]
	"D315" -> "e316"
	"B317" [label="B"]
	"B307" -> "B317"
	"e318" [label="e"]
	"B317" -> "e318"
	"]319" [label="]",style=filled,fillcolor=powderblue]
	"F284" -> "]319"
	"G320" [label="G"]
	"C283" -> "G320"
	"e321" [label="e"]
	"G320" -> "e321"
	"D322" [label="D"]
	"A282" -> "D322"
	"e323" [label="e"]
	"D322" -> "e323"
	"B324" [label="B"]
	"B280" -> "B324"
	"-325" [label="-",style=filled,fillcolor=powderblue]
	"B324" -> "-325"
	"A326" [label="A"]
	"B324" -> "A326"
	"C327" [label="C"]
	"A326" -> "C327"
	"F328" [label="F"]
	"C327" -> "F328"
	"num329" [label="num",style=filled,fillcolor=powderblue]
	"F328" -> "num329"
	"G330" [label="G"]
	"C327" -> "G330"

	"e331" [label="e"]
	"G330" -> "e331"
	"D332" [label="D"]
	"A326" -> "D332"
	"e333" [label="e"]
	"D332" -> "e333"
	"B334" [label="B"]
	"B324" -> "B334"
	"e335" [label="e"]
	"B334" -> "e335"
	"Statements336" [label="Statements"]
	"Statements253" -> "Statements336"
	"Statement337" [label="Statement"]
	"Statements336" -> "Statement337"
	"Label338" [label="Label"]
	"Statement337" -> "Label338"
	"L339" [label="L",style=filled,fillcolor=powderblue]
	"Label338" -> "L339"
	"num340" [label="num",style=filled,fillcolor=powderblue]
	"Label338" -> "num340"
	":341" [label=":",style=filled,fillcolor=powderblue]
	"Label338" -> ":341"
	"e342" [label="e"]
	"Label338" -> "e342"
	"Statements343" [label="Statements"]
	"Statements336" -> "Statements343"

	"Statement344" [label="Statement"]
	"Statements343" -> "Statement344"
	"Assignment345" [label="Assignment"]
	"Statement344" -> "Assignment345"
	"m346" [label="m",style=filled,fillcolor=powderblue]
	"Assignment345" -> "m346"
	"[347" [label="[",style=filled,fillcolor=powderblue]
	"Assignment345" -> "[347"
	"Expression348" [label="Expression"]
	"Assignment345" -> "Expression348"
	"A349" [label="A"]
	"Expression348" -> "A349"
	"C350" [label="C"]
	"A349" -> "C350"
	"F351" [label="F"]
	"C350" -> "F351"
	"num352" [label="num",style=filled,fillcolor=powderblue]
	"F351" -> "num352"
	"G353" [label="G"]
	"C350" -> "G353"
	"e354" [label="e"]
	"G353" -> "e354"
	"D355" [label="D"]
	"A349" -> "D355"
	"e356" [label="e"]
	"D355" -> "e356"
	"B357" [label="B"]
	"Expression348" -> "B357"
	"e358" [label="e"]
	"B357" -> "e358"
	"]359" [label="]",style=filled,fillcolor=powderblue]
	"Assignment345" -> "]359"
	"=360" [label="=",style=filled,fillcolor=powderblue]
	"Assignment345" -> "=360"
	"Expression361" [label="Expression"]
	"Assignment345" -> "Expression361"
	"A362" [label="A"]
	"Expression361" -> "A362"
	"C363" [label="C"]
	"A362" -> "C363"
	"F364" [label="F"]
	"C363" -> "F364"
	"num365" [label="num",style=filled,fillcolor=powderblue]
	"F364" -> "num365"
	"G366" [label="G"]
	"C363" -> "G366"
	"e367" [label="e"]
	"G366" -> "e367"
	"D368" [label="D"]
	"A362" -> "D368"
	"e369" [label="e"]
	"D368" -> "e369"
	"B370" [label="B"]
	"Expression361" -> "B370"
	"-371" [label="-",style=filled,fillcolor=powderblue]
	"B370" -> "-371"
	"A372" [label="A"]
	"B370" -> "A372"
	"C373" [label="C"]
	"A372" -> "C373"
	"F374" [label="F"]
	"C373" -> "F374"
	"(375" [label="(",style=filled,fillcolor=powderblue]
	"F374" -> "(375"
	"Expression376" [label="Expression"]
	"F374" -> "Expression376"
	"A377" [label="A"]
	"Expression376" -> "A377"
	"C378" [label="C"]
	"A377" -> "C378"
	"F379" [label="F"]
	"C378" -> "F379"
	"m380" [label="m",style=filled,fillcolor=powderblue]
	"F379" -> "m380"
	"[381" [label="[",style=filled,fillcolor=powderblue]
	"F379" -> "[381"
	"Expression382" [label="Expression"]
	"F379" -> "Expression382"
	"A383" [label="A"]
	"Expression382" -> "A383"
	"C384" [label="C"]
	"A383" -> "C384"
	"F385" [label="F"]
	"C384" -> "F385"
	"num386" [label="num",style=filled,fillcolor=powderblue]
	"F385" -> "num386"
	"G387" [label="G"]
	"C384" -> "G387"
	"e388" [label="e"]
	"G387" -> "e388"
	"D389" [label="D"]
	"A383" -> "D389"
	"e390" [label="e"]
	"D389" -> "e390"
	"B391" [label="B"]
	"Expression382" -> "B391"
	"e392" [label="e"]
	"B391" -> "e392"
	"]393" [label="]",style=filled,fillcolor=powderblue]
	"F379" -> "]393"
	"G394" [label="G"]
	"C378" -> "G394"
	"e395" [label="e"]
	"G394" -> "e395"
	"D396" [label="D"]
	"A377" -> "D396"
	"e397" [label="e"]
	"D396" -> "e397"
	"B398" [label="B"]
	"Expression376" -> "B398"
	"-399" [label="-",style=filled,fillcolor=powderblue]
	"B398" -> "-399"
	"A400" [label="A"]
	"B398" -> "A400"
	"C401" [label="C"]
	"A400" -> "C401"
	"F402" [label="F"]
	"C401" -> "F402"
	"num403" [label="num",style=filled,fillcolor=powderblue]
	"F402" -> "num403"
	"G404" [label="G"]
	"C401" -> "G404"
	"e405" [label="e"]
	"G404" -> "e405"
	"D406" [label="D"]
	"A400" -> "D406"
	"e407" [label="e"]
	"D406" -> "e407"
	"B408" [label="B"]
	"B398" -> "B408"
	"e409" [label="e"]
	"B408" -> "e409"
	")410" [label=")",style=filled,fillcolor=powderblue]
	"F374" -> ")410"
	"G411" [label="G"]
	"C373" -> "G411"

	"e412" [label="e"]
	"G411" -> "e412"
	"D413" [label="D"]
	"A372" -> "D413"
	"e414" [label="e"]
	"D413" -> "e414"
	"B415" [label="B"]
	"B370" -> "B415"
	"e416" [label="e"]
	"B415" -> "e416"
	"Statements417" [label="Statements"]
	"Statements343" -> "Statements417"
	"Statement418" [label="Statement"]
	"Statements417" -> "Statement418"
	"Assignment419" [label="Assignment"]
	"Statement418" -> "Assignment419"
	"m420" [label="m",style=filled,fillcolor=powderblue]
	"Assignment419" -> "m420"
	"[421" [label="[",style=filled,fillcolor=powderblue]
	"Assignment419" -> "[421"
	"Expression422" [label="Expression"]
	"Assignment419" -> "Expression422"
	"A423" [label="A"]
	"Expression422" -> "A423"
	"C424" [label="C"]
	"A423" -> "C424"
	"F425" [label="F"]
	"C424" -> "F425"
	"num426" [label="num",style=filled,fillcolor=powderblue]
	"F425" -> "num426"
	"G427" [label="G"]
	"C424" -> "G427"
	"e428" [label="e"]
	"G427" -> "e428"
	"D429" [label="D"]
	"A423" -> "D429"
	"e430" [label="e"]
	"D429" -> "e430"
	"B431" [label="B"]
	"Expression422" -> "B431"
	"e432" [label="e"]
	"B431" -> "e432"
	"]433" [label="]",style=filled,fillcolor=powderblue]
	"Assignment419" -> "]433"
	"=434" [label="=",style=filled,fillcolor=powderblue]
	"Assignment419" -> "=434"
	"Expression435" [label="Expression"]
	"Assignment419" -> "Expression435"
	"A436" [label="A"]
	"Expression435" -> "A436"
	"C437" [label="C"]
	"A436" -> "C437"
	"F438" [label="F"]
	"C437" -> "F438"
	"num439" [label="num",style=filled,fillcolor=powderblue]
	"F438" -> "num439"
	"G440" [label="G"]
	"C437" -> "G440"
	"e441" [label="e"]
	"G440" -> "e441"
	"D442" [label="D"]
	"A436" -> "D442"
	"/443" [label="/",style=filled,fillcolor=powderblue]
	"D442" -> "/443"
	"C444" [label="C"]
	"D442" -> "C444"
	"F445" [label="F"]
	"C444" -> "F445"
	"num446" [label="num",style=filled,fillcolor=powderblue]
	"F445" -> "num446"
	"G447" [label="G"]
	"C444" -> "G447"
	"e448" [label="e"]
	"G447" -> "e448"
	"D449" [label="D"]
	"D442" -> "D449"
	"*450" [label="*",style=filled,fillcolor=powderblue]
	"D449" -> "*450"
	"C451" [label="C"]
	"D449" -> "C451"
	"F452" [label="F"]
	"C451" -> "F452"
	"num453" [label="num",style=filled,fillcolor=powderblue]
	"F452" -> "num453"
	"G454" [label="G"]
	"C451" -> "G454"

	"e455" [label="e"]
	"G454" -> "e455"
	"D456" [label="D"]
	"D449" -> "D456"
	"e457" [label="e"]
	"D456" -> "e457"
	"B458" [label="B"]
	"Expression435" -> "B458"
	"e459" [label="e"]
	"B458" -> "e459"
	"Statements460" [label="Statements"]
	"Statements417" -> "Statements460"
	"Statement461" [label="Statement"]
	"Statements460" -> "Statement461"
	"Assignment462" [label="Assignment"]
	"Statement461" -> "Assignment462"
	"m463" [label="m",style=filled,fillcolor=powderblue]
	"Assignment462" -> "m463"
	"[464" [label="[",style=filled,fillcolor=powderblue]
	"Assignment462" -> "[464"
	"Expression465" [label="Expression"]
	"Assignment462" -> "Expression465"
	"A466" [label="A"]
	"Expression465" -> "A466"
	"C467" [label="C"]
	"A466" -> "C467"
	"F468" [label="F"]
	"C467" -> "F468"
	"num469" [label="num",style=filled,fillcolor=powderblue]
	"F468" -> "num469"
	"G470" [label="G"]
	"C467" -> "G470"
	"e471" [label="e"]
	"G470" -> "e471"
	"D472" [label="D"]
	"A466" -> "D472"
	"e473" [label="e"]
	"D472" -> "e473"
	"B474" [label="B"]
	"Expression465" -> "B474"
	"e475" [label="e"]
	"B474" -> "e475"
	"]476" [label="]",style=filled,fillcolor=powderblue]
	"Assignment462" -> "]476"
	"=477" [label="=",style=filled,fillcolor=powderblue]
	"Assignment462" -> "=477"
	"Expression478" [label="Expression"]
	"Assignment462" -> "Expression478"
	"A479" [label="A"]
	"Expression478" -> "A479"
	"C480" [label="C"]
	"A479" -> "C480"
	"F481" [label="F"]
	"C480" -> "F481"
	"num482" [label="num",style=filled,fillcolor=powderblue]
	"F481" -> "num482"
	"G483" [label="G"]
	"C480" -> "G483"
	"e484" [label="e"]
	"G483" -> "e484"
	"D485" [label="D"]
	"A479" -> "D485"
	"e486" [label="e"]
	"D485" -> "e486"
	"B487" [label="B"]
	"Expression478" -> "B487"
	"+488" [label="+",style=filled,fillcolor=powderblue]
	"B487" -> "+488"
	"A489" [label="A"]
	"B487" -> "A489"
	"C490" [label="C"]
	"A489" -> "C490"
	"F491" [label="F"]
	"C490" -> "F491"
	"m492" [label="m",style=filled,fillcolor=powderblue]
	"F491" -> "m492"
	"[493" [label="[",style=filled,fillcolor=powderblue]
	"F491" -> "[493"
	"Expression494" [label="Expression"]
	"F491" -> "Expression494"
	"A495" [label="A"]
	"Expression494" -> "A495"
	"C496" [label="C"]
	"A495" -> "C496"
	"F497" [label="F"]
	"C496" -> "F497"
	"num498" [label="num",style=filled,fillcolor=powderblue]
	"F497" -> "num498"
	"G499" [label="G"]
	"C496" -> "G499"
	"e500" [label="e"]
	"G499" -> "e500"
	"D501" [label="D"]
	"A495" -> "D501"
	"e502" [label="e"]
	"D501" -> "e502"
	"B503" [label="B"]
	"Expression494" -> "B503"
	"e504" [label="e"]
	"B503" -> "e504"
	"]505" [label="]",style=filled,fillcolor=powderblue]
	"F491" -> "]505"
	"G506" [label="G"]
	"C490" -> "G506"

	"e507" [label="e"]
	"G506" -> "e507"
	"D508" [label="D"]
	"A489" -> "D508"
	"e509" [label="e"]
	"D508" -> "e509"
	"B510" [label="B"]
	"B487" -> "B510"
	"e511" [label="e"]
	"B510" -> "e511"
	"Statements512" [label="Statements"]
	"Statements460" -> "Statements512"
	"Statement513" [label="Statement"]
	"Statements512" -> "Statement513"
	"Assignment514" [label="Assignment"]
	"Statement513" -> "Assignment514"
	"m515" [label="m",style=filled,fillcolor=powderblue]
	"Assignment514" -> "m515"
	"[516" [label="[",style=filled,fillcolor=powderblue]
	"Assignment514" -> "[516"
	"Expression517" [label="Expression"]
	"Assignment514" -> "Expression517"
	"A518" [label="A"]
	"Expression517" -> "A518"
	"C519" [label="C"]
	"A518" -> "C519"
	"F520" [label="F"]
	"C519" -> "F520"
	"num521" [label="num",style=filled,fillcolor=powderblue]
	"F520" -> "num521"
	"G522" [label="G"]
	"C519" -> "G522"
	"e523" [label="e"]
	"G522" -> "e523"
	"D524" [label="D"]
	"A518" -> "D524"
	"e525" [label="e"]
	"D524" -> "e525"
	"B526" [label="B"]
	"Expression517" -> "B526"
	"e527" [label="e"]
	"B526" -> "e527"
	"]528" [label="]",style=filled,fillcolor=powderblue]
	"Assignment514" -> "]528"
	"=529" [label="=",style=filled,fillcolor=powderblue]
	"Assignment514" -> "=529"
	"Expression530" [label="Expression"]
	"Assignment514" -> "Expression530"
	"A531" [label="A"]
	"Expression530" -> "A531"
	"C532" [label="C"]
	"A531" -> "C532"
	"F533" [label="F"]
	"C532" -> "F533"
	"num534" [label="num",style=filled,fillcolor=powderblue]
	"F533" -> "num534"
	"G535" [label="G"]
	"C532" -> "G535"
	"e536" [label="e"]
	"G535" -> "e536"
	"D537" [label="D"]
	"A531" -> "D537"
	"e538" [label="e"]
	"D537" -> "e538"
	"B539" [label="B"]
	"Expression530" -> "B539"
	"-540" [label="-",style=filled,fillcolor=powderblue]
	"B539" -> "-540"
	"A541" [label="A"]
	"B539" -> "A541"
	"C542" [label="C"]
	"A541" -> "C542"
	"F543" [label="F"]
	"C542" -> "F543"
	"m544" [label="m",style=filled,fillcolor=powderblue]
	"F543" -> "m544"
	"[545" [label="[",style=filled,fillcolor=powderblue]
	"F543" -> "[545"
	"Expression546" [label="Expression"]
	"F543" -> "Expression546"
	"A547" [label="A"]
	"Expression546" -> "A547"
	"C548" [label="C"]
	"A547" -> "C548"
	"F549" [label="F"]
	"C548" -> "F549"
	"num550" [label="num",style=filled,fillcolor=powderblue]
	"F549" -> "num550"
	"G551" [label="G"]
	"C548" -> "G551"
	"e552" [label="e"]
	"G551" -> "e552"
	"D553" [label="D"]
	"A547" -> "D553"
	"e554" [label="e"]
	"D553" -> "e554"
	"B555" [label="B"]
	"Expression546" -> "B555"
	"-556" [label="-",style=filled,fillcolor=powderblue]
	"B555" -> "-556"
	"A557" [label="A"]
	"B555" -> "A557"
	"C558" [label="C"]
	"A557" -> "C558"
	"F559" [label="F"]
	"C558" -> "F559"
	"num560" [label="num",style=filled,fillcolor=powderblue]
	"F559" -> "num560"
	"G561" [label="G"]
	"C558" -> "G561"
	"e562" [label="e"]
	"G561" -> "e562"
	"D563" [label="D"]
	"A557" -> "D563"
	"e564" [label="e"]
	"D563" -> "e564"
	"B565" [label="B"]
	"B555" -> "B565"
	"e566" [label="e"]
	"B565" -> "e566"
	"]567" [label="]",style=filled,fillcolor=powderblue]
	"F543" -> "]567"
	"G568" [label="G"]
	"C542" -> "G568"

	"e569" [label="e"]
	"G568" -> "e569"
	"D570" [label="D"]
	"A541" -> "D570"
	"e571" [label="e"]
	"D570" -> "e571"
	"B572" [label="B"]
	"B539" -> "B572"
	"e573" [label="e"]
	"B572" -> "e573"
	"Statements574" [label="Statements"]
	"Statements512" -> "Statements574"
	"Statement575" [label="Statement"]
	"Statements574" -> "Statement575"
	"Assignment576" [label="Assignment"]
	"Statement575" -> "Assignment576"
	"m577" [label="m",style=filled,fillcolor=powderblue]
	"Assignment576" -> "m577"
	"[578" [label="[",style=filled,fillcolor=powderblue]
	"Assignment576" -> "[578"
	"Expression579" [label="Expression"]
	"Assignment576" -> "Expression579"
	"A580" [label="A"]
	"Expression579" -> "A580"
	"C581" [label="C"]
	"A580" -> "C581"
	"F582" [label="F"]
	"C581" -> "F582"
	"num583" [label="num",style=filled,fillcolor=powderblue]
	"F582" -> "num583"
	"G584" [label="G"]
	"C581" -> "G584"
	"e585" [label="e"]
	"G584" -> "e585"
	"D586" [label="D"]
	"A580" -> "D586"
	"e587" [label="e"]
	"D586" -> "e587"
	"B588" [label="B"]
	"Expression579" -> "B588"
	"e589" [label="e"]
	"B588" -> "e589"
	"]590" [label="]",style=filled,fillcolor=powderblue]
	"Assignment576" -> "]590"
	"=591" [label="=",style=filled,fillcolor=powderblue]
	"Assignment576" -> "=591"
	"Expression592" [label="Expression"]
	"Assignment576" -> "Expression592"
	"A593" [label="A"]
	"Expression592" -> "A593"
	"C594" [label="C"]
	"A593" -> "C594"
	"F595" [label="F"]
	"C594" -> "F595"
	"num596" [label="num",style=filled,fillcolor=powderblue]
	"F595" -> "num596"
	"G597" [label="G"]
	"C594" -> "G597"
	"e598" [label="e"]
	"G597" -> "e598"
	"D599" [label="D"]
	"A593" -> "D599"
	"e600" [label="e"]
	"D599" -> "e600"
	"B601" [label="B"]
	"Expression592" -> "B601"
	"-602" [label="-",style=filled,fillcolor=powderblue]
	"B601" -> "-602"
	"A603" [label="A"]
	"B601" -> "A603"
	"C604" [label="C"]
	"A603" -> "C604"
	"F605" [label="F"]
	"C604" -> "F605"
	"(606" [label="(",style=filled,fillcolor=powderblue]
	"F605" -> "(606"
	"Expression607" [label="Expression"]
	"F605" -> "Expression607"
	"A608" [label="A"]
	"Expression607" -> "A608"
	"C609" [label="C"]
	"A608" -> "C609"
	"F610" [label="F"]
	"C609" -> "F610"
	"num611" [label="num",style=filled,fillcolor=powderblue]
	"F610" -> "num611"
	"G612" [label="G"]
	"C609" -> "G612"
	"e613" [label="e"]
	"G612" -> "e613"
	"D614" [label="D"]
	"A608" -> "D614"
	"e615" [label="e"]
	"D614" -> "e615"
	"B616" [label="B"]
	"Expression607" -> "B616"
	"-617" [label="-",style=filled,fillcolor=powderblue]
	"B616" -> "-617"
	"A618" [label="A"]
	"B616" -> "A618"
	"C619" [label="C"]
	"A618" -> "C619"
	"F620" [label="F"]
	"C619" -> "F620"
	"num621" [label="num",style=filled,fillcolor=powderblue]
	"F620" -> "num621"
	"G622" [label="G"]
	"C619" -> "G622"
	"e623" [label="e"]
	"G622" -> "e623"
	"D624" [label="D"]
	"A618" -> "D624"
	"e625" [label="e"]
	"D624" -> "e625"
	"B626" [label="B"]
	"B616" -> "B626"
	"e627" [label="e"]
	"B626" -> "e627"
	")628" [label=")",style=filled,fillcolor=powderblue]
	"F605" -> ")628"
	"G629" [label="G"]
	"C604" -> "G629"

	"e630" [label="e"]
	"G629" -> "e630"
	"D631" [label="D"]
	"A603" -> "D631"
	"e632" [label="e"]
	"D631" -> "e632"
	"B633" [label="B"]
	"B601" -> "B633"
	"e634" [label="e"]
	"B633" -> "e634"
	"Statements635" [label="Statements"]
	"Statements574" -> "Statements635"
	"Statement636" [label="Statement"]
	"Statements635" -> "Statement636"
	"Assignment637" [label="Assignment"]
	"Statement636" -> "Assignment637"
	"m638" [label="m",style=filled,fillcolor=powderblue]
	"Assignment637" -> "m638"
	"[639" [label="[",style=filled,fillcolor=powderblue]
	"Assignment637" -> "[639"
	"Expression640" [label="Expression"]
	"Assignment637" -> "Expression640"
	"A641" [label="A"]
	"Expression640" -> "A641"
	"C642" [label="C"]
	"A641" -> "C642"
	"F643" [label="F"]
	"C642" -> "F643"
	"num644" [label="num",style=filled,fillcolor=powderblue]
	"F643" -> "num644"
	"G645" [label="G"]
	"C642" -> "G645"
	"e646" [label="e"]
	"G645" -> "e646"
	"D647" [label="D"]
	"A641" -> "D647"
	"e648" [label="e"]
	"D647" -> "e648"
	"B649" [label="B"]
	"Expression640" -> "B649"
	"e650" [label="e"]
	"B649" -> "e650"
	"]651" [label="]",style=filled,fillcolor=powderblue]
	"Assignment637" -> "]651"
	"=652" [label="=",style=filled,fillcolor=powderblue]
	"Assignment637" -> "=652"
	"Expression653" [label="Expression"]
	"Assignment637" -> "Expression653"
	"A654" [label="A"]
	"Expression653" -> "A654"
	"C655" [label="C"]
	"A654" -> "C655"
	"F656" [label="F"]
	"C655" -> "F656"
	"num657" [label="num",style=filled,fillcolor=powderblue]
	"F656" -> "num657"
	"G658" [label="G"]
	"C655" -> "G658"
	"e659" [label="e"]
	"G658" -> "e659"
	"D660" [label="D"]
	"A654" -> "D660"
	"e661" [label="e"]
	"D660" -> "e661"
	"B662" [label="B"]
	"Expression653" -> "B662"
	"-663" [label="-",style=filled,fillcolor=powderblue]
	"B662" -> "-663"
	"A664" [label="A"]
	"B662" -> "A664"
	"C665" [label="C"]
	"A664" -> "C665"
	"F666" [label="F"]
	"C665" -> "F666"
	"m667" [label="m",style=filled,fillcolor=powderblue]
	"F666" -> "m667"
	"[668" [label="[",style=filled,fillcolor=powderblue]
	"F666" -> "[668"
	"Expression669" [label="Expression"]
	"F666" -> "Expression669"
	"A670" [label="A"]
	"Expression669" -> "A670"
	"C671" [label="C"]
	"A670" -> "C671"
	"F672" [label="F"]
	"C671" -> "F672"
	"(673" [label="(",style=filled,fillcolor=powderblue]
	"F672" -> "(673"
	"Expression674" [label="Expression"]
	"F672" -> "Expression674"
scan error: unrecognized character '"' -line 13
