digraph G {
	"Start1" [label="Start"]
	"Statements2" [label="Statements"]
	"Start1" -> "Statements2"
	"Statement3" [label="Statement"]
	"Statements2" -> "Statement3"
	"Assignment4" [label="Assignment"]
	"Statement3" -> "Assignment4"
	"m5" [label="m",style=filled,fillcolor=powderblue]
	"Assignment4" -> "m5"
	"[6" [label="[",style=filled,fillcolor=powderblue]
	"Assignment4" -> "[6"
	"Expression7" [label="Expression"]
	"Assignment4" -> "Expression7"
	"A8" [label="A"]
	"Expression7" -> "A8"
	"C9" [label="C"]
	"A8" -> "C9"
	"F10" [label="F"]
	"C9" -> "F10"
	"num11" [label="num",style=filled,fillcolor=powderblue]
	"F10" -> "num11"
	"G12" [label="G"]
	"C9" -> "G12"
	"e13" [label="e"]
	"G12" -> "e13"
	"D14" [label="D"]
	"A8" -> "D14"
	"e15" [label="e"]
	"D14" -> "e15"
	"B16" [label="B"]
	"Expression7" -> "B16"
	"e17" [label="e"]
	"B16" -> "e17"
	"]18" [label="]",style=filled,fillcolor=powderblue]
	"Assignment4" -> "]18"
	"=19" [label="=",style=filled,fillcolor=powderblue]
	"Assignment4" -> "=19"
	"Expression20" [label="Expression"]
	"Assignment4" -> "Expression20"
	"A21" [label="A"]
	"Expression20" -> "A21"
	"C22" [label="C"]
	"A21" -> "C22"
	"F23" [label="F"]
	"C22" -> "F23"
	"num24" [label="num",style=filled,fillcolor=powderblue]
	"F23" -> "num24"
	"G25" [label="G"]
	"C22" -> "G25"
	"e26" [label="e"]
	"G25" -> "e26"
	"D27" [label="D"]
	"A21" -> "D27"
	"/28" [label="/",style=filled,fillcolor=powderblue]
	"D27" -> "/28"
	"C29" [label="C"]
	"D27" -> "C29"
	"F30" [label="F"]
	"C29" -> "F30"
	"num31" [label="num",style=filled,fillcolor=powderblue]
	"F30" -> "num31"
	"G32" [label="G"]
	"C29" -> "G32"
	"e33" [label="e"]
	"G32" -> "e33"
	"D34" [label="D"]
	"D27" -> "D34"
	"*35" [label="*",style=filled,fillcolor=powderblue]
	"D34" -> "*35"
	"C36" [label="C"]
	"D34" -> "C36"
	"F37" [label="F"]
	"C36" -> "F37"
	"num38" [label="num",style=filled,fillcolor=powderblue]
	"F37" -> "num38"
	"G39" [label="G"]
	"C36" -> "G39"

	"e40" [label="e"]
	"G39" -> "e40"
	"D41" [label="D"]
	"D34" -> "D41"
	"e42" [label="e"]
	"D41" -> "e42"
	"B43" [label="B"]
	"Expression20" -> "B43"
	"e44" [label="e"]
	"B43" -> "e44"
	"Statements45" [label="Statements"]
	"Statements2" -> "Statements45"
	"Statement46" [label="Statement"]
	"Statements45" -> "Statement46"
	"Assignment47" [label="Assignment"]
	"Statement46" -> "Assignment47"
	"m48" [label="m",style=filled,fillcolor=powderblue]
	"Assignment47" -> "m48"
	"[49" [label="[",style=filled,fillcolor=powderblue]
	"Assignment47" -> "[49"
	"Expression50" [label="Expression"]
	"Assignment47" -> "Expression50"
	"A51" [label="A"]
	"Expression50" -> "A51"
	"C52" [label="C"]
	"A51" -> "C52"
	"F53" [label="F"]
	"C52" -> "F53"
	"num54" [label="num",style=filled,fillcolor=powderblue]
	"F53" -> "num54"
	"G55" [label="G"]
	"C52" -> "G55"
	"e56" [label="e"]
	"G55" -> "e56"
	"D57" [label="D"]
	"A51" -> "D57"
	"e58" [label="e"]
	"D57" -> "e58"
	"B59" [label="B"]
	"Expression50" -> "B59"
	"e60" [label="e"]
	"B59" -> "e60"
	"]61" [label="]",style=filled,fillcolor=powderblue]
	"Assignment47" -> "]61"
	"=62" [label="=",style=filled,fillcolor=powderblue]
	"Assignment47" -> "=62"
	"Expression63" [label="Expression"]
	"Assignment47" -> "Expression63"
	"A64" [label="A"]
	"Expression63" -> "A64"
	"C65" [label="C"]
	"A64" -> "C65"
	"F66" [label="F"]
	"C65" -> "F66"
	"num67" [label="num",style=filled,fillcolor=powderblue]
	"F66" -> "num67"
	"G68" [label="G"]
	"C65" -> "G68"
	"e69" [label="e"]
	"G68" -> "e69"
	"D70" [label="D"]
	"A64" -> "D70"
	"/71" [label="/",style=filled,fillcolor=powderblue]
	"D70" -> "/71"
	"C72" [label="C"]
	"D70" -> "C72"
	"F73" [label="F"]
	"C72" -> "F73"
	"num74" [label="num",style=filled,fillcolor=powderblue]
	"F73" -> "num74"
	"G75" [label="G"]
	"C72" -> "G75"
	"e76" [label="e"]
	"G75" -> "e76"
	"D77" [label="D"]
	"D70" -> "D77"
	"*78" [label="*",style=filled,fillcolor=powderblue]
	"D77" -> "*78"
	"C79" [label="C"]
	"D77" -> "C79"
	"F80" [label="F"]
	"C79" -> "F80"
	"num81" [label="num",style=filled,fillcolor=powderblue]
	"F80" -> "num81"
	"G82" [label="G"]
	"C79" -> "G82"

	"e83" [label="e"]
	"G82" -> "e83"
	"D84" [label="D"]
	"D77" -> "D84"
	"e85" [label="e"]
	"D84" -> "e85"
	"B86" [label="B"]
	"Expression63" -> "B86"
	"e87" [label="e"]
	"B86" -> "e87"
	"Statements88" [label="Statements"]
	"Statements45" -> "Statements88"
	"Statement89" [label="Statement"]
	"Statements88" -> "Statement89"
	"Jump90" [label="Jump"]
	"Statement89" -> "Jump90"
	"goto91" [label="goto",style=filled,fillcolor=powderblue]
	"Jump90" -> "goto91"
	"num92" [label="num",style=filled,fillcolor=powderblue]
	"Jump90" -> "num92"

	"Statements93" [label="Statements"]
	"Statements88" -> "Statements93"
	"Statement94" [label="Statement"]
	"Statements93" -> "Statement94"
	"Assignment95" [label="Assignment"]
	"Statement94" -> "Assignment95"
	"m96" [label="m",style=filled,fillcolor=powderblue]
	"Assignment95" -> "m96"
	"[97" [label="[",style=filled,fillcolor=powderblue]
	"Assignment95" -> "[97"
	"Expression98" [label="Expression"]
	"Assignment95" -> "Expression98"
	"A99" [label="A"]
	"Expression98" -> "A99"
	"C100" [label="C"]
	"A99" -> "C100"
	"F101" [label="F"]
	"C100" -> "F101"
	"num102" [label="num",style=filled,fillcolor=powderblue]
	"F101" -> "num102"
	"G103" [label="G"]
	"C100" -> "G103"
	"e104" [label="e"]
	"G103" -> "e104"
	"D105" [label="D"]
	"A99" -> "D105"
	"e106" [label="e"]
	"D105" -> "e106"
	"B107" [label="B"]
	"Expression98" -> "B107"
	"e108" [label="e"]
	"B107" -> "e108"
	"]109" [label="]",style=filled,fillcolor=powderblue]
	"Assignment95" -> "]109"
	"=110" [label="=",style=filled,fillcolor=powderblue]
	"Assignment95" -> "=110"
	"Expression111" [label="Expression"]
	"Assignment95" -> "Expression111"
	"A112" [label="A"]
	"Expression111" -> "A112"
	"C113" [label="C"]
	"A112" -> "C113"
	"F114" [label="F"]
	"C113" -> "F114"
	"num115" [label="num",style=filled,fillcolor=powderblue]
	"F114" -> "num115"
	"G116" [label="G"]
	"C113" -> "G116"
	"e117" [label="e"]
	"G116" -> "e117"
	"D118" [label="D"]
	"A112" -> "D118"
	"e119" [label="e"]
	"D118" -> "e119"
	"B120" [label="B"]
	"Expression111" -> "B120"
	"+121" [label="+",style=filled,fillcolor=powderblue]
	"B120" -> "+121"
	"A122" [label="A"]
	"B120" -> "A122"
	"C123" [label="C"]
	"A122" -> "C123"
	"F124" [label="F"]
	"C123" -> "F124"
	"m125" [label="m",style=filled,fillcolor=powderblue]
	"F124" -> "m125"
	"[126" [label="[",style=filled,fillcolor=powderblue]
	"F124" -> "[126"
	"Expression127" [label="Expression"]
	"F124" -> "Expression127"
	"A128" [label="A"]
	"Expression127" -> "A128"
	"C129" [label="C"]
	"A128" -> "C129"
	"F130" [label="F"]
	"C129" -> "F130"
	"num131" [label="num",style=filled,fillcolor=powderblue]
	"F130" -> "num131"
	"G132" [label="G"]
	"C129" -> "G132"
	"e133" [label="e"]
	"G132" -> "e133"
	"D134" [label="D"]
	"A128" -> "D134"
	"e135" [label="e"]
	"D134" -> "e135"
	"B136" [label="B"]
	"Expression127" -> "B136"
	"e137" [label="e"]
	"B136" -> "e137"
	"]138" [label="]",style=filled,fillcolor=powderblue]
	"F124" -> "]138"
	"G139" [label="G"]
	"C123" -> "G139"

	"e140" [label="e"]
	"G139" -> "e140"
	"D141" [label="D"]
	"A122" -> "D141"
	"e142" [label="e"]
	"D141" -> "e142"
	"B143" [label="B"]
	"B120" -> "B143"
	"e144" [label="e"]
	"B143" -> "e144"
	"Statements145" [label="Statements"]
	"Statements93" -> "Statements145"
	"Statement146" [label="Statement"]
	"Statements145" -> "Statement146"
	"Assignment147" [label="Assignment"]
	"Statement146" -> "Assignment147"
	"m148" [label="m",style=filled,fillcolor=powderblue]
	"Assignment147" -> "m148"
	"[149" [label="[",style=filled,fillcolor=powderblue]
	"Assignment147" -> "[149"
	"Expression150" [label="Expression"]
	"Assignment147" -> "Expression150"
	"A151" [label="A"]
	"Expression150" -> "A151"
	"C152" [label="C"]
	"A151" -> "C152"
	"F153" [label="F"]
	"C152" -> "F153"
	"num154" [label="num",style=filled,fillcolor=powderblue]
	"F153" -> "num154"
	"G155" [label="G"]
	"C152" -> "G155"
	"e156" [label="e"]
	"G155" -> "e156"
	"D157" [label="D"]
	"A151" -> "D157"
	"e158" [label="e"]
	"D157" -> "e158"
	"B159" [label="B"]
	"Expression150" -> "B159"
	"e160" [label="e"]
	"B159" -> "e160"
	"]161" [label="]",style=filled,fillcolor=powderblue]
	"Assignment147" -> "]161"
	"=162" [label="=",style=filled,fillcolor=powderblue]
	"Assignment147" -> "=162"
	"Expression163" [label="Expression"]
	"Assignment147" -> "Expression163"
	"A164" [label="A"]
	"Expression163" -> "A164"
	"C165" [label="C"]
	"A164" -> "C165"
	"F166" [label="F"]
	"C165" -> "F166"
	"num167" [label="num",style=filled,fillcolor=powderblue]
	"F166" -> "num167"
	"G168" [label="G"]
	"C165" -> "G168"
	"e169" [label="e"]
	"G168" -> "e169"
	"D170" [label="D"]
	"A164" -> "D170"
	"e171" [label="e"]
	"D170" -> "e171"
	"B172" [label="B"]
	"Expression163" -> "B172"
	"-173" [label="-",style=filled,fillcolor=powderblue]
	"B172" -> "-173"
	"A174" [label="A"]
	"B172" -> "A174"
	"C175" [label="C"]
	"A174" -> "C175"
	"F176" [label="F"]
	"C175" -> "F176"
	"m177" [label="m",style=filled,fillcolor=powderblue]
	"F176" -> "m177"
	"[178" [label="[",style=filled,fillcolor=powderblue]
	"F176" -> "[178"
	"Expression179" [label="Expression"]
	"F176" -> "Expression179"
	"A180" [label="A"]
	"Expression179" -> "A180"
	"C181" [label="C"]
	"A180" -> "C181"
	"F182" [label="F"]
	"C181" -> "F182"
	"num183" [label="num",style=filled,fillcolor=powderblue]
	"F182" -> "num183"
	"G184" [label="G"]
	"C181" -> "G184"
	"**185" [label="**",style=filled,fillcolor=powderblue]
	"G184" -> "**185"
	"F186" [label="F"]
	"G184" -> "F186"
	"num187" [label="num",style=filled,fillcolor=powderblue]
	"F186" -> "num187"
	"G188" [label="G"]
	"G184" -> "G188"
	"e189" [label="e"]
	"G188" -> "e189"
	"D190" [label="D"]
	"A180" -> "D190"
	"*191" [label="*",style=filled,fillcolor=powderblue]
	"D190" -> "*191"
	"C192" [label="C"]
	"D190" -> "C192"
	"F193" [label="F"]
	"C192" -> "F193"
	"num194" [label="num",style=filled,fillcolor=powderblue]
	"F193" -> "num194"
	"G195" [label="G"]
	"C192" -> "G195"
	"e196" [label="e"]
	"G195" -> "e196"
	"D197" [label="D"]
	"D190" -> "D197"
	"e198" [label="e"]
	"D197" -> "e198"
	"B199" [label="B"]
	"Expression179" -> "B199"
	"-200" [label="-",style=filled,fillcolor=powderblue]
	"B199" -> "-200"
	"A201" [label="A"]
	"B199" -> "A201"
	"C202" [label="C"]
	"A201" -> "C202"
	"F203" [label="F"]
	"C202" -> "F203"
	"num204" [label="num",style=filled,fillcolor=powderblue]
	"F203" -> "num204"
	"G205" [label="G"]
	"C202" -> "G205"
	"e206" [label="e"]
	"G205" -> "e206"
	"D207" [label="D"]
	"A201" -> "D207"
	"e208" [label="e"]
	"D207" -> "e208"
	"B209" [label="B"]
	"B199" -> "B209"
	"e210" [label="e"]
	"B209" -> "e210"
	"]211" [label="]",style=filled,fillcolor=powderblue]
	"F176" -> "]211"
	"G212" [label="G"]
	"C175" -> "G212"
	"e213" [label="e"]
	"G212" -> "e213"
	"D214" [label="D"]
	"A174" -> "D214"
	"e215" [label="e"]
	"D214" -> "e215"
	"B216" [label="B"]
	"B172" -> "B216"
	"-217" [label="-",style=filled,fillcolor=powderblue]
	"B216" -> "-217"
	"A218" [label="A"]
	"B216" -> "A218"
	"C219" [label="C"]
	"A218" -> "C219"
	"F220" [label="F"]
	"C219" -> "F220"
	"num221" [label="num",style=filled,fillcolor=powderblue]
	"F220" -> "num221"
	"G222" [label="G"]
	"C219" -> "G222"

	"e223" [label="e"]
	"G222" -> "e223"
	"D224" [label="D"]
	"A218" -> "D224"
	"e225" [label="e"]
	"D224" -> "e225"
	"B226" [label="B"]
	"B216" -> "B226"
	"e227" [label="e"]
	"B226" -> "e227"
	"Statements228" [label="Statements"]
	"Statements145" -> "Statements228"
	"Statement229" [label="Statement"]
	"Statements228" -> "Statement229"
	"Label230" [label="Label"]
	"Statement229" -> "Label230"
	"L231" [label="L",style=filled,fillcolor=powderblue]
	"Label230" -> "L231"
	"num232" [label="num",style=filled,fillcolor=powderblue]
	"Label230" -> "num232"
	":233" [label=":",style=filled,fillcolor=powderblue]
	"Label230" -> ":233"

syntax error: found m expecting : - line 7
