digraph G {
	"Start1" [label="Start"]
	"Statements2" [label="Statements"]
	"Start1" -> "Statements2"
	"Statement3" [label="Statement"]
	"Statements2" -> "Statement3"
	"Assignment4" [label="Assignment"]
	"Statement3" -> "Assignment4"
	"m5" [label="m",style=filled,fillcolor=powderblue]
	"Assignment4" -> "m5"
	"[6" [label="[",style=filled,fillcolor=powderblue]
	"Assignment4" -> "[6"
	"Expression7" [label="Expression"]
	"Assignment4" -> "Expression7"
	"Term8" [label="Term"]
	"Expression7" -> "Term8"
	"Factor9" [label="Factor"]
	"Term8" -> "Factor9"
	"num10" [label="num",style=filled,fillcolor=powderblue]
	"Factor9" -> "num10"
	"TermPrime11" [label="TermPrime"]
	"Term8" -> "TermPrime11"
	"e12" [label="e"]
	"TermPrime11" -> "e12"
	"ExpressionPrime13" [label="ExpressionPrime"]
	"Expression7" -> "ExpressionPrime13"
	"e14" [label="e"]
	"ExpressionPrime13" -> "e14"
	"]15" [label="]",style=filled,fillcolor=powderblue]
	"Assignment4" -> "]15"
	"=16" [label="=",style=filled,fillcolor=powderblue]
	"Assignment4" -> "=16"
	"Expression17" [label="Expression"]
	"Assignment4" -> "Expression17"
	"Term18" [label="Term"]
	"Expression17" -> "Term18"
	"Factor19" [label="Factor"]
	"Term18" -> "Factor19"
	"num20" [label="num",style=filled,fillcolor=powderblue]
	"Factor19" -> "num20"
	"TermPrime21" [label="TermPrime"]
	"Term18" -> "TermPrime21"
	"/22" [label="/",style=filled,fillcolor=powderblue]
	"TermPrime21" -> "/22"
	"Factor23" [label="Factor"]
	"TermPrime21" -> "Factor23"
	"num24" [label="num",style=filled,fillcolor=powderblue]
	"Factor23" -> "num24"
	"TermPrime25" [label="TermPrime"]
	"TermPrime21" -> "TermPrime25"
	"*26" [label="*",style=filled,fillcolor=powderblue]
	"TermPrime25" -> "*26"
	"Factor27" [label="Factor"]
	"TermPrime25" -> "Factor27"
	"num28" [label="num",style=filled,fillcolor=powderblue]
	"Factor27" -> "num28"
	"TermPrime29" [label="TermPrime"]
	"TermPrime25" -> "TermPrime29"
	"e30" [label="e"]
	"TermPrime29" -> "e30"
	"ExpressionPrime31" [label="ExpressionPrime"]
	"Expression17" -> "ExpressionPrime31"
	"e32" [label="e"]
	"ExpressionPrime31" -> "e32"
	"Statement33" [label="Statement"]
	"Statements2" -> "Statement33"
	"Assignment34" [label="Assignment"]
	"Statement33" -> "Assignment34"
	"m35" [label="m",style=filled,fillcolor=powderblue]
	"Assignment34" -> "m35"
	"[36" [label="[",style=filled,fillcolor=powderblue]
	"Assignment34" -> "[36"
	"Expression37" [label="Expression"]
	"Assignment34" -> "Expression37"
	"Term38" [label="Term"]
	"Expression37" -> "Term38"
	"Factor39" [label="Factor"]
	"Term38" -> "Factor39"
	"num40" [label="num",style=filled,fillcolor=powderblue]
	"Factor39" -> "num40"
	"TermPrime41" [label="TermPrime"]
	"Term38" -> "TermPrime41"
	"e42" [label="e"]
	"TermPrime41" -> "e42"
	"ExpressionPrime43" [label="ExpressionPrime"]
	"Expression37" -> "ExpressionPrime43"
	"e44" [label="e"]
	"ExpressionPrime43" -> "e44"
	"]45" [label="]",style=filled,fillcolor=powderblue]
	"Assignment34" -> "]45"
	"=46" [label="=",style=filled,fillcolor=powderblue]
	"Assignment34" -> "=46"
	"Expression47" [label="Expression"]
	"Assignment34" -> "Expression47"
	"Term48" [label="Term"]
	"Expression47" -> "Term48"
	"Factor49" [label="Factor"]
	"Term48" -> "Factor49"
	"num50" [label="num",style=filled,fillcolor=powderblue]
	"Factor49" -> "num50"
	"TermPrime51" [label="TermPrime"]
	"Term48" -> "TermPrime51"
	"e52" [label="e"]
	"TermPrime51" -> "e52"
	"ExpressionPrime53" [label="ExpressionPrime"]
	"Expression47" -> "ExpressionPrime53"
	"+54" [label="+",style=filled,fillcolor=powderblue]
	"ExpressionPrime53" -> "+54"
	"Term55" [label="Term"]
	"ExpressionPrime53" -> "Term55"
	"Factor56" [label="Factor"]
	"Term55" -> "Factor56"
	"num57" [label="num",style=filled,fillcolor=powderblue]
	"Factor56" -> "num57"
	"TermPrime58" [label="TermPrime"]
	"Term55" -> "TermPrime58"
	"e59" [label="e"]
	"TermPrime58" -> "e59"
	"ExpressionPrime60" [label="ExpressionPrime"]
	"ExpressionPrime53" -> "ExpressionPrime60"
	"e61" [label="e"]
	"ExpressionPrime60" -> "e61"
	"Statement62" [label="Statement"]
	"Statements2" -> "Statement62"
	"Assignment63" [label="Assignment"]
	"Statement62" -> "Assignment63"
	"m64" [label="m",style=filled,fillcolor=powderblue]
	"Assignment63" -> "m64"
	"[65" [label="[",style=filled,fillcolor=powderblue]
	"Assignment63" -> "[65"
	"Expression66" [label="Expression"]
	"Assignment63" -> "Expression66"
	"Term67" [label="Term"]
	"Expression66" -> "Term67"
	"Factor68" [label="Factor"]
	"Term67" -> "Factor68"
	"num69" [label="num",style=filled,fillcolor=powderblue]
	"Factor68" -> "num69"
	"TermPrime70" [label="TermPrime"]
	"Term67" -> "TermPrime70"
	"e71" [label="e"]
	"TermPrime70" -> "e71"
	"ExpressionPrime72" [label="ExpressionPrime"]
	"Expression66" -> "ExpressionPrime72"
	"e73" [label="e"]
	"ExpressionPrime72" -> "e73"
	"]74" [label="]",style=filled,fillcolor=powderblue]
	"Assignment63" -> "]74"
	"=75" [label="=",style=filled,fillcolor=powderblue]
	"Assignment63" -> "=75"
	"Expression76" [label="Expression"]
	"Assignment63" -> "Expression76"
	"Term77" [label="Term"]
	"Expression76" -> "Term77"
	"Factor78" [label="Factor"]
	"Term77" -> "Factor78"
	"num79" [label="num",style=filled,fillcolor=powderblue]
	"Factor78" -> "num79"
	"TermPrime80" [label="TermPrime"]
	"Term77" -> "TermPrime80"
	"e81" [label="e"]
	"TermPrime80" -> "e81"
	"ExpressionPrime82" [label="ExpressionPrime"]
	"Expression76" -> "ExpressionPrime82"
	"-83" [label="-",style=filled,fillcolor=powderblue]
	"ExpressionPrime82" -> "-83"
	"Term84" [label="Term"]
	"ExpressionPrime82" -> "Term84"
	"Factor85" [label="Factor"]
	"Term84" -> "Factor85"
	"(86" [label="(",style=filled,fillcolor=powderblue]
	"Factor85" -> "(86"
	"Expression87" [label="Expression"]
	"Factor85" -> "Expression87"
	"Term88" [label="Term"]
	"Expression87" -> "Term88"
	"Factor89" [label="Factor"]
	"Term88" -> "Factor89"
	"m90" [label="m",style=filled,fillcolor=powderblue]
	"Factor89" -> "m90"
	"AfterM91" [label="AfterM"]
	"Factor89" -> "AfterM91"
	"[92" [label="[",style=filled,fillcolor=powderblue]
	"AfterM91" -> "[92"
	"Expression93" [label="Expression"]
	"AfterM91" -> "Expression93"
	"Term94" [label="Term"]
	"Expression93" -> "Term94"
	"Factor95" [label="Factor"]
	"Term94" -> "Factor95"
	"num96" [label="num",style=filled,fillcolor=powderblue]
	"Factor95" -> "num96"
	"TermPrime97" [label="TermPrime"]
	"Term94" -> "TermPrime97"
	"e98" [label="e"]
	"TermPrime97" -> "e98"
	"ExpressionPrime99" [label="ExpressionPrime"]
	"Expression93" -> "ExpressionPrime99"
	"e100" [label="e"]
	"ExpressionPrime99" -> "e100"
	"]101" [label="]",style=filled,fillcolor=powderblue]
	"AfterM91" -> "]101"
	"e102" [label="e"]
	"AfterM91" -> "e102"
	"TermPrime103" [label="TermPrime"]
	"Term88" -> "TermPrime103"
	"e104" [label="e"]
	"TermPrime103" -> "e104"
	"ExpressionPrime105" [label="ExpressionPrime"]
	"Expression87" -> "ExpressionPrime105"
	"-106" [label="-",style=filled,fillcolor=powderblue]
	"ExpressionPrime105" -> "-106"
	"Term107" [label="Term"]
	"ExpressionPrime105" -> "Term107"
	"Factor108" [label="Factor"]
	"Term107" -> "Factor108"
	"num109" [label="num",style=filled,fillcolor=powderblue]
	"Factor108" -> "num109"
	"TermPrime110" [label="TermPrime"]
	"Term107" -> "TermPrime110"
	"e111" [label="e"]
	"TermPrime110" -> "e111"
	"ExpressionPrime112" [label="ExpressionPrime"]
	"ExpressionPrime105" -> "ExpressionPrime112"
	"e113" [label="e"]
	"ExpressionPrime112" -> "e113"
	")114" [label=")",style=filled,fillcolor=powderblue]
	"Factor85" -> ")114"
	"TermPrime115" [label="TermPrime"]
	"Term84" -> "TermPrime115"
	"e116" [label="e"]
	"TermPrime115" -> "e116"
	"ExpressionPrime117" [label="ExpressionPrime"]
	"ExpressionPrime82" -> "ExpressionPrime117"
	"e118" [label="e"]
	"ExpressionPrime117" -> "e118"
	"Statement119" [label="Statement"]
	"Statements2" -> "Statement119"
	"Assignment120" [label="Assignment"]
	"Statement119" -> "Assignment120"
	"m121" [label="m",style=filled,fillcolor=powderblue]
	"Assignment120" -> "m121"
	"[122" [label="[",style=filled,fillcolor=powderblue]
	"Assignment120" -> "[122"
	"Expression123" [label="Expression"]
	"Assignment120" -> "Expression123"
	"Term124" [label="Term"]
	"Expression123" -> "Term124"
	"Factor125" [label="Factor"]
	"Term124" -> "Factor125"
	"num126" [label="num",style=filled,fillcolor=powderblue]
	"Factor125" -> "num126"
	"TermPrime127" [label="TermPrime"]
	"Term124" -> "TermPrime127"
	"e128" [label="e"]
	"TermPrime127" -> "e128"
	"ExpressionPrime129" [label="ExpressionPrime"]
	"Expression123" -> "ExpressionPrime129"
	"e130" [label="e"]
	"ExpressionPrime129" -> "e130"
	"]131" [label="]",style=filled,fillcolor=powderblue]
	"Assignment120" -> "]131"
	"=132" [label="=",style=filled,fillcolor=powderblue]
	"Assignment120" -> "=132"
	"Expression133" [label="Expression"]
	"Assignment120" -> "Expression133"
	"Term134" [label="Term"]
	"Expression133" -> "Term134"
	"Factor135" [label="Factor"]
	"Term134" -> "Factor135"
	"num136" [label="num",style=filled,fillcolor=powderblue]
	"Factor135" -> "num136"
	"TermPrime137" [label="TermPrime"]
	"Term134" -> "TermPrime137"
	"/138" [label="/",style=filled,fillcolor=powderblue]
	"TermPrime137" -> "/138"
	"Factor139" [label="Factor"]
	"TermPrime137" -> "Factor139"
	"num140" [label="num",style=filled,fillcolor=powderblue]
	"Factor139" -> "num140"
	"TermPrime141" [label="TermPrime"]
	"TermPrime137" -> "TermPrime141"
	"*142" [label="*",style=filled,fillcolor=powderblue]
	"TermPrime141" -> "*142"
	"Factor143" [label="Factor"]
	"TermPrime141" -> "Factor143"
	"num144" [label="num",style=filled,fillcolor=powderblue]
	"Factor143" -> "num144"
	"TermPrime145" [label="TermPrime"]
	"TermPrime141" -> "TermPrime145"
	"e146" [label="e"]
	"TermPrime145" -> "e146"
	"ExpressionPrime147" [label="ExpressionPrime"]
	"Expression133" -> "ExpressionPrime147"
	"e148" [label="e"]
	"ExpressionPrime147" -> "e148"
	"Statement149" [label="Statement"]
	"Statements2" -> "Statement149"
	"Assignment150" [label="Assignment"]
	"Statement149" -> "Assignment150"
	"m151" [label="m",style=filled,fillcolor=powderblue]
	"Assignment150" -> "m151"
	"[152" [label="[",style=filled,fillcolor=powderblue]
	"Assignment150" -> "[152"
	"Expression153" [label="Expression"]
	"Assignment150" -> "Expression153"
	"Term154" [label="Term"]
	"Expression153" -> "Term154"
	"Factor155" [label="Factor"]
	"Term154" -> "Factor155"
	"num156" [label="num",style=filled,fillcolor=powderblue]
	"Factor155" -> "num156"
	"TermPrime157" [label="TermPrime"]
	"Term154" -> "TermPrime157"
	"e158" [label="e"]
	"TermPrime157" -> "e158"
	"ExpressionPrime159" [label="ExpressionPrime"]
	"Expression153" -> "ExpressionPrime159"
	"e160" [label="e"]
	"ExpressionPrime159" -> "e160"
	"]161" [label="]",style=filled,fillcolor=powderblue]
	"Assignment150" -> "]161"
	"=162" [label="=",style=filled,fillcolor=powderblue]
	"Assignment150" -> "=162"
	"Expression163" [label="Expression"]
	"Assignment150" -> "Expression163"
	"Term164" [label="Term"]
	"Expression163" -> "Term164"
	"Factor165" [label="Factor"]
	"Term164" -> "Factor165"
	"num166" [label="num",style=filled,fillcolor=powderblue]
	"Factor165" -> "num166"
	"TermPrime167" [label="TermPrime"]
	"Term164" -> "TermPrime167"
	"e168" [label="e"]
	"TermPrime167" -> "e168"
	"ExpressionPrime169" [label="ExpressionPrime"]
	"Expression163" -> "ExpressionPrime169"
	"+170" [label="+",style=filled,fillcolor=powderblue]
	"ExpressionPrime169" -> "+170"
	"Term171" [label="Term"]
	"ExpressionPrime169" -> "Term171"
	"Factor172" [label="Factor"]
	"Term171" -> "Factor172"
	"m173" [label="m",style=filled,fillcolor=powderblue]
	"Factor172" -> "m173"
	"AfterM174" [label="AfterM"]
	"Factor172" -> "AfterM174"
	"[175" [label="[",style=filled,fillcolor=powderblue]
	"AfterM174" -> "[175"
	"Expression176" [label="Expression"]
	"AfterM174" -> "Expression176"
	"Term177" [label="Term"]
	"Expression176" -> "Term177"
	"Factor178" [label="Factor"]
	"Term177" -> "Factor178"
	"num179" [label="num",style=filled,fillcolor=powderblue]
	"Factor178" -> "num179"
	"TermPrime180" [label="TermPrime"]
	"Term177" -> "TermPrime180"
	"e181" [label="e"]
	"TermPrime180" -> "e181"
	"ExpressionPrime182" [label="ExpressionPrime"]
	"Expression176" -> "ExpressionPrime182"
	"e183" [label="e"]
	"ExpressionPrime182" -> "e183"
	"]184" [label="]",style=filled,fillcolor=powderblue]
	"AfterM174" -> "]184"
	"e185" [label="e"]
	"AfterM174" -> "e185"
	"TermPrime186" [label="TermPrime"]
	"Term171" -> "TermPrime186"
	"e187" [label="e"]
	"TermPrime186" -> "e187"
	"ExpressionPrime188" [label="ExpressionPrime"]
	"ExpressionPrime169" -> "ExpressionPrime188"
	"e189" [label="e"]
	"ExpressionPrime188" -> "e189"
	"Statement190" [label="Statement"]
	"Statements2" -> "Statement190"
	"Assignment191" [label="Assignment"]
	"Statement190" -> "Assignment191"
	"m192" [label="m",style=filled,fillcolor=powderblue]
	"Assignment191" -> "m192"
	"[193" [label="[",style=filled,fillcolor=powderblue]
	"Assignment191" -> "[193"
	"Expression194" [label="Expression"]
	"Assignment191" -> "Expression194"
	"Term195" [label="Term"]
	"Expression194" -> "Term195"
	"Factor196" [label="Factor"]
	"Term195" -> "Factor196"
	"num197" [label="num",style=filled,fillcolor=powderblue]
	"Factor196" -> "num197"
	"TermPrime198" [label="TermPrime"]
	"Term195" -> "TermPrime198"
	"e199" [label="e"]
	"TermPrime198" -> "e199"
	"ExpressionPrime200" [label="ExpressionPrime"]
	"Expression194" -> "ExpressionPrime200"
	"e201" [label="e"]
	"ExpressionPrime200" -> "e201"
	"]202" [label="]",style=filled,fillcolor=powderblue]
	"Assignment191" -> "]202"
	"=203" [label="=",style=filled,fillcolor=powderblue]
	"Assignment191" -> "=203"
	"Expression204" [label="Expression"]
	"Assignment191" -> "Expression204"
	"Term205" [label="Term"]
	"Expression204" -> "Term205"
	"Factor206" [label="Factor"]
	"Term205" -> "Factor206"
	"num207" [label="num",style=filled,fillcolor=powderblue]
	"Factor206" -> "num207"
	"TermPrime208" [label="TermPrime"]
	"Term205" -> "TermPrime208"
	"e209" [label="e"]
	"TermPrime208" -> "e209"
	"ExpressionPrime210" [label="ExpressionPrime"]
	"Expression204" -> "ExpressionPrime210"
	"-211" [label="-",style=filled,fillcolor=powderblue]
	"ExpressionPrime210" -> "-211"
	"Term212" [label="Term"]
	"ExpressionPrime210" -> "Term212"
	"Factor213" [label="Factor"]
	"Term212" -> "Factor213"
	"m214" [label="m",style=filled,fillcolor=powderblue]
	"Factor213" -> "m214"
	"AfterM215" [label="AfterM"]
	"Factor213" -> "AfterM215"
	"[216" [label="[",style=filled,fillcolor=powderblue]
	"AfterM215" -> "[216"
	"Expression217" [label="Expression"]
	"AfterM215" -> "Expression217"
	"Term218" [label="Term"]
	"Expression217" -> "Term218"
	"Factor219" [label="Factor"]
	"Term218" -> "Factor219"
	"num220" [label="num",style=filled,fillcolor=powderblue]
	"Factor219" -> "num220"
	"TermPrime221" [label="TermPrime"]
	"Term218" -> "TermPrime221"
	"**222" [label="**",style=filled,fillcolor=powderblue]
	"TermPrime221" -> "**222"
	"Factor223" [label="Factor"]
	"TermPrime221" -> "Factor223"
	"num224" [label="num",style=filled,fillcolor=powderblue]
	"Factor223" -> "num224"
	"TermPrime225" [label="TermPrime"]
	"TermPrime221" -> "TermPrime225"
	"*226" [label="*",style=filled,fillcolor=powderblue]
	"TermPrime225" -> "*226"
	"Factor227" [label="Factor"]
	"TermPrime225" -> "Factor227"
	"num228" [label="num",style=filled,fillcolor=powderblue]
	"Factor227" -> "num228"
	"TermPrime229" [label="TermPrime"]
	"TermPrime225" -> "TermPrime229"
	"e230" [label="e"]
	"TermPrime229" -> "e230"
	"ExpressionPrime231" [label="ExpressionPrime"]
	"Expression217" -> "ExpressionPrime231"
	"-232" [label="-",style=filled,fillcolor=powderblue]
	"ExpressionPrime231" -> "-232"
	"Term233" [label="Term"]
	"ExpressionPrime231" -> "Term233"
	"Factor234" [label="Factor"]
	"Term233" -> "Factor234"
	"num235" [label="num",style=filled,fillcolor=powderblue]
	"Factor234" -> "num235"
	"TermPrime236" [label="TermPrime"]
	"Term233" -> "TermPrime236"
	"e237" [label="e"]
	"TermPrime236" -> "e237"
	"ExpressionPrime238" [label="ExpressionPrime"]
	"ExpressionPrime231" -> "ExpressionPrime238"
	"e239" [label="e"]
	"ExpressionPrime238" -> "e239"
	"]240" [label="]",style=filled,fillcolor=powderblue]
	"AfterM215" -> "]240"
	"e241" [label="e"]
	"AfterM215" -> "e241"
	"TermPrime242" [label="TermPrime"]
	"Term212" -> "TermPrime242"
	"e243" [label="e"]
	"TermPrime242" -> "e243"
	"ExpressionPrime244" [label="ExpressionPrime"]
	"ExpressionPrime210" -> "ExpressionPrime244"
	"-245" [label="-",style=filled,fillcolor=powderblue]
	"ExpressionPrime244" -> "-245"
	"Term246" [label="Term"]
	"ExpressionPrime244" -> "Term246"
	"Factor247" [label="Factor"]
	"Term246" -> "Factor247"
	"num248" [label="num",style=filled,fillcolor=powderblue]
	"Factor247" -> "num248"
	"TermPrime249" [label="TermPrime"]
	"Term246" -> "TermPrime249"
	"e250" [label="e"]
	"TermPrime249" -> "e250"
	"ExpressionPrime251" [label="ExpressionPrime"]
	"ExpressionPrime244" -> "ExpressionPrime251"
	"e252" [label="e"]
	"ExpressionPrime251" -> "e252"
	"Statement253" [label="Statement"]
	"Statements2" -> "Statement253"
	"Label254" [label="Label"]
	"Statement253" -> "Label254"
	"L255" [label="L",style=filled,fillcolor=powderblue]
	"Label254" -> "L255"
	"num256" [label="num",style=filled,fillcolor=powderblue]
	"Label254" -> "num256"
	":257" [label=":",style=filled,fillcolor=powderblue]
	"Label254" -> ":257"
	"Statement258" [label="Statement"]
	"Statements2" -> "Statement258"
	"Assignment259" [label="Assignment"]
	"Statement258" -> "Assignment259"
	"m260" [label="m",style=filled,fillcolor=powderblue]
	"Assignment259" -> "m260"
	"[261" [label="[",style=filled,fillcolor=powderblue]
	"Assignment259" -> "[261"
	"Expression262" [label="Expression"]
	"Assignment259" -> "Expression262"
	"Term263" [label="Term"]
	"Expression262" -> "Term263"
	"Factor264" [label="Factor"]
	"Term263" -> "Factor264"
	"num265" [label="num",style=filled,fillcolor=powderblue]
	"Factor264" -> "num265"
	"TermPrime266" [label="TermPrime"]
	"Term263" -> "TermPrime266"
	"e267" [label="e"]
	"TermPrime266" -> "e267"
	"ExpressionPrime268" [label="ExpressionPrime"]
	"Expression262" -> "ExpressionPrime268"
	"e269" [label="e"]
	"ExpressionPrime268" -> "e269"
	"]270" [label="]",style=filled,fillcolor=powderblue]
	"Assignment259" -> "]270"
	"=271" [label="=",style=filled,fillcolor=powderblue]
	"Assignment259" -> "=271"
	"Expression272" [label="Expression"]
	"Assignment259" -> "Expression272"
	"Term273" [label="Term"]
	"Expression272" -> "Term273"
	"Factor274" [label="Factor"]
	"Term273" -> "Factor274"
	"num275" [label="num",style=filled,fillcolor=powderblue]
	"Factor274" -> "num275"
	"TermPrime276" [label="TermPrime"]
	"Term273" -> "TermPrime276"
	"e277" [label="e"]
	"TermPrime276" -> "e277"
	"ExpressionPrime278" [label="ExpressionPrime"]
	"Expression272" -> "ExpressionPrime278"
	"-279" [label="-",style=filled,fillcolor=powderblue]
	"ExpressionPrime278" -> "-279"
	"Term280" [label="Term"]
	"ExpressionPrime278" -> "Term280"
	"Factor281" [label="Factor"]
	"Term280" -> "Factor281"
	"(282" [label="(",style=filled,fillcolor=powderblue]
	"Factor281" -> "(282"
	"Expression283" [label="Expression"]
	"Factor281" -> "Expression283"
	"Term284" [label="Term"]
	"Expression283" -> "Term284"
	"Factor285" [label="Factor"]
	"Term284" -> "Factor285"
	"m286" [label="m",style=filled,fillcolor=powderblue]
	"Factor285" -> "m286"
	"AfterM287" [label="AfterM"]
	"Factor285" -> "AfterM287"
	"[288" [label="[",style=filled,fillcolor=powderblue]
	"AfterM287" -> "[288"
	"Expression289" [label="Expression"]
	"AfterM287" -> "Expression289"
	"Term290" [label="Term"]
	"Expression289" -> "Term290"
	"Factor291" [label="Factor"]
	"Term290" -> "Factor291"
	"num292" [label="num",style=filled,fillcolor=powderblue]
	"Factor291" -> "num292"
	"TermPrime293" [label="TermPrime"]
	"Term290" -> "TermPrime293"
	"e294" [label="e"]
	"TermPrime293" -> "e294"
	"ExpressionPrime295" [label="ExpressionPrime"]
	"Expression289" -> "ExpressionPrime295"
	"e296" [label="e"]
	"ExpressionPrime295" -> "e296"
	"]297" [label="]",style=filled,fillcolor=powderblue]
	"AfterM287" -> "]297"
	"e298" [label="e"]
	"AfterM287" -> "e298"
	"TermPrime299" [label="TermPrime"]
	"Term284" -> "TermPrime299"
	"e300" [label="e"]
	"TermPrime299" -> "e300"
	"ExpressionPrime301" [label="ExpressionPrime"]
	"Expression283" -> "ExpressionPrime301"
	"-302" [label="-",style=filled,fillcolor=powderblue]
	"ExpressionPrime301" -> "-302"
	"Term303" [label="Term"]
	"ExpressionPrime301" -> "Term303"
	"Factor304" [label="Factor"]
	"Term303" -> "Factor304"
	"num305" [label="num",style=filled,fillcolor=powderblue]
	"Factor304" -> "num305"
	"TermPrime306" [label="TermPrime"]
	"Term303" -> "TermPrime306"
	"e307" [label="e"]
	"TermPrime306" -> "e307"
	"ExpressionPrime308" [label="ExpressionPrime"]
	"ExpressionPrime301" -> "ExpressionPrime308"
	"e309" [label="e"]
	"ExpressionPrime308" -> "e309"
	")310" [label=")",style=filled,fillcolor=powderblue]
	"Factor281" -> ")310"
	"TermPrime311" [label="TermPrime"]
	"Term280" -> "TermPrime311"
	"e312" [label="e"]
	"TermPrime311" -> "e312"
	"ExpressionPrime313" [label="ExpressionPrime"]
	"ExpressionPrime278" -> "ExpressionPrime313"
	"e314" [label="e"]
	"ExpressionPrime313" -> "e314"
	"Statement315" [label="Statement"]
	"Statements2" -> "Statement315"
	"Assignment316" [label="Assignment"]
	"Statement315" -> "Assignment316"
	"m317" [label="m",style=filled,fillcolor=powderblue]
	"Assignment316" -> "m317"
	"[318" [label="[",style=filled,fillcolor=powderblue]
	"Assignment316" -> "[318"
	"Expression319" [label="Expression"]
	"Assignment316" -> "Expression319"
	"Term320" [label="Term"]
	"Expression319" -> "Term320"
	"Factor321" [label="Factor"]
	"Term320" -> "Factor321"
	"num322" [label="num",style=filled,fillcolor=powderblue]
	"Factor321" -> "num322"
	"TermPrime323" [label="TermPrime"]
	"Term320" -> "TermPrime323"
	"e324" [label="e"]
	"TermPrime323" -> "e324"
	"ExpressionPrime325" [label="ExpressionPrime"]
	"Expression319" -> "ExpressionPrime325"
	"e326" [label="e"]
	"ExpressionPrime325" -> "e326"
	"]327" [label="]",style=filled,fillcolor=powderblue]
	"Assignment316" -> "]327"
	"=328" [label="=",style=filled,fillcolor=powderblue]
	"Assignment316" -> "=328"
	"Expression329" [label="Expression"]
	"Assignment316" -> "Expression329"
	"Term330" [label="Term"]
	"Expression329" -> "Term330"
	"Factor331" [label="Factor"]
	"Term330" -> "Factor331"
	"num332" [label="num",style=filled,fillcolor=powderblue]
	"Factor331" -> "num332"
	"TermPrime333" [label="TermPrime"]
	"Term330" -> "TermPrime333"
	"/334" [label="/",style=filled,fillcolor=powderblue]
	"TermPrime333" -> "/334"
	"Factor335" [label="Factor"]
	"TermPrime333" -> "Factor335"
	"num336" [label="num",style=filled,fillcolor=powderblue]
	"Factor335" -> "num336"
	"TermPrime337" [label="TermPrime"]
	"TermPrime333" -> "TermPrime337"
	"*338" [label="*",style=filled,fillcolor=powderblue]
	"TermPrime337" -> "*338"
	"Factor339" [label="Factor"]
	"TermPrime337" -> "Factor339"
	"num340" [label="num",style=filled,fillcolor=powderblue]
	"Factor339" -> "num340"
	"TermPrime341" [label="TermPrime"]
	"TermPrime337" -> "TermPrime341"
	"e342" [label="e"]
	"TermPrime341" -> "e342"
	"ExpressionPrime343" [label="ExpressionPrime"]
	"Expression329" -> "ExpressionPrime343"
	"e344" [label="e"]
	"ExpressionPrime343" -> "e344"
	"Statement345" [label="Statement"]
	"Statements2" -> "Statement345"
	"Assignment346" [label="Assignment"]
	"Statement345" -> "Assignment346"
	"m347" [label="m",style=filled,fillcolor=powderblue]
	"Assignment346" -> "m347"
	"[348" [label="[",style=filled,fillcolor=powderblue]
	"Assignment346" -> "[348"
	"Expression349" [label="Expression"]
	"Assignment346" -> "Expression349"
	"Term350" [label="Term"]
	"Expression349" -> "Term350"
	"Factor351" [label="Factor"]
	"Term350" -> "Factor351"
	"num352" [label="num",style=filled,fillcolor=powderblue]
	"Factor351" -> "num352"
	"TermPrime353" [label="TermPrime"]
	"Term350" -> "TermPrime353"
	"e354" [label="e"]
	"TermPrime353" -> "e354"
	"ExpressionPrime355" [label="ExpressionPrime"]
	"Expression349" -> "ExpressionPrime355"
	"e356" [label="e"]
	"ExpressionPrime355" -> "e356"
	"]357" [label="]",style=filled,fillcolor=powderblue]
	"Assignment346" -> "]357"
	"=358" [label="=",style=filled,fillcolor=powderblue]
	"Assignment346" -> "=358"
	"Expression359" [label="Expression"]
	"Assignment346" -> "Expression359"
	"Term360" [label="Term"]
	"Expression359" -> "Term360"
	"Factor361" [label="Factor"]
	"Term360" -> "Factor361"
	"num362" [label="num",style=filled,fillcolor=powderblue]
	"Factor361" -> "num362"
	"TermPrime363" [label="TermPrime"]
	"Term360" -> "TermPrime363"
	"e364" [label="e"]
	"TermPrime363" -> "e364"
	"ExpressionPrime365" [label="ExpressionPrime"]
	"Expression359" -> "ExpressionPrime365"
	"+366" [label="+",style=filled,fillcolor=powderblue]
	"ExpressionPrime365" -> "+366"
	"Term367" [label="Term"]
	"ExpressionPrime365" -> "Term367"
	"Factor368" [label="Factor"]
	"Term367" -> "Factor368"
	"m369" [label="m",style=filled,fillcolor=powderblue]
	"Factor368" -> "m369"
	"AfterM370" [label="AfterM"]
	"Factor368" -> "AfterM370"
	"[371" [label="[",style=filled,fillcolor=powderblue]
	"AfterM370" -> "[371"
	"Expression372" [label="Expression"]
	"AfterM370" -> "Expression372"
	"Term373" [label="Term"]
	"Expression372" -> "Term373"
	"Factor374" [label="Factor"]
	"Term373" -> "Factor374"
	"num375" [label="num",style=filled,fillcolor=powderblue]
	"Factor374" -> "num375"
	"TermPrime376" [label="TermPrime"]
	"Term373" -> "TermPrime376"
	"e377" [label="e"]
	"TermPrime376" -> "e377"
	"ExpressionPrime378" [label="ExpressionPrime"]
	"Expression372" -> "ExpressionPrime378"
	"e379" [label="e"]
	"ExpressionPrime378" -> "e379"
	"]380" [label="]",style=filled,fillcolor=powderblue]
	"AfterM370" -> "]380"
	"e381" [label="e"]
	"AfterM370" -> "e381"
	"TermPrime382" [label="TermPrime"]
	"Term367" -> "TermPrime382"
	"e383" [label="e"]
	"TermPrime382" -> "e383"
	"ExpressionPrime384" [label="ExpressionPrime"]
	"ExpressionPrime365" -> "ExpressionPrime384"
	"e385" [label="e"]
	"ExpressionPrime384" -> "e385"
	"Statement386" [label="Statement"]
	"Statements2" -> "Statement386"
	"Assignment387" [label="Assignment"]
	"Statement386" -> "Assignment387"
	"m388" [label="m",style=filled,fillcolor=powderblue]
	"Assignment387" -> "m388"
	"[389" [label="[",style=filled,fillcolor=powderblue]
	"Assignment387" -> "[389"
	"Expression390" [label="Expression"]
	"Assignment387" -> "Expression390"
	"Term391" [label="Term"]
	"Expression390" -> "Term391"
	"Factor392" [label="Factor"]
	"Term391" -> "Factor392"
	"num393" [label="num",style=filled,fillcolor=powderblue]
	"Factor392" -> "num393"
	"TermPrime394" [label="TermPrime"]
	"Term391" -> "TermPrime394"
	"e395" [label="e"]
	"TermPrime394" -> "e395"
	"ExpressionPrime396" [label="ExpressionPrime"]
	"Expression390" -> "ExpressionPrime396"
	"e397" [label="e"]
	"ExpressionPrime396" -> "e397"
	"]398" [label="]",style=filled,fillcolor=powderblue]
	"Assignment387" -> "]398"
	"=399" [label="=",style=filled,fillcolor=powderblue]
	"Assignment387" -> "=399"
	"Expression400" [label="Expression"]
	"Assignment387" -> "Expression400"
	"Term401" [label="Term"]
	"Expression400" -> "Term401"
	"Factor402" [label="Factor"]
	"Term401" -> "Factor402"
	"num403" [label="num",style=filled,fillcolor=powderblue]
	"Factor402" -> "num403"
	"TermPrime404" [label="TermPrime"]
	"Term401" -> "TermPrime404"
	"e405" [label="e"]
	"TermPrime404" -> "e405"
	"ExpressionPrime406" [label="ExpressionPrime"]
	"Expression400" -> "ExpressionPrime406"
	"-407" [label="-",style=filled,fillcolor=powderblue]
	"ExpressionPrime406" -> "-407"
	"Term408" [label="Term"]
	"ExpressionPrime406" -> "Term408"
	"Factor409" [label="Factor"]
	"Term408" -> "Factor409"
	"m410" [label="m",style=filled,fillcolor=powderblue]
	"Factor409" -> "m410"
	"AfterM411" [label="AfterM"]
	"Factor409" -> "AfterM411"
	"[412" [label="[",style=filled,fillcolor=powderblue]
	"AfterM411" -> "[412"
	"Expression413" [label="Expression"]
	"AfterM411" -> "Expression413"
	"Term414" [label="Term"]
	"Expression413" -> "Term414"
	"Factor415" [label="Factor"]
	"Term414" -> "Factor415"
	"num416" [label="num",style=filled,fillcolor=powderblue]
	"Factor415" -> "num416"
	"TermPrime417" [label="TermPrime"]
	"Term414" -> "TermPrime417"
	"e418" [label="e"]
	"TermPrime417" -> "e418"
	"ExpressionPrime419" [label="ExpressionPrime"]
	"Expression413" -> "ExpressionPrime419"
	"-420" [label="-",style=filled,fillcolor=powderblue]
	"ExpressionPrime419" -> "-420"
	"Term421" [label="Term"]
	"ExpressionPrime419" -> "Term421"
	"Factor422" [label="Factor"]
	"Term421" -> "Factor422"
	"num423" [label="num",style=filled,fillcolor=powderblue]
	"Factor422" -> "num423"
	"TermPrime424" [label="TermPrime"]
	"Term421" -> "TermPrime424"
	"e425" [label="e"]
	"TermPrime424" -> "e425"
	"ExpressionPrime426" [label="ExpressionPrime"]
	"ExpressionPrime419" -> "ExpressionPrime426"
	"e427" [label="e"]
	"ExpressionPrime426" -> "e427"
	"]428" [label="]",style=filled,fillcolor=powderblue]
	"AfterM411" -> "]428"
	"e429" [label="e"]
	"AfterM411" -> "e429"
	"TermPrime430" [label="TermPrime"]
	"Term408" -> "TermPrime430"
	"e431" [label="e"]
	"TermPrime430" -> "e431"
	"ExpressionPrime432" [label="ExpressionPrime"]
	"ExpressionPrime406" -> "ExpressionPrime432"
	"e433" [label="e"]
	"ExpressionPrime432" -> "e433"
	"Statement434" [label="Statement"]
	"Statements2" -> "Statement434"
	"Assignment435" [label="Assignment"]
	"Statement434" -> "Assignment435"
	"m436" [label="m",style=filled,fillcolor=powderblue]
	"Assignment435" -> "m436"
	"[437" [label="[",style=filled,fillcolor=powderblue]
	"Assignment435" -> "[437"
	"Expression438" [label="Expression"]
	"Assignment435" -> "Expression438"
	"Term439" [label="Term"]
	"Expression438" -> "Term439"
	"Factor440" [label="Factor"]
	"Term439" -> "Factor440"
	"num441" [label="num",style=filled,fillcolor=powderblue]
	"Factor440" -> "num441"
	"TermPrime442" [label="TermPrime"]
	"Term439" -> "TermPrime442"
	"e443" [label="e"]
	"TermPrime442" -> "e443"
	"ExpressionPrime444" [label="ExpressionPrime"]
	"Expression438" -> "ExpressionPrime444"
	"e445" [label="e"]
	"ExpressionPrime444" -> "e445"
	"]446" [label="]",style=filled,fillcolor=powderblue]
	"Assignment435" -> "]446"
	"=447" [label="=",style=filled,fillcolor=powderblue]
	"Assignment435" -> "=447"
	"Expression448" [label="Expression"]
	"Assignment435" -> "Expression448"
	"Term449" [label="Term"]
	"Expression448" -> "Term449"
	"Factor450" [label="Factor"]
	"Term449" -> "Factor450"
	"num451" [label="num",style=filled,fillcolor=powderblue]
	"Factor450" -> "num451"
	"TermPrime452" [label="TermPrime"]
	"Term449" -> "TermPrime452"
	"e453" [label="e"]
	"TermPrime452" -> "e453"
	"ExpressionPrime454" [label="ExpressionPrime"]
	"Expression448" -> "ExpressionPrime454"
	"-455" [label="-",style=filled,fillcolor=powderblue]
	"ExpressionPrime454" -> "-455"
	"Term456" [label="Term"]
	"ExpressionPrime454" -> "Term456"
	"Factor457" [label="Factor"]
	"Term456" -> "Factor457"
	"(458" [label="(",style=filled,fillcolor=powderblue]
	"Factor457" -> "(458"
	"Expression459" [label="Expression"]
	"Factor457" -> "Expression459"
	"Term460" [label="Term"]
	"Expression459" -> "Term460"
	"Factor461" [label="Factor"]
	"Term460" -> "Factor461"
	"num462" [label="num",style=filled,fillcolor=powderblue]
	"Factor461" -> "num462"
	"TermPrime463" [label="TermPrime"]
	"Term460" -> "TermPrime463"
	"e464" [label="e"]
	"TermPrime463" -> "e464"
	"ExpressionPrime465" [label="ExpressionPrime"]
	"Expression459" -> "ExpressionPrime465"
	"-466" [label="-",style=filled,fillcolor=powderblue]
	"ExpressionPrime465" -> "-466"
	"Term467" [label="Term"]
	"ExpressionPrime465" -> "Term467"
	"Factor468" [label="Factor"]
	"Term467" -> "Factor468"
	"num469" [label="num",style=filled,fillcolor=powderblue]
	"Factor468" -> "num469"
	"TermPrime470" [label="TermPrime"]
	"Term467" -> "TermPrime470"
	"e471" [label="e"]
	"TermPrime470" -> "e471"
	"ExpressionPrime472" [label="ExpressionPrime"]
	"ExpressionPrime465" -> "ExpressionPrime472"
	"e473" [label="e"]
	"ExpressionPrime472" -> "e473"
	")474" [label=")",style=filled,fillcolor=powderblue]
	"Factor457" -> ")474"
	"TermPrime475" [label="TermPrime"]
	"Term456" -> "TermPrime475"
	"e476" [label="e"]
	"TermPrime475" -> "e476"
	"ExpressionPrime477" [label="ExpressionPrime"]
	"ExpressionPrime454" -> "ExpressionPrime477"
	"e478" [label="e"]
	"ExpressionPrime477" -> "e478"
	"Statement479" [label="Statement"]
	"Statements2" -> "Statement479"
	"Assignment480" [label="Assignment"]
	"Statement479" -> "Assignment480"
	"m481" [label="m",style=filled,fillcolor=powderblue]
	"Assignment480" -> "m481"
	"[482" [label="[",style=filled,fillcolor=powderblue]
	"Assignment480" -> "[482"
	"Expression483" [label="Expression"]
	"Assignment480" -> "Expression483"
	"Term484" [label="Term"]
	"Expression483" -> "Term484"
	"Factor485" [label="Factor"]
	"Term484" -> "Factor485"
	"num486" [label="num",style=filled,fillcolor=powderblue]
	"Factor485" -> "num486"
	"TermPrime487" [label="TermPrime"]
	"Term484" -> "TermPrime487"
	"e488" [label="e"]
	"TermPrime487" -> "e488"
	"ExpressionPrime489" [label="ExpressionPrime"]
	"Expression483" -> "ExpressionPrime489"
	"e490" [label="e"]
	"ExpressionPrime489" -> "e490"
	"]491" [label="]",style=filled,fillcolor=powderblue]
	"Assignment480" -> "]491"
	"=492" [label="=",style=filled,fillcolor=powderblue]
	"Assignment480" -> "=492"
	"Expression493" [label="Expression"]
	"Assignment480" -> "Expression493"
	"Term494" [label="Term"]
	"Expression493" -> "Term494"
	"Factor495" [label="Factor"]
	"Term494" -> "Factor495"
	"num496" [label="num",style=filled,fillcolor=powderblue]
	"Factor495" -> "num496"
	"TermPrime497" [label="TermPrime"]
	"Term494" -> "TermPrime497"
	"e498" [label="e"]
	"TermPrime497" -> "e498"
	"ExpressionPrime499" [label="ExpressionPrime"]
	"Expression493" -> "ExpressionPrime499"
	"-500" [label="-",style=filled,fillcolor=powderblue]
	"ExpressionPrime499" -> "-500"
	"Term501" [label="Term"]
	"ExpressionPrime499" -> "Term501"
	"Factor502" [label="Factor"]
	"Term501" -> "Factor502"
	"m503" [label="m",style=filled,fillcolor=powderblue]
	"Factor502" -> "m503"
	"AfterM504" [label="AfterM"]
	"Factor502" -> "AfterM504"
	"[505" [label="[",style=filled,fillcolor=powderblue]
	"AfterM504" -> "[505"
	"Expression506" [label="Expression"]
	"AfterM504" -> "Expression506"
	"Term507" [label="Term"]
	"Expression506" -> "Term507"
	"Factor508" [label="Factor"]
	"Term507" -> "Factor508"
	"(509" [label="(",style=filled,fillcolor=powderblue]
	"Factor508" -> "(509"
	"Expression510" [label="Expression"]
	"Factor508" -> "Expression510"
	"Term511" [label="Term"]
	"Expression510" -> "Term511"
	"Factor512" [label="Factor"]
	"Term511" -> "Factor512"
scan error: unrecognized character '"' -line 13
