digraph G {
	"Start1" [label="Start"]
	"Statement2" [label="Statement"]
	"Start1" -> "Statement2"
	"Assignment3" [label="Assignment"]
	"Statement2" -> "Assignment3"
	"m4" [label="m",style=filled,fillcolor=powderblue]
	"Assignment3" -> "m4"
	"[5" [label="[",style=filled,fillcolor=powderblue]
	"Assignment3" -> "[5"
	"Expression6" [label="Expression"]
	"Assignment3" -> "Expression6"
	"Term7" [label="Term"]
	"Expression6" -> "Term7"
	"Factor8" [label="Factor"]
	"Term7" -> "Factor8"
	"Pow9" [label="Pow"]
	"Factor8" -> "Pow9"
	"num10" [label="num",style=filled,fillcolor=powderblue]
	"Pow9" -> "num10"
	"PowP11" [label="PowP"]
	"Factor8" -> "PowP11"
	"e12" [label="e"]
	"PowP11" -> "e12"
	"TermP13" [label="TermP"]
	"Term7" -> "TermP13"
	"e14" [label="e"]
	"TermP13" -> "e14"
	"ExpressionP15" [label="ExpressionP"]
	"Expression6" -> "ExpressionP15"
	"e16" [label="e"]
	"ExpressionP15" -> "e16"
	"]17" [label="]",style=filled,fillcolor=powderblue]
	"Assignment3" -> "]17"
	"=18" [label="=",style=filled,fillcolor=powderblue]
	"Assignment3" -> "=18"
	"Expression19" [label="Expression"]
	"Assignment3" -> "Expression19"
	"Term20" [label="Term"]
	"Expression19" -> "Term20"
	"Factor21" [label="Factor"]
	"Term20" -> "Factor21"
	"Pow22" [label="Pow"]
	"Factor21" -> "Pow22"
	"m23" [label="m",style=filled,fillcolor=powderblue]
	"Pow22" -> "m23"
	"[24" [label="[",style=filled,fillcolor=powderblue]
	"Pow22" -> "[24"
	"Expression25" [label="Expression"]
	"Pow22" -> "Expression25"
	"Term26" [label="Term"]
	"Expression25" -> "Term26"
	"Factor27" [label="Factor"]
	"Term26" -> "Factor27"
	"Pow28" [label="Pow"]
	"Factor27" -> "Pow28"
	"num29" [label="num",style=filled,fillcolor=powderblue]
	"Pow28" -> "num29"
	"PowP30" [label="PowP"]
	"Factor27" -> "PowP30"
	"e31" [label="e"]
	"PowP30" -> "e31"
	"TermP32" [label="TermP"]
	"Term26" -> "TermP32"
	"e33" [label="e"]
	"TermP32" -> "e33"
	"ExpressionP34" [label="ExpressionP"]
	"Expression25" -> "ExpressionP34"
	"e35" [label="e"]
	"ExpressionP34" -> "e35"
	"]36" [label="]",style=filled,fillcolor=powderblue]
	"Pow22" -> "]36"
	"PowP37" [label="PowP"]
	"Factor21" -> "PowP37"
	"e38" [label="e"]
	"PowP37" -> "e38"
	"TermP39" [label="TermP"]
	"Term20" -> "TermP39"
	"e40" [label="e"]
	"TermP39" -> "e40"
	"ExpressionP41" [label="ExpressionP"]
	"Expression19" -> "ExpressionP41"
	"-42" [label="-",style=filled,fillcolor=powderblue]
	"ExpressionP41" -> "-42"
	"Term43" [label="Term"]
	"ExpressionP41" -> "Term43"
	"Factor44" [label="Factor"]
	"Term43" -> "Factor44"
	"Pow45" [label="Pow"]
	"Factor44" -> "Pow45"
	"num46" [label="num",style=filled,fillcolor=powderblue]
	"Pow45" -> "num46"
	"PowP47" [label="PowP"]
	"Factor44" -> "PowP47"
	"e48" [label="e"]
	"PowP47" -> "e48"
	"TermP49" [label="TermP"]
	"Term43" -> "TermP49"
	"e50" [label="e"]
	"TermP49" -> "e50"
	"ExpressionP51" [label="ExpressionP"]
	"ExpressionP41" -> "ExpressionP51"
	"e52" [label="e"]
	"ExpressionP51" -> "e52"
	"e53" [label="e"]
	"ExpressionP41" -> "e53"
	"Statements54" [label="Statements"]
	"Start1" -> "Statements54"
	"Statement55" [label="Statement"]
	"Statements54" -> "Statement55"
	"Assignment56" [label="Assignment"]
	"Statement55" -> "Assignment56"
	"m57" [label="m",style=filled,fillcolor=powderblue]
	"Assignment56" -> "m57"
	"[58" [label="[",style=filled,fillcolor=powderblue]
	"Assignment56" -> "[58"
	"Expression59" [label="Expression"]
	"Assignment56" -> "Expression59"
	"Term60" [label="Term"]
	"Expression59" -> "Term60"
	"Factor61" [label="Factor"]
	"Term60" -> "Factor61"
	"Pow62" [label="Pow"]
	"Factor61" -> "Pow62"
	"num63" [label="num",style=filled,fillcolor=powderblue]
	"Pow62" -> "num63"
	"PowP64" [label="PowP"]
	"Factor61" -> "PowP64"
	"e65" [label="e"]
	"PowP64" -> "e65"
	"TermP66" [label="TermP"]
	"Term60" -> "TermP66"
	"e67" [label="e"]
	"TermP66" -> "e67"
	"ExpressionP68" [label="ExpressionP"]
	"Expression59" -> "ExpressionP68"
	"e69" [label="e"]
	"ExpressionP68" -> "e69"
	"]70" [label="]",style=filled,fillcolor=powderblue]
	"Assignment56" -> "]70"
	"=71" [label="=",style=filled,fillcolor=powderblue]
	"Assignment56" -> "=71"
	"Expression72" [label="Expression"]
	"Assignment56" -> "Expression72"
	"Term73" [label="Term"]
	"Expression72" -> "Term73"
	"Factor74" [label="Factor"]
	"Term73" -> "Factor74"
	"Pow75" [label="Pow"]
	"Factor74" -> "Pow75"
	"num76" [label="num",style=filled,fillcolor=powderblue]
	"Pow75" -> "num76"
	"PowP77" [label="PowP"]
	"Factor74" -> "PowP77"
	"e78" [label="e"]
	"PowP77" -> "e78"
	"TermP79" [label="TermP"]
	"Term73" -> "TermP79"
	"/80" [label="/",style=filled,fillcolor=powderblue]
	"TermP79" -> "/80"
	"Pow81" [label="Pow"]
	"TermP79" -> "Pow81"
	"num82" [label="num",style=filled,fillcolor=powderblue]
	"Pow81" -> "num82"
	"TermP83" [label="TermP"]
	"TermP79" -> "TermP83"
	"*84" [label="*",style=filled,fillcolor=powderblue]
	"TermP83" -> "*84"
	"Pow85" [label="Pow"]
	"TermP83" -> "Pow85"
	"num86" [label="num",style=filled,fillcolor=powderblue]
	"Pow85" -> "num86"
	"TermP87" [label="TermP"]
	"TermP83" -> "TermP87"
	"e88" [label="e"]
	"TermP87" -> "e88"
	"e89" [label="e"]
	"TermP83" -> "e89"
	"e90" [label="e"]
	"TermP79" -> "e90"
	"ExpressionP91" [label="ExpressionP"]
	"Expression72" -> "ExpressionP91"
	"e92" [label="e"]
	"ExpressionP91" -> "e92"
	"Statements93" [label="Statements"]
	"Statements54" -> "Statements93"
	"Statement94" [label="Statement"]
	"Statements93" -> "Statement94"
	"Assignment95" [label="Assignment"]
	"Statement94" -> "Assignment95"
	"m96" [label="m",style=filled,fillcolor=powderblue]
	"Assignment95" -> "m96"
	"[97" [label="[",style=filled,fillcolor=powderblue]
	"Assignment95" -> "[97"
	"Expression98" [label="Expression"]
	"Assignment95" -> "Expression98"
	"Term99" [label="Term"]
	"Expression98" -> "Term99"
	"Factor100" [label="Factor"]
	"Term99" -> "Factor100"
	"Pow101" [label="Pow"]
	"Factor100" -> "Pow101"
	"num102" [label="num",style=filled,fillcolor=powderblue]
	"Pow101" -> "num102"
	"PowP103" [label="PowP"]
	"Factor100" -> "PowP103"
	"e104" [label="e"]
	"PowP103" -> "e104"
	"TermP105" [label="TermP"]
	"Term99" -> "TermP105"
	"e106" [label="e"]
	"TermP105" -> "e106"
	"ExpressionP107" [label="ExpressionP"]
	"Expression98" -> "ExpressionP107"
	"e108" [label="e"]
	"ExpressionP107" -> "e108"
	"]109" [label="]",style=filled,fillcolor=powderblue]
	"Assignment95" -> "]109"
	"=110" [label="=",style=filled,fillcolor=powderblue]
	"Assignment95" -> "=110"
	"Expression111" [label="Expression"]
	"Assignment95" -> "Expression111"
	"Term112" [label="Term"]
	"Expression111" -> "Term112"
	"Factor113" [label="Factor"]
	"Term112" -> "Factor113"
	"Pow114" [label="Pow"]
	"Factor113" -> "Pow114"
	"num115" [label="num",style=filled,fillcolor=powderblue]
	"Pow114" -> "num115"
number out of range, maximum is 2^31 - 1
