digraph G {
	"Start1" [label="Start"]
	"Statement2" [label="Statement"]
	"Start1" -> "Statement2"
	"Assignment3" [label="Assignment"]
	"Statement2" -> "Assignment3"
	"m4" [label="m",style=filled,fillcolor=powderblue]
	"Assignment3" -> "m4"
	"[5" [label="[",style=filled,fillcolor=powderblue]
	"Assignment3" -> "[5"
	"Expression6" [label="Expression"]
	"Assignment3" -> "Expression6"
	"Term7" [label="Term"]
	"Expression6" -> "Term7"
	"Factor8" [label="Factor"]
	"Term7" -> "Factor8"
	"Pow9" [label="Pow"]
	"Factor8" -> "Pow9"
	"num10" [label="num",style=filled,fillcolor=powderblue]
	"Pow9" -> "num10"
	"PowP11" [label="PowP"]
	"Factor8" -> "PowP11"
	"e12" [label="e"]
	"PowP11" -> "e12"
	"TermP13" [label="TermP"]
	"Term7" -> "TermP13"
	"e14" [label="e"]
	"TermP13" -> "e14"
	"ExpressionP15" [label="ExpressionP"]
	"Expression6" -> "ExpressionP15"
	"e16" [label="e"]
	"ExpressionP15" -> "e16"
	"]17" [label="]",style=filled,fillcolor=powderblue]
	"Assignment3" -> "]17"
	"=18" [label="=",style=filled,fillcolor=powderblue]
	"Assignment3" -> "=18"
	"Expression19" [label="Expression"]
	"Assignment3" -> "Expression19"
	"Term20" [label="Term"]
	"Expression19" -> "Term20"
	"Factor21" [label="Factor"]
	"Term20" -> "Factor21"
	"Pow22" [label="Pow"]
	"Factor21" -> "Pow22"
	"num23" [label="num",style=filled,fillcolor=powderblue]
	"Pow22" -> "num23"
	"PowP24" [label="PowP"]
	"Factor21" -> "PowP24"
	"e25" [label="e"]
	"PowP24" -> "e25"
	"TermP26" [label="TermP"]
	"Term20" -> "TermP26"
	"e27" [label="e"]
	"TermP26" -> "e27"
	"ExpressionP28" [label="ExpressionP"]
	"Expression19" -> "ExpressionP28"
	"+29" [label="+",style=filled,fillcolor=powderblue]
	"ExpressionP28" -> "+29"
	"Term30" [label="Term"]
	"ExpressionP28" -> "Term30"
	"Factor31" [label="Factor"]
	"Term30" -> "Factor31"
	"Pow32" [label="Pow"]
	"Factor31" -> "Pow32"
	"m33" [label="m",style=filled,fillcolor=powderblue]
	"Pow32" -> "m33"
	"[34" [label="[",style=filled,fillcolor=powderblue]
	"Pow32" -> "[34"
	"Expression35" [label="Expression"]
	"Pow32" -> "Expression35"
	"Term36" [label="Term"]
	"Expression35" -> "Term36"
	"Factor37" [label="Factor"]
	"Term36" -> "Factor37"
	"Pow38" [label="Pow"]
	"Factor37" -> "Pow38"
	"num39" [label="num",style=filled,fillcolor=powderblue]
	"Pow38" -> "num39"
	"PowP40" [label="PowP"]
	"Factor37" -> "PowP40"
	"e41" [label="e"]
	"PowP40" -> "e41"
	"TermP42" [label="TermP"]
	"Term36" -> "TermP42"
	"e43" [label="e"]
	"TermP42" -> "e43"
	"ExpressionP44" [label="ExpressionP"]
	"Expression35" -> "ExpressionP44"
	"e45" [label="e"]
	"ExpressionP44" -> "e45"
	"]46" [label="]",style=filled,fillcolor=powderblue]
	"Pow32" -> "]46"
	"PowP47" [label="PowP"]
	"Factor31" -> "PowP47"
	"e48" [label="e"]
	"PowP47" -> "e48"
	"TermP49" [label="TermP"]
	"Term30" -> "TermP49"
	"e50" [label="e"]
	"TermP49" -> "e50"
	"ExpressionP51" [label="ExpressionP"]
	"ExpressionP28" -> "ExpressionP51"
	"e52" [label="e"]
	"ExpressionP51" -> "e52"
	"e53" [label="e"]
	"ExpressionP28" -> "e53"
	"Statements54" [label="Statements"]
	"Start1" -> "Statements54"
	"Statement55" [label="Statement"]
	"Statements54" -> "Statement55"
	"Assignment56" [label="Assignment"]
	"Statement55" -> "Assignment56"
	"m57" [label="m",style=filled,fillcolor=powderblue]
	"Assignment56" -> "m57"
	"[58" [label="[",style=filled,fillcolor=powderblue]
	"Assignment56" -> "[58"
	"Expression59" [label="Expression"]
	"Assignment56" -> "Expression59"
	"Term60" [label="Term"]
	"Expression59" -> "Term60"
	"Factor61" [label="Factor"]
	"Term60" -> "Factor61"
	"Pow62" [label="Pow"]
	"Factor61" -> "Pow62"
	"num63" [label="num",style=filled,fillcolor=powderblue]
	"Pow62" -> "num63"
	"PowP64" [label="PowP"]
	"Factor61" -> "PowP64"
	"e65" [label="e"]
	"PowP64" -> "e65"
	"TermP66" [label="TermP"]
	"Term60" -> "TermP66"
	"e67" [label="e"]
	"TermP66" -> "e67"
	"ExpressionP68" [label="ExpressionP"]
	"Expression59" -> "ExpressionP68"
	"e69" [label="e"]
	"ExpressionP68" -> "e69"
	"]70" [label="]",style=filled,fillcolor=powderblue]
	"Assignment56" -> "]70"
	"=71" [label="=",style=filled,fillcolor=powderblue]
	"Assignment56" -> "=71"
	"Expression72" [label="Expression"]
	"Assignment56" -> "Expression72"
	"Term73" [label="Term"]
	"Expression72" -> "Term73"
	"Factor74" [label="Factor"]
	"Term73" -> "Factor74"
	"Pow75" [label="Pow"]
	"Factor74" -> "Pow75"
	"num76" [label="num",style=filled,fillcolor=powderblue]
	"Pow75" -> "num76"
	"PowP77" [label="PowP"]
	"Factor74" -> "PowP77"
	"e78" [label="e"]
	"PowP77" -> "e78"
	"TermP79" [label="TermP"]
	"Term73" -> "TermP79"
	"e80" [label="e"]
	"TermP79" -> "e80"
	"ExpressionP81" [label="ExpressionP"]
	"Expression72" -> "ExpressionP81"
	"-82" [label="-",style=filled,fillcolor=powderblue]
	"ExpressionP81" -> "-82"
	"Term83" [label="Term"]
	"ExpressionP81" -> "Term83"
	"Factor84" [label="Factor"]
	"Term83" -> "Factor84"
	"Pow85" [label="Pow"]
	"Factor84" -> "Pow85"
	"m86" [label="m",style=filled,fillcolor=powderblue]
	"Pow85" -> "m86"
	"[87" [label="[",style=filled,fillcolor=powderblue]
	"Pow85" -> "[87"
	"Expression88" [label="Expression"]
	"Pow85" -> "Expression88"
	"Term89" [label="Term"]
	"Expression88" -> "Term89"
	"Factor90" [label="Factor"]
	"Term89" -> "Factor90"
	"Pow91" [label="Pow"]
	"Factor90" -> "Pow91"
	"num92" [label="num",style=filled,fillcolor=powderblue]
	"Pow91" -> "num92"
	"PowP93" [label="PowP"]
	"Factor90" -> "PowP93"
	"**94" [label="**",style=filled,fillcolor=powderblue]
	"PowP93" -> "**94"
	"Factor95" [label="Factor"]
	"PowP93" -> "Factor95"
	"Pow96" [label="Pow"]
	"Factor95" -> "Pow96"
	"num97" [label="num",style=filled,fillcolor=powderblue]
	"Pow96" -> "num97"
	"PowP98" [label="PowP"]
	"Factor95" -> "PowP98"
	"e99" [label="e"]
	"PowP98" -> "e99"
	"e100" [label="e"]
	"PowP93" -> "e100"
	"TermP101" [label="TermP"]
	"Term89" -> "TermP101"
	"*102" [label="*",style=filled,fillcolor=powderblue]
	"TermP101" -> "*102"
	"Pow103" [label="Pow"]
	"TermP101" -> "Pow103"
	"num104" [label="num",style=filled,fillcolor=powderblue]
	"Pow103" -> "num104"
	"TermP105" [label="TermP"]
	"TermP101" -> "TermP105"
	"e106" [label="e"]
	"TermP105" -> "e106"
	"e107" [label="e"]
	"TermP101" -> "e107"
	"ExpressionP108" [label="ExpressionP"]
	"Expression88" -> "ExpressionP108"
	"-109" [label="-",style=filled,fillcolor=powderblue]
	"ExpressionP108" -> "-109"
	"Term110" [label="Term"]
	"ExpressionP108" -> "Term110"
	"Factor111" [label="Factor"]
	"Term110" -> "Factor111"
	"Pow112" [label="Pow"]
	"Factor111" -> "Pow112"
	"num113" [label="num",style=filled,fillcolor=powderblue]
	"Pow112" -> "num113"
	"PowP114" [label="PowP"]
	"Factor111" -> "PowP114"
	"e115" [label="e"]
	"PowP114" -> "e115"
	"TermP116" [label="TermP"]
	"Term110" -> "TermP116"
	"e117" [label="e"]
	"TermP116" -> "e117"
	"ExpressionP118" [label="ExpressionP"]
	"ExpressionP108" -> "ExpressionP118"
	"e119" [label="e"]
	"ExpressionP118" -> "e119"
	"e120" [label="e"]
	"ExpressionP108" -> "e120"
	"]121" [label="]",style=filled,fillcolor=powderblue]
	"Pow85" -> "]121"
	"PowP122" [label="PowP"]
	"Factor84" -> "PowP122"
	"e123" [label="e"]
	"PowP122" -> "e123"
	"TermP124" [label="TermP"]
	"Term83" -> "TermP124"
	"e125" [label="e"]
	"TermP124" -> "e125"
	"ExpressionP126" [label="ExpressionP"]
	"ExpressionP81" -> "ExpressionP126"
	"-127" [label="-",style=filled,fillcolor=powderblue]
	"ExpressionP126" -> "-127"
	"Term128" [label="Term"]
	"ExpressionP126" -> "Term128"
	"Factor129" [label="Factor"]
	"Term128" -> "Factor129"
	"Pow130" [label="Pow"]
	"Factor129" -> "Pow130"
	"num131" [label="num",style=filled,fillcolor=powderblue]
	"Pow130" -> "num131"
	"PowP132" [label="PowP"]
	"Factor129" -> "PowP132"
	"e133" [label="e"]
	"PowP132" -> "e133"
	"TermP134" [label="TermP"]
	"Term128" -> "TermP134"
	"e135" [label="e"]
	"TermP134" -> "e135"
	"ExpressionP136" [label="ExpressionP"]
	"ExpressionP126" -> "ExpressionP136"
	"e137" [label="e"]
	"ExpressionP136" -> "e137"
	"e138" [label="e"]
	"ExpressionP126" -> "e138"
	"e139" [label="e"]
	"ExpressionP81" -> "e139"
	"Statements140" [label="Statements"]
	"Statements54" -> "Statements140"
	"Statement141" [label="Statement"]
	"Statements140" -> "Statement141"
	"Assignment142" [label="Assignment"]
	"Statement141" -> "Assignment142"
	"m143" [label="m",style=filled,fillcolor=powderblue]
	"Assignment142" -> "m143"
	"[144" [label="[",style=filled,fillcolor=powderblue]
	"Assignment142" -> "[144"
	"Expression145" [label="Expression"]
	"Assignment142" -> "Expression145"
	"Term146" [label="Term"]
	"Expression145" -> "Term146"
	"Factor147" [label="Factor"]
	"Term146" -> "Factor147"
	"Pow148" [label="Pow"]
	"Factor147" -> "Pow148"
	"num149" [label="num",style=filled,fillcolor=powderblue]
	"Pow148" -> "num149"
	"PowP150" [label="PowP"]
	"Factor147" -> "PowP150"
	"e151" [label="e"]
	"PowP150" -> "e151"
	"TermP152" [label="TermP"]
	"Term146" -> "TermP152"
	"e153" [label="e"]
	"TermP152" -> "e153"
	"ExpressionP154" [label="ExpressionP"]
	"Expression145" -> "ExpressionP154"
	"e155" [label="e"]
	"ExpressionP154" -> "e155"
	"]156" [label="]",style=filled,fillcolor=powderblue]
	"Assignment142" -> "]156"
	"=157" [label="=",style=filled,fillcolor=powderblue]
	"Assignment142" -> "=157"
	"Expression158" [label="Expression"]
	"Assignment142" -> "Expression158"
	"Term159" [label="Term"]
	"Expression158" -> "Term159"
	"Factor160" [label="Factor"]
	"Term159" -> "Factor160"
	"Pow161" [label="Pow"]
	"Factor160" -> "Pow161"
	"num162" [label="num",style=filled,fillcolor=powderblue]
	"Pow161" -> "num162"
	"PowP163" [label="PowP"]
	"Factor160" -> "PowP163"
	"e164" [label="e"]
	"PowP163" -> "e164"
	"TermP165" [label="TermP"]
	"Term159" -> "TermP165"
	"/166" [label="/",style=filled,fillcolor=powderblue]
	"TermP165" -> "/166"
	"Pow167" [label="Pow"]
	"TermP165" -> "Pow167"
	"num168" [label="num",style=filled,fillcolor=powderblue]
	"Pow167" -> "num168"
	"TermP169" [label="TermP"]
	"TermP165" -> "TermP169"
	"*170" [label="*",style=filled,fillcolor=powderblue]
	"TermP169" -> "*170"
	"Pow171" [label="Pow"]
	"TermP169" -> "Pow171"
	"num172" [label="num",style=filled,fillcolor=powderblue]
	"Pow171" -> "num172"
	"TermP173" [label="TermP"]
	"TermP169" -> "TermP173"
	"e174" [label="e"]
	"TermP173" -> "e174"
	"e175" [label="e"]
	"TermP169" -> "e175"
	"e176" [label="e"]
	"TermP165" -> "e176"
	"ExpressionP177" [label="ExpressionP"]
	"Expression158" -> "ExpressionP177"
	"e178" [label="e"]
	"ExpressionP177" -> "e178"
	"Statements179" [label="Statements"]
	"Statements140" -> "Statements179"
	"e180" [label="e"]
	"Statements179" -> "e180"
};
