digraph G {
	"Start1" [label="Start"]
	"Statements2" [label="Statements"]
	"Start1" -> "Statements2"
	"Statement3" [label="Statement"]
	"Statements2" -> "Statement3"
	"m4" [label="m",style=filled,fillcolor=powderblue]
	"Statement3" -> "m4"
	"[5" [label="[",style=filled,fillcolor=powderblue]
	"Statement3" -> "[5"
	"Expression6" [label="Expression"]
	"Statement3" -> "Expression6"
	"T7" [label="T"]
	"Expression6" -> "T7"
	"F8" [label="F"]
	"T7" -> "F8"
	"final9" [label="final"]
	"F8" -> "final9"
	"num10" [label="num",style=filled,fillcolor=powderblue]
	"final9" -> "num10"
	"F111" [label="F1"]
	"F8" -> "F111"
	"e12" [label="e"]
	"F111" -> "e12"
	"E113" [label="E1"]
	"T7" -> "E113"
	"e14" [label="e"]
	"E113" -> "e14"
	"E115" [label="E1"]
	"Expression6" -> "E115"
	"e16" [label="e"]
	"E115" -> "e16"
	"]17" [label="]",style=filled,fillcolor=powderblue]
	"Statement3" -> "]17"
	"=18" [label="=",style=filled,fillcolor=powderblue]
	"Statement3" -> "=18"
	"Expression19" [label="Expression"]
	"Statement3" -> "Expression19"
	"T20" [label="T"]
	"Expression19" -> "T20"
	"F21" [label="F"]
	"T20" -> "F21"
	"final22" [label="final"]
	"F21" -> "final22"
	"num23" [label="num",style=filled,fillcolor=powderblue]
	"final22" -> "num23"
	"F124" [label="F1"]
	"F21" -> "F124"
	"e25" [label="e"]
	"F124" -> "e25"
	"E126" [label="E1"]
	"T20" -> "E126"
	"/27" [label="/",style=filled,fillcolor=powderblue]
	"E126" -> "/27"
	"F28" [label="F"]
	"E126" -> "F28"
	"final29" [label="final"]
	"F28" -> "final29"
	"num30" [label="num",style=filled,fillcolor=powderblue]
	"final29" -> "num30"
	"F131" [label="F1"]
	"F28" -> "F131"
	"e32" [label="e"]
	"F131" -> "e32"
	"E133" [label="E1"]
	"E126" -> "E133"
	"*34" [label="*",style=filled,fillcolor=powderblue]
	"E133" -> "*34"
	"F35" [label="F"]
	"E133" -> "F35"
	"final36" [label="final"]
	"F35" -> "final36"
	"num37" [label="num",style=filled,fillcolor=powderblue]
	"final36" -> "num37"
	"F138" [label="F1"]
	"F35" -> "F138"
	"e39" [label="e"]
	"F138" -> "e39"
	"E140" [label="E1"]
	"E133" -> "E140"
	"e41" [label="e"]
	"E140" -> "e41"
	"e42" [label="e"]
	"E133" -> "e42"
	"e43" [label="e"]
	"E126" -> "e43"
	"E144" [label="E1"]
	"Expression19" -> "E144"
	"e45" [label="e"]
	"E144" -> "e45"
	"Statements46" [label="Statements"]
	"Statements2" -> "Statements46"
	"Statement47" [label="Statement"]
	"Statements46" -> "Statement47"
	"m48" [label="m",style=filled,fillcolor=powderblue]
	"Statement47" -> "m48"
	"[49" [label="[",style=filled,fillcolor=powderblue]
	"Statement47" -> "[49"
	"Expression50" [label="Expression"]
	"Statement47" -> "Expression50"
	"T51" [label="T"]
	"Expression50" -> "T51"
	"F52" [label="F"]
	"T51" -> "F52"
	"final53" [label="final"]
	"F52" -> "final53"
	"num54" [label="num",style=filled,fillcolor=powderblue]
	"final53" -> "num54"
	"F155" [label="F1"]
	"F52" -> "F155"
	"e56" [label="e"]
	"F155" -> "e56"
	"E157" [label="E1"]
	"T51" -> "E157"
	"e58" [label="e"]
	"E157" -> "e58"
	"E159" [label="E1"]
	"Expression50" -> "E159"
	"e60" [label="e"]
	"E159" -> "e60"
	"]61" [label="]",style=filled,fillcolor=powderblue]
	"Statement47" -> "]61"
	"=62" [label="=",style=filled,fillcolor=powderblue]
	"Statement47" -> "=62"
	"Expression63" [label="Expression"]
	"Statement47" -> "Expression63"
	"T64" [label="T"]
	"Expression63" -> "T64"
	"F65" [label="F"]
	"T64" -> "F65"
	"final66" [label="final"]
	"F65" -> "final66"
	"num67" [label="num",style=filled,fillcolor=powderblue]
	"final66" -> "num67"
	"F168" [label="F1"]
	"F65" -> "F168"
	"e69" [label="e"]
	"F168" -> "e69"
	"E170" [label="E1"]
	"T64" -> "E170"
	"/71" [label="/",style=filled,fillcolor=powderblue]
	"E170" -> "/71"
	"F72" [label="F"]
	"E170" -> "F72"
	"final73" [label="final"]
	"F72" -> "final73"
	"num74" [label="num",style=filled,fillcolor=powderblue]
	"final73" -> "num74"
	"F175" [label="F1"]
	"F72" -> "F175"
	"e76" [label="e"]
	"F175" -> "e76"
	"E177" [label="E1"]
	"E170" -> "E177"
	"*78" [label="*",style=filled,fillcolor=powderblue]
	"E177" -> "*78"
	"F79" [label="F"]
	"E177" -> "F79"
	"final80" [label="final"]
	"F79" -> "final80"
	"num81" [label="num",style=filled,fillcolor=powderblue]
	"final80" -> "num81"
	"F182" [label="F1"]
	"F79" -> "F182"
	"e83" [label="e"]
	"F182" -> "e83"
	"E184" [label="E1"]
	"E177" -> "E184"
	"e85" [label="e"]
	"E184" -> "e85"
	"e86" [label="e"]
	"E177" -> "e86"
	"e87" [label="e"]
	"E170" -> "e87"
	"E188" [label="E1"]
	"Expression63" -> "E188"
	"e89" [label="e"]
	"E188" -> "e89"
	"Statements90" [label="Statements"]
	"Statements46" -> "Statements90"
	"Statement91" [label="Statement"]
	"Statements90" -> "Statement91"
	"goto92" [label="goto",style=filled,fillcolor=powderblue]
	"Statement91" -> "goto92"
	"num93" [label="num",style=filled,fillcolor=powderblue]
	"Statement91" -> "num93"
	"Statements94" [label="Statements"]
	"Statements90" -> "Statements94"
	"Statement95" [label="Statement"]
	"Statements94" -> "Statement95"
	"m96" [label="m",style=filled,fillcolor=powderblue]
	"Statement95" -> "m96"
	"[97" [label="[",style=filled,fillcolor=powderblue]
	"Statement95" -> "[97"
	"Expression98" [label="Expression"]
	"Statement95" -> "Expression98"
	"T99" [label="T"]
	"Expression98" -> "T99"
	"F100" [label="F"]
	"T99" -> "F100"
	"final101" [label="final"]
	"F100" -> "final101"
	"num102" [label="num",style=filled,fillcolor=powderblue]
	"final101" -> "num102"
	"F1103" [label="F1"]
	"F100" -> "F1103"
	"e104" [label="e"]
	"F1103" -> "e104"
	"E1105" [label="E1"]
	"T99" -> "E1105"
	"e106" [label="e"]
	"E1105" -> "e106"
	"E1107" [label="E1"]
	"Expression98" -> "E1107"
	"e108" [label="e"]
	"E1107" -> "e108"
	"]109" [label="]",style=filled,fillcolor=powderblue]
	"Statement95" -> "]109"
	"=110" [label="=",style=filled,fillcolor=powderblue]
	"Statement95" -> "=110"
	"Expression111" [label="Expression"]
	"Statement95" -> "Expression111"
	"T112" [label="T"]
	"Expression111" -> "T112"
	"F113" [label="F"]
	"T112" -> "F113"
	"final114" [label="final"]
	"F113" -> "final114"
	"num115" [label="num",style=filled,fillcolor=powderblue]
	"final114" -> "num115"
	"F1116" [label="F1"]
	"F113" -> "F1116"
	"e117" [label="e"]
	"F1116" -> "e117"
	"E1118" [label="E1"]
	"T112" -> "E1118"
	"e119" [label="e"]
	"E1118" -> "e119"
	"E1120" [label="E1"]
	"Expression111" -> "E1120"
	"+121" [label="+",style=filled,fillcolor=powderblue]
	"E1120" -> "+121"
	"T122" [label="T"]
	"E1120" -> "T122"
	"F123" [label="F"]
	"T122" -> "F123"
	"final124" [label="final"]
	"F123" -> "final124"
	"m125" [label="m",style=filled,fillcolor=powderblue]
	"final124" -> "m125"
	"[126" [label="[",style=filled,fillcolor=powderblue]
	"final124" -> "[126"
	"Expression127" [label="Expression"]
	"final124" -> "Expression127"
	"T128" [label="T"]
	"Expression127" -> "T128"
	"F129" [label="F"]
	"T128" -> "F129"
	"final130" [label="final"]
	"F129" -> "final130"
	"num131" [label="num",style=filled,fillcolor=powderblue]
	"final130" -> "num131"
	"F1132" [label="F1"]
	"F129" -> "F1132"
	"e133" [label="e"]
	"F1132" -> "e133"
	"E1134" [label="E1"]
	"T128" -> "E1134"
	"e135" [label="e"]
	"E1134" -> "e135"
	"E1136" [label="E1"]
	"Expression127" -> "E1136"
	"e137" [label="e"]
	"E1136" -> "e137"
	"]138" [label="]",style=filled,fillcolor=powderblue]
	"final124" -> "]138"
	"F1139" [label="F1"]
	"F123" -> "F1139"
	"e140" [label="e"]
	"F1139" -> "e140"
	"E1141" [label="E1"]
	"T122" -> "E1141"
	"e142" [label="e"]
	"E1141" -> "e142"
	"E1143" [label="E1"]
	"E1120" -> "E1143"
	"e144" [label="e"]
	"E1143" -> "e144"
	"e145" [label="e"]
	"E1120" -> "e145"
	"Statements146" [label="Statements"]
	"Statements94" -> "Statements146"
	"Statement147" [label="Statement"]
	"Statements146" -> "Statement147"
	"m148" [label="m",style=filled,fillcolor=powderblue]
	"Statement147" -> "m148"
	"[149" [label="[",style=filled,fillcolor=powderblue]
	"Statement147" -> "[149"
	"Expression150" [label="Expression"]
	"Statement147" -> "Expression150"
	"T151" [label="T"]
	"Expression150" -> "T151"
	"F152" [label="F"]
	"T151" -> "F152"
	"final153" [label="final"]
	"F152" -> "final153"
	"num154" [label="num",style=filled,fillcolor=powderblue]
	"final153" -> "num154"
	"F1155" [label="F1"]
	"F152" -> "F1155"
	"e156" [label="e"]
	"F1155" -> "e156"
	"E1157" [label="E1"]
	"T151" -> "E1157"
	"e158" [label="e"]
	"E1157" -> "e158"
	"E1159" [label="E1"]
	"Expression150" -> "E1159"
	"e160" [label="e"]
	"E1159" -> "e160"
	"]161" [label="]",style=filled,fillcolor=powderblue]
	"Statement147" -> "]161"
	"=162" [label="=",style=filled,fillcolor=powderblue]
	"Statement147" -> "=162"
	"Expression163" [label="Expression"]
	"Statement147" -> "Expression163"
	"T164" [label="T"]
	"Expression163" -> "T164"
	"F165" [label="F"]
	"T164" -> "F165"
	"final166" [label="final"]
	"F165" -> "final166"
	"num167" [label="num",style=filled,fillcolor=powderblue]
	"final166" -> "num167"
	"F1168" [label="F1"]
	"F165" -> "F1168"
	"e169" [label="e"]
	"F1168" -> "e169"
	"E1170" [label="E1"]
	"T164" -> "E1170"
	"e171" [label="e"]
	"E1170" -> "e171"
	"E1172" [label="E1"]
	"Expression163" -> "E1172"
	"-173" [label="-",style=filled,fillcolor=powderblue]
	"E1172" -> "-173"
	"T174" [label="T"]
	"E1172" -> "T174"
	"F175" [label="F"]
	"T174" -> "F175"
	"final176" [label="final"]
	"F175" -> "final176"
	"m177" [label="m",style=filled,fillcolor=powderblue]
	"final176" -> "m177"
	"[178" [label="[",style=filled,fillcolor=powderblue]
	"final176" -> "[178"
	"Expression179" [label="Expression"]
	"final176" -> "Expression179"
	"T180" [label="T"]
	"Expression179" -> "T180"
	"F181" [label="F"]
	"T180" -> "F181"
	"final182" [label="final"]
	"F181" -> "final182"
	"num183" [label="num",style=filled,fillcolor=powderblue]
	"final182" -> "num183"
	"F1184" [label="F1"]
	"F181" -> "F1184"
	"**185" [label="**",style=filled,fillcolor=powderblue]
	"F1184" -> "**185"
	"final186" [label="final"]
	"F1184" -> "final186"
	"num187" [label="num",style=filled,fillcolor=powderblue]
	"final186" -> "num187"
	"F1188" [label="F1"]
	"F1184" -> "F1188"
	"e189" [label="e"]
	"F1188" -> "e189"
	"e190" [label="e"]
	"F1184" -> "e190"
	"E1191" [label="E1"]
	"T180" -> "E1191"
	"*192" [label="*",style=filled,fillcolor=powderblue]
	"E1191" -> "*192"
	"F193" [label="F"]
	"E1191" -> "F193"
	"final194" [label="final"]
	"F193" -> "final194"
	"num195" [label="num",style=filled,fillcolor=powderblue]
	"final194" -> "num195"
	"F1196" [label="F1"]
	"F193" -> "F1196"
	"e197" [label="e"]
	"F1196" -> "e197"
	"E1198" [label="E1"]
	"E1191" -> "E1198"
	"e199" [label="e"]
	"E1198" -> "e199"
	"e200" [label="e"]
	"E1191" -> "e200"
	"E1201" [label="E1"]
	"Expression179" -> "E1201"
	"-202" [label="-",style=filled,fillcolor=powderblue]
	"E1201" -> "-202"
	"T203" [label="T"]
	"E1201" -> "T203"
	"F204" [label="F"]
	"T203" -> "F204"
	"final205" [label="final"]
	"F204" -> "final205"
	"num206" [label="num",style=filled,fillcolor=powderblue]
	"final205" -> "num206"
	"F1207" [label="F1"]
	"F204" -> "F1207"
	"e208" [label="e"]
	"F1207" -> "e208"
	"E1209" [label="E1"]
	"T203" -> "E1209"
	"e210" [label="e"]
	"E1209" -> "e210"
	"E1211" [label="E1"]
	"E1201" -> "E1211"
	"e212" [label="e"]
	"E1211" -> "e212"
	"e213" [label="e"]
	"E1201" -> "e213"
	"]214" [label="]",style=filled,fillcolor=powderblue]
	"final176" -> "]214"
	"F1215" [label="F1"]
	"F175" -> "F1215"
	"e216" [label="e"]
	"F1215" -> "e216"
	"E1217" [label="E1"]
	"T174" -> "E1217"
	"e218" [label="e"]
	"E1217" -> "e218"
	"E1219" [label="E1"]
	"E1172" -> "E1219"
	"-220" [label="-",style=filled,fillcolor=powderblue]
	"E1219" -> "-220"
	"T221" [label="T"]
	"E1219" -> "T221"
	"F222" [label="F"]
	"T221" -> "F222"
	"final223" [label="final"]
	"F222" -> "final223"
	"num224" [label="num",style=filled,fillcolor=powderblue]
	"final223" -> "num224"
	"F1225" [label="F1"]
	"F222" -> "F1225"
	"e226" [label="e"]
	"F1225" -> "e226"
	"E1227" [label="E1"]
	"T221" -> "E1227"
	"e228" [label="e"]
	"E1227" -> "e228"
	"E1229" [label="E1"]
	"E1219" -> "E1229"
	"e230" [label="e"]
	"E1229" -> "e230"
	"e231" [label="e"]
	"E1219" -> "e231"
	"e232" [label="e"]
	"E1172" -> "e232"
	"Statements233" [label="Statements"]
	"Statements146" -> "Statements233"
	"Statement234" [label="Statement"]
	"Statements233" -> "Statement234"
	"L235" [label="L",style=filled,fillcolor=powderblue]
	"Statement234" -> "L235"
	"num236" [label="num",style=filled,fillcolor=powderblue]
	"Statement234" -> "num236"
	":237" [label=":",style=filled,fillcolor=powderblue]
	"Statement234" -> ":237"
syntax error: found m expecting : - line 6
