digraph G {
	"Start1" [label="Start"]
	"Statements2" [label="Statements"]
	"Start1" -> "Statements2"
	"Statement3" [label="Statement"]
	"Statements2" -> "Statement3"
	"m4" [label="m",style=filled,fillcolor=powderblue]
	"Statement3" -> "m4"
	"[5" [label="[",style=filled,fillcolor=powderblue]
	"Statement3" -> "[5"
	"Expression6" [label="Expression"]
	"Statement3" -> "Expression6"
	"T7" [label="T"]
	"Expression6" -> "T7"
	"F8" [label="F"]
	"T7" -> "F8"
	"final9" [label="final"]
	"F8" -> "final9"
	"num10" [label="num",style=filled,fillcolor=powderblue]
	"final9" -> "num10"
	"F111" [label="F1"]
	"F8" -> "F111"
	"e12" [label="e"]
	"F111" -> "e12"
	"E113" [label="E1"]
	"T7" -> "E113"
	"e14" [label="e"]
	"E113" -> "e14"
	"E115" [label="E1"]
	"Expression6" -> "E115"
	"e16" [label="e"]
	"E115" -> "e16"
	"]17" [label="]",style=filled,fillcolor=powderblue]
	"Statement3" -> "]17"
	"=18" [label="=",style=filled,fillcolor=powderblue]
	"Statement3" -> "=18"
	"Expression19" [label="Expression"]
	"Statement3" -> "Expression19"
	"T20" [label="T"]
	"Expression19" -> "T20"
	"F21" [label="F"]
	"T20" -> "F21"
	"final22" [label="final"]
	"F21" -> "final22"
	"num23" [label="num",style=filled,fillcolor=powderblue]
	"final22" -> "num23"
	"F124" [label="F1"]
	"F21" -> "F124"
	"e25" [label="e"]
	"F124" -> "e25"
	"E126" [label="E1"]
	"T20" -> "E126"
	"/27" [label="/",style=filled,fillcolor=powderblue]
	"E126" -> "/27"
	"F28" [label="F"]
	"E126" -> "F28"
	"final29" [label="final"]
	"F28" -> "final29"
	"num30" [label="num",style=filled,fillcolor=powderblue]
	"final29" -> "num30"
	"F131" [label="F1"]
	"F28" -> "F131"
	"e32" [label="e"]
	"F131" -> "e32"
	"E133" [label="E1"]
	"E126" -> "E133"
	"*34" [label="*",style=filled,fillcolor=powderblue]
	"E133" -> "*34"
	"F35" [label="F"]
	"E133" -> "F35"
	"final36" [label="final"]
	"F35" -> "final36"
	"num37" [label="num",style=filled,fillcolor=powderblue]
	"final36" -> "num37"
	"F138" [label="F1"]
	"F35" -> "F138"
	"e39" [label="e"]
	"F138" -> "e39"
	"E140" [label="E1"]
	"E133" -> "E140"
	"e41" [label="e"]
	"E140" -> "e41"
	"e42" [label="e"]
	"E133" -> "e42"
	"e43" [label="e"]
	"E126" -> "e43"
	"E144" [label="E1"]
	"Expression19" -> "E144"
	"e45" [label="e"]
	"E144" -> "e45"
	"Statements46" [label="Statements"]
	"Statements2" -> "Statements46"
	"Statement47" [label="Statement"]
	"Statements46" -> "Statement47"
	"m48" [label="m",style=filled,fillcolor=powderblue]
	"Statement47" -> "m48"
	"[49" [label="[",style=filled,fillcolor=powderblue]
	"Statement47" -> "[49"
	"Expression50" [label="Expression"]
	"Statement47" -> "Expression50"
	"T51" [label="T"]
	"Expression50" -> "T51"
	"F52" [label="F"]
	"T51" -> "F52"
	"final53" [label="final"]
	"F52" -> "final53"
	"num54" [label="num",style=filled,fillcolor=powderblue]
	"final53" -> "num54"
	"F155" [label="F1"]
	"F52" -> "F155"
	"e56" [label="e"]
	"F155" -> "e56"
	"E157" [label="E1"]
	"T51" -> "E157"
	"e58" [label="e"]
	"E157" -> "e58"
	"E159" [label="E1"]
	"Expression50" -> "E159"
	"e60" [label="e"]
	"E159" -> "e60"
	"]61" [label="]",style=filled,fillcolor=powderblue]
	"Statement47" -> "]61"
	"=62" [label="=",style=filled,fillcolor=powderblue]
	"Statement47" -> "=62"
	"Expression63" [label="Expression"]
	"Statement47" -> "Expression63"
	"T64" [label="T"]
	"Expression63" -> "T64"
	"F65" [label="F"]
	"T64" -> "F65"
	"final66" [label="final"]
	"F65" -> "final66"
	"num67" [label="num",style=filled,fillcolor=powderblue]
	"final66" -> "num67"
	"F168" [label="F1"]
	"F65" -> "F168"
	"e69" [label="e"]
	"F168" -> "e69"
	"E170" [label="E1"]
	"T64" -> "E170"
	"/71" [label="/",style=filled,fillcolor=powderblue]
	"E170" -> "/71"
	"F72" [label="F"]
	"E170" -> "F72"
	"final73" [label="final"]
	"F72" -> "final73"
	"num74" [label="num",style=filled,fillcolor=powderblue]
	"final73" -> "num74"
	"F175" [label="F1"]
	"F72" -> "F175"
	"e76" [label="e"]
	"F175" -> "e76"
	"E177" [label="E1"]
	"E170" -> "E177"
	"*78" [label="*",style=filled,fillcolor=powderblue]
	"E177" -> "*78"
	"F79" [label="F"]
	"E177" -> "F79"
	"final80" [label="final"]
	"F79" -> "final80"
	"num81" [label="num",style=filled,fillcolor=powderblue]
	"final80" -> "num81"
	"F182" [label="F1"]
	"F79" -> "F182"
	"e83" [label="e"]
	"F182" -> "e83"
	"E184" [label="E1"]
	"E177" -> "E184"
	"e85" [label="e"]
	"E184" -> "e85"
	"e86" [label="e"]
	"E177" -> "e86"
	"e87" [label="e"]
	"E170" -> "e87"
	"E188" [label="E1"]
	"Expression63" -> "E188"
	"e89" [label="e"]
	"E188" -> "e89"
	"Statements90" [label="Statements"]
	"Statements46" -> "Statements90"
	"Statement91" [label="Statement"]
	"Statements90" -> "Statement91"
	"goto92" [label="goto",style=filled,fillcolor=powderblue]
	"Statement91" -> "goto92"
	"num93" [label="num",style=filled,fillcolor=powderblue]
	"Statement91" -> "num93"
	"Statements94" [label="Statements"]
	"Statements90" -> "Statements94"
	"Statement95" [label="Statement"]
	"Statements94" -> "Statement95"
	"m96" [label="m",style=filled,fillcolor=powderblue]
	"Statement95" -> "m96"
	"[97" [label="[",style=filled,fillcolor=powderblue]
	"Statement95" -> "[97"
	"Expression98" [label="Expression"]
	"Statement95" -> "Expression98"
	"T99" [label="T"]
	"Expression98" -> "T99"
	"F100" [label="F"]
	"T99" -> "F100"
	"final101" [label="final"]
	"F100" -> "final101"
	"num102" [label="num",style=filled,fillcolor=powderblue]
	"final101" -> "num102"
	"F1103" [label="F1"]
	"F100" -> "F1103"
	"e104" [label="e"]
	"F1103" -> "e104"
	"E1105" [label="E1"]
	"T99" -> "E1105"
	"e106" [label="e"]
	"E1105" -> "e106"
	"E1107" [label="E1"]
	"Expression98" -> "E1107"
	"e108" [label="e"]
	"E1107" -> "e108"
	"]109" [label="]",style=filled,fillcolor=powderblue]
	"Statement95" -> "]109"
	"=110" [label="=",style=filled,fillcolor=powderblue]
	"Statement95" -> "=110"
	"Expression111" [label="Expression"]
	"Statement95" -> "Expression111"
	"T112" [label="T"]
	"Expression111" -> "T112"
	"F113" [label="F"]
	"T112" -> "F113"
	"final114" [label="final"]
	"F113" -> "final114"
	"num115" [label="num",style=filled,fillcolor=powderblue]
	"final114" -> "num115"
	"F1116" [label="F1"]
	"F113" -> "F1116"
	"e117" [label="e"]
	"F1116" -> "e117"
	"E1118" [label="E1"]
	"T112" -> "E1118"
	"e119" [label="e"]
	"E1118" -> "e119"
	"E1120" [label="E1"]
	"Expression111" -> "E1120"
	"+121" [label="+",style=filled,fillcolor=powderblue]
	"E1120" -> "+121"
	"T122" [label="T"]
	"E1120" -> "T122"
	"F123" [label="F"]
	"T122" -> "F123"
	"final124" [label="final"]
	"F123" -> "final124"
	"m125" [label="m",style=filled,fillcolor=powderblue]
	"final124" -> "m125"
	"[126" [label="[",style=filled,fillcolor=powderblue]
	"final124" -> "[126"
	"Expression127" [label="Expression"]
	"final124" -> "Expression127"
	"T128" [label="T"]
	"Expression127" -> "T128"
	"F129" [label="F"]
	"T128" -> "F129"
	"final130" [label="final"]
	"F129" -> "final130"
	"num131" [label="num",style=filled,fillcolor=powderblue]
	"final130" -> "num131"
	"F1132" [label="F1"]
	"F129" -> "F1132"
	"e133" [label="e"]
	"F1132" -> "e133"
	"E1134" [label="E1"]
	"T128" -> "E1134"
	"e135" [label="e"]
	"E1134" -> "e135"
	"E1136" [label="E1"]
	"Expression127" -> "E1136"
	"e137" [label="e"]
	"E1136" -> "e137"
	"]138" [label="]",style=filled,fillcolor=powderblue]
	"final124" -> "]138"
	"F1139" [label="F1"]
	"F123" -> "F1139"
	"e140" [label="e"]
	"F1139" -> "e140"
	"E1141" [label="E1"]
	"T122" -> "E1141"
	"e142" [label="e"]
	"E1141" -> "e142"
	"E1143" [label="E1"]
	"E1120" -> "E1143"
	"e144" [label="e"]
	"E1143" -> "e144"
	"e145" [label="e"]
	"E1120" -> "e145"
	"Statements146" [label="Statements"]
	"Statements94" -> "Statements146"
	"Statement147" [label="Statement"]
	"Statements146" -> "Statement147"
	"m148" [label="m",style=filled,fillcolor=powderblue]
	"Statement147" -> "m148"
	"[149" [label="[",style=filled,fillcolor=powderblue]
	"Statement147" -> "[149"
	"Expression150" [label="Expression"]
	"Statement147" -> "Expression150"
	"T151" [label="T"]
	"Expression150" -> "T151"
	"F152" [label="F"]
	"T151" -> "F152"
	"final153" [label="final"]
	"F152" -> "final153"
	"num154" [label="num",style=filled,fillcolor=powderblue]
	"final153" -> "num154"
	"F1155" [label="F1"]
	"F152" -> "F1155"
	"e156" [label="e"]
	"F1155" -> "e156"
	"E1157" [label="E1"]
	"T151" -> "E1157"
	"e158" [label="e"]
	"E1157" -> "e158"
	"E1159" [label="E1"]
	"Expression150" -> "E1159"
	"e160" [label="e"]
	"E1159" -> "e160"
	"]161" [label="]",style=filled,fillcolor=powderblue]
	"Statement147" -> "]161"
	"=162" [label="=",style=filled,fillcolor=powderblue]
	"Statement147" -> "=162"
	"Expression163" [label="Expression"]
	"Statement147" -> "Expression163"
	"T164" [label="T"]
	"Expression163" -> "T164"
	"F165" [label="F"]
	"T164" -> "F165"
	"final166" [label="final"]
	"F165" -> "final166"
	"num167" [label="num",style=filled,fillcolor=powderblue]
	"final166" -> "num167"
	"F1168" [label="F1"]
	"F165" -> "F1168"
	"e169" [label="e"]
	"F1168" -> "e169"
	"E1170" [label="E1"]
	"T164" -> "E1170"
	"e171" [label="e"]
	"E1170" -> "e171"
	"E1172" [label="E1"]
	"Expression163" -> "E1172"
	"-173" [label="-",style=filled,fillcolor=powderblue]
	"E1172" -> "-173"
	"T174" [label="T"]
	"E1172" -> "T174"
	"F175" [label="F"]
	"T174" -> "F175"
	"final176" [label="final"]
	"F175" -> "final176"
	"m177" [label="m",style=filled,fillcolor=powderblue]
	"final176" -> "m177"
	"[178" [label="[",style=filled,fillcolor=powderblue]
	"final176" -> "[178"
	"Expression179" [label="Expression"]
	"final176" -> "Expression179"
	"T180" [label="T"]
	"Expression179" -> "T180"
	"F181" [label="F"]
	"T180" -> "F181"
	"final182" [label="final"]
	"F181" -> "final182"
	"num183" [label="num",style=filled,fillcolor=powderblue]
	"final182" -> "num183"
	"F1184" [label="F1"]
	"F181" -> "F1184"
	"**185" [label="**",style=filled,fillcolor=powderblue]
	"F1184" -> "**185"
	"final186" [label="final"]
	"F1184" -> "final186"
	"num187" [label="num",style=filled,fillcolor=powderblue]
	"final186" -> "num187"
	"F1188" [label="F1"]
	"F1184" -> "F1188"
	"e189" [label="e"]
	"F1188" -> "e189"
	"e190" [label="e"]
	"F1184" -> "e190"
	"E1191" [label="E1"]
	"T180" -> "E1191"
	"e192" [label="e"]
	"E1191" -> "e192"
	"E1193" [label="E1"]
	"Expression179" -> "E1193"
	"-194" [label="-",style=filled,fillcolor=powderblue]
	"E1193" -> "-194"
	"T195" [label="T"]
	"E1193" -> "T195"
	"F196" [label="F"]
	"T195" -> "F196"
	"final197" [label="final"]
	"F196" -> "final197"
	"num198" [label="num",style=filled,fillcolor=powderblue]
	"final197" -> "num198"
	"F1199" [label="F1"]
	"F196" -> "F1199"
	"e200" [label="e"]
	"F1199" -> "e200"
	"E1201" [label="E1"]
	"T195" -> "E1201"
	"e202" [label="e"]
	"E1201" -> "e202"
	"E1203" [label="E1"]
	"E1193" -> "E1203"
	"e204" [label="e"]
	"E1203" -> "e204"
	"e205" [label="e"]
	"E1193" -> "e205"
	"]206" [label="]",style=filled,fillcolor=powderblue]
	"final176" -> "]206"
	"F1207" [label="F1"]
	"F175" -> "F1207"
	"e208" [label="e"]
	"F1207" -> "e208"
	"E1209" [label="E1"]
	"T174" -> "E1209"
	"e210" [label="e"]
	"E1209" -> "e210"
	"E1211" [label="E1"]
	"E1172" -> "E1211"
	"-212" [label="-",style=filled,fillcolor=powderblue]
	"E1211" -> "-212"
	"T213" [label="T"]
	"E1211" -> "T213"
	"F214" [label="F"]
	"T213" -> "F214"
	"final215" [label="final"]
	"F214" -> "final215"
	"num216" [label="num",style=filled,fillcolor=powderblue]
	"final215" -> "num216"
	"F1217" [label="F1"]
	"F214" -> "F1217"
	"e218" [label="e"]
	"F1217" -> "e218"
	"E1219" [label="E1"]
	"T213" -> "E1219"
	"e220" [label="e"]
	"E1219" -> "e220"
	"E1221" [label="E1"]
	"E1211" -> "E1221"
	"e222" [label="e"]
	"E1221" -> "e222"
	"e223" [label="e"]
	"E1211" -> "e223"
	"e224" [label="e"]
	"E1172" -> "e224"
	"Statements225" [label="Statements"]
	"Statements146" -> "Statements225"
	"Statement226" [label="Statement"]
	"Statements225" -> "Statement226"
	"L227" [label="L",style=filled,fillcolor=powderblue]
	"Statement226" -> "L227"
	"num228" [label="num",style=filled,fillcolor=powderblue]
	"Statement226" -> "num228"
	":229" [label=":",style=filled,fillcolor=powderblue]
	"Statement226" -> ":229"
	"Statements230" [label="Statements"]
	"Statements225" -> "Statements230"
	"Statement231" [label="Statement"]
	"Statements230" -> "Statement231"
	"m232" [label="m",style=filled,fillcolor=powderblue]
	"Statement231" -> "m232"
	"[233" [label="[",style=filled,fillcolor=powderblue]
	"Statement231" -> "[233"
	"Expression234" [label="Expression"]
	"Statement231" -> "Expression234"
	"T235" [label="T"]
	"Expression234" -> "T235"
	"F236" [label="F"]
	"T235" -> "F236"
	"final237" [label="final"]
	"F236" -> "final237"
	"num238" [label="num",style=filled,fillcolor=powderblue]
	"final237" -> "num238"
	"F1239" [label="F1"]
	"F236" -> "F1239"
	"e240" [label="e"]
	"F1239" -> "e240"
	"E1241" [label="E1"]
	"T235" -> "E1241"
	"e242" [label="e"]
	"E1241" -> "e242"
	"E1243" [label="E1"]
	"Expression234" -> "E1243"
	"e244" [label="e"]
	"E1243" -> "e244"
	"]245" [label="]",style=filled,fillcolor=powderblue]
	"Statement231" -> "]245"
	"=246" [label="=",style=filled,fillcolor=powderblue]
	"Statement231" -> "=246"
	"Expression247" [label="Expression"]
	"Statement231" -> "Expression247"
	"T248" [label="T"]
	"Expression247" -> "T248"
	"F249" [label="F"]
	"T248" -> "F249"
	"final250" [label="final"]
	"F249" -> "final250"
	"num251" [label="num",style=filled,fillcolor=powderblue]
	"final250" -> "num251"
	"F1252" [label="F1"]
	"F249" -> "F1252"
	"e253" [label="e"]
	"F1252" -> "e253"
	"E1254" [label="E1"]
	"T248" -> "E1254"
	"e255" [label="e"]
	"E1254" -> "e255"
	"E1256" [label="E1"]
	"Expression247" -> "E1256"
	"-257" [label="-",style=filled,fillcolor=powderblue]
	"E1256" -> "-257"
	"T258" [label="T"]
	"E1256" -> "T258"
	"F259" [label="F"]
	"T258" -> "F259"
	"final260" [label="final"]
	"F259" -> "final260"
	"(261" [label="(",style=filled,fillcolor=powderblue]
	"final260" -> "(261"
	"Expression262" [label="Expression"]
	"final260" -> "Expression262"
	"T263" [label="T"]
	"Expression262" -> "T263"
	"F264" [label="F"]
	"T263" -> "F264"
	"final265" [label="final"]
	"F264" -> "final265"
	"m266" [label="m",style=filled,fillcolor=powderblue]
	"final265" -> "m266"
	"[267" [label="[",style=filled,fillcolor=powderblue]
	"final265" -> "[267"
	"Expression268" [label="Expression"]
	"final265" -> "Expression268"
	"T269" [label="T"]
	"Expression268" -> "T269"
	"F270" [label="F"]
	"T269" -> "F270"
	"final271" [label="final"]
	"F270" -> "final271"
	"num272" [label="num",style=filled,fillcolor=powderblue]
	"final271" -> "num272"
	"F1273" [label="F1"]
	"F270" -> "F1273"
	"e274" [label="e"]
	"F1273" -> "e274"
	"E1275" [label="E1"]
	"T269" -> "E1275"
	"e276" [label="e"]
	"E1275" -> "e276"
	"E1277" [label="E1"]
	"Expression268" -> "E1277"
	"e278" [label="e"]
	"E1277" -> "e278"
	"]279" [label="]",style=filled,fillcolor=powderblue]
	"final265" -> "]279"
	"F1280" [label="F1"]
	"F264" -> "F1280"
	"e281" [label="e"]
	"F1280" -> "e281"
	"E1282" [label="E1"]
	"T263" -> "E1282"
	"e283" [label="e"]
	"E1282" -> "e283"
	"E1284" [label="E1"]
	"Expression262" -> "E1284"
	"-285" [label="-",style=filled,fillcolor=powderblue]
	"E1284" -> "-285"
	"T286" [label="T"]
	"E1284" -> "T286"
	"F287" [label="F"]
	"T286" -> "F287"
	"final288" [label="final"]
	"F287" -> "final288"
	"num289" [label="num",style=filled,fillcolor=powderblue]
	"final288" -> "num289"
	"F1290" [label="F1"]
	"F287" -> "F1290"
	"e291" [label="e"]
	"F1290" -> "e291"
	"E1292" [label="E1"]
	"T286" -> "E1292"
	"e293" [label="e"]
	"E1292" -> "e293"
	"E1294" [label="E1"]
	"E1284" -> "E1294"
	"e295" [label="e"]
	"E1294" -> "e295"
	"e296" [label="e"]
	"E1284" -> "e296"
	")297" [label=")",style=filled,fillcolor=powderblue]
	"final260" -> ")297"
	"F1298" [label="F1"]
	"F259" -> "F1298"
	"e299" [label="e"]
	"F1298" -> "e299"
	"E1300" [label="E1"]
	"T258" -> "E1300"
	"e301" [label="e"]
	"E1300" -> "e301"
	"E1302" [label="E1"]
	"E1256" -> "E1302"
	"e303" [label="e"]
	"E1302" -> "e303"
	"e304" [label="e"]
	"E1256" -> "e304"
	"Statements305" [label="Statements"]
	"Statements230" -> "Statements305"
	"Statement306" [label="Statement"]
	"Statements305" -> "Statement306"
	"m307" [label="m",style=filled,fillcolor=powderblue]
	"Statement306" -> "m307"
	"[308" [label="[",style=filled,fillcolor=powderblue]
	"Statement306" -> "[308"
	"Expression309" [label="Expression"]
	"Statement306" -> "Expression309"
	"T310" [label="T"]
	"Expression309" -> "T310"
	"F311" [label="F"]
	"T310" -> "F311"
	"final312" [label="final"]
	"F311" -> "final312"
	"num313" [label="num",style=filled,fillcolor=powderblue]
	"final312" -> "num313"
	"F1314" [label="F1"]
	"F311" -> "F1314"
	"e315" [label="e"]
	"F1314" -> "e315"
	"E1316" [label="E1"]
	"T310" -> "E1316"
	"e317" [label="e"]
	"E1316" -> "e317"
	"E1318" [label="E1"]
	"Expression309" -> "E1318"
	"e319" [label="e"]
	"E1318" -> "e319"
	"]320" [label="]",style=filled,fillcolor=powderblue]
	"Statement306" -> "]320"
	"=321" [label="=",style=filled,fillcolor=powderblue]
	"Statement306" -> "=321"
	"Expression322" [label="Expression"]
	"Statement306" -> "Expression322"
	"T323" [label="T"]
	"Expression322" -> "T323"
	"F324" [label="F"]
	"T323" -> "F324"
	"final325" [label="final"]
	"F324" -> "final325"
	"num326" [label="num",style=filled,fillcolor=powderblue]
	"final325" -> "num326"
	"F1327" [label="F1"]
	"F324" -> "F1327"
	"e328" [label="e"]
	"F1327" -> "e328"
	"E1329" [label="E1"]
	"T323" -> "E1329"
	"e330" [label="e"]
	"E1329" -> "e330"
	"E1331" [label="E1"]
	"Expression322" -> "E1331"
	"+332" [label="+",style=filled,fillcolor=powderblue]
	"E1331" -> "+332"
	"T333" [label="T"]
	"E1331" -> "T333"
	"F334" [label="F"]
	"T333" -> "F334"
	"final335" [label="final"]
	"F334" -> "final335"
	"m336" [label="m",style=filled,fillcolor=powderblue]
	"final335" -> "m336"
	"[337" [label="[",style=filled,fillcolor=powderblue]
	"final335" -> "[337"
	"Expression338" [label="Expression"]
	"final335" -> "Expression338"
	"T339" [label="T"]
	"Expression338" -> "T339"
	"F340" [label="F"]
	"T339" -> "F340"
	"final341" [label="final"]
	"F340" -> "final341"
	"num342" [label="num",style=filled,fillcolor=powderblue]
	"final341" -> "num342"
	"F1343" [label="F1"]
	"F340" -> "F1343"
	"e344" [label="e"]
	"F1343" -> "e344"
	"E1345" [label="E1"]
	"T339" -> "E1345"
	"e346" [label="e"]
	"E1345" -> "e346"
	"E1347" [label="E1"]
	"Expression338" -> "E1347"
	"e348" [label="e"]
	"E1347" -> "e348"
	"]349" [label="]",style=filled,fillcolor=powderblue]
	"final335" -> "]349"
	"F1350" [label="F1"]
	"F334" -> "F1350"
	"e351" [label="e"]
	"F1350" -> "e351"
	"E1352" [label="E1"]
	"T333" -> "E1352"
	"e353" [label="e"]
	"E1352" -> "e353"
	"E1354" [label="E1"]
	"E1331" -> "E1354"
	"e355" [label="e"]
	"E1354" -> "e355"
	"e356" [label="e"]
	"E1331" -> "e356"
	"Statements357" [label="Statements"]
	"Statements305" -> "Statements357"
	"Statement358" [label="Statement"]
	"Statements357" -> "Statement358"
	"m359" [label="m",style=filled,fillcolor=powderblue]
	"Statement358" -> "m359"
	"[360" [label="[",style=filled,fillcolor=powderblue]
	"Statement358" -> "[360"
	"Expression361" [label="Expression"]
	"Statement358" -> "Expression361"
	"T362" [label="T"]
	"Expression361" -> "T362"
	"F363" [label="F"]
	"T362" -> "F363"
	"final364" [label="final"]
	"F363" -> "final364"
	"num365" [label="num",style=filled,fillcolor=powderblue]
	"final364" -> "num365"
	"F1366" [label="F1"]
	"F363" -> "F1366"
	"e367" [label="e"]
	"F1366" -> "e367"
	"E1368" [label="E1"]
	"T362" -> "E1368"
	"e369" [label="e"]
	"E1368" -> "e369"
	"E1370" [label="E1"]
	"Expression361" -> "E1370"
	"e371" [label="e"]
	"E1370" -> "e371"
	"]372" [label="]",style=filled,fillcolor=powderblue]
	"Statement358" -> "]372"
	"=373" [label="=",style=filled,fillcolor=powderblue]
	"Statement358" -> "=373"
	"Expression374" [label="Expression"]
	"Statement358" -> "Expression374"
	"T375" [label="T"]
	"Expression374" -> "T375"
	"F376" [label="F"]
	"T375" -> "F376"
	"final377" [label="final"]
	"F376" -> "final377"
	"num378" [label="num",style=filled,fillcolor=powderblue]
	"final377" -> "num378"
	"F1379" [label="F1"]
	"F376" -> "F1379"
	"e380" [label="e"]
	"F1379" -> "e380"
	"E1381" [label="E1"]
	"T375" -> "E1381"
	"e382" [label="e"]
	"E1381" -> "e382"
	"E1383" [label="E1"]
	"Expression374" -> "E1383"
	"-384" [label="-",style=filled,fillcolor=powderblue]
	"E1383" -> "-384"
	"T385" [label="T"]
	"E1383" -> "T385"
	"F386" [label="F"]
	"T385" -> "F386"
	"final387" [label="final"]
	"F386" -> "final387"
	"m388" [label="m",style=filled,fillcolor=powderblue]
	"final387" -> "m388"
	"[389" [label="[",style=filled,fillcolor=powderblue]
	"final387" -> "[389"
	"Expression390" [label="Expression"]
	"final387" -> "Expression390"
	"T391" [label="T"]
	"Expression390" -> "T391"
	"F392" [label="F"]
	"T391" -> "F392"
	"final393" [label="final"]
	"F392" -> "final393"
	"num394" [label="num",style=filled,fillcolor=powderblue]
	"final393" -> "num394"
	"F1395" [label="F1"]
	"F392" -> "F1395"
	"e396" [label="e"]
	"F1395" -> "e396"
	"E1397" [label="E1"]
	"T391" -> "E1397"
	"e398" [label="e"]
	"E1397" -> "e398"
	"E1399" [label="E1"]
	"Expression390" -> "E1399"
	"-400" [label="-",style=filled,fillcolor=powderblue]
	"E1399" -> "-400"
	"T401" [label="T"]
	"E1399" -> "T401"
	"F402" [label="F"]
	"T401" -> "F402"
	"final403" [label="final"]
	"F402" -> "final403"
	"num404" [label="num",style=filled,fillcolor=powderblue]
	"final403" -> "num404"
	"F1405" [label="F1"]
	"F402" -> "F1405"
	"e406" [label="e"]
	"F1405" -> "e406"
	"E1407" [label="E1"]
	"T401" -> "E1407"
	"e408" [label="e"]
	"E1407" -> "e408"
	"E1409" [label="E1"]
	"E1399" -> "E1409"
	"e410" [label="e"]
	"E1409" -> "e410"
	"e411" [label="e"]
	"E1399" -> "e411"
	"]412" [label="]",style=filled,fillcolor=powderblue]
	"final387" -> "]412"
	"F1413" [label="F1"]
	"F386" -> "F1413"
	"e414" [label="e"]
	"F1413" -> "e414"
	"E1415" [label="E1"]
	"T385" -> "E1415"
	"e416" [label="e"]
	"E1415" -> "e416"
	"E1417" [label="E1"]
	"E1383" -> "E1417"
	"e418" [label="e"]
	"E1417" -> "e418"
	"e419" [label="e"]
	"E1383" -> "e419"
	"Statements420" [label="Statements"]
	"Statements357" -> "Statements420"
	"Statement421" [label="Statement"]
	"Statements420" -> "Statement421"
	"m422" [label="m",style=filled,fillcolor=powderblue]
	"Statement421" -> "m422"
	"[423" [label="[",style=filled,fillcolor=powderblue]
	"Statement421" -> "[423"
	"Expression424" [label="Expression"]
	"Statement421" -> "Expression424"
	"T425" [label="T"]
	"Expression424" -> "T425"
	"F426" [label="F"]
	"T425" -> "F426"
	"final427" [label="final"]
	"F426" -> "final427"
	"num428" [label="num",style=filled,fillcolor=powderblue]
	"final427" -> "num428"
	"F1429" [label="F1"]
	"F426" -> "F1429"
	"e430" [label="e"]
	"F1429" -> "e430"
	"E1431" [label="E1"]
	"T425" -> "E1431"
	"e432" [label="e"]
	"E1431" -> "e432"
	"E1433" [label="E1"]
	"Expression424" -> "E1433"
	"e434" [label="e"]
	"E1433" -> "e434"
	"]435" [label="]",style=filled,fillcolor=powderblue]
	"Statement421" -> "]435"
	"=436" [label="=",style=filled,fillcolor=powderblue]
	"Statement421" -> "=436"
	"Expression437" [label="Expression"]
	"Statement421" -> "Expression437"
	"T438" [label="T"]
	"Expression437" -> "T438"
	"F439" [label="F"]
	"T438" -> "F439"
	"final440" [label="final"]
	"F439" -> "final440"
	"num441" [label="num",style=filled,fillcolor=powderblue]
	"final440" -> "num441"
	"F1442" [label="F1"]
	"F439" -> "F1442"
	"e443" [label="e"]
	"F1442" -> "e443"
	"E1444" [label="E1"]
	"T438" -> "E1444"
	"e445" [label="e"]
	"E1444" -> "e445"
	"E1446" [label="E1"]
	"Expression437" -> "E1446"
	"-447" [label="-",style=filled,fillcolor=powderblue]
	"E1446" -> "-447"
	"T448" [label="T"]
	"E1446" -> "T448"
	"F449" [label="F"]
	"T448" -> "F449"
	"final450" [label="final"]
	"F449" -> "final450"
	"(451" [label="(",style=filled,fillcolor=powderblue]
	"final450" -> "(451"
	"Expression452" [label="Expression"]
	"final450" -> "Expression452"
	"T453" [label="T"]
	"Expression452" -> "T453"
	"F454" [label="F"]
	"T453" -> "F454"
	"final455" [label="final"]
	"F454" -> "final455"
	"num456" [label="num",style=filled,fillcolor=powderblue]
	"final455" -> "num456"
	"F1457" [label="F1"]
	"F454" -> "F1457"
	"e458" [label="e"]
	"F1457" -> "e458"
	"E1459" [label="E1"]
	"T453" -> "E1459"
	"e460" [label="e"]
	"E1459" -> "e460"
	"E1461" [label="E1"]
	"Expression452" -> "E1461"
	"-462" [label="-",style=filled,fillcolor=powderblue]
	"E1461" -> "-462"
	"T463" [label="T"]
	"E1461" -> "T463"
	"F464" [label="F"]
	"T463" -> "F464"
	"final465" [label="final"]
	"F464" -> "final465"
	"num466" [label="num",style=filled,fillcolor=powderblue]
	"final465" -> "num466"
	"F1467" [label="F1"]
	"F464" -> "F1467"
	"e468" [label="e"]
	"F1467" -> "e468"
	"E1469" [label="E1"]
	"T463" -> "E1469"
	"e470" [label="e"]
	"E1469" -> "e470"
	"E1471" [label="E1"]
	"E1461" -> "E1471"
	"e472" [label="e"]
	"E1471" -> "e472"
	"e473" [label="e"]
	"E1461" -> "e473"
	")474" [label=")",style=filled,fillcolor=powderblue]
	"final450" -> ")474"
	"F1475" [label="F1"]
	"F449" -> "F1475"
	"e476" [label="e"]
	"F1475" -> "e476"
	"E1477" [label="E1"]
	"T448" -> "E1477"
	"e478" [label="e"]
	"E1477" -> "e478"
	"E1479" [label="E1"]
	"E1446" -> "E1479"
	"e480" [label="e"]
	"E1479" -> "e480"
	"e481" [label="e"]
	"E1446" -> "e481"
	"Statements482" [label="Statements"]
	"Statements420" -> "Statements482"
	"Statement483" [label="Statement"]
	"Statements482" -> "Statement483"
	"m484" [label="m",style=filled,fillcolor=powderblue]
	"Statement483" -> "m484"
	"[485" [label="[",style=filled,fillcolor=powderblue]
	"Statement483" -> "[485"
	"Expression486" [label="Expression"]
	"Statement483" -> "Expression486"
	"T487" [label="T"]
	"Expression486" -> "T487"
	"F488" [label="F"]
	"T487" -> "F488"
	"final489" [label="final"]
	"F488" -> "final489"
	"num490" [label="num",style=filled,fillcolor=powderblue]
	"final489" -> "num490"
	"F1491" [label="F1"]
	"F488" -> "F1491"
	"e492" [label="e"]
	"F1491" -> "e492"
	"E1493" [label="E1"]
	"T487" -> "E1493"
	"e494" [label="e"]
	"E1493" -> "e494"
	"E1495" [label="E1"]
	"Expression486" -> "E1495"
	"e496" [label="e"]
	"E1495" -> "e496"
	"]497" [label="]",style=filled,fillcolor=powderblue]
	"Statement483" -> "]497"
	"=498" [label="=",style=filled,fillcolor=powderblue]
	"Statement483" -> "=498"
	"Expression499" [label="Expression"]
	"Statement483" -> "Expression499"
	"T500" [label="T"]
	"Expression499" -> "T500"
	"F501" [label="F"]
	"T500" -> "F501"
	"final502" [label="final"]
	"F501" -> "final502"
	"num503" [label="num",style=filled,fillcolor=powderblue]
	"final502" -> "num503"
	"F1504" [label="F1"]
	"F501" -> "F1504"
	"e505" [label="e"]
	"F1504" -> "e505"
	"E1506" [label="E1"]
	"T500" -> "E1506"
	"e507" [label="e"]
	"E1506" -> "e507"
	"E1508" [label="E1"]
	"Expression499" -> "E1508"
	"-509" [label="-",style=filled,fillcolor=powderblue]
	"E1508" -> "-509"
	"T510" [label="T"]
	"E1508" -> "T510"
	"F511" [label="F"]
	"T510" -> "F511"
	"final512" [label="final"]
	"F511" -> "final512"
	"m513" [label="m",style=filled,fillcolor=powderblue]
	"final512" -> "m513"
	"[514" [label="[",style=filled,fillcolor=powderblue]
	"final512" -> "[514"
	"Expression515" [label="Expression"]
	"final512" -> "Expression515"
	"T516" [label="T"]
	"Expression515" -> "T516"
	"F517" [label="F"]
	"T516" -> "F517"
	"final518" [label="final"]
	"F517" -> "final518"
	"(519" [label="(",style=filled,fillcolor=powderblue]
	"final518" -> "(519"
	"Expression520" [label="Expression"]
	"final518" -> "Expression520"
	"T521" [label="T"]
	"Expression520" -> "T521"
	"F522" [label="F"]
	"T521" -> "F522"
	"final523" [label="final"]
	"F522" -> "final523"
	"num524" [label="num",style=filled,fillcolor=powderblue]
	"final523" -> "num524"
	"F1525" [label="F1"]
	"F522" -> "F1525"
	"e526" [label="e"]
	"F1525" -> "e526"
	"E1527" [label="E1"]
	"T521" -> "E1527"
	"e528" [label="e"]
	"E1527" -> "e528"
	"E1529" [label="E1"]
	"Expression520" -> "E1529"
	"-530" [label="-",style=filled,fillcolor=powderblue]
	"E1529" -> "-530"
	"T531" [label="T"]
	"E1529" -> "T531"
	"F532" [label="F"]
	"T531" -> "F532"
	"final533" [label="final"]
	"F532" -> "final533"
	"num534" [label="num",style=filled,fillcolor=powderblue]
	"final533" -> "num534"
	"F1535" [label="F1"]
	"F532" -> "F1535"
	"e536" [label="e"]
	"F1535" -> "e536"
	"E1537" [label="E1"]
	"T531" -> "E1537"
	"e538" [label="e"]
	"E1537" -> "e538"
	"E1539" [label="E1"]
	"E1529" -> "E1539"
	"e540" [label="e"]
	"E1539" -> "e540"
	"e541" [label="e"]
	"E1529" -> "e541"
	")542" [label=")",style=filled,fillcolor=powderblue]
	"final518" -> ")542"
	"F1543" [label="F1"]
	"F517" -> "F1543"
	"e544" [label="e"]
	"F1543" -> "e544"
	"E1545" [label="E1"]
	"T516" -> "E1545"
	"e546" [label="e"]
	"E1545" -> "e546"
	"E1547" [label="E1"]
	"Expression515" -> "E1547"
	"e548" [label="e"]
	"E1547" -> "e548"
	"]549" [label="]",style=filled,fillcolor=powderblue]
	"final512" -> "]549"
	"F1550" [label="F1"]
	"F511" -> "F1550"
	"e551" [label="e"]
	"F1550" -> "e551"
	"E1552" [label="E1"]
	"T510" -> "E1552"
	"e553" [label="e"]
	"E1552" -> "e553"
	"E1554" [label="E1"]
	"E1508" -> "E1554"
	"e555" [label="e"]
	"E1554" -> "e555"
	"e556" [label="e"]
	"E1508" -> "e556"
	"Statements557" [label="Statements"]
	"Statements482" -> "Statements557"
	"Statement558" [label="Statement"]
	"Statements557" -> "Statement558"
	"print559" [label="print",style=filled,fillcolor=powderblue]
	"Statement558" -> "print559"
	"Expression560" [label="Expression"]
	"Statement558" -> "Expression560"
syntax error: found L in parsing Expression - line 12
