digraph G {
	"Start1" [label="Start"]
	"Statements2" [label="Statements"]
	"Start1" -> "Statements2"
	"Statement3" [label="Statement"]
	"Statements2" -> "Statement3"
	"m4" [label="m",style=filled,fillcolor=powderblue]
	"Statement3" -> "m4"
	"[5" [label="[",style=filled,fillcolor=powderblue]
	"Statement3" -> "[5"
	"Expression6" [label="Expression"]
	"Statement3" -> "Expression6"
	"T7" [label="T"]
	"Expression6" -> "T7"
	"F8" [label="F"]
	"T7" -> "F8"
	"final9" [label="final"]
	"F8" -> "final9"
	"num10" [label="num",style=filled,fillcolor=powderblue]
	"final9" -> "num10"
	"F111" [label="F1"]
	"F8" -> "F111"
	"e12" [label="e"]
	"F111" -> "e12"
	"E113" [label="E1"]
	"T7" -> "E113"
	"e14" [label="e"]
	"E113" -> "e14"
	"E115" [label="E1"]
	"Expression6" -> "E115"
	"e16" [label="e"]
	"E115" -> "e16"
	"]17" [label="]",style=filled,fillcolor=powderblue]
	"Statement3" -> "]17"
	"=18" [label="=",style=filled,fillcolor=powderblue]
	"Statement3" -> "=18"
	"Expression19" [label="Expression"]
	"Statement3" -> "Expression19"
	"T20" [label="T"]
	"Expression19" -> "T20"
	"F21" [label="F"]
	"T20" -> "F21"
	"final22" [label="final"]
	"F21" -> "final22"
	"num23" [label="num",style=filled,fillcolor=powderblue]
	"final22" -> "num23"
	"F124" [label="F1"]
	"F21" -> "F124"
	"e25" [label="e"]
	"F124" -> "e25"
	"E126" [label="E1"]
	"T20" -> "E126"
	"/27" [label="/",style=filled,fillcolor=powderblue]
	"E126" -> "/27"
	"F28" [label="F"]
	"E126" -> "F28"
	"final29" [label="final"]
	"F28" -> "final29"
	"num30" [label="num",style=filled,fillcolor=powderblue]
	"final29" -> "num30"
	"F131" [label="F1"]
	"F28" -> "F131"
	"e32" [label="e"]
	"F131" -> "e32"
	"E133" [label="E1"]
	"E126" -> "E133"
	"*34" [label="*",style=filled,fillcolor=powderblue]
	"E133" -> "*34"
	"F35" [label="F"]
	"E133" -> "F35"
	"final36" [label="final"]
	"F35" -> "final36"
	"num37" [label="num",style=filled,fillcolor=powderblue]
	"final36" -> "num37"
	"F138" [label="F1"]
	"F35" -> "F138"
	"e39" [label="e"]
	"F138" -> "e39"
	"E140" [label="E1"]
	"E133" -> "E140"
	"e41" [label="e"]
	"E140" -> "e41"
	"e42" [label="e"]
	"E133" -> "e42"
	"e43" [label="e"]
	"E126" -> "e43"
	"E144" [label="E1"]
	"Expression19" -> "E144"
	"e45" [label="e"]
	"E144" -> "e45"
	"Statements46" [label="Statements"]
	"Statements2" -> "Statements46"
	"Statement47" [label="Statement"]
	"Statements46" -> "Statement47"
	"m48" [label="m",style=filled,fillcolor=powderblue]
	"Statement47" -> "m48"
	"[49" [label="[",style=filled,fillcolor=powderblue]
	"Statement47" -> "[49"
	"Expression50" [label="Expression"]
	"Statement47" -> "Expression50"
	"T51" [label="T"]
	"Expression50" -> "T51"
	"F52" [label="F"]
	"T51" -> "F52"
	"final53" [label="final"]
	"F52" -> "final53"
	"num54" [label="num",style=filled,fillcolor=powderblue]
	"final53" -> "num54"
	"F155" [label="F1"]
	"F52" -> "F155"
	"e56" [label="e"]
	"F155" -> "e56"
	"E157" [label="E1"]
	"T51" -> "E157"
	"e58" [label="e"]
	"E157" -> "e58"
	"E159" [label="E1"]
	"Expression50" -> "E159"
	"e60" [label="e"]
	"E159" -> "e60"
	"]61" [label="]",style=filled,fillcolor=powderblue]
	"Statement47" -> "]61"
	"=62" [label="=",style=filled,fillcolor=powderblue]
	"Statement47" -> "=62"
	"Expression63" [label="Expression"]
	"Statement47" -> "Expression63"
	"T64" [label="T"]
	"Expression63" -> "T64"
	"F65" [label="F"]
	"T64" -> "F65"
	"final66" [label="final"]
	"F65" -> "final66"
	"num67" [label="num",style=filled,fillcolor=powderblue]
	"final66" -> "num67"
	"F168" [label="F1"]
	"F65" -> "F168"
	"e69" [label="e"]
	"F168" -> "e69"
	"E170" [label="E1"]
	"T64" -> "E170"
	"/71" [label="/",style=filled,fillcolor=powderblue]
	"E170" -> "/71"
	"F72" [label="F"]
	"E170" -> "F72"
	"final73" [label="final"]
	"F72" -> "final73"
	"num74" [label="num",style=filled,fillcolor=powderblue]
	"final73" -> "num74"
	"F175" [label="F1"]
	"F72" -> "F175"
	"e76" [label="e"]
	"F175" -> "e76"
	"E177" [label="E1"]
	"E170" -> "E177"
	"*78" [label="*",style=filled,fillcolor=powderblue]
	"E177" -> "*78"
	"F79" [label="F"]
	"E177" -> "F79"
	"final80" [label="final"]
	"F79" -> "final80"
	"num81" [label="num",style=filled,fillcolor=powderblue]
	"final80" -> "num81"
	"F182" [label="F1"]
	"F79" -> "F182"
	"e83" [label="e"]
	"F182" -> "e83"
	"E184" [label="E1"]
	"E177" -> "E184"
	"e85" [label="e"]
	"E184" -> "e85"
	"e86" [label="e"]
	"E177" -> "e86"
	"e87" [label="e"]
	"E170" -> "e87"
	"E188" [label="E1"]
	"Expression63" -> "E188"
	"e89" [label="e"]
	"E188" -> "e89"
	"Statements90" [label="Statements"]
	"Statements46" -> "Statements90"
	"Statement91" [label="Statement"]
	"Statements90" -> "Statement91"
	"goto92" [label="goto",style=filled,fillcolor=powderblue]
	"Statement91" -> "goto92"
	"num93" [label="num",style=filled,fillcolor=powderblue]
	"Statement91" -> "num93"
	"Statements94" [label="Statements"]
	"Statements90" -> "Statements94"
	"Statement95" [label="Statement"]
	"Statements94" -> "Statement95"
	"m96" [label="m",style=filled,fillcolor=powderblue]
	"Statement95" -> "m96"
	"[97" [label="[",style=filled,fillcolor=powderblue]
	"Statement95" -> "[97"
	"Expression98" [label="Expression"]
	"Statement95" -> "Expression98"
	"T99" [label="T"]
	"Expression98" -> "T99"
	"F100" [label="F"]
	"T99" -> "F100"
	"final101" [label="final"]
	"F100" -> "final101"
	"num102" [label="num",style=filled,fillcolor=powderblue]
	"final101" -> "num102"
	"F1103" [label="F1"]
	"F100" -> "F1103"
	"e104" [label="e"]
	"F1103" -> "e104"
	"E1105" [label="E1"]
	"T99" -> "E1105"
	"e106" [label="e"]
	"E1105" -> "e106"
	"E1107" [label="E1"]
	"Expression98" -> "E1107"
	"e108" [label="e"]
	"E1107" -> "e108"
	"]109" [label="]",style=filled,fillcolor=powderblue]
	"Statement95" -> "]109"
	"=110" [label="=",style=filled,fillcolor=powderblue]
	"Statement95" -> "=110"
	"Expression111" [label="Expression"]
	"Statement95" -> "Expression111"
	"T112" [label="T"]
	"Expression111" -> "T112"
	"F113" [label="F"]
	"T112" -> "F113"
	"final114" [label="final"]
	"F113" -> "final114"
	"num115" [label="num",style=filled,fillcolor=powderblue]
	"final114" -> "num115"
	"F1116" [label="F1"]
	"F113" -> "F1116"
	"e117" [label="e"]
	"F1116" -> "e117"
	"E1118" [label="E1"]
	"T112" -> "E1118"
	"e119" [label="e"]
	"E1118" -> "e119"
	"E1120" [label="E1"]
	"Expression111" -> "E1120"
	"+121" [label="+",style=filled,fillcolor=powderblue]
	"E1120" -> "+121"
	"T122" [label="T"]
	"E1120" -> "T122"
	"F123" [label="F"]
	"T122" -> "F123"
	"final124" [label="final"]
	"F123" -> "final124"
	"m125" [label="m",style=filled,fillcolor=powderblue]
	"final124" -> "m125"
	"[126" [label="[",style=filled,fillcolor=powderblue]
	"final124" -> "[126"
	"Expression127" [label="Expression"]
	"final124" -> "Expression127"
	"T128" [label="T"]
	"Expression127" -> "T128"
	"F129" [label="F"]
	"T128" -> "F129"
	"final130" [label="final"]
	"F129" -> "final130"
	"num131" [label="num",style=filled,fillcolor=powderblue]
	"final130" -> "num131"
	"F1132" [label="F1"]
	"F129" -> "F1132"
	"e133" [label="e"]
	"F1132" -> "e133"
	"E1134" [label="E1"]
	"T128" -> "E1134"
	"e135" [label="e"]
	"E1134" -> "e135"
	"E1136" [label="E1"]
	"Expression127" -> "E1136"
	"e137" [label="e"]
	"E1136" -> "e137"
	"]138" [label="]",style=filled,fillcolor=powderblue]
	"final124" -> "]138"
	"F1139" [label="F1"]
	"F123" -> "F1139"
	"e140" [label="e"]
	"F1139" -> "e140"
	"E1141" [label="E1"]
	"T122" -> "E1141"
	"e142" [label="e"]
	"E1141" -> "e142"
	"E1143" [label="E1"]
	"E1120" -> "E1143"
	"e144" [label="e"]
	"E1143" -> "e144"
	"e145" [label="e"]
	"E1120" -> "e145"
	"Statements146" [label="Statements"]
	"Statements94" -> "Statements146"
	"Statement147" [label="Statement"]
	"Statements146" -> "Statement147"
	"m148" [label="m",style=filled,fillcolor=powderblue]
	"Statement147" -> "m148"
	"[149" [label="[",style=filled,fillcolor=powderblue]
	"Statement147" -> "[149"
	"Expression150" [label="Expression"]
	"Statement147" -> "Expression150"
	"T151" [label="T"]
	"Expression150" -> "T151"
	"F152" [label="F"]
	"T151" -> "F152"
	"final153" [label="final"]
	"F152" -> "final153"
	"num154" [label="num",style=filled,fillcolor=powderblue]
	"final153" -> "num154"
	"F1155" [label="F1"]
	"F152" -> "F1155"
	"e156" [label="e"]
	"F1155" -> "e156"
	"E1157" [label="E1"]
	"T151" -> "E1157"
	"e158" [label="e"]
	"E1157" -> "e158"
	"E1159" [label="E1"]
	"Expression150" -> "E1159"
	"e160" [label="e"]
	"E1159" -> "e160"
	"]161" [label="]",style=filled,fillcolor=powderblue]
	"Statement147" -> "]161"
	"=162" [label="=",style=filled,fillcolor=powderblue]
	"Statement147" -> "=162"
	"Expression163" [label="Expression"]
	"Statement147" -> "Expression163"
	"T164" [label="T"]
	"Expression163" -> "T164"
	"F165" [label="F"]
	"T164" -> "F165"
	"final166" [label="final"]
	"F165" -> "final166"
	"num167" [label="num",style=filled,fillcolor=powderblue]
	"final166" -> "num167"
	"F1168" [label="F1"]
	"F165" -> "F1168"
	"e169" [label="e"]
	"F1168" -> "e169"
	"E1170" [label="E1"]
	"T164" -> "E1170"
	"e171" [label="e"]
	"E1170" -> "e171"
	"E1172" [label="E1"]
	"Expression163" -> "E1172"
	"-173" [label="-",style=filled,fillcolor=powderblue]
	"E1172" -> "-173"
	"T174" [label="T"]
	"E1172" -> "T174"
	"F175" [label="F"]
	"T174" -> "F175"
	"final176" [label="final"]
	"F175" -> "final176"
	"m177" [label="m",style=filled,fillcolor=powderblue]
	"final176" -> "m177"
	"[178" [label="[",style=filled,fillcolor=powderblue]
	"final176" -> "[178"
	"Expression179" [label="Expression"]
	"final176" -> "Expression179"
	"T180" [label="T"]
	"Expression179" -> "T180"
	"F181" [label="F"]
	"T180" -> "F181"
	"final182" [label="final"]
	"F181" -> "final182"
	"num183" [label="num",style=filled,fillcolor=powderblue]
	"final182" -> "num183"
	"F1184" [label="F1"]
	"F181" -> "F1184"
	"**185" [label="**",style=filled,fillcolor=powderblue]
	"F1184" -> "**185"
	"final186" [label="final"]
	"F1184" -> "final186"
	"num187" [label="num",style=filled,fillcolor=powderblue]
	"final186" -> "num187"
	"F1188" [label="F1"]
	"F1184" -> "F1188"
	"e189" [label="e"]
	"F1188" -> "e189"
	"e190" [label="e"]
	"F1184" -> "e190"
	"E1191" [label="E1"]
	"T180" -> "E1191"
	"*192" [label="*",style=filled,fillcolor=powderblue]
	"E1191" -> "*192"
	"F193" [label="F"]
	"E1191" -> "F193"
	"final194" [label="final"]
	"F193" -> "final194"
	"num195" [label="num",style=filled,fillcolor=powderblue]
	"final194" -> "num195"
	"F1196" [label="F1"]
	"F193" -> "F1196"
	"e197" [label="e"]
	"F1196" -> "e197"
	"E1198" [label="E1"]
	"E1191" -> "E1198"
	"e199" [label="e"]
	"E1198" -> "e199"
	"e200" [label="e"]
	"E1191" -> "e200"
	"E1201" [label="E1"]
	"Expression179" -> "E1201"
	"-202" [label="-",style=filled,fillcolor=powderblue]
	"E1201" -> "-202"
	"T203" [label="T"]
	"E1201" -> "T203"
	"F204" [label="F"]
	"T203" -> "F204"
	"final205" [label="final"]
	"F204" -> "final205"
	"num206" [label="num",style=filled,fillcolor=powderblue]
	"final205" -> "num206"
	"F1207" [label="F1"]
	"F204" -> "F1207"
	"e208" [label="e"]
	"F1207" -> "e208"
	"E1209" [label="E1"]
	"T203" -> "E1209"
	"e210" [label="e"]
	"E1209" -> "e210"
	"E1211" [label="E1"]
	"E1201" -> "E1211"
	"e212" [label="e"]
	"E1211" -> "e212"
	"e213" [label="e"]
	"E1201" -> "e213"
	"]214" [label="]",style=filled,fillcolor=powderblue]
	"final176" -> "]214"
	"F1215" [label="F1"]
	"F175" -> "F1215"
	"e216" [label="e"]
	"F1215" -> "e216"
	"E1217" [label="E1"]
	"T174" -> "E1217"
	"e218" [label="e"]
	"E1217" -> "e218"
	"E1219" [label="E1"]
	"E1172" -> "E1219"
	"-220" [label="-",style=filled,fillcolor=powderblue]
	"E1219" -> "-220"
	"T221" [label="T"]
	"E1219" -> "T221"
	"F222" [label="F"]
	"T221" -> "F222"
	"final223" [label="final"]
	"F222" -> "final223"
	"num224" [label="num",style=filled,fillcolor=powderblue]
	"final223" -> "num224"
	"F1225" [label="F1"]
	"F222" -> "F1225"
	"e226" [label="e"]
	"F1225" -> "e226"
	"E1227" [label="E1"]
	"T221" -> "E1227"
	"e228" [label="e"]
	"E1227" -> "e228"
	"E1229" [label="E1"]
	"E1219" -> "E1229"
	"e230" [label="e"]
	"E1229" -> "e230"
	"e231" [label="e"]
	"E1219" -> "e231"
	"e232" [label="e"]
	"E1172" -> "e232"
	"Statements233" [label="Statements"]
	"Statements146" -> "Statements233"
	"Statement234" [label="Statement"]
	"Statements233" -> "Statement234"
	"L235" [label="L",style=filled,fillcolor=powderblue]
	"Statement234" -> "L235"
	"num236" [label="num",style=filled,fillcolor=powderblue]
	"Statement234" -> "num236"
	":237" [label=":",style=filled,fillcolor=powderblue]
	"Statement234" -> ":237"
	"Statements238" [label="Statements"]
	"Statements233" -> "Statements238"
	"Statement239" [label="Statement"]
	"Statements238" -> "Statement239"
	"m240" [label="m",style=filled,fillcolor=powderblue]
	"Statement239" -> "m240"
	"[241" [label="[",style=filled,fillcolor=powderblue]
	"Statement239" -> "[241"
	"Expression242" [label="Expression"]
	"Statement239" -> "Expression242"
	"T243" [label="T"]
	"Expression242" -> "T243"
	"F244" [label="F"]
	"T243" -> "F244"
	"final245" [label="final"]
	"F244" -> "final245"
	"num246" [label="num",style=filled,fillcolor=powderblue]
	"final245" -> "num246"
	"F1247" [label="F1"]
	"F244" -> "F1247"
	"e248" [label="e"]
	"F1247" -> "e248"
	"E1249" [label="E1"]
	"T243" -> "E1249"
	"e250" [label="e"]
	"E1249" -> "e250"
	"E1251" [label="E1"]
	"Expression242" -> "E1251"
	"e252" [label="e"]
	"E1251" -> "e252"
	"]253" [label="]",style=filled,fillcolor=powderblue]
	"Statement239" -> "]253"
	"=254" [label="=",style=filled,fillcolor=powderblue]
	"Statement239" -> "=254"
	"Expression255" [label="Expression"]
	"Statement239" -> "Expression255"
	"T256" [label="T"]
	"Expression255" -> "T256"
	"F257" [label="F"]
	"T256" -> "F257"
	"final258" [label="final"]
	"F257" -> "final258"
	"num259" [label="num",style=filled,fillcolor=powderblue]
	"final258" -> "num259"
	"F1260" [label="F1"]
	"F257" -> "F1260"
	"e261" [label="e"]
	"F1260" -> "e261"
	"E1262" [label="E1"]
	"T256" -> "E1262"
	"e263" [label="e"]
	"E1262" -> "e263"
	"E1264" [label="E1"]
	"Expression255" -> "E1264"
	"-265" [label="-",style=filled,fillcolor=powderblue]
	"E1264" -> "-265"
	"T266" [label="T"]
	"E1264" -> "T266"
	"F267" [label="F"]
	"T266" -> "F267"
	"final268" [label="final"]
	"F267" -> "final268"
	"(269" [label="(",style=filled,fillcolor=powderblue]
	"final268" -> "(269"
	"Expression270" [label="Expression"]
	"final268" -> "Expression270"
	"T271" [label="T"]
	"Expression270" -> "T271"
	"F272" [label="F"]
	"T271" -> "F272"
	"final273" [label="final"]
	"F272" -> "final273"
	"m274" [label="m",style=filled,fillcolor=powderblue]
	"final273" -> "m274"
	"[275" [label="[",style=filled,fillcolor=powderblue]
	"final273" -> "[275"
	"Expression276" [label="Expression"]
	"final273" -> "Expression276"
	"T277" [label="T"]
	"Expression276" -> "T277"
	"F278" [label="F"]
	"T277" -> "F278"
	"final279" [label="final"]
	"F278" -> "final279"
	"num280" [label="num",style=filled,fillcolor=powderblue]
	"final279" -> "num280"
	"F1281" [label="F1"]
	"F278" -> "F1281"
	"e282" [label="e"]
	"F1281" -> "e282"
	"E1283" [label="E1"]
	"T277" -> "E1283"
	"e284" [label="e"]
	"E1283" -> "e284"
	"E1285" [label="E1"]
	"Expression276" -> "E1285"
	"e286" [label="e"]
	"E1285" -> "e286"
	"]287" [label="]",style=filled,fillcolor=powderblue]
	"final273" -> "]287"
	"F1288" [label="F1"]
	"F272" -> "F1288"
	"e289" [label="e"]
	"F1288" -> "e289"
	"E1290" [label="E1"]
	"T271" -> "E1290"
	"e291" [label="e"]
	"E1290" -> "e291"
	"E1292" [label="E1"]
	"Expression270" -> "E1292"
	"-293" [label="-",style=filled,fillcolor=powderblue]
	"E1292" -> "-293"
	"T294" [label="T"]
	"E1292" -> "T294"
	"F295" [label="F"]
	"T294" -> "F295"
	"final296" [label="final"]
	"F295" -> "final296"
	"num297" [label="num",style=filled,fillcolor=powderblue]
	"final296" -> "num297"
	"F1298" [label="F1"]
	"F295" -> "F1298"
	"e299" [label="e"]
	"F1298" -> "e299"
	"E1300" [label="E1"]
	"T294" -> "E1300"
	"e301" [label="e"]
	"E1300" -> "e301"
	"E1302" [label="E1"]
	"E1292" -> "E1302"
	"e303" [label="e"]
	"E1302" -> "e303"
	"e304" [label="e"]
	"E1292" -> "e304"
	")305" [label=")",style=filled,fillcolor=powderblue]
	"final268" -> ")305"
	"F1306" [label="F1"]
	"F267" -> "F1306"
	"e307" [label="e"]
	"F1306" -> "e307"
	"E1308" [label="E1"]
	"T266" -> "E1308"
	"e309" [label="e"]
	"E1308" -> "e309"
	"E1310" [label="E1"]
	"E1264" -> "E1310"
	"e311" [label="e"]
	"E1310" -> "e311"
	"e312" [label="e"]
	"E1264" -> "e312"
	"Statements313" [label="Statements"]
	"Statements238" -> "Statements313"
	"Statement314" [label="Statement"]
	"Statements313" -> "Statement314"
	"m315" [label="m",style=filled,fillcolor=powderblue]
	"Statement314" -> "m315"
	"[316" [label="[",style=filled,fillcolor=powderblue]
	"Statement314" -> "[316"
	"Expression317" [label="Expression"]
	"Statement314" -> "Expression317"
	"T318" [label="T"]
	"Expression317" -> "T318"
	"F319" [label="F"]
	"T318" -> "F319"
	"final320" [label="final"]
	"F319" -> "final320"
	"num321" [label="num",style=filled,fillcolor=powderblue]
	"final320" -> "num321"
	"F1322" [label="F1"]
	"F319" -> "F1322"
	"e323" [label="e"]
	"F1322" -> "e323"
	"E1324" [label="E1"]
	"T318" -> "E1324"
	"e325" [label="e"]
	"E1324" -> "e325"
	"E1326" [label="E1"]
	"Expression317" -> "E1326"
	"e327" [label="e"]
	"E1326" -> "e327"
	"]328" [label="]",style=filled,fillcolor=powderblue]
	"Statement314" -> "]328"
	"=329" [label="=",style=filled,fillcolor=powderblue]
	"Statement314" -> "=329"
	"Expression330" [label="Expression"]
	"Statement314" -> "Expression330"
	"T331" [label="T"]
	"Expression330" -> "T331"
	"F332" [label="F"]
	"T331" -> "F332"
	"final333" [label="final"]
	"F332" -> "final333"
	"num334" [label="num",style=filled,fillcolor=powderblue]
	"final333" -> "num334"
	"F1335" [label="F1"]
	"F332" -> "F1335"
	"e336" [label="e"]
	"F1335" -> "e336"
	"E1337" [label="E1"]
	"T331" -> "E1337"
	"e338" [label="e"]
	"E1337" -> "e338"
	"E1339" [label="E1"]
	"Expression330" -> "E1339"
	"+340" [label="+",style=filled,fillcolor=powderblue]
	"E1339" -> "+340"
	"T341" [label="T"]
	"E1339" -> "T341"
	"F342" [label="F"]
	"T341" -> "F342"
	"final343" [label="final"]
	"F342" -> "final343"
	"m344" [label="m",style=filled,fillcolor=powderblue]
	"final343" -> "m344"
	"[345" [label="[",style=filled,fillcolor=powderblue]
	"final343" -> "[345"
	"Expression346" [label="Expression"]
	"final343" -> "Expression346"
	"T347" [label="T"]
	"Expression346" -> "T347"
	"F348" [label="F"]
	"T347" -> "F348"
	"final349" [label="final"]
	"F348" -> "final349"
	"num350" [label="num",style=filled,fillcolor=powderblue]
	"final349" -> "num350"
	"F1351" [label="F1"]
	"F348" -> "F1351"
	"e352" [label="e"]
	"F1351" -> "e352"
	"E1353" [label="E1"]
	"T347" -> "E1353"
	"e354" [label="e"]
	"E1353" -> "e354"
	"E1355" [label="E1"]
	"Expression346" -> "E1355"
	"e356" [label="e"]
	"E1355" -> "e356"
	"]357" [label="]",style=filled,fillcolor=powderblue]
	"final343" -> "]357"
	"F1358" [label="F1"]
	"F342" -> "F1358"
	"e359" [label="e"]
	"F1358" -> "e359"
	"E1360" [label="E1"]
	"T341" -> "E1360"
	"e361" [label="e"]
	"E1360" -> "e361"
	"E1362" [label="E1"]
	"E1339" -> "E1362"
	"e363" [label="e"]
	"E1362" -> "e363"
	"e364" [label="e"]
	"E1339" -> "e364"
	"Statements365" [label="Statements"]
	"Statements313" -> "Statements365"
	"Statement366" [label="Statement"]
	"Statements365" -> "Statement366"
	"m367" [label="m",style=filled,fillcolor=powderblue]
	"Statement366" -> "m367"
	"[368" [label="[",style=filled,fillcolor=powderblue]
	"Statement366" -> "[368"
	"Expression369" [label="Expression"]
	"Statement366" -> "Expression369"
	"T370" [label="T"]
	"Expression369" -> "T370"
	"F371" [label="F"]
	"T370" -> "F371"
	"final372" [label="final"]
	"F371" -> "final372"
	"num373" [label="num",style=filled,fillcolor=powderblue]
	"final372" -> "num373"
	"F1374" [label="F1"]
	"F371" -> "F1374"
	"e375" [label="e"]
	"F1374" -> "e375"
	"E1376" [label="E1"]
	"T370" -> "E1376"
	"e377" [label="e"]
	"E1376" -> "e377"
	"E1378" [label="E1"]
	"Expression369" -> "E1378"
	"e379" [label="e"]
	"E1378" -> "e379"
	"]380" [label="]",style=filled,fillcolor=powderblue]
	"Statement366" -> "]380"
	"=381" [label="=",style=filled,fillcolor=powderblue]
	"Statement366" -> "=381"
	"Expression382" [label="Expression"]
	"Statement366" -> "Expression382"
	"T383" [label="T"]
	"Expression382" -> "T383"
	"F384" [label="F"]
	"T383" -> "F384"
	"final385" [label="final"]
	"F384" -> "final385"
	"num386" [label="num",style=filled,fillcolor=powderblue]
	"final385" -> "num386"
	"F1387" [label="F1"]
	"F384" -> "F1387"
	"e388" [label="e"]
	"F1387" -> "e388"
	"E1389" [label="E1"]
	"T383" -> "E1389"
	"e390" [label="e"]
	"E1389" -> "e390"
	"E1391" [label="E1"]
	"Expression382" -> "E1391"
	"-392" [label="-",style=filled,fillcolor=powderblue]
	"E1391" -> "-392"
	"T393" [label="T"]
	"E1391" -> "T393"
	"F394" [label="F"]
	"T393" -> "F394"
	"final395" [label="final"]
	"F394" -> "final395"
	"m396" [label="m",style=filled,fillcolor=powderblue]
	"final395" -> "m396"
	"[397" [label="[",style=filled,fillcolor=powderblue]
	"final395" -> "[397"
	"Expression398" [label="Expression"]
	"final395" -> "Expression398"
	"T399" [label="T"]
	"Expression398" -> "T399"
	"F400" [label="F"]
	"T399" -> "F400"
	"final401" [label="final"]
	"F400" -> "final401"
	"num402" [label="num",style=filled,fillcolor=powderblue]
	"final401" -> "num402"
	"F1403" [label="F1"]
	"F400" -> "F1403"
	"e404" [label="e"]
	"F1403" -> "e404"
	"E1405" [label="E1"]
	"T399" -> "E1405"
	"e406" [label="e"]
	"E1405" -> "e406"
	"E1407" [label="E1"]
	"Expression398" -> "E1407"
	"-408" [label="-",style=filled,fillcolor=powderblue]
	"E1407" -> "-408"
	"T409" [label="T"]
	"E1407" -> "T409"
	"F410" [label="F"]
	"T409" -> "F410"
	"final411" [label="final"]
	"F410" -> "final411"
	"num412" [label="num",style=filled,fillcolor=powderblue]
	"final411" -> "num412"
	"F1413" [label="F1"]
	"F410" -> "F1413"
	"e414" [label="e"]
	"F1413" -> "e414"
	"E1415" [label="E1"]
	"T409" -> "E1415"
	"e416" [label="e"]
	"E1415" -> "e416"
	"E1417" [label="E1"]
	"E1407" -> "E1417"
	"e418" [label="e"]
	"E1417" -> "e418"
	"e419" [label="e"]
	"E1407" -> "e419"
	"]420" [label="]",style=filled,fillcolor=powderblue]
	"final395" -> "]420"
	"F1421" [label="F1"]
	"F394" -> "F1421"
	"e422" [label="e"]
	"F1421" -> "e422"
	"E1423" [label="E1"]
	"T393" -> "E1423"
	"e424" [label="e"]
	"E1423" -> "e424"
	"E1425" [label="E1"]
	"E1391" -> "E1425"
	"e426" [label="e"]
	"E1425" -> "e426"
	"e427" [label="e"]
	"E1391" -> "e427"
	"Statements428" [label="Statements"]
	"Statements365" -> "Statements428"
	"Statement429" [label="Statement"]
	"Statements428" -> "Statement429"
	"m430" [label="m",style=filled,fillcolor=powderblue]
	"Statement429" -> "m430"
	"[431" [label="[",style=filled,fillcolor=powderblue]
	"Statement429" -> "[431"
	"Expression432" [label="Expression"]
	"Statement429" -> "Expression432"
	"T433" [label="T"]
	"Expression432" -> "T433"
	"F434" [label="F"]
	"T433" -> "F434"
	"final435" [label="final"]
	"F434" -> "final435"
	"num436" [label="num",style=filled,fillcolor=powderblue]
	"final435" -> "num436"
	"F1437" [label="F1"]
	"F434" -> "F1437"
	"e438" [label="e"]
	"F1437" -> "e438"
	"E1439" [label="E1"]
	"T433" -> "E1439"
	"e440" [label="e"]
	"E1439" -> "e440"
	"E1441" [label="E1"]
	"Expression432" -> "E1441"
	"e442" [label="e"]
	"E1441" -> "e442"
	"]443" [label="]",style=filled,fillcolor=powderblue]
	"Statement429" -> "]443"
	"=444" [label="=",style=filled,fillcolor=powderblue]
	"Statement429" -> "=444"
	"Expression445" [label="Expression"]
	"Statement429" -> "Expression445"
	"T446" [label="T"]
	"Expression445" -> "T446"
	"F447" [label="F"]
	"T446" -> "F447"
	"final448" [label="final"]
	"F447" -> "final448"
	"num449" [label="num",style=filled,fillcolor=powderblue]
	"final448" -> "num449"
	"F1450" [label="F1"]
	"F447" -> "F1450"
	"e451" [label="e"]
	"F1450" -> "e451"
	"E1452" [label="E1"]
	"T446" -> "E1452"
	"e453" [label="e"]
	"E1452" -> "e453"
	"E1454" [label="E1"]
	"Expression445" -> "E1454"
	"-455" [label="-",style=filled,fillcolor=powderblue]
	"E1454" -> "-455"
	"T456" [label="T"]
	"E1454" -> "T456"
	"F457" [label="F"]
	"T456" -> "F457"
	"final458" [label="final"]
	"F457" -> "final458"
	"(459" [label="(",style=filled,fillcolor=powderblue]
	"final458" -> "(459"
	"Expression460" [label="Expression"]
	"final458" -> "Expression460"
	"T461" [label="T"]
	"Expression460" -> "T461"
	"F462" [label="F"]
	"T461" -> "F462"
	"final463" [label="final"]
	"F462" -> "final463"
	"num464" [label="num",style=filled,fillcolor=powderblue]
	"final463" -> "num464"
	"F1465" [label="F1"]
	"F462" -> "F1465"
	"e466" [label="e"]
	"F1465" -> "e466"
	"E1467" [label="E1"]
	"T461" -> "E1467"
	"e468" [label="e"]
	"E1467" -> "e468"
	"E1469" [label="E1"]
	"Expression460" -> "E1469"
	"-470" [label="-",style=filled,fillcolor=powderblue]
	"E1469" -> "-470"
	"T471" [label="T"]
	"E1469" -> "T471"
	"F472" [label="F"]
	"T471" -> "F472"
	"final473" [label="final"]
	"F472" -> "final473"
	"num474" [label="num",style=filled,fillcolor=powderblue]
	"final473" -> "num474"
	"F1475" [label="F1"]
	"F472" -> "F1475"
	"e476" [label="e"]
	"F1475" -> "e476"
	"E1477" [label="E1"]
	"T471" -> "E1477"
	"e478" [label="e"]
	"E1477" -> "e478"
	"E1479" [label="E1"]
	"E1469" -> "E1479"
	"e480" [label="e"]
	"E1479" -> "e480"
	"e481" [label="e"]
	"E1469" -> "e481"
	")482" [label=")",style=filled,fillcolor=powderblue]
	"final458" -> ")482"
	"F1483" [label="F1"]
	"F457" -> "F1483"
	"e484" [label="e"]
	"F1483" -> "e484"
	"E1485" [label="E1"]
	"T456" -> "E1485"
	"/486" [label="/",style=filled,fillcolor=powderblue]
	"E1485" -> "/486"
	"F487" [label="F"]
	"E1485" -> "F487"
	"final488" [label="final"]
	"F487" -> "final488"
	"m489" [label="m",style=filled,fillcolor=powderblue]
	"final488" -> "m489"
	"[490" [label="[",style=filled,fillcolor=powderblue]
	"final488" -> "[490"
	"Expression491" [label="Expression"]
	"final488" -> "Expression491"
	"T492" [label="T"]
	"Expression491" -> "T492"
	"F493" [label="F"]
	"T492" -> "F493"
	"final494" [label="final"]
	"F493" -> "final494"
	"num495" [label="num",style=filled,fillcolor=powderblue]
	"final494" -> "num495"
	"F1496" [label="F1"]
	"F493" -> "F1496"
	"e497" [label="e"]
	"F1496" -> "e497"
	"E1498" [label="E1"]
	"T492" -> "E1498"
	"e499" [label="e"]
	"E1498" -> "e499"
	"E1500" [label="E1"]
	"Expression491" -> "E1500"
	"e501" [label="e"]
	"E1500" -> "e501"
	"]502" [label="]",style=filled,fillcolor=powderblue]
	"final488" -> "]502"
	"F1503" [label="F1"]
	"F487" -> "F1503"
	"e504" [label="e"]
	"F1503" -> "e504"
	"E1505" [label="E1"]
	"E1485" -> "E1505"
	"e506" [label="e"]
	"E1505" -> "e506"
	"e507" [label="e"]
	"E1485" -> "e507"
	"E1508" [label="E1"]
	"E1454" -> "E1508"
	"e509" [label="e"]
	"E1508" -> "e509"
	"e510" [label="e"]
	"E1454" -> "e510"
	"Statements511" [label="Statements"]
	"Statements428" -> "Statements511"
	"Statement512" [label="Statement"]
	"Statements511" -> "Statement512"
syntax error: found = in parsing Statement - line 11
