digraph G {
	"Start1" [label="Start"]
	"Statements2" [label="Statements"]
	"Start1" -> "Statements2"
	"Statement3" [label="Statement"]
	"Statements2" -> "Statement3"
	"m4" [label="m",style=filled,fillcolor=powderblue]
	"Statement3" -> "m4"
	"[5" [label="[",style=filled,fillcolor=powderblue]
	"Statement3" -> "[5"
	"Expression6" [label="Expression"]
	"Statement3" -> "Expression6"
	"T7" [label="T"]
	"Expression6" -> "T7"
	"F8" [label="F"]
	"T7" -> "F8"
	"final9" [label="final"]
	"F8" -> "final9"
	"num10" [label="num",style=filled,fillcolor=powderblue]
	"final9" -> "num10"
	"F111" [label="F1"]
	"F8" -> "F111"
	"e12" [label="e"]
	"F111" -> "e12"
	"E113" [label="E1"]
	"T7" -> "E113"
	"e14" [label="e"]
	"E113" -> "e14"
	"E115" [label="E1"]
	"Expression6" -> "E115"
	"e16" [label="e"]
	"E115" -> "e16"
	"]17" [label="]",style=filled,fillcolor=powderblue]
	"Statement3" -> "]17"
	"=18" [label="=",style=filled,fillcolor=powderblue]
	"Statement3" -> "=18"
	"Expression19" [label="Expression"]
	"Statement3" -> "Expression19"
	"T20" [label="T"]
	"Expression19" -> "T20"
	"F21" [label="F"]
	"T20" -> "F21"
	"final22" [label="final"]
	"F21" -> "final22"
	"num23" [label="num",style=filled,fillcolor=powderblue]
	"final22" -> "num23"
	"F124" [label="F1"]
	"F21" -> "F124"
	"e25" [label="e"]
	"F124" -> "e25"
	"E126" [label="E1"]
	"T20" -> "E126"
	"/27" [label="/",style=filled,fillcolor=powderblue]
	"E126" -> "/27"
	"F28" [label="F"]
	"E126" -> "F28"
	"final29" [label="final"]
	"F28" -> "final29"
	"num30" [label="num",style=filled,fillcolor=powderblue]
	"final29" -> "num30"
	"F131" [label="F1"]
	"F28" -> "F131"
	"e32" [label="e"]
	"F131" -> "e32"
	"E133" [label="E1"]
	"E126" -> "E133"
	"*34" [label="*",style=filled,fillcolor=powderblue]
	"E133" -> "*34"
	"F35" [label="F"]
	"E133" -> "F35"
	"final36" [label="final"]
	"F35" -> "final36"
	"num37" [label="num",style=filled,fillcolor=powderblue]
	"final36" -> "num37"
	"F138" [label="F1"]
	"F35" -> "F138"
	"e39" [label="e"]
	"F138" -> "e39"
	"E140" [label="E1"]
	"E133" -> "E140"
	"e41" [label="e"]
	"E140" -> "e41"
	"e42" [label="e"]
	"E133" -> "e42"
	"e43" [label="e"]
	"E126" -> "e43"
	"E144" [label="E1"]
	"Expression19" -> "E144"
	"e45" [label="e"]
	"E144" -> "e45"
	"Statements46" [label="Statements"]
	"Statements2" -> "Statements46"
	"Statement47" [label="Statement"]
	"Statements46" -> "Statement47"
	"m48" [label="m",style=filled,fillcolor=powderblue]
	"Statement47" -> "m48"
	"[49" [label="[",style=filled,fillcolor=powderblue]
	"Statement47" -> "[49"
	"Expression50" [label="Expression"]
	"Statement47" -> "Expression50"
	"T51" [label="T"]
	"Expression50" -> "T51"
	"F52" [label="F"]
	"T51" -> "F52"
	"final53" [label="final"]
	"F52" -> "final53"
	"num54" [label="num",style=filled,fillcolor=powderblue]
	"final53" -> "num54"
	"F155" [label="F1"]
	"F52" -> "F155"
	"e56" [label="e"]
	"F155" -> "e56"
	"E157" [label="E1"]
	"T51" -> "E157"
	"e58" [label="e"]
	"E157" -> "e58"
	"E159" [label="E1"]
	"Expression50" -> "E159"
	"e60" [label="e"]
	"E159" -> "e60"
	"]61" [label="]",style=filled,fillcolor=powderblue]
	"Statement47" -> "]61"
	"=62" [label="=",style=filled,fillcolor=powderblue]
	"Statement47" -> "=62"
	"Expression63" [label="Expression"]
	"Statement47" -> "Expression63"
	"T64" [label="T"]
	"Expression63" -> "T64"
	"F65" [label="F"]
	"T64" -> "F65"
	"final66" [label="final"]
	"F65" -> "final66"
	"num67" [label="num",style=filled,fillcolor=powderblue]
	"final66" -> "num67"
	"F168" [label="F1"]
	"F65" -> "F168"
	"e69" [label="e"]
	"F168" -> "e69"
	"E170" [label="E1"]
	"T64" -> "E170"
	"/71" [label="/",style=filled,fillcolor=powderblue]
	"E170" -> "/71"
	"F72" [label="F"]
	"E170" -> "F72"
	"final73" [label="final"]
	"F72" -> "final73"
	"num74" [label="num",style=filled,fillcolor=powderblue]
	"final73" -> "num74"
	"F175" [label="F1"]
	"F72" -> "F175"
	"e76" [label="e"]
	"F175" -> "e76"
	"E177" [label="E1"]
	"E170" -> "E177"
	"*78" [label="*",style=filled,fillcolor=powderblue]
	"E177" -> "*78"
	"F79" [label="F"]
	"E177" -> "F79"
	"final80" [label="final"]
	"F79" -> "final80"
	"num81" [label="num",style=filled,fillcolor=powderblue]
	"final80" -> "num81"
	"F182" [label="F1"]
	"F79" -> "F182"
	"e83" [label="e"]
	"F182" -> "e83"
	"E184" [label="E1"]
	"E177" -> "E184"
	"e85" [label="e"]
	"E184" -> "e85"
	"e86" [label="e"]
	"E177" -> "e86"
	"e87" [label="e"]
	"E170" -> "e87"
	"E188" [label="E1"]
	"Expression63" -> "E188"
	"e89" [label="e"]
	"E188" -> "e89"
	"Statements90" [label="Statements"]
	"Statements46" -> "Statements90"
	"Statement91" [label="Statement"]
	"Statements90" -> "Statement91"
	"print92" [label="print",style=filled,fillcolor=powderblue]
	"Statement91" -> "print92"
	"Expression93" [label="Expression"]
	"Statement91" -> "Expression93"
	"T94" [label="T"]
	"Expression93" -> "T94"
	"F95" [label="F"]
	"T94" -> "F95"
	"final96" [label="final"]
	"F95" -> "final96"
	"m97" [label="m",style=filled,fillcolor=powderblue]
	"final96" -> "m97"
	"[98" [label="[",style=filled,fillcolor=powderblue]
	"final96" -> "[98"
	"Expression99" [label="Expression"]
	"final96" -> "Expression99"
	"T100" [label="T"]
	"Expression99" -> "T100"
	"F101" [label="F"]
	"T100" -> "F101"
	"final102" [label="final"]
	"F101" -> "final102"
	"num103" [label="num",style=filled,fillcolor=powderblue]
	"final102" -> "num103"
	"F1104" [label="F1"]
	"F101" -> "F1104"
	"e105" [label="e"]
	"F1104" -> "e105"
	"E1106" [label="E1"]
	"T100" -> "E1106"
	"e107" [label="e"]
	"E1106" -> "e107"
	"E1108" [label="E1"]
	"Expression99" -> "E1108"
	"e109" [label="e"]
	"E1108" -> "e109"
	"]110" [label="]",style=filled,fillcolor=powderblue]
	"final96" -> "]110"
	"F1111" [label="F1"]
	"F95" -> "F1111"
	"e112" [label="e"]
	"F1111" -> "e112"
	"E1113" [label="E1"]
	"T94" -> "E1113"
	"e114" [label="e"]
	"E1113" -> "e114"
	"E1115" [label="E1"]
	"Expression93" -> "E1115"
	"e116" [label="e"]
	"E1115" -> "e116"
	"Statements117" [label="Statements"]
	"Statements90" -> "Statements117"
	"Statement118" [label="Statement"]
	"Statements117" -> "Statement118"
	"goto119" [label="goto",style=filled,fillcolor=powderblue]
	"Statement118" -> "goto119"
	"num120" [label="num",style=filled,fillcolor=powderblue]
	"Statement118" -> "num120"
	"if121" [label="if",style=filled,fillcolor=powderblue]
	"Statement118" -> "if121"
	"Expression122" [label="Expression"]
	"Statement118" -> "Expression122"
	"T123" [label="T"]
	"Expression122" -> "T123"
	"F124" [label="F"]
	"T123" -> "F124"
	"final125" [label="final"]
	"F124" -> "final125"
	"m126" [label="m",style=filled,fillcolor=powderblue]
	"final125" -> "m126"
	"[127" [label="[",style=filled,fillcolor=powderblue]
	"final125" -> "[127"
	"Expression128" [label="Expression"]
	"final125" -> "Expression128"
	"T129" [label="T"]
	"Expression128" -> "T129"
	"F130" [label="F"]
	"T129" -> "F130"
	"final131" [label="final"]
	"F130" -> "final131"
	"num132" [label="num",style=filled,fillcolor=powderblue]
	"final131" -> "num132"
	"F1133" [label="F1"]
	"F130" -> "F1133"
	"e134" [label="e"]
	"F1133" -> "e134"
	"E1135" [label="E1"]
	"T129" -> "E1135"
	"e136" [label="e"]
	"E1135" -> "e136"
	"E1137" [label="E1"]
	"Expression128" -> "E1137"
	"e138" [label="e"]
	"E1137" -> "e138"
	"]139" [label="]",style=filled,fillcolor=powderblue]
	"final125" -> "]139"
	"F1140" [label="F1"]
	"F124" -> "F1140"
	"e141" [label="e"]
	"F1140" -> "e141"
	"E1142" [label="E1"]
	"T123" -> "E1142"
	"e143" [label="e"]
	"E1142" -> "e143"
	"E1144" [label="E1"]
	"Expression122" -> "E1144"
	"e145" [label="e"]
	"E1144" -> "e145"
	"Statements146" [label="Statements"]
	"Statements117" -> "Statements146"
	"Statement147" [label="Statement"]
	"Statements146" -> "Statement147"
	"goto148" [label="goto",style=filled,fillcolor=powderblue]
	"Statement147" -> "goto148"
	"num149" [label="num",style=filled,fillcolor=powderblue]
	"Statement147" -> "num149"
	"Statements150" [label="Statements"]
	"Statements146" -> "Statements150"
	"Statement151" [label="Statement"]
	"Statements150" -> "Statement151"
	"L152" [label="L",style=filled,fillcolor=powderblue]
	"Statement151" -> "L152"
	"num153" [label="num",style=filled,fillcolor=powderblue]
	"Statement151" -> "num153"
	":154" [label=":",style=filled,fillcolor=powderblue]
	"Statement151" -> ":154"
	"Statements155" [label="Statements"]
	"Statements150" -> "Statements155"
	"Statement156" [label="Statement"]
	"Statements155" -> "Statement156"
	"m157" [label="m",style=filled,fillcolor=powderblue]
	"Statement156" -> "m157"
	"[158" [label="[",style=filled,fillcolor=powderblue]
	"Statement156" -> "[158"
	"Expression159" [label="Expression"]
	"Statement156" -> "Expression159"
	"T160" [label="T"]
	"Expression159" -> "T160"
	"F161" [label="F"]
	"T160" -> "F161"
	"final162" [label="final"]
	"F161" -> "final162"
	"num163" [label="num",style=filled,fillcolor=powderblue]
	"final162" -> "num163"
	"F1164" [label="F1"]
	"F161" -> "F1164"
	"e165" [label="e"]
	"F1164" -> "e165"
	"E1166" [label="E1"]
	"T160" -> "E1166"
	"e167" [label="e"]
	"E1166" -> "e167"
	"E1168" [label="E1"]
	"Expression159" -> "E1168"
	"e169" [label="e"]
	"E1168" -> "e169"
	"]170" [label="]",style=filled,fillcolor=powderblue]
	"Statement156" -> "]170"
	"=171" [label="=",style=filled,fillcolor=powderblue]
	"Statement156" -> "=171"
	"Expression172" [label="Expression"]
	"Statement156" -> "Expression172"
	"T173" [label="T"]
	"Expression172" -> "T173"
	"F174" [label="F"]
	"T173" -> "F174"
	"final175" [label="final"]
	"F174" -> "final175"
	"num176" [label="num",style=filled,fillcolor=powderblue]
	"final175" -> "num176"
	"F1177" [label="F1"]
	"F174" -> "F1177"
	"e178" [label="e"]
	"F1177" -> "e178"
	"E1179" [label="E1"]
	"T173" -> "E1179"
	"e180" [label="e"]
	"E1179" -> "e180"
	"E1181" [label="E1"]
	"Expression172" -> "E1181"
	"-182" [label="-",style=filled,fillcolor=powderblue]
	"E1181" -> "-182"
	"T183" [label="T"]
	"E1181" -> "T183"
	"F184" [label="F"]
	"T183" -> "F184"
	"final185" [label="final"]
	"F184" -> "final185"
	"(186" [label="(",style=filled,fillcolor=powderblue]
	"final185" -> "(186"
	"Expression187" [label="Expression"]
	"final185" -> "Expression187"
	"T188" [label="T"]
	"Expression187" -> "T188"
	"F189" [label="F"]
	"T188" -> "F189"
	"final190" [label="final"]
	"F189" -> "final190"
	"m191" [label="m",style=filled,fillcolor=powderblue]
	"final190" -> "m191"
	"[192" [label="[",style=filled,fillcolor=powderblue]
	"final190" -> "[192"
	"Expression193" [label="Expression"]
	"final190" -> "Expression193"
	"T194" [label="T"]
	"Expression193" -> "T194"
	"F195" [label="F"]
	"T194" -> "F195"
	"final196" [label="final"]
	"F195" -> "final196"
	"num197" [label="num",style=filled,fillcolor=powderblue]
	"final196" -> "num197"
	"F1198" [label="F1"]
	"F195" -> "F1198"
	"e199" [label="e"]
	"F1198" -> "e199"
	"E1200" [label="E1"]
	"T194" -> "E1200"
	"e201" [label="e"]
	"E1200" -> "e201"
	"E1202" [label="E1"]
	"Expression193" -> "E1202"
	"e203" [label="e"]
	"E1202" -> "e203"
	"]204" [label="]",style=filled,fillcolor=powderblue]
	"final190" -> "]204"
	"F1205" [label="F1"]
	"F189" -> "F1205"
	"e206" [label="e"]
	"F1205" -> "e206"
	"E1207" [label="E1"]
	"T188" -> "E1207"
	"e208" [label="e"]
	"E1207" -> "e208"
	"E1209" [label="E1"]
	"Expression187" -> "E1209"
	"-210" [label="-",style=filled,fillcolor=powderblue]
	"E1209" -> "-210"
	"T211" [label="T"]
	"E1209" -> "T211"
	"F212" [label="F"]
	"T211" -> "F212"
	"final213" [label="final"]
	"F212" -> "final213"
	"num214" [label="num",style=filled,fillcolor=powderblue]
	"final213" -> "num214"
	"F1215" [label="F1"]
	"F212" -> "F1215"
	"**216" [label="**",style=filled,fillcolor=powderblue]
	"F1215" -> "**216"
	"final217" [label="final"]
	"F1215" -> "final217"
	"num218" [label="num",style=filled,fillcolor=powderblue]
	"final217" -> "num218"
	"F1219" [label="F1"]
	"F1215" -> "F1219"
	"e220" [label="e"]
	"F1219" -> "e220"
	"e221" [label="e"]
	"F1215" -> "e221"
	"E1222" [label="E1"]
	"T211" -> "E1222"
	"e223" [label="e"]
	"E1222" -> "e223"
	"E1224" [label="E1"]
	"E1209" -> "E1224"
	"e225" [label="e"]
	"E1224" -> "e225"
	"e226" [label="e"]
	"E1209" -> "e226"
	")227" [label=")",style=filled,fillcolor=powderblue]
	"final185" -> ")227"
	"F1228" [label="F1"]
	"F184" -> "F1228"
	"e229" [label="e"]
	"F1228" -> "e229"
	"E1230" [label="E1"]
	"T183" -> "E1230"
	"e231" [label="e"]
	"E1230" -> "e231"
	"E1232" [label="E1"]
	"E1181" -> "E1232"
	"e233" [label="e"]
	"E1232" -> "e233"
	"e234" [label="e"]
	"E1181" -> "e234"
	"Statements235" [label="Statements"]
	"Statements155" -> "Statements235"
	"Statement236" [label="Statement"]
	"Statements235" -> "Statement236"
	"m237" [label="m",style=filled,fillcolor=powderblue]
	"Statement236" -> "m237"
	"[238" [label="[",style=filled,fillcolor=powderblue]
	"Statement236" -> "[238"
	"Expression239" [label="Expression"]
	"Statement236" -> "Expression239"
	"T240" [label="T"]
	"Expression239" -> "T240"
	"F241" [label="F"]
	"T240" -> "F241"
	"final242" [label="final"]
	"F241" -> "final242"
	"num243" [label="num",style=filled,fillcolor=powderblue]
	"final242" -> "num243"
	"F1244" [label="F1"]
	"F241" -> "F1244"
	"e245" [label="e"]
	"F1244" -> "e245"
	"E1246" [label="E1"]
	"T240" -> "E1246"
	"e247" [label="e"]
	"E1246" -> "e247"
	"E1248" [label="E1"]
	"Expression239" -> "E1248"
	"e249" [label="e"]
	"E1248" -> "e249"
	"]250" [label="]",style=filled,fillcolor=powderblue]
	"Statement236" -> "]250"
	"=251" [label="=",style=filled,fillcolor=powderblue]
	"Statement236" -> "=251"
	"Expression252" [label="Expression"]
	"Statement236" -> "Expression252"
	"T253" [label="T"]
	"Expression252" -> "T253"
	"F254" [label="F"]
	"T253" -> "F254"
	"final255" [label="final"]
	"F254" -> "final255"
	"m256" [label="m",style=filled,fillcolor=powderblue]
	"final255" -> "m256"
	"[257" [label="[",style=filled,fillcolor=powderblue]
	"final255" -> "[257"
	"Expression258" [label="Expression"]
	"final255" -> "Expression258"
	"T259" [label="T"]
	"Expression258" -> "T259"
	"F260" [label="F"]
	"T259" -> "F260"
	"final261" [label="final"]
	"F260" -> "final261"
	"num262" [label="num",style=filled,fillcolor=powderblue]
	"final261" -> "num262"
	"F1263" [label="F1"]
	"F260" -> "F1263"
	"e264" [label="e"]
	"F1263" -> "e264"
	"E1265" [label="E1"]
	"T259" -> "E1265"
	"e266" [label="e"]
	"E1265" -> "e266"
	"E1267" [label="E1"]
	"Expression258" -> "E1267"
	"e268" [label="e"]
	"E1267" -> "e268"
	"]269" [label="]",style=filled,fillcolor=powderblue]
	"final255" -> "]269"
	"F1270" [label="F1"]
	"F254" -> "F1270"
	"e271" [label="e"]
	"F1270" -> "e271"
	"E1272" [label="E1"]
	"T253" -> "E1272"
	"*273" [label="*",style=filled,fillcolor=powderblue]
	"E1272" -> "*273"
	"F274" [label="F"]
	"E1272" -> "F274"
	"final275" [label="final"]
	"F274" -> "final275"
	"m276" [label="m",style=filled,fillcolor=powderblue]
	"final275" -> "m276"
	"[277" [label="[",style=filled,fillcolor=powderblue]
	"final275" -> "[277"
	"Expression278" [label="Expression"]
	"final275" -> "Expression278"
	"T279" [label="T"]
	"Expression278" -> "T279"
	"F280" [label="F"]
	"T279" -> "F280"
	"final281" [label="final"]
	"F280" -> "final281"
	"num282" [label="num",style=filled,fillcolor=powderblue]
	"final281" -> "num282"
	"F1283" [label="F1"]
	"F280" -> "F1283"
	"e284" [label="e"]
	"F1283" -> "e284"
	"E1285" [label="E1"]
	"T279" -> "E1285"
	"e286" [label="e"]
	"E1285" -> "e286"
	"E1287" [label="E1"]
	"Expression278" -> "E1287"
	"e288" [label="e"]
	"E1287" -> "e288"
	"]289" [label="]",style=filled,fillcolor=powderblue]
	"final275" -> "]289"
	"F1290" [label="F1"]
	"F274" -> "F1290"
	"e291" [label="e"]
	"F1290" -> "e291"
	"E1292" [label="E1"]
	"E1272" -> "E1292"
	"e293" [label="e"]
	"E1292" -> "e293"
	"e294" [label="e"]
	"E1272" -> "e294"
	"E1295" [label="E1"]
	"Expression252" -> "E1295"
	"e296" [label="e"]
	"E1295" -> "e296"
	"Statements297" [label="Statements"]
	"Statements235" -> "Statements297"
	"Statement298" [label="Statement"]
	"Statements297" -> "Statement298"
	"L299" [label="L",style=filled,fillcolor=powderblue]
	"Statement298" -> "L299"
	"num300" [label="num",style=filled,fillcolor=powderblue]
	"Statement298" -> "num300"
	":301" [label=":",style=filled,fillcolor=powderblue]
	"Statement298" -> ":301"
	"Statements302" [label="Statements"]
	"Statements297" -> "Statements302"
	"Statement303" [label="Statement"]
	"Statements302" -> "Statement303"
	"m304" [label="m",style=filled,fillcolor=powderblue]
	"Statement303" -> "m304"
	"[305" [label="[",style=filled,fillcolor=powderblue]
	"Statement303" -> "[305"
	"Expression306" [label="Expression"]
	"Statement303" -> "Expression306"
	"T307" [label="T"]
	"Expression306" -> "T307"
	"F308" [label="F"]
	"T307" -> "F308"
	"final309" [label="final"]
	"F308" -> "final309"
	"num310" [label="num",style=filled,fillcolor=powderblue]
	"final309" -> "num310"
	"F1311" [label="F1"]
	"F308" -> "F1311"
	"e312" [label="e"]
	"F1311" -> "e312"
	"E1313" [label="E1"]
	"T307" -> "E1313"
	"e314" [label="e"]
	"E1313" -> "e314"
	"E1315" [label="E1"]
	"Expression306" -> "E1315"
	"e316" [label="e"]
	"E1315" -> "e316"
	"]317" [label="]",style=filled,fillcolor=powderblue]
	"Statement303" -> "]317"
	"=318" [label="=",style=filled,fillcolor=powderblue]
	"Statement303" -> "=318"
	"Expression319" [label="Expression"]
	"Statement303" -> "Expression319"
	"T320" [label="T"]
	"Expression319" -> "T320"
	"F321" [label="F"]
	"T320" -> "F321"
	"final322" [label="final"]
	"F321" -> "final322"
	"num323" [label="num",style=filled,fillcolor=powderblue]
	"final322" -> "num323"
	"F1324" [label="F1"]
	"F321" -> "F1324"
	"e325" [label="e"]
	"F1324" -> "e325"
	"E1326" [label="E1"]
	"T320" -> "E1326"
	"e327" [label="e"]
	"E1326" -> "e327"
	"E1328" [label="E1"]
	"Expression319" -> "E1328"
	"-329" [label="-",style=filled,fillcolor=powderblue]
	"E1328" -> "-329"
	"T330" [label="T"]
	"E1328" -> "T330"
	"F331" [label="F"]
	"T330" -> "F331"
	"final332" [label="final"]
	"F331" -> "final332"
	"(333" [label="(",style=filled,fillcolor=powderblue]
	"final332" -> "(333"
	"Expression334" [label="Expression"]
	"final332" -> "Expression334"
	"T335" [label="T"]
	"Expression334" -> "T335"
	"F336" [label="F"]
	"T335" -> "F336"
	"final337" [label="final"]
	"F336" -> "final337"
	"m338" [label="m",style=filled,fillcolor=powderblue]
	"final337" -> "m338"
	"[339" [label="[",style=filled,fillcolor=powderblue]
	"final337" -> "[339"
	"Expression340" [label="Expression"]
	"final337" -> "Expression340"
	"T341" [label="T"]
	"Expression340" -> "T341"
	"F342" [label="F"]
	"T341" -> "F342"
	"final343" [label="final"]
	"F342" -> "final343"
	"num344" [label="num",style=filled,fillcolor=powderblue]
	"final343" -> "num344"
	"F1345" [label="F1"]
	"F342" -> "F1345"
	"e346" [label="e"]
	"F1345" -> "e346"
	"E1347" [label="E1"]
	"T341" -> "E1347"
	"e348" [label="e"]
	"E1347" -> "e348"
	"E1349" [label="E1"]
	"Expression340" -> "E1349"
	"e350" [label="e"]
	"E1349" -> "e350"
	"]351" [label="]",style=filled,fillcolor=powderblue]
	"final337" -> "]351"
	"F1352" [label="F1"]
	"F336" -> "F1352"
	"e353" [label="e"]
	"F1352" -> "e353"
	"E1354" [label="E1"]
	"T335" -> "E1354"
	"e355" [label="e"]
	"E1354" -> "e355"
	"E1356" [label="E1"]
	"Expression334" -> "E1356"
	"-357" [label="-",style=filled,fillcolor=powderblue]
	"E1356" -> "-357"
	"T358" [label="T"]
	"E1356" -> "T358"
	"F359" [label="F"]
	"T358" -> "F359"
	"final360" [label="final"]
	"F359" -> "final360"
	"num361" [label="num",style=filled,fillcolor=powderblue]
	"final360" -> "num361"
	"F1362" [label="F1"]
	"F359" -> "F1362"
	"e363" [label="e"]
	"F1362" -> "e363"
	"E1364" [label="E1"]
	"T358" -> "E1364"
	"e365" [label="e"]
	"E1364" -> "e365"
	"E1366" [label="E1"]
	"E1356" -> "E1366"
	"e367" [label="e"]
	"E1366" -> "e367"
	"e368" [label="e"]
	"E1356" -> "e368"
	")369" [label=")",style=filled,fillcolor=powderblue]
	"final332" -> ")369"
	"F1370" [label="F1"]
	"F331" -> "F1370"
	"e371" [label="e"]
	"F1370" -> "e371"
	"E1372" [label="E1"]
	"T330" -> "E1372"
	"e373" [label="e"]
	"E1372" -> "e373"
	"E1374" [label="E1"]
	"E1328" -> "E1374"
	"e375" [label="e"]
	"E1374" -> "e375"
	"e376" [label="e"]
	"E1328" -> "e376"
	"Statements377" [label="Statements"]
	"Statements302" -> "Statements377"
	"Statement378" [label="Statement"]
	"Statements377" -> "Statement378"
	"m379" [label="m",style=filled,fillcolor=powderblue]
	"Statement378" -> "m379"
	"[380" [label="[",style=filled,fillcolor=powderblue]
	"Statement378" -> "[380"
	"Expression381" [label="Expression"]
	"Statement378" -> "Expression381"
	"T382" [label="T"]
	"Expression381" -> "T382"
	"F383" [label="F"]
	"T382" -> "F383"
	"final384" [label="final"]
	"F383" -> "final384"
	"num385" [label="num",style=filled,fillcolor=powderblue]
	"final384" -> "num385"
	"F1386" [label="F1"]
	"F383" -> "F1386"
	"e387" [label="e"]
	"F1386" -> "e387"
	"E1388" [label="E1"]
	"T382" -> "E1388"
	"e389" [label="e"]
	"E1388" -> "e389"
	"E1390" [label="E1"]
	"Expression381" -> "E1390"
	"e391" [label="e"]
	"E1390" -> "e391"
	"]392" [label="]",style=filled,fillcolor=powderblue]
	"Statement378" -> "]392"
	"=393" [label="=",style=filled,fillcolor=powderblue]
	"Statement378" -> "=393"
	"Expression394" [label="Expression"]
	"Statement378" -> "Expression394"
	"T395" [label="T"]
	"Expression394" -> "T395"
	"F396" [label="F"]
	"T395" -> "F396"
	"final397" [label="final"]
	"F396" -> "final397"
	"m398" [label="m",style=filled,fillcolor=powderblue]
	"final397" -> "m398"
	"[399" [label="[",style=filled,fillcolor=powderblue]
	"final397" -> "[399"
	"Expression400" [label="Expression"]
	"final397" -> "Expression400"
	"T401" [label="T"]
	"Expression400" -> "T401"
	"F402" [label="F"]
	"T401" -> "F402"
	"final403" [label="final"]
	"F402" -> "final403"
	"num404" [label="num",style=filled,fillcolor=powderblue]
	"final403" -> "num404"
	"F1405" [label="F1"]
	"F402" -> "F1405"
	"e406" [label="e"]
	"F1405" -> "e406"
	"E1407" [label="E1"]
	"T401" -> "E1407"
	"e408" [label="e"]
	"E1407" -> "e408"
	"E1409" [label="E1"]
	"Expression400" -> "E1409"
	"e410" [label="e"]
	"E1409" -> "e410"
	"]411" [label="]",style=filled,fillcolor=powderblue]
	"final397" -> "]411"
	"F1412" [label="F1"]
	"F396" -> "F1412"
	"e413" [label="e"]
	"F1412" -> "e413"
	"E1414" [label="E1"]
	"T395" -> "E1414"
	"*415" [label="*",style=filled,fillcolor=powderblue]
	"E1414" -> "*415"
	"F416" [label="F"]
	"E1414" -> "F416"
	"final417" [label="final"]
	"F416" -> "final417"
	"m418" [label="m",style=filled,fillcolor=powderblue]
	"final417" -> "m418"
	"[419" [label="[",style=filled,fillcolor=powderblue]
	"final417" -> "[419"
	"Expression420" [label="Expression"]
	"final417" -> "Expression420"
	"T421" [label="T"]
	"Expression420" -> "T421"
	"F422" [label="F"]
	"T421" -> "F422"
	"final423" [label="final"]
	"F422" -> "final423"
	"num424" [label="num",style=filled,fillcolor=powderblue]
	"final423" -> "num424"
	"F1425" [label="F1"]
	"F422" -> "F1425"
	"e426" [label="e"]
	"F1425" -> "e426"
	"E1427" [label="E1"]
	"T421" -> "E1427"
	"e428" [label="e"]
	"E1427" -> "e428"
	"E1429" [label="E1"]
	"Expression420" -> "E1429"
	"e430" [label="e"]
	"E1429" -> "e430"
	"]431" [label="]",style=filled,fillcolor=powderblue]
	"final417" -> "]431"
	"F1432" [label="F1"]
	"F416" -> "F1432"
	"e433" [label="e"]
	"F1432" -> "e433"
	"E1434" [label="E1"]
	"E1414" -> "E1434"
	"e435" [label="e"]
	"E1434" -> "e435"
	"e436" [label="e"]
	"E1414" -> "e436"
	"E1437" [label="E1"]
	"Expression394" -> "E1437"
	"e438" [label="e"]
	"E1437" -> "e438"
	"Statements439" [label="Statements"]
	"Statements377" -> "Statements439"
	"Statement440" [label="Statement"]
	"Statements439" -> "Statement440"
	"goto441" [label="goto",style=filled,fillcolor=powderblue]
	"Statement440" -> "goto441"
	"num442" [label="num",style=filled,fillcolor=powderblue]
	"Statement440" -> "num442"
	"Statements443" [label="Statements"]
	"Statements439" -> "Statements443"
	"Statement444" [label="Statement"]
	"Statements443" -> "Statement444"
	"print445" [label="print",style=filled,fillcolor=powderblue]
	"Statement444" -> "print445"
	"Expression446" [label="Expression"]
	"Statement444" -> "Expression446"
	"T447" [label="T"]
	"Expression446" -> "T447"
	"F448" [label="F"]
	"T447" -> "F448"
	"final449" [label="final"]
	"F448" -> "final449"
	"num450" [label="num",style=filled,fillcolor=powderblue]
	"final449" -> "num450"
	"F1451" [label="F1"]
	"F448" -> "F1451"
	"e452" [label="e"]
	"F1451" -> "e452"
	"E1453" [label="E1"]
	"T447" -> "E1453"
	"*454" [label="*",style=filled,fillcolor=powderblue]
	"E1453" -> "*454"
	"F455" [label="F"]
	"E1453" -> "F455"
	"final456" [label="final"]
	"F455" -> "final456"
	"num457" [label="num",style=filled,fillcolor=powderblue]
	"final456" -> "num457"
	"F1458" [label="F1"]
	"F455" -> "F1458"
	"e459" [label="e"]
	"F1458" -> "e459"
	"E1460" [label="E1"]
	"E1453" -> "E1460"
	"e461" [label="e"]
	"E1460" -> "e461"
	"e462" [label="e"]
	"E1453" -> "e462"
	"E1463" [label="E1"]
	"Expression446" -> "E1463"
	"e464" [label="e"]
	"E1463" -> "e464"
	"Statements465" [label="Statements"]
	"Statements443" -> "Statements465"
	"Statement466" [label="Statement"]
	"Statements465" -> "Statement466"
	"L467" [label="L",style=filled,fillcolor=powderblue]
	"Statement466" -> "L467"
	"num468" [label="num",style=filled,fillcolor=powderblue]
	"Statement466" -> "num468"
	":469" [label=":",style=filled,fillcolor=powderblue]
	"Statement466" -> ":469"
	"Statements470" [label="Statements"]
	"Statements465" -> "Statements470"
	"Statement471" [label="Statement"]
	"Statements470" -> "Statement471"
	"m472" [label="m",style=filled,fillcolor=powderblue]
	"Statement471" -> "m472"
	"[473" [label="[",style=filled,fillcolor=powderblue]
	"Statement471" -> "[473"
	"Expression474" [label="Expression"]
	"Statement471" -> "Expression474"
	"T475" [label="T"]
	"Expression474" -> "T475"
	"F476" [label="F"]
	"T475" -> "F476"
	"final477" [label="final"]
	"F476" -> "final477"
	"num478" [label="num",style=filled,fillcolor=powderblue]
	"final477" -> "num478"
	"F1479" [label="F1"]
	"F476" -> "F1479"
	"e480" [label="e"]
	"F1479" -> "e480"
	"E1481" [label="E1"]
	"T475" -> "E1481"
	"e482" [label="e"]
	"E1481" -> "e482"
	"E1483" [label="E1"]
	"Expression474" -> "E1483"
	"e484" [label="e"]
	"E1483" -> "e484"
	"]485" [label="]",style=filled,fillcolor=powderblue]
	"Statement471" -> "]485"
	"=486" [label="=",style=filled,fillcolor=powderblue]
	"Statement471" -> "=486"
	"Expression487" [label="Expression"]
	"Statement471" -> "Expression487"
	"T488" [label="T"]
	"Expression487" -> "T488"
	"F489" [label="F"]
	"T488" -> "F489"
	"final490" [label="final"]
	"F489" -> "final490"
	"num491" [label="num",style=filled,fillcolor=powderblue]
	"final490" -> "num491"
	"F1492" [label="F1"]
	"F489" -> "F1492"
	"e493" [label="e"]
	"F1492" -> "e493"
	"E1494" [label="E1"]
	"T488" -> "E1494"
	"e495" [label="e"]
	"E1494" -> "e495"
	"E1496" [label="E1"]
	"Expression487" -> "E1496"
	"e497" [label="e"]
	"E1496" -> "e497"
	"Statements498" [label="Statements"]
	"Statements470" -> "Statements498"
	"Statement499" [label="Statement"]
	"Statements498" -> "Statement499"
	"print500" [label="print",style=filled,fillcolor=powderblue]
	"Statement499" -> "print500"
	"Expression501" [label="Expression"]
	"Statement499" -> "Expression501"
	"T502" [label="T"]
	"Expression501" -> "T502"
	"F503" [label="F"]
	"T502" -> "F503"
	"final504" [label="final"]
	"F503" -> "final504"
	"m505" [label="m",style=filled,fillcolor=powderblue]
	"final504" -> "m505"
	"[506" [label="[",style=filled,fillcolor=powderblue]
	"final504" -> "[506"
	"Expression507" [label="Expression"]
	"final504" -> "Expression507"
	"T508" [label="T"]
	"Expression507" -> "T508"
	"F509" [label="F"]
	"T508" -> "F509"
	"final510" [label="final"]
	"F509" -> "final510"
	"num511" [label="num",style=filled,fillcolor=powderblue]
	"final510" -> "num511"
	"F1512" [label="F1"]
	"F509" -> "F1512"
	"e513" [label="e"]
	"F1512" -> "e513"
	"E1514" [label="E1"]
	"T508" -> "E1514"
	"e515" [label="e"]
	"E1514" -> "e515"
	"E1516" [label="E1"]
	"Expression507" -> "E1516"
	"e517" [label="e"]
	"E1516" -> "e517"
	"]518" [label="]",style=filled,fillcolor=powderblue]
	"final504" -> "]518"
	"F1519" [label="F1"]
	"F503" -> "F1519"
	"e520" [label="e"]
	"F1519" -> "e520"
	"E1521" [label="E1"]
	"T502" -> "E1521"
	"e522" [label="e"]
	"E1521" -> "e522"
	"E1523" [label="E1"]
	"Expression501" -> "E1523"
	"e524" [label="e"]
	"E1523" -> "e524"
	"Statements525" [label="Statements"]
	"Statements498" -> "Statements525"
	"Statement526" [label="Statement"]
	"Statements525" -> "Statement526"
	"print527" [label="print",style=filled,fillcolor=powderblue]
	"Statement526" -> "print527"
	"Expression528" [label="Expression"]
	"Statement526" -> "Expression528"
	"T529" [label="T"]
	"Expression528" -> "T529"
	"F530" [label="F"]
	"T529" -> "F530"
	"final531" [label="final"]
	"F530" -> "final531"
	"m532" [label="m",style=filled,fillcolor=powderblue]
	"final531" -> "m532"
	"[533" [label="[",style=filled,fillcolor=powderblue]
	"final531" -> "[533"
	"Expression534" [label="Expression"]
	"final531" -> "Expression534"
	"T535" [label="T"]
	"Expression534" -> "T535"
	"F536" [label="F"]
	"T535" -> "F536"
	"final537" [label="final"]
	"F536" -> "final537"
	"num538" [label="num",style=filled,fillcolor=powderblue]
	"final537" -> "num538"
	"F1539" [label="F1"]
	"F536" -> "F1539"
	"e540" [label="e"]
	"F1539" -> "e540"
	"E1541" [label="E1"]
	"T535" -> "E1541"
	"e542" [label="e"]
	"E1541" -> "e542"
	"E1543" [label="E1"]
	"Expression534" -> "E1543"
	"e544" [label="e"]
	"E1543" -> "e544"
	"]545" [label="]",style=filled,fillcolor=powderblue]
	"final531" -> "]545"
	"F1546" [label="F1"]
	"F530" -> "F1546"
	"e547" [label="e"]
	"F1546" -> "e547"
	"E1548" [label="E1"]
	"T529" -> "E1548"
	"e549" [label="e"]
	"E1548" -> "e549"
	"E1550" [label="E1"]
	"Expression528" -> "E1550"
	"e551" [label="e"]
	"E1550" -> "e551"
	"Statements552" [label="Statements"]
	"Statements525" -> "Statements552"
	"Statement553" [label="Statement"]
	"Statements552" -> "Statement553"
	"print554" [label="print",style=filled,fillcolor=powderblue]
	"Statement553" -> "print554"
	"Expression555" [label="Expression"]
	"Statement553" -> "Expression555"
	"T556" [label="T"]
	"Expression555" -> "T556"
	"F557" [label="F"]
	"T556" -> "F557"
	"final558" [label="final"]
	"F557" -> "final558"
	"m559" [label="m",style=filled,fillcolor=powderblue]
	"final558" -> "m559"
	"[560" [label="[",style=filled,fillcolor=powderblue]
	"final558" -> "[560"
	"Expression561" [label="Expression"]
	"final558" -> "Expression561"
	"T562" [label="T"]
	"Expression561" -> "T562"
	"F563" [label="F"]
	"T562" -> "F563"
	"final564" [label="final"]
	"F563" -> "final564"
	"num565" [label="num",style=filled,fillcolor=powderblue]
	"final564" -> "num565"
	"F1566" [label="F1"]
	"F563" -> "F1566"
	"e567" [label="e"]
	"F1566" -> "e567"
	"E1568" [label="E1"]
	"T562" -> "E1568"
	"e569" [label="e"]
	"E1568" -> "e569"
	"E1570" [label="E1"]
	"Expression561" -> "E1570"
	"e571" [label="e"]
	"E1570" -> "e571"
	"]572" [label="]",style=filled,fillcolor=powderblue]
	"final558" -> "]572"
	"F1573" [label="F1"]
	"F557" -> "F1573"
	"e574" [label="e"]
	"F1573" -> "e574"
	"E1575" [label="E1"]
	"T556" -> "E1575"
	"e576" [label="e"]
	"E1575" -> "e576"
	"E1577" [label="E1"]
	"Expression555" -> "E1577"
	"e578" [label="e"]
	"E1577" -> "e578"
	"Statements579" [label="Statements"]
	"Statements552" -> "Statements579"
	"Statement580" [label="Statement"]
	"Statements579" -> "Statement580"
	"print581" [label="print",style=filled,fillcolor=powderblue]
	"Statement580" -> "print581"
	"Expression582" [label="Expression"]
	"Statement580" -> "Expression582"
	"T583" [label="T"]
	"Expression582" -> "T583"
	"F584" [label="F"]
	"T583" -> "F584"
	"final585" [label="final"]
	"F584" -> "final585"
	"m586" [label="m",style=filled,fillcolor=powderblue]
	"final585" -> "m586"
	"[587" [label="[",style=filled,fillcolor=powderblue]
	"final585" -> "[587"
	"Expression588" [label="Expression"]
	"final585" -> "Expression588"
	"T589" [label="T"]
	"Expression588" -> "T589"
	"F590" [label="F"]
	"T589" -> "F590"
	"final591" [label="final"]
	"F590" -> "final591"
	"num592" [label="num",style=filled,fillcolor=powderblue]
	"final591" -> "num592"
	"F1593" [label="F1"]
	"F590" -> "F1593"
	"e594" [label="e"]
	"F1593" -> "e594"
	"E1595" [label="E1"]
	"T589" -> "E1595"
	"e596" [label="e"]
	"E1595" -> "e596"
	"E1597" [label="E1"]
	"Expression588" -> "E1597"
	"e598" [label="e"]
	"E1597" -> "e598"
	"]599" [label="]",style=filled,fillcolor=powderblue]
	"final585" -> "]599"
	"F1600" [label="F1"]
	"F584" -> "F1600"
	"e601" [label="e"]
	"F1600" -> "e601"
	"E1602" [label="E1"]
	"T583" -> "E1602"
	"e603" [label="e"]
	"E1602" -> "e603"
	"E1604" [label="E1"]
	"Expression582" -> "E1604"
	"e605" [label="e"]
	"E1604" -> "e605"
	"Statements606" [label="Statements"]
	"Statements579" -> "Statements606"
	"Statement607" [label="Statement"]
	"Statements606" -> "Statement607"
	"print608" [label="print",style=filled,fillcolor=powderblue]
	"Statement607" -> "print608"
	"Expression609" [label="Expression"]
	"Statement607" -> "Expression609"
	"T610" [label="T"]
	"Expression609" -> "T610"
	"F611" [label="F"]
	"T610" -> "F611"
	"final612" [label="final"]
	"F611" -> "final612"
	"m613" [label="m",style=filled,fillcolor=powderblue]
	"final612" -> "m613"
	"[614" [label="[",style=filled,fillcolor=powderblue]
	"final612" -> "[614"
	"Expression615" [label="Expression"]
	"final612" -> "Expression615"
	"T616" [label="T"]
	"Expression615" -> "T616"
	"F617" [label="F"]
	"T616" -> "F617"
	"final618" [label="final"]
	"F617" -> "final618"
	"num619" [label="num",style=filled,fillcolor=powderblue]
	"final618" -> "num619"
	"F1620" [label="F1"]
	"F617" -> "F1620"
	"e621" [label="e"]
	"F1620" -> "e621"
	"E1622" [label="E1"]
	"T616" -> "E1622"
	"e623" [label="e"]
	"E1622" -> "e623"
	"E1624" [label="E1"]
	"Expression615" -> "E1624"
	"e625" [label="e"]
	"E1624" -> "e625"
	"]626" [label="]",style=filled,fillcolor=powderblue]
	"final612" -> "]626"
	"F1627" [label="F1"]
	"F611" -> "F1627"
	"e628" [label="e"]
	"F1627" -> "e628"
	"E1629" [label="E1"]
	"T610" -> "E1629"
	"e630" [label="e"]
	"E1629" -> "e630"
	"E1631" [label="E1"]
	"Expression609" -> "E1631"
	"e632" [label="e"]
	"E1631" -> "e632"
	"Statements633" [label="Statements"]
	"Statements606" -> "Statements633"
	"Statement634" [label="Statement"]
	"Statements633" -> "Statement634"
	"print635" [label="print",style=filled,fillcolor=powderblue]
	"Statement634" -> "print635"
	"Expression636" [label="Expression"]
	"Statement634" -> "Expression636"
	"T637" [label="T"]
	"Expression636" -> "T637"
	"F638" [label="F"]
	"T637" -> "F638"
	"final639" [label="final"]
	"F638" -> "final639"
	"num640" [label="num",style=filled,fillcolor=powderblue]
	"final639" -> "num640"
	"F1641" [label="F1"]
	"F638" -> "F1641"
	"e642" [label="e"]
	"F1641" -> "e642"
	"E1643" [label="E1"]
	"T637" -> "E1643"
	"e644" [label="e"]
	"E1643" -> "e644"
	"E1645" [label="E1"]
	"Expression636" -> "E1645"
	"e646" [label="e"]
	"E1645" -> "e646"
	"Statements647" [label="Statements"]
	"Statements633" -> "Statements647"
	"e648" [label="e"]
	"Statements647" -> "e648"
};
