digraph G {
	"Start1" [label="Start"]
	"Statements2" [label="Statements"]
	"Start1" -> "Statements2"
	"Statement3" [label="Statement"]
	"Statements2" -> "Statement3"
	"Assignment4" [label="Assignment"]
	"Statement3" -> "Assignment4"
	"m5" [label="m",style=filled,fillcolor=powderblue]
	"Assignment4" -> "m5"
	"[6" [label="[",style=filled,fillcolor=powderblue]
	"Assignment4" -> "[6"
	"Expression7" [label="Expression"]
	"Assignment4" -> "Expression7"
	"Term8" [label="Term"]
	"Expression7" -> "Term8"
	"Power9" [label="Power"]
	"Term8" -> "Power9"
	"Parenthesis10" [label="Parenthesis"]
	"Power9" -> "Parenthesis10"
	"Factor11" [label="Factor"]
	"Parenthesis10" -> "Factor11"
	"num12" [label="num",style=filled,fillcolor=powderblue]
	"Factor11" -> "num12"
	"Power_Complement13" [label="Power_Complement"]
	"Power9" -> "Power_Complement13"
	"e14" [label="e"]
	"Power_Complement13" -> "e14"
	"Term_Complement15" [label="Term_Complement"]
	"Term8" -> "Term_Complement15"
	"e16" [label="e"]
	"Term_Complement15" -> "e16"
	"Expression_Complement17" [label="Expression_Complement"]
	"Expression7" -> "Expression_Complement17"
	"e18" [label="e"]
	"Expression_Complement17" -> "e18"
	"]19" [label="]",style=filled,fillcolor=powderblue]
	"Assignment4" -> "]19"
	"=20" [label="=",style=filled,fillcolor=powderblue]
	"Assignment4" -> "=20"
	"Expression21" [label="Expression"]
	"Assignment4" -> "Expression21"
	"Term22" [label="Term"]
	"Expression21" -> "Term22"
	"Power23" [label="Power"]
	"Term22" -> "Power23"
	"Parenthesis24" [label="Parenthesis"]
	"Power23" -> "Parenthesis24"
	"Factor25" [label="Factor"]
	"Parenthesis24" -> "Factor25"
	"num26" [label="num",style=filled,fillcolor=powderblue]
	"Factor25" -> "num26"
	"Power_Complement27" [label="Power_Complement"]
	"Power23" -> "Power_Complement27"
	"e28" [label="e"]
	"Power_Complement27" -> "e28"
	"Term_Complement29" [label="Term_Complement"]
	"Term22" -> "Term_Complement29"
	"/30" [label="/",style=filled,fillcolor=powderblue]
	"Term_Complement29" -> "/30"
	"Power31" [label="Power"]
	"Term_Complement29" -> "Power31"
	"Parenthesis32" [label="Parenthesis"]
	"Power31" -> "Parenthesis32"
	"Factor33" [label="Factor"]
	"Parenthesis32" -> "Factor33"
	"num34" [label="num",style=filled,fillcolor=powderblue]
	"Factor33" -> "num34"
	"Power_Complement35" [label="Power_Complement"]
	"Power31" -> "Power_Complement35"
	"e36" [label="e"]
	"Power_Complement35" -> "e36"
	"Term_Complement37" [label="Term_Complement"]
	"Term_Complement29" -> "Term_Complement37"
	"*38" [label="*",style=filled,fillcolor=powderblue]
	"Term_Complement37" -> "*38"
	"Power39" [label="Power"]
	"Term_Complement37" -> "Power39"
	"Parenthesis40" [label="Parenthesis"]
	"Power39" -> "Parenthesis40"
	"Factor41" [label="Factor"]
	"Parenthesis40" -> "Factor41"
	"num42" [label="num",style=filled,fillcolor=powderblue]
	"Factor41" -> "num42"
	"Power_Complement43" [label="Power_Complement"]
	"Power39" -> "Power_Complement43"
	"e44" [label="e"]
	"Power_Complement43" -> "e44"
	"Term_Complement45" [label="Term_Complement"]
	"Term_Complement37" -> "Term_Complement45"
	"e46" [label="e"]
	"Term_Complement45" -> "e46"
	"Expression_Complement47" [label="Expression_Complement"]
	"Expression21" -> "Expression_Complement47"
	"e48" [label="e"]
	"Expression_Complement47" -> "e48"
	"Statements49" [label="Statements"]
	"Statements2" -> "Statements49"
	"Statement50" [label="Statement"]
	"Statements49" -> "Statement50"
	"Assignment51" [label="Assignment"]
	"Statement50" -> "Assignment51"
	"m52" [label="m",style=filled,fillcolor=powderblue]
	"Assignment51" -> "m52"
	"[53" [label="[",style=filled,fillcolor=powderblue]
	"Assignment51" -> "[53"
	"Expression54" [label="Expression"]
	"Assignment51" -> "Expression54"
	"Term55" [label="Term"]
	"Expression54" -> "Term55"
	"Power56" [label="Power"]
	"Term55" -> "Power56"
	"Parenthesis57" [label="Parenthesis"]
	"Power56" -> "Parenthesis57"
	"Factor58" [label="Factor"]
	"Parenthesis57" -> "Factor58"
	"num59" [label="num",style=filled,fillcolor=powderblue]
	"Factor58" -> "num59"
	"Power_Complement60" [label="Power_Complement"]
	"Power56" -> "Power_Complement60"
	"e61" [label="e"]
	"Power_Complement60" -> "e61"
	"Term_Complement62" [label="Term_Complement"]
	"Term55" -> "Term_Complement62"
	"e63" [label="e"]
	"Term_Complement62" -> "e63"
	"Expression_Complement64" [label="Expression_Complement"]
	"Expression54" -> "Expression_Complement64"
	"e65" [label="e"]
	"Expression_Complement64" -> "e65"
	"]66" [label="]",style=filled,fillcolor=powderblue]
	"Assignment51" -> "]66"
	"=67" [label="=",style=filled,fillcolor=powderblue]
	"Assignment51" -> "=67"
	"Expression68" [label="Expression"]
	"Assignment51" -> "Expression68"
	"Term69" [label="Term"]
	"Expression68" -> "Term69"
	"Power70" [label="Power"]
	"Term69" -> "Power70"
	"Parenthesis71" [label="Parenthesis"]
	"Power70" -> "Parenthesis71"
	"Factor72" [label="Factor"]
	"Parenthesis71" -> "Factor72"
	"num73" [label="num",style=filled,fillcolor=powderblue]
	"Factor72" -> "num73"
	"Power_Complement74" [label="Power_Complement"]
	"Power70" -> "Power_Complement74"
	"e75" [label="e"]
	"Power_Complement74" -> "e75"
	"Term_Complement76" [label="Term_Complement"]
	"Term69" -> "Term_Complement76"
	"*77" [label="*",style=filled,fillcolor=powderblue]
	"Term_Complement76" -> "*77"
	"Power78" [label="Power"]
	"Term_Complement76" -> "Power78"
	"Parenthesis79" [label="Parenthesis"]
	"Power78" -> "Parenthesis79"
	"Factor80" [label="Factor"]
	"Parenthesis79" -> "Factor80"
	"num81" [label="num",style=filled,fillcolor=powderblue]
	"Factor80" -> "num81"
	"Power_Complement82" [label="Power_Complement"]
	"Power78" -> "Power_Complement82"
	"e83" [label="e"]
	"Power_Complement82" -> "e83"
	"Term_Complement84" [label="Term_Complement"]
	"Term_Complement76" -> "Term_Complement84"
	"e85" [label="e"]
	"Term_Complement84" -> "e85"
	"Expression_Complement86" [label="Expression_Complement"]
	"Expression68" -> "Expression_Complement86"
	"-87" [label="-",style=filled,fillcolor=powderblue]
	"Expression_Complement86" -> "-87"
	"Term88" [label="Term"]
	"Expression_Complement86" -> "Term88"
	"Power89" [label="Power"]
	"Term88" -> "Power89"
	"Parenthesis90" [label="Parenthesis"]
	"Power89" -> "Parenthesis90"
	"Factor91" [label="Factor"]
	"Parenthesis90" -> "Factor91"
	"num92" [label="num",style=filled,fillcolor=powderblue]
	"Factor91" -> "num92"
	"Power_Complement93" [label="Power_Complement"]
	"Power89" -> "Power_Complement93"
	"e94" [label="e"]
	"Power_Complement93" -> "e94"
	"Term_Complement95" [label="Term_Complement"]
	"Term88" -> "Term_Complement95"
	"e96" [label="e"]
	"Term_Complement95" -> "e96"
	"Expression_Complement97" [label="Expression_Complement"]
	"Expression_Complement86" -> "Expression_Complement97"
	"-98" [label="-",style=filled,fillcolor=powderblue]
	"Expression_Complement97" -> "-98"
	"Term99" [label="Term"]
	"Expression_Complement97" -> "Term99"
	"Power100" [label="Power"]
	"Term99" -> "Power100"
	"Parenthesis101" [label="Parenthesis"]
	"Power100" -> "Parenthesis101"
	"Factor102" [label="Factor"]
	"Parenthesis101" -> "Factor102"
	"num103" [label="num",style=filled,fillcolor=powderblue]
	"Factor102" -> "num103"
	"Power_Complement104" [label="Power_Complement"]
	"Power100" -> "Power_Complement104"
	"e105" [label="e"]
	"Power_Complement104" -> "e105"
	"Term_Complement106" [label="Term_Complement"]
	"Term99" -> "Term_Complement106"
	"e107" [label="e"]
	"Term_Complement106" -> "e107"
	"Expression_Complement108" [label="Expression_Complement"]
	"Expression_Complement97" -> "Expression_Complement108"
	"-109" [label="-",style=filled,fillcolor=powderblue]
	"Expression_Complement108" -> "-109"
	"Term110" [label="Term"]
	"Expression_Complement108" -> "Term110"
	"Power111" [label="Power"]
	"Term110" -> "Power111"
	"Parenthesis112" [label="Parenthesis"]
	"Power111" -> "Parenthesis112"
	"Factor113" [label="Factor"]
	"Parenthesis112" -> "Factor113"
	"num114" [label="num",style=filled,fillcolor=powderblue]
	"Factor113" -> "num114"
	"Power_Complement115" [label="Power_Complement"]
	"Power111" -> "Power_Complement115"
	"e116" [label="e"]
	"Power_Complement115" -> "e116"
	"Term_Complement117" [label="Term_Complement"]
	"Term110" -> "Term_Complement117"
	"/118" [label="/",style=filled,fillcolor=powderblue]
	"Term_Complement117" -> "/118"
	"Power119" [label="Power"]
	"Term_Complement117" -> "Power119"
	"Parenthesis120" [label="Parenthesis"]
	"Power119" -> "Parenthesis120"
	"Factor121" [label="Factor"]
	"Parenthesis120" -> "Factor121"
	"num122" [label="num",style=filled,fillcolor=powderblue]
	"Factor121" -> "num122"
	"Power_Complement123" [label="Power_Complement"]
	"Power119" -> "Power_Complement123"
	"e124" [label="e"]
	"Power_Complement123" -> "e124"
	"Term_Complement125" [label="Term_Complement"]
	"Term_Complement117" -> "Term_Complement125"
	"e126" [label="e"]
	"Term_Complement125" -> "e126"
	"Expression_Complement127" [label="Expression_Complement"]
	"Expression_Complement108" -> "Expression_Complement127"
	"e128" [label="e"]
	"Expression_Complement127" -> "e128"
	"Statements129" [label="Statements"]
	"Statements49" -> "Statements129"
	"Statement130" [label="Statement"]
	"Statements129" -> "Statement130"
	"Print131" [label="Print"]
	"Statement130" -> "Print131"
	"print132" [label="print",style=filled,fillcolor=powderblue]
	"Print131" -> "print132"
	"Expression133" [label="Expression"]
	"Print131" -> "Expression133"
	"Term134" [label="Term"]
	"Expression133" -> "Term134"
	"Power135" [label="Power"]
	"Term134" -> "Power135"
	"Parenthesis136" [label="Parenthesis"]
	"Power135" -> "Parenthesis136"
	"Factor137" [label="Factor"]
	"Parenthesis136" -> "Factor137"
	"m138" [label="m",style=filled,fillcolor=powderblue]
	"Factor137" -> "m138"
	"[139" [label="[",style=filled,fillcolor=powderblue]
	"Factor137" -> "[139"
	"Expression140" [label="Expression"]
	"Factor137" -> "Expression140"
	"Term141" [label="Term"]
	"Expression140" -> "Term141"
	"Power142" [label="Power"]
	"Term141" -> "Power142"
	"Parenthesis143" [label="Parenthesis"]
	"Power142" -> "Parenthesis143"
	"Factor144" [label="Factor"]
	"Parenthesis143" -> "Factor144"
	"num145" [label="num",style=filled,fillcolor=powderblue]
	"Factor144" -> "num145"
	"Power_Complement146" [label="Power_Complement"]
	"Power142" -> "Power_Complement146"
	"e147" [label="e"]
	"Power_Complement146" -> "e147"
	"Term_Complement148" [label="Term_Complement"]
	"Term141" -> "Term_Complement148"
	"e149" [label="e"]
	"Term_Complement148" -> "e149"
	"Expression_Complement150" [label="Expression_Complement"]
	"Expression140" -> "Expression_Complement150"
	"e151" [label="e"]
	"Expression_Complement150" -> "e151"
	"]152" [label="]",style=filled,fillcolor=powderblue]
	"Factor137" -> "]152"
	"Power_Complement153" [label="Power_Complement"]
	"Power135" -> "Power_Complement153"
	"e154" [label="e"]
	"Power_Complement153" -> "e154"
	"Term_Complement155" [label="Term_Complement"]
	"Term134" -> "Term_Complement155"
	"e156" [label="e"]
	"Term_Complement155" -> "e156"
	"Expression_Complement157" [label="Expression_Complement"]
	"Expression133" -> "Expression_Complement157"
	"e158" [label="e"]
	"Expression_Complement157" -> "e158"
	"Statements159" [label="Statements"]
	"Statements129" -> "Statements159"
	"Statement160" [label="Statement"]
	"Statements159" -> "Statement160"
	"Print161" [label="Print"]
	"Statement160" -> "Print161"
	"print162" [label="print",style=filled,fillcolor=powderblue]
	"Print161" -> "print162"
	"Expression163" [label="Expression"]
	"Print161" -> "Expression163"
	"Term164" [label="Term"]
	"Expression163" -> "Term164"
	"Power165" [label="Power"]
	"Term164" -> "Power165"
	"Parenthesis166" [label="Parenthesis"]
	"Power165" -> "Parenthesis166"
	"Factor167" [label="Factor"]
	"Parenthesis166" -> "Factor167"
	"m168" [label="m",style=filled,fillcolor=powderblue]
	"Factor167" -> "m168"
	"[169" [label="[",style=filled,fillcolor=powderblue]
	"Factor167" -> "[169"
	"Expression170" [label="Expression"]
	"Factor167" -> "Expression170"
	"Term171" [label="Term"]
	"Expression170" -> "Term171"
	"Power172" [label="Power"]
	"Term171" -> "Power172"
	"Parenthesis173" [label="Parenthesis"]
	"Power172" -> "Parenthesis173"
	"Factor174" [label="Factor"]
	"Parenthesis173" -> "Factor174"
	"num175" [label="num",style=filled,fillcolor=powderblue]
	"Factor174" -> "num175"
	"Power_Complement176" [label="Power_Complement"]
	"Power172" -> "Power_Complement176"
	"e177" [label="e"]
	"Power_Complement176" -> "e177"
	"Term_Complement178" [label="Term_Complement"]
	"Term171" -> "Term_Complement178"
	"e179" [label="e"]
	"Term_Complement178" -> "e179"
	"Expression_Complement180" [label="Expression_Complement"]
	"Expression170" -> "Expression_Complement180"
	"e181" [label="e"]
	"Expression_Complement180" -> "e181"
	"]182" [label="]",style=filled,fillcolor=powderblue]
	"Factor167" -> "]182"
	"Power_Complement183" [label="Power_Complement"]
	"Power165" -> "Power_Complement183"
	"e184" [label="e"]
	"Power_Complement183" -> "e184"
	"Term_Complement185" [label="Term_Complement"]
	"Term164" -> "Term_Complement185"
	"e186" [label="e"]
	"Term_Complement185" -> "e186"
	"Expression_Complement187" [label="Expression_Complement"]
	"Expression163" -> "Expression_Complement187"
	"e188" [label="e"]
	"Expression_Complement187" -> "e188"
	"Statements189" [label="Statements"]
	"Statements159" -> "Statements189"
	"Statement190" [label="Statement"]
	"Statements189" -> "Statement190"
	"Print191" [label="Print"]
	"Statement190" -> "Print191"
	"print192" [label="print",style=filled,fillcolor=powderblue]
	"Print191" -> "print192"
	"Expression193" [label="Expression"]
	"Print191" -> "Expression193"
	"Term194" [label="Term"]
	"Expression193" -> "Term194"
	"Power195" [label="Power"]
	"Term194" -> "Power195"
	"Parenthesis196" [label="Parenthesis"]
	"Power195" -> "Parenthesis196"
	"Factor197" [label="Factor"]
	"Parenthesis196" -> "Factor197"
	"m198" [label="m",style=filled,fillcolor=powderblue]
	"Factor197" -> "m198"
	"[199" [label="[",style=filled,fillcolor=powderblue]
	"Factor197" -> "[199"
	"Expression200" [label="Expression"]
	"Factor197" -> "Expression200"
	"Term201" [label="Term"]
	"Expression200" -> "Term201"
	"Power202" [label="Power"]
	"Term201" -> "Power202"
	"Parenthesis203" [label="Parenthesis"]
	"Power202" -> "Parenthesis203"
	"Factor204" [label="Factor"]
	"Parenthesis203" -> "Factor204"
	"num205" [label="num",style=filled,fillcolor=powderblue]
	"Factor204" -> "num205"
	"Power_Complement206" [label="Power_Complement"]
	"Power202" -> "Power_Complement206"
	"e207" [label="e"]
	"Power_Complement206" -> "e207"
	"Term_Complement208" [label="Term_Complement"]
	"Term201" -> "Term_Complement208"
	"e209" [label="e"]
	"Term_Complement208" -> "e209"
	"Expression_Complement210" [label="Expression_Complement"]
	"Expression200" -> "Expression_Complement210"
	"e211" [label="e"]
	"Expression_Complement210" -> "e211"
	"]212" [label="]",style=filled,fillcolor=powderblue]
	"Factor197" -> "]212"
	"Power_Complement213" [label="Power_Complement"]
	"Power195" -> "Power_Complement213"
	"e214" [label="e"]
	"Power_Complement213" -> "e214"
	"Term_Complement215" [label="Term_Complement"]
	"Term194" -> "Term_Complement215"
	"e216" [label="e"]
	"Term_Complement215" -> "e216"
	"Expression_Complement217" [label="Expression_Complement"]
	"Expression193" -> "Expression_Complement217"
	"e218" [label="e"]
	"Expression_Complement217" -> "e218"
	"Statements219" [label="Statements"]
	"Statements189" -> "Statements219"
	"Statement220" [label="Statement"]
	"Statements219" -> "Statement220"
	"Print221" [label="Print"]
	"Statement220" -> "Print221"
	"print222" [label="print",style=filled,fillcolor=powderblue]
	"Print221" -> "print222"
	"Expression223" [label="Expression"]
	"Print221" -> "Expression223"
	"Term224" [label="Term"]
	"Expression223" -> "Term224"
	"Power225" [label="Power"]
	"Term224" -> "Power225"
	"Parenthesis226" [label="Parenthesis"]
	"Power225" -> "Parenthesis226"
	"Factor227" [label="Factor"]
	"Parenthesis226" -> "Factor227"
	"m228" [label="m",style=filled,fillcolor=powderblue]
	"Factor227" -> "m228"
	"[229" [label="[",style=filled,fillcolor=powderblue]
	"Factor227" -> "[229"
	"Expression230" [label="Expression"]
	"Factor227" -> "Expression230"
	"Term231" [label="Term"]
	"Expression230" -> "Term231"
	"Power232" [label="Power"]
	"Term231" -> "Power232"
	"Parenthesis233" [label="Parenthesis"]
	"Power232" -> "Parenthesis233"
	"Factor234" [label="Factor"]
	"Parenthesis233" -> "Factor234"
	"num235" [label="num",style=filled,fillcolor=powderblue]
	"Factor234" -> "num235"
	"Power_Complement236" [label="Power_Complement"]
	"Power232" -> "Power_Complement236"
	"e237" [label="e"]
	"Power_Complement236" -> "e237"
	"Term_Complement238" [label="Term_Complement"]
	"Term231" -> "Term_Complement238"
	"e239" [label="e"]
	"Term_Complement238" -> "e239"
	"Expression_Complement240" [label="Expression_Complement"]
	"Expression230" -> "Expression_Complement240"
	"e241" [label="e"]
	"Expression_Complement240" -> "e241"
	"]242" [label="]",style=filled,fillcolor=powderblue]
	"Factor227" -> "]242"
	"Power_Complement243" [label="Power_Complement"]
	"Power225" -> "Power_Complement243"
	"e244" [label="e"]
	"Power_Complement243" -> "e244"
	"Term_Complement245" [label="Term_Complement"]
	"Term224" -> "Term_Complement245"
	"e246" [label="e"]
	"Term_Complement245" -> "e246"
	"Expression_Complement247" [label="Expression_Complement"]
	"Expression223" -> "Expression_Complement247"
	"e248" [label="e"]
	"Expression_Complement247" -> "e248"
	"Statements249" [label="Statements"]
	"Statements219" -> "Statements249"
	"e250" [label="e"]
	"Statements249" -> "e250"
}
