digraph G {
	"Start1" [label="Start"]
	"Statements2" [label="Statements"]
	"Start1" -> "Statements2"
	"Statement3" [label="Statement"]
	"Statements2" -> "Statement3"
	"Label4" [label="Label"]
	"Statement3" -> "Label4"
	"L5" [label="L",style=filled,fillcolor=powderblue]
	"Label4" -> "L5"
	"num6" [label="num",style=filled,fillcolor=powderblue]
	"Label4" -> "num6"
	":7" [label=":",style=filled,fillcolor=powderblue]
	"Label4" -> ":7"
	"R8" [label="R"]
	"Statements2" -> "R8"
	"Statement9" [label="Statement"]
	"R8" -> "Statement9"
	"Assignment10" [label="Assignment"]
	"Statement9" -> "Assignment10"
	"m11" [label="m",style=filled,fillcolor=powderblue]
	"Assignment10" -> "m11"
	"[12" [label="[",style=filled,fillcolor=powderblue]
	"Assignment10" -> "[12"
	"Expression13" [label="Expression"]
	"Assignment10" -> "Expression13"
	"num14" [label="num",style=filled,fillcolor=powderblue]
	"Expression13" -> "num14"
	"]15" [label="]",style=filled,fillcolor=powderblue]
	"Assignment10" -> "]15"
	"=16" [label="=",style=filled,fillcolor=powderblue]
	"Assignment10" -> "=16"
	"Expression17" [label="Expression"]
	"Assignment10" -> "Expression17"
	"num18" [label="num",style=filled,fillcolor=powderblue]
	"Expression17" -> "num18"
	"R19" [label="R"]
	"R8" -> "R19"
scan error: unrecognized character '' -line 3
