token: m
token: [
token: num
token: ]
token: =
token: num
token: /
token: num
token: *
token: num
token: m
token: [
token: num
token: ]
token: =
token: num
token: +
token: m
token: [
token: num
token: ]
token: m
token: [
token: num
token: ]
token: =
token: num
token: -
token: m
token: [
token: num
token: **
token: num
token: -
token: num
token: +
token: num
token: ]
token: -
token: num
token: print
token: m
token: [
token: num
token: ]
token: print
token: m
token: [
token: num
token: ]
token: eof
line count: 6

