digraph G {
	"Start1" [label="Start"]
	"Statements2" [label="Statements"]
	"Start1" -> "Statements2"
	"Statement3" [label="Statement"]
	"Statements2" -> "Statement3"
	"Assignment4" [label="Assignment"]
	"Statement3" -> "Assignment4"
	"m5" [label="m",style=filled,fillcolor=powderblue]
	"Assignment4" -> "m5"
	"[6" [label="[",style=filled,fillcolor=powderblue]
	"Assignment4" -> "[6"
	"Expression7" [label="Expression"]
	"Assignment4" -> "Expression7"
	"Term8" [label="Term"]
	"Expression7" -> "Term8"
	"Factor9" [label="Factor"]
	"Term8" -> "Factor9"
	"Thing10" [label="Thing"]
	"Factor9" -> "Thing10"
	"num11" [label="num",style=filled,fillcolor=powderblue]
	"Thing10" -> "num11"
	"FactorP12" [label="FactorP"]
	"Factor9" -> "FactorP12"
	"e13" [label="e"]
	"FactorP12" -> "e13"
	"TermP14" [label="TermP"]
	"Term8" -> "TermP14"
	"e15" [label="e"]
	"TermP14" -> "e15"
	"ExpressionP16" [label="ExpressionP"]
	"Expression7" -> "ExpressionP16"
	"e17" [label="e"]
	"ExpressionP16" -> "e17"
	"]18" [label="]",style=filled,fillcolor=powderblue]
	"Assignment4" -> "]18"
	"=19" [label="=",style=filled,fillcolor=powderblue]
	"Assignment4" -> "=19"
	"Expression20" [label="Expression"]
	"Assignment4" -> "Expression20"
	"Term21" [label="Term"]
	"Expression20" -> "Term21"
	"Factor22" [label="Factor"]
	"Term21" -> "Factor22"
	"Thing23" [label="Thing"]
	"Factor22" -> "Thing23"
	"m24" [label="m",style=filled,fillcolor=powderblue]
	"Thing23" -> "m24"
	"[25" [label="[",style=filled,fillcolor=powderblue]
	"Thing23" -> "[25"
	"Expression26" [label="Expression"]
	"Thing23" -> "Expression26"
	"Term27" [label="Term"]
	"Expression26" -> "Term27"
	"Factor28" [label="Factor"]
	"Term27" -> "Factor28"
	"Thing29" [label="Thing"]
	"Factor28" -> "Thing29"
	"num30" [label="num",style=filled,fillcolor=powderblue]
	"Thing29" -> "num30"
	"FactorP31" [label="FactorP"]
	"Factor28" -> "FactorP31"
	"e32" [label="e"]
	"FactorP31" -> "e32"
	"TermP33" [label="TermP"]
	"Term27" -> "TermP33"
	"e34" [label="e"]
	"TermP33" -> "e34"
	"ExpressionP35" [label="ExpressionP"]
	"Expression26" -> "ExpressionP35"
	"e36" [label="e"]
	"ExpressionP35" -> "e36"
	"]37" [label="]",style=filled,fillcolor=powderblue]
	"Thing23" -> "]37"
	"FactorP38" [label="FactorP"]
	"Factor22" -> "FactorP38"
	"e39" [label="e"]
	"FactorP38" -> "e39"
	"TermP40" [label="TermP"]
	"Term21" -> "TermP40"
	"e41" [label="e"]
	"TermP40" -> "e41"
	"ExpressionP42" [label="ExpressionP"]
	"Expression20" -> "ExpressionP42"
	"-43" [label="-",style=filled,fillcolor=powderblue]
	"ExpressionP42" -> "-43"
	"Term44" [label="Term"]
	"ExpressionP42" -> "Term44"
	"Factor45" [label="Factor"]
	"Term44" -> "Factor45"
	"Thing46" [label="Thing"]
	"Factor45" -> "Thing46"
	"num47" [label="num",style=filled,fillcolor=powderblue]
	"Thing46" -> "num47"
	"FactorP48" [label="FactorP"]
	"Factor45" -> "FactorP48"
	"e49" [label="e"]
	"FactorP48" -> "e49"
	"TermP50" [label="TermP"]
	"Term44" -> "TermP50"
	"e51" [label="e"]
	"TermP50" -> "e51"
	"ExpressionP52" [label="ExpressionP"]
	"ExpressionP42" -> "ExpressionP52"
	"e53" [label="e"]
	"ExpressionP52" -> "e53"
	"StatementsP54" [label="StatementsP"]
	"Statements2" -> "StatementsP54"
	"Statement55" [label="Statement"]
	"StatementsP54" -> "Statement55"
	"Assignment56" [label="Assignment"]
	"Statement55" -> "Assignment56"
	"m57" [label="m",style=filled,fillcolor=powderblue]
	"Assignment56" -> "m57"
	"[58" [label="[",style=filled,fillcolor=powderblue]
	"Assignment56" -> "[58"
	"Expression59" [label="Expression"]
	"Assignment56" -> "Expression59"
	"Term60" [label="Term"]
	"Expression59" -> "Term60"
	"Factor61" [label="Factor"]
	"Term60" -> "Factor61"
	"Thing62" [label="Thing"]
	"Factor61" -> "Thing62"
	"num63" [label="num",style=filled,fillcolor=powderblue]
	"Thing62" -> "num63"
	"FactorP64" [label="FactorP"]
	"Factor61" -> "FactorP64"
	"e65" [label="e"]
	"FactorP64" -> "e65"
	"TermP66" [label="TermP"]
	"Term60" -> "TermP66"
	"e67" [label="e"]
	"TermP66" -> "e67"
	"ExpressionP68" [label="ExpressionP"]
	"Expression59" -> "ExpressionP68"
	"e69" [label="e"]
	"ExpressionP68" -> "e69"
	"]70" [label="]",style=filled,fillcolor=powderblue]
	"Assignment56" -> "]70"
	"=71" [label="=",style=filled,fillcolor=powderblue]
	"Assignment56" -> "=71"
	"Expression72" [label="Expression"]
	"Assignment56" -> "Expression72"
	"Term73" [label="Term"]
	"Expression72" -> "Term73"
	"Factor74" [label="Factor"]
	"Term73" -> "Factor74"
	"Thing75" [label="Thing"]
	"Factor74" -> "Thing75"
	"num76" [label="num",style=filled,fillcolor=powderblue]
	"Thing75" -> "num76"
	"FactorP77" [label="FactorP"]
	"Factor74" -> "FactorP77"
	"e78" [label="e"]
	"FactorP77" -> "e78"
	"TermP79" [label="TermP"]
	"Term73" -> "TermP79"
	"/80" [label="/",style=filled,fillcolor=powderblue]
	"TermP79" -> "/80"
	"Factor81" [label="Factor"]
	"TermP79" -> "Factor81"
	"Thing82" [label="Thing"]
	"Factor81" -> "Thing82"
	"num83" [label="num",style=filled,fillcolor=powderblue]
	"Thing82" -> "num83"
	"FactorP84" [label="FactorP"]
	"Factor81" -> "FactorP84"
	"e85" [label="e"]
	"FactorP84" -> "e85"
	"TermP86" [label="TermP"]
	"TermP79" -> "TermP86"
	"*87" [label="*",style=filled,fillcolor=powderblue]
	"TermP86" -> "*87"
	"Factor88" [label="Factor"]
	"TermP86" -> "Factor88"
	"Thing89" [label="Thing"]
	"Factor88" -> "Thing89"
	"num90" [label="num",style=filled,fillcolor=powderblue]
	"Thing89" -> "num90"
	"FactorP91" [label="FactorP"]
	"Factor88" -> "FactorP91"
	"e92" [label="e"]
	"FactorP91" -> "e92"
	"TermP93" [label="TermP"]
	"TermP86" -> "TermP93"
	"e94" [label="e"]
	"TermP93" -> "e94"
	"ExpressionP95" [label="ExpressionP"]
	"Expression72" -> "ExpressionP95"
	"e96" [label="e"]
	"ExpressionP95" -> "e96"
	"StatementsP97" [label="StatementsP"]
	"StatementsP54" -> "StatementsP97"
	"Statement98" [label="Statement"]
	"StatementsP97" -> "Statement98"
	"Assignment99" [label="Assignment"]
	"Statement98" -> "Assignment99"
	"m100" [label="m",style=filled,fillcolor=powderblue]
	"Assignment99" -> "m100"
	"[101" [label="[",style=filled,fillcolor=powderblue]
	"Assignment99" -> "[101"
	"Expression102" [label="Expression"]
	"Assignment99" -> "Expression102"
	"Term103" [label="Term"]
	"Expression102" -> "Term103"
	"Factor104" [label="Factor"]
	"Term103" -> "Factor104"
	"Thing105" [label="Thing"]
	"Factor104" -> "Thing105"
	"num106" [label="num",style=filled,fillcolor=powderblue]
	"Thing105" -> "num106"
	"FactorP107" [label="FactorP"]
	"Factor104" -> "FactorP107"
	"e108" [label="e"]
	"FactorP107" -> "e108"
	"TermP109" [label="TermP"]
	"Term103" -> "TermP109"
	"e110" [label="e"]
	"TermP109" -> "e110"
	"ExpressionP111" [label="ExpressionP"]
	"Expression102" -> "ExpressionP111"
	"e112" [label="e"]
	"ExpressionP111" -> "e112"
	"]113" [label="]",style=filled,fillcolor=powderblue]
	"Assignment99" -> "]113"
	"=114" [label="=",style=filled,fillcolor=powderblue]
	"Assignment99" -> "=114"
	"Expression115" [label="Expression"]
	"Assignment99" -> "Expression115"
	"Term116" [label="Term"]
	"Expression115" -> "Term116"
	"Factor117" [label="Factor"]
	"Term116" -> "Factor117"
	"Thing118" [label="Thing"]
	"Factor117" -> "Thing118"
	"num119" [label="num",style=filled,fillcolor=powderblue]
	"Thing118" -> "num119"
	"FactorP120" [label="FactorP"]
	"Factor117" -> "FactorP120"
	"e121" [label="e"]
	"FactorP120" -> "e121"
	"TermP122" [label="TermP"]
	"Term116" -> "TermP122"
	"e123" [label="e"]
	"TermP122" -> "e123"
	"ExpressionP124" [label="ExpressionP"]
	"Expression115" -> "ExpressionP124"
	"+125" [label="+",style=filled,fillcolor=powderblue]
	"ExpressionP124" -> "+125"
	"Term126" [label="Term"]
	"ExpressionP124" -> "Term126"
	"Factor127" [label="Factor"]
	"Term126" -> "Factor127"
	"Thing128" [label="Thing"]
	"Factor127" -> "Thing128"
	"num129" [label="num",style=filled,fillcolor=powderblue]
	"Thing128" -> "num129"
	"FactorP130" [label="FactorP"]
	"Factor127" -> "FactorP130"
	"e131" [label="e"]
	"FactorP130" -> "e131"
	"TermP132" [label="TermP"]
	"Term126" -> "TermP132"
	"e133" [label="e"]
	"TermP132" -> "e133"
	"ExpressionP134" [label="ExpressionP"]
	"ExpressionP124" -> "ExpressionP134"
	"e135" [label="e"]
	"ExpressionP134" -> "e135"
	"StatementsP136" [label="StatementsP"]
	"StatementsP97" -> "StatementsP136"
	"Statement137" [label="Statement"]
	"StatementsP136" -> "Statement137"
	"Assignment138" [label="Assignment"]
	"Statement137" -> "Assignment138"
	"m139" [label="m",style=filled,fillcolor=powderblue]
	"Assignment138" -> "m139"
	"[140" [label="[",style=filled,fillcolor=powderblue]
	"Assignment138" -> "[140"
	"Expression141" [label="Expression"]
	"Assignment138" -> "Expression141"
	"Term142" [label="Term"]
	"Expression141" -> "Term142"
	"Factor143" [label="Factor"]
	"Term142" -> "Factor143"
	"Thing144" [label="Thing"]
	"Factor143" -> "Thing144"
	"num145" [label="num",style=filled,fillcolor=powderblue]
	"Thing144" -> "num145"
	"FactorP146" [label="FactorP"]
	"Factor143" -> "FactorP146"
	"e147" [label="e"]
	"FactorP146" -> "e147"
	"TermP148" [label="TermP"]
	"Term142" -> "TermP148"
	"e149" [label="e"]
	"TermP148" -> "e149"
	"ExpressionP150" [label="ExpressionP"]
	"Expression141" -> "ExpressionP150"
	"e151" [label="e"]
	"ExpressionP150" -> "e151"
	"]152" [label="]",style=filled,fillcolor=powderblue]
	"Assignment138" -> "]152"
	"=153" [label="=",style=filled,fillcolor=powderblue]
	"Assignment138" -> "=153"
	"Expression154" [label="Expression"]
	"Assignment138" -> "Expression154"
	"Term155" [label="Term"]
	"Expression154" -> "Term155"
	"Factor156" [label="Factor"]
	"Term155" -> "Factor156"
	"Thing157" [label="Thing"]
	"Factor156" -> "Thing157"
	"num158" [label="num",style=filled,fillcolor=powderblue]
	"Thing157" -> "num158"
	"FactorP159" [label="FactorP"]
	"Factor156" -> "FactorP159"
	"e160" [label="e"]
	"FactorP159" -> "e160"
	"TermP161" [label="TermP"]
	"Term155" -> "TermP161"
	"e162" [label="e"]
	"TermP161" -> "e162"
	"ExpressionP163" [label="ExpressionP"]
	"Expression154" -> "ExpressionP163"
	"-164" [label="-",style=filled,fillcolor=powderblue]
	"ExpressionP163" -> "-164"
	"Term165" [label="Term"]
	"ExpressionP163" -> "Term165"
	"Factor166" [label="Factor"]
	"Term165" -> "Factor166"
	"Thing167" [label="Thing"]
	"Factor166" -> "Thing167"
	"(168" [label="(",style=filled,fillcolor=powderblue]
	"Thing167" -> "(168"
	"Expression169" [label="Expression"]
	"Thing167" -> "Expression169"
	"Term170" [label="Term"]
	"Expression169" -> "Term170"
	"Factor171" [label="Factor"]
	"Term170" -> "Factor171"
	"Thing172" [label="Thing"]
	"Factor171" -> "Thing172"
	"m173" [label="m",style=filled,fillcolor=powderblue]
	"Thing172" -> "m173"
	"[174" [label="[",style=filled,fillcolor=powderblue]
	"Thing172" -> "[174"
	"Expression175" [label="Expression"]
	"Thing172" -> "Expression175"
	"Term176" [label="Term"]
	"Expression175" -> "Term176"
	"Factor177" [label="Factor"]
	"Term176" -> "Factor177"
	"Thing178" [label="Thing"]
	"Factor177" -> "Thing178"
	"num179" [label="num",style=filled,fillcolor=powderblue]
	"Thing178" -> "num179"
	"FactorP180" [label="FactorP"]
	"Factor177" -> "FactorP180"
	"e181" [label="e"]
	"FactorP180" -> "e181"
	"TermP182" [label="TermP"]
	"Term176" -> "TermP182"
	"e183" [label="e"]
	"TermP182" -> "e183"
	"ExpressionP184" [label="ExpressionP"]
	"Expression175" -> "ExpressionP184"
	"e185" [label="e"]
	"ExpressionP184" -> "e185"
	"]186" [label="]",style=filled,fillcolor=powderblue]
	"Thing172" -> "]186"
	"FactorP187" [label="FactorP"]
	"Factor171" -> "FactorP187"
	"e188" [label="e"]
	"FactorP187" -> "e188"
	"TermP189" [label="TermP"]
	"Term170" -> "TermP189"
	"e190" [label="e"]
	"TermP189" -> "e190"
	"ExpressionP191" [label="ExpressionP"]
	"Expression169" -> "ExpressionP191"
	"-192" [label="-",style=filled,fillcolor=powderblue]
	"ExpressionP191" -> "-192"
	"Term193" [label="Term"]
	"ExpressionP191" -> "Term193"
	"Factor194" [label="Factor"]
	"Term193" -> "Factor194"
	"Thing195" [label="Thing"]
	"Factor194" -> "Thing195"
	"num196" [label="num",style=filled,fillcolor=powderblue]
	"Thing195" -> "num196"
	"FactorP197" [label="FactorP"]
	"Factor194" -> "FactorP197"
	"e198" [label="e"]
	"FactorP197" -> "e198"
	"TermP199" [label="TermP"]
	"Term193" -> "TermP199"
	"e200" [label="e"]
	"TermP199" -> "e200"
	"ExpressionP201" [label="ExpressionP"]
	"ExpressionP191" -> "ExpressionP201"
	"e202" [label="e"]
	"ExpressionP201" -> "e202"
	")203" [label=")",style=filled,fillcolor=powderblue]
	"Thing167" -> ")203"
	"FactorP204" [label="FactorP"]
	"Factor166" -> "FactorP204"
	"e205" [label="e"]
	"FactorP204" -> "e205"
	"TermP206" [label="TermP"]
	"Term165" -> "TermP206"
	"e207" [label="e"]
	"TermP206" -> "e207"
	"ExpressionP208" [label="ExpressionP"]
	"ExpressionP163" -> "ExpressionP208"
	"e209" [label="e"]
	"ExpressionP208" -> "e209"
	"StatementsP210" [label="StatementsP"]
	"StatementsP136" -> "StatementsP210"
	"Statement211" [label="Statement"]
	"StatementsP210" -> "Statement211"
	"Assignment212" [label="Assignment"]
	"Statement211" -> "Assignment212"
	"m213" [label="m",style=filled,fillcolor=powderblue]
	"Assignment212" -> "m213"
	"[214" [label="[",style=filled,fillcolor=powderblue]
	"Assignment212" -> "[214"
	"Expression215" [label="Expression"]
	"Assignment212" -> "Expression215"
	"Term216" [label="Term"]
	"Expression215" -> "Term216"
	"Factor217" [label="Factor"]
	"Term216" -> "Factor217"
	"Thing218" [label="Thing"]
	"Factor217" -> "Thing218"
	"num219" [label="num",style=filled,fillcolor=powderblue]
	"Thing218" -> "num219"
	"FactorP220" [label="FactorP"]
	"Factor217" -> "FactorP220"
	"e221" [label="e"]
	"FactorP220" -> "e221"
	"TermP222" [label="TermP"]
	"Term216" -> "TermP222"
	"e223" [label="e"]
	"TermP222" -> "e223"
	"ExpressionP224" [label="ExpressionP"]
	"Expression215" -> "ExpressionP224"
	"e225" [label="e"]
	"ExpressionP224" -> "e225"
	"]226" [label="]",style=filled,fillcolor=powderblue]
	"Assignment212" -> "]226"
	"=227" [label="=",style=filled,fillcolor=powderblue]
	"Assignment212" -> "=227"
	"Expression228" [label="Expression"]
	"Assignment212" -> "Expression228"
	"Term229" [label="Term"]
	"Expression228" -> "Term229"
	"Factor230" [label="Factor"]
	"Term229" -> "Factor230"
	"Thing231" [label="Thing"]
	"Factor230" -> "Thing231"
	"m232" [label="m",style=filled,fillcolor=powderblue]
	"Thing231" -> "m232"
	"[233" [label="[",style=filled,fillcolor=powderblue]
	"Thing231" -> "[233"
	"Expression234" [label="Expression"]
	"Thing231" -> "Expression234"
	"Term235" [label="Term"]
	"Expression234" -> "Term235"
	"Factor236" [label="Factor"]
	"Term235" -> "Factor236"
	"Thing237" [label="Thing"]
	"Factor236" -> "Thing237"
	"num238" [label="num",style=filled,fillcolor=powderblue]
	"Thing237" -> "num238"
	"FactorP239" [label="FactorP"]
	"Factor236" -> "FactorP239"
	"e240" [label="e"]
	"FactorP239" -> "e240"
	"TermP241" [label="TermP"]
	"Term235" -> "TermP241"
	"e242" [label="e"]
	"TermP241" -> "e242"
	"ExpressionP243" [label="ExpressionP"]
	"Expression234" -> "ExpressionP243"
	"e244" [label="e"]
	"ExpressionP243" -> "e244"
	"]245" [label="]",style=filled,fillcolor=powderblue]
	"Thing231" -> "]245"
	"FactorP246" [label="FactorP"]
	"Factor230" -> "FactorP246"
	"e247" [label="e"]
	"FactorP246" -> "e247"
	"TermP248" [label="TermP"]
	"Term229" -> "TermP248"
	"/249" [label="/",style=filled,fillcolor=powderblue]
	"TermP248" -> "/249"
	"Factor250" [label="Factor"]
	"TermP248" -> "Factor250"
	"Thing251" [label="Thing"]
	"Factor250" -> "Thing251"
	"num252" [label="num",style=filled,fillcolor=powderblue]
	"Thing251" -> "num252"
	"FactorP253" [label="FactorP"]
	"Factor250" -> "FactorP253"
	"e254" [label="e"]
	"FactorP253" -> "e254"
	"TermP255" [label="TermP"]
	"TermP248" -> "TermP255"
	"*256" [label="*",style=filled,fillcolor=powderblue]
	"TermP255" -> "*256"
	"Factor257" [label="Factor"]
	"TermP255" -> "Factor257"
	"Thing258" [label="Thing"]
	"Factor257" -> "Thing258"
	"num259" [label="num",style=filled,fillcolor=powderblue]
	"Thing258" -> "num259"
	"FactorP260" [label="FactorP"]
	"Factor257" -> "FactorP260"
	"e261" [label="e"]
	"FactorP260" -> "e261"
	"TermP262" [label="TermP"]
	"TermP255" -> "TermP262"
	"e263" [label="e"]
	"TermP262" -> "e263"
	"ExpressionP264" [label="ExpressionP"]
	"Expression228" -> "ExpressionP264"
	"e265" [label="e"]
	"ExpressionP264" -> "e265"
	"StatementsP266" [label="StatementsP"]
	"StatementsP210" -> "StatementsP266"
	"Statement267" [label="Statement"]
	"StatementsP266" -> "Statement267"
	"Assignment268" [label="Assignment"]
	"Statement267" -> "Assignment268"
	"m269" [label="m",style=filled,fillcolor=powderblue]
	"Assignment268" -> "m269"
	"[270" [label="[",style=filled,fillcolor=powderblue]
	"Assignment268" -> "[270"
	"Expression271" [label="Expression"]
	"Assignment268" -> "Expression271"
	"Term272" [label="Term"]
	"Expression271" -> "Term272"
	"Factor273" [label="Factor"]
	"Term272" -> "Factor273"
	"Thing274" [label="Thing"]
	"Factor273" -> "Thing274"
	"num275" [label="num",style=filled,fillcolor=powderblue]
	"Thing274" -> "num275"
	"FactorP276" [label="FactorP"]
	"Factor273" -> "FactorP276"
	"e277" [label="e"]
	"FactorP276" -> "e277"
	"TermP278" [label="TermP"]
	"Term272" -> "TermP278"
	"e279" [label="e"]
	"TermP278" -> "e279"
	"ExpressionP280" [label="ExpressionP"]
	"Expression271" -> "ExpressionP280"
	"e281" [label="e"]
	"ExpressionP280" -> "e281"
	"]282" [label="]",style=filled,fillcolor=powderblue]
	"Assignment268" -> "]282"
	"=283" [label="=",style=filled,fillcolor=powderblue]
	"Assignment268" -> "=283"
	"Expression284" [label="Expression"]
	"Assignment268" -> "Expression284"
	"Term285" [label="Term"]
	"Expression284" -> "Term285"
	"Factor286" [label="Factor"]
	"Term285" -> "Factor286"
	"Thing287" [label="Thing"]
	"Factor286" -> "Thing287"
	"num288" [label="num",style=filled,fillcolor=powderblue]
	"Thing287" -> "num288"
	"FactorP289" [label="FactorP"]
	"Factor286" -> "FactorP289"
	"e290" [label="e"]
	"FactorP289" -> "e290"
	"TermP291" [label="TermP"]
	"Term285" -> "TermP291"
	"e292" [label="e"]
	"TermP291" -> "e292"
	"ExpressionP293" [label="ExpressionP"]
	"Expression284" -> "ExpressionP293"
	"+294" [label="+",style=filled,fillcolor=powderblue]
	"ExpressionP293" -> "+294"
	"Term295" [label="Term"]
	"ExpressionP293" -> "Term295"
	"Factor296" [label="Factor"]
	"Term295" -> "Factor296"
	"Thing297" [label="Thing"]
	"Factor296" -> "Thing297"
	"m298" [label="m",style=filled,fillcolor=powderblue]
	"Thing297" -> "m298"
	"[299" [label="[",style=filled,fillcolor=powderblue]
	"Thing297" -> "[299"
	"Expression300" [label="Expression"]
	"Thing297" -> "Expression300"
	"Term301" [label="Term"]
	"Expression300" -> "Term301"
	"Factor302" [label="Factor"]
	"Term301" -> "Factor302"
	"Thing303" [label="Thing"]
	"Factor302" -> "Thing303"
	"num304" [label="num",style=filled,fillcolor=powderblue]
	"Thing303" -> "num304"
	"FactorP305" [label="FactorP"]
	"Factor302" -> "FactorP305"
	"e306" [label="e"]
	"FactorP305" -> "e306"
	"TermP307" [label="TermP"]
	"Term301" -> "TermP307"
	"e308" [label="e"]
	"TermP307" -> "e308"
	"ExpressionP309" [label="ExpressionP"]
	"Expression300" -> "ExpressionP309"
	"e310" [label="e"]
	"ExpressionP309" -> "e310"
	"]311" [label="]",style=filled,fillcolor=powderblue]
	"Thing297" -> "]311"
	"FactorP312" [label="FactorP"]
	"Factor296" -> "FactorP312"
	"e313" [label="e"]
	"FactorP312" -> "e313"
	"TermP314" [label="TermP"]
	"Term295" -> "TermP314"
	"e315" [label="e"]
	"TermP314" -> "e315"
	"ExpressionP316" [label="ExpressionP"]
	"ExpressionP293" -> "ExpressionP316"
	"e317" [label="e"]
	"ExpressionP316" -> "e317"
	"StatementsP318" [label="StatementsP"]
	"StatementsP266" -> "StatementsP318"
	"Statement319" [label="Statement"]
	"StatementsP318" -> "Statement319"
	"Assignment320" [label="Assignment"]
	"Statement319" -> "Assignment320"
	"m321" [label="m",style=filled,fillcolor=powderblue]
	"Assignment320" -> "m321"
	"[322" [label="[",style=filled,fillcolor=powderblue]
	"Assignment320" -> "[322"
	"Expression323" [label="Expression"]
	"Assignment320" -> "Expression323"
	"Term324" [label="Term"]
	"Expression323" -> "Term324"
	"Factor325" [label="Factor"]
	"Term324" -> "Factor325"
	"Thing326" [label="Thing"]
	"Factor325" -> "Thing326"
	"num327" [label="num",style=filled,fillcolor=powderblue]
	"Thing326" -> "num327"
	"FactorP328" [label="FactorP"]
	"Factor325" -> "FactorP328"
	"e329" [label="e"]
	"FactorP328" -> "e329"
	"TermP330" [label="TermP"]
	"Term324" -> "TermP330"
	"e331" [label="e"]
	"TermP330" -> "e331"
	"ExpressionP332" [label="ExpressionP"]
	"Expression323" -> "ExpressionP332"
	"e333" [label="e"]
	"ExpressionP332" -> "e333"
	"]334" [label="]",style=filled,fillcolor=powderblue]
	"Assignment320" -> "]334"
	"=335" [label="=",style=filled,fillcolor=powderblue]
	"Assignment320" -> "=335"
	"Expression336" [label="Expression"]
	"Assignment320" -> "Expression336"
	"Term337" [label="Term"]
	"Expression336" -> "Term337"
	"Factor338" [label="Factor"]
	"Term337" -> "Factor338"
	"Thing339" [label="Thing"]
	"Factor338" -> "Thing339"
	"num340" [label="num",style=filled,fillcolor=powderblue]
	"Thing339" -> "num340"
	"FactorP341" [label="FactorP"]
	"Factor338" -> "FactorP341"
	"e342" [label="e"]
	"FactorP341" -> "e342"
	"TermP343" [label="TermP"]
	"Term337" -> "TermP343"
	"e344" [label="e"]
	"TermP343" -> "e344"
	"ExpressionP345" [label="ExpressionP"]
	"Expression336" -> "ExpressionP345"
	"-346" [label="-",style=filled,fillcolor=powderblue]
	"ExpressionP345" -> "-346"
	"Term347" [label="Term"]
	"ExpressionP345" -> "Term347"
	"Factor348" [label="Factor"]
	"Term347" -> "Factor348"
	"Thing349" [label="Thing"]
	"Factor348" -> "Thing349"
	"m350" [label="m",style=filled,fillcolor=powderblue]
	"Thing349" -> "m350"
	"[351" [label="[",style=filled,fillcolor=powderblue]
	"Thing349" -> "[351"
	"Expression352" [label="Expression"]
	"Thing349" -> "Expression352"
	"Term353" [label="Term"]
	"Expression352" -> "Term353"
	"Factor354" [label="Factor"]
	"Term353" -> "Factor354"
	"Thing355" [label="Thing"]
	"Factor354" -> "Thing355"
	"num356" [label="num",style=filled,fillcolor=powderblue]
	"Thing355" -> "num356"
	"FactorP357" [label="FactorP"]
	"Factor354" -> "FactorP357"
	"e358" [label="e"]
	"FactorP357" -> "e358"
	"TermP359" [label="TermP"]
	"Term353" -> "TermP359"
	"e360" [label="e"]
	"TermP359" -> "e360"
	"ExpressionP361" [label="ExpressionP"]
	"Expression352" -> "ExpressionP361"
	"-362" [label="-",style=filled,fillcolor=powderblue]
	"ExpressionP361" -> "-362"
	"Term363" [label="Term"]
	"ExpressionP361" -> "Term363"
	"Factor364" [label="Factor"]
	"Term363" -> "Factor364"
	"Thing365" [label="Thing"]
	"Factor364" -> "Thing365"
	"num366" [label="num",style=filled,fillcolor=powderblue]
	"Thing365" -> "num366"
	"FactorP367" [label="FactorP"]
	"Factor364" -> "FactorP367"
	"e368" [label="e"]
	"FactorP367" -> "e368"
	"TermP369" [label="TermP"]
	"Term363" -> "TermP369"
	"e370" [label="e"]
	"TermP369" -> "e370"
	"ExpressionP371" [label="ExpressionP"]
	"ExpressionP361" -> "ExpressionP371"
	"e372" [label="e"]
	"ExpressionP371" -> "e372"
	"]373" [label="]",style=filled,fillcolor=powderblue]
	"Thing349" -> "]373"
	"FactorP374" [label="FactorP"]
	"Factor348" -> "FactorP374"
	"e375" [label="e"]
	"FactorP374" -> "e375"
	"TermP376" [label="TermP"]
	"Term347" -> "TermP376"
	"e377" [label="e"]
	"TermP376" -> "e377"
	"ExpressionP378" [label="ExpressionP"]
	"ExpressionP345" -> "ExpressionP378"
	"e379" [label="e"]
	"ExpressionP378" -> "e379"
	"StatementsP380" [label="StatementsP"]
	"StatementsP318" -> "StatementsP380"
	"e381" [label="e"]
	"StatementsP380" -> "e381"
};
