digraph G {
	"Start1" [label="Start"]
	"Statements2" [label="Statements"]
	"Start1" -> "Statements2"
	"Statement3" [label="Statement"]
	"Statements2" -> "Statement3"
	"Assignment4" [label="Assignment"]
	"Statement3" -> "Assignment4"
	"m5" [label="m",style=filled,fillcolor=powderblue]
	"Assignment4" -> "m5"
	"[6" [label="[",style=filled,fillcolor=powderblue]
	"Assignment4" -> "[6"
	"Expression7" [label="Expression"]
	"Assignment4" -> "Expression7"
	"Term8" [label="Term"]
	"Expression7" -> "Term8"
	"Factor9" [label="Factor"]
	"Term8" -> "Factor9"
	"Thing10" [label="Thing"]
	"Factor9" -> "Thing10"
	"num11" [label="num",style=filled,fillcolor=powderblue]
	"Thing10" -> "num11"
	"FactorP12" [label="FactorP"]
	"Factor9" -> "FactorP12"
	"e13" [label="e"]
	"FactorP12" -> "e13"
	"TermP14" [label="TermP"]
	"Term8" -> "TermP14"
	"e15" [label="e"]
	"TermP14" -> "e15"
	"ExpressionP16" [label="ExpressionP"]
	"Expression7" -> "ExpressionP16"
	"e17" [label="e"]
	"ExpressionP16" -> "e17"
	"]18" [label="]",style=filled,fillcolor=powderblue]
	"Assignment4" -> "]18"
	"=19" [label="=",style=filled,fillcolor=powderblue]
	"Assignment4" -> "=19"
	"Expression20" [label="Expression"]
	"Assignment4" -> "Expression20"
	"Term21" [label="Term"]
	"Expression20" -> "Term21"
	"Factor22" [label="Factor"]
	"Term21" -> "Factor22"
	"Thing23" [label="Thing"]
	"Factor22" -> "Thing23"
	"num24" [label="num",style=filled,fillcolor=powderblue]
	"Thing23" -> "num24"
	"FactorP25" [label="FactorP"]
	"Factor22" -> "FactorP25"
	"e26" [label="e"]
	"FactorP25" -> "e26"
	"TermP27" [label="TermP"]
	"Term21" -> "TermP27"
	"/28" [label="/",style=filled,fillcolor=powderblue]
	"TermP27" -> "/28"
	"Factor29" [label="Factor"]
	"TermP27" -> "Factor29"
	"Thing30" [label="Thing"]
	"Factor29" -> "Thing30"
	"num31" [label="num",style=filled,fillcolor=powderblue]
	"Thing30" -> "num31"
	"FactorP32" [label="FactorP"]
	"Factor29" -> "FactorP32"
	"e33" [label="e"]
	"FactorP32" -> "e33"
	"TermP34" [label="TermP"]
	"TermP27" -> "TermP34"
	"*35" [label="*",style=filled,fillcolor=powderblue]
	"TermP34" -> "*35"
	"Factor36" [label="Factor"]
	"TermP34" -> "Factor36"
	"Thing37" [label="Thing"]
	"Factor36" -> "Thing37"
	"num38" [label="num",style=filled,fillcolor=powderblue]
	"Thing37" -> "num38"
	"FactorP39" [label="FactorP"]
	"Factor36" -> "FactorP39"
	"e40" [label="e"]
	"FactorP39" -> "e40"
	"TermP41" [label="TermP"]
	"TermP34" -> "TermP41"
	"e42" [label="e"]
	"TermP41" -> "e42"
	"ExpressionP43" [label="ExpressionP"]
	"Expression20" -> "ExpressionP43"
	"e44" [label="e"]
	"ExpressionP43" -> "e44"
	"StatementsP45" [label="StatementsP"]
	"Statements2" -> "StatementsP45"
	"Statement46" [label="Statement"]
	"StatementsP45" -> "Statement46"
	"Assignment47" [label="Assignment"]
	"Statement46" -> "Assignment47"
	"m48" [label="m",style=filled,fillcolor=powderblue]
	"Assignment47" -> "m48"
	"[49" [label="[",style=filled,fillcolor=powderblue]
	"Assignment47" -> "[49"
	"Expression50" [label="Expression"]
	"Assignment47" -> "Expression50"
	"Term51" [label="Term"]
	"Expression50" -> "Term51"
	"Factor52" [label="Factor"]
	"Term51" -> "Factor52"
	"Thing53" [label="Thing"]
	"Factor52" -> "Thing53"
	"num54" [label="num",style=filled,fillcolor=powderblue]
	"Thing53" -> "num54"
	"FactorP55" [label="FactorP"]
	"Factor52" -> "FactorP55"
	"e56" [label="e"]
	"FactorP55" -> "e56"
	"TermP57" [label="TermP"]
	"Term51" -> "TermP57"
	"e58" [label="e"]
	"TermP57" -> "e58"
	"ExpressionP59" [label="ExpressionP"]
	"Expression50" -> "ExpressionP59"
	"e60" [label="e"]
	"ExpressionP59" -> "e60"
	"]61" [label="]",style=filled,fillcolor=powderblue]
	"Assignment47" -> "]61"
	"=62" [label="=",style=filled,fillcolor=powderblue]
	"Assignment47" -> "=62"
	"Expression63" [label="Expression"]
	"Assignment47" -> "Expression63"
	"Term64" [label="Term"]
	"Expression63" -> "Term64"
	"Factor65" [label="Factor"]
	"Term64" -> "Factor65"
	"Thing66" [label="Thing"]
	"Factor65" -> "Thing66"
	"num67" [label="num",style=filled,fillcolor=powderblue]
	"Thing66" -> "num67"
	"FactorP68" [label="FactorP"]
	"Factor65" -> "FactorP68"
	"e69" [label="e"]
	"FactorP68" -> "e69"
	"TermP70" [label="TermP"]
	"Term64" -> "TermP70"
	"e71" [label="e"]
	"TermP70" -> "e71"
	"ExpressionP72" [label="ExpressionP"]
	"Expression63" -> "ExpressionP72"
	"+73" [label="+",style=filled,fillcolor=powderblue]
	"ExpressionP72" -> "+73"
	"Term74" [label="Term"]
	"ExpressionP72" -> "Term74"
	"Factor75" [label="Factor"]
	"Term74" -> "Factor75"
	"Thing76" [label="Thing"]
	"Factor75" -> "Thing76"
	"num77" [label="num",style=filled,fillcolor=powderblue]
	"Thing76" -> "num77"
	"FactorP78" [label="FactorP"]
	"Factor75" -> "FactorP78"
	"e79" [label="e"]
	"FactorP78" -> "e79"
	"TermP80" [label="TermP"]
	"Term74" -> "TermP80"
	"e81" [label="e"]
	"TermP80" -> "e81"
	"ExpressionP82" [label="ExpressionP"]
	"ExpressionP72" -> "ExpressionP82"
	"e83" [label="e"]
	"ExpressionP82" -> "e83"
	"StatementsP84" [label="StatementsP"]
	"StatementsP45" -> "StatementsP84"
	"Statement85" [label="Statement"]
	"StatementsP84" -> "Statement85"
	"Assignment86" [label="Assignment"]
	"Statement85" -> "Assignment86"
	"m87" [label="m",style=filled,fillcolor=powderblue]
	"Assignment86" -> "m87"
	"[88" [label="[",style=filled,fillcolor=powderblue]
	"Assignment86" -> "[88"
	"Expression89" [label="Expression"]
	"Assignment86" -> "Expression89"
	"Term90" [label="Term"]
	"Expression89" -> "Term90"
	"Factor91" [label="Factor"]
	"Term90" -> "Factor91"
	"Thing92" [label="Thing"]
	"Factor91" -> "Thing92"
	"num93" [label="num",style=filled,fillcolor=powderblue]
	"Thing92" -> "num93"
	"FactorP94" [label="FactorP"]
	"Factor91" -> "FactorP94"
	"e95" [label="e"]
	"FactorP94" -> "e95"
	"TermP96" [label="TermP"]
	"Term90" -> "TermP96"
	"e97" [label="e"]
	"TermP96" -> "e97"
	"ExpressionP98" [label="ExpressionP"]
	"Expression89" -> "ExpressionP98"
	"e99" [label="e"]
	"ExpressionP98" -> "e99"
	"]100" [label="]",style=filled,fillcolor=powderblue]
	"Assignment86" -> "]100"
	"=101" [label="=",style=filled,fillcolor=powderblue]
	"Assignment86" -> "=101"
	"Expression102" [label="Expression"]
	"Assignment86" -> "Expression102"
	"Term103" [label="Term"]
	"Expression102" -> "Term103"
	"Factor104" [label="Factor"]
	"Term103" -> "Factor104"
	"Thing105" [label="Thing"]
	"Factor104" -> "Thing105"
	"num106" [label="num",style=filled,fillcolor=powderblue]
	"Thing105" -> "num106"
	"FactorP107" [label="FactorP"]
	"Factor104" -> "FactorP107"
	"e108" [label="e"]
	"FactorP107" -> "e108"
	"TermP109" [label="TermP"]
	"Term103" -> "TermP109"
	"e110" [label="e"]
	"TermP109" -> "e110"
	"ExpressionP111" [label="ExpressionP"]
	"Expression102" -> "ExpressionP111"
	"-112" [label="-",style=filled,fillcolor=powderblue]
	"ExpressionP111" -> "-112"
	"Term113" [label="Term"]
	"ExpressionP111" -> "Term113"
	"Factor114" [label="Factor"]
	"Term113" -> "Factor114"
	"Thing115" [label="Thing"]
	"Factor114" -> "Thing115"
	"(116" [label="(",style=filled,fillcolor=powderblue]
	"Thing115" -> "(116"
	"Expression117" [label="Expression"]
	"Thing115" -> "Expression117"
	"Term118" [label="Term"]
	"Expression117" -> "Term118"
	"Factor119" [label="Factor"]
	"Term118" -> "Factor119"
	"Thing120" [label="Thing"]
	"Factor119" -> "Thing120"
	"m121" [label="m",style=filled,fillcolor=powderblue]
	"Thing120" -> "m121"
	"[122" [label="[",style=filled,fillcolor=powderblue]
	"Thing120" -> "[122"
	"Expression123" [label="Expression"]
	"Thing120" -> "Expression123"
	"Term124" [label="Term"]
	"Expression123" -> "Term124"
	"Factor125" [label="Factor"]
	"Term124" -> "Factor125"
	"Thing126" [label="Thing"]
	"Factor125" -> "Thing126"
	"num127" [label="num",style=filled,fillcolor=powderblue]
	"Thing126" -> "num127"
	"FactorP128" [label="FactorP"]
	"Factor125" -> "FactorP128"
	"e129" [label="e"]
	"FactorP128" -> "e129"
	"TermP130" [label="TermP"]
	"Term124" -> "TermP130"
	"e131" [label="e"]
	"TermP130" -> "e131"
	"ExpressionP132" [label="ExpressionP"]
	"Expression123" -> "ExpressionP132"
	"e133" [label="e"]
	"ExpressionP132" -> "e133"
	"]134" [label="]",style=filled,fillcolor=powderblue]
	"Thing120" -> "]134"
	"FactorP135" [label="FactorP"]
	"Factor119" -> "FactorP135"
	"e136" [label="e"]
	"FactorP135" -> "e136"
	"TermP137" [label="TermP"]
	"Term118" -> "TermP137"
	"e138" [label="e"]
	"TermP137" -> "e138"
	"ExpressionP139" [label="ExpressionP"]
	"Expression117" -> "ExpressionP139"
	"-140" [label="-",style=filled,fillcolor=powderblue]
	"ExpressionP139" -> "-140"
	"Term141" [label="Term"]
	"ExpressionP139" -> "Term141"
	"Factor142" [label="Factor"]
	"Term141" -> "Factor142"
	"Thing143" [label="Thing"]
	"Factor142" -> "Thing143"
	"num144" [label="num",style=filled,fillcolor=powderblue]
	"Thing143" -> "num144"
	"FactorP145" [label="FactorP"]
	"Factor142" -> "FactorP145"
	"e146" [label="e"]
	"FactorP145" -> "e146"
	"TermP147" [label="TermP"]
	"Term141" -> "TermP147"
	"e148" [label="e"]
	"TermP147" -> "e148"
	"ExpressionP149" [label="ExpressionP"]
	"ExpressionP139" -> "ExpressionP149"
	"e150" [label="e"]
	"ExpressionP149" -> "e150"
	")151" [label=")",style=filled,fillcolor=powderblue]
	"Thing115" -> ")151"
	"FactorP152" [label="FactorP"]
	"Factor114" -> "FactorP152"
	"e153" [label="e"]
	"FactorP152" -> "e153"
	"TermP154" [label="TermP"]
	"Term113" -> "TermP154"
	"e155" [label="e"]
	"TermP154" -> "e155"
	"ExpressionP156" [label="ExpressionP"]
	"ExpressionP111" -> "ExpressionP156"
	"e157" [label="e"]
	"ExpressionP156" -> "e157"
	"StatementsP158" [label="StatementsP"]
	"StatementsP84" -> "StatementsP158"
	"Statement159" [label="Statement"]
	"StatementsP158" -> "Statement159"
	"Assignment160" [label="Assignment"]
	"Statement159" -> "Assignment160"
	"m161" [label="m",style=filled,fillcolor=powderblue]
	"Assignment160" -> "m161"
	"[162" [label="[",style=filled,fillcolor=powderblue]
	"Assignment160" -> "[162"
	"Expression163" [label="Expression"]
	"Assignment160" -> "Expression163"
	"Term164" [label="Term"]
	"Expression163" -> "Term164"
	"Factor165" [label="Factor"]
	"Term164" -> "Factor165"
	"Thing166" [label="Thing"]
	"Factor165" -> "Thing166"
	"num167" [label="num",style=filled,fillcolor=powderblue]
	"Thing166" -> "num167"
	"FactorP168" [label="FactorP"]
	"Factor165" -> "FactorP168"
	"e169" [label="e"]
	"FactorP168" -> "e169"
	"TermP170" [label="TermP"]
	"Term164" -> "TermP170"
	"e171" [label="e"]
	"TermP170" -> "e171"
	"ExpressionP172" [label="ExpressionP"]
	"Expression163" -> "ExpressionP172"
	"e173" [label="e"]
	"ExpressionP172" -> "e173"
	"]174" [label="]",style=filled,fillcolor=powderblue]
	"Assignment160" -> "]174"
	"=175" [label="=",style=filled,fillcolor=powderblue]
	"Assignment160" -> "=175"
	"Expression176" [label="Expression"]
	"Assignment160" -> "Expression176"
	"Term177" [label="Term"]
	"Expression176" -> "Term177"
	"Factor178" [label="Factor"]
	"Term177" -> "Factor178"
	"Thing179" [label="Thing"]
	"Factor178" -> "Thing179"
	"num180" [label="num",style=filled,fillcolor=powderblue]
	"Thing179" -> "num180"
	"FactorP181" [label="FactorP"]
	"Factor178" -> "FactorP181"
	"e182" [label="e"]
	"FactorP181" -> "e182"
	"TermP183" [label="TermP"]
	"Term177" -> "TermP183"
	"/184" [label="/",style=filled,fillcolor=powderblue]
	"TermP183" -> "/184"
	"Factor185" [label="Factor"]
	"TermP183" -> "Factor185"
	"Thing186" [label="Thing"]
	"Factor185" -> "Thing186"
	"num187" [label="num",style=filled,fillcolor=powderblue]
	"Thing186" -> "num187"
	"FactorP188" [label="FactorP"]
	"Factor185" -> "FactorP188"
	"e189" [label="e"]
	"FactorP188" -> "e189"
	"TermP190" [label="TermP"]
	"TermP183" -> "TermP190"
	"*191" [label="*",style=filled,fillcolor=powderblue]
	"TermP190" -> "*191"
	"Factor192" [label="Factor"]
	"TermP190" -> "Factor192"
	"Thing193" [label="Thing"]
	"Factor192" -> "Thing193"
	"num194" [label="num",style=filled,fillcolor=powderblue]
	"Thing193" -> "num194"
	"FactorP195" [label="FactorP"]
	"Factor192" -> "FactorP195"
	"e196" [label="e"]
	"FactorP195" -> "e196"
	"TermP197" [label="TermP"]
	"TermP190" -> "TermP197"
	"e198" [label="e"]
	"TermP197" -> "e198"
	"ExpressionP199" [label="ExpressionP"]
	"Expression176" -> "ExpressionP199"
	"e200" [label="e"]
	"ExpressionP199" -> "e200"
	"StatementsP201" [label="StatementsP"]
	"StatementsP158" -> "StatementsP201"
	"Statement202" [label="Statement"]
	"StatementsP201" -> "Statement202"
	"Assignment203" [label="Assignment"]
	"Statement202" -> "Assignment203"
	"m204" [label="m",style=filled,fillcolor=powderblue]
	"Assignment203" -> "m204"
	"[205" [label="[",style=filled,fillcolor=powderblue]
	"Assignment203" -> "[205"
	"Expression206" [label="Expression"]
	"Assignment203" -> "Expression206"
	"Term207" [label="Term"]
	"Expression206" -> "Term207"
	"Factor208" [label="Factor"]
	"Term207" -> "Factor208"
	"Thing209" [label="Thing"]
	"Factor208" -> "Thing209"
	"num210" [label="num",style=filled,fillcolor=powderblue]
	"Thing209" -> "num210"
	"FactorP211" [label="FactorP"]
	"Factor208" -> "FactorP211"
	"e212" [label="e"]
	"FactorP211" -> "e212"
	"TermP213" [label="TermP"]
	"Term207" -> "TermP213"
	"e214" [label="e"]
	"TermP213" -> "e214"
	"ExpressionP215" [label="ExpressionP"]
	"Expression206" -> "ExpressionP215"
	"e216" [label="e"]
	"ExpressionP215" -> "e216"
	"]217" [label="]",style=filled,fillcolor=powderblue]
	"Assignment203" -> "]217"
	"=218" [label="=",style=filled,fillcolor=powderblue]
	"Assignment203" -> "=218"
	"Expression219" [label="Expression"]
	"Assignment203" -> "Expression219"
	"Term220" [label="Term"]
	"Expression219" -> "Term220"
	"Factor221" [label="Factor"]
	"Term220" -> "Factor221"
	"Thing222" [label="Thing"]
	"Factor221" -> "Thing222"
	"num223" [label="num",style=filled,fillcolor=powderblue]
	"Thing222" -> "num223"
	"FactorP224" [label="FactorP"]
	"Factor221" -> "FactorP224"
	"e225" [label="e"]
	"FactorP224" -> "e225"
	"TermP226" [label="TermP"]
	"Term220" -> "TermP226"
	"e227" [label="e"]
	"TermP226" -> "e227"
	"ExpressionP228" [label="ExpressionP"]
	"Expression219" -> "ExpressionP228"
	"+229" [label="+",style=filled,fillcolor=powderblue]
	"ExpressionP228" -> "+229"
	"Term230" [label="Term"]
	"ExpressionP228" -> "Term230"
	"Factor231" [label="Factor"]
	"Term230" -> "Factor231"
	"Thing232" [label="Thing"]
	"Factor231" -> "Thing232"
	"m233" [label="m",style=filled,fillcolor=powderblue]
	"Thing232" -> "m233"
	"[234" [label="[",style=filled,fillcolor=powderblue]
	"Thing232" -> "[234"
	"Expression235" [label="Expression"]
	"Thing232" -> "Expression235"
	"Term236" [label="Term"]
	"Expression235" -> "Term236"
	"Factor237" [label="Factor"]
	"Term236" -> "Factor237"
	"Thing238" [label="Thing"]
	"Factor237" -> "Thing238"
	"num239" [label="num",style=filled,fillcolor=powderblue]
	"Thing238" -> "num239"
	"FactorP240" [label="FactorP"]
	"Factor237" -> "FactorP240"
	"e241" [label="e"]
	"FactorP240" -> "e241"
	"TermP242" [label="TermP"]
	"Term236" -> "TermP242"
	"e243" [label="e"]
	"TermP242" -> "e243"
	"ExpressionP244" [label="ExpressionP"]
	"Expression235" -> "ExpressionP244"
	"e245" [label="e"]
	"ExpressionP244" -> "e245"
	"]246" [label="]",style=filled,fillcolor=powderblue]
	"Thing232" -> "]246"
	"FactorP247" [label="FactorP"]
	"Factor231" -> "FactorP247"
	"e248" [label="e"]
	"FactorP247" -> "e248"
	"TermP249" [label="TermP"]
	"Term230" -> "TermP249"
	"e250" [label="e"]
	"TermP249" -> "e250"
	"ExpressionP251" [label="ExpressionP"]
	"ExpressionP228" -> "ExpressionP251"
	"e252" [label="e"]
	"ExpressionP251" -> "e252"
	"StatementsP253" [label="StatementsP"]
	"StatementsP201" -> "StatementsP253"
	"Statement254" [label="Statement"]
	"StatementsP253" -> "Statement254"
	"Assignment255" [label="Assignment"]
	"Statement254" -> "Assignment255"
	"m256" [label="m",style=filled,fillcolor=powderblue]
	"Assignment255" -> "m256"
	"[257" [label="[",style=filled,fillcolor=powderblue]
	"Assignment255" -> "[257"
	"Expression258" [label="Expression"]
	"Assignment255" -> "Expression258"
	"Term259" [label="Term"]
	"Expression258" -> "Term259"
	"Factor260" [label="Factor"]
	"Term259" -> "Factor260"
	"Thing261" [label="Thing"]
	"Factor260" -> "Thing261"
	"num262" [label="num",style=filled,fillcolor=powderblue]
	"Thing261" -> "num262"
	"FactorP263" [label="FactorP"]
	"Factor260" -> "FactorP263"
	"e264" [label="e"]
	"FactorP263" -> "e264"
	"TermP265" [label="TermP"]
	"Term259" -> "TermP265"
	"e266" [label="e"]
	"TermP265" -> "e266"
	"ExpressionP267" [label="ExpressionP"]
	"Expression258" -> "ExpressionP267"
	"e268" [label="e"]
	"ExpressionP267" -> "e268"
	"]269" [label="]",style=filled,fillcolor=powderblue]
	"Assignment255" -> "]269"
	"=270" [label="=",style=filled,fillcolor=powderblue]
	"Assignment255" -> "=270"
	"Expression271" [label="Expression"]
	"Assignment255" -> "Expression271"
	"Term272" [label="Term"]
	"Expression271" -> "Term272"
	"Factor273" [label="Factor"]
	"Term272" -> "Factor273"
	"Thing274" [label="Thing"]
	"Factor273" -> "Thing274"
	"num275" [label="num",style=filled,fillcolor=powderblue]
	"Thing274" -> "num275"
	"FactorP276" [label="FactorP"]
	"Factor273" -> "FactorP276"
	"e277" [label="e"]
	"FactorP276" -> "e277"
	"TermP278" [label="TermP"]
	"Term272" -> "TermP278"
	"e279" [label="e"]
	"TermP278" -> "e279"
	"ExpressionP280" [label="ExpressionP"]
	"Expression271" -> "ExpressionP280"
	"-281" [label="-",style=filled,fillcolor=powderblue]
	"ExpressionP280" -> "-281"
	"Term282" [label="Term"]
	"ExpressionP280" -> "Term282"
	"Factor283" [label="Factor"]
	"Term282" -> "Factor283"
	"Thing284" [label="Thing"]
	"Factor283" -> "Thing284"
	"m285" [label="m",style=filled,fillcolor=powderblue]
	"Thing284" -> "m285"
	"[286" [label="[",style=filled,fillcolor=powderblue]
	"Thing284" -> "[286"
	"Expression287" [label="Expression"]
	"Thing284" -> "Expression287"
	"Term288" [label="Term"]
	"Expression287" -> "Term288"
	"Factor289" [label="Factor"]
	"Term288" -> "Factor289"
	"Thing290" [label="Thing"]
	"Factor289" -> "Thing290"
	"num291" [label="num",style=filled,fillcolor=powderblue]
	"Thing290" -> "num291"
	"FactorP292" [label="FactorP"]
	"Factor289" -> "FactorP292"
	"**293" [label="**",style=filled,fillcolor=powderblue]
	"FactorP292" -> "**293"
	"Thing294" [label="Thing"]
	"FactorP292" -> "Thing294"
	"num295" [label="num",style=filled,fillcolor=powderblue]
	"Thing294" -> "num295"
	"FactorP296" [label="FactorP"]
	"FactorP292" -> "FactorP296"
	"e297" [label="e"]
	"FactorP296" -> "e297"
	"TermP298" [label="TermP"]
	"Term288" -> "TermP298"
	"*299" [label="*",style=filled,fillcolor=powderblue]
	"TermP298" -> "*299"
	"Factor300" [label="Factor"]
	"TermP298" -> "Factor300"
	"Thing301" [label="Thing"]
	"Factor300" -> "Thing301"
	"num302" [label="num",style=filled,fillcolor=powderblue]
	"Thing301" -> "num302"
	"FactorP303" [label="FactorP"]
	"Factor300" -> "FactorP303"
	"e304" [label="e"]
	"FactorP303" -> "e304"
	"TermP305" [label="TermP"]
	"TermP298" -> "TermP305"
	"e306" [label="e"]
	"TermP305" -> "e306"
	"ExpressionP307" [label="ExpressionP"]
	"Expression287" -> "ExpressionP307"
	"-308" [label="-",style=filled,fillcolor=powderblue]
	"ExpressionP307" -> "-308"
	"Term309" [label="Term"]
	"ExpressionP307" -> "Term309"
	"Factor310" [label="Factor"]
	"Term309" -> "Factor310"
	"Thing311" [label="Thing"]
	"Factor310" -> "Thing311"
	"num312" [label="num",style=filled,fillcolor=powderblue]
	"Thing311" -> "num312"
	"FactorP313" [label="FactorP"]
	"Factor310" -> "FactorP313"
	"e314" [label="e"]
	"FactorP313" -> "e314"
	"TermP315" [label="TermP"]
	"Term309" -> "TermP315"
	"e316" [label="e"]
	"TermP315" -> "e316"
	"ExpressionP317" [label="ExpressionP"]
	"ExpressionP307" -> "ExpressionP317"
	"e318" [label="e"]
	"ExpressionP317" -> "e318"
	"]319" [label="]",style=filled,fillcolor=powderblue]
	"Thing284" -> "]319"
	"FactorP320" [label="FactorP"]
	"Factor283" -> "FactorP320"
	"e321" [label="e"]
	"FactorP320" -> "e321"
	"TermP322" [label="TermP"]
	"Term282" -> "TermP322"
	"e323" [label="e"]
	"TermP322" -> "e323"
	"ExpressionP324" [label="ExpressionP"]
	"ExpressionP280" -> "ExpressionP324"
	"-325" [label="-",style=filled,fillcolor=powderblue]
	"ExpressionP324" -> "-325"
	"Term326" [label="Term"]
	"ExpressionP324" -> "Term326"
	"Factor327" [label="Factor"]
	"Term326" -> "Factor327"
	"Thing328" [label="Thing"]
	"Factor327" -> "Thing328"
	"num329" [label="num",style=filled,fillcolor=powderblue]
	"Thing328" -> "num329"
	"FactorP330" [label="FactorP"]
	"Factor327" -> "FactorP330"
	"e331" [label="e"]
	"FactorP330" -> "e331"
	"TermP332" [label="TermP"]
	"Term326" -> "TermP332"
	"e333" [label="e"]
	"TermP332" -> "e333"
	"ExpressionP334" [label="ExpressionP"]
	"ExpressionP324" -> "ExpressionP334"
	"e335" [label="e"]
	"ExpressionP334" -> "e335"
	"StatementsP336" [label="StatementsP"]
	"StatementsP253" -> "StatementsP336"
	"Statement337" [label="Statement"]
	"StatementsP336" -> "Statement337"
	"Label338" [label="Label"]
	"Statement337" -> "Label338"
	"L339" [label="L",style=filled,fillcolor=powderblue]
	"Label338" -> "L339"
	"num340" [label="num",style=filled,fillcolor=powderblue]
	"Label338" -> "num340"
	":341" [label=":",style=filled,fillcolor=powderblue]
	"Label338" -> ":341"
	"StatementsP342" [label="StatementsP"]
	"StatementsP336" -> "StatementsP342"
	"Statement343" [label="Statement"]
	"StatementsP342" -> "Statement343"
	"Assignment344" [label="Assignment"]
	"Statement343" -> "Assignment344"
	"m345" [label="m",style=filled,fillcolor=powderblue]
	"Assignment344" -> "m345"
	"[346" [label="[",style=filled,fillcolor=powderblue]
	"Assignment344" -> "[346"
	"Expression347" [label="Expression"]
	"Assignment344" -> "Expression347"
	"Term348" [label="Term"]
	"Expression347" -> "Term348"
	"Factor349" [label="Factor"]
	"Term348" -> "Factor349"
	"Thing350" [label="Thing"]
	"Factor349" -> "Thing350"
	"num351" [label="num",style=filled,fillcolor=powderblue]
	"Thing350" -> "num351"
	"FactorP352" [label="FactorP"]
	"Factor349" -> "FactorP352"
	"e353" [label="e"]
	"FactorP352" -> "e353"
	"TermP354" [label="TermP"]
	"Term348" -> "TermP354"
	"e355" [label="e"]
	"TermP354" -> "e355"
	"ExpressionP356" [label="ExpressionP"]
	"Expression347" -> "ExpressionP356"
	"e357" [label="e"]
	"ExpressionP356" -> "e357"
	"]358" [label="]",style=filled,fillcolor=powderblue]
	"Assignment344" -> "]358"
	"=359" [label="=",style=filled,fillcolor=powderblue]
	"Assignment344" -> "=359"
	"Expression360" [label="Expression"]
	"Assignment344" -> "Expression360"
	"Term361" [label="Term"]
	"Expression360" -> "Term361"
	"Factor362" [label="Factor"]
	"Term361" -> "Factor362"
	"Thing363" [label="Thing"]
	"Factor362" -> "Thing363"
	"num364" [label="num",style=filled,fillcolor=powderblue]
	"Thing363" -> "num364"
	"FactorP365" [label="FactorP"]
	"Factor362" -> "FactorP365"
	"e366" [label="e"]
	"FactorP365" -> "e366"
	"TermP367" [label="TermP"]
	"Term361" -> "TermP367"
	"e368" [label="e"]
	"TermP367" -> "e368"
	"ExpressionP369" [label="ExpressionP"]
	"Expression360" -> "ExpressionP369"
	"-370" [label="-",style=filled,fillcolor=powderblue]
	"ExpressionP369" -> "-370"
	"Term371" [label="Term"]
	"ExpressionP369" -> "Term371"
	"Factor372" [label="Factor"]
	"Term371" -> "Factor372"
	"Thing373" [label="Thing"]
	"Factor372" -> "Thing373"
	"(374" [label="(",style=filled,fillcolor=powderblue]
	"Thing373" -> "(374"
	"Expression375" [label="Expression"]
	"Thing373" -> "Expression375"
	"Term376" [label="Term"]
	"Expression375" -> "Term376"
	"Factor377" [label="Factor"]
	"Term376" -> "Factor377"
	"Thing378" [label="Thing"]
	"Factor377" -> "Thing378"
	"m379" [label="m",style=filled,fillcolor=powderblue]
	"Thing378" -> "m379"
	"[380" [label="[",style=filled,fillcolor=powderblue]
	"Thing378" -> "[380"
	"Expression381" [label="Expression"]
	"Thing378" -> "Expression381"
	"Term382" [label="Term"]
	"Expression381" -> "Term382"
	"Factor383" [label="Factor"]
	"Term382" -> "Factor383"
	"Thing384" [label="Thing"]
	"Factor383" -> "Thing384"
	"num385" [label="num",style=filled,fillcolor=powderblue]
	"Thing384" -> "num385"
	"FactorP386" [label="FactorP"]
	"Factor383" -> "FactorP386"
	"e387" [label="e"]
	"FactorP386" -> "e387"
	"TermP388" [label="TermP"]
	"Term382" -> "TermP388"
	"e389" [label="e"]
	"TermP388" -> "e389"
	"ExpressionP390" [label="ExpressionP"]
	"Expression381" -> "ExpressionP390"
	"e391" [label="e"]
	"ExpressionP390" -> "e391"
	"]392" [label="]",style=filled,fillcolor=powderblue]
	"Thing378" -> "]392"
	"FactorP393" [label="FactorP"]
	"Factor377" -> "FactorP393"
	"e394" [label="e"]
	"FactorP393" -> "e394"
	"TermP395" [label="TermP"]
	"Term376" -> "TermP395"
	"e396" [label="e"]
	"TermP395" -> "e396"
	"ExpressionP397" [label="ExpressionP"]
	"Expression375" -> "ExpressionP397"
	"-398" [label="-",style=filled,fillcolor=powderblue]
	"ExpressionP397" -> "-398"
	"Term399" [label="Term"]
	"ExpressionP397" -> "Term399"
	"Factor400" [label="Factor"]
	"Term399" -> "Factor400"
	"Thing401" [label="Thing"]
	"Factor400" -> "Thing401"
	"num402" [label="num",style=filled,fillcolor=powderblue]
	"Thing401" -> "num402"
	"FactorP403" [label="FactorP"]
	"Factor400" -> "FactorP403"
	"e404" [label="e"]
	"FactorP403" -> "e404"
	"TermP405" [label="TermP"]
	"Term399" -> "TermP405"
	"e406" [label="e"]
	"TermP405" -> "e406"
	"ExpressionP407" [label="ExpressionP"]
	"ExpressionP397" -> "ExpressionP407"
	"e408" [label="e"]
	"ExpressionP407" -> "e408"
	")409" [label=")",style=filled,fillcolor=powderblue]
	"Thing373" -> ")409"
	"FactorP410" [label="FactorP"]
	"Factor372" -> "FactorP410"
	"e411" [label="e"]
	"FactorP410" -> "e411"
	"TermP412" [label="TermP"]
	"Term371" -> "TermP412"
	"e413" [label="e"]
	"TermP412" -> "e413"
	"ExpressionP414" [label="ExpressionP"]
	"ExpressionP369" -> "ExpressionP414"
	"e415" [label="e"]
	"ExpressionP414" -> "e415"
	"StatementsP416" [label="StatementsP"]
	"StatementsP342" -> "StatementsP416"
	"Statement417" [label="Statement"]
	"StatementsP416" -> "Statement417"
	"Assignment418" [label="Assignment"]
	"Statement417" -> "Assignment418"
	"m419" [label="m",style=filled,fillcolor=powderblue]
	"Assignment418" -> "m419"
	"[420" [label="[",style=filled,fillcolor=powderblue]
	"Assignment418" -> "[420"
	"Expression421" [label="Expression"]
	"Assignment418" -> "Expression421"
	"Term422" [label="Term"]
	"Expression421" -> "Term422"
	"Factor423" [label="Factor"]
	"Term422" -> "Factor423"
	"Thing424" [label="Thing"]
	"Factor423" -> "Thing424"
	"num425" [label="num",style=filled,fillcolor=powderblue]
	"Thing424" -> "num425"
	"FactorP426" [label="FactorP"]
	"Factor423" -> "FactorP426"
	"e427" [label="e"]
	"FactorP426" -> "e427"
	"TermP428" [label="TermP"]
	"Term422" -> "TermP428"
	"e429" [label="e"]
	"TermP428" -> "e429"
	"ExpressionP430" [label="ExpressionP"]
	"Expression421" -> "ExpressionP430"
	"e431" [label="e"]
	"ExpressionP430" -> "e431"
	"]432" [label="]",style=filled,fillcolor=powderblue]
	"Assignment418" -> "]432"
	"=433" [label="=",style=filled,fillcolor=powderblue]
	"Assignment418" -> "=433"
	"Expression434" [label="Expression"]
	"Assignment418" -> "Expression434"
	"Term435" [label="Term"]
	"Expression434" -> "Term435"
	"Factor436" [label="Factor"]
	"Term435" -> "Factor436"
	"Thing437" [label="Thing"]
	"Factor436" -> "Thing437"
	"num438" [label="num",style=filled,fillcolor=powderblue]
	"Thing437" -> "num438"
	"FactorP439" [label="FactorP"]
	"Factor436" -> "FactorP439"
	"e440" [label="e"]
	"FactorP439" -> "e440"
	"TermP441" [label="TermP"]
	"Term435" -> "TermP441"
	"/442" [label="/",style=filled,fillcolor=powderblue]
	"TermP441" -> "/442"
	"Factor443" [label="Factor"]
	"TermP441" -> "Factor443"
	"Thing444" [label="Thing"]
	"Factor443" -> "Thing444"
	"num445" [label="num",style=filled,fillcolor=powderblue]
	"Thing444" -> "num445"
	"FactorP446" [label="FactorP"]
	"Factor443" -> "FactorP446"
	"**447" [label="**",style=filled,fillcolor=powderblue]
	"FactorP446" -> "**447"
	"Thing448" [label="Thing"]
	"FactorP446" -> "Thing448"
syntax error: found * in parsing Thing - line 9
