digraph G {
	"Start1" [label="Start"]
	"Statements2" [label="Statements"]
	"Start1" -> "Statements2"
	"Statement3" [label="Statement"]
	"Statements2" -> "Statement3"
	"Assignment4" [label="Assignment"]
	"Statement3" -> "Assignment4"
	"m5" [label="m",style=filled,fillcolor=powderblue]
	"Assignment4" -> "m5"
	"[6" [label="[",style=filled,fillcolor=powderblue]
	"Assignment4" -> "[6"
	"Expression7" [label="Expression"]
	"Assignment4" -> "Expression7"
	"Term8" [label="Term"]
	"Expression7" -> "Term8"
	"Factor9" [label="Factor"]
	"Term8" -> "Factor9"
	"Thing10" [label="Thing"]
	"Factor9" -> "Thing10"
	"num11" [label="num",style=filled,fillcolor=powderblue]
	"Thing10" -> "num11"
	"FactorP12" [label="FactorP"]
	"Factor9" -> "FactorP12"
	"e13" [label="e"]
	"FactorP12" -> "e13"
	"TermP14" [label="TermP"]
	"Term8" -> "TermP14"
	"e15" [label="e"]
	"TermP14" -> "e15"
	"ExpressionP16" [label="ExpressionP"]
	"Expression7" -> "ExpressionP16"
	"e17" [label="e"]
	"ExpressionP16" -> "e17"
	"]18" [label="]",style=filled,fillcolor=powderblue]
	"Assignment4" -> "]18"
	"=19" [label="=",style=filled,fillcolor=powderblue]
	"Assignment4" -> "=19"
	"Expression20" [label="Expression"]
	"Assignment4" -> "Expression20"
	"Term21" [label="Term"]
	"Expression20" -> "Term21"
	"Factor22" [label="Factor"]
	"Term21" -> "Factor22"
	"Thing23" [label="Thing"]
	"Factor22" -> "Thing23"
	"num24" [label="num",style=filled,fillcolor=powderblue]
	"Thing23" -> "num24"
	"FactorP25" [label="FactorP"]
	"Factor22" -> "FactorP25"
	"e26" [label="e"]
	"FactorP25" -> "e26"
	"TermP27" [label="TermP"]
	"Term21" -> "TermP27"
	"e28" [label="e"]
	"TermP27" -> "e28"
	"ExpressionP29" [label="ExpressionP"]
	"Expression20" -> "ExpressionP29"
	"+30" [label="+",style=filled,fillcolor=powderblue]
	"ExpressionP29" -> "+30"
	"Term31" [label="Term"]
	"ExpressionP29" -> "Term31"
	"Factor32" [label="Factor"]
	"Term31" -> "Factor32"
	"Thing33" [label="Thing"]
	"Factor32" -> "Thing33"
	"num34" [label="num",style=filled,fillcolor=powderblue]
	"Thing33" -> "num34"
	"FactorP35" [label="FactorP"]
	"Factor32" -> "FactorP35"
	"e36" [label="e"]
	"FactorP35" -> "e36"
	"TermP37" [label="TermP"]
	"Term31" -> "TermP37"
	"e38" [label="e"]
	"TermP37" -> "e38"
	"ExpressionP39" [label="ExpressionP"]
	"ExpressionP29" -> "ExpressionP39"
	"e40" [label="e"]
	"ExpressionP39" -> "e40"
	"StatementsP41" [label="StatementsP"]
	"Statements2" -> "StatementsP41"
	"Statement42" [label="Statement"]
	"StatementsP41" -> "Statement42"
	"Assignment43" [label="Assignment"]
	"Statement42" -> "Assignment43"
	"m44" [label="m",style=filled,fillcolor=powderblue]
	"Assignment43" -> "m44"
	"[45" [label="[",style=filled,fillcolor=powderblue]
	"Assignment43" -> "[45"
	"Expression46" [label="Expression"]
	"Assignment43" -> "Expression46"
	"Term47" [label="Term"]
	"Expression46" -> "Term47"
	"Factor48" [label="Factor"]
	"Term47" -> "Factor48"
	"Thing49" [label="Thing"]
	"Factor48" -> "Thing49"
	"num50" [label="num",style=filled,fillcolor=powderblue]
	"Thing49" -> "num50"
	"FactorP51" [label="FactorP"]
	"Factor48" -> "FactorP51"
	"e52" [label="e"]
	"FactorP51" -> "e52"
	"TermP53" [label="TermP"]
	"Term47" -> "TermP53"
	"e54" [label="e"]
	"TermP53" -> "e54"
	"ExpressionP55" [label="ExpressionP"]
	"Expression46" -> "ExpressionP55"
	"e56" [label="e"]
	"ExpressionP55" -> "e56"
	"]57" [label="]",style=filled,fillcolor=powderblue]
	"Assignment43" -> "]57"
	"=58" [label="=",style=filled,fillcolor=powderblue]
	"Assignment43" -> "=58"
	"Expression59" [label="Expression"]
	"Assignment43" -> "Expression59"
	"Term60" [label="Term"]
	"Expression59" -> "Term60"
	"Factor61" [label="Factor"]
	"Term60" -> "Factor61"
	"Thing62" [label="Thing"]
	"Factor61" -> "Thing62"
	"num63" [label="num",style=filled,fillcolor=powderblue]
	"Thing62" -> "num63"
	"FactorP64" [label="FactorP"]
	"Factor61" -> "FactorP64"
	"e65" [label="e"]
	"FactorP64" -> "e65"
	"TermP66" [label="TermP"]
	"Term60" -> "TermP66"
	"e67" [label="e"]
	"TermP66" -> "e67"
	"ExpressionP68" [label="ExpressionP"]
	"Expression59" -> "ExpressionP68"
	"-69" [label="-",style=filled,fillcolor=powderblue]
	"ExpressionP68" -> "-69"
	"Term70" [label="Term"]
	"ExpressionP68" -> "Term70"
	"Factor71" [label="Factor"]
	"Term70" -> "Factor71"
	"Thing72" [label="Thing"]
	"Factor71" -> "Thing72"
	"(73" [label="(",style=filled,fillcolor=powderblue]
	"Thing72" -> "(73"
	"Expression74" [label="Expression"]
	"Thing72" -> "Expression74"
	"Term75" [label="Term"]
	"Expression74" -> "Term75"
	"Factor76" [label="Factor"]
	"Term75" -> "Factor76"
	"Thing77" [label="Thing"]
	"Factor76" -> "Thing77"
	"m78" [label="m",style=filled,fillcolor=powderblue]
	"Thing77" -> "m78"
	"[79" [label="[",style=filled,fillcolor=powderblue]
	"Thing77" -> "[79"
	"Expression80" [label="Expression"]
	"Thing77" -> "Expression80"
	"Term81" [label="Term"]
	"Expression80" -> "Term81"
	"Factor82" [label="Factor"]
	"Term81" -> "Factor82"
	"Thing83" [label="Thing"]
	"Factor82" -> "Thing83"
	"num84" [label="num",style=filled,fillcolor=powderblue]
	"Thing83" -> "num84"
	"FactorP85" [label="FactorP"]
	"Factor82" -> "FactorP85"
	"e86" [label="e"]
	"FactorP85" -> "e86"
	"TermP87" [label="TermP"]
	"Term81" -> "TermP87"
	"e88" [label="e"]
	"TermP87" -> "e88"
	"ExpressionP89" [label="ExpressionP"]
	"Expression80" -> "ExpressionP89"
	"e90" [label="e"]
	"ExpressionP89" -> "e90"
	"]91" [label="]",style=filled,fillcolor=powderblue]
	"Thing77" -> "]91"
	"FactorP92" [label="FactorP"]
	"Factor76" -> "FactorP92"
	"e93" [label="e"]
	"FactorP92" -> "e93"
	"TermP94" [label="TermP"]
	"Term75" -> "TermP94"
	"e95" [label="e"]
	"TermP94" -> "e95"
	"ExpressionP96" [label="ExpressionP"]
	"Expression74" -> "ExpressionP96"
	"-97" [label="-",style=filled,fillcolor=powderblue]
	"ExpressionP96" -> "-97"
	"Term98" [label="Term"]
	"ExpressionP96" -> "Term98"
	"Factor99" [label="Factor"]
	"Term98" -> "Factor99"
	"Thing100" [label="Thing"]
	"Factor99" -> "Thing100"
	"num101" [label="num",style=filled,fillcolor=powderblue]
	"Thing100" -> "num101"
	"FactorP102" [label="FactorP"]
	"Factor99" -> "FactorP102"
	"e103" [label="e"]
	"FactorP102" -> "e103"
	"TermP104" [label="TermP"]
	"Term98" -> "TermP104"
	"e105" [label="e"]
	"TermP104" -> "e105"
	"ExpressionP106" [label="ExpressionP"]
	"ExpressionP96" -> "ExpressionP106"
	"e107" [label="e"]
	"ExpressionP106" -> "e107"
	")108" [label=")",style=filled,fillcolor=powderblue]
	"Thing72" -> ")108"
	"FactorP109" [label="FactorP"]
	"Factor71" -> "FactorP109"
	"e110" [label="e"]
	"FactorP109" -> "e110"
	"TermP111" [label="TermP"]
	"Term70" -> "TermP111"
	"e112" [label="e"]
	"TermP111" -> "e112"
	"ExpressionP113" [label="ExpressionP"]
	"ExpressionP68" -> "ExpressionP113"
	"e114" [label="e"]
	"ExpressionP113" -> "e114"
	"StatementsP115" [label="StatementsP"]
	"StatementsP41" -> "StatementsP115"
	"Statement116" [label="Statement"]
	"StatementsP115" -> "Statement116"
	"Assignment117" [label="Assignment"]
	"Statement116" -> "Assignment117"
	"m118" [label="m",style=filled,fillcolor=powderblue]
	"Assignment117" -> "m118"
	"[119" [label="[",style=filled,fillcolor=powderblue]
	"Assignment117" -> "[119"
	"Expression120" [label="Expression"]
	"Assignment117" -> "Expression120"
	"Term121" [label="Term"]
	"Expression120" -> "Term121"
	"Factor122" [label="Factor"]
	"Term121" -> "Factor122"
	"Thing123" [label="Thing"]
	"Factor122" -> "Thing123"
	"num124" [label="num",style=filled,fillcolor=powderblue]
	"Thing123" -> "num124"
	"FactorP125" [label="FactorP"]
	"Factor122" -> "FactorP125"
	"e126" [label="e"]
	"FactorP125" -> "e126"
	"TermP127" [label="TermP"]
	"Term121" -> "TermP127"
	"e128" [label="e"]
	"TermP127" -> "e128"
	"ExpressionP129" [label="ExpressionP"]
	"Expression120" -> "ExpressionP129"
	"e130" [label="e"]
	"ExpressionP129" -> "e130"
	"]131" [label="]",style=filled,fillcolor=powderblue]
	"Assignment117" -> "]131"
	"=132" [label="=",style=filled,fillcolor=powderblue]
	"Assignment117" -> "=132"
	"Expression133" [label="Expression"]
	"Assignment117" -> "Expression133"
	"Term134" [label="Term"]
	"Expression133" -> "Term134"
	"Factor135" [label="Factor"]
	"Term134" -> "Factor135"
	"Thing136" [label="Thing"]
	"Factor135" -> "Thing136"
	"num137" [label="num",style=filled,fillcolor=powderblue]
	"Thing136" -> "num137"
	"FactorP138" [label="FactorP"]
	"Factor135" -> "FactorP138"
	"e139" [label="e"]
	"FactorP138" -> "e139"
	"TermP140" [label="TermP"]
	"Term134" -> "TermP140"
	"e141" [label="e"]
	"TermP140" -> "e141"
	"ExpressionP142" [label="ExpressionP"]
	"Expression133" -> "ExpressionP142"
	"+143" [label="+",style=filled,fillcolor=powderblue]
	"ExpressionP142" -> "+143"
	"Term144" [label="Term"]
	"ExpressionP142" -> "Term144"
	"Factor145" [label="Factor"]
	"Term144" -> "Factor145"
	"Thing146" [label="Thing"]
	"Factor145" -> "Thing146"
	"m147" [label="m",style=filled,fillcolor=powderblue]
	"Thing146" -> "m147"
	"[148" [label="[",style=filled,fillcolor=powderblue]
	"Thing146" -> "[148"
	"Expression149" [label="Expression"]
	"Thing146" -> "Expression149"
	"Term150" [label="Term"]
	"Expression149" -> "Term150"
	"Factor151" [label="Factor"]
	"Term150" -> "Factor151"
	"Thing152" [label="Thing"]
	"Factor151" -> "Thing152"
	"num153" [label="num",style=filled,fillcolor=powderblue]
	"Thing152" -> "num153"
	"FactorP154" [label="FactorP"]
	"Factor151" -> "FactorP154"
	"e155" [label="e"]
	"FactorP154" -> "e155"
	"TermP156" [label="TermP"]
	"Term150" -> "TermP156"
	"e157" [label="e"]
	"TermP156" -> "e157"
	"ExpressionP158" [label="ExpressionP"]
	"Expression149" -> "ExpressionP158"
	"e159" [label="e"]
	"ExpressionP158" -> "e159"
	"]160" [label="]",style=filled,fillcolor=powderblue]
	"Thing146" -> "]160"
	"FactorP161" [label="FactorP"]
	"Factor145" -> "FactorP161"
	"e162" [label="e"]
	"FactorP161" -> "e162"
	"TermP163" [label="TermP"]
	"Term144" -> "TermP163"
	"e164" [label="e"]
	"TermP163" -> "e164"
	"ExpressionP165" [label="ExpressionP"]
	"ExpressionP142" -> "ExpressionP165"
	"e166" [label="e"]
	"ExpressionP165" -> "e166"
	"StatementsP167" [label="StatementsP"]
	"StatementsP115" -> "StatementsP167"
	"Statement168" [label="Statement"]
	"StatementsP167" -> "Statement168"
	"Assignment169" [label="Assignment"]
	"Statement168" -> "Assignment169"
	"m170" [label="m",style=filled,fillcolor=powderblue]
	"Assignment169" -> "m170"
	"[171" [label="[",style=filled,fillcolor=powderblue]
	"Assignment169" -> "[171"
	"Expression172" [label="Expression"]
	"Assignment169" -> "Expression172"
	"Term173" [label="Term"]
	"Expression172" -> "Term173"
	"Factor174" [label="Factor"]
	"Term173" -> "Factor174"
	"Thing175" [label="Thing"]
	"Factor174" -> "Thing175"
	"num176" [label="num",style=filled,fillcolor=powderblue]
	"Thing175" -> "num176"
	"FactorP177" [label="FactorP"]
	"Factor174" -> "FactorP177"
	"e178" [label="e"]
	"FactorP177" -> "e178"
	"TermP179" [label="TermP"]
	"Term173" -> "TermP179"
	"e180" [label="e"]
	"TermP179" -> "e180"
	"ExpressionP181" [label="ExpressionP"]
	"Expression172" -> "ExpressionP181"
	"e182" [label="e"]
	"ExpressionP181" -> "e182"
	"]183" [label="]",style=filled,fillcolor=powderblue]
	"Assignment169" -> "]183"
	"=184" [label="=",style=filled,fillcolor=powderblue]
	"Assignment169" -> "=184"
	"Expression185" [label="Expression"]
	"Assignment169" -> "Expression185"
	"Term186" [label="Term"]
	"Expression185" -> "Term186"
	"Factor187" [label="Factor"]
	"Term186" -> "Factor187"
	"Thing188" [label="Thing"]
	"Factor187" -> "Thing188"
	"num189" [label="num",style=filled,fillcolor=powderblue]
	"Thing188" -> "num189"
	"FactorP190" [label="FactorP"]
	"Factor187" -> "FactorP190"
	"e191" [label="e"]
	"FactorP190" -> "e191"
	"TermP192" [label="TermP"]
	"Term186" -> "TermP192"
	"e193" [label="e"]
	"TermP192" -> "e193"
	"ExpressionP194" [label="ExpressionP"]
	"Expression185" -> "ExpressionP194"
	"-195" [label="-",style=filled,fillcolor=powderblue]
	"ExpressionP194" -> "-195"
	"Term196" [label="Term"]
	"ExpressionP194" -> "Term196"
	"Factor197" [label="Factor"]
	"Term196" -> "Factor197"
	"Thing198" [label="Thing"]
	"Factor197" -> "Thing198"
	"m199" [label="m",style=filled,fillcolor=powderblue]
	"Thing198" -> "m199"
	"[200" [label="[",style=filled,fillcolor=powderblue]
	"Thing198" -> "[200"
	"Expression201" [label="Expression"]
	"Thing198" -> "Expression201"
	"Term202" [label="Term"]
	"Expression201" -> "Term202"
	"Factor203" [label="Factor"]
	"Term202" -> "Factor203"
	"Thing204" [label="Thing"]
	"Factor203" -> "Thing204"
	"num205" [label="num",style=filled,fillcolor=powderblue]
	"Thing204" -> "num205"
	"FactorP206" [label="FactorP"]
	"Factor203" -> "FactorP206"
	"**207" [label="**",style=filled,fillcolor=powderblue]
	"FactorP206" -> "**207"
	"Thing208" [label="Thing"]
	"FactorP206" -> "Thing208"
	"num209" [label="num",style=filled,fillcolor=powderblue]
	"Thing208" -> "num209"
	"FactorP210" [label="FactorP"]
	"FactorP206" -> "FactorP210"
	"e211" [label="e"]
	"FactorP210" -> "e211"
	"TermP212" [label="TermP"]
	"Term202" -> "TermP212"
	"*213" [label="*",style=filled,fillcolor=powderblue]
	"TermP212" -> "*213"
	"Factor214" [label="Factor"]
	"TermP212" -> "Factor214"
	"Thing215" [label="Thing"]
	"Factor214" -> "Thing215"
	"num216" [label="num",style=filled,fillcolor=powderblue]
	"Thing215" -> "num216"
	"FactorP217" [label="FactorP"]
	"Factor214" -> "FactorP217"
	"e218" [label="e"]
	"FactorP217" -> "e218"
	"TermP219" [label="TermP"]
	"TermP212" -> "TermP219"
	"e220" [label="e"]
	"TermP219" -> "e220"
	"ExpressionP221" [label="ExpressionP"]
	"Expression201" -> "ExpressionP221"
	"-222" [label="-",style=filled,fillcolor=powderblue]
	"ExpressionP221" -> "-222"
	"Term223" [label="Term"]
	"ExpressionP221" -> "Term223"
	"Factor224" [label="Factor"]
	"Term223" -> "Factor224"
	"Thing225" [label="Thing"]
	"Factor224" -> "Thing225"
	"num226" [label="num",style=filled,fillcolor=powderblue]
	"Thing225" -> "num226"
	"FactorP227" [label="FactorP"]
	"Factor224" -> "FactorP227"
	"e228" [label="e"]
	"FactorP227" -> "e228"
	"TermP229" [label="TermP"]
	"Term223" -> "TermP229"
	"e230" [label="e"]
	"TermP229" -> "e230"
	"ExpressionP231" [label="ExpressionP"]
	"ExpressionP221" -> "ExpressionP231"
	"e232" [label="e"]
	"ExpressionP231" -> "e232"
	"]233" [label="]",style=filled,fillcolor=powderblue]
	"Thing198" -> "]233"
	"FactorP234" [label="FactorP"]
	"Factor197" -> "FactorP234"
	"e235" [label="e"]
	"FactorP234" -> "e235"
	"TermP236" [label="TermP"]
	"Term196" -> "TermP236"
	"e237" [label="e"]
	"TermP236" -> "e237"
	"ExpressionP238" [label="ExpressionP"]
	"ExpressionP194" -> "ExpressionP238"
	"-239" [label="-",style=filled,fillcolor=powderblue]
	"ExpressionP238" -> "-239"
	"Term240" [label="Term"]
	"ExpressionP238" -> "Term240"
	"Factor241" [label="Factor"]
	"Term240" -> "Factor241"
	"Thing242" [label="Thing"]
	"Factor241" -> "Thing242"
	"num243" [label="num",style=filled,fillcolor=powderblue]
	"Thing242" -> "num243"
	"FactorP244" [label="FactorP"]
	"Factor241" -> "FactorP244"
	"e245" [label="e"]
	"FactorP244" -> "e245"
	"TermP246" [label="TermP"]
	"Term240" -> "TermP246"
	"e247" [label="e"]
	"TermP246" -> "e247"
	"ExpressionP248" [label="ExpressionP"]
	"ExpressionP238" -> "ExpressionP248"
	"e249" [label="e"]
	"ExpressionP248" -> "e249"
	"StatementsP250" [label="StatementsP"]
	"StatementsP167" -> "StatementsP250"
	"Statement251" [label="Statement"]
	"StatementsP250" -> "Statement251"
	"Label252" [label="Label"]
	"Statement251" -> "Label252"
	"L253" [label="L",style=filled,fillcolor=powderblue]
	"Label252" -> "L253"
	"num254" [label="num",style=filled,fillcolor=powderblue]
	"Label252" -> "num254"
	":255" [label=":",style=filled,fillcolor=powderblue]
	"Label252" -> ":255"
	"StatementsP256" [label="StatementsP"]
	"StatementsP250" -> "StatementsP256"
	"Statement257" [label="Statement"]
	"StatementsP256" -> "Statement257"
	"Assignment258" [label="Assignment"]
	"Statement257" -> "Assignment258"
	"m259" [label="m",style=filled,fillcolor=powderblue]
	"Assignment258" -> "m259"
	"[260" [label="[",style=filled,fillcolor=powderblue]
	"Assignment258" -> "[260"
	"Expression261" [label="Expression"]
	"Assignment258" -> "Expression261"
	"Term262" [label="Term"]
	"Expression261" -> "Term262"
	"Factor263" [label="Factor"]
	"Term262" -> "Factor263"
	"Thing264" [label="Thing"]
	"Factor263" -> "Thing264"
	"num265" [label="num",style=filled,fillcolor=powderblue]
	"Thing264" -> "num265"
	"FactorP266" [label="FactorP"]
	"Factor263" -> "FactorP266"
	"e267" [label="e"]
	"FactorP266" -> "e267"
	"TermP268" [label="TermP"]
	"Term262" -> "TermP268"
	"e269" [label="e"]
	"TermP268" -> "e269"
	"ExpressionP270" [label="ExpressionP"]
	"Expression261" -> "ExpressionP270"
	"e271" [label="e"]
	"ExpressionP270" -> "e271"
	"]272" [label="]",style=filled,fillcolor=powderblue]
	"Assignment258" -> "]272"
	"=273" [label="=",style=filled,fillcolor=powderblue]
	"Assignment258" -> "=273"
	"Expression274" [label="Expression"]
	"Assignment258" -> "Expression274"
	"Term275" [label="Term"]
	"Expression274" -> "Term275"
	"Factor276" [label="Factor"]
	"Term275" -> "Factor276"
	"Thing277" [label="Thing"]
	"Factor276" -> "Thing277"
	"num278" [label="num",style=filled,fillcolor=powderblue]
	"Thing277" -> "num278"
	"FactorP279" [label="FactorP"]
	"Factor276" -> "FactorP279"
	"e280" [label="e"]
	"FactorP279" -> "e280"
	"TermP281" [label="TermP"]
	"Term275" -> "TermP281"
	"e282" [label="e"]
	"TermP281" -> "e282"
	"ExpressionP283" [label="ExpressionP"]
	"Expression274" -> "ExpressionP283"
	"-284" [label="-",style=filled,fillcolor=powderblue]
	"ExpressionP283" -> "-284"
	"Term285" [label="Term"]
	"ExpressionP283" -> "Term285"
	"Factor286" [label="Factor"]
	"Term285" -> "Factor286"
	"Thing287" [label="Thing"]
	"Factor286" -> "Thing287"
	"(288" [label="(",style=filled,fillcolor=powderblue]
	"Thing287" -> "(288"
	"Expression289" [label="Expression"]
	"Thing287" -> "Expression289"
	"Term290" [label="Term"]
	"Expression289" -> "Term290"
	"Factor291" [label="Factor"]
	"Term290" -> "Factor291"
	"Thing292" [label="Thing"]
	"Factor291" -> "Thing292"
	"m293" [label="m",style=filled,fillcolor=powderblue]
	"Thing292" -> "m293"
	"[294" [label="[",style=filled,fillcolor=powderblue]
	"Thing292" -> "[294"
	"Expression295" [label="Expression"]
	"Thing292" -> "Expression295"
	"Term296" [label="Term"]
	"Expression295" -> "Term296"
	"Factor297" [label="Factor"]
	"Term296" -> "Factor297"
	"Thing298" [label="Thing"]
	"Factor297" -> "Thing298"
	"num299" [label="num",style=filled,fillcolor=powderblue]
	"Thing298" -> "num299"
	"FactorP300" [label="FactorP"]
	"Factor297" -> "FactorP300"
	"e301" [label="e"]
	"FactorP300" -> "e301"
	"TermP302" [label="TermP"]
	"Term296" -> "TermP302"
	"e303" [label="e"]
	"TermP302" -> "e303"
	"ExpressionP304" [label="ExpressionP"]
	"Expression295" -> "ExpressionP304"
	"e305" [label="e"]
	"ExpressionP304" -> "e305"
	"]306" [label="]",style=filled,fillcolor=powderblue]
	"Thing292" -> "]306"
	"FactorP307" [label="FactorP"]
	"Factor291" -> "FactorP307"
	"e308" [label="e"]
	"FactorP307" -> "e308"
	"TermP309" [label="TermP"]
	"Term290" -> "TermP309"
	"e310" [label="e"]
	"TermP309" -> "e310"
	"ExpressionP311" [label="ExpressionP"]
	"Expression289" -> "ExpressionP311"
	"-312" [label="-",style=filled,fillcolor=powderblue]
	"ExpressionP311" -> "-312"
	"Term313" [label="Term"]
	"ExpressionP311" -> "Term313"
	"Factor314" [label="Factor"]
	"Term313" -> "Factor314"
	"Thing315" [label="Thing"]
	"Factor314" -> "Thing315"
	"num316" [label="num",style=filled,fillcolor=powderblue]
	"Thing315" -> "num316"
	"FactorP317" [label="FactorP"]
	"Factor314" -> "FactorP317"
	"e318" [label="e"]
	"FactorP317" -> "e318"
	"TermP319" [label="TermP"]
	"Term313" -> "TermP319"
	"e320" [label="e"]
	"TermP319" -> "e320"
	"ExpressionP321" [label="ExpressionP"]
	"ExpressionP311" -> "ExpressionP321"
	"e322" [label="e"]
	"ExpressionP321" -> "e322"
	")323" [label=")",style=filled,fillcolor=powderblue]
	"Thing287" -> ")323"
	"FactorP324" [label="FactorP"]
	"Factor286" -> "FactorP324"
	"e325" [label="e"]
	"FactorP324" -> "e325"
	"TermP326" [label="TermP"]
	"Term285" -> "TermP326"
	"e327" [label="e"]
	"TermP326" -> "e327"
	"ExpressionP328" [label="ExpressionP"]
	"ExpressionP283" -> "ExpressionP328"
	"e329" [label="e"]
	"ExpressionP328" -> "e329"
	"StatementsP330" [label="StatementsP"]
	"StatementsP256" -> "StatementsP330"
	"Statement331" [label="Statement"]
	"StatementsP330" -> "Statement331"
	"Assignment332" [label="Assignment"]
	"Statement331" -> "Assignment332"
	"m333" [label="m",style=filled,fillcolor=powderblue]
	"Assignment332" -> "m333"
	"[334" [label="[",style=filled,fillcolor=powderblue]
	"Assignment332" -> "[334"
	"Expression335" [label="Expression"]
	"Assignment332" -> "Expression335"
	"Term336" [label="Term"]
	"Expression335" -> "Term336"
	"Factor337" [label="Factor"]
	"Term336" -> "Factor337"
	"Thing338" [label="Thing"]
	"Factor337" -> "Thing338"
	"num339" [label="num",style=filled,fillcolor=powderblue]
	"Thing338" -> "num339"
	"FactorP340" [label="FactorP"]
	"Factor337" -> "FactorP340"
	"e341" [label="e"]
	"FactorP340" -> "e341"
	"TermP342" [label="TermP"]
	"Term336" -> "TermP342"
	"e343" [label="e"]
	"TermP342" -> "e343"
	"ExpressionP344" [label="ExpressionP"]
	"Expression335" -> "ExpressionP344"
	"e345" [label="e"]
	"ExpressionP344" -> "e345"
	"]346" [label="]",style=filled,fillcolor=powderblue]
	"Assignment332" -> "]346"
	"=347" [label="=",style=filled,fillcolor=powderblue]
	"Assignment332" -> "=347"
	"Expression348" [label="Expression"]
	"Assignment332" -> "Expression348"
	"Term349" [label="Term"]
	"Expression348" -> "Term349"
	"Factor350" [label="Factor"]
	"Term349" -> "Factor350"
	"Thing351" [label="Thing"]
	"Factor350" -> "Thing351"
	"num352" [label="num",style=filled,fillcolor=powderblue]
	"Thing351" -> "num352"
	"FactorP353" [label="FactorP"]
	"Factor350" -> "FactorP353"
	"e354" [label="e"]
	"FactorP353" -> "e354"
	"TermP355" [label="TermP"]
	"Term349" -> "TermP355"
	"/356" [label="/",style=filled,fillcolor=powderblue]
	"TermP355" -> "/356"
	"Factor357" [label="Factor"]
	"TermP355" -> "Factor357"
	"Thing358" [label="Thing"]
	"Factor357" -> "Thing358"
	"num359" [label="num",style=filled,fillcolor=powderblue]
	"Thing358" -> "num359"
	"FactorP360" [label="FactorP"]
	"Factor357" -> "FactorP360"
	"e361" [label="e"]
	"FactorP360" -> "e361"
	"TermP362" [label="TermP"]
	"TermP355" -> "TermP362"
	"*363" [label="*",style=filled,fillcolor=powderblue]
	"TermP362" -> "*363"
	"Factor364" [label="Factor"]
	"TermP362" -> "Factor364"
	"Thing365" [label="Thing"]
	"Factor364" -> "Thing365"
	"num366" [label="num",style=filled,fillcolor=powderblue]
	"Thing365" -> "num366"
	"FactorP367" [label="FactorP"]
	"Factor364" -> "FactorP367"
	"e368" [label="e"]
	"FactorP367" -> "e368"
	"TermP369" [label="TermP"]
	"TermP362" -> "TermP369"
	"e370" [label="e"]
	"TermP369" -> "e370"
	"ExpressionP371" [label="ExpressionP"]
	"Expression348" -> "ExpressionP371"
	"e372" [label="e"]
	"ExpressionP371" -> "e372"
	"StatementsP373" [label="StatementsP"]
	"StatementsP330" -> "StatementsP373"
	"Statement374" [label="Statement"]
	"StatementsP373" -> "Statement374"
	"Assignment375" [label="Assignment"]
	"Statement374" -> "Assignment375"
	"m376" [label="m",style=filled,fillcolor=powderblue]
	"Assignment375" -> "m376"
	"[377" [label="[",style=filled,fillcolor=powderblue]
	"Assignment375" -> "[377"
	"Expression378" [label="Expression"]
	"Assignment375" -> "Expression378"
	"Term379" [label="Term"]
	"Expression378" -> "Term379"
	"Factor380" [label="Factor"]
	"Term379" -> "Factor380"
	"Thing381" [label="Thing"]
	"Factor380" -> "Thing381"
	"num382" [label="num",style=filled,fillcolor=powderblue]
	"Thing381" -> "num382"
	"FactorP383" [label="FactorP"]
	"Factor380" -> "FactorP383"
	"e384" [label="e"]
	"FactorP383" -> "e384"
	"TermP385" [label="TermP"]
	"Term379" -> "TermP385"
	"e386" [label="e"]
	"TermP385" -> "e386"
	"ExpressionP387" [label="ExpressionP"]
	"Expression378" -> "ExpressionP387"
	"e388" [label="e"]
	"ExpressionP387" -> "e388"
	"]389" [label="]",style=filled,fillcolor=powderblue]
	"Assignment375" -> "]389"
	"=390" [label="=",style=filled,fillcolor=powderblue]
	"Assignment375" -> "=390"
	"Expression391" [label="Expression"]
	"Assignment375" -> "Expression391"
	"Term392" [label="Term"]
	"Expression391" -> "Term392"
	"Factor393" [label="Factor"]
	"Term392" -> "Factor393"
	"Thing394" [label="Thing"]
	"Factor393" -> "Thing394"
	"num395" [label="num",style=filled,fillcolor=powderblue]
	"Thing394" -> "num395"
	"FactorP396" [label="FactorP"]
	"Factor393" -> "FactorP396"
	"e397" [label="e"]
	"FactorP396" -> "e397"
	"TermP398" [label="TermP"]
	"Term392" -> "TermP398"
	"/399" [label="/",style=filled,fillcolor=powderblue]
	"TermP398" -> "/399"
	"Factor400" [label="Factor"]
	"TermP398" -> "Factor400"
	"Thing401" [label="Thing"]
	"Factor400" -> "Thing401"
	"num402" [label="num",style=filled,fillcolor=powderblue]
	"Thing401" -> "num402"
	"FactorP403" [label="FactorP"]
	"Factor400" -> "FactorP403"
	"e404" [label="e"]
	"FactorP403" -> "e404"
	"TermP405" [label="TermP"]
	"TermP398" -> "TermP405"
	"*406" [label="*",style=filled,fillcolor=powderblue]
	"TermP405" -> "*406"
	"Factor407" [label="Factor"]
	"TermP405" -> "Factor407"
	"Thing408" [label="Thing"]
	"Factor407" -> "Thing408"
	"num409" [label="num",style=filled,fillcolor=powderblue]
	"Thing408" -> "num409"
	"FactorP410" [label="FactorP"]
	"Factor407" -> "FactorP410"
	"e411" [label="e"]
	"FactorP410" -> "e411"
	"TermP412" [label="TermP"]
	"TermP405" -> "TermP412"
	"e413" [label="e"]
	"TermP412" -> "e413"
	"ExpressionP414" [label="ExpressionP"]
	"Expression391" -> "ExpressionP414"
	"e415" [label="e"]
	"ExpressionP414" -> "e415"
	"StatementsP416" [label="StatementsP"]
	"StatementsP373" -> "StatementsP416"
	"Statement417" [label="Statement"]
	"StatementsP416" -> "Statement417"
	"Jump418" [label="Jump"]
	"Statement417" -> "Jump418"
	"goto419" [label="goto",style=filled,fillcolor=powderblue]
	"Jump418" -> "goto419"
	"num420" [label="num",style=filled,fillcolor=powderblue]
	"Jump418" -> "num420"
	"To421" [label="To"]
	"Jump418" -> "To421"
	"StatementsP422" [label="StatementsP"]
	"StatementsP416" -> "StatementsP422"
	"Statement423" [label="Statement"]
	"StatementsP422" -> "Statement423"
	"Assignment424" [label="Assignment"]
	"Statement423" -> "Assignment424"
	"m425" [label="m",style=filled,fillcolor=powderblue]
	"Assignment424" -> "m425"
	"[426" [label="[",style=filled,fillcolor=powderblue]
	"Assignment424" -> "[426"
	"Expression427" [label="Expression"]
	"Assignment424" -> "Expression427"
	"Term428" [label="Term"]
	"Expression427" -> "Term428"
	"Factor429" [label="Factor"]
	"Term428" -> "Factor429"
	"Thing430" [label="Thing"]
	"Factor429" -> "Thing430"
	"num431" [label="num",style=filled,fillcolor=powderblue]
	"Thing430" -> "num431"
	"FactorP432" [label="FactorP"]
	"Factor429" -> "FactorP432"
	"e433" [label="e"]
	"FactorP432" -> "e433"
	"TermP434" [label="TermP"]
	"Term428" -> "TermP434"
	"e435" [label="e"]
	"TermP434" -> "e435"
	"ExpressionP436" [label="ExpressionP"]
	"Expression427" -> "ExpressionP436"
	"e437" [label="e"]
	"ExpressionP436" -> "e437"
	"]438" [label="]",style=filled,fillcolor=powderblue]
	"Assignment424" -> "]438"
	"=439" [label="=",style=filled,fillcolor=powderblue]
	"Assignment424" -> "=439"
	"Expression440" [label="Expression"]
	"Assignment424" -> "Expression440"
	"Term441" [label="Term"]
	"Expression440" -> "Term441"
	"Factor442" [label="Factor"]
	"Term441" -> "Factor442"
	"Thing443" [label="Thing"]
	"Factor442" -> "Thing443"
	"num444" [label="num",style=filled,fillcolor=powderblue]
	"Thing443" -> "num444"
	"FactorP445" [label="FactorP"]
	"Factor442" -> "FactorP445"
	"e446" [label="e"]
	"FactorP445" -> "e446"
	"TermP447" [label="TermP"]
	"Term441" -> "TermP447"
	"e448" [label="e"]
	"TermP447" -> "e448"
	"ExpressionP449" [label="ExpressionP"]
	"Expression440" -> "ExpressionP449"
	"+450" [label="+",style=filled,fillcolor=powderblue]
	"ExpressionP449" -> "+450"
	"Term451" [label="Term"]
	"ExpressionP449" -> "Term451"
	"Factor452" [label="Factor"]
	"Term451" -> "Factor452"
	"Thing453" [label="Thing"]
	"Factor452" -> "Thing453"
	"m454" [label="m",style=filled,fillcolor=powderblue]
	"Thing453" -> "m454"
	"[455" [label="[",style=filled,fillcolor=powderblue]
	"Thing453" -> "[455"
	"Expression456" [label="Expression"]
	"Thing453" -> "Expression456"
	"Term457" [label="Term"]
	"Expression456" -> "Term457"
	"Factor458" [label="Factor"]
	"Term457" -> "Factor458"
	"Thing459" [label="Thing"]
	"Factor458" -> "Thing459"
	"num460" [label="num",style=filled,fillcolor=powderblue]
	"Thing459" -> "num460"
	"FactorP461" [label="FactorP"]
	"Factor458" -> "FactorP461"
	"e462" [label="e"]
	"FactorP461" -> "e462"
	"TermP463" [label="TermP"]
	"Term457" -> "TermP463"
	"e464" [label="e"]
	"TermP463" -> "e464"
	"ExpressionP465" [label="ExpressionP"]
	"Expression456" -> "ExpressionP465"
	"e466" [label="e"]
	"ExpressionP465" -> "e466"
	"]467" [label="]",style=filled,fillcolor=powderblue]
	"Thing453" -> "]467"
	"FactorP468" [label="FactorP"]
	"Factor452" -> "FactorP468"
	"e469" [label="e"]
	"FactorP468" -> "e469"
	"TermP470" [label="TermP"]
	"Term451" -> "TermP470"
	"e471" [label="e"]
	"TermP470" -> "e471"
	"ExpressionP472" [label="ExpressionP"]
	"ExpressionP449" -> "ExpressionP472"
	"e473" [label="e"]
	"ExpressionP472" -> "e473"
	"StatementsP474" [label="StatementsP"]
	"StatementsP422" -> "StatementsP474"
	"Statement475" [label="Statement"]
	"StatementsP474" -> "Statement475"
	"Assignment476" [label="Assignment"]
	"Statement475" -> "Assignment476"
	"m477" [label="m",style=filled,fillcolor=powderblue]
	"Assignment476" -> "m477"
	"[478" [label="[",style=filled,fillcolor=powderblue]
	"Assignment476" -> "[478"
	"Expression479" [label="Expression"]
	"Assignment476" -> "Expression479"
	"Term480" [label="Term"]
	"Expression479" -> "Term480"
	"Factor481" [label="Factor"]
	"Term480" -> "Factor481"
	"Thing482" [label="Thing"]
	"Factor481" -> "Thing482"
	"num483" [label="num",style=filled,fillcolor=powderblue]
	"Thing482" -> "num483"
	"FactorP484" [label="FactorP"]
	"Factor481" -> "FactorP484"
	"e485" [label="e"]
	"FactorP484" -> "e485"
	"TermP486" [label="TermP"]
	"Term480" -> "TermP486"
	"e487" [label="e"]
	"TermP486" -> "e487"
	"ExpressionP488" [label="ExpressionP"]
	"Expression479" -> "ExpressionP488"
	"e489" [label="e"]
	"ExpressionP488" -> "e489"
	"]490" [label="]",style=filled,fillcolor=powderblue]
	"Assignment476" -> "]490"
	"=491" [label="=",style=filled,fillcolor=powderblue]
	"Assignment476" -> "=491"
	"Expression492" [label="Expression"]
	"Assignment476" -> "Expression492"
	"Term493" [label="Term"]
	"Expression492" -> "Term493"
	"Factor494" [label="Factor"]
	"Term493" -> "Factor494"
	"Thing495" [label="Thing"]
	"Factor494" -> "Thing495"
	"num496" [label="num",style=filled,fillcolor=powderblue]
	"Thing495" -> "num496"
	"FactorP497" [label="FactorP"]
	"Factor494" -> "FactorP497"
	"e498" [label="e"]
	"FactorP497" -> "e498"
	"TermP499" [label="TermP"]
	"Term493" -> "TermP499"
	"e500" [label="e"]
	"TermP499" -> "e500"
	"ExpressionP501" [label="ExpressionP"]
	"Expression492" -> "ExpressionP501"
	"-502" [label="-",style=filled,fillcolor=powderblue]
	"ExpressionP501" -> "-502"
	"Term503" [label="Term"]
	"ExpressionP501" -> "Term503"
	"Factor504" [label="Factor"]
	"Term503" -> "Factor504"
	"Thing505" [label="Thing"]
	"Factor504" -> "Thing505"
	"m506" [label="m",style=filled,fillcolor=powderblue]
	"Thing505" -> "m506"
	"[507" [label="[",style=filled,fillcolor=powderblue]
	"Thing505" -> "[507"
	"Expression508" [label="Expression"]
	"Thing505" -> "Expression508"
	"Term509" [label="Term"]
	"Expression508" -> "Term509"
	"Factor510" [label="Factor"]
	"Term509" -> "Factor510"
	"Thing511" [label="Thing"]
	"Factor510" -> "Thing511"
	"num512" [label="num",style=filled,fillcolor=powderblue]
	"Thing511" -> "num512"
	"FactorP513" [label="FactorP"]
	"Factor510" -> "FactorP513"
	"**514" [label="**",style=filled,fillcolor=powderblue]
	"FactorP513" -> "**514"
	"Thing515" [label="Thing"]
	"FactorP513" -> "Thing515"
	"num516" [label="num",style=filled,fillcolor=powderblue]
	"Thing515" -> "num516"
	"FactorP517" [label="FactorP"]
	"FactorP513" -> "FactorP517"
	"e518" [label="e"]
	"FactorP517" -> "e518"
	"TermP519" [label="TermP"]
	"Term509" -> "TermP519"
	"*520" [label="*",style=filled,fillcolor=powderblue]
	"TermP519" -> "*520"
	"Factor521" [label="Factor"]
	"TermP519" -> "Factor521"
	"Thing522" [label="Thing"]
	"Factor521" -> "Thing522"
	"num523" [label="num",style=filled,fillcolor=powderblue]
	"Thing522" -> "num523"
	"FactorP524" [label="FactorP"]
	"Factor521" -> "FactorP524"
	"e525" [label="e"]
	"FactorP524" -> "e525"
	"TermP526" [label="TermP"]
	"TermP519" -> "TermP526"
	"e527" [label="e"]
	"TermP526" -> "e527"
	"ExpressionP528" [label="ExpressionP"]
	"Expression508" -> "ExpressionP528"
	"-529" [label="-",style=filled,fillcolor=powderblue]
	"ExpressionP528" -> "-529"
	"Term530" [label="Term"]
	"ExpressionP528" -> "Term530"
	"Factor531" [label="Factor"]
	"Term530" -> "Factor531"
	"Thing532" [label="Thing"]
	"Factor531" -> "Thing532"
	"num533" [label="num",style=filled,fillcolor=powderblue]
	"Thing532" -> "num533"
	"FactorP534" [label="FactorP"]
	"Factor531" -> "FactorP534"
	"e535" [label="e"]
	"FactorP534" -> "e535"
	"TermP536" [label="TermP"]
	"Term530" -> "TermP536"
	"e537" [label="e"]
	"TermP536" -> "e537"
	"ExpressionP538" [label="ExpressionP"]
	"ExpressionP528" -> "ExpressionP538"
	"e539" [label="e"]
	"ExpressionP538" -> "e539"
	"]540" [label="]",style=filled,fillcolor=powderblue]
	"Thing505" -> "]540"
	"FactorP541" [label="FactorP"]
	"Factor504" -> "FactorP541"
	"e542" [label="e"]
	"FactorP541" -> "e542"
	"TermP543" [label="TermP"]
	"Term503" -> "TermP543"
	"e544" [label="e"]
	"TermP543" -> "e544"
	"ExpressionP545" [label="ExpressionP"]
	"ExpressionP501" -> "ExpressionP545"
	"-546" [label="-",style=filled,fillcolor=powderblue]
	"ExpressionP545" -> "-546"
	"Term547" [label="Term"]
	"ExpressionP545" -> "Term547"
	"Factor548" [label="Factor"]
	"Term547" -> "Factor548"
	"Thing549" [label="Thing"]
	"Factor548" -> "Thing549"
	"num550" [label="num",style=filled,fillcolor=powderblue]
	"Thing549" -> "num550"
	"FactorP551" [label="FactorP"]
	"Factor548" -> "FactorP551"
	"e552" [label="e"]
	"FactorP551" -> "e552"
	"TermP553" [label="TermP"]
	"Term547" -> "TermP553"
	"e554" [label="e"]
	"TermP553" -> "e554"
	"ExpressionP555" [label="ExpressionP"]
	"ExpressionP545" -> "ExpressionP555"
	"e556" [label="e"]
	"ExpressionP555" -> "e556"
	"StatementsP557" [label="StatementsP"]
	"StatementsP474" -> "StatementsP557"
	"Statement558" [label="Statement"]
	"StatementsP557" -> "Statement558"
	"Label559" [label="Label"]
	"Statement558" -> "Label559"
	"L560" [label="L",style=filled,fillcolor=powderblue]
	"Label559" -> "L560"
	"num561" [label="num",style=filled,fillcolor=powderblue]
	"Label559" -> "num561"
	":562" [label=":",style=filled,fillcolor=powderblue]
	"Label559" -> ":562"
	"StatementsP563" [label="StatementsP"]
	"StatementsP557" -> "StatementsP563"
	"Statement564" [label="Statement"]
	"StatementsP563" -> "Statement564"
	"Assignment565" [label="Assignment"]
	"Statement564" -> "Assignment565"
	"m566" [label="m",style=filled,fillcolor=powderblue]
	"Assignment565" -> "m566"
	"[567" [label="[",style=filled,fillcolor=powderblue]
	"Assignment565" -> "[567"
	"Expression568" [label="Expression"]
	"Assignment565" -> "Expression568"
	"Term569" [label="Term"]
	"Expression568" -> "Term569"
	"Factor570" [label="Factor"]
	"Term569" -> "Factor570"
	"Thing571" [label="Thing"]
	"Factor570" -> "Thing571"
	"num572" [label="num",style=filled,fillcolor=powderblue]
	"Thing571" -> "num572"
	"FactorP573" [label="FactorP"]
	"Factor570" -> "FactorP573"
	"e574" [label="e"]
	"FactorP573" -> "e574"
	"TermP575" [label="TermP"]
	"Term569" -> "TermP575"
	"e576" [label="e"]
	"TermP575" -> "e576"
	"ExpressionP577" [label="ExpressionP"]
	"Expression568" -> "ExpressionP577"
	"e578" [label="e"]
	"ExpressionP577" -> "e578"
	"]579" [label="]",style=filled,fillcolor=powderblue]
	"Assignment565" -> "]579"
	"=580" [label="=",style=filled,fillcolor=powderblue]
	"Assignment565" -> "=580"
	"Expression581" [label="Expression"]
	"Assignment565" -> "Expression581"
	"Term582" [label="Term"]
	"Expression581" -> "Term582"
	"Factor583" [label="Factor"]
	"Term582" -> "Factor583"
	"Thing584" [label="Thing"]
	"Factor583" -> "Thing584"
	"num585" [label="num",style=filled,fillcolor=powderblue]
	"Thing584" -> "num585"
	"FactorP586" [label="FactorP"]
	"Factor583" -> "FactorP586"
	"e587" [label="e"]
	"FactorP586" -> "e587"
	"TermP588" [label="TermP"]
	"Term582" -> "TermP588"
	"e589" [label="e"]
	"TermP588" -> "e589"
	"ExpressionP590" [label="ExpressionP"]
	"Expression581" -> "ExpressionP590"
	"-591" [label="-",style=filled,fillcolor=powderblue]
	"ExpressionP590" -> "-591"
	"Term592" [label="Term"]
	"ExpressionP590" -> "Term592"
	"Factor593" [label="Factor"]
	"Term592" -> "Factor593"
	"Thing594" [label="Thing"]
	"Factor593" -> "Thing594"
	"(595" [label="(",style=filled,fillcolor=powderblue]
	"Thing594" -> "(595"
	"Expression596" [label="Expression"]
	"Thing594" -> "Expression596"
	"Term597" [label="Term"]
	"Expression596" -> "Term597"
	"Factor598" [label="Factor"]
	"Term597" -> "Factor598"
	"Thing599" [label="Thing"]
	"Factor598" -> "Thing599"
	"m600" [label="m",style=filled,fillcolor=powderblue]
	"Thing599" -> "m600"
	"[601" [label="[",style=filled,fillcolor=powderblue]
	"Thing599" -> "[601"
	"Expression602" [label="Expression"]
	"Thing599" -> "Expression602"
	"Term603" [label="Term"]
	"Expression602" -> "Term603"
	"Factor604" [label="Factor"]
	"Term603" -> "Factor604"
	"Thing605" [label="Thing"]
	"Factor604" -> "Thing605"
	"num606" [label="num",style=filled,fillcolor=powderblue]
	"Thing605" -> "num606"
	"FactorP607" [label="FactorP"]
	"Factor604" -> "FactorP607"
	"e608" [label="e"]
	"FactorP607" -> "e608"
	"TermP609" [label="TermP"]
	"Term603" -> "TermP609"
	"e610" [label="e"]
	"TermP609" -> "e610"
	"ExpressionP611" [label="ExpressionP"]
	"Expression602" -> "ExpressionP611"
	"e612" [label="e"]
	"ExpressionP611" -> "e612"
	"]613" [label="]",style=filled,fillcolor=powderblue]
	"Thing599" -> "]613"
	"FactorP614" [label="FactorP"]
	"Factor598" -> "FactorP614"
	"e615" [label="e"]
	"FactorP614" -> "e615"
	"TermP616" [label="TermP"]
	"Term597" -> "TermP616"
	"e617" [label="e"]
	"TermP616" -> "e617"
	"ExpressionP618" [label="ExpressionP"]
	"Expression596" -> "ExpressionP618"
	"-619" [label="-",style=filled,fillcolor=powderblue]
	"ExpressionP618" -> "-619"
	"Term620" [label="Term"]
	"ExpressionP618" -> "Term620"
	"Factor621" [label="Factor"]
	"Term620" -> "Factor621"
	"Thing622" [label="Thing"]
	"Factor621" -> "Thing622"
	"num623" [label="num",style=filled,fillcolor=powderblue]
	"Thing622" -> "num623"
	"FactorP624" [label="FactorP"]
	"Factor621" -> "FactorP624"
	"e625" [label="e"]
	"FactorP624" -> "e625"
	"TermP626" [label="TermP"]
	"Term620" -> "TermP626"
	"e627" [label="e"]
	"TermP626" -> "e627"
	"ExpressionP628" [label="ExpressionP"]
	"ExpressionP618" -> "ExpressionP628"
	"e629" [label="e"]
	"ExpressionP628" -> "e629"
	")630" [label=")",style=filled,fillcolor=powderblue]
	"Thing594" -> ")630"
	"FactorP631" [label="FactorP"]
	"Factor593" -> "FactorP631"
	"e632" [label="e"]
	"FactorP631" -> "e632"
	"TermP633" [label="TermP"]
	"Term592" -> "TermP633"
	"e634" [label="e"]
	"TermP633" -> "e634"
	"ExpressionP635" [label="ExpressionP"]
	"ExpressionP590" -> "ExpressionP635"
	"e636" [label="e"]
	"ExpressionP635" -> "e636"
	"StatementsP637" [label="StatementsP"]
	"StatementsP563" -> "StatementsP637"
	"Statement638" [label="Statement"]
	"StatementsP637" -> "Statement638"
	"Assignment639" [label="Assignment"]
	"Statement638" -> "Assignment639"
	"m640" [label="m",style=filled,fillcolor=powderblue]
	"Assignment639" -> "m640"
	"[641" [label="[",style=filled,fillcolor=powderblue]
	"Assignment639" -> "[641"
	"Expression642" [label="Expression"]
	"Assignment639" -> "Expression642"
	"Term643" [label="Term"]
	"Expression642" -> "Term643"
	"Factor644" [label="Factor"]
	"Term643" -> "Factor644"
	"Thing645" [label="Thing"]
	"Factor644" -> "Thing645"
	"num646" [label="num",style=filled,fillcolor=powderblue]
	"Thing645" -> "num646"
	"FactorP647" [label="FactorP"]
	"Factor644" -> "FactorP647"
	"e648" [label="e"]
	"FactorP647" -> "e648"
	"TermP649" [label="TermP"]
	"Term643" -> "TermP649"
	"e650" [label="e"]
	"TermP649" -> "e650"
	"ExpressionP651" [label="ExpressionP"]
	"Expression642" -> "ExpressionP651"
	"e652" [label="e"]
	"ExpressionP651" -> "e652"
	"]653" [label="]",style=filled,fillcolor=powderblue]
	"Assignment639" -> "]653"
	"=654" [label="=",style=filled,fillcolor=powderblue]
	"Assignment639" -> "=654"
	"Expression655" [label="Expression"]
	"Assignment639" -> "Expression655"
	"Term656" [label="Term"]
	"Expression655" -> "Term656"
	"Factor657" [label="Factor"]
	"Term656" -> "Factor657"
	"Thing658" [label="Thing"]
	"Factor657" -> "Thing658"
	"num659" [label="num",style=filled,fillcolor=powderblue]
	"Thing658" -> "num659"
	"FactorP660" [label="FactorP"]
	"Factor657" -> "FactorP660"
	"e661" [label="e"]
	"FactorP660" -> "e661"
	"TermP662" [label="TermP"]
	"Term656" -> "TermP662"
	"/663" [label="/",style=filled,fillcolor=powderblue]
	"TermP662" -> "/663"
	"Factor664" [label="Factor"]
	"TermP662" -> "Factor664"
	"Thing665" [label="Thing"]
	"Factor664" -> "Thing665"
	"num666" [label="num",style=filled,fillcolor=powderblue]
	"Thing665" -> "num666"
	"FactorP667" [label="FactorP"]
	"Factor664" -> "FactorP667"
	"e668" [label="e"]
	"FactorP667" -> "e668"
	"TermP669" [label="TermP"]
	"TermP662" -> "TermP669"
	"*670" [label="*",style=filled,fillcolor=powderblue]
	"TermP669" -> "*670"
	"Factor671" [label="Factor"]
	"TermP669" -> "Factor671"
	"Thing672" [label="Thing"]
	"Factor671" -> "Thing672"
	"num673" [label="num",style=filled,fillcolor=powderblue]
	"Thing672" -> "num673"
	"FactorP674" [label="FactorP"]
	"Factor671" -> "FactorP674"
	"e675" [label="e"]
	"FactorP674" -> "e675"
	"TermP676" [label="TermP"]
	"TermP669" -> "TermP676"
	"e677" [label="e"]
	"TermP676" -> "e677"
	"ExpressionP678" [label="ExpressionP"]
	"Expression655" -> "ExpressionP678"
	"e679" [label="e"]
	"ExpressionP678" -> "e679"
	"StatementsP680" [label="StatementsP"]
	"StatementsP637" -> "StatementsP680"
	"Statement681" [label="Statement"]
	"StatementsP680" -> "Statement681"
	"Jump682" [label="Jump"]
	"Statement681" -> "Jump682"
	"goto683" [label="goto",style=filled,fillcolor=powderblue]
	"Jump682" -> "goto683"
	"num684" [label="num",style=filled,fillcolor=powderblue]
	"Jump682" -> "num684"
	"To685" [label="To"]
	"Jump682" -> "To685"
	"StatementsP686" [label="StatementsP"]
	"StatementsP680" -> "StatementsP686"
	"Statement687" [label="Statement"]
	"StatementsP686" -> "Statement687"
	"Assignment688" [label="Assignment"]
	"Statement687" -> "Assignment688"
	"m689" [label="m",style=filled,fillcolor=powderblue]
	"Assignment688" -> "m689"
	"[690" [label="[",style=filled,fillcolor=powderblue]
	"Assignment688" -> "[690"
	"Expression691" [label="Expression"]
	"Assignment688" -> "Expression691"
	"Term692" [label="Term"]
	"Expression691" -> "Term692"
	"Factor693" [label="Factor"]
	"Term692" -> "Factor693"
	"Thing694" [label="Thing"]
	"Factor693" -> "Thing694"
	"num695" [label="num",style=filled,fillcolor=powderblue]
	"Thing694" -> "num695"
	"FactorP696" [label="FactorP"]
	"Factor693" -> "FactorP696"
	"e697" [label="e"]
	"FactorP696" -> "e697"
	"TermP698" [label="TermP"]
	"Term692" -> "TermP698"
	"e699" [label="e"]
	"TermP698" -> "e699"
	"ExpressionP700" [label="ExpressionP"]
	"Expression691" -> "ExpressionP700"
	"e701" [label="e"]
	"ExpressionP700" -> "e701"
	"]702" [label="]",style=filled,fillcolor=powderblue]
	"Assignment688" -> "]702"
	"=703" [label="=",style=filled,fillcolor=powderblue]
	"Assignment688" -> "=703"
	"Expression704" [label="Expression"]
	"Assignment688" -> "Expression704"
	"Term705" [label="Term"]
	"Expression704" -> "Term705"
	"Factor706" [label="Factor"]
	"Term705" -> "Factor706"
	"Thing707" [label="Thing"]
	"Factor706" -> "Thing707"
	"num708" [label="num",style=filled,fillcolor=powderblue]
	"Thing707" -> "num708"
	"FactorP709" [label="FactorP"]
	"Factor706" -> "FactorP709"
	"e710" [label="e"]
	"FactorP709" -> "e710"
	"TermP711" [label="TermP"]
	"Term705" -> "TermP711"
	"e712" [label="e"]
	"TermP711" -> "e712"
	"ExpressionP713" [label="ExpressionP"]
	"Expression704" -> "ExpressionP713"
	"+714" [label="+",style=filled,fillcolor=powderblue]
	"ExpressionP713" -> "+714"
	"Term715" [label="Term"]
	"ExpressionP713" -> "Term715"
	"Factor716" [label="Factor"]
	"Term715" -> "Factor716"
	"Thing717" [label="Thing"]
	"Factor716" -> "Thing717"
	"m718" [label="m",style=filled,fillcolor=powderblue]
	"Thing717" -> "m718"
	"[719" [label="[",style=filled,fillcolor=powderblue]
	"Thing717" -> "[719"
	"Expression720" [label="Expression"]
	"Thing717" -> "Expression720"
	"Term721" [label="Term"]
	"Expression720" -> "Term721"
	"Factor722" [label="Factor"]
	"Term721" -> "Factor722"
	"Thing723" [label="Thing"]
	"Factor722" -> "Thing723"
	"num724" [label="num",style=filled,fillcolor=powderblue]
	"Thing723" -> "num724"
	"FactorP725" [label="FactorP"]
	"Factor722" -> "FactorP725"
	"e726" [label="e"]
	"FactorP725" -> "e726"
	"TermP727" [label="TermP"]
	"Term721" -> "TermP727"
	"e728" [label="e"]
	"TermP727" -> "e728"
	"ExpressionP729" [label="ExpressionP"]
	"Expression720" -> "ExpressionP729"
	"e730" [label="e"]
	"ExpressionP729" -> "e730"
	"]731" [label="]",style=filled,fillcolor=powderblue]
	"Thing717" -> "]731"
	"FactorP732" [label="FactorP"]
	"Factor716" -> "FactorP732"
	"e733" [label="e"]
	"FactorP732" -> "e733"
	"TermP734" [label="TermP"]
	"Term715" -> "TermP734"
	"e735" [label="e"]
	"TermP734" -> "e735"
	"ExpressionP736" [label="ExpressionP"]
	"ExpressionP713" -> "ExpressionP736"
	"e737" [label="e"]
	"ExpressionP736" -> "e737"
	"StatementsP738" [label="StatementsP"]
	"StatementsP686" -> "StatementsP738"
	"Statement739" [label="Statement"]
	"StatementsP738" -> "Statement739"
	"Assignment740" [label="Assignment"]
	"Statement739" -> "Assignment740"
	"m741" [label="m",style=filled,fillcolor=powderblue]
	"Assignment740" -> "m741"
	"[742" [label="[",style=filled,fillcolor=powderblue]
	"Assignment740" -> "[742"
	"Expression743" [label="Expression"]
	"Assignment740" -> "Expression743"
	"Term744" [label="Term"]
	"Expression743" -> "Term744"
	"Factor745" [label="Factor"]
	"Term744" -> "Factor745"
	"Thing746" [label="Thing"]
	"Factor745" -> "Thing746"
	"num747" [label="num",style=filled,fillcolor=powderblue]
	"Thing746" -> "num747"
	"FactorP748" [label="FactorP"]
	"Factor745" -> "FactorP748"
	"e749" [label="e"]
	"FactorP748" -> "e749"
	"TermP750" [label="TermP"]
	"Term744" -> "TermP750"
	"e751" [label="e"]
	"TermP750" -> "e751"
	"ExpressionP752" [label="ExpressionP"]
	"Expression743" -> "ExpressionP752"
	"e753" [label="e"]
	"ExpressionP752" -> "e753"
	"]754" [label="]",style=filled,fillcolor=powderblue]
	"Assignment740" -> "]754"
	"=755" [label="=",style=filled,fillcolor=powderblue]
	"Assignment740" -> "=755"
	"Expression756" [label="Expression"]
	"Assignment740" -> "Expression756"
	"Term757" [label="Term"]
	"Expression756" -> "Term757"
	"Factor758" [label="Factor"]
	"Term757" -> "Factor758"
	"Thing759" [label="Thing"]
	"Factor758" -> "Thing759"
	"num760" [label="num",style=filled,fillcolor=powderblue]
	"Thing759" -> "num760"
	"FactorP761" [label="FactorP"]
	"Factor758" -> "FactorP761"
	"e762" [label="e"]
	"FactorP761" -> "e762"
	"TermP763" [label="TermP"]
	"Term757" -> "TermP763"
	"e764" [label="e"]
	"TermP763" -> "e764"
	"ExpressionP765" [label="ExpressionP"]
	"Expression756" -> "ExpressionP765"
	"-766" [label="-",style=filled,fillcolor=powderblue]
	"ExpressionP765" -> "-766"
	"Term767" [label="Term"]
	"ExpressionP765" -> "Term767"
	"Factor768" [label="Factor"]
	"Term767" -> "Factor768"
	"Thing769" [label="Thing"]
	"Factor768" -> "Thing769"
	"m770" [label="m",style=filled,fillcolor=powderblue]
	"Thing769" -> "m770"
	"[771" [label="[",style=filled,fillcolor=powderblue]
	"Thing769" -> "[771"
	"Expression772" [label="Expression"]
	"Thing769" -> "Expression772"
	"Term773" [label="Term"]
	"Expression772" -> "Term773"
	"Factor774" [label="Factor"]
	"Term773" -> "Factor774"
	"Thing775" [label="Thing"]
	"Factor774" -> "Thing775"
	"num776" [label="num",style=filled,fillcolor=powderblue]
	"Thing775" -> "num776"
	"FactorP777" [label="FactorP"]
	"Factor774" -> "FactorP777"
	"e778" [label="e"]
	"FactorP777" -> "e778"
	"TermP779" [label="TermP"]
	"Term773" -> "TermP779"
	"e780" [label="e"]
	"TermP779" -> "e780"
	"ExpressionP781" [label="ExpressionP"]
	"Expression772" -> "ExpressionP781"
	"-782" [label="-",style=filled,fillcolor=powderblue]
	"ExpressionP781" -> "-782"
	"Term783" [label="Term"]
	"ExpressionP781" -> "Term783"
	"Factor784" [label="Factor"]
	"Term783" -> "Factor784"
	"Thing785" [label="Thing"]
	"Factor784" -> "Thing785"
	"num786" [label="num",style=filled,fillcolor=powderblue]
	"Thing785" -> "num786"
	"FactorP787" [label="FactorP"]
	"Factor784" -> "FactorP787"
	"e788" [label="e"]
	"FactorP787" -> "e788"
	"TermP789" [label="TermP"]
	"Term783" -> "TermP789"
	"e790" [label="e"]
	"TermP789" -> "e790"
	"ExpressionP791" [label="ExpressionP"]
	"ExpressionP781" -> "ExpressionP791"
	"e792" [label="e"]
	"ExpressionP791" -> "e792"
	"]793" [label="]",style=filled,fillcolor=powderblue]
	"Thing769" -> "]793"
	"FactorP794" [label="FactorP"]
	"Factor768" -> "FactorP794"
	"e795" [label="e"]
	"FactorP794" -> "e795"
	"TermP796" [label="TermP"]
	"Term767" -> "TermP796"
	"e797" [label="e"]
	"TermP796" -> "e797"
	"ExpressionP798" [label="ExpressionP"]
	"ExpressionP765" -> "ExpressionP798"
	"e799" [label="e"]
	"ExpressionP798" -> "e799"
	"StatementsP800" [label="StatementsP"]
	"StatementsP738" -> "StatementsP800"
	"Statement801" [label="Statement"]
	"StatementsP800" -> "Statement801"
	"Assignment802" [label="Assignment"]
	"Statement801" -> "Assignment802"
	"m803" [label="m",style=filled,fillcolor=powderblue]
	"Assignment802" -> "m803"
	"[804" [label="[",style=filled,fillcolor=powderblue]
	"Assignment802" -> "[804"
	"Expression805" [label="Expression"]
	"Assignment802" -> "Expression805"
	"Term806" [label="Term"]
	"Expression805" -> "Term806"
	"Factor807" [label="Factor"]
	"Term806" -> "Factor807"
	"Thing808" [label="Thing"]
	"Factor807" -> "Thing808"
	"num809" [label="num",style=filled,fillcolor=powderblue]
	"Thing808" -> "num809"
	"FactorP810" [label="FactorP"]
	"Factor807" -> "FactorP810"
	"e811" [label="e"]
	"FactorP810" -> "e811"
	"TermP812" [label="TermP"]
	"Term806" -> "TermP812"
	"e813" [label="e"]
	"TermP812" -> "e813"
	"ExpressionP814" [label="ExpressionP"]
	"Expression805" -> "ExpressionP814"
	"e815" [label="e"]
	"ExpressionP814" -> "e815"
	"]816" [label="]",style=filled,fillcolor=powderblue]
	"Assignment802" -> "]816"
	"=817" [label="=",style=filled,fillcolor=powderblue]
	"Assignment802" -> "=817"
	"Expression818" [label="Expression"]
	"Assignment802" -> "Expression818"
	"Term819" [label="Term"]
	"Expression818" -> "Term819"
	"Factor820" [label="Factor"]
	"Term819" -> "Factor820"
	"Thing821" [label="Thing"]
	"Factor820" -> "Thing821"
	"num822" [label="num",style=filled,fillcolor=powderblue]
	"Thing821" -> "num822"
	"FactorP823" [label="FactorP"]
	"Factor820" -> "FactorP823"
	"e824" [label="e"]
	"FactorP823" -> "e824"
	"TermP825" [label="TermP"]
	"Term819" -> "TermP825"
	"e826" [label="e"]
	"TermP825" -> "e826"
	"ExpressionP827" [label="ExpressionP"]
	"Expression818" -> "ExpressionP827"
	"-828" [label="-",style=filled,fillcolor=powderblue]
	"ExpressionP827" -> "-828"
	"Term829" [label="Term"]
	"ExpressionP827" -> "Term829"
	"Factor830" [label="Factor"]
	"Term829" -> "Factor830"
	"Thing831" [label="Thing"]
	"Factor830" -> "Thing831"
	"(832" [label="(",style=filled,fillcolor=powderblue]
	"Thing831" -> "(832"
	"Expression833" [label="Expression"]
	"Thing831" -> "Expression833"
	"Term834" [label="Term"]
	"Expression833" -> "Term834"
	"Factor835" [label="Factor"]
	"Term834" -> "Factor835"
	"Thing836" [label="Thing"]
	"Factor835" -> "Thing836"
	"num837" [label="num",style=filled,fillcolor=powderblue]
	"Thing836" -> "num837"
	"FactorP838" [label="FactorP"]
	"Factor835" -> "FactorP838"
	"e839" [label="e"]
	"FactorP838" -> "e839"
	"TermP840" [label="TermP"]
	"Term834" -> "TermP840"
	"e841" [label="e"]
	"TermP840" -> "e841"
	"ExpressionP842" [label="ExpressionP"]
	"Expression833" -> "ExpressionP842"
	"-843" [label="-",style=filled,fillcolor=powderblue]
	"ExpressionP842" -> "-843"
	"Term844" [label="Term"]
	"ExpressionP842" -> "Term844"
	"Factor845" [label="Factor"]
	"Term844" -> "Factor845"
	"Thing846" [label="Thing"]
	"Factor845" -> "Thing846"
	"num847" [label="num",style=filled,fillcolor=powderblue]
	"Thing846" -> "num847"
	"FactorP848" [label="FactorP"]
	"Factor845" -> "FactorP848"
	"e849" [label="e"]
	"FactorP848" -> "e849"
	"TermP850" [label="TermP"]
	"Term844" -> "TermP850"
	"e851" [label="e"]
	"TermP850" -> "e851"
	"ExpressionP852" [label="ExpressionP"]
	"ExpressionP842" -> "ExpressionP852"
	"e853" [label="e"]
	"ExpressionP852" -> "e853"
	")854" [label=")",style=filled,fillcolor=powderblue]
	"Thing831" -> ")854"
	"FactorP855" [label="FactorP"]
	"Factor830" -> "FactorP855"
	"e856" [label="e"]
	"FactorP855" -> "e856"
	"TermP857" [label="TermP"]
	"Term829" -> "TermP857"
	"e858" [label="e"]
	"TermP857" -> "e858"
	"ExpressionP859" [label="ExpressionP"]
	"ExpressionP827" -> "ExpressionP859"
	"e860" [label="e"]
	"ExpressionP859" -> "e860"
	"StatementsP861" [label="StatementsP"]
	"StatementsP800" -> "StatementsP861"
	"Statement862" [label="Statement"]
	"StatementsP861" -> "Statement862"
	"Assignment863" [label="Assignment"]
	"Statement862" -> "Assignment863"
	"m864" [label="m",style=filled,fillcolor=powderblue]
	"Assignment863" -> "m864"
	"[865" [label="[",style=filled,fillcolor=powderblue]
	"Assignment863" -> "[865"
	"Expression866" [label="Expression"]
	"Assignment863" -> "Expression866"
	"Term867" [label="Term"]
	"Expression866" -> "Term867"
	"Factor868" [label="Factor"]
	"Term867" -> "Factor868"
	"Thing869" [label="Thing"]
	"Factor868" -> "Thing869"
	"num870" [label="num",style=filled,fillcolor=powderblue]
	"Thing869" -> "num870"
	"FactorP871" [label="FactorP"]
	"Factor868" -> "FactorP871"
	"e872" [label="e"]
	"FactorP871" -> "e872"
	"TermP873" [label="TermP"]
	"Term867" -> "TermP873"
	"e874" [label="e"]
	"TermP873" -> "e874"
	"ExpressionP875" [label="ExpressionP"]
	"Expression866" -> "ExpressionP875"
	"e876" [label="e"]
	"ExpressionP875" -> "e876"
	"]877" [label="]",style=filled,fillcolor=powderblue]
	"Assignment863" -> "]877"
	"=878" [label="=",style=filled,fillcolor=powderblue]
	"Assignment863" -> "=878"
	"Expression879" [label="Expression"]
	"Assignment863" -> "Expression879"
	"Term880" [label="Term"]
	"Expression879" -> "Term880"
	"Factor881" [label="Factor"]
	"Term880" -> "Factor881"
	"Thing882" [label="Thing"]
	"Factor881" -> "Thing882"
	"num883" [label="num",style=filled,fillcolor=powderblue]
	"Thing882" -> "num883"
	"FactorP884" [label="FactorP"]
	"Factor881" -> "FactorP884"
	"e885" [label="e"]
	"FactorP884" -> "e885"
	"TermP886" [label="TermP"]
	"Term880" -> "TermP886"
	"e887" [label="e"]
	"TermP886" -> "e887"
	"ExpressionP888" [label="ExpressionP"]
	"Expression879" -> "ExpressionP888"
	"-889" [label="-",style=filled,fillcolor=powderblue]
	"ExpressionP888" -> "-889"
	"Term890" [label="Term"]
	"ExpressionP888" -> "Term890"
	"Factor891" [label="Factor"]
	"Term890" -> "Factor891"
	"Thing892" [label="Thing"]
	"Factor891" -> "Thing892"
	"m893" [label="m",style=filled,fillcolor=powderblue]
	"Thing892" -> "m893"
	"[894" [label="[",style=filled,fillcolor=powderblue]
	"Thing892" -> "[894"
	"Expression895" [label="Expression"]
	"Thing892" -> "Expression895"
	"Term896" [label="Term"]
	"Expression895" -> "Term896"
	"Factor897" [label="Factor"]
	"Term896" -> "Factor897"
	"Thing898" [label="Thing"]
	"Factor897" -> "Thing898"
	"(899" [label="(",style=filled,fillcolor=powderblue]
	"Thing898" -> "(899"
	"Expression900" [label="Expression"]
	"Thing898" -> "Expression900"
	"Term901" [label="Term"]
	"Expression900" -> "Term901"
	"Factor902" [label="Factor"]
	"Term901" -> "Factor902"
	"Thing903" [label="Thing"]
	"Factor902" -> "Thing903"
	"num904" [label="num",style=filled,fillcolor=powderblue]
	"Thing903" -> "num904"
	"FactorP905" [label="FactorP"]
	"Factor902" -> "FactorP905"
	"e906" [label="e"]
	"FactorP905" -> "e906"
	"TermP907" [label="TermP"]
	"Term901" -> "TermP907"
	"e908" [label="e"]
	"TermP907" -> "e908"
	"ExpressionP909" [label="ExpressionP"]
	"Expression900" -> "ExpressionP909"
	"-910" [label="-",style=filled,fillcolor=powderblue]
	"ExpressionP909" -> "-910"
	"Term911" [label="Term"]
	"ExpressionP909" -> "Term911"
	"Factor912" [label="Factor"]
	"Term911" -> "Factor912"
	"Thing913" [label="Thing"]
	"Factor912" -> "Thing913"
	"num914" [label="num",style=filled,fillcolor=powderblue]
	"Thing913" -> "num914"
	"FactorP915" [label="FactorP"]
	"Factor912" -> "FactorP915"
	"e916" [label="e"]
	"FactorP915" -> "e916"
	"TermP917" [label="TermP"]
	"Term911" -> "TermP917"
	"e918" [label="e"]
	"TermP917" -> "e918"
	"ExpressionP919" [label="ExpressionP"]
	"ExpressionP909" -> "ExpressionP919"
	"e920" [label="e"]
	"ExpressionP919" -> "e920"
	")921" [label=")",style=filled,fillcolor=powderblue]
	"Thing898" -> ")921"
	"FactorP922" [label="FactorP"]
	"Factor897" -> "FactorP922"
	"e923" [label="e"]
	"FactorP922" -> "e923"
	"TermP924" [label="TermP"]
	"Term896" -> "TermP924"
	"e925" [label="e"]
	"TermP924" -> "e925"
	"ExpressionP926" [label="ExpressionP"]
	"Expression895" -> "ExpressionP926"
	"e927" [label="e"]
	"ExpressionP926" -> "e927"
	"]928" [label="]",style=filled,fillcolor=powderblue]
	"Thing892" -> "]928"
	"FactorP929" [label="FactorP"]
	"Factor891" -> "FactorP929"
	"e930" [label="e"]
	"FactorP929" -> "e930"
	"TermP931" [label="TermP"]
	"Term890" -> "TermP931"
	"e932" [label="e"]
	"TermP931" -> "e932"
	"ExpressionP933" [label="ExpressionP"]
	"ExpressionP888" -> "ExpressionP933"
	"e934" [label="e"]
	"ExpressionP933" -> "e934"
	"StatementsP935" [label="StatementsP"]
	"StatementsP861" -> "StatementsP935"
	"Statement936" [label="Statement"]
	"StatementsP935" -> "Statement936"
	"Print937" [label="Print"]
	"Statement936" -> "Print937"
	"print938" [label="print",style=filled,fillcolor=powderblue]
	"Print937" -> "print938"
	"Expression939" [label="Expression"]
	"Print937" -> "Expression939"
	"Term940" [label="Term"]
	"Expression939" -> "Term940"
	"Factor941" [label="Factor"]
	"Term940" -> "Factor941"
	"Thing942" [label="Thing"]
	"Factor941" -> "Thing942"
	"m943" [label="m",style=filled,fillcolor=powderblue]
	"Thing942" -> "m943"
	"[944" [label="[",style=filled,fillcolor=powderblue]
	"Thing942" -> "[944"
	"Expression945" [label="Expression"]
	"Thing942" -> "Expression945"
	"Term946" [label="Term"]
	"Expression945" -> "Term946"
	"Factor947" [label="Factor"]
	"Term946" -> "Factor947"
	"Thing948" [label="Thing"]
	"Factor947" -> "Thing948"
	"num949" [label="num",style=filled,fillcolor=powderblue]
	"Thing948" -> "num949"
	"FactorP950" [label="FactorP"]
	"Factor947" -> "FactorP950"
	"e951" [label="e"]
	"FactorP950" -> "e951"
	"TermP952" [label="TermP"]
	"Term946" -> "TermP952"
	"e953" [label="e"]
	"TermP952" -> "e953"
	"ExpressionP954" [label="ExpressionP"]
	"Expression945" -> "ExpressionP954"
	"e955" [label="e"]
	"ExpressionP954" -> "e955"
	"]956" [label="]",style=filled,fillcolor=powderblue]
	"Thing942" -> "]956"
	"FactorP957" [label="FactorP"]
	"Factor941" -> "FactorP957"
	"e958" [label="e"]
	"FactorP957" -> "e958"
	"TermP959" [label="TermP"]
	"Term940" -> "TermP959"
	"e960" [label="e"]
	"TermP959" -> "e960"
	"ExpressionP961" [label="ExpressionP"]
	"Expression939" -> "ExpressionP961"
	"e962" [label="e"]
	"ExpressionP961" -> "e962"
	"StatementsP963" [label="StatementsP"]
	"StatementsP935" -> "StatementsP963"
	"e964" [label="e"]
	"StatementsP963" -> "e964"
};
