digraph G {
	"Start1" [label="Start"]
	"Statements2" [label="Statements"]
	"Start1" -> "Statements2"
	"Statement3" [label="Statement"]
	"Statements2" -> "Statement3"
	"Assignment4" [label="Assignment"]
	"Statement3" -> "Assignment4"
	"m5" [label="m",style=filled,fillcolor=powderblue]
	"Assignment4" -> "m5"
	"[6" [label="[",style=filled,fillcolor=powderblue]
	"Assignment4" -> "[6"
	"Expression7" [label="Expression"]
	"Assignment4" -> "Expression7"
	"Term8" [label="Term"]
	"Expression7" -> "Term8"
	"Factor9" [label="Factor"]
	"Term8" -> "Factor9"
	"Thing10" [label="Thing"]
	"Factor9" -> "Thing10"
	"num11" [label="num",style=filled,fillcolor=powderblue]
	"Thing10" -> "num11"
	"FactorP12" [label="FactorP"]
	"Factor9" -> "FactorP12"
	"e13" [label="e"]
	"FactorP12" -> "e13"
	"TermP14" [label="TermP"]
	"Term8" -> "TermP14"
	"e15" [label="e"]
	"TermP14" -> "e15"
	"ExpressionP16" [label="ExpressionP"]
	"Expression7" -> "ExpressionP16"
	"e17" [label="e"]
	"ExpressionP16" -> "e17"
	"]18" [label="]",style=filled,fillcolor=powderblue]
	"Assignment4" -> "]18"
	"=19" [label="=",style=filled,fillcolor=powderblue]
	"Assignment4" -> "=19"
	"Expression20" [label="Expression"]
	"Assignment4" -> "Expression20"
	"Term21" [label="Term"]
	"Expression20" -> "Term21"
	"Factor22" [label="Factor"]
	"Term21" -> "Factor22"
	"Thing23" [label="Thing"]
	"Factor22" -> "Thing23"
	"num24" [label="num",style=filled,fillcolor=powderblue]
	"Thing23" -> "num24"
	"FactorP25" [label="FactorP"]
	"Factor22" -> "FactorP25"
	"e26" [label="e"]
	"FactorP25" -> "e26"
	"TermP27" [label="TermP"]
	"Term21" -> "TermP27"
	"/28" [label="/",style=filled,fillcolor=powderblue]
	"TermP27" -> "/28"
	"Factor29" [label="Factor"]
	"TermP27" -> "Factor29"
	"Thing30" [label="Thing"]
	"Factor29" -> "Thing30"
	"num31" [label="num",style=filled,fillcolor=powderblue]
	"Thing30" -> "num31"
	"FactorP32" [label="FactorP"]
	"Factor29" -> "FactorP32"
	"e33" [label="e"]
	"FactorP32" -> "e33"
	"TermP34" [label="TermP"]
	"TermP27" -> "TermP34"
	"*35" [label="*",style=filled,fillcolor=powderblue]
	"TermP34" -> "*35"
	"Factor36" [label="Factor"]
	"TermP34" -> "Factor36"
	"Thing37" [label="Thing"]
	"Factor36" -> "Thing37"
	"num38" [label="num",style=filled,fillcolor=powderblue]
	"Thing37" -> "num38"
	"FactorP39" [label="FactorP"]
	"Factor36" -> "FactorP39"
	"e40" [label="e"]
	"FactorP39" -> "e40"
	"TermP41" [label="TermP"]
	"TermP34" -> "TermP41"
	"e42" [label="e"]
	"TermP41" -> "e42"
	"ExpressionP43" [label="ExpressionP"]
	"Expression20" -> "ExpressionP43"
	"e44" [label="e"]
	"ExpressionP43" -> "e44"
	"StatementsP45" [label="StatementsP"]
	"Statements2" -> "StatementsP45"
	"Statement46" [label="Statement"]
	"StatementsP45" -> "Statement46"
	"Assignment47" [label="Assignment"]
	"Statement46" -> "Assignment47"
	"m48" [label="m",style=filled,fillcolor=powderblue]
	"Assignment47" -> "m48"
	"[49" [label="[",style=filled,fillcolor=powderblue]
	"Assignment47" -> "[49"
	"Expression50" [label="Expression"]
	"Assignment47" -> "Expression50"
	"Term51" [label="Term"]
	"Expression50" -> "Term51"
	"Factor52" [label="Factor"]
	"Term51" -> "Factor52"
	"Thing53" [label="Thing"]
	"Factor52" -> "Thing53"
	"num54" [label="num",style=filled,fillcolor=powderblue]
	"Thing53" -> "num54"
	"FactorP55" [label="FactorP"]
	"Factor52" -> "FactorP55"
	"e56" [label="e"]
	"FactorP55" -> "e56"
	"TermP57" [label="TermP"]
	"Term51" -> "TermP57"
	"e58" [label="e"]
	"TermP57" -> "e58"
	"ExpressionP59" [label="ExpressionP"]
	"Expression50" -> "ExpressionP59"
	"e60" [label="e"]
	"ExpressionP59" -> "e60"
	"]61" [label="]",style=filled,fillcolor=powderblue]
	"Assignment47" -> "]61"
	"=62" [label="=",style=filled,fillcolor=powderblue]
	"Assignment47" -> "=62"
	"Expression63" [label="Expression"]
	"Assignment47" -> "Expression63"
	"Term64" [label="Term"]
	"Expression63" -> "Term64"
	"Factor65" [label="Factor"]
	"Term64" -> "Factor65"
	"Thing66" [label="Thing"]
	"Factor65" -> "Thing66"
	"num67" [label="num",style=filled,fillcolor=powderblue]
	"Thing66" -> "num67"
	"FactorP68" [label="FactorP"]
	"Factor65" -> "FactorP68"
	"e69" [label="e"]
	"FactorP68" -> "e69"
	"TermP70" [label="TermP"]
	"Term64" -> "TermP70"
	"/71" [label="/",style=filled,fillcolor=powderblue]
	"TermP70" -> "/71"
	"Factor72" [label="Factor"]
	"TermP70" -> "Factor72"
	"Thing73" [label="Thing"]
	"Factor72" -> "Thing73"
	"num74" [label="num",style=filled,fillcolor=powderblue]
	"Thing73" -> "num74"
	"FactorP75" [label="FactorP"]
	"Factor72" -> "FactorP75"
	"e76" [label="e"]
	"FactorP75" -> "e76"
	"TermP77" [label="TermP"]
	"TermP70" -> "TermP77"
	"*78" [label="*",style=filled,fillcolor=powderblue]
	"TermP77" -> "*78"
	"Factor79" [label="Factor"]
	"TermP77" -> "Factor79"
	"Thing80" [label="Thing"]
	"Factor79" -> "Thing80"
	"num81" [label="num",style=filled,fillcolor=powderblue]
	"Thing80" -> "num81"
	"FactorP82" [label="FactorP"]
	"Factor79" -> "FactorP82"
	"e83" [label="e"]
	"FactorP82" -> "e83"
	"TermP84" [label="TermP"]
	"TermP77" -> "TermP84"
	"e85" [label="e"]
	"TermP84" -> "e85"
	"ExpressionP86" [label="ExpressionP"]
	"Expression63" -> "ExpressionP86"
	"e87" [label="e"]
	"ExpressionP86" -> "e87"
	"StatementsP88" [label="StatementsP"]
	"StatementsP45" -> "StatementsP88"
	"Statement89" [label="Statement"]
	"StatementsP88" -> "Statement89"
	"Jump90" [label="Jump"]
	"Statement89" -> "Jump90"
	"goto91" [label="goto",style=filled,fillcolor=powderblue]
	"Jump90" -> "goto91"
	"num92" [label="num",style=filled,fillcolor=powderblue]
	"Jump90" -> "num92"
	"To93" [label="To"]
	"Jump90" -> "To93"
	"StatementsP94" [label="StatementsP"]
	"StatementsP88" -> "StatementsP94"
	"Statement95" [label="Statement"]
	"StatementsP94" -> "Statement95"
	"Assignment96" [label="Assignment"]
	"Statement95" -> "Assignment96"
	"m97" [label="m",style=filled,fillcolor=powderblue]
	"Assignment96" -> "m97"
	"[98" [label="[",style=filled,fillcolor=powderblue]
	"Assignment96" -> "[98"
	"Expression99" [label="Expression"]
	"Assignment96" -> "Expression99"
	"Term100" [label="Term"]
	"Expression99" -> "Term100"
	"Factor101" [label="Factor"]
	"Term100" -> "Factor101"
	"Thing102" [label="Thing"]
	"Factor101" -> "Thing102"
	"num103" [label="num",style=filled,fillcolor=powderblue]
	"Thing102" -> "num103"
	"FactorP104" [label="FactorP"]
	"Factor101" -> "FactorP104"
	"e105" [label="e"]
	"FactorP104" -> "e105"
	"TermP106" [label="TermP"]
	"Term100" -> "TermP106"
	"e107" [label="e"]
	"TermP106" -> "e107"
	"ExpressionP108" [label="ExpressionP"]
	"Expression99" -> "ExpressionP108"
	"e109" [label="e"]
	"ExpressionP108" -> "e109"
	"]110" [label="]",style=filled,fillcolor=powderblue]
	"Assignment96" -> "]110"
	"=111" [label="=",style=filled,fillcolor=powderblue]
	"Assignment96" -> "=111"
	"Expression112" [label="Expression"]
	"Assignment96" -> "Expression112"
	"Term113" [label="Term"]
	"Expression112" -> "Term113"
	"Factor114" [label="Factor"]
	"Term113" -> "Factor114"
	"Thing115" [label="Thing"]
	"Factor114" -> "Thing115"
	"num116" [label="num",style=filled,fillcolor=powderblue]
	"Thing115" -> "num116"
	"FactorP117" [label="FactorP"]
	"Factor114" -> "FactorP117"
	"e118" [label="e"]
	"FactorP117" -> "e118"
	"TermP119" [label="TermP"]
	"Term113" -> "TermP119"
	"e120" [label="e"]
	"TermP119" -> "e120"
	"ExpressionP121" [label="ExpressionP"]
	"Expression112" -> "ExpressionP121"
	"+122" [label="+",style=filled,fillcolor=powderblue]
	"ExpressionP121" -> "+122"
	"Term123" [label="Term"]
	"ExpressionP121" -> "Term123"
	"Factor124" [label="Factor"]
	"Term123" -> "Factor124"
	"Thing125" [label="Thing"]
	"Factor124" -> "Thing125"
	"m126" [label="m",style=filled,fillcolor=powderblue]
	"Thing125" -> "m126"
	"[127" [label="[",style=filled,fillcolor=powderblue]
	"Thing125" -> "[127"
	"Expression128" [label="Expression"]
	"Thing125" -> "Expression128"
	"Term129" [label="Term"]
	"Expression128" -> "Term129"
	"Factor130" [label="Factor"]
	"Term129" -> "Factor130"
	"Thing131" [label="Thing"]
	"Factor130" -> "Thing131"
	"num132" [label="num",style=filled,fillcolor=powderblue]
	"Thing131" -> "num132"
	"FactorP133" [label="FactorP"]
	"Factor130" -> "FactorP133"
	"e134" [label="e"]
	"FactorP133" -> "e134"
	"TermP135" [label="TermP"]
	"Term129" -> "TermP135"
	"e136" [label="e"]
	"TermP135" -> "e136"
	"ExpressionP137" [label="ExpressionP"]
	"Expression128" -> "ExpressionP137"
	"e138" [label="e"]
	"ExpressionP137" -> "e138"
	"]139" [label="]",style=filled,fillcolor=powderblue]
	"Thing125" -> "]139"
	"FactorP140" [label="FactorP"]
	"Factor124" -> "FactorP140"
	"e141" [label="e"]
	"FactorP140" -> "e141"
	"TermP142" [label="TermP"]
	"Term123" -> "TermP142"
	"e143" [label="e"]
	"TermP142" -> "e143"
	"ExpressionP144" [label="ExpressionP"]
	"ExpressionP121" -> "ExpressionP144"
	"e145" [label="e"]
	"ExpressionP144" -> "e145"
	"StatementsP146" [label="StatementsP"]
	"StatementsP94" -> "StatementsP146"
	"Statement147" [label="Statement"]
	"StatementsP146" -> "Statement147"
	"Assignment148" [label="Assignment"]
	"Statement147" -> "Assignment148"
	"m149" [label="m",style=filled,fillcolor=powderblue]
	"Assignment148" -> "m149"
	"[150" [label="[",style=filled,fillcolor=powderblue]
	"Assignment148" -> "[150"
	"Expression151" [label="Expression"]
	"Assignment148" -> "Expression151"
	"Term152" [label="Term"]
	"Expression151" -> "Term152"
	"Factor153" [label="Factor"]
	"Term152" -> "Factor153"
	"Thing154" [label="Thing"]
	"Factor153" -> "Thing154"
	"num155" [label="num",style=filled,fillcolor=powderblue]
	"Thing154" -> "num155"
	"FactorP156" [label="FactorP"]
	"Factor153" -> "FactorP156"
	"e157" [label="e"]
	"FactorP156" -> "e157"
	"TermP158" [label="TermP"]
	"Term152" -> "TermP158"
	"e159" [label="e"]
	"TermP158" -> "e159"
	"ExpressionP160" [label="ExpressionP"]
	"Expression151" -> "ExpressionP160"
	"e161" [label="e"]
	"ExpressionP160" -> "e161"
	"]162" [label="]",style=filled,fillcolor=powderblue]
	"Assignment148" -> "]162"
	"=163" [label="=",style=filled,fillcolor=powderblue]
	"Assignment148" -> "=163"
	"Expression164" [label="Expression"]
	"Assignment148" -> "Expression164"
	"Term165" [label="Term"]
	"Expression164" -> "Term165"
	"Factor166" [label="Factor"]
	"Term165" -> "Factor166"
	"Thing167" [label="Thing"]
	"Factor166" -> "Thing167"
	"num168" [label="num",style=filled,fillcolor=powderblue]
	"Thing167" -> "num168"
	"FactorP169" [label="FactorP"]
	"Factor166" -> "FactorP169"
	"e170" [label="e"]
	"FactorP169" -> "e170"
	"TermP171" [label="TermP"]
	"Term165" -> "TermP171"
	"e172" [label="e"]
	"TermP171" -> "e172"
	"ExpressionP173" [label="ExpressionP"]
	"Expression164" -> "ExpressionP173"
	"-174" [label="-",style=filled,fillcolor=powderblue]
	"ExpressionP173" -> "-174"
	"Term175" [label="Term"]
	"ExpressionP173" -> "Term175"
	"Factor176" [label="Factor"]
	"Term175" -> "Factor176"
	"Thing177" [label="Thing"]
	"Factor176" -> "Thing177"
	"m178" [label="m",style=filled,fillcolor=powderblue]
	"Thing177" -> "m178"
	"[179" [label="[",style=filled,fillcolor=powderblue]
	"Thing177" -> "[179"
	"Expression180" [label="Expression"]
	"Thing177" -> "Expression180"
	"Term181" [label="Term"]
	"Expression180" -> "Term181"
	"Factor182" [label="Factor"]
	"Term181" -> "Factor182"
	"Thing183" [label="Thing"]
	"Factor182" -> "Thing183"
	"num184" [label="num",style=filled,fillcolor=powderblue]
	"Thing183" -> "num184"
	"FactorP185" [label="FactorP"]
	"Factor182" -> "FactorP185"
	"**186" [label="**",style=filled,fillcolor=powderblue]
	"FactorP185" -> "**186"
	"Thing187" [label="Thing"]
	"FactorP185" -> "Thing187"
	"num188" [label="num",style=filled,fillcolor=powderblue]
	"Thing187" -> "num188"
	"FactorP189" [label="FactorP"]
	"FactorP185" -> "FactorP189"
	"e190" [label="e"]
	"FactorP189" -> "e190"
	"TermP191" [label="TermP"]
	"Term181" -> "TermP191"
	"*192" [label="*",style=filled,fillcolor=powderblue]
	"TermP191" -> "*192"
	"Factor193" [label="Factor"]
	"TermP191" -> "Factor193"
	"Thing194" [label="Thing"]
	"Factor193" -> "Thing194"
	"num195" [label="num",style=filled,fillcolor=powderblue]
	"Thing194" -> "num195"
	"FactorP196" [label="FactorP"]
	"Factor193" -> "FactorP196"
	"e197" [label="e"]
	"FactorP196" -> "e197"
	"TermP198" [label="TermP"]
	"TermP191" -> "TermP198"
	"e199" [label="e"]
	"TermP198" -> "e199"
	"ExpressionP200" [label="ExpressionP"]
	"Expression180" -> "ExpressionP200"
	"-201" [label="-",style=filled,fillcolor=powderblue]
	"ExpressionP200" -> "-201"
	"Term202" [label="Term"]
	"ExpressionP200" -> "Term202"
	"Factor203" [label="Factor"]
	"Term202" -> "Factor203"
	"Thing204" [label="Thing"]
	"Factor203" -> "Thing204"
	"num205" [label="num",style=filled,fillcolor=powderblue]
	"Thing204" -> "num205"
	"FactorP206" [label="FactorP"]
	"Factor203" -> "FactorP206"
	"e207" [label="e"]
	"FactorP206" -> "e207"
	"TermP208" [label="TermP"]
	"Term202" -> "TermP208"
	"e209" [label="e"]
	"TermP208" -> "e209"
	"ExpressionP210" [label="ExpressionP"]
	"ExpressionP200" -> "ExpressionP210"
	"e211" [label="e"]
	"ExpressionP210" -> "e211"
	"]212" [label="]",style=filled,fillcolor=powderblue]
	"Thing177" -> "]212"
	"FactorP213" [label="FactorP"]
	"Factor176" -> "FactorP213"
	"e214" [label="e"]
	"FactorP213" -> "e214"
	"TermP215" [label="TermP"]
	"Term175" -> "TermP215"
	"e216" [label="e"]
	"TermP215" -> "e216"
	"ExpressionP217" [label="ExpressionP"]
	"ExpressionP173" -> "ExpressionP217"
	"-218" [label="-",style=filled,fillcolor=powderblue]
	"ExpressionP217" -> "-218"
	"Term219" [label="Term"]
	"ExpressionP217" -> "Term219"
	"Factor220" [label="Factor"]
	"Term219" -> "Factor220"
	"Thing221" [label="Thing"]
	"Factor220" -> "Thing221"
	"num222" [label="num",style=filled,fillcolor=powderblue]
	"Thing221" -> "num222"
	"FactorP223" [label="FactorP"]
	"Factor220" -> "FactorP223"
	"e224" [label="e"]
	"FactorP223" -> "e224"
	"TermP225" [label="TermP"]
	"Term219" -> "TermP225"
	"e226" [label="e"]
	"TermP225" -> "e226"
	"ExpressionP227" [label="ExpressionP"]
	"ExpressionP217" -> "ExpressionP227"
	"e228" [label="e"]
	"ExpressionP227" -> "e228"
	"StatementsP229" [label="StatementsP"]
	"StatementsP146" -> "StatementsP229"
	"Statement230" [label="Statement"]
	"StatementsP229" -> "Statement230"
	"Label231" [label="Label"]
	"Statement230" -> "Label231"
	"L232" [label="L",style=filled,fillcolor=powderblue]
	"Label231" -> "L232"
	"num233" [label="num",style=filled,fillcolor=powderblue]
	"Label231" -> "num233"
	":234" [label=":",style=filled,fillcolor=powderblue]
	"Label231" -> ":234"
syntax error: found m expecting : - line 7
