digraph G {
	"Start1" [label="Start"]
	"Statements2" [label="Statements"]
	"Start1" -> "Statements2"
	"Statement3" [label="Statement"]
	"Statements2" -> "Statement3"
	"Assignment4" [label="Assignment"]
	"Statement3" -> "Assignment4"
	"m5" [label="m",style=filled,fillcolor=powderblue]
	"Assignment4" -> "m5"
	"[6" [label="[",style=filled,fillcolor=powderblue]
	"Assignment4" -> "[6"
	"Expression7" [label="Expression"]
	"Assignment4" -> "Expression7"
	"Term8" [label="Term"]
	"Expression7" -> "Term8"
	"Factor9" [label="Factor"]
	"Term8" -> "Factor9"
	"Thing10" [label="Thing"]
	"Factor9" -> "Thing10"
	"num11" [label="num",style=filled,fillcolor=powderblue]
	"Thing10" -> "num11"
	"FactorP12" [label="FactorP"]
	"Factor9" -> "FactorP12"
	"e13" [label="e"]
	"FactorP12" -> "e13"
	"TermP14" [label="TermP"]
	"Term8" -> "TermP14"
	"e15" [label="e"]
	"TermP14" -> "e15"
	"ExpressionP16" [label="ExpressionP"]
	"Expression7" -> "ExpressionP16"
	"e17" [label="e"]
	"ExpressionP16" -> "e17"
	"]18" [label="]",style=filled,fillcolor=powderblue]
	"Assignment4" -> "]18"
	"=19" [label="=",style=filled,fillcolor=powderblue]
	"Assignment4" -> "=19"
	"Expression20" [label="Expression"]
	"Assignment4" -> "Expression20"
	"Term21" [label="Term"]
	"Expression20" -> "Term21"
	"Factor22" [label="Factor"]
	"Term21" -> "Factor22"
	"Thing23" [label="Thing"]
	"Factor22" -> "Thing23"
	"num24" [label="num",style=filled,fillcolor=powderblue]
	"Thing23" -> "num24"
	"FactorP25" [label="FactorP"]
	"Factor22" -> "FactorP25"
	"e26" [label="e"]
	"FactorP25" -> "e26"
	"TermP27" [label="TermP"]
	"Term21" -> "TermP27"
	"/28" [label="/",style=filled,fillcolor=powderblue]
	"TermP27" -> "/28"
	"Factor29" [label="Factor"]
	"TermP27" -> "Factor29"
	"Thing30" [label="Thing"]
	"Factor29" -> "Thing30"
	"num31" [label="num",style=filled,fillcolor=powderblue]
	"Thing30" -> "num31"
	"FactorP32" [label="FactorP"]
	"Factor29" -> "FactorP32"
	"e33" [label="e"]
	"FactorP32" -> "e33"
	"TermP34" [label="TermP"]
	"TermP27" -> "TermP34"
	"*35" [label="*",style=filled,fillcolor=powderblue]
	"TermP34" -> "*35"
	"Factor36" [label="Factor"]
	"TermP34" -> "Factor36"
	"Thing37" [label="Thing"]
	"Factor36" -> "Thing37"
	"num38" [label="num",style=filled,fillcolor=powderblue]
	"Thing37" -> "num38"
	"FactorP39" [label="FactorP"]
	"Factor36" -> "FactorP39"
	"e40" [label="e"]
	"FactorP39" -> "e40"
	"TermP41" [label="TermP"]
	"TermP34" -> "TermP41"
	"e42" [label="e"]
	"TermP41" -> "e42"
	"ExpressionP43" [label="ExpressionP"]
	"Expression20" -> "ExpressionP43"
	"e44" [label="e"]
	"ExpressionP43" -> "e44"
	"StatementsP45" [label="StatementsP"]
	"Statements2" -> "StatementsP45"
	"Statement46" [label="Statement"]
	"StatementsP45" -> "Statement46"
	"Assignment47" [label="Assignment"]
	"Statement46" -> "Assignment47"
	"m48" [label="m",style=filled,fillcolor=powderblue]
	"Assignment47" -> "m48"
	"[49" [label="[",style=filled,fillcolor=powderblue]
	"Assignment47" -> "[49"
	"Expression50" [label="Expression"]
	"Assignment47" -> "Expression50"
	"Term51" [label="Term"]
	"Expression50" -> "Term51"
	"Factor52" [label="Factor"]
	"Term51" -> "Factor52"
	"Thing53" [label="Thing"]
	"Factor52" -> "Thing53"
	"num54" [label="num",style=filled,fillcolor=powderblue]
	"Thing53" -> "num54"
	"FactorP55" [label="FactorP"]
	"Factor52" -> "FactorP55"
	"e56" [label="e"]
	"FactorP55" -> "e56"
	"TermP57" [label="TermP"]
	"Term51" -> "TermP57"
	"e58" [label="e"]
	"TermP57" -> "e58"
	"ExpressionP59" [label="ExpressionP"]
	"Expression50" -> "ExpressionP59"
	"e60" [label="e"]
	"ExpressionP59" -> "e60"
	"]61" [label="]",style=filled,fillcolor=powderblue]
	"Assignment47" -> "]61"
	"=62" [label="=",style=filled,fillcolor=powderblue]
	"Assignment47" -> "=62"
	"Expression63" [label="Expression"]
	"Assignment47" -> "Expression63"
	"Term64" [label="Term"]
	"Expression63" -> "Term64"
	"Factor65" [label="Factor"]
	"Term64" -> "Factor65"
	"Thing66" [label="Thing"]
	"Factor65" -> "Thing66"
	"num67" [label="num",style=filled,fillcolor=powderblue]
	"Thing66" -> "num67"
	"FactorP68" [label="FactorP"]
	"Factor65" -> "FactorP68"
	"e69" [label="e"]
	"FactorP68" -> "e69"
	"TermP70" [label="TermP"]
	"Term64" -> "TermP70"
	"/71" [label="/",style=filled,fillcolor=powderblue]
	"TermP70" -> "/71"
	"Factor72" [label="Factor"]
	"TermP70" -> "Factor72"
	"Thing73" [label="Thing"]
	"Factor72" -> "Thing73"
	"num74" [label="num",style=filled,fillcolor=powderblue]
	"Thing73" -> "num74"
	"FactorP75" [label="FactorP"]
	"Factor72" -> "FactorP75"
	"e76" [label="e"]
	"FactorP75" -> "e76"
	"TermP77" [label="TermP"]
	"TermP70" -> "TermP77"
	"*78" [label="*",style=filled,fillcolor=powderblue]
	"TermP77" -> "*78"
	"Factor79" [label="Factor"]
	"TermP77" -> "Factor79"
	"Thing80" [label="Thing"]
	"Factor79" -> "Thing80"
	"num81" [label="num",style=filled,fillcolor=powderblue]
	"Thing80" -> "num81"
	"FactorP82" [label="FactorP"]
	"Factor79" -> "FactorP82"
	"e83" [label="e"]
	"FactorP82" -> "e83"
	"TermP84" [label="TermP"]
	"TermP77" -> "TermP84"
	"e85" [label="e"]
	"TermP84" -> "e85"
	"ExpressionP86" [label="ExpressionP"]
	"Expression63" -> "ExpressionP86"
	"e87" [label="e"]
	"ExpressionP86" -> "e87"
	"StatementsP88" [label="StatementsP"]
	"StatementsP45" -> "StatementsP88"
	"Statement89" [label="Statement"]
	"StatementsP88" -> "Statement89"
	"Jump90" [label="Jump"]
	"Statement89" -> "Jump90"
	"goto91" [label="goto",style=filled,fillcolor=powderblue]
	"Jump90" -> "goto91"
	"num92" [label="num",style=filled,fillcolor=powderblue]
	"Jump90" -> "num92"
	"To93" [label="To"]
	"Jump90" -> "To93"
	"StatementsP94" [label="StatementsP"]
	"StatementsP88" -> "StatementsP94"
	"Statement95" [label="Statement"]
	"StatementsP94" -> "Statement95"
	"Assignment96" [label="Assignment"]
	"Statement95" -> "Assignment96"
	"m97" [label="m",style=filled,fillcolor=powderblue]
	"Assignment96" -> "m97"
	"[98" [label="[",style=filled,fillcolor=powderblue]
	"Assignment96" -> "[98"
	"Expression99" [label="Expression"]
	"Assignment96" -> "Expression99"
	"Term100" [label="Term"]
	"Expression99" -> "Term100"
	"Factor101" [label="Factor"]
	"Term100" -> "Factor101"
	"Thing102" [label="Thing"]
	"Factor101" -> "Thing102"
	"num103" [label="num",style=filled,fillcolor=powderblue]
	"Thing102" -> "num103"
	"FactorP104" [label="FactorP"]
	"Factor101" -> "FactorP104"
	"e105" [label="e"]
	"FactorP104" -> "e105"
	"TermP106" [label="TermP"]
	"Term100" -> "TermP106"
	"e107" [label="e"]
	"TermP106" -> "e107"
	"ExpressionP108" [label="ExpressionP"]
	"Expression99" -> "ExpressionP108"
	"e109" [label="e"]
	"ExpressionP108" -> "e109"
	"]110" [label="]",style=filled,fillcolor=powderblue]
	"Assignment96" -> "]110"
	"=111" [label="=",style=filled,fillcolor=powderblue]
	"Assignment96" -> "=111"
	"Expression112" [label="Expression"]
	"Assignment96" -> "Expression112"
	"Term113" [label="Term"]
	"Expression112" -> "Term113"
	"Factor114" [label="Factor"]
	"Term113" -> "Factor114"
	"Thing115" [label="Thing"]
	"Factor114" -> "Thing115"
	"num116" [label="num",style=filled,fillcolor=powderblue]
	"Thing115" -> "num116"
	"FactorP117" [label="FactorP"]
	"Factor114" -> "FactorP117"
	"e118" [label="e"]
	"FactorP117" -> "e118"
	"TermP119" [label="TermP"]
	"Term113" -> "TermP119"
	"e120" [label="e"]
	"TermP119" -> "e120"
	"ExpressionP121" [label="ExpressionP"]
	"Expression112" -> "ExpressionP121"
	"+122" [label="+",style=filled,fillcolor=powderblue]
	"ExpressionP121" -> "+122"
	"Term123" [label="Term"]
	"ExpressionP121" -> "Term123"
	"Factor124" [label="Factor"]
	"Term123" -> "Factor124"
	"Thing125" [label="Thing"]
	"Factor124" -> "Thing125"
	"m126" [label="m",style=filled,fillcolor=powderblue]
	"Thing125" -> "m126"
	"[127" [label="[",style=filled,fillcolor=powderblue]
	"Thing125" -> "[127"
	"Expression128" [label="Expression"]
	"Thing125" -> "Expression128"
	"Term129" [label="Term"]
	"Expression128" -> "Term129"
	"Factor130" [label="Factor"]
	"Term129" -> "Factor130"
	"Thing131" [label="Thing"]
	"Factor130" -> "Thing131"
	"num132" [label="num",style=filled,fillcolor=powderblue]
	"Thing131" -> "num132"
	"FactorP133" [label="FactorP"]
	"Factor130" -> "FactorP133"
	"e134" [label="e"]
	"FactorP133" -> "e134"
	"TermP135" [label="TermP"]
	"Term129" -> "TermP135"
	"e136" [label="e"]
	"TermP135" -> "e136"
	"ExpressionP137" [label="ExpressionP"]
	"Expression128" -> "ExpressionP137"
	"e138" [label="e"]
	"ExpressionP137" -> "e138"
	"]139" [label="]",style=filled,fillcolor=powderblue]
	"Thing125" -> "]139"
	"FactorP140" [label="FactorP"]
	"Factor124" -> "FactorP140"
	"e141" [label="e"]
	"FactorP140" -> "e141"
	"TermP142" [label="TermP"]
	"Term123" -> "TermP142"
	"e143" [label="e"]
	"TermP142" -> "e143"
	"ExpressionP144" [label="ExpressionP"]
	"ExpressionP121" -> "ExpressionP144"
	"e145" [label="e"]
	"ExpressionP144" -> "e145"
	"StatementsP146" [label="StatementsP"]
	"StatementsP94" -> "StatementsP146"
	"Statement147" [label="Statement"]
	"StatementsP146" -> "Statement147"
	"Assignment148" [label="Assignment"]
	"Statement147" -> "Assignment148"
	"m149" [label="m",style=filled,fillcolor=powderblue]
	"Assignment148" -> "m149"
	"[150" [label="[",style=filled,fillcolor=powderblue]
	"Assignment148" -> "[150"
	"Expression151" [label="Expression"]
	"Assignment148" -> "Expression151"
	"Term152" [label="Term"]
	"Expression151" -> "Term152"
	"Factor153" [label="Factor"]
	"Term152" -> "Factor153"
	"Thing154" [label="Thing"]
	"Factor153" -> "Thing154"
	"num155" [label="num",style=filled,fillcolor=powderblue]
	"Thing154" -> "num155"
	"FactorP156" [label="FactorP"]
	"Factor153" -> "FactorP156"
	"e157" [label="e"]
	"FactorP156" -> "e157"
	"TermP158" [label="TermP"]
	"Term152" -> "TermP158"
	"e159" [label="e"]
	"TermP158" -> "e159"
	"ExpressionP160" [label="ExpressionP"]
	"Expression151" -> "ExpressionP160"
	"e161" [label="e"]
	"ExpressionP160" -> "e161"
	"]162" [label="]",style=filled,fillcolor=powderblue]
	"Assignment148" -> "]162"
	"=163" [label="=",style=filled,fillcolor=powderblue]
	"Assignment148" -> "=163"
	"Expression164" [label="Expression"]
	"Assignment148" -> "Expression164"
	"Term165" [label="Term"]
	"Expression164" -> "Term165"
	"Factor166" [label="Factor"]
	"Term165" -> "Factor166"
	"Thing167" [label="Thing"]
	"Factor166" -> "Thing167"
	"num168" [label="num",style=filled,fillcolor=powderblue]
	"Thing167" -> "num168"
	"FactorP169" [label="FactorP"]
	"Factor166" -> "FactorP169"
	"e170" [label="e"]
	"FactorP169" -> "e170"
	"TermP171" [label="TermP"]
	"Term165" -> "TermP171"
	"e172" [label="e"]
	"TermP171" -> "e172"
	"ExpressionP173" [label="ExpressionP"]
	"Expression164" -> "ExpressionP173"
	"-174" [label="-",style=filled,fillcolor=powderblue]
	"ExpressionP173" -> "-174"
	"Term175" [label="Term"]
	"ExpressionP173" -> "Term175"
	"Factor176" [label="Factor"]
	"Term175" -> "Factor176"
	"Thing177" [label="Thing"]
	"Factor176" -> "Thing177"
	"m178" [label="m",style=filled,fillcolor=powderblue]
	"Thing177" -> "m178"
	"[179" [label="[",style=filled,fillcolor=powderblue]
	"Thing177" -> "[179"
	"Expression180" [label="Expression"]
	"Thing177" -> "Expression180"
	"Term181" [label="Term"]
	"Expression180" -> "Term181"
	"Factor182" [label="Factor"]
	"Term181" -> "Factor182"
	"Thing183" [label="Thing"]
	"Factor182" -> "Thing183"
	"num184" [label="num",style=filled,fillcolor=powderblue]
	"Thing183" -> "num184"
	"FactorP185" [label="FactorP"]
	"Factor182" -> "FactorP185"
	"**186" [label="**",style=filled,fillcolor=powderblue]
	"FactorP185" -> "**186"
	"Thing187" [label="Thing"]
	"FactorP185" -> "Thing187"
	"num188" [label="num",style=filled,fillcolor=powderblue]
	"Thing187" -> "num188"
	"FactorP189" [label="FactorP"]
	"FactorP185" -> "FactorP189"
	"e190" [label="e"]
	"FactorP189" -> "e190"
	"TermP191" [label="TermP"]
	"Term181" -> "TermP191"
	"*192" [label="*",style=filled,fillcolor=powderblue]
	"TermP191" -> "*192"
	"Factor193" [label="Factor"]
	"TermP191" -> "Factor193"
	"Thing194" [label="Thing"]
	"Factor193" -> "Thing194"
	"num195" [label="num",style=filled,fillcolor=powderblue]
	"Thing194" -> "num195"
	"FactorP196" [label="FactorP"]
	"Factor193" -> "FactorP196"
	"e197" [label="e"]
	"FactorP196" -> "e197"
	"TermP198" [label="TermP"]
	"TermP191" -> "TermP198"
	"e199" [label="e"]
	"TermP198" -> "e199"
	"ExpressionP200" [label="ExpressionP"]
	"Expression180" -> "ExpressionP200"
	"-201" [label="-",style=filled,fillcolor=powderblue]
	"ExpressionP200" -> "-201"
	"Term202" [label="Term"]
	"ExpressionP200" -> "Term202"
	"Factor203" [label="Factor"]
	"Term202" -> "Factor203"
	"Thing204" [label="Thing"]
	"Factor203" -> "Thing204"
	"num205" [label="num",style=filled,fillcolor=powderblue]
	"Thing204" -> "num205"
	"FactorP206" [label="FactorP"]
	"Factor203" -> "FactorP206"
	"e207" [label="e"]
	"FactorP206" -> "e207"
	"TermP208" [label="TermP"]
	"Term202" -> "TermP208"
	"e209" [label="e"]
	"TermP208" -> "e209"
	"ExpressionP210" [label="ExpressionP"]
	"ExpressionP200" -> "ExpressionP210"
	"e211" [label="e"]
	"ExpressionP210" -> "e211"
	"]212" [label="]",style=filled,fillcolor=powderblue]
	"Thing177" -> "]212"
	"FactorP213" [label="FactorP"]
	"Factor176" -> "FactorP213"
	"e214" [label="e"]
	"FactorP213" -> "e214"
	"TermP215" [label="TermP"]
	"Term175" -> "TermP215"
	"e216" [label="e"]
	"TermP215" -> "e216"
	"ExpressionP217" [label="ExpressionP"]
	"ExpressionP173" -> "ExpressionP217"
	"-218" [label="-",style=filled,fillcolor=powderblue]
	"ExpressionP217" -> "-218"
	"Term219" [label="Term"]
	"ExpressionP217" -> "Term219"
	"Factor220" [label="Factor"]
	"Term219" -> "Factor220"
	"Thing221" [label="Thing"]
	"Factor220" -> "Thing221"
	"num222" [label="num",style=filled,fillcolor=powderblue]
	"Thing221" -> "num222"
	"FactorP223" [label="FactorP"]
	"Factor220" -> "FactorP223"
	"e224" [label="e"]
	"FactorP223" -> "e224"
	"TermP225" [label="TermP"]
	"Term219" -> "TermP225"
	"e226" [label="e"]
	"TermP225" -> "e226"
	"ExpressionP227" [label="ExpressionP"]
	"ExpressionP217" -> "ExpressionP227"
	"e228" [label="e"]
	"ExpressionP227" -> "e228"
	"StatementsP229" [label="StatementsP"]
	"StatementsP146" -> "StatementsP229"
	"Statement230" [label="Statement"]
	"StatementsP229" -> "Statement230"
	"Label231" [label="Label"]
	"Statement230" -> "Label231"
	"L232" [label="L",style=filled,fillcolor=powderblue]
	"Label231" -> "L232"
	"num233" [label="num",style=filled,fillcolor=powderblue]
	"Label231" -> "num233"
	":234" [label=":",style=filled,fillcolor=powderblue]
	"Label231" -> ":234"
	"StatementsP235" [label="StatementsP"]
	"StatementsP229" -> "StatementsP235"
	"Statement236" [label="Statement"]
	"StatementsP235" -> "Statement236"
	"Assignment237" [label="Assignment"]
	"Statement236" -> "Assignment237"
	"m238" [label="m",style=filled,fillcolor=powderblue]
	"Assignment237" -> "m238"
	"[239" [label="[",style=filled,fillcolor=powderblue]
	"Assignment237" -> "[239"
	"Expression240" [label="Expression"]
	"Assignment237" -> "Expression240"
	"Term241" [label="Term"]
	"Expression240" -> "Term241"
	"Factor242" [label="Factor"]
	"Term241" -> "Factor242"
	"Thing243" [label="Thing"]
	"Factor242" -> "Thing243"
	"num244" [label="num",style=filled,fillcolor=powderblue]
	"Thing243" -> "num244"
	"FactorP245" [label="FactorP"]
	"Factor242" -> "FactorP245"
	"e246" [label="e"]
	"FactorP245" -> "e246"
	"TermP247" [label="TermP"]
	"Term241" -> "TermP247"
	"e248" [label="e"]
	"TermP247" -> "e248"
	"ExpressionP249" [label="ExpressionP"]
	"Expression240" -> "ExpressionP249"
	"e250" [label="e"]
	"ExpressionP249" -> "e250"
	"]251" [label="]",style=filled,fillcolor=powderblue]
	"Assignment237" -> "]251"
	"=252" [label="=",style=filled,fillcolor=powderblue]
	"Assignment237" -> "=252"
	"Expression253" [label="Expression"]
	"Assignment237" -> "Expression253"
	"Term254" [label="Term"]
	"Expression253" -> "Term254"
	"Factor255" [label="Factor"]
	"Term254" -> "Factor255"
	"Thing256" [label="Thing"]
	"Factor255" -> "Thing256"
	"num257" [label="num",style=filled,fillcolor=powderblue]
	"Thing256" -> "num257"
	"FactorP258" [label="FactorP"]
	"Factor255" -> "FactorP258"
	"e259" [label="e"]
	"FactorP258" -> "e259"
	"TermP260" [label="TermP"]
	"Term254" -> "TermP260"
	"e261" [label="e"]
	"TermP260" -> "e261"
	"ExpressionP262" [label="ExpressionP"]
	"Expression253" -> "ExpressionP262"
	"-263" [label="-",style=filled,fillcolor=powderblue]
	"ExpressionP262" -> "-263"
	"Term264" [label="Term"]
	"ExpressionP262" -> "Term264"
	"Factor265" [label="Factor"]
	"Term264" -> "Factor265"
	"Thing266" [label="Thing"]
	"Factor265" -> "Thing266"
	"(267" [label="(",style=filled,fillcolor=powderblue]
	"Thing266" -> "(267"
	"Expression268" [label="Expression"]
	"Thing266" -> "Expression268"
	"Term269" [label="Term"]
	"Expression268" -> "Term269"
	"Factor270" [label="Factor"]
	"Term269" -> "Factor270"
	"Thing271" [label="Thing"]
	"Factor270" -> "Thing271"
	"m272" [label="m",style=filled,fillcolor=powderblue]
	"Thing271" -> "m272"
	"[273" [label="[",style=filled,fillcolor=powderblue]
	"Thing271" -> "[273"
	"Expression274" [label="Expression"]
	"Thing271" -> "Expression274"
	"Term275" [label="Term"]
	"Expression274" -> "Term275"
	"Factor276" [label="Factor"]
	"Term275" -> "Factor276"
	"Thing277" [label="Thing"]
	"Factor276" -> "Thing277"
	"num278" [label="num",style=filled,fillcolor=powderblue]
	"Thing277" -> "num278"
	"FactorP279" [label="FactorP"]
	"Factor276" -> "FactorP279"
	"e280" [label="e"]
	"FactorP279" -> "e280"
	"TermP281" [label="TermP"]
	"Term275" -> "TermP281"
	"e282" [label="e"]
	"TermP281" -> "e282"
	"ExpressionP283" [label="ExpressionP"]
	"Expression274" -> "ExpressionP283"
	"e284" [label="e"]
	"ExpressionP283" -> "e284"
	"]285" [label="]",style=filled,fillcolor=powderblue]
	"Thing271" -> "]285"
	"FactorP286" [label="FactorP"]
	"Factor270" -> "FactorP286"
	"e287" [label="e"]
	"FactorP286" -> "e287"
	"TermP288" [label="TermP"]
	"Term269" -> "TermP288"
	"e289" [label="e"]
	"TermP288" -> "e289"
	"ExpressionP290" [label="ExpressionP"]
	"Expression268" -> "ExpressionP290"
	"-291" [label="-",style=filled,fillcolor=powderblue]
	"ExpressionP290" -> "-291"
	"Term292" [label="Term"]
	"ExpressionP290" -> "Term292"
	"Factor293" [label="Factor"]
	"Term292" -> "Factor293"
	"Thing294" [label="Thing"]
	"Factor293" -> "Thing294"
	"num295" [label="num",style=filled,fillcolor=powderblue]
	"Thing294" -> "num295"
	"FactorP296" [label="FactorP"]
	"Factor293" -> "FactorP296"
	"e297" [label="e"]
	"FactorP296" -> "e297"
	"TermP298" [label="TermP"]
	"Term292" -> "TermP298"
	"e299" [label="e"]
	"TermP298" -> "e299"
	"ExpressionP300" [label="ExpressionP"]
	"ExpressionP290" -> "ExpressionP300"
	"e301" [label="e"]
	"ExpressionP300" -> "e301"
	")302" [label=")",style=filled,fillcolor=powderblue]
	"Thing266" -> ")302"
	"FactorP303" [label="FactorP"]
	"Factor265" -> "FactorP303"
	"e304" [label="e"]
	"FactorP303" -> "e304"
	"TermP305" [label="TermP"]
	"Term264" -> "TermP305"
	"e306" [label="e"]
	"TermP305" -> "e306"
	"ExpressionP307" [label="ExpressionP"]
	"ExpressionP262" -> "ExpressionP307"
	"e308" [label="e"]
	"ExpressionP307" -> "e308"
	"StatementsP309" [label="StatementsP"]
	"StatementsP235" -> "StatementsP309"
	"Statement310" [label="Statement"]
	"StatementsP309" -> "Statement310"
	"Assignment311" [label="Assignment"]
	"Statement310" -> "Assignment311"
	"m312" [label="m",style=filled,fillcolor=powderblue]
	"Assignment311" -> "m312"
	"[313" [label="[",style=filled,fillcolor=powderblue]
	"Assignment311" -> "[313"
	"Expression314" [label="Expression"]
	"Assignment311" -> "Expression314"
	"Term315" [label="Term"]
	"Expression314" -> "Term315"
	"Factor316" [label="Factor"]
	"Term315" -> "Factor316"
	"Thing317" [label="Thing"]
	"Factor316" -> "Thing317"
	"num318" [label="num",style=filled,fillcolor=powderblue]
	"Thing317" -> "num318"
	"FactorP319" [label="FactorP"]
	"Factor316" -> "FactorP319"
	"e320" [label="e"]
	"FactorP319" -> "e320"
	"TermP321" [label="TermP"]
	"Term315" -> "TermP321"
	"e322" [label="e"]
	"TermP321" -> "e322"
	"ExpressionP323" [label="ExpressionP"]
	"Expression314" -> "ExpressionP323"
	"e324" [label="e"]
	"ExpressionP323" -> "e324"
	"]325" [label="]",style=filled,fillcolor=powderblue]
	"Assignment311" -> "]325"
	"=326" [label="=",style=filled,fillcolor=powderblue]
	"Assignment311" -> "=326"
	"Expression327" [label="Expression"]
	"Assignment311" -> "Expression327"
	"Term328" [label="Term"]
	"Expression327" -> "Term328"
	"Factor329" [label="Factor"]
	"Term328" -> "Factor329"
	"Thing330" [label="Thing"]
	"Factor329" -> "Thing330"
	"num331" [label="num",style=filled,fillcolor=powderblue]
	"Thing330" -> "num331"
	"FactorP332" [label="FactorP"]
	"Factor329" -> "FactorP332"
	"e333" [label="e"]
	"FactorP332" -> "e333"
	"TermP334" [label="TermP"]
	"Term328" -> "TermP334"
	"e335" [label="e"]
	"TermP334" -> "e335"
	"ExpressionP336" [label="ExpressionP"]
	"Expression327" -> "ExpressionP336"
	"+337" [label="+",style=filled,fillcolor=powderblue]
	"ExpressionP336" -> "+337"
	"Term338" [label="Term"]
	"ExpressionP336" -> "Term338"
	"Factor339" [label="Factor"]
	"Term338" -> "Factor339"
	"Thing340" [label="Thing"]
	"Factor339" -> "Thing340"
	"m341" [label="m",style=filled,fillcolor=powderblue]
	"Thing340" -> "m341"
	"[342" [label="[",style=filled,fillcolor=powderblue]
	"Thing340" -> "[342"
	"Expression343" [label="Expression"]
	"Thing340" -> "Expression343"
	"Term344" [label="Term"]
	"Expression343" -> "Term344"
	"Factor345" [label="Factor"]
	"Term344" -> "Factor345"
	"Thing346" [label="Thing"]
	"Factor345" -> "Thing346"
	"num347" [label="num",style=filled,fillcolor=powderblue]
	"Thing346" -> "num347"
	"FactorP348" [label="FactorP"]
	"Factor345" -> "FactorP348"
	"e349" [label="e"]
	"FactorP348" -> "e349"
	"TermP350" [label="TermP"]
	"Term344" -> "TermP350"
	"e351" [label="e"]
	"TermP350" -> "e351"
	"ExpressionP352" [label="ExpressionP"]
	"Expression343" -> "ExpressionP352"
	"e353" [label="e"]
	"ExpressionP352" -> "e353"
	"]354" [label="]",style=filled,fillcolor=powderblue]
	"Thing340" -> "]354"
	"FactorP355" [label="FactorP"]
	"Factor339" -> "FactorP355"
	"e356" [label="e"]
	"FactorP355" -> "e356"
	"TermP357" [label="TermP"]
	"Term338" -> "TermP357"
	"e358" [label="e"]
	"TermP357" -> "e358"
	"ExpressionP359" [label="ExpressionP"]
	"ExpressionP336" -> "ExpressionP359"
	"e360" [label="e"]
	"ExpressionP359" -> "e360"
	"StatementsP361" [label="StatementsP"]
	"StatementsP309" -> "StatementsP361"
	"Statement362" [label="Statement"]
	"StatementsP361" -> "Statement362"
	"Assignment363" [label="Assignment"]
	"Statement362" -> "Assignment363"
	"m364" [label="m",style=filled,fillcolor=powderblue]
	"Assignment363" -> "m364"
	"[365" [label="[",style=filled,fillcolor=powderblue]
	"Assignment363" -> "[365"
	"Expression366" [label="Expression"]
	"Assignment363" -> "Expression366"
	"Term367" [label="Term"]
	"Expression366" -> "Term367"
	"Factor368" [label="Factor"]
	"Term367" -> "Factor368"
	"Thing369" [label="Thing"]
	"Factor368" -> "Thing369"
	"num370" [label="num",style=filled,fillcolor=powderblue]
	"Thing369" -> "num370"
	"FactorP371" [label="FactorP"]
	"Factor368" -> "FactorP371"
	"e372" [label="e"]
	"FactorP371" -> "e372"
	"TermP373" [label="TermP"]
	"Term367" -> "TermP373"
	"e374" [label="e"]
	"TermP373" -> "e374"
	"ExpressionP375" [label="ExpressionP"]
	"Expression366" -> "ExpressionP375"
	"e376" [label="e"]
	"ExpressionP375" -> "e376"
	"]377" [label="]",style=filled,fillcolor=powderblue]
	"Assignment363" -> "]377"
	"=378" [label="=",style=filled,fillcolor=powderblue]
	"Assignment363" -> "=378"
	"Expression379" [label="Expression"]
	"Assignment363" -> "Expression379"
	"Term380" [label="Term"]
	"Expression379" -> "Term380"
	"Factor381" [label="Factor"]
	"Term380" -> "Factor381"
	"Thing382" [label="Thing"]
	"Factor381" -> "Thing382"
	"num383" [label="num",style=filled,fillcolor=powderblue]
	"Thing382" -> "num383"
	"FactorP384" [label="FactorP"]
	"Factor381" -> "FactorP384"
	"e385" [label="e"]
	"FactorP384" -> "e385"
	"TermP386" [label="TermP"]
	"Term380" -> "TermP386"
	"e387" [label="e"]
	"TermP386" -> "e387"
	"ExpressionP388" [label="ExpressionP"]
	"Expression379" -> "ExpressionP388"
	"-389" [label="-",style=filled,fillcolor=powderblue]
	"ExpressionP388" -> "-389"
	"Term390" [label="Term"]
	"ExpressionP388" -> "Term390"
	"Factor391" [label="Factor"]
	"Term390" -> "Factor391"
	"Thing392" [label="Thing"]
	"Factor391" -> "Thing392"
	"m393" [label="m",style=filled,fillcolor=powderblue]
	"Thing392" -> "m393"
	"[394" [label="[",style=filled,fillcolor=powderblue]
	"Thing392" -> "[394"
	"Expression395" [label="Expression"]
	"Thing392" -> "Expression395"
	"Term396" [label="Term"]
	"Expression395" -> "Term396"
	"Factor397" [label="Factor"]
	"Term396" -> "Factor397"
	"Thing398" [label="Thing"]
	"Factor397" -> "Thing398"
	"num399" [label="num",style=filled,fillcolor=powderblue]
	"Thing398" -> "num399"
	"FactorP400" [label="FactorP"]
	"Factor397" -> "FactorP400"
	"e401" [label="e"]
	"FactorP400" -> "e401"
	"TermP402" [label="TermP"]
	"Term396" -> "TermP402"
	"e403" [label="e"]
	"TermP402" -> "e403"
	"ExpressionP404" [label="ExpressionP"]
	"Expression395" -> "ExpressionP404"
	"-405" [label="-",style=filled,fillcolor=powderblue]
	"ExpressionP404" -> "-405"
	"Term406" [label="Term"]
	"ExpressionP404" -> "Term406"
	"Factor407" [label="Factor"]
	"Term406" -> "Factor407"
	"Thing408" [label="Thing"]
	"Factor407" -> "Thing408"
	"num409" [label="num",style=filled,fillcolor=powderblue]
	"Thing408" -> "num409"
	"FactorP410" [label="FactorP"]
	"Factor407" -> "FactorP410"
	"e411" [label="e"]
	"FactorP410" -> "e411"
	"TermP412" [label="TermP"]
	"Term406" -> "TermP412"
	"e413" [label="e"]
	"TermP412" -> "e413"
	"ExpressionP414" [label="ExpressionP"]
	"ExpressionP404" -> "ExpressionP414"
	"e415" [label="e"]
	"ExpressionP414" -> "e415"
	"]416" [label="]",style=filled,fillcolor=powderblue]
	"Thing392" -> "]416"
	"FactorP417" [label="FactorP"]
	"Factor391" -> "FactorP417"
	"e418" [label="e"]
	"FactorP417" -> "e418"
	"TermP419" [label="TermP"]
	"Term390" -> "TermP419"
	"e420" [label="e"]
	"TermP419" -> "e420"
	"ExpressionP421" [label="ExpressionP"]
	"ExpressionP388" -> "ExpressionP421"
	"e422" [label="e"]
	"ExpressionP421" -> "e422"
	"StatementsP423" [label="StatementsP"]
	"StatementsP361" -> "StatementsP423"
	"Statement424" [label="Statement"]
	"StatementsP423" -> "Statement424"
	"Assignment425" [label="Assignment"]
	"Statement424" -> "Assignment425"
	"m426" [label="m",style=filled,fillcolor=powderblue]
	"Assignment425" -> "m426"
	"[427" [label="[",style=filled,fillcolor=powderblue]
	"Assignment425" -> "[427"
	"Expression428" [label="Expression"]
	"Assignment425" -> "Expression428"
	"Term429" [label="Term"]
	"Expression428" -> "Term429"
	"Factor430" [label="Factor"]
	"Term429" -> "Factor430"
	"Thing431" [label="Thing"]
	"Factor430" -> "Thing431"
	"num432" [label="num",style=filled,fillcolor=powderblue]
	"Thing431" -> "num432"
	"FactorP433" [label="FactorP"]
	"Factor430" -> "FactorP433"
	"e434" [label="e"]
	"FactorP433" -> "e434"
	"TermP435" [label="TermP"]
	"Term429" -> "TermP435"
	"e436" [label="e"]
	"TermP435" -> "e436"
	"ExpressionP437" [label="ExpressionP"]
	"Expression428" -> "ExpressionP437"
	"e438" [label="e"]
	"ExpressionP437" -> "e438"
	"]439" [label="]",style=filled,fillcolor=powderblue]
	"Assignment425" -> "]439"
	"=440" [label="=",style=filled,fillcolor=powderblue]
	"Assignment425" -> "=440"
	"Expression441" [label="Expression"]
	"Assignment425" -> "Expression441"
	"Term442" [label="Term"]
	"Expression441" -> "Term442"
	"Factor443" [label="Factor"]
	"Term442" -> "Factor443"
	"Thing444" [label="Thing"]
	"Factor443" -> "Thing444"
	"num445" [label="num",style=filled,fillcolor=powderblue]
	"Thing444" -> "num445"
	"FactorP446" [label="FactorP"]
	"Factor443" -> "FactorP446"
	"e447" [label="e"]
	"FactorP446" -> "e447"
	"TermP448" [label="TermP"]
	"Term442" -> "TermP448"
	"e449" [label="e"]
	"TermP448" -> "e449"
	"ExpressionP450" [label="ExpressionP"]
	"Expression441" -> "ExpressionP450"
	"-451" [label="-",style=filled,fillcolor=powderblue]
	"ExpressionP450" -> "-451"
	"Term452" [label="Term"]
	"ExpressionP450" -> "Term452"
	"Factor453" [label="Factor"]
	"Term452" -> "Factor453"
	"Thing454" [label="Thing"]
	"Factor453" -> "Thing454"
	"(455" [label="(",style=filled,fillcolor=powderblue]
	"Thing454" -> "(455"
	"Expression456" [label="Expression"]
	"Thing454" -> "Expression456"
	"Term457" [label="Term"]
	"Expression456" -> "Term457"
	"Factor458" [label="Factor"]
	"Term457" -> "Factor458"
	"Thing459" [label="Thing"]
	"Factor458" -> "Thing459"
	"num460" [label="num",style=filled,fillcolor=powderblue]
	"Thing459" -> "num460"
	"FactorP461" [label="FactorP"]
	"Factor458" -> "FactorP461"
	"e462" [label="e"]
	"FactorP461" -> "e462"
	"TermP463" [label="TermP"]
	"Term457" -> "TermP463"
	"e464" [label="e"]
	"TermP463" -> "e464"
	"ExpressionP465" [label="ExpressionP"]
	"Expression456" -> "ExpressionP465"
	"-466" [label="-",style=filled,fillcolor=powderblue]
	"ExpressionP465" -> "-466"
	"Term467" [label="Term"]
	"ExpressionP465" -> "Term467"
	"Factor468" [label="Factor"]
	"Term467" -> "Factor468"
	"Thing469" [label="Thing"]
	"Factor468" -> "Thing469"
	"num470" [label="num",style=filled,fillcolor=powderblue]
	"Thing469" -> "num470"
	"FactorP471" [label="FactorP"]
	"Factor468" -> "FactorP471"
	"e472" [label="e"]
	"FactorP471" -> "e472"
	"TermP473" [label="TermP"]
	"Term467" -> "TermP473"
	"e474" [label="e"]
	"TermP473" -> "e474"
	"ExpressionP475" [label="ExpressionP"]
	"ExpressionP465" -> "ExpressionP475"
	"e476" [label="e"]
	"ExpressionP475" -> "e476"
	")477" [label=")",style=filled,fillcolor=powderblue]
	"Thing454" -> ")477"
	"FactorP478" [label="FactorP"]
	"Factor453" -> "FactorP478"
	"e479" [label="e"]
	"FactorP478" -> "e479"
	"TermP480" [label="TermP"]
	"Term452" -> "TermP480"
	"/481" [label="/",style=filled,fillcolor=powderblue]
	"TermP480" -> "/481"
	"Factor482" [label="Factor"]
	"TermP480" -> "Factor482"
	"Thing483" [label="Thing"]
	"Factor482" -> "Thing483"
	"m484" [label="m",style=filled,fillcolor=powderblue]
	"Thing483" -> "m484"
	"[485" [label="[",style=filled,fillcolor=powderblue]
	"Thing483" -> "[485"
	"Expression486" [label="Expression"]
	"Thing483" -> "Expression486"
	"Term487" [label="Term"]
	"Expression486" -> "Term487"
	"Factor488" [label="Factor"]
	"Term487" -> "Factor488"
	"Thing489" [label="Thing"]
	"Factor488" -> "Thing489"
	"num490" [label="num",style=filled,fillcolor=powderblue]
	"Thing489" -> "num490"
	"FactorP491" [label="FactorP"]
	"Factor488" -> "FactorP491"
	"e492" [label="e"]
	"FactorP491" -> "e492"
	"TermP493" [label="TermP"]
	"Term487" -> "TermP493"
	"e494" [label="e"]
	"TermP493" -> "e494"
	"ExpressionP495" [label="ExpressionP"]
	"Expression486" -> "ExpressionP495"
	"e496" [label="e"]
	"ExpressionP495" -> "e496"
	"]497" [label="]",style=filled,fillcolor=powderblue]
	"Thing483" -> "]497"
	"FactorP498" [label="FactorP"]
	"Factor482" -> "FactorP498"
syntax error: found = in parsing FactorP - line 11
