digraph G {
	"Start1" [label="Start"]
	"Statements2" [label="Statements"]
	"Start1" -> "Statements2"
	"Statement3" [label="Statement"]
	"Statements2" -> "Statement3"
	"Assignment4" [label="Assignment"]
	"Statement3" -> "Assignment4"
	"m5" [label="m",style=filled,fillcolor=powderblue]
	"Assignment4" -> "m5"
	"[6" [label="[",style=filled,fillcolor=powderblue]
	"Assignment4" -> "[6"
	"Expression7" [label="Expression"]
	"Assignment4" -> "Expression7"
	"Product8" [label="Product"]
	"Expression7" -> "Product8"
	"Term9" [label="Term"]
	"Product8" -> "Term9"
	"Factor10" [label="Factor"]
	"Term9" -> "Factor10"
	"num11" [label="num",style=filled,fillcolor=powderblue]
	"Factor10" -> "num11"
	"Term'12" [label="Term'"]
	"Term9" -> "Term'12"
	"e13" [label="e"]
	"Term'12" -> "e13"
	"Product'14" [label="Product'"]
	"Product8" -> "Product'14"
	"e15" [label="e"]
	"Product'14" -> "e15"
	"Expression'16" [label="Expression'"]
	"Expression7" -> "Expression'16"
	"e17" [label="e"]
	"Expression'16" -> "e17"
	"]18" [label="]",style=filled,fillcolor=powderblue]
	"Assignment4" -> "]18"
	"=19" [label="=",style=filled,fillcolor=powderblue]
	"Assignment4" -> "=19"
	"Expression20" [label="Expression"]
	"Assignment4" -> "Expression20"
	"Product21" [label="Product"]
	"Expression20" -> "Product21"
	"Term22" [label="Term"]
	"Product21" -> "Term22"
	"Factor23" [label="Factor"]
	"Term22" -> "Factor23"
	"num24" [label="num",style=filled,fillcolor=powderblue]
	"Factor23" -> "num24"
	"Term'25" [label="Term'"]
	"Term22" -> "Term'25"
	"e26" [label="e"]
	"Term'25" -> "e26"
	"Product'27" [label="Product'"]
	"Product21" -> "Product'27"
	"e28" [label="e"]
	"Product'27" -> "e28"
	"Expression'29" [label="Expression'"]
	"Expression20" -> "Expression'29"
	"-30" [label="-",style=filled,fillcolor=powderblue]
	"Expression'29" -> "-30"
	"Product31" [label="Product"]
	"Expression'29" -> "Product31"
	"Term32" [label="Term"]
	"Product31" -> "Term32"
	"Factor33" [label="Factor"]
	"Term32" -> "Factor33"
	"(34" [label="(",style=filled,fillcolor=powderblue]
	"Factor33" -> "(34"
	"Expression35" [label="Expression"]
	"Factor33" -> "Expression35"
	"Product36" [label="Product"]
	"Expression35" -> "Product36"
	"Term37" [label="Term"]
	"Product36" -> "Term37"
	"Factor38" [label="Factor"]
	"Term37" -> "Factor38"
	"num39" [label="num",style=filled,fillcolor=powderblue]
	"Factor38" -> "num39"
	"Term'40" [label="Term'"]
	"Term37" -> "Term'40"
	"e41" [label="e"]
	"Term'40" -> "e41"
	"Product'42" [label="Product'"]
	"Product36" -> "Product'42"
	"e43" [label="e"]
	"Product'42" -> "e43"
	"Expression'44" [label="Expression'"]
	"Expression35" -> "Expression'44"
	"-45" [label="-",style=filled,fillcolor=powderblue]
	"Expression'44" -> "-45"
	"Product46" [label="Product"]
	"Expression'44" -> "Product46"
	"Term47" [label="Term"]
	"Product46" -> "Term47"
	"Factor48" [label="Factor"]
	"Term47" -> "Factor48"
	"num49" [label="num",style=filled,fillcolor=powderblue]
	"Factor48" -> "num49"
	"Term'50" [label="Term'"]
	"Term47" -> "Term'50"
	"e51" [label="e"]
	"Term'50" -> "e51"
	"Product'52" [label="Product'"]
	"Product46" -> "Product'52"
	"e53" [label="e"]
	"Product'52" -> "e53"
	"Expression'54" [label="Expression'"]
	"Expression'44" -> "Expression'54"
	"e55" [label="e"]
	"Expression'54" -> "e55"
	")56" [label=")",style=filled,fillcolor=powderblue]
	"Factor33" -> ")56"
	"Term'57" [label="Term'"]
	"Term32" -> "Term'57"
	"e58" [label="e"]
	"Term'57" -> "e58"
	"Product'59" [label="Product'"]
	"Product31" -> "Product'59"
	"e60" [label="e"]
	"Product'59" -> "e60"
	"Expression'61" [label="Expression'"]
	"Expression'29" -> "Expression'61"
	"e62" [label="e"]
	"Expression'61" -> "e62"
	"Statements63" [label="Statements"]
	"Statements2" -> "Statements63"
	"Statement64" [label="Statement"]
	"Statements63" -> "Statement64"
	"Assignment65" [label="Assignment"]
	"Statement64" -> "Assignment65"
	"m66" [label="m",style=filled,fillcolor=powderblue]
	"Assignment65" -> "m66"
	"[67" [label="[",style=filled,fillcolor=powderblue]
	"Assignment65" -> "[67"
	"Expression68" [label="Expression"]
	"Assignment65" -> "Expression68"
	"Product69" [label="Product"]
	"Expression68" -> "Product69"
	"Term70" [label="Term"]
	"Product69" -> "Term70"
	"Factor71" [label="Factor"]
	"Term70" -> "Factor71"
	"num72" [label="num",style=filled,fillcolor=powderblue]
	"Factor71" -> "num72"
	"Term'73" [label="Term'"]
	"Term70" -> "Term'73"
	"e74" [label="e"]
	"Term'73" -> "e74"
	"Product'75" [label="Product'"]
	"Product69" -> "Product'75"
	"e76" [label="e"]
	"Product'75" -> "e76"
	"Expression'77" [label="Expression'"]
	"Expression68" -> "Expression'77"
	"e78" [label="e"]
	"Expression'77" -> "e78"
	"]79" [label="]",style=filled,fillcolor=powderblue]
	"Assignment65" -> "]79"
	"=80" [label="=",style=filled,fillcolor=powderblue]
	"Assignment65" -> "=80"
	"Expression81" [label="Expression"]
	"Assignment65" -> "Expression81"
	"Product82" [label="Product"]
	"Expression81" -> "Product82"
	"Term83" [label="Term"]
	"Product82" -> "Term83"
	"Factor84" [label="Factor"]
	"Term83" -> "Factor84"
	"num85" [label="num",style=filled,fillcolor=powderblue]
	"Factor84" -> "num85"
	"Term'86" [label="Term'"]
	"Term83" -> "Term'86"
	"e87" [label="e"]
	"Term'86" -> "e87"
	"Product'88" [label="Product'"]
	"Product82" -> "Product'88"
	"e89" [label="e"]
	"Product'88" -> "e89"
	"Expression'90" [label="Expression'"]
	"Expression81" -> "Expression'90"
	"-91" [label="-",style=filled,fillcolor=powderblue]
	"Expression'90" -> "-91"
	"Product92" [label="Product"]
	"Expression'90" -> "Product92"
	"Term93" [label="Term"]
	"Product92" -> "Term93"
	"Factor94" [label="Factor"]
	"Term93" -> "Factor94"
	"m95" [label="m",style=filled,fillcolor=powderblue]
	"Factor94" -> "m95"
	"[96" [label="[",style=filled,fillcolor=powderblue]
	"Factor94" -> "[96"
	"Expression97" [label="Expression"]
	"Factor94" -> "Expression97"
	"Product98" [label="Product"]
	"Expression97" -> "Product98"
	"Term99" [label="Term"]
	"Product98" -> "Term99"
	"Factor100" [label="Factor"]
	"Term99" -> "Factor100"
	"(101" [label="(",style=filled,fillcolor=powderblue]
	"Factor100" -> "(101"
	"Expression102" [label="Expression"]
	"Factor100" -> "Expression102"
	"Product103" [label="Product"]
	"Expression102" -> "Product103"
	"Term104" [label="Term"]
	"Product103" -> "Term104"
	"Factor105" [label="Factor"]
	"Term104" -> "Factor105"
	"num106" [label="num",style=filled,fillcolor=powderblue]
	"Factor105" -> "num106"
	"Term'107" [label="Term'"]
	"Term104" -> "Term'107"
	"e108" [label="e"]
	"Term'107" -> "e108"
	"Product'109" [label="Product'"]
	"Product103" -> "Product'109"
	"e110" [label="e"]
	"Product'109" -> "e110"
	"Expression'111" [label="Expression'"]
	"Expression102" -> "Expression'111"
	"-112" [label="-",style=filled,fillcolor=powderblue]
	"Expression'111" -> "-112"
	"Product113" [label="Product"]
	"Expression'111" -> "Product113"
	"Term114" [label="Term"]
	"Product113" -> "Term114"
	"Factor115" [label="Factor"]
	"Term114" -> "Factor115"
	"num116" [label="num",style=filled,fillcolor=powderblue]
	"Factor115" -> "num116"
	"Term'117" [label="Term'"]
	"Term114" -> "Term'117"
	"e118" [label="e"]
	"Term'117" -> "e118"
	"Product'119" [label="Product'"]
	"Product113" -> "Product'119"
	"e120" [label="e"]
	"Product'119" -> "e120"
	"Expression'121" [label="Expression'"]
	"Expression'111" -> "Expression'121"
	"e122" [label="e"]
	"Expression'121" -> "e122"
	")123" [label=")",style=filled,fillcolor=powderblue]
	"Factor100" -> ")123"
	"Term'124" [label="Term'"]
	"Term99" -> "Term'124"
	"e125" [label="e"]
	"Term'124" -> "e125"
	"Product'126" [label="Product'"]
	"Product98" -> "Product'126"
	"e127" [label="e"]
	"Product'126" -> "e127"
	"Expression'128" [label="Expression'"]
	"Expression97" -> "Expression'128"
	"e129" [label="e"]
	"Expression'128" -> "e129"
	"]130" [label="]",style=filled,fillcolor=powderblue]
	"Factor94" -> "]130"
	"Term'131" [label="Term'"]
	"Term93" -> "Term'131"
	"e132" [label="e"]
	"Term'131" -> "e132"
	"Product'133" [label="Product'"]
	"Product92" -> "Product'133"
	"e134" [label="e"]
	"Product'133" -> "e134"
	"Expression'135" [label="Expression'"]
	"Expression'90" -> "Expression'135"
	"e136" [label="e"]
	"Expression'135" -> "e136"
	"Statements137" [label="Statements"]
	"Statements63" -> "Statements137"
	"Statement138" [label="Statement"]
	"Statements137" -> "Statement138"
	"Print139" [label="Print"]
	"Statement138" -> "Print139"
	"print140" [label="print",style=filled,fillcolor=powderblue]
	"Print139" -> "print140"
	"Expression141" [label="Expression"]
	"Print139" -> "Expression141"
	"Product142" [label="Product"]
	"Expression141" -> "Product142"
	"Term143" [label="Term"]
	"Product142" -> "Term143"
	"Factor144" [label="Factor"]
	"Term143" -> "Factor144"
	"m145" [label="m",style=filled,fillcolor=powderblue]
	"Factor144" -> "m145"
	"[146" [label="[",style=filled,fillcolor=powderblue]
	"Factor144" -> "[146"
	"Expression147" [label="Expression"]
	"Factor144" -> "Expression147"
	"Product148" [label="Product"]
	"Expression147" -> "Product148"
	"Term149" [label="Term"]
	"Product148" -> "Term149"
	"Factor150" [label="Factor"]
	"Term149" -> "Factor150"
	"num151" [label="num",style=filled,fillcolor=powderblue]
	"Factor150" -> "num151"
	"Term'152" [label="Term'"]
	"Term149" -> "Term'152"
	"e153" [label="e"]
	"Term'152" -> "e153"
	"Product'154" [label="Product'"]
	"Product148" -> "Product'154"
	"e155" [label="e"]
	"Product'154" -> "e155"
	"Expression'156" [label="Expression'"]
	"Expression147" -> "Expression'156"
	"e157" [label="e"]
	"Expression'156" -> "e157"
	"]158" [label="]",style=filled,fillcolor=powderblue]
	"Factor144" -> "]158"
	"Term'159" [label="Term'"]
	"Term143" -> "Term'159"
	"e160" [label="e"]
	"Term'159" -> "e160"
	"Product'161" [label="Product'"]
	"Product142" -> "Product'161"
	"e162" [label="e"]
	"Product'161" -> "e162"
	"Expression'163" [label="Expression'"]
	"Expression141" -> "Expression'163"
	"e164" [label="e"]
	"Expression'163" -> "e164"
	"Statements165" [label="Statements"]
	"Statements137" -> "Statements165"
	"Statement166" [label="Statement"]
	"Statements165" -> "Statement166"
	"Jump167" [label="Jump"]
	"Statement166" -> "Jump167"
	"goto168" [label="goto",style=filled,fillcolor=powderblue]
	"Jump167" -> "goto168"
	"num169" [label="num",style=filled,fillcolor=powderblue]
	"Jump167" -> "num169"
	"Jump'170" [label="Jump'"]
	"Jump167" -> "Jump'170"
	"if171" [label="if",style=filled,fillcolor=powderblue]
	"Jump'170" -> "if171"
	"Expression172" [label="Expression"]
	"Jump'170" -> "Expression172"
	"Product173" [label="Product"]
	"Expression172" -> "Product173"
	"Term174" [label="Term"]
	"Product173" -> "Term174"
	"Factor175" [label="Factor"]
	"Term174" -> "Factor175"
	"m176" [label="m",style=filled,fillcolor=powderblue]
	"Factor175" -> "m176"
	"[177" [label="[",style=filled,fillcolor=powderblue]
	"Factor175" -> "[177"
	"Expression178" [label="Expression"]
	"Factor175" -> "Expression178"
	"Product179" [label="Product"]
	"Expression178" -> "Product179"
	"Term180" [label="Term"]
	"Product179" -> "Term180"
	"Factor181" [label="Factor"]
	"Term180" -> "Factor181"
	"num182" [label="num",style=filled,fillcolor=powderblue]
	"Factor181" -> "num182"
	"Term'183" [label="Term'"]
	"Term180" -> "Term'183"
	"e184" [label="e"]
	"Term'183" -> "e184"
	"Product'185" [label="Product'"]
	"Product179" -> "Product'185"
	"e186" [label="e"]
	"Product'185" -> "e186"
	"Expression'187" [label="Expression'"]
	"Expression178" -> "Expression'187"
	"e188" [label="e"]
	"Expression'187" -> "e188"
	"]189" [label="]",style=filled,fillcolor=powderblue]
	"Factor175" -> "]189"
	"Term'190" [label="Term'"]
	"Term174" -> "Term'190"
	"e191" [label="e"]
	"Term'190" -> "e191"
	"Product'192" [label="Product'"]
	"Product173" -> "Product'192"
	"e193" [label="e"]
	"Product'192" -> "e193"
	"Expression'194" [label="Expression'"]
	"Expression172" -> "Expression'194"
	"e195" [label="e"]
	"Expression'194" -> "e195"
	"Statements196" [label="Statements"]
	"Statements165" -> "Statements196"
	"Statement197" [label="Statement"]
	"Statements196" -> "Statement197"
	"Print198" [label="Print"]
	"Statement197" -> "Print198"
	"print199" [label="print",style=filled,fillcolor=powderblue]
	"Print198" -> "print199"
	"Expression200" [label="Expression"]
	"Print198" -> "Expression200"
	"Product201" [label="Product"]
	"Expression200" -> "Product201"
	"Term202" [label="Term"]
	"Product201" -> "Term202"
	"Factor203" [label="Factor"]
	"Term202" -> "Factor203"
	"m204" [label="m",style=filled,fillcolor=powderblue]
	"Factor203" -> "m204"
	"[205" [label="[",style=filled,fillcolor=powderblue]
	"Factor203" -> "[205"
	"Expression206" [label="Expression"]
	"Factor203" -> "Expression206"
	"Product207" [label="Product"]
	"Expression206" -> "Product207"
	"Term208" [label="Term"]
	"Product207" -> "Term208"
	"Factor209" [label="Factor"]
	"Term208" -> "Factor209"
	"num210" [label="num",style=filled,fillcolor=powderblue]
	"Factor209" -> "num210"
	"Term'211" [label="Term'"]
	"Term208" -> "Term'211"
	"e212" [label="e"]
	"Term'211" -> "e212"
	"Product'213" [label="Product'"]
	"Product207" -> "Product'213"
	"e214" [label="e"]
	"Product'213" -> "e214"
	"Expression'215" [label="Expression'"]
	"Expression206" -> "Expression'215"
	"e216" [label="e"]
	"Expression'215" -> "e216"
	"]217" [label="]",style=filled,fillcolor=powderblue]
	"Factor203" -> "]217"
	"Term'218" [label="Term'"]
	"Term202" -> "Term'218"
	"e219" [label="e"]
	"Term'218" -> "e219"
	"Product'220" [label="Product'"]
	"Product201" -> "Product'220"
	"e221" [label="e"]
	"Product'220" -> "e221"
	"Expression'222" [label="Expression'"]
	"Expression200" -> "Expression'222"
	"e223" [label="e"]
	"Expression'222" -> "e223"
	"Statements224" [label="Statements"]
	"Statements196" -> "Statements224"
	"Statement225" [label="Statement"]
	"Statements224" -> "Statement225"
	"Jump226" [label="Jump"]
	"Statement225" -> "Jump226"
	"goto227" [label="goto",style=filled,fillcolor=powderblue]
	"Jump226" -> "goto227"
	"num228" [label="num",style=filled,fillcolor=powderblue]
	"Jump226" -> "num228"
	"Jump'229" [label="Jump'"]
	"Jump226" -> "Jump'229"
	"e230" [label="e"]
	"Jump'229" -> "e230"
	"Statements231" [label="Statements"]
	"Statements224" -> "Statements231"
	"Statement232" [label="Statement"]
	"Statements231" -> "Statement232"
	"Print233" [label="Print"]
	"Statement232" -> "Print233"
	"print234" [label="print",style=filled,fillcolor=powderblue]
	"Print233" -> "print234"
	"Expression235" [label="Expression"]
	"Print233" -> "Expression235"
	"Product236" [label="Product"]
	"Expression235" -> "Product236"
	"Term237" [label="Term"]
	"Product236" -> "Term237"
	"Factor238" [label="Factor"]
	"Term237" -> "Factor238"
	"m239" [label="m",style=filled,fillcolor=powderblue]
	"Factor238" -> "m239"
	"[240" [label="[",style=filled,fillcolor=powderblue]
	"Factor238" -> "[240"
	"Expression241" [label="Expression"]
	"Factor238" -> "Expression241"
	"Product242" [label="Product"]
	"Expression241" -> "Product242"
	"Term243" [label="Term"]
	"Product242" -> "Term243"
	"Factor244" [label="Factor"]
	"Term243" -> "Factor244"
	"num245" [label="num",style=filled,fillcolor=powderblue]
	"Factor244" -> "num245"
	"Term'246" [label="Term'"]
	"Term243" -> "Term'246"
	"e247" [label="e"]
	"Term'246" -> "e247"
	"Product'248" [label="Product'"]
	"Product242" -> "Product'248"
	"e249" [label="e"]
	"Product'248" -> "e249"
	"Expression'250" [label="Expression'"]
	"Expression241" -> "Expression'250"
	"e251" [label="e"]
	"Expression'250" -> "e251"
	"]252" [label="]",style=filled,fillcolor=powderblue]
	"Factor238" -> "]252"
	"Term'253" [label="Term'"]
	"Term237" -> "Term'253"
	"e254" [label="e"]
	"Term'253" -> "e254"
	"Product'255" [label="Product'"]
	"Product236" -> "Product'255"
	"e256" [label="e"]
	"Product'255" -> "e256"
	"Expression'257" [label="Expression'"]
	"Expression235" -> "Expression'257"
	"e258" [label="e"]
	"Expression'257" -> "e258"
	"Statements259" [label="Statements"]
	"Statements231" -> "Statements259"
	"Statement260" [label="Statement"]
	"Statements259" -> "Statement260"
	"Label261" [label="Label"]
	"Statement260" -> "Label261"
	"L262" [label="L",style=filled,fillcolor=powderblue]
	"Label261" -> "L262"
	"num263" [label="num",style=filled,fillcolor=powderblue]
	"Label261" -> "num263"
	":264" [label=":",style=filled,fillcolor=powderblue]
	"Label261" -> ":264"
	"Statements265" [label="Statements"]
	"Statements259" -> "Statements265"
	"Statement266" [label="Statement"]
	"Statements265" -> "Statement266"
	"Print267" [label="Print"]
	"Statement266" -> "Print267"
	"print268" [label="print",style=filled,fillcolor=powderblue]
	"Print267" -> "print268"
	"Expression269" [label="Expression"]
	"Print267" -> "Expression269"
	"Product270" [label="Product"]
	"Expression269" -> "Product270"
	"Term271" [label="Term"]
	"Product270" -> "Term271"
	"Factor272" [label="Factor"]
	"Term271" -> "Factor272"
	"m273" [label="m",style=filled,fillcolor=powderblue]
	"Factor272" -> "m273"
	"[274" [label="[",style=filled,fillcolor=powderblue]
	"Factor272" -> "[274"
	"Expression275" [label="Expression"]
	"Factor272" -> "Expression275"
	"Product276" [label="Product"]
	"Expression275" -> "Product276"
	"Term277" [label="Term"]
	"Product276" -> "Term277"
	"Factor278" [label="Factor"]
	"Term277" -> "Factor278"
	"num279" [label="num",style=filled,fillcolor=powderblue]
	"Factor278" -> "num279"
	"Term'280" [label="Term'"]
	"Term277" -> "Term'280"
	"e281" [label="e"]
	"Term'280" -> "e281"
	"Product'282" [label="Product'"]
	"Product276" -> "Product'282"
	"e283" [label="e"]
	"Product'282" -> "e283"
	"Expression'284" [label="Expression'"]
	"Expression275" -> "Expression'284"
	"e285" [label="e"]
	"Expression'284" -> "e285"
	"]286" [label="]",style=filled,fillcolor=powderblue]
	"Factor272" -> "]286"
	"Term'287" [label="Term'"]
	"Term271" -> "Term'287"
	"e288" [label="e"]
	"Term'287" -> "e288"
	"Product'289" [label="Product'"]
	"Product270" -> "Product'289"
	"e290" [label="e"]
	"Product'289" -> "e290"
	"Expression'291" [label="Expression'"]
	"Expression269" -> "Expression'291"
	"e292" [label="e"]
	"Expression'291" -> "e292"
	"Statements293" [label="Statements"]
	"Statements265" -> "Statements293"
	"Statement294" [label="Statement"]
	"Statements293" -> "Statement294"
	"Assignment295" [label="Assignment"]
	"Statement294" -> "Assignment295"
	"m296" [label="m",style=filled,fillcolor=powderblue]
	"Assignment295" -> "m296"
	"[297" [label="[",style=filled,fillcolor=powderblue]
	"Assignment295" -> "[297"
	"Expression298" [label="Expression"]
	"Assignment295" -> "Expression298"
	"Product299" [label="Product"]
	"Expression298" -> "Product299"
	"Term300" [label="Term"]
	"Product299" -> "Term300"
	"Factor301" [label="Factor"]
	"Term300" -> "Factor301"
	"num302" [label="num",style=filled,fillcolor=powderblue]
	"Factor301" -> "num302"
	"Term'303" [label="Term'"]
	"Term300" -> "Term'303"
	"e304" [label="e"]
	"Term'303" -> "e304"
	"Product'305" [label="Product'"]
	"Product299" -> "Product'305"
	"e306" [label="e"]
	"Product'305" -> "e306"
	"Expression'307" [label="Expression'"]
	"Expression298" -> "Expression'307"
	"e308" [label="e"]
	"Expression'307" -> "e308"
	"]309" [label="]",style=filled,fillcolor=powderblue]
	"Assignment295" -> "]309"
	"=310" [label="=",style=filled,fillcolor=powderblue]
	"Assignment295" -> "=310"
	"Expression311" [label="Expression"]
	"Assignment295" -> "Expression311"
	"Product312" [label="Product"]
	"Expression311" -> "Product312"
	"Term313" [label="Term"]
	"Product312" -> "Term313"
	"Factor314" [label="Factor"]
	"Term313" -> "Factor314"
	"num315" [label="num",style=filled,fillcolor=powderblue]
	"Factor314" -> "num315"
	"Term'316" [label="Term'"]
	"Term313" -> "Term'316"
	"e317" [label="e"]
	"Term'316" -> "e317"
	"Product'318" [label="Product'"]
	"Product312" -> "Product'318"
	"/319" [label="/",style=filled,fillcolor=powderblue]
	"Product'318" -> "/319"
	"Term320" [label="Term"]
	"Product'318" -> "Term320"
	"Factor321" [label="Factor"]
	"Term320" -> "Factor321"
	"num322" [label="num",style=filled,fillcolor=powderblue]
	"Factor321" -> "num322"
	"Term'323" [label="Term'"]
	"Term320" -> "Term'323"
	"e324" [label="e"]
	"Term'323" -> "e324"
	"Product'325" [label="Product'"]
	"Product'318" -> "Product'325"
	"*326" [label="*",style=filled,fillcolor=powderblue]
	"Product'325" -> "*326"
	"Term327" [label="Term"]
	"Product'325" -> "Term327"
	"Factor328" [label="Factor"]
	"Term327" -> "Factor328"
	"num329" [label="num",style=filled,fillcolor=powderblue]
	"Factor328" -> "num329"
	"Term'330" [label="Term'"]
	"Term327" -> "Term'330"
	"e331" [label="e"]
	"Term'330" -> "e331"
	"Product'332" [label="Product'"]
	"Product'325" -> "Product'332"
	"e333" [label="e"]
	"Product'332" -> "e333"
	"Expression'334" [label="Expression'"]
	"Expression311" -> "Expression'334"
	"e335" [label="e"]
	"Expression'334" -> "e335"
	"Statements336" [label="Statements"]
	"Statements293" -> "Statements336"
	"Statement337" [label="Statement"]
	"Statements336" -> "Statement337"
	"Assignment338" [label="Assignment"]
	"Statement337" -> "Assignment338"
	"m339" [label="m",style=filled,fillcolor=powderblue]
	"Assignment338" -> "m339"
	"[340" [label="[",style=filled,fillcolor=powderblue]
	"Assignment338" -> "[340"
	"Expression341" [label="Expression"]
	"Assignment338" -> "Expression341"
	"Product342" [label="Product"]
	"Expression341" -> "Product342"
	"Term343" [label="Term"]
	"Product342" -> "Term343"
	"Factor344" [label="Factor"]
	"Term343" -> "Factor344"
	"num345" [label="num",style=filled,fillcolor=powderblue]
	"Factor344" -> "num345"
	"Term'346" [label="Term'"]
	"Term343" -> "Term'346"
	"e347" [label="e"]
	"Term'346" -> "e347"
	"Product'348" [label="Product'"]
	"Product342" -> "Product'348"
	"e349" [label="e"]
	"Product'348" -> "e349"
	"Expression'350" [label="Expression'"]
	"Expression341" -> "Expression'350"
	"e351" [label="e"]
	"Expression'350" -> "e351"
	"]352" [label="]",style=filled,fillcolor=powderblue]
	"Assignment338" -> "]352"
	"=353" [label="=",style=filled,fillcolor=powderblue]
	"Assignment338" -> "=353"
	"Expression354" [label="Expression"]
	"Assignment338" -> "Expression354"
	"Product355" [label="Product"]
	"Expression354" -> "Product355"
	"Term356" [label="Term"]
	"Product355" -> "Term356"
	"Factor357" [label="Factor"]
	"Term356" -> "Factor357"
	"num358" [label="num",style=filled,fillcolor=powderblue]
	"Factor357" -> "num358"
	"Term'359" [label="Term'"]
	"Term356" -> "Term'359"
	"e360" [label="e"]
	"Term'359" -> "e360"
	"Product'361" [label="Product'"]
	"Product355" -> "Product'361"
	"e362" [label="e"]
	"Product'361" -> "e362"
	"Expression'363" [label="Expression'"]
	"Expression354" -> "Expression'363"
	"+364" [label="+",style=filled,fillcolor=powderblue]
	"Expression'363" -> "+364"
	"Product365" [label="Product"]
	"Expression'363" -> "Product365"
	"Term366" [label="Term"]
	"Product365" -> "Term366"
	"Factor367" [label="Factor"]
	"Term366" -> "Factor367"
	"num368" [label="num",style=filled,fillcolor=powderblue]
	"Factor367" -> "num368"
	"Term'369" [label="Term'"]
	"Term366" -> "Term'369"
	"e370" [label="e"]
	"Term'369" -> "e370"
	"Product'371" [label="Product'"]
	"Product365" -> "Product'371"
	"e372" [label="e"]
	"Product'371" -> "e372"
	"Expression'373" [label="Expression'"]
	"Expression'363" -> "Expression'373"
	"e374" [label="e"]
	"Expression'373" -> "e374"
	"Statements375" [label="Statements"]
	"Statements336" -> "Statements375"
	"Statement376" [label="Statement"]
	"Statements375" -> "Statement376"
	"Assignment377" [label="Assignment"]
	"Statement376" -> "Assignment377"
	"m378" [label="m",style=filled,fillcolor=powderblue]
	"Assignment377" -> "m378"
	"[379" [label="[",style=filled,fillcolor=powderblue]
	"Assignment377" -> "[379"
	"Expression380" [label="Expression"]
	"Assignment377" -> "Expression380"
	"Product381" [label="Product"]
	"Expression380" -> "Product381"
	"Term382" [label="Term"]
	"Product381" -> "Term382"
	"Factor383" [label="Factor"]
	"Term382" -> "Factor383"
	"num384" [label="num",style=filled,fillcolor=powderblue]
	"Factor383" -> "num384"
	"Term'385" [label="Term'"]
	"Term382" -> "Term'385"
	"e386" [label="e"]
	"Term'385" -> "e386"
	"Product'387" [label="Product'"]
	"Product381" -> "Product'387"
	"e388" [label="e"]
	"Product'387" -> "e388"
	"Expression'389" [label="Expression'"]
	"Expression380" -> "Expression'389"
	"e390" [label="e"]
	"Expression'389" -> "e390"
	"]391" [label="]",style=filled,fillcolor=powderblue]
	"Assignment377" -> "]391"
	"=392" [label="=",style=filled,fillcolor=powderblue]
	"Assignment377" -> "=392"
	"Expression393" [label="Expression"]
	"Assignment377" -> "Expression393"
	"Product394" [label="Product"]
	"Expression393" -> "Product394"
	"Term395" [label="Term"]
	"Product394" -> "Term395"
	"Factor396" [label="Factor"]
	"Term395" -> "Factor396"
	"num397" [label="num",style=filled,fillcolor=powderblue]
	"Factor396" -> "num397"
	"Term'398" [label="Term'"]
	"Term395" -> "Term'398"
	"e399" [label="e"]
	"Term'398" -> "e399"
	"Product'400" [label="Product'"]
	"Product394" -> "Product'400"
	"e401" [label="e"]
	"Product'400" -> "e401"
	"Expression'402" [label="Expression'"]
	"Expression393" -> "Expression'402"
	"-403" [label="-",style=filled,fillcolor=powderblue]
	"Expression'402" -> "-403"
	"Product404" [label="Product"]
	"Expression'402" -> "Product404"
	"Term405" [label="Term"]
	"Product404" -> "Term405"
	"Factor406" [label="Factor"]
	"Term405" -> "Factor406"
	"(407" [label="(",style=filled,fillcolor=powderblue]
	"Factor406" -> "(407"
	"Expression408" [label="Expression"]
	"Factor406" -> "Expression408"
	"Product409" [label="Product"]
	"Expression408" -> "Product409"
	"Term410" [label="Term"]
	"Product409" -> "Term410"
	"Factor411" [label="Factor"]
	"Term410" -> "Factor411"
	"m412" [label="m",style=filled,fillcolor=powderblue]
	"Factor411" -> "m412"
	"[413" [label="[",style=filled,fillcolor=powderblue]
	"Factor411" -> "[413"
	"Expression414" [label="Expression"]
	"Factor411" -> "Expression414"
	"Product415" [label="Product"]
	"Expression414" -> "Product415"
	"Term416" [label="Term"]
	"Product415" -> "Term416"
	"Factor417" [label="Factor"]
	"Term416" -> "Factor417"
	"num418" [label="num",style=filled,fillcolor=powderblue]
	"Factor417" -> "num418"
	"Term'419" [label="Term'"]
	"Term416" -> "Term'419"
	"e420" [label="e"]
	"Term'419" -> "e420"
	"Product'421" [label="Product'"]
	"Product415" -> "Product'421"
	"e422" [label="e"]
	"Product'421" -> "e422"
	"Expression'423" [label="Expression'"]
	"Expression414" -> "Expression'423"
	"e424" [label="e"]
	"Expression'423" -> "e424"
	"]425" [label="]",style=filled,fillcolor=powderblue]
	"Factor411" -> "]425"
	"Term'426" [label="Term'"]
	"Term410" -> "Term'426"
	"e427" [label="e"]
	"Term'426" -> "e427"
	"Product'428" [label="Product'"]
	"Product409" -> "Product'428"
	"e429" [label="e"]
	"Product'428" -> "e429"
	"Expression'430" [label="Expression'"]
	"Expression408" -> "Expression'430"
	"-431" [label="-",style=filled,fillcolor=powderblue]
	"Expression'430" -> "-431"
	"Product432" [label="Product"]
	"Expression'430" -> "Product432"
	"Term433" [label="Term"]
	"Product432" -> "Term433"
	"Factor434" [label="Factor"]
	"Term433" -> "Factor434"
	"num435" [label="num",style=filled,fillcolor=powderblue]
	"Factor434" -> "num435"
	"Term'436" [label="Term'"]
	"Term433" -> "Term'436"
	"e437" [label="e"]
	"Term'436" -> "e437"
	"Product'438" [label="Product'"]
	"Product432" -> "Product'438"
	"e439" [label="e"]
	"Product'438" -> "e439"
	"Expression'440" [label="Expression'"]
	"Expression'430" -> "Expression'440"
	"e441" [label="e"]
	"Expression'440" -> "e441"
	")442" [label=")",style=filled,fillcolor=powderblue]
	"Factor406" -> ")442"
	"Term'443" [label="Term'"]
	"Term405" -> "Term'443"
	"e444" [label="e"]
	"Term'443" -> "e444"
	"Product'445" [label="Product'"]
	"Product404" -> "Product'445"
	"e446" [label="e"]
	"Product'445" -> "e446"
	"Expression'447" [label="Expression'"]
	"Expression'402" -> "Expression'447"
	"e448" [label="e"]
	"Expression'447" -> "e448"
	"Statements449" [label="Statements"]
	"Statements375" -> "Statements449"
	"Statement450" [label="Statement"]
	"Statements449" -> "Statement450"
	"Assignment451" [label="Assignment"]
	"Statement450" -> "Assignment451"
	"m452" [label="m",style=filled,fillcolor=powderblue]
	"Assignment451" -> "m452"
	"[453" [label="[",style=filled,fillcolor=powderblue]
	"Assignment451" -> "[453"
	"Expression454" [label="Expression"]
	"Assignment451" -> "Expression454"
	"Product455" [label="Product"]
	"Expression454" -> "Product455"
	"Term456" [label="Term"]
	"Product455" -> "Term456"
	"Factor457" [label="Factor"]
	"Term456" -> "Factor457"
	"num458" [label="num",style=filled,fillcolor=powderblue]
	"Factor457" -> "num458"
	"Term'459" [label="Term'"]
	"Term456" -> "Term'459"
	"e460" [label="e"]
	"Term'459" -> "e460"
	"Product'461" [label="Product'"]
	"Product455" -> "Product'461"
	"e462" [label="e"]
	"Product'461" -> "e462"
	"Expression'463" [label="Expression'"]
	"Expression454" -> "Expression'463"
	"e464" [label="e"]
	"Expression'463" -> "e464"
	"]465" [label="]",style=filled,fillcolor=powderblue]
	"Assignment451" -> "]465"
	"=466" [label="=",style=filled,fillcolor=powderblue]
	"Assignment451" -> "=466"
	"Expression467" [label="Expression"]
	"Assignment451" -> "Expression467"
	"Product468" [label="Product"]
	"Expression467" -> "Product468"
	"Term469" [label="Term"]
	"Product468" -> "Term469"
	"Factor470" [label="Factor"]
	"Term469" -> "Factor470"
	"num471" [label="num",style=filled,fillcolor=powderblue]
	"Factor470" -> "num471"
	"Term'472" [label="Term'"]
	"Term469" -> "Term'472"
	"e473" [label="e"]
	"Term'472" -> "e473"
	"Product'474" [label="Product'"]
	"Product468" -> "Product'474"
	"/475" [label="/",style=filled,fillcolor=powderblue]
	"Product'474" -> "/475"
	"Term476" [label="Term"]
	"Product'474" -> "Term476"
	"Factor477" [label="Factor"]
	"Term476" -> "Factor477"
	"num478" [label="num",style=filled,fillcolor=powderblue]
	"Factor477" -> "num478"
	"Term'479" [label="Term'"]
	"Term476" -> "Term'479"
	"e480" [label="e"]
	"Term'479" -> "e480"
	"Product'481" [label="Product'"]
	"Product'474" -> "Product'481"
	"*482" [label="*",style=filled,fillcolor=powderblue]
	"Product'481" -> "*482"
	"Term483" [label="Term"]
	"Product'481" -> "Term483"
	"Factor484" [label="Factor"]
	"Term483" -> "Factor484"
	"num485" [label="num",style=filled,fillcolor=powderblue]
	"Factor484" -> "num485"
	"Term'486" [label="Term'"]
	"Term483" -> "Term'486"
	"e487" [label="e"]
	"Term'486" -> "e487"
	"Product'488" [label="Product'"]
	"Product'481" -> "Product'488"
	"e489" [label="e"]
	"Product'488" -> "e489"
	"Expression'490" [label="Expression'"]
	"Expression467" -> "Expression'490"
	"e491" [label="e"]
	"Expression'490" -> "e491"
	"Statements492" [label="Statements"]
	"Statements449" -> "Statements492"
	"e493" [label="e"]
	"Statements492" -> "e493"
};
