digraph G {
	"Start1" [label="Start"]
	"Statements2" [label="Statements"]
	"Start1" -> "Statements2"
	"Statement3" [label="Statement"]
	"Statements2" -> "Statement3"
	"Assignment4" [label="Assignment"]
	"Statement3" -> "Assignment4"
	"m5" [label="m",style=filled,fillcolor=powderblue]
	"Assignment4" -> "m5"
	"[6" [label="[",style=filled,fillcolor=powderblue]
	"Assignment4" -> "[6"
	"Expression7" [label="Expression"]
	"Assignment4" -> "Expression7"
	"Product8" [label="Product"]
	"Expression7" -> "Product8"
	"Term9" [label="Term"]
	"Product8" -> "Term9"
	"Factor10" [label="Factor"]
	"Term9" -> "Factor10"
	"num11" [label="num",style=filled,fillcolor=powderblue]
	"Factor10" -> "num11"
	"Term'12" [label="Term'"]
	"Term9" -> "Term'12"
	"e13" [label="e"]
	"Term'12" -> "e13"
	"Product'14" [label="Product'"]
	"Product8" -> "Product'14"
	"e15" [label="e"]
	"Product'14" -> "e15"
	"Expression'16" [label="Expression'"]
	"Expression7" -> "Expression'16"
	"e17" [label="e"]
	"Expression'16" -> "e17"
	"]18" [label="]",style=filled,fillcolor=powderblue]
	"Assignment4" -> "]18"
	"=19" [label="=",style=filled,fillcolor=powderblue]
	"Assignment4" -> "=19"
	"Expression20" [label="Expression"]
	"Assignment4" -> "Expression20"
	"Product21" [label="Product"]
	"Expression20" -> "Product21"
	"Term22" [label="Term"]
	"Product21" -> "Term22"
	"Factor23" [label="Factor"]
	"Term22" -> "Factor23"
	"num24" [label="num",style=filled,fillcolor=powderblue]
	"Factor23" -> "num24"
	"Term'25" [label="Term'"]
	"Term22" -> "Term'25"
	"e26" [label="e"]
	"Term'25" -> "e26"
	"Product'27" [label="Product'"]
	"Product21" -> "Product'27"
	"/28" [label="/",style=filled,fillcolor=powderblue]
	"Product'27" -> "/28"
	"Term29" [label="Term"]
	"Product'27" -> "Term29"
	"Factor30" [label="Factor"]
	"Term29" -> "Factor30"
	"num31" [label="num",style=filled,fillcolor=powderblue]
	"Factor30" -> "num31"
	"Term'32" [label="Term'"]
	"Term29" -> "Term'32"
	"e33" [label="e"]
	"Term'32" -> "e33"
	"Product'34" [label="Product'"]
	"Product'27" -> "Product'34"
	"*35" [label="*",style=filled,fillcolor=powderblue]
	"Product'34" -> "*35"
	"Term36" [label="Term"]
	"Product'34" -> "Term36"
	"Factor37" [label="Factor"]
	"Term36" -> "Factor37"
	"num38" [label="num",style=filled,fillcolor=powderblue]
	"Factor37" -> "num38"
	"Term'39" [label="Term'"]
	"Term36" -> "Term'39"
	"e40" [label="e"]
	"Term'39" -> "e40"
	"Product'41" [label="Product'"]
	"Product'34" -> "Product'41"
	"e42" [label="e"]
	"Product'41" -> "e42"
	"Expression'43" [label="Expression'"]
	"Expression20" -> "Expression'43"
	"e44" [label="e"]
	"Expression'43" -> "e44"
	"Statements45" [label="Statements"]
	"Statements2" -> "Statements45"
	"Statement46" [label="Statement"]
	"Statements45" -> "Statement46"
	"Jump47" [label="Jump"]
	"Statement46" -> "Jump47"
	"goto48" [label="goto",style=filled,fillcolor=powderblue]
	"Jump47" -> "goto48"
	"num49" [label="num",style=filled,fillcolor=powderblue]
	"Jump47" -> "num49"
	"Jump'50" [label="Jump'"]
	"Jump47" -> "Jump'50"
	"e51" [label="e"]
	"Jump'50" -> "e51"
	"Statements52" [label="Statements"]
	"Statements45" -> "Statements52"
	"Statement53" [label="Statement"]
	"Statements52" -> "Statement53"
	"Assignment54" [label="Assignment"]
	"Statement53" -> "Assignment54"
	"m55" [label="m",style=filled,fillcolor=powderblue]
	"Assignment54" -> "m55"
	"[56" [label="[",style=filled,fillcolor=powderblue]
	"Assignment54" -> "[56"
	"Expression57" [label="Expression"]
	"Assignment54" -> "Expression57"
	"Product58" [label="Product"]
	"Expression57" -> "Product58"
	"Term59" [label="Term"]
	"Product58" -> "Term59"
	"Factor60" [label="Factor"]
	"Term59" -> "Factor60"
	"num61" [label="num",style=filled,fillcolor=powderblue]
	"Factor60" -> "num61"
	"Term'62" [label="Term'"]
	"Term59" -> "Term'62"
	"e63" [label="e"]
	"Term'62" -> "e63"
	"Product'64" [label="Product'"]
	"Product58" -> "Product'64"
	"e65" [label="e"]
	"Product'64" -> "e65"
	"Expression'66" [label="Expression'"]
	"Expression57" -> "Expression'66"
	"e67" [label="e"]
	"Expression'66" -> "e67"
	"]68" [label="]",style=filled,fillcolor=powderblue]
	"Assignment54" -> "]68"
	"=69" [label="=",style=filled,fillcolor=powderblue]
	"Assignment54" -> "=69"
	"Expression70" [label="Expression"]
	"Assignment54" -> "Expression70"
	"Product71" [label="Product"]
	"Expression70" -> "Product71"
	"Term72" [label="Term"]
	"Product71" -> "Term72"
	"Factor73" [label="Factor"]
	"Term72" -> "Factor73"
	"num74" [label="num",style=filled,fillcolor=powderblue]
	"Factor73" -> "num74"
	"Term'75" [label="Term'"]
	"Term72" -> "Term'75"
	"e76" [label="e"]
	"Term'75" -> "e76"
	"Product'77" [label="Product'"]
	"Product71" -> "Product'77"
	"e78" [label="e"]
	"Product'77" -> "e78"
	"Expression'79" [label="Expression'"]
	"Expression70" -> "Expression'79"
	"+80" [label="+",style=filled,fillcolor=powderblue]
	"Expression'79" -> "+80"
	"Product81" [label="Product"]
	"Expression'79" -> "Product81"
	"Term82" [label="Term"]
	"Product81" -> "Term82"
	"Factor83" [label="Factor"]
	"Term82" -> "Factor83"
	"m84" [label="m",style=filled,fillcolor=powderblue]
	"Factor83" -> "m84"
	"[85" [label="[",style=filled,fillcolor=powderblue]
	"Factor83" -> "[85"
	"Expression86" [label="Expression"]
	"Factor83" -> "Expression86"
	"Product87" [label="Product"]
	"Expression86" -> "Product87"
	"Term88" [label="Term"]
	"Product87" -> "Term88"
	"Factor89" [label="Factor"]
	"Term88" -> "Factor89"
	"num90" [label="num",style=filled,fillcolor=powderblue]
	"Factor89" -> "num90"
	"Term'91" [label="Term'"]
	"Term88" -> "Term'91"
	"e92" [label="e"]
	"Term'91" -> "e92"
	"Product'93" [label="Product'"]
	"Product87" -> "Product'93"
	"e94" [label="e"]
	"Product'93" -> "e94"
	"Expression'95" [label="Expression'"]
	"Expression86" -> "Expression'95"
	"e96" [label="e"]
	"Expression'95" -> "e96"
	"]97" [label="]",style=filled,fillcolor=powderblue]
	"Factor83" -> "]97"
	"Term'98" [label="Term'"]
	"Term82" -> "Term'98"
	"e99" [label="e"]
	"Term'98" -> "e99"
	"Product'100" [label="Product'"]
	"Product81" -> "Product'100"
	"e101" [label="e"]
	"Product'100" -> "e101"
	"Expression'102" [label="Expression'"]
	"Expression'79" -> "Expression'102"
	"e103" [label="e"]
	"Expression'102" -> "e103"
	"Statements104" [label="Statements"]
	"Statements52" -> "Statements104"
	"Statement105" [label="Statement"]
	"Statements104" -> "Statement105"
	"Assignment106" [label="Assignment"]
	"Statement105" -> "Assignment106"
	"m107" [label="m",style=filled,fillcolor=powderblue]
	"Assignment106" -> "m107"
	"[108" [label="[",style=filled,fillcolor=powderblue]
	"Assignment106" -> "[108"
	"Expression109" [label="Expression"]
	"Assignment106" -> "Expression109"
	"Product110" [label="Product"]
	"Expression109" -> "Product110"
	"Term111" [label="Term"]
	"Product110" -> "Term111"
	"Factor112" [label="Factor"]
	"Term111" -> "Factor112"
	"num113" [label="num",style=filled,fillcolor=powderblue]
	"Factor112" -> "num113"
	"Term'114" [label="Term'"]
	"Term111" -> "Term'114"
	"e115" [label="e"]
	"Term'114" -> "e115"
	"Product'116" [label="Product'"]
	"Product110" -> "Product'116"
	"e117" [label="e"]
	"Product'116" -> "e117"
	"Expression'118" [label="Expression'"]
	"Expression109" -> "Expression'118"
	"e119" [label="e"]
	"Expression'118" -> "e119"
	"]120" [label="]",style=filled,fillcolor=powderblue]
	"Assignment106" -> "]120"
	"=121" [label="=",style=filled,fillcolor=powderblue]
	"Assignment106" -> "=121"
	"Expression122" [label="Expression"]
	"Assignment106" -> "Expression122"
	"Product123" [label="Product"]
	"Expression122" -> "Product123"
	"Term124" [label="Term"]
	"Product123" -> "Term124"
	"Factor125" [label="Factor"]
	"Term124" -> "Factor125"
	"num126" [label="num",style=filled,fillcolor=powderblue]
	"Factor125" -> "num126"
	"Term'127" [label="Term'"]
	"Term124" -> "Term'127"
	"e128" [label="e"]
	"Term'127" -> "e128"
	"Product'129" [label="Product'"]
	"Product123" -> "Product'129"
	"e130" [label="e"]
	"Product'129" -> "e130"
	"Expression'131" [label="Expression'"]
	"Expression122" -> "Expression'131"
	"-132" [label="-",style=filled,fillcolor=powderblue]
	"Expression'131" -> "-132"
	"Product133" [label="Product"]
	"Expression'131" -> "Product133"
	"Term134" [label="Term"]
	"Product133" -> "Term134"
	"Factor135" [label="Factor"]
	"Term134" -> "Factor135"
	"m136" [label="m",style=filled,fillcolor=powderblue]
	"Factor135" -> "m136"
	"[137" [label="[",style=filled,fillcolor=powderblue]
	"Factor135" -> "[137"
	"Expression138" [label="Expression"]
	"Factor135" -> "Expression138"
	"Product139" [label="Product"]
	"Expression138" -> "Product139"
	"Term140" [label="Term"]
	"Product139" -> "Term140"
	"Factor141" [label="Factor"]
	"Term140" -> "Factor141"
	"num142" [label="num",style=filled,fillcolor=powderblue]
	"Factor141" -> "num142"
	"Term'143" [label="Term'"]
	"Term140" -> "Term'143"
	"**144" [label="**",style=filled,fillcolor=powderblue]
	"Term'143" -> "**144"
	"Factor145" [label="Factor"]
	"Term'143" -> "Factor145"
	"num146" [label="num",style=filled,fillcolor=powderblue]
	"Factor145" -> "num146"
	"Term'147" [label="Term'"]
	"Term'143" -> "Term'147"
	"e148" [label="e"]
	"Term'147" -> "e148"
	"Product'149" [label="Product'"]
	"Product139" -> "Product'149"
	"*150" [label="*",style=filled,fillcolor=powderblue]
	"Product'149" -> "*150"
	"Term151" [label="Term"]
	"Product'149" -> "Term151"
	"Factor152" [label="Factor"]
	"Term151" -> "Factor152"
	"num153" [label="num",style=filled,fillcolor=powderblue]
	"Factor152" -> "num153"
	"Term'154" [label="Term'"]
	"Term151" -> "Term'154"
	"e155" [label="e"]
	"Term'154" -> "e155"
	"Product'156" [label="Product'"]
	"Product'149" -> "Product'156"
	"e157" [label="e"]
	"Product'156" -> "e157"
	"Expression'158" [label="Expression'"]
	"Expression138" -> "Expression'158"
	"-159" [label="-",style=filled,fillcolor=powderblue]
	"Expression'158" -> "-159"
	"Product160" [label="Product"]
	"Expression'158" -> "Product160"
	"Term161" [label="Term"]
	"Product160" -> "Term161"
	"Factor162" [label="Factor"]
	"Term161" -> "Factor162"
	"num163" [label="num",style=filled,fillcolor=powderblue]
	"Factor162" -> "num163"
	"Term'164" [label="Term'"]
	"Term161" -> "Term'164"
	"e165" [label="e"]
	"Term'164" -> "e165"
	"Product'166" [label="Product'"]
	"Product160" -> "Product'166"
	"e167" [label="e"]
	"Product'166" -> "e167"
	"Expression'168" [label="Expression'"]
	"Expression'158" -> "Expression'168"
	"e169" [label="e"]
	"Expression'168" -> "e169"
	"]170" [label="]",style=filled,fillcolor=powderblue]
	"Factor135" -> "]170"
	"Term'171" [label="Term'"]
	"Term134" -> "Term'171"
	"e172" [label="e"]
	"Term'171" -> "e172"
	"Product'173" [label="Product'"]
	"Product133" -> "Product'173"
	"e174" [label="e"]
	"Product'173" -> "e174"
	"Expression'175" [label="Expression'"]
	"Expression'131" -> "Expression'175"
	"-176" [label="-",style=filled,fillcolor=powderblue]
	"Expression'175" -> "-176"
	"Product177" [label="Product"]
	"Expression'175" -> "Product177"
	"Term178" [label="Term"]
	"Product177" -> "Term178"
	"Factor179" [label="Factor"]
	"Term178" -> "Factor179"
	"num180" [label="num",style=filled,fillcolor=powderblue]
	"Factor179" -> "num180"
	"Term'181" [label="Term'"]
	"Term178" -> "Term'181"
	"e182" [label="e"]
	"Term'181" -> "e182"
	"Product'183" [label="Product'"]
	"Product177" -> "Product'183"
	"e184" [label="e"]
	"Product'183" -> "e184"
	"Expression'185" [label="Expression'"]
	"Expression'175" -> "Expression'185"
	"e186" [label="e"]
	"Expression'185" -> "e186"
	"Statements187" [label="Statements"]
	"Statements104" -> "Statements187"
	"Statement188" [label="Statement"]
	"Statements187" -> "Statement188"
	"Label189" [label="Label"]
	"Statement188" -> "Label189"
	"L190" [label="L",style=filled,fillcolor=powderblue]
	"Label189" -> "L190"
	"num191" [label="num",style=filled,fillcolor=powderblue]
	"Label189" -> "num191"
	":192" [label=":",style=filled,fillcolor=powderblue]
	"Label189" -> ":192"
	"Statements193" [label="Statements"]
	"Statements187" -> "Statements193"
	"Statement194" [label="Statement"]
	"Statements193" -> "Statement194"
	"Assignment195" [label="Assignment"]
	"Statement194" -> "Assignment195"
	"m196" [label="m",style=filled,fillcolor=powderblue]
	"Assignment195" -> "m196"
	"[197" [label="[",style=filled,fillcolor=powderblue]
	"Assignment195" -> "[197"
	"Expression198" [label="Expression"]
	"Assignment195" -> "Expression198"
	"Product199" [label="Product"]
	"Expression198" -> "Product199"
	"Term200" [label="Term"]
	"Product199" -> "Term200"
	"Factor201" [label="Factor"]
	"Term200" -> "Factor201"
	"num202" [label="num",style=filled,fillcolor=powderblue]
	"Factor201" -> "num202"
	"Term'203" [label="Term'"]
	"Term200" -> "Term'203"
	"e204" [label="e"]
	"Term'203" -> "e204"
	"Product'205" [label="Product'"]
	"Product199" -> "Product'205"
	"e206" [label="e"]
	"Product'205" -> "e206"
	"Expression'207" [label="Expression'"]
	"Expression198" -> "Expression'207"
	"e208" [label="e"]
	"Expression'207" -> "e208"
	"]209" [label="]",style=filled,fillcolor=powderblue]
	"Assignment195" -> "]209"
	"=210" [label="=",style=filled,fillcolor=powderblue]
	"Assignment195" -> "=210"
	"Expression211" [label="Expression"]
	"Assignment195" -> "Expression211"
	"Product212" [label="Product"]
	"Expression211" -> "Product212"
	"Term213" [label="Term"]
	"Product212" -> "Term213"
	"Factor214" [label="Factor"]
	"Term213" -> "Factor214"
	"num215" [label="num",style=filled,fillcolor=powderblue]
	"Factor214" -> "num215"
	"Term'216" [label="Term'"]
	"Term213" -> "Term'216"
	"e217" [label="e"]
	"Term'216" -> "e217"
	"Product'218" [label="Product'"]
	"Product212" -> "Product'218"
	"e219" [label="e"]
	"Product'218" -> "e219"
	"Expression'220" [label="Expression'"]
	"Expression211" -> "Expression'220"
	"-221" [label="-",style=filled,fillcolor=powderblue]
	"Expression'220" -> "-221"
	"Product222" [label="Product"]
	"Expression'220" -> "Product222"
	"Term223" [label="Term"]
	"Product222" -> "Term223"
	"Factor224" [label="Factor"]
	"Term223" -> "Factor224"
	"(225" [label="(",style=filled,fillcolor=powderblue]
	"Factor224" -> "(225"
	"Expression226" [label="Expression"]
	"Factor224" -> "Expression226"
	"Product227" [label="Product"]
	"Expression226" -> "Product227"
	"Term228" [label="Term"]
	"Product227" -> "Term228"
	"Factor229" [label="Factor"]
	"Term228" -> "Factor229"
	"m230" [label="m",style=filled,fillcolor=powderblue]
	"Factor229" -> "m230"
	"[231" [label="[",style=filled,fillcolor=powderblue]
	"Factor229" -> "[231"
	"Expression232" [label="Expression"]
	"Factor229" -> "Expression232"
	"Product233" [label="Product"]
	"Expression232" -> "Product233"
	"Term234" [label="Term"]
	"Product233" -> "Term234"
	"Factor235" [label="Factor"]
	"Term234" -> "Factor235"
	"num236" [label="num",style=filled,fillcolor=powderblue]
	"Factor235" -> "num236"
	"Term'237" [label="Term'"]
	"Term234" -> "Term'237"
	"e238" [label="e"]
	"Term'237" -> "e238"
	"Product'239" [label="Product'"]
	"Product233" -> "Product'239"
	"e240" [label="e"]
	"Product'239" -> "e240"
	"Expression'241" [label="Expression'"]
	"Expression232" -> "Expression'241"
	"e242" [label="e"]
	"Expression'241" -> "e242"
	"]243" [label="]",style=filled,fillcolor=powderblue]
	"Factor229" -> "]243"
	"Term'244" [label="Term'"]
	"Term228" -> "Term'244"
	"e245" [label="e"]
	"Term'244" -> "e245"
	"Product'246" [label="Product'"]
	"Product227" -> "Product'246"
	"e247" [label="e"]
	"Product'246" -> "e247"
	"Expression'248" [label="Expression'"]
	"Expression226" -> "Expression'248"
	"-249" [label="-",style=filled,fillcolor=powderblue]
	"Expression'248" -> "-249"
	"Product250" [label="Product"]
	"Expression'248" -> "Product250"
	"Term251" [label="Term"]
	"Product250" -> "Term251"
	"Factor252" [label="Factor"]
	"Term251" -> "Factor252"
	"num253" [label="num",style=filled,fillcolor=powderblue]
	"Factor252" -> "num253"
	"Term'254" [label="Term'"]
	"Term251" -> "Term'254"
	"e255" [label="e"]
	"Term'254" -> "e255"
	"Product'256" [label="Product'"]
	"Product250" -> "Product'256"
	"e257" [label="e"]
	"Product'256" -> "e257"
	"Expression'258" [label="Expression'"]
	"Expression'248" -> "Expression'258"
	"e259" [label="e"]
	"Expression'258" -> "e259"
	")260" [label=")",style=filled,fillcolor=powderblue]
	"Factor224" -> ")260"
	"Term'261" [label="Term'"]
	"Term223" -> "Term'261"
	"e262" [label="e"]
	"Term'261" -> "e262"
	"Product'263" [label="Product'"]
	"Product222" -> "Product'263"
	"e264" [label="e"]
	"Product'263" -> "e264"
	"Expression'265" [label="Expression'"]
	"Expression'220" -> "Expression'265"
	"e266" [label="e"]
	"Expression'265" -> "e266"
	"Statements267" [label="Statements"]
	"Statements193" -> "Statements267"
	"Statement268" [label="Statement"]
	"Statements267" -> "Statement268"
	"Assignment269" [label="Assignment"]
	"Statement268" -> "Assignment269"
	"m270" [label="m",style=filled,fillcolor=powderblue]
	"Assignment269" -> "m270"
	"[271" [label="[",style=filled,fillcolor=powderblue]
	"Assignment269" -> "[271"
	"Expression272" [label="Expression"]
	"Assignment269" -> "Expression272"
	"Product273" [label="Product"]
	"Expression272" -> "Product273"
	"Term274" [label="Term"]
	"Product273" -> "Term274"
	"Factor275" [label="Factor"]
	"Term274" -> "Factor275"
	"num276" [label="num",style=filled,fillcolor=powderblue]
	"Factor275" -> "num276"
	"Term'277" [label="Term'"]
	"Term274" -> "Term'277"
	"e278" [label="e"]
	"Term'277" -> "e278"
	"Product'279" [label="Product'"]
	"Product273" -> "Product'279"
	"e280" [label="e"]
	"Product'279" -> "e280"
	"Expression'281" [label="Expression'"]
	"Expression272" -> "Expression'281"
	"e282" [label="e"]
	"Expression'281" -> "e282"
	"]283" [label="]",style=filled,fillcolor=powderblue]
	"Assignment269" -> "]283"
	"=284" [label="=",style=filled,fillcolor=powderblue]
	"Assignment269" -> "=284"
	"Expression285" [label="Expression"]
	"Assignment269" -> "Expression285"
	"Product286" [label="Product"]
	"Expression285" -> "Product286"
	"Term287" [label="Term"]
	"Product286" -> "Term287"
	"Factor288" [label="Factor"]
	"Term287" -> "Factor288"
	"num289" [label="num",style=filled,fillcolor=powderblue]
	"Factor288" -> "num289"
	"Term'290" [label="Term'"]
	"Term287" -> "Term'290"
	"e291" [label="e"]
	"Term'290" -> "e291"
	"Product'292" [label="Product'"]
	"Product286" -> "Product'292"
	"/293" [label="/",style=filled,fillcolor=powderblue]
	"Product'292" -> "/293"
	"Term294" [label="Term"]
	"Product'292" -> "Term294"
	"Factor295" [label="Factor"]
	"Term294" -> "Factor295"
	"num296" [label="num",style=filled,fillcolor=powderblue]
	"Factor295" -> "num296"
	"Term'297" [label="Term'"]
	"Term294" -> "Term'297"
	"e298" [label="e"]
	"Term'297" -> "e298"
	"Product'299" [label="Product'"]
	"Product'292" -> "Product'299"
	"*300" [label="*",style=filled,fillcolor=powderblue]
	"Product'299" -> "*300"
	"Term301" [label="Term"]
	"Product'299" -> "Term301"
	"Factor302" [label="Factor"]
	"Term301" -> "Factor302"
	"num303" [label="num",style=filled,fillcolor=powderblue]
	"Factor302" -> "num303"
	"Term'304" [label="Term'"]
	"Term301" -> "Term'304"
	"e305" [label="e"]
	"Term'304" -> "e305"
	"Product'306" [label="Product'"]
	"Product'299" -> "Product'306"
	"e307" [label="e"]
	"Product'306" -> "e307"
	"Expression'308" [label="Expression'"]
	"Expression285" -> "Expression'308"
	"e309" [label="e"]
	"Expression'308" -> "e309"
	"Statements310" [label="Statements"]
	"Statements267" -> "Statements310"
	"Statement311" [label="Statement"]
	"Statements310" -> "Statement311"
	"Jump312" [label="Jump"]
	"Statement311" -> "Jump312"
	"goto313" [label="goto",style=filled,fillcolor=powderblue]
	"Jump312" -> "goto313"
	"num314" [label="num",style=filled,fillcolor=powderblue]
	"Jump312" -> "num314"
	"Jump'315" [label="Jump'"]
	"Jump312" -> "Jump'315"
	"e316" [label="e"]
	"Jump'315" -> "e316"
	"Statements317" [label="Statements"]
	"Statements310" -> "Statements317"
	"Statement318" [label="Statement"]
	"Statements317" -> "Statement318"
	"Assignment319" [label="Assignment"]
	"Statement318" -> "Assignment319"
	"m320" [label="m",style=filled,fillcolor=powderblue]
	"Assignment319" -> "m320"
	"[321" [label="[",style=filled,fillcolor=powderblue]
	"Assignment319" -> "[321"
	"Expression322" [label="Expression"]
	"Assignment319" -> "Expression322"
	"Product323" [label="Product"]
	"Expression322" -> "Product323"
	"Term324" [label="Term"]
	"Product323" -> "Term324"
	"Factor325" [label="Factor"]
	"Term324" -> "Factor325"
	"num326" [label="num",style=filled,fillcolor=powderblue]
	"Factor325" -> "num326"
	"Term'327" [label="Term'"]
	"Term324" -> "Term'327"
	"e328" [label="e"]
	"Term'327" -> "e328"
	"Product'329" [label="Product'"]
	"Product323" -> "Product'329"
	"e330" [label="e"]
	"Product'329" -> "e330"
	"Expression'331" [label="Expression'"]
	"Expression322" -> "Expression'331"
	"e332" [label="e"]
	"Expression'331" -> "e332"
	"]333" [label="]",style=filled,fillcolor=powderblue]
	"Assignment319" -> "]333"
	"=334" [label="=",style=filled,fillcolor=powderblue]
	"Assignment319" -> "=334"
	"Expression335" [label="Expression"]
	"Assignment319" -> "Expression335"
	"Product336" [label="Product"]
	"Expression335" -> "Product336"
	"Term337" [label="Term"]
	"Product336" -> "Term337"
	"Factor338" [label="Factor"]
	"Term337" -> "Factor338"
	"num339" [label="num",style=filled,fillcolor=powderblue]
	"Factor338" -> "num339"
	"Term'340" [label="Term'"]
	"Term337" -> "Term'340"
	"e341" [label="e"]
	"Term'340" -> "e341"
	"Product'342" [label="Product'"]
	"Product336" -> "Product'342"
	"e343" [label="e"]
	"Product'342" -> "e343"
	"Expression'344" [label="Expression'"]
	"Expression335" -> "Expression'344"
	"+345" [label="+",style=filled,fillcolor=powderblue]
	"Expression'344" -> "+345"
	"Product346" [label="Product"]
	"Expression'344" -> "Product346"
	"Term347" [label="Term"]
	"Product346" -> "Term347"
	"Factor348" [label="Factor"]
	"Term347" -> "Factor348"
	"m349" [label="m",style=filled,fillcolor=powderblue]
	"Factor348" -> "m349"
	"[350" [label="[",style=filled,fillcolor=powderblue]
	"Factor348" -> "[350"
	"Expression351" [label="Expression"]
	"Factor348" -> "Expression351"
	"Product352" [label="Product"]
	"Expression351" -> "Product352"
	"Term353" [label="Term"]
	"Product352" -> "Term353"
	"Factor354" [label="Factor"]
	"Term353" -> "Factor354"
	"num355" [label="num",style=filled,fillcolor=powderblue]
	"Factor354" -> "num355"
	"Term'356" [label="Term'"]
	"Term353" -> "Term'356"
	"e357" [label="e"]
	"Term'356" -> "e357"
	"Product'358" [label="Product'"]
	"Product352" -> "Product'358"
	"e359" [label="e"]
	"Product'358" -> "e359"
	"Expression'360" [label="Expression'"]
	"Expression351" -> "Expression'360"
	"e361" [label="e"]
	"Expression'360" -> "e361"
	"]362" [label="]",style=filled,fillcolor=powderblue]
	"Factor348" -> "]362"
	"Term'363" [label="Term'"]
	"Term347" -> "Term'363"
	"e364" [label="e"]
	"Term'363" -> "e364"
	"Product'365" [label="Product'"]
	"Product346" -> "Product'365"
	"e366" [label="e"]
	"Product'365" -> "e366"
	"Expression'367" [label="Expression'"]
	"Expression'344" -> "Expression'367"
	"e368" [label="e"]
	"Expression'367" -> "e368"
	"Statements369" [label="Statements"]
	"Statements317" -> "Statements369"
	"Statement370" [label="Statement"]
	"Statements369" -> "Statement370"
	"Jump371" [label="Jump"]
	"Statement370" -> "Jump371"
	"goto372" [label="goto",style=filled,fillcolor=powderblue]
	"Jump371" -> "goto372"
	"num373" [label="num",style=filled,fillcolor=powderblue]
	"Jump371" -> "num373"
	"Jump'374" [label="Jump'"]
	"Jump371" -> "Jump'374"
	"if375" [label="if",style=filled,fillcolor=powderblue]
	"Jump'374" -> "if375"
	"Expression376" [label="Expression"]
	"Jump'374" -> "Expression376"
	"Product377" [label="Product"]
	"Expression376" -> "Product377"
	"Term378" [label="Term"]
	"Product377" -> "Term378"
	"Factor379" [label="Factor"]
	"Term378" -> "Factor379"
	"m380" [label="m",style=filled,fillcolor=powderblue]
	"Factor379" -> "m380"
	"[381" [label="[",style=filled,fillcolor=powderblue]
	"Factor379" -> "[381"
	"Expression382" [label="Expression"]
	"Factor379" -> "Expression382"
	"Product383" [label="Product"]
	"Expression382" -> "Product383"
	"Term384" [label="Term"]
	"Product383" -> "Term384"
	"Factor385" [label="Factor"]
	"Term384" -> "Factor385"
	"num386" [label="num",style=filled,fillcolor=powderblue]
	"Factor385" -> "num386"
	"Term'387" [label="Term'"]
	"Term384" -> "Term'387"
	"e388" [label="e"]
	"Term'387" -> "e388"
	"Product'389" [label="Product'"]
	"Product383" -> "Product'389"
	"e390" [label="e"]
	"Product'389" -> "e390"
	"Expression'391" [label="Expression'"]
	"Expression382" -> "Expression'391"
	"e392" [label="e"]
	"Expression'391" -> "e392"
	"]393" [label="]",style=filled,fillcolor=powderblue]
	"Factor379" -> "]393"
	"Term'394" [label="Term'"]
	"Term378" -> "Term'394"
	"e395" [label="e"]
	"Term'394" -> "e395"
	"Product'396" [label="Product'"]
	"Product377" -> "Product'396"
	"e397" [label="e"]
	"Product'396" -> "e397"
	"Expression'398" [label="Expression'"]
	"Expression376" -> "Expression'398"
	"e399" [label="e"]
	"Expression'398" -> "e399"
	"Statements400" [label="Statements"]
	"Statements369" -> "Statements400"
	"Statement401" [label="Statement"]
	"Statements400" -> "Statement401"
	"Assignment402" [label="Assignment"]
	"Statement401" -> "Assignment402"
	"m403" [label="m",style=filled,fillcolor=powderblue]
	"Assignment402" -> "m403"
	"[404" [label="[",style=filled,fillcolor=powderblue]
	"Assignment402" -> "[404"
	"Expression405" [label="Expression"]
	"Assignment402" -> "Expression405"
	"Product406" [label="Product"]
	"Expression405" -> "Product406"
	"Term407" [label="Term"]
	"Product406" -> "Term407"
	"Factor408" [label="Factor"]
	"Term407" -> "Factor408"
	"num409" [label="num",style=filled,fillcolor=powderblue]
	"Factor408" -> "num409"
	"Term'410" [label="Term'"]
	"Term407" -> "Term'410"
	"e411" [label="e"]
	"Term'410" -> "e411"
	"Product'412" [label="Product'"]
	"Product406" -> "Product'412"
	"e413" [label="e"]
	"Product'412" -> "e413"
	"Expression'414" [label="Expression'"]
	"Expression405" -> "Expression'414"
	"e415" [label="e"]
	"Expression'414" -> "e415"
	"]416" [label="]",style=filled,fillcolor=powderblue]
	"Assignment402" -> "]416"
	"=417" [label="=",style=filled,fillcolor=powderblue]
	"Assignment402" -> "=417"
	"Expression418" [label="Expression"]
	"Assignment402" -> "Expression418"
	"Product419" [label="Product"]
	"Expression418" -> "Product419"
	"Term420" [label="Term"]
	"Product419" -> "Term420"
	"Factor421" [label="Factor"]
	"Term420" -> "Factor421"
	"num422" [label="num",style=filled,fillcolor=powderblue]
	"Factor421" -> "num422"
	"Term'423" [label="Term'"]
	"Term420" -> "Term'423"
	"e424" [label="e"]
	"Term'423" -> "e424"
	"Product'425" [label="Product'"]
	"Product419" -> "Product'425"
	"e426" [label="e"]
	"Product'425" -> "e426"
	"Expression'427" [label="Expression'"]
	"Expression418" -> "Expression'427"
	"-428" [label="-",style=filled,fillcolor=powderblue]
	"Expression'427" -> "-428"
	"Product429" [label="Product"]
	"Expression'427" -> "Product429"
	"Term430" [label="Term"]
	"Product429" -> "Term430"
	"Factor431" [label="Factor"]
	"Term430" -> "Factor431"
	"(432" [label="(",style=filled,fillcolor=powderblue]
	"Factor431" -> "(432"
	"Expression433" [label="Expression"]
	"Factor431" -> "Expression433"
	"Product434" [label="Product"]
	"Expression433" -> "Product434"
	"Term435" [label="Term"]
	"Product434" -> "Term435"
	"Factor436" [label="Factor"]
	"Term435" -> "Factor436"
	"m437" [label="m",style=filled,fillcolor=powderblue]
	"Factor436" -> "m437"
	"[438" [label="[",style=filled,fillcolor=powderblue]
	"Factor436" -> "[438"
	"Expression439" [label="Expression"]
	"Factor436" -> "Expression439"
	"Product440" [label="Product"]
	"Expression439" -> "Product440"
	"Term441" [label="Term"]
	"Product440" -> "Term441"
	"Factor442" [label="Factor"]
	"Term441" -> "Factor442"
	"num443" [label="num",style=filled,fillcolor=powderblue]
	"Factor442" -> "num443"
	"Term'444" [label="Term'"]
	"Term441" -> "Term'444"
	"e445" [label="e"]
	"Term'444" -> "e445"
	"Product'446" [label="Product'"]
	"Product440" -> "Product'446"
	"e447" [label="e"]
	"Product'446" -> "e447"
	"Expression'448" [label="Expression'"]
	"Expression439" -> "Expression'448"
	"e449" [label="e"]
	"Expression'448" -> "e449"
	"]450" [label="]",style=filled,fillcolor=powderblue]
	"Factor436" -> "]450"
	"Term'451" [label="Term'"]
	"Term435" -> "Term'451"
	"e452" [label="e"]
	"Term'451" -> "e452"
	"Product'453" [label="Product'"]
	"Product434" -> "Product'453"
	"e454" [label="e"]
	"Product'453" -> "e454"
	"Expression'455" [label="Expression'"]
	"Expression433" -> "Expression'455"
	"-456" [label="-",style=filled,fillcolor=powderblue]
	"Expression'455" -> "-456"
	"Product457" [label="Product"]
	"Expression'455" -> "Product457"
	"Term458" [label="Term"]
	"Product457" -> "Term458"
	"Factor459" [label="Factor"]
	"Term458" -> "Factor459"
	"num460" [label="num",style=filled,fillcolor=powderblue]
	"Factor459" -> "num460"
	"Term'461" [label="Term'"]
	"Term458" -> "Term'461"
	"e462" [label="e"]
	"Term'461" -> "e462"
	"Product'463" [label="Product'"]
	"Product457" -> "Product'463"
	"e464" [label="e"]
	"Product'463" -> "e464"
	"Expression'465" [label="Expression'"]
	"Expression'455" -> "Expression'465"
	"e466" [label="e"]
	"Expression'465" -> "e466"
	")467" [label=")",style=filled,fillcolor=powderblue]
	"Factor431" -> ")467"
	"Term'468" [label="Term'"]
	"Term430" -> "Term'468"
	"e469" [label="e"]
	"Term'468" -> "e469"
	"Product'470" [label="Product'"]
	"Product429" -> "Product'470"
	"e471" [label="e"]
	"Product'470" -> "e471"
	"Expression'472" [label="Expression'"]
	"Expression'427" -> "Expression'472"
	"e473" [label="e"]
	"Expression'472" -> "e473"
	"Statements474" [label="Statements"]
	"Statements400" -> "Statements474"
	"Statement475" [label="Statement"]
	"Statements474" -> "Statement475"
	"Assignment476" [label="Assignment"]
	"Statement475" -> "Assignment476"
	"m477" [label="m",style=filled,fillcolor=powderblue]
	"Assignment476" -> "m477"
	"[478" [label="[",style=filled,fillcolor=powderblue]
	"Assignment476" -> "[478"
	"Expression479" [label="Expression"]
	"Assignment476" -> "Expression479"
	"Product480" [label="Product"]
	"Expression479" -> "Product480"
	"Term481" [label="Term"]
	"Product480" -> "Term481"
	"Factor482" [label="Factor"]
	"Term481" -> "Factor482"
	"num483" [label="num",style=filled,fillcolor=powderblue]
	"Factor482" -> "num483"
	"Term'484" [label="Term'"]
	"Term481" -> "Term'484"
	"e485" [label="e"]
	"Term'484" -> "e485"
	"Product'486" [label="Product'"]
	"Product480" -> "Product'486"
	"e487" [label="e"]
	"Product'486" -> "e487"
	"Expression'488" [label="Expression'"]
	"Expression479" -> "Expression'488"
	"e489" [label="e"]
	"Expression'488" -> "e489"
	"]490" [label="]",style=filled,fillcolor=powderblue]
	"Assignment476" -> "]490"
	"=491" [label="=",style=filled,fillcolor=powderblue]
	"Assignment476" -> "=491"
	"Expression492" [label="Expression"]
	"Assignment476" -> "Expression492"
	"Product493" [label="Product"]
	"Expression492" -> "Product493"
	"Term494" [label="Term"]
	"Product493" -> "Term494"
	"Factor495" [label="Factor"]
	"Term494" -> "Factor495"
	"num496" [label="num",style=filled,fillcolor=powderblue]
	"Factor495" -> "num496"
	"Term'497" [label="Term'"]
	"Term494" -> "Term'497"
	"e498" [label="e"]
	"Term'497" -> "e498"
	"Product'499" [label="Product'"]
	"Product493" -> "Product'499"
	"e500" [label="e"]
	"Product'499" -> "e500"
	"Expression'501" [label="Expression'"]
	"Expression492" -> "Expression'501"
	"+502" [label="+",style=filled,fillcolor=powderblue]
	"Expression'501" -> "+502"
	"Product503" [label="Product"]
	"Expression'501" -> "Product503"
	"Term504" [label="Term"]
	"Product503" -> "Term504"
	"Factor505" [label="Factor"]
	"Term504" -> "Factor505"
	"m506" [label="m",style=filled,fillcolor=powderblue]
	"Factor505" -> "m506"
	"[507" [label="[",style=filled,fillcolor=powderblue]
	"Factor505" -> "[507"
	"Expression508" [label="Expression"]
	"Factor505" -> "Expression508"
	"Product509" [label="Product"]
	"Expression508" -> "Product509"
	"Term510" [label="Term"]
	"Product509" -> "Term510"
	"Factor511" [label="Factor"]
	"Term510" -> "Factor511"
	"num512" [label="num",style=filled,fillcolor=powderblue]
	"Factor511" -> "num512"
	"Term'513" [label="Term'"]
	"Term510" -> "Term'513"
	"e514" [label="e"]
	"Term'513" -> "e514"
	"Product'515" [label="Product'"]
	"Product509" -> "Product'515"
	"e516" [label="e"]
	"Product'515" -> "e516"
	"Expression'517" [label="Expression'"]
	"Expression508" -> "Expression'517"
	"e518" [label="e"]
	"Expression'517" -> "e518"
	"]519" [label="]",style=filled,fillcolor=powderblue]
	"Factor505" -> "]519"
	"Term'520" [label="Term'"]
	"Term504" -> "Term'520"
	"e521" [label="e"]
	"Term'520" -> "e521"
	"Product'522" [label="Product'"]
	"Product503" -> "Product'522"
	"e523" [label="e"]
	"Product'522" -> "e523"
	"Expression'524" [label="Expression'"]
	"Expression'501" -> "Expression'524"
	"e525" [label="e"]
	"Expression'524" -> "e525"
	"Statements526" [label="Statements"]
	"Statements474" -> "Statements526"
	"Statement527" [label="Statement"]
	"Statements526" -> "Statement527"
	"Jump528" [label="Jump"]
	"Statement527" -> "Jump528"
	"goto529" [label="goto",style=filled,fillcolor=powderblue]
	"Jump528" -> "goto529"
	"num530" [label="num",style=filled,fillcolor=powderblue]
	"Jump528" -> "num530"
	"Jump'531" [label="Jump'"]
	"Jump528" -> "Jump'531"
	"if532" [label="if",style=filled,fillcolor=powderblue]
	"Jump'531" -> "if532"
	"Expression533" [label="Expression"]
	"Jump'531" -> "Expression533"
	"Product534" [label="Product"]
	"Expression533" -> "Product534"
	"Term535" [label="Term"]
	"Product534" -> "Term535"
	"Factor536" [label="Factor"]
	"Term535" -> "Factor536"
	"m537" [label="m",style=filled,fillcolor=powderblue]
	"Factor536" -> "m537"
	"[538" [label="[",style=filled,fillcolor=powderblue]
	"Factor536" -> "[538"
	"Expression539" [label="Expression"]
	"Factor536" -> "Expression539"
	"Product540" [label="Product"]
	"Expression539" -> "Product540"
	"Term541" [label="Term"]
	"Product540" -> "Term541"
	"Factor542" [label="Factor"]
	"Term541" -> "Factor542"
	"num543" [label="num",style=filled,fillcolor=powderblue]
	"Factor542" -> "num543"
	"Term'544" [label="Term'"]
	"Term541" -> "Term'544"
	"e545" [label="e"]
	"Term'544" -> "e545"
	"Product'546" [label="Product'"]
	"Product540" -> "Product'546"
	"e547" [label="e"]
	"Product'546" -> "e547"
	"Expression'548" [label="Expression'"]
	"Expression539" -> "Expression'548"
	"e549" [label="e"]
	"Expression'548" -> "e549"
	"]550" [label="]",style=filled,fillcolor=powderblue]
	"Factor536" -> "]550"
	"Term'551" [label="Term'"]
	"Term535" -> "Term'551"
	"e552" [label="e"]
	"Term'551" -> "e552"
	"Product'553" [label="Product'"]
	"Product534" -> "Product'553"
	"e554" [label="e"]
	"Product'553" -> "e554"
	"Expression'555" [label="Expression'"]
	"Expression533" -> "Expression'555"
	"e556" [label="e"]
	"Expression'555" -> "e556"
	"Statements557" [label="Statements"]
	"Statements526" -> "Statements557"
	"Statement558" [label="Statement"]
	"Statements557" -> "Statement558"
	"Assignment559" [label="Assignment"]
	"Statement558" -> "Assignment559"
	"m560" [label="m",style=filled,fillcolor=powderblue]
	"Assignment559" -> "m560"
	"[561" [label="[",style=filled,fillcolor=powderblue]
	"Assignment559" -> "[561"
	"Expression562" [label="Expression"]
	"Assignment559" -> "Expression562"
	"Product563" [label="Product"]
	"Expression562" -> "Product563"
	"Term564" [label="Term"]
	"Product563" -> "Term564"
	"Factor565" [label="Factor"]
	"Term564" -> "Factor565"
	"num566" [label="num",style=filled,fillcolor=powderblue]
	"Factor565" -> "num566"
	"Term'567" [label="Term'"]
	"Term564" -> "Term'567"
	"e568" [label="e"]
	"Term'567" -> "e568"
	"Product'569" [label="Product'"]
	"Product563" -> "Product'569"
	"e570" [label="e"]
	"Product'569" -> "e570"
	"Expression'571" [label="Expression'"]
	"Expression562" -> "Expression'571"
	"e572" [label="e"]
	"Expression'571" -> "e572"
	"]573" [label="]",style=filled,fillcolor=powderblue]
	"Assignment559" -> "]573"
	"=574" [label="=",style=filled,fillcolor=powderblue]
	"Assignment559" -> "=574"
	"Expression575" [label="Expression"]
	"Assignment559" -> "Expression575"
	"Product576" [label="Product"]
	"Expression575" -> "Product576"
	"Term577" [label="Term"]
	"Product576" -> "Term577"
	"Factor578" [label="Factor"]
	"Term577" -> "Factor578"
	"num579" [label="num",style=filled,fillcolor=powderblue]
	"Factor578" -> "num579"
	"Term'580" [label="Term'"]
	"Term577" -> "Term'580"
	"e581" [label="e"]
	"Term'580" -> "e581"
	"Product'582" [label="Product'"]
	"Product576" -> "Product'582"
	"e583" [label="e"]
	"Product'582" -> "e583"
	"Expression'584" [label="Expression'"]
	"Expression575" -> "Expression'584"
	"-585" [label="-",style=filled,fillcolor=powderblue]
	"Expression'584" -> "-585"
	"Product586" [label="Product"]
	"Expression'584" -> "Product586"
	"Term587" [label="Term"]
	"Product586" -> "Term587"
	"Factor588" [label="Factor"]
	"Term587" -> "Factor588"
	"m589" [label="m",style=filled,fillcolor=powderblue]
	"Factor588" -> "m589"
	"[590" [label="[",style=filled,fillcolor=powderblue]
	"Factor588" -> "[590"
	"Expression591" [label="Expression"]
	"Factor588" -> "Expression591"
	"Product592" [label="Product"]
	"Expression591" -> "Product592"
	"Term593" [label="Term"]
	"Product592" -> "Term593"
	"Factor594" [label="Factor"]
	"Term593" -> "Factor594"
	"num595" [label="num",style=filled,fillcolor=powderblue]
	"Factor594" -> "num595"
	"Term'596" [label="Term'"]
	"Term593" -> "Term'596"
	"**597" [label="**",style=filled,fillcolor=powderblue]
	"Term'596" -> "**597"
	"Factor598" [label="Factor"]
	"Term'596" -> "Factor598"
	"num599" [label="num",style=filled,fillcolor=powderblue]
	"Factor598" -> "num599"
	"Term'600" [label="Term'"]
	"Term'596" -> "Term'600"
	"e601" [label="e"]
	"Term'600" -> "e601"
	"Product'602" [label="Product'"]
	"Product592" -> "Product'602"
	"*603" [label="*",style=filled,fillcolor=powderblue]
	"Product'602" -> "*603"
	"Term604" [label="Term"]
	"Product'602" -> "Term604"
	"Factor605" [label="Factor"]
	"Term604" -> "Factor605"
	"num606" [label="num",style=filled,fillcolor=powderblue]
	"Factor605" -> "num606"
	"Term'607" [label="Term'"]
	"Term604" -> "Term'607"
	"e608" [label="e"]
	"Term'607" -> "e608"
	"Product'609" [label="Product'"]
	"Product'602" -> "Product'609"
	"e610" [label="e"]
	"Product'609" -> "e610"
	"Expression'611" [label="Expression'"]
	"Expression591" -> "Expression'611"
	"-612" [label="-",style=filled,fillcolor=powderblue]
	"Expression'611" -> "-612"
	"Product613" [label="Product"]
	"Expression'611" -> "Product613"
	"Term614" [label="Term"]
	"Product613" -> "Term614"
	"Factor615" [label="Factor"]
	"Term614" -> "Factor615"
	"num616" [label="num",style=filled,fillcolor=powderblue]
	"Factor615" -> "num616"
	"Term'617" [label="Term'"]
	"Term614" -> "Term'617"
	"e618" [label="e"]
	"Term'617" -> "e618"
	"Product'619" [label="Product'"]
	"Product613" -> "Product'619"
	"e620" [label="e"]
	"Product'619" -> "e620"
	"Expression'621" [label="Expression'"]
	"Expression'611" -> "Expression'621"
	"e622" [label="e"]
	"Expression'621" -> "e622"
	"]623" [label="]",style=filled,fillcolor=powderblue]
	"Factor588" -> "]623"
	"Term'624" [label="Term'"]
	"Term587" -> "Term'624"
	"e625" [label="e"]
	"Term'624" -> "e625"
	"Product'626" [label="Product'"]
	"Product586" -> "Product'626"
	"e627" [label="e"]
	"Product'626" -> "e627"
	"Expression'628" [label="Expression'"]
	"Expression'584" -> "Expression'628"
	"-629" [label="-",style=filled,fillcolor=powderblue]
	"Expression'628" -> "-629"
	"Product630" [label="Product"]
	"Expression'628" -> "Product630"
	"Term631" [label="Term"]
	"Product630" -> "Term631"
	"Factor632" [label="Factor"]
	"Term631" -> "Factor632"
	"num633" [label="num",style=filled,fillcolor=powderblue]
	"Factor632" -> "num633"
	"Term'634" [label="Term'"]
	"Term631" -> "Term'634"
	"e635" [label="e"]
	"Term'634" -> "e635"
	"Product'636" [label="Product'"]
	"Product630" -> "Product'636"
	"e637" [label="e"]
	"Product'636" -> "e637"
	"Expression'638" [label="Expression'"]
	"Expression'628" -> "Expression'638"
	"e639" [label="e"]
	"Expression'638" -> "e639"
	"Statements640" [label="Statements"]
	"Statements557" -> "Statements640"
	"Statement641" [label="Statement"]
	"Statements640" -> "Statement641"
	"Label642" [label="Label"]
	"Statement641" -> "Label642"
	"L643" [label="L",style=filled,fillcolor=powderblue]
	"Label642" -> "L643"
	"num644" [label="num",style=filled,fillcolor=powderblue]
	"Label642" -> "num644"
	":645" [label=":",style=filled,fillcolor=powderblue]
	"Label642" -> ":645"
	"Statements646" [label="Statements"]
	"Statements640" -> "Statements646"
	"Statement647" [label="Statement"]
	"Statements646" -> "Statement647"
	"Assignment648" [label="Assignment"]
	"Statement647" -> "Assignment648"
	"m649" [label="m",style=filled,fillcolor=powderblue]
	"Assignment648" -> "m649"
	"[650" [label="[",style=filled,fillcolor=powderblue]
	"Assignment648" -> "[650"
	"Expression651" [label="Expression"]
	"Assignment648" -> "Expression651"
	"Product652" [label="Product"]
	"Expression651" -> "Product652"
	"Term653" [label="Term"]
	"Product652" -> "Term653"
	"Factor654" [label="Factor"]
	"Term653" -> "Factor654"
	"num655" [label="num",style=filled,fillcolor=powderblue]
	"Factor654" -> "num655"
	"Term'656" [label="Term'"]
	"Term653" -> "Term'656"
	"e657" [label="e"]
	"Term'656" -> "e657"
	"Product'658" [label="Product'"]
	"Product652" -> "Product'658"
	"e659" [label="e"]
	"Product'658" -> "e659"
	"Expression'660" [label="Expression'"]
	"Expression651" -> "Expression'660"
	"e661" [label="e"]
	"Expression'660" -> "e661"
	"]662" [label="]",style=filled,fillcolor=powderblue]
	"Assignment648" -> "]662"
	"=663" [label="=",style=filled,fillcolor=powderblue]
	"Assignment648" -> "=663"
	"Expression664" [label="Expression"]
	"Assignment648" -> "Expression664"
	"Product665" [label="Product"]
	"Expression664" -> "Product665"
	"Term666" [label="Term"]
	"Product665" -> "Term666"
	"Factor667" [label="Factor"]
	"Term666" -> "Factor667"
	"num668" [label="num",style=filled,fillcolor=powderblue]
	"Factor667" -> "num668"
	"Term'669" [label="Term'"]
	"Term666" -> "Term'669"
	"e670" [label="e"]
	"Term'669" -> "e670"
	"Product'671" [label="Product'"]
	"Product665" -> "Product'671"
	"e672" [label="e"]
	"Product'671" -> "e672"
	"Expression'673" [label="Expression'"]
	"Expression664" -> "Expression'673"
	"-674" [label="-",style=filled,fillcolor=powderblue]
	"Expression'673" -> "-674"
	"Product675" [label="Product"]
	"Expression'673" -> "Product675"
	"Term676" [label="Term"]
	"Product675" -> "Term676"
	"Factor677" [label="Factor"]
	"Term676" -> "Factor677"
	"(678" [label="(",style=filled,fillcolor=powderblue]
	"Factor677" -> "(678"
	"Expression679" [label="Expression"]
	"Factor677" -> "Expression679"
	"Product680" [label="Product"]
	"Expression679" -> "Product680"
	"Term681" [label="Term"]
	"Product680" -> "Term681"
	"Factor682" [label="Factor"]
	"Term681" -> "Factor682"
	"m683" [label="m",style=filled,fillcolor=powderblue]
	"Factor682" -> "m683"
	"[684" [label="[",style=filled,fillcolor=powderblue]
	"Factor682" -> "[684"
	"Expression685" [label="Expression"]
	"Factor682" -> "Expression685"
	"Product686" [label="Product"]
	"Expression685" -> "Product686"
	"Term687" [label="Term"]
	"Product686" -> "Term687"
	"Factor688" [label="Factor"]
	"Term687" -> "Factor688"
	"num689" [label="num",style=filled,fillcolor=powderblue]
	"Factor688" -> "num689"
	"Term'690" [label="Term'"]
	"Term687" -> "Term'690"
	"e691" [label="e"]
	"Term'690" -> "e691"
	"Product'692" [label="Product'"]
	"Product686" -> "Product'692"
	"e693" [label="e"]
	"Product'692" -> "e693"
	"Expression'694" [label="Expression'"]
	"Expression685" -> "Expression'694"
	"e695" [label="e"]
	"Expression'694" -> "e695"
	"]696" [label="]",style=filled,fillcolor=powderblue]
	"Factor682" -> "]696"
	"Term'697" [label="Term'"]
	"Term681" -> "Term'697"
	"e698" [label="e"]
	"Term'697" -> "e698"
	"Product'699" [label="Product'"]
	"Product680" -> "Product'699"
	"e700" [label="e"]
	"Product'699" -> "e700"
	"Expression'701" [label="Expression'"]
	"Expression679" -> "Expression'701"
	"-702" [label="-",style=filled,fillcolor=powderblue]
	"Expression'701" -> "-702"
	"Product703" [label="Product"]
	"Expression'701" -> "Product703"
	"Term704" [label="Term"]
	"Product703" -> "Term704"
	"Factor705" [label="Factor"]
	"Term704" -> "Factor705"
	"num706" [label="num",style=filled,fillcolor=powderblue]
	"Factor705" -> "num706"
	"Term'707" [label="Term'"]
	"Term704" -> "Term'707"
	"e708" [label="e"]
	"Term'707" -> "e708"
	"Product'709" [label="Product'"]
	"Product703" -> "Product'709"
	"e710" [label="e"]
	"Product'709" -> "e710"
	"Expression'711" [label="Expression'"]
	"Expression'701" -> "Expression'711"
	"e712" [label="e"]
	"Expression'711" -> "e712"
	")713" [label=")",style=filled,fillcolor=powderblue]
	"Factor677" -> ")713"
	"Term'714" [label="Term'"]
	"Term676" -> "Term'714"
	"e715" [label="e"]
	"Term'714" -> "e715"
	"Product'716" [label="Product'"]
	"Product675" -> "Product'716"
	"e717" [label="e"]
	"Product'716" -> "e717"
	"Expression'718" [label="Expression'"]
	"Expression'673" -> "Expression'718"
	"e719" [label="e"]
	"Expression'718" -> "e719"
	"Statements720" [label="Statements"]
	"Statements646" -> "Statements720"
	"Statement721" [label="Statement"]
	"Statements720" -> "Statement721"
	"Assignment722" [label="Assignment"]
	"Statement721" -> "Assignment722"
	"m723" [label="m",style=filled,fillcolor=powderblue]
	"Assignment722" -> "m723"
	"[724" [label="[",style=filled,fillcolor=powderblue]
	"Assignment722" -> "[724"
	"Expression725" [label="Expression"]
	"Assignment722" -> "Expression725"
	"Product726" [label="Product"]
	"Expression725" -> "Product726"
	"Term727" [label="Term"]
	"Product726" -> "Term727"
	"Factor728" [label="Factor"]
	"Term727" -> "Factor728"
	"num729" [label="num",style=filled,fillcolor=powderblue]
	"Factor728" -> "num729"
	"Term'730" [label="Term'"]
	"Term727" -> "Term'730"
	"e731" [label="e"]
	"Term'730" -> "e731"
	"Product'732" [label="Product'"]
	"Product726" -> "Product'732"
	"e733" [label="e"]
	"Product'732" -> "e733"
	"Expression'734" [label="Expression'"]
	"Expression725" -> "Expression'734"
	"e735" [label="e"]
	"Expression'734" -> "e735"
	"]736" [label="]",style=filled,fillcolor=powderblue]
	"Assignment722" -> "]736"
	"=737" [label="=",style=filled,fillcolor=powderblue]
	"Assignment722" -> "=737"
	"Expression738" [label="Expression"]
	"Assignment722" -> "Expression738"
	"Product739" [label="Product"]
	"Expression738" -> "Product739"
	"Term740" [label="Term"]
	"Product739" -> "Term740"
	"Factor741" [label="Factor"]
	"Term740" -> "Factor741"
	"num742" [label="num",style=filled,fillcolor=powderblue]
	"Factor741" -> "num742"
	"Term'743" [label="Term'"]
	"Term740" -> "Term'743"
	"e744" [label="e"]
	"Term'743" -> "e744"
	"Product'745" [label="Product'"]
	"Product739" -> "Product'745"
	"/746" [label="/",style=filled,fillcolor=powderblue]
	"Product'745" -> "/746"
	"Term747" [label="Term"]
	"Product'745" -> "Term747"
	"Factor748" [label="Factor"]
	"Term747" -> "Factor748"
	"num749" [label="num",style=filled,fillcolor=powderblue]
	"Factor748" -> "num749"
	"Term'750" [label="Term'"]
	"Term747" -> "Term'750"
	"e751" [label="e"]
	"Term'750" -> "e751"
	"Product'752" [label="Product'"]
	"Product'745" -> "Product'752"
	"*753" [label="*",style=filled,fillcolor=powderblue]
	"Product'752" -> "*753"
	"Term754" [label="Term"]
	"Product'752" -> "Term754"
	"Factor755" [label="Factor"]
	"Term754" -> "Factor755"
	"num756" [label="num",style=filled,fillcolor=powderblue]
	"Factor755" -> "num756"
	"Term'757" [label="Term'"]
	"Term754" -> "Term'757"
	"e758" [label="e"]
	"Term'757" -> "e758"
	"Product'759" [label="Product'"]
	"Product'752" -> "Product'759"
	"e760" [label="e"]
	"Product'759" -> "e760"
	"Expression'761" [label="Expression'"]
	"Expression738" -> "Expression'761"
	"e762" [label="e"]
	"Expression'761" -> "e762"
	"Statements763" [label="Statements"]
	"Statements720" -> "Statements763"
	"e764" [label="e"]
	"Statements763" -> "e764"
};
