digraph G {
	"Start1" [label="Start"]
	"Statements2" [label="Statements"]
	"Start1" -> "Statements2"
	"Statement3" [label="Statement"]
	"Statements2" -> "Statement3"
	"Assignment4" [label="Assignment"]
	"Statement3" -> "Assignment4"
	"m5" [label="m",style=filled,fillcolor=powderblue]
	"Assignment4" -> "m5"
	"[6" [label="[",style=filled,fillcolor=powderblue]
	"Assignment4" -> "[6"
	"Expression7" [label="Expression"]
	"Assignment4" -> "Expression7"
	"Product8" [label="Product"]
	"Expression7" -> "Product8"
	"Term9" [label="Term"]
	"Product8" -> "Term9"
	"Factor10" [label="Factor"]
	"Term9" -> "Factor10"
	"num11" [label="num",style=filled,fillcolor=powderblue]
	"Factor10" -> "num11"
	"Term'12" [label="Term'"]
	"Term9" -> "Term'12"
	"e13" [label="e"]
	"Term'12" -> "e13"
	"Product'14" [label="Product'"]
	"Product8" -> "Product'14"
	"e15" [label="e"]
	"Product'14" -> "e15"
	"Expression'16" [label="Expression'"]
	"Expression7" -> "Expression'16"
	"e17" [label="e"]
	"Expression'16" -> "e17"
	"]18" [label="]",style=filled,fillcolor=powderblue]
	"Assignment4" -> "]18"
	"=19" [label="=",style=filled,fillcolor=powderblue]
	"Assignment4" -> "=19"
	"Expression20" [label="Expression"]
	"Assignment4" -> "Expression20"
	"Product21" [label="Product"]
	"Expression20" -> "Product21"
	"Term22" [label="Term"]
	"Product21" -> "Term22"
	"Factor23" [label="Factor"]
	"Term22" -> "Factor23"
	"num24" [label="num",style=filled,fillcolor=powderblue]
	"Factor23" -> "num24"
	"Term'25" [label="Term'"]
	"Term22" -> "Term'25"
	"e26" [label="e"]
	"Term'25" -> "e26"
	"Product'27" [label="Product'"]
	"Product21" -> "Product'27"
	"/28" [label="/",style=filled,fillcolor=powderblue]
	"Product'27" -> "/28"
	"Term29" [label="Term"]
	"Product'27" -> "Term29"
	"Factor30" [label="Factor"]
	"Term29" -> "Factor30"
	"num31" [label="num",style=filled,fillcolor=powderblue]
	"Factor30" -> "num31"
	"Term'32" [label="Term'"]
	"Term29" -> "Term'32"
	"e33" [label="e"]
	"Term'32" -> "e33"
	"Product'34" [label="Product'"]
	"Product'27" -> "Product'34"
	"*35" [label="*",style=filled,fillcolor=powderblue]
	"Product'34" -> "*35"
	"Term36" [label="Term"]
	"Product'34" -> "Term36"
	"Factor37" [label="Factor"]
	"Term36" -> "Factor37"
	"num38" [label="num",style=filled,fillcolor=powderblue]
	"Factor37" -> "num38"
	"Term'39" [label="Term'"]
	"Term36" -> "Term'39"
	"e40" [label="e"]
	"Term'39" -> "e40"
	"Product'41" [label="Product'"]
	"Product'34" -> "Product'41"
	"e42" [label="e"]
	"Product'41" -> "e42"
	"Expression'43" [label="Expression'"]
	"Expression20" -> "Expression'43"
	"e44" [label="e"]
	"Expression'43" -> "e44"
	"Statements45" [label="Statements"]
	"Statements2" -> "Statements45"
	"Statement46" [label="Statement"]
	"Statements45" -> "Statement46"
	"Assignment47" [label="Assignment"]
	"Statement46" -> "Assignment47"
	"m48" [label="m",style=filled,fillcolor=powderblue]
	"Assignment47" -> "m48"
	"[49" [label="[",style=filled,fillcolor=powderblue]
	"Assignment47" -> "[49"
	"Expression50" [label="Expression"]
	"Assignment47" -> "Expression50"
	"Product51" [label="Product"]
	"Expression50" -> "Product51"
	"Term52" [label="Term"]
	"Product51" -> "Term52"
	"Factor53" [label="Factor"]
	"Term52" -> "Factor53"
	"num54" [label="num",style=filled,fillcolor=powderblue]
	"Factor53" -> "num54"
	"Term'55" [label="Term'"]
	"Term52" -> "Term'55"
	"e56" [label="e"]
	"Term'55" -> "e56"
	"Product'57" [label="Product'"]
	"Product51" -> "Product'57"
	"e58" [label="e"]
	"Product'57" -> "e58"
	"Expression'59" [label="Expression'"]
	"Expression50" -> "Expression'59"
	"e60" [label="e"]
	"Expression'59" -> "e60"
	"]61" [label="]",style=filled,fillcolor=powderblue]
	"Assignment47" -> "]61"
	"=62" [label="=",style=filled,fillcolor=powderblue]
	"Assignment47" -> "=62"
	"Expression63" [label="Expression"]
	"Assignment47" -> "Expression63"
	"Product64" [label="Product"]
	"Expression63" -> "Product64"
	"Term65" [label="Term"]
	"Product64" -> "Term65"
	"Factor66" [label="Factor"]
	"Term65" -> "Factor66"
	"num67" [label="num",style=filled,fillcolor=powderblue]
	"Factor66" -> "num67"
	"Term'68" [label="Term'"]
	"Term65" -> "Term'68"
	"e69" [label="e"]
	"Term'68" -> "e69"
	"Product'70" [label="Product'"]
	"Product64" -> "Product'70"
	"/71" [label="/",style=filled,fillcolor=powderblue]
	"Product'70" -> "/71"
	"Term72" [label="Term"]
	"Product'70" -> "Term72"
	"Factor73" [label="Factor"]
	"Term72" -> "Factor73"
	"num74" [label="num",style=filled,fillcolor=powderblue]
	"Factor73" -> "num74"
	"Term'75" [label="Term'"]
	"Term72" -> "Term'75"
	"e76" [label="e"]
	"Term'75" -> "e76"
	"Product'77" [label="Product'"]
	"Product'70" -> "Product'77"
	"*78" [label="*",style=filled,fillcolor=powderblue]
	"Product'77" -> "*78"
	"Term79" [label="Term"]
	"Product'77" -> "Term79"
	"Factor80" [label="Factor"]
	"Term79" -> "Factor80"
	"num81" [label="num",style=filled,fillcolor=powderblue]
	"Factor80" -> "num81"
	"Term'82" [label="Term'"]
	"Term79" -> "Term'82"
	"e83" [label="e"]
	"Term'82" -> "e83"
	"Product'84" [label="Product'"]
	"Product'77" -> "Product'84"
	"e85" [label="e"]
	"Product'84" -> "e85"
	"Expression'86" [label="Expression'"]
	"Expression63" -> "Expression'86"
	"e87" [label="e"]
	"Expression'86" -> "e87"
	"Statements88" [label="Statements"]
	"Statements45" -> "Statements88"
	"Statement89" [label="Statement"]
	"Statements88" -> "Statement89"
	"Print90" [label="Print"]
	"Statement89" -> "Print90"
	"print91" [label="print",style=filled,fillcolor=powderblue]
	"Print90" -> "print91"
	"Expression92" [label="Expression"]
	"Print90" -> "Expression92"
	"Product93" [label="Product"]
	"Expression92" -> "Product93"
	"Term94" [label="Term"]
	"Product93" -> "Term94"
	"Factor95" [label="Factor"]
	"Term94" -> "Factor95"
	"m96" [label="m",style=filled,fillcolor=powderblue]
	"Factor95" -> "m96"
	"[97" [label="[",style=filled,fillcolor=powderblue]
	"Factor95" -> "[97"
	"Expression98" [label="Expression"]
	"Factor95" -> "Expression98"
	"Product99" [label="Product"]
	"Expression98" -> "Product99"
	"Term100" [label="Term"]
	"Product99" -> "Term100"
	"Factor101" [label="Factor"]
	"Term100" -> "Factor101"
	"num102" [label="num",style=filled,fillcolor=powderblue]
	"Factor101" -> "num102"
	"Term'103" [label="Term'"]
	"Term100" -> "Term'103"
	"e104" [label="e"]
	"Term'103" -> "e104"
	"Product'105" [label="Product'"]
	"Product99" -> "Product'105"
	"e106" [label="e"]
	"Product'105" -> "e106"
	"Expression'107" [label="Expression'"]
	"Expression98" -> "Expression'107"
	"e108" [label="e"]
	"Expression'107" -> "e108"
	"]109" [label="]",style=filled,fillcolor=powderblue]
	"Factor95" -> "]109"
	"Term'110" [label="Term'"]
	"Term94" -> "Term'110"
	"e111" [label="e"]
	"Term'110" -> "e111"
	"Product'112" [label="Product'"]
	"Product93" -> "Product'112"
	"e113" [label="e"]
	"Product'112" -> "e113"
	"Expression'114" [label="Expression'"]
	"Expression92" -> "Expression'114"
	"e115" [label="e"]
	"Expression'114" -> "e115"
	"Statements116" [label="Statements"]
	"Statements88" -> "Statements116"
	"Statement117" [label="Statement"]
	"Statements116" -> "Statement117"
	"Jump118" [label="Jump"]
	"Statement117" -> "Jump118"
	"goto119" [label="goto",style=filled,fillcolor=powderblue]
	"Jump118" -> "goto119"
	"num120" [label="num",style=filled,fillcolor=powderblue]
	"Jump118" -> "num120"
	"Jump'121" [label="Jump'"]
	"Jump118" -> "Jump'121"
	"if122" [label="if",style=filled,fillcolor=powderblue]
	"Jump'121" -> "if122"
	"Expression123" [label="Expression"]
	"Jump'121" -> "Expression123"
	"Product124" [label="Product"]
	"Expression123" -> "Product124"
	"Term125" [label="Term"]
	"Product124" -> "Term125"
	"Factor126" [label="Factor"]
	"Term125" -> "Factor126"
	"m127" [label="m",style=filled,fillcolor=powderblue]
	"Factor126" -> "m127"
	"[128" [label="[",style=filled,fillcolor=powderblue]
	"Factor126" -> "[128"
	"Expression129" [label="Expression"]
	"Factor126" -> "Expression129"
	"Product130" [label="Product"]
	"Expression129" -> "Product130"
	"Term131" [label="Term"]
	"Product130" -> "Term131"
	"Factor132" [label="Factor"]
	"Term131" -> "Factor132"
	"num133" [label="num",style=filled,fillcolor=powderblue]
	"Factor132" -> "num133"
	"Term'134" [label="Term'"]
	"Term131" -> "Term'134"
	"e135" [label="e"]
	"Term'134" -> "e135"
	"Product'136" [label="Product'"]
	"Product130" -> "Product'136"
	"e137" [label="e"]
	"Product'136" -> "e137"
	"Expression'138" [label="Expression'"]
	"Expression129" -> "Expression'138"
	"e139" [label="e"]
	"Expression'138" -> "e139"
	"]140" [label="]",style=filled,fillcolor=powderblue]
	"Factor126" -> "]140"
	"Term'141" [label="Term'"]
	"Term125" -> "Term'141"
	"e142" [label="e"]
	"Term'141" -> "e142"
	"Product'143" [label="Product'"]
	"Product124" -> "Product'143"
	"e144" [label="e"]
	"Product'143" -> "e144"
	"Expression'145" [label="Expression'"]
	"Expression123" -> "Expression'145"
	"e146" [label="e"]
	"Expression'145" -> "e146"
	"Statements147" [label="Statements"]
	"Statements116" -> "Statements147"
	"Statement148" [label="Statement"]
	"Statements147" -> "Statement148"
	"Jump149" [label="Jump"]
	"Statement148" -> "Jump149"
	"goto150" [label="goto",style=filled,fillcolor=powderblue]
	"Jump149" -> "goto150"
	"num151" [label="num",style=filled,fillcolor=powderblue]
	"Jump149" -> "num151"
	"Jump'152" [label="Jump'"]
	"Jump149" -> "Jump'152"
	"e153" [label="e"]
	"Jump'152" -> "e153"
	"Statements154" [label="Statements"]
	"Statements147" -> "Statements154"
	"Statement155" [label="Statement"]
	"Statements154" -> "Statement155"
	"Label156" [label="Label"]
	"Statement155" -> "Label156"
	"L157" [label="L",style=filled,fillcolor=powderblue]
	"Label156" -> "L157"
	"num158" [label="num",style=filled,fillcolor=powderblue]
	"Label156" -> "num158"
	":159" [label=":",style=filled,fillcolor=powderblue]
	"Label156" -> ":159"
	"Statements160" [label="Statements"]
	"Statements154" -> "Statements160"
	"Statement161" [label="Statement"]
	"Statements160" -> "Statement161"
	"Assignment162" [label="Assignment"]
	"Statement161" -> "Assignment162"
	"m163" [label="m",style=filled,fillcolor=powderblue]
	"Assignment162" -> "m163"
	"[164" [label="[",style=filled,fillcolor=powderblue]
	"Assignment162" -> "[164"
	"Expression165" [label="Expression"]
	"Assignment162" -> "Expression165"
	"Product166" [label="Product"]
	"Expression165" -> "Product166"
	"Term167" [label="Term"]
	"Product166" -> "Term167"
	"Factor168" [label="Factor"]
	"Term167" -> "Factor168"
	"num169" [label="num",style=filled,fillcolor=powderblue]
	"Factor168" -> "num169"
	"Term'170" [label="Term'"]
	"Term167" -> "Term'170"
	"e171" [label="e"]
	"Term'170" -> "e171"
	"Product'172" [label="Product'"]
	"Product166" -> "Product'172"
	"e173" [label="e"]
	"Product'172" -> "e173"
	"Expression'174" [label="Expression'"]
	"Expression165" -> "Expression'174"
	"e175" [label="e"]
	"Expression'174" -> "e175"
	"]176" [label="]",style=filled,fillcolor=powderblue]
	"Assignment162" -> "]176"
	"=177" [label="=",style=filled,fillcolor=powderblue]
	"Assignment162" -> "=177"
	"Expression178" [label="Expression"]
	"Assignment162" -> "Expression178"
	"Product179" [label="Product"]
	"Expression178" -> "Product179"
	"Term180" [label="Term"]
	"Product179" -> "Term180"
	"Factor181" [label="Factor"]
	"Term180" -> "Factor181"
	"num182" [label="num",style=filled,fillcolor=powderblue]
	"Factor181" -> "num182"
	"Term'183" [label="Term'"]
	"Term180" -> "Term'183"
	"e184" [label="e"]
	"Term'183" -> "e184"
	"Product'185" [label="Product'"]
	"Product179" -> "Product'185"
	"e186" [label="e"]
	"Product'185" -> "e186"
	"Expression'187" [label="Expression'"]
	"Expression178" -> "Expression'187"
	"-188" [label="-",style=filled,fillcolor=powderblue]
	"Expression'187" -> "-188"
	"Product189" [label="Product"]
	"Expression'187" -> "Product189"
	"Term190" [label="Term"]
	"Product189" -> "Term190"
	"Factor191" [label="Factor"]
	"Term190" -> "Factor191"
	"(192" [label="(",style=filled,fillcolor=powderblue]
	"Factor191" -> "(192"
	"Expression193" [label="Expression"]
	"Factor191" -> "Expression193"
	"Product194" [label="Product"]
	"Expression193" -> "Product194"
	"Term195" [label="Term"]
	"Product194" -> "Term195"
	"Factor196" [label="Factor"]
	"Term195" -> "Factor196"
	"m197" [label="m",style=filled,fillcolor=powderblue]
	"Factor196" -> "m197"
	"[198" [label="[",style=filled,fillcolor=powderblue]
	"Factor196" -> "[198"
	"Expression199" [label="Expression"]
	"Factor196" -> "Expression199"
	"Product200" [label="Product"]
	"Expression199" -> "Product200"
	"Term201" [label="Term"]
	"Product200" -> "Term201"
	"Factor202" [label="Factor"]
	"Term201" -> "Factor202"
	"num203" [label="num",style=filled,fillcolor=powderblue]
	"Factor202" -> "num203"
	"Term'204" [label="Term'"]
	"Term201" -> "Term'204"
	"e205" [label="e"]
	"Term'204" -> "e205"
	"Product'206" [label="Product'"]
	"Product200" -> "Product'206"
	"e207" [label="e"]
	"Product'206" -> "e207"
	"Expression'208" [label="Expression'"]
	"Expression199" -> "Expression'208"
	"e209" [label="e"]
	"Expression'208" -> "e209"
	"]210" [label="]",style=filled,fillcolor=powderblue]
	"Factor196" -> "]210"
	"Term'211" [label="Term'"]
	"Term195" -> "Term'211"
	"e212" [label="e"]
	"Term'211" -> "e212"
	"Product'213" [label="Product'"]
	"Product194" -> "Product'213"
	"e214" [label="e"]
	"Product'213" -> "e214"
	"Expression'215" [label="Expression'"]
	"Expression193" -> "Expression'215"
	"-216" [label="-",style=filled,fillcolor=powderblue]
	"Expression'215" -> "-216"
	"Product217" [label="Product"]
	"Expression'215" -> "Product217"
	"Term218" [label="Term"]
	"Product217" -> "Term218"
	"Factor219" [label="Factor"]
	"Term218" -> "Factor219"
	"num220" [label="num",style=filled,fillcolor=powderblue]
	"Factor219" -> "num220"
	"Term'221" [label="Term'"]
	"Term218" -> "Term'221"
	"**222" [label="**",style=filled,fillcolor=powderblue]
	"Term'221" -> "**222"
	"Factor223" [label="Factor"]
	"Term'221" -> "Factor223"
	"num224" [label="num",style=filled,fillcolor=powderblue]
	"Factor223" -> "num224"
	"Term'225" [label="Term'"]
	"Term'221" -> "Term'225"
	"e226" [label="e"]
	"Term'225" -> "e226"
	"Product'227" [label="Product'"]
	"Product217" -> "Product'227"
	"e228" [label="e"]
	"Product'227" -> "e228"
	"Expression'229" [label="Expression'"]
	"Expression'215" -> "Expression'229"
	"e230" [label="e"]
	"Expression'229" -> "e230"
	")231" [label=")",style=filled,fillcolor=powderblue]
	"Factor191" -> ")231"
	"Term'232" [label="Term'"]
	"Term190" -> "Term'232"
	"e233" [label="e"]
	"Term'232" -> "e233"
	"Product'234" [label="Product'"]
	"Product189" -> "Product'234"
	"e235" [label="e"]
	"Product'234" -> "e235"
	"Expression'236" [label="Expression'"]
	"Expression'187" -> "Expression'236"
	"e237" [label="e"]
	"Expression'236" -> "e237"
	"Statements238" [label="Statements"]
	"Statements160" -> "Statements238"
	"Statement239" [label="Statement"]
	"Statements238" -> "Statement239"
	"Assignment240" [label="Assignment"]
	"Statement239" -> "Assignment240"
	"m241" [label="m",style=filled,fillcolor=powderblue]
	"Assignment240" -> "m241"
	"[242" [label="[",style=filled,fillcolor=powderblue]
	"Assignment240" -> "[242"
	"Expression243" [label="Expression"]
	"Assignment240" -> "Expression243"
	"Product244" [label="Product"]
	"Expression243" -> "Product244"
	"Term245" [label="Term"]
	"Product244" -> "Term245"
	"Factor246" [label="Factor"]
	"Term245" -> "Factor246"
	"num247" [label="num",style=filled,fillcolor=powderblue]
	"Factor246" -> "num247"
	"Term'248" [label="Term'"]
	"Term245" -> "Term'248"
	"e249" [label="e"]
	"Term'248" -> "e249"
	"Product'250" [label="Product'"]
	"Product244" -> "Product'250"
	"e251" [label="e"]
	"Product'250" -> "e251"
	"Expression'252" [label="Expression'"]
	"Expression243" -> "Expression'252"
	"e253" [label="e"]
	"Expression'252" -> "e253"
	"]254" [label="]",style=filled,fillcolor=powderblue]
	"Assignment240" -> "]254"
	"=255" [label="=",style=filled,fillcolor=powderblue]
	"Assignment240" -> "=255"
	"Expression256" [label="Expression"]
	"Assignment240" -> "Expression256"
	"Product257" [label="Product"]
	"Expression256" -> "Product257"
	"Term258" [label="Term"]
	"Product257" -> "Term258"
	"Factor259" [label="Factor"]
	"Term258" -> "Factor259"
	"m260" [label="m",style=filled,fillcolor=powderblue]
	"Factor259" -> "m260"
	"[261" [label="[",style=filled,fillcolor=powderblue]
	"Factor259" -> "[261"
	"Expression262" [label="Expression"]
	"Factor259" -> "Expression262"
	"Product263" [label="Product"]
	"Expression262" -> "Product263"
	"Term264" [label="Term"]
	"Product263" -> "Term264"
	"Factor265" [label="Factor"]
	"Term264" -> "Factor265"
	"num266" [label="num",style=filled,fillcolor=powderblue]
	"Factor265" -> "num266"
	"Term'267" [label="Term'"]
	"Term264" -> "Term'267"
	"e268" [label="e"]
	"Term'267" -> "e268"
	"Product'269" [label="Product'"]
	"Product263" -> "Product'269"
	"e270" [label="e"]
	"Product'269" -> "e270"
	"Expression'271" [label="Expression'"]
	"Expression262" -> "Expression'271"
	"e272" [label="e"]
	"Expression'271" -> "e272"
	"]273" [label="]",style=filled,fillcolor=powderblue]
	"Factor259" -> "]273"
	"Term'274" [label="Term'"]
	"Term258" -> "Term'274"
	"e275" [label="e"]
	"Term'274" -> "e275"
	"Product'276" [label="Product'"]
	"Product257" -> "Product'276"
	"*277" [label="*",style=filled,fillcolor=powderblue]
	"Product'276" -> "*277"
	"Term278" [label="Term"]
	"Product'276" -> "Term278"
	"Factor279" [label="Factor"]
	"Term278" -> "Factor279"
	"m280" [label="m",style=filled,fillcolor=powderblue]
	"Factor279" -> "m280"
	"[281" [label="[",style=filled,fillcolor=powderblue]
	"Factor279" -> "[281"
	"Expression282" [label="Expression"]
	"Factor279" -> "Expression282"
	"Product283" [label="Product"]
	"Expression282" -> "Product283"
	"Term284" [label="Term"]
	"Product283" -> "Term284"
	"Factor285" [label="Factor"]
	"Term284" -> "Factor285"
	"num286" [label="num",style=filled,fillcolor=powderblue]
	"Factor285" -> "num286"
	"Term'287" [label="Term'"]
	"Term284" -> "Term'287"
	"e288" [label="e"]
	"Term'287" -> "e288"
	"Product'289" [label="Product'"]
	"Product283" -> "Product'289"
	"e290" [label="e"]
	"Product'289" -> "e290"
	"Expression'291" [label="Expression'"]
	"Expression282" -> "Expression'291"
	"e292" [label="e"]
	"Expression'291" -> "e292"
	"]293" [label="]",style=filled,fillcolor=powderblue]
	"Factor279" -> "]293"
	"Term'294" [label="Term'"]
	"Term278" -> "Term'294"
	"e295" [label="e"]
	"Term'294" -> "e295"
	"Product'296" [label="Product'"]
	"Product'276" -> "Product'296"
	"e297" [label="e"]
	"Product'296" -> "e297"
	"Expression'298" [label="Expression'"]
	"Expression256" -> "Expression'298"
	"e299" [label="e"]
	"Expression'298" -> "e299"
	"Statements300" [label="Statements"]
	"Statements238" -> "Statements300"
	"Statement301" [label="Statement"]
	"Statements300" -> "Statement301"
	"Label302" [label="Label"]
	"Statement301" -> "Label302"
	"L303" [label="L",style=filled,fillcolor=powderblue]
	"Label302" -> "L303"
	"num304" [label="num",style=filled,fillcolor=powderblue]
	"Label302" -> "num304"
	":305" [label=":",style=filled,fillcolor=powderblue]
	"Label302" -> ":305"
	"Statements306" [label="Statements"]
	"Statements300" -> "Statements306"
	"Statement307" [label="Statement"]
	"Statements306" -> "Statement307"
	"Assignment308" [label="Assignment"]
	"Statement307" -> "Assignment308"
	"m309" [label="m",style=filled,fillcolor=powderblue]
	"Assignment308" -> "m309"
	"[310" [label="[",style=filled,fillcolor=powderblue]
	"Assignment308" -> "[310"
	"Expression311" [label="Expression"]
	"Assignment308" -> "Expression311"
	"Product312" [label="Product"]
	"Expression311" -> "Product312"
	"Term313" [label="Term"]
	"Product312" -> "Term313"
	"Factor314" [label="Factor"]
	"Term313" -> "Factor314"
	"num315" [label="num",style=filled,fillcolor=powderblue]
	"Factor314" -> "num315"
	"Term'316" [label="Term'"]
	"Term313" -> "Term'316"
	"e317" [label="e"]
	"Term'316" -> "e317"
	"Product'318" [label="Product'"]
	"Product312" -> "Product'318"
	"e319" [label="e"]
	"Product'318" -> "e319"
	"Expression'320" [label="Expression'"]
	"Expression311" -> "Expression'320"
	"e321" [label="e"]
	"Expression'320" -> "e321"
	"]322" [label="]",style=filled,fillcolor=powderblue]
	"Assignment308" -> "]322"
	"=323" [label="=",style=filled,fillcolor=powderblue]
	"Assignment308" -> "=323"
	"Expression324" [label="Expression"]
	"Assignment308" -> "Expression324"
	"Product325" [label="Product"]
	"Expression324" -> "Product325"
	"Term326" [label="Term"]
	"Product325" -> "Term326"
	"Factor327" [label="Factor"]
	"Term326" -> "Factor327"
	"num328" [label="num",style=filled,fillcolor=powderblue]
	"Factor327" -> "num328"
	"Term'329" [label="Term'"]
	"Term326" -> "Term'329"
	"e330" [label="e"]
	"Term'329" -> "e330"
	"Product'331" [label="Product'"]
	"Product325" -> "Product'331"
	"e332" [label="e"]
	"Product'331" -> "e332"
	"Expression'333" [label="Expression'"]
	"Expression324" -> "Expression'333"
	"-334" [label="-",style=filled,fillcolor=powderblue]
	"Expression'333" -> "-334"
	"Product335" [label="Product"]
	"Expression'333" -> "Product335"
	"Term336" [label="Term"]
	"Product335" -> "Term336"
	"Factor337" [label="Factor"]
	"Term336" -> "Factor337"
	"(338" [label="(",style=filled,fillcolor=powderblue]
	"Factor337" -> "(338"
	"Expression339" [label="Expression"]
	"Factor337" -> "Expression339"
	"Product340" [label="Product"]
	"Expression339" -> "Product340"
	"Term341" [label="Term"]
	"Product340" -> "Term341"
	"Factor342" [label="Factor"]
	"Term341" -> "Factor342"
	"m343" [label="m",style=filled,fillcolor=powderblue]
	"Factor342" -> "m343"
	"[344" [label="[",style=filled,fillcolor=powderblue]
	"Factor342" -> "[344"
	"Expression345" [label="Expression"]
	"Factor342" -> "Expression345"
	"Product346" [label="Product"]
	"Expression345" -> "Product346"
	"Term347" [label="Term"]
	"Product346" -> "Term347"
	"Factor348" [label="Factor"]
	"Term347" -> "Factor348"
	"num349" [label="num",style=filled,fillcolor=powderblue]
	"Factor348" -> "num349"
	"Term'350" [label="Term'"]
	"Term347" -> "Term'350"
	"e351" [label="e"]
	"Term'350" -> "e351"
	"Product'352" [label="Product'"]
	"Product346" -> "Product'352"
	"e353" [label="e"]
	"Product'352" -> "e353"
	"Expression'354" [label="Expression'"]
	"Expression345" -> "Expression'354"
	"e355" [label="e"]
	"Expression'354" -> "e355"
	"]356" [label="]",style=filled,fillcolor=powderblue]
	"Factor342" -> "]356"
	"Term'357" [label="Term'"]
	"Term341" -> "Term'357"
	"e358" [label="e"]
	"Term'357" -> "e358"
	"Product'359" [label="Product'"]
	"Product340" -> "Product'359"
	"e360" [label="e"]
	"Product'359" -> "e360"
	"Expression'361" [label="Expression'"]
	"Expression339" -> "Expression'361"
	"-362" [label="-",style=filled,fillcolor=powderblue]
	"Expression'361" -> "-362"
	"Product363" [label="Product"]
	"Expression'361" -> "Product363"
	"Term364" [label="Term"]
	"Product363" -> "Term364"
	"Factor365" [label="Factor"]
	"Term364" -> "Factor365"
	"num366" [label="num",style=filled,fillcolor=powderblue]
	"Factor365" -> "num366"
	"Term'367" [label="Term'"]
	"Term364" -> "Term'367"
	"e368" [label="e"]
	"Term'367" -> "e368"
	"Product'369" [label="Product'"]
	"Product363" -> "Product'369"
	"e370" [label="e"]
	"Product'369" -> "e370"
	"Expression'371" [label="Expression'"]
	"Expression'361" -> "Expression'371"
	"e372" [label="e"]
	"Expression'371" -> "e372"
	")373" [label=")",style=filled,fillcolor=powderblue]
	"Factor337" -> ")373"
	"Term'374" [label="Term'"]
	"Term336" -> "Term'374"
	"e375" [label="e"]
	"Term'374" -> "e375"
	"Product'376" [label="Product'"]
	"Product335" -> "Product'376"
	"e377" [label="e"]
	"Product'376" -> "e377"
	"Expression'378" [label="Expression'"]
	"Expression'333" -> "Expression'378"
	"e379" [label="e"]
	"Expression'378" -> "e379"
	"Statements380" [label="Statements"]
	"Statements306" -> "Statements380"
	"Statement381" [label="Statement"]
	"Statements380" -> "Statement381"
	"Assignment382" [label="Assignment"]
	"Statement381" -> "Assignment382"
	"m383" [label="m",style=filled,fillcolor=powderblue]
	"Assignment382" -> "m383"
	"[384" [label="[",style=filled,fillcolor=powderblue]
	"Assignment382" -> "[384"
	"Expression385" [label="Expression"]
	"Assignment382" -> "Expression385"
	"Product386" [label="Product"]
	"Expression385" -> "Product386"
	"Term387" [label="Term"]
	"Product386" -> "Term387"
	"Factor388" [label="Factor"]
	"Term387" -> "Factor388"
	"num389" [label="num",style=filled,fillcolor=powderblue]
	"Factor388" -> "num389"
	"Term'390" [label="Term'"]
	"Term387" -> "Term'390"
	"e391" [label="e"]
	"Term'390" -> "e391"
	"Product'392" [label="Product'"]
	"Product386" -> "Product'392"
	"e393" [label="e"]
	"Product'392" -> "e393"
	"Expression'394" [label="Expression'"]
	"Expression385" -> "Expression'394"
	"e395" [label="e"]
	"Expression'394" -> "e395"
	"]396" [label="]",style=filled,fillcolor=powderblue]
	"Assignment382" -> "]396"
	"=397" [label="=",style=filled,fillcolor=powderblue]
	"Assignment382" -> "=397"
	"Expression398" [label="Expression"]
	"Assignment382" -> "Expression398"
	"Product399" [label="Product"]
	"Expression398" -> "Product399"
	"Term400" [label="Term"]
	"Product399" -> "Term400"
	"Factor401" [label="Factor"]
	"Term400" -> "Factor401"
	"m402" [label="m",style=filled,fillcolor=powderblue]
	"Factor401" -> "m402"
	"[403" [label="[",style=filled,fillcolor=powderblue]
	"Factor401" -> "[403"
	"Expression404" [label="Expression"]
	"Factor401" -> "Expression404"
	"Product405" [label="Product"]
	"Expression404" -> "Product405"
	"Term406" [label="Term"]
	"Product405" -> "Term406"
	"Factor407" [label="Factor"]
	"Term406" -> "Factor407"
	"num408" [label="num",style=filled,fillcolor=powderblue]
	"Factor407" -> "num408"
	"Term'409" [label="Term'"]
	"Term406" -> "Term'409"
	"e410" [label="e"]
	"Term'409" -> "e410"
	"Product'411" [label="Product'"]
	"Product405" -> "Product'411"
	"e412" [label="e"]
	"Product'411" -> "e412"
	"Expression'413" [label="Expression'"]
	"Expression404" -> "Expression'413"
	"e414" [label="e"]
	"Expression'413" -> "e414"
	"]415" [label="]",style=filled,fillcolor=powderblue]
	"Factor401" -> "]415"
	"Term'416" [label="Term'"]
	"Term400" -> "Term'416"
	"e417" [label="e"]
	"Term'416" -> "e417"
	"Product'418" [label="Product'"]
	"Product399" -> "Product'418"
	"*419" [label="*",style=filled,fillcolor=powderblue]
	"Product'418" -> "*419"
	"Term420" [label="Term"]
	"Product'418" -> "Term420"
	"Factor421" [label="Factor"]
	"Term420" -> "Factor421"
	"m422" [label="m",style=filled,fillcolor=powderblue]
	"Factor421" -> "m422"
	"[423" [label="[",style=filled,fillcolor=powderblue]
	"Factor421" -> "[423"
	"Expression424" [label="Expression"]
	"Factor421" -> "Expression424"
	"Product425" [label="Product"]
	"Expression424" -> "Product425"
	"Term426" [label="Term"]
	"Product425" -> "Term426"
	"Factor427" [label="Factor"]
	"Term426" -> "Factor427"
	"num428" [label="num",style=filled,fillcolor=powderblue]
	"Factor427" -> "num428"
	"Term'429" [label="Term'"]
	"Term426" -> "Term'429"
	"e430" [label="e"]
	"Term'429" -> "e430"
	"Product'431" [label="Product'"]
	"Product425" -> "Product'431"
	"e432" [label="e"]
	"Product'431" -> "e432"
	"Expression'433" [label="Expression'"]
	"Expression424" -> "Expression'433"
	"e434" [label="e"]
	"Expression'433" -> "e434"
	"]435" [label="]",style=filled,fillcolor=powderblue]
	"Factor421" -> "]435"
	"Term'436" [label="Term'"]
	"Term420" -> "Term'436"
	"e437" [label="e"]
	"Term'436" -> "e437"
	"Product'438" [label="Product'"]
	"Product'418" -> "Product'438"
	"e439" [label="e"]
	"Product'438" -> "e439"
	"Expression'440" [label="Expression'"]
	"Expression398" -> "Expression'440"
	"e441" [label="e"]
	"Expression'440" -> "e441"
	"Statements442" [label="Statements"]
	"Statements380" -> "Statements442"
	"Statement443" [label="Statement"]
	"Statements442" -> "Statement443"
	"Jump444" [label="Jump"]
	"Statement443" -> "Jump444"
	"goto445" [label="goto",style=filled,fillcolor=powderblue]
	"Jump444" -> "goto445"
	"num446" [label="num",style=filled,fillcolor=powderblue]
	"Jump444" -> "num446"
	"Jump'447" [label="Jump'"]
	"Jump444" -> "Jump'447"
	"e448" [label="e"]
	"Jump'447" -> "e448"
	"Statements449" [label="Statements"]
	"Statements442" -> "Statements449"
	"Statement450" [label="Statement"]
	"Statements449" -> "Statement450"
	"Print451" [label="Print"]
	"Statement450" -> "Print451"
	"print452" [label="print",style=filled,fillcolor=powderblue]
	"Print451" -> "print452"
	"Expression453" [label="Expression"]
	"Print451" -> "Expression453"
	"Product454" [label="Product"]
	"Expression453" -> "Product454"
	"Term455" [label="Term"]
	"Product454" -> "Term455"
	"Factor456" [label="Factor"]
	"Term455" -> "Factor456"
	"num457" [label="num",style=filled,fillcolor=powderblue]
	"Factor456" -> "num457"
	"Term'458" [label="Term'"]
	"Term455" -> "Term'458"
	"e459" [label="e"]
	"Term'458" -> "e459"
	"Product'460" [label="Product'"]
	"Product454" -> "Product'460"
	"*461" [label="*",style=filled,fillcolor=powderblue]
	"Product'460" -> "*461"
	"Term462" [label="Term"]
	"Product'460" -> "Term462"
	"Factor463" [label="Factor"]
	"Term462" -> "Factor463"
	"num464" [label="num",style=filled,fillcolor=powderblue]
	"Factor463" -> "num464"
	"Term'465" [label="Term'"]
	"Term462" -> "Term'465"
	"e466" [label="e"]
	"Term'465" -> "e466"
	"Product'467" [label="Product'"]
	"Product'460" -> "Product'467"
	"e468" [label="e"]
	"Product'467" -> "e468"
	"Expression'469" [label="Expression'"]
	"Expression453" -> "Expression'469"
	"e470" [label="e"]
	"Expression'469" -> "e470"
	"Statements471" [label="Statements"]
	"Statements449" -> "Statements471"
	"Statement472" [label="Statement"]
	"Statements471" -> "Statement472"
	"Label473" [label="Label"]
	"Statement472" -> "Label473"
	"L474" [label="L",style=filled,fillcolor=powderblue]
	"Label473" -> "L474"
	"num475" [label="num",style=filled,fillcolor=powderblue]
	"Label473" -> "num475"
	":476" [label=":",style=filled,fillcolor=powderblue]
	"Label473" -> ":476"
	"Statements477" [label="Statements"]
	"Statements471" -> "Statements477"
	"Statement478" [label="Statement"]
	"Statements477" -> "Statement478"
	"Assignment479" [label="Assignment"]
	"Statement478" -> "Assignment479"
	"m480" [label="m",style=filled,fillcolor=powderblue]
	"Assignment479" -> "m480"
	"[481" [label="[",style=filled,fillcolor=powderblue]
	"Assignment479" -> "[481"
	"Expression482" [label="Expression"]
	"Assignment479" -> "Expression482"
	"Product483" [label="Product"]
	"Expression482" -> "Product483"
	"Term484" [label="Term"]
	"Product483" -> "Term484"
	"Factor485" [label="Factor"]
	"Term484" -> "Factor485"
	"num486" [label="num",style=filled,fillcolor=powderblue]
	"Factor485" -> "num486"
	"Term'487" [label="Term'"]
	"Term484" -> "Term'487"
	"e488" [label="e"]
	"Term'487" -> "e488"
	"Product'489" [label="Product'"]
	"Product483" -> "Product'489"
	"e490" [label="e"]
	"Product'489" -> "e490"
	"Expression'491" [label="Expression'"]
	"Expression482" -> "Expression'491"
	"e492" [label="e"]
	"Expression'491" -> "e492"
	"]493" [label="]",style=filled,fillcolor=powderblue]
	"Assignment479" -> "]493"
	"=494" [label="=",style=filled,fillcolor=powderblue]
	"Assignment479" -> "=494"
	"Expression495" [label="Expression"]
	"Assignment479" -> "Expression495"
	"Product496" [label="Product"]
	"Expression495" -> "Product496"
	"Term497" [label="Term"]
	"Product496" -> "Term497"
	"Factor498" [label="Factor"]
	"Term497" -> "Factor498"
	"num499" [label="num",style=filled,fillcolor=powderblue]
	"Factor498" -> "num499"
	"Term'500" [label="Term'"]
	"Term497" -> "Term'500"
	"e501" [label="e"]
	"Term'500" -> "e501"
	"Product'502" [label="Product'"]
	"Product496" -> "Product'502"
	"e503" [label="e"]
	"Product'502" -> "e503"
	"Expression'504" [label="Expression'"]
	"Expression495" -> "Expression'504"
	"e505" [label="e"]
	"Expression'504" -> "e505"
	"Statements506" [label="Statements"]
	"Statements477" -> "Statements506"
	"Statement507" [label="Statement"]
	"Statements506" -> "Statement507"
	"Print508" [label="Print"]
	"Statement507" -> "Print508"
	"print509" [label="print",style=filled,fillcolor=powderblue]
	"Print508" -> "print509"
	"Expression510" [label="Expression"]
	"Print508" -> "Expression510"
	"Product511" [label="Product"]
	"Expression510" -> "Product511"
	"Term512" [label="Term"]
	"Product511" -> "Term512"
	"Factor513" [label="Factor"]
	"Term512" -> "Factor513"
	"m514" [label="m",style=filled,fillcolor=powderblue]
	"Factor513" -> "m514"
	"[515" [label="[",style=filled,fillcolor=powderblue]
	"Factor513" -> "[515"
	"Expression516" [label="Expression"]
	"Factor513" -> "Expression516"
	"Product517" [label="Product"]
	"Expression516" -> "Product517"
	"Term518" [label="Term"]
	"Product517" -> "Term518"
	"Factor519" [label="Factor"]
	"Term518" -> "Factor519"
	"num520" [label="num",style=filled,fillcolor=powderblue]
	"Factor519" -> "num520"
	"Term'521" [label="Term'"]
	"Term518" -> "Term'521"
	"e522" [label="e"]
	"Term'521" -> "e522"
	"Product'523" [label="Product'"]
	"Product517" -> "Product'523"
	"e524" [label="e"]
	"Product'523" -> "e524"
	"Expression'525" [label="Expression'"]
	"Expression516" -> "Expression'525"
	"e526" [label="e"]
	"Expression'525" -> "e526"
	"]527" [label="]",style=filled,fillcolor=powderblue]
	"Factor513" -> "]527"
	"Term'528" [label="Term'"]
	"Term512" -> "Term'528"
	"e529" [label="e"]
	"Term'528" -> "e529"
	"Product'530" [label="Product'"]
	"Product511" -> "Product'530"
	"e531" [label="e"]
	"Product'530" -> "e531"
	"Expression'532" [label="Expression'"]
	"Expression510" -> "Expression'532"
	"e533" [label="e"]
	"Expression'532" -> "e533"
	"Statements534" [label="Statements"]
	"Statements506" -> "Statements534"
	"Statement535" [label="Statement"]
	"Statements534" -> "Statement535"
	"Print536" [label="Print"]
	"Statement535" -> "Print536"
	"print537" [label="print",style=filled,fillcolor=powderblue]
	"Print536" -> "print537"
	"Expression538" [label="Expression"]
	"Print536" -> "Expression538"
	"Product539" [label="Product"]
	"Expression538" -> "Product539"
	"Term540" [label="Term"]
	"Product539" -> "Term540"
	"Factor541" [label="Factor"]
	"Term540" -> "Factor541"
	"m542" [label="m",style=filled,fillcolor=powderblue]
	"Factor541" -> "m542"
	"[543" [label="[",style=filled,fillcolor=powderblue]
	"Factor541" -> "[543"
	"Expression544" [label="Expression"]
	"Factor541" -> "Expression544"
	"Product545" [label="Product"]
	"Expression544" -> "Product545"
	"Term546" [label="Term"]
	"Product545" -> "Term546"
	"Factor547" [label="Factor"]
	"Term546" -> "Factor547"
	"num548" [label="num",style=filled,fillcolor=powderblue]
	"Factor547" -> "num548"
	"Term'549" [label="Term'"]
	"Term546" -> "Term'549"
	"e550" [label="e"]
	"Term'549" -> "e550"
	"Product'551" [label="Product'"]
	"Product545" -> "Product'551"
	"e552" [label="e"]
	"Product'551" -> "e552"
	"Expression'553" [label="Expression'"]
	"Expression544" -> "Expression'553"
	"e554" [label="e"]
	"Expression'553" -> "e554"
	"]555" [label="]",style=filled,fillcolor=powderblue]
	"Factor541" -> "]555"
	"Term'556" [label="Term'"]
	"Term540" -> "Term'556"
	"e557" [label="e"]
	"Term'556" -> "e557"
	"Product'558" [label="Product'"]
	"Product539" -> "Product'558"
	"e559" [label="e"]
	"Product'558" -> "e559"
	"Expression'560" [label="Expression'"]
	"Expression538" -> "Expression'560"
	"e561" [label="e"]
	"Expression'560" -> "e561"
	"Statements562" [label="Statements"]
	"Statements534" -> "Statements562"
	"Statement563" [label="Statement"]
	"Statements562" -> "Statement563"
	"Print564" [label="Print"]
	"Statement563" -> "Print564"
	"print565" [label="print",style=filled,fillcolor=powderblue]
	"Print564" -> "print565"
	"Expression566" [label="Expression"]
	"Print564" -> "Expression566"
	"Product567" [label="Product"]
	"Expression566" -> "Product567"
	"Term568" [label="Term"]
	"Product567" -> "Term568"
	"Factor569" [label="Factor"]
	"Term568" -> "Factor569"
	"m570" [label="m",style=filled,fillcolor=powderblue]
	"Factor569" -> "m570"
	"[571" [label="[",style=filled,fillcolor=powderblue]
	"Factor569" -> "[571"
	"Expression572" [label="Expression"]
	"Factor569" -> "Expression572"
	"Product573" [label="Product"]
	"Expression572" -> "Product573"
	"Term574" [label="Term"]
	"Product573" -> "Term574"
	"Factor575" [label="Factor"]
	"Term574" -> "Factor575"
	"num576" [label="num",style=filled,fillcolor=powderblue]
	"Factor575" -> "num576"
	"Term'577" [label="Term'"]
	"Term574" -> "Term'577"
	"e578" [label="e"]
	"Term'577" -> "e578"
	"Product'579" [label="Product'"]
	"Product573" -> "Product'579"
	"e580" [label="e"]
	"Product'579" -> "e580"
	"Expression'581" [label="Expression'"]
	"Expression572" -> "Expression'581"
	"e582" [label="e"]
	"Expression'581" -> "e582"
	"]583" [label="]",style=filled,fillcolor=powderblue]
	"Factor569" -> "]583"
	"Term'584" [label="Term'"]
	"Term568" -> "Term'584"
	"e585" [label="e"]
	"Term'584" -> "e585"
	"Product'586" [label="Product'"]
	"Product567" -> "Product'586"
	"e587" [label="e"]
	"Product'586" -> "e587"
	"Expression'588" [label="Expression'"]
	"Expression566" -> "Expression'588"
	"e589" [label="e"]
	"Expression'588" -> "e589"
	"Statements590" [label="Statements"]
	"Statements562" -> "Statements590"
	"Statement591" [label="Statement"]
	"Statements590" -> "Statement591"
	"Print592" [label="Print"]
	"Statement591" -> "Print592"
	"print593" [label="print",style=filled,fillcolor=powderblue]
	"Print592" -> "print593"
	"Expression594" [label="Expression"]
	"Print592" -> "Expression594"
	"Product595" [label="Product"]
	"Expression594" -> "Product595"
	"Term596" [label="Term"]
	"Product595" -> "Term596"
	"Factor597" [label="Factor"]
	"Term596" -> "Factor597"
	"m598" [label="m",style=filled,fillcolor=powderblue]
	"Factor597" -> "m598"
	"[599" [label="[",style=filled,fillcolor=powderblue]
	"Factor597" -> "[599"
	"Expression600" [label="Expression"]
	"Factor597" -> "Expression600"
	"Product601" [label="Product"]
	"Expression600" -> "Product601"
	"Term602" [label="Term"]
	"Product601" -> "Term602"
	"Factor603" [label="Factor"]
	"Term602" -> "Factor603"
	"num604" [label="num",style=filled,fillcolor=powderblue]
	"Factor603" -> "num604"
	"Term'605" [label="Term'"]
	"Term602" -> "Term'605"
	"e606" [label="e"]
	"Term'605" -> "e606"
	"Product'607" [label="Product'"]
	"Product601" -> "Product'607"
	"e608" [label="e"]
	"Product'607" -> "e608"
	"Expression'609" [label="Expression'"]
	"Expression600" -> "Expression'609"
	"e610" [label="e"]
	"Expression'609" -> "e610"
	"]611" [label="]",style=filled,fillcolor=powderblue]
	"Factor597" -> "]611"
	"Term'612" [label="Term'"]
	"Term596" -> "Term'612"
	"e613" [label="e"]
	"Term'612" -> "e613"
	"Product'614" [label="Product'"]
	"Product595" -> "Product'614"
	"e615" [label="e"]
	"Product'614" -> "e615"
	"Expression'616" [label="Expression'"]
	"Expression594" -> "Expression'616"
	"e617" [label="e"]
	"Expression'616" -> "e617"
	"Statements618" [label="Statements"]
	"Statements590" -> "Statements618"
	"Statement619" [label="Statement"]
	"Statements618" -> "Statement619"
	"Print620" [label="Print"]
	"Statement619" -> "Print620"
	"print621" [label="print",style=filled,fillcolor=powderblue]
	"Print620" -> "print621"
	"Expression622" [label="Expression"]
	"Print620" -> "Expression622"
	"Product623" [label="Product"]
	"Expression622" -> "Product623"
	"Term624" [label="Term"]
	"Product623" -> "Term624"
	"Factor625" [label="Factor"]
	"Term624" -> "Factor625"
	"m626" [label="m",style=filled,fillcolor=powderblue]
	"Factor625" -> "m626"
	"[627" [label="[",style=filled,fillcolor=powderblue]
	"Factor625" -> "[627"
	"Expression628" [label="Expression"]
	"Factor625" -> "Expression628"
	"Product629" [label="Product"]
	"Expression628" -> "Product629"
	"Term630" [label="Term"]
	"Product629" -> "Term630"
	"Factor631" [label="Factor"]
	"Term630" -> "Factor631"
	"num632" [label="num",style=filled,fillcolor=powderblue]
	"Factor631" -> "num632"
	"Term'633" [label="Term'"]
	"Term630" -> "Term'633"
	"e634" [label="e"]
	"Term'633" -> "e634"
	"Product'635" [label="Product'"]
	"Product629" -> "Product'635"
	"e636" [label="e"]
	"Product'635" -> "e636"
	"Expression'637" [label="Expression'"]
	"Expression628" -> "Expression'637"
	"e638" [label="e"]
	"Expression'637" -> "e638"
	"]639" [label="]",style=filled,fillcolor=powderblue]
	"Factor625" -> "]639"
	"Term'640" [label="Term'"]
	"Term624" -> "Term'640"
	"e641" [label="e"]
	"Term'640" -> "e641"
	"Product'642" [label="Product'"]
	"Product623" -> "Product'642"
	"e643" [label="e"]
	"Product'642" -> "e643"
	"Expression'644" [label="Expression'"]
	"Expression622" -> "Expression'644"
	"e645" [label="e"]
	"Expression'644" -> "e645"
	"Statements646" [label="Statements"]
	"Statements618" -> "Statements646"
	"Statement647" [label="Statement"]
	"Statements646" -> "Statement647"
	"Print648" [label="Print"]
	"Statement647" -> "Print648"
	"print649" [label="print",style=filled,fillcolor=powderblue]
	"Print648" -> "print649"
	"Expression650" [label="Expression"]
	"Print648" -> "Expression650"
	"Product651" [label="Product"]
	"Expression650" -> "Product651"
	"Term652" [label="Term"]
	"Product651" -> "Term652"
	"Factor653" [label="Factor"]
	"Term652" -> "Factor653"
	"num654" [label="num",style=filled,fillcolor=powderblue]
	"Factor653" -> "num654"
	"Term'655" [label="Term'"]
	"Term652" -> "Term'655"
	"e656" [label="e"]
	"Term'655" -> "e656"
	"Product'657" [label="Product'"]
	"Product651" -> "Product'657"
	"e658" [label="e"]
	"Product'657" -> "e658"
	"Expression'659" [label="Expression'"]
	"Expression650" -> "Expression'659"
	"e660" [label="e"]
	"Expression'659" -> "e660"
	"Statements661" [label="Statements"]
	"Statements646" -> "Statements661"
	"e662" [label="e"]
	"Statements661" -> "e662"
};
