digraph G {
	"Start1" [label="Start"]
	"Statements2" [label="Statements"]
	"Start1" -> "Statements2"
	"Statement3" [label="Statement"]
	"Statements2" -> "Statement3"
	"Assignment4" [label="Assignment"]
	"Statement3" -> "Assignment4"
	"m5" [label="m",style=filled,fillcolor=powderblue]
	"Assignment4" -> "m5"
	"[6" [label="[",style=filled,fillcolor=powderblue]
	"Assignment4" -> "[6"
	"Expression7" [label="Expression"]
	"Assignment4" -> "Expression7"
	"Term8" [label="Term"]
	"Expression7" -> "Term8"
	"Factor9" [label="Factor"]
	"Term8" -> "Factor9"
	"num10" [label="num",style=filled,fillcolor=powderblue]
	"Factor9" -> "num10"
	"Power11" [label="Power"]
	"Factor9" -> "Power11"
	"e12" [label="e"]
	"Power11" -> "e12"
	"RTerm13" [label="RTerm"]
	"Term8" -> "RTerm13"
	"e14" [label="e"]
	"RTerm13" -> "e14"
	"RExpression15" [label="RExpression"]
	"Expression7" -> "RExpression15"
	"e16" [label="e"]
	"RExpression15" -> "e16"
	"]17" [label="]",style=filled,fillcolor=powderblue]
	"Assignment4" -> "]17"
	"=18" [label="=",style=filled,fillcolor=powderblue]
	"Assignment4" -> "=18"
	"Expression19" [label="Expression"]
	"Assignment4" -> "Expression19"
	"Term20" [label="Term"]
	"Expression19" -> "Term20"
	"Factor21" [label="Factor"]
	"Term20" -> "Factor21"
	"num22" [label="num",style=filled,fillcolor=powderblue]
	"Factor21" -> "num22"
	"Power23" [label="Power"]
	"Factor21" -> "Power23"
	"e24" [label="e"]
	"Power23" -> "e24"
	"RTerm25" [label="RTerm"]
	"Term20" -> "RTerm25"
	"/26" [label="/",style=filled,fillcolor=powderblue]
	"RTerm25" -> "/26"
	"Term27" [label="Term"]
	"RTerm25" -> "Term27"
	"Factor28" [label="Factor"]
	"Term27" -> "Factor28"
	"num29" [label="num",style=filled,fillcolor=powderblue]
	"Factor28" -> "num29"
	"Power30" [label="Power"]
	"Factor28" -> "Power30"
	"e31" [label="e"]
	"Power30" -> "e31"
	"RTerm32" [label="RTerm"]
	"Term27" -> "RTerm32"
	"*33" [label="*",style=filled,fillcolor=powderblue]
	"RTerm32" -> "*33"
	"Term34" [label="Term"]
	"RTerm32" -> "Term34"
	"Factor35" [label="Factor"]
	"Term34" -> "Factor35"
	"num36" [label="num",style=filled,fillcolor=powderblue]
	"Factor35" -> "num36"
	"Power37" [label="Power"]
	"Factor35" -> "Power37"
	"e38" [label="e"]
	"Power37" -> "e38"
	"RTerm39" [label="RTerm"]
	"Term34" -> "RTerm39"
	"e40" [label="e"]
	"RTerm39" -> "e40"
	"RExpression41" [label="RExpression"]
	"Expression19" -> "RExpression41"
	"e42" [label="e"]
	"RExpression41" -> "e42"
	"Statements43" [label="Statements"]
	"Statements2" -> "Statements43"
	"Statement44" [label="Statement"]
	"Statements43" -> "Statement44"
	"Jump45" [label="Jump"]
	"Statement44" -> "Jump45"
	"goto46" [label="goto",style=filled,fillcolor=powderblue]
	"Jump45" -> "goto46"
	"num47" [label="num",style=filled,fillcolor=powderblue]
	"Jump45" -> "num47"
	"JumpIf48" [label="JumpIf"]
	"Jump45" -> "JumpIf48"
	"e49" [label="e"]
	"JumpIf48" -> "e49"
	"Statements50" [label="Statements"]
	"Statements43" -> "Statements50"
	"Statement51" [label="Statement"]
	"Statements50" -> "Statement51"
	"Assignment52" [label="Assignment"]
	"Statement51" -> "Assignment52"
	"m53" [label="m",style=filled,fillcolor=powderblue]
	"Assignment52" -> "m53"
	"[54" [label="[",style=filled,fillcolor=powderblue]
	"Assignment52" -> "[54"
	"Expression55" [label="Expression"]
	"Assignment52" -> "Expression55"
	"Term56" [label="Term"]
	"Expression55" -> "Term56"
	"Factor57" [label="Factor"]
	"Term56" -> "Factor57"
	"num58" [label="num",style=filled,fillcolor=powderblue]
	"Factor57" -> "num58"
	"Power59" [label="Power"]
	"Factor57" -> "Power59"
	"e60" [label="e"]
	"Power59" -> "e60"
	"RTerm61" [label="RTerm"]
	"Term56" -> "RTerm61"
	"e62" [label="e"]
	"RTerm61" -> "e62"
	"RExpression63" [label="RExpression"]
	"Expression55" -> "RExpression63"
	"e64" [label="e"]
	"RExpression63" -> "e64"
	"]65" [label="]",style=filled,fillcolor=powderblue]
	"Assignment52" -> "]65"
	"=66" [label="=",style=filled,fillcolor=powderblue]
	"Assignment52" -> "=66"
	"Expression67" [label="Expression"]
	"Assignment52" -> "Expression67"
	"Term68" [label="Term"]
	"Expression67" -> "Term68"
	"Factor69" [label="Factor"]
	"Term68" -> "Factor69"
	"num70" [label="num",style=filled,fillcolor=powderblue]
	"Factor69" -> "num70"
	"Power71" [label="Power"]
	"Factor69" -> "Power71"
	"e72" [label="e"]
	"Power71" -> "e72"
	"RTerm73" [label="RTerm"]
	"Term68" -> "RTerm73"
	"e74" [label="e"]
	"RTerm73" -> "e74"
	"RExpression75" [label="RExpression"]
	"Expression67" -> "RExpression75"
	"+76" [label="+",style=filled,fillcolor=powderblue]
	"RExpression75" -> "+76"
	"Expression77" [label="Expression"]
	"RExpression75" -> "Expression77"
	"Term78" [label="Term"]
	"Expression77" -> "Term78"
	"Factor79" [label="Factor"]
	"Term78" -> "Factor79"
	"m80" [label="m",style=filled,fillcolor=powderblue]
	"Factor79" -> "m80"
	"[81" [label="[",style=filled,fillcolor=powderblue]
	"Factor79" -> "[81"
	"Expression82" [label="Expression"]
	"Factor79" -> "Expression82"
	"Term83" [label="Term"]
	"Expression82" -> "Term83"
	"Factor84" [label="Factor"]
	"Term83" -> "Factor84"
	"num85" [label="num",style=filled,fillcolor=powderblue]
	"Factor84" -> "num85"
	"Power86" [label="Power"]
	"Factor84" -> "Power86"
	"e87" [label="e"]
	"Power86" -> "e87"
	"RTerm88" [label="RTerm"]
	"Term83" -> "RTerm88"
	"e89" [label="e"]
	"RTerm88" -> "e89"
	"RExpression90" [label="RExpression"]
	"Expression82" -> "RExpression90"
	"e91" [label="e"]
	"RExpression90" -> "e91"
	"]92" [label="]",style=filled,fillcolor=powderblue]
	"Factor79" -> "]92"
	"Power93" [label="Power"]
	"Factor79" -> "Power93"
	"e94" [label="e"]
	"Power93" -> "e94"
	"RTerm95" [label="RTerm"]
	"Term78" -> "RTerm95"
	"e96" [label="e"]
	"RTerm95" -> "e96"
	"RExpression97" [label="RExpression"]
	"Expression77" -> "RExpression97"
	"e98" [label="e"]
	"RExpression97" -> "e98"
	"Statements99" [label="Statements"]
	"Statements50" -> "Statements99"
	"Statement100" [label="Statement"]
	"Statements99" -> "Statement100"
	"Assignment101" [label="Assignment"]
	"Statement100" -> "Assignment101"
	"m102" [label="m",style=filled,fillcolor=powderblue]
	"Assignment101" -> "m102"
	"[103" [label="[",style=filled,fillcolor=powderblue]
	"Assignment101" -> "[103"
	"Expression104" [label="Expression"]
	"Assignment101" -> "Expression104"
	"Term105" [label="Term"]
	"Expression104" -> "Term105"
	"Factor106" [label="Factor"]
	"Term105" -> "Factor106"
	"num107" [label="num",style=filled,fillcolor=powderblue]
	"Factor106" -> "num107"
	"Power108" [label="Power"]
	"Factor106" -> "Power108"
	"e109" [label="e"]
	"Power108" -> "e109"
	"RTerm110" [label="RTerm"]
	"Term105" -> "RTerm110"
	"e111" [label="e"]
	"RTerm110" -> "e111"
	"RExpression112" [label="RExpression"]
	"Expression104" -> "RExpression112"
	"e113" [label="e"]
	"RExpression112" -> "e113"
	"]114" [label="]",style=filled,fillcolor=powderblue]
	"Assignment101" -> "]114"
	"=115" [label="=",style=filled,fillcolor=powderblue]
	"Assignment101" -> "=115"
	"Expression116" [label="Expression"]
	"Assignment101" -> "Expression116"
	"Term117" [label="Term"]
	"Expression116" -> "Term117"
	"Factor118" [label="Factor"]
	"Term117" -> "Factor118"
	"num119" [label="num",style=filled,fillcolor=powderblue]
	"Factor118" -> "num119"
	"Power120" [label="Power"]
	"Factor118" -> "Power120"
	"e121" [label="e"]
	"Power120" -> "e121"
	"RTerm122" [label="RTerm"]
	"Term117" -> "RTerm122"
	"e123" [label="e"]
	"RTerm122" -> "e123"
	"RExpression124" [label="RExpression"]
	"Expression116" -> "RExpression124"
	"-125" [label="-",style=filled,fillcolor=powderblue]
	"RExpression124" -> "-125"
	"Expression126" [label="Expression"]
	"RExpression124" -> "Expression126"
	"Term127" [label="Term"]
	"Expression126" -> "Term127"
	"Factor128" [label="Factor"]
	"Term127" -> "Factor128"
	"m129" [label="m",style=filled,fillcolor=powderblue]
	"Factor128" -> "m129"
	"[130" [label="[",style=filled,fillcolor=powderblue]
	"Factor128" -> "[130"
	"Expression131" [label="Expression"]
	"Factor128" -> "Expression131"
	"Term132" [label="Term"]
	"Expression131" -> "Term132"
	"Factor133" [label="Factor"]
	"Term132" -> "Factor133"
	"num134" [label="num",style=filled,fillcolor=powderblue]
	"Factor133" -> "num134"
	"Power135" [label="Power"]
	"Factor133" -> "Power135"
	"**136" [label="**",style=filled,fillcolor=powderblue]
	"Power135" -> "**136"
	"Factor137" [label="Factor"]
	"Power135" -> "Factor137"
	"num138" [label="num",style=filled,fillcolor=powderblue]
	"Factor137" -> "num138"
	"Power139" [label="Power"]
	"Factor137" -> "Power139"
	"e140" [label="e"]
	"Power139" -> "e140"
	"RTerm141" [label="RTerm"]
	"Term132" -> "RTerm141"
	"*142" [label="*",style=filled,fillcolor=powderblue]
	"RTerm141" -> "*142"
	"Term143" [label="Term"]
	"RTerm141" -> "Term143"
	"Factor144" [label="Factor"]
	"Term143" -> "Factor144"
	"num145" [label="num",style=filled,fillcolor=powderblue]
	"Factor144" -> "num145"
	"Power146" [label="Power"]
	"Factor144" -> "Power146"
	"e147" [label="e"]
	"Power146" -> "e147"
	"RTerm148" [label="RTerm"]
	"Term143" -> "RTerm148"
	"e149" [label="e"]
	"RTerm148" -> "e149"
	"RExpression150" [label="RExpression"]
	"Expression131" -> "RExpression150"
	"-151" [label="-",style=filled,fillcolor=powderblue]
	"RExpression150" -> "-151"
	"Expression152" [label="Expression"]
	"RExpression150" -> "Expression152"
	"Term153" [label="Term"]
	"Expression152" -> "Term153"
	"Factor154" [label="Factor"]
	"Term153" -> "Factor154"
	"num155" [label="num",style=filled,fillcolor=powderblue]
	"Factor154" -> "num155"
	"Power156" [label="Power"]
	"Factor154" -> "Power156"
	"e157" [label="e"]
	"Power156" -> "e157"
	"RTerm158" [label="RTerm"]
	"Term153" -> "RTerm158"
	"e159" [label="e"]
	"RTerm158" -> "e159"
	"RExpression160" [label="RExpression"]
	"Expression152" -> "RExpression160"
	"e161" [label="e"]
	"RExpression160" -> "e161"
	"]162" [label="]",style=filled,fillcolor=powderblue]
	"Factor128" -> "]162"
	"Power163" [label="Power"]
	"Factor128" -> "Power163"
	"e164" [label="e"]
	"Power163" -> "e164"
	"RTerm165" [label="RTerm"]
	"Term127" -> "RTerm165"
	"e166" [label="e"]
	"RTerm165" -> "e166"
	"RExpression167" [label="RExpression"]
	"Expression126" -> "RExpression167"
	"-168" [label="-",style=filled,fillcolor=powderblue]
	"RExpression167" -> "-168"
	"Expression169" [label="Expression"]
	"RExpression167" -> "Expression169"
	"Term170" [label="Term"]
	"Expression169" -> "Term170"
	"Factor171" [label="Factor"]
	"Term170" -> "Factor171"
	"num172" [label="num",style=filled,fillcolor=powderblue]
	"Factor171" -> "num172"
	"Power173" [label="Power"]
	"Factor171" -> "Power173"
	"e174" [label="e"]
	"Power173" -> "e174"
	"RTerm175" [label="RTerm"]
	"Term170" -> "RTerm175"
	"e176" [label="e"]
	"RTerm175" -> "e176"
	"RExpression177" [label="RExpression"]
	"Expression169" -> "RExpression177"
	"e178" [label="e"]
	"RExpression177" -> "e178"
	"Statements179" [label="Statements"]
	"Statements99" -> "Statements179"
	"Statement180" [label="Statement"]
	"Statements179" -> "Statement180"
	"Label181" [label="Label"]
	"Statement180" -> "Label181"
	"L182" [label="L",style=filled,fillcolor=powderblue]
	"Label181" -> "L182"
	"num183" [label="num",style=filled,fillcolor=powderblue]
	"Label181" -> "num183"
	":184" [label=":",style=filled,fillcolor=powderblue]
	"Label181" -> ":184"
	"Statements185" [label="Statements"]
	"Statements179" -> "Statements185"
	"Statement186" [label="Statement"]
	"Statements185" -> "Statement186"
	"Assignment187" [label="Assignment"]
	"Statement186" -> "Assignment187"
	"m188" [label="m",style=filled,fillcolor=powderblue]
	"Assignment187" -> "m188"
	"[189" [label="[",style=filled,fillcolor=powderblue]
	"Assignment187" -> "[189"
	"Expression190" [label="Expression"]
	"Assignment187" -> "Expression190"
	"Term191" [label="Term"]
	"Expression190" -> "Term191"
	"Factor192" [label="Factor"]
	"Term191" -> "Factor192"
	"num193" [label="num",style=filled,fillcolor=powderblue]
	"Factor192" -> "num193"
	"Power194" [label="Power"]
	"Factor192" -> "Power194"
	"e195" [label="e"]
	"Power194" -> "e195"
	"RTerm196" [label="RTerm"]
	"Term191" -> "RTerm196"
	"e197" [label="e"]
	"RTerm196" -> "e197"
	"RExpression198" [label="RExpression"]
	"Expression190" -> "RExpression198"
	"e199" [label="e"]
	"RExpression198" -> "e199"
	"]200" [label="]",style=filled,fillcolor=powderblue]
	"Assignment187" -> "]200"
	"=201" [label="=",style=filled,fillcolor=powderblue]
	"Assignment187" -> "=201"
	"Expression202" [label="Expression"]
	"Assignment187" -> "Expression202"
	"Term203" [label="Term"]
	"Expression202" -> "Term203"
	"Factor204" [label="Factor"]
	"Term203" -> "Factor204"
	"num205" [label="num",style=filled,fillcolor=powderblue]
	"Factor204" -> "num205"
	"Power206" [label="Power"]
	"Factor204" -> "Power206"
	"e207" [label="e"]
	"Power206" -> "e207"
	"RTerm208" [label="RTerm"]
	"Term203" -> "RTerm208"
	"e209" [label="e"]
	"RTerm208" -> "e209"
	"RExpression210" [label="RExpression"]
	"Expression202" -> "RExpression210"
	"-211" [label="-",style=filled,fillcolor=powderblue]
	"RExpression210" -> "-211"
	"Expression212" [label="Expression"]
	"RExpression210" -> "Expression212"
	"Term213" [label="Term"]
	"Expression212" -> "Term213"
	"Factor214" [label="Factor"]
	"Term213" -> "Factor214"
	"(215" [label="(",style=filled,fillcolor=powderblue]
	"Factor214" -> "(215"
	"Expression216" [label="Expression"]
	"Factor214" -> "Expression216"
	"Term217" [label="Term"]
	"Expression216" -> "Term217"
	"Factor218" [label="Factor"]
	"Term217" -> "Factor218"
	"m219" [label="m",style=filled,fillcolor=powderblue]
	"Factor218" -> "m219"
	"[220" [label="[",style=filled,fillcolor=powderblue]
	"Factor218" -> "[220"
	"Expression221" [label="Expression"]
	"Factor218" -> "Expression221"
	"Term222" [label="Term"]
	"Expression221" -> "Term222"
	"Factor223" [label="Factor"]
	"Term222" -> "Factor223"
	"num224" [label="num",style=filled,fillcolor=powderblue]
	"Factor223" -> "num224"
	"Power225" [label="Power"]
	"Factor223" -> "Power225"
	"e226" [label="e"]
	"Power225" -> "e226"
	"RTerm227" [label="RTerm"]
	"Term222" -> "RTerm227"
	"e228" [label="e"]
	"RTerm227" -> "e228"
	"RExpression229" [label="RExpression"]
	"Expression221" -> "RExpression229"
	"e230" [label="e"]
	"RExpression229" -> "e230"
	"]231" [label="]",style=filled,fillcolor=powderblue]
	"Factor218" -> "]231"
	"Power232" [label="Power"]
	"Factor218" -> "Power232"
	"e233" [label="e"]
	"Power232" -> "e233"
	"RTerm234" [label="RTerm"]
	"Term217" -> "RTerm234"
	"e235" [label="e"]
	"RTerm234" -> "e235"
	"RExpression236" [label="RExpression"]
	"Expression216" -> "RExpression236"
	"-237" [label="-",style=filled,fillcolor=powderblue]
	"RExpression236" -> "-237"
	"Expression238" [label="Expression"]
	"RExpression236" -> "Expression238"
	"Term239" [label="Term"]
	"Expression238" -> "Term239"
	"Factor240" [label="Factor"]
	"Term239" -> "Factor240"
	"num241" [label="num",style=filled,fillcolor=powderblue]
	"Factor240" -> "num241"
	"Power242" [label="Power"]
	"Factor240" -> "Power242"
	"e243" [label="e"]
	"Power242" -> "e243"
	"RTerm244" [label="RTerm"]
	"Term239" -> "RTerm244"
	"e245" [label="e"]
	"RTerm244" -> "e245"
	"RExpression246" [label="RExpression"]
	"Expression238" -> "RExpression246"
	"e247" [label="e"]
	"RExpression246" -> "e247"
	")248" [label=")",style=filled,fillcolor=powderblue]
	"Factor214" -> ")248"
	"Power249" [label="Power"]
	"Factor214" -> "Power249"
	"e250" [label="e"]
	"Power249" -> "e250"
	"RTerm251" [label="RTerm"]
	"Term213" -> "RTerm251"
	"e252" [label="e"]
	"RTerm251" -> "e252"
	"RExpression253" [label="RExpression"]
	"Expression212" -> "RExpression253"
	"e254" [label="e"]
	"RExpression253" -> "e254"
	"Statements255" [label="Statements"]
	"Statements185" -> "Statements255"
	"Statement256" [label="Statement"]
	"Statements255" -> "Statement256"
	"Assignment257" [label="Assignment"]
	"Statement256" -> "Assignment257"
	"m258" [label="m",style=filled,fillcolor=powderblue]
	"Assignment257" -> "m258"
	"[259" [label="[",style=filled,fillcolor=powderblue]
	"Assignment257" -> "[259"
	"Expression260" [label="Expression"]
	"Assignment257" -> "Expression260"
	"Term261" [label="Term"]
	"Expression260" -> "Term261"
	"Factor262" [label="Factor"]
	"Term261" -> "Factor262"
	"num263" [label="num",style=filled,fillcolor=powderblue]
	"Factor262" -> "num263"
	"Power264" [label="Power"]
	"Factor262" -> "Power264"
	"e265" [label="e"]
	"Power264" -> "e265"
	"RTerm266" [label="RTerm"]
	"Term261" -> "RTerm266"
	"e267" [label="e"]
	"RTerm266" -> "e267"
	"RExpression268" [label="RExpression"]
	"Expression260" -> "RExpression268"
	"e269" [label="e"]
	"RExpression268" -> "e269"
	"]270" [label="]",style=filled,fillcolor=powderblue]
	"Assignment257" -> "]270"
	"=271" [label="=",style=filled,fillcolor=powderblue]
	"Assignment257" -> "=271"
	"Expression272" [label="Expression"]
	"Assignment257" -> "Expression272"
	"Term273" [label="Term"]
	"Expression272" -> "Term273"
	"Factor274" [label="Factor"]
	"Term273" -> "Factor274"
	"num275" [label="num",style=filled,fillcolor=powderblue]
	"Factor274" -> "num275"
	"Power276" [label="Power"]
	"Factor274" -> "Power276"
	"e277" [label="e"]
	"Power276" -> "e277"
	"RTerm278" [label="RTerm"]
	"Term273" -> "RTerm278"
	"/279" [label="/",style=filled,fillcolor=powderblue]
	"RTerm278" -> "/279"
	"Term280" [label="Term"]
	"RTerm278" -> "Term280"
	"Factor281" [label="Factor"]
	"Term280" -> "Factor281"
	"num282" [label="num",style=filled,fillcolor=powderblue]
	"Factor281" -> "num282"
	"Power283" [label="Power"]
	"Factor281" -> "Power283"
	"e284" [label="e"]
	"Power283" -> "e284"
	"RTerm285" [label="RTerm"]
	"Term280" -> "RTerm285"
	"*286" [label="*",style=filled,fillcolor=powderblue]
	"RTerm285" -> "*286"
	"Term287" [label="Term"]
	"RTerm285" -> "Term287"
	"Factor288" [label="Factor"]
	"Term287" -> "Factor288"
	"num289" [label="num",style=filled,fillcolor=powderblue]
	"Factor288" -> "num289"
	"Power290" [label="Power"]
	"Factor288" -> "Power290"
	"e291" [label="e"]
	"Power290" -> "e291"
	"RTerm292" [label="RTerm"]
	"Term287" -> "RTerm292"
	"e293" [label="e"]
	"RTerm292" -> "e293"
	"RExpression294" [label="RExpression"]
	"Expression272" -> "RExpression294"
	"e295" [label="e"]
	"RExpression294" -> "e295"
	"Statements296" [label="Statements"]
	"Statements255" -> "Statements296"
	"Statement297" [label="Statement"]
	"Statements296" -> "Statement297"
	"Jump298" [label="Jump"]
	"Statement297" -> "Jump298"
	"goto299" [label="goto",style=filled,fillcolor=powderblue]
	"Jump298" -> "goto299"
	"num300" [label="num",style=filled,fillcolor=powderblue]
	"Jump298" -> "num300"
	"JumpIf301" [label="JumpIf"]
	"Jump298" -> "JumpIf301"
	"e302" [label="e"]
	"JumpIf301" -> "e302"
	"Statements303" [label="Statements"]
	"Statements296" -> "Statements303"
	"Statement304" [label="Statement"]
	"Statements303" -> "Statement304"
	"Assignment305" [label="Assignment"]
	"Statement304" -> "Assignment305"
	"m306" [label="m",style=filled,fillcolor=powderblue]
	"Assignment305" -> "m306"
	"[307" [label="[",style=filled,fillcolor=powderblue]
	"Assignment305" -> "[307"
	"Expression308" [label="Expression"]
	"Assignment305" -> "Expression308"
	"Term309" [label="Term"]
	"Expression308" -> "Term309"
	"Factor310" [label="Factor"]
	"Term309" -> "Factor310"
	"num311" [label="num",style=filled,fillcolor=powderblue]
	"Factor310" -> "num311"
	"Power312" [label="Power"]
	"Factor310" -> "Power312"
	"e313" [label="e"]
	"Power312" -> "e313"
	"RTerm314" [label="RTerm"]
	"Term309" -> "RTerm314"
	"e315" [label="e"]
	"RTerm314" -> "e315"
	"RExpression316" [label="RExpression"]
	"Expression308" -> "RExpression316"
	"e317" [label="e"]
	"RExpression316" -> "e317"
	"]318" [label="]",style=filled,fillcolor=powderblue]
	"Assignment305" -> "]318"
	"=319" [label="=",style=filled,fillcolor=powderblue]
	"Assignment305" -> "=319"
	"Expression320" [label="Expression"]
	"Assignment305" -> "Expression320"
	"Term321" [label="Term"]
	"Expression320" -> "Term321"
	"Factor322" [label="Factor"]
	"Term321" -> "Factor322"
	"num323" [label="num",style=filled,fillcolor=powderblue]
	"Factor322" -> "num323"
	"Power324" [label="Power"]
	"Factor322" -> "Power324"
	"e325" [label="e"]
	"Power324" -> "e325"
	"RTerm326" [label="RTerm"]
	"Term321" -> "RTerm326"
	"e327" [label="e"]
	"RTerm326" -> "e327"
	"RExpression328" [label="RExpression"]
	"Expression320" -> "RExpression328"
	"+329" [label="+",style=filled,fillcolor=powderblue]
	"RExpression328" -> "+329"
	"Expression330" [label="Expression"]
	"RExpression328" -> "Expression330"
	"Term331" [label="Term"]
	"Expression330" -> "Term331"
	"Factor332" [label="Factor"]
	"Term331" -> "Factor332"
	"m333" [label="m",style=filled,fillcolor=powderblue]
	"Factor332" -> "m333"
	"[334" [label="[",style=filled,fillcolor=powderblue]
	"Factor332" -> "[334"
	"Expression335" [label="Expression"]
	"Factor332" -> "Expression335"
	"Term336" [label="Term"]
	"Expression335" -> "Term336"
	"Factor337" [label="Factor"]
	"Term336" -> "Factor337"
	"num338" [label="num",style=filled,fillcolor=powderblue]
	"Factor337" -> "num338"
	"Power339" [label="Power"]
	"Factor337" -> "Power339"
	"e340" [label="e"]
	"Power339" -> "e340"
	"RTerm341" [label="RTerm"]
	"Term336" -> "RTerm341"
	"e342" [label="e"]
	"RTerm341" -> "e342"
	"RExpression343" [label="RExpression"]
	"Expression335" -> "RExpression343"
	"e344" [label="e"]
	"RExpression343" -> "e344"
	"]345" [label="]",style=filled,fillcolor=powderblue]
	"Factor332" -> "]345"
	"Power346" [label="Power"]
	"Factor332" -> "Power346"
	"e347" [label="e"]
	"Power346" -> "e347"
	"RTerm348" [label="RTerm"]
	"Term331" -> "RTerm348"
	"e349" [label="e"]
	"RTerm348" -> "e349"
	"RExpression350" [label="RExpression"]
	"Expression330" -> "RExpression350"
	"e351" [label="e"]
	"RExpression350" -> "e351"
	"Statements352" [label="Statements"]
	"Statements303" -> "Statements352"
	"Statement353" [label="Statement"]
	"Statements352" -> "Statement353"
	"Jump354" [label="Jump"]
	"Statement353" -> "Jump354"
	"goto355" [label="goto",style=filled,fillcolor=powderblue]
	"Jump354" -> "goto355"
	"num356" [label="num",style=filled,fillcolor=powderblue]
	"Jump354" -> "num356"
	"JumpIf357" [label="JumpIf"]
	"Jump354" -> "JumpIf357"
	"if358" [label="if",style=filled,fillcolor=powderblue]
	"JumpIf357" -> "if358"
	"Expression359" [label="Expression"]
	"JumpIf357" -> "Expression359"
	"Term360" [label="Term"]
	"Expression359" -> "Term360"
	"Factor361" [label="Factor"]
	"Term360" -> "Factor361"
	"m362" [label="m",style=filled,fillcolor=powderblue]
	"Factor361" -> "m362"
	"[363" [label="[",style=filled,fillcolor=powderblue]
	"Factor361" -> "[363"
	"Expression364" [label="Expression"]
	"Factor361" -> "Expression364"
	"Term365" [label="Term"]
	"Expression364" -> "Term365"
	"Factor366" [label="Factor"]
	"Term365" -> "Factor366"
	"num367" [label="num",style=filled,fillcolor=powderblue]
	"Factor366" -> "num367"
	"Power368" [label="Power"]
	"Factor366" -> "Power368"
	"e369" [label="e"]
	"Power368" -> "e369"
	"RTerm370" [label="RTerm"]
	"Term365" -> "RTerm370"
	"e371" [label="e"]
	"RTerm370" -> "e371"
	"RExpression372" [label="RExpression"]
	"Expression364" -> "RExpression372"
	"e373" [label="e"]
	"RExpression372" -> "e373"
	"]374" [label="]",style=filled,fillcolor=powderblue]
	"Factor361" -> "]374"
	"Power375" [label="Power"]
	"Factor361" -> "Power375"
	"e376" [label="e"]
	"Power375" -> "e376"
	"RTerm377" [label="RTerm"]
	"Term360" -> "RTerm377"
	"e378" [label="e"]
	"RTerm377" -> "e378"
	"RExpression379" [label="RExpression"]
	"Expression359" -> "RExpression379"
	"e380" [label="e"]
	"RExpression379" -> "e380"
	"Statements381" [label="Statements"]
	"Statements352" -> "Statements381"
	"Statement382" [label="Statement"]
	"Statements381" -> "Statement382"
	"Assignment383" [label="Assignment"]
	"Statement382" -> "Assignment383"
	"m384" [label="m",style=filled,fillcolor=powderblue]
	"Assignment383" -> "m384"
	"[385" [label="[",style=filled,fillcolor=powderblue]
	"Assignment383" -> "[385"
	"Expression386" [label="Expression"]
	"Assignment383" -> "Expression386"
	"Term387" [label="Term"]
	"Expression386" -> "Term387"
	"Factor388" [label="Factor"]
	"Term387" -> "Factor388"
	"num389" [label="num",style=filled,fillcolor=powderblue]
	"Factor388" -> "num389"
	"Power390" [label="Power"]
	"Factor388" -> "Power390"
	"e391" [label="e"]
	"Power390" -> "e391"
	"RTerm392" [label="RTerm"]
	"Term387" -> "RTerm392"
	"e393" [label="e"]
	"RTerm392" -> "e393"
	"RExpression394" [label="RExpression"]
	"Expression386" -> "RExpression394"
	"e395" [label="e"]
	"RExpression394" -> "e395"
	"]396" [label="]",style=filled,fillcolor=powderblue]
	"Assignment383" -> "]396"
	"=397" [label="=",style=filled,fillcolor=powderblue]
	"Assignment383" -> "=397"
	"Expression398" [label="Expression"]
	"Assignment383" -> "Expression398"
	"Term399" [label="Term"]
	"Expression398" -> "Term399"
	"Factor400" [label="Factor"]
	"Term399" -> "Factor400"
	"num401" [label="num",style=filled,fillcolor=powderblue]
	"Factor400" -> "num401"
	"Power402" [label="Power"]
	"Factor400" -> "Power402"
	"e403" [label="e"]
	"Power402" -> "e403"
	"RTerm404" [label="RTerm"]
	"Term399" -> "RTerm404"
	"e405" [label="e"]
	"RTerm404" -> "e405"
	"RExpression406" [label="RExpression"]
	"Expression398" -> "RExpression406"
	"-407" [label="-",style=filled,fillcolor=powderblue]
	"RExpression406" -> "-407"
	"Expression408" [label="Expression"]
	"RExpression406" -> "Expression408"
	"Term409" [label="Term"]
	"Expression408" -> "Term409"
	"Factor410" [label="Factor"]
	"Term409" -> "Factor410"
	"(411" [label="(",style=filled,fillcolor=powderblue]
	"Factor410" -> "(411"
	"Expression412" [label="Expression"]
	"Factor410" -> "Expression412"
	"Term413" [label="Term"]
	"Expression412" -> "Term413"
	"Factor414" [label="Factor"]
	"Term413" -> "Factor414"
	"m415" [label="m",style=filled,fillcolor=powderblue]
	"Factor414" -> "m415"
	"[416" [label="[",style=filled,fillcolor=powderblue]
	"Factor414" -> "[416"
	"Expression417" [label="Expression"]
	"Factor414" -> "Expression417"
	"Term418" [label="Term"]
	"Expression417" -> "Term418"
	"Factor419" [label="Factor"]
	"Term418" -> "Factor419"
	"num420" [label="num",style=filled,fillcolor=powderblue]
	"Factor419" -> "num420"
	"Power421" [label="Power"]
	"Factor419" -> "Power421"
	"e422" [label="e"]
	"Power421" -> "e422"
	"RTerm423" [label="RTerm"]
	"Term418" -> "RTerm423"
	"e424" [label="e"]
	"RTerm423" -> "e424"
	"RExpression425" [label="RExpression"]
	"Expression417" -> "RExpression425"
	"e426" [label="e"]
	"RExpression425" -> "e426"
	"]427" [label="]",style=filled,fillcolor=powderblue]
	"Factor414" -> "]427"
	"Power428" [label="Power"]
	"Factor414" -> "Power428"
	"e429" [label="e"]
	"Power428" -> "e429"
	"RTerm430" [label="RTerm"]
	"Term413" -> "RTerm430"
	"e431" [label="e"]
	"RTerm430" -> "e431"
	"RExpression432" [label="RExpression"]
	"Expression412" -> "RExpression432"
	"-433" [label="-",style=filled,fillcolor=powderblue]
	"RExpression432" -> "-433"
	"Expression434" [label="Expression"]
	"RExpression432" -> "Expression434"
	"Term435" [label="Term"]
	"Expression434" -> "Term435"
	"Factor436" [label="Factor"]
	"Term435" -> "Factor436"
	"num437" [label="num",style=filled,fillcolor=powderblue]
	"Factor436" -> "num437"
	"Power438" [label="Power"]
	"Factor436" -> "Power438"
	"e439" [label="e"]
	"Power438" -> "e439"
	"RTerm440" [label="RTerm"]
	"Term435" -> "RTerm440"
	"e441" [label="e"]
	"RTerm440" -> "e441"
	"RExpression442" [label="RExpression"]
	"Expression434" -> "RExpression442"
	"e443" [label="e"]
	"RExpression442" -> "e443"
	")444" [label=")",style=filled,fillcolor=powderblue]
	"Factor410" -> ")444"
	"Power445" [label="Power"]
	"Factor410" -> "Power445"
	"e446" [label="e"]
	"Power445" -> "e446"
	"RTerm447" [label="RTerm"]
	"Term409" -> "RTerm447"
	"e448" [label="e"]
	"RTerm447" -> "e448"
	"RExpression449" [label="RExpression"]
	"Expression408" -> "RExpression449"
	"e450" [label="e"]
	"RExpression449" -> "e450"
	"Statements451" [label="Statements"]
	"Statements381" -> "Statements451"
	"Statement452" [label="Statement"]
	"Statements451" -> "Statement452"
	"Assignment453" [label="Assignment"]
	"Statement452" -> "Assignment453"
	"m454" [label="m",style=filled,fillcolor=powderblue]
	"Assignment453" -> "m454"
	"[455" [label="[",style=filled,fillcolor=powderblue]
	"Assignment453" -> "[455"
	"Expression456" [label="Expression"]
	"Assignment453" -> "Expression456"
	"Term457" [label="Term"]
	"Expression456" -> "Term457"
	"Factor458" [label="Factor"]
	"Term457" -> "Factor458"
	"num459" [label="num",style=filled,fillcolor=powderblue]
	"Factor458" -> "num459"
	"Power460" [label="Power"]
	"Factor458" -> "Power460"
	"e461" [label="e"]
	"Power460" -> "e461"
	"RTerm462" [label="RTerm"]
	"Term457" -> "RTerm462"
	"e463" [label="e"]
	"RTerm462" -> "e463"
	"RExpression464" [label="RExpression"]
	"Expression456" -> "RExpression464"
	"e465" [label="e"]
	"RExpression464" -> "e465"
	"]466" [label="]",style=filled,fillcolor=powderblue]
	"Assignment453" -> "]466"
	"=467" [label="=",style=filled,fillcolor=powderblue]
	"Assignment453" -> "=467"
	"Expression468" [label="Expression"]
	"Assignment453" -> "Expression468"
	"Term469" [label="Term"]
	"Expression468" -> "Term469"
	"Factor470" [label="Factor"]
	"Term469" -> "Factor470"
	"num471" [label="num",style=filled,fillcolor=powderblue]
	"Factor470" -> "num471"
	"Power472" [label="Power"]
	"Factor470" -> "Power472"
	"e473" [label="e"]
	"Power472" -> "e473"
	"RTerm474" [label="RTerm"]
	"Term469" -> "RTerm474"
	"e475" [label="e"]
	"RTerm474" -> "e475"
	"RExpression476" [label="RExpression"]
	"Expression468" -> "RExpression476"
	"+477" [label="+",style=filled,fillcolor=powderblue]
	"RExpression476" -> "+477"
	"Expression478" [label="Expression"]
	"RExpression476" -> "Expression478"
	"Term479" [label="Term"]
	"Expression478" -> "Term479"
	"Factor480" [label="Factor"]
	"Term479" -> "Factor480"
	"m481" [label="m",style=filled,fillcolor=powderblue]
	"Factor480" -> "m481"
	"[482" [label="[",style=filled,fillcolor=powderblue]
	"Factor480" -> "[482"
	"Expression483" [label="Expression"]
	"Factor480" -> "Expression483"
	"Term484" [label="Term"]
	"Expression483" -> "Term484"
	"Factor485" [label="Factor"]
	"Term484" -> "Factor485"
	"num486" [label="num",style=filled,fillcolor=powderblue]
	"Factor485" -> "num486"
	"Power487" [label="Power"]
	"Factor485" -> "Power487"
	"e488" [label="e"]
	"Power487" -> "e488"
	"RTerm489" [label="RTerm"]
	"Term484" -> "RTerm489"
	"e490" [label="e"]
	"RTerm489" -> "e490"
	"RExpression491" [label="RExpression"]
	"Expression483" -> "RExpression491"
	"e492" [label="e"]
	"RExpression491" -> "e492"
	"]493" [label="]",style=filled,fillcolor=powderblue]
	"Factor480" -> "]493"
	"Power494" [label="Power"]
	"Factor480" -> "Power494"
	"e495" [label="e"]
	"Power494" -> "e495"
	"RTerm496" [label="RTerm"]
	"Term479" -> "RTerm496"
	"e497" [label="e"]
	"RTerm496" -> "e497"
	"RExpression498" [label="RExpression"]
	"Expression478" -> "RExpression498"
	"e499" [label="e"]
	"RExpression498" -> "e499"
	"Statements500" [label="Statements"]
	"Statements451" -> "Statements500"
	"Statement501" [label="Statement"]
	"Statements500" -> "Statement501"
	"Jump502" [label="Jump"]
	"Statement501" -> "Jump502"
	"goto503" [label="goto",style=filled,fillcolor=powderblue]
	"Jump502" -> "goto503"
	"num504" [label="num",style=filled,fillcolor=powderblue]
	"Jump502" -> "num504"
	"JumpIf505" [label="JumpIf"]
	"Jump502" -> "JumpIf505"
	"if506" [label="if",style=filled,fillcolor=powderblue]
	"JumpIf505" -> "if506"
	"Expression507" [label="Expression"]
	"JumpIf505" -> "Expression507"
	"Term508" [label="Term"]
	"Expression507" -> "Term508"
	"Factor509" [label="Factor"]
	"Term508" -> "Factor509"
	"m510" [label="m",style=filled,fillcolor=powderblue]
	"Factor509" -> "m510"
	"[511" [label="[",style=filled,fillcolor=powderblue]
	"Factor509" -> "[511"
	"Expression512" [label="Expression"]
	"Factor509" -> "Expression512"
	"Term513" [label="Term"]
	"Expression512" -> "Term513"
	"Factor514" [label="Factor"]
	"Term513" -> "Factor514"
	"num515" [label="num",style=filled,fillcolor=powderblue]
	"Factor514" -> "num515"
	"Power516" [label="Power"]
	"Factor514" -> "Power516"
	"e517" [label="e"]
	"Power516" -> "e517"
	"RTerm518" [label="RTerm"]
	"Term513" -> "RTerm518"
	"e519" [label="e"]
	"RTerm518" -> "e519"
	"RExpression520" [label="RExpression"]
	"Expression512" -> "RExpression520"
	"e521" [label="e"]
	"RExpression520" -> "e521"
	"]522" [label="]",style=filled,fillcolor=powderblue]
	"Factor509" -> "]522"
	"Power523" [label="Power"]
	"Factor509" -> "Power523"
	"e524" [label="e"]
	"Power523" -> "e524"
	"RTerm525" [label="RTerm"]
	"Term508" -> "RTerm525"
	"e526" [label="e"]
	"RTerm525" -> "e526"
	"RExpression527" [label="RExpression"]
	"Expression507" -> "RExpression527"
	"e528" [label="e"]
	"RExpression527" -> "e528"
	"Statements529" [label="Statements"]
	"Statements500" -> "Statements529"
	"Statement530" [label="Statement"]
	"Statements529" -> "Statement530"
	"Assignment531" [label="Assignment"]
	"Statement530" -> "Assignment531"
	"m532" [label="m",style=filled,fillcolor=powderblue]
	"Assignment531" -> "m532"
	"[533" [label="[",style=filled,fillcolor=powderblue]
	"Assignment531" -> "[533"
	"Expression534" [label="Expression"]
	"Assignment531" -> "Expression534"
	"Term535" [label="Term"]
	"Expression534" -> "Term535"
	"Factor536" [label="Factor"]
	"Term535" -> "Factor536"
	"num537" [label="num",style=filled,fillcolor=powderblue]
	"Factor536" -> "num537"
	"Power538" [label="Power"]
	"Factor536" -> "Power538"
	"e539" [label="e"]
	"Power538" -> "e539"
	"RTerm540" [label="RTerm"]
	"Term535" -> "RTerm540"
	"e541" [label="e"]
	"RTerm540" -> "e541"
	"RExpression542" [label="RExpression"]
	"Expression534" -> "RExpression542"
	"e543" [label="e"]
	"RExpression542" -> "e543"
	"]544" [label="]",style=filled,fillcolor=powderblue]
	"Assignment531" -> "]544"
	"=545" [label="=",style=filled,fillcolor=powderblue]
	"Assignment531" -> "=545"
	"Expression546" [label="Expression"]
	"Assignment531" -> "Expression546"
	"Term547" [label="Term"]
	"Expression546" -> "Term547"
	"Factor548" [label="Factor"]
	"Term547" -> "Factor548"
	"num549" [label="num",style=filled,fillcolor=powderblue]
	"Factor548" -> "num549"
	"Power550" [label="Power"]
	"Factor548" -> "Power550"
	"e551" [label="e"]
	"Power550" -> "e551"
	"RTerm552" [label="RTerm"]
	"Term547" -> "RTerm552"
	"e553" [label="e"]
	"RTerm552" -> "e553"
	"RExpression554" [label="RExpression"]
	"Expression546" -> "RExpression554"
	"-555" [label="-",style=filled,fillcolor=powderblue]
	"RExpression554" -> "-555"
	"Expression556" [label="Expression"]
	"RExpression554" -> "Expression556"
	"Term557" [label="Term"]
	"Expression556" -> "Term557"
	"Factor558" [label="Factor"]
	"Term557" -> "Factor558"
	"m559" [label="m",style=filled,fillcolor=powderblue]
	"Factor558" -> "m559"
	"[560" [label="[",style=filled,fillcolor=powderblue]
	"Factor558" -> "[560"
	"Expression561" [label="Expression"]
	"Factor558" -> "Expression561"
	"Term562" [label="Term"]
	"Expression561" -> "Term562"
	"Factor563" [label="Factor"]
	"Term562" -> "Factor563"
	"num564" [label="num",style=filled,fillcolor=powderblue]
	"Factor563" -> "num564"
	"Power565" [label="Power"]
	"Factor563" -> "Power565"
	"**566" [label="**",style=filled,fillcolor=powderblue]
	"Power565" -> "**566"
	"Factor567" [label="Factor"]
	"Power565" -> "Factor567"
	"num568" [label="num",style=filled,fillcolor=powderblue]
	"Factor567" -> "num568"
	"Power569" [label="Power"]
	"Factor567" -> "Power569"
	"e570" [label="e"]
	"Power569" -> "e570"
	"RTerm571" [label="RTerm"]
	"Term562" -> "RTerm571"
	"*572" [label="*",style=filled,fillcolor=powderblue]
	"RTerm571" -> "*572"
	"Term573" [label="Term"]
	"RTerm571" -> "Term573"
	"Factor574" [label="Factor"]
	"Term573" -> "Factor574"
	"num575" [label="num",style=filled,fillcolor=powderblue]
	"Factor574" -> "num575"
	"Power576" [label="Power"]
	"Factor574" -> "Power576"
	"e577" [label="e"]
	"Power576" -> "e577"
	"RTerm578" [label="RTerm"]
	"Term573" -> "RTerm578"
	"e579" [label="e"]
	"RTerm578" -> "e579"
	"RExpression580" [label="RExpression"]
	"Expression561" -> "RExpression580"
	"-581" [label="-",style=filled,fillcolor=powderblue]
	"RExpression580" -> "-581"
	"Expression582" [label="Expression"]
	"RExpression580" -> "Expression582"
	"Term583" [label="Term"]
	"Expression582" -> "Term583"
	"Factor584" [label="Factor"]
	"Term583" -> "Factor584"
	"num585" [label="num",style=filled,fillcolor=powderblue]
	"Factor584" -> "num585"
	"Power586" [label="Power"]
	"Factor584" -> "Power586"
	"e587" [label="e"]
	"Power586" -> "e587"
	"RTerm588" [label="RTerm"]
	"Term583" -> "RTerm588"
	"e589" [label="e"]
	"RTerm588" -> "e589"
	"RExpression590" [label="RExpression"]
	"Expression582" -> "RExpression590"
	"e591" [label="e"]
	"RExpression590" -> "e591"
	"]592" [label="]",style=filled,fillcolor=powderblue]
	"Factor558" -> "]592"
	"Power593" [label="Power"]
	"Factor558" -> "Power593"
	"e594" [label="e"]
	"Power593" -> "e594"
	"RTerm595" [label="RTerm"]
	"Term557" -> "RTerm595"
	"e596" [label="e"]
	"RTerm595" -> "e596"
	"RExpression597" [label="RExpression"]
	"Expression556" -> "RExpression597"
	"-598" [label="-",style=filled,fillcolor=powderblue]
	"RExpression597" -> "-598"
	"Expression599" [label="Expression"]
	"RExpression597" -> "Expression599"
	"Term600" [label="Term"]
	"Expression599" -> "Term600"
	"Factor601" [label="Factor"]
	"Term600" -> "Factor601"
	"num602" [label="num",style=filled,fillcolor=powderblue]
	"Factor601" -> "num602"
	"Power603" [label="Power"]
	"Factor601" -> "Power603"
	"e604" [label="e"]
	"Power603" -> "e604"
	"RTerm605" [label="RTerm"]
	"Term600" -> "RTerm605"
	"e606" [label="e"]
	"RTerm605" -> "e606"
	"RExpression607" [label="RExpression"]
	"Expression599" -> "RExpression607"
	"e608" [label="e"]
	"RExpression607" -> "e608"
	"Statements609" [label="Statements"]
	"Statements529" -> "Statements609"
	"Statement610" [label="Statement"]
	"Statements609" -> "Statement610"
	"Label611" [label="Label"]
	"Statement610" -> "Label611"
	"L612" [label="L",style=filled,fillcolor=powderblue]
	"Label611" -> "L612"
	"num613" [label="num",style=filled,fillcolor=powderblue]
	"Label611" -> "num613"
	":614" [label=":",style=filled,fillcolor=powderblue]
	"Label611" -> ":614"
	"Statements615" [label="Statements"]
	"Statements609" -> "Statements615"
	"Statement616" [label="Statement"]
	"Statements615" -> "Statement616"
	"Assignment617" [label="Assignment"]
	"Statement616" -> "Assignment617"
	"m618" [label="m",style=filled,fillcolor=powderblue]
	"Assignment617" -> "m618"
	"[619" [label="[",style=filled,fillcolor=powderblue]
	"Assignment617" -> "[619"
	"Expression620" [label="Expression"]
	"Assignment617" -> "Expression620"
	"Term621" [label="Term"]
	"Expression620" -> "Term621"
	"Factor622" [label="Factor"]
	"Term621" -> "Factor622"
	"num623" [label="num",style=filled,fillcolor=powderblue]
	"Factor622" -> "num623"
	"Power624" [label="Power"]
	"Factor622" -> "Power624"
	"e625" [label="e"]
	"Power624" -> "e625"
	"RTerm626" [label="RTerm"]
	"Term621" -> "RTerm626"
	"e627" [label="e"]
	"RTerm626" -> "e627"
	"RExpression628" [label="RExpression"]
	"Expression620" -> "RExpression628"
	"e629" [label="e"]
	"RExpression628" -> "e629"
	"]630" [label="]",style=filled,fillcolor=powderblue]
	"Assignment617" -> "]630"
	"=631" [label="=",style=filled,fillcolor=powderblue]
	"Assignment617" -> "=631"
	"Expression632" [label="Expression"]
	"Assignment617" -> "Expression632"
	"Term633" [label="Term"]
	"Expression632" -> "Term633"
	"Factor634" [label="Factor"]
	"Term633" -> "Factor634"
	"num635" [label="num",style=filled,fillcolor=powderblue]
	"Factor634" -> "num635"
	"Power636" [label="Power"]
	"Factor634" -> "Power636"
	"e637" [label="e"]
	"Power636" -> "e637"
	"RTerm638" [label="RTerm"]
	"Term633" -> "RTerm638"
	"e639" [label="e"]
	"RTerm638" -> "e639"
	"RExpression640" [label="RExpression"]
	"Expression632" -> "RExpression640"
	"-641" [label="-",style=filled,fillcolor=powderblue]
	"RExpression640" -> "-641"
	"Expression642" [label="Expression"]
	"RExpression640" -> "Expression642"
	"Term643" [label="Term"]
	"Expression642" -> "Term643"
	"Factor644" [label="Factor"]
	"Term643" -> "Factor644"
	"(645" [label="(",style=filled,fillcolor=powderblue]
	"Factor644" -> "(645"
	"Expression646" [label="Expression"]
	"Factor644" -> "Expression646"
	"Term647" [label="Term"]
	"Expression646" -> "Term647"
	"Factor648" [label="Factor"]
	"Term647" -> "Factor648"
	"m649" [label="m",style=filled,fillcolor=powderblue]
	"Factor648" -> "m649"
	"[650" [label="[",style=filled,fillcolor=powderblue]
	"Factor648" -> "[650"
	"Expression651" [label="Expression"]
	"Factor648" -> "Expression651"
	"Term652" [label="Term"]
	"Expression651" -> "Term652"
	"Factor653" [label="Factor"]
	"Term652" -> "Factor653"
	"num654" [label="num",style=filled,fillcolor=powderblue]
	"Factor653" -> "num654"
	"Power655" [label="Power"]
	"Factor653" -> "Power655"
	"e656" [label="e"]
	"Power655" -> "e656"
	"RTerm657" [label="RTerm"]
	"Term652" -> "RTerm657"
	"e658" [label="e"]
	"RTerm657" -> "e658"
	"RExpression659" [label="RExpression"]
	"Expression651" -> "RExpression659"
	"e660" [label="e"]
	"RExpression659" -> "e660"
	"]661" [label="]",style=filled,fillcolor=powderblue]
	"Factor648" -> "]661"
	"Power662" [label="Power"]
	"Factor648" -> "Power662"
	"e663" [label="e"]
	"Power662" -> "e663"
	"RTerm664" [label="RTerm"]
	"Term647" -> "RTerm664"
	"e665" [label="e"]
	"RTerm664" -> "e665"
	"RExpression666" [label="RExpression"]
	"Expression646" -> "RExpression666"
	"-667" [label="-",style=filled,fillcolor=powderblue]
	"RExpression666" -> "-667"
	"Expression668" [label="Expression"]
	"RExpression666" -> "Expression668"
	"Term669" [label="Term"]
	"Expression668" -> "Term669"
	"Factor670" [label="Factor"]
	"Term669" -> "Factor670"
	"num671" [label="num",style=filled,fillcolor=powderblue]
	"Factor670" -> "num671"
	"Power672" [label="Power"]
	"Factor670" -> "Power672"
	"e673" [label="e"]
	"Power672" -> "e673"
	"RTerm674" [label="RTerm"]
	"Term669" -> "RTerm674"
	"e675" [label="e"]
	"RTerm674" -> "e675"
	"RExpression676" [label="RExpression"]
	"Expression668" -> "RExpression676"
	"e677" [label="e"]
	"RExpression676" -> "e677"
	")678" [label=")",style=filled,fillcolor=powderblue]
	"Factor644" -> ")678"
	"Power679" [label="Power"]
	"Factor644" -> "Power679"
	"e680" [label="e"]
	"Power679" -> "e680"
	"RTerm681" [label="RTerm"]
	"Term643" -> "RTerm681"
	"e682" [label="e"]
	"RTerm681" -> "e682"
	"RExpression683" [label="RExpression"]
	"Expression642" -> "RExpression683"
	"e684" [label="e"]
	"RExpression683" -> "e684"
	"Statements685" [label="Statements"]
	"Statements615" -> "Statements685"
	"Statement686" [label="Statement"]
	"Statements685" -> "Statement686"
	"Assignment687" [label="Assignment"]
	"Statement686" -> "Assignment687"
	"m688" [label="m",style=filled,fillcolor=powderblue]
	"Assignment687" -> "m688"
	"[689" [label="[",style=filled,fillcolor=powderblue]
	"Assignment687" -> "[689"
	"Expression690" [label="Expression"]
	"Assignment687" -> "Expression690"
	"Term691" [label="Term"]
	"Expression690" -> "Term691"
	"Factor692" [label="Factor"]
	"Term691" -> "Factor692"
	"num693" [label="num",style=filled,fillcolor=powderblue]
	"Factor692" -> "num693"
	"Power694" [label="Power"]
	"Factor692" -> "Power694"
	"e695" [label="e"]
	"Power694" -> "e695"
	"RTerm696" [label="RTerm"]
	"Term691" -> "RTerm696"
	"e697" [label="e"]
	"RTerm696" -> "e697"
	"RExpression698" [label="RExpression"]
	"Expression690" -> "RExpression698"
	"e699" [label="e"]
	"RExpression698" -> "e699"
	"]700" [label="]",style=filled,fillcolor=powderblue]
	"Assignment687" -> "]700"
	"=701" [label="=",style=filled,fillcolor=powderblue]
	"Assignment687" -> "=701"
	"Expression702" [label="Expression"]
	"Assignment687" -> "Expression702"
	"Term703" [label="Term"]
	"Expression702" -> "Term703"
	"Factor704" [label="Factor"]
	"Term703" -> "Factor704"
	"num705" [label="num",style=filled,fillcolor=powderblue]
	"Factor704" -> "num705"
	"Power706" [label="Power"]
	"Factor704" -> "Power706"
	"e707" [label="e"]
	"Power706" -> "e707"
	"RTerm708" [label="RTerm"]
	"Term703" -> "RTerm708"
	"/709" [label="/",style=filled,fillcolor=powderblue]
	"RTerm708" -> "/709"
	"Term710" [label="Term"]
	"RTerm708" -> "Term710"
	"Factor711" [label="Factor"]
	"Term710" -> "Factor711"
	"num712" [label="num",style=filled,fillcolor=powderblue]
	"Factor711" -> "num712"
	"Power713" [label="Power"]
	"Factor711" -> "Power713"
	"e714" [label="e"]
	"Power713" -> "e714"
	"RTerm715" [label="RTerm"]
	"Term710" -> "RTerm715"
	"*716" [label="*",style=filled,fillcolor=powderblue]
	"RTerm715" -> "*716"
	"Term717" [label="Term"]
	"RTerm715" -> "Term717"
	"Factor718" [label="Factor"]
	"Term717" -> "Factor718"
	"num719" [label="num",style=filled,fillcolor=powderblue]
	"Factor718" -> "num719"
	"Power720" [label="Power"]
	"Factor718" -> "Power720"
	"e721" [label="e"]
	"Power720" -> "e721"
	"RTerm722" [label="RTerm"]
	"Term717" -> "RTerm722"
	"e723" [label="e"]
	"RTerm722" -> "e723"
	"RExpression724" [label="RExpression"]
	"Expression702" -> "RExpression724"
	"e725" [label="e"]
	"RExpression724" -> "e725"
	"Statements726" [label="Statements"]
	"Statements685" -> "Statements726"
	"e727" [label="e"]
	"Statements726" -> "e727"
};
