digraph G {
	"Start1" [label="Start"]
	"Statements2" [label="Statements"]
	"Start1" -> "Statements2"
	"Statement3" [label="Statement"]
	"Statements2" -> "Statement3"
	"Assignment4" [label="Assignment"]
	"Statement3" -> "Assignment4"
	"m5" [label="m",style=filled,fillcolor=powderblue]
	"Assignment4" -> "m5"
	"[6" [label="[",style=filled,fillcolor=powderblue]
	"Assignment4" -> "[6"
	"Expression7" [label="Expression"]
	"Assignment4" -> "Expression7"
	"Term8" [label="Term"]
	"Expression7" -> "Term8"
	"Factor9" [label="Factor"]
	"Term8" -> "Factor9"
	"num10" [label="num",style=filled,fillcolor=powderblue]
	"Factor9" -> "num10"
	"Power11" [label="Power"]
	"Factor9" -> "Power11"
	"e12" [label="e"]
	"Power11" -> "e12"
	"RTerm13" [label="RTerm"]
	"Term8" -> "RTerm13"
	"e14" [label="e"]
	"RTerm13" -> "e14"
	"RExpression15" [label="RExpression"]
	"Expression7" -> "RExpression15"
	"e16" [label="e"]
	"RExpression15" -> "e16"
	"]17" [label="]",style=filled,fillcolor=powderblue]
	"Assignment4" -> "]17"
	"=18" [label="=",style=filled,fillcolor=powderblue]
	"Assignment4" -> "=18"
	"Expression19" [label="Expression"]
	"Assignment4" -> "Expression19"
	"Term20" [label="Term"]
	"Expression19" -> "Term20"
	"Factor21" [label="Factor"]
	"Term20" -> "Factor21"
	"num22" [label="num",style=filled,fillcolor=powderblue]
	"Factor21" -> "num22"
	"Power23" [label="Power"]
	"Factor21" -> "Power23"
	"e24" [label="e"]
	"Power23" -> "e24"
	"RTerm25" [label="RTerm"]
	"Term20" -> "RTerm25"
	"/26" [label="/",style=filled,fillcolor=powderblue]
	"RTerm25" -> "/26"
	"Term27" [label="Term"]
	"RTerm25" -> "Term27"
	"Factor28" [label="Factor"]
	"Term27" -> "Factor28"
	"num29" [label="num",style=filled,fillcolor=powderblue]
	"Factor28" -> "num29"
	"Power30" [label="Power"]
	"Factor28" -> "Power30"
	"e31" [label="e"]
	"Power30" -> "e31"
	"RTerm32" [label="RTerm"]
	"Term27" -> "RTerm32"
	"*33" [label="*",style=filled,fillcolor=powderblue]
	"RTerm32" -> "*33"
	"Term34" [label="Term"]
	"RTerm32" -> "Term34"
	"Factor35" [label="Factor"]
	"Term34" -> "Factor35"
	"num36" [label="num",style=filled,fillcolor=powderblue]
	"Factor35" -> "num36"
	"Power37" [label="Power"]
	"Factor35" -> "Power37"
	"e38" [label="e"]
	"Power37" -> "e38"
	"RTerm39" [label="RTerm"]
	"Term34" -> "RTerm39"
	"e40" [label="e"]
	"RTerm39" -> "e40"
	"RExpression41" [label="RExpression"]
	"Expression19" -> "RExpression41"
	"e42" [label="e"]
	"RExpression41" -> "e42"
	"Statements43" [label="Statements"]
	"Statements2" -> "Statements43"
	"Statement44" [label="Statement"]
	"Statements43" -> "Statement44"
	"Assignment45" [label="Assignment"]
	"Statement44" -> "Assignment45"
	"m46" [label="m",style=filled,fillcolor=powderblue]
	"Assignment45" -> "m46"
	"[47" [label="[",style=filled,fillcolor=powderblue]
	"Assignment45" -> "[47"
	"Expression48" [label="Expression"]
	"Assignment45" -> "Expression48"
	"Term49" [label="Term"]
	"Expression48" -> "Term49"
	"Factor50" [label="Factor"]
	"Term49" -> "Factor50"
	"num51" [label="num",style=filled,fillcolor=powderblue]
	"Factor50" -> "num51"
	"Power52" [label="Power"]
	"Factor50" -> "Power52"
	"e53" [label="e"]
	"Power52" -> "e53"
	"RTerm54" [label="RTerm"]
	"Term49" -> "RTerm54"
	"e55" [label="e"]
	"RTerm54" -> "e55"
	"RExpression56" [label="RExpression"]
	"Expression48" -> "RExpression56"
	"e57" [label="e"]
	"RExpression56" -> "e57"
	"]58" [label="]",style=filled,fillcolor=powderblue]
	"Assignment45" -> "]58"
	"=59" [label="=",style=filled,fillcolor=powderblue]
	"Assignment45" -> "=59"
	"Expression60" [label="Expression"]
	"Assignment45" -> "Expression60"
	"Term61" [label="Term"]
	"Expression60" -> "Term61"
	"Factor62" [label="Factor"]
	"Term61" -> "Factor62"
	"num63" [label="num",style=filled,fillcolor=powderblue]
	"Factor62" -> "num63"
	"Power64" [label="Power"]
	"Factor62" -> "Power64"
	"e65" [label="e"]
	"Power64" -> "e65"
	"RTerm66" [label="RTerm"]
	"Term61" -> "RTerm66"
	"/67" [label="/",style=filled,fillcolor=powderblue]
	"RTerm66" -> "/67"
	"Term68" [label="Term"]
	"RTerm66" -> "Term68"
	"Factor69" [label="Factor"]
	"Term68" -> "Factor69"
	"num70" [label="num",style=filled,fillcolor=powderblue]
	"Factor69" -> "num70"
	"Power71" [label="Power"]
	"Factor69" -> "Power71"
	"e72" [label="e"]
	"Power71" -> "e72"
	"RTerm73" [label="RTerm"]
	"Term68" -> "RTerm73"
	"*74" [label="*",style=filled,fillcolor=powderblue]
	"RTerm73" -> "*74"
	"Term75" [label="Term"]
	"RTerm73" -> "Term75"
	"Factor76" [label="Factor"]
	"Term75" -> "Factor76"
	"num77" [label="num",style=filled,fillcolor=powderblue]
	"Factor76" -> "num77"
	"Power78" [label="Power"]
	"Factor76" -> "Power78"
	"e79" [label="e"]
	"Power78" -> "e79"
	"RTerm80" [label="RTerm"]
	"Term75" -> "RTerm80"
	"e81" [label="e"]
	"RTerm80" -> "e81"
	"RExpression82" [label="RExpression"]
	"Expression60" -> "RExpression82"
	"e83" [label="e"]
	"RExpression82" -> "e83"
	"Statements84" [label="Statements"]
	"Statements43" -> "Statements84"
	"Statement85" [label="Statement"]
	"Statements84" -> "Statement85"
	"Jump86" [label="Jump"]
	"Statement85" -> "Jump86"
	"goto87" [label="goto",style=filled,fillcolor=powderblue]
	"Jump86" -> "goto87"
	"num88" [label="num",style=filled,fillcolor=powderblue]
	"Jump86" -> "num88"
	"JumpIf89" [label="JumpIf"]
	"Jump86" -> "JumpIf89"
	"e90" [label="e"]
	"JumpIf89" -> "e90"
	"Statements91" [label="Statements"]
	"Statements84" -> "Statements91"
	"Statement92" [label="Statement"]
	"Statements91" -> "Statement92"
	"Assignment93" [label="Assignment"]
	"Statement92" -> "Assignment93"
	"m94" [label="m",style=filled,fillcolor=powderblue]
	"Assignment93" -> "m94"
	"[95" [label="[",style=filled,fillcolor=powderblue]
	"Assignment93" -> "[95"
	"Expression96" [label="Expression"]
	"Assignment93" -> "Expression96"
	"Term97" [label="Term"]
	"Expression96" -> "Term97"
	"Factor98" [label="Factor"]
	"Term97" -> "Factor98"
	"num99" [label="num",style=filled,fillcolor=powderblue]
	"Factor98" -> "num99"
	"Power100" [label="Power"]
	"Factor98" -> "Power100"
	"e101" [label="e"]
	"Power100" -> "e101"
	"RTerm102" [label="RTerm"]
	"Term97" -> "RTerm102"
	"e103" [label="e"]
	"RTerm102" -> "e103"
	"RExpression104" [label="RExpression"]
	"Expression96" -> "RExpression104"
	"e105" [label="e"]
	"RExpression104" -> "e105"
	"]106" [label="]",style=filled,fillcolor=powderblue]
	"Assignment93" -> "]106"
	"=107" [label="=",style=filled,fillcolor=powderblue]
	"Assignment93" -> "=107"
	"Expression108" [label="Expression"]
	"Assignment93" -> "Expression108"
	"Term109" [label="Term"]
	"Expression108" -> "Term109"
	"Factor110" [label="Factor"]
	"Term109" -> "Factor110"
	"num111" [label="num",style=filled,fillcolor=powderblue]
	"Factor110" -> "num111"
	"Power112" [label="Power"]
	"Factor110" -> "Power112"
	"e113" [label="e"]
	"Power112" -> "e113"
	"RTerm114" [label="RTerm"]
	"Term109" -> "RTerm114"
	"e115" [label="e"]
	"RTerm114" -> "e115"
	"RExpression116" [label="RExpression"]
	"Expression108" -> "RExpression116"
	"+117" [label="+",style=filled,fillcolor=powderblue]
	"RExpression116" -> "+117"
	"Expression118" [label="Expression"]
	"RExpression116" -> "Expression118"
	"Term119" [label="Term"]
	"Expression118" -> "Term119"
	"Factor120" [label="Factor"]
	"Term119" -> "Factor120"
	"m121" [label="m",style=filled,fillcolor=powderblue]
	"Factor120" -> "m121"
	"[122" [label="[",style=filled,fillcolor=powderblue]
	"Factor120" -> "[122"
	"Expression123" [label="Expression"]
	"Factor120" -> "Expression123"
	"Term124" [label="Term"]
	"Expression123" -> "Term124"
	"Factor125" [label="Factor"]
	"Term124" -> "Factor125"
	"num126" [label="num",style=filled,fillcolor=powderblue]
	"Factor125" -> "num126"
	"Power127" [label="Power"]
	"Factor125" -> "Power127"
	"e128" [label="e"]
	"Power127" -> "e128"
	"RTerm129" [label="RTerm"]
	"Term124" -> "RTerm129"
	"e130" [label="e"]
	"RTerm129" -> "e130"
	"RExpression131" [label="RExpression"]
	"Expression123" -> "RExpression131"
	"e132" [label="e"]
	"RExpression131" -> "e132"
	"]133" [label="]",style=filled,fillcolor=powderblue]
	"Factor120" -> "]133"
	"Power134" [label="Power"]
	"Factor120" -> "Power134"
	"e135" [label="e"]
	"Power134" -> "e135"
	"RTerm136" [label="RTerm"]
	"Term119" -> "RTerm136"
	"e137" [label="e"]
	"RTerm136" -> "e137"
	"RExpression138" [label="RExpression"]
	"Expression118" -> "RExpression138"
	"e139" [label="e"]
	"RExpression138" -> "e139"
	"Statements140" [label="Statements"]
	"Statements91" -> "Statements140"
	"Statement141" [label="Statement"]
	"Statements140" -> "Statement141"
	"Assignment142" [label="Assignment"]
	"Statement141" -> "Assignment142"
	"m143" [label="m",style=filled,fillcolor=powderblue]
	"Assignment142" -> "m143"
	"[144" [label="[",style=filled,fillcolor=powderblue]
	"Assignment142" -> "[144"
	"Expression145" [label="Expression"]
	"Assignment142" -> "Expression145"
	"Term146" [label="Term"]
	"Expression145" -> "Term146"
	"Factor147" [label="Factor"]
	"Term146" -> "Factor147"
	"num148" [label="num",style=filled,fillcolor=powderblue]
	"Factor147" -> "num148"
	"Power149" [label="Power"]
	"Factor147" -> "Power149"
	"e150" [label="e"]
	"Power149" -> "e150"
	"RTerm151" [label="RTerm"]
	"Term146" -> "RTerm151"
	"e152" [label="e"]
	"RTerm151" -> "e152"
	"RExpression153" [label="RExpression"]
	"Expression145" -> "RExpression153"
	"e154" [label="e"]
	"RExpression153" -> "e154"
	"]155" [label="]",style=filled,fillcolor=powderblue]
	"Assignment142" -> "]155"
	"=156" [label="=",style=filled,fillcolor=powderblue]
	"Assignment142" -> "=156"
	"Expression157" [label="Expression"]
	"Assignment142" -> "Expression157"
	"Term158" [label="Term"]
	"Expression157" -> "Term158"
	"Factor159" [label="Factor"]
	"Term158" -> "Factor159"
	"num160" [label="num",style=filled,fillcolor=powderblue]
	"Factor159" -> "num160"
	"Power161" [label="Power"]
	"Factor159" -> "Power161"
	"e162" [label="e"]
	"Power161" -> "e162"
	"RTerm163" [label="RTerm"]
	"Term158" -> "RTerm163"
	"e164" [label="e"]
	"RTerm163" -> "e164"
	"RExpression165" [label="RExpression"]
	"Expression157" -> "RExpression165"
	"-166" [label="-",style=filled,fillcolor=powderblue]
	"RExpression165" -> "-166"
	"Expression167" [label="Expression"]
	"RExpression165" -> "Expression167"
	"Term168" [label="Term"]
	"Expression167" -> "Term168"
	"Factor169" [label="Factor"]
	"Term168" -> "Factor169"
	"m170" [label="m",style=filled,fillcolor=powderblue]
	"Factor169" -> "m170"
	"[171" [label="[",style=filled,fillcolor=powderblue]
	"Factor169" -> "[171"
	"Expression172" [label="Expression"]
	"Factor169" -> "Expression172"
	"Term173" [label="Term"]
	"Expression172" -> "Term173"
	"Factor174" [label="Factor"]
	"Term173" -> "Factor174"
	"num175" [label="num",style=filled,fillcolor=powderblue]
	"Factor174" -> "num175"
	"Power176" [label="Power"]
	"Factor174" -> "Power176"
	"**177" [label="**",style=filled,fillcolor=powderblue]
	"Power176" -> "**177"
	"Factor178" [label="Factor"]
	"Power176" -> "Factor178"
	"num179" [label="num",style=filled,fillcolor=powderblue]
	"Factor178" -> "num179"
	"Power180" [label="Power"]
	"Factor178" -> "Power180"
	"e181" [label="e"]
	"Power180" -> "e181"
	"RTerm182" [label="RTerm"]
	"Term173" -> "RTerm182"
	"e183" [label="e"]
	"RTerm182" -> "e183"
	"RExpression184" [label="RExpression"]
	"Expression172" -> "RExpression184"
	"-185" [label="-",style=filled,fillcolor=powderblue]
	"RExpression184" -> "-185"
	"Expression186" [label="Expression"]
	"RExpression184" -> "Expression186"
	"Term187" [label="Term"]
	"Expression186" -> "Term187"
	"Factor188" [label="Factor"]
	"Term187" -> "Factor188"
	"num189" [label="num",style=filled,fillcolor=powderblue]
	"Factor188" -> "num189"
	"Power190" [label="Power"]
	"Factor188" -> "Power190"
	"e191" [label="e"]
	"Power190" -> "e191"
	"RTerm192" [label="RTerm"]
	"Term187" -> "RTerm192"
	"e193" [label="e"]
	"RTerm192" -> "e193"
	"RExpression194" [label="RExpression"]
	"Expression186" -> "RExpression194"
	"e195" [label="e"]
	"RExpression194" -> "e195"
	"]196" [label="]",style=filled,fillcolor=powderblue]
	"Factor169" -> "]196"
	"Power197" [label="Power"]
	"Factor169" -> "Power197"
	"e198" [label="e"]
	"Power197" -> "e198"
	"RTerm199" [label="RTerm"]
	"Term168" -> "RTerm199"
	"e200" [label="e"]
	"RTerm199" -> "e200"
	"RExpression201" [label="RExpression"]
	"Expression167" -> "RExpression201"
	"-202" [label="-",style=filled,fillcolor=powderblue]
	"RExpression201" -> "-202"
	"Expression203" [label="Expression"]
	"RExpression201" -> "Expression203"
	"Term204" [label="Term"]
	"Expression203" -> "Term204"
	"Factor205" [label="Factor"]
	"Term204" -> "Factor205"
	"num206" [label="num",style=filled,fillcolor=powderblue]
	"Factor205" -> "num206"
	"Power207" [label="Power"]
	"Factor205" -> "Power207"
	"e208" [label="e"]
	"Power207" -> "e208"
	"RTerm209" [label="RTerm"]
	"Term204" -> "RTerm209"
	"e210" [label="e"]
	"RTerm209" -> "e210"
	"RExpression211" [label="RExpression"]
	"Expression203" -> "RExpression211"
	"e212" [label="e"]
	"RExpression211" -> "e212"
	"Statements213" [label="Statements"]
	"Statements140" -> "Statements213"
	"Statement214" [label="Statement"]
	"Statements213" -> "Statement214"
	"Label215" [label="Label"]
	"Statement214" -> "Label215"
	"L216" [label="L",style=filled,fillcolor=powderblue]
	"Label215" -> "L216"
	"num217" [label="num",style=filled,fillcolor=powderblue]
	"Label215" -> "num217"
	":218" [label=":",style=filled,fillcolor=powderblue]
	"Label215" -> ":218"
	"Statements219" [label="Statements"]
	"Statements213" -> "Statements219"
	"Statement220" [label="Statement"]
	"Statements219" -> "Statement220"
	"Assignment221" [label="Assignment"]
	"Statement220" -> "Assignment221"
	"m222" [label="m",style=filled,fillcolor=powderblue]
	"Assignment221" -> "m222"
	"[223" [label="[",style=filled,fillcolor=powderblue]
	"Assignment221" -> "[223"
	"Expression224" [label="Expression"]
	"Assignment221" -> "Expression224"
	"Term225" [label="Term"]
	"Expression224" -> "Term225"
	"Factor226" [label="Factor"]
	"Term225" -> "Factor226"
	"num227" [label="num",style=filled,fillcolor=powderblue]
	"Factor226" -> "num227"
	"Power228" [label="Power"]
	"Factor226" -> "Power228"
	"e229" [label="e"]
	"Power228" -> "e229"
	"RTerm230" [label="RTerm"]
	"Term225" -> "RTerm230"
	"e231" [label="e"]
	"RTerm230" -> "e231"
	"RExpression232" [label="RExpression"]
	"Expression224" -> "RExpression232"
	"e233" [label="e"]
	"RExpression232" -> "e233"
	"]234" [label="]",style=filled,fillcolor=powderblue]
	"Assignment221" -> "]234"
	"=235" [label="=",style=filled,fillcolor=powderblue]
	"Assignment221" -> "=235"
	"Expression236" [label="Expression"]
	"Assignment221" -> "Expression236"
	"Term237" [label="Term"]
	"Expression236" -> "Term237"
	"Factor238" [label="Factor"]
	"Term237" -> "Factor238"
	"num239" [label="num",style=filled,fillcolor=powderblue]
	"Factor238" -> "num239"
	"Power240" [label="Power"]
	"Factor238" -> "Power240"
	"e241" [label="e"]
	"Power240" -> "e241"
	"RTerm242" [label="RTerm"]
	"Term237" -> "RTerm242"
	"e243" [label="e"]
	"RTerm242" -> "e243"
	"RExpression244" [label="RExpression"]
	"Expression236" -> "RExpression244"
	"-245" [label="-",style=filled,fillcolor=powderblue]
	"RExpression244" -> "-245"
	"Expression246" [label="Expression"]
	"RExpression244" -> "Expression246"
	"Term247" [label="Term"]
	"Expression246" -> "Term247"
	"Factor248" [label="Factor"]
	"Term247" -> "Factor248"
	"(249" [label="(",style=filled,fillcolor=powderblue]
	"Factor248" -> "(249"
	"Expression250" [label="Expression"]
	"Factor248" -> "Expression250"
	"Term251" [label="Term"]
	"Expression250" -> "Term251"
	"Factor252" [label="Factor"]
	"Term251" -> "Factor252"
	"m253" [label="m",style=filled,fillcolor=powderblue]
	"Factor252" -> "m253"
	"[254" [label="[",style=filled,fillcolor=powderblue]
	"Factor252" -> "[254"
	"Expression255" [label="Expression"]
	"Factor252" -> "Expression255"
	"Term256" [label="Term"]
	"Expression255" -> "Term256"
	"Factor257" [label="Factor"]
	"Term256" -> "Factor257"
	"num258" [label="num",style=filled,fillcolor=powderblue]
	"Factor257" -> "num258"
	"Power259" [label="Power"]
	"Factor257" -> "Power259"
	"e260" [label="e"]
	"Power259" -> "e260"
	"RTerm261" [label="RTerm"]
	"Term256" -> "RTerm261"
	"e262" [label="e"]
	"RTerm261" -> "e262"
	"RExpression263" [label="RExpression"]
	"Expression255" -> "RExpression263"
	"e264" [label="e"]
	"RExpression263" -> "e264"
	"]265" [label="]",style=filled,fillcolor=powderblue]
	"Factor252" -> "]265"
	"Power266" [label="Power"]
	"Factor252" -> "Power266"
	"e267" [label="e"]
	"Power266" -> "e267"
	"RTerm268" [label="RTerm"]
	"Term251" -> "RTerm268"
	"e269" [label="e"]
	"RTerm268" -> "e269"
	"RExpression270" [label="RExpression"]
	"Expression250" -> "RExpression270"
	"-271" [label="-",style=filled,fillcolor=powderblue]
	"RExpression270" -> "-271"
	"Expression272" [label="Expression"]
	"RExpression270" -> "Expression272"
	"Term273" [label="Term"]
	"Expression272" -> "Term273"
	"Factor274" [label="Factor"]
	"Term273" -> "Factor274"
	"num275" [label="num",style=filled,fillcolor=powderblue]
	"Factor274" -> "num275"
	"Power276" [label="Power"]
	"Factor274" -> "Power276"
	"e277" [label="e"]
	"Power276" -> "e277"
	"RTerm278" [label="RTerm"]
	"Term273" -> "RTerm278"
	"e279" [label="e"]
	"RTerm278" -> "e279"
	"RExpression280" [label="RExpression"]
	"Expression272" -> "RExpression280"
	"e281" [label="e"]
	"RExpression280" -> "e281"
	")282" [label=")",style=filled,fillcolor=powderblue]
	"Factor248" -> ")282"
	"Power283" [label="Power"]
	"Factor248" -> "Power283"
	"e284" [label="e"]
	"Power283" -> "e284"
	"RTerm285" [label="RTerm"]
	"Term247" -> "RTerm285"
	"e286" [label="e"]
	"RTerm285" -> "e286"
	"RExpression287" [label="RExpression"]
	"Expression246" -> "RExpression287"
	"e288" [label="e"]
	"RExpression287" -> "e288"
	"Statements289" [label="Statements"]
	"Statements219" -> "Statements289"
	"Statement290" [label="Statement"]
	"Statements289" -> "Statement290"
	"Assignment291" [label="Assignment"]
	"Statement290" -> "Assignment291"
	"m292" [label="m",style=filled,fillcolor=powderblue]
	"Assignment291" -> "m292"
	"[293" [label="[",style=filled,fillcolor=powderblue]
	"Assignment291" -> "[293"
	"Expression294" [label="Expression"]
	"Assignment291" -> "Expression294"
	"Term295" [label="Term"]
	"Expression294" -> "Term295"
	"Factor296" [label="Factor"]
	"Term295" -> "Factor296"
	"num297" [label="num",style=filled,fillcolor=powderblue]
	"Factor296" -> "num297"
	"Power298" [label="Power"]
	"Factor296" -> "Power298"
	"e299" [label="e"]
	"Power298" -> "e299"
	"RTerm300" [label="RTerm"]
	"Term295" -> "RTerm300"
	"e301" [label="e"]
	"RTerm300" -> "e301"
	"RExpression302" [label="RExpression"]
	"Expression294" -> "RExpression302"
	"e303" [label="e"]
	"RExpression302" -> "e303"
	"]304" [label="]",style=filled,fillcolor=powderblue]
	"Assignment291" -> "]304"
	"=305" [label="=",style=filled,fillcolor=powderblue]
	"Assignment291" -> "=305"
	"Expression306" [label="Expression"]
	"Assignment291" -> "Expression306"
	"Term307" [label="Term"]
	"Expression306" -> "Term307"
	"Factor308" [label="Factor"]
	"Term307" -> "Factor308"
	"num309" [label="num",style=filled,fillcolor=powderblue]
	"Factor308" -> "num309"
	"Power310" [label="Power"]
	"Factor308" -> "Power310"
	"e311" [label="e"]
	"Power310" -> "e311"
	"RTerm312" [label="RTerm"]
	"Term307" -> "RTerm312"
	"e313" [label="e"]
	"RTerm312" -> "e313"
	"RExpression314" [label="RExpression"]
	"Expression306" -> "RExpression314"
	"+315" [label="+",style=filled,fillcolor=powderblue]
	"RExpression314" -> "+315"
	"Expression316" [label="Expression"]
	"RExpression314" -> "Expression316"
	"Term317" [label="Term"]
	"Expression316" -> "Term317"
	"Factor318" [label="Factor"]
	"Term317" -> "Factor318"
	"m319" [label="m",style=filled,fillcolor=powderblue]
	"Factor318" -> "m319"
	"[320" [label="[",style=filled,fillcolor=powderblue]
	"Factor318" -> "[320"
	"Expression321" [label="Expression"]
	"Factor318" -> "Expression321"
	"Term322" [label="Term"]
	"Expression321" -> "Term322"
	"Factor323" [label="Factor"]
	"Term322" -> "Factor323"
	"num324" [label="num",style=filled,fillcolor=powderblue]
	"Factor323" -> "num324"
	"Power325" [label="Power"]
	"Factor323" -> "Power325"
	"e326" [label="e"]
	"Power325" -> "e326"
	"RTerm327" [label="RTerm"]
	"Term322" -> "RTerm327"
	"e328" [label="e"]
	"RTerm327" -> "e328"
	"RExpression329" [label="RExpression"]
	"Expression321" -> "RExpression329"
	"e330" [label="e"]
	"RExpression329" -> "e330"
	"]331" [label="]",style=filled,fillcolor=powderblue]
	"Factor318" -> "]331"
	"Power332" [label="Power"]
	"Factor318" -> "Power332"
	"e333" [label="e"]
	"Power332" -> "e333"
	"RTerm334" [label="RTerm"]
	"Term317" -> "RTerm334"
	"e335" [label="e"]
	"RTerm334" -> "e335"
	"RExpression336" [label="RExpression"]
	"Expression316" -> "RExpression336"
	"e337" [label="e"]
	"RExpression336" -> "e337"
	"Statements338" [label="Statements"]
	"Statements289" -> "Statements338"
	"Statement339" [label="Statement"]
	"Statements338" -> "Statement339"
	"Assignment340" [label="Assignment"]
	"Statement339" -> "Assignment340"
	"m341" [label="m",style=filled,fillcolor=powderblue]
	"Assignment340" -> "m341"
	"[342" [label="[",style=filled,fillcolor=powderblue]
	"Assignment340" -> "[342"
	"Expression343" [label="Expression"]
	"Assignment340" -> "Expression343"
	"Term344" [label="Term"]
	"Expression343" -> "Term344"
	"Factor345" [label="Factor"]
	"Term344" -> "Factor345"
	"num346" [label="num",style=filled,fillcolor=powderblue]
	"Factor345" -> "num346"
	"Power347" [label="Power"]
	"Factor345" -> "Power347"
	"e348" [label="e"]
	"Power347" -> "e348"
	"RTerm349" [label="RTerm"]
	"Term344" -> "RTerm349"
	"e350" [label="e"]
	"RTerm349" -> "e350"
	"RExpression351" [label="RExpression"]
	"Expression343" -> "RExpression351"
	"e352" [label="e"]
	"RExpression351" -> "e352"
	"]353" [label="]",style=filled,fillcolor=powderblue]
	"Assignment340" -> "]353"
	"=354" [label="=",style=filled,fillcolor=powderblue]
	"Assignment340" -> "=354"
	"Expression355" [label="Expression"]
	"Assignment340" -> "Expression355"
	"Term356" [label="Term"]
	"Expression355" -> "Term356"
	"Factor357" [label="Factor"]
	"Term356" -> "Factor357"
	"num358" [label="num",style=filled,fillcolor=powderblue]
	"Factor357" -> "num358"
	"Power359" [label="Power"]
	"Factor357" -> "Power359"
	"e360" [label="e"]
	"Power359" -> "e360"
	"RTerm361" [label="RTerm"]
	"Term356" -> "RTerm361"
	"e362" [label="e"]
	"RTerm361" -> "e362"
	"RExpression363" [label="RExpression"]
	"Expression355" -> "RExpression363"
	"-364" [label="-",style=filled,fillcolor=powderblue]
	"RExpression363" -> "-364"
	"Expression365" [label="Expression"]
	"RExpression363" -> "Expression365"
	"Term366" [label="Term"]
	"Expression365" -> "Term366"
	"Factor367" [label="Factor"]
	"Term366" -> "Factor367"
	"m368" [label="m",style=filled,fillcolor=powderblue]
	"Factor367" -> "m368"
	"[369" [label="[",style=filled,fillcolor=powderblue]
	"Factor367" -> "[369"
	"Expression370" [label="Expression"]
	"Factor367" -> "Expression370"
	"Term371" [label="Term"]
	"Expression370" -> "Term371"
	"Factor372" [label="Factor"]
	"Term371" -> "Factor372"
	"num373" [label="num",style=filled,fillcolor=powderblue]
	"Factor372" -> "num373"
	"Power374" [label="Power"]
	"Factor372" -> "Power374"
	"e375" [label="e"]
	"Power374" -> "e375"
	"RTerm376" [label="RTerm"]
	"Term371" -> "RTerm376"
	"e377" [label="e"]
	"RTerm376" -> "e377"
	"RExpression378" [label="RExpression"]
	"Expression370" -> "RExpression378"
	"-379" [label="-",style=filled,fillcolor=powderblue]
	"RExpression378" -> "-379"
	"Expression380" [label="Expression"]
	"RExpression378" -> "Expression380"
	"Term381" [label="Term"]
	"Expression380" -> "Term381"
	"Factor382" [label="Factor"]
	"Term381" -> "Factor382"
	"num383" [label="num",style=filled,fillcolor=powderblue]
	"Factor382" -> "num383"
	"Power384" [label="Power"]
	"Factor382" -> "Power384"
	"e385" [label="e"]
	"Power384" -> "e385"
	"RTerm386" [label="RTerm"]
	"Term381" -> "RTerm386"
	"e387" [label="e"]
	"RTerm386" -> "e387"
	"RExpression388" [label="RExpression"]
	"Expression380" -> "RExpression388"
	"e389" [label="e"]
	"RExpression388" -> "e389"
	"]390" [label="]",style=filled,fillcolor=powderblue]
	"Factor367" -> "]390"
	"Power391" [label="Power"]
	"Factor367" -> "Power391"
	"e392" [label="e"]
	"Power391" -> "e392"
	"RTerm393" [label="RTerm"]
	"Term366" -> "RTerm393"
	"e394" [label="e"]
	"RTerm393" -> "e394"
	"RExpression395" [label="RExpression"]
	"Expression365" -> "RExpression395"
	"e396" [label="e"]
	"RExpression395" -> "e396"
	"Statements397" [label="Statements"]
	"Statements338" -> "Statements397"
	"Statement398" [label="Statement"]
	"Statements397" -> "Statement398"
	"Assignment399" [label="Assignment"]
	"Statement398" -> "Assignment399"
	"m400" [label="m",style=filled,fillcolor=powderblue]
	"Assignment399" -> "m400"
	"[401" [label="[",style=filled,fillcolor=powderblue]
	"Assignment399" -> "[401"
	"Expression402" [label="Expression"]
	"Assignment399" -> "Expression402"
	"Term403" [label="Term"]
	"Expression402" -> "Term403"
	"Factor404" [label="Factor"]
	"Term403" -> "Factor404"
	"num405" [label="num",style=filled,fillcolor=powderblue]
	"Factor404" -> "num405"
	"Power406" [label="Power"]
	"Factor404" -> "Power406"
	"e407" [label="e"]
	"Power406" -> "e407"
	"RTerm408" [label="RTerm"]
	"Term403" -> "RTerm408"
	"e409" [label="e"]
	"RTerm408" -> "e409"
	"RExpression410" [label="RExpression"]
	"Expression402" -> "RExpression410"
	"e411" [label="e"]
	"RExpression410" -> "e411"
	"]412" [label="]",style=filled,fillcolor=powderblue]
	"Assignment399" -> "]412"
	"=413" [label="=",style=filled,fillcolor=powderblue]
	"Assignment399" -> "=413"
	"Expression414" [label="Expression"]
	"Assignment399" -> "Expression414"
	"Term415" [label="Term"]
	"Expression414" -> "Term415"
	"Factor416" [label="Factor"]
	"Term415" -> "Factor416"
	"num417" [label="num",style=filled,fillcolor=powderblue]
	"Factor416" -> "num417"
	"Power418" [label="Power"]
	"Factor416" -> "Power418"
	"e419" [label="e"]
	"Power418" -> "e419"
	"RTerm420" [label="RTerm"]
	"Term415" -> "RTerm420"
	"e421" [label="e"]
	"RTerm420" -> "e421"
	"RExpression422" [label="RExpression"]
	"Expression414" -> "RExpression422"
	"-423" [label="-",style=filled,fillcolor=powderblue]
	"RExpression422" -> "-423"
	"Expression424" [label="Expression"]
	"RExpression422" -> "Expression424"
	"Term425" [label="Term"]
	"Expression424" -> "Term425"
	"Factor426" [label="Factor"]
	"Term425" -> "Factor426"
	"(427" [label="(",style=filled,fillcolor=powderblue]
	"Factor426" -> "(427"
	"Expression428" [label="Expression"]
	"Factor426" -> "Expression428"
	"Term429" [label="Term"]
	"Expression428" -> "Term429"
	"Factor430" [label="Factor"]
	"Term429" -> "Factor430"
	"num431" [label="num",style=filled,fillcolor=powderblue]
	"Factor430" -> "num431"
	"Power432" [label="Power"]
	"Factor430" -> "Power432"
	"e433" [label="e"]
	"Power432" -> "e433"
	"RTerm434" [label="RTerm"]
	"Term429" -> "RTerm434"
	"e435" [label="e"]
	"RTerm434" -> "e435"
	"RExpression436" [label="RExpression"]
	"Expression428" -> "RExpression436"
	"-437" [label="-",style=filled,fillcolor=powderblue]
	"RExpression436" -> "-437"
	"Expression438" [label="Expression"]
	"RExpression436" -> "Expression438"
	"Term439" [label="Term"]
	"Expression438" -> "Term439"
	"Factor440" [label="Factor"]
	"Term439" -> "Factor440"
	"num441" [label="num",style=filled,fillcolor=powderblue]
	"Factor440" -> "num441"
	"Power442" [label="Power"]
	"Factor440" -> "Power442"
	"e443" [label="e"]
	"Power442" -> "e443"
	"RTerm444" [label="RTerm"]
	"Term439" -> "RTerm444"
	"e445" [label="e"]
	"RTerm444" -> "e445"
	"RExpression446" [label="RExpression"]
	"Expression438" -> "RExpression446"
	"e447" [label="e"]
	"RExpression446" -> "e447"
	")448" [label=")",style=filled,fillcolor=powderblue]
	"Factor426" -> ")448"
	"Power449" [label="Power"]
	"Factor426" -> "Power449"
	"e450" [label="e"]
	"Power449" -> "e450"
	"RTerm451" [label="RTerm"]
	"Term425" -> "RTerm451"
	"e452" [label="e"]
	"RTerm451" -> "e452"
	"RExpression453" [label="RExpression"]
	"Expression424" -> "RExpression453"
	"e454" [label="e"]
	"RExpression453" -> "e454"
	"Statements455" [label="Statements"]
	"Statements397" -> "Statements455"
	"Statement456" [label="Statement"]
	"Statements455" -> "Statement456"
	"Assignment457" [label="Assignment"]
	"Statement456" -> "Assignment457"
	"m458" [label="m",style=filled,fillcolor=powderblue]
	"Assignment457" -> "m458"
	"[459" [label="[",style=filled,fillcolor=powderblue]
	"Assignment457" -> "[459"
	"Expression460" [label="Expression"]
	"Assignment457" -> "Expression460"
	"Term461" [label="Term"]
	"Expression460" -> "Term461"
	"Factor462" [label="Factor"]
	"Term461" -> "Factor462"
	"num463" [label="num",style=filled,fillcolor=powderblue]
	"Factor462" -> "num463"
	"Power464" [label="Power"]
	"Factor462" -> "Power464"
	"e465" [label="e"]
	"Power464" -> "e465"
	"RTerm466" [label="RTerm"]
	"Term461" -> "RTerm466"
	"e467" [label="e"]
	"RTerm466" -> "e467"
	"RExpression468" [label="RExpression"]
	"Expression460" -> "RExpression468"
	"e469" [label="e"]
	"RExpression468" -> "e469"
	"]470" [label="]",style=filled,fillcolor=powderblue]
	"Assignment457" -> "]470"
	"=471" [label="=",style=filled,fillcolor=powderblue]
	"Assignment457" -> "=471"
	"Expression472" [label="Expression"]
	"Assignment457" -> "Expression472"
	"Term473" [label="Term"]
	"Expression472" -> "Term473"
	"Factor474" [label="Factor"]
	"Term473" -> "Factor474"
	"num475" [label="num",style=filled,fillcolor=powderblue]
	"Factor474" -> "num475"
	"Power476" [label="Power"]
	"Factor474" -> "Power476"
	"e477" [label="e"]
	"Power476" -> "e477"
	"RTerm478" [label="RTerm"]
	"Term473" -> "RTerm478"
	"e479" [label="e"]
	"RTerm478" -> "e479"
	"RExpression480" [label="RExpression"]
	"Expression472" -> "RExpression480"
	"-481" [label="-",style=filled,fillcolor=powderblue]
	"RExpression480" -> "-481"
	"Expression482" [label="Expression"]
	"RExpression480" -> "Expression482"
	"Term483" [label="Term"]
	"Expression482" -> "Term483"
	"Factor484" [label="Factor"]
	"Term483" -> "Factor484"
	"m485" [label="m",style=filled,fillcolor=powderblue]
	"Factor484" -> "m485"
	"[486" [label="[",style=filled,fillcolor=powderblue]
	"Factor484" -> "[486"
	"Expression487" [label="Expression"]
	"Factor484" -> "Expression487"
	"Term488" [label="Term"]
	"Expression487" -> "Term488"
	"Factor489" [label="Factor"]
	"Term488" -> "Factor489"
	"(490" [label="(",style=filled,fillcolor=powderblue]
	"Factor489" -> "(490"
	"Expression491" [label="Expression"]
	"Factor489" -> "Expression491"
	"Term492" [label="Term"]
	"Expression491" -> "Term492"
	"Factor493" [label="Factor"]
	"Term492" -> "Factor493"
	"num494" [label="num",style=filled,fillcolor=powderblue]
	"Factor493" -> "num494"
	"Power495" [label="Power"]
	"Factor493" -> "Power495"
	"e496" [label="e"]
	"Power495" -> "e496"
	"RTerm497" [label="RTerm"]
	"Term492" -> "RTerm497"
	"e498" [label="e"]
	"RTerm497" -> "e498"
	"RExpression499" [label="RExpression"]
	"Expression491" -> "RExpression499"
	"-500" [label="-",style=filled,fillcolor=powderblue]
	"RExpression499" -> "-500"
	"Expression501" [label="Expression"]
	"RExpression499" -> "Expression501"
	"Term502" [label="Term"]
	"Expression501" -> "Term502"
	"Factor503" [label="Factor"]
	"Term502" -> "Factor503"
	"num504" [label="num",style=filled,fillcolor=powderblue]
	"Factor503" -> "num504"
	"Power505" [label="Power"]
	"Factor503" -> "Power505"
	"e506" [label="e"]
	"Power505" -> "e506"
	"RTerm507" [label="RTerm"]
	"Term502" -> "RTerm507"
	"e508" [label="e"]
	"RTerm507" -> "e508"
	"RExpression509" [label="RExpression"]
	"Expression501" -> "RExpression509"
	"e510" [label="e"]
	"RExpression509" -> "e510"
	")511" [label=")",style=filled,fillcolor=powderblue]
	"Factor489" -> ")511"
	"Power512" [label="Power"]
	"Factor489" -> "Power512"
	"e513" [label="e"]
	"Power512" -> "e513"
	"RTerm514" [label="RTerm"]
	"Term488" -> "RTerm514"
	"e515" [label="e"]
	"RTerm514" -> "e515"
	"RExpression516" [label="RExpression"]
	"Expression487" -> "RExpression516"
	"e517" [label="e"]
	"RExpression516" -> "e517"
	"]518" [label="]",style=filled,fillcolor=powderblue]
	"Factor484" -> "]518"
	"Power519" [label="Power"]
	"Factor484" -> "Power519"
	"e520" [label="e"]
	"Power519" -> "e520"
	"RTerm521" [label="RTerm"]
	"Term483" -> "RTerm521"
	"e522" [label="e"]
	"RTerm521" -> "e522"
	"RExpression523" [label="RExpression"]
	"Expression482" -> "RExpression523"
	"e524" [label="e"]
	"RExpression523" -> "e524"
	"Statements525" [label="Statements"]
	"Statements455" -> "Statements525"
	"Statement526" [label="Statement"]
	"Statements525" -> "Statement526"
	"Print527" [label="Print"]
	"Statement526" -> "Print527"
	"print528" [label="print",style=filled,fillcolor=powderblue]
	"Print527" -> "print528"
	"Expression529" [label="Expression"]
	"Print527" -> "Expression529"
	"Term530" [label="Term"]
	"Expression529" -> "Term530"
	"Factor531" [label="Factor"]
	"Term530" -> "Factor531"
syntax error: found L in parsing Factor - line 12
