digraph G {
	"Start1" [label="Start"]
	"Statements2" [label="Statements"]
	"Start1" -> "Statements2"
	"Statement3" [label="Statement"]
	"Statements2" -> "Statement3"
	"Assignment4" [label="Assignment"]
	"Statement3" -> "Assignment4"
	"m5" [label="m",style=filled,fillcolor=powderblue]
	"Assignment4" -> "m5"
	"[6" [label="[",style=filled,fillcolor=powderblue]
	"Assignment4" -> "[6"
	"Expression7" [label="Expression"]
	"Assignment4" -> "Expression7"
	"Term8" [label="Term"]
	"Expression7" -> "Term8"
	"Factor9" [label="Factor"]
	"Term8" -> "Factor9"
	"num10" [label="num",style=filled,fillcolor=powderblue]
	"Factor9" -> "num10"
	"Power11" [label="Power"]
	"Factor9" -> "Power11"
	"e12" [label="e"]
	"Power11" -> "e12"
	"RTerm13" [label="RTerm"]
	"Term8" -> "RTerm13"
	"e14" [label="e"]
	"RTerm13" -> "e14"
	"RExpression15" [label="RExpression"]
	"Expression7" -> "RExpression15"
	"e16" [label="e"]
	"RExpression15" -> "e16"
	"]17" [label="]",style=filled,fillcolor=powderblue]
	"Assignment4" -> "]17"
	"=18" [label="=",style=filled,fillcolor=powderblue]
	"Assignment4" -> "=18"
	"Expression19" [label="Expression"]
	"Assignment4" -> "Expression19"
	"Term20" [label="Term"]
	"Expression19" -> "Term20"
	"Factor21" [label="Factor"]
	"Term20" -> "Factor21"
	"num22" [label="num",style=filled,fillcolor=powderblue]
	"Factor21" -> "num22"
	"Power23" [label="Power"]
	"Factor21" -> "Power23"
	"e24" [label="e"]
	"Power23" -> "e24"
	"RTerm25" [label="RTerm"]
	"Term20" -> "RTerm25"
	"/26" [label="/",style=filled,fillcolor=powderblue]
	"RTerm25" -> "/26"
	"Term27" [label="Term"]
	"RTerm25" -> "Term27"
	"Factor28" [label="Factor"]
	"Term27" -> "Factor28"
	"num29" [label="num",style=filled,fillcolor=powderblue]
	"Factor28" -> "num29"
	"Power30" [label="Power"]
	"Factor28" -> "Power30"
	"e31" [label="e"]
	"Power30" -> "e31"
	"RTerm32" [label="RTerm"]
	"Term27" -> "RTerm32"
	"*33" [label="*",style=filled,fillcolor=powderblue]
	"RTerm32" -> "*33"
	"Term34" [label="Term"]
	"RTerm32" -> "Term34"
	"Factor35" [label="Factor"]
	"Term34" -> "Factor35"
	"num36" [label="num",style=filled,fillcolor=powderblue]
	"Factor35" -> "num36"
	"Power37" [label="Power"]
	"Factor35" -> "Power37"
	"e38" [label="e"]
	"Power37" -> "e38"
	"RTerm39" [label="RTerm"]
	"Term34" -> "RTerm39"
	"e40" [label="e"]
	"RTerm39" -> "e40"
	"RExpression41" [label="RExpression"]
	"Expression19" -> "RExpression41"
	"e42" [label="e"]
	"RExpression41" -> "e42"
	"Statements43" [label="Statements"]
	"Statements2" -> "Statements43"
	"Statement44" [label="Statement"]
	"Statements43" -> "Statement44"
	"Assignment45" [label="Assignment"]
	"Statement44" -> "Assignment45"
	"m46" [label="m",style=filled,fillcolor=powderblue]
	"Assignment45" -> "m46"
	"[47" [label="[",style=filled,fillcolor=powderblue]
	"Assignment45" -> "[47"
	"Expression48" [label="Expression"]
	"Assignment45" -> "Expression48"
	"Term49" [label="Term"]
	"Expression48" -> "Term49"
	"Factor50" [label="Factor"]
	"Term49" -> "Factor50"
	"num51" [label="num",style=filled,fillcolor=powderblue]
	"Factor50" -> "num51"
	"Power52" [label="Power"]
	"Factor50" -> "Power52"
	"e53" [label="e"]
	"Power52" -> "e53"
	"RTerm54" [label="RTerm"]
	"Term49" -> "RTerm54"
	"e55" [label="e"]
	"RTerm54" -> "e55"
	"RExpression56" [label="RExpression"]
	"Expression48" -> "RExpression56"
	"e57" [label="e"]
	"RExpression56" -> "e57"
	"]58" [label="]",style=filled,fillcolor=powderblue]
	"Assignment45" -> "]58"
	"=59" [label="=",style=filled,fillcolor=powderblue]
	"Assignment45" -> "=59"
	"Expression60" [label="Expression"]
	"Assignment45" -> "Expression60"
	"Term61" [label="Term"]
	"Expression60" -> "Term61"
	"Factor62" [label="Factor"]
	"Term61" -> "Factor62"
	"num63" [label="num",style=filled,fillcolor=powderblue]
	"Factor62" -> "num63"
	"Power64" [label="Power"]
	"Factor62" -> "Power64"
	"e65" [label="e"]
	"Power64" -> "e65"
	"RTerm66" [label="RTerm"]
	"Term61" -> "RTerm66"
	"/67" [label="/",style=filled,fillcolor=powderblue]
	"RTerm66" -> "/67"
	"Term68" [label="Term"]
	"RTerm66" -> "Term68"
	"Factor69" [label="Factor"]
	"Term68" -> "Factor69"
	"num70" [label="num",style=filled,fillcolor=powderblue]
	"Factor69" -> "num70"
	"Power71" [label="Power"]
	"Factor69" -> "Power71"
	"e72" [label="e"]
	"Power71" -> "e72"
	"RTerm73" [label="RTerm"]
	"Term68" -> "RTerm73"
	"*74" [label="*",style=filled,fillcolor=powderblue]
	"RTerm73" -> "*74"
	"Term75" [label="Term"]
	"RTerm73" -> "Term75"
	"Factor76" [label="Factor"]
	"Term75" -> "Factor76"
	"num77" [label="num",style=filled,fillcolor=powderblue]
	"Factor76" -> "num77"
	"Power78" [label="Power"]
	"Factor76" -> "Power78"
	"e79" [label="e"]
	"Power78" -> "e79"
	"RTerm80" [label="RTerm"]
	"Term75" -> "RTerm80"
	"e81" [label="e"]
	"RTerm80" -> "e81"
	"RExpression82" [label="RExpression"]
	"Expression60" -> "RExpression82"
	"e83" [label="e"]
	"RExpression82" -> "e83"
	"Statements84" [label="Statements"]
	"Statements43" -> "Statements84"
	"Statement85" [label="Statement"]
	"Statements84" -> "Statement85"
	"Jump86" [label="Jump"]
	"Statement85" -> "Jump86"
	"goto87" [label="goto",style=filled,fillcolor=powderblue]
	"Jump86" -> "goto87"
	"num88" [label="num",style=filled,fillcolor=powderblue]
	"Jump86" -> "num88"
	"JumpIf89" [label="JumpIf"]
	"Jump86" -> "JumpIf89"
	"e90" [label="e"]
	"JumpIf89" -> "e90"
	"Statements91" [label="Statements"]
	"Statements84" -> "Statements91"
	"Statement92" [label="Statement"]
	"Statements91" -> "Statement92"
	"Assignment93" [label="Assignment"]
	"Statement92" -> "Assignment93"
	"m94" [label="m",style=filled,fillcolor=powderblue]
	"Assignment93" -> "m94"
	"[95" [label="[",style=filled,fillcolor=powderblue]
	"Assignment93" -> "[95"
	"Expression96" [label="Expression"]
	"Assignment93" -> "Expression96"
	"Term97" [label="Term"]
	"Expression96" -> "Term97"
	"Factor98" [label="Factor"]
	"Term97" -> "Factor98"
	"num99" [label="num",style=filled,fillcolor=powderblue]
	"Factor98" -> "num99"
	"Power100" [label="Power"]
	"Factor98" -> "Power100"
	"e101" [label="e"]
	"Power100" -> "e101"
	"RTerm102" [label="RTerm"]
	"Term97" -> "RTerm102"
	"e103" [label="e"]
	"RTerm102" -> "e103"
	"RExpression104" [label="RExpression"]
	"Expression96" -> "RExpression104"
	"e105" [label="e"]
	"RExpression104" -> "e105"
	"]106" [label="]",style=filled,fillcolor=powderblue]
	"Assignment93" -> "]106"
	"=107" [label="=",style=filled,fillcolor=powderblue]
	"Assignment93" -> "=107"
	"Expression108" [label="Expression"]
	"Assignment93" -> "Expression108"
	"Term109" [label="Term"]
	"Expression108" -> "Term109"
	"Factor110" [label="Factor"]
	"Term109" -> "Factor110"
	"num111" [label="num",style=filled,fillcolor=powderblue]
	"Factor110" -> "num111"
	"Power112" [label="Power"]
	"Factor110" -> "Power112"
	"e113" [label="e"]
	"Power112" -> "e113"
	"RTerm114" [label="RTerm"]
	"Term109" -> "RTerm114"
	"e115" [label="e"]
	"RTerm114" -> "e115"
	"RExpression116" [label="RExpression"]
	"Expression108" -> "RExpression116"
	"+117" [label="+",style=filled,fillcolor=powderblue]
	"RExpression116" -> "+117"
	"Expression118" [label="Expression"]
	"RExpression116" -> "Expression118"
	"Term119" [label="Term"]
	"Expression118" -> "Term119"
	"Factor120" [label="Factor"]
	"Term119" -> "Factor120"
	"m121" [label="m",style=filled,fillcolor=powderblue]
	"Factor120" -> "m121"
	"[122" [label="[",style=filled,fillcolor=powderblue]
	"Factor120" -> "[122"
	"Expression123" [label="Expression"]
	"Factor120" -> "Expression123"
	"Term124" [label="Term"]
	"Expression123" -> "Term124"
	"Factor125" [label="Factor"]
	"Term124" -> "Factor125"
	"num126" [label="num",style=filled,fillcolor=powderblue]
	"Factor125" -> "num126"
	"Power127" [label="Power"]
	"Factor125" -> "Power127"
	"e128" [label="e"]
	"Power127" -> "e128"
	"RTerm129" [label="RTerm"]
	"Term124" -> "RTerm129"
	"e130" [label="e"]
	"RTerm129" -> "e130"
	"RExpression131" [label="RExpression"]
	"Expression123" -> "RExpression131"
	"e132" [label="e"]
	"RExpression131" -> "e132"
	"]133" [label="]",style=filled,fillcolor=powderblue]
	"Factor120" -> "]133"
	"Power134" [label="Power"]
	"Factor120" -> "Power134"
	"e135" [label="e"]
	"Power134" -> "e135"
	"RTerm136" [label="RTerm"]
	"Term119" -> "RTerm136"
	"e137" [label="e"]
	"RTerm136" -> "e137"
	"RExpression138" [label="RExpression"]
	"Expression118" -> "RExpression138"
	"e139" [label="e"]
	"RExpression138" -> "e139"
	"Statements140" [label="Statements"]
	"Statements91" -> "Statements140"
	"Statement141" [label="Statement"]
	"Statements140" -> "Statement141"
	"Assignment142" [label="Assignment"]
	"Statement141" -> "Assignment142"
	"m143" [label="m",style=filled,fillcolor=powderblue]
	"Assignment142" -> "m143"
	"[144" [label="[",style=filled,fillcolor=powderblue]
	"Assignment142" -> "[144"
	"Expression145" [label="Expression"]
	"Assignment142" -> "Expression145"
	"Term146" [label="Term"]
	"Expression145" -> "Term146"
	"Factor147" [label="Factor"]
	"Term146" -> "Factor147"
	"num148" [label="num",style=filled,fillcolor=powderblue]
	"Factor147" -> "num148"
	"Power149" [label="Power"]
	"Factor147" -> "Power149"
	"e150" [label="e"]
	"Power149" -> "e150"
	"RTerm151" [label="RTerm"]
	"Term146" -> "RTerm151"
	"e152" [label="e"]
	"RTerm151" -> "e152"
	"RExpression153" [label="RExpression"]
	"Expression145" -> "RExpression153"
	"e154" [label="e"]
	"RExpression153" -> "e154"
	"]155" [label="]",style=filled,fillcolor=powderblue]
	"Assignment142" -> "]155"
	"=156" [label="=",style=filled,fillcolor=powderblue]
	"Assignment142" -> "=156"
	"Expression157" [label="Expression"]
	"Assignment142" -> "Expression157"
	"Term158" [label="Term"]
	"Expression157" -> "Term158"
	"Factor159" [label="Factor"]
	"Term158" -> "Factor159"
	"num160" [label="num",style=filled,fillcolor=powderblue]
	"Factor159" -> "num160"
	"Power161" [label="Power"]
	"Factor159" -> "Power161"
	"e162" [label="e"]
	"Power161" -> "e162"
	"RTerm163" [label="RTerm"]
	"Term158" -> "RTerm163"
	"e164" [label="e"]
	"RTerm163" -> "e164"
	"RExpression165" [label="RExpression"]
	"Expression157" -> "RExpression165"
	"-166" [label="-",style=filled,fillcolor=powderblue]
	"RExpression165" -> "-166"
	"Expression167" [label="Expression"]
	"RExpression165" -> "Expression167"
	"Term168" [label="Term"]
	"Expression167" -> "Term168"
	"Factor169" [label="Factor"]
	"Term168" -> "Factor169"
	"m170" [label="m",style=filled,fillcolor=powderblue]
	"Factor169" -> "m170"
	"[171" [label="[",style=filled,fillcolor=powderblue]
	"Factor169" -> "[171"
	"Expression172" [label="Expression"]
	"Factor169" -> "Expression172"
	"Term173" [label="Term"]
	"Expression172" -> "Term173"
	"Factor174" [label="Factor"]
	"Term173" -> "Factor174"
	"num175" [label="num",style=filled,fillcolor=powderblue]
	"Factor174" -> "num175"
	"Power176" [label="Power"]
	"Factor174" -> "Power176"
	"**177" [label="**",style=filled,fillcolor=powderblue]
	"Power176" -> "**177"
	"Factor178" [label="Factor"]
	"Power176" -> "Factor178"
	"num179" [label="num",style=filled,fillcolor=powderblue]
	"Factor178" -> "num179"
	"Power180" [label="Power"]
	"Factor178" -> "Power180"
	"e181" [label="e"]
	"Power180" -> "e181"
	"RTerm182" [label="RTerm"]
	"Term173" -> "RTerm182"
	"*183" [label="*",style=filled,fillcolor=powderblue]
	"RTerm182" -> "*183"
	"Term184" [label="Term"]
	"RTerm182" -> "Term184"
	"Factor185" [label="Factor"]
	"Term184" -> "Factor185"
	"num186" [label="num",style=filled,fillcolor=powderblue]
	"Factor185" -> "num186"
	"Power187" [label="Power"]
	"Factor185" -> "Power187"
	"e188" [label="e"]
	"Power187" -> "e188"
	"RTerm189" [label="RTerm"]
	"Term184" -> "RTerm189"
	"e190" [label="e"]
	"RTerm189" -> "e190"
	"RExpression191" [label="RExpression"]
	"Expression172" -> "RExpression191"
	"-192" [label="-",style=filled,fillcolor=powderblue]
	"RExpression191" -> "-192"
	"Expression193" [label="Expression"]
	"RExpression191" -> "Expression193"
	"Term194" [label="Term"]
	"Expression193" -> "Term194"
	"Factor195" [label="Factor"]
	"Term194" -> "Factor195"
	"num196" [label="num",style=filled,fillcolor=powderblue]
	"Factor195" -> "num196"
	"Power197" [label="Power"]
	"Factor195" -> "Power197"
	"e198" [label="e"]
	"Power197" -> "e198"
	"RTerm199" [label="RTerm"]
	"Term194" -> "RTerm199"
	"e200" [label="e"]
	"RTerm199" -> "e200"
	"RExpression201" [label="RExpression"]
	"Expression193" -> "RExpression201"
	"e202" [label="e"]
	"RExpression201" -> "e202"
	"]203" [label="]",style=filled,fillcolor=powderblue]
	"Factor169" -> "]203"
	"Power204" [label="Power"]
	"Factor169" -> "Power204"
	"e205" [label="e"]
	"Power204" -> "e205"
	"RTerm206" [label="RTerm"]
	"Term168" -> "RTerm206"
	"e207" [label="e"]
	"RTerm206" -> "e207"
	"RExpression208" [label="RExpression"]
	"Expression167" -> "RExpression208"
	"-209" [label="-",style=filled,fillcolor=powderblue]
	"RExpression208" -> "-209"
	"Expression210" [label="Expression"]
	"RExpression208" -> "Expression210"
	"Term211" [label="Term"]
	"Expression210" -> "Term211"
	"Factor212" [label="Factor"]
	"Term211" -> "Factor212"
	"num213" [label="num",style=filled,fillcolor=powderblue]
	"Factor212" -> "num213"
	"Power214" [label="Power"]
	"Factor212" -> "Power214"
	"e215" [label="e"]
	"Power214" -> "e215"
	"RTerm216" [label="RTerm"]
	"Term211" -> "RTerm216"
	"e217" [label="e"]
	"RTerm216" -> "e217"
	"RExpression218" [label="RExpression"]
	"Expression210" -> "RExpression218"
	"e219" [label="e"]
	"RExpression218" -> "e219"
	"Statements220" [label="Statements"]
	"Statements140" -> "Statements220"
	"Statement221" [label="Statement"]
	"Statements220" -> "Statement221"
	"Label222" [label="Label"]
	"Statement221" -> "Label222"
	"L223" [label="L",style=filled,fillcolor=powderblue]
	"Label222" -> "L223"
	"num224" [label="num",style=filled,fillcolor=powderblue]
	"Label222" -> "num224"
	":225" [label=":",style=filled,fillcolor=powderblue]
	"Label222" -> ":225"
	"Statements226" [label="Statements"]
	"Statements220" -> "Statements226"
	"Statement227" [label="Statement"]
	"Statements226" -> "Statement227"
	"Assignment228" [label="Assignment"]
	"Statement227" -> "Assignment228"
	"m229" [label="m",style=filled,fillcolor=powderblue]
	"Assignment228" -> "m229"
	"[230" [label="[",style=filled,fillcolor=powderblue]
	"Assignment228" -> "[230"
	"Expression231" [label="Expression"]
	"Assignment228" -> "Expression231"
	"Term232" [label="Term"]
	"Expression231" -> "Term232"
	"Factor233" [label="Factor"]
	"Term232" -> "Factor233"
	"num234" [label="num",style=filled,fillcolor=powderblue]
	"Factor233" -> "num234"
	"Power235" [label="Power"]
	"Factor233" -> "Power235"
	"e236" [label="e"]
	"Power235" -> "e236"
	"RTerm237" [label="RTerm"]
	"Term232" -> "RTerm237"
	"e238" [label="e"]
	"RTerm237" -> "e238"
	"RExpression239" [label="RExpression"]
	"Expression231" -> "RExpression239"
	"e240" [label="e"]
	"RExpression239" -> "e240"
	"]241" [label="]",style=filled,fillcolor=powderblue]
	"Assignment228" -> "]241"
	"=242" [label="=",style=filled,fillcolor=powderblue]
	"Assignment228" -> "=242"
	"Expression243" [label="Expression"]
	"Assignment228" -> "Expression243"
	"Term244" [label="Term"]
	"Expression243" -> "Term244"
	"Factor245" [label="Factor"]
	"Term244" -> "Factor245"
	"num246" [label="num",style=filled,fillcolor=powderblue]
	"Factor245" -> "num246"
	"Power247" [label="Power"]
	"Factor245" -> "Power247"
	"e248" [label="e"]
	"Power247" -> "e248"
	"RTerm249" [label="RTerm"]
	"Term244" -> "RTerm249"
	"e250" [label="e"]
	"RTerm249" -> "e250"
	"RExpression251" [label="RExpression"]
	"Expression243" -> "RExpression251"
	"-252" [label="-",style=filled,fillcolor=powderblue]
	"RExpression251" -> "-252"
	"Expression253" [label="Expression"]
	"RExpression251" -> "Expression253"
	"Term254" [label="Term"]
	"Expression253" -> "Term254"
	"Factor255" [label="Factor"]
	"Term254" -> "Factor255"
	"(256" [label="(",style=filled,fillcolor=powderblue]
	"Factor255" -> "(256"
	"Expression257" [label="Expression"]
	"Factor255" -> "Expression257"
	"Term258" [label="Term"]
	"Expression257" -> "Term258"
	"Factor259" [label="Factor"]
	"Term258" -> "Factor259"
	"m260" [label="m",style=filled,fillcolor=powderblue]
	"Factor259" -> "m260"
	"[261" [label="[",style=filled,fillcolor=powderblue]
	"Factor259" -> "[261"
	"Expression262" [label="Expression"]
	"Factor259" -> "Expression262"
	"Term263" [label="Term"]
	"Expression262" -> "Term263"
	"Factor264" [label="Factor"]
	"Term263" -> "Factor264"
	"num265" [label="num",style=filled,fillcolor=powderblue]
	"Factor264" -> "num265"
	"Power266" [label="Power"]
	"Factor264" -> "Power266"
	"e267" [label="e"]
	"Power266" -> "e267"
	"RTerm268" [label="RTerm"]
	"Term263" -> "RTerm268"
	"e269" [label="e"]
	"RTerm268" -> "e269"
	"RExpression270" [label="RExpression"]
	"Expression262" -> "RExpression270"
	"e271" [label="e"]
	"RExpression270" -> "e271"
	"]272" [label="]",style=filled,fillcolor=powderblue]
	"Factor259" -> "]272"
	"Power273" [label="Power"]
	"Factor259" -> "Power273"
	"e274" [label="e"]
	"Power273" -> "e274"
	"RTerm275" [label="RTerm"]
	"Term258" -> "RTerm275"
	"e276" [label="e"]
	"RTerm275" -> "e276"
	"RExpression277" [label="RExpression"]
	"Expression257" -> "RExpression277"
	"-278" [label="-",style=filled,fillcolor=powderblue]
	"RExpression277" -> "-278"
	"Expression279" [label="Expression"]
	"RExpression277" -> "Expression279"
	"Term280" [label="Term"]
	"Expression279" -> "Term280"
	"Factor281" [label="Factor"]
	"Term280" -> "Factor281"
	"num282" [label="num",style=filled,fillcolor=powderblue]
	"Factor281" -> "num282"
	"Power283" [label="Power"]
	"Factor281" -> "Power283"
	"e284" [label="e"]
	"Power283" -> "e284"
	"RTerm285" [label="RTerm"]
	"Term280" -> "RTerm285"
	"e286" [label="e"]
	"RTerm285" -> "e286"
	"RExpression287" [label="RExpression"]
	"Expression279" -> "RExpression287"
	"e288" [label="e"]
	"RExpression287" -> "e288"
	")289" [label=")",style=filled,fillcolor=powderblue]
	"Factor255" -> ")289"
	"Power290" [label="Power"]
	"Factor255" -> "Power290"
	"e291" [label="e"]
	"Power290" -> "e291"
	"RTerm292" [label="RTerm"]
	"Term254" -> "RTerm292"
	"e293" [label="e"]
	"RTerm292" -> "e293"
	"RExpression294" [label="RExpression"]
	"Expression253" -> "RExpression294"
	"e295" [label="e"]
	"RExpression294" -> "e295"
	"Statements296" [label="Statements"]
	"Statements226" -> "Statements296"
	"Statement297" [label="Statement"]
	"Statements296" -> "Statement297"
	"Assignment298" [label="Assignment"]
	"Statement297" -> "Assignment298"
	"m299" [label="m",style=filled,fillcolor=powderblue]
	"Assignment298" -> "m299"
	"[300" [label="[",style=filled,fillcolor=powderblue]
	"Assignment298" -> "[300"
	"Expression301" [label="Expression"]
	"Assignment298" -> "Expression301"
	"Term302" [label="Term"]
	"Expression301" -> "Term302"
	"Factor303" [label="Factor"]
	"Term302" -> "Factor303"
	"num304" [label="num",style=filled,fillcolor=powderblue]
	"Factor303" -> "num304"
	"Power305" [label="Power"]
	"Factor303" -> "Power305"
	"e306" [label="e"]
	"Power305" -> "e306"
	"RTerm307" [label="RTerm"]
	"Term302" -> "RTerm307"
	"e308" [label="e"]
	"RTerm307" -> "e308"
	"RExpression309" [label="RExpression"]
	"Expression301" -> "RExpression309"
	"e310" [label="e"]
	"RExpression309" -> "e310"
	"]311" [label="]",style=filled,fillcolor=powderblue]
	"Assignment298" -> "]311"
	"=312" [label="=",style=filled,fillcolor=powderblue]
	"Assignment298" -> "=312"
	"Expression313" [label="Expression"]
	"Assignment298" -> "Expression313"
	"Term314" [label="Term"]
	"Expression313" -> "Term314"
	"Factor315" [label="Factor"]
	"Term314" -> "Factor315"
	"num316" [label="num",style=filled,fillcolor=powderblue]
	"Factor315" -> "num316"
	"Power317" [label="Power"]
	"Factor315" -> "Power317"
	"e318" [label="e"]
	"Power317" -> "e318"
	"RTerm319" [label="RTerm"]
	"Term314" -> "RTerm319"
	"e320" [label="e"]
	"RTerm319" -> "e320"
	"RExpression321" [label="RExpression"]
	"Expression313" -> "RExpression321"
	"+322" [label="+",style=filled,fillcolor=powderblue]
	"RExpression321" -> "+322"
	"Expression323" [label="Expression"]
	"RExpression321" -> "Expression323"
	"Term324" [label="Term"]
	"Expression323" -> "Term324"
	"Factor325" [label="Factor"]
	"Term324" -> "Factor325"
	"m326" [label="m",style=filled,fillcolor=powderblue]
	"Factor325" -> "m326"
	"[327" [label="[",style=filled,fillcolor=powderblue]
	"Factor325" -> "[327"
	"Expression328" [label="Expression"]
	"Factor325" -> "Expression328"
	"Term329" [label="Term"]
	"Expression328" -> "Term329"
	"Factor330" [label="Factor"]
	"Term329" -> "Factor330"
	"num331" [label="num",style=filled,fillcolor=powderblue]
	"Factor330" -> "num331"
	"Power332" [label="Power"]
	"Factor330" -> "Power332"
	"e333" [label="e"]
	"Power332" -> "e333"
	"RTerm334" [label="RTerm"]
	"Term329" -> "RTerm334"
	"e335" [label="e"]
	"RTerm334" -> "e335"
	"RExpression336" [label="RExpression"]
	"Expression328" -> "RExpression336"
	"e337" [label="e"]
	"RExpression336" -> "e337"
	"]338" [label="]",style=filled,fillcolor=powderblue]
	"Factor325" -> "]338"
	"Power339" [label="Power"]
	"Factor325" -> "Power339"
	"e340" [label="e"]
	"Power339" -> "e340"
	"RTerm341" [label="RTerm"]
	"Term324" -> "RTerm341"
	"e342" [label="e"]
	"RTerm341" -> "e342"
	"RExpression343" [label="RExpression"]
	"Expression323" -> "RExpression343"
	"e344" [label="e"]
	"RExpression343" -> "e344"
	"Statements345" [label="Statements"]
	"Statements296" -> "Statements345"
	"Statement346" [label="Statement"]
	"Statements345" -> "Statement346"
	"Assignment347" [label="Assignment"]
	"Statement346" -> "Assignment347"
	"m348" [label="m",style=filled,fillcolor=powderblue]
	"Assignment347" -> "m348"
	"[349" [label="[",style=filled,fillcolor=powderblue]
	"Assignment347" -> "[349"
	"Expression350" [label="Expression"]
	"Assignment347" -> "Expression350"
	"Term351" [label="Term"]
	"Expression350" -> "Term351"
	"Factor352" [label="Factor"]
	"Term351" -> "Factor352"
	"num353" [label="num",style=filled,fillcolor=powderblue]
	"Factor352" -> "num353"
	"Power354" [label="Power"]
	"Factor352" -> "Power354"
	"e355" [label="e"]
	"Power354" -> "e355"
	"RTerm356" [label="RTerm"]
	"Term351" -> "RTerm356"
	"e357" [label="e"]
	"RTerm356" -> "e357"
	"RExpression358" [label="RExpression"]
	"Expression350" -> "RExpression358"
	"e359" [label="e"]
	"RExpression358" -> "e359"
	"]360" [label="]",style=filled,fillcolor=powderblue]
	"Assignment347" -> "]360"
	"=361" [label="=",style=filled,fillcolor=powderblue]
	"Assignment347" -> "=361"
	"Expression362" [label="Expression"]
	"Assignment347" -> "Expression362"
	"Term363" [label="Term"]
	"Expression362" -> "Term363"
	"Factor364" [label="Factor"]
	"Term363" -> "Factor364"
	"num365" [label="num",style=filled,fillcolor=powderblue]
	"Factor364" -> "num365"
	"Power366" [label="Power"]
	"Factor364" -> "Power366"
	"e367" [label="e"]
	"Power366" -> "e367"
	"RTerm368" [label="RTerm"]
	"Term363" -> "RTerm368"
	"e369" [label="e"]
	"RTerm368" -> "e369"
	"RExpression370" [label="RExpression"]
	"Expression362" -> "RExpression370"
	"-371" [label="-",style=filled,fillcolor=powderblue]
	"RExpression370" -> "-371"
	"Expression372" [label="Expression"]
	"RExpression370" -> "Expression372"
	"Term373" [label="Term"]
	"Expression372" -> "Term373"
	"Factor374" [label="Factor"]
	"Term373" -> "Factor374"
	"m375" [label="m",style=filled,fillcolor=powderblue]
	"Factor374" -> "m375"
	"[376" [label="[",style=filled,fillcolor=powderblue]
	"Factor374" -> "[376"
	"Expression377" [label="Expression"]
	"Factor374" -> "Expression377"
	"Term378" [label="Term"]
	"Expression377" -> "Term378"
	"Factor379" [label="Factor"]
	"Term378" -> "Factor379"
	"num380" [label="num",style=filled,fillcolor=powderblue]
	"Factor379" -> "num380"
	"Power381" [label="Power"]
	"Factor379" -> "Power381"
	"e382" [label="e"]
	"Power381" -> "e382"
	"RTerm383" [label="RTerm"]
	"Term378" -> "RTerm383"
	"e384" [label="e"]
	"RTerm383" -> "e384"
	"RExpression385" [label="RExpression"]
	"Expression377" -> "RExpression385"
	"-386" [label="-",style=filled,fillcolor=powderblue]
	"RExpression385" -> "-386"
	"Expression387" [label="Expression"]
	"RExpression385" -> "Expression387"
	"Term388" [label="Term"]
	"Expression387" -> "Term388"
	"Factor389" [label="Factor"]
	"Term388" -> "Factor389"
	"num390" [label="num",style=filled,fillcolor=powderblue]
	"Factor389" -> "num390"
	"Power391" [label="Power"]
	"Factor389" -> "Power391"
	"e392" [label="e"]
	"Power391" -> "e392"
	"RTerm393" [label="RTerm"]
	"Term388" -> "RTerm393"
	"e394" [label="e"]
	"RTerm393" -> "e394"
	"RExpression395" [label="RExpression"]
	"Expression387" -> "RExpression395"
	"e396" [label="e"]
	"RExpression395" -> "e396"
	"]397" [label="]",style=filled,fillcolor=powderblue]
	"Factor374" -> "]397"
	"Power398" [label="Power"]
	"Factor374" -> "Power398"
	"e399" [label="e"]
	"Power398" -> "e399"
	"RTerm400" [label="RTerm"]
	"Term373" -> "RTerm400"
	"e401" [label="e"]
	"RTerm400" -> "e401"
	"RExpression402" [label="RExpression"]
	"Expression372" -> "RExpression402"
	"e403" [label="e"]
	"RExpression402" -> "e403"
	"Statements404" [label="Statements"]
	"Statements345" -> "Statements404"
	"Statement405" [label="Statement"]
	"Statements404" -> "Statement405"
	"Assignment406" [label="Assignment"]
	"Statement405" -> "Assignment406"
	"m407" [label="m",style=filled,fillcolor=powderblue]
	"Assignment406" -> "m407"
	"[408" [label="[",style=filled,fillcolor=powderblue]
	"Assignment406" -> "[408"
	"Expression409" [label="Expression"]
	"Assignment406" -> "Expression409"
	"Term410" [label="Term"]
	"Expression409" -> "Term410"
	"Factor411" [label="Factor"]
	"Term410" -> "Factor411"
	"num412" [label="num",style=filled,fillcolor=powderblue]
	"Factor411" -> "num412"
	"Power413" [label="Power"]
	"Factor411" -> "Power413"
	"e414" [label="e"]
	"Power413" -> "e414"
	"RTerm415" [label="RTerm"]
	"Term410" -> "RTerm415"
	"e416" [label="e"]
	"RTerm415" -> "e416"
	"RExpression417" [label="RExpression"]
	"Expression409" -> "RExpression417"
	"e418" [label="e"]
	"RExpression417" -> "e418"
	"]419" [label="]",style=filled,fillcolor=powderblue]
	"Assignment406" -> "]419"
	"=420" [label="=",style=filled,fillcolor=powderblue]
	"Assignment406" -> "=420"
	"Expression421" [label="Expression"]
	"Assignment406" -> "Expression421"
	"Term422" [label="Term"]
	"Expression421" -> "Term422"
	"Factor423" [label="Factor"]
	"Term422" -> "Factor423"
	"num424" [label="num",style=filled,fillcolor=powderblue]
	"Factor423" -> "num424"
	"Power425" [label="Power"]
	"Factor423" -> "Power425"
	"e426" [label="e"]
	"Power425" -> "e426"
	"RTerm427" [label="RTerm"]
	"Term422" -> "RTerm427"
	"e428" [label="e"]
	"RTerm427" -> "e428"
	"RExpression429" [label="RExpression"]
	"Expression421" -> "RExpression429"
	"-430" [label="-",style=filled,fillcolor=powderblue]
	"RExpression429" -> "-430"
	"Expression431" [label="Expression"]
	"RExpression429" -> "Expression431"
	"Term432" [label="Term"]
	"Expression431" -> "Term432"
	"Factor433" [label="Factor"]
	"Term432" -> "Factor433"
	"(434" [label="(",style=filled,fillcolor=powderblue]
	"Factor433" -> "(434"
	"Expression435" [label="Expression"]
	"Factor433" -> "Expression435"
	"Term436" [label="Term"]
	"Expression435" -> "Term436"
	"Factor437" [label="Factor"]
	"Term436" -> "Factor437"
	"num438" [label="num",style=filled,fillcolor=powderblue]
	"Factor437" -> "num438"
	"Power439" [label="Power"]
	"Factor437" -> "Power439"
	"e440" [label="e"]
	"Power439" -> "e440"
	"RTerm441" [label="RTerm"]
	"Term436" -> "RTerm441"
	"e442" [label="e"]
	"RTerm441" -> "e442"
	"RExpression443" [label="RExpression"]
	"Expression435" -> "RExpression443"
	"-444" [label="-",style=filled,fillcolor=powderblue]
	"RExpression443" -> "-444"
	"Expression445" [label="Expression"]
	"RExpression443" -> "Expression445"
	"Term446" [label="Term"]
	"Expression445" -> "Term446"
	"Factor447" [label="Factor"]
	"Term446" -> "Factor447"
	"num448" [label="num",style=filled,fillcolor=powderblue]
	"Factor447" -> "num448"
	"Power449" [label="Power"]
	"Factor447" -> "Power449"
	"e450" [label="e"]
	"Power449" -> "e450"
	"RTerm451" [label="RTerm"]
	"Term446" -> "RTerm451"
	"e452" [label="e"]
	"RTerm451" -> "e452"
	"RExpression453" [label="RExpression"]
	"Expression445" -> "RExpression453"
	"e454" [label="e"]
	"RExpression453" -> "e454"
	")455" [label=")",style=filled,fillcolor=powderblue]
	"Factor433" -> ")455"
	"Power456" [label="Power"]
	"Factor433" -> "Power456"
	"e457" [label="e"]
	"Power456" -> "e457"
	"RTerm458" [label="RTerm"]
	"Term432" -> "RTerm458"
	"/459" [label="/",style=filled,fillcolor=powderblue]
	"RTerm458" -> "/459"
	"Term460" [label="Term"]
	"RTerm458" -> "Term460"
	"Factor461" [label="Factor"]
	"Term460" -> "Factor461"
	"m462" [label="m",style=filled,fillcolor=powderblue]
	"Factor461" -> "m462"
	"[463" [label="[",style=filled,fillcolor=powderblue]
	"Factor461" -> "[463"
	"Expression464" [label="Expression"]
	"Factor461" -> "Expression464"
	"Term465" [label="Term"]
	"Expression464" -> "Term465"
	"Factor466" [label="Factor"]
	"Term465" -> "Factor466"
	"num467" [label="num",style=filled,fillcolor=powderblue]
	"Factor466" -> "num467"
	"Power468" [label="Power"]
	"Factor466" -> "Power468"
	"e469" [label="e"]
	"Power468" -> "e469"
	"RTerm470" [label="RTerm"]
	"Term465" -> "RTerm470"
	"e471" [label="e"]
	"RTerm470" -> "e471"
	"RExpression472" [label="RExpression"]
	"Expression464" -> "RExpression472"
	"e473" [label="e"]
	"RExpression472" -> "e473"
	"]474" [label="]",style=filled,fillcolor=powderblue]
	"Factor461" -> "]474"
	"Power475" [label="Power"]
	"Factor461" -> "Power475"
	"e476" [label="e"]
	"Power475" -> "e476"
	"RTerm477" [label="RTerm"]
	"Term460" -> "RTerm477"
	"e478" [label="e"]
	"RTerm477" -> "e478"
	"RExpression479" [label="RExpression"]
	"Expression431" -> "RExpression479"
	"e480" [label="e"]
	"RExpression479" -> "e480"
	"Statements481" [label="Statements"]
	"Statements404" -> "Statements481"
	"Statement482" [label="Statement"]
	"Statements481" -> "Statement482"
syntax error: found = in parsing Start - line 11
