digraph G {
	"Start1" [label="Start"]
	"Statement2" [label="Statement"]
	"Start1" -> "Statement2"
	"Assignment3" [label="Assignment"]
	"Statement2" -> "Assignment3"
	"m4" [label="m",style=filled,fillcolor=powderblue]
	"Assignment3" -> "m4"
	"[5" [label="[",style=filled,fillcolor=powderblue]
	"Assignment3" -> "[5"
	"Expression6" [label="Expression"]
	"Assignment3" -> "Expression6"
	"Term7" [label="Term"]
	"Expression6" -> "Term7"
	"Power8" [label="Power"]
	"Term7" -> "Power8"
	"Factor9" [label="Factor"]
	"Power8" -> "Factor9"
	"num10" [label="num",style=filled,fillcolor=powderblue]
	"Factor9" -> "num10"
	"Power211" [label="Power2"]
	"Power8" -> "Power211"
	"Term212" [label="Term2"]
	"Term7" -> "Term212"
	"Expression213" [label="Expression2"]
	"Expression6" -> "Expression213"
	"]14" [label="]",style=filled,fillcolor=powderblue]
	"Assignment3" -> "]14"
	"=15" [label="=",style=filled,fillcolor=powderblue]
	"Assignment3" -> "=15"
	"Expression16" [label="Expression"]
	"Assignment3" -> "Expression16"
	"Term17" [label="Term"]
	"Expression16" -> "Term17"
	"Power18" [label="Power"]
	"Term17" -> "Power18"
	"Factor19" [label="Factor"]
	"Power18" -> "Factor19"
	"num20" [label="num",style=filled,fillcolor=powderblue]
	"Factor19" -> "num20"
	"Power221" [label="Power2"]
	"Power18" -> "Power221"
	"Term222" [label="Term2"]
	"Term17" -> "Term222"
	"Expression223" [label="Expression2"]
	"Expression16" -> "Expression223"
	"+24" [label="+",style=filled,fillcolor=powderblue]
	"Expression223" -> "+24"
	"Expression25" [label="Expression"]
	"Expression223" -> "Expression25"
	"Term26" [label="Term"]
	"Expression25" -> "Term26"
	"Power27" [label="Power"]
	"Term26" -> "Power27"
	"Factor28" [label="Factor"]
	"Power27" -> "Factor28"
	"num29" [label="num",style=filled,fillcolor=powderblue]
	"Factor28" -> "num29"
	"Power230" [label="Power2"]
	"Power27" -> "Power230"
	"Term231" [label="Term2"]
	"Term26" -> "Term231"
	"Expression232" [label="Expression2"]
	"Expression25" -> "Expression232"
	"Start33" [label="Start"]
	"Start1" -> "Start33"
	"Statement34" [label="Statement"]
	"Start33" -> "Statement34"
	"Assignment35" [label="Assignment"]
	"Statement34" -> "Assignment35"
	"m36" [label="m",style=filled,fillcolor=powderblue]
	"Assignment35" -> "m36"
	"[37" [label="[",style=filled,fillcolor=powderblue]
	"Assignment35" -> "[37"
	"Expression38" [label="Expression"]
	"Assignment35" -> "Expression38"
	"Term39" [label="Term"]
	"Expression38" -> "Term39"
	"Power40" [label="Power"]
	"Term39" -> "Power40"
	"Factor41" [label="Factor"]
	"Power40" -> "Factor41"
	"num42" [label="num",style=filled,fillcolor=powderblue]
	"Factor41" -> "num42"
	"Power243" [label="Power2"]
	"Power40" -> "Power243"
	"Term244" [label="Term2"]
	"Term39" -> "Term244"
	"Expression245" [label="Expression2"]
	"Expression38" -> "Expression245"
	"]46" [label="]",style=filled,fillcolor=powderblue]
	"Assignment35" -> "]46"
	"=47" [label="=",style=filled,fillcolor=powderblue]
	"Assignment35" -> "=47"
	"Expression48" [label="Expression"]
	"Assignment35" -> "Expression48"
	"Term49" [label="Term"]
	"Expression48" -> "Term49"
	"Power50" [label="Power"]
	"Term49" -> "Power50"
	"Factor51" [label="Factor"]
	"Power50" -> "Factor51"
	"num52" [label="num",style=filled,fillcolor=powderblue]
	"Factor51" -> "num52"
	"Power253" [label="Power2"]
	"Power50" -> "Power253"
	"Term254" [label="Term2"]
	"Term49" -> "Term254"
	"Expression255" [label="Expression2"]
	"Expression48" -> "Expression255"
	"-56" [label="-",style=filled,fillcolor=powderblue]
	"Expression255" -> "-56"
	"Expression57" [label="Expression"]
	"Expression255" -> "Expression57"
	"Term58" [label="Term"]
	"Expression57" -> "Term58"
	"Power59" [label="Power"]
	"Term58" -> "Power59"
	"Factor60" [label="Factor"]
	"Power59" -> "Factor60"
	"(61" [label="(",style=filled,fillcolor=powderblue]
	"Factor60" -> "(61"
	"Expression62" [label="Expression"]
	"Factor60" -> "Expression62"
	"Term63" [label="Term"]
	"Expression62" -> "Term63"
	"Power64" [label="Power"]
	"Term63" -> "Power64"
	"Factor65" [label="Factor"]
	"Power64" -> "Factor65"
	"m66" [label="m",style=filled,fillcolor=powderblue]
	"Factor65" -> "m66"
	"[67" [label="[",style=filled,fillcolor=powderblue]
	"Factor65" -> "[67"
	"Expression68" [label="Expression"]
	"Factor65" -> "Expression68"
	"Term69" [label="Term"]
	"Expression68" -> "Term69"
	"Power70" [label="Power"]
	"Term69" -> "Power70"
	"Factor71" [label="Factor"]
	"Power70" -> "Factor71"
	"num72" [label="num",style=filled,fillcolor=powderblue]
	"Factor71" -> "num72"
	"Power273" [label="Power2"]
	"Power70" -> "Power273"
	"Term274" [label="Term2"]
	"Term69" -> "Term274"
	"Expression275" [label="Expression2"]
	"Expression68" -> "Expression275"
	"]76" [label="]",style=filled,fillcolor=powderblue]
	"Factor65" -> "]76"
	"Power277" [label="Power2"]
	"Power64" -> "Power277"
	"Term278" [label="Term2"]
	"Term63" -> "Term278"
	"Expression279" [label="Expression2"]
	"Expression62" -> "Expression279"
	"-80" [label="-",style=filled,fillcolor=powderblue]
	"Expression279" -> "-80"
	"Expression81" [label="Expression"]
	"Expression279" -> "Expression81"
	"Term82" [label="Term"]
	"Expression81" -> "Term82"
	"Power83" [label="Power"]
	"Term82" -> "Power83"
	"Factor84" [label="Factor"]
	"Power83" -> "Factor84"
	"num85" [label="num",style=filled,fillcolor=powderblue]
	"Factor84" -> "num85"
	"Power286" [label="Power2"]
	"Power83" -> "Power286"
	"Term287" [label="Term2"]
	"Term82" -> "Term287"
	"Expression288" [label="Expression2"]
	"Expression81" -> "Expression288"
	")89" [label=")",style=filled,fillcolor=powderblue]
	"Factor60" -> ")89"
	"Power290" [label="Power2"]
	"Power59" -> "Power290"
	"Term291" [label="Term2"]
	"Term58" -> "Term291"
	"Expression292" [label="Expression2"]
	"Expression57" -> "Expression292"
	"Start93" [label="Start"]
	"Start33" -> "Start93"
	"Statement94" [label="Statement"]
	"Start93" -> "Statement94"
	"Assignment95" [label="Assignment"]
	"Statement94" -> "Assignment95"
	"m96" [label="m",style=filled,fillcolor=powderblue]
	"Assignment95" -> "m96"
	"[97" [label="[",style=filled,fillcolor=powderblue]
	"Assignment95" -> "[97"
	"Expression98" [label="Expression"]
	"Assignment95" -> "Expression98"
	"Term99" [label="Term"]
	"Expression98" -> "Term99"
	"Power100" [label="Power"]
	"Term99" -> "Power100"
	"Factor101" [label="Factor"]
	"Power100" -> "Factor101"
	"num102" [label="num",style=filled,fillcolor=powderblue]
	"Factor101" -> "num102"
	"Power2103" [label="Power2"]
	"Power100" -> "Power2103"
	"Term2104" [label="Term2"]
	"Term99" -> "Term2104"
	"Expression2105" [label="Expression2"]
	"Expression98" -> "Expression2105"
	"]106" [label="]",style=filled,fillcolor=powderblue]
	"Assignment95" -> "]106"
	"=107" [label="=",style=filled,fillcolor=powderblue]
	"Assignment95" -> "=107"
	"Expression108" [label="Expression"]
	"Assignment95" -> "Expression108"
	"Term109" [label="Term"]
	"Expression108" -> "Term109"
	"Power110" [label="Power"]
	"Term109" -> "Power110"
	"Factor111" [label="Factor"]
	"Power110" -> "Factor111"
	"num112" [label="num",style=filled,fillcolor=powderblue]
	"Factor111" -> "num112"
	"Power2113" [label="Power2"]
	"Power110" -> "Power2113"
	"Term2114" [label="Term2"]
	"Term109" -> "Term2114"
	"/115" [label="/",style=filled,fillcolor=powderblue]
	"Term2114" -> "/115"
	"Term116" [label="Term"]
	"Term2114" -> "Term116"
	"Power117" [label="Power"]
	"Term116" -> "Power117"
	"Factor118" [label="Factor"]
	"Power117" -> "Factor118"
	"num119" [label="num",style=filled,fillcolor=powderblue]
	"Factor118" -> "num119"
	"Power2120" [label="Power2"]
	"Power117" -> "Power2120"
	"Term2121" [label="Term2"]
	"Term116" -> "Term2121"
	"*122" [label="*",style=filled,fillcolor=powderblue]
	"Term2121" -> "*122"
	"Term123" [label="Term"]
	"Term2121" -> "Term123"
	"Power124" [label="Power"]
	"Term123" -> "Power124"
	"Factor125" [label="Factor"]
	"Power124" -> "Factor125"
	"num126" [label="num",style=filled,fillcolor=powderblue]
	"Factor125" -> "num126"
	"Power2127" [label="Power2"]
	"Power124" -> "Power2127"
	"Term2128" [label="Term2"]
	"Term123" -> "Term2128"
	"Expression2129" [label="Expression2"]
	"Expression108" -> "Expression2129"
	"Start130" [label="Start"]
	"Start93" -> "Start130"
	"Statement131" [label="Statement"]
	"Start130" -> "Statement131"
	"Assignment132" [label="Assignment"]
	"Statement131" -> "Assignment132"
	"m133" [label="m",style=filled,fillcolor=powderblue]
	"Assignment132" -> "m133"
	"[134" [label="[",style=filled,fillcolor=powderblue]
	"Assignment132" -> "[134"
	"Expression135" [label="Expression"]
	"Assignment132" -> "Expression135"
	"Term136" [label="Term"]
	"Expression135" -> "Term136"
	"Power137" [label="Power"]
	"Term136" -> "Power137"
	"Factor138" [label="Factor"]
	"Power137" -> "Factor138"
	"num139" [label="num",style=filled,fillcolor=powderblue]
	"Factor138" -> "num139"
	"Power2140" [label="Power2"]
	"Power137" -> "Power2140"
	"Term2141" [label="Term2"]
	"Term136" -> "Term2141"
	"Expression2142" [label="Expression2"]
	"Expression135" -> "Expression2142"
	"]143" [label="]",style=filled,fillcolor=powderblue]
	"Assignment132" -> "]143"
	"=144" [label="=",style=filled,fillcolor=powderblue]
	"Assignment132" -> "=144"
	"Expression145" [label="Expression"]
	"Assignment132" -> "Expression145"
	"Term146" [label="Term"]
	"Expression145" -> "Term146"
	"Power147" [label="Power"]
	"Term146" -> "Power147"
	"Factor148" [label="Factor"]
	"Power147" -> "Factor148"
	"num149" [label="num",style=filled,fillcolor=powderblue]
	"Factor148" -> "num149"
	"Power2150" [label="Power2"]
	"Power147" -> "Power2150"
	"Term2151" [label="Term2"]
	"Term146" -> "Term2151"
	"Expression2152" [label="Expression2"]
	"Expression145" -> "Expression2152"
	"+153" [label="+",style=filled,fillcolor=powderblue]
	"Expression2152" -> "+153"
	"Expression154" [label="Expression"]
	"Expression2152" -> "Expression154"
	"Term155" [label="Term"]
	"Expression154" -> "Term155"
	"Power156" [label="Power"]
	"Term155" -> "Power156"
	"Factor157" [label="Factor"]
	"Power156" -> "Factor157"
	"m158" [label="m",style=filled,fillcolor=powderblue]
	"Factor157" -> "m158"
	"[159" [label="[",style=filled,fillcolor=powderblue]
	"Factor157" -> "[159"
	"Expression160" [label="Expression"]
	"Factor157" -> "Expression160"
	"Term161" [label="Term"]
	"Expression160" -> "Term161"
	"Power162" [label="Power"]
	"Term161" -> "Power162"
	"Factor163" [label="Factor"]
	"Power162" -> "Factor163"
	"num164" [label="num",style=filled,fillcolor=powderblue]
	"Factor163" -> "num164"
	"Power2165" [label="Power2"]
	"Power162" -> "Power2165"
	"Term2166" [label="Term2"]
	"Term161" -> "Term2166"
	"Expression2167" [label="Expression2"]
	"Expression160" -> "Expression2167"
	"]168" [label="]",style=filled,fillcolor=powderblue]
	"Factor157" -> "]168"
	"Power2169" [label="Power2"]
	"Power156" -> "Power2169"
	"Term2170" [label="Term2"]
	"Term155" -> "Term2170"
	"Expression2171" [label="Expression2"]
	"Expression154" -> "Expression2171"
	"Start172" [label="Start"]
	"Start130" -> "Start172"
	"Statement173" [label="Statement"]
	"Start172" -> "Statement173"
	"Assignment174" [label="Assignment"]
	"Statement173" -> "Assignment174"
	"m175" [label="m",style=filled,fillcolor=powderblue]
	"Assignment174" -> "m175"
	"[176" [label="[",style=filled,fillcolor=powderblue]
	"Assignment174" -> "[176"
	"Expression177" [label="Expression"]
	"Assignment174" -> "Expression177"
	"Term178" [label="Term"]
	"Expression177" -> "Term178"
	"Power179" [label="Power"]
	"Term178" -> "Power179"
	"Factor180" [label="Factor"]
	"Power179" -> "Factor180"
	"num181" [label="num",style=filled,fillcolor=powderblue]
	"Factor180" -> "num181"
	"Power2182" [label="Power2"]
	"Power179" -> "Power2182"
	"Term2183" [label="Term2"]
	"Term178" -> "Term2183"
	"Expression2184" [label="Expression2"]
	"Expression177" -> "Expression2184"
	"]185" [label="]",style=filled,fillcolor=powderblue]
	"Assignment174" -> "]185"
	"=186" [label="=",style=filled,fillcolor=powderblue]
	"Assignment174" -> "=186"
	"Expression187" [label="Expression"]
	"Assignment174" -> "Expression187"
	"Term188" [label="Term"]
	"Expression187" -> "Term188"
	"Power189" [label="Power"]
	"Term188" -> "Power189"
	"Factor190" [label="Factor"]
	"Power189" -> "Factor190"
	"num191" [label="num",style=filled,fillcolor=powderblue]
	"Factor190" -> "num191"
	"Power2192" [label="Power2"]
	"Power189" -> "Power2192"
	"Term2193" [label="Term2"]
	"Term188" -> "Term2193"
	"Expression2194" [label="Expression2"]
	"Expression187" -> "Expression2194"
	"-195" [label="-",style=filled,fillcolor=powderblue]
	"Expression2194" -> "-195"
	"Expression196" [label="Expression"]
	"Expression2194" -> "Expression196"
	"Term197" [label="Term"]
	"Expression196" -> "Term197"
	"Power198" [label="Power"]
	"Term197" -> "Power198"
	"Factor199" [label="Factor"]
	"Power198" -> "Factor199"
	"m200" [label="m",style=filled,fillcolor=powderblue]
	"Factor199" -> "m200"
	"[201" [label="[",style=filled,fillcolor=powderblue]
	"Factor199" -> "[201"
	"Expression202" [label="Expression"]
	"Factor199" -> "Expression202"
	"Term203" [label="Term"]
	"Expression202" -> "Term203"
	"Power204" [label="Power"]
	"Term203" -> "Power204"
	"Factor205" [label="Factor"]
	"Power204" -> "Factor205"
	"num206" [label="num",style=filled,fillcolor=powderblue]
	"Factor205" -> "num206"
	"Power2207" [label="Power2"]
	"Power204" -> "Power2207"
	"**208" [label="**",style=filled,fillcolor=powderblue]
	"Power2207" -> "**208"
	"Power209" [label="Power"]
	"Power2207" -> "Power209"
	"Factor210" [label="Factor"]
	"Power209" -> "Factor210"
	"num211" [label="num",style=filled,fillcolor=powderblue]
	"Factor210" -> "num211"
	"Power2212" [label="Power2"]
	"Power209" -> "Power2212"
	"Term2213" [label="Term2"]
	"Term203" -> "Term2213"
	"*214" [label="*",style=filled,fillcolor=powderblue]
	"Term2213" -> "*214"
	"Term215" [label="Term"]
	"Term2213" -> "Term215"
	"Power216" [label="Power"]
	"Term215" -> "Power216"
	"Factor217" [label="Factor"]
	"Power216" -> "Factor217"
	"num218" [label="num",style=filled,fillcolor=powderblue]
	"Factor217" -> "num218"
	"Power2219" [label="Power2"]
	"Power216" -> "Power2219"
	"Term2220" [label="Term2"]
	"Term215" -> "Term2220"
	"Expression2221" [label="Expression2"]
	"Expression202" -> "Expression2221"
	"-222" [label="-",style=filled,fillcolor=powderblue]
	"Expression2221" -> "-222"
	"Expression223" [label="Expression"]
	"Expression2221" -> "Expression223"
	"Term224" [label="Term"]
	"Expression223" -> "Term224"
	"Power225" [label="Power"]
	"Term224" -> "Power225"
	"Factor226" [label="Factor"]
	"Power225" -> "Factor226"
	"num227" [label="num",style=filled,fillcolor=powderblue]
	"Factor226" -> "num227"
	"Power2228" [label="Power2"]
	"Power225" -> "Power2228"
	"Term2229" [label="Term2"]
	"Term224" -> "Term2229"
	"Expression2230" [label="Expression2"]
	"Expression223" -> "Expression2230"
	"]231" [label="]",style=filled,fillcolor=powderblue]
	"Factor199" -> "]231"
	"Power2232" [label="Power2"]
	"Power198" -> "Power2232"
	"Term2233" [label="Term2"]
	"Term197" -> "Term2233"
	"Expression2234" [label="Expression2"]
	"Expression196" -> "Expression2234"
	"-235" [label="-",style=filled,fillcolor=powderblue]
	"Expression2234" -> "-235"
	"Expression236" [label="Expression"]
	"Expression2234" -> "Expression236"
	"Term237" [label="Term"]
	"Expression236" -> "Term237"
	"Power238" [label="Power"]
	"Term237" -> "Power238"
	"Factor239" [label="Factor"]
	"Power238" -> "Factor239"
	"num240" [label="num",style=filled,fillcolor=powderblue]
	"Factor239" -> "num240"
	"Power2241" [label="Power2"]
	"Power238" -> "Power2241"
	"Term2242" [label="Term2"]
	"Term237" -> "Term2242"
	"Expression2243" [label="Expression2"]
	"Expression236" -> "Expression2243"
	"Start244" [label="Start"]
	"Start172" -> "Start244"
	"Statement245" [label="Statement"]
	"Start244" -> "Statement245"
	"Label246" [label="Label"]
	"Statement245" -> "Label246"
	"L247" [label="L",style=filled,fillcolor=powderblue]
	"Label246" -> "L247"
	"num248" [label="num",style=filled,fillcolor=powderblue]
	"Label246" -> "num248"
	":249" [label=":",style=filled,fillcolor=powderblue]
	"Label246" -> ":249"
	"Start250" [label="Start"]
	"Start244" -> "Start250"
	"Statement251" [label="Statement"]
	"Start250" -> "Statement251"
	"Assignment252" [label="Assignment"]
	"Statement251" -> "Assignment252"
	"m253" [label="m",style=filled,fillcolor=powderblue]
	"Assignment252" -> "m253"
	"[254" [label="[",style=filled,fillcolor=powderblue]
	"Assignment252" -> "[254"
	"Expression255" [label="Expression"]
	"Assignment252" -> "Expression255"
	"Term256" [label="Term"]
	"Expression255" -> "Term256"
	"Power257" [label="Power"]
	"Term256" -> "Power257"
	"Factor258" [label="Factor"]
	"Power257" -> "Factor258"
	"num259" [label="num",style=filled,fillcolor=powderblue]
	"Factor258" -> "num259"
	"Power2260" [label="Power2"]
	"Power257" -> "Power2260"
	"Term2261" [label="Term2"]
	"Term256" -> "Term2261"
	"Expression2262" [label="Expression2"]
	"Expression255" -> "Expression2262"
	"]263" [label="]",style=filled,fillcolor=powderblue]
	"Assignment252" -> "]263"
	"=264" [label="=",style=filled,fillcolor=powderblue]
	"Assignment252" -> "=264"
	"Expression265" [label="Expression"]
	"Assignment252" -> "Expression265"
	"Term266" [label="Term"]
	"Expression265" -> "Term266"
	"Power267" [label="Power"]
	"Term266" -> "Power267"
	"Factor268" [label="Factor"]
	"Power267" -> "Factor268"
	"num269" [label="num",style=filled,fillcolor=powderblue]
	"Factor268" -> "num269"
	"Power2270" [label="Power2"]
	"Power267" -> "Power2270"
	"Term2271" [label="Term2"]
	"Term266" -> "Term2271"
	"Expression2272" [label="Expression2"]
	"Expression265" -> "Expression2272"
	"-273" [label="-",style=filled,fillcolor=powderblue]
	"Expression2272" -> "-273"
	"Expression274" [label="Expression"]
	"Expression2272" -> "Expression274"
	"Term275" [label="Term"]
	"Expression274" -> "Term275"
	"Power276" [label="Power"]
	"Term275" -> "Power276"
	"Factor277" [label="Factor"]
	"Power276" -> "Factor277"
	"(278" [label="(",style=filled,fillcolor=powderblue]
	"Factor277" -> "(278"
	"Expression279" [label="Expression"]
	"Factor277" -> "Expression279"
	"Term280" [label="Term"]
	"Expression279" -> "Term280"
	"Power281" [label="Power"]
	"Term280" -> "Power281"
	"Factor282" [label="Factor"]
	"Power281" -> "Factor282"
	"m283" [label="m",style=filled,fillcolor=powderblue]
	"Factor282" -> "m283"
	"[284" [label="[",style=filled,fillcolor=powderblue]
	"Factor282" -> "[284"
	"Expression285" [label="Expression"]
	"Factor282" -> "Expression285"
	"Term286" [label="Term"]
	"Expression285" -> "Term286"
	"Power287" [label="Power"]
	"Term286" -> "Power287"
	"Factor288" [label="Factor"]
	"Power287" -> "Factor288"
	"num289" [label="num",style=filled,fillcolor=powderblue]
	"Factor288" -> "num289"
	"Power2290" [label="Power2"]
	"Power287" -> "Power2290"
	"Term2291" [label="Term2"]
	"Term286" -> "Term2291"
	"Expression2292" [label="Expression2"]
	"Expression285" -> "Expression2292"
	"]293" [label="]",style=filled,fillcolor=powderblue]
	"Factor282" -> "]293"
	"Power2294" [label="Power2"]
	"Power281" -> "Power2294"
	"Term2295" [label="Term2"]
	"Term280" -> "Term2295"
	"Expression2296" [label="Expression2"]
	"Expression279" -> "Expression2296"
	"-297" [label="-",style=filled,fillcolor=powderblue]
	"Expression2296" -> "-297"
	"Expression298" [label="Expression"]
	"Expression2296" -> "Expression298"
	"Term299" [label="Term"]
	"Expression298" -> "Term299"
	"Power300" [label="Power"]
	"Term299" -> "Power300"
	"Factor301" [label="Factor"]
	"Power300" -> "Factor301"
	"num302" [label="num",style=filled,fillcolor=powderblue]
	"Factor301" -> "num302"
	"Power2303" [label="Power2"]
	"Power300" -> "Power2303"
	"Term2304" [label="Term2"]
	"Term299" -> "Term2304"
	"Expression2305" [label="Expression2"]
	"Expression298" -> "Expression2305"
	")306" [label=")",style=filled,fillcolor=powderblue]
	"Factor277" -> ")306"
	"Power2307" [label="Power2"]
	"Power276" -> "Power2307"
	"Term2308" [label="Term2"]
	"Term275" -> "Term2308"
	"Expression2309" [label="Expression2"]
	"Expression274" -> "Expression2309"
	"Start310" [label="Start"]
	"Start250" -> "Start310"
	"Statement311" [label="Statement"]
	"Start310" -> "Statement311"
	"Assignment312" [label="Assignment"]
	"Statement311" -> "Assignment312"
	"m313" [label="m",style=filled,fillcolor=powderblue]
	"Assignment312" -> "m313"
	"[314" [label="[",style=filled,fillcolor=powderblue]
	"Assignment312" -> "[314"
	"Expression315" [label="Expression"]
	"Assignment312" -> "Expression315"
	"Term316" [label="Term"]
	"Expression315" -> "Term316"
	"Power317" [label="Power"]
	"Term316" -> "Power317"
	"Factor318" [label="Factor"]
	"Power317" -> "Factor318"
	"num319" [label="num",style=filled,fillcolor=powderblue]
	"Factor318" -> "num319"
	"Power2320" [label="Power2"]
	"Power317" -> "Power2320"
	"Term2321" [label="Term2"]
	"Term316" -> "Term2321"
	"Expression2322" [label="Expression2"]
	"Expression315" -> "Expression2322"
	"]323" [label="]",style=filled,fillcolor=powderblue]
	"Assignment312" -> "]323"
	"=324" [label="=",style=filled,fillcolor=powderblue]
	"Assignment312" -> "=324"
	"Expression325" [label="Expression"]
	"Assignment312" -> "Expression325"
	"Term326" [label="Term"]
	"Expression325" -> "Term326"
	"Power327" [label="Power"]
	"Term326" -> "Power327"
	"Factor328" [label="Factor"]
	"Power327" -> "Factor328"
	"num329" [label="num",style=filled,fillcolor=powderblue]
	"Factor328" -> "num329"
	"Power2330" [label="Power2"]
	"Power327" -> "Power2330"
	"Term2331" [label="Term2"]
	"Term326" -> "Term2331"
	"/332" [label="/",style=filled,fillcolor=powderblue]
	"Term2331" -> "/332"
	"Term333" [label="Term"]
	"Term2331" -> "Term333"
	"Power334" [label="Power"]
	"Term333" -> "Power334"
	"Factor335" [label="Factor"]
	"Power334" -> "Factor335"
	"num336" [label="num",style=filled,fillcolor=powderblue]
	"Factor335" -> "num336"
	"Power2337" [label="Power2"]
	"Power334" -> "Power2337"
	"Term2338" [label="Term2"]
	"Term333" -> "Term2338"
	"*339" [label="*",style=filled,fillcolor=powderblue]
	"Term2338" -> "*339"
	"Term340" [label="Term"]
	"Term2338" -> "Term340"
	"Power341" [label="Power"]
	"Term340" -> "Power341"
	"Factor342" [label="Factor"]
	"Power341" -> "Factor342"
	"num343" [label="num",style=filled,fillcolor=powderblue]
	"Factor342" -> "num343"
	"Power2344" [label="Power2"]
	"Power341" -> "Power2344"
	"Term2345" [label="Term2"]
	"Term340" -> "Term2345"
	"Expression2346" [label="Expression2"]
	"Expression325" -> "Expression2346"
	"Start347" [label="Start"]
	"Start310" -> "Start347"
	"Statement348" [label="Statement"]
	"Start347" -> "Statement348"
	"Assignment349" [label="Assignment"]
	"Statement348" -> "Assignment349"
	"m350" [label="m",style=filled,fillcolor=powderblue]
	"Assignment349" -> "m350"
	"[351" [label="[",style=filled,fillcolor=powderblue]
	"Assignment349" -> "[351"
	"Expression352" [label="Expression"]
	"Assignment349" -> "Expression352"
	"Term353" [label="Term"]
	"Expression352" -> "Term353"
	"Power354" [label="Power"]
	"Term353" -> "Power354"
	"Factor355" [label="Factor"]
	"Power354" -> "Factor355"
	"num356" [label="num",style=filled,fillcolor=powderblue]
	"Factor355" -> "num356"
	"Power2357" [label="Power2"]
	"Power354" -> "Power2357"
	"Term2358" [label="Term2"]
	"Term353" -> "Term2358"
	"Expression2359" [label="Expression2"]
	"Expression352" -> "Expression2359"
	"]360" [label="]",style=filled,fillcolor=powderblue]
	"Assignment349" -> "]360"
	"=361" [label="=",style=filled,fillcolor=powderblue]
	"Assignment349" -> "=361"
	"Expression362" [label="Expression"]
	"Assignment349" -> "Expression362"
	"Term363" [label="Term"]
	"Expression362" -> "Term363"
	"Power364" [label="Power"]
	"Term363" -> "Power364"
	"Factor365" [label="Factor"]
	"Power364" -> "Factor365"
	"num366" [label="num",style=filled,fillcolor=powderblue]
	"Factor365" -> "num366"
	"Power2367" [label="Power2"]
	"Power364" -> "Power2367"
	"Term2368" [label="Term2"]
	"Term363" -> "Term2368"
	"Expression2369" [label="Expression2"]
	"Expression362" -> "Expression2369"
	"+370" [label="+",style=filled,fillcolor=powderblue]
	"Expression2369" -> "+370"
	"Expression371" [label="Expression"]
	"Expression2369" -> "Expression371"
	"Term372" [label="Term"]
	"Expression371" -> "Term372"
	"Power373" [label="Power"]
	"Term372" -> "Power373"
	"Factor374" [label="Factor"]
	"Power373" -> "Factor374"
	"m375" [label="m",style=filled,fillcolor=powderblue]
	"Factor374" -> "m375"
	"[376" [label="[",style=filled,fillcolor=powderblue]
	"Factor374" -> "[376"
	"Expression377" [label="Expression"]
	"Factor374" -> "Expression377"
	"Term378" [label="Term"]
	"Expression377" -> "Term378"
	"Power379" [label="Power"]
	"Term378" -> "Power379"
	"Factor380" [label="Factor"]
	"Power379" -> "Factor380"
	"num381" [label="num",style=filled,fillcolor=powderblue]
	"Factor380" -> "num381"
	"Power2382" [label="Power2"]
	"Power379" -> "Power2382"
	"Term2383" [label="Term2"]
	"Term378" -> "Term2383"
	"Expression2384" [label="Expression2"]
	"Expression377" -> "Expression2384"
	"]385" [label="]",style=filled,fillcolor=powderblue]
	"Factor374" -> "]385"
	"Power2386" [label="Power2"]
	"Power373" -> "Power2386"
	"Term2387" [label="Term2"]
	"Term372" -> "Term2387"
	"Expression2388" [label="Expression2"]
	"Expression371" -> "Expression2388"
	"Start389" [label="Start"]
	"Start347" -> "Start389"
	"Statement390" [label="Statement"]
	"Start389" -> "Statement390"
	"Assignment391" [label="Assignment"]
	"Statement390" -> "Assignment391"
	"m392" [label="m",style=filled,fillcolor=powderblue]
	"Assignment391" -> "m392"
	"[393" [label="[",style=filled,fillcolor=powderblue]
	"Assignment391" -> "[393"
	"Expression394" [label="Expression"]
	"Assignment391" -> "Expression394"
	"Term395" [label="Term"]
	"Expression394" -> "Term395"
	"Power396" [label="Power"]
	"Term395" -> "Power396"
	"Factor397" [label="Factor"]
	"Power396" -> "Factor397"
	"num398" [label="num",style=filled,fillcolor=powderblue]
	"Factor397" -> "num398"
	"Power2399" [label="Power2"]
	"Power396" -> "Power2399"
	"Term2400" [label="Term2"]
	"Term395" -> "Term2400"
	"Expression2401" [label="Expression2"]
	"Expression394" -> "Expression2401"
	"]402" [label="]",style=filled,fillcolor=powderblue]
	"Assignment391" -> "]402"
	"=403" [label="=",style=filled,fillcolor=powderblue]
	"Assignment391" -> "=403"
	"Expression404" [label="Expression"]
	"Assignment391" -> "Expression404"
	"Term405" [label="Term"]
	"Expression404" -> "Term405"
	"Power406" [label="Power"]
	"Term405" -> "Power406"
	"Factor407" [label="Factor"]
	"Power406" -> "Factor407"
	"num408" [label="num",style=filled,fillcolor=powderblue]
	"Factor407" -> "num408"
	"Power2409" [label="Power2"]
	"Power406" -> "Power2409"
	"Term2410" [label="Term2"]
	"Term405" -> "Term2410"
	"Expression2411" [label="Expression2"]
	"Expression404" -> "Expression2411"
	"-412" [label="-",style=filled,fillcolor=powderblue]
	"Expression2411" -> "-412"
	"Expression413" [label="Expression"]
	"Expression2411" -> "Expression413"
	"Term414" [label="Term"]
	"Expression413" -> "Term414"
	"Power415" [label="Power"]
	"Term414" -> "Power415"
	"Factor416" [label="Factor"]
	"Power415" -> "Factor416"
	"m417" [label="m",style=filled,fillcolor=powderblue]
	"Factor416" -> "m417"
	"[418" [label="[",style=filled,fillcolor=powderblue]
	"Factor416" -> "[418"
	"Expression419" [label="Expression"]
	"Factor416" -> "Expression419"
	"Term420" [label="Term"]
	"Expression419" -> "Term420"
	"Power421" [label="Power"]
	"Term420" -> "Power421"
	"Factor422" [label="Factor"]
	"Power421" -> "Factor422"
	"num423" [label="num",style=filled,fillcolor=powderblue]
	"Factor422" -> "num423"
	"Power2424" [label="Power2"]
	"Power421" -> "Power2424"
	"Term2425" [label="Term2"]
	"Term420" -> "Term2425"
	"Expression2426" [label="Expression2"]
	"Expression419" -> "Expression2426"
	"-427" [label="-",style=filled,fillcolor=powderblue]
	"Expression2426" -> "-427"
	"Expression428" [label="Expression"]
	"Expression2426" -> "Expression428"
	"Term429" [label="Term"]
	"Expression428" -> "Term429"
	"Power430" [label="Power"]
	"Term429" -> "Power430"
	"Factor431" [label="Factor"]
	"Power430" -> "Factor431"
	"num432" [label="num",style=filled,fillcolor=powderblue]
	"Factor431" -> "num432"
	"Power2433" [label="Power2"]
	"Power430" -> "Power2433"
	"Term2434" [label="Term2"]
	"Term429" -> "Term2434"
	"Expression2435" [label="Expression2"]
	"Expression428" -> "Expression2435"
	"]436" [label="]",style=filled,fillcolor=powderblue]
	"Factor416" -> "]436"
	"Power2437" [label="Power2"]
	"Power415" -> "Power2437"
	"Term2438" [label="Term2"]
	"Term414" -> "Term2438"
	"Expression2439" [label="Expression2"]
	"Expression413" -> "Expression2439"
	"Start440" [label="Start"]
	"Start389" -> "Start440"
	"Statement441" [label="Statement"]
	"Start440" -> "Statement441"
	"Assignment442" [label="Assignment"]
	"Statement441" -> "Assignment442"
	"m443" [label="m",style=filled,fillcolor=powderblue]
	"Assignment442" -> "m443"
	"[444" [label="[",style=filled,fillcolor=powderblue]
	"Assignment442" -> "[444"
	"Expression445" [label="Expression"]
	"Assignment442" -> "Expression445"
	"Term446" [label="Term"]
	"Expression445" -> "Term446"
	"Power447" [label="Power"]
	"Term446" -> "Power447"
	"Factor448" [label="Factor"]
	"Power447" -> "Factor448"
	"num449" [label="num",style=filled,fillcolor=powderblue]
	"Factor448" -> "num449"
	"Power2450" [label="Power2"]
	"Power447" -> "Power2450"
	"Term2451" [label="Term2"]
	"Term446" -> "Term2451"
	"Expression2452" [label="Expression2"]
	"Expression445" -> "Expression2452"
	"]453" [label="]",style=filled,fillcolor=powderblue]
	"Assignment442" -> "]453"
	"=454" [label="=",style=filled,fillcolor=powderblue]
	"Assignment442" -> "=454"
	"Expression455" [label="Expression"]
	"Assignment442" -> "Expression455"
	"Term456" [label="Term"]
	"Expression455" -> "Term456"
	"Power457" [label="Power"]
	"Term456" -> "Power457"
	"Factor458" [label="Factor"]
	"Power457" -> "Factor458"
	"num459" [label="num",style=filled,fillcolor=powderblue]
	"Factor458" -> "num459"
	"Power2460" [label="Power2"]
	"Power457" -> "Power2460"
	"Term2461" [label="Term2"]
	"Term456" -> "Term2461"
	"Expression2462" [label="Expression2"]
	"Expression455" -> "Expression2462"
	"-463" [label="-",style=filled,fillcolor=powderblue]
	"Expression2462" -> "-463"
	"Expression464" [label="Expression"]
	"Expression2462" -> "Expression464"
	"Term465" [label="Term"]
	"Expression464" -> "Term465"
	"Power466" [label="Power"]
	"Term465" -> "Power466"
	"Factor467" [label="Factor"]
	"Power466" -> "Factor467"
	"(468" [label="(",style=filled,fillcolor=powderblue]
	"Factor467" -> "(468"
	"Expression469" [label="Expression"]
	"Factor467" -> "Expression469"
	"Term470" [label="Term"]
	"Expression469" -> "Term470"
	"Power471" [label="Power"]
	"Term470" -> "Power471"
	"Factor472" [label="Factor"]
	"Power471" -> "Factor472"
	"num473" [label="num",style=filled,fillcolor=powderblue]
	"Factor472" -> "num473"
	"Power2474" [label="Power2"]
	"Power471" -> "Power2474"
	"Term2475" [label="Term2"]
	"Term470" -> "Term2475"
	"Expression2476" [label="Expression2"]
	"Expression469" -> "Expression2476"
	"-477" [label="-",style=filled,fillcolor=powderblue]
	"Expression2476" -> "-477"
	"Expression478" [label="Expression"]
	"Expression2476" -> "Expression478"
	"Term479" [label="Term"]
	"Expression478" -> "Term479"
	"Power480" [label="Power"]
	"Term479" -> "Power480"
	"Factor481" [label="Factor"]
	"Power480" -> "Factor481"
	"num482" [label="num",style=filled,fillcolor=powderblue]
	"Factor481" -> "num482"
	"Power2483" [label="Power2"]
	"Power480" -> "Power2483"
	"Term2484" [label="Term2"]
	"Term479" -> "Term2484"
	"Expression2485" [label="Expression2"]
	"Expression478" -> "Expression2485"
	")486" [label=")",style=filled,fillcolor=powderblue]
	"Factor467" -> ")486"
	"Power2487" [label="Power2"]
	"Power466" -> "Power2487"
	"Term2488" [label="Term2"]
	"Term465" -> "Term2488"
	"Expression2489" [label="Expression2"]
	"Expression464" -> "Expression2489"
	"Start490" [label="Start"]
	"Start440" -> "Start490"
	"Statement491" [label="Statement"]
	"Start490" -> "Statement491"
	"Assignment492" [label="Assignment"]
	"Statement491" -> "Assignment492"
	"m493" [label="m",style=filled,fillcolor=powderblue]
	"Assignment492" -> "m493"
	"[494" [label="[",style=filled,fillcolor=powderblue]
	"Assignment492" -> "[494"
	"Expression495" [label="Expression"]
	"Assignment492" -> "Expression495"
	"Term496" [label="Term"]
	"Expression495" -> "Term496"
	"Power497" [label="Power"]
	"Term496" -> "Power497"
	"Factor498" [label="Factor"]
	"Power497" -> "Factor498"
	"num499" [label="num",style=filled,fillcolor=powderblue]
	"Factor498" -> "num499"
	"Power2500" [label="Power2"]
	"Power497" -> "Power2500"
	"Term2501" [label="Term2"]
	"Term496" -> "Term2501"
	"Expression2502" [label="Expression2"]
	"Expression495" -> "Expression2502"
	"]503" [label="]",style=filled,fillcolor=powderblue]
	"Assignment492" -> "]503"
	"=504" [label="=",style=filled,fillcolor=powderblue]
	"Assignment492" -> "=504"
	"Expression505" [label="Expression"]
	"Assignment492" -> "Expression505"
	"Term506" [label="Term"]
	"Expression505" -> "Term506"
	"Power507" [label="Power"]
	"Term506" -> "Power507"
	"Factor508" [label="Factor"]
	"Power507" -> "Factor508"
	"num509" [label="num",style=filled,fillcolor=powderblue]
	"Factor508" -> "num509"
	"Power2510" [label="Power2"]
	"Power507" -> "Power2510"
	"Term2511" [label="Term2"]
	"Term506" -> "Term2511"
	"Expression2512" [label="Expression2"]
	"Expression505" -> "Expression2512"
	"-513" [label="-",style=filled,fillcolor=powderblue]
	"Expression2512" -> "-513"
	"Expression514" [label="Expression"]
	"Expression2512" -> "Expression514"
	"Term515" [label="Term"]
	"Expression514" -> "Term515"
	"Power516" [label="Power"]
	"Term515" -> "Power516"
	"Factor517" [label="Factor"]
	"Power516" -> "Factor517"
	"m518" [label="m",style=filled,fillcolor=powderblue]
	"Factor517" -> "m518"
	"[519" [label="[",style=filled,fillcolor=powderblue]
	"Factor517" -> "[519"
	"Expression520" [label="Expression"]
	"Factor517" -> "Expression520"
	"Term521" [label="Term"]
	"Expression520" -> "Term521"
	"Power522" [label="Power"]
	"Term521" -> "Power522"
	"Factor523" [label="Factor"]
	"Power522" -> "Factor523"
	"(524" [label="(",style=filled,fillcolor=powderblue]
	"Factor523" -> "(524"
	"Expression525" [label="Expression"]
	"Factor523" -> "Expression525"
	"Term526" [label="Term"]
	"Expression525" -> "Term526"
	"Power527" [label="Power"]
	"Term526" -> "Power527"
	"Factor528" [label="Factor"]
	"Power527" -> "Factor528"
	"num529" [label="num",style=filled,fillcolor=powderblue]
	"Factor528" -> "num529"
	"Power2530" [label="Power2"]
	"Power527" -> "Power2530"
	"Term2531" [label="Term2"]
	"Term526" -> "Term2531"
	"Expression2532" [label="Expression2"]
	"Expression525" -> "Expression2532"
	"-533" [label="-",style=filled,fillcolor=powderblue]
	"Expression2532" -> "-533"
	"Expression534" [label="Expression"]
	"Expression2532" -> "Expression534"
	"Term535" [label="Term"]
	"Expression534" -> "Term535"
	"Power536" [label="Power"]
	"Term535" -> "Power536"
	"Factor537" [label="Factor"]
	"Power536" -> "Factor537"
	"num538" [label="num",style=filled,fillcolor=powderblue]
	"Factor537" -> "num538"
	"Power2539" [label="Power2"]
	"Power536" -> "Power2539"
	"Term2540" [label="Term2"]
	"Term535" -> "Term2540"
	"Expression2541" [label="Expression2"]
	"Expression534" -> "Expression2541"
	")542" [label=")",style=filled,fillcolor=powderblue]
	"Factor523" -> ")542"
	"Power2543" [label="Power2"]
	"Power522" -> "Power2543"
	"Term2544" [label="Term2"]
	"Term521" -> "Term2544"
	"Expression2545" [label="Expression2"]
	"Expression520" -> "Expression2545"
	"]546" [label="]",style=filled,fillcolor=powderblue]
	"Factor517" -> "]546"
	"Power2547" [label="Power2"]
	"Power516" -> "Power2547"
	"Term2548" [label="Term2"]
	"Term515" -> "Term2548"
	"Expression2549" [label="Expression2"]
	"Expression514" -> "Expression2549"
	"Start550" [label="Start"]
	"Start490" -> "Start550"
	"Statement551" [label="Statement"]
	"Start550" -> "Statement551"
	"Print552" [label="Print"]
	"Statement551" -> "Print552"
	"print553" [label="print",style=filled,fillcolor=powderblue]
	"Print552" -> "print553"
	"Expression554" [label="Expression"]
	"Print552" -> "Expression554"
	"Term555" [label="Term"]
	"Expression554" -> "Term555"
	"Power556" [label="Power"]
	"Term555" -> "Power556"
	"Factor557" [label="Factor"]
	"Power556" -> "Factor557"
	"m558" [label="m",style=filled,fillcolor=powderblue]
	"Factor557" -> "m558"
	"[559" [label="[",style=filled,fillcolor=powderblue]
	"Factor557" -> "[559"
	"Expression560" [label="Expression"]
	"Factor557" -> "Expression560"
	"Term561" [label="Term"]
	"Expression560" -> "Term561"
	"Power562" [label="Power"]
	"Term561" -> "Power562"
	"Factor563" [label="Factor"]
	"Power562" -> "Factor563"
	"num564" [label="num",style=filled,fillcolor=powderblue]
	"Factor563" -> "num564"
	"Power2565" [label="Power2"]
	"Power562" -> "Power2565"
	"Term2566" [label="Term2"]
	"Term561" -> "Term2566"
	"Expression2567" [label="Expression2"]
	"Expression560" -> "Expression2567"
	"]568" [label="]",style=filled,fillcolor=powderblue]
	"Factor557" -> "]568"
	"Power2569" [label="Power2"]
	"Power556" -> "Power2569"
	"Term2570" [label="Term2"]
	"Term555" -> "Term2570"
	"Expression2571" [label="Expression2"]
	"Expression554" -> "Expression2571"
};
