digraph G {
	"Start1" [label="Start"]
	"Statement2" [label="Statement"]
	"Start1" -> "Statement2"
	"Assignment3" [label="Assignment"]
	"Statement2" -> "Assignment3"
	"m4" [label="m",style=filled,fillcolor=powderblue]
	"Assignment3" -> "m4"
	"[5" [label="[",style=filled,fillcolor=powderblue]
	"Assignment3" -> "[5"
	"Expression6" [label="Expression"]
	"Assignment3" -> "Expression6"
	"Term7" [label="Term"]
	"Expression6" -> "Term7"
	"Power8" [label="Power"]
	"Term7" -> "Power8"
	"Factor9" [label="Factor"]
	"Power8" -> "Factor9"
	"num10" [label="num",style=filled,fillcolor=powderblue]
	"Factor9" -> "num10"
	"Power211" [label="Power2"]
	"Power8" -> "Power211"
	"Term212" [label="Term2"]
	"Term7" -> "Term212"
	"Expression213" [label="Expression2"]
	"Expression6" -> "Expression213"
	"]14" [label="]",style=filled,fillcolor=powderblue]
	"Assignment3" -> "]14"
	"=15" [label="=",style=filled,fillcolor=powderblue]
	"Assignment3" -> "=15"
	"Expression16" [label="Expression"]
	"Assignment3" -> "Expression16"
	"Term17" [label="Term"]
	"Expression16" -> "Term17"
	"Power18" [label="Power"]
	"Term17" -> "Power18"
	"Factor19" [label="Factor"]
	"Power18" -> "Factor19"
	"num20" [label="num",style=filled,fillcolor=powderblue]
	"Factor19" -> "num20"
	"Power221" [label="Power2"]
	"Power18" -> "Power221"
	"Term222" [label="Term2"]
	"Term17" -> "Term222"
	"/23" [label="/",style=filled,fillcolor=powderblue]
	"Term222" -> "/23"
	"Term24" [label="Term"]
	"Term222" -> "Term24"
	"Power25" [label="Power"]
	"Term24" -> "Power25"
	"Factor26" [label="Factor"]
	"Power25" -> "Factor26"
	"num27" [label="num",style=filled,fillcolor=powderblue]
	"Factor26" -> "num27"
	"Power228" [label="Power2"]
	"Power25" -> "Power228"
	"Term229" [label="Term2"]
	"Term24" -> "Term229"
	"*30" [label="*",style=filled,fillcolor=powderblue]
	"Term229" -> "*30"
	"Term31" [label="Term"]
	"Term229" -> "Term31"
	"Power32" [label="Power"]
	"Term31" -> "Power32"
	"Factor33" [label="Factor"]
	"Power32" -> "Factor33"
	"num34" [label="num",style=filled,fillcolor=powderblue]
	"Factor33" -> "num34"
	"Power235" [label="Power2"]
	"Power32" -> "Power235"
	"Term236" [label="Term2"]
	"Term31" -> "Term236"
	"Expression237" [label="Expression2"]
	"Expression16" -> "Expression237"
	"Start38" [label="Start"]
	"Start1" -> "Start38"
	"Statement39" [label="Statement"]
	"Start38" -> "Statement39"
	"Assignment40" [label="Assignment"]
	"Statement39" -> "Assignment40"
	"m41" [label="m",style=filled,fillcolor=powderblue]
	"Assignment40" -> "m41"
	"[42" [label="[",style=filled,fillcolor=powderblue]
	"Assignment40" -> "[42"
	"Expression43" [label="Expression"]
	"Assignment40" -> "Expression43"
	"Term44" [label="Term"]
	"Expression43" -> "Term44"
	"Power45" [label="Power"]
	"Term44" -> "Power45"
	"Factor46" [label="Factor"]
	"Power45" -> "Factor46"
	"num47" [label="num",style=filled,fillcolor=powderblue]
	"Factor46" -> "num47"
	"Power248" [label="Power2"]
	"Power45" -> "Power248"
	"Term249" [label="Term2"]
	"Term44" -> "Term249"
	"Expression250" [label="Expression2"]
	"Expression43" -> "Expression250"
	"]51" [label="]",style=filled,fillcolor=powderblue]
	"Assignment40" -> "]51"
	"=52" [label="=",style=filled,fillcolor=powderblue]
	"Assignment40" -> "=52"
	"Expression53" [label="Expression"]
	"Assignment40" -> "Expression53"
	"Term54" [label="Term"]
	"Expression53" -> "Term54"
	"Power55" [label="Power"]
	"Term54" -> "Power55"
	"Factor56" [label="Factor"]
	"Power55" -> "Factor56"
	"num57" [label="num",style=filled,fillcolor=powderblue]
	"Factor56" -> "num57"
	"Power258" [label="Power2"]
	"Power55" -> "Power258"
	"Term259" [label="Term2"]
	"Term54" -> "Term259"
	"/60" [label="/",style=filled,fillcolor=powderblue]
	"Term259" -> "/60"
	"Term61" [label="Term"]
	"Term259" -> "Term61"
	"Power62" [label="Power"]
	"Term61" -> "Power62"
	"Factor63" [label="Factor"]
	"Power62" -> "Factor63"
	"num64" [label="num",style=filled,fillcolor=powderblue]
	"Factor63" -> "num64"
	"Power265" [label="Power2"]
	"Power62" -> "Power265"
	"Term266" [label="Term2"]
	"Term61" -> "Term266"
	"*67" [label="*",style=filled,fillcolor=powderblue]
	"Term266" -> "*67"
	"Term68" [label="Term"]
	"Term266" -> "Term68"
	"Power69" [label="Power"]
	"Term68" -> "Power69"
	"Factor70" [label="Factor"]
	"Power69" -> "Factor70"
	"num71" [label="num",style=filled,fillcolor=powderblue]
	"Factor70" -> "num71"
	"Power272" [label="Power2"]
	"Power69" -> "Power272"
	"Term273" [label="Term2"]
	"Term68" -> "Term273"
	"Expression274" [label="Expression2"]
	"Expression53" -> "Expression274"
	"Start75" [label="Start"]
	"Start38" -> "Start75"
	"Statement76" [label="Statement"]
	"Start75" -> "Statement76"
	"Print77" [label="Print"]
	"Statement76" -> "Print77"
	"print78" [label="print",style=filled,fillcolor=powderblue]
	"Print77" -> "print78"
	"Expression79" [label="Expression"]
	"Print77" -> "Expression79"
	"Term80" [label="Term"]
	"Expression79" -> "Term80"
	"Power81" [label="Power"]
	"Term80" -> "Power81"
	"Factor82" [label="Factor"]
	"Power81" -> "Factor82"
	"m83" [label="m",style=filled,fillcolor=powderblue]
	"Factor82" -> "m83"
	"[84" [label="[",style=filled,fillcolor=powderblue]
	"Factor82" -> "[84"
	"Expression85" [label="Expression"]
	"Factor82" -> "Expression85"
	"Term86" [label="Term"]
	"Expression85" -> "Term86"
	"Power87" [label="Power"]
	"Term86" -> "Power87"
	"Factor88" [label="Factor"]
	"Power87" -> "Factor88"
	"num89" [label="num",style=filled,fillcolor=powderblue]
	"Factor88" -> "num89"
	"Power290" [label="Power2"]
	"Power87" -> "Power290"
	"Term291" [label="Term2"]
	"Term86" -> "Term291"
	"Expression292" [label="Expression2"]
	"Expression85" -> "Expression292"
	"]93" [label="]",style=filled,fillcolor=powderblue]
	"Factor82" -> "]93"
	"Power294" [label="Power2"]
	"Power81" -> "Power294"
	"Term295" [label="Term2"]
	"Term80" -> "Term295"
	"Expression296" [label="Expression2"]
	"Expression79" -> "Expression296"
	"Start97" [label="Start"]
	"Start75" -> "Start97"
	"Statement98" [label="Statement"]
	"Start97" -> "Statement98"
	"Jump99" [label="Jump"]
	"Statement98" -> "Jump99"
	"goto100" [label="goto",style=filled,fillcolor=powderblue]
	"Jump99" -> "goto100"
	"num101" [label="num",style=filled,fillcolor=powderblue]
	"Jump99" -> "num101"
	"JumpCheck102" [label="JumpCheck"]
	"Jump99" -> "JumpCheck102"
	"if103" [label="if",style=filled,fillcolor=powderblue]
	"JumpCheck102" -> "if103"
	"Expression104" [label="Expression"]
	"JumpCheck102" -> "Expression104"
	"Term105" [label="Term"]
	"Expression104" -> "Term105"
	"Power106" [label="Power"]
	"Term105" -> "Power106"
	"Factor107" [label="Factor"]
	"Power106" -> "Factor107"
	"m108" [label="m",style=filled,fillcolor=powderblue]
	"Factor107" -> "m108"
	"[109" [label="[",style=filled,fillcolor=powderblue]
	"Factor107" -> "[109"
	"Expression110" [label="Expression"]
	"Factor107" -> "Expression110"
	"Term111" [label="Term"]
	"Expression110" -> "Term111"
	"Power112" [label="Power"]
	"Term111" -> "Power112"
	"Factor113" [label="Factor"]
	"Power112" -> "Factor113"
	"num114" [label="num",style=filled,fillcolor=powderblue]
	"Factor113" -> "num114"
	"Power2115" [label="Power2"]
	"Power112" -> "Power2115"
	"Term2116" [label="Term2"]
	"Term111" -> "Term2116"
	"Expression2117" [label="Expression2"]
	"Expression110" -> "Expression2117"
	"]118" [label="]",style=filled,fillcolor=powderblue]
	"Factor107" -> "]118"
	"Power2119" [label="Power2"]
	"Power106" -> "Power2119"
	"Term2120" [label="Term2"]
	"Term105" -> "Term2120"
	"Expression2121" [label="Expression2"]
	"Expression104" -> "Expression2121"
	"Start122" [label="Start"]
	"Start97" -> "Start122"
	"Statement123" [label="Statement"]
	"Start122" -> "Statement123"
	"Jump124" [label="Jump"]
	"Statement123" -> "Jump124"
	"goto125" [label="goto",style=filled,fillcolor=powderblue]
	"Jump124" -> "goto125"
	"num126" [label="num",style=filled,fillcolor=powderblue]
	"Jump124" -> "num126"
	"JumpCheck127" [label="JumpCheck"]
	"Jump124" -> "JumpCheck127"
	"Start128" [label="Start"]
	"Start122" -> "Start128"
	"Statement129" [label="Statement"]
	"Start128" -> "Statement129"
	"Label130" [label="Label"]
	"Statement129" -> "Label130"
	"L131" [label="L",style=filled,fillcolor=powderblue]
	"Label130" -> "L131"
	"num132" [label="num",style=filled,fillcolor=powderblue]
	"Label130" -> "num132"
	":133" [label=":",style=filled,fillcolor=powderblue]
	"Label130" -> ":133"
	"Start134" [label="Start"]
	"Start128" -> "Start134"
	"Statement135" [label="Statement"]
	"Start134" -> "Statement135"
	"Assignment136" [label="Assignment"]
	"Statement135" -> "Assignment136"
	"m137" [label="m",style=filled,fillcolor=powderblue]
	"Assignment136" -> "m137"
	"[138" [label="[",style=filled,fillcolor=powderblue]
	"Assignment136" -> "[138"
	"Expression139" [label="Expression"]
	"Assignment136" -> "Expression139"
	"Term140" [label="Term"]
	"Expression139" -> "Term140"
	"Power141" [label="Power"]
	"Term140" -> "Power141"
	"Factor142" [label="Factor"]
	"Power141" -> "Factor142"
	"num143" [label="num",style=filled,fillcolor=powderblue]
	"Factor142" -> "num143"
	"Power2144" [label="Power2"]
	"Power141" -> "Power2144"
	"Term2145" [label="Term2"]
	"Term140" -> "Term2145"
	"Expression2146" [label="Expression2"]
	"Expression139" -> "Expression2146"
	"]147" [label="]",style=filled,fillcolor=powderblue]
	"Assignment136" -> "]147"
	"=148" [label="=",style=filled,fillcolor=powderblue]
	"Assignment136" -> "=148"
	"Expression149" [label="Expression"]
	"Assignment136" -> "Expression149"
	"Term150" [label="Term"]
	"Expression149" -> "Term150"
	"Power151" [label="Power"]
	"Term150" -> "Power151"
	"Factor152" [label="Factor"]
	"Power151" -> "Factor152"
	"num153" [label="num",style=filled,fillcolor=powderblue]
	"Factor152" -> "num153"
	"Power2154" [label="Power2"]
	"Power151" -> "Power2154"
	"Term2155" [label="Term2"]
	"Term150" -> "Term2155"
	"Expression2156" [label="Expression2"]
	"Expression149" -> "Expression2156"
	"-157" [label="-",style=filled,fillcolor=powderblue]
	"Expression2156" -> "-157"
	"Expression158" [label="Expression"]
	"Expression2156" -> "Expression158"
	"Term159" [label="Term"]
	"Expression158" -> "Term159"
	"Power160" [label="Power"]
	"Term159" -> "Power160"
	"Factor161" [label="Factor"]
	"Power160" -> "Factor161"
	"(162" [label="(",style=filled,fillcolor=powderblue]
	"Factor161" -> "(162"
	"Expression163" [label="Expression"]
	"Factor161" -> "Expression163"
	"Term164" [label="Term"]
	"Expression163" -> "Term164"
	"Power165" [label="Power"]
	"Term164" -> "Power165"
	"Factor166" [label="Factor"]
	"Power165" -> "Factor166"
	"m167" [label="m",style=filled,fillcolor=powderblue]
	"Factor166" -> "m167"
	"[168" [label="[",style=filled,fillcolor=powderblue]
	"Factor166" -> "[168"
	"Expression169" [label="Expression"]
	"Factor166" -> "Expression169"
	"Term170" [label="Term"]
	"Expression169" -> "Term170"
	"Power171" [label="Power"]
	"Term170" -> "Power171"
	"Factor172" [label="Factor"]
	"Power171" -> "Factor172"
	"num173" [label="num",style=filled,fillcolor=powderblue]
	"Factor172" -> "num173"
	"Power2174" [label="Power2"]
	"Power171" -> "Power2174"
	"Term2175" [label="Term2"]
	"Term170" -> "Term2175"
	"Expression2176" [label="Expression2"]
	"Expression169" -> "Expression2176"
	"]177" [label="]",style=filled,fillcolor=powderblue]
	"Factor166" -> "]177"
	"Power2178" [label="Power2"]
	"Power165" -> "Power2178"
	"Term2179" [label="Term2"]
	"Term164" -> "Term2179"
	"Expression2180" [label="Expression2"]
	"Expression163" -> "Expression2180"
	"-181" [label="-",style=filled,fillcolor=powderblue]
	"Expression2180" -> "-181"
	"Expression182" [label="Expression"]
	"Expression2180" -> "Expression182"
	"Term183" [label="Term"]
	"Expression182" -> "Term183"
	"Power184" [label="Power"]
	"Term183" -> "Power184"
	"Factor185" [label="Factor"]
	"Power184" -> "Factor185"
	"num186" [label="num",style=filled,fillcolor=powderblue]
	"Factor185" -> "num186"
	"Power2187" [label="Power2"]
	"Power184" -> "Power2187"
	"**188" [label="**",style=filled,fillcolor=powderblue]
	"Power2187" -> "**188"
	"Power189" [label="Power"]
	"Power2187" -> "Power189"
	"Factor190" [label="Factor"]
	"Power189" -> "Factor190"
	"num191" [label="num",style=filled,fillcolor=powderblue]
	"Factor190" -> "num191"
	"Power2192" [label="Power2"]
	"Power189" -> "Power2192"
	"Term2193" [label="Term2"]
	"Term183" -> "Term2193"
	"Expression2194" [label="Expression2"]
	"Expression182" -> "Expression2194"
	")195" [label=")",style=filled,fillcolor=powderblue]
	"Factor161" -> ")195"
	"Power2196" [label="Power2"]
	"Power160" -> "Power2196"
	"Term2197" [label="Term2"]
	"Term159" -> "Term2197"
	"Expression2198" [label="Expression2"]
	"Expression158" -> "Expression2198"
	"Start199" [label="Start"]
	"Start134" -> "Start199"
	"Statement200" [label="Statement"]
	"Start199" -> "Statement200"
	"Label201" [label="Label"]
	"Statement200" -> "Label201"
	"L202" [label="L",style=filled,fillcolor=powderblue]
	"Label201" -> "L202"
	"num203" [label="num",style=filled,fillcolor=powderblue]
	"Label201" -> "num203"
	":204" [label=":",style=filled,fillcolor=powderblue]
	"Label201" -> ":204"
	"Start205" [label="Start"]
	"Start199" -> "Start205"
	"Statement206" [label="Statement"]
	"Start205" -> "Statement206"
	"Assignment207" [label="Assignment"]
	"Statement206" -> "Assignment207"
	"m208" [label="m",style=filled,fillcolor=powderblue]
	"Assignment207" -> "m208"
	"[209" [label="[",style=filled,fillcolor=powderblue]
	"Assignment207" -> "[209"
	"Expression210" [label="Expression"]
	"Assignment207" -> "Expression210"
	"Term211" [label="Term"]
	"Expression210" -> "Term211"
	"Power212" [label="Power"]
	"Term211" -> "Power212"
	"Factor213" [label="Factor"]
	"Power212" -> "Factor213"
	"num214" [label="num",style=filled,fillcolor=powderblue]
	"Factor213" -> "num214"
	"Power2215" [label="Power2"]
	"Power212" -> "Power2215"
	"Term2216" [label="Term2"]
	"Term211" -> "Term2216"
	"Expression2217" [label="Expression2"]
	"Expression210" -> "Expression2217"
	"]218" [label="]",style=filled,fillcolor=powderblue]
	"Assignment207" -> "]218"
	"=219" [label="=",style=filled,fillcolor=powderblue]
	"Assignment207" -> "=219"
	"Expression220" [label="Expression"]
	"Assignment207" -> "Expression220"
	"Term221" [label="Term"]
	"Expression220" -> "Term221"
	"Power222" [label="Power"]
	"Term221" -> "Power222"
	"Factor223" [label="Factor"]
	"Power222" -> "Factor223"
	"num224" [label="num",style=filled,fillcolor=powderblue]
	"Factor223" -> "num224"
	"Power2225" [label="Power2"]
	"Power222" -> "Power2225"
	"Term2226" [label="Term2"]
	"Term221" -> "Term2226"
	"Expression2227" [label="Expression2"]
	"Expression220" -> "Expression2227"
	"-228" [label="-",style=filled,fillcolor=powderblue]
	"Expression2227" -> "-228"
	"Expression229" [label="Expression"]
	"Expression2227" -> "Expression229"
	"Term230" [label="Term"]
	"Expression229" -> "Term230"
	"Power231" [label="Power"]
	"Term230" -> "Power231"
	"Factor232" [label="Factor"]
	"Power231" -> "Factor232"
	"(233" [label="(",style=filled,fillcolor=powderblue]
	"Factor232" -> "(233"
	"Expression234" [label="Expression"]
	"Factor232" -> "Expression234"
	"Term235" [label="Term"]
	"Expression234" -> "Term235"
	"Power236" [label="Power"]
	"Term235" -> "Power236"
	"Factor237" [label="Factor"]
	"Power236" -> "Factor237"
	"m238" [label="m",style=filled,fillcolor=powderblue]
	"Factor237" -> "m238"
	"[239" [label="[",style=filled,fillcolor=powderblue]
	"Factor237" -> "[239"
	"Expression240" [label="Expression"]
	"Factor237" -> "Expression240"
	"Term241" [label="Term"]
	"Expression240" -> "Term241"
	"Power242" [label="Power"]
	"Term241" -> "Power242"
	"Factor243" [label="Factor"]
	"Power242" -> "Factor243"
	"num244" [label="num",style=filled,fillcolor=powderblue]
	"Factor243" -> "num244"
	"Power2245" [label="Power2"]
	"Power242" -> "Power2245"
	"Term2246" [label="Term2"]
	"Term241" -> "Term2246"
	"Expression2247" [label="Expression2"]
	"Expression240" -> "Expression2247"
	"]248" [label="]",style=filled,fillcolor=powderblue]
	"Factor237" -> "]248"
	"Power2249" [label="Power2"]
	"Power236" -> "Power2249"
	"Term2250" [label="Term2"]
	"Term235" -> "Term2250"
	"Expression2251" [label="Expression2"]
	"Expression234" -> "Expression2251"
	"-252" [label="-",style=filled,fillcolor=powderblue]
	"Expression2251" -> "-252"
	"Expression253" [label="Expression"]
	"Expression2251" -> "Expression253"
	"Term254" [label="Term"]
	"Expression253" -> "Term254"
	"Power255" [label="Power"]
	"Term254" -> "Power255"
	"Factor256" [label="Factor"]
	"Power255" -> "Factor256"
	"num257" [label="num",style=filled,fillcolor=powderblue]
	"Factor256" -> "num257"
	"Power2258" [label="Power2"]
	"Power255" -> "Power2258"
	"Term2259" [label="Term2"]
	"Term254" -> "Term2259"
	"Expression2260" [label="Expression2"]
	"Expression253" -> "Expression2260"
	")261" [label=")",style=filled,fillcolor=powderblue]
	"Factor232" -> ")261"
	"Power2262" [label="Power2"]
	"Power231" -> "Power2262"
	"Term2263" [label="Term2"]
	"Term230" -> "Term2263"
	"Expression2264" [label="Expression2"]
	"Expression229" -> "Expression2264"
	"Start265" [label="Start"]
	"Start205" -> "Start265"
	"Statement266" [label="Statement"]
	"Start265" -> "Statement266"
	"Print267" [label="Print"]
	"Statement266" -> "Print267"
	"print268" [label="print",style=filled,fillcolor=powderblue]
	"Print267" -> "print268"
	"Expression269" [label="Expression"]
	"Print267" -> "Expression269"
	"Term270" [label="Term"]
	"Expression269" -> "Term270"
	"Power271" [label="Power"]
	"Term270" -> "Power271"
	"Factor272" [label="Factor"]
	"Power271" -> "Factor272"
	"m273" [label="m",style=filled,fillcolor=powderblue]
	"Factor272" -> "m273"
	"[274" [label="[",style=filled,fillcolor=powderblue]
	"Factor272" -> "[274"
	"Expression275" [label="Expression"]
	"Factor272" -> "Expression275"
	"Term276" [label="Term"]
	"Expression275" -> "Term276"
	"Power277" [label="Power"]
	"Term276" -> "Power277"
	"Factor278" [label="Factor"]
	"Power277" -> "Factor278"
	"num279" [label="num",style=filled,fillcolor=powderblue]
	"Factor278" -> "num279"
	"Power2280" [label="Power2"]
	"Power277" -> "Power2280"
	"Term2281" [label="Term2"]
	"Term276" -> "Term2281"
	"Expression2282" [label="Expression2"]
	"Expression275" -> "Expression2282"
	"]283" [label="]",style=filled,fillcolor=powderblue]
	"Factor272" -> "]283"
	"Power2284" [label="Power2"]
	"Power271" -> "Power2284"
	"Term2285" [label="Term2"]
	"Term270" -> "Term2285"
	"Expression2286" [label="Expression2"]
	"Expression269" -> "Expression2286"
	"Start287" [label="Start"]
	"Start265" -> "Start287"
	"Statement288" [label="Statement"]
	"Start287" -> "Statement288"
	"Print289" [label="Print"]
	"Statement288" -> "Print289"
	"print290" [label="print",style=filled,fillcolor=powderblue]
	"Print289" -> "print290"
	"Expression291" [label="Expression"]
	"Print289" -> "Expression291"
	"Term292" [label="Term"]
	"Expression291" -> "Term292"
	"Power293" [label="Power"]
	"Term292" -> "Power293"
	"Factor294" [label="Factor"]
	"Power293" -> "Factor294"
	"m295" [label="m",style=filled,fillcolor=powderblue]
	"Factor294" -> "m295"
	"[296" [label="[",style=filled,fillcolor=powderblue]
	"Factor294" -> "[296"
	"Expression297" [label="Expression"]
	"Factor294" -> "Expression297"
	"Term298" [label="Term"]
	"Expression297" -> "Term298"
	"Power299" [label="Power"]
	"Term298" -> "Power299"
	"Factor300" [label="Factor"]
	"Power299" -> "Factor300"
	"num301" [label="num",style=filled,fillcolor=powderblue]
	"Factor300" -> "num301"
	"Power2302" [label="Power2"]
	"Power299" -> "Power2302"
	"Term2303" [label="Term2"]
	"Term298" -> "Term2303"
	"Expression2304" [label="Expression2"]
	"Expression297" -> "Expression2304"
	"]305" [label="]",style=filled,fillcolor=powderblue]
	"Factor294" -> "]305"
	"Power2306" [label="Power2"]
	"Power293" -> "Power2306"
	"Term2307" [label="Term2"]
	"Term292" -> "Term2307"
	"Expression2308" [label="Expression2"]
	"Expression291" -> "Expression2308"
	"Start309" [label="Start"]
	"Start287" -> "Start309"
	"Statement310" [label="Statement"]
	"Start309" -> "Statement310"
	"Print311" [label="Print"]
	"Statement310" -> "Print311"
	"print312" [label="print",style=filled,fillcolor=powderblue]
	"Print311" -> "print312"
	"Expression313" [label="Expression"]
	"Print311" -> "Expression313"
	"Term314" [label="Term"]
	"Expression313" -> "Term314"
	"Power315" [label="Power"]
	"Term314" -> "Power315"
	"Factor316" [label="Factor"]
	"Power315" -> "Factor316"
	"m317" [label="m",style=filled,fillcolor=powderblue]
	"Factor316" -> "m317"
	"[318" [label="[",style=filled,fillcolor=powderblue]
	"Factor316" -> "[318"
	"Expression319" [label="Expression"]
	"Factor316" -> "Expression319"
	"Term320" [label="Term"]
	"Expression319" -> "Term320"
	"Power321" [label="Power"]
	"Term320" -> "Power321"
	"Factor322" [label="Factor"]
	"Power321" -> "Factor322"
	"num323" [label="num",style=filled,fillcolor=powderblue]
	"Factor322" -> "num323"
	"Power2324" [label="Power2"]
	"Power321" -> "Power2324"
	"Term2325" [label="Term2"]
	"Term320" -> "Term2325"
	"Expression2326" [label="Expression2"]
	"Expression319" -> "Expression2326"
	"]327" [label="]",style=filled,fillcolor=powderblue]
	"Factor316" -> "]327"
	"Power2328" [label="Power2"]
	"Power315" -> "Power2328"
	"Term2329" [label="Term2"]
	"Term314" -> "Term2329"
	"Expression2330" [label="Expression2"]
	"Expression313" -> "Expression2330"
	"Start331" [label="Start"]
	"Start309" -> "Start331"
};
