digraph G {
	"Start1" [label="Start"]
	"Statement2" [label="Statement"]
	"Start1" -> "Statement2"
	"Assignment3" [label="Assignment"]
	"Statement2" -> "Assignment3"
	"m4" [label="m",style=filled,fillcolor=powderblue]
	"Assignment3" -> "m4"
	"[5" [label="[",style=filled,fillcolor=powderblue]
	"Assignment3" -> "[5"
	"Expression6" [label="Expression"]
	"Assignment3" -> "Expression6"
	"Term7" [label="Term"]
	"Expression6" -> "Term7"
	"Power8" [label="Power"]
	"Term7" -> "Power8"
	"Factor9" [label="Factor"]
	"Power8" -> "Factor9"
	"num10" [label="num",style=filled,fillcolor=powderblue]
	"Factor9" -> "num10"
	"Power211" [label="Power2"]
	"Power8" -> "Power211"
	"Term212" [label="Term2"]
	"Term7" -> "Term212"
	"Expression213" [label="Expression2"]
	"Expression6" -> "Expression213"
	"]14" [label="]",style=filled,fillcolor=powderblue]
	"Assignment3" -> "]14"
	"=15" [label="=",style=filled,fillcolor=powderblue]
	"Assignment3" -> "=15"
	"Expression16" [label="Expression"]
	"Assignment3" -> "Expression16"
	"Term17" [label="Term"]
	"Expression16" -> "Term17"
	"Power18" [label="Power"]
	"Term17" -> "Power18"
	"Factor19" [label="Factor"]
	"Power18" -> "Factor19"
	"num20" [label="num",style=filled,fillcolor=powderblue]
	"Factor19" -> "num20"
	"Power221" [label="Power2"]
	"Power18" -> "Power221"
	"Term222" [label="Term2"]
	"Term17" -> "Term222"
	"/23" [label="/",style=filled,fillcolor=powderblue]
	"Term222" -> "/23"
	"Term24" [label="Term"]
	"Term222" -> "Term24"
	"Power25" [label="Power"]
	"Term24" -> "Power25"
	"Factor26" [label="Factor"]
	"Power25" -> "Factor26"
	"num27" [label="num",style=filled,fillcolor=powderblue]
	"Factor26" -> "num27"
	"Power228" [label="Power2"]
	"Power25" -> "Power228"
	"Term229" [label="Term2"]
	"Term24" -> "Term229"
	"*30" [label="*",style=filled,fillcolor=powderblue]
	"Term229" -> "*30"
	"Term31" [label="Term"]
	"Term229" -> "Term31"
	"Power32" [label="Power"]
	"Term31" -> "Power32"
	"Factor33" [label="Factor"]
	"Power32" -> "Factor33"
	"num34" [label="num",style=filled,fillcolor=powderblue]
	"Factor33" -> "num34"
	"Power235" [label="Power2"]
	"Power32" -> "Power235"
	"Term236" [label="Term2"]
	"Term31" -> "Term236"
	"Expression237" [label="Expression2"]
	"Expression16" -> "Expression237"
	"Start38" [label="Start"]
	"Start1" -> "Start38"
	"Statement39" [label="Statement"]
	"Start38" -> "Statement39"
	"Assignment40" [label="Assignment"]
	"Statement39" -> "Assignment40"
	"m41" [label="m",style=filled,fillcolor=powderblue]
	"Assignment40" -> "m41"
	"[42" [label="[",style=filled,fillcolor=powderblue]
	"Assignment40" -> "[42"
	"Expression43" [label="Expression"]
	"Assignment40" -> "Expression43"
	"Term44" [label="Term"]
	"Expression43" -> "Term44"
	"Power45" [label="Power"]
	"Term44" -> "Power45"
	"Factor46" [label="Factor"]
	"Power45" -> "Factor46"
	"num47" [label="num",style=filled,fillcolor=powderblue]
	"Factor46" -> "num47"
	"Power248" [label="Power2"]
	"Power45" -> "Power248"
	"Term249" [label="Term2"]
	"Term44" -> "Term249"
	"Expression250" [label="Expression2"]
	"Expression43" -> "Expression250"
	"]51" [label="]",style=filled,fillcolor=powderblue]
	"Assignment40" -> "]51"
	"=52" [label="=",style=filled,fillcolor=powderblue]
	"Assignment40" -> "=52"
	"Expression53" [label="Expression"]
	"Assignment40" -> "Expression53"
	"Term54" [label="Term"]
	"Expression53" -> "Term54"
	"Power55" [label="Power"]
	"Term54" -> "Power55"
	"Factor56" [label="Factor"]
	"Power55" -> "Factor56"
	"num57" [label="num",style=filled,fillcolor=powderblue]
	"Factor56" -> "num57"
	"Power258" [label="Power2"]
	"Power55" -> "Power258"
	"Term259" [label="Term2"]
	"Term54" -> "Term259"
	"/60" [label="/",style=filled,fillcolor=powderblue]
	"Term259" -> "/60"
	"Term61" [label="Term"]
	"Term259" -> "Term61"
	"Power62" [label="Power"]
	"Term61" -> "Power62"
	"Factor63" [label="Factor"]
	"Power62" -> "Factor63"
	"num64" [label="num",style=filled,fillcolor=powderblue]
	"Factor63" -> "num64"
	"Power265" [label="Power2"]
	"Power62" -> "Power265"
	"Term266" [label="Term2"]
	"Term61" -> "Term266"
	"*67" [label="*",style=filled,fillcolor=powderblue]
	"Term266" -> "*67"
	"Term68" [label="Term"]
	"Term266" -> "Term68"
	"Power69" [label="Power"]
	"Term68" -> "Power69"
	"Factor70" [label="Factor"]
	"Power69" -> "Factor70"
	"num71" [label="num",style=filled,fillcolor=powderblue]
	"Factor70" -> "num71"
	"Power272" [label="Power2"]
	"Power69" -> "Power272"
	"Term273" [label="Term2"]
	"Term68" -> "Term273"
	"Expression274" [label="Expression2"]
	"Expression53" -> "Expression274"
	"Start75" [label="Start"]
	"Start38" -> "Start75"
	"Statement76" [label="Statement"]
	"Start75" -> "Statement76"
	"Print77" [label="Print"]
	"Statement76" -> "Print77"
	"print78" [label="print",style=filled,fillcolor=powderblue]
	"Print77" -> "print78"
	"Expression79" [label="Expression"]
	"Print77" -> "Expression79"
	"Term80" [label="Term"]
	"Expression79" -> "Term80"
	"Power81" [label="Power"]
	"Term80" -> "Power81"
	"Factor82" [label="Factor"]
	"Power81" -> "Factor82"
	"m83" [label="m",style=filled,fillcolor=powderblue]
	"Factor82" -> "m83"
	"[84" [label="[",style=filled,fillcolor=powderblue]
	"Factor82" -> "[84"
	"Expression85" [label="Expression"]
	"Factor82" -> "Expression85"
	"Term86" [label="Term"]
	"Expression85" -> "Term86"
	"Power87" [label="Power"]
	"Term86" -> "Power87"
	"Factor88" [label="Factor"]
	"Power87" -> "Factor88"
	"num89" [label="num",style=filled,fillcolor=powderblue]
	"Factor88" -> "num89"
	"Power290" [label="Power2"]
	"Power87" -> "Power290"
	"Term291" [label="Term2"]
	"Term86" -> "Term291"
	"Expression292" [label="Expression2"]
	"Expression85" -> "Expression292"
	"]93" [label="]",style=filled,fillcolor=powderblue]
	"Factor82" -> "]93"
	"Power294" [label="Power2"]
	"Power81" -> "Power294"
	"Term295" [label="Term2"]
	"Term80" -> "Term295"
	"Expression296" [label="Expression2"]
	"Expression79" -> "Expression296"
	"Start97" [label="Start"]
	"Start75" -> "Start97"
	"Statement98" [label="Statement"]
	"Start97" -> "Statement98"
	"Jump99" [label="Jump"]
	"Statement98" -> "Jump99"
	"goto100" [label="goto",style=filled,fillcolor=powderblue]
	"Jump99" -> "goto100"
	"num101" [label="num",style=filled,fillcolor=powderblue]
	"Jump99" -> "num101"
	"JumpCheck102" [label="JumpCheck"]
	"Jump99" -> "JumpCheck102"
	"if103" [label="if",style=filled,fillcolor=powderblue]
	"JumpCheck102" -> "if103"
	"Expression104" [label="Expression"]
	"JumpCheck102" -> "Expression104"
	"Term105" [label="Term"]
	"Expression104" -> "Term105"
	"Power106" [label="Power"]
	"Term105" -> "Power106"
	"Factor107" [label="Factor"]
	"Power106" -> "Factor107"
	"m108" [label="m",style=filled,fillcolor=powderblue]
	"Factor107" -> "m108"
	"[109" [label="[",style=filled,fillcolor=powderblue]
	"Factor107" -> "[109"
	"Expression110" [label="Expression"]
	"Factor107" -> "Expression110"
	"Term111" [label="Term"]
	"Expression110" -> "Term111"
	"Power112" [label="Power"]
	"Term111" -> "Power112"
	"Factor113" [label="Factor"]
	"Power112" -> "Factor113"
	"num114" [label="num",style=filled,fillcolor=powderblue]
	"Factor113" -> "num114"
	"Power2115" [label="Power2"]
	"Power112" -> "Power2115"
	"Term2116" [label="Term2"]
	"Term111" -> "Term2116"
	"Expression2117" [label="Expression2"]
	"Expression110" -> "Expression2117"
	"]118" [label="]",style=filled,fillcolor=powderblue]
	"Factor107" -> "]118"
	"Power2119" [label="Power2"]
	"Power106" -> "Power2119"
	"Term2120" [label="Term2"]
	"Term105" -> "Term2120"
	"Expression2121" [label="Expression2"]
	"Expression104" -> "Expression2121"
	"Start122" [label="Start"]
	"Start97" -> "Start122"
	"Statement123" [label="Statement"]
	"Start122" -> "Statement123"
	"Jump124" [label="Jump"]
	"Statement123" -> "Jump124"
	"goto125" [label="goto",style=filled,fillcolor=powderblue]
	"Jump124" -> "goto125"
	"num126" [label="num",style=filled,fillcolor=powderblue]
	"Jump124" -> "num126"
	"JumpCheck127" [label="JumpCheck"]
	"Jump124" -> "JumpCheck127"
	"Start128" [label="Start"]
	"Start122" -> "Start128"
	"Statement129" [label="Statement"]
	"Start128" -> "Statement129"
	"Label130" [label="Label"]
	"Statement129" -> "Label130"
	"L131" [label="L",style=filled,fillcolor=powderblue]
	"Label130" -> "L131"
	"num132" [label="num",style=filled,fillcolor=powderblue]
	"Label130" -> "num132"
	":133" [label=":",style=filled,fillcolor=powderblue]
	"Label130" -> ":133"
	"Start134" [label="Start"]
	"Start128" -> "Start134"
	"Statement135" [label="Statement"]
	"Start134" -> "Statement135"
	"Assignment136" [label="Assignment"]
	"Statement135" -> "Assignment136"
	"m137" [label="m",style=filled,fillcolor=powderblue]
	"Assignment136" -> "m137"
	"[138" [label="[",style=filled,fillcolor=powderblue]
	"Assignment136" -> "[138"
	"Expression139" [label="Expression"]
	"Assignment136" -> "Expression139"
	"Term140" [label="Term"]
	"Expression139" -> "Term140"
	"Power141" [label="Power"]
	"Term140" -> "Power141"
	"Factor142" [label="Factor"]
	"Power141" -> "Factor142"
	"num143" [label="num",style=filled,fillcolor=powderblue]
	"Factor142" -> "num143"
	"Power2144" [label="Power2"]
	"Power141" -> "Power2144"
	"Term2145" [label="Term2"]
	"Term140" -> "Term2145"
	"Expression2146" [label="Expression2"]
	"Expression139" -> "Expression2146"
	"]147" [label="]",style=filled,fillcolor=powderblue]
	"Assignment136" -> "]147"
	"=148" [label="=",style=filled,fillcolor=powderblue]
	"Assignment136" -> "=148"
	"Expression149" [label="Expression"]
	"Assignment136" -> "Expression149"
	"Term150" [label="Term"]
	"Expression149" -> "Term150"
	"Power151" [label="Power"]
	"Term150" -> "Power151"
	"Factor152" [label="Factor"]
	"Power151" -> "Factor152"
	"num153" [label="num",style=filled,fillcolor=powderblue]
	"Factor152" -> "num153"
	"Power2154" [label="Power2"]
	"Power151" -> "Power2154"
	"Term2155" [label="Term2"]
	"Term150" -> "Term2155"
	"Expression2156" [label="Expression2"]
	"Expression149" -> "Expression2156"
	"-157" [label="-",style=filled,fillcolor=powderblue]
	"Expression2156" -> "-157"
	"Expression158" [label="Expression"]
	"Expression2156" -> "Expression158"
	"Term159" [label="Term"]
	"Expression158" -> "Term159"
	"Power160" [label="Power"]
	"Term159" -> "Power160"
	"Factor161" [label="Factor"]
	"Power160" -> "Factor161"
	"(162" [label="(",style=filled,fillcolor=powderblue]
	"Factor161" -> "(162"
	"Expression163" [label="Expression"]
	"Factor161" -> "Expression163"
	"Term164" [label="Term"]
	"Expression163" -> "Term164"
	"Power165" [label="Power"]
	"Term164" -> "Power165"
	"Factor166" [label="Factor"]
	"Power165" -> "Factor166"
	"m167" [label="m",style=filled,fillcolor=powderblue]
	"Factor166" -> "m167"
	"[168" [label="[",style=filled,fillcolor=powderblue]
	"Factor166" -> "[168"
	"Expression169" [label="Expression"]
	"Factor166" -> "Expression169"
	"Term170" [label="Term"]
	"Expression169" -> "Term170"
	"Power171" [label="Power"]
	"Term170" -> "Power171"
	"Factor172" [label="Factor"]
	"Power171" -> "Factor172"
	"num173" [label="num",style=filled,fillcolor=powderblue]
	"Factor172" -> "num173"
	"Power2174" [label="Power2"]
	"Power171" -> "Power2174"
	"Term2175" [label="Term2"]
	"Term170" -> "Term2175"
	"Expression2176" [label="Expression2"]
	"Expression169" -> "Expression2176"
	"]177" [label="]",style=filled,fillcolor=powderblue]
	"Factor166" -> "]177"
	"Power2178" [label="Power2"]
	"Power165" -> "Power2178"
	"Term2179" [label="Term2"]
	"Term164" -> "Term2179"
	"Expression2180" [label="Expression2"]
	"Expression163" -> "Expression2180"
	"-181" [label="-",style=filled,fillcolor=powderblue]
	"Expression2180" -> "-181"
	"Expression182" [label="Expression"]
	"Expression2180" -> "Expression182"
	"Term183" [label="Term"]
	"Expression182" -> "Term183"
	"Power184" [label="Power"]
	"Term183" -> "Power184"
	"Factor185" [label="Factor"]
	"Power184" -> "Factor185"
	"num186" [label="num",style=filled,fillcolor=powderblue]
	"Factor185" -> "num186"
	"Power2187" [label="Power2"]
	"Power184" -> "Power2187"
	"**188" [label="**",style=filled,fillcolor=powderblue]
	"Power2187" -> "**188"
	"Power189" [label="Power"]
	"Power2187" -> "Power189"
	"Factor190" [label="Factor"]
	"Power189" -> "Factor190"
	"num191" [label="num",style=filled,fillcolor=powderblue]
	"Factor190" -> "num191"
	"Power2192" [label="Power2"]
	"Power189" -> "Power2192"
	"Term2193" [label="Term2"]
	"Term183" -> "Term2193"
	"Expression2194" [label="Expression2"]
	"Expression182" -> "Expression2194"
	")195" [label=")",style=filled,fillcolor=powderblue]
	"Factor161" -> ")195"
	"Power2196" [label="Power2"]
	"Power160" -> "Power2196"
	"Term2197" [label="Term2"]
	"Term159" -> "Term2197"
	"Expression2198" [label="Expression2"]
	"Expression158" -> "Expression2198"
	"Start199" [label="Start"]
	"Start134" -> "Start199"
	"Statement200" [label="Statement"]
	"Start199" -> "Statement200"
	"Assignment201" [label="Assignment"]
	"Statement200" -> "Assignment201"
	"m202" [label="m",style=filled,fillcolor=powderblue]
	"Assignment201" -> "m202"
	"[203" [label="[",style=filled,fillcolor=powderblue]
	"Assignment201" -> "[203"
	"Expression204" [label="Expression"]
	"Assignment201" -> "Expression204"
	"Term205" [label="Term"]
	"Expression204" -> "Term205"
	"Power206" [label="Power"]
	"Term205" -> "Power206"
	"Factor207" [label="Factor"]
	"Power206" -> "Factor207"
	"num208" [label="num",style=filled,fillcolor=powderblue]
	"Factor207" -> "num208"
	"Power2209" [label="Power2"]
	"Power206" -> "Power2209"
	"Term2210" [label="Term2"]
	"Term205" -> "Term2210"
	"Expression2211" [label="Expression2"]
	"Expression204" -> "Expression2211"
	"]212" [label="]",style=filled,fillcolor=powderblue]
	"Assignment201" -> "]212"
	"=213" [label="=",style=filled,fillcolor=powderblue]
	"Assignment201" -> "=213"
	"Expression214" [label="Expression"]
	"Assignment201" -> "Expression214"
	"Term215" [label="Term"]
	"Expression214" -> "Term215"
	"Power216" [label="Power"]
	"Term215" -> "Power216"
	"Factor217" [label="Factor"]
	"Power216" -> "Factor217"
	"m218" [label="m",style=filled,fillcolor=powderblue]
	"Factor217" -> "m218"
	"[219" [label="[",style=filled,fillcolor=powderblue]
	"Factor217" -> "[219"
	"Expression220" [label="Expression"]
	"Factor217" -> "Expression220"
	"Term221" [label="Term"]
	"Expression220" -> "Term221"
	"Power222" [label="Power"]
	"Term221" -> "Power222"
	"Factor223" [label="Factor"]
	"Power222" -> "Factor223"
	"num224" [label="num",style=filled,fillcolor=powderblue]
	"Factor223" -> "num224"
	"Power2225" [label="Power2"]
	"Power222" -> "Power2225"
	"Term2226" [label="Term2"]
	"Term221" -> "Term2226"
	"Expression2227" [label="Expression2"]
	"Expression220" -> "Expression2227"
	"]228" [label="]",style=filled,fillcolor=powderblue]
	"Factor217" -> "]228"
	"Power2229" [label="Power2"]
	"Power216" -> "Power2229"
	"Term2230" [label="Term2"]
	"Term215" -> "Term2230"
	"*231" [label="*",style=filled,fillcolor=powderblue]
	"Term2230" -> "*231"
	"Term232" [label="Term"]
	"Term2230" -> "Term232"
	"Power233" [label="Power"]
	"Term232" -> "Power233"
	"Factor234" [label="Factor"]
	"Power233" -> "Factor234"
	"m235" [label="m",style=filled,fillcolor=powderblue]
	"Factor234" -> "m235"
	"[236" [label="[",style=filled,fillcolor=powderblue]
	"Factor234" -> "[236"
	"Expression237" [label="Expression"]
	"Factor234" -> "Expression237"
	"Term238" [label="Term"]
	"Expression237" -> "Term238"
	"Power239" [label="Power"]
	"Term238" -> "Power239"
	"Factor240" [label="Factor"]
	"Power239" -> "Factor240"
	"num241" [label="num",style=filled,fillcolor=powderblue]
	"Factor240" -> "num241"
	"Power2242" [label="Power2"]
	"Power239" -> "Power2242"
	"Term2243" [label="Term2"]
	"Term238" -> "Term2243"
	"Expression2244" [label="Expression2"]
	"Expression237" -> "Expression2244"
	"]245" [label="]",style=filled,fillcolor=powderblue]
	"Factor234" -> "]245"
	"Power2246" [label="Power2"]
	"Power233" -> "Power2246"
	"Term2247" [label="Term2"]
	"Term232" -> "Term2247"
	"Expression2248" [label="Expression2"]
	"Expression214" -> "Expression2248"
	"Start249" [label="Start"]
	"Start199" -> "Start249"
	"Statement250" [label="Statement"]
	"Start249" -> "Statement250"
	"Label251" [label="Label"]
	"Statement250" -> "Label251"
	"L252" [label="L",style=filled,fillcolor=powderblue]
	"Label251" -> "L252"
	"num253" [label="num",style=filled,fillcolor=powderblue]
	"Label251" -> "num253"
	":254" [label=":",style=filled,fillcolor=powderblue]
	"Label251" -> ":254"
	"Start255" [label="Start"]
	"Start249" -> "Start255"
	"Statement256" [label="Statement"]
	"Start255" -> "Statement256"
	"Assignment257" [label="Assignment"]
	"Statement256" -> "Assignment257"
	"m258" [label="m",style=filled,fillcolor=powderblue]
	"Assignment257" -> "m258"
	"[259" [label="[",style=filled,fillcolor=powderblue]
	"Assignment257" -> "[259"
	"Expression260" [label="Expression"]
	"Assignment257" -> "Expression260"
	"Term261" [label="Term"]
	"Expression260" -> "Term261"
	"Power262" [label="Power"]
	"Term261" -> "Power262"
	"Factor263" [label="Factor"]
	"Power262" -> "Factor263"
	"num264" [label="num",style=filled,fillcolor=powderblue]
	"Factor263" -> "num264"
	"Power2265" [label="Power2"]
	"Power262" -> "Power2265"
	"Term2266" [label="Term2"]
	"Term261" -> "Term2266"
	"Expression2267" [label="Expression2"]
	"Expression260" -> "Expression2267"
	"]268" [label="]",style=filled,fillcolor=powderblue]
	"Assignment257" -> "]268"
	"=269" [label="=",style=filled,fillcolor=powderblue]
	"Assignment257" -> "=269"
	"Expression270" [label="Expression"]
	"Assignment257" -> "Expression270"
	"Term271" [label="Term"]
	"Expression270" -> "Term271"
	"Power272" [label="Power"]
	"Term271" -> "Power272"
	"Factor273" [label="Factor"]
	"Power272" -> "Factor273"
	"num274" [label="num",style=filled,fillcolor=powderblue]
	"Factor273" -> "num274"
	"Power2275" [label="Power2"]
	"Power272" -> "Power2275"
	"Term2276" [label="Term2"]
	"Term271" -> "Term2276"
	"Expression2277" [label="Expression2"]
	"Expression270" -> "Expression2277"
	"-278" [label="-",style=filled,fillcolor=powderblue]
	"Expression2277" -> "-278"
	"Expression279" [label="Expression"]
	"Expression2277" -> "Expression279"
	"Term280" [label="Term"]
	"Expression279" -> "Term280"
	"Power281" [label="Power"]
	"Term280" -> "Power281"
	"Factor282" [label="Factor"]
	"Power281" -> "Factor282"
	"(283" [label="(",style=filled,fillcolor=powderblue]
	"Factor282" -> "(283"
	"Expression284" [label="Expression"]
	"Factor282" -> "Expression284"
	"Term285" [label="Term"]
	"Expression284" -> "Term285"
	"Power286" [label="Power"]
	"Term285" -> "Power286"
	"Factor287" [label="Factor"]
	"Power286" -> "Factor287"
	"m288" [label="m",style=filled,fillcolor=powderblue]
	"Factor287" -> "m288"
	"[289" [label="[",style=filled,fillcolor=powderblue]
	"Factor287" -> "[289"
	"Expression290" [label="Expression"]
	"Factor287" -> "Expression290"
	"Term291" [label="Term"]
	"Expression290" -> "Term291"
	"Power292" [label="Power"]
	"Term291" -> "Power292"
	"Factor293" [label="Factor"]
	"Power292" -> "Factor293"
	"num294" [label="num",style=filled,fillcolor=powderblue]
	"Factor293" -> "num294"
	"Power2295" [label="Power2"]
	"Power292" -> "Power2295"
	"Term2296" [label="Term2"]
	"Term291" -> "Term2296"
	"Expression2297" [label="Expression2"]
	"Expression290" -> "Expression2297"
	"]298" [label="]",style=filled,fillcolor=powderblue]
	"Factor287" -> "]298"
	"Power2299" [label="Power2"]
	"Power286" -> "Power2299"
	"Term2300" [label="Term2"]
	"Term285" -> "Term2300"
	"Expression2301" [label="Expression2"]
	"Expression284" -> "Expression2301"
	"-302" [label="-",style=filled,fillcolor=powderblue]
	"Expression2301" -> "-302"
	"Expression303" [label="Expression"]
	"Expression2301" -> "Expression303"
	"Term304" [label="Term"]
	"Expression303" -> "Term304"
	"Power305" [label="Power"]
	"Term304" -> "Power305"
	"Factor306" [label="Factor"]
	"Power305" -> "Factor306"
	"num307" [label="num",style=filled,fillcolor=powderblue]
	"Factor306" -> "num307"
	"Power2308" [label="Power2"]
	"Power305" -> "Power2308"
	"Term2309" [label="Term2"]
	"Term304" -> "Term2309"
	"Expression2310" [label="Expression2"]
	"Expression303" -> "Expression2310"
	")311" [label=")",style=filled,fillcolor=powderblue]
	"Factor282" -> ")311"
	"Power2312" [label="Power2"]
	"Power281" -> "Power2312"
	"Term2313" [label="Term2"]
	"Term280" -> "Term2313"
	"Expression2314" [label="Expression2"]
	"Expression279" -> "Expression2314"
	"Start315" [label="Start"]
	"Start255" -> "Start315"
	"Statement316" [label="Statement"]
	"Start315" -> "Statement316"
	"Assignment317" [label="Assignment"]
	"Statement316" -> "Assignment317"
	"m318" [label="m",style=filled,fillcolor=powderblue]
	"Assignment317" -> "m318"
	"[319" [label="[",style=filled,fillcolor=powderblue]
	"Assignment317" -> "[319"
	"Expression320" [label="Expression"]
	"Assignment317" -> "Expression320"
	"Term321" [label="Term"]
	"Expression320" -> "Term321"
	"Power322" [label="Power"]
	"Term321" -> "Power322"
	"Factor323" [label="Factor"]
	"Power322" -> "Factor323"
	"num324" [label="num",style=filled,fillcolor=powderblue]
	"Factor323" -> "num324"
	"Power2325" [label="Power2"]
	"Power322" -> "Power2325"
	"Term2326" [label="Term2"]
	"Term321" -> "Term2326"
	"Expression2327" [label="Expression2"]
	"Expression320" -> "Expression2327"
	"]328" [label="]",style=filled,fillcolor=powderblue]
	"Assignment317" -> "]328"
	"=329" [label="=",style=filled,fillcolor=powderblue]
	"Assignment317" -> "=329"
	"Expression330" [label="Expression"]
	"Assignment317" -> "Expression330"
	"Term331" [label="Term"]
	"Expression330" -> "Term331"
	"Power332" [label="Power"]
	"Term331" -> "Power332"
	"Factor333" [label="Factor"]
	"Power332" -> "Factor333"
	"m334" [label="m",style=filled,fillcolor=powderblue]
	"Factor333" -> "m334"
	"[335" [label="[",style=filled,fillcolor=powderblue]
	"Factor333" -> "[335"
	"Expression336" [label="Expression"]
	"Factor333" -> "Expression336"
	"Term337" [label="Term"]
	"Expression336" -> "Term337"
	"Power338" [label="Power"]
	"Term337" -> "Power338"
	"Factor339" [label="Factor"]
	"Power338" -> "Factor339"
	"num340" [label="num",style=filled,fillcolor=powderblue]
	"Factor339" -> "num340"
	"Power2341" [label="Power2"]
	"Power338" -> "Power2341"
	"Term2342" [label="Term2"]
	"Term337" -> "Term2342"
	"Expression2343" [label="Expression2"]
	"Expression336" -> "Expression2343"
	"]344" [label="]",style=filled,fillcolor=powderblue]
	"Factor333" -> "]344"
	"Power2345" [label="Power2"]
	"Power332" -> "Power2345"
	"Term2346" [label="Term2"]
	"Term331" -> "Term2346"
	"*347" [label="*",style=filled,fillcolor=powderblue]
	"Term2346" -> "*347"
	"Term348" [label="Term"]
	"Term2346" -> "Term348"
	"Power349" [label="Power"]
	"Term348" -> "Power349"
	"Factor350" [label="Factor"]
	"Power349" -> "Factor350"
	"m351" [label="m",style=filled,fillcolor=powderblue]
	"Factor350" -> "m351"
	"[352" [label="[",style=filled,fillcolor=powderblue]
	"Factor350" -> "[352"
	"Expression353" [label="Expression"]
	"Factor350" -> "Expression353"
	"Term354" [label="Term"]
	"Expression353" -> "Term354"
	"Power355" [label="Power"]
	"Term354" -> "Power355"
	"Factor356" [label="Factor"]
	"Power355" -> "Factor356"
	"num357" [label="num",style=filled,fillcolor=powderblue]
	"Factor356" -> "num357"
	"Power2358" [label="Power2"]
	"Power355" -> "Power2358"
	"Term2359" [label="Term2"]
	"Term354" -> "Term2359"
	"Expression2360" [label="Expression2"]
	"Expression353" -> "Expression2360"
	"]361" [label="]",style=filled,fillcolor=powderblue]
	"Factor350" -> "]361"
	"Power2362" [label="Power2"]
	"Power349" -> "Power2362"
	"Term2363" [label="Term2"]
	"Term348" -> "Term2363"
	"Expression2364" [label="Expression2"]
	"Expression330" -> "Expression2364"
	"Start365" [label="Start"]
	"Start315" -> "Start365"
	"Statement366" [label="Statement"]
	"Start365" -> "Statement366"
	"Jump367" [label="Jump"]
	"Statement366" -> "Jump367"
	"goto368" [label="goto",style=filled,fillcolor=powderblue]
	"Jump367" -> "goto368"
	"num369" [label="num",style=filled,fillcolor=powderblue]
	"Jump367" -> "num369"
	"JumpCheck370" [label="JumpCheck"]
	"Jump367" -> "JumpCheck370"
	"Start371" [label="Start"]
	"Start365" -> "Start371"
	"Statement372" [label="Statement"]
	"Start371" -> "Statement372"
	"Print373" [label="Print"]
	"Statement372" -> "Print373"
	"print374" [label="print",style=filled,fillcolor=powderblue]
	"Print373" -> "print374"
	"Expression375" [label="Expression"]
	"Print373" -> "Expression375"
	"Term376" [label="Term"]
	"Expression375" -> "Term376"
	"Power377" [label="Power"]
	"Term376" -> "Power377"
	"Factor378" [label="Factor"]
	"Power377" -> "Factor378"
	"num379" [label="num",style=filled,fillcolor=powderblue]
	"Factor378" -> "num379"
	"Power2380" [label="Power2"]
	"Power377" -> "Power2380"
	"Term2381" [label="Term2"]
	"Term376" -> "Term2381"
	"*382" [label="*",style=filled,fillcolor=powderblue]
	"Term2381" -> "*382"
	"Term383" [label="Term"]
	"Term2381" -> "Term383"
	"Power384" [label="Power"]
	"Term383" -> "Power384"
	"Factor385" [label="Factor"]
	"Power384" -> "Factor385"
	"num386" [label="num",style=filled,fillcolor=powderblue]
	"Factor385" -> "num386"
	"Power2387" [label="Power2"]
	"Power384" -> "Power2387"
	"Term2388" [label="Term2"]
	"Term383" -> "Term2388"
	"Expression2389" [label="Expression2"]
	"Expression375" -> "Expression2389"
	"Start390" [label="Start"]
	"Start371" -> "Start390"
	"Statement391" [label="Statement"]
	"Start390" -> "Statement391"
	"Label392" [label="Label"]
	"Statement391" -> "Label392"
	"L393" [label="L",style=filled,fillcolor=powderblue]
	"Label392" -> "L393"
	"num394" [label="num",style=filled,fillcolor=powderblue]
	"Label392" -> "num394"
	":395" [label=":",style=filled,fillcolor=powderblue]
	"Label392" -> ":395"
	"Start396" [label="Start"]
	"Start390" -> "Start396"
	"Statement397" [label="Statement"]
	"Start396" -> "Statement397"
	"Assignment398" [label="Assignment"]
	"Statement397" -> "Assignment398"
	"m399" [label="m",style=filled,fillcolor=powderblue]
	"Assignment398" -> "m399"
	"[400" [label="[",style=filled,fillcolor=powderblue]
	"Assignment398" -> "[400"
	"Expression401" [label="Expression"]
	"Assignment398" -> "Expression401"
	"Term402" [label="Term"]
	"Expression401" -> "Term402"
	"Power403" [label="Power"]
	"Term402" -> "Power403"
	"Factor404" [label="Factor"]
	"Power403" -> "Factor404"
	"num405" [label="num",style=filled,fillcolor=powderblue]
	"Factor404" -> "num405"
	"Power2406" [label="Power2"]
	"Power403" -> "Power2406"
	"Term2407" [label="Term2"]
	"Term402" -> "Term2407"
	"Expression2408" [label="Expression2"]
	"Expression401" -> "Expression2408"
	"]409" [label="]",style=filled,fillcolor=powderblue]
	"Assignment398" -> "]409"
	"=410" [label="=",style=filled,fillcolor=powderblue]
	"Assignment398" -> "=410"
	"Expression411" [label="Expression"]
	"Assignment398" -> "Expression411"
	"Term412" [label="Term"]
	"Expression411" -> "Term412"
	"Power413" [label="Power"]
	"Term412" -> "Power413"
	"Factor414" [label="Factor"]
	"Power413" -> "Factor414"
	"num415" [label="num",style=filled,fillcolor=powderblue]
	"Factor414" -> "num415"
	"Power2416" [label="Power2"]
	"Power413" -> "Power2416"
	"Term2417" [label="Term2"]
	"Term412" -> "Term2417"
	"Expression2418" [label="Expression2"]
	"Expression411" -> "Expression2418"
	"Start419" [label="Start"]
	"Start396" -> "Start419"
	"Statement420" [label="Statement"]
	"Start419" -> "Statement420"
	"Print421" [label="Print"]
	"Statement420" -> "Print421"
	"print422" [label="print",style=filled,fillcolor=powderblue]
	"Print421" -> "print422"
	"Expression423" [label="Expression"]
	"Print421" -> "Expression423"
	"Term424" [label="Term"]
	"Expression423" -> "Term424"
	"Power425" [label="Power"]
	"Term424" -> "Power425"
	"Factor426" [label="Factor"]
	"Power425" -> "Factor426"
	"m427" [label="m",style=filled,fillcolor=powderblue]
	"Factor426" -> "m427"
	"[428" [label="[",style=filled,fillcolor=powderblue]
	"Factor426" -> "[428"
	"Expression429" [label="Expression"]
	"Factor426" -> "Expression429"
	"Term430" [label="Term"]
	"Expression429" -> "Term430"
	"Power431" [label="Power"]
	"Term430" -> "Power431"
	"Factor432" [label="Factor"]
	"Power431" -> "Factor432"
	"num433" [label="num",style=filled,fillcolor=powderblue]
	"Factor432" -> "num433"
	"Power2434" [label="Power2"]
	"Power431" -> "Power2434"
	"Term2435" [label="Term2"]
	"Term430" -> "Term2435"
	"Expression2436" [label="Expression2"]
	"Expression429" -> "Expression2436"
	"]437" [label="]",style=filled,fillcolor=powderblue]
	"Factor426" -> "]437"
	"Power2438" [label="Power2"]
	"Power425" -> "Power2438"
	"Term2439" [label="Term2"]
	"Term424" -> "Term2439"
	"Expression2440" [label="Expression2"]
	"Expression423" -> "Expression2440"
	"Start441" [label="Start"]
	"Start419" -> "Start441"
	"Statement442" [label="Statement"]
	"Start441" -> "Statement442"
	"Print443" [label="Print"]
	"Statement442" -> "Print443"
	"print444" [label="print",style=filled,fillcolor=powderblue]
	"Print443" -> "print444"
	"Expression445" [label="Expression"]
	"Print443" -> "Expression445"
	"Term446" [label="Term"]
	"Expression445" -> "Term446"
	"Power447" [label="Power"]
	"Term446" -> "Power447"
	"Factor448" [label="Factor"]
	"Power447" -> "Factor448"
	"m449" [label="m",style=filled,fillcolor=powderblue]
	"Factor448" -> "m449"
	"[450" [label="[",style=filled,fillcolor=powderblue]
	"Factor448" -> "[450"
	"Expression451" [label="Expression"]
	"Factor448" -> "Expression451"
	"Term452" [label="Term"]
	"Expression451" -> "Term452"
	"Power453" [label="Power"]
	"Term452" -> "Power453"
	"Factor454" [label="Factor"]
	"Power453" -> "Factor454"
	"num455" [label="num",style=filled,fillcolor=powderblue]
	"Factor454" -> "num455"
	"Power2456" [label="Power2"]
	"Power453" -> "Power2456"
	"Term2457" [label="Term2"]
	"Term452" -> "Term2457"
	"Expression2458" [label="Expression2"]
	"Expression451" -> "Expression2458"
	"]459" [label="]",style=filled,fillcolor=powderblue]
	"Factor448" -> "]459"
	"Power2460" [label="Power2"]
	"Power447" -> "Power2460"
	"Term2461" [label="Term2"]
	"Term446" -> "Term2461"
	"Expression2462" [label="Expression2"]
	"Expression445" -> "Expression2462"
	"Start463" [label="Start"]
	"Start441" -> "Start463"
	"Statement464" [label="Statement"]
	"Start463" -> "Statement464"
	"Print465" [label="Print"]
	"Statement464" -> "Print465"
	"print466" [label="print",style=filled,fillcolor=powderblue]
	"Print465" -> "print466"
	"Expression467" [label="Expression"]
	"Print465" -> "Expression467"
	"Term468" [label="Term"]
	"Expression467" -> "Term468"
	"Power469" [label="Power"]
	"Term468" -> "Power469"
	"Factor470" [label="Factor"]
	"Power469" -> "Factor470"
	"m471" [label="m",style=filled,fillcolor=powderblue]
	"Factor470" -> "m471"
	"[472" [label="[",style=filled,fillcolor=powderblue]
	"Factor470" -> "[472"
	"Expression473" [label="Expression"]
	"Factor470" -> "Expression473"
	"Term474" [label="Term"]
	"Expression473" -> "Term474"
	"Power475" [label="Power"]
	"Term474" -> "Power475"
	"Factor476" [label="Factor"]
	"Power475" -> "Factor476"
	"num477" [label="num",style=filled,fillcolor=powderblue]
	"Factor476" -> "num477"
	"Power2478" [label="Power2"]
	"Power475" -> "Power2478"
	"Term2479" [label="Term2"]
	"Term474" -> "Term2479"
	"Expression2480" [label="Expression2"]
	"Expression473" -> "Expression2480"
	"]481" [label="]",style=filled,fillcolor=powderblue]
	"Factor470" -> "]481"
	"Power2482" [label="Power2"]
	"Power469" -> "Power2482"
	"Term2483" [label="Term2"]
	"Term468" -> "Term2483"
	"Expression2484" [label="Expression2"]
	"Expression467" -> "Expression2484"
	"Start485" [label="Start"]
	"Start463" -> "Start485"
	"Statement486" [label="Statement"]
	"Start485" -> "Statement486"
	"Print487" [label="Print"]
	"Statement486" -> "Print487"
	"print488" [label="print",style=filled,fillcolor=powderblue]
	"Print487" -> "print488"
	"Expression489" [label="Expression"]
	"Print487" -> "Expression489"
	"Term490" [label="Term"]
	"Expression489" -> "Term490"
	"Power491" [label="Power"]
	"Term490" -> "Power491"
	"Factor492" [label="Factor"]
	"Power491" -> "Factor492"
	"m493" [label="m",style=filled,fillcolor=powderblue]
	"Factor492" -> "m493"
	"[494" [label="[",style=filled,fillcolor=powderblue]
	"Factor492" -> "[494"
	"Expression495" [label="Expression"]
	"Factor492" -> "Expression495"
	"Term496" [label="Term"]
	"Expression495" -> "Term496"
	"Power497" [label="Power"]
	"Term496" -> "Power497"
	"Factor498" [label="Factor"]
	"Power497" -> "Factor498"
	"num499" [label="num",style=filled,fillcolor=powderblue]
	"Factor498" -> "num499"
	"Power2500" [label="Power2"]
	"Power497" -> "Power2500"
	"Term2501" [label="Term2"]
	"Term496" -> "Term2501"
	"Expression2502" [label="Expression2"]
	"Expression495" -> "Expression2502"
	"]503" [label="]",style=filled,fillcolor=powderblue]
	"Factor492" -> "]503"
	"Power2504" [label="Power2"]
	"Power491" -> "Power2504"
	"Term2505" [label="Term2"]
	"Term490" -> "Term2505"
	"Expression2506" [label="Expression2"]
	"Expression489" -> "Expression2506"
	"Start507" [label="Start"]
	"Start485" -> "Start507"
	"Statement508" [label="Statement"]
	"Start507" -> "Statement508"
	"Print509" [label="Print"]
	"Statement508" -> "Print509"
	"print510" [label="print",style=filled,fillcolor=powderblue]
	"Print509" -> "print510"
	"Expression511" [label="Expression"]
	"Print509" -> "Expression511"
	"Term512" [label="Term"]
	"Expression511" -> "Term512"
	"Power513" [label="Power"]
	"Term512" -> "Power513"
	"Factor514" [label="Factor"]
	"Power513" -> "Factor514"
	"m515" [label="m",style=filled,fillcolor=powderblue]
	"Factor514" -> "m515"
	"[516" [label="[",style=filled,fillcolor=powderblue]
	"Factor514" -> "[516"
	"Expression517" [label="Expression"]
	"Factor514" -> "Expression517"
	"Term518" [label="Term"]
	"Expression517" -> "Term518"
	"Power519" [label="Power"]
	"Term518" -> "Power519"
	"Factor520" [label="Factor"]
	"Power519" -> "Factor520"
	"num521" [label="num",style=filled,fillcolor=powderblue]
	"Factor520" -> "num521"
	"Power2522" [label="Power2"]
	"Power519" -> "Power2522"
	"Term2523" [label="Term2"]
	"Term518" -> "Term2523"
	"Expression2524" [label="Expression2"]
	"Expression517" -> "Expression2524"
	"]525" [label="]",style=filled,fillcolor=powderblue]
	"Factor514" -> "]525"
	"Power2526" [label="Power2"]
	"Power513" -> "Power2526"
	"Term2527" [label="Term2"]
	"Term512" -> "Term2527"
	"Expression2528" [label="Expression2"]
	"Expression511" -> "Expression2528"
	"Start529" [label="Start"]
	"Start507" -> "Start529"
	"Statement530" [label="Statement"]
	"Start529" -> "Statement530"
	"Print531" [label="Print"]
	"Statement530" -> "Print531"
	"print532" [label="print",style=filled,fillcolor=powderblue]
	"Print531" -> "print532"
	"Expression533" [label="Expression"]
	"Print531" -> "Expression533"
	"Term534" [label="Term"]
	"Expression533" -> "Term534"
	"Power535" [label="Power"]
	"Term534" -> "Power535"
	"Factor536" [label="Factor"]
	"Power535" -> "Factor536"
	"num537" [label="num",style=filled,fillcolor=powderblue]
	"Factor536" -> "num537"
	"Power2538" [label="Power2"]
	"Power535" -> "Power2538"
	"Term2539" [label="Term2"]
	"Term534" -> "Term2539"
	"Expression2540" [label="Expression2"]
	"Expression533" -> "Expression2540"
	"Start541" [label="Start"]
	"Start529" -> "Start541"
};
