digraph G {
	"Start1" [label="Start"]
	"Statements2" [label="Statements"]
	"Start1" -> "Statements2"
	"Statement3" [label="Statement"]
	"Statements2" -> "Statement3"
	"assignment4" [label="assignment"]
	"Statement3" -> "assignment4"
	"m5" [label="m",style=filled,fillcolor=powderblue]
	"assignment4" -> "m5"
	"[6" [label="[",style=filled,fillcolor=powderblue]
	"assignment4" -> "[6"
	"Expression7" [label="Expression"]
	"assignment4" -> "Expression7"
	"T8" [label="T"]
	"Expression7" -> "T8"
	"F9" [label="F"]
	"T8" -> "F9"
	"Q10" [label="Q"]
	"F9" -> "Q10"
	"num11" [label="num",style=filled,fillcolor=powderblue]
	"Q10" -> "num11"
	"F112" [label="F1"]
	"F9" -> "F112"
	"e13" [label="e"]
	"F112" -> "e13"
	"Expression214" [label="Expression2"]
	"T8" -> "Expression214"
	"e15" [label="e"]
	"Expression214" -> "e15"
	"Expression116" [label="Expression1"]
	"Expression7" -> "Expression116"
	"e17" [label="e"]
	"Expression116" -> "e17"
	"]18" [label="]",style=filled,fillcolor=powderblue]
	"assignment4" -> "]18"
	"=19" [label="=",style=filled,fillcolor=powderblue]
	"assignment4" -> "=19"
	"Expression20" [label="Expression"]
	"assignment4" -> "Expression20"
	"T21" [label="T"]
	"Expression20" -> "T21"
	"F22" [label="F"]
	"T21" -> "F22"
	"Q23" [label="Q"]
	"F22" -> "Q23"
	"num24" [label="num",style=filled,fillcolor=powderblue]
	"Q23" -> "num24"
	"F125" [label="F1"]
	"F22" -> "F125"
	"e26" [label="e"]
	"F125" -> "e26"
	"Expression227" [label="Expression2"]
	"T21" -> "Expression227"
	"e28" [label="e"]
	"Expression227" -> "e28"
	"Expression129" [label="Expression1"]
	"Expression20" -> "Expression129"
	"e30" [label="e"]
	"Expression129" -> "e30"
	"Derivestate31" [label="Derivestate"]
	"Statements2" -> "Derivestate31"
	"Statement32" [label="Statement"]
	"Derivestate31" -> "Statement32"
	"assignment33" [label="assignment"]
	"Statement32" -> "assignment33"
	"m34" [label="m",style=filled,fillcolor=powderblue]
	"assignment33" -> "m34"
	"[35" [label="[",style=filled,fillcolor=powderblue]
	"assignment33" -> "[35"
	"Expression36" [label="Expression"]
	"assignment33" -> "Expression36"
	"T37" [label="T"]
	"Expression36" -> "T37"
	"F38" [label="F"]
	"T37" -> "F38"
	"Q39" [label="Q"]
	"F38" -> "Q39"
	"num40" [label="num",style=filled,fillcolor=powderblue]
	"Q39" -> "num40"
	"F141" [label="F1"]
	"F38" -> "F141"
	"e42" [label="e"]
	"F141" -> "e42"
	"Expression243" [label="Expression2"]
	"T37" -> "Expression243"
	"e44" [label="e"]
	"Expression243" -> "e44"
	"Expression145" [label="Expression1"]
	"Expression36" -> "Expression145"
	"e46" [label="e"]
	"Expression145" -> "e46"
	"]47" [label="]",style=filled,fillcolor=powderblue]
	"assignment33" -> "]47"
	"=48" [label="=",style=filled,fillcolor=powderblue]
	"assignment33" -> "=48"
	"Expression49" [label="Expression"]
	"assignment33" -> "Expression49"
	"T50" [label="T"]
	"Expression49" -> "T50"
	"F51" [label="F"]
	"T50" -> "F51"
	"Q52" [label="Q"]
	"F51" -> "Q52"
	"num53" [label="num",style=filled,fillcolor=powderblue]
	"Q52" -> "num53"
	"F154" [label="F1"]
	"F51" -> "F154"
	"e55" [label="e"]
	"F154" -> "e55"
	"Expression256" [label="Expression2"]
	"T50" -> "Expression256"
	"e57" [label="e"]
	"Expression256" -> "e57"
	"Expression158" [label="Expression1"]
	"Expression49" -> "Expression158"
	"e59" [label="e"]
	"Expression158" -> "e59"
	"Derivestate60" [label="Derivestate"]
	"Derivestate31" -> "Derivestate60"
	"Statement61" [label="Statement"]
	"Derivestate60" -> "Statement61"
	"assignment62" [label="assignment"]
	"Statement61" -> "assignment62"
	"m63" [label="m",style=filled,fillcolor=powderblue]
	"assignment62" -> "m63"
	"[64" [label="[",style=filled,fillcolor=powderblue]
	"assignment62" -> "[64"
	"Expression65" [label="Expression"]
	"assignment62" -> "Expression65"
	"T66" [label="T"]
	"Expression65" -> "T66"
	"F67" [label="F"]
	"T66" -> "F67"
	"Q68" [label="Q"]
	"F67" -> "Q68"
	"num69" [label="num",style=filled,fillcolor=powderblue]
	"Q68" -> "num69"
	"F170" [label="F1"]
	"F67" -> "F170"
	"e71" [label="e"]
	"F170" -> "e71"
	"Expression272" [label="Expression2"]
	"T66" -> "Expression272"
	"e73" [label="e"]
	"Expression272" -> "e73"
	"Expression174" [label="Expression1"]
	"Expression65" -> "Expression174"
	"e75" [label="e"]
	"Expression174" -> "e75"
	"]76" [label="]",style=filled,fillcolor=powderblue]
	"assignment62" -> "]76"
	"=77" [label="=",style=filled,fillcolor=powderblue]
	"assignment62" -> "=77"
	"Expression78" [label="Expression"]
	"assignment62" -> "Expression78"
	"T79" [label="T"]
	"Expression78" -> "T79"
	"F80" [label="F"]
	"T79" -> "F80"
	"Q81" [label="Q"]
	"F80" -> "Q81"
	"num82" [label="num",style=filled,fillcolor=powderblue]
	"Q81" -> "num82"
	"F183" [label="F1"]
	"F80" -> "F183"
	"e84" [label="e"]
	"F183" -> "e84"
	"Expression285" [label="Expression2"]
	"T79" -> "Expression285"
	"*86" [label="*",style=filled,fillcolor=powderblue]
	"Expression285" -> "*86"
	"F87" [label="F"]
	"Expression285" -> "F87"
	"Q88" [label="Q"]
	"F87" -> "Q88"
	"num89" [label="num",style=filled,fillcolor=powderblue]
	"Q88" -> "num89"
	"F190" [label="F1"]
	"F87" -> "F190"
	"e91" [label="e"]
	"F190" -> "e91"
	"Expression292" [label="Expression2"]
	"Expression285" -> "Expression292"
	"e93" [label="e"]
	"Expression292" -> "e93"
	"Expression194" [label="Expression1"]
	"Expression78" -> "Expression194"
	"e95" [label="e"]
	"Expression194" -> "e95"
	"Derivestate96" [label="Derivestate"]
	"Derivestate60" -> "Derivestate96"
	"Statement97" [label="Statement"]
	"Derivestate96" -> "Statement97"
	"assignment98" [label="assignment"]
	"Statement97" -> "assignment98"
	"m99" [label="m",style=filled,fillcolor=powderblue]
	"assignment98" -> "m99"
	"[100" [label="[",style=filled,fillcolor=powderblue]
	"assignment98" -> "[100"
	"Expression101" [label="Expression"]
	"assignment98" -> "Expression101"
	"T102" [label="T"]
	"Expression101" -> "T102"
	"F103" [label="F"]
	"T102" -> "F103"
	"Q104" [label="Q"]
	"F103" -> "Q104"
	"num105" [label="num",style=filled,fillcolor=powderblue]
	"Q104" -> "num105"
	"F1106" [label="F1"]
	"F103" -> "F1106"
	"e107" [label="e"]
	"F1106" -> "e107"
	"Expression2108" [label="Expression2"]
	"T102" -> "Expression2108"
	"e109" [label="e"]
	"Expression2108" -> "e109"
	"Expression1110" [label="Expression1"]
	"Expression101" -> "Expression1110"
	"e111" [label="e"]
	"Expression1110" -> "e111"
	"]112" [label="]",style=filled,fillcolor=powderblue]
	"assignment98" -> "]112"
	"=113" [label="=",style=filled,fillcolor=powderblue]
	"assignment98" -> "=113"
	"Expression114" [label="Expression"]
	"assignment98" -> "Expression114"
	"T115" [label="T"]
	"Expression114" -> "T115"
	"F116" [label="F"]
	"T115" -> "F116"
	"Q117" [label="Q"]
	"F116" -> "Q117"
	"num118" [label="num",style=filled,fillcolor=powderblue]
	"Q117" -> "num118"
	"F1119" [label="F1"]
	"F116" -> "F1119"
	"e120" [label="e"]
	"F1119" -> "e120"
	"Expression2121" [label="Expression2"]
	"T115" -> "Expression2121"
	"e122" [label="e"]
	"Expression2121" -> "e122"
	"Expression1123" [label="Expression1"]
	"Expression114" -> "Expression1123"
	"+124" [label="+",style=filled,fillcolor=powderblue]
	"Expression1123" -> "+124"
	"T125" [label="T"]
	"Expression1123" -> "T125"
	"F126" [label="F"]
	"T125" -> "F126"
	"Q127" [label="Q"]
	"F126" -> "Q127"
	"(128" [label="(",style=filled,fillcolor=powderblue]
	"Q127" -> "(128"
	"Expression129" [label="Expression"]
	"Q127" -> "Expression129"
	"T130" [label="T"]
	"Expression129" -> "T130"
	"F131" [label="F"]
	"T130" -> "F131"
	"Q132" [label="Q"]
	"F131" -> "Q132"
	"num133" [label="num",style=filled,fillcolor=powderblue]
	"Q132" -> "num133"
	"F1134" [label="F1"]
	"F131" -> "F1134"
	"e135" [label="e"]
	"F1134" -> "e135"
	"Expression2136" [label="Expression2"]
	"T130" -> "Expression2136"
	"e137" [label="e"]
	"Expression2136" -> "e137"
	"Expression1138" [label="Expression1"]
	"Expression129" -> "Expression1138"
	"e139" [label="e"]
	"Expression1138" -> "e139"
	")140" [label=")",style=filled,fillcolor=powderblue]
	"Q127" -> ")140"
	"F1141" [label="F1"]
	"F126" -> "F1141"
	"e142" [label="e"]
	"F1141" -> "e142"
	"Expression2143" [label="Expression2"]
	"T125" -> "Expression2143"
	"e144" [label="e"]
	"Expression2143" -> "e144"
	"Expression1145" [label="Expression1"]
	"Expression1123" -> "Expression1145"
	"e146" [label="e"]
	"Expression1145" -> "e146"
	"Derivestate147" [label="Derivestate"]
	"Derivestate96" -> "Derivestate147"
	"Statement148" [label="Statement"]
	"Derivestate147" -> "Statement148"
	"assignment149" [label="assignment"]
	"Statement148" -> "assignment149"
	"m150" [label="m",style=filled,fillcolor=powderblue]
	"assignment149" -> "m150"
	"[151" [label="[",style=filled,fillcolor=powderblue]
	"assignment149" -> "[151"
	"Expression152" [label="Expression"]
	"assignment149" -> "Expression152"
	"T153" [label="T"]
	"Expression152" -> "T153"
	"F154" [label="F"]
	"T153" -> "F154"
	"Q155" [label="Q"]
	"F154" -> "Q155"
	"num156" [label="num",style=filled,fillcolor=powderblue]
	"Q155" -> "num156"
	"F1157" [label="F1"]
	"F154" -> "F1157"
	"e158" [label="e"]
	"F1157" -> "e158"
	"Expression2159" [label="Expression2"]
	"T153" -> "Expression2159"
	"e160" [label="e"]
	"Expression2159" -> "e160"
	"Expression1161" [label="Expression1"]
	"Expression152" -> "Expression1161"
	"e162" [label="e"]
	"Expression1161" -> "e162"
	"]163" [label="]",style=filled,fillcolor=powderblue]
	"assignment149" -> "]163"
	"=164" [label="=",style=filled,fillcolor=powderblue]
	"assignment149" -> "=164"
	"Expression165" [label="Expression"]
	"assignment149" -> "Expression165"
	"T166" [label="T"]
	"Expression165" -> "T166"
	"F167" [label="F"]
	"T166" -> "F167"
	"Q168" [label="Q"]
	"F167" -> "Q168"
	"num169" [label="num",style=filled,fillcolor=powderblue]
	"Q168" -> "num169"
	"F1170" [label="F1"]
	"F167" -> "F1170"
	"e171" [label="e"]
	"F1170" -> "e171"
	"Expression2172" [label="Expression2"]
	"T166" -> "Expression2172"
	"e173" [label="e"]
	"Expression2172" -> "e173"
	"Expression1174" [label="Expression1"]
	"Expression165" -> "Expression1174"
	"+175" [label="+",style=filled,fillcolor=powderblue]
	"Expression1174" -> "+175"
	"T176" [label="T"]
	"Expression1174" -> "T176"
	"F177" [label="F"]
	"T176" -> "F177"
	"Q178" [label="Q"]
	"F177" -> "Q178"
	"(179" [label="(",style=filled,fillcolor=powderblue]
	"Q178" -> "(179"
	"Expression180" [label="Expression"]
	"Q178" -> "Expression180"
	"T181" [label="T"]
	"Expression180" -> "T181"
	"F182" [label="F"]
	"T181" -> "F182"
	"Q183" [label="Q"]
	"F182" -> "Q183"
	"num184" [label="num",style=filled,fillcolor=powderblue]
	"Q183" -> "num184"
	"F1185" [label="F1"]
	"F182" -> "F1185"
	"e186" [label="e"]
	"F1185" -> "e186"
	"Expression2187" [label="Expression2"]
	"T181" -> "Expression2187"
	"e188" [label="e"]
	"Expression2187" -> "e188"
	"Expression1189" [label="Expression1"]
	"Expression180" -> "Expression1189"
	"-190" [label="-",style=filled,fillcolor=powderblue]
	"Expression1189" -> "-190"
	"T191" [label="T"]
	"Expression1189" -> "T191"
	"F192" [label="F"]
	"T191" -> "F192"
	"Q193" [label="Q"]
	"F192" -> "Q193"
	"num194" [label="num",style=filled,fillcolor=powderblue]
	"Q193" -> "num194"
	"F1195" [label="F1"]
	"F192" -> "F1195"
	"e196" [label="e"]
	"F1195" -> "e196"
	"Expression2197" [label="Expression2"]
	"T191" -> "Expression2197"
	"e198" [label="e"]
	"Expression2197" -> "e198"
	"Expression1199" [label="Expression1"]
	"Expression1189" -> "Expression1199"
	"e200" [label="e"]
	"Expression1199" -> "e200"
	")201" [label=")",style=filled,fillcolor=powderblue]
	"Q178" -> ")201"
	"F1202" [label="F1"]
	"F177" -> "F1202"
	"e203" [label="e"]
	"F1202" -> "e203"
	"Expression2204" [label="Expression2"]
	"T176" -> "Expression2204"
	"e205" [label="e"]
	"Expression2204" -> "e205"
	"Expression1206" [label="Expression1"]
	"Expression1174" -> "Expression1206"
	"e207" [label="e"]
	"Expression1206" -> "e207"
	"Derivestate208" [label="Derivestate"]
	"Derivestate147" -> "Derivestate208"
	"eof209" [label="eof",style=filled,fillcolor=powderblue]
	"Derivestate208" -> "eof209"
};
