digraph G {
	"Start1" [label="Start"]
	"Statements2" [label="Statements"]
	"Start1" -> "Statements2"
	"Statement3" [label="Statement"]
	"Statements2" -> "Statement3"
	"assignment4" [label="assignment"]
	"Statement3" -> "assignment4"
	"m5" [label="m",style=filled,fillcolor=powderblue]
	"assignment4" -> "m5"
	"[6" [label="[",style=filled,fillcolor=powderblue]
	"assignment4" -> "[6"
	"Expression7" [label="Expression"]
	"assignment4" -> "Expression7"
	"T8" [label="T"]
	"Expression7" -> "T8"
	"F9" [label="F"]
	"T8" -> "F9"
	"Q10" [label="Q"]
	"F9" -> "Q10"
	"num11" [label="num",style=filled,fillcolor=powderblue]
	"Q10" -> "num11"
	"F112" [label="F1"]
	"F9" -> "F112"
	"e13" [label="e"]
	"F112" -> "e13"
	"Expression214" [label="Expression2"]
	"T8" -> "Expression214"
	"e15" [label="e"]
	"Expression214" -> "e15"
	"Expression116" [label="Expression1"]
	"Expression7" -> "Expression116"
	"e17" [label="e"]
	"Expression116" -> "e17"
	"]18" [label="]",style=filled,fillcolor=powderblue]
	"assignment4" -> "]18"
	"=19" [label="=",style=filled,fillcolor=powderblue]
	"assignment4" -> "=19"
	"Expression20" [label="Expression"]
	"assignment4" -> "Expression20"
	"T21" [label="T"]
	"Expression20" -> "T21"
	"F22" [label="F"]
	"T21" -> "F22"
	"Q23" [label="Q"]
	"F22" -> "Q23"
	"num24" [label="num",style=filled,fillcolor=powderblue]
	"Q23" -> "num24"
	"F125" [label="F1"]
	"F22" -> "F125"
	"e26" [label="e"]
	"F125" -> "e26"
	"Expression227" [label="Expression2"]
	"T21" -> "Expression227"
	"/28" [label="/",style=filled,fillcolor=powderblue]
	"Expression227" -> "/28"
	"F29" [label="F"]
	"Expression227" -> "F29"
	"Q30" [label="Q"]
	"F29" -> "Q30"
	"num31" [label="num",style=filled,fillcolor=powderblue]
	"Q30" -> "num31"
	"F132" [label="F1"]
	"F29" -> "F132"
	"e33" [label="e"]
	"F132" -> "e33"
	"Expression234" [label="Expression2"]
	"Expression227" -> "Expression234"
	"*35" [label="*",style=filled,fillcolor=powderblue]
	"Expression234" -> "*35"
	"F36" [label="F"]
	"Expression234" -> "F36"
	"Q37" [label="Q"]
	"F36" -> "Q37"
	"num38" [label="num",style=filled,fillcolor=powderblue]
	"Q37" -> "num38"
	"F139" [label="F1"]
	"F36" -> "F139"

	"e40" [label="e"]
	"F139" -> "e40"
	"Expression241" [label="Expression2"]
	"Expression234" -> "Expression241"
	"e42" [label="e"]
	"Expression241" -> "e42"
	"Expression143" [label="Expression1"]
	"Expression20" -> "Expression143"
	"e44" [label="e"]
	"Expression143" -> "e44"
	"Derivestate45" [label="Derivestate"]
	"Statements2" -> "Derivestate45"
	"Statement46" [label="Statement"]
	"Derivestate45" -> "Statement46"
	"assignment47" [label="assignment"]
	"Statement46" -> "assignment47"
	"m48" [label="m",style=filled,fillcolor=powderblue]
	"assignment47" -> "m48"
	"[49" [label="[",style=filled,fillcolor=powderblue]
	"assignment47" -> "[49"
	"Expression50" [label="Expression"]
	"assignment47" -> "Expression50"
	"T51" [label="T"]
	"Expression50" -> "T51"
	"F52" [label="F"]
	"T51" -> "F52"
	"Q53" [label="Q"]
	"F52" -> "Q53"
	"num54" [label="num",style=filled,fillcolor=powderblue]
	"Q53" -> "num54"
	"F155" [label="F1"]
	"F52" -> "F155"
	"e56" [label="e"]
	"F155" -> "e56"
	"Expression257" [label="Expression2"]
	"T51" -> "Expression257"
	"e58" [label="e"]
	"Expression257" -> "e58"
	"Expression159" [label="Expression1"]
	"Expression50" -> "Expression159"
	"e60" [label="e"]
	"Expression159" -> "e60"
	"]61" [label="]",style=filled,fillcolor=powderblue]
	"assignment47" -> "]61"
	"=62" [label="=",style=filled,fillcolor=powderblue]
	"assignment47" -> "=62"
	"Expression63" [label="Expression"]
	"assignment47" -> "Expression63"
	"T64" [label="T"]
	"Expression63" -> "T64"
	"F65" [label="F"]
	"T64" -> "F65"
	"Q66" [label="Q"]
	"F65" -> "Q66"
	"num67" [label="num",style=filled,fillcolor=powderblue]
	"Q66" -> "num67"
	"F168" [label="F1"]
	"F65" -> "F168"
	"e69" [label="e"]
	"F168" -> "e69"
	"Expression270" [label="Expression2"]
	"T64" -> "Expression270"
	"e71" [label="e"]
	"Expression270" -> "e71"
	"Expression172" [label="Expression1"]
	"Expression63" -> "Expression172"
	"+73" [label="+",style=filled,fillcolor=powderblue]
	"Expression172" -> "+73"
	"T74" [label="T"]
	"Expression172" -> "T74"
	"F75" [label="F"]
	"T74" -> "F75"
	"Q76" [label="Q"]
	"F75" -> "Q76"
	"num77" [label="num",style=filled,fillcolor=powderblue]
	"Q76" -> "num77"
	"F178" [label="F1"]
	"F75" -> "F178"

	"e79" [label="e"]
	"F178" -> "e79"
	"Expression280" [label="Expression2"]
	"T74" -> "Expression280"
	"e81" [label="e"]
	"Expression280" -> "e81"
	"Expression182" [label="Expression1"]
	"Expression172" -> "Expression182"
	"e83" [label="e"]
	"Expression182" -> "e83"
	"Derivestate84" [label="Derivestate"]
	"Derivestate45" -> "Derivestate84"
	"Statement85" [label="Statement"]
	"Derivestate84" -> "Statement85"
	"assignment86" [label="assignment"]
	"Statement85" -> "assignment86"
	"m87" [label="m",style=filled,fillcolor=powderblue]
	"assignment86" -> "m87"
	"[88" [label="[",style=filled,fillcolor=powderblue]
	"assignment86" -> "[88"
	"Expression89" [label="Expression"]
	"assignment86" -> "Expression89"
	"T90" [label="T"]
	"Expression89" -> "T90"
	"F91" [label="F"]
	"T90" -> "F91"
	"Q92" [label="Q"]
	"F91" -> "Q92"
	"num93" [label="num",style=filled,fillcolor=powderblue]
	"Q92" -> "num93"
	"F194" [label="F1"]
	"F91" -> "F194"
	"e95" [label="e"]
	"F194" -> "e95"
	"Expression296" [label="Expression2"]
	"T90" -> "Expression296"
	"e97" [label="e"]
	"Expression296" -> "e97"
	"Expression198" [label="Expression1"]
	"Expression89" -> "Expression198"
	"e99" [label="e"]
	"Expression198" -> "e99"
	"]100" [label="]",style=filled,fillcolor=powderblue]
	"assignment86" -> "]100"
	"=101" [label="=",style=filled,fillcolor=powderblue]
	"assignment86" -> "=101"
	"Expression102" [label="Expression"]
	"assignment86" -> "Expression102"
	"T103" [label="T"]
	"Expression102" -> "T103"
	"F104" [label="F"]
	"T103" -> "F104"
	"Q105" [label="Q"]
	"F104" -> "Q105"
	"num106" [label="num",style=filled,fillcolor=powderblue]
	"Q105" -> "num106"
	"F1107" [label="F1"]
	"F104" -> "F1107"
	"e108" [label="e"]
	"F1107" -> "e108"
	"Expression2109" [label="Expression2"]
	"T103" -> "Expression2109"
	"e110" [label="e"]
	"Expression2109" -> "e110"
	"Expression1111" [label="Expression1"]
	"Expression102" -> "Expression1111"
	"-112" [label="-",style=filled,fillcolor=powderblue]
	"Expression1111" -> "-112"
	"T113" [label="T"]
	"Expression1111" -> "T113"
	"F114" [label="F"]
	"T113" -> "F114"
	"Q115" [label="Q"]
	"F114" -> "Q115"
	"(116" [label="(",style=filled,fillcolor=powderblue]
	"Q115" -> "(116"
	"Expression117" [label="Expression"]
	"Q115" -> "Expression117"
	"T118" [label="T"]
	"Expression117" -> "T118"
	"F119" [label="F"]
	"T118" -> "F119"
	"Q120" [label="Q"]
	"F119" -> "Q120"
	"m121" [label="m",style=filled,fillcolor=powderblue]
	"Q120" -> "m121"
	"[122" [label="[",style=filled,fillcolor=powderblue]
	"Q120" -> "[122"
	"Expression123" [label="Expression"]
	"Q120" -> "Expression123"
	"T124" [label="T"]
	"Expression123" -> "T124"
	"F125" [label="F"]
	"T124" -> "F125"
	"Q126" [label="Q"]
	"F125" -> "Q126"
	"num127" [label="num",style=filled,fillcolor=powderblue]
	"Q126" -> "num127"
	"F1128" [label="F1"]
	"F125" -> "F1128"
	"e129" [label="e"]
	"F1128" -> "e129"
	"Expression2130" [label="Expression2"]
	"T124" -> "Expression2130"
	"e131" [label="e"]
	"Expression2130" -> "e131"
	"Expression1132" [label="Expression1"]
	"Expression123" -> "Expression1132"
	"e133" [label="e"]
	"Expression1132" -> "e133"
	"]134" [label="]",style=filled,fillcolor=powderblue]
	"Q120" -> "]134"
	"F1135" [label="F1"]
	"F119" -> "F1135"
	"e136" [label="e"]
	"F1135" -> "e136"
	"Expression2137" [label="Expression2"]
	"T118" -> "Expression2137"
	"e138" [label="e"]
	"Expression2137" -> "e138"
	"Expression1139" [label="Expression1"]
	"Expression117" -> "Expression1139"
	"-140" [label="-",style=filled,fillcolor=powderblue]
	"Expression1139" -> "-140"
	"T141" [label="T"]
	"Expression1139" -> "T141"
	"F142" [label="F"]
	"T141" -> "F142"
	"Q143" [label="Q"]
	"F142" -> "Q143"
	"num144" [label="num",style=filled,fillcolor=powderblue]
	"Q143" -> "num144"
	"F1145" [label="F1"]
	"F142" -> "F1145"
	"e146" [label="e"]
	"F1145" -> "e146"
	"Expression2147" [label="Expression2"]
	"T141" -> "Expression2147"
	"e148" [label="e"]
	"Expression2147" -> "e148"
	"Expression1149" [label="Expression1"]
	"Expression1139" -> "Expression1149"
	"e150" [label="e"]
	"Expression1149" -> "e150"
	")151" [label=")",style=filled,fillcolor=powderblue]
	"Q115" -> ")151"
	"F1152" [label="F1"]
	"F114" -> "F1152"

	"e153" [label="e"]
	"F1152" -> "e153"
	"Expression2154" [label="Expression2"]
	"T113" -> "Expression2154"
	"e155" [label="e"]
	"Expression2154" -> "e155"
	"Expression1156" [label="Expression1"]
	"Expression1111" -> "Expression1156"
	"e157" [label="e"]
	"Expression1156" -> "e157"
	"Derivestate158" [label="Derivestate"]
	"Derivestate84" -> "Derivestate158"
	"Statement159" [label="Statement"]
	"Derivestate158" -> "Statement159"
	"assignment160" [label="assignment"]
	"Statement159" -> "assignment160"
	"m161" [label="m",style=filled,fillcolor=powderblue]
	"assignment160" -> "m161"
	"[162" [label="[",style=filled,fillcolor=powderblue]
	"assignment160" -> "[162"
	"Expression163" [label="Expression"]
	"assignment160" -> "Expression163"
	"T164" [label="T"]
	"Expression163" -> "T164"
	"F165" [label="F"]
	"T164" -> "F165"
	"Q166" [label="Q"]
	"F165" -> "Q166"
	"num167" [label="num",style=filled,fillcolor=powderblue]
	"Q166" -> "num167"
	"F1168" [label="F1"]
	"F165" -> "F1168"
	"e169" [label="e"]
	"F1168" -> "e169"
	"Expression2170" [label="Expression2"]
	"T164" -> "Expression2170"
	"e171" [label="e"]
	"Expression2170" -> "e171"
	"Expression1172" [label="Expression1"]
	"Expression163" -> "Expression1172"
	"e173" [label="e"]
	"Expression1172" -> "e173"
	"]174" [label="]",style=filled,fillcolor=powderblue]
	"assignment160" -> "]174"
	"=175" [label="=",style=filled,fillcolor=powderblue]
	"assignment160" -> "=175"
	"Expression176" [label="Expression"]
	"assignment160" -> "Expression176"
	"T177" [label="T"]
	"Expression176" -> "T177"
	"F178" [label="F"]
	"T177" -> "F178"
	"Q179" [label="Q"]
	"F178" -> "Q179"
	"num180" [label="num",style=filled,fillcolor=powderblue]
	"Q179" -> "num180"
	"F1181" [label="F1"]
	"F178" -> "F1181"
	"e182" [label="e"]
	"F1181" -> "e182"
	"Expression2183" [label="Expression2"]
	"T177" -> "Expression2183"
	"/184" [label="/",style=filled,fillcolor=powderblue]
	"Expression2183" -> "/184"
	"F185" [label="F"]
	"Expression2183" -> "F185"
	"Q186" [label="Q"]
	"F185" -> "Q186"
	"num187" [label="num",style=filled,fillcolor=powderblue]
	"Q186" -> "num187"
	"F1188" [label="F1"]
	"F185" -> "F1188"
	"e189" [label="e"]
	"F1188" -> "e189"
	"Expression2190" [label="Expression2"]
	"Expression2183" -> "Expression2190"
	"*191" [label="*",style=filled,fillcolor=powderblue]
	"Expression2190" -> "*191"
	"F192" [label="F"]
	"Expression2190" -> "F192"
	"Q193" [label="Q"]
	"F192" -> "Q193"
	"num194" [label="num",style=filled,fillcolor=powderblue]
	"Q193" -> "num194"
	"F1195" [label="F1"]
	"F192" -> "F1195"

	"e196" [label="e"]
	"F1195" -> "e196"
	"Expression2197" [label="Expression2"]
	"Expression2190" -> "Expression2197"
	"e198" [label="e"]
	"Expression2197" -> "e198"
	"Expression1199" [label="Expression1"]
	"Expression176" -> "Expression1199"
	"e200" [label="e"]
	"Expression1199" -> "e200"
	"Derivestate201" [label="Derivestate"]
	"Derivestate158" -> "Derivestate201"
	"Statement202" [label="Statement"]
	"Derivestate201" -> "Statement202"
	"assignment203" [label="assignment"]
	"Statement202" -> "assignment203"
	"m204" [label="m",style=filled,fillcolor=powderblue]
	"assignment203" -> "m204"
	"[205" [label="[",style=filled,fillcolor=powderblue]
	"assignment203" -> "[205"
	"Expression206" [label="Expression"]
	"assignment203" -> "Expression206"
	"T207" [label="T"]
	"Expression206" -> "T207"
	"F208" [label="F"]
	"T207" -> "F208"
	"Q209" [label="Q"]
	"F208" -> "Q209"
	"num210" [label="num",style=filled,fillcolor=powderblue]
	"Q209" -> "num210"
	"F1211" [label="F1"]
	"F208" -> "F1211"
	"e212" [label="e"]
	"F1211" -> "e212"
	"Expression2213" [label="Expression2"]
	"T207" -> "Expression2213"
	"e214" [label="e"]
	"Expression2213" -> "e214"
	"Expression1215" [label="Expression1"]
	"Expression206" -> "Expression1215"
	"e216" [label="e"]
	"Expression1215" -> "e216"
	"]217" [label="]",style=filled,fillcolor=powderblue]
	"assignment203" -> "]217"
	"=218" [label="=",style=filled,fillcolor=powderblue]
	"assignment203" -> "=218"
	"Expression219" [label="Expression"]
	"assignment203" -> "Expression219"
	"T220" [label="T"]
	"Expression219" -> "T220"
	"F221" [label="F"]
	"T220" -> "F221"
	"Q222" [label="Q"]
	"F221" -> "Q222"
	"num223" [label="num",style=filled,fillcolor=powderblue]
	"Q222" -> "num223"
	"F1224" [label="F1"]
	"F221" -> "F1224"
	"e225" [label="e"]
	"F1224" -> "e225"
	"Expression2226" [label="Expression2"]
	"T220" -> "Expression2226"
	"e227" [label="e"]
	"Expression2226" -> "e227"
	"Expression1228" [label="Expression1"]
	"Expression219" -> "Expression1228"
	"+229" [label="+",style=filled,fillcolor=powderblue]
	"Expression1228" -> "+229"
	"T230" [label="T"]
	"Expression1228" -> "T230"
	"F231" [label="F"]
	"T230" -> "F231"
	"Q232" [label="Q"]
	"F231" -> "Q232"
	"m233" [label="m",style=filled,fillcolor=powderblue]
	"Q232" -> "m233"
	"[234" [label="[",style=filled,fillcolor=powderblue]
	"Q232" -> "[234"
	"Expression235" [label="Expression"]
	"Q232" -> "Expression235"
	"T236" [label="T"]
	"Expression235" -> "T236"
	"F237" [label="F"]
	"T236" -> "F237"
	"Q238" [label="Q"]
	"F237" -> "Q238"
	"num239" [label="num",style=filled,fillcolor=powderblue]
	"Q238" -> "num239"
	"F1240" [label="F1"]
	"F237" -> "F1240"
	"e241" [label="e"]
	"F1240" -> "e241"
	"Expression2242" [label="Expression2"]
	"T236" -> "Expression2242"
	"e243" [label="e"]
	"Expression2242" -> "e243"
	"Expression1244" [label="Expression1"]
	"Expression235" -> "Expression1244"
	"e245" [label="e"]
	"Expression1244" -> "e245"
	"]246" [label="]",style=filled,fillcolor=powderblue]
	"Q232" -> "]246"
	"F1247" [label="F1"]
	"F231" -> "F1247"

	"e248" [label="e"]
	"F1247" -> "e248"
	"Expression2249" [label="Expression2"]
	"T230" -> "Expression2249"
	"e250" [label="e"]
	"Expression2249" -> "e250"
	"Expression1251" [label="Expression1"]
	"Expression1228" -> "Expression1251"
	"e252" [label="e"]
	"Expression1251" -> "e252"
	"Derivestate253" [label="Derivestate"]
	"Derivestate201" -> "Derivestate253"
	"Statement254" [label="Statement"]
	"Derivestate253" -> "Statement254"
	"assignment255" [label="assignment"]
	"Statement254" -> "assignment255"
	"m256" [label="m",style=filled,fillcolor=powderblue]
	"assignment255" -> "m256"
	"[257" [label="[",style=filled,fillcolor=powderblue]
	"assignment255" -> "[257"
	"Expression258" [label="Expression"]
	"assignment255" -> "Expression258"
	"T259" [label="T"]
	"Expression258" -> "T259"
	"F260" [label="F"]
	"T259" -> "F260"
	"Q261" [label="Q"]
	"F260" -> "Q261"
	"num262" [label="num",style=filled,fillcolor=powderblue]
	"Q261" -> "num262"
	"F1263" [label="F1"]
	"F260" -> "F1263"
	"e264" [label="e"]
	"F1263" -> "e264"
	"Expression2265" [label="Expression2"]
	"T259" -> "Expression2265"
	"e266" [label="e"]
	"Expression2265" -> "e266"
	"Expression1267" [label="Expression1"]
	"Expression258" -> "Expression1267"
	"e268" [label="e"]
	"Expression1267" -> "e268"
	"]269" [label="]",style=filled,fillcolor=powderblue]
	"assignment255" -> "]269"
	"=270" [label="=",style=filled,fillcolor=powderblue]
	"assignment255" -> "=270"
	"Expression271" [label="Expression"]
	"assignment255" -> "Expression271"
	"T272" [label="T"]
	"Expression271" -> "T272"
	"F273" [label="F"]
	"T272" -> "F273"
	"Q274" [label="Q"]
	"F273" -> "Q274"
	"num275" [label="num",style=filled,fillcolor=powderblue]
	"Q274" -> "num275"
	"F1276" [label="F1"]
	"F273" -> "F1276"
	"e277" [label="e"]
	"F1276" -> "e277"
	"Expression2278" [label="Expression2"]
	"T272" -> "Expression2278"
	"e279" [label="e"]
	"Expression2278" -> "e279"
	"Expression1280" [label="Expression1"]
	"Expression271" -> "Expression1280"
	"-281" [label="-",style=filled,fillcolor=powderblue]
	"Expression1280" -> "-281"
	"T282" [label="T"]
	"Expression1280" -> "T282"
	"F283" [label="F"]
	"T282" -> "F283"
	"Q284" [label="Q"]
	"F283" -> "Q284"
	"m285" [label="m",style=filled,fillcolor=powderblue]
	"Q284" -> "m285"
	"[286" [label="[",style=filled,fillcolor=powderblue]
	"Q284" -> "[286"
	"Expression287" [label="Expression"]
	"Q284" -> "Expression287"
	"T288" [label="T"]
	"Expression287" -> "T288"
	"F289" [label="F"]
	"T288" -> "F289"
	"Q290" [label="Q"]
	"F289" -> "Q290"
	"num291" [label="num",style=filled,fillcolor=powderblue]
	"Q290" -> "num291"
	"F1292" [label="F1"]
	"F289" -> "F1292"
	"**293" [label="**",style=filled,fillcolor=powderblue]
	"F1292" -> "**293"
	"Q294" [label="Q"]
	"F1292" -> "Q294"
	"num295" [label="num",style=filled,fillcolor=powderblue]
	"Q294" -> "num295"
	"F1296" [label="F1"]
	"F1292" -> "F1296"
	"e297" [label="e"]
	"F1296" -> "e297"
	"Expression2298" [label="Expression2"]
	"T288" -> "Expression2298"
	"*299" [label="*",style=filled,fillcolor=powderblue]
	"Expression2298" -> "*299"
	"F300" [label="F"]
	"Expression2298" -> "F300"
	"Q301" [label="Q"]
	"F300" -> "Q301"
	"num302" [label="num",style=filled,fillcolor=powderblue]
	"Q301" -> "num302"
	"F1303" [label="F1"]
	"F300" -> "F1303"
	"e304" [label="e"]
	"F1303" -> "e304"
	"Expression2305" [label="Expression2"]
	"Expression2298" -> "Expression2305"
	"e306" [label="e"]
	"Expression2305" -> "e306"
	"Expression1307" [label="Expression1"]
	"Expression287" -> "Expression1307"
	"-308" [label="-",style=filled,fillcolor=powderblue]
	"Expression1307" -> "-308"
	"T309" [label="T"]
	"Expression1307" -> "T309"
	"F310" [label="F"]
	"T309" -> "F310"
	"Q311" [label="Q"]
	"F310" -> "Q311"
	"num312" [label="num",style=filled,fillcolor=powderblue]
	"Q311" -> "num312"
	"F1313" [label="F1"]
	"F310" -> "F1313"
	"e314" [label="e"]
	"F1313" -> "e314"
	"Expression2315" [label="Expression2"]
	"T309" -> "Expression2315"
	"e316" [label="e"]
	"Expression2315" -> "e316"
	"Expression1317" [label="Expression1"]
	"Expression1307" -> "Expression1317"
	"e318" [label="e"]
	"Expression1317" -> "e318"
	"]319" [label="]",style=filled,fillcolor=powderblue]
	"Q284" -> "]319"
	"F1320" [label="F1"]
	"F283" -> "F1320"
	"e321" [label="e"]
	"F1320" -> "e321"
	"Expression2322" [label="Expression2"]
	"T282" -> "Expression2322"
	"e323" [label="e"]
	"Expression2322" -> "e323"
	"Expression1324" [label="Expression1"]
	"Expression1280" -> "Expression1324"
	"-325" [label="-",style=filled,fillcolor=powderblue]
	"Expression1324" -> "-325"
	"T326" [label="T"]
	"Expression1324" -> "T326"
	"F327" [label="F"]
	"T326" -> "F327"
	"Q328" [label="Q"]
	"F327" -> "Q328"
	"num329" [label="num",style=filled,fillcolor=powderblue]
	"Q328" -> "num329"
	"F1330" [label="F1"]
	"F327" -> "F1330"

	"e331" [label="e"]
	"F1330" -> "e331"
	"Expression2332" [label="Expression2"]
	"T326" -> "Expression2332"
	"e333" [label="e"]
	"Expression2332" -> "e333"
	"Expression1334" [label="Expression1"]
	"Expression1324" -> "Expression1334"
	"e335" [label="e"]
	"Expression1334" -> "e335"
	"Derivestate336" [label="Derivestate"]
	"Derivestate253" -> "Derivestate336"
	"Statement337" [label="Statement"]
	"Derivestate336" -> "Statement337"
	"Label338" [label="Label"]
	"Statement337" -> "Label338"
	"L339" [label="L",style=filled,fillcolor=powderblue]
	"Label338" -> "L339"
	"num340" [label="num",style=filled,fillcolor=powderblue]
	"Label338" -> "num340"
	":341" [label=":",style=filled,fillcolor=powderblue]
	"Label338" -> ":341"
	"Derivestate342" [label="Derivestate"]
	"Derivestate336" -> "Derivestate342"

	"Statement343" [label="Statement"]
	"Derivestate342" -> "Statement343"
	"assignment344" [label="assignment"]
	"Statement343" -> "assignment344"
	"m345" [label="m",style=filled,fillcolor=powderblue]
	"assignment344" -> "m345"
	"[346" [label="[",style=filled,fillcolor=powderblue]
	"assignment344" -> "[346"
	"Expression347" [label="Expression"]
	"assignment344" -> "Expression347"
	"T348" [label="T"]
	"Expression347" -> "T348"
	"F349" [label="F"]
	"T348" -> "F349"
	"Q350" [label="Q"]
	"F349" -> "Q350"
	"num351" [label="num",style=filled,fillcolor=powderblue]
	"Q350" -> "num351"
	"F1352" [label="F1"]
	"F349" -> "F1352"
	"e353" [label="e"]
	"F1352" -> "e353"
	"Expression2354" [label="Expression2"]
	"T348" -> "Expression2354"
	"e355" [label="e"]
	"Expression2354" -> "e355"
	"Expression1356" [label="Expression1"]
	"Expression347" -> "Expression1356"
	"e357" [label="e"]
	"Expression1356" -> "e357"
	"]358" [label="]",style=filled,fillcolor=powderblue]
	"assignment344" -> "]358"
	"=359" [label="=",style=filled,fillcolor=powderblue]
	"assignment344" -> "=359"
	"Expression360" [label="Expression"]
	"assignment344" -> "Expression360"
	"T361" [label="T"]
	"Expression360" -> "T361"
	"F362" [label="F"]
	"T361" -> "F362"
	"Q363" [label="Q"]
	"F362" -> "Q363"
	"num364" [label="num",style=filled,fillcolor=powderblue]
	"Q363" -> "num364"
	"F1365" [label="F1"]
	"F362" -> "F1365"
	"e366" [label="e"]
	"F1365" -> "e366"
	"Expression2367" [label="Expression2"]
	"T361" -> "Expression2367"
	"e368" [label="e"]
	"Expression2367" -> "e368"
	"Expression1369" [label="Expression1"]
	"Expression360" -> "Expression1369"
	"-370" [label="-",style=filled,fillcolor=powderblue]
	"Expression1369" -> "-370"
	"T371" [label="T"]
	"Expression1369" -> "T371"
	"F372" [label="F"]
	"T371" -> "F372"
	"Q373" [label="Q"]
	"F372" -> "Q373"
	"(374" [label="(",style=filled,fillcolor=powderblue]
	"Q373" -> "(374"
	"Expression375" [label="Expression"]
	"Q373" -> "Expression375"
	"T376" [label="T"]
	"Expression375" -> "T376"
	"F377" [label="F"]
	"T376" -> "F377"
	"Q378" [label="Q"]
	"F377" -> "Q378"
	"m379" [label="m",style=filled,fillcolor=powderblue]
	"Q378" -> "m379"
	"[380" [label="[",style=filled,fillcolor=powderblue]
	"Q378" -> "[380"
	"Expression381" [label="Expression"]
	"Q378" -> "Expression381"
	"T382" [label="T"]
	"Expression381" -> "T382"
	"F383" [label="F"]
	"T382" -> "F383"
	"Q384" [label="Q"]
	"F383" -> "Q384"
	"num385" [label="num",style=filled,fillcolor=powderblue]
	"Q384" -> "num385"
	"F1386" [label="F1"]
	"F383" -> "F1386"
	"e387" [label="e"]
	"F1386" -> "e387"
	"Expression2388" [label="Expression2"]
	"T382" -> "Expression2388"
	"e389" [label="e"]
	"Expression2388" -> "e389"
	"Expression1390" [label="Expression1"]
	"Expression381" -> "Expression1390"
	"e391" [label="e"]
	"Expression1390" -> "e391"
	"]392" [label="]",style=filled,fillcolor=powderblue]
	"Q378" -> "]392"
	"F1393" [label="F1"]
	"F377" -> "F1393"
	"e394" [label="e"]
	"F1393" -> "e394"
	"Expression2395" [label="Expression2"]
	"T376" -> "Expression2395"
	"e396" [label="e"]
	"Expression2395" -> "e396"
	"Expression1397" [label="Expression1"]
	"Expression375" -> "Expression1397"
	"-398" [label="-",style=filled,fillcolor=powderblue]
	"Expression1397" -> "-398"
	"T399" [label="T"]
	"Expression1397" -> "T399"
	"F400" [label="F"]
	"T399" -> "F400"
	"Q401" [label="Q"]
	"F400" -> "Q401"
	"num402" [label="num",style=filled,fillcolor=powderblue]
	"Q401" -> "num402"
	"F1403" [label="F1"]
	"F400" -> "F1403"
	"e404" [label="e"]
	"F1403" -> "e404"
	"Expression2405" [label="Expression2"]
	"T399" -> "Expression2405"
	"e406" [label="e"]
	"Expression2405" -> "e406"
	"Expression1407" [label="Expression1"]
	"Expression1397" -> "Expression1407"
	"e408" [label="e"]
	"Expression1407" -> "e408"
	")409" [label=")",style=filled,fillcolor=powderblue]
	"Q373" -> ")409"
	"F1410" [label="F1"]
	"F372" -> "F1410"

	"e411" [label="e"]
	"F1410" -> "e411"
	"Expression2412" [label="Expression2"]
	"T371" -> "Expression2412"
	"e413" [label="e"]
	"Expression2412" -> "e413"
	"Expression1414" [label="Expression1"]
	"Expression1369" -> "Expression1414"
	"e415" [label="e"]
	"Expression1414" -> "e415"
	"Derivestate416" [label="Derivestate"]
	"Derivestate342" -> "Derivestate416"
	"Statement417" [label="Statement"]
	"Derivestate416" -> "Statement417"
	"assignment418" [label="assignment"]
	"Statement417" -> "assignment418"
	"m419" [label="m",style=filled,fillcolor=powderblue]
	"assignment418" -> "m419"
	"[420" [label="[",style=filled,fillcolor=powderblue]
	"assignment418" -> "[420"
	"Expression421" [label="Expression"]
	"assignment418" -> "Expression421"
	"T422" [label="T"]
	"Expression421" -> "T422"
	"F423" [label="F"]
	"T422" -> "F423"
	"Q424" [label="Q"]
	"F423" -> "Q424"
	"num425" [label="num",style=filled,fillcolor=powderblue]
	"Q424" -> "num425"
	"F1426" [label="F1"]
	"F423" -> "F1426"
	"e427" [label="e"]
	"F1426" -> "e427"
	"Expression2428" [label="Expression2"]
	"T422" -> "Expression2428"
	"e429" [label="e"]
	"Expression2428" -> "e429"
	"Expression1430" [label="Expression1"]
	"Expression421" -> "Expression1430"
	"e431" [label="e"]
	"Expression1430" -> "e431"
	"]432" [label="]",style=filled,fillcolor=powderblue]
	"assignment418" -> "]432"
	"=433" [label="=",style=filled,fillcolor=powderblue]
	"assignment418" -> "=433"
	"Expression434" [label="Expression"]
	"assignment418" -> "Expression434"
	"T435" [label="T"]
	"Expression434" -> "T435"
	"F436" [label="F"]
	"T435" -> "F436"
	"Q437" [label="Q"]
	"F436" -> "Q437"
	"num438" [label="num",style=filled,fillcolor=powderblue]
	"Q437" -> "num438"
	"F1439" [label="F1"]
	"F436" -> "F1439"
	"e440" [label="e"]
	"F1439" -> "e440"
	"Expression2441" [label="Expression2"]
	"T435" -> "Expression2441"
	"/442" [label="/",style=filled,fillcolor=powderblue]
	"Expression2441" -> "/442"
	"F443" [label="F"]
	"Expression2441" -> "F443"
	"Q444" [label="Q"]
	"F443" -> "Q444"
	"num445" [label="num",style=filled,fillcolor=powderblue]
	"Q444" -> "num445"
	"F1446" [label="F1"]
	"F443" -> "F1446"
	"e447" [label="e"]
	"F1446" -> "e447"
	"Expression2448" [label="Expression2"]
	"Expression2441" -> "Expression2448"
	"*449" [label="*",style=filled,fillcolor=powderblue]
	"Expression2448" -> "*449"
	"F450" [label="F"]
	"Expression2448" -> "F450"
	"Q451" [label="Q"]
	"F450" -> "Q451"
	"num452" [label="num",style=filled,fillcolor=powderblue]
	"Q451" -> "num452"
	"F1453" [label="F1"]
	"F450" -> "F1453"

	"e454" [label="e"]
	"F1453" -> "e454"
	"Expression2455" [label="Expression2"]
	"Expression2448" -> "Expression2455"
	"e456" [label="e"]
	"Expression2455" -> "e456"
	"Expression1457" [label="Expression1"]
	"Expression434" -> "Expression1457"
	"e458" [label="e"]
	"Expression1457" -> "e458"
	"Derivestate459" [label="Derivestate"]
	"Derivestate416" -> "Derivestate459"
	"Statement460" [label="Statement"]
	"Derivestate459" -> "Statement460"
	"assignment461" [label="assignment"]
	"Statement460" -> "assignment461"
	"m462" [label="m",style=filled,fillcolor=powderblue]
	"assignment461" -> "m462"
	"[463" [label="[",style=filled,fillcolor=powderblue]
	"assignment461" -> "[463"
	"Expression464" [label="Expression"]
	"assignment461" -> "Expression464"
	"T465" [label="T"]
	"Expression464" -> "T465"
	"F466" [label="F"]
	"T465" -> "F466"
	"Q467" [label="Q"]
	"F466" -> "Q467"
	"num468" [label="num",style=filled,fillcolor=powderblue]
	"Q467" -> "num468"
	"F1469" [label="F1"]
	"F466" -> "F1469"
	"e470" [label="e"]
	"F1469" -> "e470"
	"Expression2471" [label="Expression2"]
	"T465" -> "Expression2471"
	"e472" [label="e"]
	"Expression2471" -> "e472"
	"Expression1473" [label="Expression1"]
	"Expression464" -> "Expression1473"
	"e474" [label="e"]
	"Expression1473" -> "e474"
	"]475" [label="]",style=filled,fillcolor=powderblue]
	"assignment461" -> "]475"
	"=476" [label="=",style=filled,fillcolor=powderblue]
	"assignment461" -> "=476"
	"Expression477" [label="Expression"]
	"assignment461" -> "Expression477"
	"T478" [label="T"]
	"Expression477" -> "T478"
	"F479" [label="F"]
	"T478" -> "F479"
	"Q480" [label="Q"]
	"F479" -> "Q480"
	"num481" [label="num",style=filled,fillcolor=powderblue]
	"Q480" -> "num481"
	"F1482" [label="F1"]
	"F479" -> "F1482"
	"e483" [label="e"]
	"F1482" -> "e483"
	"Expression2484" [label="Expression2"]
	"T478" -> "Expression2484"
	"e485" [label="e"]
	"Expression2484" -> "e485"
	"Expression1486" [label="Expression1"]
	"Expression477" -> "Expression1486"
	"+487" [label="+",style=filled,fillcolor=powderblue]
	"Expression1486" -> "+487"
	"T488" [label="T"]
	"Expression1486" -> "T488"
	"F489" [label="F"]
	"T488" -> "F489"
	"Q490" [label="Q"]
	"F489" -> "Q490"
	"m491" [label="m",style=filled,fillcolor=powderblue]
	"Q490" -> "m491"
	"[492" [label="[",style=filled,fillcolor=powderblue]
	"Q490" -> "[492"
	"Expression493" [label="Expression"]
	"Q490" -> "Expression493"
	"T494" [label="T"]
	"Expression493" -> "T494"
	"F495" [label="F"]
	"T494" -> "F495"
	"Q496" [label="Q"]
	"F495" -> "Q496"
	"num497" [label="num",style=filled,fillcolor=powderblue]
	"Q496" -> "num497"
	"F1498" [label="F1"]
	"F495" -> "F1498"
	"e499" [label="e"]
	"F1498" -> "e499"
	"Expression2500" [label="Expression2"]
	"T494" -> "Expression2500"
	"e501" [label="e"]
	"Expression2500" -> "e501"
	"Expression1502" [label="Expression1"]
	"Expression493" -> "Expression1502"
	"e503" [label="e"]
	"Expression1502" -> "e503"
	"]504" [label="]",style=filled,fillcolor=powderblue]
	"Q490" -> "]504"
	"F1505" [label="F1"]
	"F489" -> "F1505"

	"e506" [label="e"]
	"F1505" -> "e506"
	"Expression2507" [label="Expression2"]
	"T488" -> "Expression2507"
	"e508" [label="e"]
	"Expression2507" -> "e508"
	"Expression1509" [label="Expression1"]
	"Expression1486" -> "Expression1509"
	"e510" [label="e"]
	"Expression1509" -> "e510"
	"Derivestate511" [label="Derivestate"]
	"Derivestate459" -> "Derivestate511"
	"Statement512" [label="Statement"]
	"Derivestate511" -> "Statement512"
	"assignment513" [label="assignment"]
	"Statement512" -> "assignment513"
	"m514" [label="m",style=filled,fillcolor=powderblue]
	"assignment513" -> "m514"
	"[515" [label="[",style=filled,fillcolor=powderblue]
	"assignment513" -> "[515"
	"Expression516" [label="Expression"]
	"assignment513" -> "Expression516"
	"T517" [label="T"]
	"Expression516" -> "T517"
	"F518" [label="F"]
	"T517" -> "F518"
	"Q519" [label="Q"]
	"F518" -> "Q519"
	"num520" [label="num",style=filled,fillcolor=powderblue]
	"Q519" -> "num520"
	"F1521" [label="F1"]
	"F518" -> "F1521"
	"e522" [label="e"]
	"F1521" -> "e522"
	"Expression2523" [label="Expression2"]
	"T517" -> "Expression2523"
	"e524" [label="e"]
	"Expression2523" -> "e524"
	"Expression1525" [label="Expression1"]
	"Expression516" -> "Expression1525"
	"e526" [label="e"]
	"Expression1525" -> "e526"
	"]527" [label="]",style=filled,fillcolor=powderblue]
	"assignment513" -> "]527"
	"=528" [label="=",style=filled,fillcolor=powderblue]
	"assignment513" -> "=528"
	"Expression529" [label="Expression"]
	"assignment513" -> "Expression529"
	"T530" [label="T"]
	"Expression529" -> "T530"
	"F531" [label="F"]
	"T530" -> "F531"
	"Q532" [label="Q"]
	"F531" -> "Q532"
	"num533" [label="num",style=filled,fillcolor=powderblue]
	"Q532" -> "num533"
	"F1534" [label="F1"]
	"F531" -> "F1534"
	"e535" [label="e"]
	"F1534" -> "e535"
	"Expression2536" [label="Expression2"]
	"T530" -> "Expression2536"
	"e537" [label="e"]
	"Expression2536" -> "e537"
	"Expression1538" [label="Expression1"]
	"Expression529" -> "Expression1538"
	"-539" [label="-",style=filled,fillcolor=powderblue]
	"Expression1538" -> "-539"
	"T540" [label="T"]
	"Expression1538" -> "T540"
	"F541" [label="F"]
	"T540" -> "F541"
	"Q542" [label="Q"]
	"F541" -> "Q542"
	"m543" [label="m",style=filled,fillcolor=powderblue]
	"Q542" -> "m543"
	"[544" [label="[",style=filled,fillcolor=powderblue]
	"Q542" -> "[544"
	"Expression545" [label="Expression"]
	"Q542" -> "Expression545"
	"T546" [label="T"]
	"Expression545" -> "T546"
	"F547" [label="F"]
	"T546" -> "F547"
	"Q548" [label="Q"]
	"F547" -> "Q548"
	"num549" [label="num",style=filled,fillcolor=powderblue]
	"Q548" -> "num549"
	"F1550" [label="F1"]
	"F547" -> "F1550"
	"e551" [label="e"]
	"F1550" -> "e551"
	"Expression2552" [label="Expression2"]
	"T546" -> "Expression2552"
	"e553" [label="e"]
	"Expression2552" -> "e553"
	"Expression1554" [label="Expression1"]
	"Expression545" -> "Expression1554"
	"-555" [label="-",style=filled,fillcolor=powderblue]
	"Expression1554" -> "-555"
	"T556" [label="T"]
	"Expression1554" -> "T556"
	"F557" [label="F"]
	"T556" -> "F557"
	"Q558" [label="Q"]
	"F557" -> "Q558"
	"num559" [label="num",style=filled,fillcolor=powderblue]
	"Q558" -> "num559"
	"F1560" [label="F1"]
	"F557" -> "F1560"
	"e561" [label="e"]
	"F1560" -> "e561"
	"Expression2562" [label="Expression2"]
	"T556" -> "Expression2562"
	"e563" [label="e"]
	"Expression2562" -> "e563"
	"Expression1564" [label="Expression1"]
	"Expression1554" -> "Expression1564"
	"e565" [label="e"]
	"Expression1564" -> "e565"
	"]566" [label="]",style=filled,fillcolor=powderblue]
	"Q542" -> "]566"
	"F1567" [label="F1"]
	"F541" -> "F1567"

	"e568" [label="e"]
	"F1567" -> "e568"
	"Expression2569" [label="Expression2"]
	"T540" -> "Expression2569"
	"e570" [label="e"]
	"Expression2569" -> "e570"
	"Expression1571" [label="Expression1"]
	"Expression1538" -> "Expression1571"
	"e572" [label="e"]
	"Expression1571" -> "e572"
	"Derivestate573" [label="Derivestate"]
	"Derivestate511" -> "Derivestate573"
	"Statement574" [label="Statement"]
	"Derivestate573" -> "Statement574"
	"assignment575" [label="assignment"]
	"Statement574" -> "assignment575"
	"m576" [label="m",style=filled,fillcolor=powderblue]
	"assignment575" -> "m576"
	"[577" [label="[",style=filled,fillcolor=powderblue]
	"assignment575" -> "[577"
	"Expression578" [label="Expression"]
	"assignment575" -> "Expression578"
	"T579" [label="T"]
	"Expression578" -> "T579"
	"F580" [label="F"]
	"T579" -> "F580"
	"Q581" [label="Q"]
	"F580" -> "Q581"
	"num582" [label="num",style=filled,fillcolor=powderblue]
	"Q581" -> "num582"
	"F1583" [label="F1"]
	"F580" -> "F1583"
	"e584" [label="e"]
	"F1583" -> "e584"
	"Expression2585" [label="Expression2"]
	"T579" -> "Expression2585"
	"e586" [label="e"]
	"Expression2585" -> "e586"
	"Expression1587" [label="Expression1"]
	"Expression578" -> "Expression1587"
	"e588" [label="e"]
	"Expression1587" -> "e588"
	"]589" [label="]",style=filled,fillcolor=powderblue]
	"assignment575" -> "]589"
	"=590" [label="=",style=filled,fillcolor=powderblue]
	"assignment575" -> "=590"
	"Expression591" [label="Expression"]
	"assignment575" -> "Expression591"
	"T592" [label="T"]
	"Expression591" -> "T592"
	"F593" [label="F"]
	"T592" -> "F593"
	"Q594" [label="Q"]
	"F593" -> "Q594"
	"num595" [label="num",style=filled,fillcolor=powderblue]
	"Q594" -> "num595"
	"F1596" [label="F1"]
	"F593" -> "F1596"
	"e597" [label="e"]
	"F1596" -> "e597"
	"Expression2598" [label="Expression2"]
	"T592" -> "Expression2598"
	"e599" [label="e"]
	"Expression2598" -> "e599"
	"Expression1600" [label="Expression1"]
	"Expression591" -> "Expression1600"
	"-601" [label="-",style=filled,fillcolor=powderblue]
	"Expression1600" -> "-601"
	"T602" [label="T"]
	"Expression1600" -> "T602"
	"F603" [label="F"]
	"T602" -> "F603"
	"Q604" [label="Q"]
	"F603" -> "Q604"
	"(605" [label="(",style=filled,fillcolor=powderblue]
	"Q604" -> "(605"
	"Expression606" [label="Expression"]
	"Q604" -> "Expression606"
	"T607" [label="T"]
	"Expression606" -> "T607"
	"F608" [label="F"]
	"T607" -> "F608"
	"Q609" [label="Q"]
	"F608" -> "Q609"
	"num610" [label="num",style=filled,fillcolor=powderblue]
	"Q609" -> "num610"
	"F1611" [label="F1"]
	"F608" -> "F1611"
	"e612" [label="e"]
	"F1611" -> "e612"
	"Expression2613" [label="Expression2"]
	"T607" -> "Expression2613"
	"e614" [label="e"]
	"Expression2613" -> "e614"
	"Expression1615" [label="Expression1"]
	"Expression606" -> "Expression1615"
	"-616" [label="-",style=filled,fillcolor=powderblue]
	"Expression1615" -> "-616"
	"T617" [label="T"]
	"Expression1615" -> "T617"
	"F618" [label="F"]
	"T617" -> "F618"
	"Q619" [label="Q"]
	"F618" -> "Q619"
	"num620" [label="num",style=filled,fillcolor=powderblue]
	"Q619" -> "num620"
	"F1621" [label="F1"]
	"F618" -> "F1621"
	"e622" [label="e"]
	"F1621" -> "e622"
	"Expression2623" [label="Expression2"]
	"T617" -> "Expression2623"
	"e624" [label="e"]
	"Expression2623" -> "e624"
	"Expression1625" [label="Expression1"]
	"Expression1615" -> "Expression1625"
	"e626" [label="e"]
	"Expression1625" -> "e626"
	")627" [label=")",style=filled,fillcolor=powderblue]
	"Q604" -> ")627"
	"F1628" [label="F1"]
	"F603" -> "F1628"

	"e629" [label="e"]
	"F1628" -> "e629"
	"Expression2630" [label="Expression2"]
	"T602" -> "Expression2630"
	"e631" [label="e"]
	"Expression2630" -> "e631"
	"Expression1632" [label="Expression1"]
	"Expression1600" -> "Expression1632"
	"e633" [label="e"]
	"Expression1632" -> "e633"
	"Derivestate634" [label="Derivestate"]
	"Derivestate573" -> "Derivestate634"
	"Statement635" [label="Statement"]
	"Derivestate634" -> "Statement635"
	"assignment636" [label="assignment"]
	"Statement635" -> "assignment636"
	"m637" [label="m",style=filled,fillcolor=powderblue]
	"assignment636" -> "m637"
	"[638" [label="[",style=filled,fillcolor=powderblue]
	"assignment636" -> "[638"
	"Expression639" [label="Expression"]
	"assignment636" -> "Expression639"
	"T640" [label="T"]
	"Expression639" -> "T640"
	"F641" [label="F"]
	"T640" -> "F641"
	"Q642" [label="Q"]
	"F641" -> "Q642"
	"num643" [label="num",style=filled,fillcolor=powderblue]
	"Q642" -> "num643"
	"F1644" [label="F1"]
	"F641" -> "F1644"
	"e645" [label="e"]
	"F1644" -> "e645"
	"Expression2646" [label="Expression2"]
	"T640" -> "Expression2646"
	"e647" [label="e"]
	"Expression2646" -> "e647"
	"Expression1648" [label="Expression1"]
	"Expression639" -> "Expression1648"
	"e649" [label="e"]
	"Expression1648" -> "e649"
	"]650" [label="]",style=filled,fillcolor=powderblue]
	"assignment636" -> "]650"
	"=651" [label="=",style=filled,fillcolor=powderblue]
	"assignment636" -> "=651"
	"Expression652" [label="Expression"]
	"assignment636" -> "Expression652"
	"T653" [label="T"]
	"Expression652" -> "T653"
	"F654" [label="F"]
	"T653" -> "F654"
	"Q655" [label="Q"]
	"F654" -> "Q655"
	"num656" [label="num",style=filled,fillcolor=powderblue]
	"Q655" -> "num656"
	"F1657" [label="F1"]
	"F654" -> "F1657"
	"e658" [label="e"]
	"F1657" -> "e658"
	"Expression2659" [label="Expression2"]
	"T653" -> "Expression2659"
	"e660" [label="e"]
	"Expression2659" -> "e660"
	"Expression1661" [label="Expression1"]
	"Expression652" -> "Expression1661"
	"-662" [label="-",style=filled,fillcolor=powderblue]
	"Expression1661" -> "-662"
	"T663" [label="T"]
	"Expression1661" -> "T663"
	"F664" [label="F"]
	"T663" -> "F664"
	"Q665" [label="Q"]
	"F664" -> "Q665"
	"m666" [label="m",style=filled,fillcolor=powderblue]
	"Q665" -> "m666"
	"[667" [label="[",style=filled,fillcolor=powderblue]
	"Q665" -> "[667"
	"Expression668" [label="Expression"]
	"Q665" -> "Expression668"
	"T669" [label="T"]
	"Expression668" -> "T669"
	"F670" [label="F"]
	"T669" -> "F670"
	"Q671" [label="Q"]
	"F670" -> "Q671"
	"(672" [label="(",style=filled,fillcolor=powderblue]
	"Q671" -> "(672"
	"Expression673" [label="Expression"]
	"Q671" -> "Expression673"
	"T674" [label="T"]
	"Expression673" -> "T674"
	"F675" [label="F"]
	"T674" -> "F675"
	"Q676" [label="Q"]
	"F675" -> "Q676"
	"num677" [label="num",style=filled,fillcolor=powderblue]
	"Q676" -> "num677"
	"F1678" [label="F1"]
	"F675" -> "F1678"
	"e679" [label="e"]
	"F1678" -> "e679"
	"Expression2680" [label="Expression2"]
	"T674" -> "Expression2680"
	"e681" [label="e"]
	"Expression2680" -> "e681"
	"Expression1682" [label="Expression1"]
	"Expression673" -> "Expression1682"
	"-683" [label="-",style=filled,fillcolor=powderblue]
	"Expression1682" -> "-683"
	"T684" [label="T"]
	"Expression1682" -> "T684"
	"F685" [label="F"]
	"T684" -> "F685"
	"Q686" [label="Q"]
	"F685" -> "Q686"
	"num687" [label="num",style=filled,fillcolor=powderblue]
	"Q686" -> "num687"
	"F1688" [label="F1"]
	"F685" -> "F1688"
	"e689" [label="e"]
	"F1688" -> "e689"
	"Expression2690" [label="Expression2"]
	"T684" -> "Expression2690"
	"e691" [label="e"]
	"Expression2690" -> "e691"
	"Expression1692" [label="Expression1"]
	"Expression1682" -> "Expression1692"
	"e693" [label="e"]
	"Expression1692" -> "e693"
	")694" [label=")",style=filled,fillcolor=powderblue]
	"Q671" -> ")694"
	"F1695" [label="F1"]
	"F670" -> "F1695"
	"e696" [label="e"]
	"F1695" -> "e696"
	"Expression2697" [label="Expression2"]
	"T669" -> "Expression2697"
	"e698" [label="e"]
	"Expression2697" -> "e698"
	"Expression1699" [label="Expression1"]
	"Expression668" -> "Expression1699"
	"e700" [label="e"]
	"Expression1699" -> "e700"
	"]701" [label="]",style=filled,fillcolor=powderblue]
	"Q665" -> "]701"
	"F1702" [label="F1"]
	"F664" -> "F1702"

	"e703" [label="e"]
	"F1702" -> "e703"
	"Expression2704" [label="Expression2"]
	"T663" -> "Expression2704"
	"e705" [label="e"]
	"Expression2704" -> "e705"
	"Expression1706" [label="Expression1"]
	"Expression1661" -> "Expression1706"
	"e707" [label="e"]
	"Expression1706" -> "e707"
	"Derivestate708" [label="Derivestate"]
	"Derivestate634" -> "Derivestate708"
	"Statement709" [label="Statement"]
	"Derivestate708" -> "Statement709"
	"Print710" [label="Print"]
	"Statement709" -> "Print710"
	"print711" [label="print",style=filled,fillcolor=powderblue]
	"Print710" -> "print711"
	"Expression712" [label="Expression"]
	"Print710" -> "Expression712"
	"T713" [label="T"]
	"Expression712" -> "T713"
	"F714" [label="F"]
	"T713" -> "F714"
	"Q715" [label="Q"]
	"F714" -> "Q715"
	"m716" [label="m",style=filled,fillcolor=powderblue]
	"Q715" -> "m716"
	"[717" [label="[",style=filled,fillcolor=powderblue]
	"Q715" -> "[717"
	"Expression718" [label="Expression"]
	"Q715" -> "Expression718"
	"T719" [label="T"]
	"Expression718" -> "T719"
	"F720" [label="F"]
	"T719" -> "F720"
	"Q721" [label="Q"]
	"F720" -> "Q721"
	"num722" [label="num",style=filled,fillcolor=powderblue]
	"Q721" -> "num722"
	"F1723" [label="F1"]
	"F720" -> "F1723"
	"e724" [label="e"]
	"F1723" -> "e724"
	"Expression2725" [label="Expression2"]
	"T719" -> "Expression2725"
	"e726" [label="e"]
	"Expression2725" -> "e726"
	"Expression1727" [label="Expression1"]
	"Expression718" -> "Expression1727"
	"e728" [label="e"]
	"Expression1727" -> "e728"
	"]729" [label="]",style=filled,fillcolor=powderblue]
	"Q715" -> "]729"
	"F1730" [label="F1"]
	"F714" -> "F1730"

	"e731" [label="e"]
	"F1730" -> "e731"
	"Expression2732" [label="Expression2"]
	"T713" -> "Expression2732"
	"e733" [label="e"]
	"Expression2732" -> "e733"
	"Expression1734" [label="Expression1"]
	"Expression712" -> "Expression1734"
	"e735" [label="e"]
	"Expression1734" -> "e735"
	"Derivestate736" [label="Derivestate"]
	"Derivestate708" -> "Derivestate736"
	"Statement737" [label="Statement"]
	"Derivestate736" -> "Statement737"
	"Jump738" [label="Jump"]
	"Statement737" -> "Jump738"
	"goto739" [label="goto",style=filled,fillcolor=powderblue]
	"Jump738" -> "goto739"
	"num740" [label="num",style=filled,fillcolor=powderblue]
	"Jump738" -> "num740"
	"Secondjump741" [label="Secondjump"]
	"Jump738" -> "Secondjump741"
	"if742" [label="if",style=filled,fillcolor=powderblue]
	"Secondjump741" -> "if742"
	"Expression743" [label="Expression"]
	"Secondjump741" -> "Expression743"
	"T744" [label="T"]
	"Expression743" -> "T744"
	"F745" [label="F"]
	"T744" -> "F745"
	"Q746" [label="Q"]
	"F745" -> "Q746"
	"m747" [label="m",style=filled,fillcolor=powderblue]
	"Q746" -> "m747"
	"[748" [label="[",style=filled,fillcolor=powderblue]
	"Q746" -> "[748"
	"Expression749" [label="Expression"]
	"Q746" -> "Expression749"
	"T750" [label="T"]
	"Expression749" -> "T750"
	"F751" [label="F"]
	"T750" -> "F751"
	"Q752" [label="Q"]
	"F751" -> "Q752"
	"num753" [label="num",style=filled,fillcolor=powderblue]
	"Q752" -> "num753"
	"F1754" [label="F1"]
	"F751" -> "F1754"
	"e755" [label="e"]
	"F1754" -> "e755"
	"Expression2756" [label="Expression2"]
	"T750" -> "Expression2756"
	"e757" [label="e"]
	"Expression2756" -> "e757"
	"Expression1758" [label="Expression1"]
	"Expression749" -> "Expression1758"
	"e759" [label="e"]
	"Expression1758" -> "e759"
	"]760" [label="]",style=filled,fillcolor=powderblue]
	"Q746" -> "]760"
	"F1761" [label="F1"]
	"F745" -> "F1761"

	"e762" [label="e"]
	"F1761" -> "e762"
	"Expression2763" [label="Expression2"]
	"T744" -> "Expression2763"
	"e764" [label="e"]
	"Expression2763" -> "e764"
	"Expression1765" [label="Expression1"]
	"Expression743" -> "Expression1765"
	"e766" [label="e"]
	"Expression1765" -> "e766"
	"Derivestate767" [label="Derivestate"]
	"Derivestate736" -> "Derivestate767"
	"Statement768" [label="Statement"]
	"Derivestate767" -> "Statement768"
	"Print769" [label="Print"]
	"Statement768" -> "Print769"
	"print770" [label="print",style=filled,fillcolor=powderblue]
	"Print769" -> "print770"
	"Expression771" [label="Expression"]
	"Print769" -> "Expression771"
	"T772" [label="T"]
	"Expression771" -> "T772"
	"F773" [label="F"]
	"T772" -> "F773"
	"Q774" [label="Q"]
	"F773" -> "Q774"
	"m775" [label="m",style=filled,fillcolor=powderblue]
	"Q774" -> "m775"
	"[776" [label="[",style=filled,fillcolor=powderblue]
	"Q774" -> "[776"
	"Expression777" [label="Expression"]
	"Q774" -> "Expression777"
	"T778" [label="T"]
	"Expression777" -> "T778"
	"F779" [label="F"]
	"T778" -> "F779"
	"Q780" [label="Q"]
	"F779" -> "Q780"
	"num781" [label="num",style=filled,fillcolor=powderblue]
	"Q780" -> "num781"
	"F1782" [label="F1"]
	"F779" -> "F1782"
	"e783" [label="e"]
	"F1782" -> "e783"
	"Expression2784" [label="Expression2"]
	"T778" -> "Expression2784"
	"e785" [label="e"]
	"Expression2784" -> "e785"
	"Expression1786" [label="Expression1"]
	"Expression777" -> "Expression1786"
	"e787" [label="e"]
	"Expression1786" -> "e787"
	"]788" [label="]",style=filled,fillcolor=powderblue]
	"Q774" -> "]788"
	"F1789" [label="F1"]
	"F773" -> "F1789"

	"e790" [label="e"]
	"F1789" -> "e790"
	"Expression2791" [label="Expression2"]
	"T772" -> "Expression2791"
	"e792" [label="e"]
	"Expression2791" -> "e792"
	"Expression1793" [label="Expression1"]
	"Expression771" -> "Expression1793"
	"e794" [label="e"]
	"Expression1793" -> "e794"
	"Derivestate795" [label="Derivestate"]
	"Derivestate767" -> "Derivestate795"
	"Statement796" [label="Statement"]
	"Derivestate795" -> "Statement796"
	"Jump797" [label="Jump"]
	"Statement796" -> "Jump797"
	"goto798" [label="goto",style=filled,fillcolor=powderblue]
	"Jump797" -> "goto798"
	"num799" [label="num",style=filled,fillcolor=powderblue]
	"Jump797" -> "num799"
	"Secondjump800" [label="Secondjump"]
	"Jump797" -> "Secondjump800"

	"e801" [label="e"]
	"Secondjump800" -> "e801"
	"Derivestate802" [label="Derivestate"]
	"Derivestate795" -> "Derivestate802"
	"Statement803" [label="Statement"]
	"Derivestate802" -> "Statement803"
	"Print804" [label="Print"]
	"Statement803" -> "Print804"
	"print805" [label="print",style=filled,fillcolor=powderblue]
	"Print804" -> "print805"
	"Expression806" [label="Expression"]
	"Print804" -> "Expression806"
	"T807" [label="T"]
	"Expression806" -> "T807"
	"F808" [label="F"]
	"T807" -> "F808"
	"Q809" [label="Q"]
	"F808" -> "Q809"
	"m810" [label="m",style=filled,fillcolor=powderblue]
	"Q809" -> "m810"
	"[811" [label="[",style=filled,fillcolor=powderblue]
	"Q809" -> "[811"
	"Expression812" [label="Expression"]
	"Q809" -> "Expression812"
	"T813" [label="T"]
	"Expression812" -> "T813"
	"F814" [label="F"]
	"T813" -> "F814"
	"Q815" [label="Q"]
	"F814" -> "Q815"
	"num816" [label="num",style=filled,fillcolor=powderblue]
	"Q815" -> "num816"
	"F1817" [label="F1"]
	"F814" -> "F1817"
	"e818" [label="e"]
	"F1817" -> "e818"
	"Expression2819" [label="Expression2"]
	"T813" -> "Expression2819"
	"e820" [label="e"]
	"Expression2819" -> "e820"
	"Expression1821" [label="Expression1"]
	"Expression812" -> "Expression1821"
	"e822" [label="e"]
	"Expression1821" -> "e822"
	"]823" [label="]",style=filled,fillcolor=powderblue]
	"Q809" -> "]823"
	"F1824" [label="F1"]
	"F808" -> "F1824"

	"e825" [label="e"]
	"F1824" -> "e825"
	"Expression2826" [label="Expression2"]
	"T807" -> "Expression2826"
	"e827" [label="e"]
	"Expression2826" -> "e827"
	"Expression1828" [label="Expression1"]
	"Expression806" -> "Expression1828"
	"e829" [label="e"]
	"Expression1828" -> "e829"
	"Derivestate830" [label="Derivestate"]
	"Derivestate802" -> "Derivestate830"
	"Statement831" [label="Statement"]
	"Derivestate830" -> "Statement831"
	"Label832" [label="Label"]
	"Statement831" -> "Label832"
	"L833" [label="L",style=filled,fillcolor=powderblue]
	"Label832" -> "L833"
	"num834" [label="num",style=filled,fillcolor=powderblue]
	"Label832" -> "num834"
	":835" [label=":",style=filled,fillcolor=powderblue]
	"Label832" -> ":835"
	"Derivestate836" [label="Derivestate"]
	"Derivestate830" -> "Derivestate836"

	"Statement837" [label="Statement"]
	"Derivestate836" -> "Statement837"
	"Print838" [label="Print"]
	"Statement837" -> "Print838"
	"print839" [label="print",style=filled,fillcolor=powderblue]
	"Print838" -> "print839"
	"Expression840" [label="Expression"]
	"Print838" -> "Expression840"
	"T841" [label="T"]
	"Expression840" -> "T841"
	"F842" [label="F"]
	"T841" -> "F842"
	"Q843" [label="Q"]
	"F842" -> "Q843"
	"m844" [label="m",style=filled,fillcolor=powderblue]
	"Q843" -> "m844"
	"[845" [label="[",style=filled,fillcolor=powderblue]
	"Q843" -> "[845"
	"Expression846" [label="Expression"]
	"Q843" -> "Expression846"
	"T847" [label="T"]
	"Expression846" -> "T847"
	"F848" [label="F"]
	"T847" -> "F848"
	"Q849" [label="Q"]
	"F848" -> "Q849"
	"num850" [label="num",style=filled,fillcolor=powderblue]
	"Q849" -> "num850"
	"F1851" [label="F1"]
	"F848" -> "F1851"
	"e852" [label="e"]
	"F1851" -> "e852"
	"Expression2853" [label="Expression2"]
	"T847" -> "Expression2853"
	"e854" [label="e"]
	"Expression2853" -> "e854"
	"Expression1855" [label="Expression1"]
	"Expression846" -> "Expression1855"
	"e856" [label="e"]
	"Expression1855" -> "e856"
	"]857" [label="]",style=filled,fillcolor=powderblue]
	"Q843" -> "]857"
	"F1858" [label="F1"]
	"F842" -> "F1858"

	"e859" [label="e"]
	"F1858" -> "e859"
	"Expression2860" [label="Expression2"]
	"T841" -> "Expression2860"
	"e861" [label="e"]
	"Expression2860" -> "e861"
	"Expression1862" [label="Expression1"]
	"Expression840" -> "Expression1862"
	"e863" [label="e"]
	"Expression1862" -> "e863"
	"Derivestate864" [label="Derivestate"]
	"Derivestate836" -> "Derivestate864"
	"Statement865" [label="Statement"]
	"Derivestate864" -> "Statement865"
	"assignment866" [label="assignment"]
	"Statement865" -> "assignment866"
	"m867" [label="m",style=filled,fillcolor=powderblue]
	"assignment866" -> "m867"
	"[868" [label="[",style=filled,fillcolor=powderblue]
	"assignment866" -> "[868"
	"Expression869" [label="Expression"]
	"assignment866" -> "Expression869"
	"T870" [label="T"]
	"Expression869" -> "T870"
	"F871" [label="F"]
	"T870" -> "F871"
	"Q872" [label="Q"]
	"F871" -> "Q872"
	"num873" [label="num",style=filled,fillcolor=powderblue]
	"Q872" -> "num873"
	"F1874" [label="F1"]
	"F871" -> "F1874"
	"e875" [label="e"]
	"F1874" -> "e875"
	"Expression2876" [label="Expression2"]
	"T870" -> "Expression2876"
	"e877" [label="e"]
	"Expression2876" -> "e877"
	"Expression1878" [label="Expression1"]
	"Expression869" -> "Expression1878"
	"e879" [label="e"]
	"Expression1878" -> "e879"
	"]880" [label="]",style=filled,fillcolor=powderblue]
	"assignment866" -> "]880"
	"=881" [label="=",style=filled,fillcolor=powderblue]
	"assignment866" -> "=881"
	"Expression882" [label="Expression"]
	"assignment866" -> "Expression882"
	"T883" [label="T"]
	"Expression882" -> "T883"
	"F884" [label="F"]
	"T883" -> "F884"
	"Q885" [label="Q"]
	"F884" -> "Q885"
	"num886" [label="num",style=filled,fillcolor=powderblue]
	"Q885" -> "num886"
	"F1887" [label="F1"]
	"F884" -> "F1887"
	"e888" [label="e"]
	"F1887" -> "e888"
	"Expression2889" [label="Expression2"]
	"T883" -> "Expression2889"
	"/890" [label="/",style=filled,fillcolor=powderblue]
	"Expression2889" -> "/890"
	"F891" [label="F"]
	"Expression2889" -> "F891"
	"Q892" [label="Q"]
	"F891" -> "Q892"
	"num893" [label="num",style=filled,fillcolor=powderblue]
	"Q892" -> "num893"
	"F1894" [label="F1"]
	"F891" -> "F1894"
	"e895" [label="e"]
	"F1894" -> "e895"
	"Expression2896" [label="Expression2"]
	"Expression2889" -> "Expression2896"
	"*897" [label="*",style=filled,fillcolor=powderblue]
	"Expression2896" -> "*897"
	"F898" [label="F"]
	"Expression2896" -> "F898"
	"Q899" [label="Q"]
	"F898" -> "Q899"
	"num900" [label="num",style=filled,fillcolor=powderblue]
	"Q899" -> "num900"
	"F1901" [label="F1"]
	"F898" -> "F1901"

	"e902" [label="e"]
	"F1901" -> "e902"
	"Expression2903" [label="Expression2"]
	"Expression2896" -> "Expression2903"
	"e904" [label="e"]
	"Expression2903" -> "e904"
	"Expression1905" [label="Expression1"]
	"Expression882" -> "Expression1905"
	"e906" [label="e"]
	"Expression1905" -> "e906"
	"Derivestate907" [label="Derivestate"]
	"Derivestate864" -> "Derivestate907"
	"Statement908" [label="Statement"]
	"Derivestate907" -> "Statement908"
	"assignment909" [label="assignment"]
	"Statement908" -> "assignment909"
	"m910" [label="m",style=filled,fillcolor=powderblue]
	"assignment909" -> "m910"
	"[911" [label="[",style=filled,fillcolor=powderblue]
	"assignment909" -> "[911"
	"Expression912" [label="Expression"]
	"assignment909" -> "Expression912"
	"T913" [label="T"]
	"Expression912" -> "T913"
	"F914" [label="F"]
	"T913" -> "F914"
	"Q915" [label="Q"]
	"F914" -> "Q915"
	"num916" [label="num",style=filled,fillcolor=powderblue]
	"Q915" -> "num916"
	"F1917" [label="F1"]
	"F914" -> "F1917"
	"e918" [label="e"]
	"F1917" -> "e918"
	"Expression2919" [label="Expression2"]
	"T913" -> "Expression2919"
	"e920" [label="e"]
	"Expression2919" -> "e920"
	"Expression1921" [label="Expression1"]
	"Expression912" -> "Expression1921"
	"e922" [label="e"]
	"Expression1921" -> "e922"
	"]923" [label="]",style=filled,fillcolor=powderblue]
	"assignment909" -> "]923"
	"=924" [label="=",style=filled,fillcolor=powderblue]
	"assignment909" -> "=924"
	"Expression925" [label="Expression"]
	"assignment909" -> "Expression925"
	"T926" [label="T"]
	"Expression925" -> "T926"
	"F927" [label="F"]
	"T926" -> "F927"
	"Q928" [label="Q"]
	"F927" -> "Q928"
	"num929" [label="num",style=filled,fillcolor=powderblue]
	"Q928" -> "num929"
	"F1930" [label="F1"]
	"F927" -> "F1930"
	"e931" [label="e"]
	"F1930" -> "e931"
	"Expression2932" [label="Expression2"]
	"T926" -> "Expression2932"
	"e933" [label="e"]
	"Expression2932" -> "e933"
	"Expression1934" [label="Expression1"]
	"Expression925" -> "Expression1934"
	"+935" [label="+",style=filled,fillcolor=powderblue]
	"Expression1934" -> "+935"
	"T936" [label="T"]
	"Expression1934" -> "T936"
	"F937" [label="F"]
	"T936" -> "F937"
	"Q938" [label="Q"]
	"F937" -> "Q938"
	"num939" [label="num",style=filled,fillcolor=powderblue]
	"Q938" -> "num939"
	"F1940" [label="F1"]
	"F937" -> "F1940"

	"e941" [label="e"]
	"F1940" -> "e941"
	"Expression2942" [label="Expression2"]
	"T936" -> "Expression2942"
	"e943" [label="e"]
	"Expression2942" -> "e943"
	"Expression1944" [label="Expression1"]
	"Expression1934" -> "Expression1944"
	"e945" [label="e"]
	"Expression1944" -> "e945"
	"Derivestate946" [label="Derivestate"]
	"Derivestate907" -> "Derivestate946"
	"Statement947" [label="Statement"]
	"Derivestate946" -> "Statement947"
	"assignment948" [label="assignment"]
	"Statement947" -> "assignment948"
	"m949" [label="m",style=filled,fillcolor=powderblue]
	"assignment948" -> "m949"
	"[950" [label="[",style=filled,fillcolor=powderblue]
	"assignment948" -> "[950"
	"Expression951" [label="Expression"]
	"assignment948" -> "Expression951"
	"T952" [label="T"]
	"Expression951" -> "T952"
	"F953" [label="F"]
	"T952" -> "F953"
	"Q954" [label="Q"]
	"F953" -> "Q954"
	"num955" [label="num",style=filled,fillcolor=powderblue]
	"Q954" -> "num955"
	"F1956" [label="F1"]
	"F953" -> "F1956"
	"e957" [label="e"]
	"F1956" -> "e957"
	"Expression2958" [label="Expression2"]
	"T952" -> "Expression2958"
	"e959" [label="e"]
	"Expression2958" -> "e959"
	"Expression1960" [label="Expression1"]
	"Expression951" -> "Expression1960"
	"e961" [label="e"]
	"Expression1960" -> "e961"
	"]962" [label="]",style=filled,fillcolor=powderblue]
	"assignment948" -> "]962"
	"=963" [label="=",style=filled,fillcolor=powderblue]
	"assignment948" -> "=963"
	"Expression964" [label="Expression"]
	"assignment948" -> "Expression964"
	"T965" [label="T"]
	"Expression964" -> "T965"
	"F966" [label="F"]
	"T965" -> "F966"
	"Q967" [label="Q"]
	"F966" -> "Q967"
	"num968" [label="num",style=filled,fillcolor=powderblue]
	"Q967" -> "num968"
	"F1969" [label="F1"]
	"F966" -> "F1969"
	"e970" [label="e"]
	"F1969" -> "e970"
	"Expression2971" [label="Expression2"]
	"T965" -> "Expression2971"
	"e972" [label="e"]
	"Expression2971" -> "e972"
	"Expression1973" [label="Expression1"]
	"Expression964" -> "Expression1973"
	"-974" [label="-",style=filled,fillcolor=powderblue]
	"Expression1973" -> "-974"
	"T975" [label="T"]
	"Expression1973" -> "T975"
	"F976" [label="F"]
	"T975" -> "F976"
	"Q977" [label="Q"]
	"F976" -> "Q977"
	"(978" [label="(",style=filled,fillcolor=powderblue]
	"Q977" -> "(978"
	"Expression979" [label="Expression"]
	"Q977" -> "Expression979"
	"T980" [label="T"]
	"Expression979" -> "T980"
	"F981" [label="F"]
	"T980" -> "F981"
	"Q982" [label="Q"]
	"F981" -> "Q982"
	"m983" [label="m",style=filled,fillcolor=powderblue]
	"Q982" -> "m983"
	"[984" [label="[",style=filled,fillcolor=powderblue]
	"Q982" -> "[984"
	"Expression985" [label="Expression"]
	"Q982" -> "Expression985"
	"T986" [label="T"]
	"Expression985" -> "T986"
	"F987" [label="F"]
	"T986" -> "F987"
	"Q988" [label="Q"]
	"F987" -> "Q988"
	"num989" [label="num",style=filled,fillcolor=powderblue]
	"Q988" -> "num989"
	"F1990" [label="F1"]
	"F987" -> "F1990"
	"e991" [label="e"]
	"F1990" -> "e991"
	"Expression2992" [label="Expression2"]
	"T986" -> "Expression2992"
	"e993" [label="e"]
	"Expression2992" -> "e993"
	"Expression1994" [label="Expression1"]
	"Expression985" -> "Expression1994"
	"e995" [label="e"]
	"Expression1994" -> "e995"
	"]996" [label="]",style=filled,fillcolor=powderblue]
	"Q982" -> "]996"
	"F1997" [label="F1"]
	"F981" -> "F1997"
	"e998" [label="e"]
	"F1997" -> "e998"
	"Expression2999" [label="Expression2"]
	"T980" -> "Expression2999"
	"e1000" [label="e"]
	"Expression2999" -> "e1000"
	"Expression11001" [label="Expression1"]
	"Expression979" -> "Expression11001"
	"-1002" [label="-",style=filled,fillcolor=powderblue]
	"Expression11001" -> "-1002"
	"T1003" [label="T"]
	"Expression11001" -> "T1003"
	"F1004" [label="F"]
	"T1003" -> "F1004"
	"Q1005" [label="Q"]
	"F1004" -> "Q1005"
	"num1006" [label="num",style=filled,fillcolor=powderblue]
	"Q1005" -> "num1006"
	"F11007" [label="F1"]
	"F1004" -> "F11007"
	"e1008" [label="e"]
	"F11007" -> "e1008"
	"Expression21009" [label="Expression2"]
	"T1003" -> "Expression21009"
	"e1010" [label="e"]
	"Expression21009" -> "e1010"
	"Expression11011" [label="Expression1"]
	"Expression11001" -> "Expression11011"
	"e1012" [label="e"]
	"Expression11011" -> "e1012"
	")1013" [label=")",style=filled,fillcolor=powderblue]
	"Q977" -> ")1013"
	"F11014" [label="F1"]
	"F976" -> "F11014"

	"e1015" [label="e"]
	"F11014" -> "e1015"
	"Expression21016" [label="Expression2"]
	"T975" -> "Expression21016"
	"e1017" [label="e"]
	"Expression21016" -> "e1017"
	"Expression11018" [label="Expression1"]
	"Expression1973" -> "Expression11018"
	"e1019" [label="e"]
	"Expression11018" -> "e1019"
	"Derivestate1020" [label="Derivestate"]
	"Derivestate946" -> "Derivestate1020"
	"Statement1021" [label="Statement"]
	"Derivestate1020" -> "Statement1021"
	"assignment1022" [label="assignment"]
	"Statement1021" -> "assignment1022"
	"m1023" [label="m",style=filled,fillcolor=powderblue]
	"assignment1022" -> "m1023"
	"[1024" [label="[",style=filled,fillcolor=powderblue]
	"assignment1022" -> "[1024"
	"Expression1025" [label="Expression"]
	"assignment1022" -> "Expression1025"
	"T1026" [label="T"]
	"Expression1025" -> "T1026"
	"F1027" [label="F"]
	"T1026" -> "F1027"
	"Q1028" [label="Q"]
	"F1027" -> "Q1028"
	"num1029" [label="num",style=filled,fillcolor=powderblue]
	"Q1028" -> "num1029"
	"F11030" [label="F1"]
	"F1027" -> "F11030"
	"e1031" [label="e"]
	"F11030" -> "e1031"
	"Expression21032" [label="Expression2"]
	"T1026" -> "Expression21032"
	"e1033" [label="e"]
	"Expression21032" -> "e1033"
	"Expression11034" [label="Expression1"]
	"Expression1025" -> "Expression11034"
	"e1035" [label="e"]
	"Expression11034" -> "e1035"
	"]1036" [label="]",style=filled,fillcolor=powderblue]
	"assignment1022" -> "]1036"
	"=1037" [label="=",style=filled,fillcolor=powderblue]
	"assignment1022" -> "=1037"
	"Expression1038" [label="Expression"]
	"assignment1022" -> "Expression1038"
	"T1039" [label="T"]
	"Expression1038" -> "T1039"
	"F1040" [label="F"]
	"T1039" -> "F1040"
	"Q1041" [label="Q"]
	"F1040" -> "Q1041"
	"num1042" [label="num",style=filled,fillcolor=powderblue]
	"Q1041" -> "num1042"
	"F11043" [label="F1"]
	"F1040" -> "F11043"
	"e1044" [label="e"]
	"F11043" -> "e1044"
	"Expression21045" [label="Expression2"]
	"T1039" -> "Expression21045"
	"/1046" [label="/",style=filled,fillcolor=powderblue]
	"Expression21045" -> "/1046"
	"F1047" [label="F"]
	"Expression21045" -> "F1047"
	"Q1048" [label="Q"]
	"F1047" -> "Q1048"
	"num1049" [label="num",style=filled,fillcolor=powderblue]
	"Q1048" -> "num1049"
	"F11050" [label="F1"]
	"F1047" -> "F11050"
	"e1051" [label="e"]
	"F11050" -> "e1051"
	"Expression21052" [label="Expression2"]
	"Expression21045" -> "Expression21052"
	"*1053" [label="*",style=filled,fillcolor=powderblue]
	"Expression21052" -> "*1053"
	"F1054" [label="F"]
	"Expression21052" -> "F1054"
	"Q1055" [label="Q"]
	"F1054" -> "Q1055"
	"num1056" [label="num",style=filled,fillcolor=powderblue]
	"Q1055" -> "num1056"
	"F11057" [label="F1"]
	"F1054" -> "F11057"

	"e1058" [label="e"]
	"F11057" -> "e1058"
	"Expression21059" [label="Expression2"]
	"Expression21052" -> "Expression21059"
	"e1060" [label="e"]
	"Expression21059" -> "e1060"
	"Expression11061" [label="Expression1"]
	"Expression1038" -> "Expression11061"
	"e1062" [label="e"]
	"Expression11061" -> "e1062"
	"Derivestate1063" [label="Derivestate"]
	"Derivestate1020" -> "Derivestate1063"
	"Statement1064" [label="Statement"]
	"Derivestate1063" -> "Statement1064"
	"assignment1065" [label="assignment"]
	"Statement1064" -> "assignment1065"
	"m1066" [label="m",style=filled,fillcolor=powderblue]
	"assignment1065" -> "m1066"
	"[1067" [label="[",style=filled,fillcolor=powderblue]
	"assignment1065" -> "[1067"
	"Expression1068" [label="Expression"]
	"assignment1065" -> "Expression1068"
	"T1069" [label="T"]
	"Expression1068" -> "T1069"
	"F1070" [label="F"]
	"T1069" -> "F1070"
	"Q1071" [label="Q"]
	"F1070" -> "Q1071"
	"num1072" [label="num",style=filled,fillcolor=powderblue]
	"Q1071" -> "num1072"
	"F11073" [label="F1"]
	"F1070" -> "F11073"
	"e1074" [label="e"]
	"F11073" -> "e1074"
	"Expression21075" [label="Expression2"]
	"T1069" -> "Expression21075"
	"e1076" [label="e"]
	"Expression21075" -> "e1076"
	"Expression11077" [label="Expression1"]
	"Expression1068" -> "Expression11077"
	"e1078" [label="e"]
	"Expression11077" -> "e1078"
	"]1079" [label="]",style=filled,fillcolor=powderblue]
	"assignment1065" -> "]1079"
	"=1080" [label="=",style=filled,fillcolor=powderblue]
	"assignment1065" -> "=1080"
	"Expression1081" [label="Expression"]
	"assignment1065" -> "Expression1081"
	"T1082" [label="T"]
	"Expression1081" -> "T1082"
	"F1083" [label="F"]
	"T1082" -> "F1083"
	"Q1084" [label="Q"]
	"F1083" -> "Q1084"
	"num1085" [label="num",style=filled,fillcolor=powderblue]
	"Q1084" -> "num1085"
	"F11086" [label="F1"]
	"F1083" -> "F11086"
	"e1087" [label="e"]
	"F11086" -> "e1087"
	"Expression21088" [label="Expression2"]
	"T1082" -> "Expression21088"
	"e1089" [label="e"]
	"Expression21088" -> "e1089"
	"Expression11090" [label="Expression1"]
	"Expression1081" -> "Expression11090"
	"+1091" [label="+",style=filled,fillcolor=powderblue]
	"Expression11090" -> "+1091"
	"T1092" [label="T"]
	"Expression11090" -> "T1092"
	"F1093" [label="F"]
	"T1092" -> "F1093"
	"Q1094" [label="Q"]
	"F1093" -> "Q1094"
	"m1095" [label="m",style=filled,fillcolor=powderblue]
	"Q1094" -> "m1095"
	"[1096" [label="[",style=filled,fillcolor=powderblue]
	"Q1094" -> "[1096"
	"Expression1097" [label="Expression"]
	"Q1094" -> "Expression1097"
	"T1098" [label="T"]
	"Expression1097" -> "T1098"
	"F1099" [label="F"]
	"T1098" -> "F1099"
	"Q1100" [label="Q"]
	"F1099" -> "Q1100"
	"num1101" [label="num",style=filled,fillcolor=powderblue]
	"Q1100" -> "num1101"
	"F11102" [label="F1"]
	"F1099" -> "F11102"
	"e1103" [label="e"]
	"F11102" -> "e1103"
	"Expression21104" [label="Expression2"]
	"T1098" -> "Expression21104"
	"e1105" [label="e"]
	"Expression21104" -> "e1105"
	"Expression11106" [label="Expression1"]
	"Expression1097" -> "Expression11106"
	"e1107" [label="e"]
	"Expression11106" -> "e1107"
	"]1108" [label="]",style=filled,fillcolor=powderblue]
	"Q1094" -> "]1108"
	"F11109" [label="F1"]
	"F1093" -> "F11109"

	"e1110" [label="e"]
	"F11109" -> "e1110"
	"Expression21111" [label="Expression2"]
	"T1092" -> "Expression21111"
	"e1112" [label="e"]
	"Expression21111" -> "e1112"
	"Expression11113" [label="Expression1"]
	"Expression11090" -> "Expression11113"
	"e1114" [label="e"]
	"Expression11113" -> "e1114"
	"Derivestate1115" [label="Derivestate"]
	"Derivestate1063" -> "Derivestate1115"
	"Statement1116" [label="Statement"]
	"Derivestate1115" -> "Statement1116"
	"assignment1117" [label="assignment"]
	"Statement1116" -> "assignment1117"
	"m1118" [label="m",style=filled,fillcolor=powderblue]
	"assignment1117" -> "m1118"
	"[1119" [label="[",style=filled,fillcolor=powderblue]
	"assignment1117" -> "[1119"
	"Expression1120" [label="Expression"]
	"assignment1117" -> "Expression1120"
	"T1121" [label="T"]
	"Expression1120" -> "T1121"
	"F1122" [label="F"]
	"T1121" -> "F1122"
	"Q1123" [label="Q"]
	"F1122" -> "Q1123"
	"num1124" [label="num",style=filled,fillcolor=powderblue]
	"Q1123" -> "num1124"
	"F11125" [label="F1"]
	"F1122" -> "F11125"
	"e1126" [label="e"]
	"F11125" -> "e1126"
	"Expression21127" [label="Expression2"]
	"T1121" -> "Expression21127"
	"e1128" [label="e"]
	"Expression21127" -> "e1128"
	"Expression11129" [label="Expression1"]
	"Expression1120" -> "Expression11129"
	"e1130" [label="e"]
	"Expression11129" -> "e1130"
	"]1131" [label="]",style=filled,fillcolor=powderblue]
	"assignment1117" -> "]1131"
	"=1132" [label="=",style=filled,fillcolor=powderblue]
	"assignment1117" -> "=1132"
	"Expression1133" [label="Expression"]
	"assignment1117" -> "Expression1133"
	"T1134" [label="T"]
	"Expression1133" -> "T1134"
	"F1135" [label="F"]
	"T1134" -> "F1135"
	"Q1136" [label="Q"]
	"F1135" -> "Q1136"
	"num1137" [label="num",style=filled,fillcolor=powderblue]
	"Q1136" -> "num1137"
	"F11138" [label="F1"]
	"F1135" -> "F11138"
	"e1139" [label="e"]
	"F11138" -> "e1139"
	"Expression21140" [label="Expression2"]
	"T1134" -> "Expression21140"
	"e1141" [label="e"]
	"Expression21140" -> "e1141"
	"Expression11142" [label="Expression1"]
	"Expression1133" -> "Expression11142"
	"-1143" [label="-",style=filled,fillcolor=powderblue]
	"Expression11142" -> "-1143"
	"T1144" [label="T"]
	"Expression11142" -> "T1144"
	"F1145" [label="F"]
	"T1144" -> "F1145"
	"Q1146" [label="Q"]
	"F1145" -> "Q1146"
	"m1147" [label="m",style=filled,fillcolor=powderblue]
	"Q1146" -> "m1147"
	"[1148" [label="[",style=filled,fillcolor=powderblue]
	"Q1146" -> "[1148"
	"Expression1149" [label="Expression"]
	"Q1146" -> "Expression1149"
	"T1150" [label="T"]
	"Expression1149" -> "T1150"
	"F1151" [label="F"]
	"T1150" -> "F1151"
	"Q1152" [label="Q"]
	"F1151" -> "Q1152"
	"num1153" [label="num",style=filled,fillcolor=powderblue]
	"Q1152" -> "num1153"
	"F11154" [label="F1"]
	"F1151" -> "F11154"
	"e1155" [label="e"]
	"F11154" -> "e1155"
	"Expression21156" [label="Expression2"]
	"T1150" -> "Expression21156"
	"e1157" [label="e"]
	"Expression21156" -> "e1157"
	"Expression11158" [label="Expression1"]
	"Expression1149" -> "Expression11158"
	"-1159" [label="-",style=filled,fillcolor=powderblue]
	"Expression11158" -> "-1159"
	"T1160" [label="T"]
	"Expression11158" -> "T1160"
	"F1161" [label="F"]
	"T1160" -> "F1161"
	"Q1162" [label="Q"]
	"F1161" -> "Q1162"
	"num1163" [label="num",style=filled,fillcolor=powderblue]
	"Q1162" -> "num1163"
	"F11164" [label="F1"]
	"F1161" -> "F11164"
	"e1165" [label="e"]
	"F11164" -> "e1165"
	"Expression21166" [label="Expression2"]
	"T1160" -> "Expression21166"
	"e1167" [label="e"]
	"Expression21166" -> "e1167"
	"Expression11168" [label="Expression1"]
	"Expression11158" -> "Expression11168"
	"e1169" [label="e"]
	"Expression11168" -> "e1169"
	"]1170" [label="]",style=filled,fillcolor=powderblue]
	"Q1146" -> "]1170"
	"F11171" [label="F1"]
	"F1145" -> "F11171"

	"e1172" [label="e"]
	"F11171" -> "e1172"
	"Expression21173" [label="Expression2"]
	"T1144" -> "Expression21173"
	"e1174" [label="e"]
	"Expression21173" -> "e1174"
	"Expression11175" [label="Expression1"]
	"Expression11142" -> "Expression11175"
	"e1176" [label="e"]
	"Expression11175" -> "e1176"
	"Derivestate1177" [label="Derivestate"]
	"Derivestate1115" -> "Derivestate1177"
	"eof1178" [label="eof",style=filled,fillcolor=powderblue]
	"Derivestate1177" -> "eof1178"
};
