digraph G {
	"Start1" [label="Start"]
	"Statements2" [label="Statements"]
	"Start1" -> "Statements2"
	"Statement3" [label="Statement"]
	"Statements2" -> "Statement3"
	"assignment4" [label="assignment"]
	"Statement3" -> "assignment4"
	"m5" [label="m",style=filled,fillcolor=powderblue]
	"assignment4" -> "m5"
	"[6" [label="[",style=filled,fillcolor=powderblue]
	"assignment4" -> "[6"
	"Expression7" [label="Expression"]
	"assignment4" -> "Expression7"
	"T8" [label="T"]
	"Expression7" -> "T8"
	"F9" [label="F"]
	"T8" -> "F9"
	"Q10" [label="Q"]
	"F9" -> "Q10"
	"num11" [label="num",style=filled,fillcolor=powderblue]
	"Q10" -> "num11"
	"F112" [label="F1"]
	"F9" -> "F112"
	"e13" [label="e"]
	"F112" -> "e13"
	"Expression214" [label="Expression2"]
	"T8" -> "Expression214"
	"e15" [label="e"]
	"Expression214" -> "e15"
	"Expression116" [label="Expression1"]
	"Expression7" -> "Expression116"
	"e17" [label="e"]
	"Expression116" -> "e17"
	"]18" [label="]",style=filled,fillcolor=powderblue]
	"assignment4" -> "]18"
	"=19" [label="=",style=filled,fillcolor=powderblue]
	"assignment4" -> "=19"
	"Expression20" [label="Expression"]
	"assignment4" -> "Expression20"
	"T21" [label="T"]
	"Expression20" -> "T21"
	"F22" [label="F"]
	"T21" -> "F22"
	"Q23" [label="Q"]
	"F22" -> "Q23"
	"num24" [label="num",style=filled,fillcolor=powderblue]
	"Q23" -> "num24"
	"F125" [label="F1"]
	"F22" -> "F125"
	"e26" [label="e"]
	"F125" -> "e26"
	"Expression227" [label="Expression2"]
	"T21" -> "Expression227"
	"/28" [label="/",style=filled,fillcolor=powderblue]
	"Expression227" -> "/28"
	"F29" [label="F"]
	"Expression227" -> "F29"
	"Q30" [label="Q"]
	"F29" -> "Q30"
	"num31" [label="num",style=filled,fillcolor=powderblue]
	"Q30" -> "num31"
	"F132" [label="F1"]
	"F29" -> "F132"
	"e33" [label="e"]
	"F132" -> "e33"
	"Expression234" [label="Expression2"]
	"Expression227" -> "Expression234"
	"*35" [label="*",style=filled,fillcolor=powderblue]
	"Expression234" -> "*35"
	"F36" [label="F"]
	"Expression234" -> "F36"
	"Q37" [label="Q"]
	"F36" -> "Q37"
	"num38" [label="num",style=filled,fillcolor=powderblue]
	"Q37" -> "num38"
	"F139" [label="F1"]
	"F36" -> "F139"

	"e40" [label="e"]
	"F139" -> "e40"
	"Expression241" [label="Expression2"]
	"Expression234" -> "Expression241"
	"e42" [label="e"]
	"Expression241" -> "e42"
	"Expression143" [label="Expression1"]
	"Expression20" -> "Expression143"
	"e44" [label="e"]
	"Expression143" -> "e44"
	"Derivestate45" [label="Derivestate"]
	"Statements2" -> "Derivestate45"
	"Statement46" [label="Statement"]
	"Derivestate45" -> "Statement46"
	"assignment47" [label="assignment"]
	"Statement46" -> "assignment47"
	"m48" [label="m",style=filled,fillcolor=powderblue]
	"assignment47" -> "m48"
	"[49" [label="[",style=filled,fillcolor=powderblue]
	"assignment47" -> "[49"
	"Expression50" [label="Expression"]
	"assignment47" -> "Expression50"
	"T51" [label="T"]
	"Expression50" -> "T51"
	"F52" [label="F"]
	"T51" -> "F52"
	"Q53" [label="Q"]
	"F52" -> "Q53"
	"num54" [label="num",style=filled,fillcolor=powderblue]
	"Q53" -> "num54"
	"F155" [label="F1"]
	"F52" -> "F155"
	"e56" [label="e"]
	"F155" -> "e56"
	"Expression257" [label="Expression2"]
	"T51" -> "Expression257"
	"e58" [label="e"]
	"Expression257" -> "e58"
	"Expression159" [label="Expression1"]
	"Expression50" -> "Expression159"
	"e60" [label="e"]
	"Expression159" -> "e60"
	"]61" [label="]",style=filled,fillcolor=powderblue]
	"assignment47" -> "]61"
	"=62" [label="=",style=filled,fillcolor=powderblue]
	"assignment47" -> "=62"
	"Expression63" [label="Expression"]
	"assignment47" -> "Expression63"
	"T64" [label="T"]
	"Expression63" -> "T64"
	"F65" [label="F"]
	"T64" -> "F65"
	"Q66" [label="Q"]
	"F65" -> "Q66"
	"num67" [label="num",style=filled,fillcolor=powderblue]
	"Q66" -> "num67"
	"F168" [label="F1"]
	"F65" -> "F168"
	"e69" [label="e"]
	"F168" -> "e69"
	"Expression270" [label="Expression2"]
	"T64" -> "Expression270"
	"e71" [label="e"]
	"Expression270" -> "e71"
	"Expression172" [label="Expression1"]
	"Expression63" -> "Expression172"
	"+73" [label="+",style=filled,fillcolor=powderblue]
	"Expression172" -> "+73"
	"T74" [label="T"]
	"Expression172" -> "T74"
	"F75" [label="F"]
	"T74" -> "F75"
	"Q76" [label="Q"]
	"F75" -> "Q76"
	"num77" [label="num",style=filled,fillcolor=powderblue]
	"Q76" -> "num77"
	"F178" [label="F1"]
	"F75" -> "F178"
	"e79" [label="e"]
	"F178" -> "e79"
	"Expression280" [label="Expression2"]
	"T74" -> "Expression280"
	"e81" [label="e"]
	"Expression280" -> "e81"
	"Expression182" [label="Expression1"]
	"Expression172" -> "Expression182"
	"e83" [label="e"]
	"Expression182" -> "e83"
	"Derivestate84" [label="Derivestate"]
	"Derivestate45" -> "Derivestate84"
	"eof85" [label="eof",style=filled,fillcolor=powderblue]
	"Derivestate84" -> "eof85"
};
