digraph G {
	"Start1" [label="Start"]
	"Statements2" [label="Statements"]
	"Start1" -> "Statements2"
	"Statement3" [label="Statement"]
	"Statements2" -> "Statement3"
	"assignment4" [label="assignment"]
	"Statement3" -> "assignment4"
	"m5" [label="m",style=filled,fillcolor=powderblue]
	"assignment4" -> "m5"
	"[6" [label="[",style=filled,fillcolor=powderblue]
	"assignment4" -> "[6"
	"Expression7" [label="Expression"]
	"assignment4" -> "Expression7"
	"T8" [label="T"]
	"Expression7" -> "T8"
	"F9" [label="F"]
	"T8" -> "F9"
	"Q10" [label="Q"]
	"F9" -> "Q10"
	"num11" [label="num",style=filled,fillcolor=powderblue]
	"Q10" -> "num11"
	"F112" [label="F1"]
	"F9" -> "F112"
	"e13" [label="e"]
	"F112" -> "e13"
	"Expression214" [label="Expression2"]
	"T8" -> "Expression214"
	"e15" [label="e"]
	"Expression214" -> "e15"
	"Expression116" [label="Expression1"]
	"Expression7" -> "Expression116"
	"e17" [label="e"]
	"Expression116" -> "e17"
	"]18" [label="]",style=filled,fillcolor=powderblue]
	"assignment4" -> "]18"
	"=19" [label="=",style=filled,fillcolor=powderblue]
	"assignment4" -> "=19"
	"Expression20" [label="Expression"]
	"assignment4" -> "Expression20"
	"T21" [label="T"]
	"Expression20" -> "T21"
	"F22" [label="F"]
	"T21" -> "F22"
	"Q23" [label="Q"]
	"F22" -> "Q23"
	"num24" [label="num",style=filled,fillcolor=powderblue]
	"Q23" -> "num24"
	"F125" [label="F1"]
	"F22" -> "F125"
	"e26" [label="e"]
	"F125" -> "e26"
	"Expression227" [label="Expression2"]
	"T21" -> "Expression227"
	"/28" [label="/",style=filled,fillcolor=powderblue]
	"Expression227" -> "/28"
	"F29" [label="F"]
	"Expression227" -> "F29"
	"Q30" [label="Q"]
	"F29" -> "Q30"
	"num31" [label="num",style=filled,fillcolor=powderblue]
	"Q30" -> "num31"
	"F132" [label="F1"]
	"F29" -> "F132"
	"e33" [label="e"]
	"F132" -> "e33"
	"Expression234" [label="Expression2"]
	"Expression227" -> "Expression234"
	"*35" [label="*",style=filled,fillcolor=powderblue]
	"Expression234" -> "*35"
	"F36" [label="F"]
	"Expression234" -> "F36"
	"Q37" [label="Q"]
	"F36" -> "Q37"
	"num38" [label="num",style=filled,fillcolor=powderblue]
	"Q37" -> "num38"
	"F139" [label="F1"]
	"F36" -> "F139"

	"e40" [label="e"]
	"F139" -> "e40"
	"Expression241" [label="Expression2"]
	"Expression234" -> "Expression241"
	"e42" [label="e"]
	"Expression241" -> "e42"
	"Expression143" [label="Expression1"]
	"Expression20" -> "Expression143"
	"e44" [label="e"]
	"Expression143" -> "e44"
	"Derivestate45" [label="Derivestate"]
	"Statements2" -> "Derivestate45"
	"Statement46" [label="Statement"]
	"Derivestate45" -> "Statement46"
	"assignment47" [label="assignment"]
	"Statement46" -> "assignment47"
	"m48" [label="m",style=filled,fillcolor=powderblue]
	"assignment47" -> "m48"
	"[49" [label="[",style=filled,fillcolor=powderblue]
	"assignment47" -> "[49"
	"Expression50" [label="Expression"]
	"assignment47" -> "Expression50"
	"T51" [label="T"]
	"Expression50" -> "T51"
	"F52" [label="F"]
	"T51" -> "F52"
	"Q53" [label="Q"]
	"F52" -> "Q53"
	"num54" [label="num",style=filled,fillcolor=powderblue]
	"Q53" -> "num54"
	"F155" [label="F1"]
	"F52" -> "F155"
	"e56" [label="e"]
	"F155" -> "e56"
	"Expression257" [label="Expression2"]
	"T51" -> "Expression257"
	"e58" [label="e"]
	"Expression257" -> "e58"
	"Expression159" [label="Expression1"]
	"Expression50" -> "Expression159"
	"e60" [label="e"]
	"Expression159" -> "e60"
	"]61" [label="]",style=filled,fillcolor=powderblue]
	"assignment47" -> "]61"
	"=62" [label="=",style=filled,fillcolor=powderblue]
	"assignment47" -> "=62"
	"Expression63" [label="Expression"]
	"assignment47" -> "Expression63"
	"T64" [label="T"]
	"Expression63" -> "T64"
	"F65" [label="F"]
	"T64" -> "F65"
	"Q66" [label="Q"]
	"F65" -> "Q66"
	"num67" [label="num",style=filled,fillcolor=powderblue]
	"Q66" -> "num67"
	"F168" [label="F1"]
	"F65" -> "F168"
	"e69" [label="e"]
	"F168" -> "e69"
	"Expression270" [label="Expression2"]
	"T64" -> "Expression270"
	"/71" [label="/",style=filled,fillcolor=powderblue]
	"Expression270" -> "/71"
	"F72" [label="F"]
	"Expression270" -> "F72"
	"Q73" [label="Q"]
	"F72" -> "Q73"
	"num74" [label="num",style=filled,fillcolor=powderblue]
	"Q73" -> "num74"
	"F175" [label="F1"]
	"F72" -> "F175"
	"e76" [label="e"]
	"F175" -> "e76"
	"Expression277" [label="Expression2"]
	"Expression270" -> "Expression277"
	"*78" [label="*",style=filled,fillcolor=powderblue]
	"Expression277" -> "*78"
	"F79" [label="F"]
	"Expression277" -> "F79"
	"Q80" [label="Q"]
	"F79" -> "Q80"
	"num81" [label="num",style=filled,fillcolor=powderblue]
	"Q80" -> "num81"
	"F182" [label="F1"]
	"F79" -> "F182"

	"e83" [label="e"]
	"F182" -> "e83"
	"Expression284" [label="Expression2"]
	"Expression277" -> "Expression284"
	"e85" [label="e"]
	"Expression284" -> "e85"
	"Expression186" [label="Expression1"]
	"Expression63" -> "Expression186"
	"e87" [label="e"]
	"Expression186" -> "e87"
	"Derivestate88" [label="Derivestate"]
	"Derivestate45" -> "Derivestate88"
	"Statement89" [label="Statement"]
	"Derivestate88" -> "Statement89"
	"Jump90" [label="Jump"]
	"Statement89" -> "Jump90"
	"goto91" [label="goto",style=filled,fillcolor=powderblue]
	"Jump90" -> "goto91"
	"num92" [label="num",style=filled,fillcolor=powderblue]
	"Jump90" -> "num92"
	"Secondjump93" [label="Secondjump"]
	"Jump90" -> "Secondjump93"

	"e94" [label="e"]
	"Secondjump93" -> "e94"
	"Derivestate95" [label="Derivestate"]
	"Derivestate88" -> "Derivestate95"
	"Statement96" [label="Statement"]
	"Derivestate95" -> "Statement96"
	"assignment97" [label="assignment"]
	"Statement96" -> "assignment97"
	"m98" [label="m",style=filled,fillcolor=powderblue]
	"assignment97" -> "m98"
	"[99" [label="[",style=filled,fillcolor=powderblue]
	"assignment97" -> "[99"
	"Expression100" [label="Expression"]
	"assignment97" -> "Expression100"
	"T101" [label="T"]
	"Expression100" -> "T101"
	"F102" [label="F"]
	"T101" -> "F102"
	"Q103" [label="Q"]
	"F102" -> "Q103"
	"num104" [label="num",style=filled,fillcolor=powderblue]
	"Q103" -> "num104"
	"F1105" [label="F1"]
	"F102" -> "F1105"
	"e106" [label="e"]
	"F1105" -> "e106"
	"Expression2107" [label="Expression2"]
	"T101" -> "Expression2107"
	"e108" [label="e"]
	"Expression2107" -> "e108"
	"Expression1109" [label="Expression1"]
	"Expression100" -> "Expression1109"
	"e110" [label="e"]
	"Expression1109" -> "e110"
	"]111" [label="]",style=filled,fillcolor=powderblue]
	"assignment97" -> "]111"
	"=112" [label="=",style=filled,fillcolor=powderblue]
	"assignment97" -> "=112"
	"Expression113" [label="Expression"]
	"assignment97" -> "Expression113"
	"T114" [label="T"]
	"Expression113" -> "T114"
	"F115" [label="F"]
	"T114" -> "F115"
	"Q116" [label="Q"]
	"F115" -> "Q116"
	"num117" [label="num",style=filled,fillcolor=powderblue]
	"Q116" -> "num117"
	"F1118" [label="F1"]
	"F115" -> "F1118"
	"e119" [label="e"]
	"F1118" -> "e119"
	"Expression2120" [label="Expression2"]
	"T114" -> "Expression2120"
	"e121" [label="e"]
	"Expression2120" -> "e121"
	"Expression1122" [label="Expression1"]
	"Expression113" -> "Expression1122"
	"+123" [label="+",style=filled,fillcolor=powderblue]
	"Expression1122" -> "+123"
	"T124" [label="T"]
	"Expression1122" -> "T124"
	"F125" [label="F"]
	"T124" -> "F125"
	"Q126" [label="Q"]
	"F125" -> "Q126"
	"m127" [label="m",style=filled,fillcolor=powderblue]
	"Q126" -> "m127"
	"[128" [label="[",style=filled,fillcolor=powderblue]
	"Q126" -> "[128"
	"Expression129" [label="Expression"]
	"Q126" -> "Expression129"
	"T130" [label="T"]
	"Expression129" -> "T130"
	"F131" [label="F"]
	"T130" -> "F131"
	"Q132" [label="Q"]
	"F131" -> "Q132"
	"num133" [label="num",style=filled,fillcolor=powderblue]
	"Q132" -> "num133"
	"F1134" [label="F1"]
	"F131" -> "F1134"
	"e135" [label="e"]
	"F1134" -> "e135"
	"Expression2136" [label="Expression2"]
	"T130" -> "Expression2136"
	"e137" [label="e"]
	"Expression2136" -> "e137"
	"Expression1138" [label="Expression1"]
	"Expression129" -> "Expression1138"
	"e139" [label="e"]
	"Expression1138" -> "e139"
	"]140" [label="]",style=filled,fillcolor=powderblue]
	"Q126" -> "]140"
	"F1141" [label="F1"]
	"F125" -> "F1141"

	"e142" [label="e"]
	"F1141" -> "e142"
	"Expression2143" [label="Expression2"]
	"T124" -> "Expression2143"
	"e144" [label="e"]
	"Expression2143" -> "e144"
	"Expression1145" [label="Expression1"]
	"Expression1122" -> "Expression1145"
	"e146" [label="e"]
	"Expression1145" -> "e146"
	"Derivestate147" [label="Derivestate"]
	"Derivestate95" -> "Derivestate147"
	"Statement148" [label="Statement"]
	"Derivestate147" -> "Statement148"
	"assignment149" [label="assignment"]
	"Statement148" -> "assignment149"
	"m150" [label="m",style=filled,fillcolor=powderblue]
	"assignment149" -> "m150"
	"[151" [label="[",style=filled,fillcolor=powderblue]
	"assignment149" -> "[151"
	"Expression152" [label="Expression"]
	"assignment149" -> "Expression152"
	"T153" [label="T"]
	"Expression152" -> "T153"
	"F154" [label="F"]
	"T153" -> "F154"
	"Q155" [label="Q"]
	"F154" -> "Q155"
	"num156" [label="num",style=filled,fillcolor=powderblue]
	"Q155" -> "num156"
	"F1157" [label="F1"]
	"F154" -> "F1157"
	"e158" [label="e"]
	"F1157" -> "e158"
	"Expression2159" [label="Expression2"]
	"T153" -> "Expression2159"
	"e160" [label="e"]
	"Expression2159" -> "e160"
	"Expression1161" [label="Expression1"]
	"Expression152" -> "Expression1161"
	"e162" [label="e"]
	"Expression1161" -> "e162"
	"]163" [label="]",style=filled,fillcolor=powderblue]
	"assignment149" -> "]163"
	"=164" [label="=",style=filled,fillcolor=powderblue]
	"assignment149" -> "=164"
	"Expression165" [label="Expression"]
	"assignment149" -> "Expression165"
	"T166" [label="T"]
	"Expression165" -> "T166"
	"F167" [label="F"]
	"T166" -> "F167"
	"Q168" [label="Q"]
	"F167" -> "Q168"
	"num169" [label="num",style=filled,fillcolor=powderblue]
	"Q168" -> "num169"
	"F1170" [label="F1"]
	"F167" -> "F1170"
	"e171" [label="e"]
	"F1170" -> "e171"
	"Expression2172" [label="Expression2"]
	"T166" -> "Expression2172"
	"e173" [label="e"]
	"Expression2172" -> "e173"
	"Expression1174" [label="Expression1"]
	"Expression165" -> "Expression1174"
	"-175" [label="-",style=filled,fillcolor=powderblue]
	"Expression1174" -> "-175"
	"T176" [label="T"]
	"Expression1174" -> "T176"
	"F177" [label="F"]
	"T176" -> "F177"
	"Q178" [label="Q"]
	"F177" -> "Q178"
	"m179" [label="m",style=filled,fillcolor=powderblue]
	"Q178" -> "m179"
	"[180" [label="[",style=filled,fillcolor=powderblue]
	"Q178" -> "[180"
	"Expression181" [label="Expression"]
	"Q178" -> "Expression181"
	"T182" [label="T"]
	"Expression181" -> "T182"
	"F183" [label="F"]
	"T182" -> "F183"
	"Q184" [label="Q"]
	"F183" -> "Q184"
	"num185" [label="num",style=filled,fillcolor=powderblue]
	"Q184" -> "num185"
	"F1186" [label="F1"]
	"F183" -> "F1186"
	"**187" [label="**",style=filled,fillcolor=powderblue]
	"F1186" -> "**187"
	"Q188" [label="Q"]
	"F1186" -> "Q188"
	"num189" [label="num",style=filled,fillcolor=powderblue]
	"Q188" -> "num189"
	"F1190" [label="F1"]
	"F1186" -> "F1190"
	"e191" [label="e"]
	"F1190" -> "e191"
	"Expression2192" [label="Expression2"]
	"T182" -> "Expression2192"
	"e193" [label="e"]
	"Expression2192" -> "e193"
	"Expression1194" [label="Expression1"]
	"Expression181" -> "Expression1194"
	"-195" [label="-",style=filled,fillcolor=powderblue]
	"Expression1194" -> "-195"
	"T196" [label="T"]
	"Expression1194" -> "T196"
	"F197" [label="F"]
	"T196" -> "F197"
	"Q198" [label="Q"]
	"F197" -> "Q198"
	"num199" [label="num",style=filled,fillcolor=powderblue]
	"Q198" -> "num199"
	"F1200" [label="F1"]
	"F197" -> "F1200"
	"e201" [label="e"]
	"F1200" -> "e201"
	"Expression2202" [label="Expression2"]
	"T196" -> "Expression2202"
	"e203" [label="e"]
	"Expression2202" -> "e203"
	"Expression1204" [label="Expression1"]
	"Expression1194" -> "Expression1204"
	"e205" [label="e"]
	"Expression1204" -> "e205"
	"]206" [label="]",style=filled,fillcolor=powderblue]
	"Q178" -> "]206"
	"F1207" [label="F1"]
	"F177" -> "F1207"
	"e208" [label="e"]
	"F1207" -> "e208"
	"Expression2209" [label="Expression2"]
	"T176" -> "Expression2209"
	"e210" [label="e"]
	"Expression2209" -> "e210"
	"Expression1211" [label="Expression1"]
	"Expression1174" -> "Expression1211"
	"-212" [label="-",style=filled,fillcolor=powderblue]
	"Expression1211" -> "-212"
	"T213" [label="T"]
	"Expression1211" -> "T213"
	"F214" [label="F"]
	"T213" -> "F214"
	"Q215" [label="Q"]
	"F214" -> "Q215"
	"num216" [label="num",style=filled,fillcolor=powderblue]
	"Q215" -> "num216"
	"F1217" [label="F1"]
	"F214" -> "F1217"

	"e218" [label="e"]
	"F1217" -> "e218"
	"Expression2219" [label="Expression2"]
	"T213" -> "Expression2219"
	"e220" [label="e"]
	"Expression2219" -> "e220"
	"Expression1221" [label="Expression1"]
	"Expression1211" -> "Expression1221"
	"e222" [label="e"]
	"Expression1221" -> "e222"
	"Derivestate223" [label="Derivestate"]
	"Derivestate147" -> "Derivestate223"
	"Statement224" [label="Statement"]
	"Derivestate223" -> "Statement224"
	"Label225" [label="Label"]
	"Statement224" -> "Label225"
	"L226" [label="L",style=filled,fillcolor=powderblue]
	"Label225" -> "L226"
	"num227" [label="num",style=filled,fillcolor=powderblue]
	"Label225" -> "num227"
	":228" [label=":",style=filled,fillcolor=powderblue]
	"Label225" -> ":228"
	"Derivestate229" [label="Derivestate"]
	"Derivestate223" -> "Derivestate229"

	"Statement230" [label="Statement"]
	"Derivestate229" -> "Statement230"
	"assignment231" [label="assignment"]
	"Statement230" -> "assignment231"
	"m232" [label="m",style=filled,fillcolor=powderblue]
	"assignment231" -> "m232"
	"[233" [label="[",style=filled,fillcolor=powderblue]
	"assignment231" -> "[233"
	"Expression234" [label="Expression"]
	"assignment231" -> "Expression234"
	"T235" [label="T"]
	"Expression234" -> "T235"
	"F236" [label="F"]
	"T235" -> "F236"
	"Q237" [label="Q"]
	"F236" -> "Q237"
	"num238" [label="num",style=filled,fillcolor=powderblue]
	"Q237" -> "num238"
	"F1239" [label="F1"]
	"F236" -> "F1239"
	"e240" [label="e"]
	"F1239" -> "e240"
	"Expression2241" [label="Expression2"]
	"T235" -> "Expression2241"
	"e242" [label="e"]
	"Expression2241" -> "e242"
	"Expression1243" [label="Expression1"]
	"Expression234" -> "Expression1243"
	"e244" [label="e"]
	"Expression1243" -> "e244"
	"]245" [label="]",style=filled,fillcolor=powderblue]
	"assignment231" -> "]245"
	"=246" [label="=",style=filled,fillcolor=powderblue]
	"assignment231" -> "=246"
	"Expression247" [label="Expression"]
	"assignment231" -> "Expression247"
	"T248" [label="T"]
	"Expression247" -> "T248"
	"F249" [label="F"]
	"T248" -> "F249"
	"Q250" [label="Q"]
	"F249" -> "Q250"
	"num251" [label="num",style=filled,fillcolor=powderblue]
	"Q250" -> "num251"
	"F1252" [label="F1"]
	"F249" -> "F1252"
	"e253" [label="e"]
	"F1252" -> "e253"
	"Expression2254" [label="Expression2"]
	"T248" -> "Expression2254"
	"e255" [label="e"]
	"Expression2254" -> "e255"
	"Expression1256" [label="Expression1"]
	"Expression247" -> "Expression1256"
	"-257" [label="-",style=filled,fillcolor=powderblue]
	"Expression1256" -> "-257"
	"T258" [label="T"]
	"Expression1256" -> "T258"
	"F259" [label="F"]
	"T258" -> "F259"
	"Q260" [label="Q"]
	"F259" -> "Q260"
	"(261" [label="(",style=filled,fillcolor=powderblue]
	"Q260" -> "(261"
	"Expression262" [label="Expression"]
	"Q260" -> "Expression262"
	"T263" [label="T"]
	"Expression262" -> "T263"
	"F264" [label="F"]
	"T263" -> "F264"
	"Q265" [label="Q"]
	"F264" -> "Q265"
	"m266" [label="m",style=filled,fillcolor=powderblue]
	"Q265" -> "m266"
	"[267" [label="[",style=filled,fillcolor=powderblue]
	"Q265" -> "[267"
	"Expression268" [label="Expression"]
	"Q265" -> "Expression268"
	"T269" [label="T"]
	"Expression268" -> "T269"
	"F270" [label="F"]
	"T269" -> "F270"
	"Q271" [label="Q"]
	"F270" -> "Q271"
	"num272" [label="num",style=filled,fillcolor=powderblue]
	"Q271" -> "num272"
	"F1273" [label="F1"]
	"F270" -> "F1273"
	"e274" [label="e"]
	"F1273" -> "e274"
	"Expression2275" [label="Expression2"]
	"T269" -> "Expression2275"
	"e276" [label="e"]
	"Expression2275" -> "e276"
	"Expression1277" [label="Expression1"]
	"Expression268" -> "Expression1277"
	"e278" [label="e"]
	"Expression1277" -> "e278"
	"]279" [label="]",style=filled,fillcolor=powderblue]
	"Q265" -> "]279"
	"F1280" [label="F1"]
	"F264" -> "F1280"
	"e281" [label="e"]
	"F1280" -> "e281"
	"Expression2282" [label="Expression2"]
	"T263" -> "Expression2282"
	"e283" [label="e"]
	"Expression2282" -> "e283"
	"Expression1284" [label="Expression1"]
	"Expression262" -> "Expression1284"
	"-285" [label="-",style=filled,fillcolor=powderblue]
	"Expression1284" -> "-285"
	"T286" [label="T"]
	"Expression1284" -> "T286"
	"F287" [label="F"]
	"T286" -> "F287"
	"Q288" [label="Q"]
	"F287" -> "Q288"
	"num289" [label="num",style=filled,fillcolor=powderblue]
	"Q288" -> "num289"
	"F1290" [label="F1"]
	"F287" -> "F1290"
	"e291" [label="e"]
	"F1290" -> "e291"
	"Expression2292" [label="Expression2"]
	"T286" -> "Expression2292"
	"e293" [label="e"]
	"Expression2292" -> "e293"
	"Expression1294" [label="Expression1"]
	"Expression1284" -> "Expression1294"
	"e295" [label="e"]
	"Expression1294" -> "e295"
	")296" [label=")",style=filled,fillcolor=powderblue]
	"Q260" -> ")296"
	"F1297" [label="F1"]
	"F259" -> "F1297"

	"e298" [label="e"]
	"F1297" -> "e298"
	"Expression2299" [label="Expression2"]
	"T258" -> "Expression2299"
	"e300" [label="e"]
	"Expression2299" -> "e300"
	"Expression1301" [label="Expression1"]
	"Expression1256" -> "Expression1301"
	"e302" [label="e"]
	"Expression1301" -> "e302"
	"Derivestate303" [label="Derivestate"]
	"Derivestate229" -> "Derivestate303"
	"Statement304" [label="Statement"]
	"Derivestate303" -> "Statement304"
	"assignment305" [label="assignment"]
	"Statement304" -> "assignment305"
	"m306" [label="m",style=filled,fillcolor=powderblue]
	"assignment305" -> "m306"
	"[307" [label="[",style=filled,fillcolor=powderblue]
	"assignment305" -> "[307"
	"Expression308" [label="Expression"]
	"assignment305" -> "Expression308"
	"T309" [label="T"]
	"Expression308" -> "T309"
	"F310" [label="F"]
	"T309" -> "F310"
	"Q311" [label="Q"]
	"F310" -> "Q311"
	"num312" [label="num",style=filled,fillcolor=powderblue]
	"Q311" -> "num312"
	"F1313" [label="F1"]
	"F310" -> "F1313"
	"e314" [label="e"]
	"F1313" -> "e314"
	"Expression2315" [label="Expression2"]
	"T309" -> "Expression2315"
	"e316" [label="e"]
	"Expression2315" -> "e316"
	"Expression1317" [label="Expression1"]
	"Expression308" -> "Expression1317"
	"e318" [label="e"]
	"Expression1317" -> "e318"
	"]319" [label="]",style=filled,fillcolor=powderblue]
	"assignment305" -> "]319"
	"=320" [label="=",style=filled,fillcolor=powderblue]
	"assignment305" -> "=320"
	"Expression321" [label="Expression"]
	"assignment305" -> "Expression321"
	"T322" [label="T"]
	"Expression321" -> "T322"
	"F323" [label="F"]
	"T322" -> "F323"
	"Q324" [label="Q"]
	"F323" -> "Q324"
	"num325" [label="num",style=filled,fillcolor=powderblue]
	"Q324" -> "num325"
	"F1326" [label="F1"]
	"F323" -> "F1326"
	"e327" [label="e"]
	"F1326" -> "e327"
	"Expression2328" [label="Expression2"]
	"T322" -> "Expression2328"
	"e329" [label="e"]
	"Expression2328" -> "e329"
	"Expression1330" [label="Expression1"]
	"Expression321" -> "Expression1330"
	"+331" [label="+",style=filled,fillcolor=powderblue]
	"Expression1330" -> "+331"
	"T332" [label="T"]
	"Expression1330" -> "T332"
	"F333" [label="F"]
	"T332" -> "F333"
	"Q334" [label="Q"]
	"F333" -> "Q334"
	"m335" [label="m",style=filled,fillcolor=powderblue]
	"Q334" -> "m335"
	"[336" [label="[",style=filled,fillcolor=powderblue]
	"Q334" -> "[336"
	"Expression337" [label="Expression"]
	"Q334" -> "Expression337"
	"T338" [label="T"]
	"Expression337" -> "T338"
	"F339" [label="F"]
	"T338" -> "F339"
	"Q340" [label="Q"]
	"F339" -> "Q340"
	"num341" [label="num",style=filled,fillcolor=powderblue]
	"Q340" -> "num341"
	"F1342" [label="F1"]
	"F339" -> "F1342"
	"e343" [label="e"]
	"F1342" -> "e343"
	"Expression2344" [label="Expression2"]
	"T338" -> "Expression2344"
	"e345" [label="e"]
	"Expression2344" -> "e345"
	"Expression1346" [label="Expression1"]
	"Expression337" -> "Expression1346"
	"e347" [label="e"]
	"Expression1346" -> "e347"
	"]348" [label="]",style=filled,fillcolor=powderblue]
	"Q334" -> "]348"
	"F1349" [label="F1"]
	"F333" -> "F1349"

	"e350" [label="e"]
	"F1349" -> "e350"
	"Expression2351" [label="Expression2"]
	"T332" -> "Expression2351"
	"e352" [label="e"]
	"Expression2351" -> "e352"
	"Expression1353" [label="Expression1"]
	"Expression1330" -> "Expression1353"
	"e354" [label="e"]
	"Expression1353" -> "e354"
	"Derivestate355" [label="Derivestate"]
	"Derivestate303" -> "Derivestate355"
	"Statement356" [label="Statement"]
	"Derivestate355" -> "Statement356"
	"assignment357" [label="assignment"]
	"Statement356" -> "assignment357"
	"m358" [label="m",style=filled,fillcolor=powderblue]
	"assignment357" -> "m358"
	"[359" [label="[",style=filled,fillcolor=powderblue]
	"assignment357" -> "[359"
	"Expression360" [label="Expression"]
	"assignment357" -> "Expression360"
	"T361" [label="T"]
	"Expression360" -> "T361"
	"F362" [label="F"]
	"T361" -> "F362"
	"Q363" [label="Q"]
	"F362" -> "Q363"
	"num364" [label="num",style=filled,fillcolor=powderblue]
	"Q363" -> "num364"
	"F1365" [label="F1"]
	"F362" -> "F1365"
	"e366" [label="e"]
	"F1365" -> "e366"
	"Expression2367" [label="Expression2"]
	"T361" -> "Expression2367"
	"e368" [label="e"]
	"Expression2367" -> "e368"
	"Expression1369" [label="Expression1"]
	"Expression360" -> "Expression1369"
	"e370" [label="e"]
	"Expression1369" -> "e370"
	"]371" [label="]",style=filled,fillcolor=powderblue]
	"assignment357" -> "]371"
	"=372" [label="=",style=filled,fillcolor=powderblue]
	"assignment357" -> "=372"
	"Expression373" [label="Expression"]
	"assignment357" -> "Expression373"
	"T374" [label="T"]
	"Expression373" -> "T374"
	"F375" [label="F"]
	"T374" -> "F375"
	"Q376" [label="Q"]
	"F375" -> "Q376"
	"num377" [label="num",style=filled,fillcolor=powderblue]
	"Q376" -> "num377"
	"F1378" [label="F1"]
	"F375" -> "F1378"
	"e379" [label="e"]
	"F1378" -> "e379"
	"Expression2380" [label="Expression2"]
	"T374" -> "Expression2380"
	"e381" [label="e"]
	"Expression2380" -> "e381"
	"Expression1382" [label="Expression1"]
	"Expression373" -> "Expression1382"
	"-383" [label="-",style=filled,fillcolor=powderblue]
	"Expression1382" -> "-383"
	"T384" [label="T"]
	"Expression1382" -> "T384"
	"F385" [label="F"]
	"T384" -> "F385"
	"Q386" [label="Q"]
	"F385" -> "Q386"
	"m387" [label="m",style=filled,fillcolor=powderblue]
	"Q386" -> "m387"
	"[388" [label="[",style=filled,fillcolor=powderblue]
	"Q386" -> "[388"
	"Expression389" [label="Expression"]
	"Q386" -> "Expression389"
	"T390" [label="T"]
	"Expression389" -> "T390"
	"F391" [label="F"]
	"T390" -> "F391"
	"Q392" [label="Q"]
	"F391" -> "Q392"
	"num393" [label="num",style=filled,fillcolor=powderblue]
	"Q392" -> "num393"
	"F1394" [label="F1"]
	"F391" -> "F1394"
	"e395" [label="e"]
	"F1394" -> "e395"
	"Expression2396" [label="Expression2"]
	"T390" -> "Expression2396"
	"e397" [label="e"]
	"Expression2396" -> "e397"
	"Expression1398" [label="Expression1"]
	"Expression389" -> "Expression1398"
	"-399" [label="-",style=filled,fillcolor=powderblue]
	"Expression1398" -> "-399"
	"T400" [label="T"]
	"Expression1398" -> "T400"
	"F401" [label="F"]
	"T400" -> "F401"
	"Q402" [label="Q"]
	"F401" -> "Q402"
	"num403" [label="num",style=filled,fillcolor=powderblue]
	"Q402" -> "num403"
	"F1404" [label="F1"]
	"F401" -> "F1404"
	"e405" [label="e"]
	"F1404" -> "e405"
	"Expression2406" [label="Expression2"]
	"T400" -> "Expression2406"
	"e407" [label="e"]
	"Expression2406" -> "e407"
	"Expression1408" [label="Expression1"]
	"Expression1398" -> "Expression1408"
	"e409" [label="e"]
	"Expression1408" -> "e409"
	"]410" [label="]",style=filled,fillcolor=powderblue]
	"Q386" -> "]410"
	"F1411" [label="F1"]
	"F385" -> "F1411"

	"e412" [label="e"]
	"F1411" -> "e412"
	"Expression2413" [label="Expression2"]
	"T384" -> "Expression2413"
	"e414" [label="e"]
	"Expression2413" -> "e414"
	"Expression1415" [label="Expression1"]
	"Expression1382" -> "Expression1415"
	"e416" [label="e"]
	"Expression1415" -> "e416"
	"Derivestate417" [label="Derivestate"]
	"Derivestate355" -> "Derivestate417"
	"Statement418" [label="Statement"]
	"Derivestate417" -> "Statement418"
	"assignment419" [label="assignment"]
	"Statement418" -> "assignment419"
	"m420" [label="m",style=filled,fillcolor=powderblue]
	"assignment419" -> "m420"
	"[421" [label="[",style=filled,fillcolor=powderblue]
	"assignment419" -> "[421"
	"Expression422" [label="Expression"]
	"assignment419" -> "Expression422"
	"T423" [label="T"]
	"Expression422" -> "T423"
	"F424" [label="F"]
	"T423" -> "F424"
	"Q425" [label="Q"]
	"F424" -> "Q425"
	"num426" [label="num",style=filled,fillcolor=powderblue]
	"Q425" -> "num426"
	"F1427" [label="F1"]
	"F424" -> "F1427"
	"e428" [label="e"]
	"F1427" -> "e428"
	"Expression2429" [label="Expression2"]
	"T423" -> "Expression2429"
	"e430" [label="e"]
	"Expression2429" -> "e430"
	"Expression1431" [label="Expression1"]
	"Expression422" -> "Expression1431"
	"e432" [label="e"]
	"Expression1431" -> "e432"
	"]433" [label="]",style=filled,fillcolor=powderblue]
	"assignment419" -> "]433"
	"=434" [label="=",style=filled,fillcolor=powderblue]
	"assignment419" -> "=434"
	"Expression435" [label="Expression"]
	"assignment419" -> "Expression435"
	"T436" [label="T"]
	"Expression435" -> "T436"
	"F437" [label="F"]
	"T436" -> "F437"
	"Q438" [label="Q"]
	"F437" -> "Q438"
	"num439" [label="num",style=filled,fillcolor=powderblue]
	"Q438" -> "num439"
	"F1440" [label="F1"]
	"F437" -> "F1440"
	"e441" [label="e"]
	"F1440" -> "e441"
	"Expression2442" [label="Expression2"]
	"T436" -> "Expression2442"
	"e443" [label="e"]
	"Expression2442" -> "e443"
	"Expression1444" [label="Expression1"]
	"Expression435" -> "Expression1444"
	"-445" [label="-",style=filled,fillcolor=powderblue]
	"Expression1444" -> "-445"
	"T446" [label="T"]
	"Expression1444" -> "T446"
	"F447" [label="F"]
	"T446" -> "F447"
	"Q448" [label="Q"]
	"F447" -> "Q448"
	"(449" [label="(",style=filled,fillcolor=powderblue]
	"Q448" -> "(449"
	"Expression450" [label="Expression"]
	"Q448" -> "Expression450"
	"T451" [label="T"]
	"Expression450" -> "T451"
	"F452" [label="F"]
	"T451" -> "F452"
	"Q453" [label="Q"]
	"F452" -> "Q453"
	"num454" [label="num",style=filled,fillcolor=powderblue]
	"Q453" -> "num454"
	"F1455" [label="F1"]
	"F452" -> "F1455"
	"e456" [label="e"]
	"F1455" -> "e456"
	"Expression2457" [label="Expression2"]
	"T451" -> "Expression2457"
	"e458" [label="e"]
	"Expression2457" -> "e458"
	"Expression1459" [label="Expression1"]
	"Expression450" -> "Expression1459"
	"-460" [label="-",style=filled,fillcolor=powderblue]
	"Expression1459" -> "-460"
	"T461" [label="T"]
	"Expression1459" -> "T461"
	"F462" [label="F"]
	"T461" -> "F462"
	"Q463" [label="Q"]
	"F462" -> "Q463"
	"num464" [label="num",style=filled,fillcolor=powderblue]
	"Q463" -> "num464"
	"F1465" [label="F1"]
	"F462" -> "F1465"
	"e466" [label="e"]
	"F1465" -> "e466"
	"Expression2467" [label="Expression2"]
	"T461" -> "Expression2467"
	"e468" [label="e"]
	"Expression2467" -> "e468"
	"Expression1469" [label="Expression1"]
	"Expression1459" -> "Expression1469"
	"e470" [label="e"]
	"Expression1469" -> "e470"
	")471" [label=")",style=filled,fillcolor=powderblue]
	"Q448" -> ")471"
	"F1472" [label="F1"]
	"F447" -> "F1472"

	"e473" [label="e"]
	"F1472" -> "e473"
	"Expression2474" [label="Expression2"]
	"T446" -> "Expression2474"
	"e475" [label="e"]
	"Expression2474" -> "e475"
	"Expression1476" [label="Expression1"]
	"Expression1444" -> "Expression1476"
	"e477" [label="e"]
	"Expression1476" -> "e477"
	"Derivestate478" [label="Derivestate"]
	"Derivestate417" -> "Derivestate478"
	"Statement479" [label="Statement"]
	"Derivestate478" -> "Statement479"
	"assignment480" [label="assignment"]
	"Statement479" -> "assignment480"
	"m481" [label="m",style=filled,fillcolor=powderblue]
	"assignment480" -> "m481"
	"[482" [label="[",style=filled,fillcolor=powderblue]
	"assignment480" -> "[482"
	"Expression483" [label="Expression"]
	"assignment480" -> "Expression483"
	"T484" [label="T"]
	"Expression483" -> "T484"
	"F485" [label="F"]
	"T484" -> "F485"
	"Q486" [label="Q"]
	"F485" -> "Q486"
	"num487" [label="num",style=filled,fillcolor=powderblue]
	"Q486" -> "num487"
	"F1488" [label="F1"]
	"F485" -> "F1488"
	"e489" [label="e"]
	"F1488" -> "e489"
	"Expression2490" [label="Expression2"]
	"T484" -> "Expression2490"
	"e491" [label="e"]
	"Expression2490" -> "e491"
	"Expression1492" [label="Expression1"]
	"Expression483" -> "Expression1492"
	"e493" [label="e"]
	"Expression1492" -> "e493"
	"]494" [label="]",style=filled,fillcolor=powderblue]
	"assignment480" -> "]494"
	"=495" [label="=",style=filled,fillcolor=powderblue]
	"assignment480" -> "=495"
	"Expression496" [label="Expression"]
	"assignment480" -> "Expression496"
	"T497" [label="T"]
	"Expression496" -> "T497"
	"F498" [label="F"]
	"T497" -> "F498"
	"Q499" [label="Q"]
	"F498" -> "Q499"
	"num500" [label="num",style=filled,fillcolor=powderblue]
	"Q499" -> "num500"
	"F1501" [label="F1"]
	"F498" -> "F1501"
	"e502" [label="e"]
	"F1501" -> "e502"
	"Expression2503" [label="Expression2"]
	"T497" -> "Expression2503"
	"e504" [label="e"]
	"Expression2503" -> "e504"
	"Expression1505" [label="Expression1"]
	"Expression496" -> "Expression1505"
	"-506" [label="-",style=filled,fillcolor=powderblue]
	"Expression1505" -> "-506"
	"T507" [label="T"]
	"Expression1505" -> "T507"
	"F508" [label="F"]
	"T507" -> "F508"
	"Q509" [label="Q"]
	"F508" -> "Q509"
	"m510" [label="m",style=filled,fillcolor=powderblue]
	"Q509" -> "m510"
	"[511" [label="[",style=filled,fillcolor=powderblue]
	"Q509" -> "[511"
	"Expression512" [label="Expression"]
	"Q509" -> "Expression512"
	"T513" [label="T"]
	"Expression512" -> "T513"
	"F514" [label="F"]
	"T513" -> "F514"
	"Q515" [label="Q"]
	"F514" -> "Q515"
	"(516" [label="(",style=filled,fillcolor=powderblue]
	"Q515" -> "(516"
	"Expression517" [label="Expression"]
	"Q515" -> "Expression517"
	"T518" [label="T"]
	"Expression517" -> "T518"
	"F519" [label="F"]
	"T518" -> "F519"
	"Q520" [label="Q"]
	"F519" -> "Q520"
	"num521" [label="num",style=filled,fillcolor=powderblue]
	"Q520" -> "num521"
	"F1522" [label="F1"]
	"F519" -> "F1522"
	"e523" [label="e"]
	"F1522" -> "e523"
	"Expression2524" [label="Expression2"]
	"T518" -> "Expression2524"
	"e525" [label="e"]
	"Expression2524" -> "e525"
	"Expression1526" [label="Expression1"]
	"Expression517" -> "Expression1526"
	"-527" [label="-",style=filled,fillcolor=powderblue]
	"Expression1526" -> "-527"
	"T528" [label="T"]
	"Expression1526" -> "T528"
	"F529" [label="F"]
	"T528" -> "F529"
	"Q530" [label="Q"]
	"F529" -> "Q530"
	"num531" [label="num",style=filled,fillcolor=powderblue]
	"Q530" -> "num531"
	"F1532" [label="F1"]
	"F529" -> "F1532"
	"e533" [label="e"]
	"F1532" -> "e533"
	"Expression2534" [label="Expression2"]
	"T528" -> "Expression2534"
	"e535" [label="e"]
	"Expression2534" -> "e535"
	"Expression1536" [label="Expression1"]
	"Expression1526" -> "Expression1536"
	"e537" [label="e"]
	"Expression1536" -> "e537"
	")538" [label=")",style=filled,fillcolor=powderblue]
	"Q515" -> ")538"
	"F1539" [label="F1"]
	"F514" -> "F1539"
	"e540" [label="e"]
	"F1539" -> "e540"
	"Expression2541" [label="Expression2"]
	"T513" -> "Expression2541"
	"e542" [label="e"]
	"Expression2541" -> "e542"
	"Expression1543" [label="Expression1"]
	"Expression512" -> "Expression1543"
	"e544" [label="e"]
	"Expression1543" -> "e544"
	"]545" [label="]",style=filled,fillcolor=powderblue]
	"Q509" -> "]545"
	"F1546" [label="F1"]
	"F508" -> "F1546"

	"e547" [label="e"]
	"F1546" -> "e547"
	"Expression2548" [label="Expression2"]
	"T507" -> "Expression2548"
	"e549" [label="e"]
	"Expression2548" -> "e549"
	"Expression1550" [label="Expression1"]
	"Expression1505" -> "Expression1550"
	"e551" [label="e"]
	"Expression1550" -> "e551"
	"Derivestate552" [label="Derivestate"]
	"Derivestate478" -> "Derivestate552"
	"Statement553" [label="Statement"]
	"Derivestate552" -> "Statement553"
	"Print554" [label="Print"]
	"Statement553" -> "Print554"
	"print555" [label="print",style=filled,fillcolor=powderblue]
	"Print554" -> "print555"
	"Expression556" [label="Expression"]
	"Print554" -> "Expression556"
	"T557" [label="T"]
	"Expression556" -> "T557"
	"F558" [label="F"]
	"T557" -> "F558"
	"Q559" [label="Q"]
	"F558" -> "Q559"
syntax error: found L in parsing Q - line 12
