digraph G {
	"Start1" [label="Start"]
	"Statements2" [label="Statements"]
	"Start1" -> "Statements2"
	"Statement3" [label="Statement"]
	"Statements2" -> "Statement3"
	"Assignment4" [label="Assignment"]
	"Statement3" -> "Assignment4"
	"m5" [label="m",style=filled,fillcolor=powderblue]
	"Assignment4" -> "m5"
	"[6" [label="[",style=filled,fillcolor=powderblue]
	"Assignment4" -> "[6"
	"Additive7" [label="Additive"]
	"Assignment4" -> "Additive7"
	"Multiplicative8" [label="Multiplicative"]
	"Additive7" -> "Multiplicative8"
	"Exponential9" [label="Exponential"]
	"Multiplicative8" -> "Exponential9"
	"Factor10" [label="Factor"]
	"Exponential9" -> "Factor10"
	"num11" [label="num",style=filled,fillcolor=powderblue]
	"Factor10" -> "num11"
	"ExponentialP12" [label="ExponentialP"]
	"Exponential9" -> "ExponentialP12"
	"e13" [label="e"]
	"ExponentialP12" -> "e13"
	"MultiplicativeP14" [label="MultiplicativeP"]
	"Multiplicative8" -> "MultiplicativeP14"
	"e15" [label="e"]
	"MultiplicativeP14" -> "e15"
	"AdditiveP16" [label="AdditiveP"]
	"Additive7" -> "AdditiveP16"
	"e17" [label="e"]
	"AdditiveP16" -> "e17"
	"]18" [label="]",style=filled,fillcolor=powderblue]
	"Assignment4" -> "]18"
	"=19" [label="=",style=filled,fillcolor=powderblue]
	"Assignment4" -> "=19"
	"Additive20" [label="Additive"]
	"Assignment4" -> "Additive20"
	"Multiplicative21" [label="Multiplicative"]
	"Additive20" -> "Multiplicative21"
	"Exponential22" [label="Exponential"]
	"Multiplicative21" -> "Exponential22"
	"Factor23" [label="Factor"]
	"Exponential22" -> "Factor23"
	"num24" [label="num",style=filled,fillcolor=powderblue]
	"Factor23" -> "num24"
	"ExponentialP25" [label="ExponentialP"]
	"Exponential22" -> "ExponentialP25"
	"e26" [label="e"]
	"ExponentialP25" -> "e26"
	"MultiplicativeP27" [label="MultiplicativeP"]
	"Multiplicative21" -> "MultiplicativeP27"
	"/28" [label="/",style=filled,fillcolor=powderblue]
	"MultiplicativeP27" -> "/28"
	"Exponential29" [label="Exponential"]
	"MultiplicativeP27" -> "Exponential29"
	"Factor30" [label="Factor"]
	"Exponential29" -> "Factor30"
	"num31" [label="num",style=filled,fillcolor=powderblue]
	"Factor30" -> "num31"
	"ExponentialP32" [label="ExponentialP"]
	"Exponential29" -> "ExponentialP32"
	"e33" [label="e"]
	"ExponentialP32" -> "e33"
	"MultiplicativeP34" [label="MultiplicativeP"]
	"MultiplicativeP27" -> "MultiplicativeP34"
	"*35" [label="*",style=filled,fillcolor=powderblue]
	"MultiplicativeP34" -> "*35"
	"Exponential36" [label="Exponential"]
	"MultiplicativeP34" -> "Exponential36"
	"Factor37" [label="Factor"]
	"Exponential36" -> "Factor37"
	"num38" [label="num",style=filled,fillcolor=powderblue]
	"Factor37" -> "num38"
	"ExponentialP39" [label="ExponentialP"]
	"Exponential36" -> "ExponentialP39"
	"e40" [label="e"]
	"ExponentialP39" -> "e40"
	"MultiplicativeP41" [label="MultiplicativeP"]
	"MultiplicativeP34" -> "MultiplicativeP41"
	"e42" [label="e"]
	"MultiplicativeP41" -> "e42"
	"AdditiveP43" [label="AdditiveP"]
	"Additive20" -> "AdditiveP43"
	"e44" [label="e"]
	"AdditiveP43" -> "e44"
	"Statements45" [label="Statements"]
	"Statements2" -> "Statements45"
	"Statement46" [label="Statement"]
	"Statements45" -> "Statement46"
	"Assignment47" [label="Assignment"]
	"Statement46" -> "Assignment47"
	"m48" [label="m",style=filled,fillcolor=powderblue]
	"Assignment47" -> "m48"
	"[49" [label="[",style=filled,fillcolor=powderblue]
	"Assignment47" -> "[49"
	"Additive50" [label="Additive"]
	"Assignment47" -> "Additive50"
	"Multiplicative51" [label="Multiplicative"]
	"Additive50" -> "Multiplicative51"
	"Exponential52" [label="Exponential"]
	"Multiplicative51" -> "Exponential52"
	"Factor53" [label="Factor"]
	"Exponential52" -> "Factor53"
	"num54" [label="num",style=filled,fillcolor=powderblue]
	"Factor53" -> "num54"
	"ExponentialP55" [label="ExponentialP"]
	"Exponential52" -> "ExponentialP55"
	"e56" [label="e"]
	"ExponentialP55" -> "e56"
	"MultiplicativeP57" [label="MultiplicativeP"]
	"Multiplicative51" -> "MultiplicativeP57"
	"e58" [label="e"]
	"MultiplicativeP57" -> "e58"
	"AdditiveP59" [label="AdditiveP"]
	"Additive50" -> "AdditiveP59"
	"e60" [label="e"]
	"AdditiveP59" -> "e60"
	"]61" [label="]",style=filled,fillcolor=powderblue]
	"Assignment47" -> "]61"
	"=62" [label="=",style=filled,fillcolor=powderblue]
	"Assignment47" -> "=62"
	"Additive63" [label="Additive"]
	"Assignment47" -> "Additive63"
	"Multiplicative64" [label="Multiplicative"]
	"Additive63" -> "Multiplicative64"
	"Exponential65" [label="Exponential"]
	"Multiplicative64" -> "Exponential65"
	"Factor66" [label="Factor"]
	"Exponential65" -> "Factor66"
	"num67" [label="num",style=filled,fillcolor=powderblue]
	"Factor66" -> "num67"
	"ExponentialP68" [label="ExponentialP"]
	"Exponential65" -> "ExponentialP68"
	"e69" [label="e"]
	"ExponentialP68" -> "e69"
	"MultiplicativeP70" [label="MultiplicativeP"]
	"Multiplicative64" -> "MultiplicativeP70"
	"e71" [label="e"]
	"MultiplicativeP70" -> "e71"
	"AdditiveP72" [label="AdditiveP"]
	"Additive63" -> "AdditiveP72"
	"+73" [label="+",style=filled,fillcolor=powderblue]
	"AdditiveP72" -> "+73"
	"Multiplicative74" [label="Multiplicative"]
	"AdditiveP72" -> "Multiplicative74"
	"Exponential75" [label="Exponential"]
	"Multiplicative74" -> "Exponential75"
	"Factor76" [label="Factor"]
	"Exponential75" -> "Factor76"
	"num77" [label="num",style=filled,fillcolor=powderblue]
	"Factor76" -> "num77"
	"ExponentialP78" [label="ExponentialP"]
	"Exponential75" -> "ExponentialP78"
	"e79" [label="e"]
	"ExponentialP78" -> "e79"
	"MultiplicativeP80" [label="MultiplicativeP"]
	"Multiplicative74" -> "MultiplicativeP80"
	"e81" [label="e"]
	"MultiplicativeP80" -> "e81"
	"AdditiveP82" [label="AdditiveP"]
	"AdditiveP72" -> "AdditiveP82"
	"e83" [label="e"]
	"AdditiveP82" -> "e83"
	"Statements84" [label="Statements"]
	"Statements45" -> "Statements84"
	"e85" [label="e"]
	"Statements84" -> "e85"
};
