digraph G {
	"Start1" [label="Start"]
	"Statements2" [label="Statements"]
	"Start1" -> "Statements2"
	"Statement3" [label="Statement"]
	"Statements2" -> "Statement3"
	"Assignment4" [label="Assignment"]
	"Statement3" -> "Assignment4"
	"m5" [label="m",style=filled,fillcolor=powderblue]
	"Assignment4" -> "m5"
	"[6" [label="[",style=filled,fillcolor=powderblue]
	"Assignment4" -> "[6"
	"Additive7" [label="Additive"]
	"Assignment4" -> "Additive7"
	"Multiplicative8" [label="Multiplicative"]
	"Additive7" -> "Multiplicative8"
	"Exponential9" [label="Exponential"]
	"Multiplicative8" -> "Exponential9"
	"Factor10" [label="Factor"]
	"Exponential9" -> "Factor10"
	"num11" [label="num",style=filled,fillcolor=powderblue]
	"Factor10" -> "num11"
	"ExponentialP12" [label="ExponentialP"]
	"Exponential9" -> "ExponentialP12"
	"e13" [label="e"]
	"ExponentialP12" -> "e13"
	"MultiplicativeP14" [label="MultiplicativeP"]
	"Multiplicative8" -> "MultiplicativeP14"
	"e15" [label="e"]
	"MultiplicativeP14" -> "e15"
	"AdditiveP16" [label="AdditiveP"]
	"Additive7" -> "AdditiveP16"
	"e17" [label="e"]
	"AdditiveP16" -> "e17"
	"]18" [label="]",style=filled,fillcolor=powderblue]
	"Assignment4" -> "]18"
	"=19" [label="=",style=filled,fillcolor=powderblue]
	"Assignment4" -> "=19"
	"Additive20" [label="Additive"]
	"Assignment4" -> "Additive20"
	"Multiplicative21" [label="Multiplicative"]
	"Additive20" -> "Multiplicative21"
	"Exponential22" [label="Exponential"]
	"Multiplicative21" -> "Exponential22"
	"Factor23" [label="Factor"]
	"Exponential22" -> "Factor23"
	"num24" [label="num",style=filled,fillcolor=powderblue]
	"Factor23" -> "num24"
	"ExponentialP25" [label="ExponentialP"]
	"Exponential22" -> "ExponentialP25"
	"e26" [label="e"]
	"ExponentialP25" -> "e26"
	"MultiplicativeP27" [label="MultiplicativeP"]
	"Multiplicative21" -> "MultiplicativeP27"
	"e28" [label="e"]
	"MultiplicativeP27" -> "e28"
	"AdditiveP29" [label="AdditiveP"]
	"Additive20" -> "AdditiveP29"
	"-30" [label="-",style=filled,fillcolor=powderblue]
	"AdditiveP29" -> "-30"
	"Multiplicative31" [label="Multiplicative"]
	"AdditiveP29" -> "Multiplicative31"
	"Exponential32" [label="Exponential"]
	"Multiplicative31" -> "Exponential32"
	"Factor33" [label="Factor"]
	"Exponential32" -> "Factor33"
	"(34" [label="(",style=filled,fillcolor=powderblue]
	"Factor33" -> "(34"
	"Additive35" [label="Additive"]
	"Factor33" -> "Additive35"
	"Multiplicative36" [label="Multiplicative"]
	"Additive35" -> "Multiplicative36"
	"Exponential37" [label="Exponential"]
	"Multiplicative36" -> "Exponential37"
	"Factor38" [label="Factor"]
	"Exponential37" -> "Factor38"
	"num39" [label="num",style=filled,fillcolor=powderblue]
	"Factor38" -> "num39"
	"ExponentialP40" [label="ExponentialP"]
	"Exponential37" -> "ExponentialP40"
	"e41" [label="e"]
	"ExponentialP40" -> "e41"
	"MultiplicativeP42" [label="MultiplicativeP"]
	"Multiplicative36" -> "MultiplicativeP42"
	"e43" [label="e"]
	"MultiplicativeP42" -> "e43"
	"AdditiveP44" [label="AdditiveP"]
	"Additive35" -> "AdditiveP44"
	"-45" [label="-",style=filled,fillcolor=powderblue]
	"AdditiveP44" -> "-45"
	"Multiplicative46" [label="Multiplicative"]
	"AdditiveP44" -> "Multiplicative46"
	"Exponential47" [label="Exponential"]
	"Multiplicative46" -> "Exponential47"
	"Factor48" [label="Factor"]
	"Exponential47" -> "Factor48"
	"num49" [label="num",style=filled,fillcolor=powderblue]
	"Factor48" -> "num49"
	"ExponentialP50" [label="ExponentialP"]
	"Exponential47" -> "ExponentialP50"
	"e51" [label="e"]
	"ExponentialP50" -> "e51"
	"MultiplicativeP52" [label="MultiplicativeP"]
	"Multiplicative46" -> "MultiplicativeP52"
	"e53" [label="e"]
	"MultiplicativeP52" -> "e53"
	"AdditiveP54" [label="AdditiveP"]
	"AdditiveP44" -> "AdditiveP54"
	"e55" [label="e"]
	"AdditiveP54" -> "e55"
	")56" [label=")",style=filled,fillcolor=powderblue]
	"Factor33" -> ")56"
	"ExponentialP57" [label="ExponentialP"]
	"Exponential32" -> "ExponentialP57"
	"e58" [label="e"]
	"ExponentialP57" -> "e58"
	"MultiplicativeP59" [label="MultiplicativeP"]
	"Multiplicative31" -> "MultiplicativeP59"
	"e60" [label="e"]
	"MultiplicativeP59" -> "e60"
	"AdditiveP61" [label="AdditiveP"]
	"AdditiveP29" -> "AdditiveP61"
	"e62" [label="e"]
	"AdditiveP61" -> "e62"
	"Statements63" [label="Statements"]
	"Statements2" -> "Statements63"
	"Statement64" [label="Statement"]
	"Statements63" -> "Statement64"
	"Assignment65" [label="Assignment"]
	"Statement64" -> "Assignment65"
	"m66" [label="m",style=filled,fillcolor=powderblue]
	"Assignment65" -> "m66"
	"[67" [label="[",style=filled,fillcolor=powderblue]
	"Assignment65" -> "[67"
	"Additive68" [label="Additive"]
	"Assignment65" -> "Additive68"
	"Multiplicative69" [label="Multiplicative"]
	"Additive68" -> "Multiplicative69"
	"Exponential70" [label="Exponential"]
	"Multiplicative69" -> "Exponential70"
	"Factor71" [label="Factor"]
	"Exponential70" -> "Factor71"
	"num72" [label="num",style=filled,fillcolor=powderblue]
	"Factor71" -> "num72"
	"ExponentialP73" [label="ExponentialP"]
	"Exponential70" -> "ExponentialP73"
	"e74" [label="e"]
	"ExponentialP73" -> "e74"
	"MultiplicativeP75" [label="MultiplicativeP"]
	"Multiplicative69" -> "MultiplicativeP75"
	"e76" [label="e"]
	"MultiplicativeP75" -> "e76"
	"AdditiveP77" [label="AdditiveP"]
	"Additive68" -> "AdditiveP77"
	"e78" [label="e"]
	"AdditiveP77" -> "e78"
	"]79" [label="]",style=filled,fillcolor=powderblue]
	"Assignment65" -> "]79"
	"=80" [label="=",style=filled,fillcolor=powderblue]
	"Assignment65" -> "=80"
	"Additive81" [label="Additive"]
	"Assignment65" -> "Additive81"
	"Multiplicative82" [label="Multiplicative"]
	"Additive81" -> "Multiplicative82"
	"Exponential83" [label="Exponential"]
	"Multiplicative82" -> "Exponential83"
	"Factor84" [label="Factor"]
	"Exponential83" -> "Factor84"
	"num85" [label="num",style=filled,fillcolor=powderblue]
	"Factor84" -> "num85"
	"ExponentialP86" [label="ExponentialP"]
	"Exponential83" -> "ExponentialP86"
	"e87" [label="e"]
	"ExponentialP86" -> "e87"
	"MultiplicativeP88" [label="MultiplicativeP"]
	"Multiplicative82" -> "MultiplicativeP88"
	"e89" [label="e"]
	"MultiplicativeP88" -> "e89"
	"AdditiveP90" [label="AdditiveP"]
	"Additive81" -> "AdditiveP90"
	"-91" [label="-",style=filled,fillcolor=powderblue]
	"AdditiveP90" -> "-91"
	"Multiplicative92" [label="Multiplicative"]
	"AdditiveP90" -> "Multiplicative92"
	"Exponential93" [label="Exponential"]
	"Multiplicative92" -> "Exponential93"
	"Factor94" [label="Factor"]
	"Exponential93" -> "Factor94"
	"m95" [label="m",style=filled,fillcolor=powderblue]
	"Factor94" -> "m95"
	"[96" [label="[",style=filled,fillcolor=powderblue]
	"Factor94" -> "[96"
	"Additive97" [label="Additive"]
	"Factor94" -> "Additive97"
	"Multiplicative98" [label="Multiplicative"]
	"Additive97" -> "Multiplicative98"
	"Exponential99" [label="Exponential"]
	"Multiplicative98" -> "Exponential99"
	"Factor100" [label="Factor"]
	"Exponential99" -> "Factor100"
	"(101" [label="(",style=filled,fillcolor=powderblue]
	"Factor100" -> "(101"
	"Additive102" [label="Additive"]
	"Factor100" -> "Additive102"
	"Multiplicative103" [label="Multiplicative"]
	"Additive102" -> "Multiplicative103"
	"Exponential104" [label="Exponential"]
	"Multiplicative103" -> "Exponential104"
	"Factor105" [label="Factor"]
	"Exponential104" -> "Factor105"
	"num106" [label="num",style=filled,fillcolor=powderblue]
	"Factor105" -> "num106"
	"ExponentialP107" [label="ExponentialP"]
	"Exponential104" -> "ExponentialP107"
	"e108" [label="e"]
	"ExponentialP107" -> "e108"
	"MultiplicativeP109" [label="MultiplicativeP"]
	"Multiplicative103" -> "MultiplicativeP109"
	"e110" [label="e"]
	"MultiplicativeP109" -> "e110"
	"AdditiveP111" [label="AdditiveP"]
	"Additive102" -> "AdditiveP111"
	"-112" [label="-",style=filled,fillcolor=powderblue]
	"AdditiveP111" -> "-112"
	"Multiplicative113" [label="Multiplicative"]
	"AdditiveP111" -> "Multiplicative113"
	"Exponential114" [label="Exponential"]
	"Multiplicative113" -> "Exponential114"
	"Factor115" [label="Factor"]
	"Exponential114" -> "Factor115"
	"num116" [label="num",style=filled,fillcolor=powderblue]
	"Factor115" -> "num116"
	"ExponentialP117" [label="ExponentialP"]
	"Exponential114" -> "ExponentialP117"
	"e118" [label="e"]
	"ExponentialP117" -> "e118"
	"MultiplicativeP119" [label="MultiplicativeP"]
	"Multiplicative113" -> "MultiplicativeP119"
	"e120" [label="e"]
	"MultiplicativeP119" -> "e120"
	"AdditiveP121" [label="AdditiveP"]
	"AdditiveP111" -> "AdditiveP121"
	"e122" [label="e"]
	"AdditiveP121" -> "e122"
	")123" [label=")",style=filled,fillcolor=powderblue]
	"Factor100" -> ")123"
	"ExponentialP124" [label="ExponentialP"]
	"Exponential99" -> "ExponentialP124"
	"e125" [label="e"]
	"ExponentialP124" -> "e125"
	"MultiplicativeP126" [label="MultiplicativeP"]
	"Multiplicative98" -> "MultiplicativeP126"
	"e127" [label="e"]
	"MultiplicativeP126" -> "e127"
	"AdditiveP128" [label="AdditiveP"]
	"Additive97" -> "AdditiveP128"
	"e129" [label="e"]
	"AdditiveP128" -> "e129"
	"]130" [label="]",style=filled,fillcolor=powderblue]
	"Factor94" -> "]130"
	"ExponentialP131" [label="ExponentialP"]
	"Exponential93" -> "ExponentialP131"
	"e132" [label="e"]
	"ExponentialP131" -> "e132"
	"MultiplicativeP133" [label="MultiplicativeP"]
	"Multiplicative92" -> "MultiplicativeP133"
	"e134" [label="e"]
	"MultiplicativeP133" -> "e134"
	"AdditiveP135" [label="AdditiveP"]
	"AdditiveP90" -> "AdditiveP135"
	"e136" [label="e"]
	"AdditiveP135" -> "e136"
	"Statements137" [label="Statements"]
	"Statements63" -> "Statements137"
	"Statement138" [label="Statement"]
	"Statements137" -> "Statement138"
	"Print139" [label="Print"]
	"Statement138" -> "Print139"
	"print140" [label="print",style=filled,fillcolor=powderblue]
	"Print139" -> "print140"
	"Additive141" [label="Additive"]
	"Print139" -> "Additive141"
	"Multiplicative142" [label="Multiplicative"]
	"Additive141" -> "Multiplicative142"
	"Exponential143" [label="Exponential"]
	"Multiplicative142" -> "Exponential143"
	"Factor144" [label="Factor"]
	"Exponential143" -> "Factor144"
	"m145" [label="m",style=filled,fillcolor=powderblue]
	"Factor144" -> "m145"
	"[146" [label="[",style=filled,fillcolor=powderblue]
	"Factor144" -> "[146"
	"Additive147" [label="Additive"]
	"Factor144" -> "Additive147"
	"Multiplicative148" [label="Multiplicative"]
	"Additive147" -> "Multiplicative148"
	"Exponential149" [label="Exponential"]
	"Multiplicative148" -> "Exponential149"
	"Factor150" [label="Factor"]
	"Exponential149" -> "Factor150"
	"num151" [label="num",style=filled,fillcolor=powderblue]
	"Factor150" -> "num151"
	"ExponentialP152" [label="ExponentialP"]
	"Exponential149" -> "ExponentialP152"
	"e153" [label="e"]
	"ExponentialP152" -> "e153"
	"MultiplicativeP154" [label="MultiplicativeP"]
	"Multiplicative148" -> "MultiplicativeP154"
	"e155" [label="e"]
	"MultiplicativeP154" -> "e155"
	"AdditiveP156" [label="AdditiveP"]
	"Additive147" -> "AdditiveP156"
	"e157" [label="e"]
	"AdditiveP156" -> "e157"
	"]158" [label="]",style=filled,fillcolor=powderblue]
	"Factor144" -> "]158"
	"ExponentialP159" [label="ExponentialP"]
	"Exponential143" -> "ExponentialP159"
	"e160" [label="e"]
	"ExponentialP159" -> "e160"
	"MultiplicativeP161" [label="MultiplicativeP"]
	"Multiplicative142" -> "MultiplicativeP161"
	"e162" [label="e"]
	"MultiplicativeP161" -> "e162"
	"AdditiveP163" [label="AdditiveP"]
	"Additive141" -> "AdditiveP163"
	"e164" [label="e"]
	"AdditiveP163" -> "e164"
	"Statements165" [label="Statements"]
	"Statements137" -> "Statements165"
	"Statement166" [label="Statement"]
	"Statements165" -> "Statement166"
	"Jump167" [label="Jump"]
	"Statement166" -> "Jump167"
	"goto168" [label="goto",style=filled,fillcolor=powderblue]
	"Jump167" -> "goto168"
	"num169" [label="num",style=filled,fillcolor=powderblue]
	"Jump167" -> "num169"
	"If170" [label="If"]
	"Jump167" -> "If170"
	"if171" [label="if",style=filled,fillcolor=powderblue]
	"If170" -> "if171"
	"Additive172" [label="Additive"]
	"If170" -> "Additive172"
	"Multiplicative173" [label="Multiplicative"]
	"Additive172" -> "Multiplicative173"
	"Exponential174" [label="Exponential"]
	"Multiplicative173" -> "Exponential174"
	"Factor175" [label="Factor"]
	"Exponential174" -> "Factor175"
	"m176" [label="m",style=filled,fillcolor=powderblue]
	"Factor175" -> "m176"
	"[177" [label="[",style=filled,fillcolor=powderblue]
	"Factor175" -> "[177"
	"Additive178" [label="Additive"]
	"Factor175" -> "Additive178"
	"Multiplicative179" [label="Multiplicative"]
	"Additive178" -> "Multiplicative179"
	"Exponential180" [label="Exponential"]
	"Multiplicative179" -> "Exponential180"
	"Factor181" [label="Factor"]
	"Exponential180" -> "Factor181"
	"num182" [label="num",style=filled,fillcolor=powderblue]
	"Factor181" -> "num182"
	"ExponentialP183" [label="ExponentialP"]
	"Exponential180" -> "ExponentialP183"
	"e184" [label="e"]
	"ExponentialP183" -> "e184"
	"MultiplicativeP185" [label="MultiplicativeP"]
	"Multiplicative179" -> "MultiplicativeP185"
	"e186" [label="e"]
	"MultiplicativeP185" -> "e186"
	"AdditiveP187" [label="AdditiveP"]
	"Additive178" -> "AdditiveP187"
	"e188" [label="e"]
	"AdditiveP187" -> "e188"
	"]189" [label="]",style=filled,fillcolor=powderblue]
	"Factor175" -> "]189"
	"ExponentialP190" [label="ExponentialP"]
	"Exponential174" -> "ExponentialP190"
	"e191" [label="e"]
	"ExponentialP190" -> "e191"
	"MultiplicativeP192" [label="MultiplicativeP"]
	"Multiplicative173" -> "MultiplicativeP192"
	"e193" [label="e"]
	"MultiplicativeP192" -> "e193"
	"AdditiveP194" [label="AdditiveP"]
	"Additive172" -> "AdditiveP194"
	"e195" [label="e"]
	"AdditiveP194" -> "e195"
	"Statements196" [label="Statements"]
	"Statements165" -> "Statements196"
	"Statement197" [label="Statement"]
	"Statements196" -> "Statement197"
	"Print198" [label="Print"]
	"Statement197" -> "Print198"
	"print199" [label="print",style=filled,fillcolor=powderblue]
	"Print198" -> "print199"
	"Additive200" [label="Additive"]
	"Print198" -> "Additive200"
	"Multiplicative201" [label="Multiplicative"]
	"Additive200" -> "Multiplicative201"
	"Exponential202" [label="Exponential"]
	"Multiplicative201" -> "Exponential202"
	"Factor203" [label="Factor"]
	"Exponential202" -> "Factor203"
	"m204" [label="m",style=filled,fillcolor=powderblue]
	"Factor203" -> "m204"
	"[205" [label="[",style=filled,fillcolor=powderblue]
	"Factor203" -> "[205"
	"Additive206" [label="Additive"]
	"Factor203" -> "Additive206"
	"Multiplicative207" [label="Multiplicative"]
	"Additive206" -> "Multiplicative207"
	"Exponential208" [label="Exponential"]
	"Multiplicative207" -> "Exponential208"
	"Factor209" [label="Factor"]
	"Exponential208" -> "Factor209"
	"num210" [label="num",style=filled,fillcolor=powderblue]
	"Factor209" -> "num210"
	"ExponentialP211" [label="ExponentialP"]
	"Exponential208" -> "ExponentialP211"
	"e212" [label="e"]
	"ExponentialP211" -> "e212"
	"MultiplicativeP213" [label="MultiplicativeP"]
	"Multiplicative207" -> "MultiplicativeP213"
	"e214" [label="e"]
	"MultiplicativeP213" -> "e214"
	"AdditiveP215" [label="AdditiveP"]
	"Additive206" -> "AdditiveP215"
	"e216" [label="e"]
	"AdditiveP215" -> "e216"
	"]217" [label="]",style=filled,fillcolor=powderblue]
	"Factor203" -> "]217"
	"ExponentialP218" [label="ExponentialP"]
	"Exponential202" -> "ExponentialP218"
	"e219" [label="e"]
	"ExponentialP218" -> "e219"
	"MultiplicativeP220" [label="MultiplicativeP"]
	"Multiplicative201" -> "MultiplicativeP220"
	"e221" [label="e"]
	"MultiplicativeP220" -> "e221"
	"AdditiveP222" [label="AdditiveP"]
	"Additive200" -> "AdditiveP222"
	"e223" [label="e"]
	"AdditiveP222" -> "e223"
	"Statements224" [label="Statements"]
	"Statements196" -> "Statements224"
	"Statement225" [label="Statement"]
	"Statements224" -> "Statement225"
	"Jump226" [label="Jump"]
	"Statement225" -> "Jump226"
	"goto227" [label="goto",style=filled,fillcolor=powderblue]
	"Jump226" -> "goto227"
	"num228" [label="num",style=filled,fillcolor=powderblue]
	"Jump226" -> "num228"
	"If229" [label="If"]
	"Jump226" -> "If229"
	"e230" [label="e"]
	"If229" -> "e230"
	"Statements231" [label="Statements"]
	"Statements224" -> "Statements231"
	"Statement232" [label="Statement"]
	"Statements231" -> "Statement232"
	"Print233" [label="Print"]
	"Statement232" -> "Print233"
	"print234" [label="print",style=filled,fillcolor=powderblue]
	"Print233" -> "print234"
	"Additive235" [label="Additive"]
	"Print233" -> "Additive235"
	"Multiplicative236" [label="Multiplicative"]
	"Additive235" -> "Multiplicative236"
	"Exponential237" [label="Exponential"]
	"Multiplicative236" -> "Exponential237"
	"Factor238" [label="Factor"]
	"Exponential237" -> "Factor238"
	"m239" [label="m",style=filled,fillcolor=powderblue]
	"Factor238" -> "m239"
	"[240" [label="[",style=filled,fillcolor=powderblue]
	"Factor238" -> "[240"
	"Additive241" [label="Additive"]
	"Factor238" -> "Additive241"
	"Multiplicative242" [label="Multiplicative"]
	"Additive241" -> "Multiplicative242"
	"Exponential243" [label="Exponential"]
	"Multiplicative242" -> "Exponential243"
	"Factor244" [label="Factor"]
	"Exponential243" -> "Factor244"
	"num245" [label="num",style=filled,fillcolor=powderblue]
	"Factor244" -> "num245"
	"ExponentialP246" [label="ExponentialP"]
	"Exponential243" -> "ExponentialP246"
	"e247" [label="e"]
	"ExponentialP246" -> "e247"
	"MultiplicativeP248" [label="MultiplicativeP"]
	"Multiplicative242" -> "MultiplicativeP248"
	"e249" [label="e"]
	"MultiplicativeP248" -> "e249"
	"AdditiveP250" [label="AdditiveP"]
	"Additive241" -> "AdditiveP250"
	"e251" [label="e"]
	"AdditiveP250" -> "e251"
	"]252" [label="]",style=filled,fillcolor=powderblue]
	"Factor238" -> "]252"
	"ExponentialP253" [label="ExponentialP"]
	"Exponential237" -> "ExponentialP253"
	"e254" [label="e"]
	"ExponentialP253" -> "e254"
	"MultiplicativeP255" [label="MultiplicativeP"]
	"Multiplicative236" -> "MultiplicativeP255"
	"e256" [label="e"]
	"MultiplicativeP255" -> "e256"
	"AdditiveP257" [label="AdditiveP"]
	"Additive235" -> "AdditiveP257"
	"e258" [label="e"]
	"AdditiveP257" -> "e258"
	"Statements259" [label="Statements"]
	"Statements231" -> "Statements259"
	"Statement260" [label="Statement"]
	"Statements259" -> "Statement260"
	"Label261" [label="Label"]
	"Statement260" -> "Label261"
	"L262" [label="L",style=filled,fillcolor=powderblue]
	"Label261" -> "L262"
	"num263" [label="num",style=filled,fillcolor=powderblue]
	"Label261" -> "num263"
	":264" [label=":",style=filled,fillcolor=powderblue]
	"Label261" -> ":264"
	"Statements265" [label="Statements"]
	"Statements259" -> "Statements265"
	"Statement266" [label="Statement"]
	"Statements265" -> "Statement266"
	"Print267" [label="Print"]
	"Statement266" -> "Print267"
	"print268" [label="print",style=filled,fillcolor=powderblue]
	"Print267" -> "print268"
	"Additive269" [label="Additive"]
	"Print267" -> "Additive269"
	"Multiplicative270" [label="Multiplicative"]
	"Additive269" -> "Multiplicative270"
	"Exponential271" [label="Exponential"]
	"Multiplicative270" -> "Exponential271"
	"Factor272" [label="Factor"]
	"Exponential271" -> "Factor272"
	"m273" [label="m",style=filled,fillcolor=powderblue]
	"Factor272" -> "m273"
	"[274" [label="[",style=filled,fillcolor=powderblue]
	"Factor272" -> "[274"
	"Additive275" [label="Additive"]
	"Factor272" -> "Additive275"
	"Multiplicative276" [label="Multiplicative"]
	"Additive275" -> "Multiplicative276"
	"Exponential277" [label="Exponential"]
	"Multiplicative276" -> "Exponential277"
	"Factor278" [label="Factor"]
	"Exponential277" -> "Factor278"
	"num279" [label="num",style=filled,fillcolor=powderblue]
	"Factor278" -> "num279"
	"ExponentialP280" [label="ExponentialP"]
	"Exponential277" -> "ExponentialP280"
	"e281" [label="e"]
	"ExponentialP280" -> "e281"
	"MultiplicativeP282" [label="MultiplicativeP"]
	"Multiplicative276" -> "MultiplicativeP282"
	"e283" [label="e"]
	"MultiplicativeP282" -> "e283"
	"AdditiveP284" [label="AdditiveP"]
	"Additive275" -> "AdditiveP284"
	"e285" [label="e"]
	"AdditiveP284" -> "e285"
	"]286" [label="]",style=filled,fillcolor=powderblue]
	"Factor272" -> "]286"
	"ExponentialP287" [label="ExponentialP"]
	"Exponential271" -> "ExponentialP287"
	"e288" [label="e"]
	"ExponentialP287" -> "e288"
	"MultiplicativeP289" [label="MultiplicativeP"]
	"Multiplicative270" -> "MultiplicativeP289"
	"e290" [label="e"]
	"MultiplicativeP289" -> "e290"
	"AdditiveP291" [label="AdditiveP"]
	"Additive269" -> "AdditiveP291"
	"e292" [label="e"]
	"AdditiveP291" -> "e292"
	"Statements293" [label="Statements"]
	"Statements265" -> "Statements293"
	"Statement294" [label="Statement"]
	"Statements293" -> "Statement294"
	"Assignment295" [label="Assignment"]
	"Statement294" -> "Assignment295"
	"m296" [label="m",style=filled,fillcolor=powderblue]
	"Assignment295" -> "m296"
	"[297" [label="[",style=filled,fillcolor=powderblue]
	"Assignment295" -> "[297"
	"Additive298" [label="Additive"]
	"Assignment295" -> "Additive298"
	"Multiplicative299" [label="Multiplicative"]
	"Additive298" -> "Multiplicative299"
	"Exponential300" [label="Exponential"]
	"Multiplicative299" -> "Exponential300"
	"Factor301" [label="Factor"]
	"Exponential300" -> "Factor301"
	"num302" [label="num",style=filled,fillcolor=powderblue]
	"Factor301" -> "num302"
	"ExponentialP303" [label="ExponentialP"]
	"Exponential300" -> "ExponentialP303"
	"e304" [label="e"]
	"ExponentialP303" -> "e304"
	"MultiplicativeP305" [label="MultiplicativeP"]
	"Multiplicative299" -> "MultiplicativeP305"
	"e306" [label="e"]
	"MultiplicativeP305" -> "e306"
	"AdditiveP307" [label="AdditiveP"]
	"Additive298" -> "AdditiveP307"
	"e308" [label="e"]
	"AdditiveP307" -> "e308"
	"]309" [label="]",style=filled,fillcolor=powderblue]
	"Assignment295" -> "]309"
	"=310" [label="=",style=filled,fillcolor=powderblue]
	"Assignment295" -> "=310"
	"Additive311" [label="Additive"]
	"Assignment295" -> "Additive311"
	"Multiplicative312" [label="Multiplicative"]
	"Additive311" -> "Multiplicative312"
	"Exponential313" [label="Exponential"]
	"Multiplicative312" -> "Exponential313"
	"Factor314" [label="Factor"]
	"Exponential313" -> "Factor314"
	"num315" [label="num",style=filled,fillcolor=powderblue]
	"Factor314" -> "num315"
	"ExponentialP316" [label="ExponentialP"]
	"Exponential313" -> "ExponentialP316"
	"e317" [label="e"]
	"ExponentialP316" -> "e317"
	"MultiplicativeP318" [label="MultiplicativeP"]
	"Multiplicative312" -> "MultiplicativeP318"
	"/319" [label="/",style=filled,fillcolor=powderblue]
	"MultiplicativeP318" -> "/319"
	"Exponential320" [label="Exponential"]
	"MultiplicativeP318" -> "Exponential320"
	"Factor321" [label="Factor"]
	"Exponential320" -> "Factor321"
	"num322" [label="num",style=filled,fillcolor=powderblue]
	"Factor321" -> "num322"
	"ExponentialP323" [label="ExponentialP"]
	"Exponential320" -> "ExponentialP323"
	"e324" [label="e"]
	"ExponentialP323" -> "e324"
	"MultiplicativeP325" [label="MultiplicativeP"]
	"MultiplicativeP318" -> "MultiplicativeP325"
	"*326" [label="*",style=filled,fillcolor=powderblue]
	"MultiplicativeP325" -> "*326"
	"Exponential327" [label="Exponential"]
	"MultiplicativeP325" -> "Exponential327"
	"Factor328" [label="Factor"]
	"Exponential327" -> "Factor328"
	"num329" [label="num",style=filled,fillcolor=powderblue]
	"Factor328" -> "num329"
	"ExponentialP330" [label="ExponentialP"]
	"Exponential327" -> "ExponentialP330"
	"e331" [label="e"]
	"ExponentialP330" -> "e331"
	"MultiplicativeP332" [label="MultiplicativeP"]
	"MultiplicativeP325" -> "MultiplicativeP332"
	"e333" [label="e"]
	"MultiplicativeP332" -> "e333"
	"AdditiveP334" [label="AdditiveP"]
	"Additive311" -> "AdditiveP334"
	"e335" [label="e"]
	"AdditiveP334" -> "e335"
	"Statements336" [label="Statements"]
	"Statements293" -> "Statements336"
	"Statement337" [label="Statement"]
	"Statements336" -> "Statement337"
	"Assignment338" [label="Assignment"]
	"Statement337" -> "Assignment338"
	"m339" [label="m",style=filled,fillcolor=powderblue]
	"Assignment338" -> "m339"
	"[340" [label="[",style=filled,fillcolor=powderblue]
	"Assignment338" -> "[340"
	"Additive341" [label="Additive"]
	"Assignment338" -> "Additive341"
	"Multiplicative342" [label="Multiplicative"]
	"Additive341" -> "Multiplicative342"
	"Exponential343" [label="Exponential"]
	"Multiplicative342" -> "Exponential343"
	"Factor344" [label="Factor"]
	"Exponential343" -> "Factor344"
	"num345" [label="num",style=filled,fillcolor=powderblue]
	"Factor344" -> "num345"
	"ExponentialP346" [label="ExponentialP"]
	"Exponential343" -> "ExponentialP346"
	"e347" [label="e"]
	"ExponentialP346" -> "e347"
	"MultiplicativeP348" [label="MultiplicativeP"]
	"Multiplicative342" -> "MultiplicativeP348"
	"e349" [label="e"]
	"MultiplicativeP348" -> "e349"
	"AdditiveP350" [label="AdditiveP"]
	"Additive341" -> "AdditiveP350"
	"e351" [label="e"]
	"AdditiveP350" -> "e351"
	"]352" [label="]",style=filled,fillcolor=powderblue]
	"Assignment338" -> "]352"
	"=353" [label="=",style=filled,fillcolor=powderblue]
	"Assignment338" -> "=353"
	"Additive354" [label="Additive"]
	"Assignment338" -> "Additive354"
	"Multiplicative355" [label="Multiplicative"]
	"Additive354" -> "Multiplicative355"
	"Exponential356" [label="Exponential"]
	"Multiplicative355" -> "Exponential356"
	"Factor357" [label="Factor"]
	"Exponential356" -> "Factor357"
	"num358" [label="num",style=filled,fillcolor=powderblue]
	"Factor357" -> "num358"
	"ExponentialP359" [label="ExponentialP"]
	"Exponential356" -> "ExponentialP359"
	"e360" [label="e"]
	"ExponentialP359" -> "e360"
	"MultiplicativeP361" [label="MultiplicativeP"]
	"Multiplicative355" -> "MultiplicativeP361"
	"e362" [label="e"]
	"MultiplicativeP361" -> "e362"
	"AdditiveP363" [label="AdditiveP"]
	"Additive354" -> "AdditiveP363"
	"+364" [label="+",style=filled,fillcolor=powderblue]
	"AdditiveP363" -> "+364"
	"Multiplicative365" [label="Multiplicative"]
	"AdditiveP363" -> "Multiplicative365"
	"Exponential366" [label="Exponential"]
	"Multiplicative365" -> "Exponential366"
	"Factor367" [label="Factor"]
	"Exponential366" -> "Factor367"
	"num368" [label="num",style=filled,fillcolor=powderblue]
	"Factor367" -> "num368"
	"ExponentialP369" [label="ExponentialP"]
	"Exponential366" -> "ExponentialP369"
	"e370" [label="e"]
	"ExponentialP369" -> "e370"
	"MultiplicativeP371" [label="MultiplicativeP"]
	"Multiplicative365" -> "MultiplicativeP371"
	"e372" [label="e"]
	"MultiplicativeP371" -> "e372"
	"AdditiveP373" [label="AdditiveP"]
	"AdditiveP363" -> "AdditiveP373"
	"e374" [label="e"]
	"AdditiveP373" -> "e374"
	"Statements375" [label="Statements"]
	"Statements336" -> "Statements375"
	"Statement376" [label="Statement"]
	"Statements375" -> "Statement376"
	"Assignment377" [label="Assignment"]
	"Statement376" -> "Assignment377"
	"m378" [label="m",style=filled,fillcolor=powderblue]
	"Assignment377" -> "m378"
	"[379" [label="[",style=filled,fillcolor=powderblue]
	"Assignment377" -> "[379"
	"Additive380" [label="Additive"]
	"Assignment377" -> "Additive380"
	"Multiplicative381" [label="Multiplicative"]
	"Additive380" -> "Multiplicative381"
	"Exponential382" [label="Exponential"]
	"Multiplicative381" -> "Exponential382"
	"Factor383" [label="Factor"]
	"Exponential382" -> "Factor383"
	"num384" [label="num",style=filled,fillcolor=powderblue]
	"Factor383" -> "num384"
	"ExponentialP385" [label="ExponentialP"]
	"Exponential382" -> "ExponentialP385"
	"e386" [label="e"]
	"ExponentialP385" -> "e386"
	"MultiplicativeP387" [label="MultiplicativeP"]
	"Multiplicative381" -> "MultiplicativeP387"
	"e388" [label="e"]
	"MultiplicativeP387" -> "e388"
	"AdditiveP389" [label="AdditiveP"]
	"Additive380" -> "AdditiveP389"
	"e390" [label="e"]
	"AdditiveP389" -> "e390"
	"]391" [label="]",style=filled,fillcolor=powderblue]
	"Assignment377" -> "]391"
	"=392" [label="=",style=filled,fillcolor=powderblue]
	"Assignment377" -> "=392"
	"Additive393" [label="Additive"]
	"Assignment377" -> "Additive393"
	"Multiplicative394" [label="Multiplicative"]
	"Additive393" -> "Multiplicative394"
	"Exponential395" [label="Exponential"]
	"Multiplicative394" -> "Exponential395"
	"Factor396" [label="Factor"]
	"Exponential395" -> "Factor396"
	"num397" [label="num",style=filled,fillcolor=powderblue]
	"Factor396" -> "num397"
	"ExponentialP398" [label="ExponentialP"]
	"Exponential395" -> "ExponentialP398"
	"e399" [label="e"]
	"ExponentialP398" -> "e399"
	"MultiplicativeP400" [label="MultiplicativeP"]
	"Multiplicative394" -> "MultiplicativeP400"
	"e401" [label="e"]
	"MultiplicativeP400" -> "e401"
	"AdditiveP402" [label="AdditiveP"]
	"Additive393" -> "AdditiveP402"
	"-403" [label="-",style=filled,fillcolor=powderblue]
	"AdditiveP402" -> "-403"
	"Multiplicative404" [label="Multiplicative"]
	"AdditiveP402" -> "Multiplicative404"
	"Exponential405" [label="Exponential"]
	"Multiplicative404" -> "Exponential405"
	"Factor406" [label="Factor"]
	"Exponential405" -> "Factor406"
	"(407" [label="(",style=filled,fillcolor=powderblue]
	"Factor406" -> "(407"
	"Additive408" [label="Additive"]
	"Factor406" -> "Additive408"
	"Multiplicative409" [label="Multiplicative"]
	"Additive408" -> "Multiplicative409"
	"Exponential410" [label="Exponential"]
	"Multiplicative409" -> "Exponential410"
	"Factor411" [label="Factor"]
	"Exponential410" -> "Factor411"
	"m412" [label="m",style=filled,fillcolor=powderblue]
	"Factor411" -> "m412"
	"[413" [label="[",style=filled,fillcolor=powderblue]
	"Factor411" -> "[413"
	"Additive414" [label="Additive"]
	"Factor411" -> "Additive414"
	"Multiplicative415" [label="Multiplicative"]
	"Additive414" -> "Multiplicative415"
	"Exponential416" [label="Exponential"]
	"Multiplicative415" -> "Exponential416"
	"Factor417" [label="Factor"]
	"Exponential416" -> "Factor417"
	"num418" [label="num",style=filled,fillcolor=powderblue]
	"Factor417" -> "num418"
	"ExponentialP419" [label="ExponentialP"]
	"Exponential416" -> "ExponentialP419"
	"e420" [label="e"]
	"ExponentialP419" -> "e420"
	"MultiplicativeP421" [label="MultiplicativeP"]
	"Multiplicative415" -> "MultiplicativeP421"
	"e422" [label="e"]
	"MultiplicativeP421" -> "e422"
	"AdditiveP423" [label="AdditiveP"]
	"Additive414" -> "AdditiveP423"
	"e424" [label="e"]
	"AdditiveP423" -> "e424"
	"]425" [label="]",style=filled,fillcolor=powderblue]
	"Factor411" -> "]425"
	"ExponentialP426" [label="ExponentialP"]
	"Exponential410" -> "ExponentialP426"
	"e427" [label="e"]
	"ExponentialP426" -> "e427"
	"MultiplicativeP428" [label="MultiplicativeP"]
	"Multiplicative409" -> "MultiplicativeP428"
	"e429" [label="e"]
	"MultiplicativeP428" -> "e429"
	"AdditiveP430" [label="AdditiveP"]
	"Additive408" -> "AdditiveP430"
	"-431" [label="-",style=filled,fillcolor=powderblue]
	"AdditiveP430" -> "-431"
	"Multiplicative432" [label="Multiplicative"]
	"AdditiveP430" -> "Multiplicative432"
	"Exponential433" [label="Exponential"]
	"Multiplicative432" -> "Exponential433"
	"Factor434" [label="Factor"]
	"Exponential433" -> "Factor434"
	"num435" [label="num",style=filled,fillcolor=powderblue]
	"Factor434" -> "num435"
	"ExponentialP436" [label="ExponentialP"]
	"Exponential433" -> "ExponentialP436"
	"e437" [label="e"]
	"ExponentialP436" -> "e437"
	"MultiplicativeP438" [label="MultiplicativeP"]
	"Multiplicative432" -> "MultiplicativeP438"
	"e439" [label="e"]
	"MultiplicativeP438" -> "e439"
	"AdditiveP440" [label="AdditiveP"]
	"AdditiveP430" -> "AdditiveP440"
	"e441" [label="e"]
	"AdditiveP440" -> "e441"
	")442" [label=")",style=filled,fillcolor=powderblue]
	"Factor406" -> ")442"
	"ExponentialP443" [label="ExponentialP"]
	"Exponential405" -> "ExponentialP443"
	"e444" [label="e"]
	"ExponentialP443" -> "e444"
	"MultiplicativeP445" [label="MultiplicativeP"]
	"Multiplicative404" -> "MultiplicativeP445"
	"e446" [label="e"]
	"MultiplicativeP445" -> "e446"
	"AdditiveP447" [label="AdditiveP"]
	"AdditiveP402" -> "AdditiveP447"
	"e448" [label="e"]
	"AdditiveP447" -> "e448"
	"Statements449" [label="Statements"]
	"Statements375" -> "Statements449"
	"Statement450" [label="Statement"]
	"Statements449" -> "Statement450"
	"Assignment451" [label="Assignment"]
	"Statement450" -> "Assignment451"
	"m452" [label="m",style=filled,fillcolor=powderblue]
	"Assignment451" -> "m452"
	"[453" [label="[",style=filled,fillcolor=powderblue]
	"Assignment451" -> "[453"
	"Additive454" [label="Additive"]
	"Assignment451" -> "Additive454"
	"Multiplicative455" [label="Multiplicative"]
	"Additive454" -> "Multiplicative455"
	"Exponential456" [label="Exponential"]
	"Multiplicative455" -> "Exponential456"
	"Factor457" [label="Factor"]
	"Exponential456" -> "Factor457"
	"num458" [label="num",style=filled,fillcolor=powderblue]
	"Factor457" -> "num458"
	"ExponentialP459" [label="ExponentialP"]
	"Exponential456" -> "ExponentialP459"
	"e460" [label="e"]
	"ExponentialP459" -> "e460"
	"MultiplicativeP461" [label="MultiplicativeP"]
	"Multiplicative455" -> "MultiplicativeP461"
	"e462" [label="e"]
	"MultiplicativeP461" -> "e462"
	"AdditiveP463" [label="AdditiveP"]
	"Additive454" -> "AdditiveP463"
	"e464" [label="e"]
	"AdditiveP463" -> "e464"
	"]465" [label="]",style=filled,fillcolor=powderblue]
	"Assignment451" -> "]465"
	"=466" [label="=",style=filled,fillcolor=powderblue]
	"Assignment451" -> "=466"
	"Additive467" [label="Additive"]
	"Assignment451" -> "Additive467"
	"Multiplicative468" [label="Multiplicative"]
	"Additive467" -> "Multiplicative468"
	"Exponential469" [label="Exponential"]
	"Multiplicative468" -> "Exponential469"
	"Factor470" [label="Factor"]
	"Exponential469" -> "Factor470"
	"num471" [label="num",style=filled,fillcolor=powderblue]
	"Factor470" -> "num471"
	"ExponentialP472" [label="ExponentialP"]
	"Exponential469" -> "ExponentialP472"
	"e473" [label="e"]
	"ExponentialP472" -> "e473"
	"MultiplicativeP474" [label="MultiplicativeP"]
	"Multiplicative468" -> "MultiplicativeP474"
	"/475" [label="/",style=filled,fillcolor=powderblue]
	"MultiplicativeP474" -> "/475"
	"Exponential476" [label="Exponential"]
	"MultiplicativeP474" -> "Exponential476"
	"Factor477" [label="Factor"]
	"Exponential476" -> "Factor477"
	"num478" [label="num",style=filled,fillcolor=powderblue]
	"Factor477" -> "num478"
	"ExponentialP479" [label="ExponentialP"]
	"Exponential476" -> "ExponentialP479"
	"e480" [label="e"]
	"ExponentialP479" -> "e480"
	"MultiplicativeP481" [label="MultiplicativeP"]
	"MultiplicativeP474" -> "MultiplicativeP481"
	"*482" [label="*",style=filled,fillcolor=powderblue]
	"MultiplicativeP481" -> "*482"
	"Exponential483" [label="Exponential"]
	"MultiplicativeP481" -> "Exponential483"
	"Factor484" [label="Factor"]
	"Exponential483" -> "Factor484"
	"num485" [label="num",style=filled,fillcolor=powderblue]
	"Factor484" -> "num485"
	"ExponentialP486" [label="ExponentialP"]
	"Exponential483" -> "ExponentialP486"
	"e487" [label="e"]
	"ExponentialP486" -> "e487"
	"MultiplicativeP488" [label="MultiplicativeP"]
	"MultiplicativeP481" -> "MultiplicativeP488"
	"e489" [label="e"]
	"MultiplicativeP488" -> "e489"
	"AdditiveP490" [label="AdditiveP"]
	"Additive467" -> "AdditiveP490"
	"e491" [label="e"]
	"AdditiveP490" -> "e491"
	"Statements492" [label="Statements"]
	"Statements449" -> "Statements492"
	"e493" [label="e"]
	"Statements492" -> "e493"
};
