digraph G {
	"Start1" [label="Start"]
	"Statements2" [label="Statements"]
	"Start1" -> "Statements2"
	"Statement3" [label="Statement"]
	"Statements2" -> "Statement3"
	"Assignment4" [label="Assignment"]
	"Statement3" -> "Assignment4"
	"m5" [label="m",style=filled,fillcolor=powderblue]
	"Assignment4" -> "m5"
	"[6" [label="[",style=filled,fillcolor=powderblue]
	"Assignment4" -> "[6"
	"Expression7" [label="Expression"]
	"Assignment4" -> "Expression7"
	"Term8" [label="Term"]
	"Expression7" -> "Term8"
	"G9" [label="G"]
	"Term8" -> "G9"
	"F10" [label="F"]
	"G9" -> "F10"
	"num11" [label="num",style=filled,fillcolor=powderblue]
	"F10" -> "num11"
	"G'12" [label="G'"]
	"G9" -> "G'12"
	"e13" [label="e"]
	"G'12" -> "e13"
	"Term'14" [label="Term'"]
	"Term8" -> "Term'14"
	"e15" [label="e"]
	"Term'14" -> "e15"
	"Expression'16" [label="Expression'"]
	"Expression7" -> "Expression'16"
	"e17" [label="e"]
	"Expression'16" -> "e17"
	"]18" [label="]",style=filled,fillcolor=powderblue]
	"Assignment4" -> "]18"
	"=19" [label="=",style=filled,fillcolor=powderblue]
	"Assignment4" -> "=19"
	"Expression20" [label="Expression"]
	"Assignment4" -> "Expression20"
	"Term21" [label="Term"]
	"Expression20" -> "Term21"
	"G22" [label="G"]
	"Term21" -> "G22"
	"F23" [label="F"]
	"G22" -> "F23"
	"m24" [label="m",style=filled,fillcolor=powderblue]
	"F23" -> "m24"
	"[25" [label="[",style=filled,fillcolor=powderblue]
	"F23" -> "[25"
	"Expression26" [label="Expression"]
	"F23" -> "Expression26"
	"Term27" [label="Term"]
	"Expression26" -> "Term27"
	"G28" [label="G"]
	"Term27" -> "G28"
	"F29" [label="F"]
	"G28" -> "F29"
	"num30" [label="num",style=filled,fillcolor=powderblue]
	"F29" -> "num30"
	"G'31" [label="G'"]
	"G28" -> "G'31"
	"e32" [label="e"]
	"G'31" -> "e32"
	"Term'33" [label="Term'"]
	"Term27" -> "Term'33"
	"e34" [label="e"]
	"Term'33" -> "e34"
	"Expression'35" [label="Expression'"]
	"Expression26" -> "Expression'35"
	"e36" [label="e"]
	"Expression'35" -> "e36"
	"]37" [label="]",style=filled,fillcolor=powderblue]
	"F23" -> "]37"
	"G'38" [label="G'"]
	"G22" -> "G'38"
	"e39" [label="e"]
	"G'38" -> "e39"
	"Term'40" [label="Term'"]
	"Term21" -> "Term'40"
	"e41" [label="e"]
	"Term'40" -> "e41"
	"Expression'42" [label="Expression'"]
	"Expression20" -> "Expression'42"
	"-43" [label="-",style=filled,fillcolor=powderblue]
	"Expression'42" -> "-43"
	"Term44" [label="Term"]
	"Expression'42" -> "Term44"
	"G45" [label="G"]
	"Term44" -> "G45"
	"F46" [label="F"]
	"G45" -> "F46"
	"num47" [label="num",style=filled,fillcolor=powderblue]
	"F46" -> "num47"
	"G'48" [label="G'"]
	"G45" -> "G'48"
	"e49" [label="e"]
	"G'48" -> "e49"
	"Term'50" [label="Term'"]
	"Term44" -> "Term'50"
	"e51" [label="e"]
	"Term'50" -> "e51"
	"Expression'52" [label="Expression'"]
	"Expression'42" -> "Expression'52"
	"e53" [label="e"]
	"Expression'52" -> "e53"
	"Statements'54" [label="Statements'"]
	"Statements2" -> "Statements'54"
	"Statement55" [label="Statement"]
	"Statements'54" -> "Statement55"
	"Assignment56" [label="Assignment"]
	"Statement55" -> "Assignment56"
	"m57" [label="m",style=filled,fillcolor=powderblue]
	"Assignment56" -> "m57"
	"[58" [label="[",style=filled,fillcolor=powderblue]
	"Assignment56" -> "[58"
	"Expression59" [label="Expression"]
	"Assignment56" -> "Expression59"
	"Term60" [label="Term"]
	"Expression59" -> "Term60"
	"G61" [label="G"]
	"Term60" -> "G61"
	"F62" [label="F"]
	"G61" -> "F62"
	"num63" [label="num",style=filled,fillcolor=powderblue]
	"F62" -> "num63"
	"G'64" [label="G'"]
	"G61" -> "G'64"
	"e65" [label="e"]
	"G'64" -> "e65"
	"Term'66" [label="Term'"]
	"Term60" -> "Term'66"
	"e67" [label="e"]
	"Term'66" -> "e67"
	"Expression'68" [label="Expression'"]
	"Expression59" -> "Expression'68"
	"e69" [label="e"]
	"Expression'68" -> "e69"
	"]70" [label="]",style=filled,fillcolor=powderblue]
	"Assignment56" -> "]70"
	"=71" [label="=",style=filled,fillcolor=powderblue]
	"Assignment56" -> "=71"
	"Expression72" [label="Expression"]
	"Assignment56" -> "Expression72"
	"Term73" [label="Term"]
	"Expression72" -> "Term73"
	"G74" [label="G"]
	"Term73" -> "G74"
	"F75" [label="F"]
	"G74" -> "F75"
	"num76" [label="num",style=filled,fillcolor=powderblue]
	"F75" -> "num76"
	"G'77" [label="G'"]
	"G74" -> "G'77"
	"e78" [label="e"]
	"G'77" -> "e78"
	"Term'79" [label="Term'"]
	"Term73" -> "Term'79"
	"/80" [label="/",style=filled,fillcolor=powderblue]
	"Term'79" -> "/80"
	"G81" [label="G"]
	"Term'79" -> "G81"
	"F82" [label="F"]
	"G81" -> "F82"
	"num83" [label="num",style=filled,fillcolor=powderblue]
	"F82" -> "num83"
	"G'84" [label="G'"]
	"G81" -> "G'84"
	"e85" [label="e"]
	"G'84" -> "e85"
	"Term'86" [label="Term'"]
	"Term'79" -> "Term'86"
	"*87" [label="*",style=filled,fillcolor=powderblue]
	"Term'86" -> "*87"
	"G88" [label="G"]
	"Term'86" -> "G88"
	"F89" [label="F"]
	"G88" -> "F89"
	"num90" [label="num",style=filled,fillcolor=powderblue]
	"F89" -> "num90"
	"G'91" [label="G'"]
	"G88" -> "G'91"
	"e92" [label="e"]
	"G'91" -> "e92"
	"Term'93" [label="Term'"]
	"Term'86" -> "Term'93"
	"e94" [label="e"]
	"Term'93" -> "e94"
	"Expression'95" [label="Expression'"]
	"Expression72" -> "Expression'95"
	"e96" [label="e"]
	"Expression'95" -> "e96"
	"Statements'97" [label="Statements'"]
	"Statements'54" -> "Statements'97"
	"Statement98" [label="Statement"]
	"Statements'97" -> "Statement98"
	"Assignment99" [label="Assignment"]
	"Statement98" -> "Assignment99"
	"m100" [label="m",style=filled,fillcolor=powderblue]
	"Assignment99" -> "m100"
	"[101" [label="[",style=filled,fillcolor=powderblue]
	"Assignment99" -> "[101"
	"Expression102" [label="Expression"]
	"Assignment99" -> "Expression102"
	"Term103" [label="Term"]
	"Expression102" -> "Term103"
	"G104" [label="G"]
	"Term103" -> "G104"
	"F105" [label="F"]
	"G104" -> "F105"
	"num106" [label="num",style=filled,fillcolor=powderblue]
	"F105" -> "num106"
	"G'107" [label="G'"]
	"G104" -> "G'107"
	"e108" [label="e"]
	"G'107" -> "e108"
	"Term'109" [label="Term'"]
	"Term103" -> "Term'109"
	"e110" [label="e"]
	"Term'109" -> "e110"
	"Expression'111" [label="Expression'"]
	"Expression102" -> "Expression'111"
	"e112" [label="e"]
	"Expression'111" -> "e112"
	"]113" [label="]",style=filled,fillcolor=powderblue]
	"Assignment99" -> "]113"
	"=114" [label="=",style=filled,fillcolor=powderblue]
	"Assignment99" -> "=114"
	"Expression115" [label="Expression"]
	"Assignment99" -> "Expression115"
	"Term116" [label="Term"]
	"Expression115" -> "Term116"
	"G117" [label="G"]
	"Term116" -> "G117"
	"F118" [label="F"]
	"G117" -> "F118"
	"num119" [label="num",style=filled,fillcolor=powderblue]
	"F118" -> "num119"
	"G'120" [label="G'"]
	"G117" -> "G'120"
	"e121" [label="e"]
	"G'120" -> "e121"
	"Term'122" [label="Term'"]
	"Term116" -> "Term'122"
	"e123" [label="e"]
	"Term'122" -> "e123"
	"Expression'124" [label="Expression'"]
	"Expression115" -> "Expression'124"
	"+125" [label="+",style=filled,fillcolor=powderblue]
	"Expression'124" -> "+125"
	"Term126" [label="Term"]
	"Expression'124" -> "Term126"
	"G127" [label="G"]
	"Term126" -> "G127"
	"F128" [label="F"]
	"G127" -> "F128"
	"num129" [label="num",style=filled,fillcolor=powderblue]
	"F128" -> "num129"
	"G'130" [label="G'"]
	"G127" -> "G'130"
	"e131" [label="e"]
	"G'130" -> "e131"
	"Term'132" [label="Term'"]
	"Term126" -> "Term'132"
	"e133" [label="e"]
	"Term'132" -> "e133"
	"Expression'134" [label="Expression'"]
	"Expression'124" -> "Expression'134"
	"e135" [label="e"]
	"Expression'134" -> "e135"
	"Statements'136" [label="Statements'"]
	"Statements'97" -> "Statements'136"
	"Statement137" [label="Statement"]
	"Statements'136" -> "Statement137"
	"Assignment138" [label="Assignment"]
	"Statement137" -> "Assignment138"
	"m139" [label="m",style=filled,fillcolor=powderblue]
	"Assignment138" -> "m139"
	"[140" [label="[",style=filled,fillcolor=powderblue]
	"Assignment138" -> "[140"
	"Expression141" [label="Expression"]
	"Assignment138" -> "Expression141"
	"Term142" [label="Term"]
	"Expression141" -> "Term142"
	"G143" [label="G"]
	"Term142" -> "G143"
	"F144" [label="F"]
	"G143" -> "F144"
	"num145" [label="num",style=filled,fillcolor=powderblue]
	"F144" -> "num145"
	"G'146" [label="G'"]
	"G143" -> "G'146"
	"e147" [label="e"]
	"G'146" -> "e147"
	"Term'148" [label="Term'"]
	"Term142" -> "Term'148"
	"e149" [label="e"]
	"Term'148" -> "e149"
	"Expression'150" [label="Expression'"]
	"Expression141" -> "Expression'150"
	"e151" [label="e"]
	"Expression'150" -> "e151"
	"]152" [label="]",style=filled,fillcolor=powderblue]
	"Assignment138" -> "]152"
	"=153" [label="=",style=filled,fillcolor=powderblue]
	"Assignment138" -> "=153"
	"Expression154" [label="Expression"]
	"Assignment138" -> "Expression154"
	"Term155" [label="Term"]
	"Expression154" -> "Term155"
	"G156" [label="G"]
	"Term155" -> "G156"
	"F157" [label="F"]
	"G156" -> "F157"
	"num158" [label="num",style=filled,fillcolor=powderblue]
	"F157" -> "num158"
	"G'159" [label="G'"]
	"G156" -> "G'159"
	"e160" [label="e"]
	"G'159" -> "e160"
	"Term'161" [label="Term'"]
	"Term155" -> "Term'161"
	"e162" [label="e"]
	"Term'161" -> "e162"
	"Expression'163" [label="Expression'"]
	"Expression154" -> "Expression'163"
	"-164" [label="-",style=filled,fillcolor=powderblue]
	"Expression'163" -> "-164"
	"Term165" [label="Term"]
	"Expression'163" -> "Term165"
	"G166" [label="G"]
	"Term165" -> "G166"
	"F167" [label="F"]
	"G166" -> "F167"
	"(168" [label="(",style=filled,fillcolor=powderblue]
	"F167" -> "(168"
	"Expression169" [label="Expression"]
	"F167" -> "Expression169"
	"Term170" [label="Term"]
	"Expression169" -> "Term170"
	"G171" [label="G"]
	"Term170" -> "G171"
	"F172" [label="F"]
	"G171" -> "F172"
	"m173" [label="m",style=filled,fillcolor=powderblue]
	"F172" -> "m173"
	"[174" [label="[",style=filled,fillcolor=powderblue]
	"F172" -> "[174"
	"Expression175" [label="Expression"]
	"F172" -> "Expression175"
	"Term176" [label="Term"]
	"Expression175" -> "Term176"
	"G177" [label="G"]
	"Term176" -> "G177"
	"F178" [label="F"]
	"G177" -> "F178"
	"num179" [label="num",style=filled,fillcolor=powderblue]
	"F178" -> "num179"
	"G'180" [label="G'"]
	"G177" -> "G'180"
	"e181" [label="e"]
	"G'180" -> "e181"
	"Term'182" [label="Term'"]
	"Term176" -> "Term'182"
	"e183" [label="e"]
	"Term'182" -> "e183"
	"Expression'184" [label="Expression'"]
	"Expression175" -> "Expression'184"
	"e185" [label="e"]
	"Expression'184" -> "e185"
	"]186" [label="]",style=filled,fillcolor=powderblue]
	"F172" -> "]186"
	"G'187" [label="G'"]
	"G171" -> "G'187"
	"e188" [label="e"]
	"G'187" -> "e188"
	"Term'189" [label="Term'"]
	"Term170" -> "Term'189"
	"e190" [label="e"]
	"Term'189" -> "e190"
	"Expression'191" [label="Expression'"]
	"Expression169" -> "Expression'191"
	"-192" [label="-",style=filled,fillcolor=powderblue]
	"Expression'191" -> "-192"
	"Term193" [label="Term"]
	"Expression'191" -> "Term193"
	"G194" [label="G"]
	"Term193" -> "G194"
	"F195" [label="F"]
	"G194" -> "F195"
	"num196" [label="num",style=filled,fillcolor=powderblue]
	"F195" -> "num196"
	"G'197" [label="G'"]
	"G194" -> "G'197"
	"e198" [label="e"]
	"G'197" -> "e198"
	"Term'199" [label="Term'"]
	"Term193" -> "Term'199"
	"e200" [label="e"]
	"Term'199" -> "e200"
	"Expression'201" [label="Expression'"]
	"Expression'191" -> "Expression'201"
	"e202" [label="e"]
	"Expression'201" -> "e202"
	")203" [label=")",style=filled,fillcolor=powderblue]
	"F167" -> ")203"
	"G'204" [label="G'"]
	"G166" -> "G'204"
	"e205" [label="e"]
	"G'204" -> "e205"
	"Term'206" [label="Term'"]
	"Term165" -> "Term'206"
	"e207" [label="e"]
	"Term'206" -> "e207"
	"Expression'208" [label="Expression'"]
	"Expression'163" -> "Expression'208"
	"e209" [label="e"]
	"Expression'208" -> "e209"
	"Statements'210" [label="Statements'"]
	"Statements'136" -> "Statements'210"
	"Statement211" [label="Statement"]
	"Statements'210" -> "Statement211"
	"Assignment212" [label="Assignment"]
	"Statement211" -> "Assignment212"
	"m213" [label="m",style=filled,fillcolor=powderblue]
	"Assignment212" -> "m213"
	"[214" [label="[",style=filled,fillcolor=powderblue]
	"Assignment212" -> "[214"
	"Expression215" [label="Expression"]
	"Assignment212" -> "Expression215"
	"Term216" [label="Term"]
	"Expression215" -> "Term216"
	"G217" [label="G"]
	"Term216" -> "G217"
	"F218" [label="F"]
	"G217" -> "F218"
	"num219" [label="num",style=filled,fillcolor=powderblue]
	"F218" -> "num219"
	"G'220" [label="G'"]
	"G217" -> "G'220"
	"e221" [label="e"]
	"G'220" -> "e221"
	"Term'222" [label="Term'"]
	"Term216" -> "Term'222"
	"e223" [label="e"]
	"Term'222" -> "e223"
	"Expression'224" [label="Expression'"]
	"Expression215" -> "Expression'224"
	"e225" [label="e"]
	"Expression'224" -> "e225"
	"]226" [label="]",style=filled,fillcolor=powderblue]
	"Assignment212" -> "]226"
	"=227" [label="=",style=filled,fillcolor=powderblue]
	"Assignment212" -> "=227"
	"Expression228" [label="Expression"]
	"Assignment212" -> "Expression228"
	"Term229" [label="Term"]
	"Expression228" -> "Term229"
	"G230" [label="G"]
	"Term229" -> "G230"
	"F231" [label="F"]
	"G230" -> "F231"
	"num232" [label="num",style=filled,fillcolor=powderblue]
	"F231" -> "num232"
	"G'233" [label="G'"]
	"G230" -> "G'233"
	"e234" [label="e"]
	"G'233" -> "e234"
	"Term'235" [label="Term'"]
	"Term229" -> "Term'235"
	"/236" [label="/",style=filled,fillcolor=powderblue]
	"Term'235" -> "/236"
	"G237" [label="G"]
	"Term'235" -> "G237"
	"F238" [label="F"]
	"G237" -> "F238"
	"num239" [label="num",style=filled,fillcolor=powderblue]
	"F238" -> "num239"
	"G'240" [label="G'"]
	"G237" -> "G'240"
	"e241" [label="e"]
	"G'240" -> "e241"
	"Term'242" [label="Term'"]
	"Term'235" -> "Term'242"
	"*243" [label="*",style=filled,fillcolor=powderblue]
	"Term'242" -> "*243"
	"G244" [label="G"]
	"Term'242" -> "G244"
	"F245" [label="F"]
	"G244" -> "F245"
	"num246" [label="num",style=filled,fillcolor=powderblue]
	"F245" -> "num246"
	"G'247" [label="G'"]
	"G244" -> "G'247"
	"e248" [label="e"]
	"G'247" -> "e248"
	"Term'249" [label="Term'"]
	"Term'242" -> "Term'249"
	"e250" [label="e"]
	"Term'249" -> "e250"
	"Expression'251" [label="Expression'"]
	"Expression228" -> "Expression'251"
	"e252" [label="e"]
	"Expression'251" -> "e252"
	"Statements'253" [label="Statements'"]
	"Statements'210" -> "Statements'253"
	"Statement254" [label="Statement"]
	"Statements'253" -> "Statement254"
	"Assignment255" [label="Assignment"]
	"Statement254" -> "Assignment255"
	"m256" [label="m",style=filled,fillcolor=powderblue]
	"Assignment255" -> "m256"
	"[257" [label="[",style=filled,fillcolor=powderblue]
	"Assignment255" -> "[257"
	"Expression258" [label="Expression"]
	"Assignment255" -> "Expression258"
	"Term259" [label="Term"]
	"Expression258" -> "Term259"
	"G260" [label="G"]
	"Term259" -> "G260"
	"F261" [label="F"]
	"G260" -> "F261"
	"num262" [label="num",style=filled,fillcolor=powderblue]
	"F261" -> "num262"
	"G'263" [label="G'"]
	"G260" -> "G'263"
	"e264" [label="e"]
	"G'263" -> "e264"
	"Term'265" [label="Term'"]
	"Term259" -> "Term'265"
	"e266" [label="e"]
	"Term'265" -> "e266"
	"Expression'267" [label="Expression'"]
	"Expression258" -> "Expression'267"
	"e268" [label="e"]
	"Expression'267" -> "e268"
	"]269" [label="]",style=filled,fillcolor=powderblue]
	"Assignment255" -> "]269"
	"=270" [label="=",style=filled,fillcolor=powderblue]
	"Assignment255" -> "=270"
	"Expression271" [label="Expression"]
	"Assignment255" -> "Expression271"
	"Term272" [label="Term"]
	"Expression271" -> "Term272"
	"G273" [label="G"]
	"Term272" -> "G273"
	"F274" [label="F"]
	"G273" -> "F274"
	"num275" [label="num",style=filled,fillcolor=powderblue]
	"F274" -> "num275"
	"G'276" [label="G'"]
	"G273" -> "G'276"
	"e277" [label="e"]
	"G'276" -> "e277"
	"Term'278" [label="Term'"]
	"Term272" -> "Term'278"
	"e279" [label="e"]
	"Term'278" -> "e279"
	"Expression'280" [label="Expression'"]
	"Expression271" -> "Expression'280"
	"+281" [label="+",style=filled,fillcolor=powderblue]
	"Expression'280" -> "+281"
	"Term282" [label="Term"]
	"Expression'280" -> "Term282"
	"G283" [label="G"]
	"Term282" -> "G283"
	"F284" [label="F"]
	"G283" -> "F284"
	"m285" [label="m",style=filled,fillcolor=powderblue]
	"F284" -> "m285"
	"[286" [label="[",style=filled,fillcolor=powderblue]
	"F284" -> "[286"
	"Expression287" [label="Expression"]
	"F284" -> "Expression287"
	"Term288" [label="Term"]
	"Expression287" -> "Term288"
	"G289" [label="G"]
	"Term288" -> "G289"
	"F290" [label="F"]
	"G289" -> "F290"
	"num291" [label="num",style=filled,fillcolor=powderblue]
	"F290" -> "num291"
	"G'292" [label="G'"]
	"G289" -> "G'292"
	"e293" [label="e"]
	"G'292" -> "e293"
	"Term'294" [label="Term'"]
	"Term288" -> "Term'294"
	"e295" [label="e"]
	"Term'294" -> "e295"
	"Expression'296" [label="Expression'"]
	"Expression287" -> "Expression'296"
	"e297" [label="e"]
	"Expression'296" -> "e297"
	"]298" [label="]",style=filled,fillcolor=powderblue]
	"F284" -> "]298"
	"G'299" [label="G'"]
	"G283" -> "G'299"
	"e300" [label="e"]
	"G'299" -> "e300"
	"Term'301" [label="Term'"]
	"Term282" -> "Term'301"
	"e302" [label="e"]
	"Term'301" -> "e302"
	"Expression'303" [label="Expression'"]
	"Expression'280" -> "Expression'303"
	"e304" [label="e"]
	"Expression'303" -> "e304"
	"Statements'305" [label="Statements'"]
	"Statements'253" -> "Statements'305"
	"Statement306" [label="Statement"]
	"Statements'305" -> "Statement306"
	"Assignment307" [label="Assignment"]
	"Statement306" -> "Assignment307"
	"m308" [label="m",style=filled,fillcolor=powderblue]
	"Assignment307" -> "m308"
	"[309" [label="[",style=filled,fillcolor=powderblue]
	"Assignment307" -> "[309"
	"Expression310" [label="Expression"]
	"Assignment307" -> "Expression310"
	"Term311" [label="Term"]
	"Expression310" -> "Term311"
	"G312" [label="G"]
	"Term311" -> "G312"
	"F313" [label="F"]
	"G312" -> "F313"
	"num314" [label="num",style=filled,fillcolor=powderblue]
	"F313" -> "num314"
	"G'315" [label="G'"]
	"G312" -> "G'315"
	"e316" [label="e"]
	"G'315" -> "e316"
	"Term'317" [label="Term'"]
	"Term311" -> "Term'317"
	"e318" [label="e"]
	"Term'317" -> "e318"
	"Expression'319" [label="Expression'"]
	"Expression310" -> "Expression'319"
	"e320" [label="e"]
	"Expression'319" -> "e320"
	"]321" [label="]",style=filled,fillcolor=powderblue]
	"Assignment307" -> "]321"
	"=322" [label="=",style=filled,fillcolor=powderblue]
	"Assignment307" -> "=322"
	"Expression323" [label="Expression"]
	"Assignment307" -> "Expression323"
	"Term324" [label="Term"]
	"Expression323" -> "Term324"
	"G325" [label="G"]
	"Term324" -> "G325"
	"F326" [label="F"]
	"G325" -> "F326"
	"num327" [label="num",style=filled,fillcolor=powderblue]
	"F326" -> "num327"
	"G'328" [label="G'"]
	"G325" -> "G'328"
	"e329" [label="e"]
	"G'328" -> "e329"
	"Term'330" [label="Term'"]
	"Term324" -> "Term'330"
	"e331" [label="e"]
	"Term'330" -> "e331"
	"Expression'332" [label="Expression'"]
	"Expression323" -> "Expression'332"
	"-333" [label="-",style=filled,fillcolor=powderblue]
	"Expression'332" -> "-333"
	"Term334" [label="Term"]
	"Expression'332" -> "Term334"
	"G335" [label="G"]
	"Term334" -> "G335"
	"F336" [label="F"]
	"G335" -> "F336"
	"m337" [label="m",style=filled,fillcolor=powderblue]
	"F336" -> "m337"
	"[338" [label="[",style=filled,fillcolor=powderblue]
	"F336" -> "[338"
	"Expression339" [label="Expression"]
	"F336" -> "Expression339"
	"Term340" [label="Term"]
	"Expression339" -> "Term340"
	"G341" [label="G"]
	"Term340" -> "G341"
	"F342" [label="F"]
	"G341" -> "F342"
	"num343" [label="num",style=filled,fillcolor=powderblue]
	"F342" -> "num343"
	"G'344" [label="G'"]
	"G341" -> "G'344"
	"e345" [label="e"]
	"G'344" -> "e345"
	"Term'346" [label="Term'"]
	"Term340" -> "Term'346"
	"e347" [label="e"]
	"Term'346" -> "e347"
	"Expression'348" [label="Expression'"]
	"Expression339" -> "Expression'348"
	"-349" [label="-",style=filled,fillcolor=powderblue]
	"Expression'348" -> "-349"
	"Term350" [label="Term"]
	"Expression'348" -> "Term350"
	"G351" [label="G"]
	"Term350" -> "G351"
	"F352" [label="F"]
	"G351" -> "F352"
	"num353" [label="num",style=filled,fillcolor=powderblue]
	"F352" -> "num353"
	"G'354" [label="G'"]
	"G351" -> "G'354"
	"e355" [label="e"]
	"G'354" -> "e355"
	"Term'356" [label="Term'"]
	"Term350" -> "Term'356"
	"e357" [label="e"]
	"Term'356" -> "e357"
	"Expression'358" [label="Expression'"]
	"Expression'348" -> "Expression'358"
	"e359" [label="e"]
	"Expression'358" -> "e359"
	"]360" [label="]",style=filled,fillcolor=powderblue]
	"F336" -> "]360"
	"G'361" [label="G'"]
	"G335" -> "G'361"
	"e362" [label="e"]
	"G'361" -> "e362"
	"Term'363" [label="Term'"]
	"Term334" -> "Term'363"
	"e364" [label="e"]
	"Term'363" -> "e364"
	"Expression'365" [label="Expression'"]
	"Expression'332" -> "Expression'365"
	"e366" [label="e"]
	"Expression'365" -> "e366"
	"Statements'367" [label="Statements'"]
	"Statements'305" -> "Statements'367"
	"e368" [label="e"]
	"Statements'367" -> "e368"
};
