digraph G {
	"Start1" [label="Start"]
	"Statements2" [label="Statements"]
	"Start1" -> "Statements2"
	"Statement3" [label="Statement"]
	"Statements2" -> "Statement3"
	"Assignment4" [label="Assignment"]
	"Statement3" -> "Assignment4"
	"m5" [label="m",style=filled,fillcolor=powderblue]
	"Assignment4" -> "m5"
	"[6" [label="[",style=filled,fillcolor=powderblue]
	"Assignment4" -> "[6"
	"Expression7" [label="Expression"]
	"Assignment4" -> "Expression7"
	"Term8" [label="Term"]
	"Expression7" -> "Term8"
	"G9" [label="G"]
	"Term8" -> "G9"
	"F10" [label="F"]
	"G9" -> "F10"
	"num11" [label="num",style=filled,fillcolor=powderblue]
	"F10" -> "num11"
	"G'12" [label="G'"]
	"G9" -> "G'12"
	"e13" [label="e"]
	"G'12" -> "e13"
	"Term'14" [label="Term'"]
	"Term8" -> "Term'14"
	"e15" [label="e"]
	"Term'14" -> "e15"
	"Expression'16" [label="Expression'"]
	"Expression7" -> "Expression'16"
	"e17" [label="e"]
	"Expression'16" -> "e17"
	"]18" [label="]",style=filled,fillcolor=powderblue]
	"Assignment4" -> "]18"
	"=19" [label="=",style=filled,fillcolor=powderblue]
	"Assignment4" -> "=19"
	"Expression20" [label="Expression"]
	"Assignment4" -> "Expression20"
	"Term21" [label="Term"]
	"Expression20" -> "Term21"
	"G22" [label="G"]
	"Term21" -> "G22"
	"F23" [label="F"]
	"G22" -> "F23"
	"num24" [label="num",style=filled,fillcolor=powderblue]
	"F23" -> "num24"
	"G'25" [label="G'"]
	"G22" -> "G'25"
	"e26" [label="e"]
	"G'25" -> "e26"
	"Term'27" [label="Term'"]
	"Term21" -> "Term'27"
	"e28" [label="e"]
	"Term'27" -> "e28"
	"Expression'29" [label="Expression'"]
	"Expression20" -> "Expression'29"
	"+30" [label="+",style=filled,fillcolor=powderblue]
	"Expression'29" -> "+30"
	"Term31" [label="Term"]
	"Expression'29" -> "Term31"
	"G32" [label="G"]
	"Term31" -> "G32"
	"F33" [label="F"]
	"G32" -> "F33"
	"num34" [label="num",style=filled,fillcolor=powderblue]
	"F33" -> "num34"
	"G'35" [label="G'"]
	"G32" -> "G'35"
	"e36" [label="e"]
	"G'35" -> "e36"
	"Term'37" [label="Term'"]
	"Term31" -> "Term'37"
	"e38" [label="e"]
	"Term'37" -> "e38"
	"Expression'39" [label="Expression'"]
	"Expression'29" -> "Expression'39"
	"e40" [label="e"]
	"Expression'39" -> "e40"
	"Statements'41" [label="Statements'"]
	"Statements2" -> "Statements'41"
	"Statement42" [label="Statement"]
	"Statements'41" -> "Statement42"
	"Assignment43" [label="Assignment"]
	"Statement42" -> "Assignment43"
	"m44" [label="m",style=filled,fillcolor=powderblue]
	"Assignment43" -> "m44"
	"[45" [label="[",style=filled,fillcolor=powderblue]
	"Assignment43" -> "[45"
	"Expression46" [label="Expression"]
	"Assignment43" -> "Expression46"
	"Term47" [label="Term"]
	"Expression46" -> "Term47"
	"G48" [label="G"]
	"Term47" -> "G48"
	"F49" [label="F"]
	"G48" -> "F49"
	"num50" [label="num",style=filled,fillcolor=powderblue]
	"F49" -> "num50"
	"G'51" [label="G'"]
	"G48" -> "G'51"
	"e52" [label="e"]
	"G'51" -> "e52"
	"Term'53" [label="Term'"]
	"Term47" -> "Term'53"
	"e54" [label="e"]
	"Term'53" -> "e54"
	"Expression'55" [label="Expression'"]
	"Expression46" -> "Expression'55"
	"e56" [label="e"]
	"Expression'55" -> "e56"
	"]57" [label="]",style=filled,fillcolor=powderblue]
	"Assignment43" -> "]57"
	"=58" [label="=",style=filled,fillcolor=powderblue]
	"Assignment43" -> "=58"
	"Expression59" [label="Expression"]
	"Assignment43" -> "Expression59"
	"Term60" [label="Term"]
	"Expression59" -> "Term60"
	"G61" [label="G"]
	"Term60" -> "G61"
	"F62" [label="F"]
	"G61" -> "F62"
	"num63" [label="num",style=filled,fillcolor=powderblue]
	"F62" -> "num63"
	"G'64" [label="G'"]
	"G61" -> "G'64"
	"e65" [label="e"]
	"G'64" -> "e65"
	"Term'66" [label="Term'"]
	"Term60" -> "Term'66"
	"e67" [label="e"]
	"Term'66" -> "e67"
	"Expression'68" [label="Expression'"]
	"Expression59" -> "Expression'68"
	"-69" [label="-",style=filled,fillcolor=powderblue]
	"Expression'68" -> "-69"
	"Term70" [label="Term"]
	"Expression'68" -> "Term70"
	"G71" [label="G"]
	"Term70" -> "G71"
	"F72" [label="F"]
	"G71" -> "F72"
	"(73" [label="(",style=filled,fillcolor=powderblue]
	"F72" -> "(73"
	"Expression74" [label="Expression"]
	"F72" -> "Expression74"
	"Term75" [label="Term"]
	"Expression74" -> "Term75"
	"G76" [label="G"]
	"Term75" -> "G76"
	"F77" [label="F"]
	"G76" -> "F77"
	"m78" [label="m",style=filled,fillcolor=powderblue]
	"F77" -> "m78"
	"[79" [label="[",style=filled,fillcolor=powderblue]
	"F77" -> "[79"
	"Expression80" [label="Expression"]
	"F77" -> "Expression80"
	"Term81" [label="Term"]
	"Expression80" -> "Term81"
	"G82" [label="G"]
	"Term81" -> "G82"
	"F83" [label="F"]
	"G82" -> "F83"
	"num84" [label="num",style=filled,fillcolor=powderblue]
	"F83" -> "num84"
	"G'85" [label="G'"]
	"G82" -> "G'85"
	"e86" [label="e"]
	"G'85" -> "e86"
	"Term'87" [label="Term'"]
	"Term81" -> "Term'87"
	"e88" [label="e"]
	"Term'87" -> "e88"
	"Expression'89" [label="Expression'"]
	"Expression80" -> "Expression'89"
	"e90" [label="e"]
	"Expression'89" -> "e90"
	"]91" [label="]",style=filled,fillcolor=powderblue]
	"F77" -> "]91"
	"G'92" [label="G'"]
	"G76" -> "G'92"
	"e93" [label="e"]
	"G'92" -> "e93"
	"Term'94" [label="Term'"]
	"Term75" -> "Term'94"
	"e95" [label="e"]
	"Term'94" -> "e95"
	"Expression'96" [label="Expression'"]
	"Expression74" -> "Expression'96"
	"-97" [label="-",style=filled,fillcolor=powderblue]
	"Expression'96" -> "-97"
	"Term98" [label="Term"]
	"Expression'96" -> "Term98"
	"G99" [label="G"]
	"Term98" -> "G99"
	"F100" [label="F"]
	"G99" -> "F100"
	"num101" [label="num",style=filled,fillcolor=powderblue]
	"F100" -> "num101"
	"G'102" [label="G'"]
	"G99" -> "G'102"
	"e103" [label="e"]
	"G'102" -> "e103"
	"Term'104" [label="Term'"]
	"Term98" -> "Term'104"
	"e105" [label="e"]
	"Term'104" -> "e105"
	"Expression'106" [label="Expression'"]
	"Expression'96" -> "Expression'106"
	"e107" [label="e"]
	"Expression'106" -> "e107"
	")108" [label=")",style=filled,fillcolor=powderblue]
	"F72" -> ")108"
	"G'109" [label="G'"]
	"G71" -> "G'109"
	"e110" [label="e"]
	"G'109" -> "e110"
	"Term'111" [label="Term'"]
	"Term70" -> "Term'111"
	"e112" [label="e"]
	"Term'111" -> "e112"
	"Expression'113" [label="Expression'"]
	"Expression'68" -> "Expression'113"
	"e114" [label="e"]
	"Expression'113" -> "e114"
	"Statements'115" [label="Statements'"]
	"Statements'41" -> "Statements'115"
	"Statement116" [label="Statement"]
	"Statements'115" -> "Statement116"
	"Assignment117" [label="Assignment"]
	"Statement116" -> "Assignment117"
	"m118" [label="m",style=filled,fillcolor=powderblue]
	"Assignment117" -> "m118"
	"[119" [label="[",style=filled,fillcolor=powderblue]
	"Assignment117" -> "[119"
	"Expression120" [label="Expression"]
	"Assignment117" -> "Expression120"
	"Term121" [label="Term"]
	"Expression120" -> "Term121"
	"G122" [label="G"]
	"Term121" -> "G122"
	"F123" [label="F"]
	"G122" -> "F123"
	"num124" [label="num",style=filled,fillcolor=powderblue]
	"F123" -> "num124"
	"G'125" [label="G'"]
	"G122" -> "G'125"
	"e126" [label="e"]
	"G'125" -> "e126"
	"Term'127" [label="Term'"]
	"Term121" -> "Term'127"
	"e128" [label="e"]
	"Term'127" -> "e128"
	"Expression'129" [label="Expression'"]
	"Expression120" -> "Expression'129"
	"e130" [label="e"]
	"Expression'129" -> "e130"
	"]131" [label="]",style=filled,fillcolor=powderblue]
	"Assignment117" -> "]131"
	"=132" [label="=",style=filled,fillcolor=powderblue]
	"Assignment117" -> "=132"
	"Expression133" [label="Expression"]
	"Assignment117" -> "Expression133"
	"Term134" [label="Term"]
	"Expression133" -> "Term134"
	"G135" [label="G"]
	"Term134" -> "G135"
	"F136" [label="F"]
	"G135" -> "F136"
	"num137" [label="num",style=filled,fillcolor=powderblue]
	"F136" -> "num137"
	"G'138" [label="G'"]
	"G135" -> "G'138"
	"e139" [label="e"]
	"G'138" -> "e139"
	"Term'140" [label="Term'"]
	"Term134" -> "Term'140"
	"/141" [label="/",style=filled,fillcolor=powderblue]
	"Term'140" -> "/141"
	"G142" [label="G"]
	"Term'140" -> "G142"
	"F143" [label="F"]
	"G142" -> "F143"
	"num144" [label="num",style=filled,fillcolor=powderblue]
	"F143" -> "num144"
	"G'145" [label="G'"]
	"G142" -> "G'145"
	"e146" [label="e"]
	"G'145" -> "e146"
	"Term'147" [label="Term'"]
	"Term'140" -> "Term'147"
	"*148" [label="*",style=filled,fillcolor=powderblue]
	"Term'147" -> "*148"
	"G149" [label="G"]
	"Term'147" -> "G149"
	"F150" [label="F"]
	"G149" -> "F150"
	"num151" [label="num",style=filled,fillcolor=powderblue]
	"F150" -> "num151"
	"G'152" [label="G'"]
	"G149" -> "G'152"
	"e153" [label="e"]
	"G'152" -> "e153"
	"Term'154" [label="Term'"]
	"Term'147" -> "Term'154"
	"e155" [label="e"]
	"Term'154" -> "e155"
	"Expression'156" [label="Expression'"]
	"Expression133" -> "Expression'156"
	"e157" [label="e"]
	"Expression'156" -> "e157"
	"Statements'158" [label="Statements'"]
	"Statements'115" -> "Statements'158"
	"Statement159" [label="Statement"]
	"Statements'158" -> "Statement159"
	"Assignment160" [label="Assignment"]
	"Statement159" -> "Assignment160"
	"m161" [label="m",style=filled,fillcolor=powderblue]
	"Assignment160" -> "m161"
	"[162" [label="[",style=filled,fillcolor=powderblue]
	"Assignment160" -> "[162"
	"Expression163" [label="Expression"]
	"Assignment160" -> "Expression163"
	"Term164" [label="Term"]
	"Expression163" -> "Term164"
	"G165" [label="G"]
	"Term164" -> "G165"
	"F166" [label="F"]
	"G165" -> "F166"
	"num167" [label="num",style=filled,fillcolor=powderblue]
	"F166" -> "num167"
	"G'168" [label="G'"]
	"G165" -> "G'168"
	"e169" [label="e"]
	"G'168" -> "e169"
	"Term'170" [label="Term'"]
	"Term164" -> "Term'170"
	"e171" [label="e"]
	"Term'170" -> "e171"
	"Expression'172" [label="Expression'"]
	"Expression163" -> "Expression'172"
	"e173" [label="e"]
	"Expression'172" -> "e173"
	"]174" [label="]",style=filled,fillcolor=powderblue]
	"Assignment160" -> "]174"
	"=175" [label="=",style=filled,fillcolor=powderblue]
	"Assignment160" -> "=175"
	"Expression176" [label="Expression"]
	"Assignment160" -> "Expression176"
	"Term177" [label="Term"]
	"Expression176" -> "Term177"
	"G178" [label="G"]
	"Term177" -> "G178"
	"F179" [label="F"]
	"G178" -> "F179"
	"num180" [label="num",style=filled,fillcolor=powderblue]
	"F179" -> "num180"
	"G'181" [label="G'"]
	"G178" -> "G'181"
	"e182" [label="e"]
	"G'181" -> "e182"
	"Term'183" [label="Term'"]
	"Term177" -> "Term'183"
	"e184" [label="e"]
	"Term'183" -> "e184"
	"Expression'185" [label="Expression'"]
	"Expression176" -> "Expression'185"
	"+186" [label="+",style=filled,fillcolor=powderblue]
	"Expression'185" -> "+186"
	"Term187" [label="Term"]
	"Expression'185" -> "Term187"
	"G188" [label="G"]
	"Term187" -> "G188"
	"F189" [label="F"]
	"G188" -> "F189"
	"m190" [label="m",style=filled,fillcolor=powderblue]
	"F189" -> "m190"
	"[191" [label="[",style=filled,fillcolor=powderblue]
	"F189" -> "[191"
	"Expression192" [label="Expression"]
	"F189" -> "Expression192"
	"Term193" [label="Term"]
	"Expression192" -> "Term193"
	"G194" [label="G"]
	"Term193" -> "G194"
	"F195" [label="F"]
	"G194" -> "F195"
	"num196" [label="num",style=filled,fillcolor=powderblue]
	"F195" -> "num196"
	"G'197" [label="G'"]
	"G194" -> "G'197"
	"e198" [label="e"]
	"G'197" -> "e198"
	"Term'199" [label="Term'"]
	"Term193" -> "Term'199"
	"e200" [label="e"]
	"Term'199" -> "e200"
	"Expression'201" [label="Expression'"]
	"Expression192" -> "Expression'201"
	"e202" [label="e"]
	"Expression'201" -> "e202"
	"]203" [label="]",style=filled,fillcolor=powderblue]
	"F189" -> "]203"
	"G'204" [label="G'"]
	"G188" -> "G'204"
	"e205" [label="e"]
	"G'204" -> "e205"
	"Term'206" [label="Term'"]
	"Term187" -> "Term'206"
	"e207" [label="e"]
	"Term'206" -> "e207"
	"Expression'208" [label="Expression'"]
	"Expression'185" -> "Expression'208"
	"e209" [label="e"]
	"Expression'208" -> "e209"
	"Statements'210" [label="Statements'"]
	"Statements'158" -> "Statements'210"
	"Statement211" [label="Statement"]
	"Statements'210" -> "Statement211"
	"Assignment212" [label="Assignment"]
	"Statement211" -> "Assignment212"
	"m213" [label="m",style=filled,fillcolor=powderblue]
	"Assignment212" -> "m213"
	"[214" [label="[",style=filled,fillcolor=powderblue]
	"Assignment212" -> "[214"
	"Expression215" [label="Expression"]
	"Assignment212" -> "Expression215"
	"Term216" [label="Term"]
	"Expression215" -> "Term216"
	"G217" [label="G"]
	"Term216" -> "G217"
	"F218" [label="F"]
	"G217" -> "F218"
	"num219" [label="num",style=filled,fillcolor=powderblue]
	"F218" -> "num219"
	"G'220" [label="G'"]
	"G217" -> "G'220"
	"e221" [label="e"]
	"G'220" -> "e221"
	"Term'222" [label="Term'"]
	"Term216" -> "Term'222"
	"e223" [label="e"]
	"Term'222" -> "e223"
	"Expression'224" [label="Expression'"]
	"Expression215" -> "Expression'224"
	"e225" [label="e"]
	"Expression'224" -> "e225"
	"]226" [label="]",style=filled,fillcolor=powderblue]
	"Assignment212" -> "]226"
	"=227" [label="=",style=filled,fillcolor=powderblue]
	"Assignment212" -> "=227"
	"Expression228" [label="Expression"]
	"Assignment212" -> "Expression228"
	"Term229" [label="Term"]
	"Expression228" -> "Term229"
	"G230" [label="G"]
	"Term229" -> "G230"
	"F231" [label="F"]
	"G230" -> "F231"
	"num232" [label="num",style=filled,fillcolor=powderblue]
	"F231" -> "num232"
	"G'233" [label="G'"]
	"G230" -> "G'233"
	"e234" [label="e"]
	"G'233" -> "e234"
	"Term'235" [label="Term'"]
	"Term229" -> "Term'235"
	"e236" [label="e"]
	"Term'235" -> "e236"
	"Expression'237" [label="Expression'"]
	"Expression228" -> "Expression'237"
	"-238" [label="-",style=filled,fillcolor=powderblue]
	"Expression'237" -> "-238"
	"Term239" [label="Term"]
	"Expression'237" -> "Term239"
	"G240" [label="G"]
	"Term239" -> "G240"
	"F241" [label="F"]
	"G240" -> "F241"
	"m242" [label="m",style=filled,fillcolor=powderblue]
	"F241" -> "m242"
	"[243" [label="[",style=filled,fillcolor=powderblue]
	"F241" -> "[243"
	"Expression244" [label="Expression"]
	"F241" -> "Expression244"
	"Term245" [label="Term"]
	"Expression244" -> "Term245"
	"G246" [label="G"]
	"Term245" -> "G246"
	"F247" [label="F"]
	"G246" -> "F247"
	"num248" [label="num",style=filled,fillcolor=powderblue]
	"F247" -> "num248"
	"G'249" [label="G'"]
	"G246" -> "G'249"
	"**250" [label="**",style=filled,fillcolor=powderblue]
	"G'249" -> "**250"
	"G251" [label="G"]
	"G'249" -> "G251"
	"F252" [label="F"]
	"G251" -> "F252"
	"num253" [label="num",style=filled,fillcolor=powderblue]
	"F252" -> "num253"
	"G'254" [label="G'"]
	"G251" -> "G'254"
	"e255" [label="e"]
	"G'254" -> "e255"
	"Term'256" [label="Term'"]
	"Term245" -> "Term'256"
	"*257" [label="*",style=filled,fillcolor=powderblue]
	"Term'256" -> "*257"
	"G258" [label="G"]
	"Term'256" -> "G258"
	"F259" [label="F"]
	"G258" -> "F259"
	"num260" [label="num",style=filled,fillcolor=powderblue]
	"F259" -> "num260"
	"G'261" [label="G'"]
	"G258" -> "G'261"
	"e262" [label="e"]
	"G'261" -> "e262"
	"Term'263" [label="Term'"]
	"Term'256" -> "Term'263"
	"e264" [label="e"]
	"Term'263" -> "e264"
	"Expression'265" [label="Expression'"]
	"Expression244" -> "Expression'265"
	"-266" [label="-",style=filled,fillcolor=powderblue]
	"Expression'265" -> "-266"
	"Term267" [label="Term"]
	"Expression'265" -> "Term267"
	"G268" [label="G"]
	"Term267" -> "G268"
	"F269" [label="F"]
	"G268" -> "F269"
	"num270" [label="num",style=filled,fillcolor=powderblue]
	"F269" -> "num270"
	"G'271" [label="G'"]
	"G268" -> "G'271"
	"e272" [label="e"]
	"G'271" -> "e272"
	"Term'273" [label="Term'"]
	"Term267" -> "Term'273"
	"e274" [label="e"]
	"Term'273" -> "e274"
	"Expression'275" [label="Expression'"]
	"Expression'265" -> "Expression'275"
	"e276" [label="e"]
	"Expression'275" -> "e276"
	"]277" [label="]",style=filled,fillcolor=powderblue]
	"F241" -> "]277"
	"G'278" [label="G'"]
	"G240" -> "G'278"
	"e279" [label="e"]
	"G'278" -> "e279"
	"Term'280" [label="Term'"]
	"Term239" -> "Term'280"
	"e281" [label="e"]
	"Term'280" -> "e281"
	"Expression'282" [label="Expression'"]
	"Expression'237" -> "Expression'282"
	"-283" [label="-",style=filled,fillcolor=powderblue]
	"Expression'282" -> "-283"
	"Term284" [label="Term"]
	"Expression'282" -> "Term284"
	"G285" [label="G"]
	"Term284" -> "G285"
	"F286" [label="F"]
	"G285" -> "F286"
	"num287" [label="num",style=filled,fillcolor=powderblue]
	"F286" -> "num287"
	"G'288" [label="G'"]
	"G285" -> "G'288"
	"e289" [label="e"]
	"G'288" -> "e289"
	"Term'290" [label="Term'"]
	"Term284" -> "Term'290"
	"e291" [label="e"]
	"Term'290" -> "e291"
	"Expression'292" [label="Expression'"]
	"Expression'282" -> "Expression'292"
	"e293" [label="e"]
	"Expression'292" -> "e293"
	"Statements'294" [label="Statements'"]
	"Statements'210" -> "Statements'294"
	"Statement295" [label="Statement"]
	"Statements'294" -> "Statement295"
	"Label296" [label="Label"]
	"Statement295" -> "Label296"
	"L297" [label="L",style=filled,fillcolor=powderblue]
	"Label296" -> "L297"
	"num298" [label="num",style=filled,fillcolor=powderblue]
	"Label296" -> "num298"
	":299" [label=":",style=filled,fillcolor=powderblue]
	"Label296" -> ":299"
	"Statements'300" [label="Statements'"]
	"Statements'294" -> "Statements'300"
	"Statement301" [label="Statement"]
	"Statements'300" -> "Statement301"
	"Assignment302" [label="Assignment"]
	"Statement301" -> "Assignment302"
	"m303" [label="m",style=filled,fillcolor=powderblue]
	"Assignment302" -> "m303"
	"[304" [label="[",style=filled,fillcolor=powderblue]
	"Assignment302" -> "[304"
	"Expression305" [label="Expression"]
	"Assignment302" -> "Expression305"
	"Term306" [label="Term"]
	"Expression305" -> "Term306"
	"G307" [label="G"]
	"Term306" -> "G307"
	"F308" [label="F"]
	"G307" -> "F308"
	"num309" [label="num",style=filled,fillcolor=powderblue]
	"F308" -> "num309"
	"G'310" [label="G'"]
	"G307" -> "G'310"
	"e311" [label="e"]
	"G'310" -> "e311"
	"Term'312" [label="Term'"]
	"Term306" -> "Term'312"
	"e313" [label="e"]
	"Term'312" -> "e313"
	"Expression'314" [label="Expression'"]
	"Expression305" -> "Expression'314"
	"e315" [label="e"]
	"Expression'314" -> "e315"
	"]316" [label="]",style=filled,fillcolor=powderblue]
	"Assignment302" -> "]316"
	"=317" [label="=",style=filled,fillcolor=powderblue]
	"Assignment302" -> "=317"
	"Expression318" [label="Expression"]
	"Assignment302" -> "Expression318"
	"Term319" [label="Term"]
	"Expression318" -> "Term319"
	"G320" [label="G"]
	"Term319" -> "G320"
	"F321" [label="F"]
	"G320" -> "F321"
	"num322" [label="num",style=filled,fillcolor=powderblue]
	"F321" -> "num322"
	"G'323" [label="G'"]
	"G320" -> "G'323"
	"e324" [label="e"]
	"G'323" -> "e324"
	"Term'325" [label="Term'"]
	"Term319" -> "Term'325"
	"e326" [label="e"]
	"Term'325" -> "e326"
	"Expression'327" [label="Expression'"]
	"Expression318" -> "Expression'327"
	"-328" [label="-",style=filled,fillcolor=powderblue]
	"Expression'327" -> "-328"
	"Term329" [label="Term"]
	"Expression'327" -> "Term329"
	"G330" [label="G"]
	"Term329" -> "G330"
	"F331" [label="F"]
	"G330" -> "F331"
	"(332" [label="(",style=filled,fillcolor=powderblue]
	"F331" -> "(332"
	"Expression333" [label="Expression"]
	"F331" -> "Expression333"
	"Term334" [label="Term"]
	"Expression333" -> "Term334"
	"G335" [label="G"]
	"Term334" -> "G335"
	"F336" [label="F"]
	"G335" -> "F336"
	"m337" [label="m",style=filled,fillcolor=powderblue]
	"F336" -> "m337"
	"[338" [label="[",style=filled,fillcolor=powderblue]
	"F336" -> "[338"
	"Expression339" [label="Expression"]
	"F336" -> "Expression339"
	"Term340" [label="Term"]
	"Expression339" -> "Term340"
	"G341" [label="G"]
	"Term340" -> "G341"
	"F342" [label="F"]
	"G341" -> "F342"
	"num343" [label="num",style=filled,fillcolor=powderblue]
	"F342" -> "num343"
	"G'344" [label="G'"]
	"G341" -> "G'344"
	"e345" [label="e"]
	"G'344" -> "e345"
	"Term'346" [label="Term'"]
	"Term340" -> "Term'346"
	"e347" [label="e"]
	"Term'346" -> "e347"
	"Expression'348" [label="Expression'"]
	"Expression339" -> "Expression'348"
	"e349" [label="e"]
	"Expression'348" -> "e349"
	"]350" [label="]",style=filled,fillcolor=powderblue]
	"F336" -> "]350"
	"G'351" [label="G'"]
	"G335" -> "G'351"
	"e352" [label="e"]
	"G'351" -> "e352"
	"Term'353" [label="Term'"]
	"Term334" -> "Term'353"
	"e354" [label="e"]
	"Term'353" -> "e354"
	"Expression'355" [label="Expression'"]
	"Expression333" -> "Expression'355"
	"-356" [label="-",style=filled,fillcolor=powderblue]
	"Expression'355" -> "-356"
	"Term357" [label="Term"]
	"Expression'355" -> "Term357"
	"G358" [label="G"]
	"Term357" -> "G358"
	"F359" [label="F"]
	"G358" -> "F359"
	"num360" [label="num",style=filled,fillcolor=powderblue]
	"F359" -> "num360"
	"G'361" [label="G'"]
	"G358" -> "G'361"
	"e362" [label="e"]
	"G'361" -> "e362"
	"Term'363" [label="Term'"]
	"Term357" -> "Term'363"
	"e364" [label="e"]
	"Term'363" -> "e364"
	"Expression'365" [label="Expression'"]
	"Expression'355" -> "Expression'365"
	"e366" [label="e"]
	"Expression'365" -> "e366"
	")367" [label=")",style=filled,fillcolor=powderblue]
	"F331" -> ")367"
	"G'368" [label="G'"]
	"G330" -> "G'368"
	"e369" [label="e"]
	"G'368" -> "e369"
	"Term'370" [label="Term'"]
	"Term329" -> "Term'370"
	"e371" [label="e"]
	"Term'370" -> "e371"
	"Expression'372" [label="Expression'"]
	"Expression'327" -> "Expression'372"
	"e373" [label="e"]
	"Expression'372" -> "e373"
	"Statements'374" [label="Statements'"]
	"Statements'300" -> "Statements'374"
	"Statement375" [label="Statement"]
	"Statements'374" -> "Statement375"
	"Assignment376" [label="Assignment"]
	"Statement375" -> "Assignment376"
	"m377" [label="m",style=filled,fillcolor=powderblue]
	"Assignment376" -> "m377"
	"[378" [label="[",style=filled,fillcolor=powderblue]
	"Assignment376" -> "[378"
	"Expression379" [label="Expression"]
	"Assignment376" -> "Expression379"
	"Term380" [label="Term"]
	"Expression379" -> "Term380"
	"G381" [label="G"]
	"Term380" -> "G381"
	"F382" [label="F"]
	"G381" -> "F382"
	"num383" [label="num",style=filled,fillcolor=powderblue]
	"F382" -> "num383"
	"G'384" [label="G'"]
	"G381" -> "G'384"
	"e385" [label="e"]
	"G'384" -> "e385"
	"Term'386" [label="Term'"]
	"Term380" -> "Term'386"
	"e387" [label="e"]
	"Term'386" -> "e387"
	"Expression'388" [label="Expression'"]
	"Expression379" -> "Expression'388"
	"e389" [label="e"]
	"Expression'388" -> "e389"
	"]390" [label="]",style=filled,fillcolor=powderblue]
	"Assignment376" -> "]390"
	"=391" [label="=",style=filled,fillcolor=powderblue]
	"Assignment376" -> "=391"
	"Expression392" [label="Expression"]
	"Assignment376" -> "Expression392"
	"Term393" [label="Term"]
	"Expression392" -> "Term393"
	"G394" [label="G"]
	"Term393" -> "G394"
	"F395" [label="F"]
	"G394" -> "F395"
	"num396" [label="num",style=filled,fillcolor=powderblue]
	"F395" -> "num396"
	"G'397" [label="G'"]
	"G394" -> "G'397"
	"e398" [label="e"]
	"G'397" -> "e398"
	"Term'399" [label="Term'"]
	"Term393" -> "Term'399"
	"/400" [label="/",style=filled,fillcolor=powderblue]
	"Term'399" -> "/400"
	"G401" [label="G"]
	"Term'399" -> "G401"
	"F402" [label="F"]
	"G401" -> "F402"
	"num403" [label="num",style=filled,fillcolor=powderblue]
	"F402" -> "num403"
	"G'404" [label="G'"]
	"G401" -> "G'404"
	"e405" [label="e"]
	"G'404" -> "e405"
	"Term'406" [label="Term'"]
	"Term'399" -> "Term'406"
	"*407" [label="*",style=filled,fillcolor=powderblue]
	"Term'406" -> "*407"
	"G408" [label="G"]
	"Term'406" -> "G408"
	"F409" [label="F"]
	"G408" -> "F409"
	"num410" [label="num",style=filled,fillcolor=powderblue]
	"F409" -> "num410"
	"G'411" [label="G'"]
	"G408" -> "G'411"
	"e412" [label="e"]
	"G'411" -> "e412"
	"Term'413" [label="Term'"]
	"Term'406" -> "Term'413"
	"e414" [label="e"]
	"Term'413" -> "e414"
	"Expression'415" [label="Expression'"]
	"Expression392" -> "Expression'415"
	"e416" [label="e"]
	"Expression'415" -> "e416"
	"Statements'417" [label="Statements'"]
	"Statements'374" -> "Statements'417"
	"Statement418" [label="Statement"]
	"Statements'417" -> "Statement418"
	"Assignment419" [label="Assignment"]
	"Statement418" -> "Assignment419"
	"m420" [label="m",style=filled,fillcolor=powderblue]
	"Assignment419" -> "m420"
	"[421" [label="[",style=filled,fillcolor=powderblue]
	"Assignment419" -> "[421"
	"Expression422" [label="Expression"]
	"Assignment419" -> "Expression422"
	"Term423" [label="Term"]
	"Expression422" -> "Term423"
	"G424" [label="G"]
	"Term423" -> "G424"
	"F425" [label="F"]
	"G424" -> "F425"
	"num426" [label="num",style=filled,fillcolor=powderblue]
	"F425" -> "num426"
	"G'427" [label="G'"]
	"G424" -> "G'427"
	"e428" [label="e"]
	"G'427" -> "e428"
	"Term'429" [label="Term'"]
	"Term423" -> "Term'429"
	"e430" [label="e"]
	"Term'429" -> "e430"
	"Expression'431" [label="Expression'"]
	"Expression422" -> "Expression'431"
	"e432" [label="e"]
	"Expression'431" -> "e432"
	"]433" [label="]",style=filled,fillcolor=powderblue]
	"Assignment419" -> "]433"
	"=434" [label="=",style=filled,fillcolor=powderblue]
	"Assignment419" -> "=434"
	"Expression435" [label="Expression"]
	"Assignment419" -> "Expression435"
	"Term436" [label="Term"]
	"Expression435" -> "Term436"
	"G437" [label="G"]
	"Term436" -> "G437"
	"F438" [label="F"]
	"G437" -> "F438"
	"num439" [label="num",style=filled,fillcolor=powderblue]
	"F438" -> "num439"
	"G'440" [label="G'"]
	"G437" -> "G'440"
	"e441" [label="e"]
	"G'440" -> "e441"
	"Term'442" [label="Term'"]
	"Term436" -> "Term'442"
	"e443" [label="e"]
	"Term'442" -> "e443"
	"Expression'444" [label="Expression'"]
	"Expression435" -> "Expression'444"
	"+445" [label="+",style=filled,fillcolor=powderblue]
	"Expression'444" -> "+445"
	"Term446" [label="Term"]
	"Expression'444" -> "Term446"
	"G447" [label="G"]
	"Term446" -> "G447"
	"F448" [label="F"]
	"G447" -> "F448"
	"m449" [label="m",style=filled,fillcolor=powderblue]
	"F448" -> "m449"
	"[450" [label="[",style=filled,fillcolor=powderblue]
	"F448" -> "[450"
	"Expression451" [label="Expression"]
	"F448" -> "Expression451"
	"Term452" [label="Term"]
	"Expression451" -> "Term452"
	"G453" [label="G"]
	"Term452" -> "G453"
	"F454" [label="F"]
	"G453" -> "F454"
	"num455" [label="num",style=filled,fillcolor=powderblue]
	"F454" -> "num455"
	"G'456" [label="G'"]
	"G453" -> "G'456"
	"e457" [label="e"]
	"G'456" -> "e457"
	"Term'458" [label="Term'"]
	"Term452" -> "Term'458"
	"e459" [label="e"]
	"Term'458" -> "e459"
	"Expression'460" [label="Expression'"]
	"Expression451" -> "Expression'460"
	"e461" [label="e"]
	"Expression'460" -> "e461"
	"]462" [label="]",style=filled,fillcolor=powderblue]
	"F448" -> "]462"
	"G'463" [label="G'"]
	"G447" -> "G'463"
	"e464" [label="e"]
	"G'463" -> "e464"
	"Term'465" [label="Term'"]
	"Term446" -> "Term'465"
	"e466" [label="e"]
	"Term'465" -> "e466"
	"Expression'467" [label="Expression'"]
	"Expression'444" -> "Expression'467"
	"e468" [label="e"]
	"Expression'467" -> "e468"
	"Statements'469" [label="Statements'"]
	"Statements'417" -> "Statements'469"
	"Statement470" [label="Statement"]
	"Statements'469" -> "Statement470"
	"Assignment471" [label="Assignment"]
	"Statement470" -> "Assignment471"
	"m472" [label="m",style=filled,fillcolor=powderblue]
	"Assignment471" -> "m472"
	"[473" [label="[",style=filled,fillcolor=powderblue]
	"Assignment471" -> "[473"
	"Expression474" [label="Expression"]
	"Assignment471" -> "Expression474"
	"Term475" [label="Term"]
	"Expression474" -> "Term475"
	"G476" [label="G"]
	"Term475" -> "G476"
	"F477" [label="F"]
	"G476" -> "F477"
	"num478" [label="num",style=filled,fillcolor=powderblue]
	"F477" -> "num478"
	"G'479" [label="G'"]
	"G476" -> "G'479"
	"e480" [label="e"]
	"G'479" -> "e480"
	"Term'481" [label="Term'"]
	"Term475" -> "Term'481"
	"e482" [label="e"]
	"Term'481" -> "e482"
	"Expression'483" [label="Expression'"]
	"Expression474" -> "Expression'483"
	"e484" [label="e"]
	"Expression'483" -> "e484"
	"]485" [label="]",style=filled,fillcolor=powderblue]
	"Assignment471" -> "]485"
	"=486" [label="=",style=filled,fillcolor=powderblue]
	"Assignment471" -> "=486"
	"Expression487" [label="Expression"]
	"Assignment471" -> "Expression487"
	"Term488" [label="Term"]
	"Expression487" -> "Term488"
	"G489" [label="G"]
	"Term488" -> "G489"
	"F490" [label="F"]
	"G489" -> "F490"
	"num491" [label="num",style=filled,fillcolor=powderblue]
	"F490" -> "num491"
	"G'492" [label="G'"]
	"G489" -> "G'492"
	"e493" [label="e"]
	"G'492" -> "e493"
	"Term'494" [label="Term'"]
	"Term488" -> "Term'494"
	"e495" [label="e"]
	"Term'494" -> "e495"
	"Expression'496" [label="Expression'"]
	"Expression487" -> "Expression'496"
	"-497" [label="-",style=filled,fillcolor=powderblue]
	"Expression'496" -> "-497"
	"Term498" [label="Term"]
	"Expression'496" -> "Term498"
	"G499" [label="G"]
	"Term498" -> "G499"
	"F500" [label="F"]
	"G499" -> "F500"
	"m501" [label="m",style=filled,fillcolor=powderblue]
	"F500" -> "m501"
	"[502" [label="[",style=filled,fillcolor=powderblue]
	"F500" -> "[502"
	"Expression503" [label="Expression"]
	"F500" -> "Expression503"
	"Term504" [label="Term"]
	"Expression503" -> "Term504"
	"G505" [label="G"]
	"Term504" -> "G505"
	"F506" [label="F"]
	"G505" -> "F506"
	"num507" [label="num",style=filled,fillcolor=powderblue]
	"F506" -> "num507"
	"G'508" [label="G'"]
	"G505" -> "G'508"
	"e509" [label="e"]
	"G'508" -> "e509"
	"Term'510" [label="Term'"]
	"Term504" -> "Term'510"
	"e511" [label="e"]
	"Term'510" -> "e511"
	"Expression'512" [label="Expression'"]
	"Expression503" -> "Expression'512"
	"-513" [label="-",style=filled,fillcolor=powderblue]
	"Expression'512" -> "-513"
	"Term514" [label="Term"]
	"Expression'512" -> "Term514"
	"G515" [label="G"]
	"Term514" -> "G515"
	"F516" [label="F"]
	"G515" -> "F516"
	"num517" [label="num",style=filled,fillcolor=powderblue]
	"F516" -> "num517"
	"G'518" [label="G'"]
	"G515" -> "G'518"
	"e519" [label="e"]
	"G'518" -> "e519"
	"Term'520" [label="Term'"]
	"Term514" -> "Term'520"
	"e521" [label="e"]
	"Term'520" -> "e521"
	"Expression'522" [label="Expression'"]
	"Expression'512" -> "Expression'522"
	"e523" [label="e"]
	"Expression'522" -> "e523"
	"]524" [label="]",style=filled,fillcolor=powderblue]
	"F500" -> "]524"
	"G'525" [label="G'"]
	"G499" -> "G'525"
	"e526" [label="e"]
	"G'525" -> "e526"
	"Term'527" [label="Term'"]
	"Term498" -> "Term'527"
	"e528" [label="e"]
	"Term'527" -> "e528"
	"Expression'529" [label="Expression'"]
	"Expression'496" -> "Expression'529"
	"e530" [label="e"]
	"Expression'529" -> "e530"
	"Statements'531" [label="Statements'"]
	"Statements'469" -> "Statements'531"
	"Statement532" [label="Statement"]
	"Statements'531" -> "Statement532"
	"Assignment533" [label="Assignment"]
	"Statement532" -> "Assignment533"
	"m534" [label="m",style=filled,fillcolor=powderblue]
	"Assignment533" -> "m534"
	"[535" [label="[",style=filled,fillcolor=powderblue]
	"Assignment533" -> "[535"
	"Expression536" [label="Expression"]
	"Assignment533" -> "Expression536"
	"Term537" [label="Term"]
	"Expression536" -> "Term537"
	"G538" [label="G"]
	"Term537" -> "G538"
	"F539" [label="F"]
	"G538" -> "F539"
	"num540" [label="num",style=filled,fillcolor=powderblue]
	"F539" -> "num540"
	"G'541" [label="G'"]
	"G538" -> "G'541"
	"e542" [label="e"]
	"G'541" -> "e542"
	"Term'543" [label="Term'"]
	"Term537" -> "Term'543"
	"e544" [label="e"]
	"Term'543" -> "e544"
	"Expression'545" [label="Expression'"]
	"Expression536" -> "Expression'545"
	"e546" [label="e"]
	"Expression'545" -> "e546"
	"]547" [label="]",style=filled,fillcolor=powderblue]
	"Assignment533" -> "]547"
	"=548" [label="=",style=filled,fillcolor=powderblue]
	"Assignment533" -> "=548"
	"Expression549" [label="Expression"]
	"Assignment533" -> "Expression549"
	"Term550" [label="Term"]
	"Expression549" -> "Term550"
	"G551" [label="G"]
	"Term550" -> "G551"
	"F552" [label="F"]
	"G551" -> "F552"
	"num553" [label="num",style=filled,fillcolor=powderblue]
	"F552" -> "num553"
	"G'554" [label="G'"]
	"G551" -> "G'554"
	"e555" [label="e"]
	"G'554" -> "e555"
	"Term'556" [label="Term'"]
	"Term550" -> "Term'556"
	"e557" [label="e"]
	"Term'556" -> "e557"
	"Expression'558" [label="Expression'"]
	"Expression549" -> "Expression'558"
	"-559" [label="-",style=filled,fillcolor=powderblue]
	"Expression'558" -> "-559"
	"Term560" [label="Term"]
	"Expression'558" -> "Term560"
	"G561" [label="G"]
	"Term560" -> "G561"
	"F562" [label="F"]
	"G561" -> "F562"
	"(563" [label="(",style=filled,fillcolor=powderblue]
	"F562" -> "(563"
	"Expression564" [label="Expression"]
	"F562" -> "Expression564"
	"Term565" [label="Term"]
	"Expression564" -> "Term565"
	"G566" [label="G"]
	"Term565" -> "G566"
	"F567" [label="F"]
	"G566" -> "F567"
	"num568" [label="num",style=filled,fillcolor=powderblue]
	"F567" -> "num568"
	"G'569" [label="G'"]
	"G566" -> "G'569"
	"e570" [label="e"]
	"G'569" -> "e570"
	"Term'571" [label="Term'"]
	"Term565" -> "Term'571"
	"e572" [label="e"]
	"Term'571" -> "e572"
	"Expression'573" [label="Expression'"]
	"Expression564" -> "Expression'573"
	"-574" [label="-",style=filled,fillcolor=powderblue]
	"Expression'573" -> "-574"
	"Term575" [label="Term"]
	"Expression'573" -> "Term575"
	"G576" [label="G"]
	"Term575" -> "G576"
	"F577" [label="F"]
	"G576" -> "F577"
	"num578" [label="num",style=filled,fillcolor=powderblue]
	"F577" -> "num578"
	"G'579" [label="G'"]
	"G576" -> "G'579"
	"e580" [label="e"]
	"G'579" -> "e580"
	"Term'581" [label="Term'"]
	"Term575" -> "Term'581"
	"e582" [label="e"]
	"Term'581" -> "e582"
	"Expression'583" [label="Expression'"]
	"Expression'573" -> "Expression'583"
	"e584" [label="e"]
	"Expression'583" -> "e584"
	")585" [label=")",style=filled,fillcolor=powderblue]
	"F562" -> ")585"
	"G'586" [label="G'"]
	"G561" -> "G'586"
	"e587" [label="e"]
	"G'586" -> "e587"
	"Term'588" [label="Term'"]
	"Term560" -> "Term'588"
	"e589" [label="e"]
	"Term'588" -> "e589"
	"Expression'590" [label="Expression'"]
	"Expression'558" -> "Expression'590"
	"e591" [label="e"]
	"Expression'590" -> "e591"
	"Statements'592" [label="Statements'"]
	"Statements'531" -> "Statements'592"
	"Statement593" [label="Statement"]
	"Statements'592" -> "Statement593"
	"Assignment594" [label="Assignment"]
	"Statement593" -> "Assignment594"
	"m595" [label="m",style=filled,fillcolor=powderblue]
	"Assignment594" -> "m595"
	"[596" [label="[",style=filled,fillcolor=powderblue]
	"Assignment594" -> "[596"
	"Expression597" [label="Expression"]
	"Assignment594" -> "Expression597"
	"Term598" [label="Term"]
	"Expression597" -> "Term598"
	"G599" [label="G"]
	"Term598" -> "G599"
	"F600" [label="F"]
	"G599" -> "F600"
	"num601" [label="num",style=filled,fillcolor=powderblue]
	"F600" -> "num601"
	"G'602" [label="G'"]
	"G599" -> "G'602"
	"e603" [label="e"]
	"G'602" -> "e603"
	"Term'604" [label="Term'"]
	"Term598" -> "Term'604"
	"e605" [label="e"]
	"Term'604" -> "e605"
	"Expression'606" [label="Expression'"]
	"Expression597" -> "Expression'606"
	"e607" [label="e"]
	"Expression'606" -> "e607"
	"]608" [label="]",style=filled,fillcolor=powderblue]
	"Assignment594" -> "]608"
	"=609" [label="=",style=filled,fillcolor=powderblue]
	"Assignment594" -> "=609"
	"Expression610" [label="Expression"]
	"Assignment594" -> "Expression610"
	"Term611" [label="Term"]
	"Expression610" -> "Term611"
	"G612" [label="G"]
	"Term611" -> "G612"
	"F613" [label="F"]
	"G612" -> "F613"
	"num614" [label="num",style=filled,fillcolor=powderblue]
	"F613" -> "num614"
	"G'615" [label="G'"]
	"G612" -> "G'615"
	"e616" [label="e"]
	"G'615" -> "e616"
	"Term'617" [label="Term'"]
	"Term611" -> "Term'617"
	"e618" [label="e"]
	"Term'617" -> "e618"
	"Expression'619" [label="Expression'"]
	"Expression610" -> "Expression'619"
	"-620" [label="-",style=filled,fillcolor=powderblue]
	"Expression'619" -> "-620"
	"Term621" [label="Term"]
	"Expression'619" -> "Term621"
	"G622" [label="G"]
	"Term621" -> "G622"
	"F623" [label="F"]
	"G622" -> "F623"
	"m624" [label="m",style=filled,fillcolor=powderblue]
	"F623" -> "m624"
	"[625" [label="[",style=filled,fillcolor=powderblue]
	"F623" -> "[625"
	"Expression626" [label="Expression"]
	"F623" -> "Expression626"
	"Term627" [label="Term"]
	"Expression626" -> "Term627"
	"G628" [label="G"]
	"Term627" -> "G628"
	"F629" [label="F"]
	"G628" -> "F629"
	"(630" [label="(",style=filled,fillcolor=powderblue]
	"F629" -> "(630"
	"Expression631" [label="Expression"]
	"F629" -> "Expression631"
	"Term632" [label="Term"]
	"Expression631" -> "Term632"
	"G633" [label="G"]
	"Term632" -> "G633"
	"F634" [label="F"]
	"G633" -> "F634"
	"num635" [label="num",style=filled,fillcolor=powderblue]
	"F634" -> "num635"
	"G'636" [label="G'"]
	"G633" -> "G'636"
	"e637" [label="e"]
	"G'636" -> "e637"
	"Term'638" [label="Term'"]
	"Term632" -> "Term'638"
	"e639" [label="e"]
	"Term'638" -> "e639"
	"Expression'640" [label="Expression'"]
	"Expression631" -> "Expression'640"
	"-641" [label="-",style=filled,fillcolor=powderblue]
	"Expression'640" -> "-641"
	"Term642" [label="Term"]
	"Expression'640" -> "Term642"
	"G643" [label="G"]
	"Term642" -> "G643"
	"F644" [label="F"]
	"G643" -> "F644"
	"num645" [label="num",style=filled,fillcolor=powderblue]
	"F644" -> "num645"
	"G'646" [label="G'"]
	"G643" -> "G'646"
	"e647" [label="e"]
	"G'646" -> "e647"
	"Term'648" [label="Term'"]
	"Term642" -> "Term'648"
	"e649" [label="e"]
	"Term'648" -> "e649"
	"Expression'650" [label="Expression'"]
	"Expression'640" -> "Expression'650"
	"e651" [label="e"]
	"Expression'650" -> "e651"
	")652" [label=")",style=filled,fillcolor=powderblue]
	"F629" -> ")652"
	"G'653" [label="G'"]
	"G628" -> "G'653"
	"e654" [label="e"]
	"G'653" -> "e654"
	"Term'655" [label="Term'"]
	"Term627" -> "Term'655"
	"e656" [label="e"]
	"Term'655" -> "e656"
	"Expression'657" [label="Expression'"]
	"Expression626" -> "Expression'657"
	"e658" [label="e"]
	"Expression'657" -> "e658"
	"]659" [label="]",style=filled,fillcolor=powderblue]
	"F623" -> "]659"
	"G'660" [label="G'"]
	"G622" -> "G'660"
	"e661" [label="e"]
	"G'660" -> "e661"
	"Term'662" [label="Term'"]
	"Term621" -> "Term'662"
	"e663" [label="e"]
	"Term'662" -> "e663"
	"Expression'664" [label="Expression'"]
	"Expression'619" -> "Expression'664"
	"e665" [label="e"]
	"Expression'664" -> "e665"
	"Statements'666" [label="Statements'"]
	"Statements'592" -> "Statements'666"
	"Statement667" [label="Statement"]
	"Statements'666" -> "Statement667"
	"Print668" [label="Print"]
	"Statement667" -> "Print668"
	"print669" [label="print",style=filled,fillcolor=powderblue]
	"Print668" -> "print669"
	"Expression670" [label="Expression"]
	"Print668" -> "Expression670"
	"Term671" [label="Term"]
	"Expression670" -> "Term671"
	"G672" [label="G"]
	"Term671" -> "G672"
	"F673" [label="F"]
	"G672" -> "F673"
	"m674" [label="m",style=filled,fillcolor=powderblue]
	"F673" -> "m674"
	"[675" [label="[",style=filled,fillcolor=powderblue]
	"F673" -> "[675"
	"Expression676" [label="Expression"]
	"F673" -> "Expression676"
	"Term677" [label="Term"]
	"Expression676" -> "Term677"
	"G678" [label="G"]
	"Term677" -> "G678"
	"F679" [label="F"]
	"G678" -> "F679"
	"num680" [label="num",style=filled,fillcolor=powderblue]
	"F679" -> "num680"
	"G'681" [label="G'"]
	"G678" -> "G'681"
	"e682" [label="e"]
	"G'681" -> "e682"
	"Term'683" [label="Term'"]
	"Term677" -> "Term'683"
	"e684" [label="e"]
	"Term'683" -> "e684"
	"Expression'685" [label="Expression'"]
	"Expression676" -> "Expression'685"
	"e686" [label="e"]
	"Expression'685" -> "e686"
	"]687" [label="]",style=filled,fillcolor=powderblue]
	"F673" -> "]687"
	"G'688" [label="G'"]
	"G672" -> "G'688"
	"e689" [label="e"]
	"G'688" -> "e689"
	"Term'690" [label="Term'"]
	"Term671" -> "Term'690"
	"e691" [label="e"]
	"Term'690" -> "e691"
	"Expression'692" [label="Expression'"]
	"Expression670" -> "Expression'692"
	"e693" [label="e"]
	"Expression'692" -> "e693"
	"Statements'694" [label="Statements'"]
	"Statements'666" -> "Statements'694"
	"e695" [label="e"]
	"Statements'694" -> "e695"
};
