digraph G {
	"Start1" [label="Start"]
	"Statements2" [label="Statements"]
	"Start1" -> "Statements2"
	"Statement3" [label="Statement"]
	"Statements2" -> "Statement3"
	"Assignment4" [label="Assignment"]
	"Statement3" -> "Assignment4"
	"m5" [label="m",style=filled,fillcolor=powderblue]
	"Assignment4" -> "m5"
	"[6" [label="[",style=filled,fillcolor=powderblue]
	"Assignment4" -> "[6"
	"Expression7" [label="Expression"]
	"Assignment4" -> "Expression7"
	"Term8" [label="Term"]
	"Expression7" -> "Term8"
	"G9" [label="G"]
	"Term8" -> "G9"
	"F10" [label="F"]
	"G9" -> "F10"
	"num11" [label="num",style=filled,fillcolor=powderblue]
	"F10" -> "num11"
	"G'12" [label="G'"]
	"G9" -> "G'12"
	"e13" [label="e"]
	"G'12" -> "e13"
	"Term'14" [label="Term'"]
	"Term8" -> "Term'14"
	"e15" [label="e"]
	"Term'14" -> "e15"
	"Expression'16" [label="Expression'"]
	"Expression7" -> "Expression'16"
	"e17" [label="e"]
	"Expression'16" -> "e17"
	"]18" [label="]",style=filled,fillcolor=powderblue]
	"Assignment4" -> "]18"
	"=19" [label="=",style=filled,fillcolor=powderblue]
	"Assignment4" -> "=19"
	"Expression20" [label="Expression"]
	"Assignment4" -> "Expression20"
	"Term21" [label="Term"]
	"Expression20" -> "Term21"
	"G22" [label="G"]
	"Term21" -> "G22"
	"F23" [label="F"]
	"G22" -> "F23"
	"num24" [label="num",style=filled,fillcolor=powderblue]
	"F23" -> "num24"
	"G'25" [label="G'"]
	"G22" -> "G'25"
	"e26" [label="e"]
	"G'25" -> "e26"
	"Term'27" [label="Term'"]
	"Term21" -> "Term'27"
	"e28" [label="e"]
	"Term'27" -> "e28"
	"Expression'29" [label="Expression'"]
	"Expression20" -> "Expression'29"
	"-30" [label="-",style=filled,fillcolor=powderblue]
	"Expression'29" -> "-30"
	"Term31" [label="Term"]
	"Expression'29" -> "Term31"
	"G32" [label="G"]
	"Term31" -> "G32"
	"F33" [label="F"]
	"G32" -> "F33"
	"(34" [label="(",style=filled,fillcolor=powderblue]
	"F33" -> "(34"
	"Expression35" [label="Expression"]
	"F33" -> "Expression35"
	"Term36" [label="Term"]
	"Expression35" -> "Term36"
	"G37" [label="G"]
	"Term36" -> "G37"
	"F38" [label="F"]
	"G37" -> "F38"
	"num39" [label="num",style=filled,fillcolor=powderblue]
	"F38" -> "num39"
	"G'40" [label="G'"]
	"G37" -> "G'40"
	"e41" [label="e"]
	"G'40" -> "e41"
	"Term'42" [label="Term'"]
	"Term36" -> "Term'42"
	"e43" [label="e"]
	"Term'42" -> "e43"
	"Expression'44" [label="Expression'"]
	"Expression35" -> "Expression'44"
	"-45" [label="-",style=filled,fillcolor=powderblue]
	"Expression'44" -> "-45"
	"Term46" [label="Term"]
	"Expression'44" -> "Term46"
	"G47" [label="G"]
	"Term46" -> "G47"
	"F48" [label="F"]
	"G47" -> "F48"
	"num49" [label="num",style=filled,fillcolor=powderblue]
	"F48" -> "num49"
	"G'50" [label="G'"]
	"G47" -> "G'50"
	"e51" [label="e"]
	"G'50" -> "e51"
	"Term'52" [label="Term'"]
	"Term46" -> "Term'52"
	"e53" [label="e"]
	"Term'52" -> "e53"
	"Expression'54" [label="Expression'"]
	"Expression'44" -> "Expression'54"
	"e55" [label="e"]
	"Expression'54" -> "e55"
	")56" [label=")",style=filled,fillcolor=powderblue]
	"F33" -> ")56"
	"G'57" [label="G'"]
	"G32" -> "G'57"
	"e58" [label="e"]
	"G'57" -> "e58"
	"Term'59" [label="Term'"]
	"Term31" -> "Term'59"
	"e60" [label="e"]
	"Term'59" -> "e60"
	"Expression'61" [label="Expression'"]
	"Expression'29" -> "Expression'61"
	"e62" [label="e"]
	"Expression'61" -> "e62"
	"Statements'63" [label="Statements'"]
	"Statements2" -> "Statements'63"
	"Statement64" [label="Statement"]
	"Statements'63" -> "Statement64"
	"Assignment65" [label="Assignment"]
	"Statement64" -> "Assignment65"
	"m66" [label="m",style=filled,fillcolor=powderblue]
	"Assignment65" -> "m66"
	"[67" [label="[",style=filled,fillcolor=powderblue]
	"Assignment65" -> "[67"
	"Expression68" [label="Expression"]
	"Assignment65" -> "Expression68"
	"Term69" [label="Term"]
	"Expression68" -> "Term69"
	"G70" [label="G"]
	"Term69" -> "G70"
	"F71" [label="F"]
	"G70" -> "F71"
	"num72" [label="num",style=filled,fillcolor=powderblue]
	"F71" -> "num72"
	"G'73" [label="G'"]
	"G70" -> "G'73"
	"e74" [label="e"]
	"G'73" -> "e74"
	"Term'75" [label="Term'"]
	"Term69" -> "Term'75"
	"e76" [label="e"]
	"Term'75" -> "e76"
	"Expression'77" [label="Expression'"]
	"Expression68" -> "Expression'77"
	"e78" [label="e"]
	"Expression'77" -> "e78"
	"]79" [label="]",style=filled,fillcolor=powderblue]
	"Assignment65" -> "]79"
	"=80" [label="=",style=filled,fillcolor=powderblue]
	"Assignment65" -> "=80"
	"Expression81" [label="Expression"]
	"Assignment65" -> "Expression81"
	"Term82" [label="Term"]
	"Expression81" -> "Term82"
	"G83" [label="G"]
	"Term82" -> "G83"
	"F84" [label="F"]
	"G83" -> "F84"
	"num85" [label="num",style=filled,fillcolor=powderblue]
	"F84" -> "num85"
	"G'86" [label="G'"]
	"G83" -> "G'86"
	"e87" [label="e"]
	"G'86" -> "e87"
	"Term'88" [label="Term'"]
	"Term82" -> "Term'88"
	"e89" [label="e"]
	"Term'88" -> "e89"
	"Expression'90" [label="Expression'"]
	"Expression81" -> "Expression'90"
	"-91" [label="-",style=filled,fillcolor=powderblue]
	"Expression'90" -> "-91"
	"Term92" [label="Term"]
	"Expression'90" -> "Term92"
	"G93" [label="G"]
	"Term92" -> "G93"
	"F94" [label="F"]
	"G93" -> "F94"
	"m95" [label="m",style=filled,fillcolor=powderblue]
	"F94" -> "m95"
	"[96" [label="[",style=filled,fillcolor=powderblue]
	"F94" -> "[96"
	"Expression97" [label="Expression"]
	"F94" -> "Expression97"
	"Term98" [label="Term"]
	"Expression97" -> "Term98"
	"G99" [label="G"]
	"Term98" -> "G99"
	"F100" [label="F"]
	"G99" -> "F100"
	"(101" [label="(",style=filled,fillcolor=powderblue]
	"F100" -> "(101"
	"Expression102" [label="Expression"]
	"F100" -> "Expression102"
	"Term103" [label="Term"]
	"Expression102" -> "Term103"
	"G104" [label="G"]
	"Term103" -> "G104"
	"F105" [label="F"]
	"G104" -> "F105"
	"num106" [label="num",style=filled,fillcolor=powderblue]
	"F105" -> "num106"
	"G'107" [label="G'"]
	"G104" -> "G'107"
	"e108" [label="e"]
	"G'107" -> "e108"
	"Term'109" [label="Term'"]
	"Term103" -> "Term'109"
	"e110" [label="e"]
	"Term'109" -> "e110"
	"Expression'111" [label="Expression'"]
	"Expression102" -> "Expression'111"
	"-112" [label="-",style=filled,fillcolor=powderblue]
	"Expression'111" -> "-112"
	"Term113" [label="Term"]
	"Expression'111" -> "Term113"
	"G114" [label="G"]
	"Term113" -> "G114"
	"F115" [label="F"]
	"G114" -> "F115"
	"num116" [label="num",style=filled,fillcolor=powderblue]
	"F115" -> "num116"
	"G'117" [label="G'"]
	"G114" -> "G'117"
	"e118" [label="e"]
	"G'117" -> "e118"
	"Term'119" [label="Term'"]
	"Term113" -> "Term'119"
	"e120" [label="e"]
	"Term'119" -> "e120"
	"Expression'121" [label="Expression'"]
	"Expression'111" -> "Expression'121"
	"e122" [label="e"]
	"Expression'121" -> "e122"
	")123" [label=")",style=filled,fillcolor=powderblue]
	"F100" -> ")123"
	"G'124" [label="G'"]
	"G99" -> "G'124"
	"e125" [label="e"]
	"G'124" -> "e125"
	"Term'126" [label="Term'"]
	"Term98" -> "Term'126"
	"e127" [label="e"]
	"Term'126" -> "e127"
	"Expression'128" [label="Expression'"]
	"Expression97" -> "Expression'128"
	"e129" [label="e"]
	"Expression'128" -> "e129"
	"]130" [label="]",style=filled,fillcolor=powderblue]
	"F94" -> "]130"
	"G'131" [label="G'"]
	"G93" -> "G'131"
	"e132" [label="e"]
	"G'131" -> "e132"
	"Term'133" [label="Term'"]
	"Term92" -> "Term'133"
	"e134" [label="e"]
	"Term'133" -> "e134"
	"Expression'135" [label="Expression'"]
	"Expression'90" -> "Expression'135"
	"e136" [label="e"]
	"Expression'135" -> "e136"
	"Statements'137" [label="Statements'"]
	"Statements'63" -> "Statements'137"
	"Statement138" [label="Statement"]
	"Statements'137" -> "Statement138"
	"Print139" [label="Print"]
	"Statement138" -> "Print139"
	"print140" [label="print",style=filled,fillcolor=powderblue]
	"Print139" -> "print140"
	"Expression141" [label="Expression"]
	"Print139" -> "Expression141"
	"Term142" [label="Term"]
	"Expression141" -> "Term142"
	"G143" [label="G"]
	"Term142" -> "G143"
	"F144" [label="F"]
	"G143" -> "F144"
	"m145" [label="m",style=filled,fillcolor=powderblue]
	"F144" -> "m145"
	"[146" [label="[",style=filled,fillcolor=powderblue]
	"F144" -> "[146"
	"Expression147" [label="Expression"]
	"F144" -> "Expression147"
	"Term148" [label="Term"]
	"Expression147" -> "Term148"
	"G149" [label="G"]
	"Term148" -> "G149"
	"F150" [label="F"]
	"G149" -> "F150"
	"num151" [label="num",style=filled,fillcolor=powderblue]
	"F150" -> "num151"
	"G'152" [label="G'"]
	"G149" -> "G'152"
	"e153" [label="e"]
	"G'152" -> "e153"
	"Term'154" [label="Term'"]
	"Term148" -> "Term'154"
	"e155" [label="e"]
	"Term'154" -> "e155"
	"Expression'156" [label="Expression'"]
	"Expression147" -> "Expression'156"
	"e157" [label="e"]
	"Expression'156" -> "e157"
	"]158" [label="]",style=filled,fillcolor=powderblue]
	"F144" -> "]158"
	"G'159" [label="G'"]
	"G143" -> "G'159"
	"e160" [label="e"]
	"G'159" -> "e160"
	"Term'161" [label="Term'"]
	"Term142" -> "Term'161"
	"e162" [label="e"]
	"Term'161" -> "e162"
	"Expression'163" [label="Expression'"]
	"Expression141" -> "Expression'163"
	"e164" [label="e"]
	"Expression'163" -> "e164"
	"Statements'165" [label="Statements'"]
	"Statements'137" -> "Statements'165"
	"Statement166" [label="Statement"]
	"Statements'165" -> "Statement166"
	"Jump167" [label="Jump"]
	"Statement166" -> "Jump167"
	"goto168" [label="goto",style=filled,fillcolor=powderblue]
	"Jump167" -> "goto168"
	"num169" [label="num",style=filled,fillcolor=powderblue]
	"Jump167" -> "num169"
	"Jump'170" [label="Jump'"]
	"Jump167" -> "Jump'170"
	"if171" [label="if",style=filled,fillcolor=powderblue]
	"Jump'170" -> "if171"
	"Expression172" [label="Expression"]
	"Jump'170" -> "Expression172"
	"Term173" [label="Term"]
	"Expression172" -> "Term173"
	"G174" [label="G"]
	"Term173" -> "G174"
	"F175" [label="F"]
	"G174" -> "F175"
	"m176" [label="m",style=filled,fillcolor=powderblue]
	"F175" -> "m176"
	"[177" [label="[",style=filled,fillcolor=powderblue]
	"F175" -> "[177"
	"Expression178" [label="Expression"]
	"F175" -> "Expression178"
	"Term179" [label="Term"]
	"Expression178" -> "Term179"
	"G180" [label="G"]
	"Term179" -> "G180"
	"F181" [label="F"]
	"G180" -> "F181"
	"num182" [label="num",style=filled,fillcolor=powderblue]
	"F181" -> "num182"
	"G'183" [label="G'"]
	"G180" -> "G'183"
	"e184" [label="e"]
	"G'183" -> "e184"
	"Term'185" [label="Term'"]
	"Term179" -> "Term'185"
	"e186" [label="e"]
	"Term'185" -> "e186"
	"Expression'187" [label="Expression'"]
	"Expression178" -> "Expression'187"
	"e188" [label="e"]
	"Expression'187" -> "e188"
	"]189" [label="]",style=filled,fillcolor=powderblue]
	"F175" -> "]189"
	"G'190" [label="G'"]
	"G174" -> "G'190"
	"e191" [label="e"]
	"G'190" -> "e191"
	"Term'192" [label="Term'"]
	"Term173" -> "Term'192"
	"e193" [label="e"]
	"Term'192" -> "e193"
	"Expression'194" [label="Expression'"]
	"Expression172" -> "Expression'194"
	"e195" [label="e"]
	"Expression'194" -> "e195"
	"Statements'196" [label="Statements'"]
	"Statements'165" -> "Statements'196"
	"Statement197" [label="Statement"]
	"Statements'196" -> "Statement197"
	"Print198" [label="Print"]
	"Statement197" -> "Print198"
	"print199" [label="print",style=filled,fillcolor=powderblue]
	"Print198" -> "print199"
	"Expression200" [label="Expression"]
	"Print198" -> "Expression200"
	"Term201" [label="Term"]
	"Expression200" -> "Term201"
	"G202" [label="G"]
	"Term201" -> "G202"
	"F203" [label="F"]
	"G202" -> "F203"
	"m204" [label="m",style=filled,fillcolor=powderblue]
	"F203" -> "m204"
	"[205" [label="[",style=filled,fillcolor=powderblue]
	"F203" -> "[205"
	"Expression206" [label="Expression"]
	"F203" -> "Expression206"
	"Term207" [label="Term"]
	"Expression206" -> "Term207"
	"G208" [label="G"]
	"Term207" -> "G208"
	"F209" [label="F"]
	"G208" -> "F209"
	"num210" [label="num",style=filled,fillcolor=powderblue]
	"F209" -> "num210"
	"G'211" [label="G'"]
	"G208" -> "G'211"
	"e212" [label="e"]
	"G'211" -> "e212"
	"Term'213" [label="Term'"]
	"Term207" -> "Term'213"
	"e214" [label="e"]
	"Term'213" -> "e214"
	"Expression'215" [label="Expression'"]
	"Expression206" -> "Expression'215"
	"e216" [label="e"]
	"Expression'215" -> "e216"
	"]217" [label="]",style=filled,fillcolor=powderblue]
	"F203" -> "]217"
	"G'218" [label="G'"]
	"G202" -> "G'218"
	"e219" [label="e"]
	"G'218" -> "e219"
	"Term'220" [label="Term'"]
	"Term201" -> "Term'220"
	"e221" [label="e"]
	"Term'220" -> "e221"
	"Expression'222" [label="Expression'"]
	"Expression200" -> "Expression'222"
	"e223" [label="e"]
	"Expression'222" -> "e223"
	"Statements'224" [label="Statements'"]
	"Statements'196" -> "Statements'224"
	"Statement225" [label="Statement"]
	"Statements'224" -> "Statement225"
	"Jump226" [label="Jump"]
	"Statement225" -> "Jump226"
	"goto227" [label="goto",style=filled,fillcolor=powderblue]
	"Jump226" -> "goto227"
	"num228" [label="num",style=filled,fillcolor=powderblue]
	"Jump226" -> "num228"
	"Jump'229" [label="Jump'"]
	"Jump226" -> "Jump'229"
	"e230" [label="e"]
	"Jump'229" -> "e230"
	"Statements'231" [label="Statements'"]
	"Statements'224" -> "Statements'231"
	"Statement232" [label="Statement"]
	"Statements'231" -> "Statement232"
	"Print233" [label="Print"]
	"Statement232" -> "Print233"
	"print234" [label="print",style=filled,fillcolor=powderblue]
	"Print233" -> "print234"
	"Expression235" [label="Expression"]
	"Print233" -> "Expression235"
	"Term236" [label="Term"]
	"Expression235" -> "Term236"
	"G237" [label="G"]
	"Term236" -> "G237"
	"F238" [label="F"]
	"G237" -> "F238"
	"m239" [label="m",style=filled,fillcolor=powderblue]
	"F238" -> "m239"
	"[240" [label="[",style=filled,fillcolor=powderblue]
	"F238" -> "[240"
	"Expression241" [label="Expression"]
	"F238" -> "Expression241"
	"Term242" [label="Term"]
	"Expression241" -> "Term242"
	"G243" [label="G"]
	"Term242" -> "G243"
	"F244" [label="F"]
	"G243" -> "F244"
	"num245" [label="num",style=filled,fillcolor=powderblue]
	"F244" -> "num245"
	"G'246" [label="G'"]
	"G243" -> "G'246"
	"e247" [label="e"]
	"G'246" -> "e247"
	"Term'248" [label="Term'"]
	"Term242" -> "Term'248"
	"e249" [label="e"]
	"Term'248" -> "e249"
	"Expression'250" [label="Expression'"]
	"Expression241" -> "Expression'250"
	"e251" [label="e"]
	"Expression'250" -> "e251"
	"]252" [label="]",style=filled,fillcolor=powderblue]
	"F238" -> "]252"
	"G'253" [label="G'"]
	"G237" -> "G'253"
	"e254" [label="e"]
	"G'253" -> "e254"
	"Term'255" [label="Term'"]
	"Term236" -> "Term'255"
	"e256" [label="e"]
	"Term'255" -> "e256"
	"Expression'257" [label="Expression'"]
	"Expression235" -> "Expression'257"
	"e258" [label="e"]
	"Expression'257" -> "e258"
	"Statements'259" [label="Statements'"]
	"Statements'231" -> "Statements'259"
	"Statement260" [label="Statement"]
	"Statements'259" -> "Statement260"
	"Label261" [label="Label"]
	"Statement260" -> "Label261"
	"L262" [label="L",style=filled,fillcolor=powderblue]
	"Label261" -> "L262"
	"num263" [label="num",style=filled,fillcolor=powderblue]
	"Label261" -> "num263"
	":264" [label=":",style=filled,fillcolor=powderblue]
	"Label261" -> ":264"
	"Statements'265" [label="Statements'"]
	"Statements'259" -> "Statements'265"
	"Statement266" [label="Statement"]
	"Statements'265" -> "Statement266"
	"Print267" [label="Print"]
	"Statement266" -> "Print267"
	"print268" [label="print",style=filled,fillcolor=powderblue]
	"Print267" -> "print268"
	"Expression269" [label="Expression"]
	"Print267" -> "Expression269"
	"Term270" [label="Term"]
	"Expression269" -> "Term270"
	"G271" [label="G"]
	"Term270" -> "G271"
	"F272" [label="F"]
	"G271" -> "F272"
	"m273" [label="m",style=filled,fillcolor=powderblue]
	"F272" -> "m273"
	"[274" [label="[",style=filled,fillcolor=powderblue]
	"F272" -> "[274"
	"Expression275" [label="Expression"]
	"F272" -> "Expression275"
	"Term276" [label="Term"]
	"Expression275" -> "Term276"
	"G277" [label="G"]
	"Term276" -> "G277"
	"F278" [label="F"]
	"G277" -> "F278"
	"num279" [label="num",style=filled,fillcolor=powderblue]
	"F278" -> "num279"
	"G'280" [label="G'"]
	"G277" -> "G'280"
	"e281" [label="e"]
	"G'280" -> "e281"
	"Term'282" [label="Term'"]
	"Term276" -> "Term'282"
	"e283" [label="e"]
	"Term'282" -> "e283"
	"Expression'284" [label="Expression'"]
	"Expression275" -> "Expression'284"
	"e285" [label="e"]
	"Expression'284" -> "e285"
	"]286" [label="]",style=filled,fillcolor=powderblue]
	"F272" -> "]286"
	"G'287" [label="G'"]
	"G271" -> "G'287"
	"e288" [label="e"]
	"G'287" -> "e288"
	"Term'289" [label="Term'"]
	"Term270" -> "Term'289"
	"e290" [label="e"]
	"Term'289" -> "e290"
	"Expression'291" [label="Expression'"]
	"Expression269" -> "Expression'291"
	"e292" [label="e"]
	"Expression'291" -> "e292"
	"Statements'293" [label="Statements'"]
	"Statements'265" -> "Statements'293"
	"Statement294" [label="Statement"]
	"Statements'293" -> "Statement294"
	"Assignment295" [label="Assignment"]
	"Statement294" -> "Assignment295"
	"m296" [label="m",style=filled,fillcolor=powderblue]
	"Assignment295" -> "m296"
	"[297" [label="[",style=filled,fillcolor=powderblue]
	"Assignment295" -> "[297"
	"Expression298" [label="Expression"]
	"Assignment295" -> "Expression298"
	"Term299" [label="Term"]
	"Expression298" -> "Term299"
	"G300" [label="G"]
	"Term299" -> "G300"
	"F301" [label="F"]
	"G300" -> "F301"
	"num302" [label="num",style=filled,fillcolor=powderblue]
	"F301" -> "num302"
	"G'303" [label="G'"]
	"G300" -> "G'303"
	"e304" [label="e"]
	"G'303" -> "e304"
	"Term'305" [label="Term'"]
	"Term299" -> "Term'305"
	"e306" [label="e"]
	"Term'305" -> "e306"
	"Expression'307" [label="Expression'"]
	"Expression298" -> "Expression'307"
	"e308" [label="e"]
	"Expression'307" -> "e308"
	"]309" [label="]",style=filled,fillcolor=powderblue]
	"Assignment295" -> "]309"
	"=310" [label="=",style=filled,fillcolor=powderblue]
	"Assignment295" -> "=310"
	"Expression311" [label="Expression"]
	"Assignment295" -> "Expression311"
	"Term312" [label="Term"]
	"Expression311" -> "Term312"
	"G313" [label="G"]
	"Term312" -> "G313"
	"F314" [label="F"]
	"G313" -> "F314"
	"num315" [label="num",style=filled,fillcolor=powderblue]
	"F314" -> "num315"
	"G'316" [label="G'"]
	"G313" -> "G'316"
	"e317" [label="e"]
	"G'316" -> "e317"
	"Term'318" [label="Term'"]
	"Term312" -> "Term'318"
	"/319" [label="/",style=filled,fillcolor=powderblue]
	"Term'318" -> "/319"
	"G320" [label="G"]
	"Term'318" -> "G320"
	"F321" [label="F"]
	"G320" -> "F321"
	"num322" [label="num",style=filled,fillcolor=powderblue]
	"F321" -> "num322"
	"G'323" [label="G'"]
	"G320" -> "G'323"
	"e324" [label="e"]
	"G'323" -> "e324"
	"Term'325" [label="Term'"]
	"Term'318" -> "Term'325"
	"*326" [label="*",style=filled,fillcolor=powderblue]
	"Term'325" -> "*326"
	"G327" [label="G"]
	"Term'325" -> "G327"
	"F328" [label="F"]
	"G327" -> "F328"
	"num329" [label="num",style=filled,fillcolor=powderblue]
	"F328" -> "num329"
	"G'330" [label="G'"]
	"G327" -> "G'330"
	"e331" [label="e"]
	"G'330" -> "e331"
	"Term'332" [label="Term'"]
	"Term'325" -> "Term'332"
	"e333" [label="e"]
	"Term'332" -> "e333"
	"Expression'334" [label="Expression'"]
	"Expression311" -> "Expression'334"
	"e335" [label="e"]
	"Expression'334" -> "e335"
	"Statements'336" [label="Statements'"]
	"Statements'293" -> "Statements'336"
	"Statement337" [label="Statement"]
	"Statements'336" -> "Statement337"
	"Assignment338" [label="Assignment"]
	"Statement337" -> "Assignment338"
	"m339" [label="m",style=filled,fillcolor=powderblue]
	"Assignment338" -> "m339"
	"[340" [label="[",style=filled,fillcolor=powderblue]
	"Assignment338" -> "[340"
	"Expression341" [label="Expression"]
	"Assignment338" -> "Expression341"
	"Term342" [label="Term"]
	"Expression341" -> "Term342"
	"G343" [label="G"]
	"Term342" -> "G343"
	"F344" [label="F"]
	"G343" -> "F344"
	"num345" [label="num",style=filled,fillcolor=powderblue]
	"F344" -> "num345"
	"G'346" [label="G'"]
	"G343" -> "G'346"
	"e347" [label="e"]
	"G'346" -> "e347"
	"Term'348" [label="Term'"]
	"Term342" -> "Term'348"
	"e349" [label="e"]
	"Term'348" -> "e349"
	"Expression'350" [label="Expression'"]
	"Expression341" -> "Expression'350"
	"e351" [label="e"]
	"Expression'350" -> "e351"
	"]352" [label="]",style=filled,fillcolor=powderblue]
	"Assignment338" -> "]352"
	"=353" [label="=",style=filled,fillcolor=powderblue]
	"Assignment338" -> "=353"
	"Expression354" [label="Expression"]
	"Assignment338" -> "Expression354"
	"Term355" [label="Term"]
	"Expression354" -> "Term355"
	"G356" [label="G"]
	"Term355" -> "G356"
	"F357" [label="F"]
	"G356" -> "F357"
	"num358" [label="num",style=filled,fillcolor=powderblue]
	"F357" -> "num358"
	"G'359" [label="G'"]
	"G356" -> "G'359"
	"e360" [label="e"]
	"G'359" -> "e360"
	"Term'361" [label="Term'"]
	"Term355" -> "Term'361"
	"e362" [label="e"]
	"Term'361" -> "e362"
	"Expression'363" [label="Expression'"]
	"Expression354" -> "Expression'363"
	"+364" [label="+",style=filled,fillcolor=powderblue]
	"Expression'363" -> "+364"
	"Term365" [label="Term"]
	"Expression'363" -> "Term365"
	"G366" [label="G"]
	"Term365" -> "G366"
	"F367" [label="F"]
	"G366" -> "F367"
	"num368" [label="num",style=filled,fillcolor=powderblue]
	"F367" -> "num368"
	"G'369" [label="G'"]
	"G366" -> "G'369"
	"e370" [label="e"]
	"G'369" -> "e370"
	"Term'371" [label="Term'"]
	"Term365" -> "Term'371"
	"e372" [label="e"]
	"Term'371" -> "e372"
	"Expression'373" [label="Expression'"]
	"Expression'363" -> "Expression'373"
	"e374" [label="e"]
	"Expression'373" -> "e374"
	"Statements'375" [label="Statements'"]
	"Statements'336" -> "Statements'375"
	"Statement376" [label="Statement"]
	"Statements'375" -> "Statement376"
	"Assignment377" [label="Assignment"]
	"Statement376" -> "Assignment377"
	"m378" [label="m",style=filled,fillcolor=powderblue]
	"Assignment377" -> "m378"
	"[379" [label="[",style=filled,fillcolor=powderblue]
	"Assignment377" -> "[379"
	"Expression380" [label="Expression"]
	"Assignment377" -> "Expression380"
	"Term381" [label="Term"]
	"Expression380" -> "Term381"
	"G382" [label="G"]
	"Term381" -> "G382"
	"F383" [label="F"]
	"G382" -> "F383"
	"num384" [label="num",style=filled,fillcolor=powderblue]
	"F383" -> "num384"
	"G'385" [label="G'"]
	"G382" -> "G'385"
	"e386" [label="e"]
	"G'385" -> "e386"
	"Term'387" [label="Term'"]
	"Term381" -> "Term'387"
	"e388" [label="e"]
	"Term'387" -> "e388"
	"Expression'389" [label="Expression'"]
	"Expression380" -> "Expression'389"
	"e390" [label="e"]
	"Expression'389" -> "e390"
	"]391" [label="]",style=filled,fillcolor=powderblue]
	"Assignment377" -> "]391"
	"=392" [label="=",style=filled,fillcolor=powderblue]
	"Assignment377" -> "=392"
	"Expression393" [label="Expression"]
	"Assignment377" -> "Expression393"
	"Term394" [label="Term"]
	"Expression393" -> "Term394"
	"G395" [label="G"]
	"Term394" -> "G395"
	"F396" [label="F"]
	"G395" -> "F396"
	"num397" [label="num",style=filled,fillcolor=powderblue]
	"F396" -> "num397"
	"G'398" [label="G'"]
	"G395" -> "G'398"
	"e399" [label="e"]
	"G'398" -> "e399"
	"Term'400" [label="Term'"]
	"Term394" -> "Term'400"
	"e401" [label="e"]
	"Term'400" -> "e401"
	"Expression'402" [label="Expression'"]
	"Expression393" -> "Expression'402"
	"-403" [label="-",style=filled,fillcolor=powderblue]
	"Expression'402" -> "-403"
	"Term404" [label="Term"]
	"Expression'402" -> "Term404"
	"G405" [label="G"]
	"Term404" -> "G405"
	"F406" [label="F"]
	"G405" -> "F406"
	"(407" [label="(",style=filled,fillcolor=powderblue]
	"F406" -> "(407"
	"Expression408" [label="Expression"]
	"F406" -> "Expression408"
	"Term409" [label="Term"]
	"Expression408" -> "Term409"
	"G410" [label="G"]
	"Term409" -> "G410"
	"F411" [label="F"]
	"G410" -> "F411"
	"m412" [label="m",style=filled,fillcolor=powderblue]
	"F411" -> "m412"
	"[413" [label="[",style=filled,fillcolor=powderblue]
	"F411" -> "[413"
	"Expression414" [label="Expression"]
	"F411" -> "Expression414"
	"Term415" [label="Term"]
	"Expression414" -> "Term415"
	"G416" [label="G"]
	"Term415" -> "G416"
	"F417" [label="F"]
	"G416" -> "F417"
	"num418" [label="num",style=filled,fillcolor=powderblue]
	"F417" -> "num418"
	"G'419" [label="G'"]
	"G416" -> "G'419"
	"e420" [label="e"]
	"G'419" -> "e420"
	"Term'421" [label="Term'"]
	"Term415" -> "Term'421"
	"e422" [label="e"]
	"Term'421" -> "e422"
	"Expression'423" [label="Expression'"]
	"Expression414" -> "Expression'423"
	"e424" [label="e"]
	"Expression'423" -> "e424"
	"]425" [label="]",style=filled,fillcolor=powderblue]
	"F411" -> "]425"
	"G'426" [label="G'"]
	"G410" -> "G'426"
	"e427" [label="e"]
	"G'426" -> "e427"
	"Term'428" [label="Term'"]
	"Term409" -> "Term'428"
	"e429" [label="e"]
	"Term'428" -> "e429"
	"Expression'430" [label="Expression'"]
	"Expression408" -> "Expression'430"
	"-431" [label="-",style=filled,fillcolor=powderblue]
	"Expression'430" -> "-431"
	"Term432" [label="Term"]
	"Expression'430" -> "Term432"
	"G433" [label="G"]
	"Term432" -> "G433"
	"F434" [label="F"]
	"G433" -> "F434"
	"num435" [label="num",style=filled,fillcolor=powderblue]
	"F434" -> "num435"
	"G'436" [label="G'"]
	"G433" -> "G'436"
	"e437" [label="e"]
	"G'436" -> "e437"
	"Term'438" [label="Term'"]
	"Term432" -> "Term'438"
	"e439" [label="e"]
	"Term'438" -> "e439"
	"Expression'440" [label="Expression'"]
	"Expression'430" -> "Expression'440"
	"e441" [label="e"]
	"Expression'440" -> "e441"
	")442" [label=")",style=filled,fillcolor=powderblue]
	"F406" -> ")442"
	"G'443" [label="G'"]
	"G405" -> "G'443"
	"e444" [label="e"]
	"G'443" -> "e444"
	"Term'445" [label="Term'"]
	"Term404" -> "Term'445"
	"e446" [label="e"]
	"Term'445" -> "e446"
	"Expression'447" [label="Expression'"]
	"Expression'402" -> "Expression'447"
	"e448" [label="e"]
	"Expression'447" -> "e448"
	"Statements'449" [label="Statements'"]
	"Statements'375" -> "Statements'449"
	"Statement450" [label="Statement"]
	"Statements'449" -> "Statement450"
	"Assignment451" [label="Assignment"]
	"Statement450" -> "Assignment451"
	"m452" [label="m",style=filled,fillcolor=powderblue]
	"Assignment451" -> "m452"
	"[453" [label="[",style=filled,fillcolor=powderblue]
	"Assignment451" -> "[453"
	"Expression454" [label="Expression"]
	"Assignment451" -> "Expression454"
	"Term455" [label="Term"]
	"Expression454" -> "Term455"
	"G456" [label="G"]
	"Term455" -> "G456"
	"F457" [label="F"]
	"G456" -> "F457"
	"num458" [label="num",style=filled,fillcolor=powderblue]
	"F457" -> "num458"
	"G'459" [label="G'"]
	"G456" -> "G'459"
	"e460" [label="e"]
	"G'459" -> "e460"
	"Term'461" [label="Term'"]
	"Term455" -> "Term'461"
	"e462" [label="e"]
	"Term'461" -> "e462"
	"Expression'463" [label="Expression'"]
	"Expression454" -> "Expression'463"
	"e464" [label="e"]
	"Expression'463" -> "e464"
	"]465" [label="]",style=filled,fillcolor=powderblue]
	"Assignment451" -> "]465"
	"=466" [label="=",style=filled,fillcolor=powderblue]
	"Assignment451" -> "=466"
	"Expression467" [label="Expression"]
	"Assignment451" -> "Expression467"
	"Term468" [label="Term"]
	"Expression467" -> "Term468"
	"G469" [label="G"]
	"Term468" -> "G469"
	"F470" [label="F"]
	"G469" -> "F470"
	"num471" [label="num",style=filled,fillcolor=powderblue]
	"F470" -> "num471"
	"G'472" [label="G'"]
	"G469" -> "G'472"
	"e473" [label="e"]
	"G'472" -> "e473"
	"Term'474" [label="Term'"]
	"Term468" -> "Term'474"
	"/475" [label="/",style=filled,fillcolor=powderblue]
	"Term'474" -> "/475"
	"G476" [label="G"]
	"Term'474" -> "G476"
	"F477" [label="F"]
	"G476" -> "F477"
	"num478" [label="num",style=filled,fillcolor=powderblue]
	"F477" -> "num478"
	"G'479" [label="G'"]
	"G476" -> "G'479"
	"e480" [label="e"]
	"G'479" -> "e480"
	"Term'481" [label="Term'"]
	"Term'474" -> "Term'481"
	"*482" [label="*",style=filled,fillcolor=powderblue]
	"Term'481" -> "*482"
	"G483" [label="G"]
	"Term'481" -> "G483"
	"F484" [label="F"]
	"G483" -> "F484"
	"num485" [label="num",style=filled,fillcolor=powderblue]
	"F484" -> "num485"
	"G'486" [label="G'"]
	"G483" -> "G'486"
scan error: unrecognized character 'ÿ' -line 13
