digraph G {
	"Start1" [label="Start"]
	"Statements2" [label="Statements"]
	"Start1" -> "Statements2"
	"Statement3" [label="Statement"]
	"Statements2" -> "Statement3"
	"Assignment4" [label="Assignment"]
	"Statement3" -> "Assignment4"
	"m5" [label="m",style=filled,fillcolor=powderblue]
	"Assignment4" -> "m5"
	"[6" [label="[",style=filled,fillcolor=powderblue]
	"Assignment4" -> "[6"
	"Expression7" [label="Expression"]
	"Assignment4" -> "Expression7"
	"Term8" [label="Term"]
	"Expression7" -> "Term8"
	"G9" [label="G"]
	"Term8" -> "G9"
	"F10" [label="F"]
	"G9" -> "F10"
	"num11" [label="num",style=filled,fillcolor=powderblue]
	"F10" -> "num11"
	"G'12" [label="G'"]
	"G9" -> "G'12"
	"e13" [label="e"]
	"G'12" -> "e13"
	"Term'14" [label="Term'"]
	"Term8" -> "Term'14"
	"e15" [label="e"]
	"Term'14" -> "e15"
	"Expression'16" [label="Expression'"]
	"Expression7" -> "Expression'16"
	"e17" [label="e"]
	"Expression'16" -> "e17"
	"]18" [label="]",style=filled,fillcolor=powderblue]
	"Assignment4" -> "]18"
	"=19" [label="=",style=filled,fillcolor=powderblue]
	"Assignment4" -> "=19"
	"Expression20" [label="Expression"]
	"Assignment4" -> "Expression20"
	"Term21" [label="Term"]
	"Expression20" -> "Term21"
	"G22" [label="G"]
	"Term21" -> "G22"
	"F23" [label="F"]
	"G22" -> "F23"
	"num24" [label="num",style=filled,fillcolor=powderblue]
	"F23" -> "num24"
	"G'25" [label="G'"]
	"G22" -> "G'25"
	"e26" [label="e"]
	"G'25" -> "e26"
	"Term'27" [label="Term'"]
	"Term21" -> "Term'27"
	"e28" [label="e"]
	"Term'27" -> "e28"
	"Expression'29" [label="Expression'"]
	"Expression20" -> "Expression'29"
	"+30" [label="+",style=filled,fillcolor=powderblue]
	"Expression'29" -> "+30"
	"Term31" [label="Term"]
	"Expression'29" -> "Term31"
	"G32" [label="G"]
	"Term31" -> "G32"
	"F33" [label="F"]
	"G32" -> "F33"
	"num34" [label="num",style=filled,fillcolor=powderblue]
	"F33" -> "num34"
	"G'35" [label="G'"]
	"G32" -> "G'35"
	"e36" [label="e"]
	"G'35" -> "e36"
	"Term'37" [label="Term'"]
	"Term31" -> "Term'37"
	"e38" [label="e"]
	"Term'37" -> "e38"
	"Expression'39" [label="Expression'"]
	"Expression'29" -> "Expression'39"
	"e40" [label="e"]
	"Expression'39" -> "e40"
	"Statements'41" [label="Statements'"]
	"Statements2" -> "Statements'41"
	"Statement42" [label="Statement"]
	"Statements'41" -> "Statement42"
	"Assignment43" [label="Assignment"]
	"Statement42" -> "Assignment43"
	"m44" [label="m",style=filled,fillcolor=powderblue]
	"Assignment43" -> "m44"
	"[45" [label="[",style=filled,fillcolor=powderblue]
	"Assignment43" -> "[45"
	"Expression46" [label="Expression"]
	"Assignment43" -> "Expression46"
	"Term47" [label="Term"]
	"Expression46" -> "Term47"
	"G48" [label="G"]
	"Term47" -> "G48"
	"F49" [label="F"]
	"G48" -> "F49"
	"num50" [label="num",style=filled,fillcolor=powderblue]
	"F49" -> "num50"
	"G'51" [label="G'"]
	"G48" -> "G'51"
	"e52" [label="e"]
	"G'51" -> "e52"
	"Term'53" [label="Term'"]
	"Term47" -> "Term'53"
	"e54" [label="e"]
	"Term'53" -> "e54"
	"Expression'55" [label="Expression'"]
	"Expression46" -> "Expression'55"
	"e56" [label="e"]
	"Expression'55" -> "e56"
	"]57" [label="]",style=filled,fillcolor=powderblue]
	"Assignment43" -> "]57"
	"=58" [label="=",style=filled,fillcolor=powderblue]
	"Assignment43" -> "=58"
	"Expression59" [label="Expression"]
	"Assignment43" -> "Expression59"
	"Term60" [label="Term"]
	"Expression59" -> "Term60"
	"G61" [label="G"]
	"Term60" -> "G61"
	"F62" [label="F"]
	"G61" -> "F62"
	"num63" [label="num",style=filled,fillcolor=powderblue]
	"F62" -> "num63"
	"G'64" [label="G'"]
	"G61" -> "G'64"
	"e65" [label="e"]
	"G'64" -> "e65"
	"Term'66" [label="Term'"]
	"Term60" -> "Term'66"
	"e67" [label="e"]
	"Term'66" -> "e67"
	"Expression'68" [label="Expression'"]
	"Expression59" -> "Expression'68"
	"-69" [label="-",style=filled,fillcolor=powderblue]
	"Expression'68" -> "-69"
	"Term70" [label="Term"]
	"Expression'68" -> "Term70"
	"G71" [label="G"]
	"Term70" -> "G71"
	"F72" [label="F"]
	"G71" -> "F72"
	"(73" [label="(",style=filled,fillcolor=powderblue]
	"F72" -> "(73"
	"Expression74" [label="Expression"]
	"F72" -> "Expression74"
	"Term75" [label="Term"]
	"Expression74" -> "Term75"
	"G76" [label="G"]
	"Term75" -> "G76"
	"F77" [label="F"]
	"G76" -> "F77"
	"m78" [label="m",style=filled,fillcolor=powderblue]
	"F77" -> "m78"
	"[79" [label="[",style=filled,fillcolor=powderblue]
	"F77" -> "[79"
	"Expression80" [label="Expression"]
	"F77" -> "Expression80"
	"Term81" [label="Term"]
	"Expression80" -> "Term81"
	"G82" [label="G"]
	"Term81" -> "G82"
	"F83" [label="F"]
	"G82" -> "F83"
	"num84" [label="num",style=filled,fillcolor=powderblue]
	"F83" -> "num84"
	"G'85" [label="G'"]
	"G82" -> "G'85"
	"e86" [label="e"]
	"G'85" -> "e86"
	"Term'87" [label="Term'"]
	"Term81" -> "Term'87"
	"e88" [label="e"]
	"Term'87" -> "e88"
	"Expression'89" [label="Expression'"]
	"Expression80" -> "Expression'89"
	"e90" [label="e"]
	"Expression'89" -> "e90"
	"]91" [label="]",style=filled,fillcolor=powderblue]
	"F77" -> "]91"
	"G'92" [label="G'"]
	"G76" -> "G'92"
	"e93" [label="e"]
	"G'92" -> "e93"
	"Term'94" [label="Term'"]
	"Term75" -> "Term'94"
	"e95" [label="e"]
	"Term'94" -> "e95"
	"Expression'96" [label="Expression'"]
	"Expression74" -> "Expression'96"
	"-97" [label="-",style=filled,fillcolor=powderblue]
	"Expression'96" -> "-97"
	"Term98" [label="Term"]
	"Expression'96" -> "Term98"
	"G99" [label="G"]
	"Term98" -> "G99"
	"F100" [label="F"]
	"G99" -> "F100"
	"num101" [label="num",style=filled,fillcolor=powderblue]
	"F100" -> "num101"
	"G'102" [label="G'"]
	"G99" -> "G'102"
	"e103" [label="e"]
	"G'102" -> "e103"
	"Term'104" [label="Term'"]
	"Term98" -> "Term'104"
	"e105" [label="e"]
	"Term'104" -> "e105"
	"Expression'106" [label="Expression'"]
	"Expression'96" -> "Expression'106"
	"e107" [label="e"]
	"Expression'106" -> "e107"
	")108" [label=")",style=filled,fillcolor=powderblue]
	"F72" -> ")108"
	"G'109" [label="G'"]
	"G71" -> "G'109"
	"e110" [label="e"]
	"G'109" -> "e110"
	"Term'111" [label="Term'"]
	"Term70" -> "Term'111"
	"e112" [label="e"]
	"Term'111" -> "e112"
	"Expression'113" [label="Expression'"]
	"Expression'68" -> "Expression'113"
	"e114" [label="e"]
	"Expression'113" -> "e114"
	"Statements'115" [label="Statements'"]
	"Statements'41" -> "Statements'115"
	"Statement116" [label="Statement"]
	"Statements'115" -> "Statement116"
	"Assignment117" [label="Assignment"]
	"Statement116" -> "Assignment117"
	"m118" [label="m",style=filled,fillcolor=powderblue]
	"Assignment117" -> "m118"
	"[119" [label="[",style=filled,fillcolor=powderblue]
	"Assignment117" -> "[119"
	"Expression120" [label="Expression"]
	"Assignment117" -> "Expression120"
	"Term121" [label="Term"]
	"Expression120" -> "Term121"
	"G122" [label="G"]
	"Term121" -> "G122"
	"F123" [label="F"]
	"G122" -> "F123"
	"num124" [label="num",style=filled,fillcolor=powderblue]
	"F123" -> "num124"
	"G'125" [label="G'"]
	"G122" -> "G'125"
	"e126" [label="e"]
	"G'125" -> "e126"
	"Term'127" [label="Term'"]
	"Term121" -> "Term'127"
	"e128" [label="e"]
	"Term'127" -> "e128"
	"Expression'129" [label="Expression'"]
	"Expression120" -> "Expression'129"
	"e130" [label="e"]
	"Expression'129" -> "e130"
	"]131" [label="]",style=filled,fillcolor=powderblue]
	"Assignment117" -> "]131"
	"=132" [label="=",style=filled,fillcolor=powderblue]
	"Assignment117" -> "=132"
	"Expression133" [label="Expression"]
	"Assignment117" -> "Expression133"
	"Term134" [label="Term"]
	"Expression133" -> "Term134"
	"G135" [label="G"]
	"Term134" -> "G135"
	"F136" [label="F"]
	"G135" -> "F136"
	"num137" [label="num",style=filled,fillcolor=powderblue]
	"F136" -> "num137"
	"G'138" [label="G'"]
	"G135" -> "G'138"
	"e139" [label="e"]
	"G'138" -> "e139"
	"Term'140" [label="Term'"]
	"Term134" -> "Term'140"
	"e141" [label="e"]
	"Term'140" -> "e141"
	"Expression'142" [label="Expression'"]
	"Expression133" -> "Expression'142"
	"+143" [label="+",style=filled,fillcolor=powderblue]
	"Expression'142" -> "+143"
	"Term144" [label="Term"]
	"Expression'142" -> "Term144"
	"G145" [label="G"]
	"Term144" -> "G145"
	"F146" [label="F"]
	"G145" -> "F146"
	"m147" [label="m",style=filled,fillcolor=powderblue]
	"F146" -> "m147"
	"[148" [label="[",style=filled,fillcolor=powderblue]
	"F146" -> "[148"
	"Expression149" [label="Expression"]
	"F146" -> "Expression149"
	"Term150" [label="Term"]
	"Expression149" -> "Term150"
	"G151" [label="G"]
	"Term150" -> "G151"
	"F152" [label="F"]
	"G151" -> "F152"
	"num153" [label="num",style=filled,fillcolor=powderblue]
	"F152" -> "num153"
	"G'154" [label="G'"]
	"G151" -> "G'154"
	"e155" [label="e"]
	"G'154" -> "e155"
	"Term'156" [label="Term'"]
	"Term150" -> "Term'156"
	"e157" [label="e"]
	"Term'156" -> "e157"
	"Expression'158" [label="Expression'"]
	"Expression149" -> "Expression'158"
	"e159" [label="e"]
	"Expression'158" -> "e159"
	"]160" [label="]",style=filled,fillcolor=powderblue]
	"F146" -> "]160"
	"G'161" [label="G'"]
	"G145" -> "G'161"
	"e162" [label="e"]
	"G'161" -> "e162"
	"Term'163" [label="Term'"]
	"Term144" -> "Term'163"
	"e164" [label="e"]
	"Term'163" -> "e164"
	"Expression'165" [label="Expression'"]
	"Expression'142" -> "Expression'165"
	"e166" [label="e"]
	"Expression'165" -> "e166"
	"Statements'167" [label="Statements'"]
	"Statements'115" -> "Statements'167"
	"Statement168" [label="Statement"]
	"Statements'167" -> "Statement168"
	"Assignment169" [label="Assignment"]
	"Statement168" -> "Assignment169"
	"m170" [label="m",style=filled,fillcolor=powderblue]
	"Assignment169" -> "m170"
	"[171" [label="[",style=filled,fillcolor=powderblue]
	"Assignment169" -> "[171"
	"Expression172" [label="Expression"]
	"Assignment169" -> "Expression172"
	"Term173" [label="Term"]
	"Expression172" -> "Term173"
	"G174" [label="G"]
	"Term173" -> "G174"
	"F175" [label="F"]
	"G174" -> "F175"
	"num176" [label="num",style=filled,fillcolor=powderblue]
	"F175" -> "num176"
	"G'177" [label="G'"]
	"G174" -> "G'177"
	"e178" [label="e"]
	"G'177" -> "e178"
	"Term'179" [label="Term'"]
	"Term173" -> "Term'179"
	"e180" [label="e"]
	"Term'179" -> "e180"
	"Expression'181" [label="Expression'"]
	"Expression172" -> "Expression'181"
	"e182" [label="e"]
	"Expression'181" -> "e182"
	"]183" [label="]",style=filled,fillcolor=powderblue]
	"Assignment169" -> "]183"
	"=184" [label="=",style=filled,fillcolor=powderblue]
	"Assignment169" -> "=184"
	"Expression185" [label="Expression"]
	"Assignment169" -> "Expression185"
	"Term186" [label="Term"]
	"Expression185" -> "Term186"
	"G187" [label="G"]
	"Term186" -> "G187"
	"F188" [label="F"]
	"G187" -> "F188"
	"num189" [label="num",style=filled,fillcolor=powderblue]
	"F188" -> "num189"
	"G'190" [label="G'"]
	"G187" -> "G'190"
	"e191" [label="e"]
	"G'190" -> "e191"
	"Term'192" [label="Term'"]
	"Term186" -> "Term'192"
	"e193" [label="e"]
	"Term'192" -> "e193"
	"Expression'194" [label="Expression'"]
	"Expression185" -> "Expression'194"
	"-195" [label="-",style=filled,fillcolor=powderblue]
	"Expression'194" -> "-195"
	"Term196" [label="Term"]
	"Expression'194" -> "Term196"
	"G197" [label="G"]
	"Term196" -> "G197"
	"F198" [label="F"]
	"G197" -> "F198"
	"m199" [label="m",style=filled,fillcolor=powderblue]
	"F198" -> "m199"
	"[200" [label="[",style=filled,fillcolor=powderblue]
	"F198" -> "[200"
	"Expression201" [label="Expression"]
	"F198" -> "Expression201"
	"Term202" [label="Term"]
	"Expression201" -> "Term202"
	"G203" [label="G"]
	"Term202" -> "G203"
	"F204" [label="F"]
	"G203" -> "F204"
	"num205" [label="num",style=filled,fillcolor=powderblue]
	"F204" -> "num205"
	"G'206" [label="G'"]
	"G203" -> "G'206"
	"**207" [label="**",style=filled,fillcolor=powderblue]
	"G'206" -> "**207"
	"G208" [label="G"]
	"G'206" -> "G208"
	"F209" [label="F"]
	"G208" -> "F209"
	"num210" [label="num",style=filled,fillcolor=powderblue]
	"F209" -> "num210"
	"G'211" [label="G'"]
	"G208" -> "G'211"
	"e212" [label="e"]
	"G'211" -> "e212"
	"Term'213" [label="Term'"]
	"Term202" -> "Term'213"
	"*214" [label="*",style=filled,fillcolor=powderblue]
	"Term'213" -> "*214"
	"G215" [label="G"]
	"Term'213" -> "G215"
	"F216" [label="F"]
	"G215" -> "F216"
	"num217" [label="num",style=filled,fillcolor=powderblue]
	"F216" -> "num217"
	"G'218" [label="G'"]
	"G215" -> "G'218"
	"e219" [label="e"]
	"G'218" -> "e219"
	"Term'220" [label="Term'"]
	"Term'213" -> "Term'220"
	"e221" [label="e"]
	"Term'220" -> "e221"
	"Expression'222" [label="Expression'"]
	"Expression201" -> "Expression'222"
	"-223" [label="-",style=filled,fillcolor=powderblue]
	"Expression'222" -> "-223"
	"Term224" [label="Term"]
	"Expression'222" -> "Term224"
	"G225" [label="G"]
	"Term224" -> "G225"
	"F226" [label="F"]
	"G225" -> "F226"
	"num227" [label="num",style=filled,fillcolor=powderblue]
	"F226" -> "num227"
	"G'228" [label="G'"]
	"G225" -> "G'228"
	"e229" [label="e"]
	"G'228" -> "e229"
	"Term'230" [label="Term'"]
	"Term224" -> "Term'230"
	"e231" [label="e"]
	"Term'230" -> "e231"
	"Expression'232" [label="Expression'"]
	"Expression'222" -> "Expression'232"
	"e233" [label="e"]
	"Expression'232" -> "e233"
	"]234" [label="]",style=filled,fillcolor=powderblue]
	"F198" -> "]234"
	"G'235" [label="G'"]
	"G197" -> "G'235"
	"e236" [label="e"]
	"G'235" -> "e236"
	"Term'237" [label="Term'"]
	"Term196" -> "Term'237"
	"e238" [label="e"]
	"Term'237" -> "e238"
	"Expression'239" [label="Expression'"]
	"Expression'194" -> "Expression'239"
	"-240" [label="-",style=filled,fillcolor=powderblue]
	"Expression'239" -> "-240"
	"Term241" [label="Term"]
	"Expression'239" -> "Term241"
	"G242" [label="G"]
	"Term241" -> "G242"
	"F243" [label="F"]
	"G242" -> "F243"
	"num244" [label="num",style=filled,fillcolor=powderblue]
	"F243" -> "num244"
	"G'245" [label="G'"]
	"G242" -> "G'245"
	"e246" [label="e"]
	"G'245" -> "e246"
	"Term'247" [label="Term'"]
	"Term241" -> "Term'247"
	"e248" [label="e"]
	"Term'247" -> "e248"
	"Expression'249" [label="Expression'"]
	"Expression'239" -> "Expression'249"
	"e250" [label="e"]
	"Expression'249" -> "e250"
	"Statements'251" [label="Statements'"]
	"Statements'167" -> "Statements'251"
	"Statement252" [label="Statement"]
	"Statements'251" -> "Statement252"
	"Label253" [label="Label"]
	"Statement252" -> "Label253"
	"L254" [label="L",style=filled,fillcolor=powderblue]
	"Label253" -> "L254"
	"num255" [label="num",style=filled,fillcolor=powderblue]
	"Label253" -> "num255"
	":256" [label=":",style=filled,fillcolor=powderblue]
	"Label253" -> ":256"
	"Statements'257" [label="Statements'"]
	"Statements'251" -> "Statements'257"
	"Statement258" [label="Statement"]
	"Statements'257" -> "Statement258"
	"Assignment259" [label="Assignment"]
	"Statement258" -> "Assignment259"
	"m260" [label="m",style=filled,fillcolor=powderblue]
	"Assignment259" -> "m260"
	"[261" [label="[",style=filled,fillcolor=powderblue]
	"Assignment259" -> "[261"
	"Expression262" [label="Expression"]
	"Assignment259" -> "Expression262"
	"Term263" [label="Term"]
	"Expression262" -> "Term263"
	"G264" [label="G"]
	"Term263" -> "G264"
	"F265" [label="F"]
	"G264" -> "F265"
	"num266" [label="num",style=filled,fillcolor=powderblue]
	"F265" -> "num266"
	"G'267" [label="G'"]
	"G264" -> "G'267"
	"e268" [label="e"]
	"G'267" -> "e268"
	"Term'269" [label="Term'"]
	"Term263" -> "Term'269"
	"e270" [label="e"]
	"Term'269" -> "e270"
	"Expression'271" [label="Expression'"]
	"Expression262" -> "Expression'271"
	"e272" [label="e"]
	"Expression'271" -> "e272"
	"]273" [label="]",style=filled,fillcolor=powderblue]
	"Assignment259" -> "]273"
	"=274" [label="=",style=filled,fillcolor=powderblue]
	"Assignment259" -> "=274"
	"Expression275" [label="Expression"]
	"Assignment259" -> "Expression275"
	"Term276" [label="Term"]
	"Expression275" -> "Term276"
	"G277" [label="G"]
	"Term276" -> "G277"
	"F278" [label="F"]
	"G277" -> "F278"
	"num279" [label="num",style=filled,fillcolor=powderblue]
	"F278" -> "num279"
	"G'280" [label="G'"]
	"G277" -> "G'280"
	"e281" [label="e"]
	"G'280" -> "e281"
	"Term'282" [label="Term'"]
	"Term276" -> "Term'282"
	"e283" [label="e"]
	"Term'282" -> "e283"
	"Expression'284" [label="Expression'"]
	"Expression275" -> "Expression'284"
	"-285" [label="-",style=filled,fillcolor=powderblue]
	"Expression'284" -> "-285"
	"Term286" [label="Term"]
	"Expression'284" -> "Term286"
	"G287" [label="G"]
	"Term286" -> "G287"
	"F288" [label="F"]
	"G287" -> "F288"
	"(289" [label="(",style=filled,fillcolor=powderblue]
	"F288" -> "(289"
	"Expression290" [label="Expression"]
	"F288" -> "Expression290"
	"Term291" [label="Term"]
	"Expression290" -> "Term291"
	"G292" [label="G"]
	"Term291" -> "G292"
	"F293" [label="F"]
	"G292" -> "F293"
	"m294" [label="m",style=filled,fillcolor=powderblue]
	"F293" -> "m294"
	"[295" [label="[",style=filled,fillcolor=powderblue]
	"F293" -> "[295"
	"Expression296" [label="Expression"]
	"F293" -> "Expression296"
	"Term297" [label="Term"]
	"Expression296" -> "Term297"
	"G298" [label="G"]
	"Term297" -> "G298"
	"F299" [label="F"]
	"G298" -> "F299"
	"num300" [label="num",style=filled,fillcolor=powderblue]
	"F299" -> "num300"
	"G'301" [label="G'"]
	"G298" -> "G'301"
	"e302" [label="e"]
	"G'301" -> "e302"
	"Term'303" [label="Term'"]
	"Term297" -> "Term'303"
	"e304" [label="e"]
	"Term'303" -> "e304"
	"Expression'305" [label="Expression'"]
	"Expression296" -> "Expression'305"
	"e306" [label="e"]
	"Expression'305" -> "e306"
	"]307" [label="]",style=filled,fillcolor=powderblue]
	"F293" -> "]307"
	"G'308" [label="G'"]
	"G292" -> "G'308"
	"e309" [label="e"]
	"G'308" -> "e309"
	"Term'310" [label="Term'"]
	"Term291" -> "Term'310"
	"e311" [label="e"]
	"Term'310" -> "e311"
	"Expression'312" [label="Expression'"]
	"Expression290" -> "Expression'312"
	"-313" [label="-",style=filled,fillcolor=powderblue]
	"Expression'312" -> "-313"
	"Term314" [label="Term"]
	"Expression'312" -> "Term314"
	"G315" [label="G"]
	"Term314" -> "G315"
	"F316" [label="F"]
	"G315" -> "F316"
	"num317" [label="num",style=filled,fillcolor=powderblue]
	"F316" -> "num317"
	"G'318" [label="G'"]
	"G315" -> "G'318"
	"e319" [label="e"]
	"G'318" -> "e319"
	"Term'320" [label="Term'"]
	"Term314" -> "Term'320"
	"e321" [label="e"]
	"Term'320" -> "e321"
	"Expression'322" [label="Expression'"]
	"Expression'312" -> "Expression'322"
	"e323" [label="e"]
	"Expression'322" -> "e323"
	")324" [label=")",style=filled,fillcolor=powderblue]
	"F288" -> ")324"
	"G'325" [label="G'"]
	"G287" -> "G'325"
	"e326" [label="e"]
	"G'325" -> "e326"
	"Term'327" [label="Term'"]
	"Term286" -> "Term'327"
	"e328" [label="e"]
	"Term'327" -> "e328"
	"Expression'329" [label="Expression'"]
	"Expression'284" -> "Expression'329"
	"e330" [label="e"]
	"Expression'329" -> "e330"
	"Statements'331" [label="Statements'"]
	"Statements'257" -> "Statements'331"
	"Statement332" [label="Statement"]
	"Statements'331" -> "Statement332"
	"Assignment333" [label="Assignment"]
	"Statement332" -> "Assignment333"
	"m334" [label="m",style=filled,fillcolor=powderblue]
	"Assignment333" -> "m334"
	"[335" [label="[",style=filled,fillcolor=powderblue]
	"Assignment333" -> "[335"
	"Expression336" [label="Expression"]
	"Assignment333" -> "Expression336"
	"Term337" [label="Term"]
	"Expression336" -> "Term337"
	"G338" [label="G"]
	"Term337" -> "G338"
	"F339" [label="F"]
	"G338" -> "F339"
	"num340" [label="num",style=filled,fillcolor=powderblue]
	"F339" -> "num340"
	"G'341" [label="G'"]
	"G338" -> "G'341"
	"e342" [label="e"]
	"G'341" -> "e342"
	"Term'343" [label="Term'"]
	"Term337" -> "Term'343"
	"e344" [label="e"]
	"Term'343" -> "e344"
	"Expression'345" [label="Expression'"]
	"Expression336" -> "Expression'345"
	"e346" [label="e"]
	"Expression'345" -> "e346"
	"]347" [label="]",style=filled,fillcolor=powderblue]
	"Assignment333" -> "]347"
	"=348" [label="=",style=filled,fillcolor=powderblue]
	"Assignment333" -> "=348"
	"Expression349" [label="Expression"]
	"Assignment333" -> "Expression349"
	"Term350" [label="Term"]
	"Expression349" -> "Term350"
	"G351" [label="G"]
	"Term350" -> "G351"
	"F352" [label="F"]
	"G351" -> "F352"
	"num353" [label="num",style=filled,fillcolor=powderblue]
	"F352" -> "num353"
	"G'354" [label="G'"]
	"G351" -> "G'354"
	"e355" [label="e"]
	"G'354" -> "e355"
	"Term'356" [label="Term'"]
	"Term350" -> "Term'356"
	"/357" [label="/",style=filled,fillcolor=powderblue]
	"Term'356" -> "/357"
	"G358" [label="G"]
	"Term'356" -> "G358"
	"F359" [label="F"]
	"G358" -> "F359"
	"num360" [label="num",style=filled,fillcolor=powderblue]
	"F359" -> "num360"
	"G'361" [label="G'"]
	"G358" -> "G'361"
	"e362" [label="e"]
	"G'361" -> "e362"
	"Term'363" [label="Term'"]
	"Term'356" -> "Term'363"
	"*364" [label="*",style=filled,fillcolor=powderblue]
	"Term'363" -> "*364"
	"G365" [label="G"]
	"Term'363" -> "G365"
	"F366" [label="F"]
	"G365" -> "F366"
	"num367" [label="num",style=filled,fillcolor=powderblue]
	"F366" -> "num367"
	"G'368" [label="G'"]
	"G365" -> "G'368"
	"e369" [label="e"]
	"G'368" -> "e369"
	"Term'370" [label="Term'"]
	"Term'363" -> "Term'370"
	"e371" [label="e"]
	"Term'370" -> "e371"
	"Expression'372" [label="Expression'"]
	"Expression349" -> "Expression'372"
	"e373" [label="e"]
	"Expression'372" -> "e373"
	"Statements'374" [label="Statements'"]
	"Statements'331" -> "Statements'374"
	"Statement375" [label="Statement"]
	"Statements'374" -> "Statement375"
	"Assignment376" [label="Assignment"]
	"Statement375" -> "Assignment376"
	"m377" [label="m",style=filled,fillcolor=powderblue]
	"Assignment376" -> "m377"
	"[378" [label="[",style=filled,fillcolor=powderblue]
	"Assignment376" -> "[378"
	"Expression379" [label="Expression"]
	"Assignment376" -> "Expression379"
	"Term380" [label="Term"]
	"Expression379" -> "Term380"
	"G381" [label="G"]
	"Term380" -> "G381"
	"F382" [label="F"]
	"G381" -> "F382"
	"num383" [label="num",style=filled,fillcolor=powderblue]
	"F382" -> "num383"
	"G'384" [label="G'"]
	"G381" -> "G'384"
	"e385" [label="e"]
	"G'384" -> "e385"
	"Term'386" [label="Term'"]
	"Term380" -> "Term'386"
	"e387" [label="e"]
	"Term'386" -> "e387"
	"Expression'388" [label="Expression'"]
	"Expression379" -> "Expression'388"
	"e389" [label="e"]
	"Expression'388" -> "e389"
	"]390" [label="]",style=filled,fillcolor=powderblue]
	"Assignment376" -> "]390"
	"=391" [label="=",style=filled,fillcolor=powderblue]
	"Assignment376" -> "=391"
	"Expression392" [label="Expression"]
	"Assignment376" -> "Expression392"
	"Term393" [label="Term"]
	"Expression392" -> "Term393"
	"G394" [label="G"]
	"Term393" -> "G394"
	"F395" [label="F"]
	"G394" -> "F395"
	"num396" [label="num",style=filled,fillcolor=powderblue]
	"F395" -> "num396"
	"G'397" [label="G'"]
	"G394" -> "G'397"
	"e398" [label="e"]
	"G'397" -> "e398"
	"Term'399" [label="Term'"]
	"Term393" -> "Term'399"
	"/400" [label="/",style=filled,fillcolor=powderblue]
	"Term'399" -> "/400"
	"G401" [label="G"]
	"Term'399" -> "G401"
	"F402" [label="F"]
	"G401" -> "F402"
	"num403" [label="num",style=filled,fillcolor=powderblue]
	"F402" -> "num403"
	"G'404" [label="G'"]
	"G401" -> "G'404"
	"e405" [label="e"]
	"G'404" -> "e405"
	"Term'406" [label="Term'"]
	"Term'399" -> "Term'406"
	"*407" [label="*",style=filled,fillcolor=powderblue]
	"Term'406" -> "*407"
	"G408" [label="G"]
	"Term'406" -> "G408"
	"F409" [label="F"]
	"G408" -> "F409"
	"num410" [label="num",style=filled,fillcolor=powderblue]
	"F409" -> "num410"
	"G'411" [label="G'"]
	"G408" -> "G'411"
	"e412" [label="e"]
	"G'411" -> "e412"
	"Term'413" [label="Term'"]
	"Term'406" -> "Term'413"
	"e414" [label="e"]
	"Term'413" -> "e414"
	"Expression'415" [label="Expression'"]
	"Expression392" -> "Expression'415"
	"e416" [label="e"]
	"Expression'415" -> "e416"
	"Statements'417" [label="Statements'"]
	"Statements'374" -> "Statements'417"
	"Statement418" [label="Statement"]
	"Statements'417" -> "Statement418"
	"Jump419" [label="Jump"]
	"Statement418" -> "Jump419"
	"goto420" [label="goto",style=filled,fillcolor=powderblue]
	"Jump419" -> "goto420"
	"num421" [label="num",style=filled,fillcolor=powderblue]
	"Jump419" -> "num421"
	"Jump'422" [label="Jump'"]
	"Jump419" -> "Jump'422"
	"e423" [label="e"]
	"Jump'422" -> "e423"
	"Statements'424" [label="Statements'"]
	"Statements'417" -> "Statements'424"
	"Statement425" [label="Statement"]
	"Statements'424" -> "Statement425"
	"Assignment426" [label="Assignment"]
	"Statement425" -> "Assignment426"
	"m427" [label="m",style=filled,fillcolor=powderblue]
	"Assignment426" -> "m427"
	"[428" [label="[",style=filled,fillcolor=powderblue]
	"Assignment426" -> "[428"
	"Expression429" [label="Expression"]
	"Assignment426" -> "Expression429"
	"Term430" [label="Term"]
	"Expression429" -> "Term430"
	"G431" [label="G"]
	"Term430" -> "G431"
	"F432" [label="F"]
	"G431" -> "F432"
	"num433" [label="num",style=filled,fillcolor=powderblue]
	"F432" -> "num433"
	"G'434" [label="G'"]
	"G431" -> "G'434"
	"e435" [label="e"]
	"G'434" -> "e435"
	"Term'436" [label="Term'"]
	"Term430" -> "Term'436"
	"e437" [label="e"]
	"Term'436" -> "e437"
	"Expression'438" [label="Expression'"]
	"Expression429" -> "Expression'438"
	"e439" [label="e"]
	"Expression'438" -> "e439"
	"]440" [label="]",style=filled,fillcolor=powderblue]
	"Assignment426" -> "]440"
	"=441" [label="=",style=filled,fillcolor=powderblue]
	"Assignment426" -> "=441"
	"Expression442" [label="Expression"]
	"Assignment426" -> "Expression442"
	"Term443" [label="Term"]
	"Expression442" -> "Term443"
	"G444" [label="G"]
	"Term443" -> "G444"
	"F445" [label="F"]
	"G444" -> "F445"
	"num446" [label="num",style=filled,fillcolor=powderblue]
	"F445" -> "num446"
	"G'447" [label="G'"]
	"G444" -> "G'447"
	"e448" [label="e"]
	"G'447" -> "e448"
	"Term'449" [label="Term'"]
	"Term443" -> "Term'449"
	"e450" [label="e"]
	"Term'449" -> "e450"
	"Expression'451" [label="Expression'"]
	"Expression442" -> "Expression'451"
	"+452" [label="+",style=filled,fillcolor=powderblue]
	"Expression'451" -> "+452"
	"Term453" [label="Term"]
	"Expression'451" -> "Term453"
	"G454" [label="G"]
	"Term453" -> "G454"
	"F455" [label="F"]
	"G454" -> "F455"
	"m456" [label="m",style=filled,fillcolor=powderblue]
	"F455" -> "m456"
	"[457" [label="[",style=filled,fillcolor=powderblue]
	"F455" -> "[457"
	"Expression458" [label="Expression"]
	"F455" -> "Expression458"
	"Term459" [label="Term"]
	"Expression458" -> "Term459"
	"G460" [label="G"]
	"Term459" -> "G460"
	"F461" [label="F"]
	"G460" -> "F461"
	"num462" [label="num",style=filled,fillcolor=powderblue]
	"F461" -> "num462"
	"G'463" [label="G'"]
	"G460" -> "G'463"
	"e464" [label="e"]
	"G'463" -> "e464"
	"Term'465" [label="Term'"]
	"Term459" -> "Term'465"
	"e466" [label="e"]
	"Term'465" -> "e466"
	"Expression'467" [label="Expression'"]
	"Expression458" -> "Expression'467"
	"e468" [label="e"]
	"Expression'467" -> "e468"
	"]469" [label="]",style=filled,fillcolor=powderblue]
	"F455" -> "]469"
	"G'470" [label="G'"]
	"G454" -> "G'470"
	"e471" [label="e"]
	"G'470" -> "e471"
	"Term'472" [label="Term'"]
	"Term453" -> "Term'472"
	"e473" [label="e"]
	"Term'472" -> "e473"
	"Expression'474" [label="Expression'"]
	"Expression'451" -> "Expression'474"
	"e475" [label="e"]
	"Expression'474" -> "e475"
	"Statements'476" [label="Statements'"]
	"Statements'424" -> "Statements'476"
	"Statement477" [label="Statement"]
	"Statements'476" -> "Statement477"
	"Assignment478" [label="Assignment"]
	"Statement477" -> "Assignment478"
	"m479" [label="m",style=filled,fillcolor=powderblue]
	"Assignment478" -> "m479"
	"[480" [label="[",style=filled,fillcolor=powderblue]
	"Assignment478" -> "[480"
	"Expression481" [label="Expression"]
	"Assignment478" -> "Expression481"
	"Term482" [label="Term"]
	"Expression481" -> "Term482"
	"G483" [label="G"]
	"Term482" -> "G483"
	"F484" [label="F"]
	"G483" -> "F484"
	"num485" [label="num",style=filled,fillcolor=powderblue]
	"F484" -> "num485"
	"G'486" [label="G'"]
	"G483" -> "G'486"
	"e487" [label="e"]
	"G'486" -> "e487"
	"Term'488" [label="Term'"]
	"Term482" -> "Term'488"
	"e489" [label="e"]
	"Term'488" -> "e489"
	"Expression'490" [label="Expression'"]
	"Expression481" -> "Expression'490"
	"e491" [label="e"]
	"Expression'490" -> "e491"
	"]492" [label="]",style=filled,fillcolor=powderblue]
	"Assignment478" -> "]492"
	"=493" [label="=",style=filled,fillcolor=powderblue]
	"Assignment478" -> "=493"
	"Expression494" [label="Expression"]
	"Assignment478" -> "Expression494"
	"Term495" [label="Term"]
	"Expression494" -> "Term495"
	"G496" [label="G"]
	"Term495" -> "G496"
	"F497" [label="F"]
	"G496" -> "F497"
	"num498" [label="num",style=filled,fillcolor=powderblue]
	"F497" -> "num498"
	"G'499" [label="G'"]
	"G496" -> "G'499"
	"e500" [label="e"]
	"G'499" -> "e500"
	"Term'501" [label="Term'"]
	"Term495" -> "Term'501"
	"e502" [label="e"]
	"Term'501" -> "e502"
	"Expression'503" [label="Expression'"]
	"Expression494" -> "Expression'503"
	"-504" [label="-",style=filled,fillcolor=powderblue]
	"Expression'503" -> "-504"
	"Term505" [label="Term"]
	"Expression'503" -> "Term505"
	"G506" [label="G"]
	"Term505" -> "G506"
	"F507" [label="F"]
	"G506" -> "F507"
	"m508" [label="m",style=filled,fillcolor=powderblue]
	"F507" -> "m508"
	"[509" [label="[",style=filled,fillcolor=powderblue]
	"F507" -> "[509"
	"Expression510" [label="Expression"]
	"F507" -> "Expression510"
	"Term511" [label="Term"]
	"Expression510" -> "Term511"
	"G512" [label="G"]
	"Term511" -> "G512"
	"F513" [label="F"]
	"G512" -> "F513"
	"num514" [label="num",style=filled,fillcolor=powderblue]
	"F513" -> "num514"
	"G'515" [label="G'"]
	"G512" -> "G'515"
	"**516" [label="**",style=filled,fillcolor=powderblue]
	"G'515" -> "**516"
	"G517" [label="G"]
	"G'515" -> "G517"
	"F518" [label="F"]
	"G517" -> "F518"
	"num519" [label="num",style=filled,fillcolor=powderblue]
	"F518" -> "num519"
	"G'520" [label="G'"]
	"G517" -> "G'520"
	"e521" [label="e"]
	"G'520" -> "e521"
	"Term'522" [label="Term'"]
	"Term511" -> "Term'522"
	"*523" [label="*",style=filled,fillcolor=powderblue]
	"Term'522" -> "*523"
	"G524" [label="G"]
	"Term'522" -> "G524"
	"F525" [label="F"]
	"G524" -> "F525"
	"num526" [label="num",style=filled,fillcolor=powderblue]
	"F525" -> "num526"
	"G'527" [label="G'"]
	"G524" -> "G'527"
	"e528" [label="e"]
	"G'527" -> "e528"
	"Term'529" [label="Term'"]
	"Term'522" -> "Term'529"
	"e530" [label="e"]
	"Term'529" -> "e530"
	"Expression'531" [label="Expression'"]
	"Expression510" -> "Expression'531"
	"-532" [label="-",style=filled,fillcolor=powderblue]
	"Expression'531" -> "-532"
	"Term533" [label="Term"]
	"Expression'531" -> "Term533"
	"G534" [label="G"]
	"Term533" -> "G534"
	"F535" [label="F"]
	"G534" -> "F535"
	"num536" [label="num",style=filled,fillcolor=powderblue]
	"F535" -> "num536"
	"G'537" [label="G'"]
	"G534" -> "G'537"
	"e538" [label="e"]
	"G'537" -> "e538"
	"Term'539" [label="Term'"]
	"Term533" -> "Term'539"
	"e540" [label="e"]
	"Term'539" -> "e540"
	"Expression'541" [label="Expression'"]
	"Expression'531" -> "Expression'541"
	"e542" [label="e"]
	"Expression'541" -> "e542"
	"]543" [label="]",style=filled,fillcolor=powderblue]
	"F507" -> "]543"
	"G'544" [label="G'"]
	"G506" -> "G'544"
	"e545" [label="e"]
	"G'544" -> "e545"
	"Term'546" [label="Term'"]
	"Term505" -> "Term'546"
	"e547" [label="e"]
	"Term'546" -> "e547"
	"Expression'548" [label="Expression'"]
	"Expression'503" -> "Expression'548"
	"-549" [label="-",style=filled,fillcolor=powderblue]
	"Expression'548" -> "-549"
	"Term550" [label="Term"]
	"Expression'548" -> "Term550"
	"G551" [label="G"]
	"Term550" -> "G551"
	"F552" [label="F"]
	"G551" -> "F552"
	"num553" [label="num",style=filled,fillcolor=powderblue]
	"F552" -> "num553"
	"G'554" [label="G'"]
	"G551" -> "G'554"
	"e555" [label="e"]
	"G'554" -> "e555"
	"Term'556" [label="Term'"]
	"Term550" -> "Term'556"
	"e557" [label="e"]
	"Term'556" -> "e557"
	"Expression'558" [label="Expression'"]
	"Expression'548" -> "Expression'558"
	"e559" [label="e"]
	"Expression'558" -> "e559"
	"Statements'560" [label="Statements'"]
	"Statements'476" -> "Statements'560"
	"Statement561" [label="Statement"]
	"Statements'560" -> "Statement561"
	"Label562" [label="Label"]
	"Statement561" -> "Label562"
	"L563" [label="L",style=filled,fillcolor=powderblue]
	"Label562" -> "L563"
	"num564" [label="num",style=filled,fillcolor=powderblue]
	"Label562" -> "num564"
	":565" [label=":",style=filled,fillcolor=powderblue]
	"Label562" -> ":565"
	"Statements'566" [label="Statements'"]
	"Statements'560" -> "Statements'566"
	"Statement567" [label="Statement"]
	"Statements'566" -> "Statement567"
	"Assignment568" [label="Assignment"]
	"Statement567" -> "Assignment568"
	"m569" [label="m",style=filled,fillcolor=powderblue]
	"Assignment568" -> "m569"
	"[570" [label="[",style=filled,fillcolor=powderblue]
	"Assignment568" -> "[570"
	"Expression571" [label="Expression"]
	"Assignment568" -> "Expression571"
	"Term572" [label="Term"]
	"Expression571" -> "Term572"
	"G573" [label="G"]
	"Term572" -> "G573"
	"F574" [label="F"]
	"G573" -> "F574"
	"num575" [label="num",style=filled,fillcolor=powderblue]
	"F574" -> "num575"
	"G'576" [label="G'"]
	"G573" -> "G'576"
	"e577" [label="e"]
	"G'576" -> "e577"
	"Term'578" [label="Term'"]
	"Term572" -> "Term'578"
	"e579" [label="e"]
	"Term'578" -> "e579"
	"Expression'580" [label="Expression'"]
	"Expression571" -> "Expression'580"
	"e581" [label="e"]
	"Expression'580" -> "e581"
	"]582" [label="]",style=filled,fillcolor=powderblue]
	"Assignment568" -> "]582"
	"=583" [label="=",style=filled,fillcolor=powderblue]
	"Assignment568" -> "=583"
	"Expression584" [label="Expression"]
	"Assignment568" -> "Expression584"
	"Term585" [label="Term"]
	"Expression584" -> "Term585"
	"G586" [label="G"]
	"Term585" -> "G586"
	"F587" [label="F"]
	"G586" -> "F587"
	"num588" [label="num",style=filled,fillcolor=powderblue]
	"F587" -> "num588"
	"G'589" [label="G'"]
	"G586" -> "G'589"
	"e590" [label="e"]
	"G'589" -> "e590"
	"Term'591" [label="Term'"]
	"Term585" -> "Term'591"
	"e592" [label="e"]
	"Term'591" -> "e592"
	"Expression'593" [label="Expression'"]
	"Expression584" -> "Expression'593"
	"-594" [label="-",style=filled,fillcolor=powderblue]
	"Expression'593" -> "-594"
	"Term595" [label="Term"]
	"Expression'593" -> "Term595"
	"G596" [label="G"]
	"Term595" -> "G596"
	"F597" [label="F"]
	"G596" -> "F597"
	"(598" [label="(",style=filled,fillcolor=powderblue]
	"F597" -> "(598"
	"Expression599" [label="Expression"]
	"F597" -> "Expression599"
	"Term600" [label="Term"]
	"Expression599" -> "Term600"
	"G601" [label="G"]
	"Term600" -> "G601"
	"F602" [label="F"]
	"G601" -> "F602"
	"m603" [label="m",style=filled,fillcolor=powderblue]
	"F602" -> "m603"
	"[604" [label="[",style=filled,fillcolor=powderblue]
	"F602" -> "[604"
	"Expression605" [label="Expression"]
	"F602" -> "Expression605"
	"Term606" [label="Term"]
	"Expression605" -> "Term606"
	"G607" [label="G"]
	"Term606" -> "G607"
	"F608" [label="F"]
	"G607" -> "F608"
	"num609" [label="num",style=filled,fillcolor=powderblue]
	"F608" -> "num609"
	"G'610" [label="G'"]
	"G607" -> "G'610"
	"e611" [label="e"]
	"G'610" -> "e611"
	"Term'612" [label="Term'"]
	"Term606" -> "Term'612"
	"e613" [label="e"]
	"Term'612" -> "e613"
	"Expression'614" [label="Expression'"]
	"Expression605" -> "Expression'614"
	"e615" [label="e"]
	"Expression'614" -> "e615"
	"]616" [label="]",style=filled,fillcolor=powderblue]
	"F602" -> "]616"
	"G'617" [label="G'"]
	"G601" -> "G'617"
	"e618" [label="e"]
	"G'617" -> "e618"
	"Term'619" [label="Term'"]
	"Term600" -> "Term'619"
	"e620" [label="e"]
	"Term'619" -> "e620"
	"Expression'621" [label="Expression'"]
	"Expression599" -> "Expression'621"
	"-622" [label="-",style=filled,fillcolor=powderblue]
	"Expression'621" -> "-622"
	"Term623" [label="Term"]
	"Expression'621" -> "Term623"
	"G624" [label="G"]
	"Term623" -> "G624"
	"F625" [label="F"]
	"G624" -> "F625"
	"num626" [label="num",style=filled,fillcolor=powderblue]
	"F625" -> "num626"
	"G'627" [label="G'"]
	"G624" -> "G'627"
	"e628" [label="e"]
	"G'627" -> "e628"
	"Term'629" [label="Term'"]
	"Term623" -> "Term'629"
	"e630" [label="e"]
	"Term'629" -> "e630"
	"Expression'631" [label="Expression'"]
	"Expression'621" -> "Expression'631"
	"e632" [label="e"]
	"Expression'631" -> "e632"
	")633" [label=")",style=filled,fillcolor=powderblue]
	"F597" -> ")633"
	"G'634" [label="G'"]
	"G596" -> "G'634"
	"e635" [label="e"]
	"G'634" -> "e635"
	"Term'636" [label="Term'"]
	"Term595" -> "Term'636"
	"e637" [label="e"]
	"Term'636" -> "e637"
	"Expression'638" [label="Expression'"]
	"Expression'593" -> "Expression'638"
	"e639" [label="e"]
	"Expression'638" -> "e639"
	"Statements'640" [label="Statements'"]
	"Statements'566" -> "Statements'640"
	"Statement641" [label="Statement"]
	"Statements'640" -> "Statement641"
	"Assignment642" [label="Assignment"]
	"Statement641" -> "Assignment642"
	"m643" [label="m",style=filled,fillcolor=powderblue]
	"Assignment642" -> "m643"
	"[644" [label="[",style=filled,fillcolor=powderblue]
	"Assignment642" -> "[644"
	"Expression645" [label="Expression"]
	"Assignment642" -> "Expression645"
	"Term646" [label="Term"]
	"Expression645" -> "Term646"
	"G647" [label="G"]
	"Term646" -> "G647"
	"F648" [label="F"]
	"G647" -> "F648"
	"num649" [label="num",style=filled,fillcolor=powderblue]
	"F648" -> "num649"
	"G'650" [label="G'"]
	"G647" -> "G'650"
	"e651" [label="e"]
	"G'650" -> "e651"
	"Term'652" [label="Term'"]
	"Term646" -> "Term'652"
	"e653" [label="e"]
	"Term'652" -> "e653"
	"Expression'654" [label="Expression'"]
	"Expression645" -> "Expression'654"
	"e655" [label="e"]
	"Expression'654" -> "e655"
	"]656" [label="]",style=filled,fillcolor=powderblue]
	"Assignment642" -> "]656"
	"=657" [label="=",style=filled,fillcolor=powderblue]
	"Assignment642" -> "=657"
	"Expression658" [label="Expression"]
	"Assignment642" -> "Expression658"
	"Term659" [label="Term"]
	"Expression658" -> "Term659"
	"G660" [label="G"]
	"Term659" -> "G660"
	"F661" [label="F"]
	"G660" -> "F661"
	"num662" [label="num",style=filled,fillcolor=powderblue]
	"F661" -> "num662"
	"G'663" [label="G'"]
	"G660" -> "G'663"
	"e664" [label="e"]
	"G'663" -> "e664"
	"Term'665" [label="Term'"]
	"Term659" -> "Term'665"
	"/666" [label="/",style=filled,fillcolor=powderblue]
	"Term'665" -> "/666"
	"G667" [label="G"]
	"Term'665" -> "G667"
	"F668" [label="F"]
	"G667" -> "F668"
	"num669" [label="num",style=filled,fillcolor=powderblue]
	"F668" -> "num669"
	"G'670" [label="G'"]
	"G667" -> "G'670"
	"e671" [label="e"]
	"G'670" -> "e671"
	"Term'672" [label="Term'"]
	"Term'665" -> "Term'672"
	"*673" [label="*",style=filled,fillcolor=powderblue]
	"Term'672" -> "*673"
	"G674" [label="G"]
	"Term'672" -> "G674"
	"F675" [label="F"]
	"G674" -> "F675"
	"num676" [label="num",style=filled,fillcolor=powderblue]
	"F675" -> "num676"
	"G'677" [label="G'"]
	"G674" -> "G'677"
	"e678" [label="e"]
	"G'677" -> "e678"
	"Term'679" [label="Term'"]
	"Term'672" -> "Term'679"
	"e680" [label="e"]
	"Term'679" -> "e680"
	"Expression'681" [label="Expression'"]
	"Expression658" -> "Expression'681"
	"e682" [label="e"]
	"Expression'681" -> "e682"
	"Statements'683" [label="Statements'"]
	"Statements'640" -> "Statements'683"
	"Statement684" [label="Statement"]
	"Statements'683" -> "Statement684"
	"Jump685" [label="Jump"]
	"Statement684" -> "Jump685"
	"goto686" [label="goto",style=filled,fillcolor=powderblue]
	"Jump685" -> "goto686"
	"num687" [label="num",style=filled,fillcolor=powderblue]
	"Jump685" -> "num687"
	"Jump'688" [label="Jump'"]
	"Jump685" -> "Jump'688"
	"e689" [label="e"]
	"Jump'688" -> "e689"
	"Statements'690" [label="Statements'"]
	"Statements'683" -> "Statements'690"
	"Statement691" [label="Statement"]
	"Statements'690" -> "Statement691"
	"Assignment692" [label="Assignment"]
	"Statement691" -> "Assignment692"
	"m693" [label="m",style=filled,fillcolor=powderblue]
	"Assignment692" -> "m693"
	"[694" [label="[",style=filled,fillcolor=powderblue]
	"Assignment692" -> "[694"
	"Expression695" [label="Expression"]
	"Assignment692" -> "Expression695"
	"Term696" [label="Term"]
	"Expression695" -> "Term696"
	"G697" [label="G"]
	"Term696" -> "G697"
	"F698" [label="F"]
	"G697" -> "F698"
	"num699" [label="num",style=filled,fillcolor=powderblue]
	"F698" -> "num699"
	"G'700" [label="G'"]
	"G697" -> "G'700"
	"e701" [label="e"]
	"G'700" -> "e701"
	"Term'702" [label="Term'"]
	"Term696" -> "Term'702"
	"e703" [label="e"]
	"Term'702" -> "e703"
	"Expression'704" [label="Expression'"]
	"Expression695" -> "Expression'704"
	"e705" [label="e"]
	"Expression'704" -> "e705"
	"]706" [label="]",style=filled,fillcolor=powderblue]
	"Assignment692" -> "]706"
	"=707" [label="=",style=filled,fillcolor=powderblue]
	"Assignment692" -> "=707"
	"Expression708" [label="Expression"]
	"Assignment692" -> "Expression708"
	"Term709" [label="Term"]
	"Expression708" -> "Term709"
	"G710" [label="G"]
	"Term709" -> "G710"
	"F711" [label="F"]
	"G710" -> "F711"
	"num712" [label="num",style=filled,fillcolor=powderblue]
	"F711" -> "num712"
	"G'713" [label="G'"]
	"G710" -> "G'713"
	"e714" [label="e"]
	"G'713" -> "e714"
	"Term'715" [label="Term'"]
	"Term709" -> "Term'715"
	"e716" [label="e"]
	"Term'715" -> "e716"
	"Expression'717" [label="Expression'"]
	"Expression708" -> "Expression'717"
	"+718" [label="+",style=filled,fillcolor=powderblue]
	"Expression'717" -> "+718"
	"Term719" [label="Term"]
	"Expression'717" -> "Term719"
	"G720" [label="G"]
	"Term719" -> "G720"
	"F721" [label="F"]
	"G720" -> "F721"
	"m722" [label="m",style=filled,fillcolor=powderblue]
	"F721" -> "m722"
	"[723" [label="[",style=filled,fillcolor=powderblue]
	"F721" -> "[723"
	"Expression724" [label="Expression"]
	"F721" -> "Expression724"
	"Term725" [label="Term"]
	"Expression724" -> "Term725"
	"G726" [label="G"]
	"Term725" -> "G726"
	"F727" [label="F"]
	"G726" -> "F727"
	"num728" [label="num",style=filled,fillcolor=powderblue]
	"F727" -> "num728"
	"G'729" [label="G'"]
	"G726" -> "G'729"
	"e730" [label="e"]
	"G'729" -> "e730"
	"Term'731" [label="Term'"]
	"Term725" -> "Term'731"
	"e732" [label="e"]
	"Term'731" -> "e732"
	"Expression'733" [label="Expression'"]
	"Expression724" -> "Expression'733"
	"e734" [label="e"]
	"Expression'733" -> "e734"
	"]735" [label="]",style=filled,fillcolor=powderblue]
	"F721" -> "]735"
	"G'736" [label="G'"]
	"G720" -> "G'736"
	"e737" [label="e"]
	"G'736" -> "e737"
	"Term'738" [label="Term'"]
	"Term719" -> "Term'738"
	"e739" [label="e"]
	"Term'738" -> "e739"
	"Expression'740" [label="Expression'"]
	"Expression'717" -> "Expression'740"
	"e741" [label="e"]
	"Expression'740" -> "e741"
	"Statements'742" [label="Statements'"]
	"Statements'690" -> "Statements'742"
	"Statement743" [label="Statement"]
	"Statements'742" -> "Statement743"
	"Assignment744" [label="Assignment"]
	"Statement743" -> "Assignment744"
	"m745" [label="m",style=filled,fillcolor=powderblue]
	"Assignment744" -> "m745"
	"[746" [label="[",style=filled,fillcolor=powderblue]
	"Assignment744" -> "[746"
	"Expression747" [label="Expression"]
	"Assignment744" -> "Expression747"
	"Term748" [label="Term"]
	"Expression747" -> "Term748"
	"G749" [label="G"]
	"Term748" -> "G749"
	"F750" [label="F"]
	"G749" -> "F750"
	"num751" [label="num",style=filled,fillcolor=powderblue]
	"F750" -> "num751"
	"G'752" [label="G'"]
	"G749" -> "G'752"
	"e753" [label="e"]
	"G'752" -> "e753"
	"Term'754" [label="Term'"]
	"Term748" -> "Term'754"
	"e755" [label="e"]
	"Term'754" -> "e755"
	"Expression'756" [label="Expression'"]
	"Expression747" -> "Expression'756"
	"e757" [label="e"]
	"Expression'756" -> "e757"
	"]758" [label="]",style=filled,fillcolor=powderblue]
	"Assignment744" -> "]758"
	"=759" [label="=",style=filled,fillcolor=powderblue]
	"Assignment744" -> "=759"
	"Expression760" [label="Expression"]
	"Assignment744" -> "Expression760"
	"Term761" [label="Term"]
	"Expression760" -> "Term761"
	"G762" [label="G"]
	"Term761" -> "G762"
	"F763" [label="F"]
	"G762" -> "F763"
	"num764" [label="num",style=filled,fillcolor=powderblue]
	"F763" -> "num764"
	"G'765" [label="G'"]
	"G762" -> "G'765"
	"e766" [label="e"]
	"G'765" -> "e766"
	"Term'767" [label="Term'"]
	"Term761" -> "Term'767"
	"e768" [label="e"]
	"Term'767" -> "e768"
	"Expression'769" [label="Expression'"]
	"Expression760" -> "Expression'769"
	"-770" [label="-",style=filled,fillcolor=powderblue]
	"Expression'769" -> "-770"
	"Term771" [label="Term"]
	"Expression'769" -> "Term771"
	"G772" [label="G"]
	"Term771" -> "G772"
	"F773" [label="F"]
	"G772" -> "F773"
	"m774" [label="m",style=filled,fillcolor=powderblue]
	"F773" -> "m774"
	"[775" [label="[",style=filled,fillcolor=powderblue]
	"F773" -> "[775"
	"Expression776" [label="Expression"]
	"F773" -> "Expression776"
	"Term777" [label="Term"]
	"Expression776" -> "Term777"
	"G778" [label="G"]
	"Term777" -> "G778"
	"F779" [label="F"]
	"G778" -> "F779"
	"num780" [label="num",style=filled,fillcolor=powderblue]
	"F779" -> "num780"
	"G'781" [label="G'"]
	"G778" -> "G'781"
	"e782" [label="e"]
	"G'781" -> "e782"
	"Term'783" [label="Term'"]
	"Term777" -> "Term'783"
	"e784" [label="e"]
	"Term'783" -> "e784"
	"Expression'785" [label="Expression'"]
	"Expression776" -> "Expression'785"
	"-786" [label="-",style=filled,fillcolor=powderblue]
	"Expression'785" -> "-786"
	"Term787" [label="Term"]
	"Expression'785" -> "Term787"
	"G788" [label="G"]
	"Term787" -> "G788"
	"F789" [label="F"]
	"G788" -> "F789"
	"num790" [label="num",style=filled,fillcolor=powderblue]
	"F789" -> "num790"
	"G'791" [label="G'"]
	"G788" -> "G'791"
	"e792" [label="e"]
	"G'791" -> "e792"
	"Term'793" [label="Term'"]
	"Term787" -> "Term'793"
	"e794" [label="e"]
	"Term'793" -> "e794"
	"Expression'795" [label="Expression'"]
	"Expression'785" -> "Expression'795"
	"e796" [label="e"]
	"Expression'795" -> "e796"
	"]797" [label="]",style=filled,fillcolor=powderblue]
	"F773" -> "]797"
	"G'798" [label="G'"]
	"G772" -> "G'798"
	"e799" [label="e"]
	"G'798" -> "e799"
	"Term'800" [label="Term'"]
	"Term771" -> "Term'800"
	"e801" [label="e"]
	"Term'800" -> "e801"
	"Expression'802" [label="Expression'"]
	"Expression'769" -> "Expression'802"
	"e803" [label="e"]
	"Expression'802" -> "e803"
	"Statements'804" [label="Statements'"]
	"Statements'742" -> "Statements'804"
	"Statement805" [label="Statement"]
	"Statements'804" -> "Statement805"
	"Assignment806" [label="Assignment"]
	"Statement805" -> "Assignment806"
	"m807" [label="m",style=filled,fillcolor=powderblue]
	"Assignment806" -> "m807"
	"[808" [label="[",style=filled,fillcolor=powderblue]
	"Assignment806" -> "[808"
	"Expression809" [label="Expression"]
	"Assignment806" -> "Expression809"
	"Term810" [label="Term"]
	"Expression809" -> "Term810"
	"G811" [label="G"]
	"Term810" -> "G811"
	"F812" [label="F"]
	"G811" -> "F812"
	"num813" [label="num",style=filled,fillcolor=powderblue]
	"F812" -> "num813"
	"G'814" [label="G'"]
	"G811" -> "G'814"
	"e815" [label="e"]
	"G'814" -> "e815"
	"Term'816" [label="Term'"]
	"Term810" -> "Term'816"
	"e817" [label="e"]
	"Term'816" -> "e817"
	"Expression'818" [label="Expression'"]
	"Expression809" -> "Expression'818"
	"e819" [label="e"]
	"Expression'818" -> "e819"
	"]820" [label="]",style=filled,fillcolor=powderblue]
	"Assignment806" -> "]820"
	"=821" [label="=",style=filled,fillcolor=powderblue]
	"Assignment806" -> "=821"
	"Expression822" [label="Expression"]
	"Assignment806" -> "Expression822"
	"Term823" [label="Term"]
	"Expression822" -> "Term823"
	"G824" [label="G"]
	"Term823" -> "G824"
	"F825" [label="F"]
	"G824" -> "F825"
	"num826" [label="num",style=filled,fillcolor=powderblue]
	"F825" -> "num826"
	"G'827" [label="G'"]
	"G824" -> "G'827"
	"e828" [label="e"]
	"G'827" -> "e828"
	"Term'829" [label="Term'"]
	"Term823" -> "Term'829"
	"e830" [label="e"]
	"Term'829" -> "e830"
	"Expression'831" [label="Expression'"]
	"Expression822" -> "Expression'831"
	"-832" [label="-",style=filled,fillcolor=powderblue]
	"Expression'831" -> "-832"
	"Term833" [label="Term"]
	"Expression'831" -> "Term833"
	"G834" [label="G"]
	"Term833" -> "G834"
	"F835" [label="F"]
	"G834" -> "F835"
	"(836" [label="(",style=filled,fillcolor=powderblue]
	"F835" -> "(836"
	"Expression837" [label="Expression"]
	"F835" -> "Expression837"
	"Term838" [label="Term"]
	"Expression837" -> "Term838"
	"G839" [label="G"]
	"Term838" -> "G839"
	"F840" [label="F"]
	"G839" -> "F840"
	"num841" [label="num",style=filled,fillcolor=powderblue]
	"F840" -> "num841"
	"G'842" [label="G'"]
	"G839" -> "G'842"
	"e843" [label="e"]
	"G'842" -> "e843"
	"Term'844" [label="Term'"]
	"Term838" -> "Term'844"
	"e845" [label="e"]
	"Term'844" -> "e845"
	"Expression'846" [label="Expression'"]
	"Expression837" -> "Expression'846"
	"-847" [label="-",style=filled,fillcolor=powderblue]
	"Expression'846" -> "-847"
	"Term848" [label="Term"]
	"Expression'846" -> "Term848"
	"G849" [label="G"]
	"Term848" -> "G849"
	"F850" [label="F"]
	"G849" -> "F850"
	"num851" [label="num",style=filled,fillcolor=powderblue]
	"F850" -> "num851"
	"G'852" [label="G'"]
	"G849" -> "G'852"
	"e853" [label="e"]
	"G'852" -> "e853"
	"Term'854" [label="Term'"]
	"Term848" -> "Term'854"
	"e855" [label="e"]
	"Term'854" -> "e855"
	"Expression'856" [label="Expression'"]
	"Expression'846" -> "Expression'856"
	"e857" [label="e"]
	"Expression'856" -> "e857"
	")858" [label=")",style=filled,fillcolor=powderblue]
	"F835" -> ")858"
	"G'859" [label="G'"]
	"G834" -> "G'859"
	"e860" [label="e"]
	"G'859" -> "e860"
	"Term'861" [label="Term'"]
	"Term833" -> "Term'861"
	"e862" [label="e"]
	"Term'861" -> "e862"
	"Expression'863" [label="Expression'"]
	"Expression'831" -> "Expression'863"
	"e864" [label="e"]
	"Expression'863" -> "e864"
	"Statements'865" [label="Statements'"]
	"Statements'804" -> "Statements'865"
	"Statement866" [label="Statement"]
	"Statements'865" -> "Statement866"
	"Assignment867" [label="Assignment"]
	"Statement866" -> "Assignment867"
	"m868" [label="m",style=filled,fillcolor=powderblue]
	"Assignment867" -> "m868"
	"[869" [label="[",style=filled,fillcolor=powderblue]
	"Assignment867" -> "[869"
	"Expression870" [label="Expression"]
	"Assignment867" -> "Expression870"
	"Term871" [label="Term"]
	"Expression870" -> "Term871"
	"G872" [label="G"]
	"Term871" -> "G872"
	"F873" [label="F"]
	"G872" -> "F873"
	"num874" [label="num",style=filled,fillcolor=powderblue]
	"F873" -> "num874"
	"G'875" [label="G'"]
	"G872" -> "G'875"
	"e876" [label="e"]
	"G'875" -> "e876"
	"Term'877" [label="Term'"]
	"Term871" -> "Term'877"
	"e878" [label="e"]
	"Term'877" -> "e878"
	"Expression'879" [label="Expression'"]
	"Expression870" -> "Expression'879"
	"e880" [label="e"]
	"Expression'879" -> "e880"
	"]881" [label="]",style=filled,fillcolor=powderblue]
	"Assignment867" -> "]881"
	"=882" [label="=",style=filled,fillcolor=powderblue]
	"Assignment867" -> "=882"
	"Expression883" [label="Expression"]
	"Assignment867" -> "Expression883"
	"Term884" [label="Term"]
	"Expression883" -> "Term884"
	"G885" [label="G"]
	"Term884" -> "G885"
	"F886" [label="F"]
	"G885" -> "F886"
	"num887" [label="num",style=filled,fillcolor=powderblue]
	"F886" -> "num887"
	"G'888" [label="G'"]
	"G885" -> "G'888"
	"e889" [label="e"]
	"G'888" -> "e889"
	"Term'890" [label="Term'"]
	"Term884" -> "Term'890"
	"e891" [label="e"]
	"Term'890" -> "e891"
	"Expression'892" [label="Expression'"]
	"Expression883" -> "Expression'892"
	"-893" [label="-",style=filled,fillcolor=powderblue]
	"Expression'892" -> "-893"
	"Term894" [label="Term"]
	"Expression'892" -> "Term894"
	"G895" [label="G"]
	"Term894" -> "G895"
	"F896" [label="F"]
	"G895" -> "F896"
	"m897" [label="m",style=filled,fillcolor=powderblue]
	"F896" -> "m897"
	"[898" [label="[",style=filled,fillcolor=powderblue]
	"F896" -> "[898"
	"Expression899" [label="Expression"]
	"F896" -> "Expression899"
	"Term900" [label="Term"]
	"Expression899" -> "Term900"
	"G901" [label="G"]
	"Term900" -> "G901"
	"F902" [label="F"]
	"G901" -> "F902"
	"(903" [label="(",style=filled,fillcolor=powderblue]
	"F902" -> "(903"
	"Expression904" [label="Expression"]
	"F902" -> "Expression904"
	"Term905" [label="Term"]
	"Expression904" -> "Term905"
	"G906" [label="G"]
	"Term905" -> "G906"
	"F907" [label="F"]
	"G906" -> "F907"
	"num908" [label="num",style=filled,fillcolor=powderblue]
	"F907" -> "num908"
	"G'909" [label="G'"]
	"G906" -> "G'909"
	"e910" [label="e"]
	"G'909" -> "e910"
	"Term'911" [label="Term'"]
	"Term905" -> "Term'911"
	"e912" [label="e"]
	"Term'911" -> "e912"
	"Expression'913" [label="Expression'"]
	"Expression904" -> "Expression'913"
	"-914" [label="-",style=filled,fillcolor=powderblue]
	"Expression'913" -> "-914"
	"Term915" [label="Term"]
	"Expression'913" -> "Term915"
	"G916" [label="G"]
	"Term915" -> "G916"
	"F917" [label="F"]
	"G916" -> "F917"
	"num918" [label="num",style=filled,fillcolor=powderblue]
	"F917" -> "num918"
	"G'919" [label="G'"]
	"G916" -> "G'919"
	"e920" [label="e"]
	"G'919" -> "e920"
	"Term'921" [label="Term'"]
	"Term915" -> "Term'921"
	"e922" [label="e"]
	"Term'921" -> "e922"
	"Expression'923" [label="Expression'"]
	"Expression'913" -> "Expression'923"
	"e924" [label="e"]
	"Expression'923" -> "e924"
	")925" [label=")",style=filled,fillcolor=powderblue]
	"F902" -> ")925"
	"G'926" [label="G'"]
	"G901" -> "G'926"
	"e927" [label="e"]
	"G'926" -> "e927"
	"Term'928" [label="Term'"]
	"Term900" -> "Term'928"
	"e929" [label="e"]
	"Term'928" -> "e929"
	"Expression'930" [label="Expression'"]
	"Expression899" -> "Expression'930"
	"e931" [label="e"]
	"Expression'930" -> "e931"
	"]932" [label="]",style=filled,fillcolor=powderblue]
	"F896" -> "]932"
	"G'933" [label="G'"]
	"G895" -> "G'933"
	"e934" [label="e"]
	"G'933" -> "e934"
	"Term'935" [label="Term'"]
	"Term894" -> "Term'935"
	"e936" [label="e"]
	"Term'935" -> "e936"
	"Expression'937" [label="Expression'"]
	"Expression'892" -> "Expression'937"
	"e938" [label="e"]
	"Expression'937" -> "e938"
	"Statements'939" [label="Statements'"]
	"Statements'865" -> "Statements'939"
	"Statement940" [label="Statement"]
	"Statements'939" -> "Statement940"
	"Print941" [label="Print"]
	"Statement940" -> "Print941"
	"print942" [label="print",style=filled,fillcolor=powderblue]
	"Print941" -> "print942"
	"Expression943" [label="Expression"]
	"Print941" -> "Expression943"
	"Term944" [label="Term"]
	"Expression943" -> "Term944"
	"G945" [label="G"]
	"Term944" -> "G945"
	"F946" [label="F"]
	"G945" -> "F946"
	"m947" [label="m",style=filled,fillcolor=powderblue]
	"F946" -> "m947"
	"[948" [label="[",style=filled,fillcolor=powderblue]
	"F946" -> "[948"
	"Expression949" [label="Expression"]
	"F946" -> "Expression949"
	"Term950" [label="Term"]
	"Expression949" -> "Term950"
	"G951" [label="G"]
	"Term950" -> "G951"
	"F952" [label="F"]
	"G951" -> "F952"
	"num953" [label="num",style=filled,fillcolor=powderblue]
	"F952" -> "num953"
	"G'954" [label="G'"]
	"G951" -> "G'954"
	"e955" [label="e"]
	"G'954" -> "e955"
	"Term'956" [label="Term'"]
	"Term950" -> "Term'956"
	"e957" [label="e"]
	"Term'956" -> "e957"
	"Expression'958" [label="Expression'"]
	"Expression949" -> "Expression'958"
	"e959" [label="e"]
	"Expression'958" -> "e959"
	"]960" [label="]",style=filled,fillcolor=powderblue]
	"F946" -> "]960"
	"G'961" [label="G'"]
	"G945" -> "G'961"
	"e962" [label="e"]
	"G'961" -> "e962"
	"Term'963" [label="Term'"]
	"Term944" -> "Term'963"
	"e964" [label="e"]
	"Term'963" -> "e964"
	"Expression'965" [label="Expression'"]
	"Expression943" -> "Expression'965"
	"e966" [label="e"]
	"Expression'965" -> "e966"
	"Statements'967" [label="Statements'"]
	"Statements'939" -> "Statements'967"
	"e968" [label="e"]
	"Statements'967" -> "e968"
};
