digraph G {
	"Start1" [label="Start"]
	"Statements2" [label="Statements"]
	"Start1" -> "Statements2"
	"Statement3" [label="Statement"]
	"Statements2" -> "Statement3"
	"Assignment4" [label="Assignment"]
	"Statement3" -> "Assignment4"
	"m5" [label="m",style=filled,fillcolor=powderblue]
	"Assignment4" -> "m5"
	"[6" [label="[",style=filled,fillcolor=powderblue]
	"Assignment4" -> "[6"
	"Expression7" [label="Expression"]
	"Assignment4" -> "Expression7"
	"Term8" [label="Term"]
	"Expression7" -> "Term8"
	"G9" [label="G"]
	"Term8" -> "G9"
	"F10" [label="F"]
	"G9" -> "F10"
	"num11" [label="num",style=filled,fillcolor=powderblue]
	"F10" -> "num11"
	"G'12" [label="G'"]
	"G9" -> "G'12"
	"e13" [label="e"]
	"G'12" -> "e13"
	"Term'14" [label="Term'"]
	"Term8" -> "Term'14"
	"e15" [label="e"]
	"Term'14" -> "e15"
	"Expression'16" [label="Expression'"]
	"Expression7" -> "Expression'16"
	"e17" [label="e"]
	"Expression'16" -> "e17"
	"]18" [label="]",style=filled,fillcolor=powderblue]
	"Assignment4" -> "]18"
	"=19" [label="=",style=filled,fillcolor=powderblue]
	"Assignment4" -> "=19"
	"Expression20" [label="Expression"]
	"Assignment4" -> "Expression20"
	"Term21" [label="Term"]
	"Expression20" -> "Term21"
	"G22" [label="G"]
	"Term21" -> "G22"
	"F23" [label="F"]
	"G22" -> "F23"
	"num24" [label="num",style=filled,fillcolor=powderblue]
	"F23" -> "num24"
	"G'25" [label="G'"]
	"G22" -> "G'25"
	"e26" [label="e"]
	"G'25" -> "e26"
	"Term'27" [label="Term'"]
	"Term21" -> "Term'27"
	"/28" [label="/",style=filled,fillcolor=powderblue]
	"Term'27" -> "/28"
	"G29" [label="G"]
	"Term'27" -> "G29"
	"F30" [label="F"]
	"G29" -> "F30"
	"num31" [label="num",style=filled,fillcolor=powderblue]
	"F30" -> "num31"
	"G'32" [label="G'"]
	"G29" -> "G'32"
	"e33" [label="e"]
	"G'32" -> "e33"
	"Term'34" [label="Term'"]
	"Term'27" -> "Term'34"
	"*35" [label="*",style=filled,fillcolor=powderblue]
	"Term'34" -> "*35"
	"G36" [label="G"]
	"Term'34" -> "G36"
	"F37" [label="F"]
	"G36" -> "F37"
	"num38" [label="num",style=filled,fillcolor=powderblue]
	"F37" -> "num38"
	"G'39" [label="G'"]
	"G36" -> "G'39"
	"e40" [label="e"]
	"G'39" -> "e40"
	"Term'41" [label="Term'"]
	"Term'34" -> "Term'41"
	"e42" [label="e"]
	"Term'41" -> "e42"
	"Expression'43" [label="Expression'"]
	"Expression20" -> "Expression'43"
	"e44" [label="e"]
	"Expression'43" -> "e44"
	"Statements'45" [label="Statements'"]
	"Statements2" -> "Statements'45"
	"Statement46" [label="Statement"]
	"Statements'45" -> "Statement46"
	"Assignment47" [label="Assignment"]
	"Statement46" -> "Assignment47"
	"m48" [label="m",style=filled,fillcolor=powderblue]
	"Assignment47" -> "m48"
	"[49" [label="[",style=filled,fillcolor=powderblue]
	"Assignment47" -> "[49"
	"Expression50" [label="Expression"]
	"Assignment47" -> "Expression50"
	"Term51" [label="Term"]
	"Expression50" -> "Term51"
	"G52" [label="G"]
	"Term51" -> "G52"
	"F53" [label="F"]
	"G52" -> "F53"
	"num54" [label="num",style=filled,fillcolor=powderblue]
	"F53" -> "num54"
	"G'55" [label="G'"]
	"G52" -> "G'55"
	"e56" [label="e"]
	"G'55" -> "e56"
	"Term'57" [label="Term'"]
	"Term51" -> "Term'57"
	"e58" [label="e"]
	"Term'57" -> "e58"
	"Expression'59" [label="Expression'"]
	"Expression50" -> "Expression'59"
	"e60" [label="e"]
	"Expression'59" -> "e60"
	"]61" [label="]",style=filled,fillcolor=powderblue]
	"Assignment47" -> "]61"
	"=62" [label="=",style=filled,fillcolor=powderblue]
	"Assignment47" -> "=62"
	"Expression63" [label="Expression"]
	"Assignment47" -> "Expression63"
	"Term64" [label="Term"]
	"Expression63" -> "Term64"
	"G65" [label="G"]
	"Term64" -> "G65"
	"F66" [label="F"]
	"G65" -> "F66"
	"num67" [label="num",style=filled,fillcolor=powderblue]
	"F66" -> "num67"
	"G'68" [label="G'"]
	"G65" -> "G'68"
	"e69" [label="e"]
	"G'68" -> "e69"
	"Term'70" [label="Term'"]
	"Term64" -> "Term'70"
	"/71" [label="/",style=filled,fillcolor=powderblue]
	"Term'70" -> "/71"
	"G72" [label="G"]
	"Term'70" -> "G72"
	"F73" [label="F"]
	"G72" -> "F73"
	"num74" [label="num",style=filled,fillcolor=powderblue]
	"F73" -> "num74"
	"G'75" [label="G'"]
	"G72" -> "G'75"
	"e76" [label="e"]
	"G'75" -> "e76"
	"Term'77" [label="Term'"]
	"Term'70" -> "Term'77"
	"*78" [label="*",style=filled,fillcolor=powderblue]
	"Term'77" -> "*78"
	"G79" [label="G"]
	"Term'77" -> "G79"
	"F80" [label="F"]
	"G79" -> "F80"
	"num81" [label="num",style=filled,fillcolor=powderblue]
	"F80" -> "num81"
	"G'82" [label="G'"]
	"G79" -> "G'82"
	"e83" [label="e"]
	"G'82" -> "e83"
	"Term'84" [label="Term'"]
	"Term'77" -> "Term'84"
	"e85" [label="e"]
	"Term'84" -> "e85"
	"Expression'86" [label="Expression'"]
	"Expression63" -> "Expression'86"
	"e87" [label="e"]
	"Expression'86" -> "e87"
	"Statements'88" [label="Statements'"]
	"Statements'45" -> "Statements'88"
	"Statement89" [label="Statement"]
	"Statements'88" -> "Statement89"
	"Jump90" [label="Jump"]
	"Statement89" -> "Jump90"
	"goto91" [label="goto",style=filled,fillcolor=powderblue]
	"Jump90" -> "goto91"
	"num92" [label="num",style=filled,fillcolor=powderblue]
	"Jump90" -> "num92"
	"Jump'93" [label="Jump'"]
	"Jump90" -> "Jump'93"
	"e94" [label="e"]
	"Jump'93" -> "e94"
	"Statements'95" [label="Statements'"]
	"Statements'88" -> "Statements'95"
	"Statement96" [label="Statement"]
	"Statements'95" -> "Statement96"
	"Assignment97" [label="Assignment"]
	"Statement96" -> "Assignment97"
	"m98" [label="m",style=filled,fillcolor=powderblue]
	"Assignment97" -> "m98"
	"[99" [label="[",style=filled,fillcolor=powderblue]
	"Assignment97" -> "[99"
	"Expression100" [label="Expression"]
	"Assignment97" -> "Expression100"
	"Term101" [label="Term"]
	"Expression100" -> "Term101"
	"G102" [label="G"]
	"Term101" -> "G102"
	"F103" [label="F"]
	"G102" -> "F103"
	"num104" [label="num",style=filled,fillcolor=powderblue]
	"F103" -> "num104"
	"G'105" [label="G'"]
	"G102" -> "G'105"
	"e106" [label="e"]
	"G'105" -> "e106"
	"Term'107" [label="Term'"]
	"Term101" -> "Term'107"
	"e108" [label="e"]
	"Term'107" -> "e108"
	"Expression'109" [label="Expression'"]
	"Expression100" -> "Expression'109"
	"e110" [label="e"]
	"Expression'109" -> "e110"
	"]111" [label="]",style=filled,fillcolor=powderblue]
	"Assignment97" -> "]111"
	"=112" [label="=",style=filled,fillcolor=powderblue]
	"Assignment97" -> "=112"
	"Expression113" [label="Expression"]
	"Assignment97" -> "Expression113"
	"Term114" [label="Term"]
	"Expression113" -> "Term114"
	"G115" [label="G"]
	"Term114" -> "G115"
	"F116" [label="F"]
	"G115" -> "F116"
	"num117" [label="num",style=filled,fillcolor=powderblue]
	"F116" -> "num117"
	"G'118" [label="G'"]
	"G115" -> "G'118"
	"e119" [label="e"]
	"G'118" -> "e119"
	"Term'120" [label="Term'"]
	"Term114" -> "Term'120"
	"e121" [label="e"]
	"Term'120" -> "e121"
	"Expression'122" [label="Expression'"]
	"Expression113" -> "Expression'122"
	"+123" [label="+",style=filled,fillcolor=powderblue]
	"Expression'122" -> "+123"
	"Term124" [label="Term"]
	"Expression'122" -> "Term124"
	"G125" [label="G"]
	"Term124" -> "G125"
	"F126" [label="F"]
	"G125" -> "F126"
	"m127" [label="m",style=filled,fillcolor=powderblue]
	"F126" -> "m127"
	"[128" [label="[",style=filled,fillcolor=powderblue]
	"F126" -> "[128"
	"Expression129" [label="Expression"]
	"F126" -> "Expression129"
	"Term130" [label="Term"]
	"Expression129" -> "Term130"
	"G131" [label="G"]
	"Term130" -> "G131"
	"F132" [label="F"]
	"G131" -> "F132"
	"num133" [label="num",style=filled,fillcolor=powderblue]
	"F132" -> "num133"
	"G'134" [label="G'"]
	"G131" -> "G'134"
	"e135" [label="e"]
	"G'134" -> "e135"
	"Term'136" [label="Term'"]
	"Term130" -> "Term'136"
	"e137" [label="e"]
	"Term'136" -> "e137"
	"Expression'138" [label="Expression'"]
	"Expression129" -> "Expression'138"
	"e139" [label="e"]
	"Expression'138" -> "e139"
	"]140" [label="]",style=filled,fillcolor=powderblue]
	"F126" -> "]140"
	"G'141" [label="G'"]
	"G125" -> "G'141"
	"e142" [label="e"]
	"G'141" -> "e142"
	"Term'143" [label="Term'"]
	"Term124" -> "Term'143"
	"e144" [label="e"]
	"Term'143" -> "e144"
	"Expression'145" [label="Expression'"]
	"Expression'122" -> "Expression'145"
	"e146" [label="e"]
	"Expression'145" -> "e146"
	"Statements'147" [label="Statements'"]
	"Statements'95" -> "Statements'147"
	"Statement148" [label="Statement"]
	"Statements'147" -> "Statement148"
	"Assignment149" [label="Assignment"]
	"Statement148" -> "Assignment149"
	"m150" [label="m",style=filled,fillcolor=powderblue]
	"Assignment149" -> "m150"
	"[151" [label="[",style=filled,fillcolor=powderblue]
	"Assignment149" -> "[151"
	"Expression152" [label="Expression"]
	"Assignment149" -> "Expression152"
	"Term153" [label="Term"]
	"Expression152" -> "Term153"
	"G154" [label="G"]
	"Term153" -> "G154"
	"F155" [label="F"]
	"G154" -> "F155"
	"num156" [label="num",style=filled,fillcolor=powderblue]
	"F155" -> "num156"
	"G'157" [label="G'"]
	"G154" -> "G'157"
	"e158" [label="e"]
	"G'157" -> "e158"
	"Term'159" [label="Term'"]
	"Term153" -> "Term'159"
	"e160" [label="e"]
	"Term'159" -> "e160"
	"Expression'161" [label="Expression'"]
	"Expression152" -> "Expression'161"
	"e162" [label="e"]
	"Expression'161" -> "e162"
	"]163" [label="]",style=filled,fillcolor=powderblue]
	"Assignment149" -> "]163"
	"=164" [label="=",style=filled,fillcolor=powderblue]
	"Assignment149" -> "=164"
	"Expression165" [label="Expression"]
	"Assignment149" -> "Expression165"
	"Term166" [label="Term"]
	"Expression165" -> "Term166"
	"G167" [label="G"]
	"Term166" -> "G167"
	"F168" [label="F"]
	"G167" -> "F168"
	"num169" [label="num",style=filled,fillcolor=powderblue]
	"F168" -> "num169"
	"G'170" [label="G'"]
	"G167" -> "G'170"
	"e171" [label="e"]
	"G'170" -> "e171"
	"Term'172" [label="Term'"]
	"Term166" -> "Term'172"
	"e173" [label="e"]
	"Term'172" -> "e173"
	"Expression'174" [label="Expression'"]
	"Expression165" -> "Expression'174"
	"-175" [label="-",style=filled,fillcolor=powderblue]
	"Expression'174" -> "-175"
	"Term176" [label="Term"]
	"Expression'174" -> "Term176"
	"G177" [label="G"]
	"Term176" -> "G177"
	"F178" [label="F"]
	"G177" -> "F178"
	"m179" [label="m",style=filled,fillcolor=powderblue]
	"F178" -> "m179"
	"[180" [label="[",style=filled,fillcolor=powderblue]
	"F178" -> "[180"
	"Expression181" [label="Expression"]
	"F178" -> "Expression181"
	"Term182" [label="Term"]
	"Expression181" -> "Term182"
	"G183" [label="G"]
	"Term182" -> "G183"
	"F184" [label="F"]
	"G183" -> "F184"
	"num185" [label="num",style=filled,fillcolor=powderblue]
	"F184" -> "num185"
	"G'186" [label="G'"]
	"G183" -> "G'186"
	"**187" [label="**",style=filled,fillcolor=powderblue]
	"G'186" -> "**187"
	"G188" [label="G"]
	"G'186" -> "G188"
	"F189" [label="F"]
	"G188" -> "F189"
	"num190" [label="num",style=filled,fillcolor=powderblue]
	"F189" -> "num190"
	"G'191" [label="G'"]
	"G188" -> "G'191"
	"e192" [label="e"]
	"G'191" -> "e192"
	"Term'193" [label="Term'"]
	"Term182" -> "Term'193"
	"e194" [label="e"]
	"Term'193" -> "e194"
	"Expression'195" [label="Expression'"]
	"Expression181" -> "Expression'195"
	"-196" [label="-",style=filled,fillcolor=powderblue]
	"Expression'195" -> "-196"
	"Term197" [label="Term"]
	"Expression'195" -> "Term197"
	"G198" [label="G"]
	"Term197" -> "G198"
	"F199" [label="F"]
	"G198" -> "F199"
	"num200" [label="num",style=filled,fillcolor=powderblue]
	"F199" -> "num200"
	"G'201" [label="G'"]
	"G198" -> "G'201"
	"e202" [label="e"]
	"G'201" -> "e202"
	"Term'203" [label="Term'"]
	"Term197" -> "Term'203"
	"e204" [label="e"]
	"Term'203" -> "e204"
	"Expression'205" [label="Expression'"]
	"Expression'195" -> "Expression'205"
	"e206" [label="e"]
	"Expression'205" -> "e206"
	"]207" [label="]",style=filled,fillcolor=powderblue]
	"F178" -> "]207"
	"G'208" [label="G'"]
	"G177" -> "G'208"
	"e209" [label="e"]
	"G'208" -> "e209"
	"Term'210" [label="Term'"]
	"Term176" -> "Term'210"
	"e211" [label="e"]
	"Term'210" -> "e211"
	"Expression'212" [label="Expression'"]
	"Expression'174" -> "Expression'212"
	"-213" [label="-",style=filled,fillcolor=powderblue]
	"Expression'212" -> "-213"
	"Term214" [label="Term"]
	"Expression'212" -> "Term214"
	"G215" [label="G"]
	"Term214" -> "G215"
	"F216" [label="F"]
	"G215" -> "F216"
	"num217" [label="num",style=filled,fillcolor=powderblue]
	"F216" -> "num217"
	"G'218" [label="G'"]
	"G215" -> "G'218"
	"e219" [label="e"]
	"G'218" -> "e219"
	"Term'220" [label="Term'"]
	"Term214" -> "Term'220"
	"e221" [label="e"]
	"Term'220" -> "e221"
	"Expression'222" [label="Expression'"]
	"Expression'212" -> "Expression'222"
	"e223" [label="e"]
	"Expression'222" -> "e223"
	"Statements'224" [label="Statements'"]
	"Statements'147" -> "Statements'224"
	"Statement225" [label="Statement"]
	"Statements'224" -> "Statement225"
	"Label226" [label="Label"]
	"Statement225" -> "Label226"
	"L227" [label="L",style=filled,fillcolor=powderblue]
	"Label226" -> "L227"
	"num228" [label="num",style=filled,fillcolor=powderblue]
	"Label226" -> "num228"
	":229" [label=":",style=filled,fillcolor=powderblue]
	"Label226" -> ":229"
	"Statements'230" [label="Statements'"]
	"Statements'224" -> "Statements'230"
	"Statement231" [label="Statement"]
	"Statements'230" -> "Statement231"
	"Assignment232" [label="Assignment"]
	"Statement231" -> "Assignment232"
	"m233" [label="m",style=filled,fillcolor=powderblue]
	"Assignment232" -> "m233"
	"[234" [label="[",style=filled,fillcolor=powderblue]
	"Assignment232" -> "[234"
	"Expression235" [label="Expression"]
	"Assignment232" -> "Expression235"
	"Term236" [label="Term"]
	"Expression235" -> "Term236"
	"G237" [label="G"]
	"Term236" -> "G237"
	"F238" [label="F"]
	"G237" -> "F238"
	"num239" [label="num",style=filled,fillcolor=powderblue]
	"F238" -> "num239"
	"G'240" [label="G'"]
	"G237" -> "G'240"
	"e241" [label="e"]
	"G'240" -> "e241"
	"Term'242" [label="Term'"]
	"Term236" -> "Term'242"
	"e243" [label="e"]
	"Term'242" -> "e243"
	"Expression'244" [label="Expression'"]
	"Expression235" -> "Expression'244"
	"e245" [label="e"]
	"Expression'244" -> "e245"
	"]246" [label="]",style=filled,fillcolor=powderblue]
	"Assignment232" -> "]246"
	"=247" [label="=",style=filled,fillcolor=powderblue]
	"Assignment232" -> "=247"
	"Expression248" [label="Expression"]
	"Assignment232" -> "Expression248"
	"Term249" [label="Term"]
	"Expression248" -> "Term249"
	"G250" [label="G"]
	"Term249" -> "G250"
	"F251" [label="F"]
	"G250" -> "F251"
	"num252" [label="num",style=filled,fillcolor=powderblue]
	"F251" -> "num252"
	"G'253" [label="G'"]
	"G250" -> "G'253"
	"e254" [label="e"]
	"G'253" -> "e254"
	"Term'255" [label="Term'"]
	"Term249" -> "Term'255"
	"e256" [label="e"]
	"Term'255" -> "e256"
	"Expression'257" [label="Expression'"]
	"Expression248" -> "Expression'257"
	"-258" [label="-",style=filled,fillcolor=powderblue]
	"Expression'257" -> "-258"
	"Term259" [label="Term"]
	"Expression'257" -> "Term259"
	"G260" [label="G"]
	"Term259" -> "G260"
	"F261" [label="F"]
	"G260" -> "F261"
	"(262" [label="(",style=filled,fillcolor=powderblue]
	"F261" -> "(262"
	"Expression263" [label="Expression"]
	"F261" -> "Expression263"
	"Term264" [label="Term"]
	"Expression263" -> "Term264"
	"G265" [label="G"]
	"Term264" -> "G265"
	"F266" [label="F"]
	"G265" -> "F266"
	"m267" [label="m",style=filled,fillcolor=powderblue]
	"F266" -> "m267"
	"[268" [label="[",style=filled,fillcolor=powderblue]
	"F266" -> "[268"
	"Expression269" [label="Expression"]
	"F266" -> "Expression269"
	"Term270" [label="Term"]
	"Expression269" -> "Term270"
	"G271" [label="G"]
	"Term270" -> "G271"
	"F272" [label="F"]
	"G271" -> "F272"
	"num273" [label="num",style=filled,fillcolor=powderblue]
	"F272" -> "num273"
	"G'274" [label="G'"]
	"G271" -> "G'274"
	"e275" [label="e"]
	"G'274" -> "e275"
	"Term'276" [label="Term'"]
	"Term270" -> "Term'276"
	"e277" [label="e"]
	"Term'276" -> "e277"
	"Expression'278" [label="Expression'"]
	"Expression269" -> "Expression'278"
	"e279" [label="e"]
	"Expression'278" -> "e279"
	"]280" [label="]",style=filled,fillcolor=powderblue]
	"F266" -> "]280"
	"G'281" [label="G'"]
	"G265" -> "G'281"
	"e282" [label="e"]
	"G'281" -> "e282"
	"Term'283" [label="Term'"]
	"Term264" -> "Term'283"
	"e284" [label="e"]
	"Term'283" -> "e284"
	"Expression'285" [label="Expression'"]
	"Expression263" -> "Expression'285"
	"-286" [label="-",style=filled,fillcolor=powderblue]
	"Expression'285" -> "-286"
	"Term287" [label="Term"]
	"Expression'285" -> "Term287"
	"G288" [label="G"]
	"Term287" -> "G288"
	"F289" [label="F"]
	"G288" -> "F289"
	"num290" [label="num",style=filled,fillcolor=powderblue]
	"F289" -> "num290"
	"G'291" [label="G'"]
	"G288" -> "G'291"
	"e292" [label="e"]
	"G'291" -> "e292"
	"Term'293" [label="Term'"]
	"Term287" -> "Term'293"
	"e294" [label="e"]
	"Term'293" -> "e294"
	"Expression'295" [label="Expression'"]
	"Expression'285" -> "Expression'295"
	"e296" [label="e"]
	"Expression'295" -> "e296"
	")297" [label=")",style=filled,fillcolor=powderblue]
	"F261" -> ")297"
	"G'298" [label="G'"]
	"G260" -> "G'298"
	"e299" [label="e"]
	"G'298" -> "e299"
	"Term'300" [label="Term'"]
	"Term259" -> "Term'300"
	"e301" [label="e"]
	"Term'300" -> "e301"
	"Expression'302" [label="Expression'"]
	"Expression'257" -> "Expression'302"
	"e303" [label="e"]
	"Expression'302" -> "e303"
	"Statements'304" [label="Statements'"]
	"Statements'230" -> "Statements'304"
	"Statement305" [label="Statement"]
	"Statements'304" -> "Statement305"
	"Assignment306" [label="Assignment"]
	"Statement305" -> "Assignment306"
	"m307" [label="m",style=filled,fillcolor=powderblue]
	"Assignment306" -> "m307"
	"[308" [label="[",style=filled,fillcolor=powderblue]
	"Assignment306" -> "[308"
	"Expression309" [label="Expression"]
	"Assignment306" -> "Expression309"
	"Term310" [label="Term"]
	"Expression309" -> "Term310"
	"G311" [label="G"]
	"Term310" -> "G311"
	"F312" [label="F"]
	"G311" -> "F312"
	"num313" [label="num",style=filled,fillcolor=powderblue]
	"F312" -> "num313"
	"G'314" [label="G'"]
	"G311" -> "G'314"
	"e315" [label="e"]
	"G'314" -> "e315"
	"Term'316" [label="Term'"]
	"Term310" -> "Term'316"
	"e317" [label="e"]
	"Term'316" -> "e317"
	"Expression'318" [label="Expression'"]
	"Expression309" -> "Expression'318"
	"e319" [label="e"]
	"Expression'318" -> "e319"
	"]320" [label="]",style=filled,fillcolor=powderblue]
	"Assignment306" -> "]320"
	"=321" [label="=",style=filled,fillcolor=powderblue]
	"Assignment306" -> "=321"
	"Expression322" [label="Expression"]
	"Assignment306" -> "Expression322"
	"Term323" [label="Term"]
	"Expression322" -> "Term323"
	"G324" [label="G"]
	"Term323" -> "G324"
	"F325" [label="F"]
	"G324" -> "F325"
	"num326" [label="num",style=filled,fillcolor=powderblue]
	"F325" -> "num326"
	"G'327" [label="G'"]
	"G324" -> "G'327"
	"e328" [label="e"]
	"G'327" -> "e328"
	"Term'329" [label="Term'"]
	"Term323" -> "Term'329"
	"e330" [label="e"]
	"Term'329" -> "e330"
	"Expression'331" [label="Expression'"]
	"Expression322" -> "Expression'331"
	"+332" [label="+",style=filled,fillcolor=powderblue]
	"Expression'331" -> "+332"
	"Term333" [label="Term"]
	"Expression'331" -> "Term333"
	"G334" [label="G"]
	"Term333" -> "G334"
	"F335" [label="F"]
	"G334" -> "F335"
	"m336" [label="m",style=filled,fillcolor=powderblue]
	"F335" -> "m336"
	"[337" [label="[",style=filled,fillcolor=powderblue]
	"F335" -> "[337"
	"Expression338" [label="Expression"]
	"F335" -> "Expression338"
	"Term339" [label="Term"]
	"Expression338" -> "Term339"
	"G340" [label="G"]
	"Term339" -> "G340"
	"F341" [label="F"]
	"G340" -> "F341"
	"num342" [label="num",style=filled,fillcolor=powderblue]
	"F341" -> "num342"
	"G'343" [label="G'"]
	"G340" -> "G'343"
	"e344" [label="e"]
	"G'343" -> "e344"
	"Term'345" [label="Term'"]
	"Term339" -> "Term'345"
	"e346" [label="e"]
	"Term'345" -> "e346"
	"Expression'347" [label="Expression'"]
	"Expression338" -> "Expression'347"
	"e348" [label="e"]
	"Expression'347" -> "e348"
	"]349" [label="]",style=filled,fillcolor=powderblue]
	"F335" -> "]349"
	"G'350" [label="G'"]
	"G334" -> "G'350"
	"e351" [label="e"]
	"G'350" -> "e351"
	"Term'352" [label="Term'"]
	"Term333" -> "Term'352"
	"e353" [label="e"]
	"Term'352" -> "e353"
	"Expression'354" [label="Expression'"]
	"Expression'331" -> "Expression'354"
	"e355" [label="e"]
	"Expression'354" -> "e355"
	"Statements'356" [label="Statements'"]
	"Statements'304" -> "Statements'356"
	"Statement357" [label="Statement"]
	"Statements'356" -> "Statement357"
	"Assignment358" [label="Assignment"]
	"Statement357" -> "Assignment358"
	"m359" [label="m",style=filled,fillcolor=powderblue]
	"Assignment358" -> "m359"
	"[360" [label="[",style=filled,fillcolor=powderblue]
	"Assignment358" -> "[360"
	"Expression361" [label="Expression"]
	"Assignment358" -> "Expression361"
	"Term362" [label="Term"]
	"Expression361" -> "Term362"
	"G363" [label="G"]
	"Term362" -> "G363"
	"F364" [label="F"]
	"G363" -> "F364"
	"num365" [label="num",style=filled,fillcolor=powderblue]
	"F364" -> "num365"
	"G'366" [label="G'"]
	"G363" -> "G'366"
	"e367" [label="e"]
	"G'366" -> "e367"
	"Term'368" [label="Term'"]
	"Term362" -> "Term'368"
	"e369" [label="e"]
	"Term'368" -> "e369"
	"Expression'370" [label="Expression'"]
	"Expression361" -> "Expression'370"
	"e371" [label="e"]
	"Expression'370" -> "e371"
	"]372" [label="]",style=filled,fillcolor=powderblue]
	"Assignment358" -> "]372"
	"=373" [label="=",style=filled,fillcolor=powderblue]
	"Assignment358" -> "=373"
	"Expression374" [label="Expression"]
	"Assignment358" -> "Expression374"
	"Term375" [label="Term"]
	"Expression374" -> "Term375"
	"G376" [label="G"]
	"Term375" -> "G376"
	"F377" [label="F"]
	"G376" -> "F377"
	"num378" [label="num",style=filled,fillcolor=powderblue]
	"F377" -> "num378"
	"G'379" [label="G'"]
	"G376" -> "G'379"
	"e380" [label="e"]
	"G'379" -> "e380"
	"Term'381" [label="Term'"]
	"Term375" -> "Term'381"
	"e382" [label="e"]
	"Term'381" -> "e382"
	"Expression'383" [label="Expression'"]
	"Expression374" -> "Expression'383"
	"-384" [label="-",style=filled,fillcolor=powderblue]
	"Expression'383" -> "-384"
	"Term385" [label="Term"]
	"Expression'383" -> "Term385"
	"G386" [label="G"]
	"Term385" -> "G386"
	"F387" [label="F"]
	"G386" -> "F387"
	"m388" [label="m",style=filled,fillcolor=powderblue]
	"F387" -> "m388"
	"[389" [label="[",style=filled,fillcolor=powderblue]
	"F387" -> "[389"
	"Expression390" [label="Expression"]
	"F387" -> "Expression390"
	"Term391" [label="Term"]
	"Expression390" -> "Term391"
	"G392" [label="G"]
	"Term391" -> "G392"
	"F393" [label="F"]
	"G392" -> "F393"
	"num394" [label="num",style=filled,fillcolor=powderblue]
	"F393" -> "num394"
	"G'395" [label="G'"]
	"G392" -> "G'395"
	"e396" [label="e"]
	"G'395" -> "e396"
	"Term'397" [label="Term'"]
	"Term391" -> "Term'397"
	"e398" [label="e"]
	"Term'397" -> "e398"
	"Expression'399" [label="Expression'"]
	"Expression390" -> "Expression'399"
	"-400" [label="-",style=filled,fillcolor=powderblue]
	"Expression'399" -> "-400"
	"Term401" [label="Term"]
	"Expression'399" -> "Term401"
	"G402" [label="G"]
	"Term401" -> "G402"
	"F403" [label="F"]
	"G402" -> "F403"
	"num404" [label="num",style=filled,fillcolor=powderblue]
	"F403" -> "num404"
	"G'405" [label="G'"]
	"G402" -> "G'405"
	"e406" [label="e"]
	"G'405" -> "e406"
	"Term'407" [label="Term'"]
	"Term401" -> "Term'407"
	"e408" [label="e"]
	"Term'407" -> "e408"
	"Expression'409" [label="Expression'"]
	"Expression'399" -> "Expression'409"
	"e410" [label="e"]
	"Expression'409" -> "e410"
	"]411" [label="]",style=filled,fillcolor=powderblue]
	"F387" -> "]411"
	"G'412" [label="G'"]
	"G386" -> "G'412"
	"e413" [label="e"]
	"G'412" -> "e413"
	"Term'414" [label="Term'"]
	"Term385" -> "Term'414"
	"e415" [label="e"]
	"Term'414" -> "e415"
	"Expression'416" [label="Expression'"]
	"Expression'383" -> "Expression'416"
	"e417" [label="e"]
	"Expression'416" -> "e417"
	"Statements'418" [label="Statements'"]
	"Statements'356" -> "Statements'418"
	"Statement419" [label="Statement"]
	"Statements'418" -> "Statement419"
	"Assignment420" [label="Assignment"]
	"Statement419" -> "Assignment420"
	"m421" [label="m",style=filled,fillcolor=powderblue]
	"Assignment420" -> "m421"
	"[422" [label="[",style=filled,fillcolor=powderblue]
	"Assignment420" -> "[422"
	"Expression423" [label="Expression"]
	"Assignment420" -> "Expression423"
	"Term424" [label="Term"]
	"Expression423" -> "Term424"
	"G425" [label="G"]
	"Term424" -> "G425"
	"F426" [label="F"]
	"G425" -> "F426"
	"num427" [label="num",style=filled,fillcolor=powderblue]
	"F426" -> "num427"
	"G'428" [label="G'"]
	"G425" -> "G'428"
	"e429" [label="e"]
	"G'428" -> "e429"
	"Term'430" [label="Term'"]
	"Term424" -> "Term'430"
	"e431" [label="e"]
	"Term'430" -> "e431"
	"Expression'432" [label="Expression'"]
	"Expression423" -> "Expression'432"
	"e433" [label="e"]
	"Expression'432" -> "e433"
	"]434" [label="]",style=filled,fillcolor=powderblue]
	"Assignment420" -> "]434"
	"=435" [label="=",style=filled,fillcolor=powderblue]
	"Assignment420" -> "=435"
	"Expression436" [label="Expression"]
	"Assignment420" -> "Expression436"
	"Term437" [label="Term"]
	"Expression436" -> "Term437"
	"G438" [label="G"]
	"Term437" -> "G438"
	"F439" [label="F"]
	"G438" -> "F439"
	"num440" [label="num",style=filled,fillcolor=powderblue]
	"F439" -> "num440"
	"G'441" [label="G'"]
	"G438" -> "G'441"
	"e442" [label="e"]
	"G'441" -> "e442"
	"Term'443" [label="Term'"]
	"Term437" -> "Term'443"
	"e444" [label="e"]
	"Term'443" -> "e444"
	"Expression'445" [label="Expression'"]
	"Expression436" -> "Expression'445"
	"-446" [label="-",style=filled,fillcolor=powderblue]
	"Expression'445" -> "-446"
	"Term447" [label="Term"]
	"Expression'445" -> "Term447"
	"G448" [label="G"]
	"Term447" -> "G448"
	"F449" [label="F"]
	"G448" -> "F449"
	"(450" [label="(",style=filled,fillcolor=powderblue]
	"F449" -> "(450"
	"Expression451" [label="Expression"]
	"F449" -> "Expression451"
	"Term452" [label="Term"]
	"Expression451" -> "Term452"
	"G453" [label="G"]
	"Term452" -> "G453"
	"F454" [label="F"]
	"G453" -> "F454"
	"num455" [label="num",style=filled,fillcolor=powderblue]
	"F454" -> "num455"
	"G'456" [label="G'"]
	"G453" -> "G'456"
	"e457" [label="e"]
	"G'456" -> "e457"
	"Term'458" [label="Term'"]
	"Term452" -> "Term'458"
	"e459" [label="e"]
	"Term'458" -> "e459"
	"Expression'460" [label="Expression'"]
	"Expression451" -> "Expression'460"
	"-461" [label="-",style=filled,fillcolor=powderblue]
	"Expression'460" -> "-461"
	"Term462" [label="Term"]
	"Expression'460" -> "Term462"
	"G463" [label="G"]
	"Term462" -> "G463"
	"F464" [label="F"]
	"G463" -> "F464"
	"num465" [label="num",style=filled,fillcolor=powderblue]
	"F464" -> "num465"
	"G'466" [label="G'"]
	"G463" -> "G'466"
	"e467" [label="e"]
	"G'466" -> "e467"
	"Term'468" [label="Term'"]
	"Term462" -> "Term'468"
	"e469" [label="e"]
	"Term'468" -> "e469"
	"Expression'470" [label="Expression'"]
	"Expression'460" -> "Expression'470"
	"e471" [label="e"]
	"Expression'470" -> "e471"
	")472" [label=")",style=filled,fillcolor=powderblue]
	"F449" -> ")472"
	"G'473" [label="G'"]
	"G448" -> "G'473"
	"e474" [label="e"]
	"G'473" -> "e474"
	"Term'475" [label="Term'"]
	"Term447" -> "Term'475"
	"e476" [label="e"]
	"Term'475" -> "e476"
	"Expression'477" [label="Expression'"]
	"Expression'445" -> "Expression'477"
	"e478" [label="e"]
	"Expression'477" -> "e478"
	"Statements'479" [label="Statements'"]
	"Statements'418" -> "Statements'479"
	"Statement480" [label="Statement"]
	"Statements'479" -> "Statement480"
	"Assignment481" [label="Assignment"]
	"Statement480" -> "Assignment481"
	"m482" [label="m",style=filled,fillcolor=powderblue]
	"Assignment481" -> "m482"
	"[483" [label="[",style=filled,fillcolor=powderblue]
	"Assignment481" -> "[483"
	"Expression484" [label="Expression"]
	"Assignment481" -> "Expression484"
	"Term485" [label="Term"]
	"Expression484" -> "Term485"
	"G486" [label="G"]
	"Term485" -> "G486"
	"F487" [label="F"]
	"G486" -> "F487"
	"num488" [label="num",style=filled,fillcolor=powderblue]
	"F487" -> "num488"
	"G'489" [label="G'"]
	"G486" -> "G'489"
	"e490" [label="e"]
	"G'489" -> "e490"
	"Term'491" [label="Term'"]
	"Term485" -> "Term'491"
	"e492" [label="e"]
	"Term'491" -> "e492"
	"Expression'493" [label="Expression'"]
	"Expression484" -> "Expression'493"
	"e494" [label="e"]
	"Expression'493" -> "e494"
	"]495" [label="]",style=filled,fillcolor=powderblue]
	"Assignment481" -> "]495"
	"=496" [label="=",style=filled,fillcolor=powderblue]
	"Assignment481" -> "=496"
	"Expression497" [label="Expression"]
	"Assignment481" -> "Expression497"
	"Term498" [label="Term"]
	"Expression497" -> "Term498"
	"G499" [label="G"]
	"Term498" -> "G499"
	"F500" [label="F"]
	"G499" -> "F500"
	"num501" [label="num",style=filled,fillcolor=powderblue]
	"F500" -> "num501"
	"G'502" [label="G'"]
	"G499" -> "G'502"
	"e503" [label="e"]
	"G'502" -> "e503"
	"Term'504" [label="Term'"]
	"Term498" -> "Term'504"
	"e505" [label="e"]
	"Term'504" -> "e505"
	"Expression'506" [label="Expression'"]
	"Expression497" -> "Expression'506"
	"-507" [label="-",style=filled,fillcolor=powderblue]
	"Expression'506" -> "-507"
	"Term508" [label="Term"]
	"Expression'506" -> "Term508"
	"G509" [label="G"]
	"Term508" -> "G509"
	"F510" [label="F"]
	"G509" -> "F510"
	"m511" [label="m",style=filled,fillcolor=powderblue]
	"F510" -> "m511"
	"[512" [label="[",style=filled,fillcolor=powderblue]
	"F510" -> "[512"
	"Expression513" [label="Expression"]
	"F510" -> "Expression513"
	"Term514" [label="Term"]
	"Expression513" -> "Term514"
	"G515" [label="G"]
	"Term514" -> "G515"
	"F516" [label="F"]
	"G515" -> "F516"
	"(517" [label="(",style=filled,fillcolor=powderblue]
	"F516" -> "(517"
	"Expression518" [label="Expression"]
	"F516" -> "Expression518"
	"Term519" [label="Term"]
	"Expression518" -> "Term519"
	"G520" [label="G"]
	"Term519" -> "G520"
	"F521" [label="F"]
	"G520" -> "F521"
	"num522" [label="num",style=filled,fillcolor=powderblue]
	"F521" -> "num522"
	"G'523" [label="G'"]
	"G520" -> "G'523"
	"e524" [label="e"]
	"G'523" -> "e524"
	"Term'525" [label="Term'"]
	"Term519" -> "Term'525"
	"e526" [label="e"]
	"Term'525" -> "e526"
	"Expression'527" [label="Expression'"]
	"Expression518" -> "Expression'527"
	"-528" [label="-",style=filled,fillcolor=powderblue]
	"Expression'527" -> "-528"
	"Term529" [label="Term"]
	"Expression'527" -> "Term529"
	"G530" [label="G"]
	"Term529" -> "G530"
	"F531" [label="F"]
	"G530" -> "F531"
	"num532" [label="num",style=filled,fillcolor=powderblue]
	"F531" -> "num532"
	"G'533" [label="G'"]
	"G530" -> "G'533"
	"e534" [label="e"]
	"G'533" -> "e534"
	"Term'535" [label="Term'"]
	"Term529" -> "Term'535"
	"e536" [label="e"]
	"Term'535" -> "e536"
	"Expression'537" [label="Expression'"]
	"Expression'527" -> "Expression'537"
	"e538" [label="e"]
	"Expression'537" -> "e538"
	")539" [label=")",style=filled,fillcolor=powderblue]
	"F516" -> ")539"
	"G'540" [label="G'"]
	"G515" -> "G'540"
	"e541" [label="e"]
	"G'540" -> "e541"
	"Term'542" [label="Term'"]
	"Term514" -> "Term'542"
	"e543" [label="e"]
	"Term'542" -> "e543"
	"Expression'544" [label="Expression'"]
	"Expression513" -> "Expression'544"
	"e545" [label="e"]
	"Expression'544" -> "e545"
	"]546" [label="]",style=filled,fillcolor=powderblue]
	"F510" -> "]546"
	"G'547" [label="G'"]
	"G509" -> "G'547"
	"e548" [label="e"]
	"G'547" -> "e548"
	"Term'549" [label="Term'"]
	"Term508" -> "Term'549"
	"e550" [label="e"]
	"Term'549" -> "e550"
	"Expression'551" [label="Expression'"]
	"Expression'506" -> "Expression'551"
	"e552" [label="e"]
	"Expression'551" -> "e552"
	"Statements'553" [label="Statements'"]
	"Statements'479" -> "Statements'553"
	"Statement554" [label="Statement"]
	"Statements'553" -> "Statement554"
	"Print555" [label="Print"]
	"Statement554" -> "Print555"
	"print556" [label="print",style=filled,fillcolor=powderblue]
	"Print555" -> "print556"
	"Expression557" [label="Expression"]
	"Print555" -> "Expression557"
	"Term558" [label="Term"]
	"Expression557" -> "Term558"
	"G559" [label="G"]
	"Term558" -> "G559"
	"F560" [label="F"]
	"G559" -> "F560"
syntax error: found L in parsing F - line 12
