digraph G {
	"Start1" [label="Start"]
	"m2" [label="m",style=filled,fillcolor=powderblue]
	"Start1" -> "m2"
	"[3" [label="[",style=filled,fillcolor=powderblue]
	"Start1" -> "[3"
	"Expression4" [label="Expression"]
	"Start1" -> "Expression4"
	"Term5" [label="Term"]
	"Expression4" -> "Term5"
	"Value6" [label="Value"]
	"Term5" -> "Value6"
	"num7" [label="num",style=filled,fillcolor=powderblue]
	"Value6" -> "num7"
	"]8" [label="]",style=filled,fillcolor=powderblue]
	"Start1" -> "]8"
	"=9" [label="=",style=filled,fillcolor=powderblue]
	"Start1" -> "=9"
	"Expression10" [label="Expression"]
	"Start1" -> "Expression10"
	"Term11" [label="Term"]
	"Expression10" -> "Term11"
	"Value12" [label="Value"]
	"Term11" -> "Value12"
	"num13" [label="num",style=filled,fillcolor=powderblue]
	"Value12" -> "num13"
	"Start14" [label="Start"]
	"Start1" -> "Start14"
	"m15" [label="m",style=filled,fillcolor=powderblue]
	"Start14" -> "m15"
	"[16" [label="[",style=filled,fillcolor=powderblue]
	"Start14" -> "[16"
	"Expression17" [label="Expression"]
	"Start14" -> "Expression17"
	"Term18" [label="Term"]
	"Expression17" -> "Term18"
	"Value19" [label="Value"]
	"Term18" -> "Value19"
	"num20" [label="num",style=filled,fillcolor=powderblue]
	"Value19" -> "num20"
	"]21" [label="]",style=filled,fillcolor=powderblue]
	"Start14" -> "]21"
	"=22" [label="=",style=filled,fillcolor=powderblue]
	"Start14" -> "=22"
	"Expression23" [label="Expression"]
	"Start14" -> "Expression23"
	"Term24" [label="Term"]
	"Expression23" -> "Term24"
	"Value25" [label="Value"]
	"Term24" -> "Value25"
	"num26" [label="num",style=filled,fillcolor=powderblue]
	"Value25" -> "num26"
	"Start27" [label="Start"]
	"Start14" -> "Start27"
	"m28" [label="m",style=filled,fillcolor=powderblue]
	"Start27" -> "m28"
	"[29" [label="[",style=filled,fillcolor=powderblue]
	"Start27" -> "[29"
	"Expression30" [label="Expression"]
	"Start27" -> "Expression30"
	"Term31" [label="Term"]
	"Expression30" -> "Term31"
	"Value32" [label="Value"]
	"Term31" -> "Value32"
	"num33" [label="num",style=filled,fillcolor=powderblue]
	"Value32" -> "num33"
	"]34" [label="]",style=filled,fillcolor=powderblue]
	"Start27" -> "]34"
	"=35" [label="=",style=filled,fillcolor=powderblue]
	"Start27" -> "=35"
	"Expression36" [label="Expression"]
	"Start27" -> "Expression36"
	"Term37" [label="Term"]
	"Expression36" -> "Term37"
	"Value38" [label="Value"]
	"Term37" -> "Value38"
	"num39" [label="num",style=filled,fillcolor=powderblue]
	"Value38" -> "num39"
	"*40" [label="*",style=filled,fillcolor=powderblue]
	"Term37" -> "*40"
	"Term41" [label="Term"]
	"Term37" -> "Term41"
	"Value42" [label="Value"]
	"Term41" -> "Value42"
	"num43" [label="num",style=filled,fillcolor=powderblue]
	"Value42" -> "num43"
	"Start44" [label="Start"]
	"Start27" -> "Start44"
	"m45" [label="m",style=filled,fillcolor=powderblue]
	"Start44" -> "m45"
	"[46" [label="[",style=filled,fillcolor=powderblue]
	"Start44" -> "[46"
	"Expression47" [label="Expression"]
	"Start44" -> "Expression47"
	"Term48" [label="Term"]
	"Expression47" -> "Term48"
	"Value49" [label="Value"]
	"Term48" -> "Value49"
	"num50" [label="num",style=filled,fillcolor=powderblue]
	"Value49" -> "num50"
	"]51" [label="]",style=filled,fillcolor=powderblue]
	"Start44" -> "]51"
	"=52" [label="=",style=filled,fillcolor=powderblue]
	"Start44" -> "=52"
	"Expression53" [label="Expression"]
	"Start44" -> "Expression53"
	"Term54" [label="Term"]
	"Expression53" -> "Term54"
	"Value55" [label="Value"]
	"Term54" -> "Value55"
	"num56" [label="num",style=filled,fillcolor=powderblue]
	"Value55" -> "num56"
	"+57" [label="+",style=filled,fillcolor=powderblue]
	"Expression53" -> "+57"
	"Expression58" [label="Expression"]
	"Expression53" -> "Expression58"
	"Term59" [label="Term"]
	"Expression58" -> "Term59"
	"Value60" [label="Value"]
	"Term59" -> "Value60"
	"(61" [label="(",style=filled,fillcolor=powderblue]
	"Value60" -> "(61"
	"Expression62" [label="Expression"]
	"Value60" -> "Expression62"
	"Term63" [label="Term"]
	"Expression62" -> "Term63"
	"Value64" [label="Value"]
	"Term63" -> "Value64"
	"num65" [label="num",style=filled,fillcolor=powderblue]
	"Value64" -> "num65"
	")66" [label=")",style=filled,fillcolor=powderblue]
	"Value60" -> ")66"
	"Start67" [label="Start"]
	"Start44" -> "Start67"
	"m68" [label="m",style=filled,fillcolor=powderblue]
	"Start67" -> "m68"
	"[69" [label="[",style=filled,fillcolor=powderblue]
	"Start67" -> "[69"
	"Expression70" [label="Expression"]
	"Start67" -> "Expression70"
	"Term71" [label="Term"]
	"Expression70" -> "Term71"
	"Value72" [label="Value"]
	"Term71" -> "Value72"
	"num73" [label="num",style=filled,fillcolor=powderblue]
	"Value72" -> "num73"
	"]74" [label="]",style=filled,fillcolor=powderblue]
	"Start67" -> "]74"
	"=75" [label="=",style=filled,fillcolor=powderblue]
	"Start67" -> "=75"
	"Expression76" [label="Expression"]
	"Start67" -> "Expression76"
	"Term77" [label="Term"]
	"Expression76" -> "Term77"
	"Value78" [label="Value"]
	"Term77" -> "Value78"
	"num79" [label="num",style=filled,fillcolor=powderblue]
	"Value78" -> "num79"
	"+80" [label="+",style=filled,fillcolor=powderblue]
	"Expression76" -> "+80"
	"Expression81" [label="Expression"]
	"Expression76" -> "Expression81"
	"Term82" [label="Term"]
	"Expression81" -> "Term82"
	"Value83" [label="Value"]
	"Term82" -> "Value83"
	"(84" [label="(",style=filled,fillcolor=powderblue]
	"Value83" -> "(84"
	"Expression85" [label="Expression"]
	"Value83" -> "Expression85"
	"Term86" [label="Term"]
	"Expression85" -> "Term86"
	"Value87" [label="Value"]
	"Term86" -> "Value87"
	"num88" [label="num",style=filled,fillcolor=powderblue]
	"Value87" -> "num88"
	"-89" [label="-",style=filled,fillcolor=powderblue]
	"Expression85" -> "-89"
	"Expression90" [label="Expression"]
	"Expression85" -> "Expression90"
	"Term91" [label="Term"]
	"Expression90" -> "Term91"
	"Value92" [label="Value"]
	"Term91" -> "Value92"
	"num93" [label="num",style=filled,fillcolor=powderblue]
	"Value92" -> "num93"
	")94" [label=")",style=filled,fillcolor=powderblue]
	"Value83" -> ")94"
	"Start95" [label="Start"]
	"Start67" -> "Start95"
	"e96" [label="e"]
	"Start95" -> "e96"
};
