digraph G {
	"Start1" [label="Start"]
	"m2" [label="m",style=filled,fillcolor=powderblue]
	"Start1" -> "m2"
	"[3" [label="[",style=filled,fillcolor=powderblue]
	"Start1" -> "[3"
	"Expression4" [label="Expression"]
	"Start1" -> "Expression4"
	"Term5" [label="Term"]
	"Expression4" -> "Term5"
	"Value6" [label="Value"]
	"Term5" -> "Value6"
	"num7" [label="num",style=filled,fillcolor=powderblue]
	"Value6" -> "num7"
	"]8" [label="]",style=filled,fillcolor=powderblue]
	"Start1" -> "]8"
	"=9" [label="=",style=filled,fillcolor=powderblue]
	"Start1" -> "=9"
	"Expression10" [label="Expression"]
	"Start1" -> "Expression10"
	"Term11" [label="Term"]
	"Expression10" -> "Term11"
	"Value12" [label="Value"]
	"Term11" -> "Value12"
	"m13" [label="m",style=filled,fillcolor=powderblue]
	"Value12" -> "m13"
	"[14" [label="[",style=filled,fillcolor=powderblue]
	"Value12" -> "[14"
	"Expression15" [label="Expression"]
	"Value12" -> "Expression15"
	"Term16" [label="Term"]
	"Expression15" -> "Term16"
	"Value17" [label="Value"]
	"Term16" -> "Value17"
	"num18" [label="num",style=filled,fillcolor=powderblue]
	"Value17" -> "num18"
	"]19" [label="]",style=filled,fillcolor=powderblue]
	"Value12" -> "]19"
	"-20" [label="-",style=filled,fillcolor=powderblue]
	"Expression10" -> "-20"
	"Expression21" [label="Expression"]
	"Expression10" -> "Expression21"
	"Term22" [label="Term"]
	"Expression21" -> "Term22"
	"Value23" [label="Value"]
	"Term22" -> "Value23"
	"num24" [label="num",style=filled,fillcolor=powderblue]
	"Value23" -> "num24"
	"Start25" [label="Start"]
	"Start1" -> "Start25"
	"m26" [label="m",style=filled,fillcolor=powderblue]
	"Start25" -> "m26"
	"[27" [label="[",style=filled,fillcolor=powderblue]
	"Start25" -> "[27"
	"Expression28" [label="Expression"]
	"Start25" -> "Expression28"
	"Term29" [label="Term"]
	"Expression28" -> "Term29"
	"Value30" [label="Value"]
	"Term29" -> "Value30"
	"num31" [label="num",style=filled,fillcolor=powderblue]
	"Value30" -> "num31"
	"]32" [label="]",style=filled,fillcolor=powderblue]
	"Start25" -> "]32"
	"=33" [label="=",style=filled,fillcolor=powderblue]
	"Start25" -> "=33"
	"Expression34" [label="Expression"]
	"Start25" -> "Expression34"
	"Term35" [label="Term"]
	"Expression34" -> "Term35"
	"Value36" [label="Value"]
	"Term35" -> "Value36"
	"num37" [label="num",style=filled,fillcolor=powderblue]
	"Value36" -> "num37"
	"/38" [label="/",style=filled,fillcolor=powderblue]
	"Term35" -> "/38"
	"Term39" [label="Term"]
	"Term35" -> "Term39"
	"Value40" [label="Value"]
	"Term39" -> "Value40"
	"num41" [label="num",style=filled,fillcolor=powderblue]
	"Value40" -> "num41"
	"*42" [label="*",style=filled,fillcolor=powderblue]
	"Term39" -> "*42"
	"Term43" [label="Term"]
	"Term39" -> "Term43"
	"Value44" [label="Value"]
	"Term43" -> "Value44"
	"num45" [label="num",style=filled,fillcolor=powderblue]
	"Value44" -> "num45"
	"Start46" [label="Start"]
	"Start25" -> "Start46"
	"m47" [label="m",style=filled,fillcolor=powderblue]
	"Start46" -> "m47"
	"[48" [label="[",style=filled,fillcolor=powderblue]
	"Start46" -> "[48"
	"Expression49" [label="Expression"]
	"Start46" -> "Expression49"
	"Term50" [label="Term"]
	"Expression49" -> "Term50"
	"Value51" [label="Value"]
	"Term50" -> "Value51"
	"num52" [label="num",style=filled,fillcolor=powderblue]
	"Value51" -> "num52"
	"]53" [label="]",style=filled,fillcolor=powderblue]
	"Start46" -> "]53"
	"=54" [label="=",style=filled,fillcolor=powderblue]
	"Start46" -> "=54"
	"Expression55" [label="Expression"]
	"Start46" -> "Expression55"
	"Term56" [label="Term"]
	"Expression55" -> "Term56"
	"Value57" [label="Value"]
	"Term56" -> "Value57"
	"num58" [label="num",style=filled,fillcolor=powderblue]
	"Value57" -> "num58"
	"+59" [label="+",style=filled,fillcolor=powderblue]
	"Expression55" -> "+59"
	"Expression60" [label="Expression"]
	"Expression55" -> "Expression60"
	"Term61" [label="Term"]
	"Expression60" -> "Term61"
	"Value62" [label="Value"]
	"Term61" -> "Value62"
	"num63" [label="num",style=filled,fillcolor=powderblue]
	"Value62" -> "num63"
	"Start64" [label="Start"]
	"Start46" -> "Start64"
	"m65" [label="m",style=filled,fillcolor=powderblue]
	"Start64" -> "m65"
	"[66" [label="[",style=filled,fillcolor=powderblue]
	"Start64" -> "[66"
	"Expression67" [label="Expression"]
	"Start64" -> "Expression67"
	"Term68" [label="Term"]
	"Expression67" -> "Term68"
	"Value69" [label="Value"]
	"Term68" -> "Value69"
	"num70" [label="num",style=filled,fillcolor=powderblue]
	"Value69" -> "num70"
	"]71" [label="]",style=filled,fillcolor=powderblue]
	"Start64" -> "]71"
	"=72" [label="=",style=filled,fillcolor=powderblue]
	"Start64" -> "=72"
	"Expression73" [label="Expression"]
	"Start64" -> "Expression73"
	"Term74" [label="Term"]
	"Expression73" -> "Term74"
	"Value75" [label="Value"]
	"Term74" -> "Value75"
	"num76" [label="num",style=filled,fillcolor=powderblue]
	"Value75" -> "num76"
	"-77" [label="-",style=filled,fillcolor=powderblue]
	"Expression73" -> "-77"
	"Expression78" [label="Expression"]
	"Expression73" -> "Expression78"
	"Term79" [label="Term"]
	"Expression78" -> "Term79"
	"Value80" [label="Value"]
	"Term79" -> "Value80"
	"(81" [label="(",style=filled,fillcolor=powderblue]
	"Value80" -> "(81"
	"Expression82" [label="Expression"]
	"Value80" -> "Expression82"
	"Term83" [label="Term"]
	"Expression82" -> "Term83"
	"Value84" [label="Value"]
	"Term83" -> "Value84"
	"m85" [label="m",style=filled,fillcolor=powderblue]
	"Value84" -> "m85"
	"[86" [label="[",style=filled,fillcolor=powderblue]
	"Value84" -> "[86"
	"Expression87" [label="Expression"]
	"Value84" -> "Expression87"
	"Term88" [label="Term"]
	"Expression87" -> "Term88"
	"Value89" [label="Value"]
	"Term88" -> "Value89"
	"num90" [label="num",style=filled,fillcolor=powderblue]
	"Value89" -> "num90"
	"]91" [label="]",style=filled,fillcolor=powderblue]
	"Value84" -> "]91"
	"-92" [label="-",style=filled,fillcolor=powderblue]
	"Expression82" -> "-92"
	"Expression93" [label="Expression"]
	"Expression82" -> "Expression93"
	"Term94" [label="Term"]
	"Expression93" -> "Term94"
	"Value95" [label="Value"]
	"Term94" -> "Value95"
	"num96" [label="num",style=filled,fillcolor=powderblue]
	"Value95" -> "num96"
	")97" [label=")",style=filled,fillcolor=powderblue]
	"Value80" -> ")97"
	"Start98" [label="Start"]
	"Start64" -> "Start98"
	"m99" [label="m",style=filled,fillcolor=powderblue]
	"Start98" -> "m99"
	"[100" [label="[",style=filled,fillcolor=powderblue]
	"Start98" -> "[100"
	"Expression101" [label="Expression"]
	"Start98" -> "Expression101"
	"Term102" [label="Term"]
	"Expression101" -> "Term102"
	"Value103" [label="Value"]
	"Term102" -> "Value103"
	"num104" [label="num",style=filled,fillcolor=powderblue]
	"Value103" -> "num104"
	"]105" [label="]",style=filled,fillcolor=powderblue]
	"Start98" -> "]105"
	"=106" [label="=",style=filled,fillcolor=powderblue]
	"Start98" -> "=106"
	"Expression107" [label="Expression"]
	"Start98" -> "Expression107"
	"Term108" [label="Term"]
	"Expression107" -> "Term108"
	"Value109" [label="Value"]
	"Term108" -> "Value109"
	"num110" [label="num",style=filled,fillcolor=powderblue]
	"Value109" -> "num110"
	"/111" [label="/",style=filled,fillcolor=powderblue]
	"Term108" -> "/111"
	"Term112" [label="Term"]
	"Term108" -> "Term112"
	"Value113" [label="Value"]
	"Term112" -> "Value113"
	"num114" [label="num",style=filled,fillcolor=powderblue]
	"Value113" -> "num114"
	"*115" [label="*",style=filled,fillcolor=powderblue]
	"Term112" -> "*115"
	"Term116" [label="Term"]
	"Term112" -> "Term116"
	"Value117" [label="Value"]
	"Term116" -> "Value117"
	"num118" [label="num",style=filled,fillcolor=powderblue]
	"Value117" -> "num118"
	"Start119" [label="Start"]
	"Start98" -> "Start119"
	"m120" [label="m",style=filled,fillcolor=powderblue]
	"Start119" -> "m120"
	"[121" [label="[",style=filled,fillcolor=powderblue]
	"Start119" -> "[121"
	"Expression122" [label="Expression"]
	"Start119" -> "Expression122"
	"Term123" [label="Term"]
	"Expression122" -> "Term123"
	"Value124" [label="Value"]
	"Term123" -> "Value124"
	"num125" [label="num",style=filled,fillcolor=powderblue]
	"Value124" -> "num125"
	"]126" [label="]",style=filled,fillcolor=powderblue]
	"Start119" -> "]126"
	"=127" [label="=",style=filled,fillcolor=powderblue]
	"Start119" -> "=127"
	"Expression128" [label="Expression"]
	"Start119" -> "Expression128"
	"Term129" [label="Term"]
	"Expression128" -> "Term129"
	"Value130" [label="Value"]
	"Term129" -> "Value130"
	"num131" [label="num",style=filled,fillcolor=powderblue]
	"Value130" -> "num131"
	"+132" [label="+",style=filled,fillcolor=powderblue]
	"Expression128" -> "+132"
	"Expression133" [label="Expression"]
	"Expression128" -> "Expression133"
	"Term134" [label="Term"]
	"Expression133" -> "Term134"
	"Value135" [label="Value"]
	"Term134" -> "Value135"
	"m136" [label="m",style=filled,fillcolor=powderblue]
	"Value135" -> "m136"
	"[137" [label="[",style=filled,fillcolor=powderblue]
	"Value135" -> "[137"
	"Expression138" [label="Expression"]
	"Value135" -> "Expression138"
	"Term139" [label="Term"]
	"Expression138" -> "Term139"
	"Value140" [label="Value"]
	"Term139" -> "Value140"
	"num141" [label="num",style=filled,fillcolor=powderblue]
	"Value140" -> "num141"
	"]142" [label="]",style=filled,fillcolor=powderblue]
	"Value135" -> "]142"
	"Start143" [label="Start"]
	"Start119" -> "Start143"
	"m144" [label="m",style=filled,fillcolor=powderblue]
	"Start143" -> "m144"
	"[145" [label="[",style=filled,fillcolor=powderblue]
	"Start143" -> "[145"
	"Expression146" [label="Expression"]
	"Start143" -> "Expression146"
	"Term147" [label="Term"]
	"Expression146" -> "Term147"
	"Value148" [label="Value"]
	"Term147" -> "Value148"
	"num149" [label="num",style=filled,fillcolor=powderblue]
	"Value148" -> "num149"
	"]150" [label="]",style=filled,fillcolor=powderblue]
	"Start143" -> "]150"
	"=151" [label="=",style=filled,fillcolor=powderblue]
	"Start143" -> "=151"
	"Expression152" [label="Expression"]
	"Start143" -> "Expression152"
	"Term153" [label="Term"]
	"Expression152" -> "Term153"
	"Value154" [label="Value"]
	"Term153" -> "Value154"
	"num155" [label="num",style=filled,fillcolor=powderblue]
	"Value154" -> "num155"
	"-156" [label="-",style=filled,fillcolor=powderblue]
	"Expression152" -> "-156"
	"Expression157" [label="Expression"]
	"Expression152" -> "Expression157"
	"Term158" [label="Term"]
	"Expression157" -> "Term158"
	"Value159" [label="Value"]
	"Term158" -> "Value159"
	"m160" [label="m",style=filled,fillcolor=powderblue]
	"Value159" -> "m160"
	"[161" [label="[",style=filled,fillcolor=powderblue]
	"Value159" -> "[161"
	"Expression162" [label="Expression"]
	"Value159" -> "Expression162"
	"Term163" [label="Term"]
	"Expression162" -> "Term163"
	"Value164" [label="Value"]
	"Term163" -> "Value164"
	"num165" [label="num",style=filled,fillcolor=powderblue]
	"Value164" -> "num165"
	"-166" [label="-",style=filled,fillcolor=powderblue]
	"Expression162" -> "-166"
	"Expression167" [label="Expression"]
	"Expression162" -> "Expression167"
	"Term168" [label="Term"]
	"Expression167" -> "Term168"
	"Value169" [label="Value"]
	"Term168" -> "Value169"
	"num170" [label="num",style=filled,fillcolor=powderblue]
	"Value169" -> "num170"
	"]171" [label="]",style=filled,fillcolor=powderblue]
	"Value159" -> "]171"
	"Start172" [label="Start"]
	"Start143" -> "Start172"
	"e173" [label="e"]
	"Start172" -> "e173"
};
