digraph G {
	"Start1" [label="Start"]
	"m2" [label="m",style=filled,fillcolor=powderblue]
	"Start1" -> "m2"
	"[3" [label="[",style=filled,fillcolor=powderblue]
	"Start1" -> "[3"
	"Expression4" [label="Expression"]
	"Start1" -> "Expression4"
	"Term5" [label="Term"]
	"Expression4" -> "Term5"
	"Value6" [label="Value"]
	"Term5" -> "Value6"
	"num7" [label="num",style=filled,fillcolor=powderblue]
	"Value6" -> "num7"
	"]8" [label="]",style=filled,fillcolor=powderblue]
	"Start1" -> "]8"
	"=9" [label="=",style=filled,fillcolor=powderblue]
	"Start1" -> "=9"
	"Expression10" [label="Expression"]
	"Start1" -> "Expression10"
	"Term11" [label="Term"]
	"Expression10" -> "Term11"
	"Value12" [label="Value"]
	"Term11" -> "Value12"
	"num13" [label="num",style=filled,fillcolor=powderblue]
	"Value12" -> "num13"
	"-14" [label="-",style=filled,fillcolor=powderblue]
	"Expression10" -> "-14"
	"Expression15" [label="Expression"]
	"Expression10" -> "Expression15"
	"Term16" [label="Term"]
	"Expression15" -> "Term16"
	"Value17" [label="Value"]
	"Term16" -> "Value17"
	"(18" [label="(",style=filled,fillcolor=powderblue]
	"Value17" -> "(18"
	"Expression19" [label="Expression"]
	"Value17" -> "Expression19"
	"Term20" [label="Term"]
	"Expression19" -> "Term20"
	"Value21" [label="Value"]
	"Term20" -> "Value21"
	"num22" [label="num",style=filled,fillcolor=powderblue]
	"Value21" -> "num22"
	"-23" [label="-",style=filled,fillcolor=powderblue]
	"Expression19" -> "-23"
	"Expression24" [label="Expression"]
	"Expression19" -> "Expression24"
	"Term25" [label="Term"]
	"Expression24" -> "Term25"
	"Value26" [label="Value"]
	"Term25" -> "Value26"
	"num27" [label="num",style=filled,fillcolor=powderblue]
	"Value26" -> "num27"
	")28" [label=")",style=filled,fillcolor=powderblue]
	"Value17" -> ")28"
	"Start29" [label="Start"]
	"Start1" -> "Start29"
	"m30" [label="m",style=filled,fillcolor=powderblue]
	"Start29" -> "m30"
	"[31" [label="[",style=filled,fillcolor=powderblue]
	"Start29" -> "[31"
	"Expression32" [label="Expression"]
	"Start29" -> "Expression32"
	"Term33" [label="Term"]
	"Expression32" -> "Term33"
	"Value34" [label="Value"]
	"Term33" -> "Value34"
	"num35" [label="num",style=filled,fillcolor=powderblue]
	"Value34" -> "num35"
	"]36" [label="]",style=filled,fillcolor=powderblue]
	"Start29" -> "]36"
	"=37" [label="=",style=filled,fillcolor=powderblue]
	"Start29" -> "=37"
	"Expression38" [label="Expression"]
	"Start29" -> "Expression38"
	"Term39" [label="Term"]
	"Expression38" -> "Term39"
	"Value40" [label="Value"]
	"Term39" -> "Value40"
	"num41" [label="num",style=filled,fillcolor=powderblue]
	"Value40" -> "num41"
	"-42" [label="-",style=filled,fillcolor=powderblue]
	"Expression38" -> "-42"
	"Expression43" [label="Expression"]
	"Expression38" -> "Expression43"
	"Term44" [label="Term"]
	"Expression43" -> "Term44"
	"Value45" [label="Value"]
	"Term44" -> "Value45"
	"m46" [label="m",style=filled,fillcolor=powderblue]
	"Value45" -> "m46"
	"[47" [label="[",style=filled,fillcolor=powderblue]
	"Value45" -> "[47"
	"Expression48" [label="Expression"]
	"Value45" -> "Expression48"
	"Term49" [label="Term"]
	"Expression48" -> "Term49"
	"Value50" [label="Value"]
	"Term49" -> "Value50"
	"(51" [label="(",style=filled,fillcolor=powderblue]
	"Value50" -> "(51"
	"Expression52" [label="Expression"]
	"Value50" -> "Expression52"
	"Term53" [label="Term"]
	"Expression52" -> "Term53"
	"Value54" [label="Value"]
	"Term53" -> "Value54"
	"num55" [label="num",style=filled,fillcolor=powderblue]
	"Value54" -> "num55"
	"-56" [label="-",style=filled,fillcolor=powderblue]
	"Expression52" -> "-56"
	"Expression57" [label="Expression"]
	"Expression52" -> "Expression57"
	"Term58" [label="Term"]
	"Expression57" -> "Term58"
	"Value59" [label="Value"]
	"Term58" -> "Value59"
	"num60" [label="num",style=filled,fillcolor=powderblue]
	"Value59" -> "num60"
	")61" [label=")",style=filled,fillcolor=powderblue]
	"Value50" -> ")61"
	"]62" [label="]",style=filled,fillcolor=powderblue]
	"Value45" -> "]62"
	"Start63" [label="Start"]
	"Start29" -> "Start63"
	"print64" [label="print",style=filled,fillcolor=powderblue]
	"Start63" -> "print64"
	"Expression65" [label="Expression"]
	"Start63" -> "Expression65"
	"Term66" [label="Term"]
	"Expression65" -> "Term66"
	"Value67" [label="Value"]
	"Term66" -> "Value67"
	"m68" [label="m",style=filled,fillcolor=powderblue]
	"Value67" -> "m68"
	"[69" [label="[",style=filled,fillcolor=powderblue]
	"Value67" -> "[69"
	"Expression70" [label="Expression"]
	"Value67" -> "Expression70"
	"Term71" [label="Term"]
	"Expression70" -> "Term71"
	"Value72" [label="Value"]
	"Term71" -> "Value72"
	"num73" [label="num",style=filled,fillcolor=powderblue]
	"Value72" -> "num73"
	"]74" [label="]",style=filled,fillcolor=powderblue]
	"Value67" -> "]74"
	"Start75" [label="Start"]
	"Start63" -> "Start75"
	"goto76" [label="goto",style=filled,fillcolor=powderblue]
	"Start75" -> "goto76"
	"num77" [label="num",style=filled,fillcolor=powderblue]
	"Start75" -> "num77"
	"if78" [label="if",style=filled,fillcolor=powderblue]
	"Start75" -> "if78"
	"Expression79" [label="Expression"]
	"Start75" -> "Expression79"
	"Term80" [label="Term"]
	"Expression79" -> "Term80"
	"Value81" [label="Value"]
	"Term80" -> "Value81"
	"m82" [label="m",style=filled,fillcolor=powderblue]
	"Value81" -> "m82"
	"[83" [label="[",style=filled,fillcolor=powderblue]
	"Value81" -> "[83"
	"Expression84" [label="Expression"]
	"Value81" -> "Expression84"
	"Term85" [label="Term"]
	"Expression84" -> "Term85"
	"Value86" [label="Value"]
	"Term85" -> "Value86"
	"num87" [label="num",style=filled,fillcolor=powderblue]
	"Value86" -> "num87"
	"]88" [label="]",style=filled,fillcolor=powderblue]
	"Value81" -> "]88"
	"Start89" [label="Start"]
	"Start75" -> "Start89"
	"print90" [label="print",style=filled,fillcolor=powderblue]
	"Start89" -> "print90"
	"Expression91" [label="Expression"]
	"Start89" -> "Expression91"
	"Term92" [label="Term"]
	"Expression91" -> "Term92"
	"Value93" [label="Value"]
	"Term92" -> "Value93"
	"m94" [label="m",style=filled,fillcolor=powderblue]
	"Value93" -> "m94"
	"[95" [label="[",style=filled,fillcolor=powderblue]
	"Value93" -> "[95"
	"Expression96" [label="Expression"]
	"Value93" -> "Expression96"
	"Term97" [label="Term"]
	"Expression96" -> "Term97"
	"Value98" [label="Value"]
	"Term97" -> "Value98"
	"num99" [label="num",style=filled,fillcolor=powderblue]
	"Value98" -> "num99"
	"]100" [label="]",style=filled,fillcolor=powderblue]
	"Value93" -> "]100"
	"Start101" [label="Start"]
	"Start89" -> "Start101"
	"goto102" [label="goto",style=filled,fillcolor=powderblue]
	"Start101" -> "goto102"
	"num103" [label="num",style=filled,fillcolor=powderblue]
	"Start101" -> "num103"
	"Start104" [label="Start"]
	"Start101" -> "Start104"
	"print105" [label="print",style=filled,fillcolor=powderblue]
	"Start104" -> "print105"
	"Expression106" [label="Expression"]
	"Start104" -> "Expression106"
	"Term107" [label="Term"]
	"Expression106" -> "Term107"
	"Value108" [label="Value"]
	"Term107" -> "Value108"
	"m109" [label="m",style=filled,fillcolor=powderblue]
	"Value108" -> "m109"
	"[110" [label="[",style=filled,fillcolor=powderblue]
	"Value108" -> "[110"
	"Expression111" [label="Expression"]
	"Value108" -> "Expression111"
	"Term112" [label="Term"]
	"Expression111" -> "Term112"
	"Value113" [label="Value"]
	"Term112" -> "Value113"
	"num114" [label="num",style=filled,fillcolor=powderblue]
	"Value113" -> "num114"
	"]115" [label="]",style=filled,fillcolor=powderblue]
	"Value108" -> "]115"
	"Start116" [label="Start"]
	"Start104" -> "Start116"
	"L117" [label="L",style=filled,fillcolor=powderblue]
	"Start116" -> "L117"
	"num118" [label="num",style=filled,fillcolor=powderblue]
	"Start116" -> "num118"
	":119" [label=":",style=filled,fillcolor=powderblue]
	"Start116" -> ":119"
	"Start120" [label="Start"]
	"Start116" -> "Start120"
	"print121" [label="print",style=filled,fillcolor=powderblue]
	"Start120" -> "print121"
	"Expression122" [label="Expression"]
	"Start120" -> "Expression122"
	"Term123" [label="Term"]
	"Expression122" -> "Term123"
	"Value124" [label="Value"]
	"Term123" -> "Value124"
	"m125" [label="m",style=filled,fillcolor=powderblue]
	"Value124" -> "m125"
	"[126" [label="[",style=filled,fillcolor=powderblue]
	"Value124" -> "[126"
	"Expression127" [label="Expression"]
	"Value124" -> "Expression127"
	"Term128" [label="Term"]
	"Expression127" -> "Term128"
	"Value129" [label="Value"]
	"Term128" -> "Value129"
	"num130" [label="num",style=filled,fillcolor=powderblue]
	"Value129" -> "num130"
	"]131" [label="]",style=filled,fillcolor=powderblue]
	"Value124" -> "]131"
	"Start132" [label="Start"]
	"Start120" -> "Start132"
	"m133" [label="m",style=filled,fillcolor=powderblue]
	"Start132" -> "m133"
	"[134" [label="[",style=filled,fillcolor=powderblue]
	"Start132" -> "[134"
	"Expression135" [label="Expression"]
	"Start132" -> "Expression135"
	"Term136" [label="Term"]
	"Expression135" -> "Term136"
	"Value137" [label="Value"]
	"Term136" -> "Value137"
	"num138" [label="num",style=filled,fillcolor=powderblue]
	"Value137" -> "num138"
	"]139" [label="]",style=filled,fillcolor=powderblue]
	"Start132" -> "]139"
	"=140" [label="=",style=filled,fillcolor=powderblue]
	"Start132" -> "=140"
	"Expression141" [label="Expression"]
	"Start132" -> "Expression141"
	"Term142" [label="Term"]
	"Expression141" -> "Term142"
	"Value143" [label="Value"]
	"Term142" -> "Value143"
	"num144" [label="num",style=filled,fillcolor=powderblue]
	"Value143" -> "num144"
	"/145" [label="/",style=filled,fillcolor=powderblue]
	"Term142" -> "/145"
	"Term146" [label="Term"]
	"Term142" -> "Term146"
	"Value147" [label="Value"]
	"Term146" -> "Value147"
	"num148" [label="num",style=filled,fillcolor=powderblue]
	"Value147" -> "num148"
	"*149" [label="*",style=filled,fillcolor=powderblue]
	"Term146" -> "*149"
	"Term150" [label="Term"]
	"Term146" -> "Term150"
	"Value151" [label="Value"]
	"Term150" -> "Value151"
	"num152" [label="num",style=filled,fillcolor=powderblue]
	"Value151" -> "num152"
	"Start153" [label="Start"]
	"Start132" -> "Start153"
	"m154" [label="m",style=filled,fillcolor=powderblue]
	"Start153" -> "m154"
	"[155" [label="[",style=filled,fillcolor=powderblue]
	"Start153" -> "[155"
	"Expression156" [label="Expression"]
	"Start153" -> "Expression156"
	"Term157" [label="Term"]
	"Expression156" -> "Term157"
	"Value158" [label="Value"]
	"Term157" -> "Value158"
	"num159" [label="num",style=filled,fillcolor=powderblue]
	"Value158" -> "num159"
	"]160" [label="]",style=filled,fillcolor=powderblue]
	"Start153" -> "]160"
	"=161" [label="=",style=filled,fillcolor=powderblue]
	"Start153" -> "=161"
	"Expression162" [label="Expression"]
	"Start153" -> "Expression162"
	"Term163" [label="Term"]
	"Expression162" -> "Term163"
	"Value164" [label="Value"]
	"Term163" -> "Value164"
	"num165" [label="num",style=filled,fillcolor=powderblue]
	"Value164" -> "num165"
	"+166" [label="+",style=filled,fillcolor=powderblue]
	"Expression162" -> "+166"
	"Expression167" [label="Expression"]
	"Expression162" -> "Expression167"
	"Term168" [label="Term"]
	"Expression167" -> "Term168"
	"Value169" [label="Value"]
	"Term168" -> "Value169"
	"num170" [label="num",style=filled,fillcolor=powderblue]
	"Value169" -> "num170"
	"Start171" [label="Start"]
	"Start153" -> "Start171"
	"m172" [label="m",style=filled,fillcolor=powderblue]
	"Start171" -> "m172"
	"[173" [label="[",style=filled,fillcolor=powderblue]
	"Start171" -> "[173"
	"Expression174" [label="Expression"]
	"Start171" -> "Expression174"
	"Term175" [label="Term"]
	"Expression174" -> "Term175"
	"Value176" [label="Value"]
	"Term175" -> "Value176"
	"num177" [label="num",style=filled,fillcolor=powderblue]
	"Value176" -> "num177"
	"]178" [label="]",style=filled,fillcolor=powderblue]
	"Start171" -> "]178"
	"=179" [label="=",style=filled,fillcolor=powderblue]
	"Start171" -> "=179"
	"Expression180" [label="Expression"]
	"Start171" -> "Expression180"
	"Term181" [label="Term"]
	"Expression180" -> "Term181"
	"Value182" [label="Value"]
	"Term181" -> "Value182"
	"num183" [label="num",style=filled,fillcolor=powderblue]
	"Value182" -> "num183"
	"-184" [label="-",style=filled,fillcolor=powderblue]
	"Expression180" -> "-184"
	"Expression185" [label="Expression"]
	"Expression180" -> "Expression185"
	"Term186" [label="Term"]
	"Expression185" -> "Term186"
	"Value187" [label="Value"]
	"Term186" -> "Value187"
	"(188" [label="(",style=filled,fillcolor=powderblue]
	"Value187" -> "(188"
	"Expression189" [label="Expression"]
	"Value187" -> "Expression189"
	"Term190" [label="Term"]
	"Expression189" -> "Term190"
	"Value191" [label="Value"]
	"Term190" -> "Value191"
	"m192" [label="m",style=filled,fillcolor=powderblue]
	"Value191" -> "m192"
	"[193" [label="[",style=filled,fillcolor=powderblue]
	"Value191" -> "[193"
	"Expression194" [label="Expression"]
	"Value191" -> "Expression194"
	"Term195" [label="Term"]
	"Expression194" -> "Term195"
	"Value196" [label="Value"]
	"Term195" -> "Value196"
	"num197" [label="num",style=filled,fillcolor=powderblue]
	"Value196" -> "num197"
	"]198" [label="]",style=filled,fillcolor=powderblue]
	"Value191" -> "]198"
	"-199" [label="-",style=filled,fillcolor=powderblue]
	"Expression189" -> "-199"
	"Expression200" [label="Expression"]
	"Expression189" -> "Expression200"
	"Term201" [label="Term"]
	"Expression200" -> "Term201"
	"Value202" [label="Value"]
	"Term201" -> "Value202"
	"num203" [label="num",style=filled,fillcolor=powderblue]
	"Value202" -> "num203"
	")204" [label=")",style=filled,fillcolor=powderblue]
	"Value187" -> ")204"
	"Start205" [label="Start"]
	"Start171" -> "Start205"
	"m206" [label="m",style=filled,fillcolor=powderblue]
	"Start205" -> "m206"
	"[207" [label="[",style=filled,fillcolor=powderblue]
	"Start205" -> "[207"
	"Expression208" [label="Expression"]
	"Start205" -> "Expression208"
	"Term209" [label="Term"]
	"Expression208" -> "Term209"
	"Value210" [label="Value"]
	"Term209" -> "Value210"
	"num211" [label="num",style=filled,fillcolor=powderblue]
	"Value210" -> "num211"
	"]212" [label="]",style=filled,fillcolor=powderblue]
	"Start205" -> "]212"
	"=213" [label="=",style=filled,fillcolor=powderblue]
	"Start205" -> "=213"
	"Expression214" [label="Expression"]
	"Start205" -> "Expression214"
	"Term215" [label="Term"]
	"Expression214" -> "Term215"
	"Value216" [label="Value"]
	"Term215" -> "Value216"
	"num217" [label="num",style=filled,fillcolor=powderblue]
	"Value216" -> "num217"
	"/218" [label="/",style=filled,fillcolor=powderblue]
	"Term215" -> "/218"
	"Term219" [label="Term"]
	"Term215" -> "Term219"
	"Value220" [label="Value"]
	"Term219" -> "Value220"
	"num221" [label="num",style=filled,fillcolor=powderblue]
	"Value220" -> "num221"
	"*222" [label="*",style=filled,fillcolor=powderblue]
	"Term219" -> "*222"
	"Term223" [label="Term"]
	"Term219" -> "Term223"
	"Value224" [label="Value"]
	"Term223" -> "Value224"
	"num225" [label="num",style=filled,fillcolor=powderblue]
	"Value224" -> "num225"
	"Start226" [label="Start"]
	"Start205" -> "Start226"
	"e227" [label="e"]
	"Start226" -> "e227"
};
