digraph G {
	"Start1" [label="Start"]
	"m2" [label="m",style=filled,fillcolor=powderblue]
	"Start1" -> "m2"
	"[3" [label="[",style=filled,fillcolor=powderblue]
	"Start1" -> "[3"
	"Expression4" [label="Expression"]
	"Start1" -> "Expression4"
	"Term5" [label="Term"]
	"Expression4" -> "Term5"
	"Value6" [label="Value"]
	"Term5" -> "Value6"
	"num7" [label="num",style=filled,fillcolor=powderblue]
	"Value6" -> "num7"
	"]8" [label="]",style=filled,fillcolor=powderblue]
	"Start1" -> "]8"
	"=9" [label="=",style=filled,fillcolor=powderblue]
	"Start1" -> "=9"
	"Expression10" [label="Expression"]
	"Start1" -> "Expression10"
	"Term11" [label="Term"]
	"Expression10" -> "Term11"
	"Value12" [label="Value"]
	"Term11" -> "Value12"
	"num13" [label="num",style=filled,fillcolor=powderblue]
	"Value12" -> "num13"
	"/14" [label="/",style=filled,fillcolor=powderblue]
	"Term11" -> "/14"
	"Term15" [label="Term"]
	"Term11" -> "Term15"
	"Value16" [label="Value"]
	"Term15" -> "Value16"
	"num17" [label="num",style=filled,fillcolor=powderblue]
	"Value16" -> "num17"
	"*18" [label="*",style=filled,fillcolor=powderblue]
	"Term15" -> "*18"
	"Term19" [label="Term"]
	"Term15" -> "Term19"
	"Value20" [label="Value"]
	"Term19" -> "Value20"
	"num21" [label="num",style=filled,fillcolor=powderblue]
	"Value20" -> "num21"
	"Start22" [label="Start"]
	"Start1" -> "Start22"
	"m23" [label="m",style=filled,fillcolor=powderblue]
	"Start22" -> "m23"
	"[24" [label="[",style=filled,fillcolor=powderblue]
	"Start22" -> "[24"
	"Expression25" [label="Expression"]
	"Start22" -> "Expression25"
	"Term26" [label="Term"]
	"Expression25" -> "Term26"
	"Value27" [label="Value"]
	"Term26" -> "Value27"
	"num28" [label="num",style=filled,fillcolor=powderblue]
	"Value27" -> "num28"
	"]29" [label="]",style=filled,fillcolor=powderblue]
	"Start22" -> "]29"
	"=30" [label="=",style=filled,fillcolor=powderblue]
	"Start22" -> "=30"
	"Expression31" [label="Expression"]
	"Start22" -> "Expression31"
	"Term32" [label="Term"]
	"Expression31" -> "Term32"
	"Value33" [label="Value"]
	"Term32" -> "Value33"
	"num34" [label="num",style=filled,fillcolor=powderblue]
	"Value33" -> "num34"
	"**35" [label="**",style=filled,fillcolor=powderblue]
	"Value33" -> "**35"
	"Value36" [label="Value"]
	"Value33" -> "Value36"
	"num37" [label="num",style=filled,fillcolor=powderblue]
	"Value36" -> "num37"
	"**38" [label="**",style=filled,fillcolor=powderblue]
	"Value36" -> "**38"
	"Value39" [label="Value"]
	"Value36" -> "Value39"
	"num40" [label="num",style=filled,fillcolor=powderblue]
	"Value39" -> "num40"
	"Start41" [label="Start"]
	"Start22" -> "Start41"
	"m42" [label="m",style=filled,fillcolor=powderblue]
	"Start41" -> "m42"
	"[43" [label="[",style=filled,fillcolor=powderblue]
	"Start41" -> "[43"
	"Expression44" [label="Expression"]
	"Start41" -> "Expression44"
	"Term45" [label="Term"]
	"Expression44" -> "Term45"
	"Value46" [label="Value"]
	"Term45" -> "Value46"
	"num47" [label="num",style=filled,fillcolor=powderblue]
	"Value46" -> "num47"
	"]48" [label="]",style=filled,fillcolor=powderblue]
	"Start41" -> "]48"
	"=49" [label="=",style=filled,fillcolor=powderblue]
	"Start41" -> "=49"
	"Expression50" [label="Expression"]
	"Start41" -> "Expression50"
	"Term51" [label="Term"]
	"Expression50" -> "Term51"
	"Value52" [label="Value"]
	"Term51" -> "Value52"
	"num53" [label="num",style=filled,fillcolor=powderblue]
	"Value52" -> "num53"
	"*54" [label="*",style=filled,fillcolor=powderblue]
	"Term51" -> "*54"
	"Term55" [label="Term"]
	"Term51" -> "Term55"
	"Value56" [label="Value"]
	"Term55" -> "Value56"
	"num57" [label="num",style=filled,fillcolor=powderblue]
	"Value56" -> "num57"
	"-58" [label="-",style=filled,fillcolor=powderblue]
	"Expression50" -> "-58"
	"Expression59" [label="Expression"]
	"Expression50" -> "Expression59"
	"Term60" [label="Term"]
	"Expression59" -> "Term60"
	"Value61" [label="Value"]
	"Term60" -> "Value61"
	"num62" [label="num",style=filled,fillcolor=powderblue]
	"Value61" -> "num62"
	"**63" [label="**",style=filled,fillcolor=powderblue]
	"Value61" -> "**63"
	"Value64" [label="Value"]
	"Value61" -> "Value64"
	"num65" [label="num",style=filled,fillcolor=powderblue]
	"Value64" -> "num65"
	"*66" [label="*",style=filled,fillcolor=powderblue]
	"Term60" -> "*66"
	"Term67" [label="Term"]
	"Term60" -> "Term67"
	"Value68" [label="Value"]
	"Term67" -> "Value68"
	"num69" [label="num",style=filled,fillcolor=powderblue]
	"Value68" -> "num69"
	"+70" [label="+",style=filled,fillcolor=powderblue]
	"Expression59" -> "+70"
	"Expression71" [label="Expression"]
	"Expression59" -> "Expression71"
	"Term72" [label="Term"]
	"Expression71" -> "Term72"
	"Value73" [label="Value"]
	"Term72" -> "Value73"
	"num74" [label="num",style=filled,fillcolor=powderblue]
	"Value73" -> "num74"
	"**75" [label="**",style=filled,fillcolor=powderblue]
	"Value73" -> "**75"
	"Value76" [label="Value"]
	"Value73" -> "Value76"
	"num77" [label="num",style=filled,fillcolor=powderblue]
	"Value76" -> "num77"
	"Start78" [label="Start"]
	"Start41" -> "Start78"
	"m79" [label="m",style=filled,fillcolor=powderblue]
	"Start78" -> "m79"
	"[80" [label="[",style=filled,fillcolor=powderblue]
	"Start78" -> "[80"
	"Expression81" [label="Expression"]
	"Start78" -> "Expression81"
	"Term82" [label="Term"]
	"Expression81" -> "Term82"
	"Value83" [label="Value"]
	"Term82" -> "Value83"
	"num84" [label="num",style=filled,fillcolor=powderblue]
	"Value83" -> "num84"
	"]85" [label="]",style=filled,fillcolor=powderblue]
	"Start78" -> "]85"
	"=86" [label="=",style=filled,fillcolor=powderblue]
	"Start78" -> "=86"
	"Expression87" [label="Expression"]
	"Start78" -> "Expression87"
	"Term88" [label="Term"]
	"Expression87" -> "Term88"
	"Value89" [label="Value"]
	"Term88" -> "Value89"
	"num90" [label="num",style=filled,fillcolor=powderblue]
	"Value89" -> "num90"
	"+91" [label="+",style=filled,fillcolor=powderblue]
	"Expression87" -> "+91"
	"Expression92" [label="Expression"]
	"Expression87" -> "Expression92"
	"Term93" [label="Term"]
	"Expression92" -> "Term93"
	"Value94" [label="Value"]
	"Term93" -> "Value94"
	"m95" [label="m",style=filled,fillcolor=powderblue]
	"Value94" -> "m95"
	"[96" [label="[",style=filled,fillcolor=powderblue]
	"Value94" -> "[96"
	"Expression97" [label="Expression"]
	"Value94" -> "Expression97"
	"Term98" [label="Term"]
	"Expression97" -> "Term98"
	"Value99" [label="Value"]
	"Term98" -> "Value99"
	"num100" [label="num",style=filled,fillcolor=powderblue]
	"Value99" -> "num100"
	"]101" [label="]",style=filled,fillcolor=powderblue]
	"Value94" -> "]101"
	"Start102" [label="Start"]
	"Start78" -> "Start102"
	"m103" [label="m",style=filled,fillcolor=powderblue]
	"Start102" -> "m103"
	"[104" [label="[",style=filled,fillcolor=powderblue]
	"Start102" -> "[104"
	"Expression105" [label="Expression"]
	"Start102" -> "Expression105"
	"Term106" [label="Term"]
	"Expression105" -> "Term106"
	"Value107" [label="Value"]
	"Term106" -> "Value107"
	"num108" [label="num",style=filled,fillcolor=powderblue]
	"Value107" -> "num108"
	"]109" [label="]",style=filled,fillcolor=powderblue]
	"Start102" -> "]109"
	"=110" [label="=",style=filled,fillcolor=powderblue]
	"Start102" -> "=110"
	"Expression111" [label="Expression"]
	"Start102" -> "Expression111"
	"Term112" [label="Term"]
	"Expression111" -> "Term112"
	"Value113" [label="Value"]
	"Term112" -> "Value113"
	"num114" [label="num",style=filled,fillcolor=powderblue]
	"Value113" -> "num114"
	"-115" [label="-",style=filled,fillcolor=powderblue]
	"Expression111" -> "-115"
	"Expression116" [label="Expression"]
	"Expression111" -> "Expression116"
	"Term117" [label="Term"]
	"Expression116" -> "Term117"
	"Value118" [label="Value"]
	"Term117" -> "Value118"
	"m119" [label="m",style=filled,fillcolor=powderblue]
	"Value118" -> "m119"
	"[120" [label="[",style=filled,fillcolor=powderblue]
	"Value118" -> "[120"
	"Expression121" [label="Expression"]
	"Value118" -> "Expression121"
	"Term122" [label="Term"]
	"Expression121" -> "Term122"
	"Value123" [label="Value"]
	"Term122" -> "Value123"
	"num124" [label="num",style=filled,fillcolor=powderblue]
	"Value123" -> "num124"
	"]125" [label="]",style=filled,fillcolor=powderblue]
	"Value118" -> "]125"
	"-126" [label="-",style=filled,fillcolor=powderblue]
	"Expression116" -> "-126"
	"Expression127" [label="Expression"]
	"Expression116" -> "Expression127"
	"Term128" [label="Term"]
	"Expression127" -> "Term128"
	"Value129" [label="Value"]
	"Term128" -> "Value129"
	"num130" [label="num",style=filled,fillcolor=powderblue]
	"Value129" -> "num130"
	"Start131" [label="Start"]
	"Start102" -> "Start131"
	"print132" [label="print",style=filled,fillcolor=powderblue]
	"Start131" -> "print132"
	"Expression133" [label="Expression"]
	"Start131" -> "Expression133"
	"Term134" [label="Term"]
	"Expression133" -> "Term134"
	"Value135" [label="Value"]
	"Term134" -> "Value135"
	"num136" [label="num",style=filled,fillcolor=powderblue]
	"Value135" -> "num136"
	"Start137" [label="Start"]
	"Start131" -> "Start137"
	"print138" [label="print",style=filled,fillcolor=powderblue]
	"Start137" -> "print138"
	"Expression139" [label="Expression"]
	"Start137" -> "Expression139"
	"Term140" [label="Term"]
	"Expression139" -> "Term140"
	"Value141" [label="Value"]
	"Term140" -> "Value141"
	"m142" [label="m",style=filled,fillcolor=powderblue]
	"Value141" -> "m142"
	"[143" [label="[",style=filled,fillcolor=powderblue]
	"Value141" -> "[143"
	"Expression144" [label="Expression"]
	"Value141" -> "Expression144"
	"Term145" [label="Term"]
	"Expression144" -> "Term145"
	"Value146" [label="Value"]
	"Term145" -> "Value146"
	"num147" [label="num",style=filled,fillcolor=powderblue]
	"Value146" -> "num147"
	"]148" [label="]",style=filled,fillcolor=powderblue]
	"Value141" -> "]148"
	"Start149" [label="Start"]
	"Start137" -> "Start149"
	"print150" [label="print",style=filled,fillcolor=powderblue]
	"Start149" -> "print150"
	"Expression151" [label="Expression"]
	"Start149" -> "Expression151"
	"Term152" [label="Term"]
	"Expression151" -> "Term152"
	"Value153" [label="Value"]
	"Term152" -> "Value153"
	"m154" [label="m",style=filled,fillcolor=powderblue]
	"Value153" -> "m154"
	"[155" [label="[",style=filled,fillcolor=powderblue]
	"Value153" -> "[155"
	"Expression156" [label="Expression"]
	"Value153" -> "Expression156"
	"Term157" [label="Term"]
	"Expression156" -> "Term157"
	"Value158" [label="Value"]
	"Term157" -> "Value158"
	"num159" [label="num",style=filled,fillcolor=powderblue]
	"Value158" -> "num159"
	"]160" [label="]",style=filled,fillcolor=powderblue]
	"Value153" -> "]160"
	"Start161" [label="Start"]
	"Start149" -> "Start161"
	"goto162" [label="goto",style=filled,fillcolor=powderblue]
	"Start161" -> "goto162"
	"num163" [label="num",style=filled,fillcolor=powderblue]
	"Start161" -> "num163"
	"Start164" [label="Start"]
	"Start161" -> "Start164"
	"m165" [label="m",style=filled,fillcolor=powderblue]
	"Start164" -> "m165"
	"[166" [label="[",style=filled,fillcolor=powderblue]
	"Start164" -> "[166"
	"Expression167" [label="Expression"]
	"Start164" -> "Expression167"
	"Term168" [label="Term"]
	"Expression167" -> "Term168"
	"Value169" [label="Value"]
	"Term168" -> "Value169"
	"num170" [label="num",style=filled,fillcolor=powderblue]
	"Value169" -> "num170"
	"]171" [label="]",style=filled,fillcolor=powderblue]
	"Start164" -> "]171"
	"=172" [label="=",style=filled,fillcolor=powderblue]
	"Start164" -> "=172"
	"Expression173" [label="Expression"]
	"Start164" -> "Expression173"
	"Term174" [label="Term"]
	"Expression173" -> "Term174"
	"Value175" [label="Value"]
	"Term174" -> "Value175"
	"num176" [label="num",style=filled,fillcolor=powderblue]
	"Value175" -> "num176"
	"-177" [label="-",style=filled,fillcolor=powderblue]
	"Expression173" -> "-177"
	"Expression178" [label="Expression"]
	"Expression173" -> "Expression178"
	"Term179" [label="Term"]
	"Expression178" -> "Term179"
	"Value180" [label="Value"]
	"Term179" -> "Value180"
	"m181" [label="m",style=filled,fillcolor=powderblue]
	"Value180" -> "m181"
	"[182" [label="[",style=filled,fillcolor=powderblue]
	"Value180" -> "[182"
	"Expression183" [label="Expression"]
	"Value180" -> "Expression183"
	"Term184" [label="Term"]
	"Expression183" -> "Term184"
	"Value185" [label="Value"]
	"Term184" -> "Value185"
	"num186" [label="num",style=filled,fillcolor=powderblue]
	"Value185" -> "num186"
	"]187" [label="]",style=filled,fillcolor=powderblue]
	"Value180" -> "]187"
	"-188" [label="-",style=filled,fillcolor=powderblue]
	"Expression178" -> "-188"
	"Expression189" [label="Expression"]
	"Expression178" -> "Expression189"
	"Term190" [label="Term"]
	"Expression189" -> "Term190"
	"Value191" [label="Value"]
	"Term190" -> "Value191"
	"num192" [label="num",style=filled,fillcolor=powderblue]
	"Value191" -> "num192"
	"Start193" [label="Start"]
	"Start164" -> "Start193"
	"print194" [label="print",style=filled,fillcolor=powderblue]
	"Start193" -> "print194"
	"Expression195" [label="Expression"]
	"Start193" -> "Expression195"
	"Term196" [label="Term"]
	"Expression195" -> "Term196"
	"Value197" [label="Value"]
	"Term196" -> "Value197"
	"num198" [label="num",style=filled,fillcolor=powderblue]
	"Value197" -> "num198"
	"Start199" [label="Start"]
	"Start193" -> "Start199"
	"print200" [label="print",style=filled,fillcolor=powderblue]
	"Start199" -> "print200"
	"Expression201" [label="Expression"]
	"Start199" -> "Expression201"
	"Term202" [label="Term"]
	"Expression201" -> "Term202"
	"Value203" [label="Value"]
	"Term202" -> "Value203"
	"m204" [label="m",style=filled,fillcolor=powderblue]
	"Value203" -> "m204"
	"[205" [label="[",style=filled,fillcolor=powderblue]
	"Value203" -> "[205"
	"Expression206" [label="Expression"]
	"Value203" -> "Expression206"
	"Term207" [label="Term"]
	"Expression206" -> "Term207"
	"Value208" [label="Value"]
	"Term207" -> "Value208"
	"num209" [label="num",style=filled,fillcolor=powderblue]
	"Value208" -> "num209"
	"]210" [label="]",style=filled,fillcolor=powderblue]
	"Value203" -> "]210"
	"Start211" [label="Start"]
	"Start199" -> "Start211"
	"L212" [label="L",style=filled,fillcolor=powderblue]
	"Start211" -> "L212"
	"num213" [label="num",style=filled,fillcolor=powderblue]
	"Start211" -> "num213"
	":214" [label=":",style=filled,fillcolor=powderblue]
	"Start211" -> ":214"
	"Start215" [label="Start"]
	"Start211" -> "Start215"
	"m216" [label="m",style=filled,fillcolor=powderblue]
	"Start215" -> "m216"
	"[217" [label="[",style=filled,fillcolor=powderblue]
	"Start215" -> "[217"
	"Expression218" [label="Expression"]
	"Start215" -> "Expression218"
	"Term219" [label="Term"]
	"Expression218" -> "Term219"
	"Value220" [label="Value"]
	"Term219" -> "Value220"
	"num221" [label="num",style=filled,fillcolor=powderblue]
	"Value220" -> "num221"
	"]222" [label="]",style=filled,fillcolor=powderblue]
	"Start215" -> "]222"
	"=223" [label="=",style=filled,fillcolor=powderblue]
	"Start215" -> "=223"
	"Expression224" [label="Expression"]
	"Start215" -> "Expression224"
	"Term225" [label="Term"]
	"Expression224" -> "Term225"
	"Value226" [label="Value"]
	"Term225" -> "Value226"
	"num227" [label="num",style=filled,fillcolor=powderblue]
	"Value226" -> "num227"
	"-228" [label="-",style=filled,fillcolor=powderblue]
	"Expression224" -> "-228"
	"Expression229" [label="Expression"]
	"Expression224" -> "Expression229"
	"Term230" [label="Term"]
	"Expression229" -> "Term230"
	"Value231" [label="Value"]
	"Term230" -> "Value231"
	"(232" [label="(",style=filled,fillcolor=powderblue]
	"Value231" -> "(232"
	"Expression233" [label="Expression"]
	"Value231" -> "Expression233"
	"Term234" [label="Term"]
	"Expression233" -> "Term234"
	"Value235" [label="Value"]
	"Term234" -> "Value235"
	"m236" [label="m",style=filled,fillcolor=powderblue]
	"Value235" -> "m236"
	"[237" [label="[",style=filled,fillcolor=powderblue]
	"Value235" -> "[237"
	"Expression238" [label="Expression"]
	"Value235" -> "Expression238"
	"Term239" [label="Term"]
	"Expression238" -> "Term239"
	"Value240" [label="Value"]
	"Term239" -> "Value240"
	"num241" [label="num",style=filled,fillcolor=powderblue]
	"Value240" -> "num241"
	"]242" [label="]",style=filled,fillcolor=powderblue]
	"Value235" -> "]242"
	"-243" [label="-",style=filled,fillcolor=powderblue]
	"Expression233" -> "-243"
	"Expression244" [label="Expression"]
	"Expression233" -> "Expression244"
	"Term245" [label="Term"]
	"Expression244" -> "Term245"
	"Value246" [label="Value"]
	"Term245" -> "Value246"
	"num247" [label="num",style=filled,fillcolor=powderblue]
	"Value246" -> "num247"
	")248" [label=")",style=filled,fillcolor=powderblue]
	"Value231" -> ")248"
	"Start249" [label="Start"]
	"Start215" -> "Start249"
	"m250" [label="m",style=filled,fillcolor=powderblue]
	"Start249" -> "m250"
	"[251" [label="[",style=filled,fillcolor=powderblue]
	"Start249" -> "[251"
	"Expression252" [label="Expression"]
	"Start249" -> "Expression252"
	"Term253" [label="Term"]
	"Expression252" -> "Term253"
	"Value254" [label="Value"]
	"Term253" -> "Value254"
	"num255" [label="num",style=filled,fillcolor=powderblue]
	"Value254" -> "num255"
	"]256" [label="]",style=filled,fillcolor=powderblue]
	"Start249" -> "]256"
	"=257" [label="=",style=filled,fillcolor=powderblue]
	"Start249" -> "=257"
	"Expression258" [label="Expression"]
	"Start249" -> "Expression258"
	"Term259" [label="Term"]
	"Expression258" -> "Term259"
	"Value260" [label="Value"]
	"Term259" -> "Value260"
	"num261" [label="num",style=filled,fillcolor=powderblue]
	"Value260" -> "num261"
	"*262" [label="*",style=filled,fillcolor=powderblue]
	"Term259" -> "*262"
	"Term263" [label="Term"]
	"Term259" -> "Term263"
	"Value264" [label="Value"]
	"Term263" -> "Value264"
	"num265" [label="num",style=filled,fillcolor=powderblue]
	"Value264" -> "num265"
	"-266" [label="-",style=filled,fillcolor=powderblue]
	"Expression258" -> "-266"
	"Expression267" [label="Expression"]
	"Expression258" -> "Expression267"
	"Term268" [label="Term"]
	"Expression267" -> "Term268"
	"Value269" [label="Value"]
	"Term268" -> "Value269"
	"num270" [label="num",style=filled,fillcolor=powderblue]
	"Value269" -> "num270"
	"/271" [label="/",style=filled,fillcolor=powderblue]
	"Term268" -> "/271"
	"Term272" [label="Term"]
	"Term268" -> "Term272"
	"Value273" [label="Value"]
	"Term272" -> "Value273"
	"num274" [label="num",style=filled,fillcolor=powderblue]
	"Value273" -> "num274"
	"**275" [label="**",style=filled,fillcolor=powderblue]
	"Value273" -> "**275"
	"Value276" [label="Value"]
	"Value273" -> "Value276"
	"num277" [label="num",style=filled,fillcolor=powderblue]
	"Value276" -> "num277"
	"Start278" [label="Start"]
	"Start249" -> "Start278"
	"m279" [label="m",style=filled,fillcolor=powderblue]
	"Start278" -> "m279"
	"[280" [label="[",style=filled,fillcolor=powderblue]
	"Start278" -> "[280"
	"Expression281" [label="Expression"]
	"Start278" -> "Expression281"
	"Term282" [label="Term"]
	"Expression281" -> "Term282"
	"Value283" [label="Value"]
	"Term282" -> "Value283"
	"num284" [label="num",style=filled,fillcolor=powderblue]
	"Value283" -> "num284"
	"]285" [label="]",style=filled,fillcolor=powderblue]
	"Start278" -> "]285"
	"=286" [label="=",style=filled,fillcolor=powderblue]
	"Start278" -> "=286"
	"Expression287" [label="Expression"]
	"Start278" -> "Expression287"
	"Term288" [label="Term"]
	"Expression287" -> "Term288"
	"Value289" [label="Value"]
	"Term288" -> "Value289"
	"num290" [label="num",style=filled,fillcolor=powderblue]
	"Value289" -> "num290"
	"+291" [label="+",style=filled,fillcolor=powderblue]
	"Expression287" -> "+291"
	"Expression292" [label="Expression"]
	"Expression287" -> "Expression292"
	"Term293" [label="Term"]
	"Expression292" -> "Term293"
	"Value294" [label="Value"]
	"Term293" -> "Value294"
	"m295" [label="m",style=filled,fillcolor=powderblue]
	"Value294" -> "m295"
	"[296" [label="[",style=filled,fillcolor=powderblue]
	"Value294" -> "[296"
	"Expression297" [label="Expression"]
	"Value294" -> "Expression297"
	"Term298" [label="Term"]
	"Expression297" -> "Term298"
	"Value299" [label="Value"]
	"Term298" -> "Value299"
	"num300" [label="num",style=filled,fillcolor=powderblue]
	"Value299" -> "num300"
	"]301" [label="]",style=filled,fillcolor=powderblue]
	"Value294" -> "]301"
	"Start302" [label="Start"]
	"Start278" -> "Start302"
	"m303" [label="m",style=filled,fillcolor=powderblue]
	"Start302" -> "m303"
	"[304" [label="[",style=filled,fillcolor=powderblue]
	"Start302" -> "[304"
	"Expression305" [label="Expression"]
	"Start302" -> "Expression305"
	"Term306" [label="Term"]
	"Expression305" -> "Term306"
	"Value307" [label="Value"]
	"Term306" -> "Value307"
	"num308" [label="num",style=filled,fillcolor=powderblue]
	"Value307" -> "num308"
	"]309" [label="]",style=filled,fillcolor=powderblue]
	"Start302" -> "]309"
	"=310" [label="=",style=filled,fillcolor=powderblue]
	"Start302" -> "=310"
	"Expression311" [label="Expression"]
	"Start302" -> "Expression311"
	"Term312" [label="Term"]
	"Expression311" -> "Term312"
	"Value313" [label="Value"]
	"Term312" -> "Value313"
	"num314" [label="num",style=filled,fillcolor=powderblue]
	"Value313" -> "num314"
	"**315" [label="**",style=filled,fillcolor=powderblue]
	"Value313" -> "**315"
	"Value316" [label="Value"]
	"Value313" -> "Value316"
	"num317" [label="num",style=filled,fillcolor=powderblue]
	"Value316" -> "num317"
	"-318" [label="-",style=filled,fillcolor=powderblue]
	"Expression311" -> "-318"
	"Expression319" [label="Expression"]
	"Expression311" -> "Expression319"
	"Term320" [label="Term"]
	"Expression319" -> "Term320"
	"Value321" [label="Value"]
	"Term320" -> "Value321"
	"num322" [label="num",style=filled,fillcolor=powderblue]
	"Value321" -> "num322"
	"**323" [label="**",style=filled,fillcolor=powderblue]
	"Value321" -> "**323"
	"Value324" [label="Value"]
	"Value321" -> "Value324"
	"num325" [label="num",style=filled,fillcolor=powderblue]
	"Value324" -> "num325"
	"**326" [label="**",style=filled,fillcolor=powderblue]
	"Value324" -> "**326"
	"Value327" [label="Value"]
	"Value324" -> "Value327"
	"num328" [label="num",style=filled,fillcolor=powderblue]
	"Value327" -> "num328"
	"-329" [label="-",style=filled,fillcolor=powderblue]
	"Expression319" -> "-329"
	"Expression330" [label="Expression"]
	"Expression319" -> "Expression330"
	"Term331" [label="Term"]
	"Expression330" -> "Term331"
	"Value332" [label="Value"]
	"Term331" -> "Value332"
	"num333" [label="num",style=filled,fillcolor=powderblue]
	"Value332" -> "num333"
	"Start334" [label="Start"]
	"Start302" -> "Start334"
	"m335" [label="m",style=filled,fillcolor=powderblue]
	"Start334" -> "m335"
	"[336" [label="[",style=filled,fillcolor=powderblue]
	"Start334" -> "[336"
	"Expression337" [label="Expression"]
	"Start334" -> "Expression337"
	"Term338" [label="Term"]
	"Expression337" -> "Term338"
	"Value339" [label="Value"]
	"Term338" -> "Value339"
	"num340" [label="num",style=filled,fillcolor=powderblue]
	"Value339" -> "num340"
	"]341" [label="]",style=filled,fillcolor=powderblue]
	"Start334" -> "]341"
	"=342" [label="=",style=filled,fillcolor=powderblue]
	"Start334" -> "=342"
	"Expression343" [label="Expression"]
	"Start334" -> "Expression343"
	"Term344" [label="Term"]
	"Expression343" -> "Term344"
	"Value345" [label="Value"]
	"Term344" -> "Value345"
	"num346" [label="num",style=filled,fillcolor=powderblue]
	"Value345" -> "num346"
	"-347" [label="-",style=filled,fillcolor=powderblue]
	"Expression343" -> "-347"
	"Expression348" [label="Expression"]
	"Expression343" -> "Expression348"
	"Term349" [label="Term"]
	"Expression348" -> "Term349"
	"Value350" [label="Value"]
	"Term349" -> "Value350"
	"m351" [label="m",style=filled,fillcolor=powderblue]
	"Value350" -> "m351"
	"[352" [label="[",style=filled,fillcolor=powderblue]
	"Value350" -> "[352"
	"Expression353" [label="Expression"]
	"Value350" -> "Expression353"
	"Term354" [label="Term"]
	"Expression353" -> "Term354"
	"Value355" [label="Value"]
	"Term354" -> "Value355"
	"num356" [label="num",style=filled,fillcolor=powderblue]
	"Value355" -> "num356"
	"-357" [label="-",style=filled,fillcolor=powderblue]
	"Expression353" -> "-357"
	"Expression358" [label="Expression"]
	"Expression353" -> "Expression358"
	"Term359" [label="Term"]
	"Expression358" -> "Term359"
	"Value360" [label="Value"]
	"Term359" -> "Value360"
	"num361" [label="num",style=filled,fillcolor=powderblue]
	"Value360" -> "num361"
	"]362" [label="]",style=filled,fillcolor=powderblue]
	"Value350" -> "]362"
	"Start363" [label="Start"]
	"Start334" -> "Start363"
	"m364" [label="m",style=filled,fillcolor=powderblue]
	"Start363" -> "m364"
	"[365" [label="[",style=filled,fillcolor=powderblue]
	"Start363" -> "[365"
	"Expression366" [label="Expression"]
	"Start363" -> "Expression366"
	"Term367" [label="Term"]
	"Expression366" -> "Term367"
	"Value368" [label="Value"]
	"Term367" -> "Value368"
	"num369" [label="num",style=filled,fillcolor=powderblue]
	"Value368" -> "num369"
	"]370" [label="]",style=filled,fillcolor=powderblue]
	"Start363" -> "]370"
	"=371" [label="=",style=filled,fillcolor=powderblue]
	"Start363" -> "=371"
	"Expression372" [label="Expression"]
	"Start363" -> "Expression372"
	"Term373" [label="Term"]
	"Expression372" -> "Term373"
	"Value374" [label="Value"]
	"Term373" -> "Value374"
	"num375" [label="num",style=filled,fillcolor=powderblue]
	"Value374" -> "num375"
	"-376" [label="-",style=filled,fillcolor=powderblue]
	"Expression372" -> "-376"
	"Expression377" [label="Expression"]
	"Expression372" -> "Expression377"
	"Term378" [label="Term"]
	"Expression377" -> "Term378"
	"Value379" [label="Value"]
	"Term378" -> "Value379"
	"(380" [label="(",style=filled,fillcolor=powderblue]
	"Value379" -> "(380"
	"Expression381" [label="Expression"]
	"Value379" -> "Expression381"
	"Term382" [label="Term"]
	"Expression381" -> "Term382"
	"Value383" [label="Value"]
	"Term382" -> "Value383"
	"num384" [label="num",style=filled,fillcolor=powderblue]
	"Value383" -> "num384"
	"-385" [label="-",style=filled,fillcolor=powderblue]
	"Expression381" -> "-385"
	"Expression386" [label="Expression"]
	"Expression381" -> "Expression386"
	"Term387" [label="Term"]
	"Expression386" -> "Term387"
	"Value388" [label="Value"]
	"Term387" -> "Value388"
	"num389" [label="num",style=filled,fillcolor=powderblue]
	"Value388" -> "num389"
	")390" [label=")",style=filled,fillcolor=powderblue]
	"Value379" -> ")390"
	"Start391" [label="Start"]
	"Start363" -> "Start391"
	"m392" [label="m",style=filled,fillcolor=powderblue]
	"Start391" -> "m392"
	"[393" [label="[",style=filled,fillcolor=powderblue]
	"Start391" -> "[393"
	"Expression394" [label="Expression"]
	"Start391" -> "Expression394"
	"Term395" [label="Term"]
	"Expression394" -> "Term395"
	"Value396" [label="Value"]
	"Term395" -> "Value396"
	"num397" [label="num",style=filled,fillcolor=powderblue]
	"Value396" -> "num397"
	"]398" [label="]",style=filled,fillcolor=powderblue]
	"Start391" -> "]398"
	"=399" [label="=",style=filled,fillcolor=powderblue]
	"Start391" -> "=399"
	"Expression400" [label="Expression"]
	"Start391" -> "Expression400"
	"Term401" [label="Term"]
	"Expression400" -> "Term401"
	"Value402" [label="Value"]
	"Term401" -> "Value402"
	"num403" [label="num",style=filled,fillcolor=powderblue]
	"Value402" -> "num403"
	"-404" [label="-",style=filled,fillcolor=powderblue]
	"Expression400" -> "-404"
	"Expression405" [label="Expression"]
	"Expression400" -> "Expression405"
	"Term406" [label="Term"]
	"Expression405" -> "Term406"
	"Value407" [label="Value"]
	"Term406" -> "Value407"
	"(408" [label="(",style=filled,fillcolor=powderblue]
	"Value407" -> "(408"
	"Expression409" [label="Expression"]
	"Value407" -> "Expression409"
	"Term410" [label="Term"]
	"Expression409" -> "Term410"
	"Value411" [label="Value"]
	"Term410" -> "Value411"
	"num412" [label="num",style=filled,fillcolor=powderblue]
	"Value411" -> "num412"
	"**413" [label="**",style=filled,fillcolor=powderblue]
	"Value411" -> "**413"
	"Value414" [label="Value"]
	"Value411" -> "Value414"
	"num415" [label="num",style=filled,fillcolor=powderblue]
	"Value414" -> "num415"
	"-416" [label="-",style=filled,fillcolor=powderblue]
	"Expression409" -> "-416"
	"Expression417" [label="Expression"]
	"Expression409" -> "Expression417"
	"Term418" [label="Term"]
	"Expression417" -> "Term418"
	"Value419" [label="Value"]
	"Term418" -> "Value419"
	"m420" [label="m",style=filled,fillcolor=powderblue]
	"Value419" -> "m420"
	"[421" [label="[",style=filled,fillcolor=powderblue]
	"Value419" -> "[421"
	"Expression422" [label="Expression"]
	"Value419" -> "Expression422"
	"Term423" [label="Term"]
	"Expression422" -> "Term423"
	"Value424" [label="Value"]
	"Term423" -> "Value424"
	"num425" [label="num",style=filled,fillcolor=powderblue]
	"Value424" -> "num425"
	"]426" [label="]",style=filled,fillcolor=powderblue]
	"Value419" -> "]426"
	")427" [label=")",style=filled,fillcolor=powderblue]
	"Value407" -> ")427"
	"Start428" [label="Start"]
	"Start391" -> "Start428"
	"m429" [label="m",style=filled,fillcolor=powderblue]
	"Start428" -> "m429"
	"[430" [label="[",style=filled,fillcolor=powderblue]
	"Start428" -> "[430"
	"Expression431" [label="Expression"]
	"Start428" -> "Expression431"
	"Term432" [label="Term"]
	"Expression431" -> "Term432"
	"Value433" [label="Value"]
	"Term432" -> "Value433"
	"num434" [label="num",style=filled,fillcolor=powderblue]
	"Value433" -> "num434"
	"]435" [label="]",style=filled,fillcolor=powderblue]
	"Start428" -> "]435"
	"=436" [label="=",style=filled,fillcolor=powderblue]
	"Start428" -> "=436"
	"Expression437" [label="Expression"]
	"Start428" -> "Expression437"
	"Term438" [label="Term"]
	"Expression437" -> "Term438"
	"Value439" [label="Value"]
	"Term438" -> "Value439"
	"num440" [label="num",style=filled,fillcolor=powderblue]
	"Value439" -> "num440"
	"/441" [label="/",style=filled,fillcolor=powderblue]
	"Term438" -> "/441"
	"Term442" [label="Term"]
	"Term438" -> "Term442"
	"Value443" [label="Value"]
	"Term442" -> "Value443"
	"num444" [label="num",style=filled,fillcolor=powderblue]
	"Value443" -> "num444"
	"*445" [label="*",style=filled,fillcolor=powderblue]
	"Term442" -> "*445"
	"Term446" [label="Term"]
	"Term442" -> "Term446"
	"Value447" [label="Value"]
	"Term446" -> "Value447"
	"num448" [label="num",style=filled,fillcolor=powderblue]
	"Value447" -> "num448"
	"Start449" [label="Start"]
	"Start428" -> "Start449"
	"print450" [label="print",style=filled,fillcolor=powderblue]
	"Start449" -> "print450"
	"Expression451" [label="Expression"]
	"Start449" -> "Expression451"
	"Term452" [label="Term"]
	"Expression451" -> "Term452"
	"Value453" [label="Value"]
	"Term452" -> "Value453"
	"m454" [label="m",style=filled,fillcolor=powderblue]
	"Value453" -> "m454"
	"[455" [label="[",style=filled,fillcolor=powderblue]
	"Value453" -> "[455"
	"Expression456" [label="Expression"]
	"Value453" -> "Expression456"
	"Term457" [label="Term"]
	"Expression456" -> "Term457"
	"Value458" [label="Value"]
	"Term457" -> "Value458"
	"num459" [label="num",style=filled,fillcolor=powderblue]
	"Value458" -> "num459"
	"]460" [label="]",style=filled,fillcolor=powderblue]
	"Value453" -> "]460"
	"Start461" [label="Start"]
	"Start449" -> "Start461"
	"print462" [label="print",style=filled,fillcolor=powderblue]
	"Start461" -> "print462"
	"Expression463" [label="Expression"]
	"Start461" -> "Expression463"
	"Term464" [label="Term"]
	"Expression463" -> "Term464"
	"Value465" [label="Value"]
	"Term464" -> "Value465"
	"m466" [label="m",style=filled,fillcolor=powderblue]
	"Value465" -> "m466"
	"[467" [label="[",style=filled,fillcolor=powderblue]
	"Value465" -> "[467"
	"Expression468" [label="Expression"]
	"Value465" -> "Expression468"
	"Term469" [label="Term"]
	"Expression468" -> "Term469"
	"Value470" [label="Value"]
	"Term469" -> "Value470"
	"num471" [label="num",style=filled,fillcolor=powderblue]
	"Value470" -> "num471"
	"]472" [label="]",style=filled,fillcolor=powderblue]
	"Value465" -> "]472"
	"Start473" [label="Start"]
	"Start461" -> "Start473"
	"m474" [label="m",style=filled,fillcolor=powderblue]
	"Start473" -> "m474"
	"[475" [label="[",style=filled,fillcolor=powderblue]
	"Start473" -> "[475"
	"Expression476" [label="Expression"]
	"Start473" -> "Expression476"
	"Term477" [label="Term"]
	"Expression476" -> "Term477"
	"Value478" [label="Value"]
	"Term477" -> "Value478"
	"num479" [label="num",style=filled,fillcolor=powderblue]
	"Value478" -> "num479"
	"**480" [label="**",style=filled,fillcolor=powderblue]
	"Value478" -> "**480"
	"Value481" [label="Value"]
	"Value478" -> "Value481"
	"num482" [label="num",style=filled,fillcolor=powderblue]
	"Value481" -> "num482"
	"]483" [label="]",style=filled,fillcolor=powderblue]
	"Start473" -> "]483"
	"=484" [label="=",style=filled,fillcolor=powderblue]
	"Start473" -> "=484"
	"Expression485" [label="Expression"]
	"Start473" -> "Expression485"
	"Term486" [label="Term"]
	"Expression485" -> "Term486"
	"Value487" [label="Value"]
	"Term486" -> "Value487"
	"num488" [label="num",style=filled,fillcolor=powderblue]
	"Value487" -> "num488"
	"+489" [label="+",style=filled,fillcolor=powderblue]
	"Expression485" -> "+489"
	"Expression490" [label="Expression"]
	"Expression485" -> "Expression490"
	"Term491" [label="Term"]
	"Expression490" -> "Term491"
	"Value492" [label="Value"]
	"Term491" -> "Value492"
	"m493" [label="m",style=filled,fillcolor=powderblue]
	"Value492" -> "m493"
	"[494" [label="[",style=filled,fillcolor=powderblue]
	"Value492" -> "[494"
	"Expression495" [label="Expression"]
	"Value492" -> "Expression495"
	"Term496" [label="Term"]
	"Expression495" -> "Term496"
	"Value497" [label="Value"]
	"Term496" -> "Value497"
	"num498" [label="num",style=filled,fillcolor=powderblue]
	"Value497" -> "num498"
	"]499" [label="]",style=filled,fillcolor=powderblue]
	"Value492" -> "]499"
	"Start500" [label="Start"]
	"Start473" -> "Start500"
	"m501" [label="m",style=filled,fillcolor=powderblue]
	"Start500" -> "m501"
	"[502" [label="[",style=filled,fillcolor=powderblue]
	"Start500" -> "[502"
	"Expression503" [label="Expression"]
	"Start500" -> "Expression503"
	"Term504" [label="Term"]
	"Expression503" -> "Term504"
	"Value505" [label="Value"]
	"Term504" -> "Value505"
	"num506" [label="num",style=filled,fillcolor=powderblue]
	"Value505" -> "num506"
	"]507" [label="]",style=filled,fillcolor=powderblue]
	"Start500" -> "]507"
	"=508" [label="=",style=filled,fillcolor=powderblue]
	"Start500" -> "=508"
	"Expression509" [label="Expression"]
	"Start500" -> "Expression509"
	"Term510" [label="Term"]
	"Expression509" -> "Term510"
	"Value511" [label="Value"]
	"Term510" -> "Value511"
	"num512" [label="num",style=filled,fillcolor=powderblue]
	"Value511" -> "num512"
	"-513" [label="-",style=filled,fillcolor=powderblue]
	"Expression509" -> "-513"
	"Expression514" [label="Expression"]
	"Expression509" -> "Expression514"
	"Term515" [label="Term"]
	"Expression514" -> "Term515"
	"Value516" [label="Value"]
	"Term515" -> "Value516"
	"m517" [label="m",style=filled,fillcolor=powderblue]
	"Value516" -> "m517"
	"[518" [label="[",style=filled,fillcolor=powderblue]
	"Value516" -> "[518"
	"Expression519" [label="Expression"]
	"Value516" -> "Expression519"
	"Term520" [label="Term"]
	"Expression519" -> "Term520"
	"Value521" [label="Value"]
	"Term520" -> "Value521"
	"num522" [label="num",style=filled,fillcolor=powderblue]
	"Value521" -> "num522"
	"-523" [label="-",style=filled,fillcolor=powderblue]
	"Expression519" -> "-523"
	"Expression524" [label="Expression"]
	"Expression519" -> "Expression524"
	"Term525" [label="Term"]
	"Expression524" -> "Term525"
	"Value526" [label="Value"]
	"Term525" -> "Value526"
	"num527" [label="num",style=filled,fillcolor=powderblue]
	"Value526" -> "num527"
	"]528" [label="]",style=filled,fillcolor=powderblue]
	"Value516" -> "]528"
	"-529" [label="-",style=filled,fillcolor=powderblue]
	"Expression514" -> "-529"
	"Expression530" [label="Expression"]
	"Expression514" -> "Expression530"
	"Term531" [label="Term"]
	"Expression530" -> "Term531"
	"Value532" [label="Value"]
	"Term531" -> "Value532"
	"num533" [label="num",style=filled,fillcolor=powderblue]
	"Value532" -> "num533"
	"Start534" [label="Start"]
	"Start500" -> "Start534"
	"L535" [label="L",style=filled,fillcolor=powderblue]
	"Start534" -> "L535"
	"num536" [label="num",style=filled,fillcolor=powderblue]
	"Start534" -> "num536"
	":537" [label=":",style=filled,fillcolor=powderblue]
	"Start534" -> ":537"
	"Start538" [label="Start"]
	"Start534" -> "Start538"
	"m539" [label="m",style=filled,fillcolor=powderblue]
	"Start538" -> "m539"
	"[540" [label="[",style=filled,fillcolor=powderblue]
	"Start538" -> "[540"
	"Expression541" [label="Expression"]
	"Start538" -> "Expression541"
	"Term542" [label="Term"]
	"Expression541" -> "Term542"
	"Value543" [label="Value"]
	"Term542" -> "Value543"
	"num544" [label="num",style=filled,fillcolor=powderblue]
	"Value543" -> "num544"
	"]545" [label="]",style=filled,fillcolor=powderblue]
	"Start538" -> "]545"
	"=546" [label="=",style=filled,fillcolor=powderblue]
	"Start538" -> "=546"
	"Expression547" [label="Expression"]
	"Start538" -> "Expression547"
	"Term548" [label="Term"]
	"Expression547" -> "Term548"
	"Value549" [label="Value"]
	"Term548" -> "Value549"
	"num550" [label="num",style=filled,fillcolor=powderblue]
	"Value549" -> "num550"
	"-551" [label="-",style=filled,fillcolor=powderblue]
	"Expression547" -> "-551"
	"Expression552" [label="Expression"]
	"Expression547" -> "Expression552"
	"Term553" [label="Term"]
	"Expression552" -> "Term553"
	"Value554" [label="Value"]
	"Term553" -> "Value554"
	"(555" [label="(",style=filled,fillcolor=powderblue]
	"Value554" -> "(555"
	"Expression556" [label="Expression"]
	"Value554" -> "Expression556"
	"Term557" [label="Term"]
	"Expression556" -> "Term557"
	"Value558" [label="Value"]
	"Term557" -> "Value558"
	"m559" [label="m",style=filled,fillcolor=powderblue]
	"Value558" -> "m559"
	"[560" [label="[",style=filled,fillcolor=powderblue]
	"Value558" -> "[560"
	"Expression561" [label="Expression"]
	"Value558" -> "Expression561"
	"Term562" [label="Term"]
	"Expression561" -> "Term562"
	"Value563" [label="Value"]
	"Term562" -> "Value563"
	"num564" [label="num",style=filled,fillcolor=powderblue]
	"Value563" -> "num564"
	"]565" [label="]",style=filled,fillcolor=powderblue]
	"Value558" -> "]565"
	"-566" [label="-",style=filled,fillcolor=powderblue]
	"Expression556" -> "-566"
	"Expression567" [label="Expression"]
	"Expression556" -> "Expression567"
	"Term568" [label="Term"]
	"Expression567" -> "Term568"
	"Value569" [label="Value"]
	"Term568" -> "Value569"
	"num570" [label="num",style=filled,fillcolor=powderblue]
	"Value569" -> "num570"
	")571" [label=")",style=filled,fillcolor=powderblue]
	"Value554" -> ")571"
	"Start572" [label="Start"]
	"Start538" -> "Start572"
	"goto573" [label="goto",style=filled,fillcolor=powderblue]
	"Start572" -> "goto573"
	"num574" [label="num",style=filled,fillcolor=powderblue]
	"Start572" -> "num574"
	"if575" [label="if",style=filled,fillcolor=powderblue]
	"Start572" -> "if575"
	"Expression576" [label="Expression"]
	"Start572" -> "Expression576"
	"Term577" [label="Term"]
	"Expression576" -> "Term577"
	"Value578" [label="Value"]
	"Term577" -> "Value578"
	"m579" [label="m",style=filled,fillcolor=powderblue]
	"Value578" -> "m579"
	"[580" [label="[",style=filled,fillcolor=powderblue]
	"Value578" -> "[580"
	"Expression581" [label="Expression"]
	"Value578" -> "Expression581"
	"Term582" [label="Term"]
	"Expression581" -> "Term582"
	"Value583" [label="Value"]
	"Term582" -> "Value583"
	"num584" [label="num",style=filled,fillcolor=powderblue]
	"Value583" -> "num584"
	"]585" [label="]",style=filled,fillcolor=powderblue]
	"Value578" -> "]585"
	"Start586" [label="Start"]
	"Start572" -> "Start586"
	"goto587" [label="goto",style=filled,fillcolor=powderblue]
	"Start586" -> "goto587"
	"num588" [label="num",style=filled,fillcolor=powderblue]
	"Start586" -> "num588"
	"Start589" [label="Start"]
	"Start586" -> "Start589"
	"m590" [label="m",style=filled,fillcolor=powderblue]
	"Start589" -> "m590"
	"[591" [label="[",style=filled,fillcolor=powderblue]
	"Start589" -> "[591"
	"Expression592" [label="Expression"]
	"Start589" -> "Expression592"
	"Term593" [label="Term"]
	"Expression592" -> "Term593"
	"Value594" [label="Value"]
	"Term593" -> "Value594"
	"num595" [label="num",style=filled,fillcolor=powderblue]
	"Value594" -> "num595"
	"]596" [label="]",style=filled,fillcolor=powderblue]
	"Start589" -> "]596"
	"=597" [label="=",style=filled,fillcolor=powderblue]
	"Start589" -> "=597"
	"Expression598" [label="Expression"]
	"Start589" -> "Expression598"
	"Term599" [label="Term"]
	"Expression598" -> "Term599"
	"Value600" [label="Value"]
	"Term599" -> "Value600"
	"num601" [label="num",style=filled,fillcolor=powderblue]
	"Value600" -> "num601"
	"+602" [label="+",style=filled,fillcolor=powderblue]
	"Expression598" -> "+602"
	"Expression603" [label="Expression"]
	"Expression598" -> "Expression603"
	"Term604" [label="Term"]
	"Expression603" -> "Term604"
	"Value605" [label="Value"]
	"Term604" -> "Value605"
	"m606" [label="m",style=filled,fillcolor=powderblue]
	"Value605" -> "m606"
	"[607" [label="[",style=filled,fillcolor=powderblue]
	"Value605" -> "[607"
	"Expression608" [label="Expression"]
	"Value605" -> "Expression608"
	"Term609" [label="Term"]
	"Expression608" -> "Term609"
	"Value610" [label="Value"]
	"Term609" -> "Value610"
	"num611" [label="num",style=filled,fillcolor=powderblue]
	"Value610" -> "num611"
	"]612" [label="]",style=filled,fillcolor=powderblue]
	"Value605" -> "]612"
	"Start613" [label="Start"]
	"Start589" -> "Start613"
	"m614" [label="m",style=filled,fillcolor=powderblue]
	"Start613" -> "m614"
	"[615" [label="[",style=filled,fillcolor=powderblue]
	"Start613" -> "[615"
	"Expression616" [label="Expression"]
	"Start613" -> "Expression616"
	"Term617" [label="Term"]
	"Expression616" -> "Term617"
	"Value618" [label="Value"]
	"Term617" -> "Value618"
	"num619" [label="num",style=filled,fillcolor=powderblue]
	"Value618" -> "num619"
	"]620" [label="]",style=filled,fillcolor=powderblue]
	"Start613" -> "]620"
	"=621" [label="=",style=filled,fillcolor=powderblue]
	"Start613" -> "=621"
	"Expression622" [label="Expression"]
	"Start613" -> "Expression622"
	"Term623" [label="Term"]
	"Expression622" -> "Term623"
	"Value624" [label="Value"]
	"Term623" -> "Value624"
	"num625" [label="num",style=filled,fillcolor=powderblue]
	"Value624" -> "num625"
	"-626" [label="-",style=filled,fillcolor=powderblue]
	"Expression622" -> "-626"
	"Expression627" [label="Expression"]
	"Expression622" -> "Expression627"
	"Term628" [label="Term"]
	"Expression627" -> "Term628"
	"Value629" [label="Value"]
	"Term628" -> "Value629"
	"m630" [label="m",style=filled,fillcolor=powderblue]
	"Value629" -> "m630"
	"[631" [label="[",style=filled,fillcolor=powderblue]
	"Value629" -> "[631"
	"Expression632" [label="Expression"]
	"Value629" -> "Expression632"
	"Term633" [label="Term"]
	"Expression632" -> "Term633"
	"Value634" [label="Value"]
	"Term633" -> "Value634"
	"num635" [label="num",style=filled,fillcolor=powderblue]
	"Value634" -> "num635"
	"*636" [label="*",style=filled,fillcolor=powderblue]
	"Term633" -> "*636"
	"Term637" [label="Term"]
	"Term633" -> "Term637"
	"Value638" [label="Value"]
	"Term637" -> "Value638"
	"num639" [label="num",style=filled,fillcolor=powderblue]
	"Value638" -> "num639"
	"-640" [label="-",style=filled,fillcolor=powderblue]
	"Expression632" -> "-640"
	"Expression641" [label="Expression"]
	"Expression632" -> "Expression641"
	"Term642" [label="Term"]
	"Expression641" -> "Term642"
	"Value643" [label="Value"]
	"Term642" -> "Value643"
	"num644" [label="num",style=filled,fillcolor=powderblue]
	"Value643" -> "num644"
	"+645" [label="+",style=filled,fillcolor=powderblue]
	"Expression641" -> "+645"
	"Expression646" [label="Expression"]
	"Expression641" -> "Expression646"
	"Term647" [label="Term"]
	"Expression646" -> "Term647"
	"Value648" [label="Value"]
	"Term647" -> "Value648"
	"num649" [label="num",style=filled,fillcolor=powderblue]
	"Value648" -> "num649"
	"]650" [label="]",style=filled,fillcolor=powderblue]
	"Value629" -> "]650"
	"-651" [label="-",style=filled,fillcolor=powderblue]
	"Expression627" -> "-651"
	"Expression652" [label="Expression"]
	"Expression627" -> "Expression652"
	"Term653" [label="Term"]
	"Expression652" -> "Term653"
	"Value654" [label="Value"]
	"Term653" -> "Value654"
	"num655" [label="num",style=filled,fillcolor=powderblue]
	"Value654" -> "num655"
	"Start656" [label="Start"]
	"Start613" -> "Start656"
	"L657" [label="L",style=filled,fillcolor=powderblue]
	"Start656" -> "L657"
	"num658" [label="num",style=filled,fillcolor=powderblue]
	"Start656" -> "num658"
	":659" [label=":",style=filled,fillcolor=powderblue]
	"Start656" -> ":659"
	"Start660" [label="Start"]
	"Start656" -> "Start660"
	"m661" [label="m",style=filled,fillcolor=powderblue]
	"Start660" -> "m661"
	"[662" [label="[",style=filled,fillcolor=powderblue]
	"Start660" -> "[662"
	"Expression663" [label="Expression"]
	"Start660" -> "Expression663"
	"Term664" [label="Term"]
	"Expression663" -> "Term664"
	"Value665" [label="Value"]
	"Term664" -> "Value665"
	"num666" [label="num",style=filled,fillcolor=powderblue]
	"Value665" -> "num666"
	"]667" [label="]",style=filled,fillcolor=powderblue]
	"Start660" -> "]667"
	"=668" [label="=",style=filled,fillcolor=powderblue]
	"Start660" -> "=668"
	"Expression669" [label="Expression"]
	"Start660" -> "Expression669"
	"Term670" [label="Term"]
	"Expression669" -> "Term670"
	"Value671" [label="Value"]
	"Term670" -> "Value671"
	"num672" [label="num",style=filled,fillcolor=powderblue]
	"Value671" -> "num672"
	"-673" [label="-",style=filled,fillcolor=powderblue]
	"Expression669" -> "-673"
	"Expression674" [label="Expression"]
	"Expression669" -> "Expression674"
	"Term675" [label="Term"]
	"Expression674" -> "Term675"
	"Value676" [label="Value"]
	"Term675" -> "Value676"
	"(677" [label="(",style=filled,fillcolor=powderblue]
	"Value676" -> "(677"
	"Expression678" [label="Expression"]
	"Value676" -> "Expression678"
	"Term679" [label="Term"]
	"Expression678" -> "Term679"
	"Value680" [label="Value"]
	"Term679" -> "Value680"
	"m681" [label="m",style=filled,fillcolor=powderblue]
	"Value680" -> "m681"
	"[682" [label="[",style=filled,fillcolor=powderblue]
	"Value680" -> "[682"
	"Expression683" [label="Expression"]
	"Value680" -> "Expression683"
	"Term684" [label="Term"]
	"Expression683" -> "Term684"
	"Value685" [label="Value"]
	"Term684" -> "Value685"
	"num686" [label="num",style=filled,fillcolor=powderblue]
	"Value685" -> "num686"
	"]687" [label="]",style=filled,fillcolor=powderblue]
	"Value680" -> "]687"
	"+688" [label="+",style=filled,fillcolor=powderblue]
	"Expression678" -> "+688"
	"Expression689" [label="Expression"]
	"Expression678" -> "Expression689"
	"Term690" [label="Term"]
	"Expression689" -> "Term690"
	"Value691" [label="Value"]
	"Term690" -> "Value691"
	"m692" [label="m",style=filled,fillcolor=powderblue]
	"Value691" -> "m692"
	"[693" [label="[",style=filled,fillcolor=powderblue]
	"Value691" -> "[693"
	"Expression694" [label="Expression"]
	"Value691" -> "Expression694"
	"Term695" [label="Term"]
	"Expression694" -> "Term695"
	"Value696" [label="Value"]
	"Term695" -> "Value696"
	"num697" [label="num",style=filled,fillcolor=powderblue]
	"Value696" -> "num697"
	"]698" [label="]",style=filled,fillcolor=powderblue]
	"Value691" -> "]698"
	"-699" [label="-",style=filled,fillcolor=powderblue]
	"Expression689" -> "-699"
	"Expression700" [label="Expression"]
	"Expression689" -> "Expression700"
	"Term701" [label="Term"]
	"Expression700" -> "Term701"
	"Value702" [label="Value"]
	"Term701" -> "Value702"
	"num703" [label="num",style=filled,fillcolor=powderblue]
	"Value702" -> "num703"
	")704" [label=")",style=filled,fillcolor=powderblue]
	"Value676" -> ")704"
	"Start705" [label="Start"]
	"Start660" -> "Start705"
	"m706" [label="m",style=filled,fillcolor=powderblue]
	"Start705" -> "m706"
	"[707" [label="[",style=filled,fillcolor=powderblue]
	"Start705" -> "[707"
	"Expression708" [label="Expression"]
	"Start705" -> "Expression708"
	"Term709" [label="Term"]
	"Expression708" -> "Term709"
	"Value710" [label="Value"]
	"Term709" -> "Value710"
	"num711" [label="num",style=filled,fillcolor=powderblue]
	"Value710" -> "num711"
	"]712" [label="]",style=filled,fillcolor=powderblue]
	"Start705" -> "]712"
	"=713" [label="=",style=filled,fillcolor=powderblue]
	"Start705" -> "=713"
	"Expression714" [label="Expression"]
	"Start705" -> "Expression714"
	"Term715" [label="Term"]
	"Expression714" -> "Term715"
	"Value716" [label="Value"]
	"Term715" -> "Value716"
	"num717" [label="num",style=filled,fillcolor=powderblue]
	"Value716" -> "num717"
	"/718" [label="/",style=filled,fillcolor=powderblue]
	"Term715" -> "/718"
	"Term719" [label="Term"]
	"Term715" -> "Term719"
	"Value720" [label="Value"]
	"Term719" -> "Value720"
	"num721" [label="num",style=filled,fillcolor=powderblue]
	"Value720" -> "num721"
	"*722" [label="*",style=filled,fillcolor=powderblue]
	"Term719" -> "*722"
	"Term723" [label="Term"]
	"Term719" -> "Term723"
	"Value724" [label="Value"]
	"Term723" -> "Value724"
	"num725" [label="num",style=filled,fillcolor=powderblue]
	"Value724" -> "num725"
	"Start726" [label="Start"]
	"Start705" -> "Start726"
	"goto727" [label="goto",style=filled,fillcolor=powderblue]
	"Start726" -> "goto727"
	"num728" [label="num",style=filled,fillcolor=powderblue]
	"Start726" -> "num728"
	"Start729" [label="Start"]
	"Start726" -> "Start729"
	"L730" [label="L",style=filled,fillcolor=powderblue]
	"Start729" -> "L730"
	"num731" [label="num",style=filled,fillcolor=powderblue]
	"Start729" -> "num731"
	":732" [label=":",style=filled,fillcolor=powderblue]
	"Start729" -> ":732"
	"Start733" [label="Start"]
	"Start729" -> "Start733"
	"m734" [label="m",style=filled,fillcolor=powderblue]
	"Start733" -> "m734"
	"[735" [label="[",style=filled,fillcolor=powderblue]
	"Start733" -> "[735"
	"Expression736" [label="Expression"]
	"Start733" -> "Expression736"
	"Term737" [label="Term"]
	"Expression736" -> "Term737"
	"Value738" [label="Value"]
	"Term737" -> "Value738"
	"num739" [label="num",style=filled,fillcolor=powderblue]
	"Value738" -> "num739"
	"]740" [label="]",style=filled,fillcolor=powderblue]
	"Start733" -> "]740"
	"=741" [label="=",style=filled,fillcolor=powderblue]
	"Start733" -> "=741"
	"Expression742" [label="Expression"]
	"Start733" -> "Expression742"
	"Term743" [label="Term"]
	"Expression742" -> "Term743"
	"Value744" [label="Value"]
	"Term743" -> "Value744"
	"num745" [label="num",style=filled,fillcolor=powderblue]
	"Value744" -> "num745"
	"-746" [label="-",style=filled,fillcolor=powderblue]
	"Expression742" -> "-746"
	"Expression747" [label="Expression"]
	"Expression742" -> "Expression747"
	"Term748" [label="Term"]
	"Expression747" -> "Term748"
	"Value749" [label="Value"]
	"Term748" -> "Value749"
	"(750" [label="(",style=filled,fillcolor=powderblue]
	"Value749" -> "(750"
	"Expression751" [label="Expression"]
	"Value749" -> "Expression751"
	"Term752" [label="Term"]
	"Expression751" -> "Term752"
	"Value753" [label="Value"]
	"Term752" -> "Value753"
	"m754" [label="m",style=filled,fillcolor=powderblue]
	"Value753" -> "m754"
	"[755" [label="[",style=filled,fillcolor=powderblue]
	"Value753" -> "[755"
	"Expression756" [label="Expression"]
	"Value753" -> "Expression756"
	"Term757" [label="Term"]
	"Expression756" -> "Term757"
	"Value758" [label="Value"]
	"Term757" -> "Value758"
	"num759" [label="num",style=filled,fillcolor=powderblue]
	"Value758" -> "num759"
	"]760" [label="]",style=filled,fillcolor=powderblue]
	"Value753" -> "]760"
	"-761" [label="-",style=filled,fillcolor=powderblue]
	"Expression751" -> "-761"
	"Expression762" [label="Expression"]
	"Expression751" -> "Expression762"
	"Term763" [label="Term"]
	"Expression762" -> "Term763"
	"Value764" [label="Value"]
	"Term763" -> "Value764"
	"num765" [label="num",style=filled,fillcolor=powderblue]
	"Value764" -> "num765"
	")766" [label=")",style=filled,fillcolor=powderblue]
	"Value749" -> ")766"
	"Start767" [label="Start"]
	"Start733" -> "Start767"
	"print768" [label="print",style=filled,fillcolor=powderblue]
	"Start767" -> "print768"
	"Expression769" [label="Expression"]
	"Start767" -> "Expression769"
	"Term770" [label="Term"]
	"Expression769" -> "Term770"
	"Value771" [label="Value"]
	"Term770" -> "Value771"
	"m772" [label="m",style=filled,fillcolor=powderblue]
	"Value771" -> "m772"
	"[773" [label="[",style=filled,fillcolor=powderblue]
	"Value771" -> "[773"
	"Expression774" [label="Expression"]
	"Value771" -> "Expression774"
	"Term775" [label="Term"]
	"Expression774" -> "Term775"
	"Value776" [label="Value"]
	"Term775" -> "Value776"
	"num777" [label="num",style=filled,fillcolor=powderblue]
	"Value776" -> "num777"
	"]778" [label="]",style=filled,fillcolor=powderblue]
	"Value771" -> "]778"
	"Start779" [label="Start"]
	"Start767" -> "Start779"
	"L780" [label="L",style=filled,fillcolor=powderblue]
	"Start779" -> "L780"
	"num781" [label="num",style=filled,fillcolor=powderblue]
	"Start779" -> "num781"
	":782" [label=":",style=filled,fillcolor=powderblue]
	"Start779" -> ":782"
	"Start783" [label="Start"]
	"Start779" -> "Start783"
	"print784" [label="print",style=filled,fillcolor=powderblue]
	"Start783" -> "print784"
	"Expression785" [label="Expression"]
	"Start783" -> "Expression785"
	"Term786" [label="Term"]
	"Expression785" -> "Term786"
	"Value787" [label="Value"]
	"Term786" -> "Value787"
	"m788" [label="m",style=filled,fillcolor=powderblue]
	"Value787" -> "m788"
	"[789" [label="[",style=filled,fillcolor=powderblue]
	"Value787" -> "[789"
	"Expression790" [label="Expression"]
	"Value787" -> "Expression790"
	"Term791" [label="Term"]
	"Expression790" -> "Term791"
	"Value792" [label="Value"]
	"Term791" -> "Value792"
	"num793" [label="num",style=filled,fillcolor=powderblue]
	"Value792" -> "num793"
	"]794" [label="]",style=filled,fillcolor=powderblue]
	"Value787" -> "]794"
	"Start795" [label="Start"]
	"Start783" -> "Start795"
	"print796" [label="print",style=filled,fillcolor=powderblue]
	"Start795" -> "print796"
	"Expression797" [label="Expression"]
	"Start795" -> "Expression797"
	"Term798" [label="Term"]
	"Expression797" -> "Term798"
	"Value799" [label="Value"]
	"Term798" -> "Value799"
	"m800" [label="m",style=filled,fillcolor=powderblue]
	"Value799" -> "m800"
	"[801" [label="[",style=filled,fillcolor=powderblue]
	"Value799" -> "[801"
	"Expression802" [label="Expression"]
	"Value799" -> "Expression802"
	"Term803" [label="Term"]
	"Expression802" -> "Term803"
	"Value804" [label="Value"]
	"Term803" -> "Value804"
	"num805" [label="num",style=filled,fillcolor=powderblue]
	"Value804" -> "num805"
	"]806" [label="]",style=filled,fillcolor=powderblue]
	"Value799" -> "]806"
	"Start807" [label="Start"]
	"Start795" -> "Start807"
	"print808" [label="print",style=filled,fillcolor=powderblue]
	"Start807" -> "print808"
	"Expression809" [label="Expression"]
	"Start807" -> "Expression809"
	"Term810" [label="Term"]
	"Expression809" -> "Term810"
	"Value811" [label="Value"]
	"Term810" -> "Value811"
	"m812" [label="m",style=filled,fillcolor=powderblue]
	"Value811" -> "m812"
	"[813" [label="[",style=filled,fillcolor=powderblue]
	"Value811" -> "[813"
	"Expression814" [label="Expression"]
	"Value811" -> "Expression814"
	"Term815" [label="Term"]
	"Expression814" -> "Term815"
	"Value816" [label="Value"]
	"Term815" -> "Value816"
	"num817" [label="num",style=filled,fillcolor=powderblue]
	"Value816" -> "num817"
	"]818" [label="]",style=filled,fillcolor=powderblue]
	"Value811" -> "]818"
	"Start819" [label="Start"]
	"Start807" -> "Start819"
	"e820" [label="e"]
	"Start819" -> "e820"
};
