m[num] = num / num * num
m[num] = numnum + num
m[num] = num - (m[num] - num)
m[num] = num / num * num
m[num] = num + m[num]
m[num] = num - m[num***num*num-num] - num
Lnum:
m[num] = num - (m[num] - num)
m[num] = num / num * num
m[num] = num + m[num]
m[num] = num - m[num - num]
m[num] = num - (num - num)
m[num] = num - m[(num - num)]
print m[num]
goto num if m[numnum]
print m[num]
goto num
print m[num]
Lnum:
print m[num]
m[num] = num / num * num
m[num] = num + num
m[num] = num - (m[num] - num)
m[num] = num / num * num
m[num] = num + m[num]
m[num] = num - m[num - num]
