m[num] = num / num * num
m[numnum] = num / num * num
goto num
m[numnum] = num + m[num]
m[numnum] = num - m[num***num*num-num] - num
Lnumnumnum
m[numnum] = num - (m[num] - num)
m[numnum] = num + m[num]
m[numnum] = num - m[num - num]
m[numnum] = num - (numm[numnumnum] - num)
m[numnum] = num - m[(num - num)]
print m[num]
m[numnum] = num / numm[numnumnum] * num
goto num
m[numnum] = num + m[num]
m[numnum] = num - m[num***num*num-num] - num
Lnum:
m[numnum] = num - (m[num] - num)
goto num if m[numnum]
goto num
m[numnum] = num + m[num]
m[numnum] = num - m[num***num*num-num] - num
Lnum:
m[numnum] = num - (m[num] - num)
m[numnum] = num / num * num
Lnum:
m[numnum] = num - (m[num] - num)
