digraph G {
	"Start1" [label="Start"]
	"Statements2" [label="Statements"]
	"Start1" -> "Statements2"
	"Statement3" [label="Statement"]
	"Statements2" -> "Statement3"
	"m4" [label="m",style=filled,fillcolor=powderblue]
	"Statement3" -> "m4"
	"[5" [label="[",style=filled,fillcolor=powderblue]
	"Statement3" -> "[5"
	"Expression6" [label="Expression"]
	"Statement3" -> "Expression6"
	"T7" [label="T"]
	"Expression6" -> "T7"
	"F8" [label="F"]
	"T7" -> "F8"
	"final9" [label="final"]
	"F8" -> "final9"
	"num10" [label="num",style=filled,fillcolor=powderblue]
	"final9" -> "num10"
	"F111" [label="F1"]
	"F8" -> "F111"
	"e12" [label="e"]
	"F111" -> "e12"
	"Term113" [label="Term1"]
	"T7" -> "Term113"
	"e14" [label="e"]
	"Term113" -> "e14"
	"Exp115" [label="Exp1"]
	"Expression6" -> "Exp115"
	"e16" [label="e"]
	"Exp115" -> "e16"
	"]17" [label="]",style=filled,fillcolor=powderblue]
	"Statement3" -> "]17"
	"=18" [label="=",style=filled,fillcolor=powderblue]
	"Statement3" -> "=18"
	"Expression19" [label="Expression"]
	"Statement3" -> "Expression19"
	"T20" [label="T"]
	"Expression19" -> "T20"
	"F21" [label="F"]
	"T20" -> "F21"
	"final22" [label="final"]
	"F21" -> "final22"
	"num23" [label="num",style=filled,fillcolor=powderblue]
	"final22" -> "num23"
	"F124" [label="F1"]
	"F21" -> "F124"
	"e25" [label="e"]
	"F124" -> "e25"
	"Term126" [label="Term1"]
	"T20" -> "Term126"
	"e27" [label="e"]
	"Term126" -> "e27"
	"Exp128" [label="Exp1"]
	"Expression19" -> "Exp128"
	"e29" [label="e"]
	"Exp128" -> "e29"
	"Statements30" [label="Statements"]
	"Statements2" -> "Statements30"
	"Statement31" [label="Statement"]
	"Statements30" -> "Statement31"
	"m32" [label="m",style=filled,fillcolor=powderblue]
	"Statement31" -> "m32"
	"[33" [label="[",style=filled,fillcolor=powderblue]
	"Statement31" -> "[33"
	"Expression34" [label="Expression"]
	"Statement31" -> "Expression34"
	"T35" [label="T"]
	"Expression34" -> "T35"
	"F36" [label="F"]
	"T35" -> "F36"
	"final37" [label="final"]
	"F36" -> "final37"
	"num38" [label="num",style=filled,fillcolor=powderblue]
	"final37" -> "num38"
	"F139" [label="F1"]
	"F36" -> "F139"
	"e40" [label="e"]
	"F139" -> "e40"
	"Term141" [label="Term1"]
	"T35" -> "Term141"
	"e42" [label="e"]
	"Term141" -> "e42"
	"Exp143" [label="Exp1"]
	"Expression34" -> "Exp143"
	"e44" [label="e"]
	"Exp143" -> "e44"
	"]45" [label="]",style=filled,fillcolor=powderblue]
	"Statement31" -> "]45"
	"=46" [label="=",style=filled,fillcolor=powderblue]
	"Statement31" -> "=46"
	"Expression47" [label="Expression"]
	"Statement31" -> "Expression47"
	"T48" [label="T"]
	"Expression47" -> "T48"
	"F49" [label="F"]
	"T48" -> "F49"
	"final50" [label="final"]
	"F49" -> "final50"
	"num51" [label="num",style=filled,fillcolor=powderblue]
	"final50" -> "num51"
	"F152" [label="F1"]
	"F49" -> "F152"
	"e53" [label="e"]
	"F152" -> "e53"
	"Term154" [label="Term1"]
	"T48" -> "Term154"
	"e55" [label="e"]
	"Term154" -> "e55"
	"Exp156" [label="Exp1"]
	"Expression47" -> "Exp156"
	"e57" [label="e"]
	"Exp156" -> "e57"
	"Statements58" [label="Statements"]
	"Statements30" -> "Statements58"
	"Statement59" [label="Statement"]
	"Statements58" -> "Statement59"
	"m60" [label="m",style=filled,fillcolor=powderblue]
	"Statement59" -> "m60"
	"[61" [label="[",style=filled,fillcolor=powderblue]
	"Statement59" -> "[61"
	"Expression62" [label="Expression"]
	"Statement59" -> "Expression62"
	"T63" [label="T"]
	"Expression62" -> "T63"
	"F64" [label="F"]
	"T63" -> "F64"
	"final65" [label="final"]
	"F64" -> "final65"
	"num66" [label="num",style=filled,fillcolor=powderblue]
	"final65" -> "num66"
	"F167" [label="F1"]
	"F64" -> "F167"
	"e68" [label="e"]
	"F167" -> "e68"
	"Term169" [label="Term1"]
	"T63" -> "Term169"
	"e70" [label="e"]
	"Term169" -> "e70"
	"Exp171" [label="Exp1"]
	"Expression62" -> "Exp171"
	"e72" [label="e"]
	"Exp171" -> "e72"
	"]73" [label="]",style=filled,fillcolor=powderblue]
	"Statement59" -> "]73"
	"=74" [label="=",style=filled,fillcolor=powderblue]
	"Statement59" -> "=74"
	"Expression75" [label="Expression"]
	"Statement59" -> "Expression75"
	"T76" [label="T"]
	"Expression75" -> "T76"
	"F77" [label="F"]
	"T76" -> "F77"
	"final78" [label="final"]
	"F77" -> "final78"
	"num79" [label="num",style=filled,fillcolor=powderblue]
	"final78" -> "num79"
	"F180" [label="F1"]
	"F77" -> "F180"
	"e81" [label="e"]
	"F180" -> "e81"
	"Term182" [label="Term1"]
	"T76" -> "Term182"
	"*83" [label="*",style=filled,fillcolor=powderblue]
	"Term182" -> "*83"
	"F84" [label="F"]
	"Term182" -> "F84"
	"final85" [label="final"]
	"F84" -> "final85"
	"num86" [label="num",style=filled,fillcolor=powderblue]
	"final85" -> "num86"
	"F187" [label="F1"]
	"F84" -> "F187"
	"e88" [label="e"]
	"F187" -> "e88"
	"Term189" [label="Term1"]
	"Term182" -> "Term189"
	"e90" [label="e"]
	"Term189" -> "e90"
	"e91" [label="e"]
	"Term182" -> "e91"
	"Exp192" [label="Exp1"]
	"Expression75" -> "Exp192"
	"e93" [label="e"]
	"Exp192" -> "e93"
	"Statements94" [label="Statements"]
	"Statements58" -> "Statements94"
	"Statement95" [label="Statement"]
	"Statements94" -> "Statement95"
	"m96" [label="m",style=filled,fillcolor=powderblue]
	"Statement95" -> "m96"
	"[97" [label="[",style=filled,fillcolor=powderblue]
	"Statement95" -> "[97"
	"Expression98" [label="Expression"]
	"Statement95" -> "Expression98"
	"T99" [label="T"]
	"Expression98" -> "T99"
	"F100" [label="F"]
	"T99" -> "F100"
	"final101" [label="final"]
	"F100" -> "final101"
	"num102" [label="num",style=filled,fillcolor=powderblue]
	"final101" -> "num102"
	"F1103" [label="F1"]
	"F100" -> "F1103"
	"e104" [label="e"]
	"F1103" -> "e104"
	"Term1105" [label="Term1"]
	"T99" -> "Term1105"
	"e106" [label="e"]
	"Term1105" -> "e106"
	"Exp1107" [label="Exp1"]
	"Expression98" -> "Exp1107"
	"e108" [label="e"]
	"Exp1107" -> "e108"
	"]109" [label="]",style=filled,fillcolor=powderblue]
	"Statement95" -> "]109"
	"=110" [label="=",style=filled,fillcolor=powderblue]
	"Statement95" -> "=110"
	"Expression111" [label="Expression"]
	"Statement95" -> "Expression111"
	"T112" [label="T"]
	"Expression111" -> "T112"
	"F113" [label="F"]
	"T112" -> "F113"
	"final114" [label="final"]
	"F113" -> "final114"
	"num115" [label="num",style=filled,fillcolor=powderblue]
	"final114" -> "num115"
	"F1116" [label="F1"]
	"F113" -> "F1116"
	"e117" [label="e"]
	"F1116" -> "e117"
	"Term1118" [label="Term1"]
	"T112" -> "Term1118"
	"e119" [label="e"]
	"Term1118" -> "e119"
	"Exp1120" [label="Exp1"]
	"Expression111" -> "Exp1120"
	"+121" [label="+",style=filled,fillcolor=powderblue]
	"Exp1120" -> "+121"
	"T122" [label="T"]
	"Exp1120" -> "T122"
	"F123" [label="F"]
	"T122" -> "F123"
	"final124" [label="final"]
	"F123" -> "final124"
	"(125" [label="(",style=filled,fillcolor=powderblue]
	"final124" -> "(125"
	"Expression126" [label="Expression"]
	"final124" -> "Expression126"
	"T127" [label="T"]
	"Expression126" -> "T127"
	"F128" [label="F"]
	"T127" -> "F128"
	"final129" [label="final"]
	"F128" -> "final129"
	"num130" [label="num",style=filled,fillcolor=powderblue]
	"final129" -> "num130"
	"F1131" [label="F1"]
	"F128" -> "F1131"
	"e132" [label="e"]
	"F1131" -> "e132"
	"Term1133" [label="Term1"]
	"T127" -> "Term1133"
	"e134" [label="e"]
	"Term1133" -> "e134"
	"Exp1135" [label="Exp1"]
	"Expression126" -> "Exp1135"
	"e136" [label="e"]
	"Exp1135" -> "e136"
	")137" [label=")",style=filled,fillcolor=powderblue]
	"final124" -> ")137"
	"F1138" [label="F1"]
	"F123" -> "F1138"
	"e139" [label="e"]
	"F1138" -> "e139"
	"Term1140" [label="Term1"]
	"T122" -> "Term1140"
	"e141" [label="e"]
	"Term1140" -> "e141"
	"Exp1142" [label="Exp1"]
	"Exp1120" -> "Exp1142"
	"e143" [label="e"]
	"Exp1142" -> "e143"
	"e144" [label="e"]
	"Exp1120" -> "e144"
	"Statements145" [label="Statements"]
	"Statements94" -> "Statements145"
	"Statement146" [label="Statement"]
	"Statements145" -> "Statement146"
	"m147" [label="m",style=filled,fillcolor=powderblue]
	"Statement146" -> "m147"
	"[148" [label="[",style=filled,fillcolor=powderblue]
	"Statement146" -> "[148"
	"Expression149" [label="Expression"]
	"Statement146" -> "Expression149"
	"T150" [label="T"]
	"Expression149" -> "T150"
	"F151" [label="F"]
	"T150" -> "F151"
	"final152" [label="final"]
	"F151" -> "final152"
	"num153" [label="num",style=filled,fillcolor=powderblue]
	"final152" -> "num153"
	"F1154" [label="F1"]
	"F151" -> "F1154"
	"e155" [label="e"]
	"F1154" -> "e155"
	"Term1156" [label="Term1"]
	"T150" -> "Term1156"
	"e157" [label="e"]
	"Term1156" -> "e157"
	"Exp1158" [label="Exp1"]
	"Expression149" -> "Exp1158"
	"e159" [label="e"]
	"Exp1158" -> "e159"
	"]160" [label="]",style=filled,fillcolor=powderblue]
	"Statement146" -> "]160"
	"=161" [label="=",style=filled,fillcolor=powderblue]
	"Statement146" -> "=161"
	"Expression162" [label="Expression"]
	"Statement146" -> "Expression162"
	"T163" [label="T"]
	"Expression162" -> "T163"
	"F164" [label="F"]
	"T163" -> "F164"
	"final165" [label="final"]
	"F164" -> "final165"
	"num166" [label="num",style=filled,fillcolor=powderblue]
	"final165" -> "num166"
	"F1167" [label="F1"]
	"F164" -> "F1167"
	"e168" [label="e"]
	"F1167" -> "e168"
	"Term1169" [label="Term1"]
	"T163" -> "Term1169"
	"e170" [label="e"]
	"Term1169" -> "e170"
	"Exp1171" [label="Exp1"]
	"Expression162" -> "Exp1171"
	"+172" [label="+",style=filled,fillcolor=powderblue]
	"Exp1171" -> "+172"
	"T173" [label="T"]
	"Exp1171" -> "T173"
	"F174" [label="F"]
	"T173" -> "F174"
	"final175" [label="final"]
	"F174" -> "final175"
	"(176" [label="(",style=filled,fillcolor=powderblue]
	"final175" -> "(176"
	"Expression177" [label="Expression"]
	"final175" -> "Expression177"
	"T178" [label="T"]
	"Expression177" -> "T178"
	"F179" [label="F"]
	"T178" -> "F179"
	"final180" [label="final"]
	"F179" -> "final180"
	"num181" [label="num",style=filled,fillcolor=powderblue]
	"final180" -> "num181"
	"F1182" [label="F1"]
	"F179" -> "F1182"
	"e183" [label="e"]
	"F1182" -> "e183"
	"Term1184" [label="Term1"]
	"T178" -> "Term1184"
	"e185" [label="e"]
	"Term1184" -> "e185"
	"Exp1186" [label="Exp1"]
	"Expression177" -> "Exp1186"
	"-187" [label="-",style=filled,fillcolor=powderblue]
	"Exp1186" -> "-187"
	"T188" [label="T"]
	"Exp1186" -> "T188"
	"F189" [label="F"]
	"T188" -> "F189"
	"final190" [label="final"]
	"F189" -> "final190"
	"num191" [label="num",style=filled,fillcolor=powderblue]
	"final190" -> "num191"
	"F1192" [label="F1"]
	"F189" -> "F1192"
	"e193" [label="e"]
	"F1192" -> "e193"
	"Term1194" [label="Term1"]
	"T188" -> "Term1194"
	"e195" [label="e"]
	"Term1194" -> "e195"
	"Exp1196" [label="Exp1"]
	"Exp1186" -> "Exp1196"
	"e197" [label="e"]
	"Exp1196" -> "e197"
	"e198" [label="e"]
	"Exp1186" -> "e198"
	")199" [label=")",style=filled,fillcolor=powderblue]
	"final175" -> ")199"
	"F1200" [label="F1"]
	"F174" -> "F1200"
	"e201" [label="e"]
	"F1200" -> "e201"
	"Term1202" [label="Term1"]
	"T173" -> "Term1202"
	"e203" [label="e"]
	"Term1202" -> "e203"
	"Exp1204" [label="Exp1"]
	"Exp1171" -> "Exp1204"
	"e205" [label="e"]
	"Exp1204" -> "e205"
	"e206" [label="e"]
	"Exp1171" -> "e206"
	"Statements207" [label="Statements"]
	"Statements145" -> "Statements207"
	"e208" [label="e"]
	"Statements207" -> "e208"
};
