digraph G {
	"Start1" [label="Start"]
	"Statements2" [label="Statements"]
	"Start1" -> "Statements2"
	"Statement3" [label="Statement"]
	"Statements2" -> "Statement3"
	"m4" [label="m",style=filled,fillcolor=powderblue]
	"Statement3" -> "m4"
	"[5" [label="[",style=filled,fillcolor=powderblue]
	"Statement3" -> "[5"
	"Expression6" [label="Expression"]
	"Statement3" -> "Expression6"
	"T7" [label="T"]
	"Expression6" -> "T7"
	"F8" [label="F"]
	"T7" -> "F8"
	"final9" [label="final"]
	"F8" -> "final9"
	"num10" [label="num",style=filled,fillcolor=powderblue]
	"final9" -> "num10"
	"F111" [label="F1"]
	"F8" -> "F111"
	"e12" [label="e"]
	"F111" -> "e12"
	"Term113" [label="Term1"]
	"T7" -> "Term113"
	"e14" [label="e"]
	"Term113" -> "e14"
	"Exp115" [label="Exp1"]
	"Expression6" -> "Exp115"
	"e16" [label="e"]
	"Exp115" -> "e16"
	"]17" [label="]",style=filled,fillcolor=powderblue]
	"Statement3" -> "]17"
	"=18" [label="=",style=filled,fillcolor=powderblue]
	"Statement3" -> "=18"
	"Expression19" [label="Expression"]
	"Statement3" -> "Expression19"
	"T20" [label="T"]
	"Expression19" -> "T20"
	"F21" [label="F"]
	"T20" -> "F21"
	"final22" [label="final"]
	"F21" -> "final22"
	"m23" [label="m",style=filled,fillcolor=powderblue]
	"final22" -> "m23"
	"[24" [label="[",style=filled,fillcolor=powderblue]
	"final22" -> "[24"
	"Expression25" [label="Expression"]
	"final22" -> "Expression25"
	"T26" [label="T"]
	"Expression25" -> "T26"
	"F27" [label="F"]
	"T26" -> "F27"
	"final28" [label="final"]
	"F27" -> "final28"
	"num29" [label="num",style=filled,fillcolor=powderblue]
	"final28" -> "num29"
	"F130" [label="F1"]
	"F27" -> "F130"
	"e31" [label="e"]
	"F130" -> "e31"
	"Term132" [label="Term1"]
	"T26" -> "Term132"
	"e33" [label="e"]
	"Term132" -> "e33"
	"Exp134" [label="Exp1"]
	"Expression25" -> "Exp134"
	"e35" [label="e"]
	"Exp134" -> "e35"
	"]36" [label="]",style=filled,fillcolor=powderblue]
	"final22" -> "]36"
	"F137" [label="F1"]
	"F21" -> "F137"
	"e38" [label="e"]
	"F137" -> "e38"
	"Term139" [label="Term1"]
	"T20" -> "Term139"
	"e40" [label="e"]
	"Term139" -> "e40"
	"Exp141" [label="Exp1"]
	"Expression19" -> "Exp141"
	"-42" [label="-",style=filled,fillcolor=powderblue]
	"Exp141" -> "-42"
	"T43" [label="T"]
	"Exp141" -> "T43"
	"F44" [label="F"]
	"T43" -> "F44"
	"final45" [label="final"]
	"F44" -> "final45"
	"num46" [label="num",style=filled,fillcolor=powderblue]
	"final45" -> "num46"
	"F147" [label="F1"]
	"F44" -> "F147"
	"e48" [label="e"]
	"F147" -> "e48"
	"Term149" [label="Term1"]
	"T43" -> "Term149"
	"e50" [label="e"]
	"Term149" -> "e50"
	"Exp151" [label="Exp1"]
	"Exp141" -> "Exp151"
	"e52" [label="e"]
	"Exp151" -> "e52"
	"e53" [label="e"]
	"Exp141" -> "e53"
	"Statements54" [label="Statements"]
	"Statements2" -> "Statements54"
	"Statement55" [label="Statement"]
	"Statements54" -> "Statement55"
	"m56" [label="m",style=filled,fillcolor=powderblue]
	"Statement55" -> "m56"
	"[57" [label="[",style=filled,fillcolor=powderblue]
	"Statement55" -> "[57"
	"Expression58" [label="Expression"]
	"Statement55" -> "Expression58"
	"T59" [label="T"]
	"Expression58" -> "T59"
	"F60" [label="F"]
	"T59" -> "F60"
	"final61" [label="final"]
	"F60" -> "final61"
	"num62" [label="num",style=filled,fillcolor=powderblue]
	"final61" -> "num62"
	"F163" [label="F1"]
	"F60" -> "F163"
	"e64" [label="e"]
	"F163" -> "e64"
	"Term165" [label="Term1"]
	"T59" -> "Term165"
	"e66" [label="e"]
	"Term165" -> "e66"
	"Exp167" [label="Exp1"]
	"Expression58" -> "Exp167"
	"e68" [label="e"]
	"Exp167" -> "e68"
	"]69" [label="]",style=filled,fillcolor=powderblue]
	"Statement55" -> "]69"
	"=70" [label="=",style=filled,fillcolor=powderblue]
	"Statement55" -> "=70"
	"Expression71" [label="Expression"]
	"Statement55" -> "Expression71"
	"T72" [label="T"]
	"Expression71" -> "T72"
	"F73" [label="F"]
	"T72" -> "F73"
	"final74" [label="final"]
	"F73" -> "final74"
	"num75" [label="num",style=filled,fillcolor=powderblue]
	"final74" -> "num75"
	"F176" [label="F1"]
	"F73" -> "F176"
	"e77" [label="e"]
	"F176" -> "e77"
	"Term178" [label="Term1"]
	"T72" -> "Term178"
	"/79" [label="/",style=filled,fillcolor=powderblue]
	"Term178" -> "/79"
	"F80" [label="F"]
	"Term178" -> "F80"
	"final81" [label="final"]
	"F80" -> "final81"
	"num82" [label="num",style=filled,fillcolor=powderblue]
	"final81" -> "num82"
	"F183" [label="F1"]
	"F80" -> "F183"
	"e84" [label="e"]
	"F183" -> "e84"
	"Term185" [label="Term1"]
	"Term178" -> "Term185"
	"*86" [label="*",style=filled,fillcolor=powderblue]
	"Term185" -> "*86"
	"F87" [label="F"]
	"Term185" -> "F87"
	"final88" [label="final"]
	"F87" -> "final88"
	"num89" [label="num",style=filled,fillcolor=powderblue]
	"final88" -> "num89"
	"F190" [label="F1"]
	"F87" -> "F190"
	"e91" [label="e"]
	"F190" -> "e91"
	"Term192" [label="Term1"]
	"Term185" -> "Term192"
	"e93" [label="e"]
	"Term192" -> "e93"
	"e94" [label="e"]
	"Term185" -> "e94"
	"e95" [label="e"]
	"Term178" -> "e95"
	"Exp196" [label="Exp1"]
	"Expression71" -> "Exp196"
	"e97" [label="e"]
	"Exp196" -> "e97"
	"Statements98" [label="Statements"]
	"Statements54" -> "Statements98"
	"Statement99" [label="Statement"]
	"Statements98" -> "Statement99"
	"m100" [label="m",style=filled,fillcolor=powderblue]
	"Statement99" -> "m100"
	"[101" [label="[",style=filled,fillcolor=powderblue]
	"Statement99" -> "[101"
	"Expression102" [label="Expression"]
	"Statement99" -> "Expression102"
	"T103" [label="T"]
	"Expression102" -> "T103"
	"F104" [label="F"]
	"T103" -> "F104"
	"final105" [label="final"]
	"F104" -> "final105"
	"num106" [label="num",style=filled,fillcolor=powderblue]
	"final105" -> "num106"
	"F1107" [label="F1"]
	"F104" -> "F1107"
	"e108" [label="e"]
	"F1107" -> "e108"
	"Term1109" [label="Term1"]
	"T103" -> "Term1109"
	"e110" [label="e"]
	"Term1109" -> "e110"
	"Exp1111" [label="Exp1"]
	"Expression102" -> "Exp1111"
	"e112" [label="e"]
	"Exp1111" -> "e112"
	"]113" [label="]",style=filled,fillcolor=powderblue]
	"Statement99" -> "]113"
	"=114" [label="=",style=filled,fillcolor=powderblue]
	"Statement99" -> "=114"
	"Expression115" [label="Expression"]
	"Statement99" -> "Expression115"
	"T116" [label="T"]
	"Expression115" -> "T116"
	"F117" [label="F"]
	"T116" -> "F117"
	"final118" [label="final"]
	"F117" -> "final118"
	"num119" [label="num",style=filled,fillcolor=powderblue]
	"final118" -> "num119"
	"F1120" [label="F1"]
	"F117" -> "F1120"
	"e121" [label="e"]
	"F1120" -> "e121"
	"Term1122" [label="Term1"]
	"T116" -> "Term1122"
	"e123" [label="e"]
	"Term1122" -> "e123"
	"Exp1124" [label="Exp1"]
	"Expression115" -> "Exp1124"
	"+125" [label="+",style=filled,fillcolor=powderblue]
	"Exp1124" -> "+125"
	"T126" [label="T"]
	"Exp1124" -> "T126"
	"F127" [label="F"]
	"T126" -> "F127"
	"final128" [label="final"]
	"F127" -> "final128"
	"num129" [label="num",style=filled,fillcolor=powderblue]
	"final128" -> "num129"
	"F1130" [label="F1"]
	"F127" -> "F1130"
	"e131" [label="e"]
	"F1130" -> "e131"
	"Term1132" [label="Term1"]
	"T126" -> "Term1132"
	"e133" [label="e"]
	"Term1132" -> "e133"
	"Exp1134" [label="Exp1"]
	"Exp1124" -> "Exp1134"
	"e135" [label="e"]
	"Exp1134" -> "e135"
	"e136" [label="e"]
	"Exp1124" -> "e136"
	"Statements137" [label="Statements"]
	"Statements98" -> "Statements137"
	"Statement138" [label="Statement"]
	"Statements137" -> "Statement138"
	"m139" [label="m",style=filled,fillcolor=powderblue]
	"Statement138" -> "m139"
	"[140" [label="[",style=filled,fillcolor=powderblue]
	"Statement138" -> "[140"
	"Expression141" [label="Expression"]
	"Statement138" -> "Expression141"
	"T142" [label="T"]
	"Expression141" -> "T142"
	"F143" [label="F"]
	"T142" -> "F143"
	"final144" [label="final"]
	"F143" -> "final144"
	"num145" [label="num",style=filled,fillcolor=powderblue]
	"final144" -> "num145"
	"F1146" [label="F1"]
	"F143" -> "F1146"
	"e147" [label="e"]
	"F1146" -> "e147"
	"Term1148" [label="Term1"]
	"T142" -> "Term1148"
	"e149" [label="e"]
	"Term1148" -> "e149"
	"Exp1150" [label="Exp1"]
	"Expression141" -> "Exp1150"
	"e151" [label="e"]
	"Exp1150" -> "e151"
	"]152" [label="]",style=filled,fillcolor=powderblue]
	"Statement138" -> "]152"
	"=153" [label="=",style=filled,fillcolor=powderblue]
	"Statement138" -> "=153"
	"Expression154" [label="Expression"]
	"Statement138" -> "Expression154"
	"T155" [label="T"]
	"Expression154" -> "T155"
	"F156" [label="F"]
	"T155" -> "F156"
	"final157" [label="final"]
	"F156" -> "final157"
	"num158" [label="num",style=filled,fillcolor=powderblue]
	"final157" -> "num158"
	"F1159" [label="F1"]
	"F156" -> "F1159"
	"e160" [label="e"]
	"F1159" -> "e160"
	"Term1161" [label="Term1"]
	"T155" -> "Term1161"
	"e162" [label="e"]
	"Term1161" -> "e162"
	"Exp1163" [label="Exp1"]
	"Expression154" -> "Exp1163"
	"-164" [label="-",style=filled,fillcolor=powderblue]
	"Exp1163" -> "-164"
	"T165" [label="T"]
	"Exp1163" -> "T165"
	"F166" [label="F"]
	"T165" -> "F166"
	"final167" [label="final"]
	"F166" -> "final167"
	"(168" [label="(",style=filled,fillcolor=powderblue]
	"final167" -> "(168"
	"Expression169" [label="Expression"]
	"final167" -> "Expression169"
	"T170" [label="T"]
	"Expression169" -> "T170"
	"F171" [label="F"]
	"T170" -> "F171"
	"final172" [label="final"]
	"F171" -> "final172"
	"m173" [label="m",style=filled,fillcolor=powderblue]
	"final172" -> "m173"
	"[174" [label="[",style=filled,fillcolor=powderblue]
	"final172" -> "[174"
	"Expression175" [label="Expression"]
	"final172" -> "Expression175"
	"T176" [label="T"]
	"Expression175" -> "T176"
	"F177" [label="F"]
	"T176" -> "F177"
	"final178" [label="final"]
	"F177" -> "final178"
	"num179" [label="num",style=filled,fillcolor=powderblue]
	"final178" -> "num179"
	"F1180" [label="F1"]
	"F177" -> "F1180"
	"e181" [label="e"]
	"F1180" -> "e181"
	"Term1182" [label="Term1"]
	"T176" -> "Term1182"
	"e183" [label="e"]
	"Term1182" -> "e183"
	"Exp1184" [label="Exp1"]
	"Expression175" -> "Exp1184"
	"e185" [label="e"]
	"Exp1184" -> "e185"
	"]186" [label="]",style=filled,fillcolor=powderblue]
	"final172" -> "]186"
	"F1187" [label="F1"]
	"F171" -> "F1187"
	"e188" [label="e"]
	"F1187" -> "e188"
	"Term1189" [label="Term1"]
	"T170" -> "Term1189"
	"e190" [label="e"]
	"Term1189" -> "e190"
	"Exp1191" [label="Exp1"]
	"Expression169" -> "Exp1191"
	"-192" [label="-",style=filled,fillcolor=powderblue]
	"Exp1191" -> "-192"
	"T193" [label="T"]
	"Exp1191" -> "T193"
	"F194" [label="F"]
	"T193" -> "F194"
	"final195" [label="final"]
	"F194" -> "final195"
	"num196" [label="num",style=filled,fillcolor=powderblue]
	"final195" -> "num196"
	"F1197" [label="F1"]
	"F194" -> "F1197"
	"e198" [label="e"]
	"F1197" -> "e198"
	"Term1199" [label="Term1"]
	"T193" -> "Term1199"
	"e200" [label="e"]
	"Term1199" -> "e200"
	"Exp1201" [label="Exp1"]
	"Exp1191" -> "Exp1201"
	"e202" [label="e"]
	"Exp1201" -> "e202"
	"e203" [label="e"]
	"Exp1191" -> "e203"
	")204" [label=")",style=filled,fillcolor=powderblue]
	"final167" -> ")204"
	"F1205" [label="F1"]
	"F166" -> "F1205"
	"e206" [label="e"]
	"F1205" -> "e206"
	"Term1207" [label="Term1"]
	"T165" -> "Term1207"
	"e208" [label="e"]
	"Term1207" -> "e208"
	"Exp1209" [label="Exp1"]
	"Exp1163" -> "Exp1209"
	"e210" [label="e"]
	"Exp1209" -> "e210"
	"e211" [label="e"]
	"Exp1163" -> "e211"
	"Statements212" [label="Statements"]
	"Statements137" -> "Statements212"
	"Statement213" [label="Statement"]
	"Statements212" -> "Statement213"
	"m214" [label="m",style=filled,fillcolor=powderblue]
	"Statement213" -> "m214"
	"[215" [label="[",style=filled,fillcolor=powderblue]
	"Statement213" -> "[215"
	"Expression216" [label="Expression"]
	"Statement213" -> "Expression216"
	"T217" [label="T"]
	"Expression216" -> "T217"
	"F218" [label="F"]
	"T217" -> "F218"
	"final219" [label="final"]
	"F218" -> "final219"
	"num220" [label="num",style=filled,fillcolor=powderblue]
	"final219" -> "num220"
	"F1221" [label="F1"]
	"F218" -> "F1221"
	"e222" [label="e"]
	"F1221" -> "e222"
	"Term1223" [label="Term1"]
	"T217" -> "Term1223"
	"e224" [label="e"]
	"Term1223" -> "e224"
	"Exp1225" [label="Exp1"]
	"Expression216" -> "Exp1225"
	"e226" [label="e"]
	"Exp1225" -> "e226"
	"]227" [label="]",style=filled,fillcolor=powderblue]
	"Statement213" -> "]227"
	"=228" [label="=",style=filled,fillcolor=powderblue]
	"Statement213" -> "=228"
	"Expression229" [label="Expression"]
	"Statement213" -> "Expression229"
	"T230" [label="T"]
	"Expression229" -> "T230"
	"F231" [label="F"]
	"T230" -> "F231"
	"final232" [label="final"]
	"F231" -> "final232"
	"m233" [label="m",style=filled,fillcolor=powderblue]
	"final232" -> "m233"
	"[234" [label="[",style=filled,fillcolor=powderblue]
	"final232" -> "[234"
	"Expression235" [label="Expression"]
	"final232" -> "Expression235"
	"T236" [label="T"]
	"Expression235" -> "T236"
	"F237" [label="F"]
	"T236" -> "F237"
	"final238" [label="final"]
	"F237" -> "final238"
	"num239" [label="num",style=filled,fillcolor=powderblue]
	"final238" -> "num239"
	"F1240" [label="F1"]
	"F237" -> "F1240"
	"e241" [label="e"]
	"F1240" -> "e241"
	"Term1242" [label="Term1"]
	"T236" -> "Term1242"
	"e243" [label="e"]
	"Term1242" -> "e243"
	"Exp1244" [label="Exp1"]
	"Expression235" -> "Exp1244"
	"e245" [label="e"]
	"Exp1244" -> "e245"
	"]246" [label="]",style=filled,fillcolor=powderblue]
	"final232" -> "]246"
	"F1247" [label="F1"]
	"F231" -> "F1247"
	"e248" [label="e"]
	"F1247" -> "e248"
	"Term1249" [label="Term1"]
	"T230" -> "Term1249"
	"/250" [label="/",style=filled,fillcolor=powderblue]
	"Term1249" -> "/250"
	"F251" [label="F"]
	"Term1249" -> "F251"
	"final252" [label="final"]
	"F251" -> "final252"
	"num253" [label="num",style=filled,fillcolor=powderblue]
	"final252" -> "num253"
	"F1254" [label="F1"]
	"F251" -> "F1254"
	"e255" [label="e"]
	"F1254" -> "e255"
	"Term1256" [label="Term1"]
	"Term1249" -> "Term1256"
	"*257" [label="*",style=filled,fillcolor=powderblue]
	"Term1256" -> "*257"
	"F258" [label="F"]
	"Term1256" -> "F258"
	"final259" [label="final"]
	"F258" -> "final259"
	"num260" [label="num",style=filled,fillcolor=powderblue]
	"final259" -> "num260"
	"F1261" [label="F1"]
	"F258" -> "F1261"
	"e262" [label="e"]
	"F1261" -> "e262"
	"Term1263" [label="Term1"]
	"Term1256" -> "Term1263"
	"e264" [label="e"]
	"Term1263" -> "e264"
	"e265" [label="e"]
	"Term1256" -> "e265"
	"e266" [label="e"]
	"Term1249" -> "e266"
	"Exp1267" [label="Exp1"]
	"Expression229" -> "Exp1267"
	"e268" [label="e"]
	"Exp1267" -> "e268"
	"Statements269" [label="Statements"]
	"Statements212" -> "Statements269"
	"Statement270" [label="Statement"]
	"Statements269" -> "Statement270"
	"m271" [label="m",style=filled,fillcolor=powderblue]
	"Statement270" -> "m271"
	"[272" [label="[",style=filled,fillcolor=powderblue]
	"Statement270" -> "[272"
	"Expression273" [label="Expression"]
	"Statement270" -> "Expression273"
	"T274" [label="T"]
	"Expression273" -> "T274"
	"F275" [label="F"]
	"T274" -> "F275"
	"final276" [label="final"]
	"F275" -> "final276"
	"num277" [label="num",style=filled,fillcolor=powderblue]
	"final276" -> "num277"
	"F1278" [label="F1"]
	"F275" -> "F1278"
	"e279" [label="e"]
	"F1278" -> "e279"
	"Term1280" [label="Term1"]
	"T274" -> "Term1280"
	"e281" [label="e"]
	"Term1280" -> "e281"
	"Exp1282" [label="Exp1"]
	"Expression273" -> "Exp1282"
	"e283" [label="e"]
	"Exp1282" -> "e283"
	"]284" [label="]",style=filled,fillcolor=powderblue]
	"Statement270" -> "]284"
	"=285" [label="=",style=filled,fillcolor=powderblue]
	"Statement270" -> "=285"
	"Expression286" [label="Expression"]
	"Statement270" -> "Expression286"
	"T287" [label="T"]
	"Expression286" -> "T287"
	"F288" [label="F"]
	"T287" -> "F288"
	"final289" [label="final"]
	"F288" -> "final289"
	"num290" [label="num",style=filled,fillcolor=powderblue]
	"final289" -> "num290"
	"F1291" [label="F1"]
	"F288" -> "F1291"
	"e292" [label="e"]
	"F1291" -> "e292"
	"Term1293" [label="Term1"]
	"T287" -> "Term1293"
	"e294" [label="e"]
	"Term1293" -> "e294"
	"Exp1295" [label="Exp1"]
	"Expression286" -> "Exp1295"
	"+296" [label="+",style=filled,fillcolor=powderblue]
	"Exp1295" -> "+296"
	"T297" [label="T"]
	"Exp1295" -> "T297"
	"F298" [label="F"]
	"T297" -> "F298"
	"final299" [label="final"]
	"F298" -> "final299"
	"m300" [label="m",style=filled,fillcolor=powderblue]
	"final299" -> "m300"
	"[301" [label="[",style=filled,fillcolor=powderblue]
	"final299" -> "[301"
	"Expression302" [label="Expression"]
	"final299" -> "Expression302"
	"T303" [label="T"]
	"Expression302" -> "T303"
	"F304" [label="F"]
	"T303" -> "F304"
	"final305" [label="final"]
	"F304" -> "final305"
	"num306" [label="num",style=filled,fillcolor=powderblue]
	"final305" -> "num306"
	"F1307" [label="F1"]
	"F304" -> "F1307"
	"e308" [label="e"]
	"F1307" -> "e308"
	"Term1309" [label="Term1"]
	"T303" -> "Term1309"
	"e310" [label="e"]
	"Term1309" -> "e310"
	"Exp1311" [label="Exp1"]
	"Expression302" -> "Exp1311"
	"e312" [label="e"]
	"Exp1311" -> "e312"
	"]313" [label="]",style=filled,fillcolor=powderblue]
	"final299" -> "]313"
	"F1314" [label="F1"]
	"F298" -> "F1314"
	"e315" [label="e"]
	"F1314" -> "e315"
	"Term1316" [label="Term1"]
	"T297" -> "Term1316"
	"e317" [label="e"]
	"Term1316" -> "e317"
	"Exp1318" [label="Exp1"]
	"Exp1295" -> "Exp1318"
	"e319" [label="e"]
	"Exp1318" -> "e319"
	"e320" [label="e"]
	"Exp1295" -> "e320"
	"Statements321" [label="Statements"]
	"Statements269" -> "Statements321"
	"Statement322" [label="Statement"]
	"Statements321" -> "Statement322"
	"m323" [label="m",style=filled,fillcolor=powderblue]
	"Statement322" -> "m323"
	"[324" [label="[",style=filled,fillcolor=powderblue]
	"Statement322" -> "[324"
	"Expression325" [label="Expression"]
	"Statement322" -> "Expression325"
	"T326" [label="T"]
	"Expression325" -> "T326"
	"F327" [label="F"]
	"T326" -> "F327"
	"final328" [label="final"]
	"F327" -> "final328"
	"num329" [label="num",style=filled,fillcolor=powderblue]
	"final328" -> "num329"
	"F1330" [label="F1"]
	"F327" -> "F1330"
	"e331" [label="e"]
	"F1330" -> "e331"
	"Term1332" [label="Term1"]
	"T326" -> "Term1332"
	"e333" [label="e"]
	"Term1332" -> "e333"
	"Exp1334" [label="Exp1"]
	"Expression325" -> "Exp1334"
	"e335" [label="e"]
	"Exp1334" -> "e335"
	"]336" [label="]",style=filled,fillcolor=powderblue]
	"Statement322" -> "]336"
	"=337" [label="=",style=filled,fillcolor=powderblue]
	"Statement322" -> "=337"
	"Expression338" [label="Expression"]
	"Statement322" -> "Expression338"
	"T339" [label="T"]
	"Expression338" -> "T339"
	"F340" [label="F"]
	"T339" -> "F340"
	"final341" [label="final"]
	"F340" -> "final341"
	"num342" [label="num",style=filled,fillcolor=powderblue]
	"final341" -> "num342"
	"F1343" [label="F1"]
	"F340" -> "F1343"
	"e344" [label="e"]
	"F1343" -> "e344"
	"Term1345" [label="Term1"]
	"T339" -> "Term1345"
	"e346" [label="e"]
	"Term1345" -> "e346"
	"Exp1347" [label="Exp1"]
	"Expression338" -> "Exp1347"
	"-348" [label="-",style=filled,fillcolor=powderblue]
	"Exp1347" -> "-348"
	"T349" [label="T"]
	"Exp1347" -> "T349"
	"F350" [label="F"]
	"T349" -> "F350"
	"final351" [label="final"]
	"F350" -> "final351"
	"m352" [label="m",style=filled,fillcolor=powderblue]
	"final351" -> "m352"
	"[353" [label="[",style=filled,fillcolor=powderblue]
	"final351" -> "[353"
	"Expression354" [label="Expression"]
	"final351" -> "Expression354"
	"T355" [label="T"]
	"Expression354" -> "T355"
	"F356" [label="F"]
	"T355" -> "F356"
	"final357" [label="final"]
	"F356" -> "final357"
	"num358" [label="num",style=filled,fillcolor=powderblue]
	"final357" -> "num358"
	"F1359" [label="F1"]
	"F356" -> "F1359"
	"e360" [label="e"]
	"F1359" -> "e360"
	"Term1361" [label="Term1"]
	"T355" -> "Term1361"
	"e362" [label="e"]
	"Term1361" -> "e362"
	"Exp1363" [label="Exp1"]
	"Expression354" -> "Exp1363"
	"-364" [label="-",style=filled,fillcolor=powderblue]
	"Exp1363" -> "-364"
	"T365" [label="T"]
	"Exp1363" -> "T365"
	"F366" [label="F"]
	"T365" -> "F366"
	"final367" [label="final"]
	"F366" -> "final367"
	"num368" [label="num",style=filled,fillcolor=powderblue]
	"final367" -> "num368"
	"F1369" [label="F1"]
	"F366" -> "F1369"
	"e370" [label="e"]
	"F1369" -> "e370"
	"Term1371" [label="Term1"]
	"T365" -> "Term1371"
	"e372" [label="e"]
	"Term1371" -> "e372"
	"Exp1373" [label="Exp1"]
	"Exp1363" -> "Exp1373"
	"e374" [label="e"]
	"Exp1373" -> "e374"
	"e375" [label="e"]
	"Exp1363" -> "e375"
	"]376" [label="]",style=filled,fillcolor=powderblue]
	"final351" -> "]376"
	"F1377" [label="F1"]
	"F350" -> "F1377"
	"e378" [label="e"]
	"F1377" -> "e378"
	"Term1379" [label="Term1"]
	"T349" -> "Term1379"
	"e380" [label="e"]
	"Term1379" -> "e380"
	"Exp1381" [label="Exp1"]
	"Exp1347" -> "Exp1381"
	"e382" [label="e"]
	"Exp1381" -> "e382"
	"e383" [label="e"]
	"Exp1347" -> "e383"
	"Statements384" [label="Statements"]
	"Statements321" -> "Statements384"
	"e385" [label="e"]
	"Statements384" -> "e385"
};
