digraph G {
	"Start1" [label="Start"]
	"Statements2" [label="Statements"]
	"Start1" -> "Statements2"
	"Statement3" [label="Statement"]
	"Statements2" -> "Statement3"
	"m4" [label="m",style=filled,fillcolor=powderblue]
	"Statement3" -> "m4"
	"[5" [label="[",style=filled,fillcolor=powderblue]
	"Statement3" -> "[5"
	"Expression6" [label="Expression"]
	"Statement3" -> "Expression6"
	"T7" [label="T"]
	"Expression6" -> "T7"
	"F8" [label="F"]
	"T7" -> "F8"
	"final9" [label="final"]
	"F8" -> "final9"
	"num10" [label="num",style=filled,fillcolor=powderblue]
	"final9" -> "num10"
	"F111" [label="F1"]
	"F8" -> "F111"
	"e12" [label="e"]
	"F111" -> "e12"
	"Term113" [label="Term1"]
	"T7" -> "Term113"
	"e14" [label="e"]
	"Term113" -> "e14"
	"Exp115" [label="Exp1"]
	"Expression6" -> "Exp115"
	"e16" [label="e"]
	"Exp115" -> "e16"
	"]17" [label="]",style=filled,fillcolor=powderblue]
	"Statement3" -> "]17"
	"=18" [label="=",style=filled,fillcolor=powderblue]
	"Statement3" -> "=18"
	"Expression19" [label="Expression"]
	"Statement3" -> "Expression19"
	"T20" [label="T"]
	"Expression19" -> "T20"
	"F21" [label="F"]
	"T20" -> "F21"
	"final22" [label="final"]
	"F21" -> "final22"
	"num23" [label="num",style=filled,fillcolor=powderblue]
	"final22" -> "num23"
	"F124" [label="F1"]
	"F21" -> "F124"
	"e25" [label="e"]
	"F124" -> "e25"
	"Term126" [label="Term1"]
	"T20" -> "Term126"
	"/27" [label="/",style=filled,fillcolor=powderblue]
	"Term126" -> "/27"
	"F28" [label="F"]
	"Term126" -> "F28"
	"final29" [label="final"]
	"F28" -> "final29"
	"num30" [label="num",style=filled,fillcolor=powderblue]
	"final29" -> "num30"
	"F131" [label="F1"]
	"F28" -> "F131"
	"e32" [label="e"]
	"F131" -> "e32"
	"Term133" [label="Term1"]
	"Term126" -> "Term133"
	"*34" [label="*",style=filled,fillcolor=powderblue]
	"Term133" -> "*34"
	"F35" [label="F"]
	"Term133" -> "F35"
	"final36" [label="final"]
	"F35" -> "final36"
	"num37" [label="num",style=filled,fillcolor=powderblue]
	"final36" -> "num37"
	"F138" [label="F1"]
	"F35" -> "F138"
	"e39" [label="e"]
	"F138" -> "e39"
	"Term140" [label="Term1"]
	"Term133" -> "Term140"
	"e41" [label="e"]
	"Term140" -> "e41"
	"e42" [label="e"]
	"Term133" -> "e42"
	"e43" [label="e"]
	"Term126" -> "e43"
	"Exp144" [label="Exp1"]
	"Expression19" -> "Exp144"
	"e45" [label="e"]
	"Exp144" -> "e45"
	"Statements46" [label="Statements"]
	"Statements2" -> "Statements46"
	"Statement47" [label="Statement"]
	"Statements46" -> "Statement47"
	"m48" [label="m",style=filled,fillcolor=powderblue]
	"Statement47" -> "m48"
	"[49" [label="[",style=filled,fillcolor=powderblue]
	"Statement47" -> "[49"
	"Expression50" [label="Expression"]
	"Statement47" -> "Expression50"
	"T51" [label="T"]
	"Expression50" -> "T51"
	"F52" [label="F"]
	"T51" -> "F52"
	"final53" [label="final"]
	"F52" -> "final53"
	"num54" [label="num",style=filled,fillcolor=powderblue]
	"final53" -> "num54"
	"F155" [label="F1"]
	"F52" -> "F155"
	"e56" [label="e"]
	"F155" -> "e56"
	"Term157" [label="Term1"]
	"T51" -> "Term157"
	"e58" [label="e"]
	"Term157" -> "e58"
	"Exp159" [label="Exp1"]
	"Expression50" -> "Exp159"
	"e60" [label="e"]
	"Exp159" -> "e60"
	"]61" [label="]",style=filled,fillcolor=powderblue]
	"Statement47" -> "]61"
	"=62" [label="=",style=filled,fillcolor=powderblue]
	"Statement47" -> "=62"
	"Expression63" [label="Expression"]
	"Statement47" -> "Expression63"
	"T64" [label="T"]
	"Expression63" -> "T64"
	"F65" [label="F"]
	"T64" -> "F65"
	"final66" [label="final"]
	"F65" -> "final66"
	"num67" [label="num",style=filled,fillcolor=powderblue]
	"final66" -> "num67"
	"F168" [label="F1"]
	"F65" -> "F168"
	"e69" [label="e"]
	"F168" -> "e69"
	"Term170" [label="Term1"]
	"T64" -> "Term170"
	"e71" [label="e"]
	"Term170" -> "e71"
	"Exp172" [label="Exp1"]
	"Expression63" -> "Exp172"
	"+73" [label="+",style=filled,fillcolor=powderblue]
	"Exp172" -> "+73"
	"T74" [label="T"]
	"Exp172" -> "T74"
	"F75" [label="F"]
	"T74" -> "F75"
	"final76" [label="final"]
	"F75" -> "final76"
	"num77" [label="num",style=filled,fillcolor=powderblue]
	"final76" -> "num77"
	"F178" [label="F1"]
	"F75" -> "F178"
	"e79" [label="e"]
	"F178" -> "e79"
	"Term180" [label="Term1"]
	"T74" -> "Term180"
	"e81" [label="e"]
	"Term180" -> "e81"
	"Exp182" [label="Exp1"]
	"Exp172" -> "Exp182"
	"e83" [label="e"]
	"Exp182" -> "e83"
	"e84" [label="e"]
	"Exp172" -> "e84"
	"Statements85" [label="Statements"]
	"Statements46" -> "Statements85"
	"Statement86" [label="Statement"]
	"Statements85" -> "Statement86"
	"m87" [label="m",style=filled,fillcolor=powderblue]
	"Statement86" -> "m87"
	"[88" [label="[",style=filled,fillcolor=powderblue]
	"Statement86" -> "[88"
	"Expression89" [label="Expression"]
	"Statement86" -> "Expression89"
	"T90" [label="T"]
	"Expression89" -> "T90"
	"F91" [label="F"]
	"T90" -> "F91"
	"final92" [label="final"]
	"F91" -> "final92"
	"num93" [label="num",style=filled,fillcolor=powderblue]
	"final92" -> "num93"
	"F194" [label="F1"]
	"F91" -> "F194"
	"e95" [label="e"]
	"F194" -> "e95"
	"Term196" [label="Term1"]
	"T90" -> "Term196"
	"e97" [label="e"]
	"Term196" -> "e97"
	"Exp198" [label="Exp1"]
	"Expression89" -> "Exp198"
	"e99" [label="e"]
	"Exp198" -> "e99"
	"]100" [label="]",style=filled,fillcolor=powderblue]
	"Statement86" -> "]100"
	"=101" [label="=",style=filled,fillcolor=powderblue]
	"Statement86" -> "=101"
	"Expression102" [label="Expression"]
	"Statement86" -> "Expression102"
	"T103" [label="T"]
	"Expression102" -> "T103"
	"F104" [label="F"]
	"T103" -> "F104"
	"final105" [label="final"]
	"F104" -> "final105"
	"num106" [label="num",style=filled,fillcolor=powderblue]
	"final105" -> "num106"
	"F1107" [label="F1"]
	"F104" -> "F1107"
	"e108" [label="e"]
	"F1107" -> "e108"
	"Term1109" [label="Term1"]
	"T103" -> "Term1109"
	"e110" [label="e"]
	"Term1109" -> "e110"
	"Exp1111" [label="Exp1"]
	"Expression102" -> "Exp1111"
	"-112" [label="-",style=filled,fillcolor=powderblue]
	"Exp1111" -> "-112"
	"T113" [label="T"]
	"Exp1111" -> "T113"
	"F114" [label="F"]
	"T113" -> "F114"
	"final115" [label="final"]
	"F114" -> "final115"
	"(116" [label="(",style=filled,fillcolor=powderblue]
	"final115" -> "(116"
	"Expression117" [label="Expression"]
	"final115" -> "Expression117"
	"T118" [label="T"]
	"Expression117" -> "T118"
	"F119" [label="F"]
	"T118" -> "F119"
	"final120" [label="final"]
	"F119" -> "final120"
	"m121" [label="m",style=filled,fillcolor=powderblue]
	"final120" -> "m121"
	"[122" [label="[",style=filled,fillcolor=powderblue]
	"final120" -> "[122"
	"Expression123" [label="Expression"]
	"final120" -> "Expression123"
	"T124" [label="T"]
	"Expression123" -> "T124"
	"F125" [label="F"]
	"T124" -> "F125"
	"final126" [label="final"]
	"F125" -> "final126"
	"num127" [label="num",style=filled,fillcolor=powderblue]
	"final126" -> "num127"
	"F1128" [label="F1"]
	"F125" -> "F1128"
	"e129" [label="e"]
	"F1128" -> "e129"
	"Term1130" [label="Term1"]
	"T124" -> "Term1130"
	"e131" [label="e"]
	"Term1130" -> "e131"
	"Exp1132" [label="Exp1"]
	"Expression123" -> "Exp1132"
	"e133" [label="e"]
	"Exp1132" -> "e133"
	"]134" [label="]",style=filled,fillcolor=powderblue]
	"final120" -> "]134"
	"F1135" [label="F1"]
	"F119" -> "F1135"
	"e136" [label="e"]
	"F1135" -> "e136"
	"Term1137" [label="Term1"]
	"T118" -> "Term1137"
	"e138" [label="e"]
	"Term1137" -> "e138"
	"Exp1139" [label="Exp1"]
	"Expression117" -> "Exp1139"
	"-140" [label="-",style=filled,fillcolor=powderblue]
	"Exp1139" -> "-140"
	"T141" [label="T"]
	"Exp1139" -> "T141"
	"F142" [label="F"]
	"T141" -> "F142"
	"final143" [label="final"]
	"F142" -> "final143"
	"num144" [label="num",style=filled,fillcolor=powderblue]
	"final143" -> "num144"
	"F1145" [label="F1"]
	"F142" -> "F1145"
	"e146" [label="e"]
	"F1145" -> "e146"
	"Term1147" [label="Term1"]
	"T141" -> "Term1147"
	"e148" [label="e"]
	"Term1147" -> "e148"
	"Exp1149" [label="Exp1"]
	"Exp1139" -> "Exp1149"
	"e150" [label="e"]
	"Exp1149" -> "e150"
	"e151" [label="e"]
	"Exp1139" -> "e151"
	")152" [label=")",style=filled,fillcolor=powderblue]
	"final115" -> ")152"
	"F1153" [label="F1"]
	"F114" -> "F1153"
	"e154" [label="e"]
	"F1153" -> "e154"
	"Term1155" [label="Term1"]
	"T113" -> "Term1155"
	"e156" [label="e"]
	"Term1155" -> "e156"
	"Exp1157" [label="Exp1"]
	"Exp1111" -> "Exp1157"
	"e158" [label="e"]
	"Exp1157" -> "e158"
	"e159" [label="e"]
	"Exp1111" -> "e159"
	"Statements160" [label="Statements"]
	"Statements85" -> "Statements160"
	"Statement161" [label="Statement"]
	"Statements160" -> "Statement161"
	"m162" [label="m",style=filled,fillcolor=powderblue]
	"Statement161" -> "m162"
	"[163" [label="[",style=filled,fillcolor=powderblue]
	"Statement161" -> "[163"
	"Expression164" [label="Expression"]
	"Statement161" -> "Expression164"
	"T165" [label="T"]
	"Expression164" -> "T165"
	"F166" [label="F"]
	"T165" -> "F166"
	"final167" [label="final"]
	"F166" -> "final167"
	"num168" [label="num",style=filled,fillcolor=powderblue]
	"final167" -> "num168"
	"F1169" [label="F1"]
	"F166" -> "F1169"
	"e170" [label="e"]
	"F1169" -> "e170"
	"Term1171" [label="Term1"]
	"T165" -> "Term1171"
	"e172" [label="e"]
	"Term1171" -> "e172"
	"Exp1173" [label="Exp1"]
	"Expression164" -> "Exp1173"
	"e174" [label="e"]
	"Exp1173" -> "e174"
	"]175" [label="]",style=filled,fillcolor=powderblue]
	"Statement161" -> "]175"
	"=176" [label="=",style=filled,fillcolor=powderblue]
	"Statement161" -> "=176"
	"Expression177" [label="Expression"]
	"Statement161" -> "Expression177"
	"T178" [label="T"]
	"Expression177" -> "T178"
	"F179" [label="F"]
	"T178" -> "F179"
	"final180" [label="final"]
	"F179" -> "final180"
	"num181" [label="num",style=filled,fillcolor=powderblue]
	"final180" -> "num181"
	"F1182" [label="F1"]
	"F179" -> "F1182"
	"e183" [label="e"]
	"F1182" -> "e183"
	"Term1184" [label="Term1"]
	"T178" -> "Term1184"
	"/185" [label="/",style=filled,fillcolor=powderblue]
	"Term1184" -> "/185"
	"F186" [label="F"]
	"Term1184" -> "F186"
	"final187" [label="final"]
	"F186" -> "final187"
	"num188" [label="num",style=filled,fillcolor=powderblue]
	"final187" -> "num188"
	"F1189" [label="F1"]
	"F186" -> "F1189"
	"e190" [label="e"]
	"F1189" -> "e190"
	"Term1191" [label="Term1"]
	"Term1184" -> "Term1191"
	"*192" [label="*",style=filled,fillcolor=powderblue]
	"Term1191" -> "*192"
	"F193" [label="F"]
	"Term1191" -> "F193"
	"final194" [label="final"]
	"F193" -> "final194"
	"num195" [label="num",style=filled,fillcolor=powderblue]
	"final194" -> "num195"
	"F1196" [label="F1"]
	"F193" -> "F1196"
	"e197" [label="e"]
	"F1196" -> "e197"
	"Term1198" [label="Term1"]
	"Term1191" -> "Term1198"
	"e199" [label="e"]
	"Term1198" -> "e199"
	"e200" [label="e"]
	"Term1191" -> "e200"
	"e201" [label="e"]
	"Term1184" -> "e201"
	"Exp1202" [label="Exp1"]
	"Expression177" -> "Exp1202"
	"e203" [label="e"]
	"Exp1202" -> "e203"
	"Statements204" [label="Statements"]
	"Statements160" -> "Statements204"
	"Statement205" [label="Statement"]
	"Statements204" -> "Statement205"
	"m206" [label="m",style=filled,fillcolor=powderblue]
	"Statement205" -> "m206"
	"[207" [label="[",style=filled,fillcolor=powderblue]
	"Statement205" -> "[207"
	"Expression208" [label="Expression"]
	"Statement205" -> "Expression208"
	"T209" [label="T"]
	"Expression208" -> "T209"
	"F210" [label="F"]
	"T209" -> "F210"
	"final211" [label="final"]
	"F210" -> "final211"
	"num212" [label="num",style=filled,fillcolor=powderblue]
	"final211" -> "num212"
	"F1213" [label="F1"]
	"F210" -> "F1213"
	"e214" [label="e"]
	"F1213" -> "e214"
	"Term1215" [label="Term1"]
	"T209" -> "Term1215"
	"e216" [label="e"]
	"Term1215" -> "e216"
	"Exp1217" [label="Exp1"]
	"Expression208" -> "Exp1217"
	"e218" [label="e"]
	"Exp1217" -> "e218"
	"]219" [label="]",style=filled,fillcolor=powderblue]
	"Statement205" -> "]219"
	"=220" [label="=",style=filled,fillcolor=powderblue]
	"Statement205" -> "=220"
	"Expression221" [label="Expression"]
	"Statement205" -> "Expression221"
	"T222" [label="T"]
	"Expression221" -> "T222"
	"F223" [label="F"]
	"T222" -> "F223"
	"final224" [label="final"]
	"F223" -> "final224"
	"num225" [label="num",style=filled,fillcolor=powderblue]
	"final224" -> "num225"
	"F1226" [label="F1"]
	"F223" -> "F1226"
	"e227" [label="e"]
	"F1226" -> "e227"
	"Term1228" [label="Term1"]
	"T222" -> "Term1228"
	"e229" [label="e"]
	"Term1228" -> "e229"
	"Exp1230" [label="Exp1"]
	"Expression221" -> "Exp1230"
	"+231" [label="+",style=filled,fillcolor=powderblue]
	"Exp1230" -> "+231"
	"T232" [label="T"]
	"Exp1230" -> "T232"
	"F233" [label="F"]
	"T232" -> "F233"
	"final234" [label="final"]
	"F233" -> "final234"
	"m235" [label="m",style=filled,fillcolor=powderblue]
	"final234" -> "m235"
	"[236" [label="[",style=filled,fillcolor=powderblue]
	"final234" -> "[236"
	"Expression237" [label="Expression"]
	"final234" -> "Expression237"
	"T238" [label="T"]
	"Expression237" -> "T238"
	"F239" [label="F"]
	"T238" -> "F239"
	"final240" [label="final"]
	"F239" -> "final240"
	"num241" [label="num",style=filled,fillcolor=powderblue]
	"final240" -> "num241"
	"F1242" [label="F1"]
	"F239" -> "F1242"
	"e243" [label="e"]
	"F1242" -> "e243"
	"Term1244" [label="Term1"]
	"T238" -> "Term1244"
	"e245" [label="e"]
	"Term1244" -> "e245"
	"Exp1246" [label="Exp1"]
	"Expression237" -> "Exp1246"
	"e247" [label="e"]
	"Exp1246" -> "e247"
	"]248" [label="]",style=filled,fillcolor=powderblue]
	"final234" -> "]248"
	"F1249" [label="F1"]
	"F233" -> "F1249"
	"e250" [label="e"]
	"F1249" -> "e250"
	"Term1251" [label="Term1"]
	"T232" -> "Term1251"
	"e252" [label="e"]
	"Term1251" -> "e252"
	"Exp1253" [label="Exp1"]
	"Exp1230" -> "Exp1253"
	"e254" [label="e"]
	"Exp1253" -> "e254"
	"e255" [label="e"]
	"Exp1230" -> "e255"
	"Statements256" [label="Statements"]
	"Statements204" -> "Statements256"
	"Statement257" [label="Statement"]
	"Statements256" -> "Statement257"
	"m258" [label="m",style=filled,fillcolor=powderblue]
	"Statement257" -> "m258"
	"[259" [label="[",style=filled,fillcolor=powderblue]
	"Statement257" -> "[259"
	"Expression260" [label="Expression"]
	"Statement257" -> "Expression260"
	"T261" [label="T"]
	"Expression260" -> "T261"
	"F262" [label="F"]
	"T261" -> "F262"
	"final263" [label="final"]
	"F262" -> "final263"
	"num264" [label="num",style=filled,fillcolor=powderblue]
	"final263" -> "num264"
	"F1265" [label="F1"]
	"F262" -> "F1265"
	"e266" [label="e"]
	"F1265" -> "e266"
	"Term1267" [label="Term1"]
	"T261" -> "Term1267"
	"e268" [label="e"]
	"Term1267" -> "e268"
	"Exp1269" [label="Exp1"]
	"Expression260" -> "Exp1269"
	"e270" [label="e"]
	"Exp1269" -> "e270"
	"]271" [label="]",style=filled,fillcolor=powderblue]
	"Statement257" -> "]271"
	"=272" [label="=",style=filled,fillcolor=powderblue]
	"Statement257" -> "=272"
	"Expression273" [label="Expression"]
	"Statement257" -> "Expression273"
	"T274" [label="T"]
	"Expression273" -> "T274"
	"F275" [label="F"]
	"T274" -> "F275"
	"final276" [label="final"]
	"F275" -> "final276"
	"num277" [label="num",style=filled,fillcolor=powderblue]
	"final276" -> "num277"
	"F1278" [label="F1"]
	"F275" -> "F1278"
	"e279" [label="e"]
	"F1278" -> "e279"
	"Term1280" [label="Term1"]
	"T274" -> "Term1280"
	"e281" [label="e"]
	"Term1280" -> "e281"
	"Exp1282" [label="Exp1"]
	"Expression273" -> "Exp1282"
	"-283" [label="-",style=filled,fillcolor=powderblue]
	"Exp1282" -> "-283"
	"T284" [label="T"]
	"Exp1282" -> "T284"
	"F285" [label="F"]
	"T284" -> "F285"
	"final286" [label="final"]
	"F285" -> "final286"
	"m287" [label="m",style=filled,fillcolor=powderblue]
	"final286" -> "m287"
	"[288" [label="[",style=filled,fillcolor=powderblue]
	"final286" -> "[288"
	"Expression289" [label="Expression"]
	"final286" -> "Expression289"
	"T290" [label="T"]
	"Expression289" -> "T290"
	"F291" [label="F"]
	"T290" -> "F291"
	"final292" [label="final"]
	"F291" -> "final292"
	"num293" [label="num",style=filled,fillcolor=powderblue]
	"final292" -> "num293"
	"F1294" [label="F1"]
	"F291" -> "F1294"
	"**295" [label="**",style=filled,fillcolor=powderblue]
	"F1294" -> "**295"
	"final296" [label="final"]
	"F1294" -> "final296"
	"num297" [label="num",style=filled,fillcolor=powderblue]
	"final296" -> "num297"
	"F1298" [label="F1"]
	"F1294" -> "F1298"
	"e299" [label="e"]
	"F1298" -> "e299"
	"e300" [label="e"]
	"F1294" -> "e300"
	"Term1301" [label="Term1"]
	"T290" -> "Term1301"
	"*302" [label="*",style=filled,fillcolor=powderblue]
	"Term1301" -> "*302"
	"F303" [label="F"]
	"Term1301" -> "F303"
	"final304" [label="final"]
	"F303" -> "final304"
	"num305" [label="num",style=filled,fillcolor=powderblue]
	"final304" -> "num305"
	"F1306" [label="F1"]
	"F303" -> "F1306"
	"e307" [label="e"]
	"F1306" -> "e307"
	"Term1308" [label="Term1"]
	"Term1301" -> "Term1308"
	"e309" [label="e"]
	"Term1308" -> "e309"
	"e310" [label="e"]
	"Term1301" -> "e310"
	"Exp1311" [label="Exp1"]
	"Expression289" -> "Exp1311"
	"-312" [label="-",style=filled,fillcolor=powderblue]
	"Exp1311" -> "-312"
	"T313" [label="T"]
	"Exp1311" -> "T313"
	"F314" [label="F"]
	"T313" -> "F314"
	"final315" [label="final"]
	"F314" -> "final315"
	"num316" [label="num",style=filled,fillcolor=powderblue]
	"final315" -> "num316"
	"F1317" [label="F1"]
	"F314" -> "F1317"
	"e318" [label="e"]
	"F1317" -> "e318"
	"Term1319" [label="Term1"]
	"T313" -> "Term1319"
	"e320" [label="e"]
	"Term1319" -> "e320"
	"Exp1321" [label="Exp1"]
	"Exp1311" -> "Exp1321"
	"e322" [label="e"]
	"Exp1321" -> "e322"
	"e323" [label="e"]
	"Exp1311" -> "e323"
	"]324" [label="]",style=filled,fillcolor=powderblue]
	"final286" -> "]324"
	"F1325" [label="F1"]
	"F285" -> "F1325"
	"e326" [label="e"]
	"F1325" -> "e326"
	"Term1327" [label="Term1"]
	"T284" -> "Term1327"
	"e328" [label="e"]
	"Term1327" -> "e328"
	"Exp1329" [label="Exp1"]
	"Exp1282" -> "Exp1329"
	"-330" [label="-",style=filled,fillcolor=powderblue]
	"Exp1329" -> "-330"
	"T331" [label="T"]
	"Exp1329" -> "T331"
	"F332" [label="F"]
	"T331" -> "F332"
	"final333" [label="final"]
	"F332" -> "final333"
	"num334" [label="num",style=filled,fillcolor=powderblue]
	"final333" -> "num334"
	"F1335" [label="F1"]
	"F332" -> "F1335"
	"e336" [label="e"]
	"F1335" -> "e336"
	"Term1337" [label="Term1"]
	"T331" -> "Term1337"
	"e338" [label="e"]
	"Term1337" -> "e338"
	"Exp1339" [label="Exp1"]
	"Exp1329" -> "Exp1339"
	"e340" [label="e"]
	"Exp1339" -> "e340"
	"e341" [label="e"]
	"Exp1329" -> "e341"
	"e342" [label="e"]
	"Exp1282" -> "e342"
	"Statements343" [label="Statements"]
	"Statements256" -> "Statements343"
	"Statement344" [label="Statement"]
	"Statements343" -> "Statement344"
	"L345" [label="L",style=filled,fillcolor=powderblue]
	"Statement344" -> "L345"
	"num346" [label="num",style=filled,fillcolor=powderblue]
	"Statement344" -> "num346"
	":347" [label=":",style=filled,fillcolor=powderblue]
	"Statement344" -> ":347"
	"Statements348" [label="Statements"]
	"Statements343" -> "Statements348"
	"Statement349" [label="Statement"]
	"Statements348" -> "Statement349"
	"m350" [label="m",style=filled,fillcolor=powderblue]
	"Statement349" -> "m350"
	"[351" [label="[",style=filled,fillcolor=powderblue]
	"Statement349" -> "[351"
	"Expression352" [label="Expression"]
	"Statement349" -> "Expression352"
	"T353" [label="T"]
	"Expression352" -> "T353"
	"F354" [label="F"]
	"T353" -> "F354"
	"final355" [label="final"]
	"F354" -> "final355"
	"num356" [label="num",style=filled,fillcolor=powderblue]
	"final355" -> "num356"
	"F1357" [label="F1"]
	"F354" -> "F1357"
	"e358" [label="e"]
	"F1357" -> "e358"
	"Term1359" [label="Term1"]
	"T353" -> "Term1359"
	"e360" [label="e"]
	"Term1359" -> "e360"
	"Exp1361" [label="Exp1"]
	"Expression352" -> "Exp1361"
	"e362" [label="e"]
	"Exp1361" -> "e362"
	"]363" [label="]",style=filled,fillcolor=powderblue]
	"Statement349" -> "]363"
	"=364" [label="=",style=filled,fillcolor=powderblue]
	"Statement349" -> "=364"
	"Expression365" [label="Expression"]
	"Statement349" -> "Expression365"
	"T366" [label="T"]
	"Expression365" -> "T366"
	"F367" [label="F"]
	"T366" -> "F367"
	"final368" [label="final"]
	"F367" -> "final368"
	"num369" [label="num",style=filled,fillcolor=powderblue]
	"final368" -> "num369"
	"F1370" [label="F1"]
	"F367" -> "F1370"
	"e371" [label="e"]
	"F1370" -> "e371"
	"Term1372" [label="Term1"]
	"T366" -> "Term1372"
	"e373" [label="e"]
	"Term1372" -> "e373"
	"Exp1374" [label="Exp1"]
	"Expression365" -> "Exp1374"
	"-375" [label="-",style=filled,fillcolor=powderblue]
	"Exp1374" -> "-375"
	"T376" [label="T"]
	"Exp1374" -> "T376"
	"F377" [label="F"]
	"T376" -> "F377"
	"final378" [label="final"]
	"F377" -> "final378"
	"(379" [label="(",style=filled,fillcolor=powderblue]
	"final378" -> "(379"
	"Expression380" [label="Expression"]
	"final378" -> "Expression380"
	"T381" [label="T"]
	"Expression380" -> "T381"
	"F382" [label="F"]
	"T381" -> "F382"
	"final383" [label="final"]
	"F382" -> "final383"
	"m384" [label="m",style=filled,fillcolor=powderblue]
	"final383" -> "m384"
	"[385" [label="[",style=filled,fillcolor=powderblue]
	"final383" -> "[385"
	"Expression386" [label="Expression"]
	"final383" -> "Expression386"
	"T387" [label="T"]
	"Expression386" -> "T387"
	"F388" [label="F"]
	"T387" -> "F388"
	"final389" [label="final"]
	"F388" -> "final389"
	"num390" [label="num",style=filled,fillcolor=powderblue]
	"final389" -> "num390"
	"F1391" [label="F1"]
	"F388" -> "F1391"
	"e392" [label="e"]
	"F1391" -> "e392"
	"Term1393" [label="Term1"]
	"T387" -> "Term1393"
	"e394" [label="e"]
	"Term1393" -> "e394"
	"Exp1395" [label="Exp1"]
	"Expression386" -> "Exp1395"
	"e396" [label="e"]
	"Exp1395" -> "e396"
	"]397" [label="]",style=filled,fillcolor=powderblue]
	"final383" -> "]397"
	"F1398" [label="F1"]
	"F382" -> "F1398"
	"e399" [label="e"]
	"F1398" -> "e399"
	"Term1400" [label="Term1"]
	"T381" -> "Term1400"
	"e401" [label="e"]
	"Term1400" -> "e401"
	"Exp1402" [label="Exp1"]
	"Expression380" -> "Exp1402"
	"-403" [label="-",style=filled,fillcolor=powderblue]
	"Exp1402" -> "-403"
	"T404" [label="T"]
	"Exp1402" -> "T404"
	"F405" [label="F"]
	"T404" -> "F405"
	"final406" [label="final"]
	"F405" -> "final406"
	"num407" [label="num",style=filled,fillcolor=powderblue]
	"final406" -> "num407"
	"F1408" [label="F1"]
	"F405" -> "F1408"
	"e409" [label="e"]
	"F1408" -> "e409"
	"Term1410" [label="Term1"]
	"T404" -> "Term1410"
	"e411" [label="e"]
	"Term1410" -> "e411"
	"Exp1412" [label="Exp1"]
	"Exp1402" -> "Exp1412"
	"e413" [label="e"]
	"Exp1412" -> "e413"
	"e414" [label="e"]
	"Exp1402" -> "e414"
	")415" [label=")",style=filled,fillcolor=powderblue]
	"final378" -> ")415"
	"F1416" [label="F1"]
	"F377" -> "F1416"
	"e417" [label="e"]
	"F1416" -> "e417"
	"Term1418" [label="Term1"]
	"T376" -> "Term1418"
	"e419" [label="e"]
	"Term1418" -> "e419"
	"Exp1420" [label="Exp1"]
	"Exp1374" -> "Exp1420"
	"e421" [label="e"]
	"Exp1420" -> "e421"
	"e422" [label="e"]
	"Exp1374" -> "e422"
	"Statements423" [label="Statements"]
	"Statements348" -> "Statements423"
	"Statement424" [label="Statement"]
	"Statements423" -> "Statement424"
	"m425" [label="m",style=filled,fillcolor=powderblue]
	"Statement424" -> "m425"
	"[426" [label="[",style=filled,fillcolor=powderblue]
	"Statement424" -> "[426"
	"Expression427" [label="Expression"]
	"Statement424" -> "Expression427"
	"T428" [label="T"]
	"Expression427" -> "T428"
	"F429" [label="F"]
	"T428" -> "F429"
	"final430" [label="final"]
	"F429" -> "final430"
	"num431" [label="num",style=filled,fillcolor=powderblue]
	"final430" -> "num431"
	"F1432" [label="F1"]
	"F429" -> "F1432"
	"e433" [label="e"]
	"F1432" -> "e433"
	"Term1434" [label="Term1"]
	"T428" -> "Term1434"
	"e435" [label="e"]
	"Term1434" -> "e435"
	"Exp1436" [label="Exp1"]
	"Expression427" -> "Exp1436"
	"e437" [label="e"]
	"Exp1436" -> "e437"
	"]438" [label="]",style=filled,fillcolor=powderblue]
	"Statement424" -> "]438"
	"=439" [label="=",style=filled,fillcolor=powderblue]
	"Statement424" -> "=439"
	"Expression440" [label="Expression"]
	"Statement424" -> "Expression440"
	"T441" [label="T"]
	"Expression440" -> "T441"
	"F442" [label="F"]
	"T441" -> "F442"
	"final443" [label="final"]
	"F442" -> "final443"
	"num444" [label="num",style=filled,fillcolor=powderblue]
	"final443" -> "num444"
	"F1445" [label="F1"]
	"F442" -> "F1445"
	"e446" [label="e"]
	"F1445" -> "e446"
	"Term1447" [label="Term1"]
	"T441" -> "Term1447"
	"/448" [label="/",style=filled,fillcolor=powderblue]
	"Term1447" -> "/448"
	"F449" [label="F"]
	"Term1447" -> "F449"
	"final450" [label="final"]
	"F449" -> "final450"
	"num451" [label="num",style=filled,fillcolor=powderblue]
	"final450" -> "num451"
	"F1452" [label="F1"]
	"F449" -> "F1452"
	"e453" [label="e"]
	"F1452" -> "e453"
	"Term1454" [label="Term1"]
	"Term1447" -> "Term1454"
	"*455" [label="*",style=filled,fillcolor=powderblue]
	"Term1454" -> "*455"
	"F456" [label="F"]
	"Term1454" -> "F456"
	"final457" [label="final"]
	"F456" -> "final457"
	"num458" [label="num",style=filled,fillcolor=powderblue]
	"final457" -> "num458"
	"F1459" [label="F1"]
	"F456" -> "F1459"
	"e460" [label="e"]
	"F1459" -> "e460"
	"Term1461" [label="Term1"]
	"Term1454" -> "Term1461"
	"e462" [label="e"]
	"Term1461" -> "e462"
	"e463" [label="e"]
	"Term1454" -> "e463"
	"e464" [label="e"]
	"Term1447" -> "e464"
	"Exp1465" [label="Exp1"]
	"Expression440" -> "Exp1465"
	"e466" [label="e"]
	"Exp1465" -> "e466"
	"Statements467" [label="Statements"]
	"Statements423" -> "Statements467"
	"Statement468" [label="Statement"]
	"Statements467" -> "Statement468"
	"m469" [label="m",style=filled,fillcolor=powderblue]
	"Statement468" -> "m469"
	"[470" [label="[",style=filled,fillcolor=powderblue]
	"Statement468" -> "[470"
	"Expression471" [label="Expression"]
	"Statement468" -> "Expression471"
	"T472" [label="T"]
	"Expression471" -> "T472"
	"F473" [label="F"]
	"T472" -> "F473"
	"final474" [label="final"]
	"F473" -> "final474"
	"num475" [label="num",style=filled,fillcolor=powderblue]
	"final474" -> "num475"
	"F1476" [label="F1"]
	"F473" -> "F1476"
	"e477" [label="e"]
	"F1476" -> "e477"
	"Term1478" [label="Term1"]
	"T472" -> "Term1478"
	"e479" [label="e"]
	"Term1478" -> "e479"
	"Exp1480" [label="Exp1"]
	"Expression471" -> "Exp1480"
	"e481" [label="e"]
	"Exp1480" -> "e481"
	"]482" [label="]",style=filled,fillcolor=powderblue]
	"Statement468" -> "]482"
	"=483" [label="=",style=filled,fillcolor=powderblue]
	"Statement468" -> "=483"
	"Expression484" [label="Expression"]
	"Statement468" -> "Expression484"
	"T485" [label="T"]
	"Expression484" -> "T485"
	"F486" [label="F"]
	"T485" -> "F486"
	"final487" [label="final"]
	"F486" -> "final487"
	"num488" [label="num",style=filled,fillcolor=powderblue]
	"final487" -> "num488"
	"F1489" [label="F1"]
	"F486" -> "F1489"
	"e490" [label="e"]
	"F1489" -> "e490"
	"Term1491" [label="Term1"]
	"T485" -> "Term1491"
	"e492" [label="e"]
	"Term1491" -> "e492"
	"Exp1493" [label="Exp1"]
	"Expression484" -> "Exp1493"
	"+494" [label="+",style=filled,fillcolor=powderblue]
	"Exp1493" -> "+494"
	"T495" [label="T"]
	"Exp1493" -> "T495"
	"F496" [label="F"]
	"T495" -> "F496"
	"final497" [label="final"]
	"F496" -> "final497"
	"m498" [label="m",style=filled,fillcolor=powderblue]
	"final497" -> "m498"
	"[499" [label="[",style=filled,fillcolor=powderblue]
	"final497" -> "[499"
	"Expression500" [label="Expression"]
	"final497" -> "Expression500"
	"T501" [label="T"]
	"Expression500" -> "T501"
	"F502" [label="F"]
	"T501" -> "F502"
	"final503" [label="final"]
	"F502" -> "final503"
	"num504" [label="num",style=filled,fillcolor=powderblue]
	"final503" -> "num504"
	"F1505" [label="F1"]
	"F502" -> "F1505"
	"e506" [label="e"]
	"F1505" -> "e506"
	"Term1507" [label="Term1"]
	"T501" -> "Term1507"
	"e508" [label="e"]
	"Term1507" -> "e508"
	"Exp1509" [label="Exp1"]
	"Expression500" -> "Exp1509"
	"e510" [label="e"]
	"Exp1509" -> "e510"
	"]511" [label="]",style=filled,fillcolor=powderblue]
	"final497" -> "]511"
	"F1512" [label="F1"]
	"F496" -> "F1512"
	"e513" [label="e"]
	"F1512" -> "e513"
	"Term1514" [label="Term1"]
	"T495" -> "Term1514"
	"e515" [label="e"]
	"Term1514" -> "e515"
	"Exp1516" [label="Exp1"]
	"Exp1493" -> "Exp1516"
	"e517" [label="e"]
	"Exp1516" -> "e517"
	"e518" [label="e"]
	"Exp1493" -> "e518"
	"Statements519" [label="Statements"]
	"Statements467" -> "Statements519"
	"Statement520" [label="Statement"]
	"Statements519" -> "Statement520"
	"m521" [label="m",style=filled,fillcolor=powderblue]
	"Statement520" -> "m521"
	"[522" [label="[",style=filled,fillcolor=powderblue]
	"Statement520" -> "[522"
	"Expression523" [label="Expression"]
	"Statement520" -> "Expression523"
	"T524" [label="T"]
	"Expression523" -> "T524"
	"F525" [label="F"]
	"T524" -> "F525"
	"final526" [label="final"]
	"F525" -> "final526"
	"num527" [label="num",style=filled,fillcolor=powderblue]
	"final526" -> "num527"
	"F1528" [label="F1"]
	"F525" -> "F1528"
	"e529" [label="e"]
	"F1528" -> "e529"
	"Term1530" [label="Term1"]
	"T524" -> "Term1530"
	"e531" [label="e"]
	"Term1530" -> "e531"
	"Exp1532" [label="Exp1"]
	"Expression523" -> "Exp1532"
	"e533" [label="e"]
	"Exp1532" -> "e533"
	"]534" [label="]",style=filled,fillcolor=powderblue]
	"Statement520" -> "]534"
	"=535" [label="=",style=filled,fillcolor=powderblue]
	"Statement520" -> "=535"
	"Expression536" [label="Expression"]
	"Statement520" -> "Expression536"
	"T537" [label="T"]
	"Expression536" -> "T537"
	"F538" [label="F"]
	"T537" -> "F538"
	"final539" [label="final"]
	"F538" -> "final539"
	"num540" [label="num",style=filled,fillcolor=powderblue]
	"final539" -> "num540"
	"F1541" [label="F1"]
	"F538" -> "F1541"
	"e542" [label="e"]
	"F1541" -> "e542"
	"Term1543" [label="Term1"]
	"T537" -> "Term1543"
	"e544" [label="e"]
	"Term1543" -> "e544"
	"Exp1545" [label="Exp1"]
	"Expression536" -> "Exp1545"
	"-546" [label="-",style=filled,fillcolor=powderblue]
	"Exp1545" -> "-546"
	"T547" [label="T"]
	"Exp1545" -> "T547"
	"F548" [label="F"]
	"T547" -> "F548"
	"final549" [label="final"]
	"F548" -> "final549"
	"m550" [label="m",style=filled,fillcolor=powderblue]
	"final549" -> "m550"
	"[551" [label="[",style=filled,fillcolor=powderblue]
	"final549" -> "[551"
	"Expression552" [label="Expression"]
	"final549" -> "Expression552"
	"T553" [label="T"]
	"Expression552" -> "T553"
	"F554" [label="F"]
	"T553" -> "F554"
	"final555" [label="final"]
	"F554" -> "final555"
	"num556" [label="num",style=filled,fillcolor=powderblue]
	"final555" -> "num556"
	"F1557" [label="F1"]
	"F554" -> "F1557"
	"e558" [label="e"]
	"F1557" -> "e558"
	"Term1559" [label="Term1"]
	"T553" -> "Term1559"
	"e560" [label="e"]
	"Term1559" -> "e560"
	"Exp1561" [label="Exp1"]
	"Expression552" -> "Exp1561"
	"-562" [label="-",style=filled,fillcolor=powderblue]
	"Exp1561" -> "-562"
	"T563" [label="T"]
	"Exp1561" -> "T563"
	"F564" [label="F"]
	"T563" -> "F564"
	"final565" [label="final"]
	"F564" -> "final565"
	"num566" [label="num",style=filled,fillcolor=powderblue]
	"final565" -> "num566"
	"F1567" [label="F1"]
	"F564" -> "F1567"
	"e568" [label="e"]
	"F1567" -> "e568"
	"Term1569" [label="Term1"]
	"T563" -> "Term1569"
	"e570" [label="e"]
	"Term1569" -> "e570"
	"Exp1571" [label="Exp1"]
	"Exp1561" -> "Exp1571"
	"e572" [label="e"]
	"Exp1571" -> "e572"
	"e573" [label="e"]
	"Exp1561" -> "e573"
	"]574" [label="]",style=filled,fillcolor=powderblue]
	"final549" -> "]574"
	"F1575" [label="F1"]
	"F548" -> "F1575"
	"e576" [label="e"]
	"F1575" -> "e576"
	"Term1577" [label="Term1"]
	"T547" -> "Term1577"
	"e578" [label="e"]
	"Term1577" -> "e578"
	"Exp1579" [label="Exp1"]
	"Exp1545" -> "Exp1579"
	"e580" [label="e"]
	"Exp1579" -> "e580"
	"e581" [label="e"]
	"Exp1545" -> "e581"
	"Statements582" [label="Statements"]
	"Statements519" -> "Statements582"
	"Statement583" [label="Statement"]
	"Statements582" -> "Statement583"
	"m584" [label="m",style=filled,fillcolor=powderblue]
	"Statement583" -> "m584"
	"[585" [label="[",style=filled,fillcolor=powderblue]
	"Statement583" -> "[585"
	"Expression586" [label="Expression"]
	"Statement583" -> "Expression586"
	"T587" [label="T"]
	"Expression586" -> "T587"
	"F588" [label="F"]
	"T587" -> "F588"
	"final589" [label="final"]
	"F588" -> "final589"
	"num590" [label="num",style=filled,fillcolor=powderblue]
	"final589" -> "num590"
	"F1591" [label="F1"]
	"F588" -> "F1591"
	"e592" [label="e"]
	"F1591" -> "e592"
	"Term1593" [label="Term1"]
	"T587" -> "Term1593"
	"e594" [label="e"]
	"Term1593" -> "e594"
	"Exp1595" [label="Exp1"]
	"Expression586" -> "Exp1595"
	"e596" [label="e"]
	"Exp1595" -> "e596"
	"]597" [label="]",style=filled,fillcolor=powderblue]
	"Statement583" -> "]597"
	"=598" [label="=",style=filled,fillcolor=powderblue]
	"Statement583" -> "=598"
	"Expression599" [label="Expression"]
	"Statement583" -> "Expression599"
	"T600" [label="T"]
	"Expression599" -> "T600"
	"F601" [label="F"]
	"T600" -> "F601"
	"final602" [label="final"]
	"F601" -> "final602"
	"num603" [label="num",style=filled,fillcolor=powderblue]
	"final602" -> "num603"
	"F1604" [label="F1"]
	"F601" -> "F1604"
	"e605" [label="e"]
	"F1604" -> "e605"
	"Term1606" [label="Term1"]
	"T600" -> "Term1606"
	"e607" [label="e"]
	"Term1606" -> "e607"
	"Exp1608" [label="Exp1"]
	"Expression599" -> "Exp1608"
	"-609" [label="-",style=filled,fillcolor=powderblue]
	"Exp1608" -> "-609"
	"T610" [label="T"]
	"Exp1608" -> "T610"
	"F611" [label="F"]
	"T610" -> "F611"
	"final612" [label="final"]
	"F611" -> "final612"
	"(613" [label="(",style=filled,fillcolor=powderblue]
	"final612" -> "(613"
	"Expression614" [label="Expression"]
	"final612" -> "Expression614"
	"T615" [label="T"]
	"Expression614" -> "T615"
	"F616" [label="F"]
	"T615" -> "F616"
	"final617" [label="final"]
	"F616" -> "final617"
	"num618" [label="num",style=filled,fillcolor=powderblue]
	"final617" -> "num618"
	"F1619" [label="F1"]
	"F616" -> "F1619"
	"e620" [label="e"]
	"F1619" -> "e620"
	"Term1621" [label="Term1"]
	"T615" -> "Term1621"
	"e622" [label="e"]
	"Term1621" -> "e622"
	"Exp1623" [label="Exp1"]
	"Expression614" -> "Exp1623"
	"-624" [label="-",style=filled,fillcolor=powderblue]
	"Exp1623" -> "-624"
	"T625" [label="T"]
	"Exp1623" -> "T625"
	"F626" [label="F"]
	"T625" -> "F626"
	"final627" [label="final"]
	"F626" -> "final627"
	"num628" [label="num",style=filled,fillcolor=powderblue]
	"final627" -> "num628"
	"F1629" [label="F1"]
	"F626" -> "F1629"
	"e630" [label="e"]
	"F1629" -> "e630"
	"Term1631" [label="Term1"]
	"T625" -> "Term1631"
	"e632" [label="e"]
	"Term1631" -> "e632"
	"Exp1633" [label="Exp1"]
	"Exp1623" -> "Exp1633"
	"e634" [label="e"]
	"Exp1633" -> "e634"
	"e635" [label="e"]
	"Exp1623" -> "e635"
	")636" [label=")",style=filled,fillcolor=powderblue]
	"final612" -> ")636"
	"F1637" [label="F1"]
	"F611" -> "F1637"
	"e638" [label="e"]
	"F1637" -> "e638"
	"Term1639" [label="Term1"]
	"T610" -> "Term1639"
	"e640" [label="e"]
	"Term1639" -> "e640"
	"Exp1641" [label="Exp1"]
	"Exp1608" -> "Exp1641"
	"e642" [label="e"]
	"Exp1641" -> "e642"
	"e643" [label="e"]
	"Exp1608" -> "e643"
	"Statements644" [label="Statements"]
	"Statements582" -> "Statements644"
	"Statement645" [label="Statement"]
	"Statements644" -> "Statement645"
	"m646" [label="m",style=filled,fillcolor=powderblue]
	"Statement645" -> "m646"
	"[647" [label="[",style=filled,fillcolor=powderblue]
	"Statement645" -> "[647"
	"Expression648" [label="Expression"]
	"Statement645" -> "Expression648"
	"T649" [label="T"]
	"Expression648" -> "T649"
	"F650" [label="F"]
	"T649" -> "F650"
	"final651" [label="final"]
	"F650" -> "final651"
	"num652" [label="num",style=filled,fillcolor=powderblue]
	"final651" -> "num652"
	"F1653" [label="F1"]
	"F650" -> "F1653"
	"e654" [label="e"]
	"F1653" -> "e654"
	"Term1655" [label="Term1"]
	"T649" -> "Term1655"
	"e656" [label="e"]
	"Term1655" -> "e656"
	"Exp1657" [label="Exp1"]
	"Expression648" -> "Exp1657"
	"e658" [label="e"]
	"Exp1657" -> "e658"
	"]659" [label="]",style=filled,fillcolor=powderblue]
	"Statement645" -> "]659"
	"=660" [label="=",style=filled,fillcolor=powderblue]
	"Statement645" -> "=660"
	"Expression661" [label="Expression"]
	"Statement645" -> "Expression661"
	"T662" [label="T"]
	"Expression661" -> "T662"
	"F663" [label="F"]
	"T662" -> "F663"
	"final664" [label="final"]
	"F663" -> "final664"
	"num665" [label="num",style=filled,fillcolor=powderblue]
	"final664" -> "num665"
	"F1666" [label="F1"]
	"F663" -> "F1666"
	"e667" [label="e"]
	"F1666" -> "e667"
	"Term1668" [label="Term1"]
	"T662" -> "Term1668"
	"e669" [label="e"]
	"Term1668" -> "e669"
	"Exp1670" [label="Exp1"]
	"Expression661" -> "Exp1670"
	"-671" [label="-",style=filled,fillcolor=powderblue]
	"Exp1670" -> "-671"
	"T672" [label="T"]
	"Exp1670" -> "T672"
	"F673" [label="F"]
	"T672" -> "F673"
	"final674" [label="final"]
	"F673" -> "final674"
	"m675" [label="m",style=filled,fillcolor=powderblue]
	"final674" -> "m675"
	"[676" [label="[",style=filled,fillcolor=powderblue]
	"final674" -> "[676"
	"Expression677" [label="Expression"]
	"final674" -> "Expression677"
	"T678" [label="T"]
	"Expression677" -> "T678"
	"F679" [label="F"]
	"T678" -> "F679"
	"final680" [label="final"]
	"F679" -> "final680"
	"(681" [label="(",style=filled,fillcolor=powderblue]
	"final680" -> "(681"
	"Expression682" [label="Expression"]
	"final680" -> "Expression682"
	"T683" [label="T"]
	"Expression682" -> "T683"
	"F684" [label="F"]
	"T683" -> "F684"
	"final685" [label="final"]
	"F684" -> "final685"
	"num686" [label="num",style=filled,fillcolor=powderblue]
	"final685" -> "num686"
	"F1687" [label="F1"]
	"F684" -> "F1687"
	"e688" [label="e"]
	"F1687" -> "e688"
	"Term1689" [label="Term1"]
	"T683" -> "Term1689"
	"e690" [label="e"]
	"Term1689" -> "e690"
	"Exp1691" [label="Exp1"]
	"Expression682" -> "Exp1691"
	"-692" [label="-",style=filled,fillcolor=powderblue]
	"Exp1691" -> "-692"
	"T693" [label="T"]
	"Exp1691" -> "T693"
	"F694" [label="F"]
	"T693" -> "F694"
	"final695" [label="final"]
	"F694" -> "final695"
	"num696" [label="num",style=filled,fillcolor=powderblue]
	"final695" -> "num696"
	"F1697" [label="F1"]
	"F694" -> "F1697"
	"e698" [label="e"]
	"F1697" -> "e698"
	"Term1699" [label="Term1"]
	"T693" -> "Term1699"
	"e700" [label="e"]
	"Term1699" -> "e700"
	"Exp1701" [label="Exp1"]
	"Exp1691" -> "Exp1701"
	"e702" [label="e"]
	"Exp1701" -> "e702"
	"e703" [label="e"]
	"Exp1691" -> "e703"
	")704" [label=")",style=filled,fillcolor=powderblue]
	"final680" -> ")704"
	"F1705" [label="F1"]
	"F679" -> "F1705"
	"e706" [label="e"]
	"F1705" -> "e706"
	"Term1707" [label="Term1"]
	"T678" -> "Term1707"
	"e708" [label="e"]
	"Term1707" -> "e708"
	"Exp1709" [label="Exp1"]
	"Expression677" -> "Exp1709"
	"e710" [label="e"]
	"Exp1709" -> "e710"
	"]711" [label="]",style=filled,fillcolor=powderblue]
	"final674" -> "]711"
	"F1712" [label="F1"]
	"F673" -> "F1712"
	"e713" [label="e"]
	"F1712" -> "e713"
	"Term1714" [label="Term1"]
	"T672" -> "Term1714"
	"e715" [label="e"]
	"Term1714" -> "e715"
	"Exp1716" [label="Exp1"]
	"Exp1670" -> "Exp1716"
	"e717" [label="e"]
	"Exp1716" -> "e717"
	"e718" [label="e"]
	"Exp1670" -> "e718"
	"Statements719" [label="Statements"]
	"Statements644" -> "Statements719"
	"Statement720" [label="Statement"]
	"Statements719" -> "Statement720"
	"print721" [label="print",style=filled,fillcolor=powderblue]
	"Statement720" -> "print721"
	"Expression722" [label="Expression"]
	"Statement720" -> "Expression722"
	"T723" [label="T"]
	"Expression722" -> "T723"
	"F724" [label="F"]
	"T723" -> "F724"
	"final725" [label="final"]
	"F724" -> "final725"
	"m726" [label="m",style=filled,fillcolor=powderblue]
	"final725" -> "m726"
	"[727" [label="[",style=filled,fillcolor=powderblue]
	"final725" -> "[727"
	"Expression728" [label="Expression"]
	"final725" -> "Expression728"
	"T729" [label="T"]
	"Expression728" -> "T729"
	"F730" [label="F"]
	"T729" -> "F730"
	"final731" [label="final"]
	"F730" -> "final731"
	"num732" [label="num",style=filled,fillcolor=powderblue]
	"final731" -> "num732"
	"F1733" [label="F1"]
	"F730" -> "F1733"
	"e734" [label="e"]
	"F1733" -> "e734"
	"Term1735" [label="Term1"]
	"T729" -> "Term1735"
	"e736" [label="e"]
	"Term1735" -> "e736"
	"Exp1737" [label="Exp1"]
	"Expression728" -> "Exp1737"
	"e738" [label="e"]
	"Exp1737" -> "e738"
	"]739" [label="]",style=filled,fillcolor=powderblue]
	"final725" -> "]739"
	"F1740" [label="F1"]
	"F724" -> "F1740"
	"e741" [label="e"]
	"F1740" -> "e741"
	"Term1742" [label="Term1"]
	"T723" -> "Term1742"
	"e743" [label="e"]
	"Term1742" -> "e743"
	"Exp1744" [label="Exp1"]
	"Expression722" -> "Exp1744"
	"e745" [label="e"]
	"Exp1744" -> "e745"
	"Statements746" [label="Statements"]
	"Statements719" -> "Statements746"
	"Statement747" [label="Statement"]
	"Statements746" -> "Statement747"
	"Jump748" [label="Jump"]
	"Statement747" -> "Jump748"
	"goto749" [label="goto",style=filled,fillcolor=powderblue]
	"Jump748" -> "goto749"
	"num750" [label="num",style=filled,fillcolor=powderblue]
	"Jump748" -> "num750"
	"Jump1751" [label="Jump1"]
	"Jump748" -> "Jump1751"
	"if752" [label="if",style=filled,fillcolor=powderblue]
	"Jump1751" -> "if752"
	"Expression753" [label="Expression"]
	"Jump1751" -> "Expression753"
	"T754" [label="T"]
	"Expression753" -> "T754"
	"F755" [label="F"]
	"T754" -> "F755"
	"final756" [label="final"]
	"F755" -> "final756"
	"m757" [label="m",style=filled,fillcolor=powderblue]
	"final756" -> "m757"
	"[758" [label="[",style=filled,fillcolor=powderblue]
	"final756" -> "[758"
	"Expression759" [label="Expression"]
	"final756" -> "Expression759"
	"T760" [label="T"]
	"Expression759" -> "T760"
	"F761" [label="F"]
	"T760" -> "F761"
	"final762" [label="final"]
	"F761" -> "final762"
	"num763" [label="num",style=filled,fillcolor=powderblue]
	"final762" -> "num763"
	"F1764" [label="F1"]
	"F761" -> "F1764"
	"e765" [label="e"]
	"F1764" -> "e765"
	"Term1766" [label="Term1"]
	"T760" -> "Term1766"
	"e767" [label="e"]
	"Term1766" -> "e767"
	"Exp1768" [label="Exp1"]
	"Expression759" -> "Exp1768"
	"e769" [label="e"]
	"Exp1768" -> "e769"
	"]770" [label="]",style=filled,fillcolor=powderblue]
	"final756" -> "]770"
	"F1771" [label="F1"]
	"F755" -> "F1771"
	"e772" [label="e"]
	"F1771" -> "e772"
	"Term1773" [label="Term1"]
	"T754" -> "Term1773"
	"e774" [label="e"]
	"Term1773" -> "e774"
	"Exp1775" [label="Exp1"]
	"Expression753" -> "Exp1775"
	"e776" [label="e"]
	"Exp1775" -> "e776"
	"Statements777" [label="Statements"]
	"Statements746" -> "Statements777"
	"Statement778" [label="Statement"]
	"Statements777" -> "Statement778"
	"print779" [label="print",style=filled,fillcolor=powderblue]
	"Statement778" -> "print779"
	"Expression780" [label="Expression"]
	"Statement778" -> "Expression780"
	"T781" [label="T"]
	"Expression780" -> "T781"
	"F782" [label="F"]
	"T781" -> "F782"
	"final783" [label="final"]
	"F782" -> "final783"
	"m784" [label="m",style=filled,fillcolor=powderblue]
	"final783" -> "m784"
	"[785" [label="[",style=filled,fillcolor=powderblue]
	"final783" -> "[785"
	"Expression786" [label="Expression"]
	"final783" -> "Expression786"
	"T787" [label="T"]
	"Expression786" -> "T787"
	"F788" [label="F"]
	"T787" -> "F788"
	"final789" [label="final"]
	"F788" -> "final789"
	"num790" [label="num",style=filled,fillcolor=powderblue]
	"final789" -> "num790"
	"F1791" [label="F1"]
	"F788" -> "F1791"
	"e792" [label="e"]
	"F1791" -> "e792"
	"Term1793" [label="Term1"]
	"T787" -> "Term1793"
	"e794" [label="e"]
	"Term1793" -> "e794"
	"Exp1795" [label="Exp1"]
	"Expression786" -> "Exp1795"
	"e796" [label="e"]
	"Exp1795" -> "e796"
	"]797" [label="]",style=filled,fillcolor=powderblue]
	"final783" -> "]797"
	"F1798" [label="F1"]
	"F782" -> "F1798"
	"e799" [label="e"]
	"F1798" -> "e799"
	"Term1800" [label="Term1"]
	"T781" -> "Term1800"
	"e801" [label="e"]
	"Term1800" -> "e801"
	"Exp1802" [label="Exp1"]
	"Expression780" -> "Exp1802"
	"e803" [label="e"]
	"Exp1802" -> "e803"
	"Statements804" [label="Statements"]
	"Statements777" -> "Statements804"
	"Statement805" [label="Statement"]
	"Statements804" -> "Statement805"
	"Jump806" [label="Jump"]
	"Statement805" -> "Jump806"
	"goto807" [label="goto",style=filled,fillcolor=powderblue]
	"Jump806" -> "goto807"
	"num808" [label="num",style=filled,fillcolor=powderblue]
	"Jump806" -> "num808"
	"Statements809" [label="Statements"]
	"Statements804" -> "Statements809"
	"Statement810" [label="Statement"]
	"Statements809" -> "Statement810"
	"print811" [label="print",style=filled,fillcolor=powderblue]
	"Statement810" -> "print811"
	"Expression812" [label="Expression"]
	"Statement810" -> "Expression812"
	"T813" [label="T"]
	"Expression812" -> "T813"
	"F814" [label="F"]
	"T813" -> "F814"
	"final815" [label="final"]
	"F814" -> "final815"
	"m816" [label="m",style=filled,fillcolor=powderblue]
	"final815" -> "m816"
	"[817" [label="[",style=filled,fillcolor=powderblue]
	"final815" -> "[817"
	"Expression818" [label="Expression"]
	"final815" -> "Expression818"
	"T819" [label="T"]
	"Expression818" -> "T819"
	"F820" [label="F"]
	"T819" -> "F820"
	"final821" [label="final"]
	"F820" -> "final821"
	"num822" [label="num",style=filled,fillcolor=powderblue]
	"final821" -> "num822"
	"F1823" [label="F1"]
	"F820" -> "F1823"
	"e824" [label="e"]
	"F1823" -> "e824"
	"Term1825" [label="Term1"]
	"T819" -> "Term1825"
	"e826" [label="e"]
	"Term1825" -> "e826"
	"Exp1827" [label="Exp1"]
	"Expression818" -> "Exp1827"
	"e828" [label="e"]
	"Exp1827" -> "e828"
	"]829" [label="]",style=filled,fillcolor=powderblue]
	"final815" -> "]829"
	"F1830" [label="F1"]
	"F814" -> "F1830"
	"e831" [label="e"]
	"F1830" -> "e831"
	"Term1832" [label="Term1"]
	"T813" -> "Term1832"
	"e833" [label="e"]
	"Term1832" -> "e833"
	"Exp1834" [label="Exp1"]
	"Expression812" -> "Exp1834"
	"e835" [label="e"]
	"Exp1834" -> "e835"
	"Statements836" [label="Statements"]
	"Statements809" -> "Statements836"
	"Statement837" [label="Statement"]
	"Statements836" -> "Statement837"
	"L838" [label="L",style=filled,fillcolor=powderblue]
	"Statement837" -> "L838"
	"num839" [label="num",style=filled,fillcolor=powderblue]
	"Statement837" -> "num839"
	":840" [label=":",style=filled,fillcolor=powderblue]
	"Statement837" -> ":840"
	"Statements841" [label="Statements"]
	"Statements836" -> "Statements841"
	"Statement842" [label="Statement"]
	"Statements841" -> "Statement842"
	"print843" [label="print",style=filled,fillcolor=powderblue]
	"Statement842" -> "print843"
	"Expression844" [label="Expression"]
	"Statement842" -> "Expression844"
	"T845" [label="T"]
	"Expression844" -> "T845"
	"F846" [label="F"]
	"T845" -> "F846"
	"final847" [label="final"]
	"F846" -> "final847"
	"m848" [label="m",style=filled,fillcolor=powderblue]
	"final847" -> "m848"
	"[849" [label="[",style=filled,fillcolor=powderblue]
	"final847" -> "[849"
	"Expression850" [label="Expression"]
	"final847" -> "Expression850"
	"T851" [label="T"]
	"Expression850" -> "T851"
	"F852" [label="F"]
	"T851" -> "F852"
	"final853" [label="final"]
	"F852" -> "final853"
	"num854" [label="num",style=filled,fillcolor=powderblue]
	"final853" -> "num854"
	"F1855" [label="F1"]
	"F852" -> "F1855"
	"e856" [label="e"]
	"F1855" -> "e856"
	"Term1857" [label="Term1"]
	"T851" -> "Term1857"
	"e858" [label="e"]
	"Term1857" -> "e858"
	"Exp1859" [label="Exp1"]
	"Expression850" -> "Exp1859"
	"e860" [label="e"]
	"Exp1859" -> "e860"
	"]861" [label="]",style=filled,fillcolor=powderblue]
	"final847" -> "]861"
	"F1862" [label="F1"]
	"F846" -> "F1862"
	"e863" [label="e"]
	"F1862" -> "e863"
	"Term1864" [label="Term1"]
	"T845" -> "Term1864"
	"e865" [label="e"]
	"Term1864" -> "e865"
	"Exp1866" [label="Exp1"]
	"Expression844" -> "Exp1866"
	"e867" [label="e"]
	"Exp1866" -> "e867"
	"Statements868" [label="Statements"]
	"Statements841" -> "Statements868"
	"Statement869" [label="Statement"]
	"Statements868" -> "Statement869"
	"m870" [label="m",style=filled,fillcolor=powderblue]
	"Statement869" -> "m870"
	"[871" [label="[",style=filled,fillcolor=powderblue]
	"Statement869" -> "[871"
	"Expression872" [label="Expression"]
	"Statement869" -> "Expression872"
	"T873" [label="T"]
	"Expression872" -> "T873"
	"F874" [label="F"]
	"T873" -> "F874"
	"final875" [label="final"]
	"F874" -> "final875"
	"num876" [label="num",style=filled,fillcolor=powderblue]
	"final875" -> "num876"
	"F1877" [label="F1"]
	"F874" -> "F1877"
	"e878" [label="e"]
	"F1877" -> "e878"
	"Term1879" [label="Term1"]
	"T873" -> "Term1879"
	"e880" [label="e"]
	"Term1879" -> "e880"
	"Exp1881" [label="Exp1"]
	"Expression872" -> "Exp1881"
	"e882" [label="e"]
	"Exp1881" -> "e882"
	"]883" [label="]",style=filled,fillcolor=powderblue]
	"Statement869" -> "]883"
	"=884" [label="=",style=filled,fillcolor=powderblue]
	"Statement869" -> "=884"
	"Expression885" [label="Expression"]
	"Statement869" -> "Expression885"
	"T886" [label="T"]
	"Expression885" -> "T886"
	"F887" [label="F"]
	"T886" -> "F887"
	"final888" [label="final"]
	"F887" -> "final888"
	"num889" [label="num",style=filled,fillcolor=powderblue]
	"final888" -> "num889"
	"F1890" [label="F1"]
	"F887" -> "F1890"
	"e891" [label="e"]
	"F1890" -> "e891"
	"Term1892" [label="Term1"]
	"T886" -> "Term1892"
	"/893" [label="/",style=filled,fillcolor=powderblue]
	"Term1892" -> "/893"
	"F894" [label="F"]
	"Term1892" -> "F894"
	"final895" [label="final"]
	"F894" -> "final895"
	"num896" [label="num",style=filled,fillcolor=powderblue]
	"final895" -> "num896"
	"F1897" [label="F1"]
	"F894" -> "F1897"
	"e898" [label="e"]
	"F1897" -> "e898"
	"Term1899" [label="Term1"]
	"Term1892" -> "Term1899"
	"*900" [label="*",style=filled,fillcolor=powderblue]
	"Term1899" -> "*900"
	"F901" [label="F"]
	"Term1899" -> "F901"
	"final902" [label="final"]
	"F901" -> "final902"
	"num903" [label="num",style=filled,fillcolor=powderblue]
	"final902" -> "num903"
	"F1904" [label="F1"]
	"F901" -> "F1904"
	"e905" [label="e"]
	"F1904" -> "e905"
	"Term1906" [label="Term1"]
	"Term1899" -> "Term1906"
	"e907" [label="e"]
	"Term1906" -> "e907"
	"e908" [label="e"]
	"Term1899" -> "e908"
	"e909" [label="e"]
	"Term1892" -> "e909"
	"Exp1910" [label="Exp1"]
	"Expression885" -> "Exp1910"
	"e911" [label="e"]
	"Exp1910" -> "e911"
	"Statements912" [label="Statements"]
	"Statements868" -> "Statements912"
	"Statement913" [label="Statement"]
	"Statements912" -> "Statement913"
	"m914" [label="m",style=filled,fillcolor=powderblue]
	"Statement913" -> "m914"
	"[915" [label="[",style=filled,fillcolor=powderblue]
	"Statement913" -> "[915"
	"Expression916" [label="Expression"]
	"Statement913" -> "Expression916"
	"T917" [label="T"]
	"Expression916" -> "T917"
	"F918" [label="F"]
	"T917" -> "F918"
	"final919" [label="final"]
	"F918" -> "final919"
	"num920" [label="num",style=filled,fillcolor=powderblue]
	"final919" -> "num920"
	"F1921" [label="F1"]
	"F918" -> "F1921"
	"e922" [label="e"]
	"F1921" -> "e922"
	"Term1923" [label="Term1"]
	"T917" -> "Term1923"
	"e924" [label="e"]
	"Term1923" -> "e924"
	"Exp1925" [label="Exp1"]
	"Expression916" -> "Exp1925"
	"e926" [label="e"]
	"Exp1925" -> "e926"
	"]927" [label="]",style=filled,fillcolor=powderblue]
	"Statement913" -> "]927"
	"=928" [label="=",style=filled,fillcolor=powderblue]
	"Statement913" -> "=928"
	"Expression929" [label="Expression"]
	"Statement913" -> "Expression929"
	"T930" [label="T"]
	"Expression929" -> "T930"
	"F931" [label="F"]
	"T930" -> "F931"
	"final932" [label="final"]
	"F931" -> "final932"
	"num933" [label="num",style=filled,fillcolor=powderblue]
	"final932" -> "num933"
	"F1934" [label="F1"]
	"F931" -> "F1934"
	"e935" [label="e"]
	"F1934" -> "e935"
	"Term1936" [label="Term1"]
	"T930" -> "Term1936"
	"e937" [label="e"]
	"Term1936" -> "e937"
	"Exp1938" [label="Exp1"]
	"Expression929" -> "Exp1938"
	"+939" [label="+",style=filled,fillcolor=powderblue]
	"Exp1938" -> "+939"
	"T940" [label="T"]
	"Exp1938" -> "T940"
	"F941" [label="F"]
	"T940" -> "F941"
	"final942" [label="final"]
	"F941" -> "final942"
	"num943" [label="num",style=filled,fillcolor=powderblue]
	"final942" -> "num943"
	"F1944" [label="F1"]
	"F941" -> "F1944"
	"e945" [label="e"]
	"F1944" -> "e945"
	"Term1946" [label="Term1"]
	"T940" -> "Term1946"
	"e947" [label="e"]
	"Term1946" -> "e947"
	"Exp1948" [label="Exp1"]
	"Exp1938" -> "Exp1948"
	"e949" [label="e"]
	"Exp1948" -> "e949"
	"e950" [label="e"]
	"Exp1938" -> "e950"
	"Statements951" [label="Statements"]
	"Statements912" -> "Statements951"
	"Statement952" [label="Statement"]
	"Statements951" -> "Statement952"
	"m953" [label="m",style=filled,fillcolor=powderblue]
	"Statement952" -> "m953"
	"[954" [label="[",style=filled,fillcolor=powderblue]
	"Statement952" -> "[954"
	"Expression955" [label="Expression"]
	"Statement952" -> "Expression955"
	"T956" [label="T"]
	"Expression955" -> "T956"
	"F957" [label="F"]
	"T956" -> "F957"
	"final958" [label="final"]
	"F957" -> "final958"
	"num959" [label="num",style=filled,fillcolor=powderblue]
	"final958" -> "num959"
	"F1960" [label="F1"]
	"F957" -> "F1960"
	"e961" [label="e"]
	"F1960" -> "e961"
	"Term1962" [label="Term1"]
	"T956" -> "Term1962"
	"e963" [label="e"]
	"Term1962" -> "e963"
	"Exp1964" [label="Exp1"]
	"Expression955" -> "Exp1964"
	"e965" [label="e"]
	"Exp1964" -> "e965"
	"]966" [label="]",style=filled,fillcolor=powderblue]
	"Statement952" -> "]966"
	"=967" [label="=",style=filled,fillcolor=powderblue]
	"Statement952" -> "=967"
	"Expression968" [label="Expression"]
	"Statement952" -> "Expression968"
	"T969" [label="T"]
	"Expression968" -> "T969"
	"F970" [label="F"]
	"T969" -> "F970"
	"final971" [label="final"]
	"F970" -> "final971"
	"num972" [label="num",style=filled,fillcolor=powderblue]
	"final971" -> "num972"
	"F1973" [label="F1"]
	"F970" -> "F1973"
	"e974" [label="e"]
	"F1973" -> "e974"
	"Term1975" [label="Term1"]
	"T969" -> "Term1975"
	"e976" [label="e"]
	"Term1975" -> "e976"
	"Exp1977" [label="Exp1"]
	"Expression968" -> "Exp1977"
	"-978" [label="-",style=filled,fillcolor=powderblue]
	"Exp1977" -> "-978"
	"T979" [label="T"]
	"Exp1977" -> "T979"
	"F980" [label="F"]
	"T979" -> "F980"
	"final981" [label="final"]
	"F980" -> "final981"
	"(982" [label="(",style=filled,fillcolor=powderblue]
	"final981" -> "(982"
	"Expression983" [label="Expression"]
	"final981" -> "Expression983"
	"T984" [label="T"]
	"Expression983" -> "T984"
	"F985" [label="F"]
	"T984" -> "F985"
	"final986" [label="final"]
	"F985" -> "final986"
	"m987" [label="m",style=filled,fillcolor=powderblue]
	"final986" -> "m987"
	"[988" [label="[",style=filled,fillcolor=powderblue]
	"final986" -> "[988"
	"Expression989" [label="Expression"]
	"final986" -> "Expression989"
	"T990" [label="T"]
	"Expression989" -> "T990"
	"F991" [label="F"]
	"T990" -> "F991"
	"final992" [label="final"]
	"F991" -> "final992"
	"num993" [label="num",style=filled,fillcolor=powderblue]
	"final992" -> "num993"
	"F1994" [label="F1"]
	"F991" -> "F1994"
	"e995" [label="e"]
	"F1994" -> "e995"
	"Term1996" [label="Term1"]
	"T990" -> "Term1996"
	"e997" [label="e"]
	"Term1996" -> "e997"
	"Exp1998" [label="Exp1"]
	"Expression989" -> "Exp1998"
	"e999" [label="e"]
	"Exp1998" -> "e999"
	"]1000" [label="]",style=filled,fillcolor=powderblue]
	"final986" -> "]1000"
	"F11001" [label="F1"]
	"F985" -> "F11001"
	"e1002" [label="e"]
	"F11001" -> "e1002"
	"Term11003" [label="Term1"]
	"T984" -> "Term11003"
	"e1004" [label="e"]
	"Term11003" -> "e1004"
	"Exp11005" [label="Exp1"]
	"Expression983" -> "Exp11005"
	"-1006" [label="-",style=filled,fillcolor=powderblue]
	"Exp11005" -> "-1006"
	"T1007" [label="T"]
	"Exp11005" -> "T1007"
	"F1008" [label="F"]
	"T1007" -> "F1008"
	"final1009" [label="final"]
	"F1008" -> "final1009"
	"num1010" [label="num",style=filled,fillcolor=powderblue]
	"final1009" -> "num1010"
	"F11011" [label="F1"]
	"F1008" -> "F11011"
	"e1012" [label="e"]
	"F11011" -> "e1012"
	"Term11013" [label="Term1"]
	"T1007" -> "Term11013"
	"e1014" [label="e"]
	"Term11013" -> "e1014"
	"Exp11015" [label="Exp1"]
	"Exp11005" -> "Exp11015"
	"e1016" [label="e"]
	"Exp11015" -> "e1016"
	"e1017" [label="e"]
	"Exp11005" -> "e1017"
	")1018" [label=")",style=filled,fillcolor=powderblue]
	"final981" -> ")1018"
	"F11019" [label="F1"]
	"F980" -> "F11019"
	"e1020" [label="e"]
	"F11019" -> "e1020"
	"Term11021" [label="Term1"]
	"T979" -> "Term11021"
	"e1022" [label="e"]
	"Term11021" -> "e1022"
	"Exp11023" [label="Exp1"]
	"Exp1977" -> "Exp11023"
	"e1024" [label="e"]
	"Exp11023" -> "e1024"
	"e1025" [label="e"]
	"Exp1977" -> "e1025"
	"Statements1026" [label="Statements"]
	"Statements951" -> "Statements1026"
	"Statement1027" [label="Statement"]
	"Statements1026" -> "Statement1027"
	"m1028" [label="m",style=filled,fillcolor=powderblue]
	"Statement1027" -> "m1028"
	"[1029" [label="[",style=filled,fillcolor=powderblue]
	"Statement1027" -> "[1029"
	"Expression1030" [label="Expression"]
	"Statement1027" -> "Expression1030"
	"T1031" [label="T"]
	"Expression1030" -> "T1031"
	"F1032" [label="F"]
	"T1031" -> "F1032"
	"final1033" [label="final"]
	"F1032" -> "final1033"
	"num1034" [label="num",style=filled,fillcolor=powderblue]
	"final1033" -> "num1034"
	"F11035" [label="F1"]
	"F1032" -> "F11035"
	"e1036" [label="e"]
	"F11035" -> "e1036"
	"Term11037" [label="Term1"]
	"T1031" -> "Term11037"
	"e1038" [label="e"]
	"Term11037" -> "e1038"
	"Exp11039" [label="Exp1"]
	"Expression1030" -> "Exp11039"
	"e1040" [label="e"]
	"Exp11039" -> "e1040"
	"]1041" [label="]",style=filled,fillcolor=powderblue]
	"Statement1027" -> "]1041"
	"=1042" [label="=",style=filled,fillcolor=powderblue]
	"Statement1027" -> "=1042"
	"Expression1043" [label="Expression"]
	"Statement1027" -> "Expression1043"
	"T1044" [label="T"]
	"Expression1043" -> "T1044"
	"F1045" [label="F"]
	"T1044" -> "F1045"
	"final1046" [label="final"]
	"F1045" -> "final1046"
	"num1047" [label="num",style=filled,fillcolor=powderblue]
	"final1046" -> "num1047"
	"F11048" [label="F1"]
	"F1045" -> "F11048"
	"e1049" [label="e"]
	"F11048" -> "e1049"
	"Term11050" [label="Term1"]
	"T1044" -> "Term11050"
	"/1051" [label="/",style=filled,fillcolor=powderblue]
	"Term11050" -> "/1051"
	"F1052" [label="F"]
	"Term11050" -> "F1052"
	"final1053" [label="final"]
	"F1052" -> "final1053"
	"num1054" [label="num",style=filled,fillcolor=powderblue]
	"final1053" -> "num1054"
	"F11055" [label="F1"]
	"F1052" -> "F11055"
	"e1056" [label="e"]
	"F11055" -> "e1056"
	"Term11057" [label="Term1"]
	"Term11050" -> "Term11057"
	"*1058" [label="*",style=filled,fillcolor=powderblue]
	"Term11057" -> "*1058"
	"F1059" [label="F"]
	"Term11057" -> "F1059"
	"final1060" [label="final"]
	"F1059" -> "final1060"
	"num1061" [label="num",style=filled,fillcolor=powderblue]
	"final1060" -> "num1061"
	"F11062" [label="F1"]
	"F1059" -> "F11062"
	"e1063" [label="e"]
	"F11062" -> "e1063"
	"Term11064" [label="Term1"]
	"Term11057" -> "Term11064"
	"e1065" [label="e"]
	"Term11064" -> "e1065"
	"e1066" [label="e"]
	"Term11057" -> "e1066"
	"e1067" [label="e"]
	"Term11050" -> "e1067"
	"Exp11068" [label="Exp1"]
	"Expression1043" -> "Exp11068"
	"e1069" [label="e"]
	"Exp11068" -> "e1069"
	"Statements1070" [label="Statements"]
	"Statements1026" -> "Statements1070"
	"Statement1071" [label="Statement"]
	"Statements1070" -> "Statement1071"
	"m1072" [label="m",style=filled,fillcolor=powderblue]
	"Statement1071" -> "m1072"
	"[1073" [label="[",style=filled,fillcolor=powderblue]
	"Statement1071" -> "[1073"
	"Expression1074" [label="Expression"]
	"Statement1071" -> "Expression1074"
	"T1075" [label="T"]
	"Expression1074" -> "T1075"
	"F1076" [label="F"]
	"T1075" -> "F1076"
	"final1077" [label="final"]
	"F1076" -> "final1077"
	"num1078" [label="num",style=filled,fillcolor=powderblue]
	"final1077" -> "num1078"
	"F11079" [label="F1"]
	"F1076" -> "F11079"
	"e1080" [label="e"]
	"F11079" -> "e1080"
	"Term11081" [label="Term1"]
	"T1075" -> "Term11081"
	"e1082" [label="e"]
	"Term11081" -> "e1082"
	"Exp11083" [label="Exp1"]
	"Expression1074" -> "Exp11083"
	"e1084" [label="e"]
	"Exp11083" -> "e1084"
	"]1085" [label="]",style=filled,fillcolor=powderblue]
	"Statement1071" -> "]1085"
	"=1086" [label="=",style=filled,fillcolor=powderblue]
	"Statement1071" -> "=1086"
	"Expression1087" [label="Expression"]
	"Statement1071" -> "Expression1087"
	"T1088" [label="T"]
	"Expression1087" -> "T1088"
	"F1089" [label="F"]
	"T1088" -> "F1089"
	"final1090" [label="final"]
	"F1089" -> "final1090"
	"num1091" [label="num",style=filled,fillcolor=powderblue]
	"final1090" -> "num1091"
	"F11092" [label="F1"]
	"F1089" -> "F11092"
	"e1093" [label="e"]
	"F11092" -> "e1093"
	"Term11094" [label="Term1"]
	"T1088" -> "Term11094"
	"e1095" [label="e"]
	"Term11094" -> "e1095"
	"Exp11096" [label="Exp1"]
	"Expression1087" -> "Exp11096"
	"+1097" [label="+",style=filled,fillcolor=powderblue]
	"Exp11096" -> "+1097"
	"T1098" [label="T"]
	"Exp11096" -> "T1098"
	"F1099" [label="F"]
	"T1098" -> "F1099"
	"final1100" [label="final"]
	"F1099" -> "final1100"
	"m1101" [label="m",style=filled,fillcolor=powderblue]
	"final1100" -> "m1101"
	"[1102" [label="[",style=filled,fillcolor=powderblue]
	"final1100" -> "[1102"
	"Expression1103" [label="Expression"]
	"final1100" -> "Expression1103"
	"T1104" [label="T"]
	"Expression1103" -> "T1104"
	"F1105" [label="F"]
	"T1104" -> "F1105"
	"final1106" [label="final"]
	"F1105" -> "final1106"
	"num1107" [label="num",style=filled,fillcolor=powderblue]
	"final1106" -> "num1107"
	"F11108" [label="F1"]
	"F1105" -> "F11108"
	"e1109" [label="e"]
	"F11108" -> "e1109"
	"Term11110" [label="Term1"]
	"T1104" -> "Term11110"
	"e1111" [label="e"]
	"Term11110" -> "e1111"
	"Exp11112" [label="Exp1"]
	"Expression1103" -> "Exp11112"
	"e1113" [label="e"]
	"Exp11112" -> "e1113"
	"]1114" [label="]",style=filled,fillcolor=powderblue]
	"final1100" -> "]1114"
	"F11115" [label="F1"]
	"F1099" -> "F11115"
	"e1116" [label="e"]
	"F11115" -> "e1116"
	"Term11117" [label="Term1"]
	"T1098" -> "Term11117"
	"e1118" [label="e"]
	"Term11117" -> "e1118"
	"Exp11119" [label="Exp1"]
	"Exp11096" -> "Exp11119"
	"e1120" [label="e"]
	"Exp11119" -> "e1120"
	"e1121" [label="e"]
	"Exp11096" -> "e1121"
	"Statements1122" [label="Statements"]
	"Statements1070" -> "Statements1122"
	"Statement1123" [label="Statement"]
	"Statements1122" -> "Statement1123"
	"m1124" [label="m",style=filled,fillcolor=powderblue]
	"Statement1123" -> "m1124"
	"[1125" [label="[",style=filled,fillcolor=powderblue]
	"Statement1123" -> "[1125"
	"Expression1126" [label="Expression"]
	"Statement1123" -> "Expression1126"
	"T1127" [label="T"]
	"Expression1126" -> "T1127"
	"F1128" [label="F"]
	"T1127" -> "F1128"
	"final1129" [label="final"]
	"F1128" -> "final1129"
	"num1130" [label="num",style=filled,fillcolor=powderblue]
	"final1129" -> "num1130"
	"F11131" [label="F1"]
	"F1128" -> "F11131"
	"e1132" [label="e"]
	"F11131" -> "e1132"
	"Term11133" [label="Term1"]
	"T1127" -> "Term11133"
	"e1134" [label="e"]
	"Term11133" -> "e1134"
	"Exp11135" [label="Exp1"]
	"Expression1126" -> "Exp11135"
	"e1136" [label="e"]
	"Exp11135" -> "e1136"
	"]1137" [label="]",style=filled,fillcolor=powderblue]
	"Statement1123" -> "]1137"
	"=1138" [label="=",style=filled,fillcolor=powderblue]
	"Statement1123" -> "=1138"
	"Expression1139" [label="Expression"]
	"Statement1123" -> "Expression1139"
	"T1140" [label="T"]
	"Expression1139" -> "T1140"
	"F1141" [label="F"]
	"T1140" -> "F1141"
	"final1142" [label="final"]
	"F1141" -> "final1142"
	"num1143" [label="num",style=filled,fillcolor=powderblue]
	"final1142" -> "num1143"
	"F11144" [label="F1"]
	"F1141" -> "F11144"
	"e1145" [label="e"]
	"F11144" -> "e1145"
	"Term11146" [label="Term1"]
	"T1140" -> "Term11146"
	"e1147" [label="e"]
	"Term11146" -> "e1147"
	"Exp11148" [label="Exp1"]
	"Expression1139" -> "Exp11148"
	"-1149" [label="-",style=filled,fillcolor=powderblue]
	"Exp11148" -> "-1149"
	"T1150" [label="T"]
	"Exp11148" -> "T1150"
	"F1151" [label="F"]
	"T1150" -> "F1151"
	"final1152" [label="final"]
	"F1151" -> "final1152"
	"m1153" [label="m",style=filled,fillcolor=powderblue]
	"final1152" -> "m1153"
	"[1154" [label="[",style=filled,fillcolor=powderblue]
	"final1152" -> "[1154"
	"Expression1155" [label="Expression"]
	"final1152" -> "Expression1155"
	"T1156" [label="T"]
	"Expression1155" -> "T1156"
	"F1157" [label="F"]
	"T1156" -> "F1157"
	"final1158" [label="final"]
	"F1157" -> "final1158"
	"num1159" [label="num",style=filled,fillcolor=powderblue]
	"final1158" -> "num1159"
	"F11160" [label="F1"]
	"F1157" -> "F11160"
	"e1161" [label="e"]
	"F11160" -> "e1161"
	"Term11162" [label="Term1"]
	"T1156" -> "Term11162"
	"e1163" [label="e"]
	"Term11162" -> "e1163"
	"Exp11164" [label="Exp1"]
	"Expression1155" -> "Exp11164"
	"-1165" [label="-",style=filled,fillcolor=powderblue]
	"Exp11164" -> "-1165"
	"T1166" [label="T"]
	"Exp11164" -> "T1166"
	"F1167" [label="F"]
	"T1166" -> "F1167"
	"final1168" [label="final"]
	"F1167" -> "final1168"
	"num1169" [label="num",style=filled,fillcolor=powderblue]
	"final1168" -> "num1169"
	"F11170" [label="F1"]
	"F1167" -> "F11170"
	"e1171" [label="e"]
	"F11170" -> "e1171"
	"Term11172" [label="Term1"]
	"T1166" -> "Term11172"
	"e1173" [label="e"]
	"Term11172" -> "e1173"
	"Exp11174" [label="Exp1"]
	"Exp11164" -> "Exp11174"
	"e1175" [label="e"]
	"Exp11174" -> "e1175"
	"e1176" [label="e"]
	"Exp11164" -> "e1176"
	"]1177" [label="]",style=filled,fillcolor=powderblue]
	"final1152" -> "]1177"
	"F11178" [label="F1"]
	"F1151" -> "F11178"
	"e1179" [label="e"]
	"F11178" -> "e1179"
	"Term11180" [label="Term1"]
	"T1150" -> "Term11180"
	"e1181" [label="e"]
	"Term11180" -> "e1181"
	"Exp11182" [label="Exp1"]
	"Exp11148" -> "Exp11182"
	"e1183" [label="e"]
	"Exp11182" -> "e1183"
	"e1184" [label="e"]
	"Exp11148" -> "e1184"
	"Statements1185" [label="Statements"]
	"Statements1122" -> "Statements1185"
	"e1186" [label="e"]
	"Statements1185" -> "e1186"
};
