digraph G {
	"Start1" [label="Start"]
	"Statements2" [label="Statements"]
	"Start1" -> "Statements2"
	"Statement3" [label="Statement"]
	"Statements2" -> "Statement3"
	"m4" [label="m",style=filled,fillcolor=powderblue]
	"Statement3" -> "m4"
	"[5" [label="[",style=filled,fillcolor=powderblue]
	"Statement3" -> "[5"
	"Expression6" [label="Expression"]
	"Statement3" -> "Expression6"
	"T7" [label="T"]
	"Expression6" -> "T7"
	"F8" [label="F"]
	"T7" -> "F8"
	"final9" [label="final"]
	"F8" -> "final9"
	"num10" [label="num",style=filled,fillcolor=powderblue]
	"final9" -> "num10"
	"F111" [label="F1"]
	"F8" -> "F111"
	"e12" [label="e"]
	"F111" -> "e12"
	"Term113" [label="Term1"]
	"T7" -> "Term113"
	"e14" [label="e"]
	"Term113" -> "e14"
	"Exp115" [label="Exp1"]
	"Expression6" -> "Exp115"
	"e16" [label="e"]
	"Exp115" -> "e16"
	"]17" [label="]",style=filled,fillcolor=powderblue]
	"Statement3" -> "]17"
	"=18" [label="=",style=filled,fillcolor=powderblue]
	"Statement3" -> "=18"
	"Expression19" [label="Expression"]
	"Statement3" -> "Expression19"
	"T20" [label="T"]
	"Expression19" -> "T20"
	"F21" [label="F"]
	"T20" -> "F21"
	"final22" [label="final"]
	"F21" -> "final22"
	"num23" [label="num",style=filled,fillcolor=powderblue]
	"final22" -> "num23"
	"F124" [label="F1"]
	"F21" -> "F124"
	"e25" [label="e"]
	"F124" -> "e25"
	"Term126" [label="Term1"]
	"T20" -> "Term126"
	"e27" [label="e"]
	"Term126" -> "e27"
	"Exp128" [label="Exp1"]
	"Expression19" -> "Exp128"
	"+29" [label="+",style=filled,fillcolor=powderblue]
	"Exp128" -> "+29"
	"T30" [label="T"]
	"Exp128" -> "T30"
	"F31" [label="F"]
	"T30" -> "F31"
	"final32" [label="final"]
	"F31" -> "final32"
	"num33" [label="num",style=filled,fillcolor=powderblue]
	"final32" -> "num33"
	"F134" [label="F1"]
	"F31" -> "F134"
	"e35" [label="e"]
	"F134" -> "e35"
	"Term136" [label="Term1"]
	"T30" -> "Term136"
	"e37" [label="e"]
	"Term136" -> "e37"
	"Exp138" [label="Exp1"]
	"Exp128" -> "Exp138"
	"e39" [label="e"]
	"Exp138" -> "e39"
	"e40" [label="e"]
	"Exp128" -> "e40"
	"Statements41" [label="Statements"]
	"Statements2" -> "Statements41"
	"Statement42" [label="Statement"]
	"Statements41" -> "Statement42"
	"m43" [label="m",style=filled,fillcolor=powderblue]
	"Statement42" -> "m43"
	"[44" [label="[",style=filled,fillcolor=powderblue]
	"Statement42" -> "[44"
	"Expression45" [label="Expression"]
	"Statement42" -> "Expression45"
	"T46" [label="T"]
	"Expression45" -> "T46"
	"F47" [label="F"]
	"T46" -> "F47"
	"final48" [label="final"]
	"F47" -> "final48"
	"num49" [label="num",style=filled,fillcolor=powderblue]
	"final48" -> "num49"
	"F150" [label="F1"]
	"F47" -> "F150"
	"e51" [label="e"]
	"F150" -> "e51"
	"Term152" [label="Term1"]
	"T46" -> "Term152"
	"e53" [label="e"]
	"Term152" -> "e53"
	"Exp154" [label="Exp1"]
	"Expression45" -> "Exp154"
	"e55" [label="e"]
	"Exp154" -> "e55"
	"]56" [label="]",style=filled,fillcolor=powderblue]
	"Statement42" -> "]56"
	"=57" [label="=",style=filled,fillcolor=powderblue]
	"Statement42" -> "=57"
	"Expression58" [label="Expression"]
	"Statement42" -> "Expression58"
	"T59" [label="T"]
	"Expression58" -> "T59"
	"F60" [label="F"]
	"T59" -> "F60"
	"final61" [label="final"]
	"F60" -> "final61"
	"num62" [label="num",style=filled,fillcolor=powderblue]
	"final61" -> "num62"
	"F163" [label="F1"]
	"F60" -> "F163"
	"e64" [label="e"]
	"F163" -> "e64"
	"Term165" [label="Term1"]
	"T59" -> "Term165"
	"e66" [label="e"]
	"Term165" -> "e66"
	"Exp167" [label="Exp1"]
	"Expression58" -> "Exp167"
	"-68" [label="-",style=filled,fillcolor=powderblue]
	"Exp167" -> "-68"
	"T69" [label="T"]
	"Exp167" -> "T69"
	"F70" [label="F"]
	"T69" -> "F70"
	"final71" [label="final"]
	"F70" -> "final71"
	"(72" [label="(",style=filled,fillcolor=powderblue]
	"final71" -> "(72"
	"Expression73" [label="Expression"]
	"final71" -> "Expression73"
	"T74" [label="T"]
	"Expression73" -> "T74"
	"F75" [label="F"]
	"T74" -> "F75"
	"final76" [label="final"]
	"F75" -> "final76"
	"m77" [label="m",style=filled,fillcolor=powderblue]
	"final76" -> "m77"
	"[78" [label="[",style=filled,fillcolor=powderblue]
	"final76" -> "[78"
	"Expression79" [label="Expression"]
	"final76" -> "Expression79"
	"T80" [label="T"]
	"Expression79" -> "T80"
	"F81" [label="F"]
	"T80" -> "F81"
	"final82" [label="final"]
	"F81" -> "final82"
	"num83" [label="num",style=filled,fillcolor=powderblue]
	"final82" -> "num83"
	"F184" [label="F1"]
	"F81" -> "F184"
	"e85" [label="e"]
	"F184" -> "e85"
	"Term186" [label="Term1"]
	"T80" -> "Term186"
	"e87" [label="e"]
	"Term186" -> "e87"
	"Exp188" [label="Exp1"]
	"Expression79" -> "Exp188"
	"e89" [label="e"]
	"Exp188" -> "e89"
	"]90" [label="]",style=filled,fillcolor=powderblue]
	"final76" -> "]90"
	"F191" [label="F1"]
	"F75" -> "F191"
	"e92" [label="e"]
	"F191" -> "e92"
	"Term193" [label="Term1"]
	"T74" -> "Term193"
	"e94" [label="e"]
	"Term193" -> "e94"
	"Exp195" [label="Exp1"]
	"Expression73" -> "Exp195"
	"-96" [label="-",style=filled,fillcolor=powderblue]
	"Exp195" -> "-96"
	"T97" [label="T"]
	"Exp195" -> "T97"
	"F98" [label="F"]
	"T97" -> "F98"
	"final99" [label="final"]
	"F98" -> "final99"
	"num100" [label="num",style=filled,fillcolor=powderblue]
	"final99" -> "num100"
	"F1101" [label="F1"]
	"F98" -> "F1101"
	"e102" [label="e"]
	"F1101" -> "e102"
	"Term1103" [label="Term1"]
	"T97" -> "Term1103"
	"e104" [label="e"]
	"Term1103" -> "e104"
	"Exp1105" [label="Exp1"]
	"Exp195" -> "Exp1105"
	"e106" [label="e"]
	"Exp1105" -> "e106"
	"e107" [label="e"]
	"Exp195" -> "e107"
	")108" [label=")",style=filled,fillcolor=powderblue]
	"final71" -> ")108"
	"F1109" [label="F1"]
	"F70" -> "F1109"
	"e110" [label="e"]
	"F1109" -> "e110"
	"Term1111" [label="Term1"]
	"T69" -> "Term1111"
	"e112" [label="e"]
	"Term1111" -> "e112"
	"Exp1113" [label="Exp1"]
	"Exp167" -> "Exp1113"
	"e114" [label="e"]
	"Exp1113" -> "e114"
	"e115" [label="e"]
	"Exp167" -> "e115"
	"Statements116" [label="Statements"]
	"Statements41" -> "Statements116"
	"Statement117" [label="Statement"]
	"Statements116" -> "Statement117"
	"m118" [label="m",style=filled,fillcolor=powderblue]
	"Statement117" -> "m118"
	"[119" [label="[",style=filled,fillcolor=powderblue]
	"Statement117" -> "[119"
	"Expression120" [label="Expression"]
	"Statement117" -> "Expression120"
	"T121" [label="T"]
	"Expression120" -> "T121"
	"F122" [label="F"]
	"T121" -> "F122"
	"final123" [label="final"]
	"F122" -> "final123"
	"num124" [label="num",style=filled,fillcolor=powderblue]
	"final123" -> "num124"
	"F1125" [label="F1"]
	"F122" -> "F1125"
	"e126" [label="e"]
	"F1125" -> "e126"
	"Term1127" [label="Term1"]
	"T121" -> "Term1127"
	"e128" [label="e"]
	"Term1127" -> "e128"
	"Exp1129" [label="Exp1"]
	"Expression120" -> "Exp1129"
	"e130" [label="e"]
	"Exp1129" -> "e130"
	"]131" [label="]",style=filled,fillcolor=powderblue]
	"Statement117" -> "]131"
	"=132" [label="=",style=filled,fillcolor=powderblue]
	"Statement117" -> "=132"
	"Expression133" [label="Expression"]
	"Statement117" -> "Expression133"
	"T134" [label="T"]
	"Expression133" -> "T134"
	"F135" [label="F"]
	"T134" -> "F135"
	"final136" [label="final"]
	"F135" -> "final136"
	"num137" [label="num",style=filled,fillcolor=powderblue]
	"final136" -> "num137"
	"F1138" [label="F1"]
	"F135" -> "F1138"
	"e139" [label="e"]
	"F1138" -> "e139"
	"Term1140" [label="Term1"]
	"T134" -> "Term1140"
	"e141" [label="e"]
	"Term1140" -> "e141"
	"Exp1142" [label="Exp1"]
	"Expression133" -> "Exp1142"
	"+143" [label="+",style=filled,fillcolor=powderblue]
	"Exp1142" -> "+143"
	"T144" [label="T"]
	"Exp1142" -> "T144"
	"F145" [label="F"]
	"T144" -> "F145"
	"final146" [label="final"]
	"F145" -> "final146"
	"m147" [label="m",style=filled,fillcolor=powderblue]
	"final146" -> "m147"
	"[148" [label="[",style=filled,fillcolor=powderblue]
	"final146" -> "[148"
	"Expression149" [label="Expression"]
	"final146" -> "Expression149"
	"T150" [label="T"]
	"Expression149" -> "T150"
	"F151" [label="F"]
	"T150" -> "F151"
	"final152" [label="final"]
	"F151" -> "final152"
	"num153" [label="num",style=filled,fillcolor=powderblue]
	"final152" -> "num153"
	"F1154" [label="F1"]
	"F151" -> "F1154"
	"e155" [label="e"]
	"F1154" -> "e155"
	"Term1156" [label="Term1"]
	"T150" -> "Term1156"
	"e157" [label="e"]
	"Term1156" -> "e157"
	"Exp1158" [label="Exp1"]
	"Expression149" -> "Exp1158"
	"e159" [label="e"]
	"Exp1158" -> "e159"
	"]160" [label="]",style=filled,fillcolor=powderblue]
	"final146" -> "]160"
	"F1161" [label="F1"]
	"F145" -> "F1161"
	"e162" [label="e"]
	"F1161" -> "e162"
	"Term1163" [label="Term1"]
	"T144" -> "Term1163"
	"e164" [label="e"]
	"Term1163" -> "e164"
	"Exp1165" [label="Exp1"]
	"Exp1142" -> "Exp1165"
	"e166" [label="e"]
	"Exp1165" -> "e166"
	"e167" [label="e"]
	"Exp1142" -> "e167"
	"Statements168" [label="Statements"]
	"Statements116" -> "Statements168"
	"Statement169" [label="Statement"]
	"Statements168" -> "Statement169"
	"m170" [label="m",style=filled,fillcolor=powderblue]
	"Statement169" -> "m170"
	"[171" [label="[",style=filled,fillcolor=powderblue]
	"Statement169" -> "[171"
	"Expression172" [label="Expression"]
	"Statement169" -> "Expression172"
	"T173" [label="T"]
	"Expression172" -> "T173"
	"F174" [label="F"]
	"T173" -> "F174"
	"final175" [label="final"]
	"F174" -> "final175"
	"num176" [label="num",style=filled,fillcolor=powderblue]
	"final175" -> "num176"
	"F1177" [label="F1"]
	"F174" -> "F1177"
	"e178" [label="e"]
	"F1177" -> "e178"
	"Term1179" [label="Term1"]
	"T173" -> "Term1179"
	"e180" [label="e"]
	"Term1179" -> "e180"
	"Exp1181" [label="Exp1"]
	"Expression172" -> "Exp1181"
	"e182" [label="e"]
	"Exp1181" -> "e182"
	"]183" [label="]",style=filled,fillcolor=powderblue]
	"Statement169" -> "]183"
	"=184" [label="=",style=filled,fillcolor=powderblue]
	"Statement169" -> "=184"
	"Expression185" [label="Expression"]
	"Statement169" -> "Expression185"
	"T186" [label="T"]
	"Expression185" -> "T186"
	"F187" [label="F"]
	"T186" -> "F187"
	"final188" [label="final"]
	"F187" -> "final188"
	"num189" [label="num",style=filled,fillcolor=powderblue]
	"final188" -> "num189"
	"F1190" [label="F1"]
	"F187" -> "F1190"
	"e191" [label="e"]
	"F1190" -> "e191"
	"Term1192" [label="Term1"]
	"T186" -> "Term1192"
	"e193" [label="e"]
	"Term1192" -> "e193"
	"Exp1194" [label="Exp1"]
	"Expression185" -> "Exp1194"
	"-195" [label="-",style=filled,fillcolor=powderblue]
	"Exp1194" -> "-195"
	"T196" [label="T"]
	"Exp1194" -> "T196"
	"F197" [label="F"]
	"T196" -> "F197"
	"final198" [label="final"]
	"F197" -> "final198"
	"m199" [label="m",style=filled,fillcolor=powderblue]
	"final198" -> "m199"
	"[200" [label="[",style=filled,fillcolor=powderblue]
	"final198" -> "[200"
	"Expression201" [label="Expression"]
	"final198" -> "Expression201"
	"T202" [label="T"]
	"Expression201" -> "T202"
	"F203" [label="F"]
	"T202" -> "F203"
	"final204" [label="final"]
	"F203" -> "final204"
	"num205" [label="num",style=filled,fillcolor=powderblue]
	"final204" -> "num205"
	"F1206" [label="F1"]
	"F203" -> "F1206"
	"**207" [label="**",style=filled,fillcolor=powderblue]
	"F1206" -> "**207"
	"final208" [label="final"]
	"F1206" -> "final208"
	"num209" [label="num",style=filled,fillcolor=powderblue]
	"final208" -> "num209"
	"F1210" [label="F1"]
	"F1206" -> "F1210"
	"e211" [label="e"]
	"F1210" -> "e211"
	"e212" [label="e"]
	"F1206" -> "e212"
	"Term1213" [label="Term1"]
	"T202" -> "Term1213"
	"*214" [label="*",style=filled,fillcolor=powderblue]
	"Term1213" -> "*214"
	"F215" [label="F"]
	"Term1213" -> "F215"
	"final216" [label="final"]
	"F215" -> "final216"
	"num217" [label="num",style=filled,fillcolor=powderblue]
	"final216" -> "num217"
	"F1218" [label="F1"]
	"F215" -> "F1218"
	"e219" [label="e"]
	"F1218" -> "e219"
	"Term1220" [label="Term1"]
	"Term1213" -> "Term1220"
	"e221" [label="e"]
	"Term1220" -> "e221"
	"e222" [label="e"]
	"Term1213" -> "e222"
	"Exp1223" [label="Exp1"]
	"Expression201" -> "Exp1223"
	"-224" [label="-",style=filled,fillcolor=powderblue]
	"Exp1223" -> "-224"
	"T225" [label="T"]
	"Exp1223" -> "T225"
	"F226" [label="F"]
	"T225" -> "F226"
	"final227" [label="final"]
	"F226" -> "final227"
	"num228" [label="num",style=filled,fillcolor=powderblue]
	"final227" -> "num228"
	"F1229" [label="F1"]
	"F226" -> "F1229"
	"e230" [label="e"]
	"F1229" -> "e230"
	"Term1231" [label="Term1"]
	"T225" -> "Term1231"
	"e232" [label="e"]
	"Term1231" -> "e232"
	"Exp1233" [label="Exp1"]
	"Exp1223" -> "Exp1233"
	"e234" [label="e"]
	"Exp1233" -> "e234"
	"e235" [label="e"]
	"Exp1223" -> "e235"
	"]236" [label="]",style=filled,fillcolor=powderblue]
	"final198" -> "]236"
	"F1237" [label="F1"]
	"F197" -> "F1237"
	"e238" [label="e"]
	"F1237" -> "e238"
	"Term1239" [label="Term1"]
	"T196" -> "Term1239"
	"e240" [label="e"]
	"Term1239" -> "e240"
	"Exp1241" [label="Exp1"]
	"Exp1194" -> "Exp1241"
	"-242" [label="-",style=filled,fillcolor=powderblue]
	"Exp1241" -> "-242"
	"T243" [label="T"]
	"Exp1241" -> "T243"
	"F244" [label="F"]
	"T243" -> "F244"
	"final245" [label="final"]
	"F244" -> "final245"
	"num246" [label="num",style=filled,fillcolor=powderblue]
	"final245" -> "num246"
	"F1247" [label="F1"]
	"F244" -> "F1247"
	"e248" [label="e"]
	"F1247" -> "e248"
	"Term1249" [label="Term1"]
	"T243" -> "Term1249"
	"e250" [label="e"]
	"Term1249" -> "e250"
	"Exp1251" [label="Exp1"]
	"Exp1241" -> "Exp1251"
	"e252" [label="e"]
	"Exp1251" -> "e252"
	"e253" [label="e"]
	"Exp1241" -> "e253"
	"e254" [label="e"]
	"Exp1194" -> "e254"
	"Statements255" [label="Statements"]
	"Statements168" -> "Statements255"
	"Statement256" [label="Statement"]
	"Statements255" -> "Statement256"
	"L257" [label="L",style=filled,fillcolor=powderblue]
	"Statement256" -> "L257"
	"num258" [label="num",style=filled,fillcolor=powderblue]
	"Statement256" -> "num258"
	":259" [label=":",style=filled,fillcolor=powderblue]
	"Statement256" -> ":259"
	"Statements260" [label="Statements"]
	"Statements255" -> "Statements260"
	"Statement261" [label="Statement"]
	"Statements260" -> "Statement261"
	"m262" [label="m",style=filled,fillcolor=powderblue]
	"Statement261" -> "m262"
	"[263" [label="[",style=filled,fillcolor=powderblue]
	"Statement261" -> "[263"
	"Expression264" [label="Expression"]
	"Statement261" -> "Expression264"
	"T265" [label="T"]
	"Expression264" -> "T265"
	"F266" [label="F"]
	"T265" -> "F266"
	"final267" [label="final"]
	"F266" -> "final267"
	"num268" [label="num",style=filled,fillcolor=powderblue]
	"final267" -> "num268"
	"F1269" [label="F1"]
	"F266" -> "F1269"
	"e270" [label="e"]
	"F1269" -> "e270"
	"Term1271" [label="Term1"]
	"T265" -> "Term1271"
	"e272" [label="e"]
	"Term1271" -> "e272"
	"Exp1273" [label="Exp1"]
	"Expression264" -> "Exp1273"
	"e274" [label="e"]
	"Exp1273" -> "e274"
	"]275" [label="]",style=filled,fillcolor=powderblue]
	"Statement261" -> "]275"
	"=276" [label="=",style=filled,fillcolor=powderblue]
	"Statement261" -> "=276"
	"Expression277" [label="Expression"]
	"Statement261" -> "Expression277"
	"T278" [label="T"]
	"Expression277" -> "T278"
	"F279" [label="F"]
	"T278" -> "F279"
	"final280" [label="final"]
	"F279" -> "final280"
	"num281" [label="num",style=filled,fillcolor=powderblue]
	"final280" -> "num281"
	"F1282" [label="F1"]
	"F279" -> "F1282"
	"e283" [label="e"]
	"F1282" -> "e283"
	"Term1284" [label="Term1"]
	"T278" -> "Term1284"
	"e285" [label="e"]
	"Term1284" -> "e285"
	"Exp1286" [label="Exp1"]
	"Expression277" -> "Exp1286"
	"-287" [label="-",style=filled,fillcolor=powderblue]
	"Exp1286" -> "-287"
	"T288" [label="T"]
	"Exp1286" -> "T288"
	"F289" [label="F"]
	"T288" -> "F289"
	"final290" [label="final"]
	"F289" -> "final290"
	"(291" [label="(",style=filled,fillcolor=powderblue]
	"final290" -> "(291"
	"Expression292" [label="Expression"]
	"final290" -> "Expression292"
	"T293" [label="T"]
	"Expression292" -> "T293"
	"F294" [label="F"]
	"T293" -> "F294"
	"final295" [label="final"]
	"F294" -> "final295"
	"m296" [label="m",style=filled,fillcolor=powderblue]
	"final295" -> "m296"
	"[297" [label="[",style=filled,fillcolor=powderblue]
	"final295" -> "[297"
	"Expression298" [label="Expression"]
	"final295" -> "Expression298"
	"T299" [label="T"]
	"Expression298" -> "T299"
	"F300" [label="F"]
	"T299" -> "F300"
	"final301" [label="final"]
	"F300" -> "final301"
	"num302" [label="num",style=filled,fillcolor=powderblue]
	"final301" -> "num302"
	"F1303" [label="F1"]
	"F300" -> "F1303"
	"e304" [label="e"]
	"F1303" -> "e304"
	"Term1305" [label="Term1"]
	"T299" -> "Term1305"
	"e306" [label="e"]
	"Term1305" -> "e306"
	"Exp1307" [label="Exp1"]
	"Expression298" -> "Exp1307"
	"e308" [label="e"]
	"Exp1307" -> "e308"
	"]309" [label="]",style=filled,fillcolor=powderblue]
	"final295" -> "]309"
	"F1310" [label="F1"]
	"F294" -> "F1310"
	"e311" [label="e"]
	"F1310" -> "e311"
	"Term1312" [label="Term1"]
	"T293" -> "Term1312"
	"e313" [label="e"]
	"Term1312" -> "e313"
	"Exp1314" [label="Exp1"]
	"Expression292" -> "Exp1314"
	"-315" [label="-",style=filled,fillcolor=powderblue]
	"Exp1314" -> "-315"
	"T316" [label="T"]
	"Exp1314" -> "T316"
	"F317" [label="F"]
	"T316" -> "F317"
	"final318" [label="final"]
	"F317" -> "final318"
	"num319" [label="num",style=filled,fillcolor=powderblue]
	"final318" -> "num319"
	"F1320" [label="F1"]
	"F317" -> "F1320"
	"e321" [label="e"]
	"F1320" -> "e321"
	"Term1322" [label="Term1"]
	"T316" -> "Term1322"
	"e323" [label="e"]
	"Term1322" -> "e323"
	"Exp1324" [label="Exp1"]
	"Exp1314" -> "Exp1324"
	"e325" [label="e"]
	"Exp1324" -> "e325"
	"e326" [label="e"]
	"Exp1314" -> "e326"
	")327" [label=")",style=filled,fillcolor=powderblue]
	"final290" -> ")327"
	"F1328" [label="F1"]
	"F289" -> "F1328"
	"e329" [label="e"]
	"F1328" -> "e329"
	"Term1330" [label="Term1"]
	"T288" -> "Term1330"
	"e331" [label="e"]
	"Term1330" -> "e331"
	"Exp1332" [label="Exp1"]
	"Exp1286" -> "Exp1332"
	"e333" [label="e"]
	"Exp1332" -> "e333"
	"e334" [label="e"]
	"Exp1286" -> "e334"
	"Statements335" [label="Statements"]
	"Statements260" -> "Statements335"
	"Statement336" [label="Statement"]
	"Statements335" -> "Statement336"
	"m337" [label="m",style=filled,fillcolor=powderblue]
	"Statement336" -> "m337"
	"[338" [label="[",style=filled,fillcolor=powderblue]
	"Statement336" -> "[338"
	"Expression339" [label="Expression"]
	"Statement336" -> "Expression339"
	"T340" [label="T"]
	"Expression339" -> "T340"
	"F341" [label="F"]
	"T340" -> "F341"
	"final342" [label="final"]
	"F341" -> "final342"
	"num343" [label="num",style=filled,fillcolor=powderblue]
	"final342" -> "num343"
	"F1344" [label="F1"]
	"F341" -> "F1344"
	"e345" [label="e"]
	"F1344" -> "e345"
	"Term1346" [label="Term1"]
	"T340" -> "Term1346"
	"e347" [label="e"]
	"Term1346" -> "e347"
	"Exp1348" [label="Exp1"]
	"Expression339" -> "Exp1348"
	"e349" [label="e"]
	"Exp1348" -> "e349"
	"]350" [label="]",style=filled,fillcolor=powderblue]
	"Statement336" -> "]350"
	"=351" [label="=",style=filled,fillcolor=powderblue]
	"Statement336" -> "=351"
	"Expression352" [label="Expression"]
	"Statement336" -> "Expression352"
	"T353" [label="T"]
	"Expression352" -> "T353"
	"F354" [label="F"]
	"T353" -> "F354"
	"final355" [label="final"]
	"F354" -> "final355"
	"num356" [label="num",style=filled,fillcolor=powderblue]
	"final355" -> "num356"
	"F1357" [label="F1"]
	"F354" -> "F1357"
	"e358" [label="e"]
	"F1357" -> "e358"
	"Term1359" [label="Term1"]
	"T353" -> "Term1359"
	"/360" [label="/",style=filled,fillcolor=powderblue]
	"Term1359" -> "/360"
	"F361" [label="F"]
	"Term1359" -> "F361"
	"final362" [label="final"]
	"F361" -> "final362"
	"num363" [label="num",style=filled,fillcolor=powderblue]
	"final362" -> "num363"
	"F1364" [label="F1"]
	"F361" -> "F1364"
	"e365" [label="e"]
	"F1364" -> "e365"
	"Term1366" [label="Term1"]
	"Term1359" -> "Term1366"
	"*367" [label="*",style=filled,fillcolor=powderblue]
	"Term1366" -> "*367"
	"F368" [label="F"]
	"Term1366" -> "F368"
	"final369" [label="final"]
	"F368" -> "final369"
	"num370" [label="num",style=filled,fillcolor=powderblue]
	"final369" -> "num370"
	"F1371" [label="F1"]
	"F368" -> "F1371"
	"e372" [label="e"]
	"F1371" -> "e372"
	"Term1373" [label="Term1"]
	"Term1366" -> "Term1373"
	"e374" [label="e"]
	"Term1373" -> "e374"
	"e375" [label="e"]
	"Term1366" -> "e375"
	"e376" [label="e"]
	"Term1359" -> "e376"
	"Exp1377" [label="Exp1"]
	"Expression352" -> "Exp1377"
	"e378" [label="e"]
	"Exp1377" -> "e378"
	"Statements379" [label="Statements"]
	"Statements335" -> "Statements379"
	"Statement380" [label="Statement"]
	"Statements379" -> "Statement380"
	"m381" [label="m",style=filled,fillcolor=powderblue]
	"Statement380" -> "m381"
	"[382" [label="[",style=filled,fillcolor=powderblue]
	"Statement380" -> "[382"
	"Expression383" [label="Expression"]
	"Statement380" -> "Expression383"
	"T384" [label="T"]
	"Expression383" -> "T384"
	"F385" [label="F"]
	"T384" -> "F385"
	"final386" [label="final"]
	"F385" -> "final386"
	"num387" [label="num",style=filled,fillcolor=powderblue]
	"final386" -> "num387"
	"F1388" [label="F1"]
	"F385" -> "F1388"
	"e389" [label="e"]
	"F1388" -> "e389"
	"Term1390" [label="Term1"]
	"T384" -> "Term1390"
	"e391" [label="e"]
	"Term1390" -> "e391"
	"Exp1392" [label="Exp1"]
	"Expression383" -> "Exp1392"
	"e393" [label="e"]
	"Exp1392" -> "e393"
	"]394" [label="]",style=filled,fillcolor=powderblue]
	"Statement380" -> "]394"
	"=395" [label="=",style=filled,fillcolor=powderblue]
	"Statement380" -> "=395"
	"Expression396" [label="Expression"]
	"Statement380" -> "Expression396"
	"T397" [label="T"]
	"Expression396" -> "T397"
	"F398" [label="F"]
	"T397" -> "F398"
	"final399" [label="final"]
	"F398" -> "final399"
	"num400" [label="num",style=filled,fillcolor=powderblue]
	"final399" -> "num400"
	"F1401" [label="F1"]
	"F398" -> "F1401"
	"e402" [label="e"]
	"F1401" -> "e402"
	"Term1403" [label="Term1"]
	"T397" -> "Term1403"
	"/404" [label="/",style=filled,fillcolor=powderblue]
	"Term1403" -> "/404"
	"F405" [label="F"]
	"Term1403" -> "F405"
	"final406" [label="final"]
	"F405" -> "final406"
	"num407" [label="num",style=filled,fillcolor=powderblue]
	"final406" -> "num407"
	"F1408" [label="F1"]
	"F405" -> "F1408"
	"e409" [label="e"]
	"F1408" -> "e409"
	"Term1410" [label="Term1"]
	"Term1403" -> "Term1410"
	"*411" [label="*",style=filled,fillcolor=powderblue]
	"Term1410" -> "*411"
	"F412" [label="F"]
	"Term1410" -> "F412"
	"final413" [label="final"]
	"F412" -> "final413"
	"num414" [label="num",style=filled,fillcolor=powderblue]
	"final413" -> "num414"
	"F1415" [label="F1"]
	"F412" -> "F1415"
	"e416" [label="e"]
	"F1415" -> "e416"
	"Term1417" [label="Term1"]
	"Term1410" -> "Term1417"
	"e418" [label="e"]
	"Term1417" -> "e418"
	"e419" [label="e"]
	"Term1410" -> "e419"
	"e420" [label="e"]
	"Term1403" -> "e420"
	"Exp1421" [label="Exp1"]
	"Expression396" -> "Exp1421"
	"e422" [label="e"]
	"Exp1421" -> "e422"
	"Statements423" [label="Statements"]
	"Statements379" -> "Statements423"
	"Statement424" [label="Statement"]
	"Statements423" -> "Statement424"
	"Jump425" [label="Jump"]
	"Statement424" -> "Jump425"
	"goto426" [label="goto",style=filled,fillcolor=powderblue]
	"Jump425" -> "goto426"
	"num427" [label="num",style=filled,fillcolor=powderblue]
	"Jump425" -> "num427"
	"Statements428" [label="Statements"]
	"Statements423" -> "Statements428"
	"Statement429" [label="Statement"]
	"Statements428" -> "Statement429"
	"m430" [label="m",style=filled,fillcolor=powderblue]
	"Statement429" -> "m430"
	"[431" [label="[",style=filled,fillcolor=powderblue]
	"Statement429" -> "[431"
	"Expression432" [label="Expression"]
	"Statement429" -> "Expression432"
	"T433" [label="T"]
	"Expression432" -> "T433"
	"F434" [label="F"]
	"T433" -> "F434"
	"final435" [label="final"]
	"F434" -> "final435"
	"num436" [label="num",style=filled,fillcolor=powderblue]
	"final435" -> "num436"
	"F1437" [label="F1"]
	"F434" -> "F1437"
	"e438" [label="e"]
	"F1437" -> "e438"
	"Term1439" [label="Term1"]
	"T433" -> "Term1439"
	"e440" [label="e"]
	"Term1439" -> "e440"
	"Exp1441" [label="Exp1"]
	"Expression432" -> "Exp1441"
	"e442" [label="e"]
	"Exp1441" -> "e442"
	"]443" [label="]",style=filled,fillcolor=powderblue]
	"Statement429" -> "]443"
	"=444" [label="=",style=filled,fillcolor=powderblue]
	"Statement429" -> "=444"
	"Expression445" [label="Expression"]
	"Statement429" -> "Expression445"
	"T446" [label="T"]
	"Expression445" -> "T446"
	"F447" [label="F"]
	"T446" -> "F447"
	"final448" [label="final"]
	"F447" -> "final448"
	"num449" [label="num",style=filled,fillcolor=powderblue]
	"final448" -> "num449"
	"F1450" [label="F1"]
	"F447" -> "F1450"
	"e451" [label="e"]
	"F1450" -> "e451"
	"Term1452" [label="Term1"]
	"T446" -> "Term1452"
	"e453" [label="e"]
	"Term1452" -> "e453"
	"Exp1454" [label="Exp1"]
	"Expression445" -> "Exp1454"
	"+455" [label="+",style=filled,fillcolor=powderblue]
	"Exp1454" -> "+455"
	"T456" [label="T"]
	"Exp1454" -> "T456"
	"F457" [label="F"]
	"T456" -> "F457"
	"final458" [label="final"]
	"F457" -> "final458"
	"m459" [label="m",style=filled,fillcolor=powderblue]
	"final458" -> "m459"
	"[460" [label="[",style=filled,fillcolor=powderblue]
	"final458" -> "[460"
	"Expression461" [label="Expression"]
	"final458" -> "Expression461"
	"T462" [label="T"]
	"Expression461" -> "T462"
	"F463" [label="F"]
	"T462" -> "F463"
	"final464" [label="final"]
	"F463" -> "final464"
	"num465" [label="num",style=filled,fillcolor=powderblue]
	"final464" -> "num465"
	"F1466" [label="F1"]
	"F463" -> "F1466"
	"e467" [label="e"]
	"F1466" -> "e467"
	"Term1468" [label="Term1"]
	"T462" -> "Term1468"
	"e469" [label="e"]
	"Term1468" -> "e469"
	"Exp1470" [label="Exp1"]
	"Expression461" -> "Exp1470"
	"e471" [label="e"]
	"Exp1470" -> "e471"
	"]472" [label="]",style=filled,fillcolor=powderblue]
	"final458" -> "]472"
	"F1473" [label="F1"]
	"F457" -> "F1473"
	"e474" [label="e"]
	"F1473" -> "e474"
	"Term1475" [label="Term1"]
	"T456" -> "Term1475"
	"e476" [label="e"]
	"Term1475" -> "e476"
	"Exp1477" [label="Exp1"]
	"Exp1454" -> "Exp1477"
	"e478" [label="e"]
	"Exp1477" -> "e478"
	"e479" [label="e"]
	"Exp1454" -> "e479"
	"Statements480" [label="Statements"]
	"Statements428" -> "Statements480"
	"Statement481" [label="Statement"]
	"Statements480" -> "Statement481"
	"m482" [label="m",style=filled,fillcolor=powderblue]
	"Statement481" -> "m482"
	"[483" [label="[",style=filled,fillcolor=powderblue]
	"Statement481" -> "[483"
	"Expression484" [label="Expression"]
	"Statement481" -> "Expression484"
	"T485" [label="T"]
	"Expression484" -> "T485"
	"F486" [label="F"]
	"T485" -> "F486"
	"final487" [label="final"]
	"F486" -> "final487"
	"num488" [label="num",style=filled,fillcolor=powderblue]
	"final487" -> "num488"
	"F1489" [label="F1"]
	"F486" -> "F1489"
	"e490" [label="e"]
	"F1489" -> "e490"
	"Term1491" [label="Term1"]
	"T485" -> "Term1491"
	"e492" [label="e"]
	"Term1491" -> "e492"
	"Exp1493" [label="Exp1"]
	"Expression484" -> "Exp1493"
	"e494" [label="e"]
	"Exp1493" -> "e494"
	"]495" [label="]",style=filled,fillcolor=powderblue]
	"Statement481" -> "]495"
	"=496" [label="=",style=filled,fillcolor=powderblue]
	"Statement481" -> "=496"
	"Expression497" [label="Expression"]
	"Statement481" -> "Expression497"
	"T498" [label="T"]
	"Expression497" -> "T498"
	"F499" [label="F"]
	"T498" -> "F499"
	"final500" [label="final"]
	"F499" -> "final500"
	"num501" [label="num",style=filled,fillcolor=powderblue]
	"final500" -> "num501"
	"F1502" [label="F1"]
	"F499" -> "F1502"
	"e503" [label="e"]
	"F1502" -> "e503"
	"Term1504" [label="Term1"]
	"T498" -> "Term1504"
	"e505" [label="e"]
	"Term1504" -> "e505"
	"Exp1506" [label="Exp1"]
	"Expression497" -> "Exp1506"
	"-507" [label="-",style=filled,fillcolor=powderblue]
	"Exp1506" -> "-507"
	"T508" [label="T"]
	"Exp1506" -> "T508"
	"F509" [label="F"]
	"T508" -> "F509"
	"final510" [label="final"]
	"F509" -> "final510"
	"m511" [label="m",style=filled,fillcolor=powderblue]
	"final510" -> "m511"
	"[512" [label="[",style=filled,fillcolor=powderblue]
	"final510" -> "[512"
	"Expression513" [label="Expression"]
	"final510" -> "Expression513"
	"T514" [label="T"]
	"Expression513" -> "T514"
	"F515" [label="F"]
	"T514" -> "F515"
	"final516" [label="final"]
	"F515" -> "final516"
	"num517" [label="num",style=filled,fillcolor=powderblue]
	"final516" -> "num517"
	"F1518" [label="F1"]
	"F515" -> "F1518"
	"**519" [label="**",style=filled,fillcolor=powderblue]
	"F1518" -> "**519"
	"final520" [label="final"]
	"F1518" -> "final520"
	"num521" [label="num",style=filled,fillcolor=powderblue]
	"final520" -> "num521"
	"F1522" [label="F1"]
	"F1518" -> "F1522"
	"e523" [label="e"]
	"F1522" -> "e523"
	"e524" [label="e"]
	"F1518" -> "e524"
	"Term1525" [label="Term1"]
	"T514" -> "Term1525"
	"*526" [label="*",style=filled,fillcolor=powderblue]
	"Term1525" -> "*526"
	"F527" [label="F"]
	"Term1525" -> "F527"
	"final528" [label="final"]
	"F527" -> "final528"
	"num529" [label="num",style=filled,fillcolor=powderblue]
	"final528" -> "num529"
	"F1530" [label="F1"]
	"F527" -> "F1530"
	"e531" [label="e"]
	"F1530" -> "e531"
	"Term1532" [label="Term1"]
	"Term1525" -> "Term1532"
	"e533" [label="e"]
	"Term1532" -> "e533"
	"e534" [label="e"]
	"Term1525" -> "e534"
	"Exp1535" [label="Exp1"]
	"Expression513" -> "Exp1535"
	"-536" [label="-",style=filled,fillcolor=powderblue]
	"Exp1535" -> "-536"
	"T537" [label="T"]
	"Exp1535" -> "T537"
	"F538" [label="F"]
	"T537" -> "F538"
	"final539" [label="final"]
	"F538" -> "final539"
	"num540" [label="num",style=filled,fillcolor=powderblue]
	"final539" -> "num540"
	"F1541" [label="F1"]
	"F538" -> "F1541"
	"e542" [label="e"]
	"F1541" -> "e542"
	"Term1543" [label="Term1"]
	"T537" -> "Term1543"
	"e544" [label="e"]
	"Term1543" -> "e544"
	"Exp1545" [label="Exp1"]
	"Exp1535" -> "Exp1545"
	"e546" [label="e"]
	"Exp1545" -> "e546"
	"e547" [label="e"]
	"Exp1535" -> "e547"
	"]548" [label="]",style=filled,fillcolor=powderblue]
	"final510" -> "]548"
	"F1549" [label="F1"]
	"F509" -> "F1549"
	"e550" [label="e"]
	"F1549" -> "e550"
	"Term1551" [label="Term1"]
	"T508" -> "Term1551"
	"e552" [label="e"]
	"Term1551" -> "e552"
	"Exp1553" [label="Exp1"]
	"Exp1506" -> "Exp1553"
	"-554" [label="-",style=filled,fillcolor=powderblue]
	"Exp1553" -> "-554"
	"T555" [label="T"]
	"Exp1553" -> "T555"
	"F556" [label="F"]
	"T555" -> "F556"
	"final557" [label="final"]
	"F556" -> "final557"
	"num558" [label="num",style=filled,fillcolor=powderblue]
	"final557" -> "num558"
	"F1559" [label="F1"]
	"F556" -> "F1559"
	"e560" [label="e"]
	"F1559" -> "e560"
	"Term1561" [label="Term1"]
	"T555" -> "Term1561"
	"e562" [label="e"]
	"Term1561" -> "e562"
	"Exp1563" [label="Exp1"]
	"Exp1553" -> "Exp1563"
	"e564" [label="e"]
	"Exp1563" -> "e564"
	"e565" [label="e"]
	"Exp1553" -> "e565"
	"e566" [label="e"]
	"Exp1506" -> "e566"
	"Statements567" [label="Statements"]
	"Statements480" -> "Statements567"
	"Statement568" [label="Statement"]
	"Statements567" -> "Statement568"
	"L569" [label="L",style=filled,fillcolor=powderblue]
	"Statement568" -> "L569"
	"num570" [label="num",style=filled,fillcolor=powderblue]
	"Statement568" -> "num570"
	":571" [label=":",style=filled,fillcolor=powderblue]
	"Statement568" -> ":571"
	"Statements572" [label="Statements"]
	"Statements567" -> "Statements572"
	"Statement573" [label="Statement"]
	"Statements572" -> "Statement573"
	"m574" [label="m",style=filled,fillcolor=powderblue]
	"Statement573" -> "m574"
	"[575" [label="[",style=filled,fillcolor=powderblue]
	"Statement573" -> "[575"
	"Expression576" [label="Expression"]
	"Statement573" -> "Expression576"
	"T577" [label="T"]
	"Expression576" -> "T577"
	"F578" [label="F"]
	"T577" -> "F578"
	"final579" [label="final"]
	"F578" -> "final579"
	"num580" [label="num",style=filled,fillcolor=powderblue]
	"final579" -> "num580"
	"F1581" [label="F1"]
	"F578" -> "F1581"
	"e582" [label="e"]
	"F1581" -> "e582"
	"Term1583" [label="Term1"]
	"T577" -> "Term1583"
	"e584" [label="e"]
	"Term1583" -> "e584"
	"Exp1585" [label="Exp1"]
	"Expression576" -> "Exp1585"
	"e586" [label="e"]
	"Exp1585" -> "e586"
	"]587" [label="]",style=filled,fillcolor=powderblue]
	"Statement573" -> "]587"
	"=588" [label="=",style=filled,fillcolor=powderblue]
	"Statement573" -> "=588"
	"Expression589" [label="Expression"]
	"Statement573" -> "Expression589"
	"T590" [label="T"]
	"Expression589" -> "T590"
	"F591" [label="F"]
	"T590" -> "F591"
	"final592" [label="final"]
	"F591" -> "final592"
	"num593" [label="num",style=filled,fillcolor=powderblue]
	"final592" -> "num593"
	"F1594" [label="F1"]
	"F591" -> "F1594"
	"e595" [label="e"]
	"F1594" -> "e595"
	"Term1596" [label="Term1"]
	"T590" -> "Term1596"
	"e597" [label="e"]
	"Term1596" -> "e597"
	"Exp1598" [label="Exp1"]
	"Expression589" -> "Exp1598"
	"-599" [label="-",style=filled,fillcolor=powderblue]
	"Exp1598" -> "-599"
	"T600" [label="T"]
	"Exp1598" -> "T600"
	"F601" [label="F"]
	"T600" -> "F601"
	"final602" [label="final"]
	"F601" -> "final602"
	"(603" [label="(",style=filled,fillcolor=powderblue]
	"final602" -> "(603"
	"Expression604" [label="Expression"]
	"final602" -> "Expression604"
	"T605" [label="T"]
	"Expression604" -> "T605"
	"F606" [label="F"]
	"T605" -> "F606"
	"final607" [label="final"]
	"F606" -> "final607"
	"m608" [label="m",style=filled,fillcolor=powderblue]
	"final607" -> "m608"
	"[609" [label="[",style=filled,fillcolor=powderblue]
	"final607" -> "[609"
	"Expression610" [label="Expression"]
	"final607" -> "Expression610"
	"T611" [label="T"]
	"Expression610" -> "T611"
	"F612" [label="F"]
	"T611" -> "F612"
	"final613" [label="final"]
	"F612" -> "final613"
	"num614" [label="num",style=filled,fillcolor=powderblue]
	"final613" -> "num614"
	"F1615" [label="F1"]
	"F612" -> "F1615"
	"e616" [label="e"]
	"F1615" -> "e616"
	"Term1617" [label="Term1"]
	"T611" -> "Term1617"
	"e618" [label="e"]
	"Term1617" -> "e618"
	"Exp1619" [label="Exp1"]
	"Expression610" -> "Exp1619"
	"e620" [label="e"]
	"Exp1619" -> "e620"
	"]621" [label="]",style=filled,fillcolor=powderblue]
	"final607" -> "]621"
	"F1622" [label="F1"]
	"F606" -> "F1622"
	"e623" [label="e"]
	"F1622" -> "e623"
	"Term1624" [label="Term1"]
	"T605" -> "Term1624"
	"e625" [label="e"]
	"Term1624" -> "e625"
	"Exp1626" [label="Exp1"]
	"Expression604" -> "Exp1626"
	"-627" [label="-",style=filled,fillcolor=powderblue]
	"Exp1626" -> "-627"
	"T628" [label="T"]
	"Exp1626" -> "T628"
	"F629" [label="F"]
	"T628" -> "F629"
	"final630" [label="final"]
	"F629" -> "final630"
	"num631" [label="num",style=filled,fillcolor=powderblue]
	"final630" -> "num631"
	"F1632" [label="F1"]
	"F629" -> "F1632"
	"e633" [label="e"]
	"F1632" -> "e633"
	"Term1634" [label="Term1"]
	"T628" -> "Term1634"
	"e635" [label="e"]
	"Term1634" -> "e635"
	"Exp1636" [label="Exp1"]
	"Exp1626" -> "Exp1636"
	"e637" [label="e"]
	"Exp1636" -> "e637"
	"e638" [label="e"]
	"Exp1626" -> "e638"
	")639" [label=")",style=filled,fillcolor=powderblue]
	"final602" -> ")639"
	"F1640" [label="F1"]
	"F601" -> "F1640"
	"e641" [label="e"]
	"F1640" -> "e641"
	"Term1642" [label="Term1"]
	"T600" -> "Term1642"
	"e643" [label="e"]
	"Term1642" -> "e643"
	"Exp1644" [label="Exp1"]
	"Exp1598" -> "Exp1644"
	"e645" [label="e"]
	"Exp1644" -> "e645"
	"e646" [label="e"]
	"Exp1598" -> "e646"
	"Statements647" [label="Statements"]
	"Statements572" -> "Statements647"
	"Statement648" [label="Statement"]
	"Statements647" -> "Statement648"
	"m649" [label="m",style=filled,fillcolor=powderblue]
	"Statement648" -> "m649"
	"[650" [label="[",style=filled,fillcolor=powderblue]
	"Statement648" -> "[650"
	"Expression651" [label="Expression"]
	"Statement648" -> "Expression651"
	"T652" [label="T"]
	"Expression651" -> "T652"
	"F653" [label="F"]
	"T652" -> "F653"
	"final654" [label="final"]
	"F653" -> "final654"
	"num655" [label="num",style=filled,fillcolor=powderblue]
	"final654" -> "num655"
	"F1656" [label="F1"]
	"F653" -> "F1656"
	"e657" [label="e"]
	"F1656" -> "e657"
	"Term1658" [label="Term1"]
	"T652" -> "Term1658"
	"e659" [label="e"]
	"Term1658" -> "e659"
	"Exp1660" [label="Exp1"]
	"Expression651" -> "Exp1660"
	"e661" [label="e"]
	"Exp1660" -> "e661"
	"]662" [label="]",style=filled,fillcolor=powderblue]
	"Statement648" -> "]662"
	"=663" [label="=",style=filled,fillcolor=powderblue]
	"Statement648" -> "=663"
	"Expression664" [label="Expression"]
	"Statement648" -> "Expression664"
	"T665" [label="T"]
	"Expression664" -> "T665"
	"F666" [label="F"]
	"T665" -> "F666"
	"final667" [label="final"]
	"F666" -> "final667"
	"num668" [label="num",style=filled,fillcolor=powderblue]
	"final667" -> "num668"
	"F1669" [label="F1"]
	"F666" -> "F1669"
	"e670" [label="e"]
	"F1669" -> "e670"
	"Term1671" [label="Term1"]
	"T665" -> "Term1671"
	"/672" [label="/",style=filled,fillcolor=powderblue]
	"Term1671" -> "/672"
	"F673" [label="F"]
	"Term1671" -> "F673"
	"final674" [label="final"]
	"F673" -> "final674"
	"num675" [label="num",style=filled,fillcolor=powderblue]
	"final674" -> "num675"
	"F1676" [label="F1"]
	"F673" -> "F1676"
	"e677" [label="e"]
	"F1676" -> "e677"
	"Term1678" [label="Term1"]
	"Term1671" -> "Term1678"
	"*679" [label="*",style=filled,fillcolor=powderblue]
	"Term1678" -> "*679"
	"F680" [label="F"]
	"Term1678" -> "F680"
	"final681" [label="final"]
	"F680" -> "final681"
	"num682" [label="num",style=filled,fillcolor=powderblue]
	"final681" -> "num682"
	"F1683" [label="F1"]
	"F680" -> "F1683"
	"e684" [label="e"]
	"F1683" -> "e684"
	"Term1685" [label="Term1"]
	"Term1678" -> "Term1685"
	"e686" [label="e"]
	"Term1685" -> "e686"
	"e687" [label="e"]
	"Term1678" -> "e687"
	"e688" [label="e"]
	"Term1671" -> "e688"
	"Exp1689" [label="Exp1"]
	"Expression664" -> "Exp1689"
	"e690" [label="e"]
	"Exp1689" -> "e690"
	"Statements691" [label="Statements"]
	"Statements647" -> "Statements691"
	"Statement692" [label="Statement"]
	"Statements691" -> "Statement692"
	"Jump693" [label="Jump"]
	"Statement692" -> "Jump693"
	"goto694" [label="goto",style=filled,fillcolor=powderblue]
	"Jump693" -> "goto694"
	"num695" [label="num",style=filled,fillcolor=powderblue]
	"Jump693" -> "num695"
	"Statements696" [label="Statements"]
	"Statements691" -> "Statements696"
	"Statement697" [label="Statement"]
	"Statements696" -> "Statement697"
	"m698" [label="m",style=filled,fillcolor=powderblue]
	"Statement697" -> "m698"
	"[699" [label="[",style=filled,fillcolor=powderblue]
	"Statement697" -> "[699"
	"Expression700" [label="Expression"]
	"Statement697" -> "Expression700"
	"T701" [label="T"]
	"Expression700" -> "T701"
	"F702" [label="F"]
	"T701" -> "F702"
	"final703" [label="final"]
	"F702" -> "final703"
	"num704" [label="num",style=filled,fillcolor=powderblue]
	"final703" -> "num704"
	"F1705" [label="F1"]
	"F702" -> "F1705"
	"e706" [label="e"]
	"F1705" -> "e706"
	"Term1707" [label="Term1"]
	"T701" -> "Term1707"
	"e708" [label="e"]
	"Term1707" -> "e708"
	"Exp1709" [label="Exp1"]
	"Expression700" -> "Exp1709"
	"e710" [label="e"]
	"Exp1709" -> "e710"
	"]711" [label="]",style=filled,fillcolor=powderblue]
	"Statement697" -> "]711"
	"=712" [label="=",style=filled,fillcolor=powderblue]
	"Statement697" -> "=712"
	"Expression713" [label="Expression"]
	"Statement697" -> "Expression713"
	"T714" [label="T"]
	"Expression713" -> "T714"
	"F715" [label="F"]
	"T714" -> "F715"
	"final716" [label="final"]
	"F715" -> "final716"
	"num717" [label="num",style=filled,fillcolor=powderblue]
	"final716" -> "num717"
	"F1718" [label="F1"]
	"F715" -> "F1718"
	"e719" [label="e"]
	"F1718" -> "e719"
	"Term1720" [label="Term1"]
	"T714" -> "Term1720"
	"e721" [label="e"]
	"Term1720" -> "e721"
	"Exp1722" [label="Exp1"]
	"Expression713" -> "Exp1722"
	"+723" [label="+",style=filled,fillcolor=powderblue]
	"Exp1722" -> "+723"
	"T724" [label="T"]
	"Exp1722" -> "T724"
	"F725" [label="F"]
	"T724" -> "F725"
	"final726" [label="final"]
	"F725" -> "final726"
	"m727" [label="m",style=filled,fillcolor=powderblue]
	"final726" -> "m727"
	"[728" [label="[",style=filled,fillcolor=powderblue]
	"final726" -> "[728"
	"Expression729" [label="Expression"]
	"final726" -> "Expression729"
	"T730" [label="T"]
	"Expression729" -> "T730"
	"F731" [label="F"]
	"T730" -> "F731"
	"final732" [label="final"]
	"F731" -> "final732"
	"num733" [label="num",style=filled,fillcolor=powderblue]
	"final732" -> "num733"
	"F1734" [label="F1"]
	"F731" -> "F1734"
	"e735" [label="e"]
	"F1734" -> "e735"
	"Term1736" [label="Term1"]
	"T730" -> "Term1736"
	"e737" [label="e"]
	"Term1736" -> "e737"
	"Exp1738" [label="Exp1"]
	"Expression729" -> "Exp1738"
	"e739" [label="e"]
	"Exp1738" -> "e739"
	"]740" [label="]",style=filled,fillcolor=powderblue]
	"final726" -> "]740"
	"F1741" [label="F1"]
	"F725" -> "F1741"
	"e742" [label="e"]
	"F1741" -> "e742"
	"Term1743" [label="Term1"]
	"T724" -> "Term1743"
	"e744" [label="e"]
	"Term1743" -> "e744"
	"Exp1745" [label="Exp1"]
	"Exp1722" -> "Exp1745"
	"e746" [label="e"]
	"Exp1745" -> "e746"
	"e747" [label="e"]
	"Exp1722" -> "e747"
	"Statements748" [label="Statements"]
	"Statements696" -> "Statements748"
	"Statement749" [label="Statement"]
	"Statements748" -> "Statement749"
	"m750" [label="m",style=filled,fillcolor=powderblue]
	"Statement749" -> "m750"
	"[751" [label="[",style=filled,fillcolor=powderblue]
	"Statement749" -> "[751"
	"Expression752" [label="Expression"]
	"Statement749" -> "Expression752"
	"T753" [label="T"]
	"Expression752" -> "T753"
	"F754" [label="F"]
	"T753" -> "F754"
	"final755" [label="final"]
	"F754" -> "final755"
	"num756" [label="num",style=filled,fillcolor=powderblue]
	"final755" -> "num756"
	"F1757" [label="F1"]
	"F754" -> "F1757"
	"e758" [label="e"]
	"F1757" -> "e758"
	"Term1759" [label="Term1"]
	"T753" -> "Term1759"
	"e760" [label="e"]
	"Term1759" -> "e760"
	"Exp1761" [label="Exp1"]
	"Expression752" -> "Exp1761"
	"e762" [label="e"]
	"Exp1761" -> "e762"
	"]763" [label="]",style=filled,fillcolor=powderblue]
	"Statement749" -> "]763"
	"=764" [label="=",style=filled,fillcolor=powderblue]
	"Statement749" -> "=764"
	"Expression765" [label="Expression"]
	"Statement749" -> "Expression765"
	"T766" [label="T"]
	"Expression765" -> "T766"
	"F767" [label="F"]
	"T766" -> "F767"
	"final768" [label="final"]
	"F767" -> "final768"
	"num769" [label="num",style=filled,fillcolor=powderblue]
	"final768" -> "num769"
	"F1770" [label="F1"]
	"F767" -> "F1770"
	"e771" [label="e"]
	"F1770" -> "e771"
	"Term1772" [label="Term1"]
	"T766" -> "Term1772"
	"e773" [label="e"]
	"Term1772" -> "e773"
	"Exp1774" [label="Exp1"]
	"Expression765" -> "Exp1774"
	"-775" [label="-",style=filled,fillcolor=powderblue]
	"Exp1774" -> "-775"
	"T776" [label="T"]
	"Exp1774" -> "T776"
	"F777" [label="F"]
	"T776" -> "F777"
	"final778" [label="final"]
	"F777" -> "final778"
	"m779" [label="m",style=filled,fillcolor=powderblue]
	"final778" -> "m779"
	"[780" [label="[",style=filled,fillcolor=powderblue]
	"final778" -> "[780"
	"Expression781" [label="Expression"]
	"final778" -> "Expression781"
	"T782" [label="T"]
	"Expression781" -> "T782"
	"F783" [label="F"]
	"T782" -> "F783"
	"final784" [label="final"]
	"F783" -> "final784"
	"num785" [label="num",style=filled,fillcolor=powderblue]
	"final784" -> "num785"
	"F1786" [label="F1"]
	"F783" -> "F1786"
	"e787" [label="e"]
	"F1786" -> "e787"
	"Term1788" [label="Term1"]
	"T782" -> "Term1788"
	"e789" [label="e"]
	"Term1788" -> "e789"
	"Exp1790" [label="Exp1"]
	"Expression781" -> "Exp1790"
	"-791" [label="-",style=filled,fillcolor=powderblue]
	"Exp1790" -> "-791"
	"T792" [label="T"]
	"Exp1790" -> "T792"
	"F793" [label="F"]
	"T792" -> "F793"
	"final794" [label="final"]
	"F793" -> "final794"
	"num795" [label="num",style=filled,fillcolor=powderblue]
	"final794" -> "num795"
	"F1796" [label="F1"]
	"F793" -> "F1796"
	"e797" [label="e"]
	"F1796" -> "e797"
	"Term1798" [label="Term1"]
	"T792" -> "Term1798"
	"e799" [label="e"]
	"Term1798" -> "e799"
	"Exp1800" [label="Exp1"]
	"Exp1790" -> "Exp1800"
	"e801" [label="e"]
	"Exp1800" -> "e801"
	"e802" [label="e"]
	"Exp1790" -> "e802"
	"]803" [label="]",style=filled,fillcolor=powderblue]
	"final778" -> "]803"
	"F1804" [label="F1"]
	"F777" -> "F1804"
	"e805" [label="e"]
	"F1804" -> "e805"
	"Term1806" [label="Term1"]
	"T776" -> "Term1806"
	"e807" [label="e"]
	"Term1806" -> "e807"
	"Exp1808" [label="Exp1"]
	"Exp1774" -> "Exp1808"
	"e809" [label="e"]
	"Exp1808" -> "e809"
	"e810" [label="e"]
	"Exp1774" -> "e810"
	"Statements811" [label="Statements"]
	"Statements748" -> "Statements811"
	"Statement812" [label="Statement"]
	"Statements811" -> "Statement812"
	"m813" [label="m",style=filled,fillcolor=powderblue]
	"Statement812" -> "m813"
	"[814" [label="[",style=filled,fillcolor=powderblue]
	"Statement812" -> "[814"
	"Expression815" [label="Expression"]
	"Statement812" -> "Expression815"
	"T816" [label="T"]
	"Expression815" -> "T816"
	"F817" [label="F"]
	"T816" -> "F817"
	"final818" [label="final"]
	"F817" -> "final818"
	"num819" [label="num",style=filled,fillcolor=powderblue]
	"final818" -> "num819"
	"F1820" [label="F1"]
	"F817" -> "F1820"
	"e821" [label="e"]
	"F1820" -> "e821"
	"Term1822" [label="Term1"]
	"T816" -> "Term1822"
	"e823" [label="e"]
	"Term1822" -> "e823"
	"Exp1824" [label="Exp1"]
	"Expression815" -> "Exp1824"
	"e825" [label="e"]
	"Exp1824" -> "e825"
	"]826" [label="]",style=filled,fillcolor=powderblue]
	"Statement812" -> "]826"
	"=827" [label="=",style=filled,fillcolor=powderblue]
	"Statement812" -> "=827"
	"Expression828" [label="Expression"]
	"Statement812" -> "Expression828"
	"T829" [label="T"]
	"Expression828" -> "T829"
	"F830" [label="F"]
	"T829" -> "F830"
	"final831" [label="final"]
	"F830" -> "final831"
	"num832" [label="num",style=filled,fillcolor=powderblue]
	"final831" -> "num832"
	"F1833" [label="F1"]
	"F830" -> "F1833"
	"e834" [label="e"]
	"F1833" -> "e834"
	"Term1835" [label="Term1"]
	"T829" -> "Term1835"
	"e836" [label="e"]
	"Term1835" -> "e836"
	"Exp1837" [label="Exp1"]
	"Expression828" -> "Exp1837"
	"-838" [label="-",style=filled,fillcolor=powderblue]
	"Exp1837" -> "-838"
	"T839" [label="T"]
	"Exp1837" -> "T839"
	"F840" [label="F"]
	"T839" -> "F840"
	"final841" [label="final"]
	"F840" -> "final841"
	"(842" [label="(",style=filled,fillcolor=powderblue]
	"final841" -> "(842"
	"Expression843" [label="Expression"]
	"final841" -> "Expression843"
	"T844" [label="T"]
	"Expression843" -> "T844"
	"F845" [label="F"]
	"T844" -> "F845"
	"final846" [label="final"]
	"F845" -> "final846"
	"num847" [label="num",style=filled,fillcolor=powderblue]
	"final846" -> "num847"
	"F1848" [label="F1"]
	"F845" -> "F1848"
	"e849" [label="e"]
	"F1848" -> "e849"
	"Term1850" [label="Term1"]
	"T844" -> "Term1850"
	"e851" [label="e"]
	"Term1850" -> "e851"
	"Exp1852" [label="Exp1"]
	"Expression843" -> "Exp1852"
	"-853" [label="-",style=filled,fillcolor=powderblue]
	"Exp1852" -> "-853"
	"T854" [label="T"]
	"Exp1852" -> "T854"
	"F855" [label="F"]
	"T854" -> "F855"
	"final856" [label="final"]
	"F855" -> "final856"
	"num857" [label="num",style=filled,fillcolor=powderblue]
	"final856" -> "num857"
	"F1858" [label="F1"]
	"F855" -> "F1858"
	"e859" [label="e"]
	"F1858" -> "e859"
	"Term1860" [label="Term1"]
	"T854" -> "Term1860"
	"e861" [label="e"]
	"Term1860" -> "e861"
	"Exp1862" [label="Exp1"]
	"Exp1852" -> "Exp1862"
	"e863" [label="e"]
	"Exp1862" -> "e863"
	"e864" [label="e"]
	"Exp1852" -> "e864"
	")865" [label=")",style=filled,fillcolor=powderblue]
	"final841" -> ")865"
	"F1866" [label="F1"]
	"F840" -> "F1866"
	"e867" [label="e"]
	"F1866" -> "e867"
	"Term1868" [label="Term1"]
	"T839" -> "Term1868"
	"e869" [label="e"]
	"Term1868" -> "e869"
	"Exp1870" [label="Exp1"]
	"Exp1837" -> "Exp1870"
	"e871" [label="e"]
	"Exp1870" -> "e871"
	"e872" [label="e"]
	"Exp1837" -> "e872"
	"Statements873" [label="Statements"]
	"Statements811" -> "Statements873"
	"Statement874" [label="Statement"]
	"Statements873" -> "Statement874"
	"m875" [label="m",style=filled,fillcolor=powderblue]
	"Statement874" -> "m875"
	"[876" [label="[",style=filled,fillcolor=powderblue]
	"Statement874" -> "[876"
	"Expression877" [label="Expression"]
	"Statement874" -> "Expression877"
	"T878" [label="T"]
	"Expression877" -> "T878"
	"F879" [label="F"]
	"T878" -> "F879"
	"final880" [label="final"]
	"F879" -> "final880"
	"num881" [label="num",style=filled,fillcolor=powderblue]
	"final880" -> "num881"
	"F1882" [label="F1"]
	"F879" -> "F1882"
	"e883" [label="e"]
	"F1882" -> "e883"
	"Term1884" [label="Term1"]
	"T878" -> "Term1884"
	"e885" [label="e"]
	"Term1884" -> "e885"
	"Exp1886" [label="Exp1"]
	"Expression877" -> "Exp1886"
	"e887" [label="e"]
	"Exp1886" -> "e887"
	"]888" [label="]",style=filled,fillcolor=powderblue]
	"Statement874" -> "]888"
	"=889" [label="=",style=filled,fillcolor=powderblue]
	"Statement874" -> "=889"
	"Expression890" [label="Expression"]
	"Statement874" -> "Expression890"
	"T891" [label="T"]
	"Expression890" -> "T891"
	"F892" [label="F"]
	"T891" -> "F892"
	"final893" [label="final"]
	"F892" -> "final893"
	"num894" [label="num",style=filled,fillcolor=powderblue]
	"final893" -> "num894"
	"F1895" [label="F1"]
	"F892" -> "F1895"
	"e896" [label="e"]
	"F1895" -> "e896"
	"Term1897" [label="Term1"]
	"T891" -> "Term1897"
	"e898" [label="e"]
	"Term1897" -> "e898"
	"Exp1899" [label="Exp1"]
	"Expression890" -> "Exp1899"
	"-900" [label="-",style=filled,fillcolor=powderblue]
	"Exp1899" -> "-900"
	"T901" [label="T"]
	"Exp1899" -> "T901"
	"F902" [label="F"]
	"T901" -> "F902"
	"final903" [label="final"]
	"F902" -> "final903"
	"m904" [label="m",style=filled,fillcolor=powderblue]
	"final903" -> "m904"
	"[905" [label="[",style=filled,fillcolor=powderblue]
	"final903" -> "[905"
	"Expression906" [label="Expression"]
	"final903" -> "Expression906"
	"T907" [label="T"]
	"Expression906" -> "T907"
	"F908" [label="F"]
	"T907" -> "F908"
	"final909" [label="final"]
	"F908" -> "final909"
	"(910" [label="(",style=filled,fillcolor=powderblue]
	"final909" -> "(910"
	"Expression911" [label="Expression"]
	"final909" -> "Expression911"
	"T912" [label="T"]
	"Expression911" -> "T912"
	"F913" [label="F"]
	"T912" -> "F913"
	"final914" [label="final"]
	"F913" -> "final914"
	"num915" [label="num",style=filled,fillcolor=powderblue]
	"final914" -> "num915"
	"F1916" [label="F1"]
	"F913" -> "F1916"
	"e917" [label="e"]
	"F1916" -> "e917"
	"Term1918" [label="Term1"]
	"T912" -> "Term1918"
	"e919" [label="e"]
	"Term1918" -> "e919"
	"Exp1920" [label="Exp1"]
	"Expression911" -> "Exp1920"
	"-921" [label="-",style=filled,fillcolor=powderblue]
	"Exp1920" -> "-921"
	"T922" [label="T"]
	"Exp1920" -> "T922"
	"F923" [label="F"]
	"T922" -> "F923"
	"final924" [label="final"]
	"F923" -> "final924"
	"num925" [label="num",style=filled,fillcolor=powderblue]
	"final924" -> "num925"
	"F1926" [label="F1"]
	"F923" -> "F1926"
	"e927" [label="e"]
	"F1926" -> "e927"
	"Term1928" [label="Term1"]
	"T922" -> "Term1928"
	"e929" [label="e"]
	"Term1928" -> "e929"
	"Exp1930" [label="Exp1"]
	"Exp1920" -> "Exp1930"
	"e931" [label="e"]
	"Exp1930" -> "e931"
	"e932" [label="e"]
	"Exp1920" -> "e932"
	")933" [label=")",style=filled,fillcolor=powderblue]
	"final909" -> ")933"
	"F1934" [label="F1"]
	"F908" -> "F1934"
	"e935" [label="e"]
	"F1934" -> "e935"
	"Term1936" [label="Term1"]
	"T907" -> "Term1936"
	"e937" [label="e"]
	"Term1936" -> "e937"
	"Exp1938" [label="Exp1"]
	"Expression906" -> "Exp1938"
	"e939" [label="e"]
	"Exp1938" -> "e939"
	"]940" [label="]",style=filled,fillcolor=powderblue]
	"final903" -> "]940"
	"F1941" [label="F1"]
	"F902" -> "F1941"
	"e942" [label="e"]
	"F1941" -> "e942"
	"Term1943" [label="Term1"]
	"T901" -> "Term1943"
	"e944" [label="e"]
	"Term1943" -> "e944"
	"Exp1945" [label="Exp1"]
	"Exp1899" -> "Exp1945"
	"e946" [label="e"]
	"Exp1945" -> "e946"
	"e947" [label="e"]
	"Exp1899" -> "e947"
	"Statements948" [label="Statements"]
	"Statements873" -> "Statements948"
	"Statement949" [label="Statement"]
	"Statements948" -> "Statement949"
	"print950" [label="print",style=filled,fillcolor=powderblue]
	"Statement949" -> "print950"
	"Expression951" [label="Expression"]
	"Statement949" -> "Expression951"
	"T952" [label="T"]
	"Expression951" -> "T952"
	"F953" [label="F"]
	"T952" -> "F953"
	"final954" [label="final"]
	"F953" -> "final954"
	"m955" [label="m",style=filled,fillcolor=powderblue]
	"final954" -> "m955"
	"[956" [label="[",style=filled,fillcolor=powderblue]
	"final954" -> "[956"
	"Expression957" [label="Expression"]
	"final954" -> "Expression957"
	"T958" [label="T"]
	"Expression957" -> "T958"
	"F959" [label="F"]
	"T958" -> "F959"
	"final960" [label="final"]
	"F959" -> "final960"
	"num961" [label="num",style=filled,fillcolor=powderblue]
	"final960" -> "num961"
	"F1962" [label="F1"]
	"F959" -> "F1962"
	"e963" [label="e"]
	"F1962" -> "e963"
	"Term1964" [label="Term1"]
	"T958" -> "Term1964"
	"e965" [label="e"]
	"Term1964" -> "e965"
	"Exp1966" [label="Exp1"]
	"Expression957" -> "Exp1966"
	"e967" [label="e"]
	"Exp1966" -> "e967"
	"]968" [label="]",style=filled,fillcolor=powderblue]
	"final954" -> "]968"
	"F1969" [label="F1"]
	"F953" -> "F1969"
	"e970" [label="e"]
	"F1969" -> "e970"
	"Term1971" [label="Term1"]
	"T952" -> "Term1971"
	"e972" [label="e"]
	"Term1971" -> "e972"
	"Exp1973" [label="Exp1"]
	"Expression951" -> "Exp1973"
	"e974" [label="e"]
	"Exp1973" -> "e974"
	"Statements975" [label="Statements"]
	"Statements948" -> "Statements975"
	"e976" [label="e"]
	"Statements975" -> "e976"
};
