digraph G {
	"Start1" [label="Start"]
	"Statements2" [label="Statements"]
	"Start1" -> "Statements2"
	"Statement3" [label="Statement"]
	"Statements2" -> "Statement3"
	"m4" [label="m",style=filled,fillcolor=powderblue]
	"Statement3" -> "m4"
	"[5" [label="[",style=filled,fillcolor=powderblue]
	"Statement3" -> "[5"
	"Expression6" [label="Expression"]
	"Statement3" -> "Expression6"
	"T7" [label="T"]
	"Expression6" -> "T7"
	"F8" [label="F"]
	"T7" -> "F8"
	"final9" [label="final"]
	"F8" -> "final9"
	"num10" [label="num",style=filled,fillcolor=powderblue]
	"final9" -> "num10"
	"F111" [label="F1"]
	"F8" -> "F111"
	"e12" [label="e"]
	"F111" -> "e12"
	"Term113" [label="Term1"]
	"T7" -> "Term113"
	"e14" [label="e"]
	"Term113" -> "e14"
	"Exp115" [label="Exp1"]
	"Expression6" -> "Exp115"
	"e16" [label="e"]
	"Exp115" -> "e16"
	"]17" [label="]",style=filled,fillcolor=powderblue]
	"Statement3" -> "]17"
	"=18" [label="=",style=filled,fillcolor=powderblue]
	"Statement3" -> "=18"
	"Expression19" [label="Expression"]
	"Statement3" -> "Expression19"
	"T20" [label="T"]
	"Expression19" -> "T20"
	"F21" [label="F"]
	"T20" -> "F21"
	"final22" [label="final"]
	"F21" -> "final22"
	"num23" [label="num",style=filled,fillcolor=powderblue]
	"final22" -> "num23"
	"F124" [label="F1"]
	"F21" -> "F124"
	"e25" [label="e"]
	"F124" -> "e25"
	"Term126" [label="Term1"]
	"T20" -> "Term126"
	"/27" [label="/",style=filled,fillcolor=powderblue]
	"Term126" -> "/27"
	"F28" [label="F"]
	"Term126" -> "F28"
	"final29" [label="final"]
	"F28" -> "final29"
	"num30" [label="num",style=filled,fillcolor=powderblue]
	"final29" -> "num30"
	"F131" [label="F1"]
	"F28" -> "F131"
	"e32" [label="e"]
	"F131" -> "e32"
	"Term133" [label="Term1"]
	"Term126" -> "Term133"
	"*34" [label="*",style=filled,fillcolor=powderblue]
	"Term133" -> "*34"
	"F35" [label="F"]
	"Term133" -> "F35"
	"final36" [label="final"]
	"F35" -> "final36"
	"num37" [label="num",style=filled,fillcolor=powderblue]
	"final36" -> "num37"
	"F138" [label="F1"]
	"F35" -> "F138"
	"e39" [label="e"]
	"F138" -> "e39"
	"Term140" [label="Term1"]
	"Term133" -> "Term140"
	"e41" [label="e"]
	"Term140" -> "e41"
	"e42" [label="e"]
	"Term133" -> "e42"
	"e43" [label="e"]
	"Term126" -> "e43"
	"Exp144" [label="Exp1"]
	"Expression19" -> "Exp144"
	"e45" [label="e"]
	"Exp144" -> "e45"
	"Statements46" [label="Statements"]
	"Statements2" -> "Statements46"
	"Statement47" [label="Statement"]
	"Statements46" -> "Statement47"
	"m48" [label="m",style=filled,fillcolor=powderblue]
	"Statement47" -> "m48"
	"[49" [label="[",style=filled,fillcolor=powderblue]
	"Statement47" -> "[49"
	"Expression50" [label="Expression"]
	"Statement47" -> "Expression50"
	"T51" [label="T"]
	"Expression50" -> "T51"
	"F52" [label="F"]
	"T51" -> "F52"
	"final53" [label="final"]
	"F52" -> "final53"
	"num54" [label="num",style=filled,fillcolor=powderblue]
	"final53" -> "num54"
	"F155" [label="F1"]
	"F52" -> "F155"
	"e56" [label="e"]
	"F155" -> "e56"
	"Term157" [label="Term1"]
	"T51" -> "Term157"
	"e58" [label="e"]
	"Term157" -> "e58"
	"Exp159" [label="Exp1"]
	"Expression50" -> "Exp159"
	"e60" [label="e"]
	"Exp159" -> "e60"
	"]61" [label="]",style=filled,fillcolor=powderblue]
	"Statement47" -> "]61"
	"=62" [label="=",style=filled,fillcolor=powderblue]
	"Statement47" -> "=62"
	"Expression63" [label="Expression"]
	"Statement47" -> "Expression63"
	"T64" [label="T"]
	"Expression63" -> "T64"
	"F65" [label="F"]
	"T64" -> "F65"
	"final66" [label="final"]
	"F65" -> "final66"
	"num67" [label="num",style=filled,fillcolor=powderblue]
	"final66" -> "num67"
	"F168" [label="F1"]
	"F65" -> "F168"
	"e69" [label="e"]
	"F168" -> "e69"
	"Term170" [label="Term1"]
	"T64" -> "Term170"
	"/71" [label="/",style=filled,fillcolor=powderblue]
	"Term170" -> "/71"
	"F72" [label="F"]
	"Term170" -> "F72"
	"final73" [label="final"]
	"F72" -> "final73"
	"num74" [label="num",style=filled,fillcolor=powderblue]
	"final73" -> "num74"
	"F175" [label="F1"]
	"F72" -> "F175"
	"e76" [label="e"]
	"F175" -> "e76"
	"Term177" [label="Term1"]
	"Term170" -> "Term177"
	"*78" [label="*",style=filled,fillcolor=powderblue]
	"Term177" -> "*78"
	"F79" [label="F"]
	"Term177" -> "F79"
	"final80" [label="final"]
	"F79" -> "final80"
	"num81" [label="num",style=filled,fillcolor=powderblue]
	"final80" -> "num81"
	"F182" [label="F1"]
	"F79" -> "F182"
	"e83" [label="e"]
	"F182" -> "e83"
	"Term184" [label="Term1"]
	"Term177" -> "Term184"
	"e85" [label="e"]
	"Term184" -> "e85"
	"e86" [label="e"]
	"Term177" -> "e86"
	"e87" [label="e"]
	"Term170" -> "e87"
	"Exp188" [label="Exp1"]
	"Expression63" -> "Exp188"
	"e89" [label="e"]
	"Exp188" -> "e89"
	"Statements90" [label="Statements"]
	"Statements46" -> "Statements90"
	"Statement91" [label="Statement"]
	"Statements90" -> "Statement91"
	"Jump92" [label="Jump"]
	"Statement91" -> "Jump92"
	"goto93" [label="goto",style=filled,fillcolor=powderblue]
	"Jump92" -> "goto93"
	"num94" [label="num",style=filled,fillcolor=powderblue]
	"Jump92" -> "num94"
	"Statements95" [label="Statements"]
	"Statements90" -> "Statements95"
	"Statement96" [label="Statement"]
	"Statements95" -> "Statement96"
	"m97" [label="m",style=filled,fillcolor=powderblue]
	"Statement96" -> "m97"
	"[98" [label="[",style=filled,fillcolor=powderblue]
	"Statement96" -> "[98"
	"Expression99" [label="Expression"]
	"Statement96" -> "Expression99"
	"T100" [label="T"]
	"Expression99" -> "T100"
	"F101" [label="F"]
	"T100" -> "F101"
	"final102" [label="final"]
	"F101" -> "final102"
	"num103" [label="num",style=filled,fillcolor=powderblue]
	"final102" -> "num103"
	"F1104" [label="F1"]
	"F101" -> "F1104"
	"e105" [label="e"]
	"F1104" -> "e105"
	"Term1106" [label="Term1"]
	"T100" -> "Term1106"
	"e107" [label="e"]
	"Term1106" -> "e107"
	"Exp1108" [label="Exp1"]
	"Expression99" -> "Exp1108"
	"e109" [label="e"]
	"Exp1108" -> "e109"
	"]110" [label="]",style=filled,fillcolor=powderblue]
	"Statement96" -> "]110"
	"=111" [label="=",style=filled,fillcolor=powderblue]
	"Statement96" -> "=111"
	"Expression112" [label="Expression"]
	"Statement96" -> "Expression112"
	"T113" [label="T"]
	"Expression112" -> "T113"
	"F114" [label="F"]
	"T113" -> "F114"
	"final115" [label="final"]
	"F114" -> "final115"
	"num116" [label="num",style=filled,fillcolor=powderblue]
	"final115" -> "num116"
	"F1117" [label="F1"]
	"F114" -> "F1117"
	"e118" [label="e"]
	"F1117" -> "e118"
	"Term1119" [label="Term1"]
	"T113" -> "Term1119"
	"e120" [label="e"]
	"Term1119" -> "e120"
	"Exp1121" [label="Exp1"]
	"Expression112" -> "Exp1121"
	"+122" [label="+",style=filled,fillcolor=powderblue]
	"Exp1121" -> "+122"
	"T123" [label="T"]
	"Exp1121" -> "T123"
	"F124" [label="F"]
	"T123" -> "F124"
	"final125" [label="final"]
	"F124" -> "final125"
	"m126" [label="m",style=filled,fillcolor=powderblue]
	"final125" -> "m126"
	"[127" [label="[",style=filled,fillcolor=powderblue]
	"final125" -> "[127"
	"Expression128" [label="Expression"]
	"final125" -> "Expression128"
	"T129" [label="T"]
	"Expression128" -> "T129"
	"F130" [label="F"]
	"T129" -> "F130"
	"final131" [label="final"]
	"F130" -> "final131"
	"num132" [label="num",style=filled,fillcolor=powderblue]
	"final131" -> "num132"
	"F1133" [label="F1"]
	"F130" -> "F1133"
	"e134" [label="e"]
	"F1133" -> "e134"
	"Term1135" [label="Term1"]
	"T129" -> "Term1135"
	"e136" [label="e"]
	"Term1135" -> "e136"
	"Exp1137" [label="Exp1"]
	"Expression128" -> "Exp1137"
	"e138" [label="e"]
	"Exp1137" -> "e138"
	"]139" [label="]",style=filled,fillcolor=powderblue]
	"final125" -> "]139"
	"F1140" [label="F1"]
	"F124" -> "F1140"
	"e141" [label="e"]
	"F1140" -> "e141"
	"Term1142" [label="Term1"]
	"T123" -> "Term1142"
	"e143" [label="e"]
	"Term1142" -> "e143"
	"Exp1144" [label="Exp1"]
	"Exp1121" -> "Exp1144"
	"e145" [label="e"]
	"Exp1144" -> "e145"
	"e146" [label="e"]
	"Exp1121" -> "e146"
	"Statements147" [label="Statements"]
	"Statements95" -> "Statements147"
	"Statement148" [label="Statement"]
	"Statements147" -> "Statement148"
	"m149" [label="m",style=filled,fillcolor=powderblue]
	"Statement148" -> "m149"
	"[150" [label="[",style=filled,fillcolor=powderblue]
	"Statement148" -> "[150"
	"Expression151" [label="Expression"]
	"Statement148" -> "Expression151"
	"T152" [label="T"]
	"Expression151" -> "T152"
	"F153" [label="F"]
	"T152" -> "F153"
	"final154" [label="final"]
	"F153" -> "final154"
	"num155" [label="num",style=filled,fillcolor=powderblue]
	"final154" -> "num155"
	"F1156" [label="F1"]
	"F153" -> "F1156"
	"e157" [label="e"]
	"F1156" -> "e157"
	"Term1158" [label="Term1"]
	"T152" -> "Term1158"
	"e159" [label="e"]
	"Term1158" -> "e159"
	"Exp1160" [label="Exp1"]
	"Expression151" -> "Exp1160"
	"e161" [label="e"]
	"Exp1160" -> "e161"
	"]162" [label="]",style=filled,fillcolor=powderblue]
	"Statement148" -> "]162"
	"=163" [label="=",style=filled,fillcolor=powderblue]
	"Statement148" -> "=163"
	"Expression164" [label="Expression"]
	"Statement148" -> "Expression164"
	"T165" [label="T"]
	"Expression164" -> "T165"
	"F166" [label="F"]
	"T165" -> "F166"
	"final167" [label="final"]
	"F166" -> "final167"
	"num168" [label="num",style=filled,fillcolor=powderblue]
	"final167" -> "num168"
	"F1169" [label="F1"]
	"F166" -> "F1169"
	"e170" [label="e"]
	"F1169" -> "e170"
	"Term1171" [label="Term1"]
	"T165" -> "Term1171"
	"e172" [label="e"]
	"Term1171" -> "e172"
	"Exp1173" [label="Exp1"]
	"Expression164" -> "Exp1173"
	"-174" [label="-",style=filled,fillcolor=powderblue]
	"Exp1173" -> "-174"
	"T175" [label="T"]
	"Exp1173" -> "T175"
	"F176" [label="F"]
	"T175" -> "F176"
	"final177" [label="final"]
	"F176" -> "final177"
	"m178" [label="m",style=filled,fillcolor=powderblue]
	"final177" -> "m178"
	"[179" [label="[",style=filled,fillcolor=powderblue]
	"final177" -> "[179"
	"Expression180" [label="Expression"]
	"final177" -> "Expression180"
	"T181" [label="T"]
	"Expression180" -> "T181"
	"F182" [label="F"]
	"T181" -> "F182"
	"final183" [label="final"]
	"F182" -> "final183"
	"num184" [label="num",style=filled,fillcolor=powderblue]
	"final183" -> "num184"
	"F1185" [label="F1"]
	"F182" -> "F1185"
	"**186" [label="**",style=filled,fillcolor=powderblue]
	"F1185" -> "**186"
	"final187" [label="final"]
	"F1185" -> "final187"
	"num188" [label="num",style=filled,fillcolor=powderblue]
	"final187" -> "num188"
	"F1189" [label="F1"]
	"F1185" -> "F1189"
	"e190" [label="e"]
	"F1189" -> "e190"
	"e191" [label="e"]
	"F1185" -> "e191"
	"Term1192" [label="Term1"]
	"T181" -> "Term1192"
	"e193" [label="e"]
	"Term1192" -> "e193"
	"Exp1194" [label="Exp1"]
	"Expression180" -> "Exp1194"
	"-195" [label="-",style=filled,fillcolor=powderblue]
	"Exp1194" -> "-195"
	"T196" [label="T"]
	"Exp1194" -> "T196"
	"F197" [label="F"]
	"T196" -> "F197"
	"final198" [label="final"]
	"F197" -> "final198"
	"num199" [label="num",style=filled,fillcolor=powderblue]
	"final198" -> "num199"
	"F1200" [label="F1"]
	"F197" -> "F1200"
	"e201" [label="e"]
	"F1200" -> "e201"
	"Term1202" [label="Term1"]
	"T196" -> "Term1202"
	"e203" [label="e"]
	"Term1202" -> "e203"
	"Exp1204" [label="Exp1"]
	"Exp1194" -> "Exp1204"
	"e205" [label="e"]
	"Exp1204" -> "e205"
	"e206" [label="e"]
	"Exp1194" -> "e206"
	"]207" [label="]",style=filled,fillcolor=powderblue]
	"final177" -> "]207"
	"F1208" [label="F1"]
	"F176" -> "F1208"
	"e209" [label="e"]
	"F1208" -> "e209"
	"Term1210" [label="Term1"]
	"T175" -> "Term1210"
	"e211" [label="e"]
	"Term1210" -> "e211"
	"Exp1212" [label="Exp1"]
	"Exp1173" -> "Exp1212"
	"-213" [label="-",style=filled,fillcolor=powderblue]
	"Exp1212" -> "-213"
	"T214" [label="T"]
	"Exp1212" -> "T214"
	"F215" [label="F"]
	"T214" -> "F215"
	"final216" [label="final"]
	"F215" -> "final216"
	"num217" [label="num",style=filled,fillcolor=powderblue]
	"final216" -> "num217"
	"F1218" [label="F1"]
	"F215" -> "F1218"
	"e219" [label="e"]
	"F1218" -> "e219"
	"Term1220" [label="Term1"]
	"T214" -> "Term1220"
	"e221" [label="e"]
	"Term1220" -> "e221"
	"Exp1222" [label="Exp1"]
	"Exp1212" -> "Exp1222"
	"e223" [label="e"]
	"Exp1222" -> "e223"
	"e224" [label="e"]
	"Exp1212" -> "e224"
	"e225" [label="e"]
	"Exp1173" -> "e225"
	"Statements226" [label="Statements"]
	"Statements147" -> "Statements226"
	"Statement227" [label="Statement"]
	"Statements226" -> "Statement227"
	"L228" [label="L",style=filled,fillcolor=powderblue]
	"Statement227" -> "L228"
	"num229" [label="num",style=filled,fillcolor=powderblue]
	"Statement227" -> "num229"
	":230" [label=":",style=filled,fillcolor=powderblue]
	"Statement227" -> ":230"
	"Statements231" [label="Statements"]
	"Statements226" -> "Statements231"
	"Statement232" [label="Statement"]
	"Statements231" -> "Statement232"
	"m233" [label="m",style=filled,fillcolor=powderblue]
	"Statement232" -> "m233"
	"[234" [label="[",style=filled,fillcolor=powderblue]
	"Statement232" -> "[234"
	"Expression235" [label="Expression"]
	"Statement232" -> "Expression235"
	"T236" [label="T"]
	"Expression235" -> "T236"
	"F237" [label="F"]
	"T236" -> "F237"
	"final238" [label="final"]
	"F237" -> "final238"
	"num239" [label="num",style=filled,fillcolor=powderblue]
	"final238" -> "num239"
	"F1240" [label="F1"]
	"F237" -> "F1240"
	"e241" [label="e"]
	"F1240" -> "e241"
	"Term1242" [label="Term1"]
	"T236" -> "Term1242"
	"e243" [label="e"]
	"Term1242" -> "e243"
	"Exp1244" [label="Exp1"]
	"Expression235" -> "Exp1244"
	"e245" [label="e"]
	"Exp1244" -> "e245"
	"]246" [label="]",style=filled,fillcolor=powderblue]
	"Statement232" -> "]246"
	"=247" [label="=",style=filled,fillcolor=powderblue]
	"Statement232" -> "=247"
	"Expression248" [label="Expression"]
	"Statement232" -> "Expression248"
	"T249" [label="T"]
	"Expression248" -> "T249"
	"F250" [label="F"]
	"T249" -> "F250"
	"final251" [label="final"]
	"F250" -> "final251"
	"num252" [label="num",style=filled,fillcolor=powderblue]
	"final251" -> "num252"
	"F1253" [label="F1"]
	"F250" -> "F1253"
	"e254" [label="e"]
	"F1253" -> "e254"
	"Term1255" [label="Term1"]
	"T249" -> "Term1255"
	"e256" [label="e"]
	"Term1255" -> "e256"
	"Exp1257" [label="Exp1"]
	"Expression248" -> "Exp1257"
	"-258" [label="-",style=filled,fillcolor=powderblue]
	"Exp1257" -> "-258"
	"T259" [label="T"]
	"Exp1257" -> "T259"
	"F260" [label="F"]
	"T259" -> "F260"
	"final261" [label="final"]
	"F260" -> "final261"
	"(262" [label="(",style=filled,fillcolor=powderblue]
	"final261" -> "(262"
	"Expression263" [label="Expression"]
	"final261" -> "Expression263"
	"T264" [label="T"]
	"Expression263" -> "T264"
	"F265" [label="F"]
	"T264" -> "F265"
	"final266" [label="final"]
	"F265" -> "final266"
	"m267" [label="m",style=filled,fillcolor=powderblue]
	"final266" -> "m267"
	"[268" [label="[",style=filled,fillcolor=powderblue]
	"final266" -> "[268"
	"Expression269" [label="Expression"]
	"final266" -> "Expression269"
	"T270" [label="T"]
	"Expression269" -> "T270"
	"F271" [label="F"]
	"T270" -> "F271"
	"final272" [label="final"]
	"F271" -> "final272"
	"num273" [label="num",style=filled,fillcolor=powderblue]
	"final272" -> "num273"
	"F1274" [label="F1"]
	"F271" -> "F1274"
	"e275" [label="e"]
	"F1274" -> "e275"
	"Term1276" [label="Term1"]
	"T270" -> "Term1276"
	"e277" [label="e"]
	"Term1276" -> "e277"
	"Exp1278" [label="Exp1"]
	"Expression269" -> "Exp1278"
	"e279" [label="e"]
	"Exp1278" -> "e279"
	"]280" [label="]",style=filled,fillcolor=powderblue]
	"final266" -> "]280"
	"F1281" [label="F1"]
	"F265" -> "F1281"
	"e282" [label="e"]
	"F1281" -> "e282"
	"Term1283" [label="Term1"]
	"T264" -> "Term1283"
	"e284" [label="e"]
	"Term1283" -> "e284"
	"Exp1285" [label="Exp1"]
	"Expression263" -> "Exp1285"
	"-286" [label="-",style=filled,fillcolor=powderblue]
	"Exp1285" -> "-286"
	"T287" [label="T"]
	"Exp1285" -> "T287"
	"F288" [label="F"]
	"T287" -> "F288"
	"final289" [label="final"]
	"F288" -> "final289"
	"num290" [label="num",style=filled,fillcolor=powderblue]
	"final289" -> "num290"
	"F1291" [label="F1"]
	"F288" -> "F1291"
	"e292" [label="e"]
	"F1291" -> "e292"
	"Term1293" [label="Term1"]
	"T287" -> "Term1293"
	"e294" [label="e"]
	"Term1293" -> "e294"
	"Exp1295" [label="Exp1"]
	"Exp1285" -> "Exp1295"
	"e296" [label="e"]
	"Exp1295" -> "e296"
	"e297" [label="e"]
	"Exp1285" -> "e297"
	")298" [label=")",style=filled,fillcolor=powderblue]
	"final261" -> ")298"
	"F1299" [label="F1"]
	"F260" -> "F1299"
	"e300" [label="e"]
	"F1299" -> "e300"
	"Term1301" [label="Term1"]
	"T259" -> "Term1301"
	"e302" [label="e"]
	"Term1301" -> "e302"
	"Exp1303" [label="Exp1"]
	"Exp1257" -> "Exp1303"
	"e304" [label="e"]
	"Exp1303" -> "e304"
	"e305" [label="e"]
	"Exp1257" -> "e305"
	"Statements306" [label="Statements"]
	"Statements231" -> "Statements306"
	"Statement307" [label="Statement"]
	"Statements306" -> "Statement307"
	"m308" [label="m",style=filled,fillcolor=powderblue]
	"Statement307" -> "m308"
	"[309" [label="[",style=filled,fillcolor=powderblue]
	"Statement307" -> "[309"
	"Expression310" [label="Expression"]
	"Statement307" -> "Expression310"
	"T311" [label="T"]
	"Expression310" -> "T311"
	"F312" [label="F"]
	"T311" -> "F312"
	"final313" [label="final"]
	"F312" -> "final313"
	"num314" [label="num",style=filled,fillcolor=powderblue]
	"final313" -> "num314"
	"F1315" [label="F1"]
	"F312" -> "F1315"
	"e316" [label="e"]
	"F1315" -> "e316"
	"Term1317" [label="Term1"]
	"T311" -> "Term1317"
	"e318" [label="e"]
	"Term1317" -> "e318"
	"Exp1319" [label="Exp1"]
	"Expression310" -> "Exp1319"
	"e320" [label="e"]
	"Exp1319" -> "e320"
	"]321" [label="]",style=filled,fillcolor=powderblue]
	"Statement307" -> "]321"
	"=322" [label="=",style=filled,fillcolor=powderblue]
	"Statement307" -> "=322"
	"Expression323" [label="Expression"]
	"Statement307" -> "Expression323"
	"T324" [label="T"]
	"Expression323" -> "T324"
	"F325" [label="F"]
	"T324" -> "F325"
	"final326" [label="final"]
	"F325" -> "final326"
	"num327" [label="num",style=filled,fillcolor=powderblue]
	"final326" -> "num327"
	"F1328" [label="F1"]
	"F325" -> "F1328"
	"e329" [label="e"]
	"F1328" -> "e329"
	"Term1330" [label="Term1"]
	"T324" -> "Term1330"
	"e331" [label="e"]
	"Term1330" -> "e331"
	"Exp1332" [label="Exp1"]
	"Expression323" -> "Exp1332"
	"+333" [label="+",style=filled,fillcolor=powderblue]
	"Exp1332" -> "+333"
	"T334" [label="T"]
	"Exp1332" -> "T334"
	"F335" [label="F"]
	"T334" -> "F335"
	"final336" [label="final"]
	"F335" -> "final336"
	"m337" [label="m",style=filled,fillcolor=powderblue]
	"final336" -> "m337"
	"[338" [label="[",style=filled,fillcolor=powderblue]
	"final336" -> "[338"
	"Expression339" [label="Expression"]
	"final336" -> "Expression339"
	"T340" [label="T"]
	"Expression339" -> "T340"
	"F341" [label="F"]
	"T340" -> "F341"
	"final342" [label="final"]
	"F341" -> "final342"
	"num343" [label="num",style=filled,fillcolor=powderblue]
	"final342" -> "num343"
	"F1344" [label="F1"]
	"F341" -> "F1344"
	"e345" [label="e"]
	"F1344" -> "e345"
	"Term1346" [label="Term1"]
	"T340" -> "Term1346"
	"e347" [label="e"]
	"Term1346" -> "e347"
	"Exp1348" [label="Exp1"]
	"Expression339" -> "Exp1348"
	"e349" [label="e"]
	"Exp1348" -> "e349"
	"]350" [label="]",style=filled,fillcolor=powderblue]
	"final336" -> "]350"
	"F1351" [label="F1"]
	"F335" -> "F1351"
	"e352" [label="e"]
	"F1351" -> "e352"
	"Term1353" [label="Term1"]
	"T334" -> "Term1353"
	"e354" [label="e"]
	"Term1353" -> "e354"
	"Exp1355" [label="Exp1"]
	"Exp1332" -> "Exp1355"
	"e356" [label="e"]
	"Exp1355" -> "e356"
	"e357" [label="e"]
	"Exp1332" -> "e357"
	"Statements358" [label="Statements"]
	"Statements306" -> "Statements358"
	"Statement359" [label="Statement"]
	"Statements358" -> "Statement359"
	"m360" [label="m",style=filled,fillcolor=powderblue]
	"Statement359" -> "m360"
	"[361" [label="[",style=filled,fillcolor=powderblue]
	"Statement359" -> "[361"
	"Expression362" [label="Expression"]
	"Statement359" -> "Expression362"
	"T363" [label="T"]
	"Expression362" -> "T363"
	"F364" [label="F"]
	"T363" -> "F364"
	"final365" [label="final"]
	"F364" -> "final365"
	"num366" [label="num",style=filled,fillcolor=powderblue]
	"final365" -> "num366"
	"F1367" [label="F1"]
	"F364" -> "F1367"
	"e368" [label="e"]
	"F1367" -> "e368"
	"Term1369" [label="Term1"]
	"T363" -> "Term1369"
	"e370" [label="e"]
	"Term1369" -> "e370"
	"Exp1371" [label="Exp1"]
	"Expression362" -> "Exp1371"
	"e372" [label="e"]
	"Exp1371" -> "e372"
	"]373" [label="]",style=filled,fillcolor=powderblue]
	"Statement359" -> "]373"
	"=374" [label="=",style=filled,fillcolor=powderblue]
	"Statement359" -> "=374"
	"Expression375" [label="Expression"]
	"Statement359" -> "Expression375"
	"T376" [label="T"]
	"Expression375" -> "T376"
	"F377" [label="F"]
	"T376" -> "F377"
	"final378" [label="final"]
	"F377" -> "final378"
	"num379" [label="num",style=filled,fillcolor=powderblue]
	"final378" -> "num379"
	"F1380" [label="F1"]
	"F377" -> "F1380"
	"e381" [label="e"]
	"F1380" -> "e381"
	"Term1382" [label="Term1"]
	"T376" -> "Term1382"
	"e383" [label="e"]
	"Term1382" -> "e383"
	"Exp1384" [label="Exp1"]
	"Expression375" -> "Exp1384"
	"-385" [label="-",style=filled,fillcolor=powderblue]
	"Exp1384" -> "-385"
	"T386" [label="T"]
	"Exp1384" -> "T386"
	"F387" [label="F"]
	"T386" -> "F387"
	"final388" [label="final"]
	"F387" -> "final388"
	"m389" [label="m",style=filled,fillcolor=powderblue]
	"final388" -> "m389"
	"[390" [label="[",style=filled,fillcolor=powderblue]
	"final388" -> "[390"
	"Expression391" [label="Expression"]
	"final388" -> "Expression391"
	"T392" [label="T"]
	"Expression391" -> "T392"
	"F393" [label="F"]
	"T392" -> "F393"
	"final394" [label="final"]
	"F393" -> "final394"
	"num395" [label="num",style=filled,fillcolor=powderblue]
	"final394" -> "num395"
	"F1396" [label="F1"]
	"F393" -> "F1396"
	"e397" [label="e"]
	"F1396" -> "e397"
	"Term1398" [label="Term1"]
	"T392" -> "Term1398"
	"e399" [label="e"]
	"Term1398" -> "e399"
	"Exp1400" [label="Exp1"]
	"Expression391" -> "Exp1400"
	"-401" [label="-",style=filled,fillcolor=powderblue]
	"Exp1400" -> "-401"
	"T402" [label="T"]
	"Exp1400" -> "T402"
	"F403" [label="F"]
	"T402" -> "F403"
	"final404" [label="final"]
	"F403" -> "final404"
	"num405" [label="num",style=filled,fillcolor=powderblue]
	"final404" -> "num405"
	"F1406" [label="F1"]
	"F403" -> "F1406"
	"e407" [label="e"]
	"F1406" -> "e407"
	"Term1408" [label="Term1"]
	"T402" -> "Term1408"
	"e409" [label="e"]
	"Term1408" -> "e409"
	"Exp1410" [label="Exp1"]
	"Exp1400" -> "Exp1410"
	"e411" [label="e"]
	"Exp1410" -> "e411"
	"e412" [label="e"]
	"Exp1400" -> "e412"
	"]413" [label="]",style=filled,fillcolor=powderblue]
	"final388" -> "]413"
	"F1414" [label="F1"]
	"F387" -> "F1414"
	"e415" [label="e"]
	"F1414" -> "e415"
	"Term1416" [label="Term1"]
	"T386" -> "Term1416"
	"e417" [label="e"]
	"Term1416" -> "e417"
	"Exp1418" [label="Exp1"]
	"Exp1384" -> "Exp1418"
	"e419" [label="e"]
	"Exp1418" -> "e419"
	"e420" [label="e"]
	"Exp1384" -> "e420"
	"Statements421" [label="Statements"]
	"Statements358" -> "Statements421"
	"Statement422" [label="Statement"]
	"Statements421" -> "Statement422"
	"m423" [label="m",style=filled,fillcolor=powderblue]
	"Statement422" -> "m423"
	"[424" [label="[",style=filled,fillcolor=powderblue]
	"Statement422" -> "[424"
	"Expression425" [label="Expression"]
	"Statement422" -> "Expression425"
	"T426" [label="T"]
	"Expression425" -> "T426"
	"F427" [label="F"]
	"T426" -> "F427"
	"final428" [label="final"]
	"F427" -> "final428"
	"num429" [label="num",style=filled,fillcolor=powderblue]
	"final428" -> "num429"
	"F1430" [label="F1"]
	"F427" -> "F1430"
	"e431" [label="e"]
	"F1430" -> "e431"
	"Term1432" [label="Term1"]
	"T426" -> "Term1432"
	"e433" [label="e"]
	"Term1432" -> "e433"
	"Exp1434" [label="Exp1"]
	"Expression425" -> "Exp1434"
	"e435" [label="e"]
	"Exp1434" -> "e435"
	"]436" [label="]",style=filled,fillcolor=powderblue]
	"Statement422" -> "]436"
	"=437" [label="=",style=filled,fillcolor=powderblue]
	"Statement422" -> "=437"
	"Expression438" [label="Expression"]
	"Statement422" -> "Expression438"
	"T439" [label="T"]
	"Expression438" -> "T439"
	"F440" [label="F"]
	"T439" -> "F440"
	"final441" [label="final"]
	"F440" -> "final441"
	"num442" [label="num",style=filled,fillcolor=powderblue]
	"final441" -> "num442"
	"F1443" [label="F1"]
	"F440" -> "F1443"
	"e444" [label="e"]
	"F1443" -> "e444"
	"Term1445" [label="Term1"]
	"T439" -> "Term1445"
	"e446" [label="e"]
	"Term1445" -> "e446"
	"Exp1447" [label="Exp1"]
	"Expression438" -> "Exp1447"
	"-448" [label="-",style=filled,fillcolor=powderblue]
	"Exp1447" -> "-448"
	"T449" [label="T"]
	"Exp1447" -> "T449"
	"F450" [label="F"]
	"T449" -> "F450"
	"final451" [label="final"]
	"F450" -> "final451"
	"(452" [label="(",style=filled,fillcolor=powderblue]
	"final451" -> "(452"
	"Expression453" [label="Expression"]
	"final451" -> "Expression453"
	"T454" [label="T"]
	"Expression453" -> "T454"
	"F455" [label="F"]
	"T454" -> "F455"
	"final456" [label="final"]
	"F455" -> "final456"
	"num457" [label="num",style=filled,fillcolor=powderblue]
	"final456" -> "num457"
	"F1458" [label="F1"]
	"F455" -> "F1458"
	"e459" [label="e"]
	"F1458" -> "e459"
	"Term1460" [label="Term1"]
	"T454" -> "Term1460"
	"e461" [label="e"]
	"Term1460" -> "e461"
	"Exp1462" [label="Exp1"]
	"Expression453" -> "Exp1462"
	"-463" [label="-",style=filled,fillcolor=powderblue]
	"Exp1462" -> "-463"
	"T464" [label="T"]
	"Exp1462" -> "T464"
	"F465" [label="F"]
	"T464" -> "F465"
	"final466" [label="final"]
	"F465" -> "final466"
	"num467" [label="num",style=filled,fillcolor=powderblue]
	"final466" -> "num467"
	"F1468" [label="F1"]
	"F465" -> "F1468"
	"e469" [label="e"]
	"F1468" -> "e469"
	"Term1470" [label="Term1"]
	"T464" -> "Term1470"
	"e471" [label="e"]
	"Term1470" -> "e471"
	"Exp1472" [label="Exp1"]
	"Exp1462" -> "Exp1472"
	"e473" [label="e"]
	"Exp1472" -> "e473"
	"e474" [label="e"]
	"Exp1462" -> "e474"
	")475" [label=")",style=filled,fillcolor=powderblue]
	"final451" -> ")475"
	"F1476" [label="F1"]
	"F450" -> "F1476"
	"e477" [label="e"]
	"F1476" -> "e477"
	"Term1478" [label="Term1"]
	"T449" -> "Term1478"
	"e479" [label="e"]
	"Term1478" -> "e479"
	"Exp1480" [label="Exp1"]
	"Exp1447" -> "Exp1480"
	"e481" [label="e"]
	"Exp1480" -> "e481"
	"e482" [label="e"]
	"Exp1447" -> "e482"
	"Statements483" [label="Statements"]
	"Statements421" -> "Statements483"
	"Statement484" [label="Statement"]
	"Statements483" -> "Statement484"
	"m485" [label="m",style=filled,fillcolor=powderblue]
	"Statement484" -> "m485"
	"[486" [label="[",style=filled,fillcolor=powderblue]
	"Statement484" -> "[486"
	"Expression487" [label="Expression"]
	"Statement484" -> "Expression487"
	"T488" [label="T"]
	"Expression487" -> "T488"
	"F489" [label="F"]
	"T488" -> "F489"
	"final490" [label="final"]
	"F489" -> "final490"
	"num491" [label="num",style=filled,fillcolor=powderblue]
	"final490" -> "num491"
	"F1492" [label="F1"]
	"F489" -> "F1492"
	"e493" [label="e"]
	"F1492" -> "e493"
	"Term1494" [label="Term1"]
	"T488" -> "Term1494"
	"e495" [label="e"]
	"Term1494" -> "e495"
	"Exp1496" [label="Exp1"]
	"Expression487" -> "Exp1496"
	"e497" [label="e"]
	"Exp1496" -> "e497"
	"]498" [label="]",style=filled,fillcolor=powderblue]
	"Statement484" -> "]498"
	"=499" [label="=",style=filled,fillcolor=powderblue]
	"Statement484" -> "=499"
	"Expression500" [label="Expression"]
	"Statement484" -> "Expression500"
	"T501" [label="T"]
	"Expression500" -> "T501"
	"F502" [label="F"]
	"T501" -> "F502"
	"final503" [label="final"]
	"F502" -> "final503"
	"num504" [label="num",style=filled,fillcolor=powderblue]
	"final503" -> "num504"
	"F1505" [label="F1"]
	"F502" -> "F1505"
	"e506" [label="e"]
	"F1505" -> "e506"
	"Term1507" [label="Term1"]
	"T501" -> "Term1507"
	"e508" [label="e"]
	"Term1507" -> "e508"
	"Exp1509" [label="Exp1"]
	"Expression500" -> "Exp1509"
	"-510" [label="-",style=filled,fillcolor=powderblue]
	"Exp1509" -> "-510"
	"T511" [label="T"]
	"Exp1509" -> "T511"
	"F512" [label="F"]
	"T511" -> "F512"
	"final513" [label="final"]
	"F512" -> "final513"
	"m514" [label="m",style=filled,fillcolor=powderblue]
	"final513" -> "m514"
	"[515" [label="[",style=filled,fillcolor=powderblue]
	"final513" -> "[515"
	"Expression516" [label="Expression"]
	"final513" -> "Expression516"
	"T517" [label="T"]
	"Expression516" -> "T517"
	"F518" [label="F"]
	"T517" -> "F518"
	"final519" [label="final"]
	"F518" -> "final519"
	"(520" [label="(",style=filled,fillcolor=powderblue]
	"final519" -> "(520"
	"Expression521" [label="Expression"]
	"final519" -> "Expression521"
	"T522" [label="T"]
	"Expression521" -> "T522"
	"F523" [label="F"]
	"T522" -> "F523"
	"final524" [label="final"]
	"F523" -> "final524"
	"num525" [label="num",style=filled,fillcolor=powderblue]
	"final524" -> "num525"
	"F1526" [label="F1"]
	"F523" -> "F1526"
	"e527" [label="e"]
	"F1526" -> "e527"
	"Term1528" [label="Term1"]
	"T522" -> "Term1528"
	"e529" [label="e"]
	"Term1528" -> "e529"
	"Exp1530" [label="Exp1"]
	"Expression521" -> "Exp1530"
	"-531" [label="-",style=filled,fillcolor=powderblue]
	"Exp1530" -> "-531"
	"T532" [label="T"]
	"Exp1530" -> "T532"
	"F533" [label="F"]
	"T532" -> "F533"
	"final534" [label="final"]
	"F533" -> "final534"
	"num535" [label="num",style=filled,fillcolor=powderblue]
	"final534" -> "num535"
	"F1536" [label="F1"]
	"F533" -> "F1536"
	"e537" [label="e"]
	"F1536" -> "e537"
	"Term1538" [label="Term1"]
	"T532" -> "Term1538"
	"e539" [label="e"]
	"Term1538" -> "e539"
	"Exp1540" [label="Exp1"]
	"Exp1530" -> "Exp1540"
	"e541" [label="e"]
	"Exp1540" -> "e541"
	"e542" [label="e"]
	"Exp1530" -> "e542"
	")543" [label=")",style=filled,fillcolor=powderblue]
	"final519" -> ")543"
	"F1544" [label="F1"]
	"F518" -> "F1544"
	"e545" [label="e"]
	"F1544" -> "e545"
	"Term1546" [label="Term1"]
	"T517" -> "Term1546"
	"e547" [label="e"]
	"Term1546" -> "e547"
	"Exp1548" [label="Exp1"]
	"Expression516" -> "Exp1548"
	"e549" [label="e"]
	"Exp1548" -> "e549"
	"]550" [label="]",style=filled,fillcolor=powderblue]
	"final513" -> "]550"
	"F1551" [label="F1"]
	"F512" -> "F1551"
	"e552" [label="e"]
	"F1551" -> "e552"
	"Term1553" [label="Term1"]
	"T511" -> "Term1553"
	"e554" [label="e"]
	"Term1553" -> "e554"
	"Exp1555" [label="Exp1"]
	"Exp1509" -> "Exp1555"
	"e556" [label="e"]
	"Exp1555" -> "e556"
	"e557" [label="e"]
	"Exp1509" -> "e557"
	"Statements558" [label="Statements"]
	"Statements483" -> "Statements558"
	"Statement559" [label="Statement"]
	"Statements558" -> "Statement559"
	"print560" [label="print",style=filled,fillcolor=powderblue]
	"Statement559" -> "print560"
	"Expression561" [label="Expression"]
	"Statement559" -> "Expression561"
	"T562" [label="T"]
	"Expression561" -> "T562"
	"F563" [label="F"]
	"T562" -> "F563"
	"final564" [label="final"]
	"F563" -> "final564"
syntax error: found L in parsing final - line 27
