digraph G {
	"Start1" [label="Start"]
	"Statements2" [label="Statements"]
	"Start1" -> "Statements2"
	"Statement3" [label="Statement"]
	"Statements2" -> "Statement3"
	"m4" [label="m",style=filled,fillcolor=powderblue]
	"Statement3" -> "m4"
	"[5" [label="[",style=filled,fillcolor=powderblue]
	"Statement3" -> "[5"
	"Expression6" [label="Expression"]
	"Statement3" -> "Expression6"
	"T7" [label="T"]
	"Expression6" -> "T7"
	"F8" [label="F"]
	"T7" -> "F8"
	"final9" [label="final"]
	"F8" -> "final9"
	"num10" [label="num",style=filled,fillcolor=powderblue]
	"final9" -> "num10"
	"F111" [label="F1"]
	"F8" -> "F111"
	"e12" [label="e"]
	"F111" -> "e12"
	"Term113" [label="Term1"]
	"T7" -> "Term113"
	"e14" [label="e"]
	"Term113" -> "e14"
	"Exp115" [label="Exp1"]
	"Expression6" -> "Exp115"
	"e16" [label="e"]
	"Exp115" -> "e16"
	"]17" [label="]",style=filled,fillcolor=powderblue]
	"Statement3" -> "]17"
	"=18" [label="=",style=filled,fillcolor=powderblue]
	"Statement3" -> "=18"
	"Expression19" [label="Expression"]
	"Statement3" -> "Expression19"
	"T20" [label="T"]
	"Expression19" -> "T20"
	"F21" [label="F"]
	"T20" -> "F21"
	"final22" [label="final"]
	"F21" -> "final22"
	"num23" [label="num",style=filled,fillcolor=powderblue]
	"final22" -> "num23"
	"F124" [label="F1"]
	"F21" -> "F124"
	"e25" [label="e"]
	"F124" -> "e25"
	"Term126" [label="Term1"]
	"T20" -> "Term126"
	"/27" [label="/",style=filled,fillcolor=powderblue]
	"Term126" -> "/27"
	"F28" [label="F"]
	"Term126" -> "F28"
	"final29" [label="final"]
	"F28" -> "final29"
	"num30" [label="num",style=filled,fillcolor=powderblue]
	"final29" -> "num30"
	"F131" [label="F1"]
	"F28" -> "F131"
	"e32" [label="e"]
	"F131" -> "e32"
	"Term133" [label="Term1"]
	"Term126" -> "Term133"
	"*34" [label="*",style=filled,fillcolor=powderblue]
	"Term133" -> "*34"
	"F35" [label="F"]
	"Term133" -> "F35"
	"final36" [label="final"]
	"F35" -> "final36"
	"num37" [label="num",style=filled,fillcolor=powderblue]
	"final36" -> "num37"
	"F138" [label="F1"]
	"F35" -> "F138"
	"e39" [label="e"]
	"F138" -> "e39"
	"Term140" [label="Term1"]
	"Term133" -> "Term140"
	"e41" [label="e"]
	"Term140" -> "e41"
	"e42" [label="e"]
	"Term133" -> "e42"
	"e43" [label="e"]
	"Term126" -> "e43"
	"Exp144" [label="Exp1"]
	"Expression19" -> "Exp144"
	"e45" [label="e"]
	"Exp144" -> "e45"
	"Statements46" [label="Statements"]
	"Statements2" -> "Statements46"
	"Statement47" [label="Statement"]
	"Statements46" -> "Statement47"
	"m48" [label="m",style=filled,fillcolor=powderblue]
	"Statement47" -> "m48"
	"[49" [label="[",style=filled,fillcolor=powderblue]
	"Statement47" -> "[49"
	"Expression50" [label="Expression"]
	"Statement47" -> "Expression50"
	"T51" [label="T"]
	"Expression50" -> "T51"
	"F52" [label="F"]
	"T51" -> "F52"
	"final53" [label="final"]
	"F52" -> "final53"
	"num54" [label="num",style=filled,fillcolor=powderblue]
	"final53" -> "num54"
	"F155" [label="F1"]
	"F52" -> "F155"
	"e56" [label="e"]
	"F155" -> "e56"
	"Term157" [label="Term1"]
	"T51" -> "Term157"
	"e58" [label="e"]
	"Term157" -> "e58"
	"Exp159" [label="Exp1"]
	"Expression50" -> "Exp159"
	"e60" [label="e"]
	"Exp159" -> "e60"
	"]61" [label="]",style=filled,fillcolor=powderblue]
	"Statement47" -> "]61"
	"=62" [label="=",style=filled,fillcolor=powderblue]
	"Statement47" -> "=62"
	"Expression63" [label="Expression"]
	"Statement47" -> "Expression63"
	"T64" [label="T"]
	"Expression63" -> "T64"
	"F65" [label="F"]
	"T64" -> "F65"
	"final66" [label="final"]
	"F65" -> "final66"
	"num67" [label="num",style=filled,fillcolor=powderblue]
	"final66" -> "num67"
	"F168" [label="F1"]
	"F65" -> "F168"
	"e69" [label="e"]
	"F168" -> "e69"
	"Term170" [label="Term1"]
	"T64" -> "Term170"
	"e71" [label="e"]
	"Term170" -> "e71"
	"Exp172" [label="Exp1"]
	"Expression63" -> "Exp172"
	"+73" [label="+",style=filled,fillcolor=powderblue]
	"Exp172" -> "+73"
	"T74" [label="T"]
	"Exp172" -> "T74"
	"F75" [label="F"]
	"T74" -> "F75"
	"final76" [label="final"]
	"F75" -> "final76"
	"m77" [label="m",style=filled,fillcolor=powderblue]
	"final76" -> "m77"
	"[78" [label="[",style=filled,fillcolor=powderblue]
	"final76" -> "[78"
	"Expression79" [label="Expression"]
	"final76" -> "Expression79"
	"T80" [label="T"]
	"Expression79" -> "T80"
	"F81" [label="F"]
	"T80" -> "F81"
	"final82" [label="final"]
	"F81" -> "final82"
	"m83" [label="m",style=filled,fillcolor=powderblue]
	"final82" -> "m83"
	"[84" [label="[",style=filled,fillcolor=powderblue]
	"final82" -> "[84"
	"Expression85" [label="Expression"]
	"final82" -> "Expression85"
	"T86" [label="T"]
	"Expression85" -> "T86"
	"F87" [label="F"]
	"T86" -> "F87"
	"final88" [label="final"]
	"F87" -> "final88"
	"num89" [label="num",style=filled,fillcolor=powderblue]
	"final88" -> "num89"
	"F190" [label="F1"]
	"F87" -> "F190"
	"e91" [label="e"]
	"F190" -> "e91"
	"Term192" [label="Term1"]
	"T86" -> "Term192"
	"e93" [label="e"]
	"Term192" -> "e93"
	"Exp194" [label="Exp1"]
	"Expression85" -> "Exp194"
	"e95" [label="e"]
	"Exp194" -> "e95"
	"]96" [label="]",style=filled,fillcolor=powderblue]
	"final82" -> "]96"
	"F197" [label="F1"]
	"F81" -> "F197"
	"e98" [label="e"]
	"F197" -> "e98"
	"Term199" [label="Term1"]
	"T80" -> "Term199"
	"e100" [label="e"]
	"Term199" -> "e100"
	"Exp1101" [label="Exp1"]
	"Expression79" -> "Exp1101"
	"-102" [label="-",style=filled,fillcolor=powderblue]
	"Exp1101" -> "-102"
	"T103" [label="T"]
	"Exp1101" -> "T103"
	"F104" [label="F"]
	"T103" -> "F104"
	"final105" [label="final"]
	"F104" -> "final105"
	"m106" [label="m",style=filled,fillcolor=powderblue]
	"final105" -> "m106"
	"[107" [label="[",style=filled,fillcolor=powderblue]
	"final105" -> "[107"
	"Expression108" [label="Expression"]
	"final105" -> "Expression108"
	"T109" [label="T"]
	"Expression108" -> "T109"
	"F110" [label="F"]
	"T109" -> "F110"
	"final111" [label="final"]
	"F110" -> "final111"
	"num112" [label="num",style=filled,fillcolor=powderblue]
	"final111" -> "num112"
	"F1113" [label="F1"]
	"F110" -> "F1113"
	"e114" [label="e"]
	"F1113" -> "e114"
	"Term1115" [label="Term1"]
	"T109" -> "Term1115"
	"e116" [label="e"]
	"Term1115" -> "e116"
	"Exp1117" [label="Exp1"]
	"Expression108" -> "Exp1117"
	"e118" [label="e"]
	"Exp1117" -> "e118"
	"]119" [label="]",style=filled,fillcolor=powderblue]
	"final105" -> "]119"
	"F1120" [label="F1"]
	"F104" -> "F1120"
	"e121" [label="e"]
	"F1120" -> "e121"
	"Term1122" [label="Term1"]
	"T103" -> "Term1122"
	"e123" [label="e"]
	"Term1122" -> "e123"
	"Exp1124" [label="Exp1"]
	"Exp1101" -> "Exp1124"
	"+125" [label="+",style=filled,fillcolor=powderblue]
	"Exp1124" -> "+125"
	"T126" [label="T"]
	"Exp1124" -> "T126"
	"F127" [label="F"]
	"T126" -> "F127"
	"final128" [label="final"]
	"F127" -> "final128"
	"num129" [label="num",style=filled,fillcolor=powderblue]
	"final128" -> "num129"
	"F1130" [label="F1"]
	"F127" -> "F1130"
	"e131" [label="e"]
	"F1130" -> "e131"
	"Term1132" [label="Term1"]
	"T126" -> "Term1132"
	"e133" [label="e"]
	"Term1132" -> "e133"
	"Exp1134" [label="Exp1"]
	"Exp1124" -> "Exp1134"
	"e135" [label="e"]
	"Exp1134" -> "e135"
	"e136" [label="e"]
	"Exp1124" -> "e136"
	"e137" [label="e"]
	"Exp1101" -> "e137"
	"]138" [label="]",style=filled,fillcolor=powderblue]
	"final76" -> "]138"
	"F1139" [label="F1"]
	"F75" -> "F1139"
	"e140" [label="e"]
	"F1139" -> "e140"
	"Term1141" [label="Term1"]
	"T74" -> "Term1141"
	"e142" [label="e"]
	"Term1141" -> "e142"
	"Exp1143" [label="Exp1"]
	"Exp172" -> "Exp1143"
	"e144" [label="e"]
	"Exp1143" -> "e144"
	"e145" [label="e"]
	"Exp172" -> "e145"
	"Statements146" [label="Statements"]
	"Statements46" -> "Statements146"
	"Statement147" [label="Statement"]
	"Statements146" -> "Statement147"
	"m148" [label="m",style=filled,fillcolor=powderblue]
	"Statement147" -> "m148"
	"[149" [label="[",style=filled,fillcolor=powderblue]
	"Statement147" -> "[149"
	"Expression150" [label="Expression"]
	"Statement147" -> "Expression150"
	"T151" [label="T"]
	"Expression150" -> "T151"
	"F152" [label="F"]
	"T151" -> "F152"
	"final153" [label="final"]
	"F152" -> "final153"
	"num154" [label="num",style=filled,fillcolor=powderblue]
	"final153" -> "num154"
	"F1155" [label="F1"]
	"F152" -> "F1155"
	"e156" [label="e"]
	"F1155" -> "e156"
	"Term1157" [label="Term1"]
	"T151" -> "Term1157"
	"e158" [label="e"]
	"Term1157" -> "e158"
	"Exp1159" [label="Exp1"]
	"Expression150" -> "Exp1159"
	"e160" [label="e"]
	"Exp1159" -> "e160"
	"]161" [label="]",style=filled,fillcolor=powderblue]
	"Statement147" -> "]161"
	"=162" [label="=",style=filled,fillcolor=powderblue]
	"Statement147" -> "=162"
	"Expression163" [label="Expression"]
	"Statement147" -> "Expression163"
	"T164" [label="T"]
	"Expression163" -> "T164"
	"F165" [label="F"]
	"T164" -> "F165"
	"final166" [label="final"]
	"F165" -> "final166"
	"num167" [label="num",style=filled,fillcolor=powderblue]
	"final166" -> "num167"
	"F1168" [label="F1"]
	"F165" -> "F1168"
	"e169" [label="e"]
	"F1168" -> "e169"
	"Term1170" [label="Term1"]
	"T164" -> "Term1170"
	"e171" [label="e"]
	"Term1170" -> "e171"
	"Exp1172" [label="Exp1"]
	"Expression163" -> "Exp1172"
	"-173" [label="-",style=filled,fillcolor=powderblue]
	"Exp1172" -> "-173"
	"T174" [label="T"]
	"Exp1172" -> "T174"
	"F175" [label="F"]
	"T174" -> "F175"
	"final176" [label="final"]
	"F175" -> "final176"
	"m177" [label="m",style=filled,fillcolor=powderblue]
	"final176" -> "m177"
	"[178" [label="[",style=filled,fillcolor=powderblue]
	"final176" -> "[178"
	"Expression179" [label="Expression"]
	"final176" -> "Expression179"
	"T180" [label="T"]
	"Expression179" -> "T180"
	"F181" [label="F"]
	"T180" -> "F181"
	"final182" [label="final"]
	"F181" -> "final182"
	"num183" [label="num",style=filled,fillcolor=powderblue]
	"final182" -> "num183"
	"F1184" [label="F1"]
	"F181" -> "F1184"
	"**185" [label="**",style=filled,fillcolor=powderblue]
	"F1184" -> "**185"
	"final186" [label="final"]
	"F1184" -> "final186"
	"num187" [label="num",style=filled,fillcolor=powderblue]
	"final186" -> "num187"
	"F1188" [label="F1"]
	"F1184" -> "F1188"
	"e189" [label="e"]
	"F1188" -> "e189"
	"e190" [label="e"]
	"F1184" -> "e190"
	"Term1191" [label="Term1"]
	"T180" -> "Term1191"
	"e192" [label="e"]
	"Term1191" -> "e192"
	"Exp1193" [label="Exp1"]
	"Expression179" -> "Exp1193"
	"-194" [label="-",style=filled,fillcolor=powderblue]
	"Exp1193" -> "-194"
	"T195" [label="T"]
	"Exp1193" -> "T195"
	"F196" [label="F"]
	"T195" -> "F196"
	"final197" [label="final"]
	"F196" -> "final197"
	"num198" [label="num",style=filled,fillcolor=powderblue]
	"final197" -> "num198"
	"F1199" [label="F1"]
	"F196" -> "F1199"
	"e200" [label="e"]
	"F1199" -> "e200"
	"Term1201" [label="Term1"]
	"T195" -> "Term1201"
	"e202" [label="e"]
	"Term1201" -> "e202"
	"Exp1203" [label="Exp1"]
	"Exp1193" -> "Exp1203"
	"+204" [label="+",style=filled,fillcolor=powderblue]
	"Exp1203" -> "+204"
	"T205" [label="T"]
	"Exp1203" -> "T205"
	"F206" [label="F"]
	"T205" -> "F206"
	"final207" [label="final"]
	"F206" -> "final207"
	"num208" [label="num",style=filled,fillcolor=powderblue]
	"final207" -> "num208"
	"F1209" [label="F1"]
	"F206" -> "F1209"
	"e210" [label="e"]
	"F1209" -> "e210"
	"Term1211" [label="Term1"]
	"T205" -> "Term1211"
	"e212" [label="e"]
	"Term1211" -> "e212"
	"Exp1213" [label="Exp1"]
	"Exp1203" -> "Exp1213"
	"e214" [label="e"]
	"Exp1213" -> "e214"
	"e215" [label="e"]
	"Exp1203" -> "e215"
	"e216" [label="e"]
	"Exp1193" -> "e216"
	"]217" [label="]",style=filled,fillcolor=powderblue]
	"final176" -> "]217"
	"F1218" [label="F1"]
	"F175" -> "F1218"
	"e219" [label="e"]
	"F1218" -> "e219"
	"Term1220" [label="Term1"]
	"T174" -> "Term1220"
	"e221" [label="e"]
	"Term1220" -> "e221"
	"Exp1222" [label="Exp1"]
	"Exp1172" -> "Exp1222"
	"-223" [label="-",style=filled,fillcolor=powderblue]
	"Exp1222" -> "-223"
	"T224" [label="T"]
	"Exp1222" -> "T224"
	"F225" [label="F"]
	"T224" -> "F225"
	"final226" [label="final"]
	"F225" -> "final226"
	"num227" [label="num",style=filled,fillcolor=powderblue]
	"final226" -> "num227"
	"F1228" [label="F1"]
	"F225" -> "F1228"
	"e229" [label="e"]
	"F1228" -> "e229"
	"Term1230" [label="Term1"]
	"T224" -> "Term1230"
	"e231" [label="e"]
	"Term1230" -> "e231"
	"Exp1232" [label="Exp1"]
	"Exp1222" -> "Exp1232"
	"e233" [label="e"]
	"Exp1232" -> "e233"
	"e234" [label="e"]
	"Exp1222" -> "e234"
	"e235" [label="e"]
	"Exp1172" -> "e235"
	"Statements236" [label="Statements"]
	"Statements146" -> "Statements236"
	"Statement237" [label="Statement"]
	"Statements236" -> "Statement237"
	"print238" [label="print",style=filled,fillcolor=powderblue]
	"Statement237" -> "print238"
	"Expression239" [label="Expression"]
	"Statement237" -> "Expression239"
	"T240" [label="T"]
	"Expression239" -> "T240"
	"F241" [label="F"]
	"T240" -> "F241"
	"final242" [label="final"]
	"F241" -> "final242"
	"m243" [label="m",style=filled,fillcolor=powderblue]
	"final242" -> "m243"
	"[244" [label="[",style=filled,fillcolor=powderblue]
	"final242" -> "[244"
	"Expression245" [label="Expression"]
	"final242" -> "Expression245"
	"T246" [label="T"]
	"Expression245" -> "T246"
	"F247" [label="F"]
	"T246" -> "F247"
	"final248" [label="final"]
	"F247" -> "final248"
	"num249" [label="num",style=filled,fillcolor=powderblue]
	"final248" -> "num249"
	"F1250" [label="F1"]
	"F247" -> "F1250"
	"e251" [label="e"]
	"F1250" -> "e251"
	"Term1252" [label="Term1"]
	"T246" -> "Term1252"
	"e253" [label="e"]
	"Term1252" -> "e253"
	"Exp1254" [label="Exp1"]
	"Expression245" -> "Exp1254"
	"e255" [label="e"]
	"Exp1254" -> "e255"
	"]256" [label="]",style=filled,fillcolor=powderblue]
	"final242" -> "]256"
	"F1257" [label="F1"]
	"F241" -> "F1257"
	"e258" [label="e"]
	"F1257" -> "e258"
	"Term1259" [label="Term1"]
	"T240" -> "Term1259"
	"e260" [label="e"]
	"Term1259" -> "e260"
	"Exp1261" [label="Exp1"]
	"Expression239" -> "Exp1261"
	"e262" [label="e"]
	"Exp1261" -> "e262"
	"Statements263" [label="Statements"]
	"Statements236" -> "Statements263"
	"Statement264" [label="Statement"]
	"Statements263" -> "Statement264"
	"print265" [label="print",style=filled,fillcolor=powderblue]
	"Statement264" -> "print265"
	"Expression266" [label="Expression"]
	"Statement264" -> "Expression266"
	"T267" [label="T"]
	"Expression266" -> "T267"
	"F268" [label="F"]
	"T267" -> "F268"
	"final269" [label="final"]
	"F268" -> "final269"
	"m270" [label="m",style=filled,fillcolor=powderblue]
	"final269" -> "m270"
	"[271" [label="[",style=filled,fillcolor=powderblue]
	"final269" -> "[271"
	"Expression272" [label="Expression"]
	"final269" -> "Expression272"
	"T273" [label="T"]
	"Expression272" -> "T273"
	"F274" [label="F"]
	"T273" -> "F274"
	"final275" [label="final"]
	"F274" -> "final275"
	"num276" [label="num",style=filled,fillcolor=powderblue]
	"final275" -> "num276"
	"F1277" [label="F1"]
	"F274" -> "F1277"
	"e278" [label="e"]
	"F1277" -> "e278"
	"Term1279" [label="Term1"]
	"T273" -> "Term1279"
	"e280" [label="e"]
	"Term1279" -> "e280"
	"Exp1281" [label="Exp1"]
	"Expression272" -> "Exp1281"
	"e282" [label="e"]
	"Exp1281" -> "e282"
	"]283" [label="]",style=filled,fillcolor=powderblue]
	"final269" -> "]283"
	"F1284" [label="F1"]
	"F268" -> "F1284"
	"e285" [label="e"]
	"F1284" -> "e285"
	"Term1286" [label="Term1"]
	"T267" -> "Term1286"
	"e287" [label="e"]
	"Term1286" -> "e287"
	"Exp1288" [label="Exp1"]
	"Expression266" -> "Exp1288"
	"e289" [label="e"]
	"Exp1288" -> "e289"
	"Statements290" [label="Statements"]
	"Statements263" -> "Statements290"
	"Statement291" [label="Statement"]
	"Statements290" -> "Statement291"
	"print292" [label="print",style=filled,fillcolor=powderblue]
	"Statement291" -> "print292"
	"Expression293" [label="Expression"]
	"Statement291" -> "Expression293"
	"T294" [label="T"]
	"Expression293" -> "T294"
	"F295" [label="F"]
	"T294" -> "F295"
	"final296" [label="final"]
	"F295" -> "final296"
	"m297" [label="m",style=filled,fillcolor=powderblue]
	"final296" -> "m297"
	"[298" [label="[",style=filled,fillcolor=powderblue]
	"final296" -> "[298"
	"Expression299" [label="Expression"]
	"final296" -> "Expression299"
	"T300" [label="T"]
	"Expression299" -> "T300"
	"F301" [label="F"]
	"T300" -> "F301"
	"final302" [label="final"]
	"F301" -> "final302"
	"num303" [label="num",style=filled,fillcolor=powderblue]
	"final302" -> "num303"
	"F1304" [label="F1"]
	"F301" -> "F1304"
	"e305" [label="e"]
	"F1304" -> "e305"
	"Term1306" [label="Term1"]
	"T300" -> "Term1306"
	"e307" [label="e"]
	"Term1306" -> "e307"
	"Exp1308" [label="Exp1"]
	"Expression299" -> "Exp1308"
	"e309" [label="e"]
	"Exp1308" -> "e309"
	"]310" [label="]",style=filled,fillcolor=powderblue]
	"final296" -> "]310"
	"F1311" [label="F1"]
	"F295" -> "F1311"
	"e312" [label="e"]
	"F1311" -> "e312"
	"Term1313" [label="Term1"]
	"T294" -> "Term1313"
	"e314" [label="e"]
	"Term1313" -> "e314"
	"Exp1315" [label="Exp1"]
	"Expression293" -> "Exp1315"
	"e316" [label="e"]
	"Exp1315" -> "e316"
	"Statements317" [label="Statements"]
	"Statements290" -> "Statements317"
	"e318" [label="e"]
	"Statements317" -> "e318"
};
