digraph G {
	"Start1" [label="Start"]
	"Statments2" [label="Statments"]
	"Start1" -> "Statments2"
	"Statement3" [label="Statement"]
	"Statments2" -> "Statement3"
	"m4" [label="m",style=filled,fillcolor=powderblue]
	"Statement3" -> "m4"
	"Assignment5" [label="Assignment"]
	"Statement3" -> "Assignment5"
	"[6" [label="[",style=filled,fillcolor=powderblue]
	"Assignment5" -> "[6"
	"Expression7" [label="Expression"]
	"Assignment5" -> "Expression7"
	"Term8" [label="Term"]
	"Expression7" -> "Term8"
	"Factor9" [label="Factor"]
	"Term8" -> "Factor9"
	"Exp10" [label="Exp"]
	"Factor9" -> "Exp10"
	"num11" [label="num",style=filled,fillcolor=powderblue]
	"Exp10" -> "num11"
	"FactorP12" [label="FactorP"]
	"Factor9" -> "FactorP12"
	"e13" [label="e"]
	"FactorP12" -> "e13"
	"TermP14" [label="TermP"]
	"Term8" -> "TermP14"
	"e15" [label="e"]
	"TermP14" -> "e15"
	"ExpressionP16" [label="ExpressionP"]
	"Expression7" -> "ExpressionP16"
	"e17" [label="e"]
	"ExpressionP16" -> "e17"
	"]18" [label="]",style=filled,fillcolor=powderblue]
	"Assignment5" -> "]18"
	"=19" [label="=",style=filled,fillcolor=powderblue]
	"Assignment5" -> "=19"
	"Expression20" [label="Expression"]
	"Assignment5" -> "Expression20"
	"Term21" [label="Term"]
	"Expression20" -> "Term21"
	"Factor22" [label="Factor"]
	"Term21" -> "Factor22"
	"Exp23" [label="Exp"]
	"Factor22" -> "Exp23"
	"num24" [label="num",style=filled,fillcolor=powderblue]
	"Exp23" -> "num24"
	"FactorP25" [label="FactorP"]
	"Factor22" -> "FactorP25"
	"e26" [label="e"]
	"FactorP25" -> "e26"
	"TermP27" [label="TermP"]
	"Term21" -> "TermP27"
	"/28" [label="/",style=filled,fillcolor=powderblue]
	"TermP27" -> "/28"
	"Factor29" [label="Factor"]
	"TermP27" -> "Factor29"
	"Exp30" [label="Exp"]
	"Factor29" -> "Exp30"
	"num31" [label="num",style=filled,fillcolor=powderblue]
	"Exp30" -> "num31"
	"FactorP32" [label="FactorP"]
	"Factor29" -> "FactorP32"
	"e33" [label="e"]
	"FactorP32" -> "e33"
	"TermP34" [label="TermP"]
	"TermP27" -> "TermP34"
	"*35" [label="*",style=filled,fillcolor=powderblue]
	"TermP34" -> "*35"
	"Factor36" [label="Factor"]
	"TermP34" -> "Factor36"
	"Exp37" [label="Exp"]
	"Factor36" -> "Exp37"
	"num38" [label="num",style=filled,fillcolor=powderblue]
	"Exp37" -> "num38"
	"FactorP39" [label="FactorP"]
	"Factor36" -> "FactorP39"
	"e40" [label="e"]
	"FactorP39" -> "e40"
	"TermP41" [label="TermP"]
	"TermP34" -> "TermP41"
	"e42" [label="e"]
	"TermP41" -> "e42"
	"ExpressionP43" [label="ExpressionP"]
	"Expression20" -> "ExpressionP43"
	"e44" [label="e"]
	"ExpressionP43" -> "e44"
	"More_Statement45" [label="More_Statement"]
	"Statments2" -> "More_Statement45"
	"Statement46" [label="Statement"]
	"More_Statement45" -> "Statement46"
	"Jump47" [label="Jump"]
	"Statement46" -> "Jump47"
	"goto48" [label="goto",style=filled,fillcolor=powderblue]
	"Jump47" -> "goto48"
	"num49" [label="num",style=filled,fillcolor=powderblue]
	"Jump47" -> "num49"
	"More_Statement50" [label="More_Statement"]
	"More_Statement45" -> "More_Statement50"
	"Statement51" [label="Statement"]
	"More_Statement50" -> "Statement51"
	"m52" [label="m",style=filled,fillcolor=powderblue]
	"Statement51" -> "m52"
	"Assignment53" [label="Assignment"]
	"Statement51" -> "Assignment53"
	"[54" [label="[",style=filled,fillcolor=powderblue]
	"Assignment53" -> "[54"
	"Expression55" [label="Expression"]
	"Assignment53" -> "Expression55"
	"Term56" [label="Term"]
	"Expression55" -> "Term56"
	"Factor57" [label="Factor"]
	"Term56" -> "Factor57"
	"Exp58" [label="Exp"]
	"Factor57" -> "Exp58"
	"num59" [label="num",style=filled,fillcolor=powderblue]
	"Exp58" -> "num59"
	"FactorP60" [label="FactorP"]
	"Factor57" -> "FactorP60"
	"e61" [label="e"]
	"FactorP60" -> "e61"
	"TermP62" [label="TermP"]
	"Term56" -> "TermP62"
	"e63" [label="e"]
	"TermP62" -> "e63"
	"ExpressionP64" [label="ExpressionP"]
	"Expression55" -> "ExpressionP64"
	"e65" [label="e"]
	"ExpressionP64" -> "e65"
	"]66" [label="]",style=filled,fillcolor=powderblue]
	"Assignment53" -> "]66"
	"=67" [label="=",style=filled,fillcolor=powderblue]
	"Assignment53" -> "=67"
	"Expression68" [label="Expression"]
	"Assignment53" -> "Expression68"
	"Term69" [label="Term"]
	"Expression68" -> "Term69"
	"Factor70" [label="Factor"]
	"Term69" -> "Factor70"
	"Exp71" [label="Exp"]
	"Factor70" -> "Exp71"
	"num72" [label="num",style=filled,fillcolor=powderblue]
	"Exp71" -> "num72"
	"FactorP73" [label="FactorP"]
	"Factor70" -> "FactorP73"
	"e74" [label="e"]
	"FactorP73" -> "e74"
	"TermP75" [label="TermP"]
	"Term69" -> "TermP75"
	"e76" [label="e"]
	"TermP75" -> "e76"
	"ExpressionP77" [label="ExpressionP"]
	"Expression68" -> "ExpressionP77"
	"+78" [label="+",style=filled,fillcolor=powderblue]
	"ExpressionP77" -> "+78"
	"Term79" [label="Term"]
	"ExpressionP77" -> "Term79"
	"Factor80" [label="Factor"]
	"Term79" -> "Factor80"
	"Exp81" [label="Exp"]
	"Factor80" -> "Exp81"
	"m82" [label="m",style=filled,fillcolor=powderblue]
	"Exp81" -> "m82"
	"[83" [label="[",style=filled,fillcolor=powderblue]
	"Exp81" -> "[83"
	"Expression84" [label="Expression"]
	"Exp81" -> "Expression84"
	"Term85" [label="Term"]
	"Expression84" -> "Term85"
	"Factor86" [label="Factor"]
	"Term85" -> "Factor86"
	"Exp87" [label="Exp"]
	"Factor86" -> "Exp87"
	"num88" [label="num",style=filled,fillcolor=powderblue]
	"Exp87" -> "num88"
	"FactorP89" [label="FactorP"]
	"Factor86" -> "FactorP89"
	"e90" [label="e"]
	"FactorP89" -> "e90"
	"TermP91" [label="TermP"]
	"Term85" -> "TermP91"
	"e92" [label="e"]
	"TermP91" -> "e92"
	"ExpressionP93" [label="ExpressionP"]
	"Expression84" -> "ExpressionP93"
	"e94" [label="e"]
	"ExpressionP93" -> "e94"
	"]95" [label="]",style=filled,fillcolor=powderblue]
	"Exp81" -> "]95"
	"FactorP96" [label="FactorP"]
	"Factor80" -> "FactorP96"
	"e97" [label="e"]
	"FactorP96" -> "e97"
	"TermP98" [label="TermP"]
	"Term79" -> "TermP98"
	"e99" [label="e"]
	"TermP98" -> "e99"
	"ExpressionP100" [label="ExpressionP"]
	"ExpressionP77" -> "ExpressionP100"
	"e101" [label="e"]
	"ExpressionP100" -> "e101"
	"More_Statement102" [label="More_Statement"]
	"More_Statement50" -> "More_Statement102"
	"Statement103" [label="Statement"]
	"More_Statement102" -> "Statement103"
	"m104" [label="m",style=filled,fillcolor=powderblue]
	"Statement103" -> "m104"
	"Assignment105" [label="Assignment"]
	"Statement103" -> "Assignment105"
	"[106" [label="[",style=filled,fillcolor=powderblue]
	"Assignment105" -> "[106"
	"Expression107" [label="Expression"]
	"Assignment105" -> "Expression107"
	"Term108" [label="Term"]
	"Expression107" -> "Term108"
	"Factor109" [label="Factor"]
	"Term108" -> "Factor109"
	"Exp110" [label="Exp"]
	"Factor109" -> "Exp110"
	"num111" [label="num",style=filled,fillcolor=powderblue]
	"Exp110" -> "num111"
	"FactorP112" [label="FactorP"]
	"Factor109" -> "FactorP112"
	"e113" [label="e"]
	"FactorP112" -> "e113"
	"TermP114" [label="TermP"]
	"Term108" -> "TermP114"
	"e115" [label="e"]
	"TermP114" -> "e115"
	"ExpressionP116" [label="ExpressionP"]
	"Expression107" -> "ExpressionP116"
	"e117" [label="e"]
	"ExpressionP116" -> "e117"
	"]118" [label="]",style=filled,fillcolor=powderblue]
	"Assignment105" -> "]118"
	"=119" [label="=",style=filled,fillcolor=powderblue]
	"Assignment105" -> "=119"
	"Expression120" [label="Expression"]
	"Assignment105" -> "Expression120"
	"Term121" [label="Term"]
	"Expression120" -> "Term121"
	"Factor122" [label="Factor"]
	"Term121" -> "Factor122"
	"Exp123" [label="Exp"]
	"Factor122" -> "Exp123"
	"num124" [label="num",style=filled,fillcolor=powderblue]
	"Exp123" -> "num124"
	"FactorP125" [label="FactorP"]
	"Factor122" -> "FactorP125"
	"e126" [label="e"]
	"FactorP125" -> "e126"
	"TermP127" [label="TermP"]
	"Term121" -> "TermP127"
	"e128" [label="e"]
	"TermP127" -> "e128"
	"ExpressionP129" [label="ExpressionP"]
	"Expression120" -> "ExpressionP129"
	"-130" [label="-",style=filled,fillcolor=powderblue]
	"ExpressionP129" -> "-130"
	"Term131" [label="Term"]
	"ExpressionP129" -> "Term131"
	"Factor132" [label="Factor"]
	"Term131" -> "Factor132"
	"Exp133" [label="Exp"]
	"Factor132" -> "Exp133"
	"m134" [label="m",style=filled,fillcolor=powderblue]
	"Exp133" -> "m134"
	"[135" [label="[",style=filled,fillcolor=powderblue]
	"Exp133" -> "[135"
	"Expression136" [label="Expression"]
	"Exp133" -> "Expression136"
	"Term137" [label="Term"]
	"Expression136" -> "Term137"
	"Factor138" [label="Factor"]
	"Term137" -> "Factor138"
	"Exp139" [label="Exp"]
	"Factor138" -> "Exp139"
	"num140" [label="num",style=filled,fillcolor=powderblue]
	"Exp139" -> "num140"
	"FactorP141" [label="FactorP"]
	"Factor138" -> "FactorP141"
	"**142" [label="**",style=filled,fillcolor=powderblue]
	"FactorP141" -> "**142"
	"Exp143" [label="Exp"]
	"FactorP141" -> "Exp143"
	"num144" [label="num",style=filled,fillcolor=powderblue]
	"Exp143" -> "num144"
	"FactorP145" [label="FactorP"]
	"FactorP141" -> "FactorP145"
	"e146" [label="e"]
	"FactorP145" -> "e146"
	"TermP147" [label="TermP"]
	"Term137" -> "TermP147"
	"*148" [label="*",style=filled,fillcolor=powderblue]
	"TermP147" -> "*148"
	"Factor149" [label="Factor"]
	"TermP147" -> "Factor149"
	"Exp150" [label="Exp"]
	"Factor149" -> "Exp150"
	"num151" [label="num",style=filled,fillcolor=powderblue]
	"Exp150" -> "num151"
	"FactorP152" [label="FactorP"]
	"Factor149" -> "FactorP152"
	"e153" [label="e"]
	"FactorP152" -> "e153"
	"TermP154" [label="TermP"]
	"TermP147" -> "TermP154"
	"e155" [label="e"]
	"TermP154" -> "e155"
	"ExpressionP156" [label="ExpressionP"]
	"Expression136" -> "ExpressionP156"
	"-157" [label="-",style=filled,fillcolor=powderblue]
	"ExpressionP156" -> "-157"
	"Term158" [label="Term"]
	"ExpressionP156" -> "Term158"
	"Factor159" [label="Factor"]
	"Term158" -> "Factor159"
	"Exp160" [label="Exp"]
	"Factor159" -> "Exp160"
	"num161" [label="num",style=filled,fillcolor=powderblue]
	"Exp160" -> "num161"
	"FactorP162" [label="FactorP"]
	"Factor159" -> "FactorP162"
	"e163" [label="e"]
	"FactorP162" -> "e163"
	"TermP164" [label="TermP"]
	"Term158" -> "TermP164"
	"e165" [label="e"]
	"TermP164" -> "e165"
	"ExpressionP166" [label="ExpressionP"]
	"ExpressionP156" -> "ExpressionP166"
	"e167" [label="e"]
	"ExpressionP166" -> "e167"
	"]168" [label="]",style=filled,fillcolor=powderblue]
	"Exp133" -> "]168"
	"FactorP169" [label="FactorP"]
	"Factor132" -> "FactorP169"
	"e170" [label="e"]
	"FactorP169" -> "e170"
	"TermP171" [label="TermP"]
	"Term131" -> "TermP171"
	"e172" [label="e"]
	"TermP171" -> "e172"
	"ExpressionP173" [label="ExpressionP"]
	"ExpressionP129" -> "ExpressionP173"
	"-174" [label="-",style=filled,fillcolor=powderblue]
	"ExpressionP173" -> "-174"
	"Term175" [label="Term"]
	"ExpressionP173" -> "Term175"
	"Factor176" [label="Factor"]
	"Term175" -> "Factor176"
	"Exp177" [label="Exp"]
	"Factor176" -> "Exp177"
	"num178" [label="num",style=filled,fillcolor=powderblue]
	"Exp177" -> "num178"
	"FactorP179" [label="FactorP"]
	"Factor176" -> "FactorP179"
	"e180" [label="e"]
	"FactorP179" -> "e180"
	"TermP181" [label="TermP"]
	"Term175" -> "TermP181"
	"e182" [label="e"]
	"TermP181" -> "e182"
	"ExpressionP183" [label="ExpressionP"]
	"ExpressionP173" -> "ExpressionP183"
	"e184" [label="e"]
	"ExpressionP183" -> "e184"
	"More_Statement185" [label="More_Statement"]
	"More_Statement102" -> "More_Statement185"
	"Statement186" [label="Statement"]
	"More_Statement185" -> "Statement186"
	"Jump187" [label="Jump"]
	"Statement186" -> "Jump187"
	"L188" [label="L",style=filled,fillcolor=powderblue]
	"Jump187" -> "L188"
	"num189" [label="num",style=filled,fillcolor=powderblue]
	"Jump187" -> "num189"
	":190" [label=":",style=filled,fillcolor=powderblue]
	"Jump187" -> ":190"
	"More_Statement191" [label="More_Statement"]
	"More_Statement185" -> "More_Statement191"
	"Statement192" [label="Statement"]
	"More_Statement191" -> "Statement192"
	"m193" [label="m",style=filled,fillcolor=powderblue]
	"Statement192" -> "m193"
	"Assignment194" [label="Assignment"]
	"Statement192" -> "Assignment194"
	"[195" [label="[",style=filled,fillcolor=powderblue]
	"Assignment194" -> "[195"
	"Expression196" [label="Expression"]
	"Assignment194" -> "Expression196"
	"Term197" [label="Term"]
	"Expression196" -> "Term197"
	"Factor198" [label="Factor"]
	"Term197" -> "Factor198"
	"Exp199" [label="Exp"]
	"Factor198" -> "Exp199"
	"num200" [label="num",style=filled,fillcolor=powderblue]
	"Exp199" -> "num200"
	"FactorP201" [label="FactorP"]
	"Factor198" -> "FactorP201"
	"e202" [label="e"]
	"FactorP201" -> "e202"
	"TermP203" [label="TermP"]
	"Term197" -> "TermP203"
	"e204" [label="e"]
	"TermP203" -> "e204"
	"ExpressionP205" [label="ExpressionP"]
	"Expression196" -> "ExpressionP205"
	"e206" [label="e"]
	"ExpressionP205" -> "e206"
	"]207" [label="]",style=filled,fillcolor=powderblue]
	"Assignment194" -> "]207"
	"=208" [label="=",style=filled,fillcolor=powderblue]
	"Assignment194" -> "=208"
	"Expression209" [label="Expression"]
	"Assignment194" -> "Expression209"
	"Term210" [label="Term"]
	"Expression209" -> "Term210"
	"Factor211" [label="Factor"]
	"Term210" -> "Factor211"
	"Exp212" [label="Exp"]
	"Factor211" -> "Exp212"
	"num213" [label="num",style=filled,fillcolor=powderblue]
	"Exp212" -> "num213"
	"FactorP214" [label="FactorP"]
	"Factor211" -> "FactorP214"
	"e215" [label="e"]
	"FactorP214" -> "e215"
	"TermP216" [label="TermP"]
	"Term210" -> "TermP216"
	"e217" [label="e"]
	"TermP216" -> "e217"
	"ExpressionP218" [label="ExpressionP"]
	"Expression209" -> "ExpressionP218"
	"-219" [label="-",style=filled,fillcolor=powderblue]
	"ExpressionP218" -> "-219"
	"Term220" [label="Term"]
	"ExpressionP218" -> "Term220"
	"Factor221" [label="Factor"]
	"Term220" -> "Factor221"
	"Exp222" [label="Exp"]
	"Factor221" -> "Exp222"
	"(223" [label="(",style=filled,fillcolor=powderblue]
	"Exp222" -> "(223"
	"Expression224" [label="Expression"]
	"Exp222" -> "Expression224"
	"Term225" [label="Term"]
	"Expression224" -> "Term225"
	"Factor226" [label="Factor"]
	"Term225" -> "Factor226"
	"Exp227" [label="Exp"]
	"Factor226" -> "Exp227"
	"m228" [label="m",style=filled,fillcolor=powderblue]
	"Exp227" -> "m228"
	"[229" [label="[",style=filled,fillcolor=powderblue]
	"Exp227" -> "[229"
	"Expression230" [label="Expression"]
	"Exp227" -> "Expression230"
	"Term231" [label="Term"]
	"Expression230" -> "Term231"
	"Factor232" [label="Factor"]
	"Term231" -> "Factor232"
	"Exp233" [label="Exp"]
	"Factor232" -> "Exp233"
	"num234" [label="num",style=filled,fillcolor=powderblue]
	"Exp233" -> "num234"
	"FactorP235" [label="FactorP"]
	"Factor232" -> "FactorP235"
	"e236" [label="e"]
	"FactorP235" -> "e236"
	"TermP237" [label="TermP"]
	"Term231" -> "TermP237"
	"e238" [label="e"]
	"TermP237" -> "e238"
	"ExpressionP239" [label="ExpressionP"]
	"Expression230" -> "ExpressionP239"
	"e240" [label="e"]
	"ExpressionP239" -> "e240"
	"]241" [label="]",style=filled,fillcolor=powderblue]
	"Exp227" -> "]241"
	"FactorP242" [label="FactorP"]
	"Factor226" -> "FactorP242"
	"e243" [label="e"]
	"FactorP242" -> "e243"
	"TermP244" [label="TermP"]
	"Term225" -> "TermP244"
	"e245" [label="e"]
	"TermP244" -> "e245"
	"ExpressionP246" [label="ExpressionP"]
	"Expression224" -> "ExpressionP246"
	"-247" [label="-",style=filled,fillcolor=powderblue]
	"ExpressionP246" -> "-247"
	"Term248" [label="Term"]
	"ExpressionP246" -> "Term248"
	"Factor249" [label="Factor"]
	"Term248" -> "Factor249"
	"Exp250" [label="Exp"]
	"Factor249" -> "Exp250"
	"num251" [label="num",style=filled,fillcolor=powderblue]
	"Exp250" -> "num251"
	"FactorP252" [label="FactorP"]
	"Factor249" -> "FactorP252"
	"e253" [label="e"]
	"FactorP252" -> "e253"
	"TermP254" [label="TermP"]
	"Term248" -> "TermP254"
	"e255" [label="e"]
	"TermP254" -> "e255"
	"ExpressionP256" [label="ExpressionP"]
	"ExpressionP246" -> "ExpressionP256"
	"e257" [label="e"]
	"ExpressionP256" -> "e257"
	")258" [label=")",style=filled,fillcolor=powderblue]
	"Exp222" -> ")258"
	"FactorP259" [label="FactorP"]
	"Factor221" -> "FactorP259"
	"e260" [label="e"]
	"FactorP259" -> "e260"
	"TermP261" [label="TermP"]
	"Term220" -> "TermP261"
	"e262" [label="e"]
	"TermP261" -> "e262"
	"ExpressionP263" [label="ExpressionP"]
	"ExpressionP218" -> "ExpressionP263"
	"e264" [label="e"]
	"ExpressionP263" -> "e264"
	"More_Statement265" [label="More_Statement"]
	"More_Statement191" -> "More_Statement265"
	"Statement266" [label="Statement"]
	"More_Statement265" -> "Statement266"
	"m267" [label="m",style=filled,fillcolor=powderblue]
	"Statement266" -> "m267"
	"Assignment268" [label="Assignment"]
	"Statement266" -> "Assignment268"
	"[269" [label="[",style=filled,fillcolor=powderblue]
	"Assignment268" -> "[269"
	"Expression270" [label="Expression"]
	"Assignment268" -> "Expression270"
	"Term271" [label="Term"]
	"Expression270" -> "Term271"
	"Factor272" [label="Factor"]
	"Term271" -> "Factor272"
	"Exp273" [label="Exp"]
	"Factor272" -> "Exp273"
	"num274" [label="num",style=filled,fillcolor=powderblue]
	"Exp273" -> "num274"
	"FactorP275" [label="FactorP"]
	"Factor272" -> "FactorP275"
	"e276" [label="e"]
	"FactorP275" -> "e276"
	"TermP277" [label="TermP"]
	"Term271" -> "TermP277"
	"e278" [label="e"]
	"TermP277" -> "e278"
	"ExpressionP279" [label="ExpressionP"]
	"Expression270" -> "ExpressionP279"
	"e280" [label="e"]
	"ExpressionP279" -> "e280"
	"]281" [label="]",style=filled,fillcolor=powderblue]
	"Assignment268" -> "]281"
	"=282" [label="=",style=filled,fillcolor=powderblue]
	"Assignment268" -> "=282"
	"Expression283" [label="Expression"]
	"Assignment268" -> "Expression283"
	"Term284" [label="Term"]
	"Expression283" -> "Term284"
	"Factor285" [label="Factor"]
	"Term284" -> "Factor285"
	"Exp286" [label="Exp"]
	"Factor285" -> "Exp286"
	"num287" [label="num",style=filled,fillcolor=powderblue]
	"Exp286" -> "num287"
	"FactorP288" [label="FactorP"]
	"Factor285" -> "FactorP288"
	"e289" [label="e"]
	"FactorP288" -> "e289"
	"TermP290" [label="TermP"]
	"Term284" -> "TermP290"
	"/291" [label="/",style=filled,fillcolor=powderblue]
	"TermP290" -> "/291"
	"Factor292" [label="Factor"]
	"TermP290" -> "Factor292"
	"Exp293" [label="Exp"]
	"Factor292" -> "Exp293"
	"num294" [label="num",style=filled,fillcolor=powderblue]
	"Exp293" -> "num294"
	"FactorP295" [label="FactorP"]
	"Factor292" -> "FactorP295"
	"e296" [label="e"]
	"FactorP295" -> "e296"
	"TermP297" [label="TermP"]
	"TermP290" -> "TermP297"
	"*298" [label="*",style=filled,fillcolor=powderblue]
	"TermP297" -> "*298"
	"Factor299" [label="Factor"]
	"TermP297" -> "Factor299"
	"Exp300" [label="Exp"]
	"Factor299" -> "Exp300"
	"num301" [label="num",style=filled,fillcolor=powderblue]
	"Exp300" -> "num301"
	"FactorP302" [label="FactorP"]
	"Factor299" -> "FactorP302"
	"e303" [label="e"]
	"FactorP302" -> "e303"
	"TermP304" [label="TermP"]
	"TermP297" -> "TermP304"
	"e305" [label="e"]
	"TermP304" -> "e305"
	"ExpressionP306" [label="ExpressionP"]
	"Expression283" -> "ExpressionP306"
	"e307" [label="e"]
	"ExpressionP306" -> "e307"
	"More_Statement308" [label="More_Statement"]
	"More_Statement265" -> "More_Statement308"
	"Statement309" [label="Statement"]
	"More_Statement308" -> "Statement309"
	"Jump310" [label="Jump"]
	"Statement309" -> "Jump310"
	"goto311" [label="goto",style=filled,fillcolor=powderblue]
	"Jump310" -> "goto311"
	"num312" [label="num",style=filled,fillcolor=powderblue]
	"Jump310" -> "num312"
	"More_Statement313" [label="More_Statement"]
	"More_Statement308" -> "More_Statement313"
	"Statement314" [label="Statement"]
	"More_Statement313" -> "Statement314"
	"m315" [label="m",style=filled,fillcolor=powderblue]
	"Statement314" -> "m315"
	"Assignment316" [label="Assignment"]
	"Statement314" -> "Assignment316"
	"[317" [label="[",style=filled,fillcolor=powderblue]
	"Assignment316" -> "[317"
	"Expression318" [label="Expression"]
	"Assignment316" -> "Expression318"
	"Term319" [label="Term"]
	"Expression318" -> "Term319"
	"Factor320" [label="Factor"]
	"Term319" -> "Factor320"
	"Exp321" [label="Exp"]
	"Factor320" -> "Exp321"
	"num322" [label="num",style=filled,fillcolor=powderblue]
	"Exp321" -> "num322"
	"FactorP323" [label="FactorP"]
	"Factor320" -> "FactorP323"
	"e324" [label="e"]
	"FactorP323" -> "e324"
	"TermP325" [label="TermP"]
	"Term319" -> "TermP325"
	"e326" [label="e"]
	"TermP325" -> "e326"
	"ExpressionP327" [label="ExpressionP"]
	"Expression318" -> "ExpressionP327"
	"e328" [label="e"]
	"ExpressionP327" -> "e328"
	"]329" [label="]",style=filled,fillcolor=powderblue]
	"Assignment316" -> "]329"
	"=330" [label="=",style=filled,fillcolor=powderblue]
	"Assignment316" -> "=330"
	"Expression331" [label="Expression"]
	"Assignment316" -> "Expression331"
	"Term332" [label="Term"]
	"Expression331" -> "Term332"
	"Factor333" [label="Factor"]
	"Term332" -> "Factor333"
	"Exp334" [label="Exp"]
	"Factor333" -> "Exp334"
	"num335" [label="num",style=filled,fillcolor=powderblue]
	"Exp334" -> "num335"
	"FactorP336" [label="FactorP"]
	"Factor333" -> "FactorP336"
	"e337" [label="e"]
	"FactorP336" -> "e337"
	"TermP338" [label="TermP"]
	"Term332" -> "TermP338"
	"e339" [label="e"]
	"TermP338" -> "e339"
	"ExpressionP340" [label="ExpressionP"]
	"Expression331" -> "ExpressionP340"
	"+341" [label="+",style=filled,fillcolor=powderblue]
	"ExpressionP340" -> "+341"
	"Term342" [label="Term"]
	"ExpressionP340" -> "Term342"
	"Factor343" [label="Factor"]
	"Term342" -> "Factor343"
	"Exp344" [label="Exp"]
	"Factor343" -> "Exp344"
	"m345" [label="m",style=filled,fillcolor=powderblue]
	"Exp344" -> "m345"
	"[346" [label="[",style=filled,fillcolor=powderblue]
	"Exp344" -> "[346"
	"Expression347" [label="Expression"]
	"Exp344" -> "Expression347"
	"Term348" [label="Term"]
	"Expression347" -> "Term348"
	"Factor349" [label="Factor"]
	"Term348" -> "Factor349"
	"Exp350" [label="Exp"]
	"Factor349" -> "Exp350"
	"num351" [label="num",style=filled,fillcolor=powderblue]
	"Exp350" -> "num351"
	"FactorP352" [label="FactorP"]
	"Factor349" -> "FactorP352"
	"e353" [label="e"]
	"FactorP352" -> "e353"
	"TermP354" [label="TermP"]
	"Term348" -> "TermP354"
	"e355" [label="e"]
	"TermP354" -> "e355"
	"ExpressionP356" [label="ExpressionP"]
	"Expression347" -> "ExpressionP356"
	"e357" [label="e"]
	"ExpressionP356" -> "e357"
	"]358" [label="]",style=filled,fillcolor=powderblue]
	"Exp344" -> "]358"
	"FactorP359" [label="FactorP"]
	"Factor343" -> "FactorP359"
	"e360" [label="e"]
	"FactorP359" -> "e360"
	"TermP361" [label="TermP"]
	"Term342" -> "TermP361"
	"e362" [label="e"]
	"TermP361" -> "e362"
	"ExpressionP363" [label="ExpressionP"]
	"ExpressionP340" -> "ExpressionP363"
	"e364" [label="e"]
	"ExpressionP363" -> "e364"
	"More_Statement365" [label="More_Statement"]
	"More_Statement313" -> "More_Statement365"
	"Statement366" [label="Statement"]
	"More_Statement365" -> "Statement366"
	"Jump367" [label="Jump"]
	"Statement366" -> "Jump367"
	"goto368" [label="goto",style=filled,fillcolor=powderblue]
	"Jump367" -> "goto368"
	"num369" [label="num",style=filled,fillcolor=powderblue]
	"Jump367" -> "num369"
	"if370" [label="if",style=filled,fillcolor=powderblue]
	"Jump367" -> "if370"
	"Expression371" [label="Expression"]
	"Jump367" -> "Expression371"
	"Term372" [label="Term"]
	"Expression371" -> "Term372"
	"Factor373" [label="Factor"]
	"Term372" -> "Factor373"
	"Exp374" [label="Exp"]
	"Factor373" -> "Exp374"
	"m375" [label="m",style=filled,fillcolor=powderblue]
	"Exp374" -> "m375"
	"[376" [label="[",style=filled,fillcolor=powderblue]
	"Exp374" -> "[376"
	"Expression377" [label="Expression"]
	"Exp374" -> "Expression377"
	"Term378" [label="Term"]
	"Expression377" -> "Term378"
	"Factor379" [label="Factor"]
	"Term378" -> "Factor379"
	"Exp380" [label="Exp"]
	"Factor379" -> "Exp380"
	"num381" [label="num",style=filled,fillcolor=powderblue]
	"Exp380" -> "num381"
	"FactorP382" [label="FactorP"]
	"Factor379" -> "FactorP382"
	"e383" [label="e"]
	"FactorP382" -> "e383"
	"TermP384" [label="TermP"]
	"Term378" -> "TermP384"
	"e385" [label="e"]
	"TermP384" -> "e385"
	"ExpressionP386" [label="ExpressionP"]
	"Expression377" -> "ExpressionP386"
	"e387" [label="e"]
	"ExpressionP386" -> "e387"
	"]388" [label="]",style=filled,fillcolor=powderblue]
	"Exp374" -> "]388"
	"FactorP389" [label="FactorP"]
	"Factor373" -> "FactorP389"
	"e390" [label="e"]
	"FactorP389" -> "e390"
	"TermP391" [label="TermP"]
	"Term372" -> "TermP391"
	"e392" [label="e"]
	"TermP391" -> "e392"
	"ExpressionP393" [label="ExpressionP"]
	"Expression371" -> "ExpressionP393"
	"e394" [label="e"]
	"ExpressionP393" -> "e394"
	"More_Statement395" [label="More_Statement"]
	"More_Statement365" -> "More_Statement395"
	"Statement396" [label="Statement"]
	"More_Statement395" -> "Statement396"
	"m397" [label="m",style=filled,fillcolor=powderblue]
	"Statement396" -> "m397"
	"Assignment398" [label="Assignment"]
	"Statement396" -> "Assignment398"
	"[399" [label="[",style=filled,fillcolor=powderblue]
	"Assignment398" -> "[399"
	"Expression400" [label="Expression"]
	"Assignment398" -> "Expression400"
	"Term401" [label="Term"]
	"Expression400" -> "Term401"
	"Factor402" [label="Factor"]
	"Term401" -> "Factor402"
	"Exp403" [label="Exp"]
	"Factor402" -> "Exp403"
	"num404" [label="num",style=filled,fillcolor=powderblue]
	"Exp403" -> "num404"
	"FactorP405" [label="FactorP"]
	"Factor402" -> "FactorP405"
	"e406" [label="e"]
	"FactorP405" -> "e406"
	"TermP407" [label="TermP"]
	"Term401" -> "TermP407"
	"e408" [label="e"]
	"TermP407" -> "e408"
	"ExpressionP409" [label="ExpressionP"]
	"Expression400" -> "ExpressionP409"
	"e410" [label="e"]
	"ExpressionP409" -> "e410"
	"]411" [label="]",style=filled,fillcolor=powderblue]
	"Assignment398" -> "]411"
	"=412" [label="=",style=filled,fillcolor=powderblue]
	"Assignment398" -> "=412"
	"Expression413" [label="Expression"]
	"Assignment398" -> "Expression413"
	"Term414" [label="Term"]
	"Expression413" -> "Term414"
	"Factor415" [label="Factor"]
	"Term414" -> "Factor415"
	"Exp416" [label="Exp"]
	"Factor415" -> "Exp416"
	"num417" [label="num",style=filled,fillcolor=powderblue]
	"Exp416" -> "num417"
	"FactorP418" [label="FactorP"]
	"Factor415" -> "FactorP418"
	"e419" [label="e"]
	"FactorP418" -> "e419"
	"TermP420" [label="TermP"]
	"Term414" -> "TermP420"
	"e421" [label="e"]
	"TermP420" -> "e421"
	"ExpressionP422" [label="ExpressionP"]
	"Expression413" -> "ExpressionP422"
	"-423" [label="-",style=filled,fillcolor=powderblue]
	"ExpressionP422" -> "-423"
	"Term424" [label="Term"]
	"ExpressionP422" -> "Term424"
	"Factor425" [label="Factor"]
	"Term424" -> "Factor425"
	"Exp426" [label="Exp"]
	"Factor425" -> "Exp426"
	"(427" [label="(",style=filled,fillcolor=powderblue]
	"Exp426" -> "(427"
	"Expression428" [label="Expression"]
	"Exp426" -> "Expression428"
	"Term429" [label="Term"]
	"Expression428" -> "Term429"
	"Factor430" [label="Factor"]
	"Term429" -> "Factor430"
	"Exp431" [label="Exp"]
	"Factor430" -> "Exp431"
	"m432" [label="m",style=filled,fillcolor=powderblue]
	"Exp431" -> "m432"
	"[433" [label="[",style=filled,fillcolor=powderblue]
	"Exp431" -> "[433"
	"Expression434" [label="Expression"]
	"Exp431" -> "Expression434"
	"Term435" [label="Term"]
	"Expression434" -> "Term435"
	"Factor436" [label="Factor"]
	"Term435" -> "Factor436"
	"Exp437" [label="Exp"]
	"Factor436" -> "Exp437"
	"num438" [label="num",style=filled,fillcolor=powderblue]
	"Exp437" -> "num438"
	"FactorP439" [label="FactorP"]
	"Factor436" -> "FactorP439"
	"e440" [label="e"]
	"FactorP439" -> "e440"
	"TermP441" [label="TermP"]
	"Term435" -> "TermP441"
	"e442" [label="e"]
	"TermP441" -> "e442"
	"ExpressionP443" [label="ExpressionP"]
	"Expression434" -> "ExpressionP443"
	"e444" [label="e"]
	"ExpressionP443" -> "e444"
	"]445" [label="]",style=filled,fillcolor=powderblue]
	"Exp431" -> "]445"
	"FactorP446" [label="FactorP"]
	"Factor430" -> "FactorP446"
	"e447" [label="e"]
	"FactorP446" -> "e447"
	"TermP448" [label="TermP"]
	"Term429" -> "TermP448"
	"e449" [label="e"]
	"TermP448" -> "e449"
	"ExpressionP450" [label="ExpressionP"]
	"Expression428" -> "ExpressionP450"
	"-451" [label="-",style=filled,fillcolor=powderblue]
	"ExpressionP450" -> "-451"
	"Term452" [label="Term"]
	"ExpressionP450" -> "Term452"
	"Factor453" [label="Factor"]
	"Term452" -> "Factor453"
	"Exp454" [label="Exp"]
	"Factor453" -> "Exp454"
	"num455" [label="num",style=filled,fillcolor=powderblue]
	"Exp454" -> "num455"
	"FactorP456" [label="FactorP"]
	"Factor453" -> "FactorP456"
	"e457" [label="e"]
	"FactorP456" -> "e457"
	"TermP458" [label="TermP"]
	"Term452" -> "TermP458"
	"e459" [label="e"]
	"TermP458" -> "e459"
	"ExpressionP460" [label="ExpressionP"]
	"ExpressionP450" -> "ExpressionP460"
	"e461" [label="e"]
	"ExpressionP460" -> "e461"
	")462" [label=")",style=filled,fillcolor=powderblue]
	"Exp426" -> ")462"
	"FactorP463" [label="FactorP"]
	"Factor425" -> "FactorP463"
	"e464" [label="e"]
	"FactorP463" -> "e464"
	"TermP465" [label="TermP"]
	"Term424" -> "TermP465"
	"e466" [label="e"]
	"TermP465" -> "e466"
	"ExpressionP467" [label="ExpressionP"]
	"ExpressionP422" -> "ExpressionP467"
	"e468" [label="e"]
	"ExpressionP467" -> "e468"
	"More_Statement469" [label="More_Statement"]
	"More_Statement395" -> "More_Statement469"
	"Statement470" [label="Statement"]
	"More_Statement469" -> "Statement470"
	"m471" [label="m",style=filled,fillcolor=powderblue]
	"Statement470" -> "m471"
	"Assignment472" [label="Assignment"]
	"Statement470" -> "Assignment472"
	"[473" [label="[",style=filled,fillcolor=powderblue]
	"Assignment472" -> "[473"
	"Expression474" [label="Expression"]
	"Assignment472" -> "Expression474"
	"Term475" [label="Term"]
	"Expression474" -> "Term475"
	"Factor476" [label="Factor"]
	"Term475" -> "Factor476"
	"Exp477" [label="Exp"]
	"Factor476" -> "Exp477"
	"num478" [label="num",style=filled,fillcolor=powderblue]
	"Exp477" -> "num478"
	"FactorP479" [label="FactorP"]
	"Factor476" -> "FactorP479"
	"e480" [label="e"]
	"FactorP479" -> "e480"
	"TermP481" [label="TermP"]
	"Term475" -> "TermP481"
	"e482" [label="e"]
	"TermP481" -> "e482"
	"ExpressionP483" [label="ExpressionP"]
	"Expression474" -> "ExpressionP483"
	"e484" [label="e"]
	"ExpressionP483" -> "e484"
	"]485" [label="]",style=filled,fillcolor=powderblue]
	"Assignment472" -> "]485"
	"=486" [label="=",style=filled,fillcolor=powderblue]
	"Assignment472" -> "=486"
	"Expression487" [label="Expression"]
	"Assignment472" -> "Expression487"
	"Term488" [label="Term"]
	"Expression487" -> "Term488"
	"Factor489" [label="Factor"]
	"Term488" -> "Factor489"
	"Exp490" [label="Exp"]
	"Factor489" -> "Exp490"
	"num491" [label="num",style=filled,fillcolor=powderblue]
	"Exp490" -> "num491"
	"FactorP492" [label="FactorP"]
	"Factor489" -> "FactorP492"
	"e493" [label="e"]
	"FactorP492" -> "e493"
	"TermP494" [label="TermP"]
	"Term488" -> "TermP494"
	"e495" [label="e"]
	"TermP494" -> "e495"
	"ExpressionP496" [label="ExpressionP"]
	"Expression487" -> "ExpressionP496"
	"+497" [label="+",style=filled,fillcolor=powderblue]
	"ExpressionP496" -> "+497"
	"Term498" [label="Term"]
	"ExpressionP496" -> "Term498"
	"Factor499" [label="Factor"]
	"Term498" -> "Factor499"
	"Exp500" [label="Exp"]
	"Factor499" -> "Exp500"
	"m501" [label="m",style=filled,fillcolor=powderblue]
	"Exp500" -> "m501"
	"[502" [label="[",style=filled,fillcolor=powderblue]
	"Exp500" -> "[502"
	"Expression503" [label="Expression"]
	"Exp500" -> "Expression503"
	"Term504" [label="Term"]
	"Expression503" -> "Term504"
	"Factor505" [label="Factor"]
	"Term504" -> "Factor505"
	"Exp506" [label="Exp"]
	"Factor505" -> "Exp506"
	"num507" [label="num",style=filled,fillcolor=powderblue]
	"Exp506" -> "num507"
	"FactorP508" [label="FactorP"]
	"Factor505" -> "FactorP508"
	"e509" [label="e"]
	"FactorP508" -> "e509"
	"TermP510" [label="TermP"]
	"Term504" -> "TermP510"
	"e511" [label="e"]
	"TermP510" -> "e511"
	"ExpressionP512" [label="ExpressionP"]
	"Expression503" -> "ExpressionP512"
	"e513" [label="e"]
	"ExpressionP512" -> "e513"
	"]514" [label="]",style=filled,fillcolor=powderblue]
	"Exp500" -> "]514"
	"FactorP515" [label="FactorP"]
	"Factor499" -> "FactorP515"
	"e516" [label="e"]
	"FactorP515" -> "e516"
	"TermP517" [label="TermP"]
	"Term498" -> "TermP517"
	"e518" [label="e"]
	"TermP517" -> "e518"
	"ExpressionP519" [label="ExpressionP"]
	"ExpressionP496" -> "ExpressionP519"
	"e520" [label="e"]
	"ExpressionP519" -> "e520"
	"More_Statement521" [label="More_Statement"]
	"More_Statement469" -> "More_Statement521"
	"Statement522" [label="Statement"]
	"More_Statement521" -> "Statement522"
	"Jump523" [label="Jump"]
	"Statement522" -> "Jump523"
	"goto524" [label="goto",style=filled,fillcolor=powderblue]
	"Jump523" -> "goto524"
	"num525" [label="num",style=filled,fillcolor=powderblue]
	"Jump523" -> "num525"
	"if526" [label="if",style=filled,fillcolor=powderblue]
	"Jump523" -> "if526"
	"Expression527" [label="Expression"]
	"Jump523" -> "Expression527"
	"Term528" [label="Term"]
	"Expression527" -> "Term528"
	"Factor529" [label="Factor"]
	"Term528" -> "Factor529"
	"Exp530" [label="Exp"]
	"Factor529" -> "Exp530"
	"m531" [label="m",style=filled,fillcolor=powderblue]
	"Exp530" -> "m531"
	"[532" [label="[",style=filled,fillcolor=powderblue]
	"Exp530" -> "[532"
	"Expression533" [label="Expression"]
	"Exp530" -> "Expression533"
	"Term534" [label="Term"]
	"Expression533" -> "Term534"
	"Factor535" [label="Factor"]
	"Term534" -> "Factor535"
	"Exp536" [label="Exp"]
	"Factor535" -> "Exp536"
	"num537" [label="num",style=filled,fillcolor=powderblue]
	"Exp536" -> "num537"
	"FactorP538" [label="FactorP"]
	"Factor535" -> "FactorP538"
	"e539" [label="e"]
	"FactorP538" -> "e539"
	"TermP540" [label="TermP"]
	"Term534" -> "TermP540"
	"e541" [label="e"]
	"TermP540" -> "e541"
	"ExpressionP542" [label="ExpressionP"]
	"Expression533" -> "ExpressionP542"
	"e543" [label="e"]
	"ExpressionP542" -> "e543"
	"]544" [label="]",style=filled,fillcolor=powderblue]
	"Exp530" -> "]544"
	"FactorP545" [label="FactorP"]
	"Factor529" -> "FactorP545"
	"e546" [label="e"]
	"FactorP545" -> "e546"
	"TermP547" [label="TermP"]
	"Term528" -> "TermP547"
	"e548" [label="e"]
	"TermP547" -> "e548"
	"ExpressionP549" [label="ExpressionP"]
	"Expression527" -> "ExpressionP549"
	"e550" [label="e"]
	"ExpressionP549" -> "e550"
	"More_Statement551" [label="More_Statement"]
	"More_Statement521" -> "More_Statement551"
	"Statement552" [label="Statement"]
	"More_Statement551" -> "Statement552"
	"m553" [label="m",style=filled,fillcolor=powderblue]
	"Statement552" -> "m553"
	"Assignment554" [label="Assignment"]
	"Statement552" -> "Assignment554"
	"[555" [label="[",style=filled,fillcolor=powderblue]
	"Assignment554" -> "[555"
	"Expression556" [label="Expression"]
	"Assignment554" -> "Expression556"
	"Term557" [label="Term"]
	"Expression556" -> "Term557"
	"Factor558" [label="Factor"]
	"Term557" -> "Factor558"
	"Exp559" [label="Exp"]
	"Factor558" -> "Exp559"
	"num560" [label="num",style=filled,fillcolor=powderblue]
	"Exp559" -> "num560"
	"FactorP561" [label="FactorP"]
	"Factor558" -> "FactorP561"
	"e562" [label="e"]
	"FactorP561" -> "e562"
	"TermP563" [label="TermP"]
	"Term557" -> "TermP563"
	"e564" [label="e"]
	"TermP563" -> "e564"
	"ExpressionP565" [label="ExpressionP"]
	"Expression556" -> "ExpressionP565"
	"e566" [label="e"]
	"ExpressionP565" -> "e566"
	"]567" [label="]",style=filled,fillcolor=powderblue]
	"Assignment554" -> "]567"
	"=568" [label="=",style=filled,fillcolor=powderblue]
	"Assignment554" -> "=568"
	"Expression569" [label="Expression"]
	"Assignment554" -> "Expression569"
	"Term570" [label="Term"]
	"Expression569" -> "Term570"
	"Factor571" [label="Factor"]
	"Term570" -> "Factor571"
	"Exp572" [label="Exp"]
	"Factor571" -> "Exp572"
	"num573" [label="num",style=filled,fillcolor=powderblue]
	"Exp572" -> "num573"
	"FactorP574" [label="FactorP"]
	"Factor571" -> "FactorP574"
	"e575" [label="e"]
	"FactorP574" -> "e575"
	"TermP576" [label="TermP"]
	"Term570" -> "TermP576"
	"e577" [label="e"]
	"TermP576" -> "e577"
	"ExpressionP578" [label="ExpressionP"]
	"Expression569" -> "ExpressionP578"
	"-579" [label="-",style=filled,fillcolor=powderblue]
	"ExpressionP578" -> "-579"
	"Term580" [label="Term"]
	"ExpressionP578" -> "Term580"
	"Factor581" [label="Factor"]
	"Term580" -> "Factor581"
	"Exp582" [label="Exp"]
	"Factor581" -> "Exp582"
	"m583" [label="m",style=filled,fillcolor=powderblue]
	"Exp582" -> "m583"
	"[584" [label="[",style=filled,fillcolor=powderblue]
	"Exp582" -> "[584"
	"Expression585" [label="Expression"]
	"Exp582" -> "Expression585"
	"Term586" [label="Term"]
	"Expression585" -> "Term586"
	"Factor587" [label="Factor"]
	"Term586" -> "Factor587"
	"Exp588" [label="Exp"]
	"Factor587" -> "Exp588"
	"num589" [label="num",style=filled,fillcolor=powderblue]
	"Exp588" -> "num589"
	"FactorP590" [label="FactorP"]
	"Factor587" -> "FactorP590"
	"**591" [label="**",style=filled,fillcolor=powderblue]
	"FactorP590" -> "**591"
	"Exp592" [label="Exp"]
	"FactorP590" -> "Exp592"
	"num593" [label="num",style=filled,fillcolor=powderblue]
	"Exp592" -> "num593"
	"FactorP594" [label="FactorP"]
	"FactorP590" -> "FactorP594"
	"e595" [label="e"]
	"FactorP594" -> "e595"
	"TermP596" [label="TermP"]
	"Term586" -> "TermP596"
	"*597" [label="*",style=filled,fillcolor=powderblue]
	"TermP596" -> "*597"
	"Factor598" [label="Factor"]
	"TermP596" -> "Factor598"
	"Exp599" [label="Exp"]
	"Factor598" -> "Exp599"
	"num600" [label="num",style=filled,fillcolor=powderblue]
	"Exp599" -> "num600"
	"FactorP601" [label="FactorP"]
	"Factor598" -> "FactorP601"
	"e602" [label="e"]
	"FactorP601" -> "e602"
	"TermP603" [label="TermP"]
	"TermP596" -> "TermP603"
	"e604" [label="e"]
	"TermP603" -> "e604"
	"ExpressionP605" [label="ExpressionP"]
	"Expression585" -> "ExpressionP605"
	"-606" [label="-",style=filled,fillcolor=powderblue]
	"ExpressionP605" -> "-606"
	"Term607" [label="Term"]
	"ExpressionP605" -> "Term607"
	"Factor608" [label="Factor"]
	"Term607" -> "Factor608"
	"Exp609" [label="Exp"]
	"Factor608" -> "Exp609"
	"num610" [label="num",style=filled,fillcolor=powderblue]
	"Exp609" -> "num610"
	"FactorP611" [label="FactorP"]
	"Factor608" -> "FactorP611"
	"e612" [label="e"]
	"FactorP611" -> "e612"
	"TermP613" [label="TermP"]
	"Term607" -> "TermP613"
	"e614" [label="e"]
	"TermP613" -> "e614"
	"ExpressionP615" [label="ExpressionP"]
	"ExpressionP605" -> "ExpressionP615"
	"e616" [label="e"]
	"ExpressionP615" -> "e616"
	"]617" [label="]",style=filled,fillcolor=powderblue]
	"Exp582" -> "]617"
	"FactorP618" [label="FactorP"]
	"Factor581" -> "FactorP618"
	"e619" [label="e"]
	"FactorP618" -> "e619"
	"TermP620" [label="TermP"]
	"Term580" -> "TermP620"
	"e621" [label="e"]
	"TermP620" -> "e621"
	"ExpressionP622" [label="ExpressionP"]
	"ExpressionP578" -> "ExpressionP622"
	"-623" [label="-",style=filled,fillcolor=powderblue]
	"ExpressionP622" -> "-623"
	"Term624" [label="Term"]
	"ExpressionP622" -> "Term624"
	"Factor625" [label="Factor"]
	"Term624" -> "Factor625"
	"Exp626" [label="Exp"]
	"Factor625" -> "Exp626"
	"num627" [label="num",style=filled,fillcolor=powderblue]
	"Exp626" -> "num627"
	"FactorP628" [label="FactorP"]
	"Factor625" -> "FactorP628"
	"e629" [label="e"]
	"FactorP628" -> "e629"
	"TermP630" [label="TermP"]
	"Term624" -> "TermP630"
	"e631" [label="e"]
	"TermP630" -> "e631"
	"ExpressionP632" [label="ExpressionP"]
	"ExpressionP622" -> "ExpressionP632"
	"e633" [label="e"]
	"ExpressionP632" -> "e633"
	"More_Statement634" [label="More_Statement"]
	"More_Statement551" -> "More_Statement634"
	"Statement635" [label="Statement"]
	"More_Statement634" -> "Statement635"
	"Jump636" [label="Jump"]
	"Statement635" -> "Jump636"
	"L637" [label="L",style=filled,fillcolor=powderblue]
	"Jump636" -> "L637"
	"num638" [label="num",style=filled,fillcolor=powderblue]
	"Jump636" -> "num638"
	":639" [label=":",style=filled,fillcolor=powderblue]
	"Jump636" -> ":639"
	"More_Statement640" [label="More_Statement"]
	"More_Statement634" -> "More_Statement640"
	"Statement641" [label="Statement"]
	"More_Statement640" -> "Statement641"
	"m642" [label="m",style=filled,fillcolor=powderblue]
	"Statement641" -> "m642"
	"Assignment643" [label="Assignment"]
	"Statement641" -> "Assignment643"
	"[644" [label="[",style=filled,fillcolor=powderblue]
	"Assignment643" -> "[644"
	"Expression645" [label="Expression"]
	"Assignment643" -> "Expression645"
	"Term646" [label="Term"]
	"Expression645" -> "Term646"
	"Factor647" [label="Factor"]
	"Term646" -> "Factor647"
	"Exp648" [label="Exp"]
	"Factor647" -> "Exp648"
	"num649" [label="num",style=filled,fillcolor=powderblue]
	"Exp648" -> "num649"
	"FactorP650" [label="FactorP"]
	"Factor647" -> "FactorP650"
	"e651" [label="e"]
	"FactorP650" -> "e651"
	"TermP652" [label="TermP"]
	"Term646" -> "TermP652"
	"e653" [label="e"]
	"TermP652" -> "e653"
	"ExpressionP654" [label="ExpressionP"]
	"Expression645" -> "ExpressionP654"
	"e655" [label="e"]
	"ExpressionP654" -> "e655"
	"]656" [label="]",style=filled,fillcolor=powderblue]
	"Assignment643" -> "]656"
	"=657" [label="=",style=filled,fillcolor=powderblue]
	"Assignment643" -> "=657"
	"Expression658" [label="Expression"]
	"Assignment643" -> "Expression658"
	"Term659" [label="Term"]
	"Expression658" -> "Term659"
	"Factor660" [label="Factor"]
	"Term659" -> "Factor660"
	"Exp661" [label="Exp"]
	"Factor660" -> "Exp661"
	"num662" [label="num",style=filled,fillcolor=powderblue]
	"Exp661" -> "num662"
	"FactorP663" [label="FactorP"]
	"Factor660" -> "FactorP663"
	"e664" [label="e"]
	"FactorP663" -> "e664"
	"TermP665" [label="TermP"]
	"Term659" -> "TermP665"
	"e666" [label="e"]
	"TermP665" -> "e666"
	"ExpressionP667" [label="ExpressionP"]
	"Expression658" -> "ExpressionP667"
	"-668" [label="-",style=filled,fillcolor=powderblue]
	"ExpressionP667" -> "-668"
	"Term669" [label="Term"]
	"ExpressionP667" -> "Term669"
	"Factor670" [label="Factor"]
	"Term669" -> "Factor670"
	"Exp671" [label="Exp"]
	"Factor670" -> "Exp671"
	"(672" [label="(",style=filled,fillcolor=powderblue]
	"Exp671" -> "(672"
	"Expression673" [label="Expression"]
	"Exp671" -> "Expression673"
	"Term674" [label="Term"]
	"Expression673" -> "Term674"
	"Factor675" [label="Factor"]
	"Term674" -> "Factor675"
	"Exp676" [label="Exp"]
	"Factor675" -> "Exp676"
	"m677" [label="m",style=filled,fillcolor=powderblue]
	"Exp676" -> "m677"
	"[678" [label="[",style=filled,fillcolor=powderblue]
	"Exp676" -> "[678"
	"Expression679" [label="Expression"]
	"Exp676" -> "Expression679"
	"Term680" [label="Term"]
	"Expression679" -> "Term680"
	"Factor681" [label="Factor"]
	"Term680" -> "Factor681"
	"Exp682" [label="Exp"]
	"Factor681" -> "Exp682"
	"num683" [label="num",style=filled,fillcolor=powderblue]
	"Exp682" -> "num683"
	"FactorP684" [label="FactorP"]
	"Factor681" -> "FactorP684"
	"e685" [label="e"]
	"FactorP684" -> "e685"
	"TermP686" [label="TermP"]
	"Term680" -> "TermP686"
	"e687" [label="e"]
	"TermP686" -> "e687"
	"ExpressionP688" [label="ExpressionP"]
	"Expression679" -> "ExpressionP688"
	"e689" [label="e"]
	"ExpressionP688" -> "e689"
	"]690" [label="]",style=filled,fillcolor=powderblue]
	"Exp676" -> "]690"
	"FactorP691" [label="FactorP"]
	"Factor675" -> "FactorP691"
	"e692" [label="e"]
	"FactorP691" -> "e692"
	"TermP693" [label="TermP"]
	"Term674" -> "TermP693"
	"e694" [label="e"]
	"TermP693" -> "e694"
	"ExpressionP695" [label="ExpressionP"]
	"Expression673" -> "ExpressionP695"
	"-696" [label="-",style=filled,fillcolor=powderblue]
	"ExpressionP695" -> "-696"
	"Term697" [label="Term"]
	"ExpressionP695" -> "Term697"
	"Factor698" [label="Factor"]
	"Term697" -> "Factor698"
	"Exp699" [label="Exp"]
	"Factor698" -> "Exp699"
	"num700" [label="num",style=filled,fillcolor=powderblue]
	"Exp699" -> "num700"
	"FactorP701" [label="FactorP"]
	"Factor698" -> "FactorP701"
	"e702" [label="e"]
	"FactorP701" -> "e702"
	"TermP703" [label="TermP"]
	"Term697" -> "TermP703"
	"e704" [label="e"]
	"TermP703" -> "e704"
	"ExpressionP705" [label="ExpressionP"]
	"ExpressionP695" -> "ExpressionP705"
	"e706" [label="e"]
	"ExpressionP705" -> "e706"
	")707" [label=")",style=filled,fillcolor=powderblue]
	"Exp671" -> ")707"
	"FactorP708" [label="FactorP"]
	"Factor670" -> "FactorP708"
	"e709" [label="e"]
	"FactorP708" -> "e709"
	"TermP710" [label="TermP"]
	"Term669" -> "TermP710"
	"e711" [label="e"]
	"TermP710" -> "e711"
	"ExpressionP712" [label="ExpressionP"]
	"ExpressionP667" -> "ExpressionP712"
	"e713" [label="e"]
	"ExpressionP712" -> "e713"
	"More_Statement714" [label="More_Statement"]
	"More_Statement640" -> "More_Statement714"
	"Statement715" [label="Statement"]
	"More_Statement714" -> "Statement715"
	"m716" [label="m",style=filled,fillcolor=powderblue]
	"Statement715" -> "m716"
	"Assignment717" [label="Assignment"]
	"Statement715" -> "Assignment717"
	"[718" [label="[",style=filled,fillcolor=powderblue]
	"Assignment717" -> "[718"
	"Expression719" [label="Expression"]
	"Assignment717" -> "Expression719"
	"Term720" [label="Term"]
	"Expression719" -> "Term720"
	"Factor721" [label="Factor"]
	"Term720" -> "Factor721"
	"Exp722" [label="Exp"]
	"Factor721" -> "Exp722"
	"num723" [label="num",style=filled,fillcolor=powderblue]
	"Exp722" -> "num723"
	"FactorP724" [label="FactorP"]
	"Factor721" -> "FactorP724"
	"e725" [label="e"]
	"FactorP724" -> "e725"
	"TermP726" [label="TermP"]
	"Term720" -> "TermP726"
	"e727" [label="e"]
	"TermP726" -> "e727"
	"ExpressionP728" [label="ExpressionP"]
	"Expression719" -> "ExpressionP728"
	"e729" [label="e"]
	"ExpressionP728" -> "e729"
	"]730" [label="]",style=filled,fillcolor=powderblue]
	"Assignment717" -> "]730"
	"=731" [label="=",style=filled,fillcolor=powderblue]
	"Assignment717" -> "=731"
	"Expression732" [label="Expression"]
	"Assignment717" -> "Expression732"
	"Term733" [label="Term"]
	"Expression732" -> "Term733"
	"Factor734" [label="Factor"]
	"Term733" -> "Factor734"
	"Exp735" [label="Exp"]
	"Factor734" -> "Exp735"
	"num736" [label="num",style=filled,fillcolor=powderblue]
	"Exp735" -> "num736"
	"FactorP737" [label="FactorP"]
	"Factor734" -> "FactorP737"
	"e738" [label="e"]
	"FactorP737" -> "e738"
	"TermP739" [label="TermP"]
	"Term733" -> "TermP739"
	"/740" [label="/",style=filled,fillcolor=powderblue]
	"TermP739" -> "/740"
	"Factor741" [label="Factor"]
	"TermP739" -> "Factor741"
	"Exp742" [label="Exp"]
	"Factor741" -> "Exp742"
	"num743" [label="num",style=filled,fillcolor=powderblue]
	"Exp742" -> "num743"
	"FactorP744" [label="FactorP"]
	"Factor741" -> "FactorP744"
	"e745" [label="e"]
	"FactorP744" -> "e745"
	"TermP746" [label="TermP"]
	"TermP739" -> "TermP746"
	"*747" [label="*",style=filled,fillcolor=powderblue]
	"TermP746" -> "*747"
	"Factor748" [label="Factor"]
	"TermP746" -> "Factor748"
	"Exp749" [label="Exp"]
	"Factor748" -> "Exp749"
	"num750" [label="num",style=filled,fillcolor=powderblue]
	"Exp749" -> "num750"
	"FactorP751" [label="FactorP"]
	"Factor748" -> "FactorP751"
	"e752" [label="e"]
	"FactorP751" -> "e752"
	"TermP753" [label="TermP"]
	"TermP746" -> "TermP753"
	"e754" [label="e"]
	"TermP753" -> "e754"
	"ExpressionP755" [label="ExpressionP"]
	"Expression732" -> "ExpressionP755"
	"e756" [label="e"]
	"ExpressionP755" -> "e756"
	"More_Statement757" [label="More_Statement"]
	"More_Statement714" -> "More_Statement757"
	"e758" [label="e"]
	"More_Statement757" -> "e758"
}
