digraph G {
	"Start1" [label="Start"]
	"Statments2" [label="Statments"]
	"Start1" -> "Statments2"
	"Statement3" [label="Statement"]
	"Statments2" -> "Statement3"
	"m4" [label="m",style=filled,fillcolor=powderblue]
	"Statement3" -> "m4"
	"Assignment5" [label="Assignment"]
	"Statement3" -> "Assignment5"
	"[6" [label="[",style=filled,fillcolor=powderblue]
	"Assignment5" -> "[6"
	"Expression7" [label="Expression"]
	"Assignment5" -> "Expression7"
	"Term8" [label="Term"]
	"Expression7" -> "Term8"
	"Factor9" [label="Factor"]
	"Term8" -> "Factor9"
	"Exp10" [label="Exp"]
	"Factor9" -> "Exp10"
	"num11" [label="num",style=filled,fillcolor=powderblue]
	"Exp10" -> "num11"
	"FactorP12" [label="FactorP"]
	"Factor9" -> "FactorP12"
	"e13" [label="e"]
	"FactorP12" -> "e13"
	"TermP14" [label="TermP"]
	"Term8" -> "TermP14"
	"e15" [label="e"]
	"TermP14" -> "e15"
	"ExpressionP16" [label="ExpressionP"]
	"Expression7" -> "ExpressionP16"
	"e17" [label="e"]
	"ExpressionP16" -> "e17"
	"]18" [label="]",style=filled,fillcolor=powderblue]
	"Assignment5" -> "]18"
	"=19" [label="=",style=filled,fillcolor=powderblue]
	"Assignment5" -> "=19"
	"Expression20" [label="Expression"]
	"Assignment5" -> "Expression20"
	"Term21" [label="Term"]
	"Expression20" -> "Term21"
	"Factor22" [label="Factor"]
	"Term21" -> "Factor22"
	"Exp23" [label="Exp"]
	"Factor22" -> "Exp23"
	"num24" [label="num",style=filled,fillcolor=powderblue]
	"Exp23" -> "num24"
	"FactorP25" [label="FactorP"]
	"Factor22" -> "FactorP25"
	"e26" [label="e"]
	"FactorP25" -> "e26"
	"TermP27" [label="TermP"]
	"Term21" -> "TermP27"
	"/28" [label="/",style=filled,fillcolor=powderblue]
	"TermP27" -> "/28"
	"Factor29" [label="Factor"]
	"TermP27" -> "Factor29"
	"Exp30" [label="Exp"]
	"Factor29" -> "Exp30"
	"num31" [label="num",style=filled,fillcolor=powderblue]
	"Exp30" -> "num31"
	"FactorP32" [label="FactorP"]
	"Factor29" -> "FactorP32"
	"e33" [label="e"]
	"FactorP32" -> "e33"
	"TermP34" [label="TermP"]
	"TermP27" -> "TermP34"
	"*35" [label="*",style=filled,fillcolor=powderblue]
	"TermP34" -> "*35"
	"Factor36" [label="Factor"]
	"TermP34" -> "Factor36"
	"Exp37" [label="Exp"]
	"Factor36" -> "Exp37"
	"num38" [label="num",style=filled,fillcolor=powderblue]
	"Exp37" -> "num38"
	"FactorP39" [label="FactorP"]
	"Factor36" -> "FactorP39"
	"e40" [label="e"]
	"FactorP39" -> "e40"
	"TermP41" [label="TermP"]
	"TermP34" -> "TermP41"
	"e42" [label="e"]
	"TermP41" -> "e42"
	"ExpressionP43" [label="ExpressionP"]
	"Expression20" -> "ExpressionP43"
	"e44" [label="e"]
	"ExpressionP43" -> "e44"
	"More_Statement45" [label="More_Statement"]
	"Statments2" -> "More_Statement45"
	"Statement46" [label="Statement"]
	"More_Statement45" -> "Statement46"
	"m47" [label="m",style=filled,fillcolor=powderblue]
	"Statement46" -> "m47"
	"Assignment48" [label="Assignment"]
	"Statement46" -> "Assignment48"
	"[49" [label="[",style=filled,fillcolor=powderblue]
	"Assignment48" -> "[49"
	"Expression50" [label="Expression"]
	"Assignment48" -> "Expression50"
	"Term51" [label="Term"]
	"Expression50" -> "Term51"
	"Factor52" [label="Factor"]
	"Term51" -> "Factor52"
	"Exp53" [label="Exp"]
	"Factor52" -> "Exp53"
	"num54" [label="num",style=filled,fillcolor=powderblue]
	"Exp53" -> "num54"
	"FactorP55" [label="FactorP"]
	"Factor52" -> "FactorP55"
	"e56" [label="e"]
	"FactorP55" -> "e56"
	"TermP57" [label="TermP"]
	"Term51" -> "TermP57"
	"e58" [label="e"]
	"TermP57" -> "e58"
	"ExpressionP59" [label="ExpressionP"]
	"Expression50" -> "ExpressionP59"
	"e60" [label="e"]
	"ExpressionP59" -> "e60"
	"]61" [label="]",style=filled,fillcolor=powderblue]
	"Assignment48" -> "]61"
	"=62" [label="=",style=filled,fillcolor=powderblue]
	"Assignment48" -> "=62"
	"Expression63" [label="Expression"]
	"Assignment48" -> "Expression63"
	"Term64" [label="Term"]
	"Expression63" -> "Term64"
	"Factor65" [label="Factor"]
	"Term64" -> "Factor65"
	"Exp66" [label="Exp"]
	"Factor65" -> "Exp66"
	"num67" [label="num",style=filled,fillcolor=powderblue]
	"Exp66" -> "num67"
	"FactorP68" [label="FactorP"]
	"Factor65" -> "FactorP68"
	"e69" [label="e"]
	"FactorP68" -> "e69"
	"TermP70" [label="TermP"]
	"Term64" -> "TermP70"
	"/71" [label="/",style=filled,fillcolor=powderblue]
	"TermP70" -> "/71"
	"Factor72" [label="Factor"]
	"TermP70" -> "Factor72"
	"Exp73" [label="Exp"]
	"Factor72" -> "Exp73"
	"num74" [label="num",style=filled,fillcolor=powderblue]
	"Exp73" -> "num74"
	"FactorP75" [label="FactorP"]
	"Factor72" -> "FactorP75"
	"e76" [label="e"]
	"FactorP75" -> "e76"
	"TermP77" [label="TermP"]
	"TermP70" -> "TermP77"
	"*78" [label="*",style=filled,fillcolor=powderblue]
	"TermP77" -> "*78"
	"Factor79" [label="Factor"]
	"TermP77" -> "Factor79"
	"Exp80" [label="Exp"]
	"Factor79" -> "Exp80"
	"num81" [label="num",style=filled,fillcolor=powderblue]
	"Exp80" -> "num81"
	"FactorP82" [label="FactorP"]
	"Factor79" -> "FactorP82"
	"e83" [label="e"]
	"FactorP82" -> "e83"
	"TermP84" [label="TermP"]
	"TermP77" -> "TermP84"
	"e85" [label="e"]
	"TermP84" -> "e85"
	"ExpressionP86" [label="ExpressionP"]
	"Expression63" -> "ExpressionP86"
	"e87" [label="e"]
	"ExpressionP86" -> "e87"
	"More_Statement88" [label="More_Statement"]
	"More_Statement45" -> "More_Statement88"
	"Statement89" [label="Statement"]
	"More_Statement88" -> "Statement89"
	"Jump90" [label="Jump"]
	"Statement89" -> "Jump90"
	"goto91" [label="goto",style=filled,fillcolor=powderblue]
	"Jump90" -> "goto91"
	"num92" [label="num",style=filled,fillcolor=powderblue]
	"Jump90" -> "num92"
	"More_Statement93" [label="More_Statement"]
	"More_Statement88" -> "More_Statement93"
	"Statement94" [label="Statement"]
	"More_Statement93" -> "Statement94"
	"m95" [label="m",style=filled,fillcolor=powderblue]
	"Statement94" -> "m95"
	"Assignment96" [label="Assignment"]
	"Statement94" -> "Assignment96"
	"[97" [label="[",style=filled,fillcolor=powderblue]
	"Assignment96" -> "[97"
	"Expression98" [label="Expression"]
	"Assignment96" -> "Expression98"
	"Term99" [label="Term"]
	"Expression98" -> "Term99"
	"Factor100" [label="Factor"]
	"Term99" -> "Factor100"
	"Exp101" [label="Exp"]
	"Factor100" -> "Exp101"
	"num102" [label="num",style=filled,fillcolor=powderblue]
	"Exp101" -> "num102"
	"FactorP103" [label="FactorP"]
	"Factor100" -> "FactorP103"
	"e104" [label="e"]
	"FactorP103" -> "e104"
	"TermP105" [label="TermP"]
	"Term99" -> "TermP105"
	"e106" [label="e"]
	"TermP105" -> "e106"
	"ExpressionP107" [label="ExpressionP"]
	"Expression98" -> "ExpressionP107"
	"e108" [label="e"]
	"ExpressionP107" -> "e108"
	"]109" [label="]",style=filled,fillcolor=powderblue]
	"Assignment96" -> "]109"
	"=110" [label="=",style=filled,fillcolor=powderblue]
	"Assignment96" -> "=110"
	"Expression111" [label="Expression"]
	"Assignment96" -> "Expression111"
	"Term112" [label="Term"]
	"Expression111" -> "Term112"
	"Factor113" [label="Factor"]
	"Term112" -> "Factor113"
	"Exp114" [label="Exp"]
	"Factor113" -> "Exp114"
	"num115" [label="num",style=filled,fillcolor=powderblue]
	"Exp114" -> "num115"
	"FactorP116" [label="FactorP"]
	"Factor113" -> "FactorP116"
	"e117" [label="e"]
	"FactorP116" -> "e117"
	"TermP118" [label="TermP"]
	"Term112" -> "TermP118"
	"e119" [label="e"]
	"TermP118" -> "e119"
	"ExpressionP120" [label="ExpressionP"]
	"Expression111" -> "ExpressionP120"
	"+121" [label="+",style=filled,fillcolor=powderblue]
	"ExpressionP120" -> "+121"
	"Term122" [label="Term"]
	"ExpressionP120" -> "Term122"
	"Factor123" [label="Factor"]
	"Term122" -> "Factor123"
	"Exp124" [label="Exp"]
	"Factor123" -> "Exp124"
	"m125" [label="m",style=filled,fillcolor=powderblue]
	"Exp124" -> "m125"
	"[126" [label="[",style=filled,fillcolor=powderblue]
	"Exp124" -> "[126"
	"Expression127" [label="Expression"]
	"Exp124" -> "Expression127"
	"Term128" [label="Term"]
	"Expression127" -> "Term128"
	"Factor129" [label="Factor"]
	"Term128" -> "Factor129"
	"Exp130" [label="Exp"]
	"Factor129" -> "Exp130"
	"num131" [label="num",style=filled,fillcolor=powderblue]
	"Exp130" -> "num131"
	"FactorP132" [label="FactorP"]
	"Factor129" -> "FactorP132"
	"e133" [label="e"]
	"FactorP132" -> "e133"
	"TermP134" [label="TermP"]
	"Term128" -> "TermP134"
	"e135" [label="e"]
	"TermP134" -> "e135"
	"ExpressionP136" [label="ExpressionP"]
	"Expression127" -> "ExpressionP136"
	"e137" [label="e"]
	"ExpressionP136" -> "e137"
	"]138" [label="]",style=filled,fillcolor=powderblue]
	"Exp124" -> "]138"
	"FactorP139" [label="FactorP"]
	"Factor123" -> "FactorP139"
	"e140" [label="e"]
	"FactorP139" -> "e140"
	"TermP141" [label="TermP"]
	"Term122" -> "TermP141"
	"e142" [label="e"]
	"TermP141" -> "e142"
	"ExpressionP143" [label="ExpressionP"]
	"ExpressionP120" -> "ExpressionP143"
	"e144" [label="e"]
	"ExpressionP143" -> "e144"
	"More_Statement145" [label="More_Statement"]
	"More_Statement93" -> "More_Statement145"
	"Statement146" [label="Statement"]
	"More_Statement145" -> "Statement146"
	"m147" [label="m",style=filled,fillcolor=powderblue]
	"Statement146" -> "m147"
	"Assignment148" [label="Assignment"]
	"Statement146" -> "Assignment148"
	"[149" [label="[",style=filled,fillcolor=powderblue]
	"Assignment148" -> "[149"
	"Expression150" [label="Expression"]
	"Assignment148" -> "Expression150"
	"Term151" [label="Term"]
	"Expression150" -> "Term151"
	"Factor152" [label="Factor"]
	"Term151" -> "Factor152"
	"Exp153" [label="Exp"]
	"Factor152" -> "Exp153"
	"num154" [label="num",style=filled,fillcolor=powderblue]
	"Exp153" -> "num154"
	"FactorP155" [label="FactorP"]
	"Factor152" -> "FactorP155"
	"e156" [label="e"]
	"FactorP155" -> "e156"
	"TermP157" [label="TermP"]
	"Term151" -> "TermP157"
	"e158" [label="e"]
	"TermP157" -> "e158"
	"ExpressionP159" [label="ExpressionP"]
	"Expression150" -> "ExpressionP159"
	"e160" [label="e"]
	"ExpressionP159" -> "e160"
	"]161" [label="]",style=filled,fillcolor=powderblue]
	"Assignment148" -> "]161"
	"=162" [label="=",style=filled,fillcolor=powderblue]
	"Assignment148" -> "=162"
	"Expression163" [label="Expression"]
	"Assignment148" -> "Expression163"
	"Term164" [label="Term"]
	"Expression163" -> "Term164"
	"Factor165" [label="Factor"]
	"Term164" -> "Factor165"
	"Exp166" [label="Exp"]
	"Factor165" -> "Exp166"
	"num167" [label="num",style=filled,fillcolor=powderblue]
	"Exp166" -> "num167"
	"FactorP168" [label="FactorP"]
	"Factor165" -> "FactorP168"
	"e169" [label="e"]
	"FactorP168" -> "e169"
	"TermP170" [label="TermP"]
	"Term164" -> "TermP170"
	"e171" [label="e"]
	"TermP170" -> "e171"
	"ExpressionP172" [label="ExpressionP"]
	"Expression163" -> "ExpressionP172"
	"-173" [label="-",style=filled,fillcolor=powderblue]
	"ExpressionP172" -> "-173"
	"Term174" [label="Term"]
	"ExpressionP172" -> "Term174"
	"Factor175" [label="Factor"]
	"Term174" -> "Factor175"
	"Exp176" [label="Exp"]
	"Factor175" -> "Exp176"
	"m177" [label="m",style=filled,fillcolor=powderblue]
	"Exp176" -> "m177"
	"[178" [label="[",style=filled,fillcolor=powderblue]
	"Exp176" -> "[178"
	"Expression179" [label="Expression"]
	"Exp176" -> "Expression179"
	"Term180" [label="Term"]
	"Expression179" -> "Term180"
	"Factor181" [label="Factor"]
	"Term180" -> "Factor181"
	"Exp182" [label="Exp"]
	"Factor181" -> "Exp182"
	"num183" [label="num",style=filled,fillcolor=powderblue]
	"Exp182" -> "num183"
	"FactorP184" [label="FactorP"]
	"Factor181" -> "FactorP184"
	"**185" [label="**",style=filled,fillcolor=powderblue]
	"FactorP184" -> "**185"
	"Exp186" [label="Exp"]
	"FactorP184" -> "Exp186"
	"num187" [label="num",style=filled,fillcolor=powderblue]
	"Exp186" -> "num187"
	"FactorP188" [label="FactorP"]
	"FactorP184" -> "FactorP188"
	"e189" [label="e"]
	"FactorP188" -> "e189"
	"TermP190" [label="TermP"]
	"Term180" -> "TermP190"
	"e191" [label="e"]
	"TermP190" -> "e191"
	"ExpressionP192" [label="ExpressionP"]
	"Expression179" -> "ExpressionP192"
	"-193" [label="-",style=filled,fillcolor=powderblue]
	"ExpressionP192" -> "-193"
	"Term194" [label="Term"]
	"ExpressionP192" -> "Term194"
	"Factor195" [label="Factor"]
	"Term194" -> "Factor195"
	"Exp196" [label="Exp"]
	"Factor195" -> "Exp196"
	"num197" [label="num",style=filled,fillcolor=powderblue]
	"Exp196" -> "num197"
	"FactorP198" [label="FactorP"]
	"Factor195" -> "FactorP198"
	"e199" [label="e"]
	"FactorP198" -> "e199"
	"TermP200" [label="TermP"]
	"Term194" -> "TermP200"
	"e201" [label="e"]
	"TermP200" -> "e201"
	"ExpressionP202" [label="ExpressionP"]
	"ExpressionP192" -> "ExpressionP202"
	"e203" [label="e"]
	"ExpressionP202" -> "e203"
	"]204" [label="]",style=filled,fillcolor=powderblue]
	"Exp176" -> "]204"
	"FactorP205" [label="FactorP"]
	"Factor175" -> "FactorP205"
	"e206" [label="e"]
	"FactorP205" -> "e206"
	"TermP207" [label="TermP"]
	"Term174" -> "TermP207"
	"e208" [label="e"]
	"TermP207" -> "e208"
	"ExpressionP209" [label="ExpressionP"]
	"ExpressionP172" -> "ExpressionP209"
	"-210" [label="-",style=filled,fillcolor=powderblue]
	"ExpressionP209" -> "-210"
	"Term211" [label="Term"]
	"ExpressionP209" -> "Term211"
	"Factor212" [label="Factor"]
	"Term211" -> "Factor212"
	"Exp213" [label="Exp"]
	"Factor212" -> "Exp213"
	"num214" [label="num",style=filled,fillcolor=powderblue]
	"Exp213" -> "num214"
	"FactorP215" [label="FactorP"]
	"Factor212" -> "FactorP215"
	"e216" [label="e"]
	"FactorP215" -> "e216"
	"TermP217" [label="TermP"]
	"Term211" -> "TermP217"
	"e218" [label="e"]
	"TermP217" -> "e218"
	"ExpressionP219" [label="ExpressionP"]
	"ExpressionP209" -> "ExpressionP219"
	"e220" [label="e"]
	"ExpressionP219" -> "e220"
	"More_Statement221" [label="More_Statement"]
	"More_Statement145" -> "More_Statement221"
	"Statement222" [label="Statement"]
	"More_Statement221" -> "Statement222"
	"Jump223" [label="Jump"]
	"Statement222" -> "Jump223"
	"L224" [label="L",style=filled,fillcolor=powderblue]
	"Jump223" -> "L224"
	"num225" [label="num",style=filled,fillcolor=powderblue]
	"Jump223" -> "num225"
	":226" [label=":",style=filled,fillcolor=powderblue]
	"Jump223" -> ":226"
	"More_Statement227" [label="More_Statement"]
	"More_Statement221" -> "More_Statement227"
	"Statement228" [label="Statement"]
	"More_Statement227" -> "Statement228"
	"m229" [label="m",style=filled,fillcolor=powderblue]
	"Statement228" -> "m229"
	"Assignment230" [label="Assignment"]
	"Statement228" -> "Assignment230"
	"[231" [label="[",style=filled,fillcolor=powderblue]
	"Assignment230" -> "[231"
	"Expression232" [label="Expression"]
	"Assignment230" -> "Expression232"
	"Term233" [label="Term"]
	"Expression232" -> "Term233"
	"Factor234" [label="Factor"]
	"Term233" -> "Factor234"
	"Exp235" [label="Exp"]
	"Factor234" -> "Exp235"
	"num236" [label="num",style=filled,fillcolor=powderblue]
	"Exp235" -> "num236"
	"FactorP237" [label="FactorP"]
	"Factor234" -> "FactorP237"
	"e238" [label="e"]
	"FactorP237" -> "e238"
	"TermP239" [label="TermP"]
	"Term233" -> "TermP239"
	"e240" [label="e"]
	"TermP239" -> "e240"
	"ExpressionP241" [label="ExpressionP"]
	"Expression232" -> "ExpressionP241"
	"e242" [label="e"]
	"ExpressionP241" -> "e242"
	"]243" [label="]",style=filled,fillcolor=powderblue]
	"Assignment230" -> "]243"
	"=244" [label="=",style=filled,fillcolor=powderblue]
	"Assignment230" -> "=244"
	"Expression245" [label="Expression"]
	"Assignment230" -> "Expression245"
	"Term246" [label="Term"]
	"Expression245" -> "Term246"
	"Factor247" [label="Factor"]
	"Term246" -> "Factor247"
	"Exp248" [label="Exp"]
	"Factor247" -> "Exp248"
	"num249" [label="num",style=filled,fillcolor=powderblue]
	"Exp248" -> "num249"
	"FactorP250" [label="FactorP"]
	"Factor247" -> "FactorP250"
	"e251" [label="e"]
	"FactorP250" -> "e251"
	"TermP252" [label="TermP"]
	"Term246" -> "TermP252"
	"e253" [label="e"]
	"TermP252" -> "e253"
	"ExpressionP254" [label="ExpressionP"]
	"Expression245" -> "ExpressionP254"
	"-255" [label="-",style=filled,fillcolor=powderblue]
	"ExpressionP254" -> "-255"
	"Term256" [label="Term"]
	"ExpressionP254" -> "Term256"
	"Factor257" [label="Factor"]
	"Term256" -> "Factor257"
	"Exp258" [label="Exp"]
	"Factor257" -> "Exp258"
	"(259" [label="(",style=filled,fillcolor=powderblue]
	"Exp258" -> "(259"
	"Expression260" [label="Expression"]
	"Exp258" -> "Expression260"
	"Term261" [label="Term"]
	"Expression260" -> "Term261"
	"Factor262" [label="Factor"]
	"Term261" -> "Factor262"
	"Exp263" [label="Exp"]
	"Factor262" -> "Exp263"
	"m264" [label="m",style=filled,fillcolor=powderblue]
	"Exp263" -> "m264"
	"[265" [label="[",style=filled,fillcolor=powderblue]
	"Exp263" -> "[265"
	"Expression266" [label="Expression"]
	"Exp263" -> "Expression266"
	"Term267" [label="Term"]
	"Expression266" -> "Term267"
	"Factor268" [label="Factor"]
	"Term267" -> "Factor268"
	"Exp269" [label="Exp"]
	"Factor268" -> "Exp269"
	"num270" [label="num",style=filled,fillcolor=powderblue]
	"Exp269" -> "num270"
	"FactorP271" [label="FactorP"]
	"Factor268" -> "FactorP271"
	"e272" [label="e"]
	"FactorP271" -> "e272"
	"TermP273" [label="TermP"]
	"Term267" -> "TermP273"
	"e274" [label="e"]
	"TermP273" -> "e274"
	"ExpressionP275" [label="ExpressionP"]
	"Expression266" -> "ExpressionP275"
	"e276" [label="e"]
	"ExpressionP275" -> "e276"
	"]277" [label="]",style=filled,fillcolor=powderblue]
	"Exp263" -> "]277"
	"FactorP278" [label="FactorP"]
	"Factor262" -> "FactorP278"
	"e279" [label="e"]
	"FactorP278" -> "e279"
	"TermP280" [label="TermP"]
	"Term261" -> "TermP280"
	"e281" [label="e"]
	"TermP280" -> "e281"
	"ExpressionP282" [label="ExpressionP"]
	"Expression260" -> "ExpressionP282"
	"-283" [label="-",style=filled,fillcolor=powderblue]
	"ExpressionP282" -> "-283"
	"Term284" [label="Term"]
	"ExpressionP282" -> "Term284"
	"Factor285" [label="Factor"]
	"Term284" -> "Factor285"
	"Exp286" [label="Exp"]
	"Factor285" -> "Exp286"
	"num287" [label="num",style=filled,fillcolor=powderblue]
	"Exp286" -> "num287"
	"FactorP288" [label="FactorP"]
	"Factor285" -> "FactorP288"
	"e289" [label="e"]
	"FactorP288" -> "e289"
	"TermP290" [label="TermP"]
	"Term284" -> "TermP290"
	"e291" [label="e"]
	"TermP290" -> "e291"
	"ExpressionP292" [label="ExpressionP"]
	"ExpressionP282" -> "ExpressionP292"
	"e293" [label="e"]
	"ExpressionP292" -> "e293"
	")294" [label=")",style=filled,fillcolor=powderblue]
	"Exp258" -> ")294"
	"FactorP295" [label="FactorP"]
	"Factor257" -> "FactorP295"
	"e296" [label="e"]
	"FactorP295" -> "e296"
	"TermP297" [label="TermP"]
	"Term256" -> "TermP297"
	"e298" [label="e"]
	"TermP297" -> "e298"
	"ExpressionP299" [label="ExpressionP"]
	"ExpressionP254" -> "ExpressionP299"
	"e300" [label="e"]
	"ExpressionP299" -> "e300"
	"More_Statement301" [label="More_Statement"]
	"More_Statement227" -> "More_Statement301"
	"Statement302" [label="Statement"]
	"More_Statement301" -> "Statement302"
	"m303" [label="m",style=filled,fillcolor=powderblue]
	"Statement302" -> "m303"
	"Assignment304" [label="Assignment"]
	"Statement302" -> "Assignment304"
	"[305" [label="[",style=filled,fillcolor=powderblue]
	"Assignment304" -> "[305"
	"Expression306" [label="Expression"]
	"Assignment304" -> "Expression306"
	"Term307" [label="Term"]
	"Expression306" -> "Term307"
	"Factor308" [label="Factor"]
	"Term307" -> "Factor308"
	"Exp309" [label="Exp"]
	"Factor308" -> "Exp309"
	"num310" [label="num",style=filled,fillcolor=powderblue]
	"Exp309" -> "num310"
	"FactorP311" [label="FactorP"]
	"Factor308" -> "FactorP311"
	"e312" [label="e"]
	"FactorP311" -> "e312"
	"TermP313" [label="TermP"]
	"Term307" -> "TermP313"
	"e314" [label="e"]
	"TermP313" -> "e314"
	"ExpressionP315" [label="ExpressionP"]
	"Expression306" -> "ExpressionP315"
	"e316" [label="e"]
	"ExpressionP315" -> "e316"
	"]317" [label="]",style=filled,fillcolor=powderblue]
	"Assignment304" -> "]317"
	"=318" [label="=",style=filled,fillcolor=powderblue]
	"Assignment304" -> "=318"
	"Expression319" [label="Expression"]
	"Assignment304" -> "Expression319"
	"Term320" [label="Term"]
	"Expression319" -> "Term320"
	"Factor321" [label="Factor"]
	"Term320" -> "Factor321"
	"Exp322" [label="Exp"]
	"Factor321" -> "Exp322"
	"num323" [label="num",style=filled,fillcolor=powderblue]
	"Exp322" -> "num323"
	"FactorP324" [label="FactorP"]
	"Factor321" -> "FactorP324"
	"e325" [label="e"]
	"FactorP324" -> "e325"
	"TermP326" [label="TermP"]
	"Term320" -> "TermP326"
	"e327" [label="e"]
	"TermP326" -> "e327"
	"ExpressionP328" [label="ExpressionP"]
	"Expression319" -> "ExpressionP328"
	"+329" [label="+",style=filled,fillcolor=powderblue]
	"ExpressionP328" -> "+329"
	"Term330" [label="Term"]
	"ExpressionP328" -> "Term330"
	"Factor331" [label="Factor"]
	"Term330" -> "Factor331"
	"Exp332" [label="Exp"]
	"Factor331" -> "Exp332"
	"m333" [label="m",style=filled,fillcolor=powderblue]
	"Exp332" -> "m333"
	"[334" [label="[",style=filled,fillcolor=powderblue]
	"Exp332" -> "[334"
	"Expression335" [label="Expression"]
	"Exp332" -> "Expression335"
	"Term336" [label="Term"]
	"Expression335" -> "Term336"
	"Factor337" [label="Factor"]
	"Term336" -> "Factor337"
	"Exp338" [label="Exp"]
	"Factor337" -> "Exp338"
	"num339" [label="num",style=filled,fillcolor=powderblue]
	"Exp338" -> "num339"
	"FactorP340" [label="FactorP"]
	"Factor337" -> "FactorP340"
	"e341" [label="e"]
	"FactorP340" -> "e341"
	"TermP342" [label="TermP"]
	"Term336" -> "TermP342"
	"e343" [label="e"]
	"TermP342" -> "e343"
	"ExpressionP344" [label="ExpressionP"]
	"Expression335" -> "ExpressionP344"
	"e345" [label="e"]
	"ExpressionP344" -> "e345"
	"]346" [label="]",style=filled,fillcolor=powderblue]
	"Exp332" -> "]346"
	"FactorP347" [label="FactorP"]
	"Factor331" -> "FactorP347"
	"e348" [label="e"]
	"FactorP347" -> "e348"
	"TermP349" [label="TermP"]
	"Term330" -> "TermP349"
	"e350" [label="e"]
	"TermP349" -> "e350"
	"ExpressionP351" [label="ExpressionP"]
	"ExpressionP328" -> "ExpressionP351"
	"e352" [label="e"]
	"ExpressionP351" -> "e352"
	"More_Statement353" [label="More_Statement"]
	"More_Statement301" -> "More_Statement353"
	"Statement354" [label="Statement"]
	"More_Statement353" -> "Statement354"
	"m355" [label="m",style=filled,fillcolor=powderblue]
	"Statement354" -> "m355"
	"Assignment356" [label="Assignment"]
	"Statement354" -> "Assignment356"
	"[357" [label="[",style=filled,fillcolor=powderblue]
	"Assignment356" -> "[357"
	"Expression358" [label="Expression"]
	"Assignment356" -> "Expression358"
	"Term359" [label="Term"]
	"Expression358" -> "Term359"
	"Factor360" [label="Factor"]
	"Term359" -> "Factor360"
	"Exp361" [label="Exp"]
	"Factor360" -> "Exp361"
	"num362" [label="num",style=filled,fillcolor=powderblue]
	"Exp361" -> "num362"
	"FactorP363" [label="FactorP"]
	"Factor360" -> "FactorP363"
	"e364" [label="e"]
	"FactorP363" -> "e364"
	"TermP365" [label="TermP"]
	"Term359" -> "TermP365"
	"e366" [label="e"]
	"TermP365" -> "e366"
	"ExpressionP367" [label="ExpressionP"]
	"Expression358" -> "ExpressionP367"
	"e368" [label="e"]
	"ExpressionP367" -> "e368"
	"]369" [label="]",style=filled,fillcolor=powderblue]
	"Assignment356" -> "]369"
	"=370" [label="=",style=filled,fillcolor=powderblue]
	"Assignment356" -> "=370"
	"Expression371" [label="Expression"]
	"Assignment356" -> "Expression371"
	"Term372" [label="Term"]
	"Expression371" -> "Term372"
	"Factor373" [label="Factor"]
	"Term372" -> "Factor373"
	"Exp374" [label="Exp"]
	"Factor373" -> "Exp374"
	"num375" [label="num",style=filled,fillcolor=powderblue]
	"Exp374" -> "num375"
	"FactorP376" [label="FactorP"]
	"Factor373" -> "FactorP376"
	"e377" [label="e"]
	"FactorP376" -> "e377"
	"TermP378" [label="TermP"]
	"Term372" -> "TermP378"
	"e379" [label="e"]
	"TermP378" -> "e379"
	"ExpressionP380" [label="ExpressionP"]
	"Expression371" -> "ExpressionP380"
	"-381" [label="-",style=filled,fillcolor=powderblue]
	"ExpressionP380" -> "-381"
	"Term382" [label="Term"]
	"ExpressionP380" -> "Term382"
	"Factor383" [label="Factor"]
	"Term382" -> "Factor383"
	"Exp384" [label="Exp"]
	"Factor383" -> "Exp384"
	"m385" [label="m",style=filled,fillcolor=powderblue]
	"Exp384" -> "m385"
	"[386" [label="[",style=filled,fillcolor=powderblue]
	"Exp384" -> "[386"
	"Expression387" [label="Expression"]
	"Exp384" -> "Expression387"
	"Term388" [label="Term"]
	"Expression387" -> "Term388"
	"Factor389" [label="Factor"]
	"Term388" -> "Factor389"
	"Exp390" [label="Exp"]
	"Factor389" -> "Exp390"
	"num391" [label="num",style=filled,fillcolor=powderblue]
	"Exp390" -> "num391"
	"FactorP392" [label="FactorP"]
	"Factor389" -> "FactorP392"
	"e393" [label="e"]
	"FactorP392" -> "e393"
	"TermP394" [label="TermP"]
	"Term388" -> "TermP394"
	"e395" [label="e"]
	"TermP394" -> "e395"
	"ExpressionP396" [label="ExpressionP"]
	"Expression387" -> "ExpressionP396"
	"-397" [label="-",style=filled,fillcolor=powderblue]
	"ExpressionP396" -> "-397"
	"Term398" [label="Term"]
	"ExpressionP396" -> "Term398"
	"Factor399" [label="Factor"]
	"Term398" -> "Factor399"
	"Exp400" [label="Exp"]
	"Factor399" -> "Exp400"
	"num401" [label="num",style=filled,fillcolor=powderblue]
	"Exp400" -> "num401"
	"FactorP402" [label="FactorP"]
	"Factor399" -> "FactorP402"
	"e403" [label="e"]
	"FactorP402" -> "e403"
	"TermP404" [label="TermP"]
	"Term398" -> "TermP404"
	"e405" [label="e"]
	"TermP404" -> "e405"
	"ExpressionP406" [label="ExpressionP"]
	"ExpressionP396" -> "ExpressionP406"
	"e407" [label="e"]
	"ExpressionP406" -> "e407"
	"]408" [label="]",style=filled,fillcolor=powderblue]
	"Exp384" -> "]408"
	"FactorP409" [label="FactorP"]
	"Factor383" -> "FactorP409"
	"e410" [label="e"]
	"FactorP409" -> "e410"
	"TermP411" [label="TermP"]
	"Term382" -> "TermP411"
	"e412" [label="e"]
	"TermP411" -> "e412"
	"ExpressionP413" [label="ExpressionP"]
	"ExpressionP380" -> "ExpressionP413"
	"e414" [label="e"]
	"ExpressionP413" -> "e414"
	"More_Statement415" [label="More_Statement"]
	"More_Statement353" -> "More_Statement415"
	"Statement416" [label="Statement"]
	"More_Statement415" -> "Statement416"
	"m417" [label="m",style=filled,fillcolor=powderblue]
	"Statement416" -> "m417"
	"Assignment418" [label="Assignment"]
	"Statement416" -> "Assignment418"
	"[419" [label="[",style=filled,fillcolor=powderblue]
	"Assignment418" -> "[419"
	"Expression420" [label="Expression"]
	"Assignment418" -> "Expression420"
	"Term421" [label="Term"]
	"Expression420" -> "Term421"
	"Factor422" [label="Factor"]
	"Term421" -> "Factor422"
	"Exp423" [label="Exp"]
	"Factor422" -> "Exp423"
	"num424" [label="num",style=filled,fillcolor=powderblue]
	"Exp423" -> "num424"
	"FactorP425" [label="FactorP"]
	"Factor422" -> "FactorP425"
	"e426" [label="e"]
	"FactorP425" -> "e426"
	"TermP427" [label="TermP"]
	"Term421" -> "TermP427"
	"e428" [label="e"]
	"TermP427" -> "e428"
	"ExpressionP429" [label="ExpressionP"]
	"Expression420" -> "ExpressionP429"
	"e430" [label="e"]
	"ExpressionP429" -> "e430"
	"]431" [label="]",style=filled,fillcolor=powderblue]
	"Assignment418" -> "]431"
	"=432" [label="=",style=filled,fillcolor=powderblue]
	"Assignment418" -> "=432"
	"Expression433" [label="Expression"]
	"Assignment418" -> "Expression433"
	"Term434" [label="Term"]
	"Expression433" -> "Term434"
	"Factor435" [label="Factor"]
	"Term434" -> "Factor435"
	"Exp436" [label="Exp"]
	"Factor435" -> "Exp436"
	"num437" [label="num",style=filled,fillcolor=powderblue]
	"Exp436" -> "num437"
	"FactorP438" [label="FactorP"]
	"Factor435" -> "FactorP438"
	"e439" [label="e"]
	"FactorP438" -> "e439"
	"TermP440" [label="TermP"]
	"Term434" -> "TermP440"
	"e441" [label="e"]
	"TermP440" -> "e441"
	"ExpressionP442" [label="ExpressionP"]
	"Expression433" -> "ExpressionP442"
	"-443" [label="-",style=filled,fillcolor=powderblue]
	"ExpressionP442" -> "-443"
	"Term444" [label="Term"]
	"ExpressionP442" -> "Term444"
	"Factor445" [label="Factor"]
	"Term444" -> "Factor445"
	"Exp446" [label="Exp"]
	"Factor445" -> "Exp446"
	"(447" [label="(",style=filled,fillcolor=powderblue]
	"Exp446" -> "(447"
	"Expression448" [label="Expression"]
	"Exp446" -> "Expression448"
	"Term449" [label="Term"]
	"Expression448" -> "Term449"
	"Factor450" [label="Factor"]
	"Term449" -> "Factor450"
	"Exp451" [label="Exp"]
	"Factor450" -> "Exp451"
	"num452" [label="num",style=filled,fillcolor=powderblue]
	"Exp451" -> "num452"
	"FactorP453" [label="FactorP"]
	"Factor450" -> "FactorP453"
	"e454" [label="e"]
	"FactorP453" -> "e454"
	"TermP455" [label="TermP"]
	"Term449" -> "TermP455"
	"e456" [label="e"]
	"TermP455" -> "e456"
	"ExpressionP457" [label="ExpressionP"]
	"Expression448" -> "ExpressionP457"
	"-458" [label="-",style=filled,fillcolor=powderblue]
	"ExpressionP457" -> "-458"
	"Term459" [label="Term"]
	"ExpressionP457" -> "Term459"
	"Factor460" [label="Factor"]
	"Term459" -> "Factor460"
	"Exp461" [label="Exp"]
	"Factor460" -> "Exp461"
	"num462" [label="num",style=filled,fillcolor=powderblue]
	"Exp461" -> "num462"
	"FactorP463" [label="FactorP"]
	"Factor460" -> "FactorP463"
	"e464" [label="e"]
	"FactorP463" -> "e464"
	"TermP465" [label="TermP"]
	"Term459" -> "TermP465"
	"e466" [label="e"]
	"TermP465" -> "e466"
	"ExpressionP467" [label="ExpressionP"]
	"ExpressionP457" -> "ExpressionP467"
	"e468" [label="e"]
	"ExpressionP467" -> "e468"
	")469" [label=")",style=filled,fillcolor=powderblue]
	"Exp446" -> ")469"
	"FactorP470" [label="FactorP"]
	"Factor445" -> "FactorP470"
	"e471" [label="e"]
	"FactorP470" -> "e471"
	"TermP472" [label="TermP"]
	"Term444" -> "TermP472"
	"e473" [label="e"]
	"TermP472" -> "e473"
	"ExpressionP474" [label="ExpressionP"]
	"ExpressionP442" -> "ExpressionP474"
	"e475" [label="e"]
	"ExpressionP474" -> "e475"
	"More_Statement476" [label="More_Statement"]
	"More_Statement415" -> "More_Statement476"
	"Statement477" [label="Statement"]
	"More_Statement476" -> "Statement477"
	"m478" [label="m",style=filled,fillcolor=powderblue]
	"Statement477" -> "m478"
	"Assignment479" [label="Assignment"]
	"Statement477" -> "Assignment479"
	"[480" [label="[",style=filled,fillcolor=powderblue]
	"Assignment479" -> "[480"
	"Expression481" [label="Expression"]
	"Assignment479" -> "Expression481"
	"Term482" [label="Term"]
	"Expression481" -> "Term482"
	"Factor483" [label="Factor"]
	"Term482" -> "Factor483"
	"Exp484" [label="Exp"]
	"Factor483" -> "Exp484"
	"num485" [label="num",style=filled,fillcolor=powderblue]
	"Exp484" -> "num485"
	"FactorP486" [label="FactorP"]
	"Factor483" -> "FactorP486"
	"e487" [label="e"]
	"FactorP486" -> "e487"
	"TermP488" [label="TermP"]
	"Term482" -> "TermP488"
	"e489" [label="e"]
	"TermP488" -> "e489"
	"ExpressionP490" [label="ExpressionP"]
	"Expression481" -> "ExpressionP490"
	"e491" [label="e"]
	"ExpressionP490" -> "e491"
	"]492" [label="]",style=filled,fillcolor=powderblue]
	"Assignment479" -> "]492"
	"=493" [label="=",style=filled,fillcolor=powderblue]
	"Assignment479" -> "=493"
	"Expression494" [label="Expression"]
	"Assignment479" -> "Expression494"
	"Term495" [label="Term"]
	"Expression494" -> "Term495"
	"Factor496" [label="Factor"]
	"Term495" -> "Factor496"
	"Exp497" [label="Exp"]
	"Factor496" -> "Exp497"
	"num498" [label="num",style=filled,fillcolor=powderblue]
	"Exp497" -> "num498"
	"FactorP499" [label="FactorP"]
	"Factor496" -> "FactorP499"
	"e500" [label="e"]
	"FactorP499" -> "e500"
	"TermP501" [label="TermP"]
	"Term495" -> "TermP501"
	"e502" [label="e"]
	"TermP501" -> "e502"
	"ExpressionP503" [label="ExpressionP"]
	"Expression494" -> "ExpressionP503"
	"-504" [label="-",style=filled,fillcolor=powderblue]
	"ExpressionP503" -> "-504"
	"Term505" [label="Term"]
	"ExpressionP503" -> "Term505"
	"Factor506" [label="Factor"]
	"Term505" -> "Factor506"
	"Exp507" [label="Exp"]
	"Factor506" -> "Exp507"
	"m508" [label="m",style=filled,fillcolor=powderblue]
	"Exp507" -> "m508"
	"[509" [label="[",style=filled,fillcolor=powderblue]
	"Exp507" -> "[509"
	"Expression510" [label="Expression"]
	"Exp507" -> "Expression510"
	"Term511" [label="Term"]
	"Expression510" -> "Term511"
	"Factor512" [label="Factor"]
	"Term511" -> "Factor512"
	"Exp513" [label="Exp"]
	"Factor512" -> "Exp513"
	"(514" [label="(",style=filled,fillcolor=powderblue]
	"Exp513" -> "(514"
	"Expression515" [label="Expression"]
	"Exp513" -> "Expression515"
	"Term516" [label="Term"]
	"Expression515" -> "Term516"
	"Factor517" [label="Factor"]
	"Term516" -> "Factor517"
	"Exp518" [label="Exp"]
	"Factor517" -> "Exp518"
	"num519" [label="num",style=filled,fillcolor=powderblue]
	"Exp518" -> "num519"
	"FactorP520" [label="FactorP"]
	"Factor517" -> "FactorP520"
	"e521" [label="e"]
	"FactorP520" -> "e521"
	"TermP522" [label="TermP"]
	"Term516" -> "TermP522"
	"e523" [label="e"]
	"TermP522" -> "e523"
	"ExpressionP524" [label="ExpressionP"]
	"Expression515" -> "ExpressionP524"
	"-525" [label="-",style=filled,fillcolor=powderblue]
	"ExpressionP524" -> "-525"
	"Term526" [label="Term"]
	"ExpressionP524" -> "Term526"
	"Factor527" [label="Factor"]
	"Term526" -> "Factor527"
	"Exp528" [label="Exp"]
	"Factor527" -> "Exp528"
	"num529" [label="num",style=filled,fillcolor=powderblue]
	"Exp528" -> "num529"
	"FactorP530" [label="FactorP"]
	"Factor527" -> "FactorP530"
	"e531" [label="e"]
	"FactorP530" -> "e531"
	"TermP532" [label="TermP"]
	"Term526" -> "TermP532"
	"e533" [label="e"]
	"TermP532" -> "e533"
	"ExpressionP534" [label="ExpressionP"]
	"ExpressionP524" -> "ExpressionP534"
	"e535" [label="e"]
	"ExpressionP534" -> "e535"
	")536" [label=")",style=filled,fillcolor=powderblue]
	"Exp513" -> ")536"
	"FactorP537" [label="FactorP"]
	"Factor512" -> "FactorP537"
	"e538" [label="e"]
	"FactorP537" -> "e538"
	"TermP539" [label="TermP"]
	"Term511" -> "TermP539"
	"e540" [label="e"]
	"TermP539" -> "e540"
	"ExpressionP541" [label="ExpressionP"]
	"Expression510" -> "ExpressionP541"
	"e542" [label="e"]
	"ExpressionP541" -> "e542"
	"]543" [label="]",style=filled,fillcolor=powderblue]
	"Exp507" -> "]543"
	"FactorP544" [label="FactorP"]
	"Factor506" -> "FactorP544"
	"e545" [label="e"]
	"FactorP544" -> "e545"
	"TermP546" [label="TermP"]
	"Term505" -> "TermP546"
	"e547" [label="e"]
	"TermP546" -> "e547"
	"ExpressionP548" [label="ExpressionP"]
	"ExpressionP503" -> "ExpressionP548"
	"e549" [label="e"]
	"ExpressionP548" -> "e549"
	"More_Statement550" [label="More_Statement"]
	"More_Statement476" -> "More_Statement550"
	"Statement551" [label="Statement"]
	"More_Statement550" -> "Statement551"
	"Print552" [label="Print"]
	"Statement551" -> "Print552"
	"print553" [label="print",style=filled,fillcolor=powderblue]
	"Print552" -> "print553"
	"Expression554" [label="Expression"]
	"Print552" -> "Expression554"
	"Term555" [label="Term"]
	"Expression554" -> "Term555"
	"Factor556" [label="Factor"]
	"Term555" -> "Factor556"
	"Exp557" [label="Exp"]
	"Factor556" -> "Exp557"
syntax error: found L in parsing Exp - line 12
