digraph G {
	"Start1" [label="Start"]
	"Statments2" [label="Statments"]
	"Start1" -> "Statments2"
	"Statement3" [label="Statement"]
	"Statments2" -> "Statement3"
	"m4" [label="m",style=filled,fillcolor=powderblue]
	"Statement3" -> "m4"
	"Assignment5" [label="Assignment"]
	"Statement3" -> "Assignment5"
	"[6" [label="[",style=filled,fillcolor=powderblue]
	"Assignment5" -> "[6"
	"Expression7" [label="Expression"]
	"Assignment5" -> "Expression7"
	"Term8" [label="Term"]
	"Expression7" -> "Term8"
	"Factor9" [label="Factor"]
	"Term8" -> "Factor9"
	"Exp10" [label="Exp"]
	"Factor9" -> "Exp10"
	"num11" [label="num",style=filled,fillcolor=powderblue]
	"Exp10" -> "num11"
	"FactorP12" [label="FactorP"]
	"Factor9" -> "FactorP12"
	"e13" [label="e"]
	"FactorP12" -> "e13"
	"TermP14" [label="TermP"]
	"Term8" -> "TermP14"
	"e15" [label="e"]
	"TermP14" -> "e15"
	"ExpressionP16" [label="ExpressionP"]
	"Expression7" -> "ExpressionP16"
	"e17" [label="e"]
	"ExpressionP16" -> "e17"
	"]18" [label="]",style=filled,fillcolor=powderblue]
	"Assignment5" -> "]18"
	"=19" [label="=",style=filled,fillcolor=powderblue]
	"Assignment5" -> "=19"
	"Expression20" [label="Expression"]
	"Assignment5" -> "Expression20"
	"Term21" [label="Term"]
	"Expression20" -> "Term21"
	"Factor22" [label="Factor"]
	"Term21" -> "Factor22"
	"Exp23" [label="Exp"]
	"Factor22" -> "Exp23"
	"num24" [label="num",style=filled,fillcolor=powderblue]
	"Exp23" -> "num24"
	"FactorP25" [label="FactorP"]
	"Factor22" -> "FactorP25"
	"e26" [label="e"]
	"FactorP25" -> "e26"
	"TermP27" [label="TermP"]
	"Term21" -> "TermP27"
	"/28" [label="/",style=filled,fillcolor=powderblue]
	"TermP27" -> "/28"
	"Factor29" [label="Factor"]
	"TermP27" -> "Factor29"
	"Exp30" [label="Exp"]
	"Factor29" -> "Exp30"
	"num31" [label="num",style=filled,fillcolor=powderblue]
	"Exp30" -> "num31"
	"FactorP32" [label="FactorP"]
	"Factor29" -> "FactorP32"
	"e33" [label="e"]
	"FactorP32" -> "e33"
	"TermP34" [label="TermP"]
	"TermP27" -> "TermP34"
	"*35" [label="*",style=filled,fillcolor=powderblue]
	"TermP34" -> "*35"
	"Factor36" [label="Factor"]
	"TermP34" -> "Factor36"
	"Exp37" [label="Exp"]
	"Factor36" -> "Exp37"
	"num38" [label="num",style=filled,fillcolor=powderblue]
	"Exp37" -> "num38"
	"FactorP39" [label="FactorP"]
	"Factor36" -> "FactorP39"
	"e40" [label="e"]
	"FactorP39" -> "e40"
	"TermP41" [label="TermP"]
	"TermP34" -> "TermP41"
	"e42" [label="e"]
	"TermP41" -> "e42"
	"ExpressionP43" [label="ExpressionP"]
	"Expression20" -> "ExpressionP43"
	"e44" [label="e"]
	"ExpressionP43" -> "e44"
	"More_Statement45" [label="More_Statement"]
	"Statments2" -> "More_Statement45"
	"Statement46" [label="Statement"]
	"More_Statement45" -> "Statement46"
	"m47" [label="m",style=filled,fillcolor=powderblue]
	"Statement46" -> "m47"
	"Assignment48" [label="Assignment"]
	"Statement46" -> "Assignment48"
	"[49" [label="[",style=filled,fillcolor=powderblue]
	"Assignment48" -> "[49"
	"Expression50" [label="Expression"]
	"Assignment48" -> "Expression50"
	"Term51" [label="Term"]
	"Expression50" -> "Term51"
	"Factor52" [label="Factor"]
	"Term51" -> "Factor52"
	"Exp53" [label="Exp"]
	"Factor52" -> "Exp53"
	"num54" [label="num",style=filled,fillcolor=powderblue]
	"Exp53" -> "num54"
	"FactorP55" [label="FactorP"]
	"Factor52" -> "FactorP55"
	"e56" [label="e"]
	"FactorP55" -> "e56"
	"TermP57" [label="TermP"]
	"Term51" -> "TermP57"
	"e58" [label="e"]
	"TermP57" -> "e58"
	"ExpressionP59" [label="ExpressionP"]
	"Expression50" -> "ExpressionP59"
	"e60" [label="e"]
	"ExpressionP59" -> "e60"
	"]61" [label="]",style=filled,fillcolor=powderblue]
	"Assignment48" -> "]61"
	"=62" [label="=",style=filled,fillcolor=powderblue]
	"Assignment48" -> "=62"
	"Expression63" [label="Expression"]
	"Assignment48" -> "Expression63"
	"Term64" [label="Term"]
	"Expression63" -> "Term64"
	"Factor65" [label="Factor"]
	"Term64" -> "Factor65"
	"Exp66" [label="Exp"]
	"Factor65" -> "Exp66"
	"num67" [label="num",style=filled,fillcolor=powderblue]
	"Exp66" -> "num67"
	"FactorP68" [label="FactorP"]
	"Factor65" -> "FactorP68"
	"e69" [label="e"]
	"FactorP68" -> "e69"
	"TermP70" [label="TermP"]
	"Term64" -> "TermP70"
	"/71" [label="/",style=filled,fillcolor=powderblue]
	"TermP70" -> "/71"
	"Factor72" [label="Factor"]
	"TermP70" -> "Factor72"
	"Exp73" [label="Exp"]
	"Factor72" -> "Exp73"
	"num74" [label="num",style=filled,fillcolor=powderblue]
	"Exp73" -> "num74"
	"FactorP75" [label="FactorP"]
	"Factor72" -> "FactorP75"
	"e76" [label="e"]
	"FactorP75" -> "e76"
	"TermP77" [label="TermP"]
	"TermP70" -> "TermP77"
	"*78" [label="*",style=filled,fillcolor=powderblue]
	"TermP77" -> "*78"
	"Factor79" [label="Factor"]
	"TermP77" -> "Factor79"
	"Exp80" [label="Exp"]
	"Factor79" -> "Exp80"
	"num81" [label="num",style=filled,fillcolor=powderblue]
	"Exp80" -> "num81"
	"FactorP82" [label="FactorP"]
	"Factor79" -> "FactorP82"
	"e83" [label="e"]
	"FactorP82" -> "e83"
	"TermP84" [label="TermP"]
	"TermP77" -> "TermP84"
	"e85" [label="e"]
	"TermP84" -> "e85"
	"ExpressionP86" [label="ExpressionP"]
	"Expression63" -> "ExpressionP86"
	"e87" [label="e"]
	"ExpressionP86" -> "e87"
	"More_Statement88" [label="More_Statement"]
	"More_Statement45" -> "More_Statement88"
	"Statement89" [label="Statement"]
	"More_Statement88" -> "Statement89"
	"Jump90" [label="Jump"]
	"Statement89" -> "Jump90"
	"goto91" [label="goto",style=filled,fillcolor=powderblue]
	"Jump90" -> "goto91"
	"num92" [label="num",style=filled,fillcolor=powderblue]
	"Jump90" -> "num92"
	"More_Statement93" [label="More_Statement"]
	"More_Statement88" -> "More_Statement93"
	"Statement94" [label="Statement"]
	"More_Statement93" -> "Statement94"
	"m95" [label="m",style=filled,fillcolor=powderblue]
	"Statement94" -> "m95"
	"Assignment96" [label="Assignment"]
	"Statement94" -> "Assignment96"
	"[97" [label="[",style=filled,fillcolor=powderblue]
	"Assignment96" -> "[97"
	"Expression98" [label="Expression"]
	"Assignment96" -> "Expression98"
	"Term99" [label="Term"]
	"Expression98" -> "Term99"
	"Factor100" [label="Factor"]
	"Term99" -> "Factor100"
	"Exp101" [label="Exp"]
	"Factor100" -> "Exp101"
	"num102" [label="num",style=filled,fillcolor=powderblue]
	"Exp101" -> "num102"
	"FactorP103" [label="FactorP"]
	"Factor100" -> "FactorP103"
	"e104" [label="e"]
	"FactorP103" -> "e104"
	"TermP105" [label="TermP"]
	"Term99" -> "TermP105"
	"e106" [label="e"]
	"TermP105" -> "e106"
	"ExpressionP107" [label="ExpressionP"]
	"Expression98" -> "ExpressionP107"
	"e108" [label="e"]
	"ExpressionP107" -> "e108"
	"]109" [label="]",style=filled,fillcolor=powderblue]
	"Assignment96" -> "]109"
	"=110" [label="=",style=filled,fillcolor=powderblue]
	"Assignment96" -> "=110"
	"Expression111" [label="Expression"]
	"Assignment96" -> "Expression111"
	"Term112" [label="Term"]
	"Expression111" -> "Term112"
	"Factor113" [label="Factor"]
	"Term112" -> "Factor113"
	"Exp114" [label="Exp"]
	"Factor113" -> "Exp114"
	"num115" [label="num",style=filled,fillcolor=powderblue]
	"Exp114" -> "num115"
	"FactorP116" [label="FactorP"]
	"Factor113" -> "FactorP116"
	"e117" [label="e"]
	"FactorP116" -> "e117"
	"TermP118" [label="TermP"]
	"Term112" -> "TermP118"
	"e119" [label="e"]
	"TermP118" -> "e119"
	"ExpressionP120" [label="ExpressionP"]
	"Expression111" -> "ExpressionP120"
	"+121" [label="+",style=filled,fillcolor=powderblue]
	"ExpressionP120" -> "+121"
	"Term122" [label="Term"]
	"ExpressionP120" -> "Term122"
	"Factor123" [label="Factor"]
	"Term122" -> "Factor123"
	"Exp124" [label="Exp"]
	"Factor123" -> "Exp124"
	"m125" [label="m",style=filled,fillcolor=powderblue]
	"Exp124" -> "m125"
	"[126" [label="[",style=filled,fillcolor=powderblue]
	"Exp124" -> "[126"
	"Expression127" [label="Expression"]
	"Exp124" -> "Expression127"
	"Term128" [label="Term"]
	"Expression127" -> "Term128"
	"Factor129" [label="Factor"]
	"Term128" -> "Factor129"
	"Exp130" [label="Exp"]
	"Factor129" -> "Exp130"
	"num131" [label="num",style=filled,fillcolor=powderblue]
	"Exp130" -> "num131"
	"FactorP132" [label="FactorP"]
	"Factor129" -> "FactorP132"
	"e133" [label="e"]
	"FactorP132" -> "e133"
	"TermP134" [label="TermP"]
	"Term128" -> "TermP134"
	"e135" [label="e"]
	"TermP134" -> "e135"
	"ExpressionP136" [label="ExpressionP"]
	"Expression127" -> "ExpressionP136"
	"e137" [label="e"]
	"ExpressionP136" -> "e137"
	"]138" [label="]",style=filled,fillcolor=powderblue]
	"Exp124" -> "]138"
	"FactorP139" [label="FactorP"]
	"Factor123" -> "FactorP139"
	"e140" [label="e"]
	"FactorP139" -> "e140"
	"TermP141" [label="TermP"]
	"Term122" -> "TermP141"
	"e142" [label="e"]
	"TermP141" -> "e142"
	"ExpressionP143" [label="ExpressionP"]
	"ExpressionP120" -> "ExpressionP143"
	"e144" [label="e"]
	"ExpressionP143" -> "e144"
	"More_Statement145" [label="More_Statement"]
	"More_Statement93" -> "More_Statement145"
	"Statement146" [label="Statement"]
	"More_Statement145" -> "Statement146"
	"m147" [label="m",style=filled,fillcolor=powderblue]
	"Statement146" -> "m147"
	"Assignment148" [label="Assignment"]
	"Statement146" -> "Assignment148"
	"[149" [label="[",style=filled,fillcolor=powderblue]
	"Assignment148" -> "[149"
	"Expression150" [label="Expression"]
	"Assignment148" -> "Expression150"
	"Term151" [label="Term"]
	"Expression150" -> "Term151"
	"Factor152" [label="Factor"]
	"Term151" -> "Factor152"
	"Exp153" [label="Exp"]
	"Factor152" -> "Exp153"
	"num154" [label="num",style=filled,fillcolor=powderblue]
	"Exp153" -> "num154"
	"FactorP155" [label="FactorP"]
	"Factor152" -> "FactorP155"
	"e156" [label="e"]
	"FactorP155" -> "e156"
	"TermP157" [label="TermP"]
	"Term151" -> "TermP157"
	"e158" [label="e"]
	"TermP157" -> "e158"
	"ExpressionP159" [label="ExpressionP"]
	"Expression150" -> "ExpressionP159"
	"e160" [label="e"]
	"ExpressionP159" -> "e160"
	"]161" [label="]",style=filled,fillcolor=powderblue]
	"Assignment148" -> "]161"
	"=162" [label="=",style=filled,fillcolor=powderblue]
	"Assignment148" -> "=162"
	"Expression163" [label="Expression"]
	"Assignment148" -> "Expression163"
	"Term164" [label="Term"]
	"Expression163" -> "Term164"
	"Factor165" [label="Factor"]
	"Term164" -> "Factor165"
	"Exp166" [label="Exp"]
	"Factor165" -> "Exp166"
	"num167" [label="num",style=filled,fillcolor=powderblue]
	"Exp166" -> "num167"
	"FactorP168" [label="FactorP"]
	"Factor165" -> "FactorP168"
	"e169" [label="e"]
	"FactorP168" -> "e169"
	"TermP170" [label="TermP"]
	"Term164" -> "TermP170"
	"e171" [label="e"]
	"TermP170" -> "e171"
	"ExpressionP172" [label="ExpressionP"]
	"Expression163" -> "ExpressionP172"
	"-173" [label="-",style=filled,fillcolor=powderblue]
	"ExpressionP172" -> "-173"
	"Term174" [label="Term"]
	"ExpressionP172" -> "Term174"
	"Factor175" [label="Factor"]
	"Term174" -> "Factor175"
	"Exp176" [label="Exp"]
	"Factor175" -> "Exp176"
	"m177" [label="m",style=filled,fillcolor=powderblue]
	"Exp176" -> "m177"
	"[178" [label="[",style=filled,fillcolor=powderblue]
	"Exp176" -> "[178"
	"Expression179" [label="Expression"]
	"Exp176" -> "Expression179"
	"Term180" [label="Term"]
	"Expression179" -> "Term180"
	"Factor181" [label="Factor"]
	"Term180" -> "Factor181"
	"Exp182" [label="Exp"]
	"Factor181" -> "Exp182"
	"num183" [label="num",style=filled,fillcolor=powderblue]
	"Exp182" -> "num183"
	"FactorP184" [label="FactorP"]
	"Factor181" -> "FactorP184"
	"**185" [label="**",style=filled,fillcolor=powderblue]
	"FactorP184" -> "**185"
	"Exp186" [label="Exp"]
	"FactorP184" -> "Exp186"
	"num187" [label="num",style=filled,fillcolor=powderblue]
	"Exp186" -> "num187"
	"FactorP188" [label="FactorP"]
	"FactorP184" -> "FactorP188"
	"e189" [label="e"]
	"FactorP188" -> "e189"
	"TermP190" [label="TermP"]
	"Term180" -> "TermP190"
	"*191" [label="*",style=filled,fillcolor=powderblue]
	"TermP190" -> "*191"
	"Factor192" [label="Factor"]
	"TermP190" -> "Factor192"
	"Exp193" [label="Exp"]
	"Factor192" -> "Exp193"
	"num194" [label="num",style=filled,fillcolor=powderblue]
	"Exp193" -> "num194"
	"FactorP195" [label="FactorP"]
	"Factor192" -> "FactorP195"
	"e196" [label="e"]
	"FactorP195" -> "e196"
	"TermP197" [label="TermP"]
	"TermP190" -> "TermP197"
	"e198" [label="e"]
	"TermP197" -> "e198"
	"ExpressionP199" [label="ExpressionP"]
	"Expression179" -> "ExpressionP199"
	"-200" [label="-",style=filled,fillcolor=powderblue]
	"ExpressionP199" -> "-200"
	"Term201" [label="Term"]
	"ExpressionP199" -> "Term201"
	"Factor202" [label="Factor"]
	"Term201" -> "Factor202"
	"Exp203" [label="Exp"]
	"Factor202" -> "Exp203"
	"num204" [label="num",style=filled,fillcolor=powderblue]
	"Exp203" -> "num204"
	"FactorP205" [label="FactorP"]
	"Factor202" -> "FactorP205"
	"e206" [label="e"]
	"FactorP205" -> "e206"
	"TermP207" [label="TermP"]
	"Term201" -> "TermP207"
	"e208" [label="e"]
	"TermP207" -> "e208"
	"ExpressionP209" [label="ExpressionP"]
	"ExpressionP199" -> "ExpressionP209"
	"e210" [label="e"]
	"ExpressionP209" -> "e210"
	"]211" [label="]",style=filled,fillcolor=powderblue]
	"Exp176" -> "]211"
	"FactorP212" [label="FactorP"]
	"Factor175" -> "FactorP212"
	"e213" [label="e"]
	"FactorP212" -> "e213"
	"TermP214" [label="TermP"]
	"Term174" -> "TermP214"
	"e215" [label="e"]
	"TermP214" -> "e215"
	"ExpressionP216" [label="ExpressionP"]
	"ExpressionP172" -> "ExpressionP216"
	"-217" [label="-",style=filled,fillcolor=powderblue]
	"ExpressionP216" -> "-217"
	"Term218" [label="Term"]
	"ExpressionP216" -> "Term218"
	"Factor219" [label="Factor"]
	"Term218" -> "Factor219"
	"Exp220" [label="Exp"]
	"Factor219" -> "Exp220"
	"num221" [label="num",style=filled,fillcolor=powderblue]
	"Exp220" -> "num221"
	"FactorP222" [label="FactorP"]
	"Factor219" -> "FactorP222"
	"e223" [label="e"]
	"FactorP222" -> "e223"
	"TermP224" [label="TermP"]
	"Term218" -> "TermP224"
	"e225" [label="e"]
	"TermP224" -> "e225"
	"ExpressionP226" [label="ExpressionP"]
	"ExpressionP216" -> "ExpressionP226"
	"e227" [label="e"]
	"ExpressionP226" -> "e227"
	"More_Statement228" [label="More_Statement"]
	"More_Statement145" -> "More_Statement228"
	"Statement229" [label="Statement"]
	"More_Statement228" -> "Statement229"
	"Jump230" [label="Jump"]
	"Statement229" -> "Jump230"
	"L231" [label="L",style=filled,fillcolor=powderblue]
	"Jump230" -> "L231"
	"num232" [label="num",style=filled,fillcolor=powderblue]
	"Jump230" -> "num232"
	":233" [label=":",style=filled,fillcolor=powderblue]
	"Jump230" -> ":233"
	"More_Statement234" [label="More_Statement"]
	"More_Statement228" -> "More_Statement234"
	"Statement235" [label="Statement"]
	"More_Statement234" -> "Statement235"
	"m236" [label="m",style=filled,fillcolor=powderblue]
	"Statement235" -> "m236"
	"Assignment237" [label="Assignment"]
	"Statement235" -> "Assignment237"
	"[238" [label="[",style=filled,fillcolor=powderblue]
	"Assignment237" -> "[238"
	"Expression239" [label="Expression"]
	"Assignment237" -> "Expression239"
	"Term240" [label="Term"]
	"Expression239" -> "Term240"
	"Factor241" [label="Factor"]
	"Term240" -> "Factor241"
	"Exp242" [label="Exp"]
	"Factor241" -> "Exp242"
	"num243" [label="num",style=filled,fillcolor=powderblue]
	"Exp242" -> "num243"
	"FactorP244" [label="FactorP"]
	"Factor241" -> "FactorP244"
	"e245" [label="e"]
	"FactorP244" -> "e245"
	"TermP246" [label="TermP"]
	"Term240" -> "TermP246"
	"e247" [label="e"]
	"TermP246" -> "e247"
	"ExpressionP248" [label="ExpressionP"]
	"Expression239" -> "ExpressionP248"
	"e249" [label="e"]
	"ExpressionP248" -> "e249"
	"]250" [label="]",style=filled,fillcolor=powderblue]
	"Assignment237" -> "]250"
	"=251" [label="=",style=filled,fillcolor=powderblue]
	"Assignment237" -> "=251"
	"Expression252" [label="Expression"]
	"Assignment237" -> "Expression252"
	"Term253" [label="Term"]
	"Expression252" -> "Term253"
	"Factor254" [label="Factor"]
	"Term253" -> "Factor254"
	"Exp255" [label="Exp"]
	"Factor254" -> "Exp255"
	"num256" [label="num",style=filled,fillcolor=powderblue]
	"Exp255" -> "num256"
	"FactorP257" [label="FactorP"]
	"Factor254" -> "FactorP257"
	"e258" [label="e"]
	"FactorP257" -> "e258"
	"TermP259" [label="TermP"]
	"Term253" -> "TermP259"
	"e260" [label="e"]
	"TermP259" -> "e260"
	"ExpressionP261" [label="ExpressionP"]
	"Expression252" -> "ExpressionP261"
	"-262" [label="-",style=filled,fillcolor=powderblue]
	"ExpressionP261" -> "-262"
	"Term263" [label="Term"]
	"ExpressionP261" -> "Term263"
	"Factor264" [label="Factor"]
	"Term263" -> "Factor264"
	"Exp265" [label="Exp"]
	"Factor264" -> "Exp265"
	"(266" [label="(",style=filled,fillcolor=powderblue]
	"Exp265" -> "(266"
	"Expression267" [label="Expression"]
	"Exp265" -> "Expression267"
	"Term268" [label="Term"]
	"Expression267" -> "Term268"
	"Factor269" [label="Factor"]
	"Term268" -> "Factor269"
	"Exp270" [label="Exp"]
	"Factor269" -> "Exp270"
	"m271" [label="m",style=filled,fillcolor=powderblue]
	"Exp270" -> "m271"
	"[272" [label="[",style=filled,fillcolor=powderblue]
	"Exp270" -> "[272"
	"Expression273" [label="Expression"]
	"Exp270" -> "Expression273"
	"Term274" [label="Term"]
	"Expression273" -> "Term274"
	"Factor275" [label="Factor"]
	"Term274" -> "Factor275"
	"Exp276" [label="Exp"]
	"Factor275" -> "Exp276"
	"num277" [label="num",style=filled,fillcolor=powderblue]
	"Exp276" -> "num277"
	"FactorP278" [label="FactorP"]
	"Factor275" -> "FactorP278"
	"e279" [label="e"]
	"FactorP278" -> "e279"
	"TermP280" [label="TermP"]
	"Term274" -> "TermP280"
	"e281" [label="e"]
	"TermP280" -> "e281"
	"ExpressionP282" [label="ExpressionP"]
	"Expression273" -> "ExpressionP282"
	"e283" [label="e"]
	"ExpressionP282" -> "e283"
	"]284" [label="]",style=filled,fillcolor=powderblue]
	"Exp270" -> "]284"
	"FactorP285" [label="FactorP"]
	"Factor269" -> "FactorP285"
	"e286" [label="e"]
	"FactorP285" -> "e286"
	"TermP287" [label="TermP"]
	"Term268" -> "TermP287"
	"e288" [label="e"]
	"TermP287" -> "e288"
	"ExpressionP289" [label="ExpressionP"]
	"Expression267" -> "ExpressionP289"
	"-290" [label="-",style=filled,fillcolor=powderblue]
	"ExpressionP289" -> "-290"
	"Term291" [label="Term"]
	"ExpressionP289" -> "Term291"
	"Factor292" [label="Factor"]
	"Term291" -> "Factor292"
	"Exp293" [label="Exp"]
	"Factor292" -> "Exp293"
	"num294" [label="num",style=filled,fillcolor=powderblue]
	"Exp293" -> "num294"
	"FactorP295" [label="FactorP"]
	"Factor292" -> "FactorP295"
	"e296" [label="e"]
	"FactorP295" -> "e296"
	"TermP297" [label="TermP"]
	"Term291" -> "TermP297"
	"e298" [label="e"]
	"TermP297" -> "e298"
	"ExpressionP299" [label="ExpressionP"]
	"ExpressionP289" -> "ExpressionP299"
	"e300" [label="e"]
	"ExpressionP299" -> "e300"
	")301" [label=")",style=filled,fillcolor=powderblue]
	"Exp265" -> ")301"
	"FactorP302" [label="FactorP"]
	"Factor264" -> "FactorP302"
	"e303" [label="e"]
	"FactorP302" -> "e303"
	"TermP304" [label="TermP"]
	"Term263" -> "TermP304"
	"e305" [label="e"]
	"TermP304" -> "e305"
	"ExpressionP306" [label="ExpressionP"]
	"ExpressionP261" -> "ExpressionP306"
	"e307" [label="e"]
	"ExpressionP306" -> "e307"
	"More_Statement308" [label="More_Statement"]
	"More_Statement234" -> "More_Statement308"
	"Statement309" [label="Statement"]
	"More_Statement308" -> "Statement309"
	"m310" [label="m",style=filled,fillcolor=powderblue]
	"Statement309" -> "m310"
	"Assignment311" [label="Assignment"]
	"Statement309" -> "Assignment311"
	"[312" [label="[",style=filled,fillcolor=powderblue]
	"Assignment311" -> "[312"
	"Expression313" [label="Expression"]
	"Assignment311" -> "Expression313"
	"Term314" [label="Term"]
	"Expression313" -> "Term314"
	"Factor315" [label="Factor"]
	"Term314" -> "Factor315"
	"Exp316" [label="Exp"]
	"Factor315" -> "Exp316"
	"num317" [label="num",style=filled,fillcolor=powderblue]
	"Exp316" -> "num317"
	"FactorP318" [label="FactorP"]
	"Factor315" -> "FactorP318"
	"e319" [label="e"]
	"FactorP318" -> "e319"
	"TermP320" [label="TermP"]
	"Term314" -> "TermP320"
	"e321" [label="e"]
	"TermP320" -> "e321"
	"ExpressionP322" [label="ExpressionP"]
	"Expression313" -> "ExpressionP322"
	"e323" [label="e"]
	"ExpressionP322" -> "e323"
	"]324" [label="]",style=filled,fillcolor=powderblue]
	"Assignment311" -> "]324"
	"=325" [label="=",style=filled,fillcolor=powderblue]
	"Assignment311" -> "=325"
	"Expression326" [label="Expression"]
	"Assignment311" -> "Expression326"
	"Term327" [label="Term"]
	"Expression326" -> "Term327"
	"Factor328" [label="Factor"]
	"Term327" -> "Factor328"
	"Exp329" [label="Exp"]
	"Factor328" -> "Exp329"
	"num330" [label="num",style=filled,fillcolor=powderblue]
	"Exp329" -> "num330"
	"FactorP331" [label="FactorP"]
	"Factor328" -> "FactorP331"
	"e332" [label="e"]
	"FactorP331" -> "e332"
	"TermP333" [label="TermP"]
	"Term327" -> "TermP333"
	"e334" [label="e"]
	"TermP333" -> "e334"
	"ExpressionP335" [label="ExpressionP"]
	"Expression326" -> "ExpressionP335"
	"+336" [label="+",style=filled,fillcolor=powderblue]
	"ExpressionP335" -> "+336"
	"Term337" [label="Term"]
	"ExpressionP335" -> "Term337"
	"Factor338" [label="Factor"]
	"Term337" -> "Factor338"
	"Exp339" [label="Exp"]
	"Factor338" -> "Exp339"
	"m340" [label="m",style=filled,fillcolor=powderblue]
	"Exp339" -> "m340"
	"[341" [label="[",style=filled,fillcolor=powderblue]
	"Exp339" -> "[341"
	"Expression342" [label="Expression"]
	"Exp339" -> "Expression342"
	"Term343" [label="Term"]
	"Expression342" -> "Term343"
	"Factor344" [label="Factor"]
	"Term343" -> "Factor344"
	"Exp345" [label="Exp"]
	"Factor344" -> "Exp345"
	"num346" [label="num",style=filled,fillcolor=powderblue]
	"Exp345" -> "num346"
	"FactorP347" [label="FactorP"]
	"Factor344" -> "FactorP347"
	"e348" [label="e"]
	"FactorP347" -> "e348"
	"TermP349" [label="TermP"]
	"Term343" -> "TermP349"
	"e350" [label="e"]
	"TermP349" -> "e350"
	"ExpressionP351" [label="ExpressionP"]
	"Expression342" -> "ExpressionP351"
	"e352" [label="e"]
	"ExpressionP351" -> "e352"
	"]353" [label="]",style=filled,fillcolor=powderblue]
	"Exp339" -> "]353"
	"FactorP354" [label="FactorP"]
	"Factor338" -> "FactorP354"
	"e355" [label="e"]
	"FactorP354" -> "e355"
	"TermP356" [label="TermP"]
	"Term337" -> "TermP356"
	"e357" [label="e"]
	"TermP356" -> "e357"
	"ExpressionP358" [label="ExpressionP"]
	"ExpressionP335" -> "ExpressionP358"
	"e359" [label="e"]
	"ExpressionP358" -> "e359"
	"More_Statement360" [label="More_Statement"]
	"More_Statement308" -> "More_Statement360"
	"Statement361" [label="Statement"]
	"More_Statement360" -> "Statement361"
	"m362" [label="m",style=filled,fillcolor=powderblue]
	"Statement361" -> "m362"
	"Assignment363" [label="Assignment"]
	"Statement361" -> "Assignment363"
	"[364" [label="[",style=filled,fillcolor=powderblue]
	"Assignment363" -> "[364"
	"Expression365" [label="Expression"]
	"Assignment363" -> "Expression365"
	"Term366" [label="Term"]
	"Expression365" -> "Term366"
	"Factor367" [label="Factor"]
	"Term366" -> "Factor367"
	"Exp368" [label="Exp"]
	"Factor367" -> "Exp368"
	"num369" [label="num",style=filled,fillcolor=powderblue]
	"Exp368" -> "num369"
	"FactorP370" [label="FactorP"]
	"Factor367" -> "FactorP370"
	"e371" [label="e"]
	"FactorP370" -> "e371"
	"TermP372" [label="TermP"]
	"Term366" -> "TermP372"
	"e373" [label="e"]
	"TermP372" -> "e373"
	"ExpressionP374" [label="ExpressionP"]
	"Expression365" -> "ExpressionP374"
	"e375" [label="e"]
	"ExpressionP374" -> "e375"
	"]376" [label="]",style=filled,fillcolor=powderblue]
	"Assignment363" -> "]376"
	"=377" [label="=",style=filled,fillcolor=powderblue]
	"Assignment363" -> "=377"
	"Expression378" [label="Expression"]
	"Assignment363" -> "Expression378"
	"Term379" [label="Term"]
	"Expression378" -> "Term379"
	"Factor380" [label="Factor"]
	"Term379" -> "Factor380"
	"Exp381" [label="Exp"]
	"Factor380" -> "Exp381"
	"num382" [label="num",style=filled,fillcolor=powderblue]
	"Exp381" -> "num382"
	"FactorP383" [label="FactorP"]
	"Factor380" -> "FactorP383"
	"e384" [label="e"]
	"FactorP383" -> "e384"
	"TermP385" [label="TermP"]
	"Term379" -> "TermP385"
	"e386" [label="e"]
	"TermP385" -> "e386"
	"ExpressionP387" [label="ExpressionP"]
	"Expression378" -> "ExpressionP387"
	"-388" [label="-",style=filled,fillcolor=powderblue]
	"ExpressionP387" -> "-388"
	"Term389" [label="Term"]
	"ExpressionP387" -> "Term389"
	"Factor390" [label="Factor"]
	"Term389" -> "Factor390"
	"Exp391" [label="Exp"]
	"Factor390" -> "Exp391"
	"m392" [label="m",style=filled,fillcolor=powderblue]
	"Exp391" -> "m392"
	"[393" [label="[",style=filled,fillcolor=powderblue]
	"Exp391" -> "[393"
	"Expression394" [label="Expression"]
	"Exp391" -> "Expression394"
	"Term395" [label="Term"]
	"Expression394" -> "Term395"
	"Factor396" [label="Factor"]
	"Term395" -> "Factor396"
	"Exp397" [label="Exp"]
	"Factor396" -> "Exp397"
	"num398" [label="num",style=filled,fillcolor=powderblue]
	"Exp397" -> "num398"
	"FactorP399" [label="FactorP"]
	"Factor396" -> "FactorP399"
	"e400" [label="e"]
	"FactorP399" -> "e400"
	"TermP401" [label="TermP"]
	"Term395" -> "TermP401"
	"e402" [label="e"]
	"TermP401" -> "e402"
	"ExpressionP403" [label="ExpressionP"]
	"Expression394" -> "ExpressionP403"
	"-404" [label="-",style=filled,fillcolor=powderblue]
	"ExpressionP403" -> "-404"
	"Term405" [label="Term"]
	"ExpressionP403" -> "Term405"
	"Factor406" [label="Factor"]
	"Term405" -> "Factor406"
	"Exp407" [label="Exp"]
	"Factor406" -> "Exp407"
	"num408" [label="num",style=filled,fillcolor=powderblue]
	"Exp407" -> "num408"
	"FactorP409" [label="FactorP"]
	"Factor406" -> "FactorP409"
	"e410" [label="e"]
	"FactorP409" -> "e410"
	"TermP411" [label="TermP"]
	"Term405" -> "TermP411"
	"e412" [label="e"]
	"TermP411" -> "e412"
	"ExpressionP413" [label="ExpressionP"]
	"ExpressionP403" -> "ExpressionP413"
	"e414" [label="e"]
	"ExpressionP413" -> "e414"
	"]415" [label="]",style=filled,fillcolor=powderblue]
	"Exp391" -> "]415"
	"FactorP416" [label="FactorP"]
	"Factor390" -> "FactorP416"
	"e417" [label="e"]
	"FactorP416" -> "e417"
	"TermP418" [label="TermP"]
	"Term389" -> "TermP418"
	"e419" [label="e"]
	"TermP418" -> "e419"
	"ExpressionP420" [label="ExpressionP"]
	"ExpressionP387" -> "ExpressionP420"
	"e421" [label="e"]
	"ExpressionP420" -> "e421"
	"More_Statement422" [label="More_Statement"]
	"More_Statement360" -> "More_Statement422"
	"Statement423" [label="Statement"]
	"More_Statement422" -> "Statement423"
	"m424" [label="m",style=filled,fillcolor=powderblue]
	"Statement423" -> "m424"
	"Assignment425" [label="Assignment"]
	"Statement423" -> "Assignment425"
	"[426" [label="[",style=filled,fillcolor=powderblue]
	"Assignment425" -> "[426"
	"Expression427" [label="Expression"]
	"Assignment425" -> "Expression427"
	"Term428" [label="Term"]
	"Expression427" -> "Term428"
	"Factor429" [label="Factor"]
	"Term428" -> "Factor429"
	"Exp430" [label="Exp"]
	"Factor429" -> "Exp430"
	"num431" [label="num",style=filled,fillcolor=powderblue]
	"Exp430" -> "num431"
	"FactorP432" [label="FactorP"]
	"Factor429" -> "FactorP432"
	"e433" [label="e"]
	"FactorP432" -> "e433"
	"TermP434" [label="TermP"]
	"Term428" -> "TermP434"
	"e435" [label="e"]
	"TermP434" -> "e435"
	"ExpressionP436" [label="ExpressionP"]
	"Expression427" -> "ExpressionP436"
	"e437" [label="e"]
	"ExpressionP436" -> "e437"
	"]438" [label="]",style=filled,fillcolor=powderblue]
	"Assignment425" -> "]438"
	"=439" [label="=",style=filled,fillcolor=powderblue]
	"Assignment425" -> "=439"
	"Expression440" [label="Expression"]
	"Assignment425" -> "Expression440"
	"Term441" [label="Term"]
	"Expression440" -> "Term441"
	"Factor442" [label="Factor"]
	"Term441" -> "Factor442"
	"Exp443" [label="Exp"]
	"Factor442" -> "Exp443"
	"num444" [label="num",style=filled,fillcolor=powderblue]
	"Exp443" -> "num444"
	"FactorP445" [label="FactorP"]
	"Factor442" -> "FactorP445"
	"e446" [label="e"]
	"FactorP445" -> "e446"
	"TermP447" [label="TermP"]
	"Term441" -> "TermP447"
	"e448" [label="e"]
	"TermP447" -> "e448"
	"ExpressionP449" [label="ExpressionP"]
	"Expression440" -> "ExpressionP449"
	"-450" [label="-",style=filled,fillcolor=powderblue]
	"ExpressionP449" -> "-450"
	"Term451" [label="Term"]
	"ExpressionP449" -> "Term451"
	"Factor452" [label="Factor"]
	"Term451" -> "Factor452"
	"Exp453" [label="Exp"]
	"Factor452" -> "Exp453"
	"(454" [label="(",style=filled,fillcolor=powderblue]
	"Exp453" -> "(454"
	"Expression455" [label="Expression"]
	"Exp453" -> "Expression455"
	"Term456" [label="Term"]
	"Expression455" -> "Term456"
	"Factor457" [label="Factor"]
	"Term456" -> "Factor457"
	"Exp458" [label="Exp"]
	"Factor457" -> "Exp458"
	"num459" [label="num",style=filled,fillcolor=powderblue]
	"Exp458" -> "num459"
	"FactorP460" [label="FactorP"]
	"Factor457" -> "FactorP460"
	"e461" [label="e"]
	"FactorP460" -> "e461"
	"TermP462" [label="TermP"]
	"Term456" -> "TermP462"
	"e463" [label="e"]
	"TermP462" -> "e463"
	"ExpressionP464" [label="ExpressionP"]
	"Expression455" -> "ExpressionP464"
	"-465" [label="-",style=filled,fillcolor=powderblue]
	"ExpressionP464" -> "-465"
	"Term466" [label="Term"]
	"ExpressionP464" -> "Term466"
	"Factor467" [label="Factor"]
	"Term466" -> "Factor467"
	"Exp468" [label="Exp"]
	"Factor467" -> "Exp468"
	"num469" [label="num",style=filled,fillcolor=powderblue]
	"Exp468" -> "num469"
	"FactorP470" [label="FactorP"]
	"Factor467" -> "FactorP470"
	"e471" [label="e"]
	"FactorP470" -> "e471"
	"TermP472" [label="TermP"]
	"Term466" -> "TermP472"
	"e473" [label="e"]
	"TermP472" -> "e473"
	"ExpressionP474" [label="ExpressionP"]
	"ExpressionP464" -> "ExpressionP474"
	"e475" [label="e"]
	"ExpressionP474" -> "e475"
	")476" [label=")",style=filled,fillcolor=powderblue]
	"Exp453" -> ")476"
	"FactorP477" [label="FactorP"]
	"Factor452" -> "FactorP477"
	"e478" [label="e"]
	"FactorP477" -> "e478"
	"TermP479" [label="TermP"]
	"Term451" -> "TermP479"
	"/480" [label="/",style=filled,fillcolor=powderblue]
	"TermP479" -> "/480"
	"Factor481" [label="Factor"]
	"TermP479" -> "Factor481"
	"Exp482" [label="Exp"]
	"Factor481" -> "Exp482"
	"m483" [label="m",style=filled,fillcolor=powderblue]
	"Exp482" -> "m483"
	"[484" [label="[",style=filled,fillcolor=powderblue]
	"Exp482" -> "[484"
	"Expression485" [label="Expression"]
	"Exp482" -> "Expression485"
	"Term486" [label="Term"]
	"Expression485" -> "Term486"
	"Factor487" [label="Factor"]
	"Term486" -> "Factor487"
	"Exp488" [label="Exp"]
	"Factor487" -> "Exp488"
	"num489" [label="num",style=filled,fillcolor=powderblue]
	"Exp488" -> "num489"
	"FactorP490" [label="FactorP"]
	"Factor487" -> "FactorP490"
	"e491" [label="e"]
	"FactorP490" -> "e491"
	"TermP492" [label="TermP"]
	"Term486" -> "TermP492"
	"e493" [label="e"]
	"TermP492" -> "e493"
	"ExpressionP494" [label="ExpressionP"]
	"Expression485" -> "ExpressionP494"
	"e495" [label="e"]
	"ExpressionP494" -> "e495"
	"]496" [label="]",style=filled,fillcolor=powderblue]
	"Exp482" -> "]496"
	"FactorP497" [label="FactorP"]
	"Factor481" -> "FactorP497"
	"e498" [label="e"]
	"FactorP497" -> "e498"
	"TermP499" [label="TermP"]
	"TermP479" -> "TermP499"
	"e500" [label="e"]
	"TermP499" -> "e500"
	"ExpressionP501" [label="ExpressionP"]
	"ExpressionP449" -> "ExpressionP501"
	"e502" [label="e"]
	"ExpressionP501" -> "e502"
	"More_Statement503" [label="More_Statement"]
	"More_Statement422" -> "More_Statement503"
syntax error: found = in parsing More_Statement - line 11
