digraph G {
	"Start1" [label="Start"]
	"Statments2" [label="Statments"]
	"Start1" -> "Statments2"
	"Statement3" [label="Statement"]
	"Statments2" -> "Statement3"
	"m4" [label="m",style=filled,fillcolor=powderblue]
	"Statement3" -> "m4"
	"Assignment5" [label="Assignment"]
	"Statement3" -> "Assignment5"
	"[6" [label="[",style=filled,fillcolor=powderblue]
	"Assignment5" -> "[6"
	"Expression7" [label="Expression"]
	"Assignment5" -> "Expression7"
	"Term8" [label="Term"]
	"Expression7" -> "Term8"
	"Factor9" [label="Factor"]
	"Term8" -> "Factor9"
	"Exp10" [label="Exp"]
	"Factor9" -> "Exp10"
	"num11" [label="num",style=filled,fillcolor=powderblue]
	"Exp10" -> "num11"
	"FactorP12" [label="FactorP"]
	"Factor9" -> "FactorP12"
	"e13" [label="e"]
	"FactorP12" -> "e13"
	"TermP14" [label="TermP"]
	"Term8" -> "TermP14"
	"e15" [label="e"]
	"TermP14" -> "e15"
	"ExpressionP16" [label="ExpressionP"]
	"Expression7" -> "ExpressionP16"
	"e17" [label="e"]
	"ExpressionP16" -> "e17"
	"]18" [label="]",style=filled,fillcolor=powderblue]
	"Assignment5" -> "]18"
	"=19" [label="=",style=filled,fillcolor=powderblue]
	"Assignment5" -> "=19"
	"Expression20" [label="Expression"]
	"Assignment5" -> "Expression20"
	"Term21" [label="Term"]
	"Expression20" -> "Term21"
	"Factor22" [label="Factor"]
	"Term21" -> "Factor22"
	"Exp23" [label="Exp"]
	"Factor22" -> "Exp23"
	"num24" [label="num",style=filled,fillcolor=powderblue]
	"Exp23" -> "num24"
	"FactorP25" [label="FactorP"]
	"Factor22" -> "FactorP25"
	"e26" [label="e"]
	"FactorP25" -> "e26"
	"TermP27" [label="TermP"]
	"Term21" -> "TermP27"
	"/28" [label="/",style=filled,fillcolor=powderblue]
	"TermP27" -> "/28"
	"Factor29" [label="Factor"]
	"TermP27" -> "Factor29"
	"Exp30" [label="Exp"]
	"Factor29" -> "Exp30"
	"num31" [label="num",style=filled,fillcolor=powderblue]
	"Exp30" -> "num31"
	"FactorP32" [label="FactorP"]
	"Factor29" -> "FactorP32"
	"e33" [label="e"]
	"FactorP32" -> "e33"
	"TermP34" [label="TermP"]
	"TermP27" -> "TermP34"
	"*35" [label="*",style=filled,fillcolor=powderblue]
	"TermP34" -> "*35"
	"Factor36" [label="Factor"]
	"TermP34" -> "Factor36"
	"Exp37" [label="Exp"]
	"Factor36" -> "Exp37"
	"num38" [label="num",style=filled,fillcolor=powderblue]
	"Exp37" -> "num38"
	"FactorP39" [label="FactorP"]
	"Factor36" -> "FactorP39"
	"e40" [label="e"]
	"FactorP39" -> "e40"
	"TermP41" [label="TermP"]
	"TermP34" -> "TermP41"
	"e42" [label="e"]
	"TermP41" -> "e42"
	"ExpressionP43" [label="ExpressionP"]
	"Expression20" -> "ExpressionP43"
	"e44" [label="e"]
	"ExpressionP43" -> "e44"
	"More_Statement45" [label="More_Statement"]
	"Statments2" -> "More_Statement45"
	"Statement46" [label="Statement"]
	"More_Statement45" -> "Statement46"
	"m47" [label="m",style=filled,fillcolor=powderblue]
	"Statement46" -> "m47"
	"Assignment48" [label="Assignment"]
	"Statement46" -> "Assignment48"
	"[49" [label="[",style=filled,fillcolor=powderblue]
	"Assignment48" -> "[49"
	"Expression50" [label="Expression"]
	"Assignment48" -> "Expression50"
	"Term51" [label="Term"]
	"Expression50" -> "Term51"
	"Factor52" [label="Factor"]
	"Term51" -> "Factor52"
	"Exp53" [label="Exp"]
	"Factor52" -> "Exp53"
	"num54" [label="num",style=filled,fillcolor=powderblue]
	"Exp53" -> "num54"
	"FactorP55" [label="FactorP"]
	"Factor52" -> "FactorP55"
	"e56" [label="e"]
	"FactorP55" -> "e56"
	"TermP57" [label="TermP"]
	"Term51" -> "TermP57"
	"e58" [label="e"]
	"TermP57" -> "e58"
	"ExpressionP59" [label="ExpressionP"]
	"Expression50" -> "ExpressionP59"
	"e60" [label="e"]
	"ExpressionP59" -> "e60"
	"]61" [label="]",style=filled,fillcolor=powderblue]
	"Assignment48" -> "]61"
	"=62" [label="=",style=filled,fillcolor=powderblue]
	"Assignment48" -> "=62"
	"Expression63" [label="Expression"]
	"Assignment48" -> "Expression63"
	"Term64" [label="Term"]
	"Expression63" -> "Term64"
	"Factor65" [label="Factor"]
	"Term64" -> "Factor65"
	"Exp66" [label="Exp"]
	"Factor65" -> "Exp66"
	"num67" [label="num",style=filled,fillcolor=powderblue]
	"Exp66" -> "num67"
	"FactorP68" [label="FactorP"]
	"Factor65" -> "FactorP68"
	"e69" [label="e"]
	"FactorP68" -> "e69"
	"TermP70" [label="TermP"]
	"Term64" -> "TermP70"
	"/71" [label="/",style=filled,fillcolor=powderblue]
	"TermP70" -> "/71"
	"Factor72" [label="Factor"]
	"TermP70" -> "Factor72"
	"Exp73" [label="Exp"]
	"Factor72" -> "Exp73"
	"num74" [label="num",style=filled,fillcolor=powderblue]
	"Exp73" -> "num74"
	"FactorP75" [label="FactorP"]
	"Factor72" -> "FactorP75"
	"e76" [label="e"]
	"FactorP75" -> "e76"
	"TermP77" [label="TermP"]
	"TermP70" -> "TermP77"
	"*78" [label="*",style=filled,fillcolor=powderblue]
	"TermP77" -> "*78"
	"Factor79" [label="Factor"]
	"TermP77" -> "Factor79"
	"Exp80" [label="Exp"]
	"Factor79" -> "Exp80"
	"num81" [label="num",style=filled,fillcolor=powderblue]
	"Exp80" -> "num81"
	"FactorP82" [label="FactorP"]
	"Factor79" -> "FactorP82"
	"e83" [label="e"]
	"FactorP82" -> "e83"
	"TermP84" [label="TermP"]
	"TermP77" -> "TermP84"
	"e85" [label="e"]
	"TermP84" -> "e85"
	"ExpressionP86" [label="ExpressionP"]
	"Expression63" -> "ExpressionP86"
	"e87" [label="e"]
	"ExpressionP86" -> "e87"
	"More_Statement88" [label="More_Statement"]
	"More_Statement45" -> "More_Statement88"
	"Statement89" [label="Statement"]
	"More_Statement88" -> "Statement89"
	"Print90" [label="Print"]
	"Statement89" -> "Print90"
	"print91" [label="print",style=filled,fillcolor=powderblue]
	"Print90" -> "print91"
	"Expression92" [label="Expression"]
	"Print90" -> "Expression92"
	"Term93" [label="Term"]
	"Expression92" -> "Term93"
	"Factor94" [label="Factor"]
	"Term93" -> "Factor94"
	"Exp95" [label="Exp"]
	"Factor94" -> "Exp95"
	"m96" [label="m",style=filled,fillcolor=powderblue]
	"Exp95" -> "m96"
	"[97" [label="[",style=filled,fillcolor=powderblue]
	"Exp95" -> "[97"
	"Expression98" [label="Expression"]
	"Exp95" -> "Expression98"
	"Term99" [label="Term"]
	"Expression98" -> "Term99"
	"Factor100" [label="Factor"]
	"Term99" -> "Factor100"
	"Exp101" [label="Exp"]
	"Factor100" -> "Exp101"
	"num102" [label="num",style=filled,fillcolor=powderblue]
	"Exp101" -> "num102"
	"FactorP103" [label="FactorP"]
	"Factor100" -> "FactorP103"
	"e104" [label="e"]
	"FactorP103" -> "e104"
	"TermP105" [label="TermP"]
	"Term99" -> "TermP105"
	"e106" [label="e"]
	"TermP105" -> "e106"
	"ExpressionP107" [label="ExpressionP"]
	"Expression98" -> "ExpressionP107"
	"e108" [label="e"]
	"ExpressionP107" -> "e108"
	"]109" [label="]",style=filled,fillcolor=powderblue]
	"Exp95" -> "]109"
	"FactorP110" [label="FactorP"]
	"Factor94" -> "FactorP110"
	"e111" [label="e"]
	"FactorP110" -> "e111"
	"TermP112" [label="TermP"]
	"Term93" -> "TermP112"
	"e113" [label="e"]
	"TermP112" -> "e113"
	"ExpressionP114" [label="ExpressionP"]
	"Expression92" -> "ExpressionP114"
	"e115" [label="e"]
	"ExpressionP114" -> "e115"
	"More_Statement116" [label="More_Statement"]
	"More_Statement88" -> "More_Statement116"
	"Statement117" [label="Statement"]
	"More_Statement116" -> "Statement117"
	"Jump118" [label="Jump"]
	"Statement117" -> "Jump118"
	"goto119" [label="goto",style=filled,fillcolor=powderblue]
	"Jump118" -> "goto119"
	"num120" [label="num",style=filled,fillcolor=powderblue]
	"Jump118" -> "num120"
	"if121" [label="if",style=filled,fillcolor=powderblue]
	"Jump118" -> "if121"
	"Expression122" [label="Expression"]
	"Jump118" -> "Expression122"
	"Term123" [label="Term"]
	"Expression122" -> "Term123"
	"Factor124" [label="Factor"]
	"Term123" -> "Factor124"
	"Exp125" [label="Exp"]
	"Factor124" -> "Exp125"
	"m126" [label="m",style=filled,fillcolor=powderblue]
	"Exp125" -> "m126"
	"[127" [label="[",style=filled,fillcolor=powderblue]
	"Exp125" -> "[127"
	"Expression128" [label="Expression"]
	"Exp125" -> "Expression128"
	"Term129" [label="Term"]
	"Expression128" -> "Term129"
	"Factor130" [label="Factor"]
	"Term129" -> "Factor130"
	"Exp131" [label="Exp"]
	"Factor130" -> "Exp131"
	"num132" [label="num",style=filled,fillcolor=powderblue]
	"Exp131" -> "num132"
	"FactorP133" [label="FactorP"]
	"Factor130" -> "FactorP133"
	"e134" [label="e"]
	"FactorP133" -> "e134"
	"TermP135" [label="TermP"]
	"Term129" -> "TermP135"
	"e136" [label="e"]
	"TermP135" -> "e136"
	"ExpressionP137" [label="ExpressionP"]
	"Expression128" -> "ExpressionP137"
	"e138" [label="e"]
	"ExpressionP137" -> "e138"
	"]139" [label="]",style=filled,fillcolor=powderblue]
	"Exp125" -> "]139"
	"FactorP140" [label="FactorP"]
	"Factor124" -> "FactorP140"
	"e141" [label="e"]
	"FactorP140" -> "e141"
	"TermP142" [label="TermP"]
	"Term123" -> "TermP142"
	"e143" [label="e"]
	"TermP142" -> "e143"
	"ExpressionP144" [label="ExpressionP"]
	"Expression122" -> "ExpressionP144"
	"e145" [label="e"]
	"ExpressionP144" -> "e145"
	"More_Statement146" [label="More_Statement"]
	"More_Statement116" -> "More_Statement146"
	"Statement147" [label="Statement"]
	"More_Statement146" -> "Statement147"
	"Jump148" [label="Jump"]
	"Statement147" -> "Jump148"
	"goto149" [label="goto",style=filled,fillcolor=powderblue]
	"Jump148" -> "goto149"
	"num150" [label="num",style=filled,fillcolor=powderblue]
	"Jump148" -> "num150"
	"More_Statement151" [label="More_Statement"]
	"More_Statement146" -> "More_Statement151"
	"Statement152" [label="Statement"]
	"More_Statement151" -> "Statement152"
	"Jump153" [label="Jump"]
	"Statement152" -> "Jump153"
	"L154" [label="L",style=filled,fillcolor=powderblue]
	"Jump153" -> "L154"
	"num155" [label="num",style=filled,fillcolor=powderblue]
	"Jump153" -> "num155"
	":156" [label=":",style=filled,fillcolor=powderblue]
	"Jump153" -> ":156"
	"More_Statement157" [label="More_Statement"]
	"More_Statement151" -> "More_Statement157"
	"Statement158" [label="Statement"]
	"More_Statement157" -> "Statement158"
	"m159" [label="m",style=filled,fillcolor=powderblue]
	"Statement158" -> "m159"
	"Assignment160" [label="Assignment"]
	"Statement158" -> "Assignment160"
	"[161" [label="[",style=filled,fillcolor=powderblue]
	"Assignment160" -> "[161"
	"Expression162" [label="Expression"]
	"Assignment160" -> "Expression162"
	"Term163" [label="Term"]
	"Expression162" -> "Term163"
	"Factor164" [label="Factor"]
	"Term163" -> "Factor164"
	"Exp165" [label="Exp"]
	"Factor164" -> "Exp165"
	"num166" [label="num",style=filled,fillcolor=powderblue]
	"Exp165" -> "num166"
	"FactorP167" [label="FactorP"]
	"Factor164" -> "FactorP167"
	"e168" [label="e"]
	"FactorP167" -> "e168"
	"TermP169" [label="TermP"]
	"Term163" -> "TermP169"
	"e170" [label="e"]
	"TermP169" -> "e170"
	"ExpressionP171" [label="ExpressionP"]
	"Expression162" -> "ExpressionP171"
	"e172" [label="e"]
	"ExpressionP171" -> "e172"
	"]173" [label="]",style=filled,fillcolor=powderblue]
	"Assignment160" -> "]173"
	"=174" [label="=",style=filled,fillcolor=powderblue]
	"Assignment160" -> "=174"
	"Expression175" [label="Expression"]
	"Assignment160" -> "Expression175"
	"Term176" [label="Term"]
	"Expression175" -> "Term176"
	"Factor177" [label="Factor"]
	"Term176" -> "Factor177"
	"Exp178" [label="Exp"]
	"Factor177" -> "Exp178"
	"num179" [label="num",style=filled,fillcolor=powderblue]
	"Exp178" -> "num179"
	"FactorP180" [label="FactorP"]
	"Factor177" -> "FactorP180"
	"e181" [label="e"]
	"FactorP180" -> "e181"
	"TermP182" [label="TermP"]
	"Term176" -> "TermP182"
	"e183" [label="e"]
	"TermP182" -> "e183"
	"ExpressionP184" [label="ExpressionP"]
	"Expression175" -> "ExpressionP184"
	"-185" [label="-",style=filled,fillcolor=powderblue]
	"ExpressionP184" -> "-185"
	"Term186" [label="Term"]
	"ExpressionP184" -> "Term186"
	"Factor187" [label="Factor"]
	"Term186" -> "Factor187"
	"Exp188" [label="Exp"]
	"Factor187" -> "Exp188"
	"(189" [label="(",style=filled,fillcolor=powderblue]
	"Exp188" -> "(189"
	"Expression190" [label="Expression"]
	"Exp188" -> "Expression190"
	"Term191" [label="Term"]
	"Expression190" -> "Term191"
	"Factor192" [label="Factor"]
	"Term191" -> "Factor192"
	"Exp193" [label="Exp"]
	"Factor192" -> "Exp193"
	"m194" [label="m",style=filled,fillcolor=powderblue]
	"Exp193" -> "m194"
	"[195" [label="[",style=filled,fillcolor=powderblue]
	"Exp193" -> "[195"
	"Expression196" [label="Expression"]
	"Exp193" -> "Expression196"
	"Term197" [label="Term"]
	"Expression196" -> "Term197"
	"Factor198" [label="Factor"]
	"Term197" -> "Factor198"
	"Exp199" [label="Exp"]
	"Factor198" -> "Exp199"
	"num200" [label="num",style=filled,fillcolor=powderblue]
	"Exp199" -> "num200"
	"FactorP201" [label="FactorP"]
	"Factor198" -> "FactorP201"
	"e202" [label="e"]
	"FactorP201" -> "e202"
	"TermP203" [label="TermP"]
	"Term197" -> "TermP203"
	"e204" [label="e"]
	"TermP203" -> "e204"
	"ExpressionP205" [label="ExpressionP"]
	"Expression196" -> "ExpressionP205"
	"e206" [label="e"]
	"ExpressionP205" -> "e206"
	"]207" [label="]",style=filled,fillcolor=powderblue]
	"Exp193" -> "]207"
	"FactorP208" [label="FactorP"]
	"Factor192" -> "FactorP208"
	"e209" [label="e"]
	"FactorP208" -> "e209"
	"TermP210" [label="TermP"]
	"Term191" -> "TermP210"
	"e211" [label="e"]
	"TermP210" -> "e211"
	"ExpressionP212" [label="ExpressionP"]
	"Expression190" -> "ExpressionP212"
	"-213" [label="-",style=filled,fillcolor=powderblue]
	"ExpressionP212" -> "-213"
	"Term214" [label="Term"]
	"ExpressionP212" -> "Term214"
	"Factor215" [label="Factor"]
	"Term214" -> "Factor215"
	"Exp216" [label="Exp"]
	"Factor215" -> "Exp216"
	"num217" [label="num",style=filled,fillcolor=powderblue]
	"Exp216" -> "num217"
	"FactorP218" [label="FactorP"]
	"Factor215" -> "FactorP218"
	"**219" [label="**",style=filled,fillcolor=powderblue]
	"FactorP218" -> "**219"
	"Exp220" [label="Exp"]
	"FactorP218" -> "Exp220"
	"num221" [label="num",style=filled,fillcolor=powderblue]
	"Exp220" -> "num221"
	"FactorP222" [label="FactorP"]
	"FactorP218" -> "FactorP222"
	"e223" [label="e"]
	"FactorP222" -> "e223"
	"TermP224" [label="TermP"]
	"Term214" -> "TermP224"
	"e225" [label="e"]
	"TermP224" -> "e225"
	"ExpressionP226" [label="ExpressionP"]
	"ExpressionP212" -> "ExpressionP226"
	"e227" [label="e"]
	"ExpressionP226" -> "e227"
	")228" [label=")",style=filled,fillcolor=powderblue]
	"Exp188" -> ")228"
	"FactorP229" [label="FactorP"]
	"Factor187" -> "FactorP229"
	"e230" [label="e"]
	"FactorP229" -> "e230"
	"TermP231" [label="TermP"]
	"Term186" -> "TermP231"
	"e232" [label="e"]
	"TermP231" -> "e232"
	"ExpressionP233" [label="ExpressionP"]
	"ExpressionP184" -> "ExpressionP233"
	"e234" [label="e"]
	"ExpressionP233" -> "e234"
	"More_Statement235" [label="More_Statement"]
	"More_Statement157" -> "More_Statement235"
	"Statement236" [label="Statement"]
	"More_Statement235" -> "Statement236"
	"Jump237" [label="Jump"]
	"Statement236" -> "Jump237"
	"L238" [label="L",style=filled,fillcolor=powderblue]
	"Jump237" -> "L238"
	"num239" [label="num",style=filled,fillcolor=powderblue]
	"Jump237" -> "num239"
	":240" [label=":",style=filled,fillcolor=powderblue]
	"Jump237" -> ":240"
	"More_Statement241" [label="More_Statement"]
	"More_Statement235" -> "More_Statement241"
	"Statement242" [label="Statement"]
	"More_Statement241" -> "Statement242"
	"m243" [label="m",style=filled,fillcolor=powderblue]
	"Statement242" -> "m243"
	"Assignment244" [label="Assignment"]
	"Statement242" -> "Assignment244"
	"[245" [label="[",style=filled,fillcolor=powderblue]
	"Assignment244" -> "[245"
	"Expression246" [label="Expression"]
	"Assignment244" -> "Expression246"
	"Term247" [label="Term"]
	"Expression246" -> "Term247"
	"Factor248" [label="Factor"]
	"Term247" -> "Factor248"
	"Exp249" [label="Exp"]
	"Factor248" -> "Exp249"
	"num250" [label="num",style=filled,fillcolor=powderblue]
	"Exp249" -> "num250"
	"FactorP251" [label="FactorP"]
	"Factor248" -> "FactorP251"
	"e252" [label="e"]
	"FactorP251" -> "e252"
	"TermP253" [label="TermP"]
	"Term247" -> "TermP253"
	"e254" [label="e"]
	"TermP253" -> "e254"
	"ExpressionP255" [label="ExpressionP"]
	"Expression246" -> "ExpressionP255"
	"e256" [label="e"]
	"ExpressionP255" -> "e256"
	"]257" [label="]",style=filled,fillcolor=powderblue]
	"Assignment244" -> "]257"
	"=258" [label="=",style=filled,fillcolor=powderblue]
	"Assignment244" -> "=258"
	"Expression259" [label="Expression"]
	"Assignment244" -> "Expression259"
	"Term260" [label="Term"]
	"Expression259" -> "Term260"
	"Factor261" [label="Factor"]
	"Term260" -> "Factor261"
	"Exp262" [label="Exp"]
	"Factor261" -> "Exp262"
	"num263" [label="num",style=filled,fillcolor=powderblue]
	"Exp262" -> "num263"
	"FactorP264" [label="FactorP"]
	"Factor261" -> "FactorP264"
	"e265" [label="e"]
	"FactorP264" -> "e265"
	"TermP266" [label="TermP"]
	"Term260" -> "TermP266"
	"e267" [label="e"]
	"TermP266" -> "e267"
	"ExpressionP268" [label="ExpressionP"]
	"Expression259" -> "ExpressionP268"
	"-269" [label="-",style=filled,fillcolor=powderblue]
	"ExpressionP268" -> "-269"
	"Term270" [label="Term"]
	"ExpressionP268" -> "Term270"
	"Factor271" [label="Factor"]
	"Term270" -> "Factor271"
	"Exp272" [label="Exp"]
	"Factor271" -> "Exp272"
	"(273" [label="(",style=filled,fillcolor=powderblue]
	"Exp272" -> "(273"
	"Expression274" [label="Expression"]
	"Exp272" -> "Expression274"
	"Term275" [label="Term"]
	"Expression274" -> "Term275"
	"Factor276" [label="Factor"]
	"Term275" -> "Factor276"
	"Exp277" [label="Exp"]
	"Factor276" -> "Exp277"
	"m278" [label="m",style=filled,fillcolor=powderblue]
	"Exp277" -> "m278"
	"[279" [label="[",style=filled,fillcolor=powderblue]
	"Exp277" -> "[279"
	"Expression280" [label="Expression"]
	"Exp277" -> "Expression280"
	"Term281" [label="Term"]
	"Expression280" -> "Term281"
	"Factor282" [label="Factor"]
	"Term281" -> "Factor282"
	"Exp283" [label="Exp"]
	"Factor282" -> "Exp283"
	"num284" [label="num",style=filled,fillcolor=powderblue]
	"Exp283" -> "num284"
	"FactorP285" [label="FactorP"]
	"Factor282" -> "FactorP285"
	"e286" [label="e"]
	"FactorP285" -> "e286"
	"TermP287" [label="TermP"]
	"Term281" -> "TermP287"
	"e288" [label="e"]
	"TermP287" -> "e288"
	"ExpressionP289" [label="ExpressionP"]
	"Expression280" -> "ExpressionP289"
	"e290" [label="e"]
	"ExpressionP289" -> "e290"
	"]291" [label="]",style=filled,fillcolor=powderblue]
	"Exp277" -> "]291"
	"FactorP292" [label="FactorP"]
	"Factor276" -> "FactorP292"
	"e293" [label="e"]
	"FactorP292" -> "e293"
	"TermP294" [label="TermP"]
	"Term275" -> "TermP294"
	"e295" [label="e"]
	"TermP294" -> "e295"
	"ExpressionP296" [label="ExpressionP"]
	"Expression274" -> "ExpressionP296"
	"-297" [label="-",style=filled,fillcolor=powderblue]
	"ExpressionP296" -> "-297"
	"Term298" [label="Term"]
	"ExpressionP296" -> "Term298"
	"Factor299" [label="Factor"]
	"Term298" -> "Factor299"
	"Exp300" [label="Exp"]
	"Factor299" -> "Exp300"
	"num301" [label="num",style=filled,fillcolor=powderblue]
	"Exp300" -> "num301"
	"FactorP302" [label="FactorP"]
	"Factor299" -> "FactorP302"
	"e303" [label="e"]
	"FactorP302" -> "e303"
	"TermP304" [label="TermP"]
	"Term298" -> "TermP304"
	"e305" [label="e"]
	"TermP304" -> "e305"
	"ExpressionP306" [label="ExpressionP"]
	"ExpressionP296" -> "ExpressionP306"
	"e307" [label="e"]
	"ExpressionP306" -> "e307"
	")308" [label=")",style=filled,fillcolor=powderblue]
	"Exp272" -> ")308"
	"FactorP309" [label="FactorP"]
	"Factor271" -> "FactorP309"
	"e310" [label="e"]
	"FactorP309" -> "e310"
	"TermP311" [label="TermP"]
	"Term270" -> "TermP311"
	"e312" [label="e"]
	"TermP311" -> "e312"
	"ExpressionP313" [label="ExpressionP"]
	"ExpressionP268" -> "ExpressionP313"
	"e314" [label="e"]
	"ExpressionP313" -> "e314"
	"More_Statement315" [label="More_Statement"]
	"More_Statement241" -> "More_Statement315"
	"Statement316" [label="Statement"]
	"More_Statement315" -> "Statement316"
	"Print317" [label="Print"]
	"Statement316" -> "Print317"
	"print318" [label="print",style=filled,fillcolor=powderblue]
	"Print317" -> "print318"
	"Expression319" [label="Expression"]
	"Print317" -> "Expression319"
	"Term320" [label="Term"]
	"Expression319" -> "Term320"
	"Factor321" [label="Factor"]
	"Term320" -> "Factor321"
	"Exp322" [label="Exp"]
	"Factor321" -> "Exp322"
	"m323" [label="m",style=filled,fillcolor=powderblue]
	"Exp322" -> "m323"
	"[324" [label="[",style=filled,fillcolor=powderblue]
	"Exp322" -> "[324"
	"Expression325" [label="Expression"]
	"Exp322" -> "Expression325"
	"Term326" [label="Term"]
	"Expression325" -> "Term326"
	"Factor327" [label="Factor"]
	"Term326" -> "Factor327"
	"Exp328" [label="Exp"]
	"Factor327" -> "Exp328"
	"num329" [label="num",style=filled,fillcolor=powderblue]
	"Exp328" -> "num329"
	"FactorP330" [label="FactorP"]
	"Factor327" -> "FactorP330"
	"e331" [label="e"]
	"FactorP330" -> "e331"
	"TermP332" [label="TermP"]
	"Term326" -> "TermP332"
	"e333" [label="e"]
	"TermP332" -> "e333"
	"ExpressionP334" [label="ExpressionP"]
	"Expression325" -> "ExpressionP334"
	"e335" [label="e"]
	"ExpressionP334" -> "e335"
	"]336" [label="]",style=filled,fillcolor=powderblue]
	"Exp322" -> "]336"
	"FactorP337" [label="FactorP"]
	"Factor321" -> "FactorP337"
	"e338" [label="e"]
	"FactorP337" -> "e338"
	"TermP339" [label="TermP"]
	"Term320" -> "TermP339"
	"e340" [label="e"]
	"TermP339" -> "e340"
	"ExpressionP341" [label="ExpressionP"]
	"Expression319" -> "ExpressionP341"
	"e342" [label="e"]
	"ExpressionP341" -> "e342"
	"More_Statement343" [label="More_Statement"]
	"More_Statement315" -> "More_Statement343"
	"Statement344" [label="Statement"]
	"More_Statement343" -> "Statement344"
	"Print345" [label="Print"]
	"Statement344" -> "Print345"
	"print346" [label="print",style=filled,fillcolor=powderblue]
	"Print345" -> "print346"
	"Expression347" [label="Expression"]
	"Print345" -> "Expression347"
	"Term348" [label="Term"]
	"Expression347" -> "Term348"
	"Factor349" [label="Factor"]
	"Term348" -> "Factor349"
	"Exp350" [label="Exp"]
	"Factor349" -> "Exp350"
	"m351" [label="m",style=filled,fillcolor=powderblue]
	"Exp350" -> "m351"
	"[352" [label="[",style=filled,fillcolor=powderblue]
	"Exp350" -> "[352"
	"Expression353" [label="Expression"]
	"Exp350" -> "Expression353"
	"Term354" [label="Term"]
	"Expression353" -> "Term354"
	"Factor355" [label="Factor"]
	"Term354" -> "Factor355"
	"Exp356" [label="Exp"]
	"Factor355" -> "Exp356"
	"num357" [label="num",style=filled,fillcolor=powderblue]
	"Exp356" -> "num357"
	"FactorP358" [label="FactorP"]
	"Factor355" -> "FactorP358"
	"e359" [label="e"]
	"FactorP358" -> "e359"
	"TermP360" [label="TermP"]
	"Term354" -> "TermP360"
	"e361" [label="e"]
	"TermP360" -> "e361"
	"ExpressionP362" [label="ExpressionP"]
	"Expression353" -> "ExpressionP362"
	"e363" [label="e"]
	"ExpressionP362" -> "e363"
	"]364" [label="]",style=filled,fillcolor=powderblue]
	"Exp350" -> "]364"
	"FactorP365" [label="FactorP"]
	"Factor349" -> "FactorP365"
	"e366" [label="e"]
	"FactorP365" -> "e366"
	"TermP367" [label="TermP"]
	"Term348" -> "TermP367"
	"e368" [label="e"]
	"TermP367" -> "e368"
	"ExpressionP369" [label="ExpressionP"]
	"Expression347" -> "ExpressionP369"
	"e370" [label="e"]
	"ExpressionP369" -> "e370"
	"More_Statement371" [label="More_Statement"]
	"More_Statement343" -> "More_Statement371"
	"Statement372" [label="Statement"]
	"More_Statement371" -> "Statement372"
	"Print373" [label="Print"]
	"Statement372" -> "Print373"
	"print374" [label="print",style=filled,fillcolor=powderblue]
	"Print373" -> "print374"
	"Expression375" [label="Expression"]
	"Print373" -> "Expression375"
	"Term376" [label="Term"]
	"Expression375" -> "Term376"
	"Factor377" [label="Factor"]
	"Term376" -> "Factor377"
	"Exp378" [label="Exp"]
	"Factor377" -> "Exp378"
	"m379" [label="m",style=filled,fillcolor=powderblue]
	"Exp378" -> "m379"
	"[380" [label="[",style=filled,fillcolor=powderblue]
	"Exp378" -> "[380"
	"Expression381" [label="Expression"]
	"Exp378" -> "Expression381"
	"Term382" [label="Term"]
	"Expression381" -> "Term382"
	"Factor383" [label="Factor"]
	"Term382" -> "Factor383"
	"Exp384" [label="Exp"]
	"Factor383" -> "Exp384"
	"num385" [label="num",style=filled,fillcolor=powderblue]
	"Exp384" -> "num385"
	"FactorP386" [label="FactorP"]
	"Factor383" -> "FactorP386"
	"e387" [label="e"]
	"FactorP386" -> "e387"
	"TermP388" [label="TermP"]
	"Term382" -> "TermP388"
	"e389" [label="e"]
	"TermP388" -> "e389"
	"ExpressionP390" [label="ExpressionP"]
	"Expression381" -> "ExpressionP390"
	"e391" [label="e"]
	"ExpressionP390" -> "e391"
	"]392" [label="]",style=filled,fillcolor=powderblue]
	"Exp378" -> "]392"
	"FactorP393" [label="FactorP"]
	"Factor377" -> "FactorP393"
	"e394" [label="e"]
	"FactorP393" -> "e394"
	"TermP395" [label="TermP"]
	"Term376" -> "TermP395"
	"e396" [label="e"]
	"TermP395" -> "e396"
	"ExpressionP397" [label="ExpressionP"]
	"Expression375" -> "ExpressionP397"
	"e398" [label="e"]
	"ExpressionP397" -> "e398"
	"More_Statement399" [label="More_Statement"]
	"More_Statement371" -> "More_Statement399"
	"e400" [label="e"]
	"More_Statement399" -> "e400"
}
