digraph G {
	"Start1" [label="Start"]
	"Statements2" [label="Statements"]
	"Start1" -> "Statements2"
	"Statement3" [label="Statement"]
	"Statements2" -> "Statement3"
	"Label4" [label="Label"]
	"Statement3" -> "Label4"
	"L5" [label="L",style=filled,fillcolor=powderblue]
	"Label4" -> "L5"
	"num6" [label="num",style=filled,fillcolor=powderblue]
	"Label4" -> "num6"
	":7" [label=":",style=filled,fillcolor=powderblue]
	"Label4" -> ":7"
	"Statement8" [label="Statement"]
	"Statements2" -> "Statement8"
	"Assignment9" [label="Assignment"]
	"Statement8" -> "Assignment9"
	"m10" [label="m",style=filled,fillcolor=powderblue]
	"Assignment9" -> "m10"
	"[11" [label="[",style=filled,fillcolor=powderblue]
	"Assignment9" -> "[11"
	"Expression12" [label="Expression"]
	"Assignment9" -> "Expression12"
	"num13" [label="num",style=filled,fillcolor=powderblue]
	"Expression12" -> "num13"
	"Expresison Prime14" [label="Expresison Prime"]
	"Expression12" -> "Expresison Prime14"
	"e15" [label="e"]
	"Expresison Prime14" -> "e15"
	"]16" [label="]",style=filled,fillcolor=powderblue]
	"Assignment9" -> "]16"
	"=17" [label="=",style=filled,fillcolor=powderblue]
	"Assignment9" -> "=17"
	"Expression18" [label="Expression"]
	"Assignment9" -> "Expression18"
	"num19" [label="num",style=filled,fillcolor=powderblue]
	"Expression18" -> "num19"
	"Expresison Prime20" [label="Expresison Prime"]
	"Expression18" -> "Expresison Prime20"
	"-21" [label="-",style=filled,fillcolor=powderblue]
	"Expresison Prime20" -> "-21"
	"Expression22" [label="Expression"]
	"Expresison Prime20" -> "Expression22"
	"(23" [label="(",style=filled,fillcolor=powderblue]
	"Expression22" -> "(23"
	"Expression24" [label="Expression"]
	"Expression22" -> "Expression24"
	"m25" [label="m",style=filled,fillcolor=powderblue]
	"Expression24" -> "m25"
	"[26" [label="[",style=filled,fillcolor=powderblue]
	"Expression24" -> "[26"
	"Expression27" [label="Expression"]
	"Expression24" -> "Expression27"
	"num28" [label="num",style=filled,fillcolor=powderblue]
	"Expression27" -> "num28"
	"Expresison Prime29" [label="Expresison Prime"]
	"Expression27" -> "Expresison Prime29"
	"e30" [label="e"]
	"Expresison Prime29" -> "e30"
	"]31" [label="]",style=filled,fillcolor=powderblue]
	"Expression24" -> "]31"
	"Expresison Prime32" [label="Expresison Prime"]
	"Expression24" -> "Expresison Prime32"
	"-33" [label="-",style=filled,fillcolor=powderblue]
	"Expresison Prime32" -> "-33"
	"Expression34" [label="Expression"]
	"Expresison Prime32" -> "Expression34"
	"num35" [label="num",style=filled,fillcolor=powderblue]
	"Expression34" -> "num35"
	"Expresison Prime36" [label="Expresison Prime"]
	"Expression34" -> "Expresison Prime36"
	"e37" [label="e"]
	"Expresison Prime36" -> "e37"
	")38" [label=")",style=filled,fillcolor=powderblue]
	"Expression22" -> ")38"
	"Expresison Prime39" [label="Expresison Prime"]
	"Expression22" -> "Expresison Prime39"
	"e40" [label="e"]
	"Expresison Prime39" -> "e40"
	"Statement41" [label="Statement"]
	"Statements2" -> "Statement41"
	"Assignment42" [label="Assignment"]
	"Statement41" -> "Assignment42"
	"m43" [label="m",style=filled,fillcolor=powderblue]
	"Assignment42" -> "m43"
	"[44" [label="[",style=filled,fillcolor=powderblue]
	"Assignment42" -> "[44"
	"Expression45" [label="Expression"]
	"Assignment42" -> "Expression45"
	"num46" [label="num",style=filled,fillcolor=powderblue]
	"Expression45" -> "num46"
	"Expresison Prime47" [label="Expresison Prime"]
	"Expression45" -> "Expresison Prime47"
	"e48" [label="e"]
	"Expresison Prime47" -> "e48"
	"]49" [label="]",style=filled,fillcolor=powderblue]
	"Assignment42" -> "]49"
	"=50" [label="=",style=filled,fillcolor=powderblue]
	"Assignment42" -> "=50"
	"Expression51" [label="Expression"]
	"Assignment42" -> "Expression51"
	"num52" [label="num",style=filled,fillcolor=powderblue]
	"Expression51" -> "num52"
	"Expresison Prime53" [label="Expresison Prime"]
	"Expression51" -> "Expresison Prime53"
	"Expression prime prime54" [label="Expression prime prime"]
	"Expresison Prime53" -> "Expression prime prime54"
	"/55" [label="/",style=filled,fillcolor=powderblue]
	"Expression prime prime54" -> "/55"
	"Expression56" [label="Expression"]
	"Expression prime prime54" -> "Expression56"
	"num57" [label="num",style=filled,fillcolor=powderblue]
	"Expression56" -> "num57"
	"Expresison Prime58" [label="Expresison Prime"]
	"Expression56" -> "Expresison Prime58"
	"Expression prime prime59" [label="Expression prime prime"]
	"Expresison Prime58" -> "Expression prime prime59"
	"*60" [label="*",style=filled,fillcolor=powderblue]
	"Expression prime prime59" -> "*60"
	"Expression61" [label="Expression"]
	"Expression prime prime59" -> "Expression61"
	"num62" [label="num",style=filled,fillcolor=powderblue]
	"Expression61" -> "num62"
	"Expresison Prime63" [label="Expresison Prime"]
	"Expression61" -> "Expresison Prime63"
	"e64" [label="e"]
	"Expresison Prime63" -> "e64"
	"Statement65" [label="Statement"]
	"Statements2" -> "Statement65"
	"Assignment66" [label="Assignment"]
	"Statement65" -> "Assignment66"
	"m67" [label="m",style=filled,fillcolor=powderblue]
	"Assignment66" -> "m67"
	"[68" [label="[",style=filled,fillcolor=powderblue]
	"Assignment66" -> "[68"
	"Expression69" [label="Expression"]
	"Assignment66" -> "Expression69"
	"num70" [label="num",style=filled,fillcolor=powderblue]
	"Expression69" -> "num70"
	"Expresison Prime71" [label="Expresison Prime"]
	"Expression69" -> "Expresison Prime71"
	"e72" [label="e"]
	"Expresison Prime71" -> "e72"
	"]73" [label="]",style=filled,fillcolor=powderblue]
	"Assignment66" -> "]73"
	"=74" [label="=",style=filled,fillcolor=powderblue]
	"Assignment66" -> "=74"
	"Expression75" [label="Expression"]
	"Assignment66" -> "Expression75"
	"num76" [label="num",style=filled,fillcolor=powderblue]
	"Expression75" -> "num76"
	"Expresison Prime77" [label="Expresison Prime"]
	"Expression75" -> "Expresison Prime77"
	"+78" [label="+",style=filled,fillcolor=powderblue]
	"Expresison Prime77" -> "+78"
	"Expression79" [label="Expression"]
	"Expresison Prime77" -> "Expression79"
	"m80" [label="m",style=filled,fillcolor=powderblue]
	"Expression79" -> "m80"
	"[81" [label="[",style=filled,fillcolor=powderblue]
	"Expression79" -> "[81"
	"Expression82" [label="Expression"]
	"Expression79" -> "Expression82"
	"num83" [label="num",style=filled,fillcolor=powderblue]
	"Expression82" -> "num83"
	"Expresison Prime84" [label="Expresison Prime"]
	"Expression82" -> "Expresison Prime84"
	"e85" [label="e"]
	"Expresison Prime84" -> "e85"
	"]86" [label="]",style=filled,fillcolor=powderblue]
	"Expression79" -> "]86"
	"Expresison Prime87" [label="Expresison Prime"]
	"Expression79" -> "Expresison Prime87"
	"e88" [label="e"]
	"Expresison Prime87" -> "e88"
	"Statement89" [label="Statement"]
	"Statements2" -> "Statement89"
	"Assignment90" [label="Assignment"]
	"Statement89" -> "Assignment90"
	"m91" [label="m",style=filled,fillcolor=powderblue]
	"Assignment90" -> "m91"
	"[92" [label="[",style=filled,fillcolor=powderblue]
	"Assignment90" -> "[92"
	"Expression93" [label="Expression"]
	"Assignment90" -> "Expression93"
	"num94" [label="num",style=filled,fillcolor=powderblue]
	"Expression93" -> "num94"
	"Expresison Prime95" [label="Expresison Prime"]
	"Expression93" -> "Expresison Prime95"
	"e96" [label="e"]
	"Expresison Prime95" -> "e96"
	"]97" [label="]",style=filled,fillcolor=powderblue]
	"Assignment90" -> "]97"
	"=98" [label="=",style=filled,fillcolor=powderblue]
	"Assignment90" -> "=98"
	"Expression99" [label="Expression"]
	"Assignment90" -> "Expression99"
	"num100" [label="num",style=filled,fillcolor=powderblue]
	"Expression99" -> "num100"
	"Expresison Prime101" [label="Expresison Prime"]
	"Expression99" -> "Expresison Prime101"
	"-102" [label="-",style=filled,fillcolor=powderblue]
	"Expresison Prime101" -> "-102"
	"Expression103" [label="Expression"]
	"Expresison Prime101" -> "Expression103"
	"m104" [label="m",style=filled,fillcolor=powderblue]
	"Expression103" -> "m104"
	"[105" [label="[",style=filled,fillcolor=powderblue]
	"Expression103" -> "[105"
	"Expression106" [label="Expression"]
	"Expression103" -> "Expression106"
	"num107" [label="num",style=filled,fillcolor=powderblue]
	"Expression106" -> "num107"
	"Expresison Prime108" [label="Expresison Prime"]
	"Expression106" -> "Expresison Prime108"
	"-109" [label="-",style=filled,fillcolor=powderblue]
	"Expresison Prime108" -> "-109"
	"Expression110" [label="Expression"]
	"Expresison Prime108" -> "Expression110"
	"num111" [label="num",style=filled,fillcolor=powderblue]
	"Expression110" -> "num111"
	"Expresison Prime112" [label="Expresison Prime"]
	"Expression110" -> "Expresison Prime112"
	"e113" [label="e"]
	"Expresison Prime112" -> "e113"
	"]114" [label="]",style=filled,fillcolor=powderblue]
	"Expression103" -> "]114"
	"Expresison Prime115" [label="Expresison Prime"]
	"Expression103" -> "Expresison Prime115"
	"e116" [label="e"]
	"Expresison Prime115" -> "e116"
	"Statement117" [label="Statement"]
	"Statements2" -> "Statement117"
	"Assignment118" [label="Assignment"]
	"Statement117" -> "Assignment118"
	"m119" [label="m",style=filled,fillcolor=powderblue]
	"Assignment118" -> "m119"
	"[120" [label="[",style=filled,fillcolor=powderblue]
	"Assignment118" -> "[120"
	"Expression121" [label="Expression"]
	"Assignment118" -> "Expression121"
	"num122" [label="num",style=filled,fillcolor=powderblue]
	"Expression121" -> "num122"
	"Expresison Prime123" [label="Expresison Prime"]
	"Expression121" -> "Expresison Prime123"
	"e124" [label="e"]
	"Expresison Prime123" -> "e124"
	"]125" [label="]",style=filled,fillcolor=powderblue]
	"Assignment118" -> "]125"
	"=126" [label="=",style=filled,fillcolor=powderblue]
	"Assignment118" -> "=126"
	"Expression127" [label="Expression"]
	"Assignment118" -> "Expression127"
	"num128" [label="num",style=filled,fillcolor=powderblue]
	"Expression127" -> "num128"
	"Expresison Prime129" [label="Expresison Prime"]
	"Expression127" -> "Expresison Prime129"
	"-130" [label="-",style=filled,fillcolor=powderblue]
	"Expresison Prime129" -> "-130"
	"Expression131" [label="Expression"]
	"Expresison Prime129" -> "Expression131"
	"(132" [label="(",style=filled,fillcolor=powderblue]
	"Expression131" -> "(132"
	"Expression133" [label="Expression"]
	"Expression131" -> "Expression133"
	"num134" [label="num",style=filled,fillcolor=powderblue]
	"Expression133" -> "num134"
	"Expresison Prime135" [label="Expresison Prime"]
	"Expression133" -> "Expresison Prime135"
	"-136" [label="-",style=filled,fillcolor=powderblue]
	"Expresison Prime135" -> "-136"
	"Expression137" [label="Expression"]
	"Expresison Prime135" -> "Expression137"
	"num138" [label="num",style=filled,fillcolor=powderblue]
	"Expression137" -> "num138"
	"Expresison Prime139" [label="Expresison Prime"]
	"Expression137" -> "Expresison Prime139"
	"e140" [label="e"]
	"Expresison Prime139" -> "e140"
	")141" [label=")",style=filled,fillcolor=powderblue]
	"Expression131" -> ")141"
	"Expresison Prime142" [label="Expresison Prime"]
	"Expression131" -> "Expresison Prime142"
	"e143" [label="e"]
	"Expresison Prime142" -> "e143"
	"Statement144" [label="Statement"]
	"Statements2" -> "Statement144"
	"Assignment145" [label="Assignment"]
	"Statement144" -> "Assignment145"
	"m146" [label="m",style=filled,fillcolor=powderblue]
	"Assignment145" -> "m146"
	"[147" [label="[",style=filled,fillcolor=powderblue]
	"Assignment145" -> "[147"
	"Expression148" [label="Expression"]
	"Assignment145" -> "Expression148"
	"num149" [label="num",style=filled,fillcolor=powderblue]
	"Expression148" -> "num149"
	"Expresison Prime150" [label="Expresison Prime"]
	"Expression148" -> "Expresison Prime150"
	"e151" [label="e"]
	"Expresison Prime150" -> "e151"
	"]152" [label="]",style=filled,fillcolor=powderblue]
	"Assignment145" -> "]152"
	"=153" [label="=",style=filled,fillcolor=powderblue]
	"Assignment145" -> "=153"
	"Expression154" [label="Expression"]
	"Assignment145" -> "Expression154"
	"num155" [label="num",style=filled,fillcolor=powderblue]
	"Expression154" -> "num155"
	"Expresison Prime156" [label="Expresison Prime"]
	"Expression154" -> "Expresison Prime156"
	"-157" [label="-",style=filled,fillcolor=powderblue]
	"Expresison Prime156" -> "-157"
	"Expression158" [label="Expression"]
	"Expresison Prime156" -> "Expression158"
	"m159" [label="m",style=filled,fillcolor=powderblue]
	"Expression158" -> "m159"
	"[160" [label="[",style=filled,fillcolor=powderblue]
	"Expression158" -> "[160"
	"Expression161" [label="Expression"]
	"Expression158" -> "Expression161"
	"(162" [label="(",style=filled,fillcolor=powderblue]
	"Expression161" -> "(162"
	"Expression163" [label="Expression"]
	"Expression161" -> "Expression163"
	"num164" [label="num",style=filled,fillcolor=powderblue]
	"Expression163" -> "num164"
	"Expresison Prime165" [label="Expresison Prime"]
	"Expression163" -> "Expresison Prime165"
	"-166" [label="-",style=filled,fillcolor=powderblue]
	"Expresison Prime165" -> "-166"
	"Expression167" [label="Expression"]
	"Expresison Prime165" -> "Expression167"
	"num168" [label="num",style=filled,fillcolor=powderblue]
	"Expression167" -> "num168"
	"Expresison Prime169" [label="Expresison Prime"]
	"Expression167" -> "Expresison Prime169"
	"e170" [label="e"]
	"Expresison Prime169" -> "e170"
	")171" [label=")",style=filled,fillcolor=powderblue]
	"Expression161" -> ")171"
	"Expresison Prime172" [label="Expresison Prime"]
	"Expression161" -> "Expresison Prime172"
	"e173" [label="e"]
	"Expresison Prime172" -> "e173"
	"]174" [label="]",style=filled,fillcolor=powderblue]
	"Expression158" -> "]174"
	"Expresison Prime175" [label="Expresison Prime"]
	"Expression158" -> "Expresison Prime175"
	"e176" [label="e"]
	"Expresison Prime175" -> "e176"
	"Statement177" [label="Statement"]
	"Statements2" -> "Statement177"
	"Print178" [label="Print"]
	"Statement177" -> "Print178"
	"print179" [label="print",style=filled,fillcolor=powderblue]
	"Print178" -> "print179"
	"Expression180" [label="Expression"]
	"Print178" -> "Expression180"
	"m181" [label="m",style=filled,fillcolor=powderblue]
	"Expression180" -> "m181"
	"[182" [label="[",style=filled,fillcolor=powderblue]
	"Expression180" -> "[182"
	"Expression183" [label="Expression"]
	"Expression180" -> "Expression183"
	"num184" [label="num",style=filled,fillcolor=powderblue]
	"Expression183" -> "num184"
	"Expresison Prime185" [label="Expresison Prime"]
	"Expression183" -> "Expresison Prime185"
	"e186" [label="e"]
	"Expresison Prime185" -> "e186"
	"]187" [label="]",style=filled,fillcolor=powderblue]
	"Expression180" -> "]187"
	"Expresison Prime188" [label="Expresison Prime"]
	"Expression180" -> "Expresison Prime188"
	"e189" [label="e"]
	"Expresison Prime188" -> "e189"
	"Statement190" [label="Statement"]
	"Statements2" -> "Statement190"
	"Jump191" [label="Jump"]
	"Statement190" -> "Jump191"
	"goto192" [label="goto",style=filled,fillcolor=powderblue]
	"Jump191" -> "goto192"
	"num193" [label="num",style=filled,fillcolor=powderblue]
	"Jump191" -> "num193"
	"Jump194" [label="Jump"]
	"Jump191" -> "Jump194"
	"if195" [label="if",style=filled,fillcolor=powderblue]
	"Jump194" -> "if195"
	"Expression196" [label="Expression"]
	"Jump194" -> "Expression196"
	"m197" [label="m",style=filled,fillcolor=powderblue]
	"Expression196" -> "m197"
	"[198" [label="[",style=filled,fillcolor=powderblue]
	"Expression196" -> "[198"
	"Expression199" [label="Expression"]
	"Expression196" -> "Expression199"
	"num200" [label="num",style=filled,fillcolor=powderblue]
	"Expression199" -> "num200"
	"Expresison Prime201" [label="Expresison Prime"]
	"Expression199" -> "Expresison Prime201"
	"e202" [label="e"]
	"Expresison Prime201" -> "e202"
	"]203" [label="]",style=filled,fillcolor=powderblue]
	"Expression196" -> "]203"
	"Expresison Prime204" [label="Expresison Prime"]
	"Expression196" -> "Expresison Prime204"
	"e205" [label="e"]
	"Expresison Prime204" -> "e205"
	"Statement206" [label="Statement"]
	"Statements2" -> "Statement206"
	"Print207" [label="Print"]
	"Statement206" -> "Print207"
	"print208" [label="print",style=filled,fillcolor=powderblue]
	"Print207" -> "print208"
	"Expression209" [label="Expression"]
	"Print207" -> "Expression209"
	"m210" [label="m",style=filled,fillcolor=powderblue]
	"Expression209" -> "m210"
	"[211" [label="[",style=filled,fillcolor=powderblue]
	"Expression209" -> "[211"
	"Expression212" [label="Expression"]
	"Expression209" -> "Expression212"
	"num213" [label="num",style=filled,fillcolor=powderblue]
	"Expression212" -> "num213"
	"Expresison Prime214" [label="Expresison Prime"]
	"Expression212" -> "Expresison Prime214"
	"e215" [label="e"]
	"Expresison Prime214" -> "e215"
	"]216" [label="]",style=filled,fillcolor=powderblue]
	"Expression209" -> "]216"
	"Expresison Prime217" [label="Expresison Prime"]
	"Expression209" -> "Expresison Prime217"
	"e218" [label="e"]
	"Expresison Prime217" -> "e218"
	"Statement219" [label="Statement"]
	"Statements2" -> "Statement219"
	"Jump220" [label="Jump"]
	"Statement219" -> "Jump220"
	"goto221" [label="goto",style=filled,fillcolor=powderblue]
	"Jump220" -> "goto221"
	"num222" [label="num",style=filled,fillcolor=powderblue]
	"Jump220" -> "num222"
	"Jump223" [label="Jump"]
	"Jump220" -> "Jump223"
	"e224" [label="e"]
	"Jump223" -> "e224"
	"Statement225" [label="Statement"]
	"Statements2" -> "Statement225"
	"Print226" [label="Print"]
	"Statement225" -> "Print226"
	"print227" [label="print",style=filled,fillcolor=powderblue]
	"Print226" -> "print227"
	"Expression228" [label="Expression"]
	"Print226" -> "Expression228"
	"m229" [label="m",style=filled,fillcolor=powderblue]
	"Expression228" -> "m229"
	"[230" [label="[",style=filled,fillcolor=powderblue]
	"Expression228" -> "[230"
	"Expression231" [label="Expression"]
	"Expression228" -> "Expression231"
	"num232" [label="num",style=filled,fillcolor=powderblue]
	"Expression231" -> "num232"
	"Expresison Prime233" [label="Expresison Prime"]
	"Expression231" -> "Expresison Prime233"
	"e234" [label="e"]
	"Expresison Prime233" -> "e234"
	"]235" [label="]",style=filled,fillcolor=powderblue]
	"Expression228" -> "]235"
	"Expresison Prime236" [label="Expresison Prime"]
	"Expression228" -> "Expresison Prime236"
	"e237" [label="e"]
	"Expresison Prime236" -> "e237"
	"Statement238" [label="Statement"]
	"Statements2" -> "Statement238"
	"Label239" [label="Label"]
	"Statement238" -> "Label239"
	"L240" [label="L",style=filled,fillcolor=powderblue]
	"Label239" -> "L240"
	"num241" [label="num",style=filled,fillcolor=powderblue]
	"Label239" -> "num241"
	":242" [label=":",style=filled,fillcolor=powderblue]
	"Label239" -> ":242"
	"Statement243" [label="Statement"]
	"Statements2" -> "Statement243"
	"Print244" [label="Print"]
	"Statement243" -> "Print244"
	"print245" [label="print",style=filled,fillcolor=powderblue]
	"Print244" -> "print245"
	"Expression246" [label="Expression"]
	"Print244" -> "Expression246"
	"m247" [label="m",style=filled,fillcolor=powderblue]
	"Expression246" -> "m247"
	"[248" [label="[",style=filled,fillcolor=powderblue]
	"Expression246" -> "[248"
	"Expression249" [label="Expression"]
	"Expression246" -> "Expression249"
	"num250" [label="num",style=filled,fillcolor=powderblue]
	"Expression249" -> "num250"
	"Expresison Prime251" [label="Expresison Prime"]
	"Expression249" -> "Expresison Prime251"
	"e252" [label="e"]
	"Expresison Prime251" -> "e252"
	"]253" [label="]",style=filled,fillcolor=powderblue]
	"Expression246" -> "]253"
	"Expresison Prime254" [label="Expresison Prime"]
	"Expression246" -> "Expresison Prime254"
	"e255" [label="e"]
	"Expresison Prime254" -> "e255"
};
