digraph G {
	"Start1" [label="Start"]
	"Statements2" [label="Statements"]
	"Start1" -> "Statements2"
	"Statement3" [label="Statement"]
	"Statements2" -> "Statement3"
	"Assignment4" [label="Assignment"]
	"Statement3" -> "Assignment4"
	"Expression5" [label="Expression"]
	"Assignment4" -> "Expression5"
	"Term6" [label="Term"]
	"Expression5" -> "Term6"
	"Term7" [label="Term"]
	"Term6" -> "Term7"
	"Term8" [label="Term"]
	"Term7" -> "Term8"
	"Ter9" [label="Ter"]
	"Term6" -> "Ter9"
	"e10" [label="e"]
	"Ter9" -> "e10"
	"Expr11" [label="Expr"]
	"Expression5" -> "Expr11"
	"e12" [label="e"]
	"Expr11" -> "e12"
	"Expression13" [label="Expression"]
	"Assignment4" -> "Expression13"
	"Term14" [label="Term"]
	"Expression13" -> "Term14"
	"Term15" [label="Term"]
	"Term14" -> "Term15"
	"Term16" [label="Term"]
	"Term15" -> "Term16"
	"Expression17" [label="Expression"]
	"Term16" -> "Expression17"
	"Term18" [label="Term"]
	"Expression17" -> "Term18"
	"Term19" [label="Term"]
	"Term18" -> "Term19"
	"Term20" [label="Term"]
	"Term19" -> "Term20"
	"Ter21" [label="Ter"]
	"Term18" -> "Ter21"
	"e22" [label="e"]
	"Ter21" -> "e22"
	"Expr23" [label="Expr"]
	"Expression17" -> "Expr23"
	"e24" [label="e"]
	"Expr23" -> "e24"
	"Ter25" [label="Ter"]
	"Term14" -> "Ter25"
	"e26" [label="e"]
	"Ter25" -> "e26"
	"Expr27" [label="Expr"]
	"Expression13" -> "Expr27"
	"Term28" [label="Term"]
	"Expr27" -> "Term28"
	"Term29" [label="Term"]
	"Term28" -> "Term29"
	"Term30" [label="Term"]
	"Term29" -> "Term30"
	"Ter31" [label="Ter"]
	"Term28" -> "Ter31"
	"e32" [label="e"]
	"Ter31" -> "e32"
	"Expr33" [label="Expr"]
	"Expr27" -> "Expr33"
	"e34" [label="e"]
	"Expr33" -> "e34"
	"Statements35" [label="Statements"]
	"Statements2" -> "Statements35"
	"Statement36" [label="Statement"]
	"Statements35" -> "Statement36"
	"Assignment37" [label="Assignment"]
	"Statement36" -> "Assignment37"
	"Expression38" [label="Expression"]
	"Assignment37" -> "Expression38"
	"Term39" [label="Term"]
	"Expression38" -> "Term39"
	"Term40" [label="Term"]
	"Term39" -> "Term40"
	"Term41" [label="Term"]
	"Term40" -> "Term41"
	"Ter42" [label="Ter"]
	"Term39" -> "Ter42"
	"e43" [label="e"]
	"Ter42" -> "e43"
	"Expr44" [label="Expr"]
	"Expression38" -> "Expr44"
	"e45" [label="e"]
	"Expr44" -> "e45"
	"Expression46" [label="Expression"]
	"Assignment37" -> "Expression46"
	"Term47" [label="Term"]
	"Expression46" -> "Term47"
	"Term48" [label="Term"]
	"Term47" -> "Term48"
	"Term49" [label="Term"]
	"Term48" -> "Term49"
	"Ter50" [label="Ter"]
	"Term47" -> "Ter50"
	"Term51" [label="Term"]
	"Ter50" -> "Term51"
	"Term52" [label="Term"]
	"Term51" -> "Term52"
	"Ter53" [label="Ter"]
	"Ter50" -> "Ter53"
	"Term54" [label="Term"]
	"Ter53" -> "Term54"
	"Term55" [label="Term"]
	"Term54" -> "Term55"
	"Ter56" [label="Ter"]
	"Ter53" -> "Ter56"
	"e57" [label="e"]
	"Ter56" -> "e57"
	"Expr58" [label="Expr"]
	"Expression46" -> "Expr58"
	"e59" [label="e"]
	"Expr58" -> "e59"
	"Statements60" [label="Statements"]
	"Statements35" -> "Statements60"
	"Statement61" [label="Statement"]
	"Statements60" -> "Statement61"
	"Assignment62" [label="Assignment"]
	"Statement61" -> "Assignment62"
	"Expression63" [label="Expression"]
	"Assignment62" -> "Expression63"
	"Term64" [label="Term"]
	"Expression63" -> "Term64"
	"Term65" [label="Term"]
	"Term64" -> "Term65"
	"Term66" [label="Term"]
	"Term65" -> "Term66"
	"Ter67" [label="Ter"]
	"Term64" -> "Ter67"
	"e68" [label="e"]
	"Ter67" -> "e68"
	"Expr69" [label="Expr"]
	"Expression63" -> "Expr69"
	"e70" [label="e"]
	"Expr69" -> "e70"
	"Expression71" [label="Expression"]
	"Assignment62" -> "Expression71"
	"Term72" [label="Term"]
	"Expression71" -> "Term72"
	"Term73" [label="Term"]
	"Term72" -> "Term73"
	"Term74" [label="Term"]
	"Term73" -> "Term74"
	"Ter75" [label="Ter"]
	"Term72" -> "Ter75"
	"e76" [label="e"]
	"Ter75" -> "e76"
	"Expr77" [label="Expr"]
	"Expression71" -> "Expr77"
	"Term78" [label="Term"]
	"Expr77" -> "Term78"
	"Term79" [label="Term"]
	"Term78" -> "Term79"
	"Term80" [label="Term"]
	"Term79" -> "Term80"
	"Ter81" [label="Ter"]
	"Term78" -> "Ter81"
	"e82" [label="e"]
	"Ter81" -> "e82"
	"Expr83" [label="Expr"]
	"Expr77" -> "Expr83"
	"e84" [label="e"]
	"Expr83" -> "e84"
	"Statements85" [label="Statements"]
	"Statements60" -> "Statements85"
	"Statement86" [label="Statement"]
	"Statements85" -> "Statement86"
	"Assignment87" [label="Assignment"]
	"Statement86" -> "Assignment87"
	"Expression88" [label="Expression"]
	"Assignment87" -> "Expression88"
	"Term89" [label="Term"]
	"Expression88" -> "Term89"
	"Term90" [label="Term"]
	"Term89" -> "Term90"
	"Term91" [label="Term"]
	"Term90" -> "Term91"
	"Ter92" [label="Ter"]
	"Term89" -> "Ter92"
	"e93" [label="e"]
	"Ter92" -> "e93"
	"Expr94" [label="Expr"]
	"Expression88" -> "Expr94"
	"e95" [label="e"]
	"Expr94" -> "e95"
	"Expression96" [label="Expression"]
	"Assignment87" -> "Expression96"
	"Term97" [label="Term"]
	"Expression96" -> "Term97"
	"Term98" [label="Term"]
	"Term97" -> "Term98"
	"Term99" [label="Term"]
	"Term98" -> "Term99"
	"Ter100" [label="Ter"]
	"Term97" -> "Ter100"
	"e101" [label="e"]
	"Ter100" -> "e101"
	"Expr102" [label="Expr"]
	"Expression96" -> "Expr102"
	"Term103" [label="Term"]
	"Expr102" -> "Term103"
	"Term104" [label="Term"]
	"Term103" -> "Term104"
	"Term105" [label="Term"]
	"Term104" -> "Term105"
	"Expression106" [label="Expression"]
	"Term105" -> "Expression106"
	"Term107" [label="Term"]
	"Expression106" -> "Term107"
	"Term108" [label="Term"]
	"Term107" -> "Term108"
	"Term109" [label="Term"]
	"Term108" -> "Term109"
	"Expression110" [label="Expression"]
	"Term109" -> "Expression110"
	"Term111" [label="Term"]
	"Expression110" -> "Term111"
	"Term112" [label="Term"]
	"Term111" -> "Term112"
	"Term113" [label="Term"]
	"Term112" -> "Term113"
	"Ter114" [label="Ter"]
	"Term111" -> "Ter114"
	"e115" [label="e"]
	"Ter114" -> "e115"
	"Expr116" [label="Expr"]
	"Expression110" -> "Expr116"
	"e117" [label="e"]
	"Expr116" -> "e117"
	"Ter118" [label="Ter"]
	"Term107" -> "Ter118"
	"e119" [label="e"]
	"Ter118" -> "e119"
	"Expr120" [label="Expr"]
	"Expression106" -> "Expr120"
	"Term121" [label="Term"]
	"Expr120" -> "Term121"
	"Term122" [label="Term"]
	"Term121" -> "Term122"
	"Term123" [label="Term"]
	"Term122" -> "Term123"
	"Ter124" [label="Ter"]
	"Term121" -> "Ter124"
	"e125" [label="e"]
	"Ter124" -> "e125"
	"Expr126" [label="Expr"]
	"Expr120" -> "Expr126"
	"e127" [label="e"]
	"Expr126" -> "e127"
	"Ter128" [label="Ter"]
	"Term103" -> "Ter128"
	"e129" [label="e"]
	"Ter128" -> "e129"
	"Expr130" [label="Expr"]
	"Expr102" -> "Expr130"
	"e131" [label="e"]
	"Expr130" -> "e131"
	"Statements132" [label="Statements"]
	"Statements85" -> "Statements132"
	"Statement133" [label="Statement"]
	"Statements132" -> "Statement133"
	"Assignment134" [label="Assignment"]
	"Statement133" -> "Assignment134"
	"Expression135" [label="Expression"]
	"Assignment134" -> "Expression135"
	"Term136" [label="Term"]
	"Expression135" -> "Term136"
	"Term137" [label="Term"]
	"Term136" -> "Term137"
	"Term138" [label="Term"]
	"Term137" -> "Term138"
	"Ter139" [label="Ter"]
	"Term136" -> "Ter139"
	"e140" [label="e"]
	"Ter139" -> "e140"
	"Expr141" [label="Expr"]
	"Expression135" -> "Expr141"
	"e142" [label="e"]
	"Expr141" -> "e142"
	"Expression143" [label="Expression"]
	"Assignment134" -> "Expression143"
	"Term144" [label="Term"]
	"Expression143" -> "Term144"
	"Term145" [label="Term"]
	"Term144" -> "Term145"
	"Term146" [label="Term"]
	"Term145" -> "Term146"
	"Ter147" [label="Ter"]
	"Term144" -> "Ter147"
	"Term148" [label="Term"]
	"Ter147" -> "Term148"
	"Term149" [label="Term"]
	"Term148" -> "Term149"
	"Ter150" [label="Ter"]
	"Ter147" -> "Ter150"
	"Term151" [label="Term"]
	"Ter150" -> "Term151"
	"Term152" [label="Term"]
	"Term151" -> "Term152"
	"Ter153" [label="Ter"]
	"Ter150" -> "Ter153"
	"e154" [label="e"]
	"Ter153" -> "e154"
	"Expr155" [label="Expr"]
	"Expression143" -> "Expr155"
	"e156" [label="e"]
	"Expr155" -> "e156"
	"Statements157" [label="Statements"]
	"Statements132" -> "Statements157"
	"Statement158" [label="Statement"]
	"Statements157" -> "Statement158"
	"Assignment159" [label="Assignment"]
	"Statement158" -> "Assignment159"
	"Expression160" [label="Expression"]
	"Assignment159" -> "Expression160"
	"Term161" [label="Term"]
	"Expression160" -> "Term161"
	"Term162" [label="Term"]
	"Term161" -> "Term162"
	"Term163" [label="Term"]
	"Term162" -> "Term163"
	"Ter164" [label="Ter"]
	"Term161" -> "Ter164"
	"e165" [label="e"]
	"Ter164" -> "e165"
	"Expr166" [label="Expr"]
	"Expression160" -> "Expr166"
	"e167" [label="e"]
	"Expr166" -> "e167"
	"Expression168" [label="Expression"]
	"Assignment159" -> "Expression168"
	"Term169" [label="Term"]
	"Expression168" -> "Term169"
	"Term170" [label="Term"]
	"Term169" -> "Term170"
	"Term171" [label="Term"]
	"Term170" -> "Term171"
	"Ter172" [label="Ter"]
	"Term169" -> "Ter172"
	"e173" [label="e"]
	"Ter172" -> "e173"
	"Expr174" [label="Expr"]
	"Expression168" -> "Expr174"
	"Term175" [label="Term"]
	"Expr174" -> "Term175"
	"Term176" [label="Term"]
	"Term175" -> "Term176"
	"Term177" [label="Term"]
	"Term176" -> "Term177"
	"Expression178" [label="Expression"]
	"Term177" -> "Expression178"
	"Term179" [label="Term"]
	"Expression178" -> "Term179"
	"Term180" [label="Term"]
	"Term179" -> "Term180"
	"Term181" [label="Term"]
	"Term180" -> "Term181"
	"Ter182" [label="Ter"]
	"Term179" -> "Ter182"
	"e183" [label="e"]
	"Ter182" -> "e183"
	"Expr184" [label="Expr"]
	"Expression178" -> "Expr184"
	"e185" [label="e"]
	"Expr184" -> "e185"
	"Ter186" [label="Ter"]
	"Term175" -> "Ter186"
	"e187" [label="e"]
	"Ter186" -> "e187"
	"Expr188" [label="Expr"]
	"Expr174" -> "Expr188"
	"e189" [label="e"]
	"Expr188" -> "e189"
	"Statements190" [label="Statements"]
	"Statements157" -> "Statements190"
	"Statement191" [label="Statement"]
	"Statements190" -> "Statement191"
	"Assignment192" [label="Assignment"]
	"Statement191" -> "Assignment192"
	"Expression193" [label="Expression"]
	"Assignment192" -> "Expression193"
	"Term194" [label="Term"]
	"Expression193" -> "Term194"
	"Term195" [label="Term"]
	"Term194" -> "Term195"
	"Term196" [label="Term"]
	"Term195" -> "Term196"
	"Ter197" [label="Ter"]
	"Term194" -> "Ter197"
	"e198" [label="e"]
	"Ter197" -> "e198"
	"Expr199" [label="Expr"]
	"Expression193" -> "Expr199"
	"e200" [label="e"]
	"Expr199" -> "e200"
	"Expression201" [label="Expression"]
	"Assignment192" -> "Expression201"
	"Term202" [label="Term"]
	"Expression201" -> "Term202"
	"Term203" [label="Term"]
	"Term202" -> "Term203"
	"Term204" [label="Term"]
	"Term203" -> "Term204"
	"Ter205" [label="Ter"]
	"Term202" -> "Ter205"
	"e206" [label="e"]
	"Ter205" -> "e206"
	"Expr207" [label="Expr"]
	"Expression201" -> "Expr207"
	"Term208" [label="Term"]
	"Expr207" -> "Term208"
	"Term209" [label="Term"]
	"Term208" -> "Term209"
	"Term210" [label="Term"]
	"Term209" -> "Term210"
	"Expression211" [label="Expression"]
	"Term210" -> "Expression211"
	"Term212" [label="Term"]
	"Expression211" -> "Term212"
	"Term213" [label="Term"]
	"Term212" -> "Term213"
	"Term214" [label="Term"]
	"Term213" -> "Term214"
	"Ter215" [label="Ter"]
	"Term212" -> "Ter215"
	"e216" [label="e"]
	"Ter215" -> "e216"
	"Expr217" [label="Expr"]
	"Expression211" -> "Expr217"
	"Term218" [label="Term"]
	"Expr217" -> "Term218"
	"Term219" [label="Term"]
	"Term218" -> "Term219"
	"Term220" [label="Term"]
	"Term219" -> "Term220"
	"Ter221" [label="Ter"]
	"Term218" -> "Ter221"
	"e222" [label="e"]
	"Ter221" -> "e222"
	"Expr223" [label="Expr"]
	"Expr217" -> "Expr223"
	"e224" [label="e"]
	"Expr223" -> "e224"
	"Ter225" [label="Ter"]
	"Term208" -> "Ter225"
	"e226" [label="e"]
	"Ter225" -> "e226"
	"Expr227" [label="Expr"]
	"Expr207" -> "Expr227"
	"e228" [label="e"]
	"Expr227" -> "e228"
	"Statements229" [label="Statements"]
	"Statements190" -> "Statements229"
	"e230" [label="e"]
	"Statements229" -> "e230"
}
