digraph G {
	"Start1" [label="Start"]
	"Statements2" [label="Statements"]
	"Start1" -> "Statements2"
	"Statement3" [label="Statement"]
	"Statements2" -> "Statement3"
	"Assignment4" [label="Assignment"]
	"Statement3" -> "Assignment4"
	"m5" [label="m",style=filled,fillcolor=powderblue]
	"Assignment4" -> "m5"
	"[6" [label="[",style=filled,fillcolor=powderblue]
	"Assignment4" -> "[6"
	"Expression7" [label="Expression"]
	"Assignment4" -> "Expression7"
	"Term8" [label="Term"]
	"Expression7" -> "Term8"
	"Term9" [label="Term"]
	"Term8" -> "Term9"
	"Term10" [label="Term"]
	"Term9" -> "Term10"
	"num11" [label="num",style=filled,fillcolor=powderblue]
	"Term10" -> "num11"
	"Ter12" [label="Ter"]
	"Term8" -> "Ter12"
	"e13" [label="e"]
	"Ter12" -> "e13"
	"Expr14" [label="Expr"]
	"Expression7" -> "Expr14"
	"e15" [label="e"]
	"Expr14" -> "e15"
	"]16" [label="]",style=filled,fillcolor=powderblue]
	"Assignment4" -> "]16"
	"=17" [label="=",style=filled,fillcolor=powderblue]
	"Assignment4" -> "=17"
	"Expression18" [label="Expression"]
	"Assignment4" -> "Expression18"
	"Term19" [label="Term"]
	"Expression18" -> "Term19"
	"Term20" [label="Term"]
	"Term19" -> "Term20"
	"Term21" [label="Term"]
	"Term20" -> "Term21"
	"m22" [label="m",style=filled,fillcolor=powderblue]
	"Term21" -> "m22"
	"[23" [label="[",style=filled,fillcolor=powderblue]
	"Term21" -> "[23"
	"Expression24" [label="Expression"]
	"Term21" -> "Expression24"
	"Term25" [label="Term"]
	"Expression24" -> "Term25"
	"Term26" [label="Term"]
	"Term25" -> "Term26"
	"Term27" [label="Term"]
	"Term26" -> "Term27"
	"num28" [label="num",style=filled,fillcolor=powderblue]
	"Term27" -> "num28"
	"Ter29" [label="Ter"]
	"Term25" -> "Ter29"
	"e30" [label="e"]
	"Ter29" -> "e30"
	"Expr31" [label="Expr"]
	"Expression24" -> "Expr31"
	"e32" [label="e"]
	"Expr31" -> "e32"
	"]33" [label="]",style=filled,fillcolor=powderblue]
	"Term21" -> "]33"
	"Ter34" [label="Ter"]
	"Term19" -> "Ter34"
	"e35" [label="e"]
	"Ter34" -> "e35"
	"Expr36" [label="Expr"]
	"Expression18" -> "Expr36"
	"-37" [label="-",style=filled,fillcolor=powderblue]
	"Expr36" -> "-37"
	"Term38" [label="Term"]
	"Expr36" -> "Term38"
	"Term39" [label="Term"]
	"Term38" -> "Term39"
	"Term40" [label="Term"]
	"Term39" -> "Term40"
	"num41" [label="num",style=filled,fillcolor=powderblue]
	"Term40" -> "num41"
	"Ter42" [label="Ter"]
	"Term38" -> "Ter42"
	"e43" [label="e"]
	"Ter42" -> "e43"
	"Expr44" [label="Expr"]
	"Expr36" -> "Expr44"
	"e45" [label="e"]
	"Expr44" -> "e45"
	"Statements46" [label="Statements"]
	"Statements2" -> "Statements46"
	"Statement47" [label="Statement"]
	"Statements46" -> "Statement47"
	"Assignment48" [label="Assignment"]
	"Statement47" -> "Assignment48"
	"m49" [label="m",style=filled,fillcolor=powderblue]
	"Assignment48" -> "m49"
	"[50" [label="[",style=filled,fillcolor=powderblue]
	"Assignment48" -> "[50"
	"Expression51" [label="Expression"]
	"Assignment48" -> "Expression51"
	"Term52" [label="Term"]
	"Expression51" -> "Term52"
	"Term53" [label="Term"]
	"Term52" -> "Term53"
	"Term54" [label="Term"]
	"Term53" -> "Term54"
	"num55" [label="num",style=filled,fillcolor=powderblue]
	"Term54" -> "num55"
	"Ter56" [label="Ter"]
	"Term52" -> "Ter56"
	"e57" [label="e"]
	"Ter56" -> "e57"
	"Expr58" [label="Expr"]
	"Expression51" -> "Expr58"
	"e59" [label="e"]
	"Expr58" -> "e59"
	"]60" [label="]",style=filled,fillcolor=powderblue]
	"Assignment48" -> "]60"
	"=61" [label="=",style=filled,fillcolor=powderblue]
	"Assignment48" -> "=61"
	"Expression62" [label="Expression"]
	"Assignment48" -> "Expression62"
	"Term63" [label="Term"]
	"Expression62" -> "Term63"
	"Term64" [label="Term"]
	"Term63" -> "Term64"
	"Term65" [label="Term"]
	"Term64" -> "Term65"
	"num66" [label="num",style=filled,fillcolor=powderblue]
	"Term65" -> "num66"
	"Ter67" [label="Ter"]
	"Term63" -> "Ter67"
	"/68" [label="/",style=filled,fillcolor=powderblue]
	"Ter67" -> "/68"
	"Term69" [label="Term"]
	"Ter67" -> "Term69"
	"Term70" [label="Term"]
	"Term69" -> "Term70"
	"num71" [label="num",style=filled,fillcolor=powderblue]
	"Term70" -> "num71"
	"Ter72" [label="Ter"]
	"Ter67" -> "Ter72"
	"*73" [label="*",style=filled,fillcolor=powderblue]
	"Ter72" -> "*73"
	"Term74" [label="Term"]
	"Ter72" -> "Term74"
	"Term75" [label="Term"]
	"Term74" -> "Term75"
	"num76" [label="num",style=filled,fillcolor=powderblue]
	"Term75" -> "num76"
	"Ter77" [label="Ter"]
	"Ter72" -> "Ter77"
	"e78" [label="e"]
	"Ter77" -> "e78"
	"Expr79" [label="Expr"]
	"Expression62" -> "Expr79"
	"e80" [label="e"]
	"Expr79" -> "e80"
	"Statements81" [label="Statements"]
	"Statements46" -> "Statements81"
	"Statement82" [label="Statement"]
	"Statements81" -> "Statement82"
	"Assignment83" [label="Assignment"]
	"Statement82" -> "Assignment83"
	"m84" [label="m",style=filled,fillcolor=powderblue]
	"Assignment83" -> "m84"
	"[85" [label="[",style=filled,fillcolor=powderblue]
	"Assignment83" -> "[85"
	"Expression86" [label="Expression"]
	"Assignment83" -> "Expression86"
	"Term87" [label="Term"]
	"Expression86" -> "Term87"
	"Term88" [label="Term"]
	"Term87" -> "Term88"
	"Term89" [label="Term"]
	"Term88" -> "Term89"
	"num90" [label="num",style=filled,fillcolor=powderblue]
	"Term89" -> "num90"
	"Ter91" [label="Ter"]
	"Term87" -> "Ter91"
	"e92" [label="e"]
	"Ter91" -> "e92"
	"Expr93" [label="Expr"]
	"Expression86" -> "Expr93"
	"e94" [label="e"]
	"Expr93" -> "e94"
	"]95" [label="]",style=filled,fillcolor=powderblue]
	"Assignment83" -> "]95"
	"=96" [label="=",style=filled,fillcolor=powderblue]
	"Assignment83" -> "=96"
	"Expression97" [label="Expression"]
	"Assignment83" -> "Expression97"
	"Term98" [label="Term"]
	"Expression97" -> "Term98"
	"Term99" [label="Term"]
	"Term98" -> "Term99"
	"Term100" [label="Term"]
	"Term99" -> "Term100"
	"num101" [label="num",style=filled,fillcolor=powderblue]
	"Term100" -> "num101"
	"Ter102" [label="Ter"]
	"Term98" -> "Ter102"
	"e103" [label="e"]
	"Ter102" -> "e103"
	"Expr104" [label="Expr"]
	"Expression97" -> "Expr104"
	"+105" [label="+",style=filled,fillcolor=powderblue]
	"Expr104" -> "+105"
	"Term106" [label="Term"]
	"Expr104" -> "Term106"
	"Term107" [label="Term"]
	"Term106" -> "Term107"
	"Term108" [label="Term"]
	"Term107" -> "Term108"
	"num109" [label="num",style=filled,fillcolor=powderblue]
	"Term108" -> "num109"
	"Ter110" [label="Ter"]
	"Term106" -> "Ter110"
	"e111" [label="e"]
	"Ter110" -> "e111"
	"Expr112" [label="Expr"]
	"Expr104" -> "Expr112"
	"e113" [label="e"]
	"Expr112" -> "e113"
	"Statements114" [label="Statements"]
	"Statements81" -> "Statements114"
	"Statement115" [label="Statement"]
	"Statements114" -> "Statement115"
	"Assignment116" [label="Assignment"]
	"Statement115" -> "Assignment116"
	"m117" [label="m",style=filled,fillcolor=powderblue]
	"Assignment116" -> "m117"
	"[118" [label="[",style=filled,fillcolor=powderblue]
	"Assignment116" -> "[118"
	"Expression119" [label="Expression"]
	"Assignment116" -> "Expression119"
	"Term120" [label="Term"]
	"Expression119" -> "Term120"
	"Term121" [label="Term"]
	"Term120" -> "Term121"
	"Term122" [label="Term"]
	"Term121" -> "Term122"
	"num123" [label="num",style=filled,fillcolor=powderblue]
	"Term122" -> "num123"
	"Ter124" [label="Ter"]
	"Term120" -> "Ter124"
	"e125" [label="e"]
	"Ter124" -> "e125"
	"Expr126" [label="Expr"]
	"Expression119" -> "Expr126"
	"e127" [label="e"]
	"Expr126" -> "e127"
	"]128" [label="]",style=filled,fillcolor=powderblue]
	"Assignment116" -> "]128"
	"=129" [label="=",style=filled,fillcolor=powderblue]
	"Assignment116" -> "=129"
	"Expression130" [label="Expression"]
	"Assignment116" -> "Expression130"
	"Term131" [label="Term"]
	"Expression130" -> "Term131"
	"Term132" [label="Term"]
	"Term131" -> "Term132"
	"Term133" [label="Term"]
	"Term132" -> "Term133"
	"num134" [label="num",style=filled,fillcolor=powderblue]
	"Term133" -> "num134"
	"Ter135" [label="Ter"]
	"Term131" -> "Ter135"
	"e136" [label="e"]
	"Ter135" -> "e136"
	"Expr137" [label="Expr"]
	"Expression130" -> "Expr137"
	"-138" [label="-",style=filled,fillcolor=powderblue]
	"Expr137" -> "-138"
	"Term139" [label="Term"]
	"Expr137" -> "Term139"
	"Term140" [label="Term"]
	"Term139" -> "Term140"
	"Term141" [label="Term"]
	"Term140" -> "Term141"
	"(142" [label="(",style=filled,fillcolor=powderblue]
	"Term141" -> "(142"
	"Expression143" [label="Expression"]
	"Term141" -> "Expression143"
	"Term144" [label="Term"]
	"Expression143" -> "Term144"
	"Term145" [label="Term"]
	"Term144" -> "Term145"
	"Term146" [label="Term"]
	"Term145" -> "Term146"
	"m147" [label="m",style=filled,fillcolor=powderblue]
	"Term146" -> "m147"
	"[148" [label="[",style=filled,fillcolor=powderblue]
	"Term146" -> "[148"
	"Expression149" [label="Expression"]
	"Term146" -> "Expression149"
	"Term150" [label="Term"]
	"Expression149" -> "Term150"
	"Term151" [label="Term"]
	"Term150" -> "Term151"
	"Term152" [label="Term"]
	"Term151" -> "Term152"
	"num153" [label="num",style=filled,fillcolor=powderblue]
	"Term152" -> "num153"
	"Ter154" [label="Ter"]
	"Term150" -> "Ter154"
	"e155" [label="e"]
	"Ter154" -> "e155"
	"Expr156" [label="Expr"]
	"Expression149" -> "Expr156"
	"e157" [label="e"]
	"Expr156" -> "e157"
	"]158" [label="]",style=filled,fillcolor=powderblue]
	"Term146" -> "]158"
	"Ter159" [label="Ter"]
	"Term144" -> "Ter159"
	"e160" [label="e"]
	"Ter159" -> "e160"
	"Expr161" [label="Expr"]
	"Expression143" -> "Expr161"
	"-162" [label="-",style=filled,fillcolor=powderblue]
	"Expr161" -> "-162"
	"Term163" [label="Term"]
	"Expr161" -> "Term163"
	"Term164" [label="Term"]
	"Term163" -> "Term164"
	"Term165" [label="Term"]
	"Term164" -> "Term165"
	"num166" [label="num",style=filled,fillcolor=powderblue]
	"Term165" -> "num166"
	"Ter167" [label="Ter"]
	"Term163" -> "Ter167"
	"e168" [label="e"]
	"Ter167" -> "e168"
	"Expr169" [label="Expr"]
	"Expr161" -> "Expr169"
	"e170" [label="e"]
	"Expr169" -> "e170"
	")171" [label=")",style=filled,fillcolor=powderblue]
	"Term141" -> ")171"
	"Ter172" [label="Ter"]
	"Term139" -> "Ter172"
	"e173" [label="e"]
	"Ter172" -> "e173"
	"Expr174" [label="Expr"]
	"Expr137" -> "Expr174"
	"e175" [label="e"]
	"Expr174" -> "e175"
	"Statements176" [label="Statements"]
	"Statements114" -> "Statements176"
	"Statement177" [label="Statement"]
	"Statements176" -> "Statement177"
	"Assignment178" [label="Assignment"]
	"Statement177" -> "Assignment178"
	"m179" [label="m",style=filled,fillcolor=powderblue]
	"Assignment178" -> "m179"
	"[180" [label="[",style=filled,fillcolor=powderblue]
	"Assignment178" -> "[180"
	"Expression181" [label="Expression"]
	"Assignment178" -> "Expression181"
	"Term182" [label="Term"]
	"Expression181" -> "Term182"
	"Term183" [label="Term"]
	"Term182" -> "Term183"
	"Term184" [label="Term"]
	"Term183" -> "Term184"
	"num185" [label="num",style=filled,fillcolor=powderblue]
	"Term184" -> "num185"
	"Ter186" [label="Ter"]
	"Term182" -> "Ter186"
	"e187" [label="e"]
	"Ter186" -> "e187"
	"Expr188" [label="Expr"]
	"Expression181" -> "Expr188"
	"e189" [label="e"]
	"Expr188" -> "e189"
	"]190" [label="]",style=filled,fillcolor=powderblue]
	"Assignment178" -> "]190"
	"=191" [label="=",style=filled,fillcolor=powderblue]
	"Assignment178" -> "=191"
	"Expression192" [label="Expression"]
	"Assignment178" -> "Expression192"
	"Term193" [label="Term"]
	"Expression192" -> "Term193"
	"Term194" [label="Term"]
	"Term193" -> "Term194"
	"Term195" [label="Term"]
	"Term194" -> "Term195"
	"m196" [label="m",style=filled,fillcolor=powderblue]
	"Term195" -> "m196"
	"[197" [label="[",style=filled,fillcolor=powderblue]
	"Term195" -> "[197"
	"Expression198" [label="Expression"]
	"Term195" -> "Expression198"
	"Term199" [label="Term"]
	"Expression198" -> "Term199"
	"Term200" [label="Term"]
	"Term199" -> "Term200"
	"Term201" [label="Term"]
	"Term200" -> "Term201"
	"num202" [label="num",style=filled,fillcolor=powderblue]
	"Term201" -> "num202"
	"Ter203" [label="Ter"]
	"Term199" -> "Ter203"
	"e204" [label="e"]
	"Ter203" -> "e204"
	"Expr205" [label="Expr"]
	"Expression198" -> "Expr205"
	"e206" [label="e"]
	"Expr205" -> "e206"
	"]207" [label="]",style=filled,fillcolor=powderblue]
	"Term195" -> "]207"
	"Ter208" [label="Ter"]
	"Term193" -> "Ter208"
	"/209" [label="/",style=filled,fillcolor=powderblue]
	"Ter208" -> "/209"
	"Term210" [label="Term"]
	"Ter208" -> "Term210"
	"Term211" [label="Term"]
	"Term210" -> "Term211"
	"num212" [label="num",style=filled,fillcolor=powderblue]
	"Term211" -> "num212"
	"Ter213" [label="Ter"]
	"Ter208" -> "Ter213"
	"*214" [label="*",style=filled,fillcolor=powderblue]
	"Ter213" -> "*214"
	"Term215" [label="Term"]
	"Ter213" -> "Term215"
	"Term216" [label="Term"]
	"Term215" -> "Term216"
	"num217" [label="num",style=filled,fillcolor=powderblue]
	"Term216" -> "num217"
	"Ter218" [label="Ter"]
	"Ter213" -> "Ter218"
	"e219" [label="e"]
	"Ter218" -> "e219"
	"Expr220" [label="Expr"]
	"Expression192" -> "Expr220"
	"e221" [label="e"]
	"Expr220" -> "e221"
	"Statements222" [label="Statements"]
	"Statements176" -> "Statements222"
	"Statement223" [label="Statement"]
	"Statements222" -> "Statement223"
	"Assignment224" [label="Assignment"]
	"Statement223" -> "Assignment224"
	"m225" [label="m",style=filled,fillcolor=powderblue]
	"Assignment224" -> "m225"
	"[226" [label="[",style=filled,fillcolor=powderblue]
	"Assignment224" -> "[226"
	"Expression227" [label="Expression"]
	"Assignment224" -> "Expression227"
	"Term228" [label="Term"]
	"Expression227" -> "Term228"
	"Term229" [label="Term"]
	"Term228" -> "Term229"
	"Term230" [label="Term"]
	"Term229" -> "Term230"
	"num231" [label="num",style=filled,fillcolor=powderblue]
	"Term230" -> "num231"
	"Ter232" [label="Ter"]
	"Term228" -> "Ter232"
	"e233" [label="e"]
	"Ter232" -> "e233"
	"Expr234" [label="Expr"]
	"Expression227" -> "Expr234"
	"e235" [label="e"]
	"Expr234" -> "e235"
	"]236" [label="]",style=filled,fillcolor=powderblue]
	"Assignment224" -> "]236"
	"=237" [label="=",style=filled,fillcolor=powderblue]
	"Assignment224" -> "=237"
	"Expression238" [label="Expression"]
	"Assignment224" -> "Expression238"
	"Term239" [label="Term"]
	"Expression238" -> "Term239"
	"Term240" [label="Term"]
	"Term239" -> "Term240"
	"Term241" [label="Term"]
	"Term240" -> "Term241"
	"num242" [label="num",style=filled,fillcolor=powderblue]
	"Term241" -> "num242"
	"Ter243" [label="Ter"]
	"Term239" -> "Ter243"
	"e244" [label="e"]
	"Ter243" -> "e244"
	"Expr245" [label="Expr"]
	"Expression238" -> "Expr245"
	"+246" [label="+",style=filled,fillcolor=powderblue]
	"Expr245" -> "+246"
	"Term247" [label="Term"]
	"Expr245" -> "Term247"
	"Term248" [label="Term"]
	"Term247" -> "Term248"
	"Term249" [label="Term"]
	"Term248" -> "Term249"
	"m250" [label="m",style=filled,fillcolor=powderblue]
	"Term249" -> "m250"
	"[251" [label="[",style=filled,fillcolor=powderblue]
	"Term249" -> "[251"
	"Expression252" [label="Expression"]
	"Term249" -> "Expression252"
	"Term253" [label="Term"]
	"Expression252" -> "Term253"
	"Term254" [label="Term"]
	"Term253" -> "Term254"
	"Term255" [label="Term"]
	"Term254" -> "Term255"
	"num256" [label="num",style=filled,fillcolor=powderblue]
	"Term255" -> "num256"
	"Ter257" [label="Ter"]
	"Term253" -> "Ter257"
	"e258" [label="e"]
	"Ter257" -> "e258"
	"Expr259" [label="Expr"]
	"Expression252" -> "Expr259"
	"e260" [label="e"]
	"Expr259" -> "e260"
	"]261" [label="]",style=filled,fillcolor=powderblue]
	"Term249" -> "]261"
	"Ter262" [label="Ter"]
	"Term247" -> "Ter262"
	"e263" [label="e"]
	"Ter262" -> "e263"
	"Expr264" [label="Expr"]
	"Expr245" -> "Expr264"
	"e265" [label="e"]
	"Expr264" -> "e265"
	"Statements266" [label="Statements"]
	"Statements222" -> "Statements266"
	"Statement267" [label="Statement"]
	"Statements266" -> "Statement267"
	"Assignment268" [label="Assignment"]
	"Statement267" -> "Assignment268"
	"m269" [label="m",style=filled,fillcolor=powderblue]
	"Assignment268" -> "m269"
	"[270" [label="[",style=filled,fillcolor=powderblue]
	"Assignment268" -> "[270"
	"Expression271" [label="Expression"]
	"Assignment268" -> "Expression271"
	"Term272" [label="Term"]
	"Expression271" -> "Term272"
	"Term273" [label="Term"]
	"Term272" -> "Term273"
	"Term274" [label="Term"]
	"Term273" -> "Term274"
	"num275" [label="num",style=filled,fillcolor=powderblue]
	"Term274" -> "num275"
	"Ter276" [label="Ter"]
	"Term272" -> "Ter276"
	"e277" [label="e"]
	"Ter276" -> "e277"
	"Expr278" [label="Expr"]
	"Expression271" -> "Expr278"
	"e279" [label="e"]
	"Expr278" -> "e279"
	"]280" [label="]",style=filled,fillcolor=powderblue]
	"Assignment268" -> "]280"
	"=281" [label="=",style=filled,fillcolor=powderblue]
	"Assignment268" -> "=281"
	"Expression282" [label="Expression"]
	"Assignment268" -> "Expression282"
	"Term283" [label="Term"]
	"Expression282" -> "Term283"
	"Term284" [label="Term"]
	"Term283" -> "Term284"
	"Term285" [label="Term"]
	"Term284" -> "Term285"
	"num286" [label="num",style=filled,fillcolor=powderblue]
	"Term285" -> "num286"
	"Ter287" [label="Ter"]
	"Term283" -> "Ter287"
	"e288" [label="e"]
	"Ter287" -> "e288"
	"Expr289" [label="Expr"]
	"Expression282" -> "Expr289"
	"-290" [label="-",style=filled,fillcolor=powderblue]
	"Expr289" -> "-290"
	"Term291" [label="Term"]
	"Expr289" -> "Term291"
	"Term292" [label="Term"]
	"Term291" -> "Term292"
	"Term293" [label="Term"]
	"Term292" -> "Term293"
	"m294" [label="m",style=filled,fillcolor=powderblue]
	"Term293" -> "m294"
	"[295" [label="[",style=filled,fillcolor=powderblue]
	"Term293" -> "[295"
	"Expression296" [label="Expression"]
	"Term293" -> "Expression296"
	"Term297" [label="Term"]
	"Expression296" -> "Term297"
	"Term298" [label="Term"]
	"Term297" -> "Term298"
	"Term299" [label="Term"]
	"Term298" -> "Term299"
	"num300" [label="num",style=filled,fillcolor=powderblue]
	"Term299" -> "num300"
	"Ter301" [label="Ter"]
	"Term297" -> "Ter301"
	"e302" [label="e"]
	"Ter301" -> "e302"
	"Expr303" [label="Expr"]
	"Expression296" -> "Expr303"
	"-304" [label="-",style=filled,fillcolor=powderblue]
	"Expr303" -> "-304"
	"Term305" [label="Term"]
	"Expr303" -> "Term305"
	"Term306" [label="Term"]
	"Term305" -> "Term306"
	"Term307" [label="Term"]
	"Term306" -> "Term307"
	"num308" [label="num",style=filled,fillcolor=powderblue]
	"Term307" -> "num308"
	"Ter309" [label="Ter"]
	"Term305" -> "Ter309"
	"e310" [label="e"]
	"Ter309" -> "e310"
	"Expr311" [label="Expr"]
	"Expr303" -> "Expr311"
	"e312" [label="e"]
	"Expr311" -> "e312"
	"]313" [label="]",style=filled,fillcolor=powderblue]
	"Term293" -> "]313"
	"Ter314" [label="Ter"]
	"Term291" -> "Ter314"
	"e315" [label="e"]
	"Ter314" -> "e315"
	"Expr316" [label="Expr"]
	"Expr289" -> "Expr316"
	"e317" [label="e"]
	"Expr316" -> "e317"
	"Statements318" [label="Statements"]
	"Statements266" -> "Statements318"
	"e319" [label="e"]
	"Statements318" -> "e319"
}
