digraph G {
	"Start1" [label="Start"]
	"Statements2" [label="Statements"]
	"Start1" -> "Statements2"
	"Statement3" [label="Statement"]
	"Statements2" -> "Statement3"
	"Assignment4" [label="Assignment"]
	"Statement3" -> "Assignment4"
	"Expression5" [label="Expression"]
	"Assignment4" -> "Expression5"
	"Term6" [label="Term"]
	"Expression5" -> "Term6"
	"Term7" [label="Term"]
	"Term6" -> "Term7"
	"Term8" [label="Term"]
	"Term7" -> "Term8"
	"Ter9" [label="Ter"]
	"Term6" -> "Ter9"
	"e10" [label="e"]
	"Ter9" -> "e10"
	"Expr11" [label="Expr"]
	"Expression5" -> "Expr11"
	"e12" [label="e"]
	"Expr11" -> "e12"
	"Expression13" [label="Expression"]
	"Assignment4" -> "Expression13"
	"Term14" [label="Term"]
	"Expression13" -> "Term14"
	"Term15" [label="Term"]
	"Term14" -> "Term15"
	"Term16" [label="Term"]
	"Term15" -> "Term16"
	"Ter17" [label="Ter"]
	"Term14" -> "Ter17"
	"e18" [label="e"]
	"Ter17" -> "e18"
	"Expr19" [label="Expr"]
	"Expression13" -> "Expr19"
	"Term20" [label="Term"]
	"Expr19" -> "Term20"
	"Term21" [label="Term"]
	"Term20" -> "Term21"
	"Term22" [label="Term"]
	"Term21" -> "Term22"
	"Expression23" [label="Expression"]
	"Term22" -> "Expression23"
	"Term24" [label="Term"]
	"Expression23" -> "Term24"
	"Term25" [label="Term"]
	"Term24" -> "Term25"
	"Term26" [label="Term"]
	"Term25" -> "Term26"
	"Ter27" [label="Ter"]
	"Term24" -> "Ter27"
	"e28" [label="e"]
	"Ter27" -> "e28"
	"Expr29" [label="Expr"]
	"Expression23" -> "Expr29"
	"Term30" [label="Term"]
	"Expr29" -> "Term30"
	"Term31" [label="Term"]
	"Term30" -> "Term31"
	"Term32" [label="Term"]
	"Term31" -> "Term32"
	"Ter33" [label="Ter"]
	"Term30" -> "Ter33"
	"e34" [label="e"]
	"Ter33" -> "e34"
	"Expr35" [label="Expr"]
	"Expr29" -> "Expr35"
	"e36" [label="e"]
	"Expr35" -> "e36"
	"Ter37" [label="Ter"]
	"Term20" -> "Ter37"
	"e38" [label="e"]
	"Ter37" -> "e38"
	"Expr39" [label="Expr"]
	"Expr19" -> "Expr39"
	"e40" [label="e"]
	"Expr39" -> "e40"
	"Statements41" [label="Statements"]
	"Statements2" -> "Statements41"
	"Statement42" [label="Statement"]
	"Statements41" -> "Statement42"
	"Assignment43" [label="Assignment"]
	"Statement42" -> "Assignment43"
	"Expression44" [label="Expression"]
	"Assignment43" -> "Expression44"
	"Term45" [label="Term"]
	"Expression44" -> "Term45"
	"Term46" [label="Term"]
	"Term45" -> "Term46"
	"Term47" [label="Term"]
	"Term46" -> "Term47"
	"Ter48" [label="Ter"]
	"Term45" -> "Ter48"
	"e49" [label="e"]
	"Ter48" -> "e49"
	"Expr50" [label="Expr"]
	"Expression44" -> "Expr50"
	"e51" [label="e"]
	"Expr50" -> "e51"
	"Expression52" [label="Expression"]
	"Assignment43" -> "Expression52"
	"Term53" [label="Term"]
	"Expression52" -> "Term53"
	"Term54" [label="Term"]
	"Term53" -> "Term54"
	"Term55" [label="Term"]
	"Term54" -> "Term55"
	"Ter56" [label="Ter"]
	"Term53" -> "Ter56"
	"e57" [label="e"]
	"Ter56" -> "e57"
	"Expr58" [label="Expr"]
	"Expression52" -> "Expr58"
	"Term59" [label="Term"]
	"Expr58" -> "Term59"
	"Term60" [label="Term"]
	"Term59" -> "Term60"
	"Term61" [label="Term"]
	"Term60" -> "Term61"
	"Expression62" [label="Expression"]
	"Term61" -> "Expression62"
	"Term63" [label="Term"]
	"Expression62" -> "Term63"
	"Term64" [label="Term"]
	"Term63" -> "Term64"
	"Term65" [label="Term"]
	"Term64" -> "Term65"
	"Expression66" [label="Expression"]
	"Term65" -> "Expression66"
	"Term67" [label="Term"]
	"Expression66" -> "Term67"
	"Term68" [label="Term"]
	"Term67" -> "Term68"
	"Term69" [label="Term"]
	"Term68" -> "Term69"
	"Ter70" [label="Ter"]
	"Term67" -> "Ter70"
	"e71" [label="e"]
	"Ter70" -> "e71"
	"Expr72" [label="Expr"]
	"Expression66" -> "Expr72"
	"Term73" [label="Term"]
	"Expr72" -> "Term73"
	"Term74" [label="Term"]
	"Term73" -> "Term74"
	"Term75" [label="Term"]
	"Term74" -> "Term75"
	"Ter76" [label="Ter"]
	"Term73" -> "Ter76"
	"e77" [label="e"]
	"Ter76" -> "e77"
	"Expr78" [label="Expr"]
	"Expr72" -> "Expr78"
	"e79" [label="e"]
	"Expr78" -> "e79"
	"Ter80" [label="Ter"]
	"Term63" -> "Ter80"
	"e81" [label="e"]
	"Ter80" -> "e81"
	"Expr82" [label="Expr"]
	"Expression62" -> "Expr82"
	"e83" [label="e"]
	"Expr82" -> "e83"
	"Ter84" [label="Ter"]
	"Term59" -> "Ter84"
	"e85" [label="e"]
	"Ter84" -> "e85"
	"Expr86" [label="Expr"]
	"Expr58" -> "Expr86"
	"e87" [label="e"]
	"Expr86" -> "e87"
	"Statements88" [label="Statements"]
	"Statements41" -> "Statements88"
	"Statement89" [label="Statement"]
	"Statements88" -> "Statement89"
	"Print90" [label="Print"]
	"Statement89" -> "Print90"
	"Expression91" [label="Expression"]
	"Print90" -> "Expression91"
	"Term92" [label="Term"]
	"Expression91" -> "Term92"
	"Term93" [label="Term"]
	"Term92" -> "Term93"
	"Term94" [label="Term"]
	"Term93" -> "Term94"
	"Expression95" [label="Expression"]
	"Term94" -> "Expression95"
	"Term96" [label="Term"]
	"Expression95" -> "Term96"
	"Term97" [label="Term"]
	"Term96" -> "Term97"
	"Term98" [label="Term"]
	"Term97" -> "Term98"
	"Ter99" [label="Ter"]
	"Term96" -> "Ter99"
	"e100" [label="e"]
	"Ter99" -> "e100"
	"Expr101" [label="Expr"]
	"Expression95" -> "Expr101"
	"e102" [label="e"]
	"Expr101" -> "e102"
	"Ter103" [label="Ter"]
	"Term92" -> "Ter103"
	"e104" [label="e"]
	"Ter103" -> "e104"
	"Expr105" [label="Expr"]
	"Expression91" -> "Expr105"
	"e106" [label="e"]
	"Expr105" -> "e106"
	"Statements107" [label="Statements"]
	"Statements88" -> "Statements107"
	"Statement108" [label="Statement"]
	"Statements107" -> "Statement108"
	"Jump109" [label="Jump"]
	"Statement108" -> "Jump109"
	"Expression110" [label="Expression"]
	"Jump109" -> "Expression110"
	"Term111" [label="Term"]
	"Expression110" -> "Term111"
	"Term112" [label="Term"]
	"Term111" -> "Term112"
	"Term113" [label="Term"]
	"Term112" -> "Term113"
	"Expression114" [label="Expression"]
	"Term113" -> "Expression114"
	"Term115" [label="Term"]
	"Expression114" -> "Term115"
	"Term116" [label="Term"]
	"Term115" -> "Term116"
	"Term117" [label="Term"]
	"Term116" -> "Term117"
	"Ter118" [label="Ter"]
	"Term115" -> "Ter118"
	"e119" [label="e"]
	"Ter118" -> "e119"
	"Expr120" [label="Expr"]
	"Expression114" -> "Expr120"
	"e121" [label="e"]
	"Expr120" -> "e121"
	"Ter122" [label="Ter"]
	"Term111" -> "Ter122"
	"e123" [label="e"]
	"Ter122" -> "e123"
	"Expr124" [label="Expr"]
	"Expression110" -> "Expr124"
	"e125" [label="e"]
	"Expr124" -> "e125"
	"Statements126" [label="Statements"]
	"Statements107" -> "Statements126"
	"Statement127" [label="Statement"]
	"Statements126" -> "Statement127"
	"Print128" [label="Print"]
	"Statement127" -> "Print128"
	"Expression129" [label="Expression"]
	"Print128" -> "Expression129"
	"Term130" [label="Term"]
	"Expression129" -> "Term130"
	"Term131" [label="Term"]
	"Term130" -> "Term131"
	"Term132" [label="Term"]
	"Term131" -> "Term132"
	"Expression133" [label="Expression"]
	"Term132" -> "Expression133"
	"Term134" [label="Term"]
	"Expression133" -> "Term134"
	"Term135" [label="Term"]
	"Term134" -> "Term135"
	"Term136" [label="Term"]
	"Term135" -> "Term136"
	"Ter137" [label="Ter"]
	"Term134" -> "Ter137"
	"e138" [label="e"]
	"Ter137" -> "e138"
	"Expr139" [label="Expr"]
	"Expression133" -> "Expr139"
	"e140" [label="e"]
	"Expr139" -> "e140"
	"Ter141" [label="Ter"]
	"Term130" -> "Ter141"
	"e142" [label="e"]
	"Ter141" -> "e142"
	"Expr143" [label="Expr"]
	"Expression129" -> "Expr143"
	"e144" [label="e"]
	"Expr143" -> "e144"
	"Statements145" [label="Statements"]
	"Statements126" -> "Statements145"
	"Statement146" [label="Statement"]
	"Statements145" -> "Statement146"
	"Jump147" [label="Jump"]
	"Statement146" -> "Jump147"
	"Statements148" [label="Statements"]
	"Statements145" -> "Statements148"
	"Statement149" [label="Statement"]
	"Statements148" -> "Statement149"
	"Print150" [label="Print"]
	"Statement149" -> "Print150"
	"Expression151" [label="Expression"]
	"Print150" -> "Expression151"
	"Term152" [label="Term"]
	"Expression151" -> "Term152"
	"Term153" [label="Term"]
	"Term152" -> "Term153"
	"Term154" [label="Term"]
	"Term153" -> "Term154"
	"Expression155" [label="Expression"]
	"Term154" -> "Expression155"
	"Term156" [label="Term"]
	"Expression155" -> "Term156"
	"Term157" [label="Term"]
	"Term156" -> "Term157"
	"Term158" [label="Term"]
	"Term157" -> "Term158"
	"Ter159" [label="Ter"]
	"Term156" -> "Ter159"
	"e160" [label="e"]
	"Ter159" -> "e160"
	"Expr161" [label="Expr"]
	"Expression155" -> "Expr161"
	"e162" [label="e"]
	"Expr161" -> "e162"
	"Ter163" [label="Ter"]
	"Term152" -> "Ter163"
	"e164" [label="e"]
	"Ter163" -> "e164"
	"Expr165" [label="Expr"]
	"Expression151" -> "Expr165"
	"e166" [label="e"]
	"Expr165" -> "e166"
	"Statements167" [label="Statements"]
	"Statements148" -> "Statements167"
	"Statement168" [label="Statement"]
	"Statements167" -> "Statement168"
	"Label169" [label="Label"]
	"Statement168" -> "Label169"
	"Statements170" [label="Statements"]
	"Statements167" -> "Statements170"
	"Statement171" [label="Statement"]
	"Statements170" -> "Statement171"
	"Print172" [label="Print"]
	"Statement171" -> "Print172"
	"Expression173" [label="Expression"]
	"Print172" -> "Expression173"
	"Term174" [label="Term"]
	"Expression173" -> "Term174"
	"Term175" [label="Term"]
	"Term174" -> "Term175"
	"Term176" [label="Term"]
	"Term175" -> "Term176"
	"Expression177" [label="Expression"]
	"Term176" -> "Expression177"
	"Term178" [label="Term"]
	"Expression177" -> "Term178"
	"Term179" [label="Term"]
	"Term178" -> "Term179"
	"Term180" [label="Term"]
	"Term179" -> "Term180"
	"Ter181" [label="Ter"]
	"Term178" -> "Ter181"
	"e182" [label="e"]
	"Ter181" -> "e182"
	"Expr183" [label="Expr"]
	"Expression177" -> "Expr183"
	"e184" [label="e"]
	"Expr183" -> "e184"
	"Ter185" [label="Ter"]
	"Term174" -> "Ter185"
	"e186" [label="e"]
	"Ter185" -> "e186"
	"Expr187" [label="Expr"]
	"Expression173" -> "Expr187"
	"e188" [label="e"]
	"Expr187" -> "e188"
	"Statements189" [label="Statements"]
	"Statements170" -> "Statements189"
	"Statement190" [label="Statement"]
	"Statements189" -> "Statement190"
	"Assignment191" [label="Assignment"]
	"Statement190" -> "Assignment191"
	"Expression192" [label="Expression"]
	"Assignment191" -> "Expression192"
	"Term193" [label="Term"]
	"Expression192" -> "Term193"
	"Term194" [label="Term"]
	"Term193" -> "Term194"
	"Term195" [label="Term"]
	"Term194" -> "Term195"
	"Ter196" [label="Ter"]
	"Term193" -> "Ter196"
	"e197" [label="e"]
	"Ter196" -> "e197"
	"Expr198" [label="Expr"]
	"Expression192" -> "Expr198"
	"e199" [label="e"]
	"Expr198" -> "e199"
	"Expression200" [label="Expression"]
	"Assignment191" -> "Expression200"
	"Term201" [label="Term"]
	"Expression200" -> "Term201"
	"Term202" [label="Term"]
	"Term201" -> "Term202"
	"Term203" [label="Term"]
	"Term202" -> "Term203"
	"Ter204" [label="Ter"]
	"Term201" -> "Ter204"
	"Term205" [label="Term"]
	"Ter204" -> "Term205"
	"Term206" [label="Term"]
	"Term205" -> "Term206"
	"Ter207" [label="Ter"]
	"Ter204" -> "Ter207"
	"Term208" [label="Term"]
	"Ter207" -> "Term208"
	"Term209" [label="Term"]
	"Term208" -> "Term209"
	"Ter210" [label="Ter"]
	"Ter207" -> "Ter210"
	"e211" [label="e"]
	"Ter210" -> "e211"
	"Expr212" [label="Expr"]
	"Expression200" -> "Expr212"
	"e213" [label="e"]
	"Expr212" -> "e213"
	"Statements214" [label="Statements"]
	"Statements189" -> "Statements214"
	"Statement215" [label="Statement"]
	"Statements214" -> "Statement215"
	"Assignment216" [label="Assignment"]
	"Statement215" -> "Assignment216"
	"Expression217" [label="Expression"]
	"Assignment216" -> "Expression217"
	"Term218" [label="Term"]
	"Expression217" -> "Term218"
	"Term219" [label="Term"]
	"Term218" -> "Term219"
	"Term220" [label="Term"]
	"Term219" -> "Term220"
	"Ter221" [label="Ter"]
	"Term218" -> "Ter221"
	"e222" [label="e"]
	"Ter221" -> "e222"
	"Expr223" [label="Expr"]
	"Expression217" -> "Expr223"
	"e224" [label="e"]
	"Expr223" -> "e224"
	"Expression225" [label="Expression"]
	"Assignment216" -> "Expression225"
	"Term226" [label="Term"]
	"Expression225" -> "Term226"
	"Term227" [label="Term"]
	"Term226" -> "Term227"
	"Term228" [label="Term"]
	"Term227" -> "Term228"
	"Ter229" [label="Ter"]
	"Term226" -> "Ter229"
	"e230" [label="e"]
	"Ter229" -> "e230"
	"Expr231" [label="Expr"]
	"Expression225" -> "Expr231"
	"Term232" [label="Term"]
	"Expr231" -> "Term232"
	"Term233" [label="Term"]
	"Term232" -> "Term233"
	"Term234" [label="Term"]
	"Term233" -> "Term234"
	"Ter235" [label="Ter"]
	"Term232" -> "Ter235"
	"e236" [label="e"]
	"Ter235" -> "e236"
	"Expr237" [label="Expr"]
	"Expr231" -> "Expr237"
	"e238" [label="e"]
	"Expr237" -> "e238"
	"Statements239" [label="Statements"]
	"Statements214" -> "Statements239"
	"Statement240" [label="Statement"]
	"Statements239" -> "Statement240"
	"Assignment241" [label="Assignment"]
	"Statement240" -> "Assignment241"
	"Expression242" [label="Expression"]
	"Assignment241" -> "Expression242"
	"Term243" [label="Term"]
	"Expression242" -> "Term243"
	"Term244" [label="Term"]
	"Term243" -> "Term244"
	"Term245" [label="Term"]
	"Term244" -> "Term245"
	"Ter246" [label="Ter"]
	"Term243" -> "Ter246"
	"e247" [label="e"]
	"Ter246" -> "e247"
	"Expr248" [label="Expr"]
	"Expression242" -> "Expr248"
	"e249" [label="e"]
	"Expr248" -> "e249"
	"Expression250" [label="Expression"]
	"Assignment241" -> "Expression250"
	"Term251" [label="Term"]
	"Expression250" -> "Term251"
	"Term252" [label="Term"]
	"Term251" -> "Term252"
	"Term253" [label="Term"]
	"Term252" -> "Term253"
	"Ter254" [label="Ter"]
	"Term251" -> "Ter254"
	"e255" [label="e"]
	"Ter254" -> "e255"
	"Expr256" [label="Expr"]
	"Expression250" -> "Expr256"
	"Term257" [label="Term"]
	"Expr256" -> "Term257"
	"Term258" [label="Term"]
	"Term257" -> "Term258"
	"Term259" [label="Term"]
	"Term258" -> "Term259"
	"Expression260" [label="Expression"]
	"Term259" -> "Expression260"
	"Term261" [label="Term"]
	"Expression260" -> "Term261"
	"Term262" [label="Term"]
	"Term261" -> "Term262"
	"Term263" [label="Term"]
	"Term262" -> "Term263"
	"Expression264" [label="Expression"]
	"Term263" -> "Expression264"
	"Term265" [label="Term"]
	"Expression264" -> "Term265"
	"Term266" [label="Term"]
	"Term265" -> "Term266"
	"Term267" [label="Term"]
	"Term266" -> "Term267"
	"Ter268" [label="Ter"]
	"Term265" -> "Ter268"
	"e269" [label="e"]
	"Ter268" -> "e269"
	"Expr270" [label="Expr"]
	"Expression264" -> "Expr270"
	"e271" [label="e"]
	"Expr270" -> "e271"
	"Ter272" [label="Ter"]
	"Term261" -> "Ter272"
	"e273" [label="e"]
	"Ter272" -> "e273"
	"Expr274" [label="Expr"]
	"Expression260" -> "Expr274"
	"Term275" [label="Term"]
	"Expr274" -> "Term275"
	"Term276" [label="Term"]
	"Term275" -> "Term276"
	"Term277" [label="Term"]
	"Term276" -> "Term277"
	"Ter278" [label="Ter"]
	"Term275" -> "Ter278"
	"e279" [label="e"]
	"Ter278" -> "e279"
	"Expr280" [label="Expr"]
	"Expr274" -> "Expr280"
	"e281" [label="e"]
	"Expr280" -> "e281"
	"Ter282" [label="Ter"]
	"Term257" -> "Ter282"
	"e283" [label="e"]
	"Ter282" -> "e283"
	"Expr284" [label="Expr"]
	"Expr256" -> "Expr284"
	"e285" [label="e"]
	"Expr284" -> "e285"
	"Statements286" [label="Statements"]
	"Statements239" -> "Statements286"
	"Statement287" [label="Statement"]
	"Statements286" -> "Statement287"
	"Assignment288" [label="Assignment"]
	"Statement287" -> "Assignment288"
	"Expression289" [label="Expression"]
	"Assignment288" -> "Expression289"
	"Term290" [label="Term"]
	"Expression289" -> "Term290"
	"Term291" [label="Term"]
	"Term290" -> "Term291"
	"Term292" [label="Term"]
	"Term291" -> "Term292"
	"Ter293" [label="Ter"]
	"Term290" -> "Ter293"
	"e294" [label="e"]
	"Ter293" -> "e294"
	"Expr295" [label="Expr"]
	"Expression289" -> "Expr295"
	"e296" [label="e"]
	"Expr295" -> "e296"
	"Expression297" [label="Expression"]
	"Assignment288" -> "Expression297"
	"Term298" [label="Term"]
	"Expression297" -> "Term298"
	"Term299" [label="Term"]
	"Term298" -> "Term299"
	"Term300" [label="Term"]
	"Term299" -> "Term300"
	"Ter301" [label="Ter"]
	"Term298" -> "Ter301"
	"Term302" [label="Term"]
	"Ter301" -> "Term302"
	"Term303" [label="Term"]
	"Term302" -> "Term303"
	"Ter304" [label="Ter"]
	"Ter301" -> "Ter304"
	"Term305" [label="Term"]
	"Ter304" -> "Term305"
	"Term306" [label="Term"]
	"Term305" -> "Term306"
	"Ter307" [label="Ter"]
	"Ter304" -> "Ter307"
	"e308" [label="e"]
	"Ter307" -> "e308"
	"Expr309" [label="Expr"]
	"Expression297" -> "Expr309"
	"e310" [label="e"]
	"Expr309" -> "e310"
	"Statements311" [label="Statements"]
	"Statements286" -> "Statements311"
	"e312" [label="e"]
	"Statements311" -> "e312"
}
