digraph G {
	"Start1" [label="Start"]
	"Statements2" [label="Statements"]
	"Start1" -> "Statements2"
	"Statement3" [label="Statement"]
	"Statements2" -> "Statement3"
	"Assignment4" [label="Assignment"]
	"Statement3" -> "Assignment4"
	"Expression5" [label="Expression"]
	"Assignment4" -> "Expression5"
	"Term6" [label="Term"]
	"Expression5" -> "Term6"
	"Term7" [label="Term"]
	"Term6" -> "Term7"
	"Term8" [label="Term"]
	"Term7" -> "Term8"
	"Ter9" [label="Ter"]
	"Term6" -> "Ter9"
	"e10" [label="e"]
	"Ter9" -> "e10"
	"Expr11" [label="Expr"]
	"Expression5" -> "Expr11"
	"e12" [label="e"]
	"Expr11" -> "e12"
	"Expression13" [label="Expression"]
	"Assignment4" -> "Expression13"
	"Term14" [label="Term"]
	"Expression13" -> "Term14"
	"Term15" [label="Term"]
	"Term14" -> "Term15"
	"Term16" [label="Term"]
	"Term15" -> "Term16"
	"Ter17" [label="Ter"]
	"Term14" -> "Ter17"
	"e18" [label="e"]
	"Ter17" -> "e18"
	"Expr19" [label="Expr"]
	"Expression13" -> "Expr19"
	"Term20" [label="Term"]
	"Expr19" -> "Term20"
	"Term21" [label="Term"]
	"Term20" -> "Term21"
	"Term22" [label="Term"]
	"Term21" -> "Term22"
	"Ter23" [label="Ter"]
	"Term20" -> "Ter23"
	"e24" [label="e"]
	"Ter23" -> "e24"
	"Expr25" [label="Expr"]
	"Expr19" -> "Expr25"
	"e26" [label="e"]
	"Expr25" -> "e26"
	"Statements27" [label="Statements"]
	"Statements2" -> "Statements27"
	"Statement28" [label="Statement"]
	"Statements27" -> "Statement28"
	"Assignment29" [label="Assignment"]
	"Statement28" -> "Assignment29"
	"Expression30" [label="Expression"]
	"Assignment29" -> "Expression30"
	"Term31" [label="Term"]
	"Expression30" -> "Term31"
	"Term32" [label="Term"]
	"Term31" -> "Term32"
	"Term33" [label="Term"]
	"Term32" -> "Term33"
	"Ter34" [label="Ter"]
	"Term31" -> "Ter34"
	"e35" [label="e"]
	"Ter34" -> "e35"
	"Expr36" [label="Expr"]
	"Expression30" -> "Expr36"
	"e37" [label="e"]
	"Expr36" -> "e37"
	"Expression38" [label="Expression"]
	"Assignment29" -> "Expression38"
	"Term39" [label="Term"]
	"Expression38" -> "Term39"
	"Term40" [label="Term"]
	"Term39" -> "Term40"
	"Term41" [label="Term"]
	"Term40" -> "Term41"
	"Ter42" [label="Ter"]
	"Term39" -> "Ter42"
	"e43" [label="e"]
	"Ter42" -> "e43"
	"Expr44" [label="Expr"]
	"Expression38" -> "Expr44"
	"Term45" [label="Term"]
	"Expr44" -> "Term45"
	"Term46" [label="Term"]
	"Term45" -> "Term46"
	"Term47" [label="Term"]
	"Term46" -> "Term47"
	"Expression48" [label="Expression"]
	"Term47" -> "Expression48"
	"Term49" [label="Term"]
	"Expression48" -> "Term49"
	"Term50" [label="Term"]
	"Term49" -> "Term50"
	"Term51" [label="Term"]
	"Term50" -> "Term51"
	"Expression52" [label="Expression"]
	"Term51" -> "Expression52"
	"Term53" [label="Term"]
	"Expression52" -> "Term53"
	"Term54" [label="Term"]
	"Term53" -> "Term54"
	"Term55" [label="Term"]
	"Term54" -> "Term55"
	"Ter56" [label="Ter"]
	"Term53" -> "Ter56"
	"e57" [label="e"]
	"Ter56" -> "e57"
	"Expr58" [label="Expr"]
	"Expression52" -> "Expr58"
	"e59" [label="e"]
	"Expr58" -> "e59"
	"Ter60" [label="Ter"]
	"Term49" -> "Ter60"
	"e61" [label="e"]
	"Ter60" -> "e61"
	"Expr62" [label="Expr"]
	"Expression48" -> "Expr62"
	"Term63" [label="Term"]
	"Expr62" -> "Term63"
	"Term64" [label="Term"]
	"Term63" -> "Term64"
	"Term65" [label="Term"]
	"Term64" -> "Term65"
	"Ter66" [label="Ter"]
	"Term63" -> "Ter66"
	"e67" [label="e"]
	"Ter66" -> "e67"
	"Expr68" [label="Expr"]
	"Expr62" -> "Expr68"
	"e69" [label="e"]
	"Expr68" -> "e69"
	"Ter70" [label="Ter"]
	"Term45" -> "Ter70"
	"e71" [label="e"]
	"Ter70" -> "e71"
	"Expr72" [label="Expr"]
	"Expr44" -> "Expr72"
	"e73" [label="e"]
	"Expr72" -> "e73"
	"Statements74" [label="Statements"]
	"Statements27" -> "Statements74"
	"Statement75" [label="Statement"]
	"Statements74" -> "Statement75"
	"Assignment76" [label="Assignment"]
	"Statement75" -> "Assignment76"
	"Expression77" [label="Expression"]
	"Assignment76" -> "Expression77"
	"Term78" [label="Term"]
	"Expression77" -> "Term78"
	"Term79" [label="Term"]
	"Term78" -> "Term79"
	"Term80" [label="Term"]
	"Term79" -> "Term80"
	"Ter81" [label="Ter"]
	"Term78" -> "Ter81"
	"e82" [label="e"]
	"Ter81" -> "e82"
	"Expr83" [label="Expr"]
	"Expression77" -> "Expr83"
	"e84" [label="e"]
	"Expr83" -> "e84"
	"Expression85" [label="Expression"]
	"Assignment76" -> "Expression85"
	"Term86" [label="Term"]
	"Expression85" -> "Term86"
	"Term87" [label="Term"]
	"Term86" -> "Term87"
	"Term88" [label="Term"]
	"Term87" -> "Term88"
	"Ter89" [label="Ter"]
	"Term86" -> "Ter89"
	"e90" [label="e"]
	"Ter89" -> "e90"
	"Expr91" [label="Expr"]
	"Expression85" -> "Expr91"
	"Term92" [label="Term"]
	"Expr91" -> "Term92"
	"Term93" [label="Term"]
	"Term92" -> "Term93"
	"Term94" [label="Term"]
	"Term93" -> "Term94"
	"Expression95" [label="Expression"]
	"Term94" -> "Expression95"
	"Term96" [label="Term"]
	"Expression95" -> "Term96"
	"Term97" [label="Term"]
	"Term96" -> "Term97"
	"Term98" [label="Term"]
	"Term97" -> "Term98"
	"Ter99" [label="Ter"]
	"Term96" -> "Ter99"
	"e100" [label="e"]
	"Ter99" -> "e100"
	"Expr101" [label="Expr"]
	"Expression95" -> "Expr101"
	"e102" [label="e"]
	"Expr101" -> "e102"
	"Ter103" [label="Ter"]
	"Term92" -> "Ter103"
	"e104" [label="e"]
	"Ter103" -> "e104"
	"Expr105" [label="Expr"]
	"Expr91" -> "Expr105"
	"e106" [label="e"]
	"Expr105" -> "e106"
	"Statements107" [label="Statements"]
	"Statements74" -> "Statements107"
	"Statement108" [label="Statement"]
	"Statements107" -> "Statement108"
	"Assignment109" [label="Assignment"]
	"Statement108" -> "Assignment109"
	"Expression110" [label="Expression"]
	"Assignment109" -> "Expression110"
	"Term111" [label="Term"]
	"Expression110" -> "Term111"
	"Term112" [label="Term"]
	"Term111" -> "Term112"
	"Term113" [label="Term"]
	"Term112" -> "Term113"
	"Ter114" [label="Ter"]
	"Term111" -> "Ter114"
	"e115" [label="e"]
	"Ter114" -> "e115"
	"Expr116" [label="Expr"]
	"Expression110" -> "Expr116"
	"e117" [label="e"]
	"Expr116" -> "e117"
	"Expression118" [label="Expression"]
	"Assignment109" -> "Expression118"
	"Term119" [label="Term"]
	"Expression118" -> "Term119"
	"Term120" [label="Term"]
	"Term119" -> "Term120"
	"Term121" [label="Term"]
	"Term120" -> "Term121"
	"Ter122" [label="Ter"]
	"Term119" -> "Ter122"
	"e123" [label="e"]
	"Ter122" -> "e123"
	"Expr124" [label="Expr"]
	"Expression118" -> "Expr124"
	"Term125" [label="Term"]
	"Expr124" -> "Term125"
	"Term126" [label="Term"]
	"Term125" -> "Term126"
	"Term127" [label="Term"]
	"Term126" -> "Term127"
	"Expression128" [label="Expression"]
	"Term127" -> "Expression128"
	"Term129" [label="Term"]
	"Expression128" -> "Term129"
	"Term130" [label="Term"]
	"Term129" -> "Term130"
	"Term131" [label="Term"]
	"Term130" -> "Term131"
	"Expression132" [label="Expression"]
	"Term130" -> "Expression132"
	"Term133" [label="Term"]
	"Expression132" -> "Term133"
	"Term134" [label="Term"]
	"Term133" -> "Term134"
	"Term135" [label="Term"]
	"Term134" -> "Term135"
	"Ter136" [label="Ter"]
	"Term133" -> "Ter136"
	"Term137" [label="Term"]
	"Ter136" -> "Term137"
	"Term138" [label="Term"]
	"Term137" -> "Term138"
	"Ter139" [label="Ter"]
	"Ter136" -> "Ter139"
	"e140" [label="e"]
	"Ter139" -> "e140"
	"Expr141" [label="Expr"]
	"Expression132" -> "Expr141"
	"Term142" [label="Term"]
	"Expr141" -> "Term142"
	"Term143" [label="Term"]
	"Term142" -> "Term143"
	"Term144" [label="Term"]
	"Term143" -> "Term144"
	"Ter145" [label="Ter"]
	"Term142" -> "Ter145"
	"e146" [label="e"]
	"Ter145" -> "e146"
	"Expr147" [label="Expr"]
	"Expr141" -> "Expr147"
	"e148" [label="e"]
	"Expr147" -> "e148"
	"Ter149" [label="Ter"]
	"Term129" -> "Ter149"
	"e150" [label="e"]
	"Ter149" -> "e150"
	"Expr151" [label="Expr"]
	"Expression128" -> "Expr151"
	"e152" [label="e"]
	"Expr151" -> "e152"
	"Ter153" [label="Ter"]
	"Term125" -> "Ter153"
	"e154" [label="e"]
	"Ter153" -> "e154"
	"Expr155" [label="Expr"]
	"Expr124" -> "Expr155"
	"Term156" [label="Term"]
	"Expr155" -> "Term156"
	"Term157" [label="Term"]
	"Term156" -> "Term157"
	"Term158" [label="Term"]
	"Term157" -> "Term158"
	"Ter159" [label="Ter"]
	"Term156" -> "Ter159"
	"e160" [label="e"]
	"Ter159" -> "e160"
	"Expr161" [label="Expr"]
	"Expr155" -> "Expr161"
	"e162" [label="e"]
	"Expr161" -> "e162"
	"Statements163" [label="Statements"]
	"Statements107" -> "Statements163"
	"Statement164" [label="Statement"]
	"Statements163" -> "Statement164"
	"Label165" [label="Label"]
	"Statement164" -> "Label165"
	"Statements166" [label="Statements"]
	"Statements163" -> "Statements166"
	"Statement167" [label="Statement"]
	"Statements166" -> "Statement167"
	"Assignment168" [label="Assignment"]
	"Statement167" -> "Assignment168"
	"Expression169" [label="Expression"]
	"Assignment168" -> "Expression169"
	"Term170" [label="Term"]
	"Expression169" -> "Term170"
	"Term171" [label="Term"]
	"Term170" -> "Term171"
	"Term172" [label="Term"]
	"Term171" -> "Term172"
	"Ter173" [label="Ter"]
	"Term170" -> "Ter173"
	"e174" [label="e"]
	"Ter173" -> "e174"
	"Expr175" [label="Expr"]
	"Expression169" -> "Expr175"
	"e176" [label="e"]
	"Expr175" -> "e176"
	"Expression177" [label="Expression"]
	"Assignment168" -> "Expression177"
	"Term178" [label="Term"]
	"Expression177" -> "Term178"
	"Term179" [label="Term"]
	"Term178" -> "Term179"
	"Term180" [label="Term"]
	"Term179" -> "Term180"
	"Ter181" [label="Ter"]
	"Term178" -> "Ter181"
	"e182" [label="e"]
	"Ter181" -> "e182"
	"Expr183" [label="Expr"]
	"Expression177" -> "Expr183"
	"Term184" [label="Term"]
	"Expr183" -> "Term184"
	"Term185" [label="Term"]
	"Term184" -> "Term185"
	"Term186" [label="Term"]
	"Term185" -> "Term186"
	"Expression187" [label="Expression"]
	"Term186" -> "Expression187"
	"Term188" [label="Term"]
	"Expression187" -> "Term188"
	"Term189" [label="Term"]
	"Term188" -> "Term189"
	"Term190" [label="Term"]
	"Term189" -> "Term190"
	"Expression191" [label="Expression"]
	"Term190" -> "Expression191"
	"Term192" [label="Term"]
	"Expression191" -> "Term192"
	"Term193" [label="Term"]
	"Term192" -> "Term193"
	"Term194" [label="Term"]
	"Term193" -> "Term194"
	"Ter195" [label="Ter"]
	"Term192" -> "Ter195"
	"e196" [label="e"]
	"Ter195" -> "e196"
	"Expr197" [label="Expr"]
	"Expression191" -> "Expr197"
	"e198" [label="e"]
	"Expr197" -> "e198"
	"Ter199" [label="Ter"]
	"Term188" -> "Ter199"
	"e200" [label="e"]
	"Ter199" -> "e200"
	"Expr201" [label="Expr"]
	"Expression187" -> "Expr201"
	"Term202" [label="Term"]
	"Expr201" -> "Term202"
	"Term203" [label="Term"]
	"Term202" -> "Term203"
	"Term204" [label="Term"]
	"Term203" -> "Term204"
	"Ter205" [label="Ter"]
	"Term202" -> "Ter205"
	"e206" [label="e"]
	"Ter205" -> "e206"
	"Expr207" [label="Expr"]
	"Expr201" -> "Expr207"
	"e208" [label="e"]
	"Expr207" -> "e208"
	"Ter209" [label="Ter"]
	"Term184" -> "Ter209"
	"e210" [label="e"]
	"Ter209" -> "e210"
	"Expr211" [label="Expr"]
	"Expr183" -> "Expr211"
	"e212" [label="e"]
	"Expr211" -> "e212"
	"Statements213" [label="Statements"]
	"Statements166" -> "Statements213"
	"Statement214" [label="Statement"]
	"Statements213" -> "Statement214"
	"Assignment215" [label="Assignment"]
	"Statement214" -> "Assignment215"
	"Expression216" [label="Expression"]
	"Assignment215" -> "Expression216"
	"Term217" [label="Term"]
	"Expression216" -> "Term217"
	"Term218" [label="Term"]
	"Term217" -> "Term218"
	"Term219" [label="Term"]
	"Term218" -> "Term219"
	"Ter220" [label="Ter"]
	"Term217" -> "Ter220"
	"e221" [label="e"]
	"Ter220" -> "e221"
	"Expr222" [label="Expr"]
	"Expression216" -> "Expr222"
	"e223" [label="e"]
	"Expr222" -> "e223"
	"Expression224" [label="Expression"]
	"Assignment215" -> "Expression224"
	"Term225" [label="Term"]
	"Expression224" -> "Term225"
	"Term226" [label="Term"]
	"Term225" -> "Term226"
	"Term227" [label="Term"]
	"Term226" -> "Term227"
	"Ter228" [label="Ter"]
	"Term225" -> "Ter228"
	"Term229" [label="Term"]
	"Ter228" -> "Term229"
	"Term230" [label="Term"]
	"Term229" -> "Term230"
	"Ter231" [label="Ter"]
	"Ter228" -> "Ter231"
	"Term232" [label="Term"]
	"Ter231" -> "Term232"
	"Term233" [label="Term"]
	"Term232" -> "Term233"
	"Ter234" [label="Ter"]
	"Ter231" -> "Ter234"
	"e235" [label="e"]
	"Ter234" -> "e235"
	"Expr236" [label="Expr"]
	"Expression224" -> "Expr236"
	"e237" [label="e"]
	"Expr236" -> "e237"
	"Statements238" [label="Statements"]
	"Statements213" -> "Statements238"
	"Statement239" [label="Statement"]
	"Statements238" -> "Statement239"
	"Assignment240" [label="Assignment"]
	"Statement239" -> "Assignment240"
	"Expression241" [label="Expression"]
	"Assignment240" -> "Expression241"
	"Term242" [label="Term"]
	"Expression241" -> "Term242"
	"Term243" [label="Term"]
	"Term242" -> "Term243"
	"Term244" [label="Term"]
	"Term243" -> "Term244"
	"Ter245" [label="Ter"]
	"Term242" -> "Ter245"
	"e246" [label="e"]
	"Ter245" -> "e246"
	"Expr247" [label="Expr"]
	"Expression241" -> "Expr247"
	"e248" [label="e"]
	"Expr247" -> "e248"
	"Expression249" [label="Expression"]
	"Assignment240" -> "Expression249"
	"Term250" [label="Term"]
	"Expression249" -> "Term250"
	"Term251" [label="Term"]
	"Term250" -> "Term251"
	"Term252" [label="Term"]
	"Term251" -> "Term252"
	"Ter253" [label="Ter"]
	"Term250" -> "Ter253"
	"Term254" [label="Term"]
	"Ter253" -> "Term254"
	"Term255" [label="Term"]
	"Term254" -> "Term255"
	"Ter256" [label="Ter"]
	"Ter253" -> "Ter256"
	"Term257" [label="Term"]
	"Ter256" -> "Term257"
	"Term258" [label="Term"]
	"Term257" -> "Term258"
	"Ter259" [label="Ter"]
	"Ter256" -> "Ter259"
	"e260" [label="e"]
	"Ter259" -> "e260"
	"Expr261" [label="Expr"]
	"Expression249" -> "Expr261"
	"e262" [label="e"]
	"Expr261" -> "e262"
	"Statements263" [label="Statements"]
	"Statements238" -> "Statements263"
	"Statement264" [label="Statement"]
	"Statements263" -> "Statement264"
	"Jump265" [label="Jump"]
	"Statement264" -> "Jump265"
	"Statements266" [label="Statements"]
	"Statements263" -> "Statements266"
	"Statement267" [label="Statement"]
	"Statements266" -> "Statement267"
	"Assignment268" [label="Assignment"]
	"Statement267" -> "Assignment268"
	"Expression269" [label="Expression"]
	"Assignment268" -> "Expression269"
	"Term270" [label="Term"]
	"Expression269" -> "Term270"
	"Term271" [label="Term"]
	"Term270" -> "Term271"
	"Term272" [label="Term"]
	"Term271" -> "Term272"
	"Ter273" [label="Ter"]
	"Term270" -> "Ter273"
	"e274" [label="e"]
	"Ter273" -> "e274"
	"Expr275" [label="Expr"]
	"Expression269" -> "Expr275"
	"e276" [label="e"]
	"Expr275" -> "e276"
	"Expression277" [label="Expression"]
	"Assignment268" -> "Expression277"
	"Term278" [label="Term"]
	"Expression277" -> "Term278"
	"Term279" [label="Term"]
	"Term278" -> "Term279"
	"Term280" [label="Term"]
	"Term279" -> "Term280"
	"Ter281" [label="Ter"]
	"Term278" -> "Ter281"
	"e282" [label="e"]
	"Ter281" -> "e282"
	"Expr283" [label="Expr"]
	"Expression277" -> "Expr283"
	"Term284" [label="Term"]
	"Expr283" -> "Term284"
	"Term285" [label="Term"]
	"Term284" -> "Term285"
	"Term286" [label="Term"]
	"Term285" -> "Term286"
	"Expression287" [label="Expression"]
	"Term286" -> "Expression287"
	"Term288" [label="Term"]
	"Expression287" -> "Term288"
	"Term289" [label="Term"]
	"Term288" -> "Term289"
	"Term290" [label="Term"]
	"Term289" -> "Term290"
	"Ter291" [label="Ter"]
	"Term288" -> "Ter291"
	"e292" [label="e"]
	"Ter291" -> "e292"
	"Expr293" [label="Expr"]
	"Expression287" -> "Expr293"
	"e294" [label="e"]
	"Expr293" -> "e294"
	"Ter295" [label="Ter"]
	"Term284" -> "Ter295"
	"e296" [label="e"]
	"Ter295" -> "e296"
	"Expr297" [label="Expr"]
	"Expr283" -> "Expr297"
	"e298" [label="e"]
	"Expr297" -> "e298"
	"Statements299" [label="Statements"]
	"Statements266" -> "Statements299"
	"Statement300" [label="Statement"]
	"Statements299" -> "Statement300"
	"Assignment301" [label="Assignment"]
	"Statement300" -> "Assignment301"
	"Expression302" [label="Expression"]
	"Assignment301" -> "Expression302"
	"Term303" [label="Term"]
	"Expression302" -> "Term303"
	"Term304" [label="Term"]
	"Term303" -> "Term304"
	"Term305" [label="Term"]
	"Term304" -> "Term305"
	"Ter306" [label="Ter"]
	"Term303" -> "Ter306"
	"e307" [label="e"]
	"Ter306" -> "e307"
	"Expr308" [label="Expr"]
	"Expression302" -> "Expr308"
	"e309" [label="e"]
	"Expr308" -> "e309"
	"Expression310" [label="Expression"]
	"Assignment301" -> "Expression310"
	"Term311" [label="Term"]
	"Expression310" -> "Term311"
	"Term312" [label="Term"]
	"Term311" -> "Term312"
	"Term313" [label="Term"]
	"Term312" -> "Term313"
	"Ter314" [label="Ter"]
	"Term311" -> "Ter314"
	"e315" [label="e"]
	"Ter314" -> "e315"
	"Expr316" [label="Expr"]
	"Expression310" -> "Expr316"
	"Term317" [label="Term"]
	"Expr316" -> "Term317"
	"Term318" [label="Term"]
	"Term317" -> "Term318"
	"Term319" [label="Term"]
	"Term318" -> "Term319"
	"Expression320" [label="Expression"]
	"Term319" -> "Expression320"
	"Term321" [label="Term"]
	"Expression320" -> "Term321"
	"Term322" [label="Term"]
	"Term321" -> "Term322"
	"Term323" [label="Term"]
	"Term322" -> "Term323"
	"Expression324" [label="Expression"]
	"Term322" -> "Expression324"
	"Term325" [label="Term"]
	"Expression324" -> "Term325"
	"Term326" [label="Term"]
	"Term325" -> "Term326"
	"Term327" [label="Term"]
	"Term326" -> "Term327"
	"Ter328" [label="Ter"]
	"Term325" -> "Ter328"
	"Term329" [label="Term"]
	"Ter328" -> "Term329"
	"Term330" [label="Term"]
	"Term329" -> "Term330"
	"Ter331" [label="Ter"]
	"Ter328" -> "Ter331"
	"e332" [label="e"]
	"Ter331" -> "e332"
	"Expr333" [label="Expr"]
	"Expression324" -> "Expr333"
	"Term334" [label="Term"]
	"Expr333" -> "Term334"
	"Term335" [label="Term"]
	"Term334" -> "Term335"
	"Term336" [label="Term"]
	"Term335" -> "Term336"
	"Ter337" [label="Ter"]
	"Term334" -> "Ter337"
	"e338" [label="e"]
	"Ter337" -> "e338"
	"Expr339" [label="Expr"]
	"Expr333" -> "Expr339"
	"e340" [label="e"]
	"Expr339" -> "e340"
	"Ter341" [label="Ter"]
	"Term321" -> "Ter341"
	"e342" [label="e"]
	"Ter341" -> "e342"
	"Expr343" [label="Expr"]
	"Expression320" -> "Expr343"
	"e344" [label="e"]
	"Expr343" -> "e344"
	"Ter345" [label="Ter"]
	"Term317" -> "Ter345"
	"e346" [label="e"]
	"Ter345" -> "e346"
	"Expr347" [label="Expr"]
	"Expr316" -> "Expr347"
	"Term348" [label="Term"]
	"Expr347" -> "Term348"
	"Term349" [label="Term"]
	"Term348" -> "Term349"
	"Term350" [label="Term"]
	"Term349" -> "Term350"
	"Ter351" [label="Ter"]
	"Term348" -> "Ter351"
	"e352" [label="e"]
	"Ter351" -> "e352"
	"Expr353" [label="Expr"]
	"Expr347" -> "Expr353"
	"e354" [label="e"]
	"Expr353" -> "e354"
	"Statements355" [label="Statements"]
	"Statements299" -> "Statements355"
	"Statement356" [label="Statement"]
	"Statements355" -> "Statement356"
	"Label357" [label="Label"]
	"Statement356" -> "Label357"
	"Statements358" [label="Statements"]
	"Statements355" -> "Statements358"
	"Statement359" [label="Statement"]
	"Statements358" -> "Statement359"
	"Assignment360" [label="Assignment"]
	"Statement359" -> "Assignment360"
	"Expression361" [label="Expression"]
	"Assignment360" -> "Expression361"
	"Term362" [label="Term"]
	"Expression361" -> "Term362"
	"Term363" [label="Term"]
	"Term362" -> "Term363"
	"Term364" [label="Term"]
	"Term363" -> "Term364"
	"Ter365" [label="Ter"]
	"Term362" -> "Ter365"
	"e366" [label="e"]
	"Ter365" -> "e366"
	"Expr367" [label="Expr"]
	"Expression361" -> "Expr367"
	"e368" [label="e"]
	"Expr367" -> "e368"
	"Expression369" [label="Expression"]
	"Assignment360" -> "Expression369"
	"Term370" [label="Term"]
	"Expression369" -> "Term370"
	"Term371" [label="Term"]
	"Term370" -> "Term371"
	"Term372" [label="Term"]
	"Term371" -> "Term372"
	"Ter373" [label="Ter"]
	"Term370" -> "Ter373"
	"e374" [label="e"]
	"Ter373" -> "e374"
	"Expr375" [label="Expr"]
	"Expression369" -> "Expr375"
	"Term376" [label="Term"]
	"Expr375" -> "Term376"
	"Term377" [label="Term"]
	"Term376" -> "Term377"
	"Term378" [label="Term"]
	"Term377" -> "Term378"
	"Expression379" [label="Expression"]
	"Term378" -> "Expression379"
	"Term380" [label="Term"]
	"Expression379" -> "Term380"
	"Term381" [label="Term"]
	"Term380" -> "Term381"
	"Term382" [label="Term"]
	"Term381" -> "Term382"
	"Expression383" [label="Expression"]
	"Term382" -> "Expression383"
	"Term384" [label="Term"]
	"Expression383" -> "Term384"
	"Term385" [label="Term"]
	"Term384" -> "Term385"
	"Term386" [label="Term"]
	"Term385" -> "Term386"
	"Ter387" [label="Ter"]
	"Term384" -> "Ter387"
	"e388" [label="e"]
	"Ter387" -> "e388"
	"Expr389" [label="Expr"]
	"Expression383" -> "Expr389"
	"e390" [label="e"]
	"Expr389" -> "e390"
	"Ter391" [label="Ter"]
	"Term380" -> "Ter391"
	"e392" [label="e"]
	"Ter391" -> "e392"
	"Expr393" [label="Expr"]
	"Expression379" -> "Expr393"
	"Term394" [label="Term"]
	"Expr393" -> "Term394"
	"Term395" [label="Term"]
	"Term394" -> "Term395"
	"Term396" [label="Term"]
	"Term395" -> "Term396"
	"Ter397" [label="Ter"]
	"Term394" -> "Ter397"
	"e398" [label="e"]
	"Ter397" -> "e398"
	"Expr399" [label="Expr"]
	"Expr393" -> "Expr399"
	"e400" [label="e"]
	"Expr399" -> "e400"
	"Ter401" [label="Ter"]
	"Term376" -> "Ter401"
	"e402" [label="e"]
	"Ter401" -> "e402"
	"Expr403" [label="Expr"]
	"Expr375" -> "Expr403"
	"e404" [label="e"]
	"Expr403" -> "e404"
	"Statements405" [label="Statements"]
	"Statements358" -> "Statements405"
	"Statement406" [label="Statement"]
	"Statements405" -> "Statement406"
	"Assignment407" [label="Assignment"]
	"Statement406" -> "Assignment407"
	"Expression408" [label="Expression"]
	"Assignment407" -> "Expression408"
	"Term409" [label="Term"]
	"Expression408" -> "Term409"
	"Term410" [label="Term"]
	"Term409" -> "Term410"
	"Term411" [label="Term"]
	"Term410" -> "Term411"
	"Ter412" [label="Ter"]
	"Term409" -> "Ter412"
	"e413" [label="e"]
	"Ter412" -> "e413"
	"Expr414" [label="Expr"]
	"Expression408" -> "Expr414"
	"e415" [label="e"]
	"Expr414" -> "e415"
	"Expression416" [label="Expression"]
	"Assignment407" -> "Expression416"
	"Term417" [label="Term"]
	"Expression416" -> "Term417"
	"Term418" [label="Term"]
	"Term417" -> "Term418"
	"Term419" [label="Term"]
	"Term418" -> "Term419"
	"Ter420" [label="Ter"]
	"Term417" -> "Ter420"
	"Term421" [label="Term"]
	"Ter420" -> "Term421"
	"Term422" [label="Term"]
	"Term421" -> "Term422"
	"Ter423" [label="Ter"]
	"Ter420" -> "Ter423"
	"Term424" [label="Term"]
	"Ter423" -> "Term424"
	"Term425" [label="Term"]
	"Term424" -> "Term425"
	"Ter426" [label="Ter"]
	"Ter423" -> "Ter426"
	"e427" [label="e"]
	"Ter426" -> "e427"
	"Expr428" [label="Expr"]
	"Expression416" -> "Expr428"
	"e429" [label="e"]
	"Expr428" -> "e429"
	"Statements430" [label="Statements"]
	"Statements405" -> "Statements430"
	"Statement431" [label="Statement"]
	"Statements430" -> "Statement431"
	"Jump432" [label="Jump"]
	"Statement431" -> "Jump432"
	"Statements433" [label="Statements"]
	"Statements430" -> "Statements433"
	"Statement434" [label="Statement"]
	"Statements433" -> "Statement434"
	"Assignment435" [label="Assignment"]
	"Statement434" -> "Assignment435"
	"Expression436" [label="Expression"]
	"Assignment435" -> "Expression436"
	"Term437" [label="Term"]
	"Expression436" -> "Term437"
	"Term438" [label="Term"]
	"Term437" -> "Term438"
	"Term439" [label="Term"]
	"Term438" -> "Term439"
	"Ter440" [label="Ter"]
	"Term437" -> "Ter440"
	"e441" [label="e"]
	"Ter440" -> "e441"
	"Expr442" [label="Expr"]
	"Expression436" -> "Expr442"
	"e443" [label="e"]
	"Expr442" -> "e443"
	"Expression444" [label="Expression"]
	"Assignment435" -> "Expression444"
	"Term445" [label="Term"]
	"Expression444" -> "Term445"
	"Term446" [label="Term"]
	"Term445" -> "Term446"
	"Term447" [label="Term"]
	"Term446" -> "Term447"
	"Ter448" [label="Ter"]
	"Term445" -> "Ter448"
	"e449" [label="e"]
	"Ter448" -> "e449"
	"Expr450" [label="Expr"]
	"Expression444" -> "Expr450"
	"Term451" [label="Term"]
	"Expr450" -> "Term451"
	"Term452" [label="Term"]
	"Term451" -> "Term452"
	"Term453" [label="Term"]
	"Term452" -> "Term453"
	"Expression454" [label="Expression"]
	"Term453" -> "Expression454"
	"Term455" [label="Term"]
	"Expression454" -> "Term455"
	"Term456" [label="Term"]
	"Term455" -> "Term456"
	"Term457" [label="Term"]
	"Term456" -> "Term457"
	"Ter458" [label="Ter"]
	"Term455" -> "Ter458"
	"e459" [label="e"]
	"Ter458" -> "e459"
	"Expr460" [label="Expr"]
	"Expression454" -> "Expr460"
	"e461" [label="e"]
	"Expr460" -> "e461"
	"Ter462" [label="Ter"]
	"Term451" -> "Ter462"
	"e463" [label="e"]
	"Ter462" -> "e463"
	"Expr464" [label="Expr"]
	"Expr450" -> "Expr464"
	"e465" [label="e"]
	"Expr464" -> "e465"
	"Statements466" [label="Statements"]
	"Statements433" -> "Statements466"
	"Statement467" [label="Statement"]
	"Statements466" -> "Statement467"
	"Assignment468" [label="Assignment"]
	"Statement467" -> "Assignment468"
	"Expression469" [label="Expression"]
	"Assignment468" -> "Expression469"
	"Term470" [label="Term"]
	"Expression469" -> "Term470"
	"Term471" [label="Term"]
	"Term470" -> "Term471"
	"Term472" [label="Term"]
	"Term471" -> "Term472"
	"Ter473" [label="Ter"]
	"Term470" -> "Ter473"
	"e474" [label="e"]
	"Ter473" -> "e474"
	"Expr475" [label="Expr"]
	"Expression469" -> "Expr475"
	"e476" [label="e"]
	"Expr475" -> "e476"
	"Expression477" [label="Expression"]
	"Assignment468" -> "Expression477"
	"Term478" [label="Term"]
	"Expression477" -> "Term478"
	"Term479" [label="Term"]
	"Term478" -> "Term479"
	"Term480" [label="Term"]
	"Term479" -> "Term480"
	"Ter481" [label="Ter"]
	"Term478" -> "Ter481"
	"e482" [label="e"]
	"Ter481" -> "e482"
	"Expr483" [label="Expr"]
	"Expression477" -> "Expr483"
	"Term484" [label="Term"]
	"Expr483" -> "Term484"
	"Term485" [label="Term"]
	"Term484" -> "Term485"
	"Term486" [label="Term"]
	"Term485" -> "Term486"
	"Expression487" [label="Expression"]
	"Term486" -> "Expression487"
	"Term488" [label="Term"]
	"Expression487" -> "Term488"
	"Term489" [label="Term"]
	"Term488" -> "Term489"
	"Term490" [label="Term"]
	"Term489" -> "Term490"
	"Ter491" [label="Ter"]
	"Term488" -> "Ter491"
	"e492" [label="e"]
	"Ter491" -> "e492"
	"Expr493" [label="Expr"]
	"Expression487" -> "Expr493"
	"Term494" [label="Term"]
	"Expr493" -> "Term494"
	"Term495" [label="Term"]
	"Term494" -> "Term495"
	"Term496" [label="Term"]
	"Term495" -> "Term496"
	"Ter497" [label="Ter"]
	"Term494" -> "Ter497"
	"e498" [label="e"]
	"Ter497" -> "e498"
	"Expr499" [label="Expr"]
	"Expr493" -> "Expr499"
	"e500" [label="e"]
	"Expr499" -> "e500"
	"Ter501" [label="Ter"]
	"Term484" -> "Ter501"
	"e502" [label="e"]
	"Ter501" -> "e502"
	"Expr503" [label="Expr"]
	"Expr483" -> "Expr503"
	"e504" [label="e"]
	"Expr503" -> "e504"
	"Statements505" [label="Statements"]
	"Statements466" -> "Statements505"
	"Statement506" [label="Statement"]
	"Statements505" -> "Statement506"
	"Assignment507" [label="Assignment"]
	"Statement506" -> "Assignment507"
	"Expression508" [label="Expression"]
	"Assignment507" -> "Expression508"
	"Term509" [label="Term"]
	"Expression508" -> "Term509"
	"Term510" [label="Term"]
	"Term509" -> "Term510"
	"Term511" [label="Term"]
	"Term510" -> "Term511"
	"Ter512" [label="Ter"]
	"Term509" -> "Ter512"
	"e513" [label="e"]
	"Ter512" -> "e513"
	"Expr514" [label="Expr"]
	"Expression508" -> "Expr514"
	"e515" [label="e"]
	"Expr514" -> "e515"
	"Expression516" [label="Expression"]
	"Assignment507" -> "Expression516"
	"Term517" [label="Term"]
	"Expression516" -> "Term517"
	"Term518" [label="Term"]
	"Term517" -> "Term518"
	"Term519" [label="Term"]
	"Term518" -> "Term519"
	"Ter520" [label="Ter"]
	"Term517" -> "Ter520"
	"e521" [label="e"]
	"Ter520" -> "e521"
	"Expr522" [label="Expr"]
	"Expression516" -> "Expr522"
	"Term523" [label="Term"]
	"Expr522" -> "Term523"
	"Term524" [label="Term"]
	"Term523" -> "Term524"
	"Term525" [label="Term"]
	"Term524" -> "Term525"
	"Expression526" [label="Expression"]
	"Term525" -> "Expression526"
	"Term527" [label="Term"]
	"Expression526" -> "Term527"
	"Term528" [label="Term"]
	"Term527" -> "Term528"
	"Term529" [label="Term"]
	"Term528" -> "Term529"
	"Ter530" [label="Ter"]
	"Term527" -> "Ter530"
	"e531" [label="e"]
	"Ter530" -> "e531"
	"Expr532" [label="Expr"]
	"Expression526" -> "Expr532"
	"Term533" [label="Term"]
	"Expr532" -> "Term533"
	"Term534" [label="Term"]
	"Term533" -> "Term534"
	"Term535" [label="Term"]
	"Term534" -> "Term535"
	"Ter536" [label="Ter"]
	"Term533" -> "Ter536"
	"e537" [label="e"]
	"Ter536" -> "e537"
	"Expr538" [label="Expr"]
	"Expr532" -> "Expr538"
	"e539" [label="e"]
	"Expr538" -> "e539"
	"Ter540" [label="Ter"]
	"Term523" -> "Ter540"
	"e541" [label="e"]
	"Ter540" -> "e541"
	"Expr542" [label="Expr"]
	"Expr522" -> "Expr542"
	"e543" [label="e"]
	"Expr542" -> "e543"
	"Statements544" [label="Statements"]
	"Statements505" -> "Statements544"
	"Statement545" [label="Statement"]
	"Statements544" -> "Statement545"
	"Assignment546" [label="Assignment"]
	"Statement545" -> "Assignment546"
	"Expression547" [label="Expression"]
	"Assignment546" -> "Expression547"
	"Term548" [label="Term"]
	"Expression547" -> "Term548"
	"Term549" [label="Term"]
	"Term548" -> "Term549"
	"Term550" [label="Term"]
	"Term549" -> "Term550"
	"Ter551" [label="Ter"]
	"Term548" -> "Ter551"
	"e552" [label="e"]
	"Ter551" -> "e552"
	"Expr553" [label="Expr"]
	"Expression547" -> "Expr553"
	"e554" [label="e"]
	"Expr553" -> "e554"
	"Expression555" [label="Expression"]
	"Assignment546" -> "Expression555"
	"Term556" [label="Term"]
	"Expression555" -> "Term556"
	"Term557" [label="Term"]
	"Term556" -> "Term557"
	"Term558" [label="Term"]
	"Term557" -> "Term558"
	"Ter559" [label="Ter"]
	"Term556" -> "Ter559"
	"e560" [label="e"]
	"Ter559" -> "e560"
	"Expr561" [label="Expr"]
	"Expression555" -> "Expr561"
	"Term562" [label="Term"]
	"Expr561" -> "Term562"
	"Term563" [label="Term"]
	"Term562" -> "Term563"
	"Term564" [label="Term"]
	"Term563" -> "Term564"
	"Expression565" [label="Expression"]
	"Term564" -> "Expression565"
	"Term566" [label="Term"]
	"Expression565" -> "Term566"
	"Term567" [label="Term"]
	"Term566" -> "Term567"
	"Term568" [label="Term"]
	"Term567" -> "Term568"
	"Expression569" [label="Expression"]
	"Term568" -> "Expression569"
	"Term570" [label="Term"]
	"Expression569" -> "Term570"
	"Term571" [label="Term"]
	"Term570" -> "Term571"
	"Term572" [label="Term"]
	"Term571" -> "Term572"
	"Ter573" [label="Ter"]
	"Term570" -> "Ter573"
	"e574" [label="e"]
	"Ter573" -> "e574"
	"Expr575" [label="Expr"]
	"Expression569" -> "Expr575"
	"Term576" [label="Term"]
	"Expr575" -> "Term576"
	"Term577" [label="Term"]
	"Term576" -> "Term577"
	"Term578" [label="Term"]
	"Term577" -> "Term578"
	"Ter579" [label="Ter"]
	"Term576" -> "Ter579"
	"e580" [label="e"]
	"Ter579" -> "e580"
	"Expr581" [label="Expr"]
	"Expr575" -> "Expr581"
	"e582" [label="e"]
	"Expr581" -> "e582"
	"Ter583" [label="Ter"]
	"Term566" -> "Ter583"
	"e584" [label="e"]
	"Ter583" -> "e584"
	"Expr585" [label="Expr"]
	"Expression565" -> "Expr585"
	"e586" [label="e"]
	"Expr585" -> "e586"
	"Ter587" [label="Ter"]
	"Term562" -> "Ter587"
	"e588" [label="e"]
	"Ter587" -> "e588"
	"Expr589" [label="Expr"]
	"Expr561" -> "Expr589"
	"e590" [label="e"]
	"Expr589" -> "e590"
	"Statements591" [label="Statements"]
	"Statements544" -> "Statements591"
	"Statement592" [label="Statement"]
	"Statements591" -> "Statement592"
	"Print593" [label="Print"]
	"Statement592" -> "Print593"
	"Expression594" [label="Expression"]
	"Print593" -> "Expression594"
	"Term595" [label="Term"]
	"Expression594" -> "Term595"
	"Term596" [label="Term"]
	"Term595" -> "Term596"
	"Term597" [label="Term"]
	"Term596" -> "Term597"
	"Expression598" [label="Expression"]
	"Term597" -> "Expression598"
	"Term599" [label="Term"]
	"Expression598" -> "Term599"
	"Term600" [label="Term"]
	"Term599" -> "Term600"
	"Term601" [label="Term"]
	"Term600" -> "Term601"
	"Ter602" [label="Ter"]
	"Term599" -> "Ter602"
	"e603" [label="e"]
	"Ter602" -> "e603"
	"Expr604" [label="Expr"]
	"Expression598" -> "Expr604"
	"e605" [label="e"]
	"Expr604" -> "e605"
	"Ter606" [label="Ter"]
	"Term595" -> "Ter606"
	"e607" [label="e"]
	"Ter606" -> "e607"
	"Expr608" [label="Expr"]
	"Expression594" -> "Expr608"
	"e609" [label="e"]
	"Expr608" -> "e609"
	"Statements610" [label="Statements"]
	"Statements591" -> "Statements610"
	"e611" [label="e"]
	"Statements610" -> "e611"
}
