digraph G {
	"Start1" [label="Start"]
	"Statements2" [label="Statements"]
	"Start1" -> "Statements2"
	"Statement3" [label="Statement"]
	"Statements2" -> "Statement3"
	"Assignment4" [label="Assignment"]
	"Statement3" -> "Assignment4"
	"m5" [label="m",style=filled,fillcolor=powderblue]
	"Assignment4" -> "m5"
	"[6" [label="[",style=filled,fillcolor=powderblue]
	"Assignment4" -> "[6"
	"Expression7" [label="Expression"]
	"Assignment4" -> "Expression7"
	"Term8" [label="Term"]
	"Expression7" -> "Term8"
	"Term9" [label="Term"]
	"Term8" -> "Term9"
	"Term10" [label="Term"]
	"Term9" -> "Term10"
	"num11" [label="num",style=filled,fillcolor=powderblue]
	"Term10" -> "num11"
	"Ter12" [label="Ter"]
	"Term8" -> "Ter12"
	"e13" [label="e"]
	"Ter12" -> "e13"
	"Expr14" [label="Expr"]
	"Expression7" -> "Expr14"
	"e15" [label="e"]
	"Expr14" -> "e15"
	"]16" [label="]",style=filled,fillcolor=powderblue]
	"Assignment4" -> "]16"
	"=17" [label="=",style=filled,fillcolor=powderblue]
	"Assignment4" -> "=17"
	"Expression18" [label="Expression"]
	"Assignment4" -> "Expression18"
	"Term19" [label="Term"]
	"Expression18" -> "Term19"
	"Term20" [label="Term"]
	"Term19" -> "Term20"
	"Term21" [label="Term"]
	"Term20" -> "Term21"
	"num22" [label="num",style=filled,fillcolor=powderblue]
	"Term21" -> "num22"
	"Ter23" [label="Ter"]
	"Term19" -> "Ter23"
	"/24" [label="/",style=filled,fillcolor=powderblue]
	"Ter23" -> "/24"
	"Term25" [label="Term"]
	"Ter23" -> "Term25"
	"Term26" [label="Term"]
	"Term25" -> "Term26"
	"num27" [label="num",style=filled,fillcolor=powderblue]
	"Term26" -> "num27"
	"Ter28" [label="Ter"]
	"Ter23" -> "Ter28"
	"*29" [label="*",style=filled,fillcolor=powderblue]
	"Ter28" -> "*29"
	"Term30" [label="Term"]
	"Ter28" -> "Term30"
	"Term31" [label="Term"]
	"Term30" -> "Term31"
	"num32" [label="num",style=filled,fillcolor=powderblue]
	"Term31" -> "num32"
	"Ter33" [label="Ter"]
	"Ter28" -> "Ter33"
	"e34" [label="e"]
	"Ter33" -> "e34"
	"Expr35" [label="Expr"]
	"Expression18" -> "Expr35"
	"e36" [label="e"]
	"Expr35" -> "e36"
	"Statements37" [label="Statements"]
	"Statements2" -> "Statements37"
	"Statement38" [label="Statement"]
	"Statements37" -> "Statement38"
	"Jump39" [label="Jump"]
	"Statement38" -> "Jump39"
	"goto40" [label="goto",style=filled,fillcolor=powderblue]
	"Jump39" -> "goto40"
	"num41" [label="num",style=filled,fillcolor=powderblue]
	"Jump39" -> "num41"
	"Statements42" [label="Statements"]
	"Statements37" -> "Statements42"
	"Statement43" [label="Statement"]
	"Statements42" -> "Statement43"
	"Assignment44" [label="Assignment"]
	"Statement43" -> "Assignment44"
	"m45" [label="m",style=filled,fillcolor=powderblue]
	"Assignment44" -> "m45"
	"[46" [label="[",style=filled,fillcolor=powderblue]
	"Assignment44" -> "[46"
	"Expression47" [label="Expression"]
	"Assignment44" -> "Expression47"
	"Term48" [label="Term"]
	"Expression47" -> "Term48"
	"Term49" [label="Term"]
	"Term48" -> "Term49"
	"Term50" [label="Term"]
	"Term49" -> "Term50"
	"num51" [label="num",style=filled,fillcolor=powderblue]
	"Term50" -> "num51"
	"Ter52" [label="Ter"]
	"Term48" -> "Ter52"
	"e53" [label="e"]
	"Ter52" -> "e53"
	"Expr54" [label="Expr"]
	"Expression47" -> "Expr54"
	"e55" [label="e"]
	"Expr54" -> "e55"
	"]56" [label="]",style=filled,fillcolor=powderblue]
	"Assignment44" -> "]56"
	"=57" [label="=",style=filled,fillcolor=powderblue]
	"Assignment44" -> "=57"
	"Expression58" [label="Expression"]
	"Assignment44" -> "Expression58"
	"Term59" [label="Term"]
	"Expression58" -> "Term59"
	"Term60" [label="Term"]
	"Term59" -> "Term60"
	"Term61" [label="Term"]
	"Term60" -> "Term61"
	"num62" [label="num",style=filled,fillcolor=powderblue]
	"Term61" -> "num62"
	"Ter63" [label="Ter"]
	"Term59" -> "Ter63"
	"e64" [label="e"]
	"Ter63" -> "e64"
	"Expr65" [label="Expr"]
	"Expression58" -> "Expr65"
	"+66" [label="+",style=filled,fillcolor=powderblue]
	"Expr65" -> "+66"
	"Term67" [label="Term"]
	"Expr65" -> "Term67"
	"Term68" [label="Term"]
	"Term67" -> "Term68"
	"Term69" [label="Term"]
	"Term68" -> "Term69"
	"m70" [label="m",style=filled,fillcolor=powderblue]
	"Term69" -> "m70"
	"[71" [label="[",style=filled,fillcolor=powderblue]
	"Term69" -> "[71"
	"Expression72" [label="Expression"]
	"Term69" -> "Expression72"
	"Term73" [label="Term"]
	"Expression72" -> "Term73"
	"Term74" [label="Term"]
	"Term73" -> "Term74"
	"Term75" [label="Term"]
	"Term74" -> "Term75"
	"num76" [label="num",style=filled,fillcolor=powderblue]
	"Term75" -> "num76"
	"Ter77" [label="Ter"]
	"Term73" -> "Ter77"
	"e78" [label="e"]
	"Ter77" -> "e78"
	"Expr79" [label="Expr"]
	"Expression72" -> "Expr79"
	"e80" [label="e"]
	"Expr79" -> "e80"
	"]81" [label="]",style=filled,fillcolor=powderblue]
	"Term69" -> "]81"
	"Ter82" [label="Ter"]
	"Term67" -> "Ter82"
	"e83" [label="e"]
	"Ter82" -> "e83"
	"Expr84" [label="Expr"]
	"Expr65" -> "Expr84"
	"e85" [label="e"]
	"Expr84" -> "e85"
	"Statements86" [label="Statements"]
	"Statements42" -> "Statements86"
	"Statement87" [label="Statement"]
	"Statements86" -> "Statement87"
	"Assignment88" [label="Assignment"]
	"Statement87" -> "Assignment88"
	"m89" [label="m",style=filled,fillcolor=powderblue]
	"Assignment88" -> "m89"
	"[90" [label="[",style=filled,fillcolor=powderblue]
	"Assignment88" -> "[90"
	"Expression91" [label="Expression"]
	"Assignment88" -> "Expression91"
	"Term92" [label="Term"]
	"Expression91" -> "Term92"
	"Term93" [label="Term"]
	"Term92" -> "Term93"
	"Term94" [label="Term"]
	"Term93" -> "Term94"
	"num95" [label="num",style=filled,fillcolor=powderblue]
	"Term94" -> "num95"
	"Ter96" [label="Ter"]
	"Term92" -> "Ter96"
	"e97" [label="e"]
	"Ter96" -> "e97"
	"Expr98" [label="Expr"]
	"Expression91" -> "Expr98"
	"e99" [label="e"]
	"Expr98" -> "e99"
	"]100" [label="]",style=filled,fillcolor=powderblue]
	"Assignment88" -> "]100"
	"=101" [label="=",style=filled,fillcolor=powderblue]
	"Assignment88" -> "=101"
	"Expression102" [label="Expression"]
	"Assignment88" -> "Expression102"
	"Term103" [label="Term"]
	"Expression102" -> "Term103"
	"Term104" [label="Term"]
	"Term103" -> "Term104"
	"Term105" [label="Term"]
	"Term104" -> "Term105"
	"num106" [label="num",style=filled,fillcolor=powderblue]
	"Term105" -> "num106"
	"Ter107" [label="Ter"]
	"Term103" -> "Ter107"
	"e108" [label="e"]
	"Ter107" -> "e108"
	"Expr109" [label="Expr"]
	"Expression102" -> "Expr109"
	"-110" [label="-",style=filled,fillcolor=powderblue]
	"Expr109" -> "-110"
	"Term111" [label="Term"]
	"Expr109" -> "Term111"
	"Term112" [label="Term"]
	"Term111" -> "Term112"
	"Term113" [label="Term"]
	"Term112" -> "Term113"
	"m114" [label="m",style=filled,fillcolor=powderblue]
	"Term113" -> "m114"
	"[115" [label="[",style=filled,fillcolor=powderblue]
	"Term113" -> "[115"
	"Expression116" [label="Expression"]
	"Term113" -> "Expression116"
	"Term117" [label="Term"]
	"Expression116" -> "Term117"
	"Term118" [label="Term"]
	"Term117" -> "Term118"
	"Term119" [label="Term"]
	"Term118" -> "Term119"
	"num120" [label="num",style=filled,fillcolor=powderblue]
	"Term119" -> "num120"
	"**121" [label="**",style=filled,fillcolor=powderblue]
	"Term118" -> "**121"
	"Expression122" [label="Expression"]
	"Term118" -> "Expression122"
	"Term123" [label="Term"]
	"Expression122" -> "Term123"
	"Term124" [label="Term"]
	"Term123" -> "Term124"
	"Term125" [label="Term"]
	"Term124" -> "Term125"
	"num126" [label="num",style=filled,fillcolor=powderblue]
	"Term125" -> "num126"
	"Ter127" [label="Ter"]
	"Term123" -> "Ter127"
	"*128" [label="*",style=filled,fillcolor=powderblue]
	"Ter127" -> "*128"
	"Term129" [label="Term"]
	"Ter127" -> "Term129"
	"Term130" [label="Term"]
	"Term129" -> "Term130"
	"num131" [label="num",style=filled,fillcolor=powderblue]
	"Term130" -> "num131"
	"Ter132" [label="Ter"]
	"Ter127" -> "Ter132"
	"e133" [label="e"]
	"Ter132" -> "e133"
	"Expr134" [label="Expr"]
	"Expression122" -> "Expr134"
	"-135" [label="-",style=filled,fillcolor=powderblue]
	"Expr134" -> "-135"
	"Term136" [label="Term"]
	"Expr134" -> "Term136"
	"Term137" [label="Term"]
	"Term136" -> "Term137"
	"Term138" [label="Term"]
	"Term137" -> "Term138"
	"num139" [label="num",style=filled,fillcolor=powderblue]
	"Term138" -> "num139"
	"Ter140" [label="Ter"]
	"Term136" -> "Ter140"
	"e141" [label="e"]
	"Ter140" -> "e141"
	"Expr142" [label="Expr"]
	"Expr134" -> "Expr142"
	"e143" [label="e"]
	"Expr142" -> "e143"
	"Ter144" [label="Ter"]
	"Term117" -> "Ter144"
	"e145" [label="e"]
	"Ter144" -> "e145"
	"Expr146" [label="Expr"]
	"Expression116" -> "Expr146"
	"e147" [label="e"]
	"Expr146" -> "e147"
	"]148" [label="]",style=filled,fillcolor=powderblue]
	"Term113" -> "]148"
	"Ter149" [label="Ter"]
	"Term111" -> "Ter149"
	"e150" [label="e"]
	"Ter149" -> "e150"
	"Expr151" [label="Expr"]
	"Expr109" -> "Expr151"
	"-152" [label="-",style=filled,fillcolor=powderblue]
	"Expr151" -> "-152"
	"Term153" [label="Term"]
	"Expr151" -> "Term153"
	"Term154" [label="Term"]
	"Term153" -> "Term154"
	"Term155" [label="Term"]
	"Term154" -> "Term155"
	"num156" [label="num",style=filled,fillcolor=powderblue]
	"Term155" -> "num156"
	"Ter157" [label="Ter"]
	"Term153" -> "Ter157"
	"e158" [label="e"]
	"Ter157" -> "e158"
	"Expr159" [label="Expr"]
	"Expr151" -> "Expr159"
	"e160" [label="e"]
	"Expr159" -> "e160"
	"Statements161" [label="Statements"]
	"Statements86" -> "Statements161"
	"Statement162" [label="Statement"]
	"Statements161" -> "Statement162"
	"Label163" [label="Label"]
	"Statement162" -> "Label163"
	"L164" [label="L",style=filled,fillcolor=powderblue]
	"Label163" -> "L164"
	"num165" [label="num",style=filled,fillcolor=powderblue]
	"Label163" -> "num165"
	":166" [label=":",style=filled,fillcolor=powderblue]
	"Label163" -> ":166"
	"Statements167" [label="Statements"]
	"Statements161" -> "Statements167"
	"Statement168" [label="Statement"]
	"Statements167" -> "Statement168"
	"Assignment169" [label="Assignment"]
	"Statement168" -> "Assignment169"
	"m170" [label="m",style=filled,fillcolor=powderblue]
	"Assignment169" -> "m170"
	"[171" [label="[",style=filled,fillcolor=powderblue]
	"Assignment169" -> "[171"
	"Expression172" [label="Expression"]
	"Assignment169" -> "Expression172"
	"Term173" [label="Term"]
	"Expression172" -> "Term173"
	"Term174" [label="Term"]
	"Term173" -> "Term174"
	"Term175" [label="Term"]
	"Term174" -> "Term175"
	"num176" [label="num",style=filled,fillcolor=powderblue]
	"Term175" -> "num176"
	"Ter177" [label="Ter"]
	"Term173" -> "Ter177"
	"e178" [label="e"]
	"Ter177" -> "e178"
	"Expr179" [label="Expr"]
	"Expression172" -> "Expr179"
	"e180" [label="e"]
	"Expr179" -> "e180"
	"]181" [label="]",style=filled,fillcolor=powderblue]
	"Assignment169" -> "]181"
	"=182" [label="=",style=filled,fillcolor=powderblue]
	"Assignment169" -> "=182"
	"Expression183" [label="Expression"]
	"Assignment169" -> "Expression183"
	"Term184" [label="Term"]
	"Expression183" -> "Term184"
	"Term185" [label="Term"]
	"Term184" -> "Term185"
	"Term186" [label="Term"]
	"Term185" -> "Term186"
	"num187" [label="num",style=filled,fillcolor=powderblue]
	"Term186" -> "num187"
	"Ter188" [label="Ter"]
	"Term184" -> "Ter188"
	"e189" [label="e"]
	"Ter188" -> "e189"
	"Expr190" [label="Expr"]
	"Expression183" -> "Expr190"
	"-191" [label="-",style=filled,fillcolor=powderblue]
	"Expr190" -> "-191"
	"Term192" [label="Term"]
	"Expr190" -> "Term192"
	"Term193" [label="Term"]
	"Term192" -> "Term193"
	"Term194" [label="Term"]
	"Term193" -> "Term194"
	"(195" [label="(",style=filled,fillcolor=powderblue]
	"Term194" -> "(195"
	"Expression196" [label="Expression"]
	"Term194" -> "Expression196"
	"Term197" [label="Term"]
	"Expression196" -> "Term197"
	"Term198" [label="Term"]
	"Term197" -> "Term198"
	"Term199" [label="Term"]
	"Term198" -> "Term199"
	"m200" [label="m",style=filled,fillcolor=powderblue]
	"Term199" -> "m200"
	"[201" [label="[",style=filled,fillcolor=powderblue]
	"Term199" -> "[201"
	"Expression202" [label="Expression"]
	"Term199" -> "Expression202"
	"Term203" [label="Term"]
	"Expression202" -> "Term203"
	"Term204" [label="Term"]
	"Term203" -> "Term204"
	"Term205" [label="Term"]
	"Term204" -> "Term205"
	"num206" [label="num",style=filled,fillcolor=powderblue]
	"Term205" -> "num206"
	"Ter207" [label="Ter"]
	"Term203" -> "Ter207"
	"e208" [label="e"]
	"Ter207" -> "e208"
	"Expr209" [label="Expr"]
	"Expression202" -> "Expr209"
	"e210" [label="e"]
	"Expr209" -> "e210"
	"]211" [label="]",style=filled,fillcolor=powderblue]
	"Term199" -> "]211"
	"Ter212" [label="Ter"]
	"Term197" -> "Ter212"
	"e213" [label="e"]
	"Ter212" -> "e213"
	"Expr214" [label="Expr"]
	"Expression196" -> "Expr214"
	"-215" [label="-",style=filled,fillcolor=powderblue]
	"Expr214" -> "-215"
	"Term216" [label="Term"]
	"Expr214" -> "Term216"
	"Term217" [label="Term"]
	"Term216" -> "Term217"
	"Term218" [label="Term"]
	"Term217" -> "Term218"
	"num219" [label="num",style=filled,fillcolor=powderblue]
	"Term218" -> "num219"
	"Ter220" [label="Ter"]
	"Term216" -> "Ter220"
	"e221" [label="e"]
	"Ter220" -> "e221"
	"Expr222" [label="Expr"]
	"Expr214" -> "Expr222"
	"e223" [label="e"]
	"Expr222" -> "e223"
	")224" [label=")",style=filled,fillcolor=powderblue]
	"Term194" -> ")224"
	"Ter225" [label="Ter"]
	"Term192" -> "Ter225"
	"e226" [label="e"]
	"Ter225" -> "e226"
	"Expr227" [label="Expr"]
	"Expr190" -> "Expr227"
	"e228" [label="e"]
	"Expr227" -> "e228"
	"Statements229" [label="Statements"]
	"Statements167" -> "Statements229"
	"Statement230" [label="Statement"]
	"Statements229" -> "Statement230"
	"Assignment231" [label="Assignment"]
	"Statement230" -> "Assignment231"
	"m232" [label="m",style=filled,fillcolor=powderblue]
	"Assignment231" -> "m232"
	"[233" [label="[",style=filled,fillcolor=powderblue]
	"Assignment231" -> "[233"
	"Expression234" [label="Expression"]
	"Assignment231" -> "Expression234"
	"Term235" [label="Term"]
	"Expression234" -> "Term235"
	"Term236" [label="Term"]
	"Term235" -> "Term236"
	"Term237" [label="Term"]
	"Term236" -> "Term237"
	"num238" [label="num",style=filled,fillcolor=powderblue]
	"Term237" -> "num238"
	"Ter239" [label="Ter"]
	"Term235" -> "Ter239"
	"e240" [label="e"]
	"Ter239" -> "e240"
	"Expr241" [label="Expr"]
	"Expression234" -> "Expr241"
	"e242" [label="e"]
	"Expr241" -> "e242"
	"]243" [label="]",style=filled,fillcolor=powderblue]
	"Assignment231" -> "]243"
	"=244" [label="=",style=filled,fillcolor=powderblue]
	"Assignment231" -> "=244"
	"Expression245" [label="Expression"]
	"Assignment231" -> "Expression245"
	"Term246" [label="Term"]
	"Expression245" -> "Term246"
	"Term247" [label="Term"]
	"Term246" -> "Term247"
	"Term248" [label="Term"]
	"Term247" -> "Term248"
	"num249" [label="num",style=filled,fillcolor=powderblue]
	"Term248" -> "num249"
	"Ter250" [label="Ter"]
	"Term246" -> "Ter250"
	"/251" [label="/",style=filled,fillcolor=powderblue]
	"Ter250" -> "/251"
	"Term252" [label="Term"]
	"Ter250" -> "Term252"
	"Term253" [label="Term"]
	"Term252" -> "Term253"
	"num254" [label="num",style=filled,fillcolor=powderblue]
	"Term253" -> "num254"
	"Ter255" [label="Ter"]
	"Ter250" -> "Ter255"
	"*256" [label="*",style=filled,fillcolor=powderblue]
	"Ter255" -> "*256"
	"Term257" [label="Term"]
	"Ter255" -> "Term257"
	"Term258" [label="Term"]
	"Term257" -> "Term258"
	"num259" [label="num",style=filled,fillcolor=powderblue]
	"Term258" -> "num259"
	"Ter260" [label="Ter"]
	"Ter255" -> "Ter260"
	"e261" [label="e"]
	"Ter260" -> "e261"
	"Expr262" [label="Expr"]
	"Expression245" -> "Expr262"
	"e263" [label="e"]
	"Expr262" -> "e263"
	"Statements264" [label="Statements"]
	"Statements229" -> "Statements264"
	"Statement265" [label="Statement"]
	"Statements264" -> "Statement265"
	"Jump266" [label="Jump"]
	"Statement265" -> "Jump266"
	"goto267" [label="goto",style=filled,fillcolor=powderblue]
	"Jump266" -> "goto267"
	"num268" [label="num",style=filled,fillcolor=powderblue]
	"Jump266" -> "num268"
	"Statements269" [label="Statements"]
	"Statements264" -> "Statements269"
	"Statement270" [label="Statement"]
	"Statements269" -> "Statement270"
	"Assignment271" [label="Assignment"]
	"Statement270" -> "Assignment271"
	"m272" [label="m",style=filled,fillcolor=powderblue]
	"Assignment271" -> "m272"
	"[273" [label="[",style=filled,fillcolor=powderblue]
	"Assignment271" -> "[273"
	"Expression274" [label="Expression"]
	"Assignment271" -> "Expression274"
	"Term275" [label="Term"]
	"Expression274" -> "Term275"
	"Term276" [label="Term"]
	"Term275" -> "Term276"
	"Term277" [label="Term"]
	"Term276" -> "Term277"
	"num278" [label="num",style=filled,fillcolor=powderblue]
	"Term277" -> "num278"
	"Ter279" [label="Ter"]
	"Term275" -> "Ter279"
	"e280" [label="e"]
	"Ter279" -> "e280"
	"Expr281" [label="Expr"]
	"Expression274" -> "Expr281"
	"e282" [label="e"]
	"Expr281" -> "e282"
	"]283" [label="]",style=filled,fillcolor=powderblue]
	"Assignment271" -> "]283"
	"=284" [label="=",style=filled,fillcolor=powderblue]
	"Assignment271" -> "=284"
	"Expression285" [label="Expression"]
	"Assignment271" -> "Expression285"
	"Term286" [label="Term"]
	"Expression285" -> "Term286"
	"Term287" [label="Term"]
	"Term286" -> "Term287"
	"Term288" [label="Term"]
	"Term287" -> "Term288"
	"num289" [label="num",style=filled,fillcolor=powderblue]
	"Term288" -> "num289"
	"Ter290" [label="Ter"]
	"Term286" -> "Ter290"
	"e291" [label="e"]
	"Ter290" -> "e291"
	"Expr292" [label="Expr"]
	"Expression285" -> "Expr292"
	"+293" [label="+",style=filled,fillcolor=powderblue]
	"Expr292" -> "+293"
	"Term294" [label="Term"]
	"Expr292" -> "Term294"
	"Term295" [label="Term"]
	"Term294" -> "Term295"
	"Term296" [label="Term"]
	"Term295" -> "Term296"
	"m297" [label="m",style=filled,fillcolor=powderblue]
	"Term296" -> "m297"
	"[298" [label="[",style=filled,fillcolor=powderblue]
	"Term296" -> "[298"
	"Expression299" [label="Expression"]
	"Term296" -> "Expression299"
	"Term300" [label="Term"]
	"Expression299" -> "Term300"
	"Term301" [label="Term"]
	"Term300" -> "Term301"
	"Term302" [label="Term"]
	"Term301" -> "Term302"
	"num303" [label="num",style=filled,fillcolor=powderblue]
	"Term302" -> "num303"
	"Ter304" [label="Ter"]
	"Term300" -> "Ter304"
	"e305" [label="e"]
	"Ter304" -> "e305"
	"Expr306" [label="Expr"]
	"Expression299" -> "Expr306"
	"e307" [label="e"]
	"Expr306" -> "e307"
	"]308" [label="]",style=filled,fillcolor=powderblue]
	"Term296" -> "]308"
	"Ter309" [label="Ter"]
	"Term294" -> "Ter309"
	"e310" [label="e"]
	"Ter309" -> "e310"
	"Expr311" [label="Expr"]
	"Expr292" -> "Expr311"
	"e312" [label="e"]
	"Expr311" -> "e312"
	"Statements313" [label="Statements"]
	"Statements269" -> "Statements313"
	"Statement314" [label="Statement"]
	"Statements313" -> "Statement314"
	"Jump315" [label="Jump"]
	"Statement314" -> "Jump315"
	"goto316" [label="goto",style=filled,fillcolor=powderblue]
	"Jump315" -> "goto316"
	"num317" [label="num",style=filled,fillcolor=powderblue]
	"Jump315" -> "num317"
	"if318" [label="if",style=filled,fillcolor=powderblue]
	"Jump315" -> "if318"
	"Expression319" [label="Expression"]
	"Jump315" -> "Expression319"
	"Term320" [label="Term"]
	"Expression319" -> "Term320"
	"Term321" [label="Term"]
	"Term320" -> "Term321"
	"Term322" [label="Term"]
	"Term321" -> "Term322"
	"m323" [label="m",style=filled,fillcolor=powderblue]
	"Term322" -> "m323"
	"[324" [label="[",style=filled,fillcolor=powderblue]
	"Term322" -> "[324"
	"Expression325" [label="Expression"]
	"Term322" -> "Expression325"
	"Term326" [label="Term"]
	"Expression325" -> "Term326"
	"Term327" [label="Term"]
	"Term326" -> "Term327"
	"Term328" [label="Term"]
	"Term327" -> "Term328"
	"num329" [label="num",style=filled,fillcolor=powderblue]
	"Term328" -> "num329"
	"Ter330" [label="Ter"]
	"Term326" -> "Ter330"
	"e331" [label="e"]
	"Ter330" -> "e331"
	"Expr332" [label="Expr"]
	"Expression325" -> "Expr332"
	"e333" [label="e"]
	"Expr332" -> "e333"
	"]334" [label="]",style=filled,fillcolor=powderblue]
	"Term322" -> "]334"
	"Ter335" [label="Ter"]
	"Term320" -> "Ter335"
	"e336" [label="e"]
	"Ter335" -> "e336"
	"Expr337" [label="Expr"]
	"Expression319" -> "Expr337"
	"e338" [label="e"]
	"Expr337" -> "e338"
	"Statements339" [label="Statements"]
	"Statements313" -> "Statements339"
	"Statement340" [label="Statement"]
	"Statements339" -> "Statement340"
	"Assignment341" [label="Assignment"]
	"Statement340" -> "Assignment341"
	"m342" [label="m",style=filled,fillcolor=powderblue]
	"Assignment341" -> "m342"
	"[343" [label="[",style=filled,fillcolor=powderblue]
	"Assignment341" -> "[343"
	"Expression344" [label="Expression"]
	"Assignment341" -> "Expression344"
	"Term345" [label="Term"]
	"Expression344" -> "Term345"
	"Term346" [label="Term"]
	"Term345" -> "Term346"
	"Term347" [label="Term"]
	"Term346" -> "Term347"
	"num348" [label="num",style=filled,fillcolor=powderblue]
	"Term347" -> "num348"
	"Ter349" [label="Ter"]
	"Term345" -> "Ter349"
	"e350" [label="e"]
	"Ter349" -> "e350"
	"Expr351" [label="Expr"]
	"Expression344" -> "Expr351"
	"e352" [label="e"]
	"Expr351" -> "e352"
	"]353" [label="]",style=filled,fillcolor=powderblue]
	"Assignment341" -> "]353"
	"=354" [label="=",style=filled,fillcolor=powderblue]
	"Assignment341" -> "=354"
	"Expression355" [label="Expression"]
	"Assignment341" -> "Expression355"
	"Term356" [label="Term"]
	"Expression355" -> "Term356"
	"Term357" [label="Term"]
	"Term356" -> "Term357"
	"Term358" [label="Term"]
	"Term357" -> "Term358"
	"num359" [label="num",style=filled,fillcolor=powderblue]
	"Term358" -> "num359"
	"Ter360" [label="Ter"]
	"Term356" -> "Ter360"
	"e361" [label="e"]
	"Ter360" -> "e361"
	"Expr362" [label="Expr"]
	"Expression355" -> "Expr362"
	"-363" [label="-",style=filled,fillcolor=powderblue]
	"Expr362" -> "-363"
	"Term364" [label="Term"]
	"Expr362" -> "Term364"
	"Term365" [label="Term"]
	"Term364" -> "Term365"
	"Term366" [label="Term"]
	"Term365" -> "Term366"
	"(367" [label="(",style=filled,fillcolor=powderblue]
	"Term366" -> "(367"
	"Expression368" [label="Expression"]
	"Term366" -> "Expression368"
	"Term369" [label="Term"]
	"Expression368" -> "Term369"
	"Term370" [label="Term"]
	"Term369" -> "Term370"
	"Term371" [label="Term"]
	"Term370" -> "Term371"
	"m372" [label="m",style=filled,fillcolor=powderblue]
	"Term371" -> "m372"
	"[373" [label="[",style=filled,fillcolor=powderblue]
	"Term371" -> "[373"
	"Expression374" [label="Expression"]
	"Term371" -> "Expression374"
	"Term375" [label="Term"]
	"Expression374" -> "Term375"
	"Term376" [label="Term"]
	"Term375" -> "Term376"
	"Term377" [label="Term"]
	"Term376" -> "Term377"
	"num378" [label="num",style=filled,fillcolor=powderblue]
	"Term377" -> "num378"
	"Ter379" [label="Ter"]
	"Term375" -> "Ter379"
	"e380" [label="e"]
	"Ter379" -> "e380"
	"Expr381" [label="Expr"]
	"Expression374" -> "Expr381"
	"e382" [label="e"]
	"Expr381" -> "e382"
	"]383" [label="]",style=filled,fillcolor=powderblue]
	"Term371" -> "]383"
	"Ter384" [label="Ter"]
	"Term369" -> "Ter384"
	"e385" [label="e"]
	"Ter384" -> "e385"
	"Expr386" [label="Expr"]
	"Expression368" -> "Expr386"
	"-387" [label="-",style=filled,fillcolor=powderblue]
	"Expr386" -> "-387"
	"Term388" [label="Term"]
	"Expr386" -> "Term388"
	"Term389" [label="Term"]
	"Term388" -> "Term389"
	"Term390" [label="Term"]
	"Term389" -> "Term390"
	"num391" [label="num",style=filled,fillcolor=powderblue]
	"Term390" -> "num391"
	"Ter392" [label="Ter"]
	"Term388" -> "Ter392"
	"e393" [label="e"]
	"Ter392" -> "e393"
	"Expr394" [label="Expr"]
	"Expr386" -> "Expr394"
	"e395" [label="e"]
	"Expr394" -> "e395"
	")396" [label=")",style=filled,fillcolor=powderblue]
	"Term366" -> ")396"
	"Ter397" [label="Ter"]
	"Term364" -> "Ter397"
	"e398" [label="e"]
	"Ter397" -> "e398"
	"Expr399" [label="Expr"]
	"Expr362" -> "Expr399"
	"e400" [label="e"]
	"Expr399" -> "e400"
	"Statements401" [label="Statements"]
	"Statements339" -> "Statements401"
	"Statement402" [label="Statement"]
	"Statements401" -> "Statement402"
	"Assignment403" [label="Assignment"]
	"Statement402" -> "Assignment403"
	"m404" [label="m",style=filled,fillcolor=powderblue]
	"Assignment403" -> "m404"
	"[405" [label="[",style=filled,fillcolor=powderblue]
	"Assignment403" -> "[405"
	"Expression406" [label="Expression"]
	"Assignment403" -> "Expression406"
	"Term407" [label="Term"]
	"Expression406" -> "Term407"
	"Term408" [label="Term"]
	"Term407" -> "Term408"
	"Term409" [label="Term"]
	"Term408" -> "Term409"
	"num410" [label="num",style=filled,fillcolor=powderblue]
	"Term409" -> "num410"
	"Ter411" [label="Ter"]
	"Term407" -> "Ter411"
	"e412" [label="e"]
	"Ter411" -> "e412"
	"Expr413" [label="Expr"]
	"Expression406" -> "Expr413"
	"e414" [label="e"]
	"Expr413" -> "e414"
	"]415" [label="]",style=filled,fillcolor=powderblue]
	"Assignment403" -> "]415"
	"=416" [label="=",style=filled,fillcolor=powderblue]
	"Assignment403" -> "=416"
	"Expression417" [label="Expression"]
	"Assignment403" -> "Expression417"
	"Term418" [label="Term"]
	"Expression417" -> "Term418"
	"Term419" [label="Term"]
	"Term418" -> "Term419"
	"Term420" [label="Term"]
	"Term419" -> "Term420"
	"num421" [label="num",style=filled,fillcolor=powderblue]
	"Term420" -> "num421"
	"Ter422" [label="Ter"]
	"Term418" -> "Ter422"
	"e423" [label="e"]
	"Ter422" -> "e423"
	"Expr424" [label="Expr"]
	"Expression417" -> "Expr424"
	"+425" [label="+",style=filled,fillcolor=powderblue]
	"Expr424" -> "+425"
	"Term426" [label="Term"]
	"Expr424" -> "Term426"
	"Term427" [label="Term"]
	"Term426" -> "Term427"
	"Term428" [label="Term"]
	"Term427" -> "Term428"
	"m429" [label="m",style=filled,fillcolor=powderblue]
	"Term428" -> "m429"
	"[430" [label="[",style=filled,fillcolor=powderblue]
	"Term428" -> "[430"
	"Expression431" [label="Expression"]
	"Term428" -> "Expression431"
	"Term432" [label="Term"]
	"Expression431" -> "Term432"
	"Term433" [label="Term"]
	"Term432" -> "Term433"
	"Term434" [label="Term"]
	"Term433" -> "Term434"
	"num435" [label="num",style=filled,fillcolor=powderblue]
	"Term434" -> "num435"
	"Ter436" [label="Ter"]
	"Term432" -> "Ter436"
	"e437" [label="e"]
	"Ter436" -> "e437"
	"Expr438" [label="Expr"]
	"Expression431" -> "Expr438"
	"e439" [label="e"]
	"Expr438" -> "e439"
	"]440" [label="]",style=filled,fillcolor=powderblue]
	"Term428" -> "]440"
	"Ter441" [label="Ter"]
	"Term426" -> "Ter441"
	"e442" [label="e"]
	"Ter441" -> "e442"
	"Expr443" [label="Expr"]
	"Expr424" -> "Expr443"
	"e444" [label="e"]
	"Expr443" -> "e444"
	"Statements445" [label="Statements"]
	"Statements401" -> "Statements445"
	"Statement446" [label="Statement"]
	"Statements445" -> "Statement446"
	"Jump447" [label="Jump"]
	"Statement446" -> "Jump447"
	"goto448" [label="goto",style=filled,fillcolor=powderblue]
	"Jump447" -> "goto448"
	"num449" [label="num",style=filled,fillcolor=powderblue]
	"Jump447" -> "num449"
	"if450" [label="if",style=filled,fillcolor=powderblue]
	"Jump447" -> "if450"
	"Expression451" [label="Expression"]
	"Jump447" -> "Expression451"
	"Term452" [label="Term"]
	"Expression451" -> "Term452"
	"Term453" [label="Term"]
	"Term452" -> "Term453"
	"Term454" [label="Term"]
	"Term453" -> "Term454"
	"m455" [label="m",style=filled,fillcolor=powderblue]
	"Term454" -> "m455"
	"[456" [label="[",style=filled,fillcolor=powderblue]
	"Term454" -> "[456"
	"Expression457" [label="Expression"]
	"Term454" -> "Expression457"
	"Term458" [label="Term"]
	"Expression457" -> "Term458"
	"Term459" [label="Term"]
	"Term458" -> "Term459"
	"Term460" [label="Term"]
	"Term459" -> "Term460"
	"num461" [label="num",style=filled,fillcolor=powderblue]
	"Term460" -> "num461"
	"Ter462" [label="Ter"]
	"Term458" -> "Ter462"
	"e463" [label="e"]
	"Ter462" -> "e463"
	"Expr464" [label="Expr"]
	"Expression457" -> "Expr464"
	"e465" [label="e"]
	"Expr464" -> "e465"
	"]466" [label="]",style=filled,fillcolor=powderblue]
	"Term454" -> "]466"
	"Ter467" [label="Ter"]
	"Term452" -> "Ter467"
	"e468" [label="e"]
	"Ter467" -> "e468"
	"Expr469" [label="Expr"]
	"Expression451" -> "Expr469"
	"e470" [label="e"]
	"Expr469" -> "e470"
	"Statements471" [label="Statements"]
	"Statements445" -> "Statements471"
	"Statement472" [label="Statement"]
	"Statements471" -> "Statement472"
	"Assignment473" [label="Assignment"]
	"Statement472" -> "Assignment473"
	"m474" [label="m",style=filled,fillcolor=powderblue]
	"Assignment473" -> "m474"
	"[475" [label="[",style=filled,fillcolor=powderblue]
	"Assignment473" -> "[475"
	"Expression476" [label="Expression"]
	"Assignment473" -> "Expression476"
	"Term477" [label="Term"]
	"Expression476" -> "Term477"
	"Term478" [label="Term"]
	"Term477" -> "Term478"
	"Term479" [label="Term"]
	"Term478" -> "Term479"
	"num480" [label="num",style=filled,fillcolor=powderblue]
	"Term479" -> "num480"
	"Ter481" [label="Ter"]
	"Term477" -> "Ter481"
	"e482" [label="e"]
	"Ter481" -> "e482"
	"Expr483" [label="Expr"]
	"Expression476" -> "Expr483"
	"e484" [label="e"]
	"Expr483" -> "e484"
	"]485" [label="]",style=filled,fillcolor=powderblue]
	"Assignment473" -> "]485"
	"=486" [label="=",style=filled,fillcolor=powderblue]
	"Assignment473" -> "=486"
	"Expression487" [label="Expression"]
	"Assignment473" -> "Expression487"
	"Term488" [label="Term"]
	"Expression487" -> "Term488"
	"Term489" [label="Term"]
	"Term488" -> "Term489"
	"Term490" [label="Term"]
	"Term489" -> "Term490"
	"num491" [label="num",style=filled,fillcolor=powderblue]
	"Term490" -> "num491"
	"Ter492" [label="Ter"]
	"Term488" -> "Ter492"
	"e493" [label="e"]
	"Ter492" -> "e493"
	"Expr494" [label="Expr"]
	"Expression487" -> "Expr494"
	"-495" [label="-",style=filled,fillcolor=powderblue]
	"Expr494" -> "-495"
	"Term496" [label="Term"]
	"Expr494" -> "Term496"
	"Term497" [label="Term"]
	"Term496" -> "Term497"
	"Term498" [label="Term"]
	"Term497" -> "Term498"
	"m499" [label="m",style=filled,fillcolor=powderblue]
	"Term498" -> "m499"
	"[500" [label="[",style=filled,fillcolor=powderblue]
	"Term498" -> "[500"
	"Expression501" [label="Expression"]
	"Term498" -> "Expression501"
	"Term502" [label="Term"]
	"Expression501" -> "Term502"
	"Term503" [label="Term"]
	"Term502" -> "Term503"
	"Term504" [label="Term"]
	"Term503" -> "Term504"
	"num505" [label="num",style=filled,fillcolor=powderblue]
	"Term504" -> "num505"
	"**506" [label="**",style=filled,fillcolor=powderblue]
	"Term503" -> "**506"
	"Expression507" [label="Expression"]
	"Term503" -> "Expression507"
	"Term508" [label="Term"]
	"Expression507" -> "Term508"
	"Term509" [label="Term"]
	"Term508" -> "Term509"
	"Term510" [label="Term"]
	"Term509" -> "Term510"
	"num511" [label="num",style=filled,fillcolor=powderblue]
	"Term510" -> "num511"
	"Ter512" [label="Ter"]
	"Term508" -> "Ter512"
	"*513" [label="*",style=filled,fillcolor=powderblue]
	"Ter512" -> "*513"
	"Term514" [label="Term"]
	"Ter512" -> "Term514"
	"Term515" [label="Term"]
	"Term514" -> "Term515"
	"num516" [label="num",style=filled,fillcolor=powderblue]
	"Term515" -> "num516"
	"Ter517" [label="Ter"]
	"Ter512" -> "Ter517"
	"e518" [label="e"]
	"Ter517" -> "e518"
	"Expr519" [label="Expr"]
	"Expression507" -> "Expr519"
	"-520" [label="-",style=filled,fillcolor=powderblue]
	"Expr519" -> "-520"
	"Term521" [label="Term"]
	"Expr519" -> "Term521"
	"Term522" [label="Term"]
	"Term521" -> "Term522"
	"Term523" [label="Term"]
	"Term522" -> "Term523"
	"num524" [label="num",style=filled,fillcolor=powderblue]
	"Term523" -> "num524"
	"Ter525" [label="Ter"]
	"Term521" -> "Ter525"
	"e526" [label="e"]
	"Ter525" -> "e526"
	"Expr527" [label="Expr"]
	"Expr519" -> "Expr527"
	"e528" [label="e"]
	"Expr527" -> "e528"
	"Ter529" [label="Ter"]
	"Term502" -> "Ter529"
	"e530" [label="e"]
	"Ter529" -> "e530"
	"Expr531" [label="Expr"]
	"Expression501" -> "Expr531"
	"e532" [label="e"]
	"Expr531" -> "e532"
	"]533" [label="]",style=filled,fillcolor=powderblue]
	"Term498" -> "]533"
	"Ter534" [label="Ter"]
	"Term496" -> "Ter534"
	"e535" [label="e"]
	"Ter534" -> "e535"
	"Expr536" [label="Expr"]
	"Expr494" -> "Expr536"
	"-537" [label="-",style=filled,fillcolor=powderblue]
	"Expr536" -> "-537"
	"Term538" [label="Term"]
	"Expr536" -> "Term538"
	"Term539" [label="Term"]
	"Term538" -> "Term539"
	"Term540" [label="Term"]
	"Term539" -> "Term540"
	"num541" [label="num",style=filled,fillcolor=powderblue]
	"Term540" -> "num541"
	"Ter542" [label="Ter"]
	"Term538" -> "Ter542"
	"e543" [label="e"]
	"Ter542" -> "e543"
	"Expr544" [label="Expr"]
	"Expr536" -> "Expr544"
	"e545" [label="e"]
	"Expr544" -> "e545"
	"Statements546" [label="Statements"]
	"Statements471" -> "Statements546"
	"Statement547" [label="Statement"]
	"Statements546" -> "Statement547"
	"Label548" [label="Label"]
	"Statement547" -> "Label548"
	"L549" [label="L",style=filled,fillcolor=powderblue]
	"Label548" -> "L549"
	"num550" [label="num",style=filled,fillcolor=powderblue]
	"Label548" -> "num550"
	":551" [label=":",style=filled,fillcolor=powderblue]
	"Label548" -> ":551"
	"Statements552" [label="Statements"]
	"Statements546" -> "Statements552"
	"Statement553" [label="Statement"]
	"Statements552" -> "Statement553"
	"Assignment554" [label="Assignment"]
	"Statement553" -> "Assignment554"
	"m555" [label="m",style=filled,fillcolor=powderblue]
	"Assignment554" -> "m555"
	"[556" [label="[",style=filled,fillcolor=powderblue]
	"Assignment554" -> "[556"
	"Expression557" [label="Expression"]
	"Assignment554" -> "Expression557"
	"Term558" [label="Term"]
	"Expression557" -> "Term558"
	"Term559" [label="Term"]
	"Term558" -> "Term559"
	"Term560" [label="Term"]
	"Term559" -> "Term560"
	"num561" [label="num",style=filled,fillcolor=powderblue]
	"Term560" -> "num561"
	"Ter562" [label="Ter"]
	"Term558" -> "Ter562"
	"e563" [label="e"]
	"Ter562" -> "e563"
	"Expr564" [label="Expr"]
	"Expression557" -> "Expr564"
	"e565" [label="e"]
	"Expr564" -> "e565"
	"]566" [label="]",style=filled,fillcolor=powderblue]
	"Assignment554" -> "]566"
	"=567" [label="=",style=filled,fillcolor=powderblue]
	"Assignment554" -> "=567"
	"Expression568" [label="Expression"]
	"Assignment554" -> "Expression568"
	"Term569" [label="Term"]
	"Expression568" -> "Term569"
	"Term570" [label="Term"]
	"Term569" -> "Term570"
	"Term571" [label="Term"]
	"Term570" -> "Term571"
	"num572" [label="num",style=filled,fillcolor=powderblue]
	"Term571" -> "num572"
	"Ter573" [label="Ter"]
	"Term569" -> "Ter573"
	"e574" [label="e"]
	"Ter573" -> "e574"
	"Expr575" [label="Expr"]
	"Expression568" -> "Expr575"
	"-576" [label="-",style=filled,fillcolor=powderblue]
	"Expr575" -> "-576"
	"Term577" [label="Term"]
	"Expr575" -> "Term577"
	"Term578" [label="Term"]
	"Term577" -> "Term578"
	"Term579" [label="Term"]
	"Term578" -> "Term579"
	"(580" [label="(",style=filled,fillcolor=powderblue]
	"Term579" -> "(580"
	"Expression581" [label="Expression"]
	"Term579" -> "Expression581"
	"Term582" [label="Term"]
	"Expression581" -> "Term582"
	"Term583" [label="Term"]
	"Term582" -> "Term583"
	"Term584" [label="Term"]
	"Term583" -> "Term584"
	"m585" [label="m",style=filled,fillcolor=powderblue]
	"Term584" -> "m585"
	"[586" [label="[",style=filled,fillcolor=powderblue]
	"Term584" -> "[586"
	"Expression587" [label="Expression"]
	"Term584" -> "Expression587"
	"Term588" [label="Term"]
	"Expression587" -> "Term588"
	"Term589" [label="Term"]
	"Term588" -> "Term589"
	"Term590" [label="Term"]
	"Term589" -> "Term590"
	"num591" [label="num",style=filled,fillcolor=powderblue]
	"Term590" -> "num591"
	"Ter592" [label="Ter"]
	"Term588" -> "Ter592"
	"e593" [label="e"]
	"Ter592" -> "e593"
	"Expr594" [label="Expr"]
	"Expression587" -> "Expr594"
	"e595" [label="e"]
	"Expr594" -> "e595"
	"]596" [label="]",style=filled,fillcolor=powderblue]
	"Term584" -> "]596"
	"Ter597" [label="Ter"]
	"Term582" -> "Ter597"
	"e598" [label="e"]
	"Ter597" -> "e598"
	"Expr599" [label="Expr"]
	"Expression581" -> "Expr599"
	"-600" [label="-",style=filled,fillcolor=powderblue]
	"Expr599" -> "-600"
	"Term601" [label="Term"]
	"Expr599" -> "Term601"
	"Term602" [label="Term"]
	"Term601" -> "Term602"
	"Term603" [label="Term"]
	"Term602" -> "Term603"
	"num604" [label="num",style=filled,fillcolor=powderblue]
	"Term603" -> "num604"
	"Ter605" [label="Ter"]
	"Term601" -> "Ter605"
	"e606" [label="e"]
	"Ter605" -> "e606"
	"Expr607" [label="Expr"]
	"Expr599" -> "Expr607"
	"e608" [label="e"]
	"Expr607" -> "e608"
	")609" [label=")",style=filled,fillcolor=powderblue]
	"Term579" -> ")609"
	"Ter610" [label="Ter"]
	"Term577" -> "Ter610"
	"e611" [label="e"]
	"Ter610" -> "e611"
	"Expr612" [label="Expr"]
	"Expr575" -> "Expr612"
	"e613" [label="e"]
	"Expr612" -> "e613"
	"Statements614" [label="Statements"]
	"Statements552" -> "Statements614"
	"Statement615" [label="Statement"]
	"Statements614" -> "Statement615"
	"Assignment616" [label="Assignment"]
	"Statement615" -> "Assignment616"
	"m617" [label="m",style=filled,fillcolor=powderblue]
	"Assignment616" -> "m617"
	"[618" [label="[",style=filled,fillcolor=powderblue]
	"Assignment616" -> "[618"
	"Expression619" [label="Expression"]
	"Assignment616" -> "Expression619"
	"Term620" [label="Term"]
	"Expression619" -> "Term620"
	"Term621" [label="Term"]
	"Term620" -> "Term621"
	"Term622" [label="Term"]
	"Term621" -> "Term622"
	"num623" [label="num",style=filled,fillcolor=powderblue]
	"Term622" -> "num623"
	"Ter624" [label="Ter"]
	"Term620" -> "Ter624"
	"e625" [label="e"]
	"Ter624" -> "e625"
	"Expr626" [label="Expr"]
	"Expression619" -> "Expr626"
	"e627" [label="e"]
	"Expr626" -> "e627"
	"]628" [label="]",style=filled,fillcolor=powderblue]
	"Assignment616" -> "]628"
	"=629" [label="=",style=filled,fillcolor=powderblue]
	"Assignment616" -> "=629"
	"Expression630" [label="Expression"]
	"Assignment616" -> "Expression630"
	"Term631" [label="Term"]
	"Expression630" -> "Term631"
	"Term632" [label="Term"]
	"Term631" -> "Term632"
	"Term633" [label="Term"]
	"Term632" -> "Term633"
	"num634" [label="num",style=filled,fillcolor=powderblue]
	"Term633" -> "num634"
	"Ter635" [label="Ter"]
	"Term631" -> "Ter635"
	"/636" [label="/",style=filled,fillcolor=powderblue]
	"Ter635" -> "/636"
	"Term637" [label="Term"]
	"Ter635" -> "Term637"
	"Term638" [label="Term"]
	"Term637" -> "Term638"
	"num639" [label="num",style=filled,fillcolor=powderblue]
	"Term638" -> "num639"
	"Ter640" [label="Ter"]
	"Ter635" -> "Ter640"
	"*641" [label="*",style=filled,fillcolor=powderblue]
	"Ter640" -> "*641"
	"Term642" [label="Term"]
	"Ter640" -> "Term642"
	"Term643" [label="Term"]
	"Term642" -> "Term643"
	"num644" [label="num",style=filled,fillcolor=powderblue]
	"Term643" -> "num644"
	"Ter645" [label="Ter"]
	"Ter640" -> "Ter645"
	"e646" [label="e"]
	"Ter645" -> "e646"
	"Expr647" [label="Expr"]
	"Expression630" -> "Expr647"
	"e648" [label="e"]
	"Expr647" -> "e648"
	"Statements649" [label="Statements"]
	"Statements614" -> "Statements649"
	"e650" [label="e"]
	"Statements649" -> "e650"
}
