digraph G {
	"Start1" [label="Start"]
	"Statements2" [label="Statements"]
	"Start1" -> "Statements2"
	"Statement3" [label="Statement"]
	"Statements2" -> "Statement3"
	"Assignment4" [label="Assignment"]
	"Statement3" -> "Assignment4"
	"Expression5" [label="Expression"]
	"Assignment4" -> "Expression5"
	"Term6" [label="Term"]
	"Expression5" -> "Term6"
	"Term7" [label="Term"]
	"Term6" -> "Term7"
	"Term8" [label="Term"]
	"Term7" -> "Term8"
	"Ter9" [label="Ter"]
	"Term6" -> "Ter9"
	"e10" [label="e"]
	"Ter9" -> "e10"
	"Expr11" [label="Expr"]
	"Expression5" -> "Expr11"
	"e12" [label="e"]
	"Expr11" -> "e12"
	"Expression13" [label="Expression"]
	"Assignment4" -> "Expression13"
	"Term14" [label="Term"]
	"Expression13" -> "Term14"
	"Term15" [label="Term"]
	"Term14" -> "Term15"
	"Term16" [label="Term"]
	"Term15" -> "Term16"
	"Ter17" [label="Ter"]
	"Term14" -> "Ter17"
	"Term18" [label="Term"]
	"Ter17" -> "Term18"
	"Term19" [label="Term"]
	"Term18" -> "Term19"
	"Ter20" [label="Ter"]
	"Ter17" -> "Ter20"
	"Term21" [label="Term"]
	"Ter20" -> "Term21"
	"Term22" [label="Term"]
	"Term21" -> "Term22"
	"Ter23" [label="Ter"]
	"Ter20" -> "Ter23"
	"e24" [label="e"]
	"Ter23" -> "e24"
	"Expr25" [label="Expr"]
	"Expression13" -> "Expr25"
	"e26" [label="e"]
	"Expr25" -> "e26"
	"Statements27" [label="Statements"]
	"Statements2" -> "Statements27"
	"Statement28" [label="Statement"]
	"Statements27" -> "Statement28"
	"Assignment29" [label="Assignment"]
	"Statement28" -> "Assignment29"
	"Expression30" [label="Expression"]
	"Assignment29" -> "Expression30"
	"Term31" [label="Term"]
	"Expression30" -> "Term31"
	"Term32" [label="Term"]
	"Term31" -> "Term32"
	"Term33" [label="Term"]
	"Term32" -> "Term33"
	"Ter34" [label="Ter"]
	"Term31" -> "Ter34"
	"e35" [label="e"]
	"Ter34" -> "e35"
	"Expr36" [label="Expr"]
	"Expression30" -> "Expr36"
	"e37" [label="e"]
	"Expr36" -> "e37"
	"Expression38" [label="Expression"]
	"Assignment29" -> "Expression38"
	"Term39" [label="Term"]
	"Expression38" -> "Term39"
	"Term40" [label="Term"]
	"Term39" -> "Term40"
	"Term41" [label="Term"]
	"Term40" -> "Term41"
	"Ter42" [label="Ter"]
	"Term39" -> "Ter42"
	"Term43" [label="Term"]
	"Ter42" -> "Term43"
	"Term44" [label="Term"]
	"Term43" -> "Term44"
	"Ter45" [label="Ter"]
	"Ter42" -> "Ter45"
	"Term46" [label="Term"]
	"Ter45" -> "Term46"
	"Term47" [label="Term"]
	"Term46" -> "Term47"
	"Ter48" [label="Ter"]
	"Ter45" -> "Ter48"
	"e49" [label="e"]
	"Ter48" -> "e49"
	"Expr50" [label="Expr"]
	"Expression38" -> "Expr50"
	"e51" [label="e"]
	"Expr50" -> "e51"
	"Statements52" [label="Statements"]
	"Statements27" -> "Statements52"
	"Statement53" [label="Statement"]
	"Statements52" -> "Statement53"
	"Jump54" [label="Jump"]
	"Statement53" -> "Jump54"
	"Statements55" [label="Statements"]
	"Statements52" -> "Statements55"
	"Statement56" [label="Statement"]
	"Statements55" -> "Statement56"
	"Assignment57" [label="Assignment"]
	"Statement56" -> "Assignment57"
	"Expression58" [label="Expression"]
	"Assignment57" -> "Expression58"
	"Term59" [label="Term"]
	"Expression58" -> "Term59"
	"Term60" [label="Term"]
	"Term59" -> "Term60"
	"Term61" [label="Term"]
	"Term60" -> "Term61"
	"Ter62" [label="Ter"]
	"Term59" -> "Ter62"
	"e63" [label="e"]
	"Ter62" -> "e63"
	"Expr64" [label="Expr"]
	"Expression58" -> "Expr64"
	"e65" [label="e"]
	"Expr64" -> "e65"
	"Expression66" [label="Expression"]
	"Assignment57" -> "Expression66"
	"Term67" [label="Term"]
	"Expression66" -> "Term67"
	"Term68" [label="Term"]
	"Term67" -> "Term68"
	"Term69" [label="Term"]
	"Term68" -> "Term69"
	"Ter70" [label="Ter"]
	"Term67" -> "Ter70"
	"e71" [label="e"]
	"Ter70" -> "e71"
	"Expr72" [label="Expr"]
	"Expression66" -> "Expr72"
	"Term73" [label="Term"]
	"Expr72" -> "Term73"
	"Term74" [label="Term"]
	"Term73" -> "Term74"
	"Term75" [label="Term"]
	"Term74" -> "Term75"
	"Expression76" [label="Expression"]
	"Term75" -> "Expression76"
	"Term77" [label="Term"]
	"Expression76" -> "Term77"
	"Term78" [label="Term"]
	"Term77" -> "Term78"
	"Term79" [label="Term"]
	"Term78" -> "Term79"
	"Ter80" [label="Ter"]
	"Term77" -> "Ter80"
	"e81" [label="e"]
	"Ter80" -> "e81"
	"Expr82" [label="Expr"]
	"Expression76" -> "Expr82"
	"e83" [label="e"]
	"Expr82" -> "e83"
	"Ter84" [label="Ter"]
	"Term73" -> "Ter84"
	"e85" [label="e"]
	"Ter84" -> "e85"
	"Expr86" [label="Expr"]
	"Expr72" -> "Expr86"
	"e87" [label="e"]
	"Expr86" -> "e87"
	"Statements88" [label="Statements"]
	"Statements55" -> "Statements88"
	"Statement89" [label="Statement"]
	"Statements88" -> "Statement89"
	"Assignment90" [label="Assignment"]
	"Statement89" -> "Assignment90"
	"Expression91" [label="Expression"]
	"Assignment90" -> "Expression91"
	"Term92" [label="Term"]
	"Expression91" -> "Term92"
	"Term93" [label="Term"]
	"Term92" -> "Term93"
	"Term94" [label="Term"]
	"Term93" -> "Term94"
	"Ter95" [label="Ter"]
	"Term92" -> "Ter95"
	"e96" [label="e"]
	"Ter95" -> "e96"
	"Expr97" [label="Expr"]
	"Expression91" -> "Expr97"
	"e98" [label="e"]
	"Expr97" -> "e98"
	"Expression99" [label="Expression"]
	"Assignment90" -> "Expression99"
	"Term100" [label="Term"]
	"Expression99" -> "Term100"
	"Term101" [label="Term"]
	"Term100" -> "Term101"
	"Term102" [label="Term"]
	"Term101" -> "Term102"
	"Ter103" [label="Ter"]
	"Term100" -> "Ter103"
	"e104" [label="e"]
	"Ter103" -> "e104"
	"Expr105" [label="Expr"]
	"Expression99" -> "Expr105"
	"Term106" [label="Term"]
	"Expr105" -> "Term106"
	"Term107" [label="Term"]
	"Term106" -> "Term107"
	"Term108" [label="Term"]
	"Term107" -> "Term108"
	"Expression109" [label="Expression"]
	"Term108" -> "Expression109"
	"Term110" [label="Term"]
	"Expression109" -> "Term110"
	"Term111" [label="Term"]
	"Term110" -> "Term111"
	"Term112" [label="Term"]
	"Term111" -> "Term112"
	"Expression113" [label="Expression"]
	"Term111" -> "Expression113"
	"Term114" [label="Term"]
	"Expression113" -> "Term114"
	"Term115" [label="Term"]
	"Term114" -> "Term115"
	"Term116" [label="Term"]
	"Term115" -> "Term116"
	"Ter117" [label="Ter"]
	"Term114" -> "Ter117"
	"e118" [label="e"]
	"Ter117" -> "e118"
	"Expr119" [label="Expr"]
	"Expression113" -> "Expr119"
	"Term120" [label="Term"]
	"Expr119" -> "Term120"
	"Term121" [label="Term"]
	"Term120" -> "Term121"
	"Term122" [label="Term"]
	"Term121" -> "Term122"
	"Ter123" [label="Ter"]
	"Term120" -> "Ter123"
	"e124" [label="e"]
	"Ter123" -> "e124"
	"Expr125" [label="Expr"]
	"Expr119" -> "Expr125"
	"e126" [label="e"]
	"Expr125" -> "e126"
	"Ter127" [label="Ter"]
	"Term110" -> "Ter127"
	"e128" [label="e"]
	"Ter127" -> "e128"
	"Expr129" [label="Expr"]
	"Expression109" -> "Expr129"
	"e130" [label="e"]
	"Expr129" -> "e130"
	"Ter131" [label="Ter"]
	"Term106" -> "Ter131"
	"e132" [label="e"]
	"Ter131" -> "e132"
	"Expr133" [label="Expr"]
	"Expr105" -> "Expr133"
	"Term134" [label="Term"]
	"Expr133" -> "Term134"
	"Term135" [label="Term"]
	"Term134" -> "Term135"
	"Term136" [label="Term"]
	"Term135" -> "Term136"
	"Ter137" [label="Ter"]
	"Term134" -> "Ter137"
	"e138" [label="e"]
	"Ter137" -> "e138"
	"Expr139" [label="Expr"]
	"Expr133" -> "Expr139"
	"e140" [label="e"]
	"Expr139" -> "e140"
	"Statements141" [label="Statements"]
	"Statements88" -> "Statements141"
	"Statement142" [label="Statement"]
	"Statements141" -> "Statement142"
	"Label143" [label="Label"]
	"Statement142" -> "Label143"
	"Statements144" [label="Statements"]
	"Statements141" -> "Statements144"
	"Statement145" [label="Statement"]
	"Statements144" -> "Statement145"
	"Assignment146" [label="Assignment"]
	"Statement145" -> "Assignment146"
	"Expression147" [label="Expression"]
	"Assignment146" -> "Expression147"
	"Term148" [label="Term"]
	"Expression147" -> "Term148"
	"Term149" [label="Term"]
	"Term148" -> "Term149"
	"Term150" [label="Term"]
	"Term149" -> "Term150"
	"Ter151" [label="Ter"]
	"Term148" -> "Ter151"
	"e152" [label="e"]
	"Ter151" -> "e152"
	"Expr153" [label="Expr"]
	"Expression147" -> "Expr153"
	"e154" [label="e"]
	"Expr153" -> "e154"
	"Expression155" [label="Expression"]
	"Assignment146" -> "Expression155"
	"Term156" [label="Term"]
	"Expression155" -> "Term156"
	"Term157" [label="Term"]
	"Term156" -> "Term157"
	"Term158" [label="Term"]
	"Term157" -> "Term158"
	"Ter159" [label="Ter"]
	"Term156" -> "Ter159"
	"e160" [label="e"]
	"Ter159" -> "e160"
	"Expr161" [label="Expr"]
	"Expression155" -> "Expr161"
	"Term162" [label="Term"]
	"Expr161" -> "Term162"
	"Term163" [label="Term"]
	"Term162" -> "Term163"
	"Term164" [label="Term"]
	"Term163" -> "Term164"
	"Expression165" [label="Expression"]
	"Term164" -> "Expression165"
	"Term166" [label="Term"]
	"Expression165" -> "Term166"
	"Term167" [label="Term"]
	"Term166" -> "Term167"
	"Term168" [label="Term"]
	"Term167" -> "Term168"
	"Expression169" [label="Expression"]
	"Term168" -> "Expression169"
	"Term170" [label="Term"]
	"Expression169" -> "Term170"
	"Term171" [label="Term"]
	"Term170" -> "Term171"
	"Term172" [label="Term"]
	"Term171" -> "Term172"
	"Ter173" [label="Ter"]
	"Term170" -> "Ter173"
	"e174" [label="e"]
	"Ter173" -> "e174"
	"Expr175" [label="Expr"]
	"Expression169" -> "Expr175"
	"e176" [label="e"]
	"Expr175" -> "e176"
	"Ter177" [label="Ter"]
	"Term166" -> "Ter177"
	"e178" [label="e"]
	"Ter177" -> "e178"
	"Expr179" [label="Expr"]
	"Expression165" -> "Expr179"
	"Term180" [label="Term"]
	"Expr179" -> "Term180"
	"Term181" [label="Term"]
	"Term180" -> "Term181"
	"Term182" [label="Term"]
	"Term181" -> "Term182"
	"Ter183" [label="Ter"]
	"Term180" -> "Ter183"
	"e184" [label="e"]
	"Ter183" -> "e184"
	"Expr185" [label="Expr"]
	"Expr179" -> "Expr185"
	"e186" [label="e"]
	"Expr185" -> "e186"
	"Ter187" [label="Ter"]
	"Term162" -> "Ter187"
	"e188" [label="e"]
	"Ter187" -> "e188"
	"Expr189" [label="Expr"]
	"Expr161" -> "Expr189"
	"e190" [label="e"]
	"Expr189" -> "e190"
	"Statements191" [label="Statements"]
	"Statements144" -> "Statements191"
	"Statement192" [label="Statement"]
	"Statements191" -> "Statement192"
	"Assignment193" [label="Assignment"]
	"Statement192" -> "Assignment193"
	"Expression194" [label="Expression"]
	"Assignment193" -> "Expression194"
	"Term195" [label="Term"]
	"Expression194" -> "Term195"
	"Term196" [label="Term"]
	"Term195" -> "Term196"
	"Term197" [label="Term"]
	"Term196" -> "Term197"
	"Ter198" [label="Ter"]
	"Term195" -> "Ter198"
	"e199" [label="e"]
	"Ter198" -> "e199"
	"Expr200" [label="Expr"]
	"Expression194" -> "Expr200"
	"e201" [label="e"]
	"Expr200" -> "e201"
	"Expression202" [label="Expression"]
	"Assignment193" -> "Expression202"
	"Term203" [label="Term"]
	"Expression202" -> "Term203"
	"Term204" [label="Term"]
	"Term203" -> "Term204"
	"Term205" [label="Term"]
	"Term204" -> "Term205"
	"Ter206" [label="Ter"]
	"Term203" -> "Ter206"
	"e207" [label="e"]
	"Ter206" -> "e207"
	"Expr208" [label="Expr"]
	"Expression202" -> "Expr208"
	"Term209" [label="Term"]
	"Expr208" -> "Term209"
	"Term210" [label="Term"]
	"Term209" -> "Term210"
	"Term211" [label="Term"]
	"Term210" -> "Term211"
	"Expression212" [label="Expression"]
	"Term211" -> "Expression212"
	"Term213" [label="Term"]
	"Expression212" -> "Term213"
	"Term214" [label="Term"]
	"Term213" -> "Term214"
	"Term215" [label="Term"]
	"Term214" -> "Term215"
	"Ter216" [label="Ter"]
	"Term213" -> "Ter216"
	"e217" [label="e"]
	"Ter216" -> "e217"
	"Expr218" [label="Expr"]
	"Expression212" -> "Expr218"
	"e219" [label="e"]
	"Expr218" -> "e219"
	"Ter220" [label="Ter"]
	"Term209" -> "Ter220"
	"e221" [label="e"]
	"Ter220" -> "e221"
	"Expr222" [label="Expr"]
	"Expr208" -> "Expr222"
	"e223" [label="e"]
	"Expr222" -> "e223"
	"Statements224" [label="Statements"]
	"Statements191" -> "Statements224"
	"Statement225" [label="Statement"]
	"Statements224" -> "Statement225"
	"Assignment226" [label="Assignment"]
	"Statement225" -> "Assignment226"
	"Expression227" [label="Expression"]
	"Assignment226" -> "Expression227"
	"Term228" [label="Term"]
	"Expression227" -> "Term228"
	"Term229" [label="Term"]
	"Term228" -> "Term229"
	"Term230" [label="Term"]
	"Term229" -> "Term230"
	"Ter231" [label="Ter"]
	"Term228" -> "Ter231"
	"e232" [label="e"]
	"Ter231" -> "e232"
	"Expr233" [label="Expr"]
	"Expression227" -> "Expr233"
	"e234" [label="e"]
	"Expr233" -> "e234"
	"Expression235" [label="Expression"]
	"Assignment226" -> "Expression235"
	"Term236" [label="Term"]
	"Expression235" -> "Term236"
	"Term237" [label="Term"]
	"Term236" -> "Term237"
	"Term238" [label="Term"]
	"Term237" -> "Term238"
	"Ter239" [label="Ter"]
	"Term236" -> "Ter239"
	"e240" [label="e"]
	"Ter239" -> "e240"
	"Expr241" [label="Expr"]
	"Expression235" -> "Expr241"
	"Term242" [label="Term"]
	"Expr241" -> "Term242"
	"Term243" [label="Term"]
	"Term242" -> "Term243"
	"Term244" [label="Term"]
	"Term243" -> "Term244"
	"Expression245" [label="Expression"]
	"Term244" -> "Expression245"
	"Term246" [label="Term"]
	"Expression245" -> "Term246"
	"Term247" [label="Term"]
	"Term246" -> "Term247"
	"Term248" [label="Term"]
	"Term247" -> "Term248"
	"Ter249" [label="Ter"]
	"Term246" -> "Ter249"
	"e250" [label="e"]
	"Ter249" -> "e250"
	"Expr251" [label="Expr"]
	"Expression245" -> "Expr251"
	"Term252" [label="Term"]
	"Expr251" -> "Term252"
	"Term253" [label="Term"]
	"Term252" -> "Term253"
	"Term254" [label="Term"]
	"Term253" -> "Term254"
	"Ter255" [label="Ter"]
	"Term252" -> "Ter255"
	"e256" [label="e"]
	"Ter255" -> "e256"
	"Expr257" [label="Expr"]
	"Expr251" -> "Expr257"
	"e258" [label="e"]
	"Expr257" -> "e258"
	"Ter259" [label="Ter"]
	"Term242" -> "Ter259"
	"e260" [label="e"]
	"Ter259" -> "e260"
	"Expr261" [label="Expr"]
	"Expr241" -> "Expr261"
	"e262" [label="e"]
	"Expr261" -> "e262"
	"Statements263" [label="Statements"]
	"Statements224" -> "Statements263"
	"Statement264" [label="Statement"]
	"Statements263" -> "Statement264"
	"Assignment265" [label="Assignment"]
	"Statement264" -> "Assignment265"
	"Expression266" [label="Expression"]
	"Assignment265" -> "Expression266"
	"Term267" [label="Term"]
	"Expression266" -> "Term267"
	"Term268" [label="Term"]
	"Term267" -> "Term268"
	"Term269" [label="Term"]
	"Term268" -> "Term269"
	"Ter270" [label="Ter"]
	"Term267" -> "Ter270"
	"e271" [label="e"]
	"Ter270" -> "e271"
	"Expr272" [label="Expr"]
	"Expression266" -> "Expr272"
	"e273" [label="e"]
	"Expr272" -> "e273"
	"Expression274" [label="Expression"]
	"Assignment265" -> "Expression274"
	"Term275" [label="Term"]
	"Expression274" -> "Term275"
	"Term276" [label="Term"]
	"Term275" -> "Term276"
	"Term277" [label="Term"]
	"Term276" -> "Term277"
	"Ter278" [label="Ter"]
	"Term275" -> "Ter278"
	"e279" [label="e"]
	"Ter278" -> "e279"
	"Expr280" [label="Expr"]
	"Expression274" -> "Expr280"
	"Term281" [label="Term"]
	"Expr280" -> "Term281"
	"Term282" [label="Term"]
	"Term281" -> "Term282"
	"Term283" [label="Term"]
	"Term282" -> "Term283"
	"Expression284" [label="Expression"]
	"Term283" -> "Expression284"
	"Term285" [label="Term"]
	"Expression284" -> "Term285"
	"Term286" [label="Term"]
	"Term285" -> "Term286"
	"Term287" [label="Term"]
	"Term286" -> "Term287"
	"Ter288" [label="Ter"]
	"Term285" -> "Ter288"
	"e289" [label="e"]
	"Ter288" -> "e289"
	"Expr290" [label="Expr"]
	"Expression284" -> "Expr290"
	"Term291" [label="Term"]
	"Expr290" -> "Term291"
	"Term292" [label="Term"]
	"Term291" -> "Term292"
	"Term293" [label="Term"]
	"Term292" -> "Term293"
	"Ter294" [label="Ter"]
	"Term291" -> "Ter294"
	"e295" [label="e"]
	"Ter294" -> "e295"
	"Expr296" [label="Expr"]
	"Expr290" -> "Expr296"
	"e297" [label="e"]
	"Expr296" -> "e297"
	"Ter298" [label="Ter"]
	"Term281" -> "Ter298"
	"e299" [label="e"]
	"Ter298" -> "e299"
	"Expr300" [label="Expr"]
	"Expr280" -> "Expr300"
	"e301" [label="e"]
	"Expr300" -> "e301"
	"Statements302" [label="Statements"]
	"Statements263" -> "Statements302"
	"Statement303" [label="Statement"]
	"Statements302" -> "Statement303"
	"Assignment304" [label="Assignment"]
	"Statement303" -> "Assignment304"
	"Expression305" [label="Expression"]
	"Assignment304" -> "Expression305"
	"Term306" [label="Term"]
	"Expression305" -> "Term306"
	"Term307" [label="Term"]
	"Term306" -> "Term307"
	"Term308" [label="Term"]
	"Term307" -> "Term308"
	"Ter309" [label="Ter"]
	"Term306" -> "Ter309"
	"e310" [label="e"]
	"Ter309" -> "e310"
	"Expr311" [label="Expr"]
	"Expression305" -> "Expr311"
	"e312" [label="e"]
	"Expr311" -> "e312"
	"Expression313" [label="Expression"]
	"Assignment304" -> "Expression313"
	"Term314" [label="Term"]
	"Expression313" -> "Term314"
	"Term315" [label="Term"]
	"Term314" -> "Term315"
	"Term316" [label="Term"]
	"Term315" -> "Term316"
	"Ter317" [label="Ter"]
	"Term314" -> "Ter317"
	"e318" [label="e"]
	"Ter317" -> "e318"
	"Expr319" [label="Expr"]
	"Expression313" -> "Expr319"
	"Term320" [label="Term"]
	"Expr319" -> "Term320"
	"Term321" [label="Term"]
	"Term320" -> "Term321"
	"Term322" [label="Term"]
	"Term321" -> "Term322"
	"Expression323" [label="Expression"]
	"Term322" -> "Expression323"
	"Term324" [label="Term"]
	"Expression323" -> "Term324"
	"Term325" [label="Term"]
	"Term324" -> "Term325"
	"Term326" [label="Term"]
	"Term325" -> "Term326"
	"Expression327" [label="Expression"]
	"Term326" -> "Expression327"
	"Term328" [label="Term"]
	"Expression327" -> "Term328"
	"Term329" [label="Term"]
	"Term328" -> "Term329"
	"Term330" [label="Term"]
	"Term329" -> "Term330"
	"Ter331" [label="Ter"]
	"Term328" -> "Ter331"
	"e332" [label="e"]
	"Ter331" -> "e332"
	"Expr333" [label="Expr"]
	"Expression327" -> "Expr333"
	"Term334" [label="Term"]
	"Expr333" -> "Term334"
	"Term335" [label="Term"]
	"Term334" -> "Term335"
	"Term336" [label="Term"]
	"Term335" -> "Term336"
	"Ter337" [label="Ter"]
	"Term334" -> "Ter337"
	"e338" [label="e"]
	"Ter337" -> "e338"
	"Expr339" [label="Expr"]
	"Expr333" -> "Expr339"
	"e340" [label="e"]
	"Expr339" -> "e340"
	"Ter341" [label="Ter"]
	"Term324" -> "Ter341"
	"e342" [label="e"]
	"Ter341" -> "e342"
	"Expr343" [label="Expr"]
	"Expression323" -> "Expr343"
	"e344" [label="e"]
	"Expr343" -> "e344"
	"Ter345" [label="Ter"]
	"Term320" -> "Ter345"
	"e346" [label="e"]
	"Ter345" -> "e346"
	"Expr347" [label="Expr"]
	"Expr319" -> "Expr347"
	"e348" [label="e"]
	"Expr347" -> "e348"
	"Statements349" [label="Statements"]
	"Statements302" -> "Statements349"
	"Statement350" [label="Statement"]
	"Statements349" -> "Statement350"
	"Print351" [label="Print"]
	"Statement350" -> "Print351"
	"Expression352" [label="Expression"]
	"Print351" -> "Expression352"
syntax error: found L in parsing Expression - line 12
