digraph G {
	"Start1" [label="Start"]
	"Statements2" [label="Statements"]
	"Start1" -> "Statements2"
	"Statement3" [label="Statement"]
	"Statements2" -> "Statement3"
	"Assignment4" [label="Assignment"]
	"Statement3" -> "Assignment4"
	"m5" [label="m",style=filled,fillcolor=powderblue]
	"Assignment4" -> "m5"
	"[6" [label="[",style=filled,fillcolor=powderblue]
	"Assignment4" -> "[6"
	"Expression7" [label="Expression"]
	"Assignment4" -> "Expression7"
	"Term8" [label="Term"]
	"Expression7" -> "Term8"
	"Pow9" [label="Pow"]
	"Term8" -> "Pow9"
	"Fact10" [label="Fact"]
	"Pow9" -> "Fact10"
	"num11" [label="num",style=filled,fillcolor=powderblue]
	"Fact10" -> "num11"
	"Exponent12" [label="Exponent"]
	"Pow9" -> "Exponent12"
	"e13" [label="e"]
	"Exponent12" -> "e13"
	"MD14" [label="MD"]
	"Term8" -> "MD14"
	"e15" [label="e"]
	"MD14" -> "e15"
	"AD16" [label="AD"]
	"Expression7" -> "AD16"
	"e17" [label="e"]
	"AD16" -> "e17"
	"]18" [label="]",style=filled,fillcolor=powderblue]
	"Assignment4" -> "]18"
	"=19" [label="=",style=filled,fillcolor=powderblue]
	"Assignment4" -> "=19"
	"Expression20" [label="Expression"]
	"Assignment4" -> "Expression20"
	"Term21" [label="Term"]
	"Expression20" -> "Term21"
	"Pow22" [label="Pow"]
	"Term21" -> "Pow22"
	"Fact23" [label="Fact"]
	"Pow22" -> "Fact23"
	"num24" [label="num",style=filled,fillcolor=powderblue]
	"Fact23" -> "num24"
	"Exponent25" [label="Exponent"]
	"Pow22" -> "Exponent25"
	"e26" [label="e"]
	"Exponent25" -> "e26"
	"MD27" [label="MD"]
	"Term21" -> "MD27"
	"/28" [label="/",style=filled,fillcolor=powderblue]
	"MD27" -> "/28"
	"Pow29" [label="Pow"]
	"MD27" -> "Pow29"
	"Fact30" [label="Fact"]
	"Pow29" -> "Fact30"
	"num31" [label="num",style=filled,fillcolor=powderblue]
	"Fact30" -> "num31"
	"Exponent32" [label="Exponent"]
	"Pow29" -> "Exponent32"
	"e33" [label="e"]
	"Exponent32" -> "e33"
	"MD34" [label="MD"]
	"MD27" -> "MD34"
	"*35" [label="*",style=filled,fillcolor=powderblue]
	"MD34" -> "*35"
	"Pow36" [label="Pow"]
	"MD34" -> "Pow36"
	"Fact37" [label="Fact"]
	"Pow36" -> "Fact37"
	"num38" [label="num",style=filled,fillcolor=powderblue]
	"Fact37" -> "num38"
	"Exponent39" [label="Exponent"]
	"Pow36" -> "Exponent39"
	"e40" [label="e"]
	"Exponent39" -> "e40"
	"MD41" [label="MD"]
	"MD34" -> "MD41"
	"e42" [label="e"]
	"MD41" -> "e42"
	"AD43" [label="AD"]
	"Expression20" -> "AD43"
	"e44" [label="e"]
	"AD43" -> "e44"
	"More45" [label="More"]
	"Statements2" -> "More45"
	"Statement46" [label="Statement"]
	"More45" -> "Statement46"
	"Jump47" [label="Jump"]
	"Statement46" -> "Jump47"
	"goto48" [label="goto",style=filled,fillcolor=powderblue]
	"Jump47" -> "goto48"
	"num49" [label="num",style=filled,fillcolor=powderblue]
	"Jump47" -> "num49"
	"JumpExp50" [label="JumpExp"]
	"Jump47" -> "JumpExp50"
	"e51" [label="e"]
	"JumpExp50" -> "e51"
	"More52" [label="More"]
	"More45" -> "More52"
	"Statement53" [label="Statement"]
	"More52" -> "Statement53"
	"Assignment54" [label="Assignment"]
	"Statement53" -> "Assignment54"
	"m55" [label="m",style=filled,fillcolor=powderblue]
	"Assignment54" -> "m55"
	"[56" [label="[",style=filled,fillcolor=powderblue]
	"Assignment54" -> "[56"
	"Expression57" [label="Expression"]
	"Assignment54" -> "Expression57"
	"Term58" [label="Term"]
	"Expression57" -> "Term58"
	"Pow59" [label="Pow"]
	"Term58" -> "Pow59"
	"Fact60" [label="Fact"]
	"Pow59" -> "Fact60"
	"num61" [label="num",style=filled,fillcolor=powderblue]
	"Fact60" -> "num61"
	"Exponent62" [label="Exponent"]
	"Pow59" -> "Exponent62"
	"e63" [label="e"]
	"Exponent62" -> "e63"
	"MD64" [label="MD"]
	"Term58" -> "MD64"
	"e65" [label="e"]
	"MD64" -> "e65"
	"AD66" [label="AD"]
	"Expression57" -> "AD66"
	"e67" [label="e"]
	"AD66" -> "e67"
	"]68" [label="]",style=filled,fillcolor=powderblue]
	"Assignment54" -> "]68"
	"=69" [label="=",style=filled,fillcolor=powderblue]
	"Assignment54" -> "=69"
	"Expression70" [label="Expression"]
	"Assignment54" -> "Expression70"
	"Term71" [label="Term"]
	"Expression70" -> "Term71"
	"Pow72" [label="Pow"]
	"Term71" -> "Pow72"
	"Fact73" [label="Fact"]
	"Pow72" -> "Fact73"
	"num74" [label="num",style=filled,fillcolor=powderblue]
	"Fact73" -> "num74"
	"Exponent75" [label="Exponent"]
	"Pow72" -> "Exponent75"
	"e76" [label="e"]
	"Exponent75" -> "e76"
	"MD77" [label="MD"]
	"Term71" -> "MD77"
	"e78" [label="e"]
	"MD77" -> "e78"
	"AD79" [label="AD"]
	"Expression70" -> "AD79"
	"+80" [label="+",style=filled,fillcolor=powderblue]
	"AD79" -> "+80"
	"Term81" [label="Term"]
	"AD79" -> "Term81"
	"Pow82" [label="Pow"]
	"Term81" -> "Pow82"
	"Fact83" [label="Fact"]
	"Pow82" -> "Fact83"
	"m84" [label="m",style=filled,fillcolor=powderblue]
	"Fact83" -> "m84"
	"[85" [label="[",style=filled,fillcolor=powderblue]
	"Fact83" -> "[85"
	"Expression86" [label="Expression"]
	"Fact83" -> "Expression86"
	"Term87" [label="Term"]
	"Expression86" -> "Term87"
	"Pow88" [label="Pow"]
	"Term87" -> "Pow88"
	"Fact89" [label="Fact"]
	"Pow88" -> "Fact89"
	"num90" [label="num",style=filled,fillcolor=powderblue]
	"Fact89" -> "num90"
	"Exponent91" [label="Exponent"]
	"Pow88" -> "Exponent91"
	"e92" [label="e"]
	"Exponent91" -> "e92"
	"MD93" [label="MD"]
	"Term87" -> "MD93"
	"e94" [label="e"]
	"MD93" -> "e94"
	"AD95" [label="AD"]
	"Expression86" -> "AD95"
	"e96" [label="e"]
	"AD95" -> "e96"
	"]97" [label="]",style=filled,fillcolor=powderblue]
	"Fact83" -> "]97"
	"Exponent98" [label="Exponent"]
	"Pow82" -> "Exponent98"
	"e99" [label="e"]
	"Exponent98" -> "e99"
	"MD100" [label="MD"]
	"Term81" -> "MD100"
	"e101" [label="e"]
	"MD100" -> "e101"
	"AD102" [label="AD"]
	"AD79" -> "AD102"
	"e103" [label="e"]
	"AD102" -> "e103"
	"More104" [label="More"]
	"More52" -> "More104"
	"Statement105" [label="Statement"]
	"More104" -> "Statement105"
	"Assignment106" [label="Assignment"]
	"Statement105" -> "Assignment106"
	"m107" [label="m",style=filled,fillcolor=powderblue]
	"Assignment106" -> "m107"
	"[108" [label="[",style=filled,fillcolor=powderblue]
	"Assignment106" -> "[108"
	"Expression109" [label="Expression"]
	"Assignment106" -> "Expression109"
	"Term110" [label="Term"]
	"Expression109" -> "Term110"
	"Pow111" [label="Pow"]
	"Term110" -> "Pow111"
	"Fact112" [label="Fact"]
	"Pow111" -> "Fact112"
	"num113" [label="num",style=filled,fillcolor=powderblue]
	"Fact112" -> "num113"
	"Exponent114" [label="Exponent"]
	"Pow111" -> "Exponent114"
	"e115" [label="e"]
	"Exponent114" -> "e115"
	"MD116" [label="MD"]
	"Term110" -> "MD116"
	"e117" [label="e"]
	"MD116" -> "e117"
	"AD118" [label="AD"]
	"Expression109" -> "AD118"
	"e119" [label="e"]
	"AD118" -> "e119"
	"]120" [label="]",style=filled,fillcolor=powderblue]
	"Assignment106" -> "]120"
	"=121" [label="=",style=filled,fillcolor=powderblue]
	"Assignment106" -> "=121"
	"Expression122" [label="Expression"]
	"Assignment106" -> "Expression122"
	"Term123" [label="Term"]
	"Expression122" -> "Term123"
	"Pow124" [label="Pow"]
	"Term123" -> "Pow124"
	"Fact125" [label="Fact"]
	"Pow124" -> "Fact125"
	"num126" [label="num",style=filled,fillcolor=powderblue]
	"Fact125" -> "num126"
	"Exponent127" [label="Exponent"]
	"Pow124" -> "Exponent127"
	"e128" [label="e"]
	"Exponent127" -> "e128"
	"MD129" [label="MD"]
	"Term123" -> "MD129"
	"e130" [label="e"]
	"MD129" -> "e130"
	"AD131" [label="AD"]
	"Expression122" -> "AD131"
	"-132" [label="-",style=filled,fillcolor=powderblue]
	"AD131" -> "-132"
	"Term133" [label="Term"]
	"AD131" -> "Term133"
	"Pow134" [label="Pow"]
	"Term133" -> "Pow134"
	"Fact135" [label="Fact"]
	"Pow134" -> "Fact135"
	"m136" [label="m",style=filled,fillcolor=powderblue]
	"Fact135" -> "m136"
	"[137" [label="[",style=filled,fillcolor=powderblue]
	"Fact135" -> "[137"
	"Expression138" [label="Expression"]
	"Fact135" -> "Expression138"
	"Term139" [label="Term"]
	"Expression138" -> "Term139"
	"Pow140" [label="Pow"]
	"Term139" -> "Pow140"
	"Fact141" [label="Fact"]
	"Pow140" -> "Fact141"
	"num142" [label="num",style=filled,fillcolor=powderblue]
	"Fact141" -> "num142"
	"Exponent143" [label="Exponent"]
	"Pow140" -> "Exponent143"
	"**144" [label="**",style=filled,fillcolor=powderblue]
	"Exponent143" -> "**144"
	"Fact145" [label="Fact"]
	"Exponent143" -> "Fact145"
	"num146" [label="num",style=filled,fillcolor=powderblue]
	"Fact145" -> "num146"
	"Exponent147" [label="Exponent"]
	"Exponent143" -> "Exponent147"
	"e148" [label="e"]
	"Exponent147" -> "e148"
	"MD149" [label="MD"]
	"Term139" -> "MD149"
	"*150" [label="*",style=filled,fillcolor=powderblue]
	"MD149" -> "*150"
	"Pow151" [label="Pow"]
	"MD149" -> "Pow151"
	"Fact152" [label="Fact"]
	"Pow151" -> "Fact152"
	"num153" [label="num",style=filled,fillcolor=powderblue]
	"Fact152" -> "num153"
	"Exponent154" [label="Exponent"]
	"Pow151" -> "Exponent154"
	"e155" [label="e"]
	"Exponent154" -> "e155"
	"MD156" [label="MD"]
	"MD149" -> "MD156"
	"e157" [label="e"]
	"MD156" -> "e157"
	"AD158" [label="AD"]
	"Expression138" -> "AD158"
	"-159" [label="-",style=filled,fillcolor=powderblue]
	"AD158" -> "-159"
	"Term160" [label="Term"]
	"AD158" -> "Term160"
	"Pow161" [label="Pow"]
	"Term160" -> "Pow161"
	"Fact162" [label="Fact"]
	"Pow161" -> "Fact162"
	"num163" [label="num",style=filled,fillcolor=powderblue]
	"Fact162" -> "num163"
	"Exponent164" [label="Exponent"]
	"Pow161" -> "Exponent164"
	"e165" [label="e"]
	"Exponent164" -> "e165"
	"MD166" [label="MD"]
	"Term160" -> "MD166"
	"e167" [label="e"]
	"MD166" -> "e167"
	"AD168" [label="AD"]
	"AD158" -> "AD168"
	"e169" [label="e"]
	"AD168" -> "e169"
	"]170" [label="]",style=filled,fillcolor=powderblue]
	"Fact135" -> "]170"
	"Exponent171" [label="Exponent"]
	"Pow134" -> "Exponent171"
	"e172" [label="e"]
	"Exponent171" -> "e172"
	"MD173" [label="MD"]
	"Term133" -> "MD173"
	"e174" [label="e"]
	"MD173" -> "e174"
	"AD175" [label="AD"]
	"AD131" -> "AD175"
	"-176" [label="-",style=filled,fillcolor=powderblue]
	"AD175" -> "-176"
	"Term177" [label="Term"]
	"AD175" -> "Term177"
	"Pow178" [label="Pow"]
	"Term177" -> "Pow178"
	"Fact179" [label="Fact"]
	"Pow178" -> "Fact179"
	"num180" [label="num",style=filled,fillcolor=powderblue]
	"Fact179" -> "num180"
	"Exponent181" [label="Exponent"]
	"Pow178" -> "Exponent181"
	"e182" [label="e"]
	"Exponent181" -> "e182"
	"MD183" [label="MD"]
	"Term177" -> "MD183"
	"e184" [label="e"]
	"MD183" -> "e184"
	"AD185" [label="AD"]
	"AD175" -> "AD185"
	"e186" [label="e"]
	"AD185" -> "e186"
	"More187" [label="More"]
	"More104" -> "More187"
	"Statement188" [label="Statement"]
	"More187" -> "Statement188"
	"Label189" [label="Label"]
	"Statement188" -> "Label189"
	"L190" [label="L",style=filled,fillcolor=powderblue]
	"Label189" -> "L190"
	"num191" [label="num",style=filled,fillcolor=powderblue]
	"Label189" -> "num191"
	":192" [label=":",style=filled,fillcolor=powderblue]
	"Label189" -> ":192"
	"More193" [label="More"]
	"More187" -> "More193"
	"Statement194" [label="Statement"]
	"More193" -> "Statement194"
	"Assignment195" [label="Assignment"]
	"Statement194" -> "Assignment195"
	"m196" [label="m",style=filled,fillcolor=powderblue]
	"Assignment195" -> "m196"
	"[197" [label="[",style=filled,fillcolor=powderblue]
	"Assignment195" -> "[197"
	"Expression198" [label="Expression"]
	"Assignment195" -> "Expression198"
	"Term199" [label="Term"]
	"Expression198" -> "Term199"
	"Pow200" [label="Pow"]
	"Term199" -> "Pow200"
	"Fact201" [label="Fact"]
	"Pow200" -> "Fact201"
	"num202" [label="num",style=filled,fillcolor=powderblue]
	"Fact201" -> "num202"
	"Exponent203" [label="Exponent"]
	"Pow200" -> "Exponent203"
	"e204" [label="e"]
	"Exponent203" -> "e204"
	"MD205" [label="MD"]
	"Term199" -> "MD205"
	"e206" [label="e"]
	"MD205" -> "e206"
	"AD207" [label="AD"]
	"Expression198" -> "AD207"
	"e208" [label="e"]
	"AD207" -> "e208"
	"]209" [label="]",style=filled,fillcolor=powderblue]
	"Assignment195" -> "]209"
	"=210" [label="=",style=filled,fillcolor=powderblue]
	"Assignment195" -> "=210"
	"Expression211" [label="Expression"]
	"Assignment195" -> "Expression211"
	"Term212" [label="Term"]
	"Expression211" -> "Term212"
	"Pow213" [label="Pow"]
	"Term212" -> "Pow213"
	"Fact214" [label="Fact"]
	"Pow213" -> "Fact214"
	"num215" [label="num",style=filled,fillcolor=powderblue]
	"Fact214" -> "num215"
	"Exponent216" [label="Exponent"]
	"Pow213" -> "Exponent216"
	"e217" [label="e"]
	"Exponent216" -> "e217"
	"MD218" [label="MD"]
	"Term212" -> "MD218"
	"e219" [label="e"]
	"MD218" -> "e219"
	"AD220" [label="AD"]
	"Expression211" -> "AD220"
	"-221" [label="-",style=filled,fillcolor=powderblue]
	"AD220" -> "-221"
	"Term222" [label="Term"]
	"AD220" -> "Term222"
	"Pow223" [label="Pow"]
	"Term222" -> "Pow223"
	"Fact224" [label="Fact"]
	"Pow223" -> "Fact224"
	"(225" [label="(",style=filled,fillcolor=powderblue]
	"Fact224" -> "(225"
	"Expression226" [label="Expression"]
	"Fact224" -> "Expression226"
	"Term227" [label="Term"]
	"Expression226" -> "Term227"
	"Pow228" [label="Pow"]
	"Term227" -> "Pow228"
	"Fact229" [label="Fact"]
	"Pow228" -> "Fact229"
	"m230" [label="m",style=filled,fillcolor=powderblue]
	"Fact229" -> "m230"
	"[231" [label="[",style=filled,fillcolor=powderblue]
	"Fact229" -> "[231"
	"Expression232" [label="Expression"]
	"Fact229" -> "Expression232"
	"Term233" [label="Term"]
	"Expression232" -> "Term233"
	"Pow234" [label="Pow"]
	"Term233" -> "Pow234"
	"Fact235" [label="Fact"]
	"Pow234" -> "Fact235"
	"num236" [label="num",style=filled,fillcolor=powderblue]
	"Fact235" -> "num236"
	"Exponent237" [label="Exponent"]
	"Pow234" -> "Exponent237"
	"e238" [label="e"]
	"Exponent237" -> "e238"
	"MD239" [label="MD"]
	"Term233" -> "MD239"
	"e240" [label="e"]
	"MD239" -> "e240"
	"AD241" [label="AD"]
	"Expression232" -> "AD241"
	"e242" [label="e"]
	"AD241" -> "e242"
	"]243" [label="]",style=filled,fillcolor=powderblue]
	"Fact229" -> "]243"
	"Exponent244" [label="Exponent"]
	"Pow228" -> "Exponent244"
	"e245" [label="e"]
	"Exponent244" -> "e245"
	"MD246" [label="MD"]
	"Term227" -> "MD246"
	"e247" [label="e"]
	"MD246" -> "e247"
	"AD248" [label="AD"]
	"Expression226" -> "AD248"
	"-249" [label="-",style=filled,fillcolor=powderblue]
	"AD248" -> "-249"
	"Term250" [label="Term"]
	"AD248" -> "Term250"
	"Pow251" [label="Pow"]
	"Term250" -> "Pow251"
	"Fact252" [label="Fact"]
	"Pow251" -> "Fact252"
	"num253" [label="num",style=filled,fillcolor=powderblue]
	"Fact252" -> "num253"
	"Exponent254" [label="Exponent"]
	"Pow251" -> "Exponent254"
	"e255" [label="e"]
	"Exponent254" -> "e255"
	"MD256" [label="MD"]
	"Term250" -> "MD256"
	"e257" [label="e"]
	"MD256" -> "e257"
	"AD258" [label="AD"]
	"AD248" -> "AD258"
	"e259" [label="e"]
	"AD258" -> "e259"
	")260" [label=")",style=filled,fillcolor=powderblue]
	"Fact224" -> ")260"
	"Exponent261" [label="Exponent"]
	"Pow223" -> "Exponent261"
	"e262" [label="e"]
	"Exponent261" -> "e262"
	"MD263" [label="MD"]
	"Term222" -> "MD263"
	"e264" [label="e"]
	"MD263" -> "e264"
	"AD265" [label="AD"]
	"AD220" -> "AD265"
	"e266" [label="e"]
	"AD265" -> "e266"
	"More267" [label="More"]
	"More193" -> "More267"
	"Statement268" [label="Statement"]
	"More267" -> "Statement268"
	"Assignment269" [label="Assignment"]
	"Statement268" -> "Assignment269"
	"m270" [label="m",style=filled,fillcolor=powderblue]
	"Assignment269" -> "m270"
	"[271" [label="[",style=filled,fillcolor=powderblue]
	"Assignment269" -> "[271"
	"Expression272" [label="Expression"]
	"Assignment269" -> "Expression272"
	"Term273" [label="Term"]
	"Expression272" -> "Term273"
	"Pow274" [label="Pow"]
	"Term273" -> "Pow274"
	"Fact275" [label="Fact"]
	"Pow274" -> "Fact275"
	"num276" [label="num",style=filled,fillcolor=powderblue]
	"Fact275" -> "num276"
	"Exponent277" [label="Exponent"]
	"Pow274" -> "Exponent277"
	"e278" [label="e"]
	"Exponent277" -> "e278"
	"MD279" [label="MD"]
	"Term273" -> "MD279"
	"e280" [label="e"]
	"MD279" -> "e280"
	"AD281" [label="AD"]
	"Expression272" -> "AD281"
	"e282" [label="e"]
	"AD281" -> "e282"
	"]283" [label="]",style=filled,fillcolor=powderblue]
	"Assignment269" -> "]283"
	"=284" [label="=",style=filled,fillcolor=powderblue]
	"Assignment269" -> "=284"
	"Expression285" [label="Expression"]
	"Assignment269" -> "Expression285"
	"Term286" [label="Term"]
	"Expression285" -> "Term286"
	"Pow287" [label="Pow"]
	"Term286" -> "Pow287"
	"Fact288" [label="Fact"]
	"Pow287" -> "Fact288"
	"num289" [label="num",style=filled,fillcolor=powderblue]
	"Fact288" -> "num289"
	"Exponent290" [label="Exponent"]
	"Pow287" -> "Exponent290"
	"e291" [label="e"]
	"Exponent290" -> "e291"
	"MD292" [label="MD"]
	"Term286" -> "MD292"
	"/293" [label="/",style=filled,fillcolor=powderblue]
	"MD292" -> "/293"
	"Pow294" [label="Pow"]
	"MD292" -> "Pow294"
	"Fact295" [label="Fact"]
	"Pow294" -> "Fact295"
	"num296" [label="num",style=filled,fillcolor=powderblue]
	"Fact295" -> "num296"
	"Exponent297" [label="Exponent"]
	"Pow294" -> "Exponent297"
	"e298" [label="e"]
	"Exponent297" -> "e298"
	"MD299" [label="MD"]
	"MD292" -> "MD299"
	"*300" [label="*",style=filled,fillcolor=powderblue]
	"MD299" -> "*300"
	"Pow301" [label="Pow"]
	"MD299" -> "Pow301"
	"Fact302" [label="Fact"]
	"Pow301" -> "Fact302"
	"num303" [label="num",style=filled,fillcolor=powderblue]
	"Fact302" -> "num303"
	"Exponent304" [label="Exponent"]
	"Pow301" -> "Exponent304"
	"e305" [label="e"]
	"Exponent304" -> "e305"
	"MD306" [label="MD"]
	"MD299" -> "MD306"
	"e307" [label="e"]
	"MD306" -> "e307"
	"AD308" [label="AD"]
	"Expression285" -> "AD308"
	"e309" [label="e"]
	"AD308" -> "e309"
	"More310" [label="More"]
	"More267" -> "More310"
	"Statement311" [label="Statement"]
	"More310" -> "Statement311"
	"Jump312" [label="Jump"]
	"Statement311" -> "Jump312"
	"goto313" [label="goto",style=filled,fillcolor=powderblue]
	"Jump312" -> "goto313"
	"num314" [label="num",style=filled,fillcolor=powderblue]
	"Jump312" -> "num314"
	"JumpExp315" [label="JumpExp"]
	"Jump312" -> "JumpExp315"
	"e316" [label="e"]
	"JumpExp315" -> "e316"
	"More317" [label="More"]
	"More310" -> "More317"
	"Statement318" [label="Statement"]
	"More317" -> "Statement318"
	"Assignment319" [label="Assignment"]
	"Statement318" -> "Assignment319"
	"m320" [label="m",style=filled,fillcolor=powderblue]
	"Assignment319" -> "m320"
	"[321" [label="[",style=filled,fillcolor=powderblue]
	"Assignment319" -> "[321"
	"Expression322" [label="Expression"]
	"Assignment319" -> "Expression322"
	"Term323" [label="Term"]
	"Expression322" -> "Term323"
	"Pow324" [label="Pow"]
	"Term323" -> "Pow324"
	"Fact325" [label="Fact"]
	"Pow324" -> "Fact325"
	"num326" [label="num",style=filled,fillcolor=powderblue]
	"Fact325" -> "num326"
	"Exponent327" [label="Exponent"]
	"Pow324" -> "Exponent327"
	"e328" [label="e"]
	"Exponent327" -> "e328"
	"MD329" [label="MD"]
	"Term323" -> "MD329"
	"e330" [label="e"]
	"MD329" -> "e330"
	"AD331" [label="AD"]
	"Expression322" -> "AD331"
	"e332" [label="e"]
	"AD331" -> "e332"
	"]333" [label="]",style=filled,fillcolor=powderblue]
	"Assignment319" -> "]333"
	"=334" [label="=",style=filled,fillcolor=powderblue]
	"Assignment319" -> "=334"
	"Expression335" [label="Expression"]
	"Assignment319" -> "Expression335"
	"Term336" [label="Term"]
	"Expression335" -> "Term336"
	"Pow337" [label="Pow"]
	"Term336" -> "Pow337"
	"Fact338" [label="Fact"]
	"Pow337" -> "Fact338"
	"num339" [label="num",style=filled,fillcolor=powderblue]
	"Fact338" -> "num339"
	"Exponent340" [label="Exponent"]
	"Pow337" -> "Exponent340"
	"e341" [label="e"]
	"Exponent340" -> "e341"
	"MD342" [label="MD"]
	"Term336" -> "MD342"
	"e343" [label="e"]
	"MD342" -> "e343"
	"AD344" [label="AD"]
	"Expression335" -> "AD344"
	"+345" [label="+",style=filled,fillcolor=powderblue]
	"AD344" -> "+345"
	"Term346" [label="Term"]
	"AD344" -> "Term346"
	"Pow347" [label="Pow"]
	"Term346" -> "Pow347"
	"Fact348" [label="Fact"]
	"Pow347" -> "Fact348"
	"m349" [label="m",style=filled,fillcolor=powderblue]
	"Fact348" -> "m349"
	"[350" [label="[",style=filled,fillcolor=powderblue]
	"Fact348" -> "[350"
	"Expression351" [label="Expression"]
	"Fact348" -> "Expression351"
	"Term352" [label="Term"]
	"Expression351" -> "Term352"
	"Pow353" [label="Pow"]
	"Term352" -> "Pow353"
	"Fact354" [label="Fact"]
	"Pow353" -> "Fact354"
	"num355" [label="num",style=filled,fillcolor=powderblue]
	"Fact354" -> "num355"
	"Exponent356" [label="Exponent"]
	"Pow353" -> "Exponent356"
	"e357" [label="e"]
	"Exponent356" -> "e357"
	"MD358" [label="MD"]
	"Term352" -> "MD358"
	"e359" [label="e"]
	"MD358" -> "e359"
	"AD360" [label="AD"]
	"Expression351" -> "AD360"
	"e361" [label="e"]
	"AD360" -> "e361"
	"]362" [label="]",style=filled,fillcolor=powderblue]
	"Fact348" -> "]362"
	"Exponent363" [label="Exponent"]
	"Pow347" -> "Exponent363"
	"e364" [label="e"]
	"Exponent363" -> "e364"
	"MD365" [label="MD"]
	"Term346" -> "MD365"
	"e366" [label="e"]
	"MD365" -> "e366"
	"AD367" [label="AD"]
	"AD344" -> "AD367"
	"e368" [label="e"]
	"AD367" -> "e368"
	"More369" [label="More"]
	"More317" -> "More369"
	"Statement370" [label="Statement"]
	"More369" -> "Statement370"
	"Assignment371" [label="Assignment"]
	"Statement370" -> "Assignment371"
	"m372" [label="m",style=filled,fillcolor=powderblue]
	"Assignment371" -> "m372"
	"[373" [label="[",style=filled,fillcolor=powderblue]
	"Assignment371" -> "[373"
	"Expression374" [label="Expression"]
	"Assignment371" -> "Expression374"
	"Term375" [label="Term"]
	"Expression374" -> "Term375"
	"Pow376" [label="Pow"]
	"Term375" -> "Pow376"
	"Fact377" [label="Fact"]
	"Pow376" -> "Fact377"
	"num378" [label="num",style=filled,fillcolor=powderblue]
	"Fact377" -> "num378"
	"Exponent379" [label="Exponent"]
	"Pow376" -> "Exponent379"
	"e380" [label="e"]
	"Exponent379" -> "e380"
	"MD381" [label="MD"]
	"Term375" -> "MD381"
	"e382" [label="e"]
	"MD381" -> "e382"
	"AD383" [label="AD"]
	"Expression374" -> "AD383"
	"e384" [label="e"]
	"AD383" -> "e384"
	"]385" [label="]",style=filled,fillcolor=powderblue]
	"Assignment371" -> "]385"
	"=386" [label="=",style=filled,fillcolor=powderblue]
	"Assignment371" -> "=386"
	"Expression387" [label="Expression"]
	"Assignment371" -> "Expression387"
	"Term388" [label="Term"]
	"Expression387" -> "Term388"
	"Pow389" [label="Pow"]
	"Term388" -> "Pow389"
	"Fact390" [label="Fact"]
	"Pow389" -> "Fact390"
	"num391" [label="num",style=filled,fillcolor=powderblue]
	"Fact390" -> "num391"
	"Exponent392" [label="Exponent"]
	"Pow389" -> "Exponent392"
	"e393" [label="e"]
	"Exponent392" -> "e393"
	"MD394" [label="MD"]
	"Term388" -> "MD394"
	"e395" [label="e"]
	"MD394" -> "e395"
	"AD396" [label="AD"]
	"Expression387" -> "AD396"
	"-397" [label="-",style=filled,fillcolor=powderblue]
	"AD396" -> "-397"
	"Term398" [label="Term"]
	"AD396" -> "Term398"
	"Pow399" [label="Pow"]
	"Term398" -> "Pow399"
	"Fact400" [label="Fact"]
	"Pow399" -> "Fact400"
	"(401" [label="(",style=filled,fillcolor=powderblue]
	"Fact400" -> "(401"
	"Expression402" [label="Expression"]
	"Fact400" -> "Expression402"
	"Term403" [label="Term"]
	"Expression402" -> "Term403"
	"Pow404" [label="Pow"]
	"Term403" -> "Pow404"
	"Fact405" [label="Fact"]
	"Pow404" -> "Fact405"
	"m406" [label="m",style=filled,fillcolor=powderblue]
	"Fact405" -> "m406"
	"[407" [label="[",style=filled,fillcolor=powderblue]
	"Fact405" -> "[407"
	"Expression408" [label="Expression"]
	"Fact405" -> "Expression408"
	"Term409" [label="Term"]
	"Expression408" -> "Term409"
	"Pow410" [label="Pow"]
	"Term409" -> "Pow410"
	"Fact411" [label="Fact"]
	"Pow410" -> "Fact411"
	"num412" [label="num",style=filled,fillcolor=powderblue]
	"Fact411" -> "num412"
	"Exponent413" [label="Exponent"]
	"Pow410" -> "Exponent413"
	"e414" [label="e"]
	"Exponent413" -> "e414"
	"MD415" [label="MD"]
	"Term409" -> "MD415"
	"e416" [label="e"]
	"MD415" -> "e416"
	"AD417" [label="AD"]
	"Expression408" -> "AD417"
	"e418" [label="e"]
	"AD417" -> "e418"
	"]419" [label="]",style=filled,fillcolor=powderblue]
	"Fact405" -> "]419"
	"Exponent420" [label="Exponent"]
	"Pow404" -> "Exponent420"
	"e421" [label="e"]
	"Exponent420" -> "e421"
	"MD422" [label="MD"]
	"Term403" -> "MD422"
	"e423" [label="e"]
	"MD422" -> "e423"
	"AD424" [label="AD"]
	"Expression402" -> "AD424"
	"-425" [label="-",style=filled,fillcolor=powderblue]
	"AD424" -> "-425"
	"Term426" [label="Term"]
	"AD424" -> "Term426"
	"Pow427" [label="Pow"]
	"Term426" -> "Pow427"
	"Fact428" [label="Fact"]
	"Pow427" -> "Fact428"
	"num429" [label="num",style=filled,fillcolor=powderblue]
	"Fact428" -> "num429"
	"Exponent430" [label="Exponent"]
	"Pow427" -> "Exponent430"
	"e431" [label="e"]
	"Exponent430" -> "e431"
	"MD432" [label="MD"]
	"Term426" -> "MD432"
	"e433" [label="e"]
	"MD432" -> "e433"
	"AD434" [label="AD"]
	"AD424" -> "AD434"
	"e435" [label="e"]
	"AD434" -> "e435"
	")436" [label=")",style=filled,fillcolor=powderblue]
	"Fact400" -> ")436"
	"Exponent437" [label="Exponent"]
	"Pow399" -> "Exponent437"
	"e438" [label="e"]
	"Exponent437" -> "e438"
	"MD439" [label="MD"]
	"Term398" -> "MD439"
	"e440" [label="e"]
	"MD439" -> "e440"
	"AD441" [label="AD"]
	"AD396" -> "AD441"
	"e442" [label="e"]
	"AD441" -> "e442"
	"More443" [label="More"]
	"More369" -> "More443"
	"Statement444" [label="Statement"]
	"More443" -> "Statement444"
	"Assignment445" [label="Assignment"]
	"Statement444" -> "Assignment445"
	"m446" [label="m",style=filled,fillcolor=powderblue]
	"Assignment445" -> "m446"
	"[447" [label="[",style=filled,fillcolor=powderblue]
	"Assignment445" -> "[447"
	"Expression448" [label="Expression"]
	"Assignment445" -> "Expression448"
	"Term449" [label="Term"]
	"Expression448" -> "Term449"
	"Pow450" [label="Pow"]
	"Term449" -> "Pow450"
	"Fact451" [label="Fact"]
	"Pow450" -> "Fact451"
	"num452" [label="num",style=filled,fillcolor=powderblue]
	"Fact451" -> "num452"
	"Exponent453" [label="Exponent"]
	"Pow450" -> "Exponent453"
	"e454" [label="e"]
	"Exponent453" -> "e454"
	"MD455" [label="MD"]
	"Term449" -> "MD455"
	"e456" [label="e"]
	"MD455" -> "e456"
	"AD457" [label="AD"]
	"Expression448" -> "AD457"
	"e458" [label="e"]
	"AD457" -> "e458"
	"]459" [label="]",style=filled,fillcolor=powderblue]
	"Assignment445" -> "]459"
	"=460" [label="=",style=filled,fillcolor=powderblue]
	"Assignment445" -> "=460"
	"Expression461" [label="Expression"]
	"Assignment445" -> "Expression461"
	"Term462" [label="Term"]
	"Expression461" -> "Term462"
	"Pow463" [label="Pow"]
	"Term462" -> "Pow463"
	"Fact464" [label="Fact"]
	"Pow463" -> "Fact464"
	"num465" [label="num",style=filled,fillcolor=powderblue]
	"Fact464" -> "num465"
	"Exponent466" [label="Exponent"]
	"Pow463" -> "Exponent466"
	"e467" [label="e"]
	"Exponent466" -> "e467"
	"MD468" [label="MD"]
	"Term462" -> "MD468"
	"e469" [label="e"]
	"MD468" -> "e469"
	"AD470" [label="AD"]
	"Expression461" -> "AD470"
	"+471" [label="+",style=filled,fillcolor=powderblue]
	"AD470" -> "+471"
	"Term472" [label="Term"]
	"AD470" -> "Term472"
	"Pow473" [label="Pow"]
	"Term472" -> "Pow473"
	"Fact474" [label="Fact"]
	"Pow473" -> "Fact474"
	"m475" [label="m",style=filled,fillcolor=powderblue]
	"Fact474" -> "m475"
	"[476" [label="[",style=filled,fillcolor=powderblue]
	"Fact474" -> "[476"
	"Expression477" [label="Expression"]
	"Fact474" -> "Expression477"
	"Term478" [label="Term"]
	"Expression477" -> "Term478"
	"Pow479" [label="Pow"]
	"Term478" -> "Pow479"
	"Fact480" [label="Fact"]
	"Pow479" -> "Fact480"
	"num481" [label="num",style=filled,fillcolor=powderblue]
	"Fact480" -> "num481"
	"Exponent482" [label="Exponent"]
	"Pow479" -> "Exponent482"
	"e483" [label="e"]
	"Exponent482" -> "e483"
	"MD484" [label="MD"]
	"Term478" -> "MD484"
	"e485" [label="e"]
	"MD484" -> "e485"
	"AD486" [label="AD"]
	"Expression477" -> "AD486"
	"e487" [label="e"]
	"AD486" -> "e487"
	"]488" [label="]",style=filled,fillcolor=powderblue]
	"Fact474" -> "]488"
	"Exponent489" [label="Exponent"]
	"Pow473" -> "Exponent489"
	"e490" [label="e"]
	"Exponent489" -> "e490"
	"MD491" [label="MD"]
	"Term472" -> "MD491"
	"e492" [label="e"]
	"MD491" -> "e492"
	"AD493" [label="AD"]
	"AD470" -> "AD493"
	"e494" [label="e"]
	"AD493" -> "e494"
	"More495" [label="More"]
	"More443" -> "More495"
	"Statement496" [label="Statement"]
	"More495" -> "Statement496"
	"Assignment497" [label="Assignment"]
	"Statement496" -> "Assignment497"
	"m498" [label="m",style=filled,fillcolor=powderblue]
	"Assignment497" -> "m498"
	"[499" [label="[",style=filled,fillcolor=powderblue]
	"Assignment497" -> "[499"
	"Expression500" [label="Expression"]
	"Assignment497" -> "Expression500"
	"Term501" [label="Term"]
	"Expression500" -> "Term501"
	"Pow502" [label="Pow"]
	"Term501" -> "Pow502"
	"Fact503" [label="Fact"]
	"Pow502" -> "Fact503"
	"num504" [label="num",style=filled,fillcolor=powderblue]
	"Fact503" -> "num504"
	"Exponent505" [label="Exponent"]
	"Pow502" -> "Exponent505"
	"e506" [label="e"]
	"Exponent505" -> "e506"
	"MD507" [label="MD"]
	"Term501" -> "MD507"
	"e508" [label="e"]
	"MD507" -> "e508"
	"AD509" [label="AD"]
	"Expression500" -> "AD509"
	"e510" [label="e"]
	"AD509" -> "e510"
	"]511" [label="]",style=filled,fillcolor=powderblue]
	"Assignment497" -> "]511"
	"=512" [label="=",style=filled,fillcolor=powderblue]
	"Assignment497" -> "=512"
	"Expression513" [label="Expression"]
	"Assignment497" -> "Expression513"
	"Term514" [label="Term"]
	"Expression513" -> "Term514"
	"Pow515" [label="Pow"]
	"Term514" -> "Pow515"
	"Fact516" [label="Fact"]
	"Pow515" -> "Fact516"
	"num517" [label="num",style=filled,fillcolor=powderblue]
	"Fact516" -> "num517"
	"Exponent518" [label="Exponent"]
	"Pow515" -> "Exponent518"
	"e519" [label="e"]
	"Exponent518" -> "e519"
	"MD520" [label="MD"]
	"Term514" -> "MD520"
	"e521" [label="e"]
	"MD520" -> "e521"
	"AD522" [label="AD"]
	"Expression513" -> "AD522"
	"-523" [label="-",style=filled,fillcolor=powderblue]
	"AD522" -> "-523"
	"Term524" [label="Term"]
	"AD522" -> "Term524"
	"Pow525" [label="Pow"]
	"Term524" -> "Pow525"
	"Fact526" [label="Fact"]
	"Pow525" -> "Fact526"
	"m527" [label="m",style=filled,fillcolor=powderblue]
	"Fact526" -> "m527"
	"[528" [label="[",style=filled,fillcolor=powderblue]
	"Fact526" -> "[528"
	"Expression529" [label="Expression"]
	"Fact526" -> "Expression529"
	"Term530" [label="Term"]
	"Expression529" -> "Term530"
	"Pow531" [label="Pow"]
	"Term530" -> "Pow531"
	"Fact532" [label="Fact"]
	"Pow531" -> "Fact532"
	"num533" [label="num",style=filled,fillcolor=powderblue]
	"Fact532" -> "num533"
	"Exponent534" [label="Exponent"]
	"Pow531" -> "Exponent534"
	"**535" [label="**",style=filled,fillcolor=powderblue]
	"Exponent534" -> "**535"
	"Fact536" [label="Fact"]
	"Exponent534" -> "Fact536"
	"num537" [label="num",style=filled,fillcolor=powderblue]
	"Fact536" -> "num537"
	"Exponent538" [label="Exponent"]
	"Exponent534" -> "Exponent538"
	"e539" [label="e"]
	"Exponent538" -> "e539"
	"MD540" [label="MD"]
	"Term530" -> "MD540"
	"*541" [label="*",style=filled,fillcolor=powderblue]
	"MD540" -> "*541"
	"Pow542" [label="Pow"]
	"MD540" -> "Pow542"
	"Fact543" [label="Fact"]
	"Pow542" -> "Fact543"
	"num544" [label="num",style=filled,fillcolor=powderblue]
	"Fact543" -> "num544"
	"Exponent545" [label="Exponent"]
	"Pow542" -> "Exponent545"
	"e546" [label="e"]
	"Exponent545" -> "e546"
	"MD547" [label="MD"]
	"MD540" -> "MD547"
	"e548" [label="e"]
	"MD547" -> "e548"
	"AD549" [label="AD"]
	"Expression529" -> "AD549"
	"-550" [label="-",style=filled,fillcolor=powderblue]
	"AD549" -> "-550"
	"Term551" [label="Term"]
	"AD549" -> "Term551"
	"Pow552" [label="Pow"]
	"Term551" -> "Pow552"
	"Fact553" [label="Fact"]
	"Pow552" -> "Fact553"
	"num554" [label="num",style=filled,fillcolor=powderblue]
	"Fact553" -> "num554"
	"Exponent555" [label="Exponent"]
	"Pow552" -> "Exponent555"
	"e556" [label="e"]
	"Exponent555" -> "e556"
	"MD557" [label="MD"]
	"Term551" -> "MD557"
	"e558" [label="e"]
	"MD557" -> "e558"
	"AD559" [label="AD"]
	"AD549" -> "AD559"
	"e560" [label="e"]
	"AD559" -> "e560"
	"]561" [label="]",style=filled,fillcolor=powderblue]
	"Fact526" -> "]561"
	"Exponent562" [label="Exponent"]
	"Pow525" -> "Exponent562"
	"e563" [label="e"]
	"Exponent562" -> "e563"
	"MD564" [label="MD"]
	"Term524" -> "MD564"
	"e565" [label="e"]
	"MD564" -> "e565"
	"AD566" [label="AD"]
	"AD522" -> "AD566"
	"-567" [label="-",style=filled,fillcolor=powderblue]
	"AD566" -> "-567"
	"Term568" [label="Term"]
	"AD566" -> "Term568"
	"Pow569" [label="Pow"]
	"Term568" -> "Pow569"
	"Fact570" [label="Fact"]
	"Pow569" -> "Fact570"
	"num571" [label="num",style=filled,fillcolor=powderblue]
	"Fact570" -> "num571"
	"Exponent572" [label="Exponent"]
	"Pow569" -> "Exponent572"
	"e573" [label="e"]
	"Exponent572" -> "e573"
	"MD574" [label="MD"]
	"Term568" -> "MD574"
	"e575" [label="e"]
	"MD574" -> "e575"
	"AD576" [label="AD"]
	"AD566" -> "AD576"
	"e577" [label="e"]
	"AD576" -> "e577"
	"More578" [label="More"]
	"More495" -> "More578"
	"Statement579" [label="Statement"]
	"More578" -> "Statement579"
	"Label580" [label="Label"]
	"Statement579" -> "Label580"
	"L581" [label="L",style=filled,fillcolor=powderblue]
	"Label580" -> "L581"
	"num582" [label="num",style=filled,fillcolor=powderblue]
	"Label580" -> "num582"
	":583" [label=":",style=filled,fillcolor=powderblue]
	"Label580" -> ":583"
	"More584" [label="More"]
	"More578" -> "More584"
	"Statement585" [label="Statement"]
	"More584" -> "Statement585"
	"Assignment586" [label="Assignment"]
	"Statement585" -> "Assignment586"
	"m587" [label="m",style=filled,fillcolor=powderblue]
	"Assignment586" -> "m587"
	"[588" [label="[",style=filled,fillcolor=powderblue]
	"Assignment586" -> "[588"
	"Expression589" [label="Expression"]
	"Assignment586" -> "Expression589"
	"Term590" [label="Term"]
	"Expression589" -> "Term590"
	"Pow591" [label="Pow"]
	"Term590" -> "Pow591"
	"Fact592" [label="Fact"]
	"Pow591" -> "Fact592"
	"num593" [label="num",style=filled,fillcolor=powderblue]
	"Fact592" -> "num593"
	"Exponent594" [label="Exponent"]
	"Pow591" -> "Exponent594"
	"e595" [label="e"]
	"Exponent594" -> "e595"
	"MD596" [label="MD"]
	"Term590" -> "MD596"
	"e597" [label="e"]
	"MD596" -> "e597"
	"AD598" [label="AD"]
	"Expression589" -> "AD598"
	"e599" [label="e"]
	"AD598" -> "e599"
	"]600" [label="]",style=filled,fillcolor=powderblue]
	"Assignment586" -> "]600"
	"=601" [label="=",style=filled,fillcolor=powderblue]
	"Assignment586" -> "=601"
	"Expression602" [label="Expression"]
	"Assignment586" -> "Expression602"
	"Term603" [label="Term"]
	"Expression602" -> "Term603"
	"Pow604" [label="Pow"]
	"Term603" -> "Pow604"
	"Fact605" [label="Fact"]
	"Pow604" -> "Fact605"
	"num606" [label="num",style=filled,fillcolor=powderblue]
	"Fact605" -> "num606"
	"Exponent607" [label="Exponent"]
	"Pow604" -> "Exponent607"
	"e608" [label="e"]
	"Exponent607" -> "e608"
	"MD609" [label="MD"]
	"Term603" -> "MD609"
	"e610" [label="e"]
	"MD609" -> "e610"
	"AD611" [label="AD"]
	"Expression602" -> "AD611"
	"-612" [label="-",style=filled,fillcolor=powderblue]
	"AD611" -> "-612"
	"Term613" [label="Term"]
	"AD611" -> "Term613"
	"Pow614" [label="Pow"]
	"Term613" -> "Pow614"
	"Fact615" [label="Fact"]
	"Pow614" -> "Fact615"
	"(616" [label="(",style=filled,fillcolor=powderblue]
	"Fact615" -> "(616"
	"Expression617" [label="Expression"]
	"Fact615" -> "Expression617"
	"Term618" [label="Term"]
	"Expression617" -> "Term618"
	"Pow619" [label="Pow"]
	"Term618" -> "Pow619"
	"Fact620" [label="Fact"]
	"Pow619" -> "Fact620"
	"m621" [label="m",style=filled,fillcolor=powderblue]
	"Fact620" -> "m621"
	"[622" [label="[",style=filled,fillcolor=powderblue]
	"Fact620" -> "[622"
	"Expression623" [label="Expression"]
	"Fact620" -> "Expression623"
	"Term624" [label="Term"]
	"Expression623" -> "Term624"
	"Pow625" [label="Pow"]
	"Term624" -> "Pow625"
	"Fact626" [label="Fact"]
	"Pow625" -> "Fact626"
	"num627" [label="num",style=filled,fillcolor=powderblue]
	"Fact626" -> "num627"
	"Exponent628" [label="Exponent"]
	"Pow625" -> "Exponent628"
	"e629" [label="e"]
	"Exponent628" -> "e629"
	"MD630" [label="MD"]
	"Term624" -> "MD630"
	"e631" [label="e"]
	"MD630" -> "e631"
	"AD632" [label="AD"]
	"Expression623" -> "AD632"
	"e633" [label="e"]
	"AD632" -> "e633"
	"]634" [label="]",style=filled,fillcolor=powderblue]
	"Fact620" -> "]634"
	"Exponent635" [label="Exponent"]
	"Pow619" -> "Exponent635"
	"e636" [label="e"]
	"Exponent635" -> "e636"
	"MD637" [label="MD"]
	"Term618" -> "MD637"
	"e638" [label="e"]
	"MD637" -> "e638"
	"AD639" [label="AD"]
	"Expression617" -> "AD639"
	"-640" [label="-",style=filled,fillcolor=powderblue]
	"AD639" -> "-640"
	"Term641" [label="Term"]
	"AD639" -> "Term641"
	"Pow642" [label="Pow"]
	"Term641" -> "Pow642"
	"Fact643" [label="Fact"]
	"Pow642" -> "Fact643"
	"num644" [label="num",style=filled,fillcolor=powderblue]
	"Fact643" -> "num644"
	"Exponent645" [label="Exponent"]
	"Pow642" -> "Exponent645"
	"e646" [label="e"]
	"Exponent645" -> "e646"
	"MD647" [label="MD"]
	"Term641" -> "MD647"
	"e648" [label="e"]
	"MD647" -> "e648"
	"AD649" [label="AD"]
	"AD639" -> "AD649"
	"e650" [label="e"]
	"AD649" -> "e650"
	")651" [label=")",style=filled,fillcolor=powderblue]
	"Fact615" -> ")651"
	"Exponent652" [label="Exponent"]
	"Pow614" -> "Exponent652"
	"e653" [label="e"]
	"Exponent652" -> "e653"
	"MD654" [label="MD"]
	"Term613" -> "MD654"
	"e655" [label="e"]
	"MD654" -> "e655"
	"AD656" [label="AD"]
	"AD611" -> "AD656"
	"e657" [label="e"]
	"AD656" -> "e657"
	"More658" [label="More"]
	"More584" -> "More658"
	"Statement659" [label="Statement"]
	"More658" -> "Statement659"
	"Assignment660" [label="Assignment"]
	"Statement659" -> "Assignment660"
	"m661" [label="m",style=filled,fillcolor=powderblue]
	"Assignment660" -> "m661"
	"[662" [label="[",style=filled,fillcolor=powderblue]
	"Assignment660" -> "[662"
	"Expression663" [label="Expression"]
	"Assignment660" -> "Expression663"
	"Term664" [label="Term"]
	"Expression663" -> "Term664"
	"Pow665" [label="Pow"]
	"Term664" -> "Pow665"
	"Fact666" [label="Fact"]
	"Pow665" -> "Fact666"
	"num667" [label="num",style=filled,fillcolor=powderblue]
	"Fact666" -> "num667"
	"Exponent668" [label="Exponent"]
	"Pow665" -> "Exponent668"
	"e669" [label="e"]
	"Exponent668" -> "e669"
	"MD670" [label="MD"]
	"Term664" -> "MD670"
	"e671" [label="e"]
	"MD670" -> "e671"
	"AD672" [label="AD"]
	"Expression663" -> "AD672"
	"e673" [label="e"]
	"AD672" -> "e673"
	"]674" [label="]",style=filled,fillcolor=powderblue]
	"Assignment660" -> "]674"
	"=675" [label="=",style=filled,fillcolor=powderblue]
	"Assignment660" -> "=675"
	"Expression676" [label="Expression"]
	"Assignment660" -> "Expression676"
	"Term677" [label="Term"]
	"Expression676" -> "Term677"
	"Pow678" [label="Pow"]
	"Term677" -> "Pow678"
	"Fact679" [label="Fact"]
	"Pow678" -> "Fact679"
	"num680" [label="num",style=filled,fillcolor=powderblue]
	"Fact679" -> "num680"
	"Exponent681" [label="Exponent"]
	"Pow678" -> "Exponent681"
	"e682" [label="e"]
	"Exponent681" -> "e682"
	"MD683" [label="MD"]
	"Term677" -> "MD683"
	"/684" [label="/",style=filled,fillcolor=powderblue]
	"MD683" -> "/684"
	"Pow685" [label="Pow"]
	"MD683" -> "Pow685"
	"Fact686" [label="Fact"]
	"Pow685" -> "Fact686"
	"num687" [label="num",style=filled,fillcolor=powderblue]
	"Fact686" -> "num687"
	"Exponent688" [label="Exponent"]
	"Pow685" -> "Exponent688"
	"e689" [label="e"]
	"Exponent688" -> "e689"
	"MD690" [label="MD"]
	"MD683" -> "MD690"
	"*691" [label="*",style=filled,fillcolor=powderblue]
	"MD690" -> "*691"
	"Pow692" [label="Pow"]
	"MD690" -> "Pow692"
	"Fact693" [label="Fact"]
	"Pow692" -> "Fact693"
	"num694" [label="num",style=filled,fillcolor=powderblue]
	"Fact693" -> "num694"
	"Exponent695" [label="Exponent"]
	"Pow692" -> "Exponent695"
	"e696" [label="e"]
	"Exponent695" -> "e696"
	"MD697" [label="MD"]
	"MD690" -> "MD697"
	"e698" [label="e"]
	"MD697" -> "e698"
	"AD699" [label="AD"]
	"Expression676" -> "AD699"
	"e700" [label="e"]
	"AD699" -> "e700"
	"More701" [label="More"]
	"More658" -> "More701"
	"Statement702" [label="Statement"]
	"More701" -> "Statement702"
	"Jump703" [label="Jump"]
	"Statement702" -> "Jump703"
	"goto704" [label="goto",style=filled,fillcolor=powderblue]
	"Jump703" -> "goto704"
	"num705" [label="num",style=filled,fillcolor=powderblue]
	"Jump703" -> "num705"
	"JumpExp706" [label="JumpExp"]
	"Jump703" -> "JumpExp706"
	"e707" [label="e"]
	"JumpExp706" -> "e707"
	"More708" [label="More"]
	"More701" -> "More708"
	"Statement709" [label="Statement"]
	"More708" -> "Statement709"
	"Assignment710" [label="Assignment"]
	"Statement709" -> "Assignment710"
	"m711" [label="m",style=filled,fillcolor=powderblue]
	"Assignment710" -> "m711"
	"[712" [label="[",style=filled,fillcolor=powderblue]
	"Assignment710" -> "[712"
	"Expression713" [label="Expression"]
	"Assignment710" -> "Expression713"
	"Term714" [label="Term"]
	"Expression713" -> "Term714"
	"Pow715" [label="Pow"]
	"Term714" -> "Pow715"
	"Fact716" [label="Fact"]
	"Pow715" -> "Fact716"
	"num717" [label="num",style=filled,fillcolor=powderblue]
	"Fact716" -> "num717"
	"Exponent718" [label="Exponent"]
	"Pow715" -> "Exponent718"
	"e719" [label="e"]
	"Exponent718" -> "e719"
	"MD720" [label="MD"]
	"Term714" -> "MD720"
	"e721" [label="e"]
	"MD720" -> "e721"
	"AD722" [label="AD"]
	"Expression713" -> "AD722"
	"e723" [label="e"]
	"AD722" -> "e723"
	"]724" [label="]",style=filled,fillcolor=powderblue]
	"Assignment710" -> "]724"
	"=725" [label="=",style=filled,fillcolor=powderblue]
	"Assignment710" -> "=725"
	"Expression726" [label="Expression"]
	"Assignment710" -> "Expression726"
	"Term727" [label="Term"]
	"Expression726" -> "Term727"
	"Pow728" [label="Pow"]
	"Term727" -> "Pow728"
	"Fact729" [label="Fact"]
	"Pow728" -> "Fact729"
	"num730" [label="num",style=filled,fillcolor=powderblue]
	"Fact729" -> "num730"
	"Exponent731" [label="Exponent"]
	"Pow728" -> "Exponent731"
	"e732" [label="e"]
	"Exponent731" -> "e732"
	"MD733" [label="MD"]
	"Term727" -> "MD733"
	"e734" [label="e"]
	"MD733" -> "e734"
	"AD735" [label="AD"]
	"Expression726" -> "AD735"
	"+736" [label="+",style=filled,fillcolor=powderblue]
	"AD735" -> "+736"
	"Term737" [label="Term"]
	"AD735" -> "Term737"
	"Pow738" [label="Pow"]
	"Term737" -> "Pow738"
	"Fact739" [label="Fact"]
	"Pow738" -> "Fact739"
	"m740" [label="m",style=filled,fillcolor=powderblue]
	"Fact739" -> "m740"
	"[741" [label="[",style=filled,fillcolor=powderblue]
	"Fact739" -> "[741"
	"Expression742" [label="Expression"]
	"Fact739" -> "Expression742"
	"Term743" [label="Term"]
	"Expression742" -> "Term743"
	"Pow744" [label="Pow"]
	"Term743" -> "Pow744"
	"Fact745" [label="Fact"]
	"Pow744" -> "Fact745"
	"num746" [label="num",style=filled,fillcolor=powderblue]
	"Fact745" -> "num746"
	"Exponent747" [label="Exponent"]
	"Pow744" -> "Exponent747"
	"e748" [label="e"]
	"Exponent747" -> "e748"
	"MD749" [label="MD"]
	"Term743" -> "MD749"
	"e750" [label="e"]
	"MD749" -> "e750"
	"AD751" [label="AD"]
	"Expression742" -> "AD751"
	"e752" [label="e"]
	"AD751" -> "e752"
	"]753" [label="]",style=filled,fillcolor=powderblue]
	"Fact739" -> "]753"
	"Exponent754" [label="Exponent"]
	"Pow738" -> "Exponent754"
	"e755" [label="e"]
	"Exponent754" -> "e755"
	"MD756" [label="MD"]
	"Term737" -> "MD756"
	"e757" [label="e"]
	"MD756" -> "e757"
	"AD758" [label="AD"]
	"AD735" -> "AD758"
	"e759" [label="e"]
	"AD758" -> "e759"
	"More760" [label="More"]
	"More708" -> "More760"
	"Statement761" [label="Statement"]
	"More760" -> "Statement761"
	"Assignment762" [label="Assignment"]
	"Statement761" -> "Assignment762"
	"m763" [label="m",style=filled,fillcolor=powderblue]
	"Assignment762" -> "m763"
	"[764" [label="[",style=filled,fillcolor=powderblue]
	"Assignment762" -> "[764"
	"Expression765" [label="Expression"]
	"Assignment762" -> "Expression765"
	"Term766" [label="Term"]
	"Expression765" -> "Term766"
	"Pow767" [label="Pow"]
	"Term766" -> "Pow767"
	"Fact768" [label="Fact"]
	"Pow767" -> "Fact768"
	"num769" [label="num",style=filled,fillcolor=powderblue]
	"Fact768" -> "num769"
	"Exponent770" [label="Exponent"]
	"Pow767" -> "Exponent770"
	"e771" [label="e"]
	"Exponent770" -> "e771"
	"MD772" [label="MD"]
	"Term766" -> "MD772"
	"e773" [label="e"]
	"MD772" -> "e773"
	"AD774" [label="AD"]
	"Expression765" -> "AD774"
	"e775" [label="e"]
	"AD774" -> "e775"
	"]776" [label="]",style=filled,fillcolor=powderblue]
	"Assignment762" -> "]776"
	"=777" [label="=",style=filled,fillcolor=powderblue]
	"Assignment762" -> "=777"
	"Expression778" [label="Expression"]
	"Assignment762" -> "Expression778"
	"Term779" [label="Term"]
	"Expression778" -> "Term779"
	"Pow780" [label="Pow"]
	"Term779" -> "Pow780"
	"Fact781" [label="Fact"]
	"Pow780" -> "Fact781"
	"num782" [label="num",style=filled,fillcolor=powderblue]
	"Fact781" -> "num782"
	"Exponent783" [label="Exponent"]
	"Pow780" -> "Exponent783"
	"e784" [label="e"]
	"Exponent783" -> "e784"
	"MD785" [label="MD"]
	"Term779" -> "MD785"
	"e786" [label="e"]
	"MD785" -> "e786"
	"AD787" [label="AD"]
	"Expression778" -> "AD787"
	"-788" [label="-",style=filled,fillcolor=powderblue]
	"AD787" -> "-788"
	"Term789" [label="Term"]
	"AD787" -> "Term789"
	"Pow790" [label="Pow"]
	"Term789" -> "Pow790"
	"Fact791" [label="Fact"]
	"Pow790" -> "Fact791"
	"m792" [label="m",style=filled,fillcolor=powderblue]
	"Fact791" -> "m792"
	"[793" [label="[",style=filled,fillcolor=powderblue]
	"Fact791" -> "[793"
	"Expression794" [label="Expression"]
	"Fact791" -> "Expression794"
	"Term795" [label="Term"]
	"Expression794" -> "Term795"
	"Pow796" [label="Pow"]
	"Term795" -> "Pow796"
	"Fact797" [label="Fact"]
	"Pow796" -> "Fact797"
	"num798" [label="num",style=filled,fillcolor=powderblue]
	"Fact797" -> "num798"
	"Exponent799" [label="Exponent"]
	"Pow796" -> "Exponent799"
	"e800" [label="e"]
	"Exponent799" -> "e800"
	"MD801" [label="MD"]
	"Term795" -> "MD801"
	"e802" [label="e"]
	"MD801" -> "e802"
	"AD803" [label="AD"]
	"Expression794" -> "AD803"
	"-804" [label="-",style=filled,fillcolor=powderblue]
	"AD803" -> "-804"
	"Term805" [label="Term"]
	"AD803" -> "Term805"
	"Pow806" [label="Pow"]
	"Term805" -> "Pow806"
	"Fact807" [label="Fact"]
	"Pow806" -> "Fact807"
	"num808" [label="num",style=filled,fillcolor=powderblue]
	"Fact807" -> "num808"
	"Exponent809" [label="Exponent"]
	"Pow806" -> "Exponent809"
	"e810" [label="e"]
	"Exponent809" -> "e810"
	"MD811" [label="MD"]
	"Term805" -> "MD811"
	"e812" [label="e"]
	"MD811" -> "e812"
	"AD813" [label="AD"]
	"AD803" -> "AD813"
	"e814" [label="e"]
	"AD813" -> "e814"
	"]815" [label="]",style=filled,fillcolor=powderblue]
	"Fact791" -> "]815"
	"Exponent816" [label="Exponent"]
	"Pow790" -> "Exponent816"
	"e817" [label="e"]
	"Exponent816" -> "e817"
	"MD818" [label="MD"]
	"Term789" -> "MD818"
	"e819" [label="e"]
	"MD818" -> "e819"
	"AD820" [label="AD"]
	"AD787" -> "AD820"
	"e821" [label="e"]
	"AD820" -> "e821"
	"More822" [label="More"]
	"More760" -> "More822"
	"Statement823" [label="Statement"]
	"More822" -> "Statement823"
	"Assignment824" [label="Assignment"]
	"Statement823" -> "Assignment824"
	"m825" [label="m",style=filled,fillcolor=powderblue]
	"Assignment824" -> "m825"
	"[826" [label="[",style=filled,fillcolor=powderblue]
	"Assignment824" -> "[826"
	"Expression827" [label="Expression"]
	"Assignment824" -> "Expression827"
	"Term828" [label="Term"]
	"Expression827" -> "Term828"
	"Pow829" [label="Pow"]
	"Term828" -> "Pow829"
	"Fact830" [label="Fact"]
	"Pow829" -> "Fact830"
	"num831" [label="num",style=filled,fillcolor=powderblue]
	"Fact830" -> "num831"
	"Exponent832" [label="Exponent"]
	"Pow829" -> "Exponent832"
	"e833" [label="e"]
	"Exponent832" -> "e833"
	"MD834" [label="MD"]
	"Term828" -> "MD834"
	"e835" [label="e"]
	"MD834" -> "e835"
	"AD836" [label="AD"]
	"Expression827" -> "AD836"
	"e837" [label="e"]
	"AD836" -> "e837"
	"]838" [label="]",style=filled,fillcolor=powderblue]
	"Assignment824" -> "]838"
	"=839" [label="=",style=filled,fillcolor=powderblue]
	"Assignment824" -> "=839"
	"Expression840" [label="Expression"]
	"Assignment824" -> "Expression840"
	"Term841" [label="Term"]
	"Expression840" -> "Term841"
	"Pow842" [label="Pow"]
	"Term841" -> "Pow842"
	"Fact843" [label="Fact"]
	"Pow842" -> "Fact843"
	"num844" [label="num",style=filled,fillcolor=powderblue]
	"Fact843" -> "num844"
	"Exponent845" [label="Exponent"]
	"Pow842" -> "Exponent845"
	"e846" [label="e"]
	"Exponent845" -> "e846"
	"MD847" [label="MD"]
	"Term841" -> "MD847"
	"e848" [label="e"]
	"MD847" -> "e848"
	"AD849" [label="AD"]
	"Expression840" -> "AD849"
	"-850" [label="-",style=filled,fillcolor=powderblue]
	"AD849" -> "-850"
	"Term851" [label="Term"]
	"AD849" -> "Term851"
	"Pow852" [label="Pow"]
	"Term851" -> "Pow852"
	"Fact853" [label="Fact"]
	"Pow852" -> "Fact853"
	"(854" [label="(",style=filled,fillcolor=powderblue]
	"Fact853" -> "(854"
	"Expression855" [label="Expression"]
	"Fact853" -> "Expression855"
	"Term856" [label="Term"]
	"Expression855" -> "Term856"
	"Pow857" [label="Pow"]
	"Term856" -> "Pow857"
	"Fact858" [label="Fact"]
	"Pow857" -> "Fact858"
	"num859" [label="num",style=filled,fillcolor=powderblue]
	"Fact858" -> "num859"
	"Exponent860" [label="Exponent"]
	"Pow857" -> "Exponent860"
	"e861" [label="e"]
	"Exponent860" -> "e861"
	"MD862" [label="MD"]
	"Term856" -> "MD862"
	"e863" [label="e"]
	"MD862" -> "e863"
	"AD864" [label="AD"]
	"Expression855" -> "AD864"
	"-865" [label="-",style=filled,fillcolor=powderblue]
	"AD864" -> "-865"
	"Term866" [label="Term"]
	"AD864" -> "Term866"
	"Pow867" [label="Pow"]
	"Term866" -> "Pow867"
	"Fact868" [label="Fact"]
	"Pow867" -> "Fact868"
	"num869" [label="num",style=filled,fillcolor=powderblue]
	"Fact868" -> "num869"
	"Exponent870" [label="Exponent"]
	"Pow867" -> "Exponent870"
	"e871" [label="e"]
	"Exponent870" -> "e871"
	"MD872" [label="MD"]
	"Term866" -> "MD872"
	"e873" [label="e"]
	"MD872" -> "e873"
	"AD874" [label="AD"]
	"AD864" -> "AD874"
	"e875" [label="e"]
	"AD874" -> "e875"
	")876" [label=")",style=filled,fillcolor=powderblue]
	"Fact853" -> ")876"
	"Exponent877" [label="Exponent"]
	"Pow852" -> "Exponent877"
	"e878" [label="e"]
	"Exponent877" -> "e878"
	"MD879" [label="MD"]
	"Term851" -> "MD879"
	"e880" [label="e"]
	"MD879" -> "e880"
	"AD881" [label="AD"]
	"AD849" -> "AD881"
	"e882" [label="e"]
	"AD881" -> "e882"
	"More883" [label="More"]
	"More822" -> "More883"
	"Statement884" [label="Statement"]
	"More883" -> "Statement884"
	"Assignment885" [label="Assignment"]
	"Statement884" -> "Assignment885"
	"m886" [label="m",style=filled,fillcolor=powderblue]
	"Assignment885" -> "m886"
	"[887" [label="[",style=filled,fillcolor=powderblue]
	"Assignment885" -> "[887"
	"Expression888" [label="Expression"]
	"Assignment885" -> "Expression888"
	"Term889" [label="Term"]
	"Expression888" -> "Term889"
	"Pow890" [label="Pow"]
	"Term889" -> "Pow890"
	"Fact891" [label="Fact"]
	"Pow890" -> "Fact891"
	"num892" [label="num",style=filled,fillcolor=powderblue]
	"Fact891" -> "num892"
	"Exponent893" [label="Exponent"]
	"Pow890" -> "Exponent893"
	"e894" [label="e"]
	"Exponent893" -> "e894"
	"MD895" [label="MD"]
	"Term889" -> "MD895"
	"e896" [label="e"]
	"MD895" -> "e896"
	"AD897" [label="AD"]
	"Expression888" -> "AD897"
	"e898" [label="e"]
	"AD897" -> "e898"
	"]899" [label="]",style=filled,fillcolor=powderblue]
	"Assignment885" -> "]899"
	"=900" [label="=",style=filled,fillcolor=powderblue]
	"Assignment885" -> "=900"
	"Expression901" [label="Expression"]
	"Assignment885" -> "Expression901"
	"Term902" [label="Term"]
	"Expression901" -> "Term902"
	"Pow903" [label="Pow"]
	"Term902" -> "Pow903"
	"Fact904" [label="Fact"]
	"Pow903" -> "Fact904"
	"num905" [label="num",style=filled,fillcolor=powderblue]
	"Fact904" -> "num905"
	"Exponent906" [label="Exponent"]
	"Pow903" -> "Exponent906"
	"e907" [label="e"]
	"Exponent906" -> "e907"
	"MD908" [label="MD"]
	"Term902" -> "MD908"
	"e909" [label="e"]
	"MD908" -> "e909"
	"AD910" [label="AD"]
	"Expression901" -> "AD910"
	"-911" [label="-",style=filled,fillcolor=powderblue]
	"AD910" -> "-911"
	"Term912" [label="Term"]
	"AD910" -> "Term912"
	"Pow913" [label="Pow"]
	"Term912" -> "Pow913"
	"Fact914" [label="Fact"]
	"Pow913" -> "Fact914"
	"m915" [label="m",style=filled,fillcolor=powderblue]
	"Fact914" -> "m915"
	"[916" [label="[",style=filled,fillcolor=powderblue]
	"Fact914" -> "[916"
	"Expression917" [label="Expression"]
	"Fact914" -> "Expression917"
	"Term918" [label="Term"]
	"Expression917" -> "Term918"
	"Pow919" [label="Pow"]
	"Term918" -> "Pow919"
	"Fact920" [label="Fact"]
	"Pow919" -> "Fact920"
	"(921" [label="(",style=filled,fillcolor=powderblue]
	"Fact920" -> "(921"
	"Expression922" [label="Expression"]
	"Fact920" -> "Expression922"
	"Term923" [label="Term"]
	"Expression922" -> "Term923"
	"Pow924" [label="Pow"]
	"Term923" -> "Pow924"
	"Fact925" [label="Fact"]
	"Pow924" -> "Fact925"
	"num926" [label="num",style=filled,fillcolor=powderblue]
	"Fact925" -> "num926"
	"Exponent927" [label="Exponent"]
	"Pow924" -> "Exponent927"
	"e928" [label="e"]
	"Exponent927" -> "e928"
	"MD929" [label="MD"]
	"Term923" -> "MD929"
	"e930" [label="e"]
	"MD929" -> "e930"
	"AD931" [label="AD"]
	"Expression922" -> "AD931"
	"-932" [label="-",style=filled,fillcolor=powderblue]
	"AD931" -> "-932"
	"Term933" [label="Term"]
	"AD931" -> "Term933"
	"Pow934" [label="Pow"]
	"Term933" -> "Pow934"
	"Fact935" [label="Fact"]
	"Pow934" -> "Fact935"
	"num936" [label="num",style=filled,fillcolor=powderblue]
	"Fact935" -> "num936"
	"Exponent937" [label="Exponent"]
	"Pow934" -> "Exponent937"
	"e938" [label="e"]
	"Exponent937" -> "e938"
	"MD939" [label="MD"]
	"Term933" -> "MD939"
	"e940" [label="e"]
	"MD939" -> "e940"
	"AD941" [label="AD"]
	"AD931" -> "AD941"
	"e942" [label="e"]
	"AD941" -> "e942"
	")943" [label=")",style=filled,fillcolor=powderblue]
	"Fact920" -> ")943"
	"Exponent944" [label="Exponent"]
	"Pow919" -> "Exponent944"
	"e945" [label="e"]
	"Exponent944" -> "e945"
	"MD946" [label="MD"]
	"Term918" -> "MD946"
	"e947" [label="e"]
	"MD946" -> "e947"
	"AD948" [label="AD"]
	"Expression917" -> "AD948"
	"e949" [label="e"]
	"AD948" -> "e949"
	"]950" [label="]",style=filled,fillcolor=powderblue]
	"Fact914" -> "]950"
	"Exponent951" [label="Exponent"]
	"Pow913" -> "Exponent951"
	"e952" [label="e"]
	"Exponent951" -> "e952"
	"MD953" [label="MD"]
	"Term912" -> "MD953"
	"e954" [label="e"]
	"MD953" -> "e954"
	"AD955" [label="AD"]
	"AD910" -> "AD955"
	"e956" [label="e"]
	"AD955" -> "e956"
	"More957" [label="More"]
	"More883" -> "More957"
	"Statement958" [label="Statement"]
	"More957" -> "Statement958"
	"Print959" [label="Print"]
	"Statement958" -> "Print959"
	"print960" [label="print",style=filled,fillcolor=powderblue]
	"Print959" -> "print960"
	"Expression961" [label="Expression"]
	"Print959" -> "Expression961"
	"Term962" [label="Term"]
	"Expression961" -> "Term962"
	"Pow963" [label="Pow"]
	"Term962" -> "Pow963"
	"Fact964" [label="Fact"]
	"Pow963" -> "Fact964"
	"m965" [label="m",style=filled,fillcolor=powderblue]
	"Fact964" -> "m965"
	"[966" [label="[",style=filled,fillcolor=powderblue]
	"Fact964" -> "[966"
	"Expression967" [label="Expression"]
	"Fact964" -> "Expression967"
	"Term968" [label="Term"]
	"Expression967" -> "Term968"
	"Pow969" [label="Pow"]
	"Term968" -> "Pow969"
	"Fact970" [label="Fact"]
	"Pow969" -> "Fact970"
	"num971" [label="num",style=filled,fillcolor=powderblue]
	"Fact970" -> "num971"
	"Exponent972" [label="Exponent"]
	"Pow969" -> "Exponent972"
	"e973" [label="e"]
	"Exponent972" -> "e973"
	"MD974" [label="MD"]
	"Term968" -> "MD974"
	"e975" [label="e"]
	"MD974" -> "e975"
	"AD976" [label="AD"]
	"Expression967" -> "AD976"
	"e977" [label="e"]
	"AD976" -> "e977"
	"]978" [label="]",style=filled,fillcolor=powderblue]
	"Fact964" -> "]978"
	"Exponent979" [label="Exponent"]
	"Pow963" -> "Exponent979"
	"e980" [label="e"]
	"Exponent979" -> "e980"
	"MD981" [label="MD"]
	"Term962" -> "MD981"
	"e982" [label="e"]
	"MD981" -> "e982"
	"AD983" [label="AD"]
	"Expression961" -> "AD983"
	"e984" [label="e"]
	"AD983" -> "e984"
	"More985" [label="More"]
	"More957" -> "More985"
	"eof986" [label="eof",style=filled,fillcolor=powderblue]
	"More985" -> "eof986"
};
