digraph G {
	"Start1" [label="Start"]
	"Statements2" [label="Statements"]
	"Start1" -> "Statements2"
	"Statement3" [label="Statement"]
	"Statements2" -> "Statement3"
	"Assignment4" [label="Assignment"]
	"Statement3" -> "Assignment4"
	"m5" [label="m",style=filled,fillcolor=powderblue]
	"Assignment4" -> "m5"
	"[6" [label="[",style=filled,fillcolor=powderblue]
	"Assignment4" -> "[6"
	"Expression7" [label="Expression"]
	"Assignment4" -> "Expression7"
	"Term8" [label="Term"]
	"Expression7" -> "Term8"
	"Pow9" [label="Pow"]
	"Term8" -> "Pow9"
	"Fact10" [label="Fact"]
	"Pow9" -> "Fact10"
	"num11" [label="num",style=filled,fillcolor=powderblue]
	"Fact10" -> "num11"
	"Exponent12" [label="Exponent"]
	"Pow9" -> "Exponent12"
	"e13" [label="e"]
	"Exponent12" -> "e13"
	"MD14" [label="MD"]
	"Term8" -> "MD14"
	"e15" [label="e"]
	"MD14" -> "e15"
	"AD16" [label="AD"]
	"Expression7" -> "AD16"
	"e17" [label="e"]
	"AD16" -> "e17"
	"]18" [label="]",style=filled,fillcolor=powderblue]
	"Assignment4" -> "]18"
	"=19" [label="=",style=filled,fillcolor=powderblue]
	"Assignment4" -> "=19"
	"Expression20" [label="Expression"]
	"Assignment4" -> "Expression20"
	"Term21" [label="Term"]
	"Expression20" -> "Term21"
	"Pow22" [label="Pow"]
	"Term21" -> "Pow22"
	"Fact23" [label="Fact"]
	"Pow22" -> "Fact23"
	"num24" [label="num",style=filled,fillcolor=powderblue]
	"Fact23" -> "num24"
	"Exponent25" [label="Exponent"]
	"Pow22" -> "Exponent25"
	"e26" [label="e"]
	"Exponent25" -> "e26"
	"MD27" [label="MD"]
	"Term21" -> "MD27"
	"/28" [label="/",style=filled,fillcolor=powderblue]
	"MD27" -> "/28"
	"Pow29" [label="Pow"]
	"MD27" -> "Pow29"
	"Fact30" [label="Fact"]
	"Pow29" -> "Fact30"
	"num31" [label="num",style=filled,fillcolor=powderblue]
	"Fact30" -> "num31"
	"Exponent32" [label="Exponent"]
	"Pow29" -> "Exponent32"
	"e33" [label="e"]
	"Exponent32" -> "e33"
	"MD34" [label="MD"]
	"MD27" -> "MD34"
	"*35" [label="*",style=filled,fillcolor=powderblue]
	"MD34" -> "*35"
	"Pow36" [label="Pow"]
	"MD34" -> "Pow36"
	"Fact37" [label="Fact"]
	"Pow36" -> "Fact37"
	"num38" [label="num",style=filled,fillcolor=powderblue]
	"Fact37" -> "num38"
	"Exponent39" [label="Exponent"]
	"Pow36" -> "Exponent39"
	"e40" [label="e"]
	"Exponent39" -> "e40"
	"MD41" [label="MD"]
	"MD34" -> "MD41"
	"e42" [label="e"]
	"MD41" -> "e42"
	"AD43" [label="AD"]
	"Expression20" -> "AD43"
	"e44" [label="e"]
	"AD43" -> "e44"
	"More45" [label="More"]
	"Statements2" -> "More45"
	"Statement46" [label="Statement"]
	"More45" -> "Statement46"
	"Assignment47" [label="Assignment"]
	"Statement46" -> "Assignment47"
	"m48" [label="m",style=filled,fillcolor=powderblue]
	"Assignment47" -> "m48"
	"[49" [label="[",style=filled,fillcolor=powderblue]
	"Assignment47" -> "[49"
	"Expression50" [label="Expression"]
	"Assignment47" -> "Expression50"
	"Term51" [label="Term"]
	"Expression50" -> "Term51"
	"Pow52" [label="Pow"]
	"Term51" -> "Pow52"
	"Fact53" [label="Fact"]
	"Pow52" -> "Fact53"
	"num54" [label="num",style=filled,fillcolor=powderblue]
	"Fact53" -> "num54"
	"Exponent55" [label="Exponent"]
	"Pow52" -> "Exponent55"
	"e56" [label="e"]
	"Exponent55" -> "e56"
	"MD57" [label="MD"]
	"Term51" -> "MD57"
	"e58" [label="e"]
	"MD57" -> "e58"
	"AD59" [label="AD"]
	"Expression50" -> "AD59"
	"e60" [label="e"]
	"AD59" -> "e60"
	"]61" [label="]",style=filled,fillcolor=powderblue]
	"Assignment47" -> "]61"
	"=62" [label="=",style=filled,fillcolor=powderblue]
	"Assignment47" -> "=62"
	"Expression63" [label="Expression"]
	"Assignment47" -> "Expression63"
	"Term64" [label="Term"]
	"Expression63" -> "Term64"
	"Pow65" [label="Pow"]
	"Term64" -> "Pow65"
	"Fact66" [label="Fact"]
	"Pow65" -> "Fact66"
	"num67" [label="num",style=filled,fillcolor=powderblue]
	"Fact66" -> "num67"
	"Exponent68" [label="Exponent"]
	"Pow65" -> "Exponent68"
	"e69" [label="e"]
	"Exponent68" -> "e69"
	"MD70" [label="MD"]
	"Term64" -> "MD70"
	"e71" [label="e"]
	"MD70" -> "e71"
	"AD72" [label="AD"]
	"Expression63" -> "AD72"
	"+73" [label="+",style=filled,fillcolor=powderblue]
	"AD72" -> "+73"
	"Term74" [label="Term"]
	"AD72" -> "Term74"
	"Pow75" [label="Pow"]
	"Term74" -> "Pow75"
	"Fact76" [label="Fact"]
	"Pow75" -> "Fact76"
	"m77" [label="m",style=filled,fillcolor=powderblue]
	"Fact76" -> "m77"
	"[78" [label="[",style=filled,fillcolor=powderblue]
	"Fact76" -> "[78"
	"Expression79" [label="Expression"]
	"Fact76" -> "Expression79"
	"Term80" [label="Term"]
	"Expression79" -> "Term80"
	"Pow81" [label="Pow"]
	"Term80" -> "Pow81"
	"Fact82" [label="Fact"]
	"Pow81" -> "Fact82"
	"num83" [label="num",style=filled,fillcolor=powderblue]
	"Fact82" -> "num83"
	"Exponent84" [label="Exponent"]
	"Pow81" -> "Exponent84"
	"e85" [label="e"]
	"Exponent84" -> "e85"
	"MD86" [label="MD"]
	"Term80" -> "MD86"
	"e87" [label="e"]
	"MD86" -> "e87"
	"AD88" [label="AD"]
	"Expression79" -> "AD88"
	"e89" [label="e"]
	"AD88" -> "e89"
	"]90" [label="]",style=filled,fillcolor=powderblue]
	"Fact76" -> "]90"
	"Exponent91" [label="Exponent"]
	"Pow75" -> "Exponent91"
	"e92" [label="e"]
	"Exponent91" -> "e92"
	"MD93" [label="MD"]
	"Term74" -> "MD93"
	"e94" [label="e"]
	"MD93" -> "e94"
	"AD95" [label="AD"]
	"AD72" -> "AD95"
	"e96" [label="e"]
	"AD95" -> "e96"
	"More97" [label="More"]
	"More45" -> "More97"
	"Statement98" [label="Statement"]
	"More97" -> "Statement98"
	"Assignment99" [label="Assignment"]
	"Statement98" -> "Assignment99"
	"m100" [label="m",style=filled,fillcolor=powderblue]
	"Assignment99" -> "m100"
	"[101" [label="[",style=filled,fillcolor=powderblue]
	"Assignment99" -> "[101"
	"Expression102" [label="Expression"]
	"Assignment99" -> "Expression102"
	"Term103" [label="Term"]
	"Expression102" -> "Term103"
	"Pow104" [label="Pow"]
	"Term103" -> "Pow104"
	"Fact105" [label="Fact"]
	"Pow104" -> "Fact105"
	"num106" [label="num",style=filled,fillcolor=powderblue]
	"Fact105" -> "num106"
	"Exponent107" [label="Exponent"]
	"Pow104" -> "Exponent107"
	"e108" [label="e"]
	"Exponent107" -> "e108"
	"MD109" [label="MD"]
	"Term103" -> "MD109"
	"e110" [label="e"]
	"MD109" -> "e110"
	"AD111" [label="AD"]
	"Expression102" -> "AD111"
	"e112" [label="e"]
	"AD111" -> "e112"
	"]113" [label="]",style=filled,fillcolor=powderblue]
	"Assignment99" -> "]113"
	"=114" [label="=",style=filled,fillcolor=powderblue]
	"Assignment99" -> "=114"
	"Expression115" [label="Expression"]
	"Assignment99" -> "Expression115"
	"Term116" [label="Term"]
	"Expression115" -> "Term116"
	"Pow117" [label="Pow"]
	"Term116" -> "Pow117"
	"Fact118" [label="Fact"]
	"Pow117" -> "Fact118"
	"num119" [label="num",style=filled,fillcolor=powderblue]
	"Fact118" -> "num119"
	"Exponent120" [label="Exponent"]
	"Pow117" -> "Exponent120"
	"e121" [label="e"]
	"Exponent120" -> "e121"
	"MD122" [label="MD"]
	"Term116" -> "MD122"
	"e123" [label="e"]
	"MD122" -> "e123"
	"AD124" [label="AD"]
	"Expression115" -> "AD124"
	"-125" [label="-",style=filled,fillcolor=powderblue]
	"AD124" -> "-125"
	"Term126" [label="Term"]
	"AD124" -> "Term126"
	"Pow127" [label="Pow"]
	"Term126" -> "Pow127"
	"Fact128" [label="Fact"]
	"Pow127" -> "Fact128"
	"m129" [label="m",style=filled,fillcolor=powderblue]
	"Fact128" -> "m129"
	"[130" [label="[",style=filled,fillcolor=powderblue]
	"Fact128" -> "[130"
	"Expression131" [label="Expression"]
	"Fact128" -> "Expression131"
	"Term132" [label="Term"]
	"Expression131" -> "Term132"
	"Pow133" [label="Pow"]
	"Term132" -> "Pow133"
	"Fact134" [label="Fact"]
	"Pow133" -> "Fact134"
	"num135" [label="num",style=filled,fillcolor=powderblue]
	"Fact134" -> "num135"
	"Exponent136" [label="Exponent"]
	"Pow133" -> "Exponent136"
	"e137" [label="e"]
	"Exponent136" -> "e137"
	"MD138" [label="MD"]
	"Term132" -> "MD138"
	"e139" [label="e"]
	"MD138" -> "e139"
	"AD140" [label="AD"]
	"Expression131" -> "AD140"
	"-141" [label="-",style=filled,fillcolor=powderblue]
	"AD140" -> "-141"
	"Term142" [label="Term"]
	"AD140" -> "Term142"
	"Pow143" [label="Pow"]
	"Term142" -> "Pow143"
	"Fact144" [label="Fact"]
	"Pow143" -> "Fact144"
	"num145" [label="num",style=filled,fillcolor=powderblue]
	"Fact144" -> "num145"
	"Exponent146" [label="Exponent"]
	"Pow143" -> "Exponent146"
	"e147" [label="e"]
	"Exponent146" -> "e147"
	"MD148" [label="MD"]
	"Term142" -> "MD148"
	"e149" [label="e"]
	"MD148" -> "e149"
	"AD150" [label="AD"]
	"AD140" -> "AD150"
	"e151" [label="e"]
	"AD150" -> "e151"
	"]152" [label="]",style=filled,fillcolor=powderblue]
	"Fact128" -> "]152"
	"Exponent153" [label="Exponent"]
	"Pow127" -> "Exponent153"
	"e154" [label="e"]
	"Exponent153" -> "e154"
	"MD155" [label="MD"]
	"Term126" -> "MD155"
	"e156" [label="e"]
	"MD155" -> "e156"
	"AD157" [label="AD"]
	"AD124" -> "AD157"
	"e158" [label="e"]
	"AD157" -> "e158"
	"More159" [label="More"]
	"More97" -> "More159"
	"Statement160" [label="Statement"]
	"More159" -> "Statement160"
	"Assignment161" [label="Assignment"]
	"Statement160" -> "Assignment161"
	"m162" [label="m",style=filled,fillcolor=powderblue]
	"Assignment161" -> "m162"
	"[163" [label="[",style=filled,fillcolor=powderblue]
	"Assignment161" -> "[163"
	"Expression164" [label="Expression"]
	"Assignment161" -> "Expression164"
	"Term165" [label="Term"]
	"Expression164" -> "Term165"
	"Pow166" [label="Pow"]
	"Term165" -> "Pow166"
	"Fact167" [label="Fact"]
	"Pow166" -> "Fact167"
	"num168" [label="num",style=filled,fillcolor=powderblue]
	"Fact167" -> "num168"
	"Exponent169" [label="Exponent"]
	"Pow166" -> "Exponent169"
	"e170" [label="e"]
	"Exponent169" -> "e170"
	"MD171" [label="MD"]
	"Term165" -> "MD171"
	"e172" [label="e"]
	"MD171" -> "e172"
	"AD173" [label="AD"]
	"Expression164" -> "AD173"
	"e174" [label="e"]
	"AD173" -> "e174"
	"]175" [label="]",style=filled,fillcolor=powderblue]
	"Assignment161" -> "]175"
	"=176" [label="=",style=filled,fillcolor=powderblue]
	"Assignment161" -> "=176"
	"Expression177" [label="Expression"]
	"Assignment161" -> "Expression177"
	"Term178" [label="Term"]
	"Expression177" -> "Term178"
	"Pow179" [label="Pow"]
	"Term178" -> "Pow179"
	"Fact180" [label="Fact"]
	"Pow179" -> "Fact180"
	"num181" [label="num",style=filled,fillcolor=powderblue]
	"Fact180" -> "num181"
	"Exponent182" [label="Exponent"]
	"Pow179" -> "Exponent182"
	"e183" [label="e"]
	"Exponent182" -> "e183"
	"MD184" [label="MD"]
	"Term178" -> "MD184"
	"e185" [label="e"]
	"MD184" -> "e185"
	"AD186" [label="AD"]
	"Expression177" -> "AD186"
	"-187" [label="-",style=filled,fillcolor=powderblue]
	"AD186" -> "-187"
	"Term188" [label="Term"]
	"AD186" -> "Term188"
	"Pow189" [label="Pow"]
	"Term188" -> "Pow189"
	"Fact190" [label="Fact"]
	"Pow189" -> "Fact190"
	"(191" [label="(",style=filled,fillcolor=powderblue]
	"Fact190" -> "(191"
	"Expression192" [label="Expression"]
	"Fact190" -> "Expression192"
	"Term193" [label="Term"]
	"Expression192" -> "Term193"
	"Pow194" [label="Pow"]
	"Term193" -> "Pow194"
	"Fact195" [label="Fact"]
	"Pow194" -> "Fact195"
	"num196" [label="num",style=filled,fillcolor=powderblue]
	"Fact195" -> "num196"
	"Exponent197" [label="Exponent"]
	"Pow194" -> "Exponent197"
	"e198" [label="e"]
	"Exponent197" -> "e198"
	"MD199" [label="MD"]
	"Term193" -> "MD199"
	"e200" [label="e"]
	"MD199" -> "e200"
	"AD201" [label="AD"]
	"Expression192" -> "AD201"
	"-202" [label="-",style=filled,fillcolor=powderblue]
	"AD201" -> "-202"
	"Term203" [label="Term"]
	"AD201" -> "Term203"
	"Pow204" [label="Pow"]
	"Term203" -> "Pow204"
	"Fact205" [label="Fact"]
	"Pow204" -> "Fact205"
	"num206" [label="num",style=filled,fillcolor=powderblue]
	"Fact205" -> "num206"
	"Exponent207" [label="Exponent"]
	"Pow204" -> "Exponent207"
	"e208" [label="e"]
	"Exponent207" -> "e208"
	"MD209" [label="MD"]
	"Term203" -> "MD209"
	"e210" [label="e"]
	"MD209" -> "e210"
	"AD211" [label="AD"]
	"AD201" -> "AD211"
	"e212" [label="e"]
	"AD211" -> "e212"
	")213" [label=")",style=filled,fillcolor=powderblue]
	"Fact190" -> ")213"
	"Exponent214" [label="Exponent"]
	"Pow189" -> "Exponent214"
	"e215" [label="e"]
	"Exponent214" -> "e215"
	"MD216" [label="MD"]
	"Term188" -> "MD216"
	"e217" [label="e"]
	"MD216" -> "e217"
	"AD218" [label="AD"]
	"AD186" -> "AD218"
	"e219" [label="e"]
	"AD218" -> "e219"
	"More220" [label="More"]
	"More159" -> "More220"
	"Statement221" [label="Statement"]
	"More220" -> "Statement221"
	"Assignment222" [label="Assignment"]
	"Statement221" -> "Assignment222"
	"m223" [label="m",style=filled,fillcolor=powderblue]
	"Assignment222" -> "m223"
	"[224" [label="[",style=filled,fillcolor=powderblue]
	"Assignment222" -> "[224"
	"Expression225" [label="Expression"]
	"Assignment222" -> "Expression225"
	"Term226" [label="Term"]
	"Expression225" -> "Term226"
	"Pow227" [label="Pow"]
	"Term226" -> "Pow227"
	"Fact228" [label="Fact"]
	"Pow227" -> "Fact228"
	"num229" [label="num",style=filled,fillcolor=powderblue]
	"Fact228" -> "num229"
	"Exponent230" [label="Exponent"]
	"Pow227" -> "Exponent230"
	"e231" [label="e"]
	"Exponent230" -> "e231"
	"MD232" [label="MD"]
	"Term226" -> "MD232"
	"e233" [label="e"]
	"MD232" -> "e233"
	"AD234" [label="AD"]
	"Expression225" -> "AD234"
	"e235" [label="e"]
	"AD234" -> "e235"
	"]236" [label="]",style=filled,fillcolor=powderblue]
	"Assignment222" -> "]236"
	"=237" [label="=",style=filled,fillcolor=powderblue]
	"Assignment222" -> "=237"
	"Expression238" [label="Expression"]
	"Assignment222" -> "Expression238"
	"Term239" [label="Term"]
	"Expression238" -> "Term239"
	"Pow240" [label="Pow"]
	"Term239" -> "Pow240"
	"Fact241" [label="Fact"]
	"Pow240" -> "Fact241"
	"num242" [label="num",style=filled,fillcolor=powderblue]
	"Fact241" -> "num242"
	"Exponent243" [label="Exponent"]
	"Pow240" -> "Exponent243"
	"e244" [label="e"]
	"Exponent243" -> "e244"
	"MD245" [label="MD"]
	"Term239" -> "MD245"
	"e246" [label="e"]
	"MD245" -> "e246"
	"AD247" [label="AD"]
	"Expression238" -> "AD247"
	"-248" [label="-",style=filled,fillcolor=powderblue]
	"AD247" -> "-248"
	"Term249" [label="Term"]
	"AD247" -> "Term249"
	"Pow250" [label="Pow"]
	"Term249" -> "Pow250"
	"Fact251" [label="Fact"]
	"Pow250" -> "Fact251"
	"m252" [label="m",style=filled,fillcolor=powderblue]
	"Fact251" -> "m252"
	"[253" [label="[",style=filled,fillcolor=powderblue]
	"Fact251" -> "[253"
	"Expression254" [label="Expression"]
	"Fact251" -> "Expression254"
	"Term255" [label="Term"]
	"Expression254" -> "Term255"
	"Pow256" [label="Pow"]
	"Term255" -> "Pow256"
	"Fact257" [label="Fact"]
	"Pow256" -> "Fact257"
	"(258" [label="(",style=filled,fillcolor=powderblue]
	"Fact257" -> "(258"
	"Expression259" [label="Expression"]
	"Fact257" -> "Expression259"
	"Term260" [label="Term"]
	"Expression259" -> "Term260"
	"Pow261" [label="Pow"]
	"Term260" -> "Pow261"
	"Fact262" [label="Fact"]
	"Pow261" -> "Fact262"
	"num263" [label="num",style=filled,fillcolor=powderblue]
	"Fact262" -> "num263"
	"Exponent264" [label="Exponent"]
	"Pow261" -> "Exponent264"
	"e265" [label="e"]
	"Exponent264" -> "e265"
	"MD266" [label="MD"]
	"Term260" -> "MD266"
	"e267" [label="e"]
	"MD266" -> "e267"
	"AD268" [label="AD"]
	"Expression259" -> "AD268"
	"-269" [label="-",style=filled,fillcolor=powderblue]
	"AD268" -> "-269"
	"Term270" [label="Term"]
	"AD268" -> "Term270"
	"Pow271" [label="Pow"]
	"Term270" -> "Pow271"
	"Fact272" [label="Fact"]
	"Pow271" -> "Fact272"
	"num273" [label="num",style=filled,fillcolor=powderblue]
	"Fact272" -> "num273"
	"Exponent274" [label="Exponent"]
	"Pow271" -> "Exponent274"
	"e275" [label="e"]
	"Exponent274" -> "e275"
	"MD276" [label="MD"]
	"Term270" -> "MD276"
	"e277" [label="e"]
	"MD276" -> "e277"
	"AD278" [label="AD"]
	"AD268" -> "AD278"
	"e279" [label="e"]
	"AD278" -> "e279"
	")280" [label=")",style=filled,fillcolor=powderblue]
	"Fact257" -> ")280"
	"Exponent281" [label="Exponent"]
	"Pow256" -> "Exponent281"
	"e282" [label="e"]
	"Exponent281" -> "e282"
	"MD283" [label="MD"]
	"Term255" -> "MD283"
	"e284" [label="e"]
	"MD283" -> "e284"
	"AD285" [label="AD"]
	"Expression254" -> "AD285"
	"e286" [label="e"]
	"AD285" -> "e286"
	"]287" [label="]",style=filled,fillcolor=powderblue]
	"Fact251" -> "]287"
	"Exponent288" [label="Exponent"]
	"Pow250" -> "Exponent288"
	"e289" [label="e"]
	"Exponent288" -> "e289"
	"MD290" [label="MD"]
	"Term249" -> "MD290"
	"e291" [label="e"]
	"MD290" -> "e291"
	"AD292" [label="AD"]
	"AD247" -> "AD292"
	"e293" [label="e"]
	"AD292" -> "e293"
	"More294" [label="More"]
	"More220" -> "More294"
	"Statement295" [label="Statement"]
	"More294" -> "Statement295"
	"Print296" [label="Print"]
	"Statement295" -> "Print296"
	"print297" [label="print",style=filled,fillcolor=powderblue]
	"Print296" -> "print297"
	"Expression298" [label="Expression"]
	"Print296" -> "Expression298"
	"Term299" [label="Term"]
	"Expression298" -> "Term299"
	"Pow300" [label="Pow"]
	"Term299" -> "Pow300"
	"Fact301" [label="Fact"]
	"Pow300" -> "Fact301"
	"m302" [label="m",style=filled,fillcolor=powderblue]
	"Fact301" -> "m302"
	"[303" [label="[",style=filled,fillcolor=powderblue]
	"Fact301" -> "[303"
	"Expression304" [label="Expression"]
	"Fact301" -> "Expression304"
	"Term305" [label="Term"]
	"Expression304" -> "Term305"
	"Pow306" [label="Pow"]
	"Term305" -> "Pow306"
	"Fact307" [label="Fact"]
	"Pow306" -> "Fact307"
	"num308" [label="num",style=filled,fillcolor=powderblue]
	"Fact307" -> "num308"
	"Exponent309" [label="Exponent"]
	"Pow306" -> "Exponent309"
	"e310" [label="e"]
	"Exponent309" -> "e310"
	"MD311" [label="MD"]
	"Term305" -> "MD311"
	"e312" [label="e"]
	"MD311" -> "e312"
	"AD313" [label="AD"]
	"Expression304" -> "AD313"
	"e314" [label="e"]
	"AD313" -> "e314"
	"]315" [label="]",style=filled,fillcolor=powderblue]
	"Fact301" -> "]315"
	"Exponent316" [label="Exponent"]
	"Pow300" -> "Exponent316"
	"e317" [label="e"]
	"Exponent316" -> "e317"
	"MD318" [label="MD"]
	"Term299" -> "MD318"
	"e319" [label="e"]
	"MD318" -> "e319"
	"AD320" [label="AD"]
	"Expression298" -> "AD320"
	"e321" [label="e"]
	"AD320" -> "e321"
	"More322" [label="More"]
	"More294" -> "More322"
	"Statement323" [label="Statement"]
	"More322" -> "Statement323"
	"Assignment324" [label="Assignment"]
	"Statement323" -> "Assignment324"
	"m325" [label="m",style=filled,fillcolor=powderblue]
	"Assignment324" -> "m325"
	"[326" [label="[",style=filled,fillcolor=powderblue]
	"Assignment324" -> "[326"
	"Expression327" [label="Expression"]
	"Assignment324" -> "Expression327"
	"Term328" [label="Term"]
	"Expression327" -> "Term328"
	"Pow329" [label="Pow"]
	"Term328" -> "Pow329"
	"Fact330" [label="Fact"]
	"Pow329" -> "Fact330"
	"num331" [label="num",style=filled,fillcolor=powderblue]
	"Fact330" -> "num331"
	"Exponent332" [label="Exponent"]
	"Pow329" -> "Exponent332"
	"e333" [label="e"]
	"Exponent332" -> "e333"
	"MD334" [label="MD"]
	"Term328" -> "MD334"
	"e335" [label="e"]
	"MD334" -> "e335"
	"AD336" [label="AD"]
	"Expression327" -> "AD336"
	"e337" [label="e"]
	"AD336" -> "e337"
	"]338" [label="]",style=filled,fillcolor=powderblue]
	"Assignment324" -> "]338"
	"=339" [label="=",style=filled,fillcolor=powderblue]
	"Assignment324" -> "=339"
	"Expression340" [label="Expression"]
	"Assignment324" -> "Expression340"
	"Term341" [label="Term"]
	"Expression340" -> "Term341"
	"Pow342" [label="Pow"]
	"Term341" -> "Pow342"
	"Fact343" [label="Fact"]
	"Pow342" -> "Fact343"
	"num344" [label="num",style=filled,fillcolor=powderblue]
	"Fact343" -> "num344"
	"Exponent345" [label="Exponent"]
	"Pow342" -> "Exponent345"
	"e346" [label="e"]
	"Exponent345" -> "e346"
	"MD347" [label="MD"]
	"Term341" -> "MD347"
	"/348" [label="/",style=filled,fillcolor=powderblue]
	"MD347" -> "/348"
	"Pow349" [label="Pow"]
	"MD347" -> "Pow349"
	"Fact350" [label="Fact"]
	"Pow349" -> "Fact350"
	"num351" [label="num",style=filled,fillcolor=powderblue]
	"Fact350" -> "num351"
	"Exponent352" [label="Exponent"]
	"Pow349" -> "Exponent352"
	"e353" [label="e"]
	"Exponent352" -> "e353"
	"MD354" [label="MD"]
	"MD347" -> "MD354"
	"*355" [label="*",style=filled,fillcolor=powderblue]
	"MD354" -> "*355"
	"Pow356" [label="Pow"]
	"MD354" -> "Pow356"
	"Fact357" [label="Fact"]
	"Pow356" -> "Fact357"
	"num358" [label="num",style=filled,fillcolor=powderblue]
	"Fact357" -> "num358"
	"Exponent359" [label="Exponent"]
	"Pow356" -> "Exponent359"
	"e360" [label="e"]
	"Exponent359" -> "e360"
	"MD361" [label="MD"]
	"MD354" -> "MD361"
	"e362" [label="e"]
	"MD361" -> "e362"
	"AD363" [label="AD"]
	"Expression340" -> "AD363"
	"e364" [label="e"]
	"AD363" -> "e364"
	"More365" [label="More"]
	"More322" -> "More365"
	"Statement366" [label="Statement"]
	"More365" -> "Statement366"
	"Jump367" [label="Jump"]
	"Statement366" -> "Jump367"
	"goto368" [label="goto",style=filled,fillcolor=powderblue]
	"Jump367" -> "goto368"
	"num369" [label="num",style=filled,fillcolor=powderblue]
	"Jump367" -> "num369"
	"JumpExp370" [label="JumpExp"]
	"Jump367" -> "JumpExp370"
	"e371" [label="e"]
	"JumpExp370" -> "e371"
	"More372" [label="More"]
	"More365" -> "More372"
	"Statement373" [label="Statement"]
	"More372" -> "Statement373"
	"Assignment374" [label="Assignment"]
	"Statement373" -> "Assignment374"
	"m375" [label="m",style=filled,fillcolor=powderblue]
	"Assignment374" -> "m375"
	"[376" [label="[",style=filled,fillcolor=powderblue]
	"Assignment374" -> "[376"
	"Expression377" [label="Expression"]
	"Assignment374" -> "Expression377"
	"Term378" [label="Term"]
	"Expression377" -> "Term378"
	"Pow379" [label="Pow"]
	"Term378" -> "Pow379"
	"Fact380" [label="Fact"]
	"Pow379" -> "Fact380"
	"num381" [label="num",style=filled,fillcolor=powderblue]
	"Fact380" -> "num381"
	"Exponent382" [label="Exponent"]
	"Pow379" -> "Exponent382"
	"e383" [label="e"]
	"Exponent382" -> "e383"
	"MD384" [label="MD"]
	"Term378" -> "MD384"
	"e385" [label="e"]
	"MD384" -> "e385"
	"AD386" [label="AD"]
	"Expression377" -> "AD386"
	"e387" [label="e"]
	"AD386" -> "e387"
	"]388" [label="]",style=filled,fillcolor=powderblue]
	"Assignment374" -> "]388"
	"=389" [label="=",style=filled,fillcolor=powderblue]
	"Assignment374" -> "=389"
	"Expression390" [label="Expression"]
	"Assignment374" -> "Expression390"
	"Term391" [label="Term"]
	"Expression390" -> "Term391"
	"Pow392" [label="Pow"]
	"Term391" -> "Pow392"
	"Fact393" [label="Fact"]
	"Pow392" -> "Fact393"
	"num394" [label="num",style=filled,fillcolor=powderblue]
	"Fact393" -> "num394"
	"Exponent395" [label="Exponent"]
	"Pow392" -> "Exponent395"
	"e396" [label="e"]
	"Exponent395" -> "e396"
	"MD397" [label="MD"]
	"Term391" -> "MD397"
	"e398" [label="e"]
	"MD397" -> "e398"
	"AD399" [label="AD"]
	"Expression390" -> "AD399"
	"+400" [label="+",style=filled,fillcolor=powderblue]
	"AD399" -> "+400"
	"Term401" [label="Term"]
	"AD399" -> "Term401"
	"Pow402" [label="Pow"]
	"Term401" -> "Pow402"
	"Fact403" [label="Fact"]
	"Pow402" -> "Fact403"
	"m404" [label="m",style=filled,fillcolor=powderblue]
	"Fact403" -> "m404"
	"[405" [label="[",style=filled,fillcolor=powderblue]
	"Fact403" -> "[405"
	"Expression406" [label="Expression"]
	"Fact403" -> "Expression406"
	"Term407" [label="Term"]
	"Expression406" -> "Term407"
	"Pow408" [label="Pow"]
	"Term407" -> "Pow408"
	"Fact409" [label="Fact"]
	"Pow408" -> "Fact409"
	"num410" [label="num",style=filled,fillcolor=powderblue]
	"Fact409" -> "num410"
	"Exponent411" [label="Exponent"]
	"Pow408" -> "Exponent411"
	"e412" [label="e"]
	"Exponent411" -> "e412"
	"MD413" [label="MD"]
	"Term407" -> "MD413"
	"e414" [label="e"]
	"MD413" -> "e414"
	"AD415" [label="AD"]
	"Expression406" -> "AD415"
	"e416" [label="e"]
	"AD415" -> "e416"
	"]417" [label="]",style=filled,fillcolor=powderblue]
	"Fact403" -> "]417"
	"Exponent418" [label="Exponent"]
	"Pow402" -> "Exponent418"
	"e419" [label="e"]
	"Exponent418" -> "e419"
	"MD420" [label="MD"]
	"Term401" -> "MD420"
	"e421" [label="e"]
	"MD420" -> "e421"
	"AD422" [label="AD"]
	"AD399" -> "AD422"
	"e423" [label="e"]
	"AD422" -> "e423"
	"More424" [label="More"]
	"More372" -> "More424"
	"Statement425" [label="Statement"]
	"More424" -> "Statement425"
	"Assignment426" [label="Assignment"]
	"Statement425" -> "Assignment426"
	"m427" [label="m",style=filled,fillcolor=powderblue]
	"Assignment426" -> "m427"
	"[428" [label="[",style=filled,fillcolor=powderblue]
	"Assignment426" -> "[428"
	"Expression429" [label="Expression"]
	"Assignment426" -> "Expression429"
	"Term430" [label="Term"]
	"Expression429" -> "Term430"
	"Pow431" [label="Pow"]
	"Term430" -> "Pow431"
	"Fact432" [label="Fact"]
	"Pow431" -> "Fact432"
	"num433" [label="num",style=filled,fillcolor=powderblue]
	"Fact432" -> "num433"
	"Exponent434" [label="Exponent"]
	"Pow431" -> "Exponent434"
	"e435" [label="e"]
	"Exponent434" -> "e435"
	"MD436" [label="MD"]
	"Term430" -> "MD436"
	"e437" [label="e"]
	"MD436" -> "e437"
	"AD438" [label="AD"]
	"Expression429" -> "AD438"
	"e439" [label="e"]
	"AD438" -> "e439"
	"]440" [label="]",style=filled,fillcolor=powderblue]
	"Assignment426" -> "]440"
	"=441" [label="=",style=filled,fillcolor=powderblue]
	"Assignment426" -> "=441"
	"Expression442" [label="Expression"]
	"Assignment426" -> "Expression442"
	"Term443" [label="Term"]
	"Expression442" -> "Term443"
	"Pow444" [label="Pow"]
	"Term443" -> "Pow444"
	"Fact445" [label="Fact"]
	"Pow444" -> "Fact445"
	"num446" [label="num",style=filled,fillcolor=powderblue]
	"Fact445" -> "num446"
	"Exponent447" [label="Exponent"]
	"Pow444" -> "Exponent447"
	"e448" [label="e"]
	"Exponent447" -> "e448"
	"MD449" [label="MD"]
	"Term443" -> "MD449"
	"e450" [label="e"]
	"MD449" -> "e450"
	"AD451" [label="AD"]
	"Expression442" -> "AD451"
	"-452" [label="-",style=filled,fillcolor=powderblue]
	"AD451" -> "-452"
	"Term453" [label="Term"]
	"AD451" -> "Term453"
	"Pow454" [label="Pow"]
	"Term453" -> "Pow454"
	"Fact455" [label="Fact"]
	"Pow454" -> "Fact455"
	"m456" [label="m",style=filled,fillcolor=powderblue]
	"Fact455" -> "m456"
	"[457" [label="[",style=filled,fillcolor=powderblue]
	"Fact455" -> "[457"
	"Expression458" [label="Expression"]
	"Fact455" -> "Expression458"
	"Term459" [label="Term"]
	"Expression458" -> "Term459"
	"Pow460" [label="Pow"]
	"Term459" -> "Pow460"
	"Fact461" [label="Fact"]
	"Pow460" -> "Fact461"
	"num462" [label="num",style=filled,fillcolor=powderblue]
	"Fact461" -> "num462"
	"Exponent463" [label="Exponent"]
	"Pow460" -> "Exponent463"
	"**464" [label="**",style=filled,fillcolor=powderblue]
	"Exponent463" -> "**464"
	"Fact465" [label="Fact"]
	"Exponent463" -> "Fact465"
	"num466" [label="num",style=filled,fillcolor=powderblue]
	"Fact465" -> "num466"
	"Exponent467" [label="Exponent"]
	"Exponent463" -> "Exponent467"
	"e468" [label="e"]
	"Exponent467" -> "e468"
	"MD469" [label="MD"]
	"Term459" -> "MD469"
	"*470" [label="*",style=filled,fillcolor=powderblue]
	"MD469" -> "*470"
	"Pow471" [label="Pow"]
	"MD469" -> "Pow471"
	"Fact472" [label="Fact"]
	"Pow471" -> "Fact472"
	"num473" [label="num",style=filled,fillcolor=powderblue]
	"Fact472" -> "num473"
	"Exponent474" [label="Exponent"]
	"Pow471" -> "Exponent474"
	"e475" [label="e"]
	"Exponent474" -> "e475"
	"MD476" [label="MD"]
	"MD469" -> "MD476"
	"e477" [label="e"]
	"MD476" -> "e477"
	"AD478" [label="AD"]
	"Expression458" -> "AD478"
	"-479" [label="-",style=filled,fillcolor=powderblue]
	"AD478" -> "-479"
	"Term480" [label="Term"]
	"AD478" -> "Term480"
	"Pow481" [label="Pow"]
	"Term480" -> "Pow481"
	"Fact482" [label="Fact"]
	"Pow481" -> "Fact482"
	"num483" [label="num",style=filled,fillcolor=powderblue]
	"Fact482" -> "num483"
	"Exponent484" [label="Exponent"]
	"Pow481" -> "Exponent484"
	"e485" [label="e"]
	"Exponent484" -> "e485"
	"MD486" [label="MD"]
	"Term480" -> "MD486"
	"e487" [label="e"]
	"MD486" -> "e487"
	"AD488" [label="AD"]
	"AD478" -> "AD488"
	"e489" [label="e"]
	"AD488" -> "e489"
	"]490" [label="]",style=filled,fillcolor=powderblue]
	"Fact455" -> "]490"
	"Exponent491" [label="Exponent"]
	"Pow454" -> "Exponent491"
	"e492" [label="e"]
	"Exponent491" -> "e492"
	"MD493" [label="MD"]
	"Term453" -> "MD493"
	"e494" [label="e"]
	"MD493" -> "e494"
	"AD495" [label="AD"]
	"AD451" -> "AD495"
	"-496" [label="-",style=filled,fillcolor=powderblue]
	"AD495" -> "-496"
	"Term497" [label="Term"]
	"AD495" -> "Term497"
	"Pow498" [label="Pow"]
	"Term497" -> "Pow498"
	"Fact499" [label="Fact"]
	"Pow498" -> "Fact499"
	"num500" [label="num",style=filled,fillcolor=powderblue]
	"Fact499" -> "num500"
	"Exponent501" [label="Exponent"]
	"Pow498" -> "Exponent501"
	"e502" [label="e"]
	"Exponent501" -> "e502"
	"MD503" [label="MD"]
	"Term497" -> "MD503"
	"e504" [label="e"]
	"MD503" -> "e504"
	"AD505" [label="AD"]
	"AD495" -> "AD505"
	"e506" [label="e"]
	"AD505" -> "e506"
	"More507" [label="More"]
	"More424" -> "More507"
	"Statement508" [label="Statement"]
	"More507" -> "Statement508"
	"Label509" [label="Label"]
	"Statement508" -> "Label509"
	"L510" [label="L",style=filled,fillcolor=powderblue]
	"Label509" -> "L510"
	"num511" [label="num",style=filled,fillcolor=powderblue]
	"Label509" -> "num511"
	":512" [label=":",style=filled,fillcolor=powderblue]
	"Label509" -> ":512"
	"More513" [label="More"]
	"More507" -> "More513"
	"Statement514" [label="Statement"]
	"More513" -> "Statement514"
	"Assignment515" [label="Assignment"]
	"Statement514" -> "Assignment515"
	"m516" [label="m",style=filled,fillcolor=powderblue]
	"Assignment515" -> "m516"
	"[517" [label="[",style=filled,fillcolor=powderblue]
	"Assignment515" -> "[517"
	"Expression518" [label="Expression"]
	"Assignment515" -> "Expression518"
	"Term519" [label="Term"]
	"Expression518" -> "Term519"
	"Pow520" [label="Pow"]
	"Term519" -> "Pow520"
	"Fact521" [label="Fact"]
	"Pow520" -> "Fact521"
	"num522" [label="num",style=filled,fillcolor=powderblue]
	"Fact521" -> "num522"
	"Exponent523" [label="Exponent"]
	"Pow520" -> "Exponent523"
	"e524" [label="e"]
	"Exponent523" -> "e524"
	"MD525" [label="MD"]
	"Term519" -> "MD525"
	"e526" [label="e"]
	"MD525" -> "e526"
	"AD527" [label="AD"]
	"Expression518" -> "AD527"
	"e528" [label="e"]
	"AD527" -> "e528"
	"]529" [label="]",style=filled,fillcolor=powderblue]
	"Assignment515" -> "]529"
	"=530" [label="=",style=filled,fillcolor=powderblue]
	"Assignment515" -> "=530"
	"Expression531" [label="Expression"]
	"Assignment515" -> "Expression531"
	"Term532" [label="Term"]
	"Expression531" -> "Term532"
	"Pow533" [label="Pow"]
	"Term532" -> "Pow533"
	"Fact534" [label="Fact"]
	"Pow533" -> "Fact534"
	"num535" [label="num",style=filled,fillcolor=powderblue]
	"Fact534" -> "num535"
	"Exponent536" [label="Exponent"]
	"Pow533" -> "Exponent536"
	"e537" [label="e"]
	"Exponent536" -> "e537"
	"MD538" [label="MD"]
	"Term532" -> "MD538"
	"e539" [label="e"]
	"MD538" -> "e539"
	"AD540" [label="AD"]
	"Expression531" -> "AD540"
	"-541" [label="-",style=filled,fillcolor=powderblue]
	"AD540" -> "-541"
	"Term542" [label="Term"]
	"AD540" -> "Term542"
	"Pow543" [label="Pow"]
	"Term542" -> "Pow543"
	"Fact544" [label="Fact"]
	"Pow543" -> "Fact544"
	"(545" [label="(",style=filled,fillcolor=powderblue]
	"Fact544" -> "(545"
	"Expression546" [label="Expression"]
	"Fact544" -> "Expression546"
	"Term547" [label="Term"]
	"Expression546" -> "Term547"
	"Pow548" [label="Pow"]
	"Term547" -> "Pow548"
	"Fact549" [label="Fact"]
	"Pow548" -> "Fact549"
	"m550" [label="m",style=filled,fillcolor=powderblue]
	"Fact549" -> "m550"
	"[551" [label="[",style=filled,fillcolor=powderblue]
	"Fact549" -> "[551"
	"Expression552" [label="Expression"]
	"Fact549" -> "Expression552"
	"Term553" [label="Term"]
	"Expression552" -> "Term553"
	"Pow554" [label="Pow"]
	"Term553" -> "Pow554"
	"Fact555" [label="Fact"]
	"Pow554" -> "Fact555"
	"num556" [label="num",style=filled,fillcolor=powderblue]
	"Fact555" -> "num556"
	"Exponent557" [label="Exponent"]
	"Pow554" -> "Exponent557"
	"e558" [label="e"]
	"Exponent557" -> "e558"
	"MD559" [label="MD"]
	"Term553" -> "MD559"
	"e560" [label="e"]
	"MD559" -> "e560"
	"AD561" [label="AD"]
	"Expression552" -> "AD561"
	"e562" [label="e"]
	"AD561" -> "e562"
	"]563" [label="]",style=filled,fillcolor=powderblue]
	"Fact549" -> "]563"
	"Exponent564" [label="Exponent"]
	"Pow548" -> "Exponent564"
	"e565" [label="e"]
	"Exponent564" -> "e565"
	"MD566" [label="MD"]
	"Term547" -> "MD566"
	"e567" [label="e"]
	"MD566" -> "e567"
	"AD568" [label="AD"]
	"Expression546" -> "AD568"
	"-569" [label="-",style=filled,fillcolor=powderblue]
	"AD568" -> "-569"
	"Term570" [label="Term"]
	"AD568" -> "Term570"
	"Pow571" [label="Pow"]
	"Term570" -> "Pow571"
	"Fact572" [label="Fact"]
	"Pow571" -> "Fact572"
	"num573" [label="num",style=filled,fillcolor=powderblue]
	"Fact572" -> "num573"
	"Exponent574" [label="Exponent"]
	"Pow571" -> "Exponent574"
	"e575" [label="e"]
	"Exponent574" -> "e575"
	"MD576" [label="MD"]
	"Term570" -> "MD576"
	"e577" [label="e"]
	"MD576" -> "e577"
	"AD578" [label="AD"]
	"AD568" -> "AD578"
	"e579" [label="e"]
	"AD578" -> "e579"
	")580" [label=")",style=filled,fillcolor=powderblue]
	"Fact544" -> ")580"
	"Exponent581" [label="Exponent"]
	"Pow543" -> "Exponent581"
	"e582" [label="e"]
	"Exponent581" -> "e582"
	"MD583" [label="MD"]
	"Term542" -> "MD583"
	"e584" [label="e"]
	"MD583" -> "e584"
	"AD585" [label="AD"]
	"AD540" -> "AD585"
	"e586" [label="e"]
	"AD585" -> "e586"
	"More587" [label="More"]
	"More513" -> "More587"
	"Statement588" [label="Statement"]
	"More587" -> "Statement588"
	"Jump589" [label="Jump"]
	"Statement588" -> "Jump589"
	"goto590" [label="goto",style=filled,fillcolor=powderblue]
	"Jump589" -> "goto590"
	"num591" [label="num",style=filled,fillcolor=powderblue]
	"Jump589" -> "num591"
	"JumpExp592" [label="JumpExp"]
	"Jump589" -> "JumpExp592"
	"if593" [label="if",style=filled,fillcolor=powderblue]
	"JumpExp592" -> "if593"
	"Expression594" [label="Expression"]
	"JumpExp592" -> "Expression594"
	"Term595" [label="Term"]
	"Expression594" -> "Term595"
	"Pow596" [label="Pow"]
	"Term595" -> "Pow596"
	"Fact597" [label="Fact"]
	"Pow596" -> "Fact597"
	"m598" [label="m",style=filled,fillcolor=powderblue]
	"Fact597" -> "m598"
	"[599" [label="[",style=filled,fillcolor=powderblue]
	"Fact597" -> "[599"
	"Expression600" [label="Expression"]
	"Fact597" -> "Expression600"
	"Term601" [label="Term"]
	"Expression600" -> "Term601"
	"Pow602" [label="Pow"]
	"Term601" -> "Pow602"
	"Fact603" [label="Fact"]
	"Pow602" -> "Fact603"
	"num604" [label="num",style=filled,fillcolor=powderblue]
	"Fact603" -> "num604"
	"Exponent605" [label="Exponent"]
	"Pow602" -> "Exponent605"
	"e606" [label="e"]
	"Exponent605" -> "e606"
	"MD607" [label="MD"]
	"Term601" -> "MD607"
	"e608" [label="e"]
	"MD607" -> "e608"
	"AD609" [label="AD"]
	"Expression600" -> "AD609"
	"e610" [label="e"]
	"AD609" -> "e610"
	"]611" [label="]",style=filled,fillcolor=powderblue]
	"Fact597" -> "]611"
	"Exponent612" [label="Exponent"]
	"Pow596" -> "Exponent612"
	"e613" [label="e"]
	"Exponent612" -> "e613"
	"MD614" [label="MD"]
	"Term595" -> "MD614"
	"e615" [label="e"]
	"MD614" -> "e615"
	"AD616" [label="AD"]
	"Expression594" -> "AD616"
	"e617" [label="e"]
	"AD616" -> "e617"
	"More618" [label="More"]
	"More587" -> "More618"
	"Statement619" [label="Statement"]
	"More618" -> "Statement619"
	"Jump620" [label="Jump"]
	"Statement619" -> "Jump620"
	"goto621" [label="goto",style=filled,fillcolor=powderblue]
	"Jump620" -> "goto621"
	"num622" [label="num",style=filled,fillcolor=powderblue]
	"Jump620" -> "num622"
	"JumpExp623" [label="JumpExp"]
	"Jump620" -> "JumpExp623"
	"e624" [label="e"]
	"JumpExp623" -> "e624"
	"More625" [label="More"]
	"More618" -> "More625"
	"Statement626" [label="Statement"]
	"More625" -> "Statement626"
	"Assignment627" [label="Assignment"]
	"Statement626" -> "Assignment627"
	"m628" [label="m",style=filled,fillcolor=powderblue]
	"Assignment627" -> "m628"
	"[629" [label="[",style=filled,fillcolor=powderblue]
	"Assignment627" -> "[629"
	"Expression630" [label="Expression"]
	"Assignment627" -> "Expression630"
	"Term631" [label="Term"]
	"Expression630" -> "Term631"
	"Pow632" [label="Pow"]
	"Term631" -> "Pow632"
	"Fact633" [label="Fact"]
	"Pow632" -> "Fact633"
	"num634" [label="num",style=filled,fillcolor=powderblue]
	"Fact633" -> "num634"
	"Exponent635" [label="Exponent"]
	"Pow632" -> "Exponent635"
	"e636" [label="e"]
	"Exponent635" -> "e636"
	"MD637" [label="MD"]
	"Term631" -> "MD637"
	"e638" [label="e"]
	"MD637" -> "e638"
	"AD639" [label="AD"]
	"Expression630" -> "AD639"
	"e640" [label="e"]
	"AD639" -> "e640"
	"]641" [label="]",style=filled,fillcolor=powderblue]
	"Assignment627" -> "]641"
	"=642" [label="=",style=filled,fillcolor=powderblue]
	"Assignment627" -> "=642"
	"Expression643" [label="Expression"]
	"Assignment627" -> "Expression643"
	"Term644" [label="Term"]
	"Expression643" -> "Term644"
	"Pow645" [label="Pow"]
	"Term644" -> "Pow645"
	"Fact646" [label="Fact"]
	"Pow645" -> "Fact646"
	"num647" [label="num",style=filled,fillcolor=powderblue]
	"Fact646" -> "num647"
	"Exponent648" [label="Exponent"]
	"Pow645" -> "Exponent648"
	"e649" [label="e"]
	"Exponent648" -> "e649"
	"MD650" [label="MD"]
	"Term644" -> "MD650"
	"e651" [label="e"]
	"MD650" -> "e651"
	"AD652" [label="AD"]
	"Expression643" -> "AD652"
	"+653" [label="+",style=filled,fillcolor=powderblue]
	"AD652" -> "+653"
	"Term654" [label="Term"]
	"AD652" -> "Term654"
	"Pow655" [label="Pow"]
	"Term654" -> "Pow655"
	"Fact656" [label="Fact"]
	"Pow655" -> "Fact656"
	"m657" [label="m",style=filled,fillcolor=powderblue]
	"Fact656" -> "m657"
	"[658" [label="[",style=filled,fillcolor=powderblue]
	"Fact656" -> "[658"
	"Expression659" [label="Expression"]
	"Fact656" -> "Expression659"
	"Term660" [label="Term"]
	"Expression659" -> "Term660"
	"Pow661" [label="Pow"]
	"Term660" -> "Pow661"
	"Fact662" [label="Fact"]
	"Pow661" -> "Fact662"
	"num663" [label="num",style=filled,fillcolor=powderblue]
	"Fact662" -> "num663"
	"Exponent664" [label="Exponent"]
	"Pow661" -> "Exponent664"
	"e665" [label="e"]
	"Exponent664" -> "e665"
	"MD666" [label="MD"]
	"Term660" -> "MD666"
	"e667" [label="e"]
	"MD666" -> "e667"
	"AD668" [label="AD"]
	"Expression659" -> "AD668"
	"e669" [label="e"]
	"AD668" -> "e669"
	"]670" [label="]",style=filled,fillcolor=powderblue]
	"Fact656" -> "]670"
	"Exponent671" [label="Exponent"]
	"Pow655" -> "Exponent671"
	"e672" [label="e"]
	"Exponent671" -> "e672"
	"MD673" [label="MD"]
	"Term654" -> "MD673"
	"e674" [label="e"]
	"MD673" -> "e674"
	"AD675" [label="AD"]
	"AD652" -> "AD675"
	"e676" [label="e"]
	"AD675" -> "e676"
	"More677" [label="More"]
	"More625" -> "More677"
	"Statement678" [label="Statement"]
	"More677" -> "Statement678"
	"Assignment679" [label="Assignment"]
	"Statement678" -> "Assignment679"
	"m680" [label="m",style=filled,fillcolor=powderblue]
	"Assignment679" -> "m680"
	"[681" [label="[",style=filled,fillcolor=powderblue]
	"Assignment679" -> "[681"
	"Expression682" [label="Expression"]
	"Assignment679" -> "Expression682"
	"Term683" [label="Term"]
	"Expression682" -> "Term683"
	"Pow684" [label="Pow"]
	"Term683" -> "Pow684"
	"Fact685" [label="Fact"]
	"Pow684" -> "Fact685"
	"num686" [label="num",style=filled,fillcolor=powderblue]
	"Fact685" -> "num686"
	"Exponent687" [label="Exponent"]
	"Pow684" -> "Exponent687"
	"e688" [label="e"]
	"Exponent687" -> "e688"
	"MD689" [label="MD"]
	"Term683" -> "MD689"
	"e690" [label="e"]
	"MD689" -> "e690"
	"AD691" [label="AD"]
	"Expression682" -> "AD691"
	"e692" [label="e"]
	"AD691" -> "e692"
	"]693" [label="]",style=filled,fillcolor=powderblue]
	"Assignment679" -> "]693"
	"=694" [label="=",style=filled,fillcolor=powderblue]
	"Assignment679" -> "=694"
	"Expression695" [label="Expression"]
	"Assignment679" -> "Expression695"
	"Term696" [label="Term"]
	"Expression695" -> "Term696"
	"Pow697" [label="Pow"]
	"Term696" -> "Pow697"
	"Fact698" [label="Fact"]
	"Pow697" -> "Fact698"
	"num699" [label="num",style=filled,fillcolor=powderblue]
	"Fact698" -> "num699"
	"Exponent700" [label="Exponent"]
	"Pow697" -> "Exponent700"
	"e701" [label="e"]
	"Exponent700" -> "e701"
	"MD702" [label="MD"]
	"Term696" -> "MD702"
	"e703" [label="e"]
	"MD702" -> "e703"
	"AD704" [label="AD"]
	"Expression695" -> "AD704"
	"-705" [label="-",style=filled,fillcolor=powderblue]
	"AD704" -> "-705"
	"Term706" [label="Term"]
	"AD704" -> "Term706"
	"Pow707" [label="Pow"]
	"Term706" -> "Pow707"
	"Fact708" [label="Fact"]
	"Pow707" -> "Fact708"
	"m709" [label="m",style=filled,fillcolor=powderblue]
	"Fact708" -> "m709"
	"[710" [label="[",style=filled,fillcolor=powderblue]
	"Fact708" -> "[710"
	"Expression711" [label="Expression"]
	"Fact708" -> "Expression711"
	"Term712" [label="Term"]
	"Expression711" -> "Term712"
	"Pow713" [label="Pow"]
	"Term712" -> "Pow713"
	"Fact714" [label="Fact"]
	"Pow713" -> "Fact714"
	"num715" [label="num",style=filled,fillcolor=powderblue]
	"Fact714" -> "num715"
	"Exponent716" [label="Exponent"]
	"Pow713" -> "Exponent716"
	"**717" [label="**",style=filled,fillcolor=powderblue]
	"Exponent716" -> "**717"
	"Fact718" [label="Fact"]
	"Exponent716" -> "Fact718"
	"num719" [label="num",style=filled,fillcolor=powderblue]
	"Fact718" -> "num719"
	"Exponent720" [label="Exponent"]
	"Exponent716" -> "Exponent720"
	"e721" [label="e"]
	"Exponent720" -> "e721"
	"MD722" [label="MD"]
	"Term712" -> "MD722"
	"*723" [label="*",style=filled,fillcolor=powderblue]
	"MD722" -> "*723"
	"Pow724" [label="Pow"]
	"MD722" -> "Pow724"
	"Fact725" [label="Fact"]
	"Pow724" -> "Fact725"
	"num726" [label="num",style=filled,fillcolor=powderblue]
	"Fact725" -> "num726"
	"Exponent727" [label="Exponent"]
	"Pow724" -> "Exponent727"
	"e728" [label="e"]
	"Exponent727" -> "e728"
	"MD729" [label="MD"]
	"MD722" -> "MD729"
	"e730" [label="e"]
	"MD729" -> "e730"
	"AD731" [label="AD"]
	"Expression711" -> "AD731"
	"-732" [label="-",style=filled,fillcolor=powderblue]
	"AD731" -> "-732"
	"Term733" [label="Term"]
	"AD731" -> "Term733"
	"Pow734" [label="Pow"]
	"Term733" -> "Pow734"
	"Fact735" [label="Fact"]
	"Pow734" -> "Fact735"
	"num736" [label="num",style=filled,fillcolor=powderblue]
	"Fact735" -> "num736"
	"Exponent737" [label="Exponent"]
	"Pow734" -> "Exponent737"
	"e738" [label="e"]
	"Exponent737" -> "e738"
	"MD739" [label="MD"]
	"Term733" -> "MD739"
	"e740" [label="e"]
	"MD739" -> "e740"
	"AD741" [label="AD"]
	"AD731" -> "AD741"
	"e742" [label="e"]
	"AD741" -> "e742"
	"]743" [label="]",style=filled,fillcolor=powderblue]
	"Fact708" -> "]743"
	"Exponent744" [label="Exponent"]
	"Pow707" -> "Exponent744"
	"e745" [label="e"]
	"Exponent744" -> "e745"
	"MD746" [label="MD"]
	"Term706" -> "MD746"
	"e747" [label="e"]
	"MD746" -> "e747"
	"AD748" [label="AD"]
	"AD704" -> "AD748"
	"-749" [label="-",style=filled,fillcolor=powderblue]
	"AD748" -> "-749"
	"Term750" [label="Term"]
	"AD748" -> "Term750"
	"Pow751" [label="Pow"]
	"Term750" -> "Pow751"
	"Fact752" [label="Fact"]
	"Pow751" -> "Fact752"
	"num753" [label="num",style=filled,fillcolor=powderblue]
	"Fact752" -> "num753"
	"Exponent754" [label="Exponent"]
	"Pow751" -> "Exponent754"
	"e755" [label="e"]
	"Exponent754" -> "e755"
	"MD756" [label="MD"]
	"Term750" -> "MD756"
	"e757" [label="e"]
	"MD756" -> "e757"
	"AD758" [label="AD"]
	"AD748" -> "AD758"
	"e759" [label="e"]
	"AD758" -> "e759"
	"More760" [label="More"]
	"More677" -> "More760"
	"Statement761" [label="Statement"]
	"More760" -> "Statement761"
	"Label762" [label="Label"]
	"Statement761" -> "Label762"
	"L763" [label="L",style=filled,fillcolor=powderblue]
	"Label762" -> "L763"
	"num764" [label="num",style=filled,fillcolor=powderblue]
	"Label762" -> "num764"
	":765" [label=":",style=filled,fillcolor=powderblue]
	"Label762" -> ":765"
	"More766" [label="More"]
	"More760" -> "More766"
	"Statement767" [label="Statement"]
	"More766" -> "Statement767"
	"Assignment768" [label="Assignment"]
	"Statement767" -> "Assignment768"
	"m769" [label="m",style=filled,fillcolor=powderblue]
	"Assignment768" -> "m769"
	"[770" [label="[",style=filled,fillcolor=powderblue]
	"Assignment768" -> "[770"
	"Expression771" [label="Expression"]
	"Assignment768" -> "Expression771"
	"Term772" [label="Term"]
	"Expression771" -> "Term772"
	"Pow773" [label="Pow"]
	"Term772" -> "Pow773"
	"Fact774" [label="Fact"]
	"Pow773" -> "Fact774"
	"num775" [label="num",style=filled,fillcolor=powderblue]
	"Fact774" -> "num775"
	"Exponent776" [label="Exponent"]
	"Pow773" -> "Exponent776"
	"e777" [label="e"]
	"Exponent776" -> "e777"
	"MD778" [label="MD"]
	"Term772" -> "MD778"
	"e779" [label="e"]
	"MD778" -> "e779"
	"AD780" [label="AD"]
	"Expression771" -> "AD780"
	"e781" [label="e"]
	"AD780" -> "e781"
	"]782" [label="]",style=filled,fillcolor=powderblue]
	"Assignment768" -> "]782"
	"=783" [label="=",style=filled,fillcolor=powderblue]
	"Assignment768" -> "=783"
	"Expression784" [label="Expression"]
	"Assignment768" -> "Expression784"
	"Term785" [label="Term"]
	"Expression784" -> "Term785"
	"Pow786" [label="Pow"]
	"Term785" -> "Pow786"
	"Fact787" [label="Fact"]
	"Pow786" -> "Fact787"
	"num788" [label="num",style=filled,fillcolor=powderblue]
	"Fact787" -> "num788"
	"Exponent789" [label="Exponent"]
	"Pow786" -> "Exponent789"
	"e790" [label="e"]
	"Exponent789" -> "e790"
	"MD791" [label="MD"]
	"Term785" -> "MD791"
	"e792" [label="e"]
	"MD791" -> "e792"
	"AD793" [label="AD"]
	"Expression784" -> "AD793"
	"-794" [label="-",style=filled,fillcolor=powderblue]
	"AD793" -> "-794"
	"Term795" [label="Term"]
	"AD793" -> "Term795"
	"Pow796" [label="Pow"]
	"Term795" -> "Pow796"
	"Fact797" [label="Fact"]
	"Pow796" -> "Fact797"
	"(798" [label="(",style=filled,fillcolor=powderblue]
	"Fact797" -> "(798"
	"Expression799" [label="Expression"]
	"Fact797" -> "Expression799"
	"Term800" [label="Term"]
	"Expression799" -> "Term800"
	"Pow801" [label="Pow"]
	"Term800" -> "Pow801"
	"Fact802" [label="Fact"]
	"Pow801" -> "Fact802"
	"m803" [label="m",style=filled,fillcolor=powderblue]
	"Fact802" -> "m803"
	"[804" [label="[",style=filled,fillcolor=powderblue]
	"Fact802" -> "[804"
	"Expression805" [label="Expression"]
	"Fact802" -> "Expression805"
	"Term806" [label="Term"]
	"Expression805" -> "Term806"
	"Pow807" [label="Pow"]
	"Term806" -> "Pow807"
	"Fact808" [label="Fact"]
	"Pow807" -> "Fact808"
	"num809" [label="num",style=filled,fillcolor=powderblue]
	"Fact808" -> "num809"
	"Exponent810" [label="Exponent"]
	"Pow807" -> "Exponent810"
	"e811" [label="e"]
	"Exponent810" -> "e811"
	"MD812" [label="MD"]
	"Term806" -> "MD812"
	"e813" [label="e"]
	"MD812" -> "e813"
	"AD814" [label="AD"]
	"Expression805" -> "AD814"
	"e815" [label="e"]
	"AD814" -> "e815"
	"]816" [label="]",style=filled,fillcolor=powderblue]
	"Fact802" -> "]816"
	"Exponent817" [label="Exponent"]
	"Pow801" -> "Exponent817"
	"e818" [label="e"]
	"Exponent817" -> "e818"
	"MD819" [label="MD"]
	"Term800" -> "MD819"
	"e820" [label="e"]
	"MD819" -> "e820"
	"AD821" [label="AD"]
	"Expression799" -> "AD821"
	"-822" [label="-",style=filled,fillcolor=powderblue]
	"AD821" -> "-822"
	"Term823" [label="Term"]
	"AD821" -> "Term823"
	"Pow824" [label="Pow"]
	"Term823" -> "Pow824"
	"Fact825" [label="Fact"]
	"Pow824" -> "Fact825"
	"num826" [label="num",style=filled,fillcolor=powderblue]
	"Fact825" -> "num826"
	"Exponent827" [label="Exponent"]
	"Pow824" -> "Exponent827"
	"e828" [label="e"]
	"Exponent827" -> "e828"
	"MD829" [label="MD"]
	"Term823" -> "MD829"
	"e830" [label="e"]
	"MD829" -> "e830"
	"AD831" [label="AD"]
	"AD821" -> "AD831"
	"e832" [label="e"]
	"AD831" -> "e832"
	")833" [label=")",style=filled,fillcolor=powderblue]
	"Fact797" -> ")833"
	"Exponent834" [label="Exponent"]
	"Pow796" -> "Exponent834"
	"e835" [label="e"]
	"Exponent834" -> "e835"
	"MD836" [label="MD"]
	"Term795" -> "MD836"
	"e837" [label="e"]
	"MD836" -> "e837"
	"AD838" [label="AD"]
	"AD793" -> "AD838"
	"e839" [label="e"]
	"AD838" -> "e839"
	"More840" [label="More"]
	"More766" -> "More840"
	"Statement841" [label="Statement"]
	"More840" -> "Statement841"
	"Assignment842" [label="Assignment"]
	"Statement841" -> "Assignment842"
	"m843" [label="m",style=filled,fillcolor=powderblue]
	"Assignment842" -> "m843"
	"[844" [label="[",style=filled,fillcolor=powderblue]
	"Assignment842" -> "[844"
	"Expression845" [label="Expression"]
	"Assignment842" -> "Expression845"
	"Term846" [label="Term"]
	"Expression845" -> "Term846"
	"Pow847" [label="Pow"]
	"Term846" -> "Pow847"
	"Fact848" [label="Fact"]
	"Pow847" -> "Fact848"
	"num849" [label="num",style=filled,fillcolor=powderblue]
	"Fact848" -> "num849"
	"Exponent850" [label="Exponent"]
	"Pow847" -> "Exponent850"
	"e851" [label="e"]
	"Exponent850" -> "e851"
	"MD852" [label="MD"]
	"Term846" -> "MD852"
	"e853" [label="e"]
	"MD852" -> "e853"
	"AD854" [label="AD"]
	"Expression845" -> "AD854"
	"e855" [label="e"]
	"AD854" -> "e855"
	"]856" [label="]",style=filled,fillcolor=powderblue]
	"Assignment842" -> "]856"
	"=857" [label="=",style=filled,fillcolor=powderblue]
	"Assignment842" -> "=857"
	"Expression858" [label="Expression"]
	"Assignment842" -> "Expression858"
	"Term859" [label="Term"]
	"Expression858" -> "Term859"
	"Pow860" [label="Pow"]
	"Term859" -> "Pow860"
	"Fact861" [label="Fact"]
	"Pow860" -> "Fact861"
	"num862" [label="num",style=filled,fillcolor=powderblue]
	"Fact861" -> "num862"
	"Exponent863" [label="Exponent"]
	"Pow860" -> "Exponent863"
	"e864" [label="e"]
	"Exponent863" -> "e864"
	"MD865" [label="MD"]
	"Term859" -> "MD865"
	"/866" [label="/",style=filled,fillcolor=powderblue]
	"MD865" -> "/866"
	"Pow867" [label="Pow"]
	"MD865" -> "Pow867"
	"Fact868" [label="Fact"]
	"Pow867" -> "Fact868"
	"num869" [label="num",style=filled,fillcolor=powderblue]
	"Fact868" -> "num869"
	"Exponent870" [label="Exponent"]
	"Pow867" -> "Exponent870"
	"e871" [label="e"]
	"Exponent870" -> "e871"
	"MD872" [label="MD"]
	"MD865" -> "MD872"
	"*873" [label="*",style=filled,fillcolor=powderblue]
	"MD872" -> "*873"
	"Pow874" [label="Pow"]
	"MD872" -> "Pow874"
	"Fact875" [label="Fact"]
	"Pow874" -> "Fact875"
	"num876" [label="num",style=filled,fillcolor=powderblue]
	"Fact875" -> "num876"
	"Exponent877" [label="Exponent"]
	"Pow874" -> "Exponent877"
	"e878" [label="e"]
	"Exponent877" -> "e878"
	"MD879" [label="MD"]
	"MD872" -> "MD879"
	"e880" [label="e"]
	"MD879" -> "e880"
	"AD881" [label="AD"]
	"Expression858" -> "AD881"
	"e882" [label="e"]
	"AD881" -> "e882"
	"More883" [label="More"]
	"More840" -> "More883"
	"eof884" [label="eof",style=filled,fillcolor=powderblue]
	"More883" -> "eof884"
};
