Read line 
Read line L1:
line[0]="L", line[i..i+5]="L1:"
Parsed token L at line 2, i=0
line[1]="1", line[i..i+5]="1:"
i=1, j=2, str=1
Parsed token num at line 2, i=1
line[2]=":", line[i..i+5]=":"
Parsed token : at line 2, i=2
Read line m[4] = 15 - (m[4] - 6)
line[0]="m", line[i..i+5]="m[4] ="
Parsed token m at line 3, i=0
line[1]="[", line[i..i+5]="[4] = "
Parsed token [ at line 3, i=1
line[2]="4", line[i..i+5]="4] = 1"
i=2, j=3, str=4
Parsed token num at line 3, i=2
line[3]="]", line[i..i+5]="] = 15"
Parsed token ] at line 3, i=3
line[4]=" ", line[i..i+5]=" = 15 "
line[5]="=", line[i..i+5]="= 15 -"
Parsed token = at line 3, i=5
line[6]=" ", line[i..i+5]=" 15 - "
line[7]="1", line[i..i+5]="15 - ("
i=7, j=9, str=15
Parsed token num at line 3, i=8
line[9]=" ", line[i..i+5]=" - (m["
line[10]="-", line[i..i+5]="- (m[4"
Parsed token - at line 3, i=10
line[11]=" ", line[i..i+5]=" (m[4]"
line[12]="(", line[i..i+5]="(m[4] "
Parsed token ( at line 3, i=12
line[13]="m", line[i..i+5]="m[4] -"
Parsed token m at line 3, i=13
line[14]="[", line[i..i+5]="[4] - "
Parsed token [ at line 3, i=14
line[15]="4", line[i..i+5]="4] - 6"
i=15, j=16, str=4
Parsed token num at line 3, i=15
line[16]="]", line[i..i+5]="] - 6)"
Parsed token ] at line 3, i=16
line[17]=" ", line[i..i+5]=" - 6)"
line[18]="-", line[i..i+5]="- 6)"
Parsed token - at line 3, i=18
line[19]=" ", line[i..i+5]=" 6)"
line[20]="6", line[i..i+5]="6)"
i=20, j=21, str=6
Parsed token num at line 3, i=20
line[21]=")", line[i..i+5]=")"
Parsed token ) at line 3, i=21
Read line m[5] = 25 / 12 * 3
line[0]="m", line[i..i+5]="m[5] ="
Parsed token m at line 4, i=0
line[1]="[", line[i..i+5]="[5] = "
Parsed token [ at line 4, i=1
line[2]="5", line[i..i+5]="5] = 2"
i=2, j=3, str=5
Parsed token num at line 4, i=2
line[3]="]", line[i..i+5]="] = 25"
Parsed token ] at line 4, i=3
line[4]=" ", line[i..i+5]=" = 25 "
line[5]="=", line[i..i+5]="= 25 /"
Parsed token = at line 4, i=5
line[6]=" ", line[i..i+5]=" 25 / "
line[7]="2", line[i..i+5]="25 / 1"
i=7, j=9, str=25
Parsed token num at line 4, i=8
line[9]=" ", line[i..i+5]=" / 12 "
line[10]="/", line[i..i+5]="/ 12 *"
Parsed token / at line 4, i=10
line[11]=" ", line[i..i+5]=" 12 * "
line[12]="1", line[i..i+5]="12 * 3"
i=12, j=14, str=12
Parsed token num at line 4, i=13
line[14]=" ", line[i..i+5]=" * 3"
line[15]="*", line[i..i+5]="* 3"
Parsed token * at line 4, i=15
line[16]=" ", line[i..i+5]=" 3"
line[17]="3", line[i..i+5]="3"
i=17, j=18, str=3
Parsed token num at line 4, i=17
Read line m[6] = 32 + m[42]
line[0]="m", line[i..i+5]="m[6] ="
Parsed token m at line 5, i=0
line[1]="[", line[i..i+5]="[6] = "
Parsed token [ at line 5, i=1
line[2]="6", line[i..i+5]="6] = 3"
i=2, j=3, str=6
Parsed token num at line 5, i=2
line[3]="]", line[i..i+5]="] = 32"
Parsed token ] at line 5, i=3
line[4]=" ", line[i..i+5]=" = 32 "
line[5]="=", line[i..i+5]="= 32 +"
Parsed token = at line 5, i=5
line[6]=" ", line[i..i+5]=" 32 + "
line[7]="3", line[i..i+5]="32 + m"
i=7, j=9, str=32
Parsed token num at line 5, i=8
line[9]=" ", line[i..i+5]=" + m[4"
line[10]="+", line[i..i+5]="+ m[42"
Parsed token + at line 5, i=10
line[11]=" ", line[i..i+5]=" m[42]"
line[12]="m", line[i..i+5]="m[42]"
Parsed token m at line 5, i=12
line[13]="[", line[i..i+5]="[42]"
Parsed token [ at line 5, i=13
line[14]="4", line[i..i+5]="42]"
i=14, j=16, str=42
Parsed token num at line 5, i=15
line[16]="]", line[i..i+5]="]"
Parsed token ] at line 5, i=16
Read line m[7] = 45 - m[54 - 36]
line[0]="m", line[i..i+5]="m[7] ="
Parsed token m at line 6, i=0
line[1]="[", line[i..i+5]="[7] = "
Parsed token [ at line 6, i=1
line[2]="7", line[i..i+5]="7] = 4"
i=2, j=3, str=7
Parsed token num at line 6, i=2
line[3]="]", line[i..i+5]="] = 45"
Parsed token ] at line 6, i=3
line[4]=" ", line[i..i+5]=" = 45 "
line[5]="=", line[i..i+5]="= 45 -"
Parsed token = at line 6, i=5
line[6]=" ", line[i..i+5]=" 45 - "
line[7]="4", line[i..i+5]="45 - m"
i=7, j=9, str=45
Parsed token num at line 6, i=8
line[9]=" ", line[i..i+5]=" - m[5"
line[10]="-", line[i..i+5]="- m[54"
Parsed token - at line 6, i=10
line[11]=" ", line[i..i+5]=" m[54 "
line[12]="m", line[i..i+5]="m[54 -"
Parsed token m at line 6, i=12
line[13]="[", line[i..i+5]="[54 - "
Parsed token [ at line 6, i=13
line[14]="5", line[i..i+5]="54 - 3"
i=14, j=16, str=54
Parsed token num at line 6, i=15
line[16]=" ", line[i..i+5]=" - 36]"
line[17]="-", line[i..i+5]="- 36]"
Parsed token - at line 6, i=17
line[18]=" ", line[i..i+5]=" 36]"
line[19]="3", line[i..i+5]="36]"
i=19, j=21, str=36
Parsed token num at line 6, i=20
line[21]="]", line[i..i+5]="]"
Parsed token ] at line 6, i=21
Read line m[8] = 55 - (14 - 26)
line[0]="m", line[i..i+5]="m[8] ="
Parsed token m at line 7, i=0
line[1]="[", line[i..i+5]="[8] = "
Parsed token [ at line 7, i=1
line[2]="8", line[i..i+5]="8] = 5"
i=2, j=3, str=8
Parsed token num at line 7, i=2
line[3]="]", line[i..i+5]="] = 55"
Parsed token ] at line 7, i=3
line[4]=" ", line[i..i+5]=" = 55 "
line[5]="=", line[i..i+5]="= 55 -"
Parsed token = at line 7, i=5
line[6]=" ", line[i..i+5]=" 55 - "
line[7]="5", line[i..i+5]="55 - ("
i=7, j=9, str=55
Parsed token num at line 7, i=8
line[9]=" ", line[i..i+5]=" - (14"
line[10]="-", line[i..i+5]="- (14 "
Parsed token - at line 7, i=10
line[11]=" ", line[i..i+5]=" (14 -"
line[12]="(", line[i..i+5]="(14 - "
Parsed token ( at line 7, i=12
line[13]="1", line[i..i+5]="14 - 2"
i=13, j=15, str=14
Parsed token num at line 7, i=14
line[15]=" ", line[i..i+5]=" - 26)"
line[16]="-", line[i..i+5]="- 26)"
Parsed token - at line 7, i=16
line[17]=" ", line[i..i+5]=" 26)"
line[18]="2", line[i..i+5]="26)"
i=18, j=20, str=26
Parsed token num at line 7, i=19
line[20]=")", line[i..i+5]=")"
Parsed token ) at line 7, i=20
Read line m[9] = 65 - m[(36 - 24)]
line[0]="m", line[i..i+5]="m[9] ="
Parsed token m at line 8, i=0
line[1]="[", line[i..i+5]="[9] = "
Parsed token [ at line 8, i=1
line[2]="9", line[i..i+5]="9] = 6"
i=2, j=3, str=9
Parsed token num at line 8, i=2
line[3]="]", line[i..i+5]="] = 65"
Parsed token ] at line 8, i=3
line[4]=" ", line[i..i+5]=" = 65 "
line[5]="=", line[i..i+5]="= 65 -"
Parsed token = at line 8, i=5
line[6]=" ", line[i..i+5]=" 65 - "
line[7]="6", line[i..i+5]="65 - m"
i=7, j=9, str=65
Parsed token num at line 8, i=8
line[9]=" ", line[i..i+5]=" - m[("
line[10]="-", line[i..i+5]="- m[(3"
Parsed token - at line 8, i=10
line[11]=" ", line[i..i+5]=" m[(36"
line[12]="m", line[i..i+5]="m[(36 "
Parsed token m at line 8, i=12
line[13]="[", line[i..i+5]="[(36 -"
Parsed token [ at line 8, i=13
line[14]="(", line[i..i+5]="(36 - "
Parsed token ( at line 8, i=14
line[15]="3", line[i..i+5]="36 - 2"
i=15, j=17, str=36
Parsed token num at line 8, i=16
line[17]=" ", line[i..i+5]=" - 24)"
line[18]="-", line[i..i+5]="- 24)]"
Parsed token - at line 8, i=18
line[19]=" ", line[i..i+5]=" 24)]"
line[20]="2", line[i..i+5]="24)]"
i=20, j=22, str=24
Parsed token num at line 8, i=21
line[22]=")", line[i..i+5]=")]"
Parsed token ) at line 8, i=22
line[23]="]", line[i..i+5]="]"
Parsed token ] at line 8, i=23
Read line print m[3]
line[0]="p", line[i..i+5]="print "
Parsed token print at line 9, i=4
line[5]=" ", line[i..i+5]=" m[3]"
line[6]="m", line[i..i+5]="m[3]"
Parsed token m at line 9, i=6
line[7]="[", line[i..i+5]="[3]"
Parsed token [ at line 9, i=7
line[8]="3", line[i..i+5]="3]"
i=8, j=9, str=3
Parsed token num at line 9, i=8
line[9]="]", line[i..i+5]="]"
Parsed token ] at line 9, i=9
Read line goto 1 if m[0]
line[0]="g", line[i..i+5]="goto 1"
Parsed token goto at line 10, i=3
line[4]=" ", line[i..i+5]=" 1 if "
line[5]="1", line[i..i+5]="1 if m"
i=5, j=6, str=1
Parsed token num at line 10, i=5
line[6]=" ", line[i..i+5]=" if m["
line[7]="i", line[i..i+5]="if m[0"
Parsed token if at line 10, i=8
line[9]=" ", line[i..i+5]=" m[0]"
line[10]="m", line[i..i+5]="m[0]"
Parsed token m at line 10, i=10
line[11]="[", line[i..i+5]="[0]"
Parsed token [ at line 10, i=11
line[12]="0", line[i..i+5]="0]"
i=12, j=13, str=0
Parsed token num at line 10, i=12
line[13]="]", line[i..i+5]="]"
Parsed token ] at line 10, i=13
Read line print m[12]
line[0]="p", line[i..i+5]="print "
Parsed token print at line 11, i=4
line[5]=" ", line[i..i+5]=" m[12]"
line[6]="m", line[i..i+5]="m[12]"
Parsed token m at line 11, i=6
line[7]="[", line[i..i+5]="[12]"
Parsed token [ at line 11, i=7
line[8]="1", line[i..i+5]="12]"
i=8, j=10, str=12
Parsed token num at line 11, i=9
line[10]="]", line[i..i+5]="]"
Parsed token ] at line 11, i=10
Read line goto 5
line[0]="g", line[i..i+5]="goto 5"
Parsed token goto at line 12, i=3
line[4]=" ", line[i..i+5]=" 5"
line[5]="5", line[i..i+5]="5"
i=5, j=6, str=5
Parsed token num at line 12, i=5
Read line print m[90]
line[0]="p", line[i..i+5]="print "
Parsed token print at line 13, i=4
line[5]=" ", line[i..i+5]=" m[90]"
line[6]="m", line[i..i+5]="m[90]"
Parsed token m at line 13, i=6
line[7]="[", line[i..i+5]="[90]"
Parsed token [ at line 13, i=7
line[8]="9", line[i..i+5]="90]"
i=8, j=10, str=90
Parsed token num at line 13, i=9
line[10]="]", line[i..i+5]="]"
Parsed token ] at line 13, i=10
Read line L2:
line[0]="L", line[i..i+5]="L2:"
Parsed token L at line 14, i=0
line[1]="2", line[i..i+5]="2:"
i=1, j=2, str=2
Parsed token num at line 14, i=1
line[2]=":", line[i..i+5]=":"
Parsed token : at line 14, i=2
Read line print m[80]
line[0]="p", line[i..i+5]="print "
Parsed token print at line 15, i=4
line[5]=" ", line[i..i+5]=" m[80]"
line[6]="m", line[i..i+5]="m[80]"
Parsed token m at line 15, i=6
line[7]="[", line[i..i+5]="[80]"
Parsed token [ at line 15, i=7
line[8]="8", line[i..i+5]="80]"
i=8, j=10, str=80
Parsed token num at line 15, i=9
line[10]="]", line[i..i+5]="]"
Parsed token ] at line 15, i=10
digraph G {
	"Start1" [label="Start"]
	"Statements2" [label="Statements"]
	"Start1" -> "Statements2"
	"Statement3" [label="Statement"]
	"Statements2" -> "Statement3"
	"Label4" [label="Label"]
	"Statement3" -> "Label4"
	"L5" [label="L",style=filled,fillcolor=powderblue]
	"Label4" -> "L5"
	"num6" [label="num",style=filled,fillcolor=powderblue]
	"Label4" -> "num6"
	":7" [label=":",style=filled,fillcolor=powderblue]
	"Label4" -> ":7"
	"Statements8" [label="Statements"]
	"Statements2" -> "Statements8"
	"Statement9" [label="Statement"]
	"Statements8" -> "Statement9"
	"Assignment10" [label="Assignment"]
	"Statement9" -> "Assignment10"
	"m11" [label="m",style=filled,fillcolor=powderblue]
	"Assignment10" -> "m11"
	"[12" [label="[",style=filled,fillcolor=powderblue]
	"Assignment10" -> "[12"
	"Expression13" [label="Expression"]
	"Assignment10" -> "Expression13"
	"Term14" [label="Term"]
	"Expression13" -> "Term14"
	"Exponential Term15" [label="Exponential Term"]
	"Term14" -> "Exponential Term15"
	"Bracket Term16" [label="Bracket Term"]
	"Exponential Term15" -> "Bracket Term16"
	"num17" [label="num",style=filled,fillcolor=powderblue]
	"Bracket Term16" -> "num17"
	"Right of Term18" [label="Right of Term"]
	"Term14" -> "Right of Term18"
	"e19" [label="e"]
	"Right of Term18" -> "e19"
	"Right of Expression20" [label="Right of Expression"]
	"Expression13" -> "Right of Expression20"
	"e21" [label="e"]
	"Right of Expression20" -> "e21"
	"]22" [label="]",style=filled,fillcolor=powderblue]
	"Assignment10" -> "]22"
	"=23" [label="=",style=filled,fillcolor=powderblue]
	"Assignment10" -> "=23"
	"Expression24" [label="Expression"]
	"Assignment10" -> "Expression24"
	"Term25" [label="Term"]
	"Expression24" -> "Term25"
	"Exponential Term26" [label="Exponential Term"]
	"Term25" -> "Exponential Term26"
	"Bracket Term27" [label="Bracket Term"]
	"Exponential Term26" -> "Bracket Term27"
	"num28" [label="num",style=filled,fillcolor=powderblue]
	"Bracket Term27" -> "num28"
	"Right of Term29" [label="Right of Term"]
	"Term25" -> "Right of Term29"
	"e30" [label="e"]
	"Right of Term29" -> "e30"
	"Right of Expression31" [label="Right of Expression"]
	"Expression24" -> "Right of Expression31"
	"-32" [label="-",style=filled,fillcolor=powderblue]
	"Right of Expression31" -> "-32"
	"Term33" [label="Term"]
	"Right of Expression31" -> "Term33"
	"Exponential Term34" [label="Exponential Term"]
	"Term33" -> "Exponential Term34"
	"Bracket Term35" [label="Bracket Term"]
	"Exponential Term34" -> "Bracket Term35"
	"(36" [label="(",style=filled,fillcolor=powderblue]
	"Bracket Term35" -> "(36"
	"Expression37" [label="Expression"]
	"Bracket Term35" -> "Expression37"
	"Term38" [label="Term"]
	"Expression37" -> "Term38"
	"Exponential Term39" [label="Exponential Term"]
	"Term38" -> "Exponential Term39"
	"Bracket Term40" [label="Bracket Term"]
	"Exponential Term39" -> "Bracket Term40"
	"m41" [label="m",style=filled,fillcolor=powderblue]
	"Bracket Term40" -> "m41"
	"[42" [label="[",style=filled,fillcolor=powderblue]
	"Bracket Term40" -> "[42"
	"Expression43" [label="Expression"]
	"Bracket Term40" -> "Expression43"
	"Term44" [label="Term"]
	"Expression43" -> "Term44"
	"Exponential Term45" [label="Exponential Term"]
	"Term44" -> "Exponential Term45"
	"Bracket Term46" [label="Bracket Term"]
	"Exponential Term45" -> "Bracket Term46"
	"num47" [label="num",style=filled,fillcolor=powderblue]
	"Bracket Term46" -> "num47"
	"Right of Term48" [label="Right of Term"]
	"Term44" -> "Right of Term48"
	"e49" [label="e"]
	"Right of Term48" -> "e49"
	"Right of Expression50" [label="Right of Expression"]
	"Expression43" -> "Right of Expression50"
	"e51" [label="e"]
	"Right of Expression50" -> "e51"
	"]52" [label="]",style=filled,fillcolor=powderblue]
	"Bracket Term40" -> "]52"
	"Right of Term53" [label="Right of Term"]
	"Term38" -> "Right of Term53"
	"e54" [label="e"]
	"Right of Term53" -> "e54"
	"Right of Expression55" [label="Right of Expression"]
	"Expression37" -> "Right of Expression55"
	"-56" [label="-",style=filled,fillcolor=powderblue]
	"Right of Expression55" -> "-56"
	"Term57" [label="Term"]
	"Right of Expression55" -> "Term57"
	"Exponential Term58" [label="Exponential Term"]
	"Term57" -> "Exponential Term58"
	"Bracket Term59" [label="Bracket Term"]
	"Exponential Term58" -> "Bracket Term59"
	"num60" [label="num",style=filled,fillcolor=powderblue]
	"Bracket Term59" -> "num60"
	"Right of Term61" [label="Right of Term"]
	"Term57" -> "Right of Term61"
	"e62" [label="e"]
	"Right of Term61" -> "e62"
	"Right of Expression63" [label="Right of Expression"]
	"Right of Expression55" -> "Right of Expression63"
	"e64" [label="e"]
	"Right of Expression63" -> "e64"
	")65" [label=")",style=filled,fillcolor=powderblue]
	"Bracket Term35" -> ")65"
	"Right of Term66" [label="Right of Term"]
	"Term33" -> "Right of Term66"
	"e67" [label="e"]
	"Right of Term66" -> "e67"
	"Right of Expression68" [label="Right of Expression"]
	"Right of Expression31" -> "Right of Expression68"
	"e69" [label="e"]
	"Right of Expression68" -> "e69"
	"Statements70" [label="Statements"]
	"Statements8" -> "Statements70"
	"Statement71" [label="Statement"]
	"Statements70" -> "Statement71"
	"Assignment72" [label="Assignment"]
	"Statement71" -> "Assignment72"
	"m73" [label="m",style=filled,fillcolor=powderblue]
	"Assignment72" -> "m73"
	"[74" [label="[",style=filled,fillcolor=powderblue]
	"Assignment72" -> "[74"
	"Expression75" [label="Expression"]
	"Assignment72" -> "Expression75"
	"Term76" [label="Term"]
	"Expression75" -> "Term76"
	"Exponential Term77" [label="Exponential Term"]
	"Term76" -> "Exponential Term77"
	"Bracket Term78" [label="Bracket Term"]
	"Exponential Term77" -> "Bracket Term78"
	"num79" [label="num",style=filled,fillcolor=powderblue]
	"Bracket Term78" -> "num79"
	"Right of Term80" [label="Right of Term"]
	"Term76" -> "Right of Term80"
	"e81" [label="e"]
	"Right of Term80" -> "e81"
	"Right of Expression82" [label="Right of Expression"]
	"Expression75" -> "Right of Expression82"
	"e83" [label="e"]
	"Right of Expression82" -> "e83"
	"]84" [label="]",style=filled,fillcolor=powderblue]
	"Assignment72" -> "]84"
	"=85" [label="=",style=filled,fillcolor=powderblue]
	"Assignment72" -> "=85"
	"Expression86" [label="Expression"]
	"Assignment72" -> "Expression86"
	"Term87" [label="Term"]
	"Expression86" -> "Term87"
	"Exponential Term88" [label="Exponential Term"]
	"Term87" -> "Exponential Term88"
	"Bracket Term89" [label="Bracket Term"]
	"Exponential Term88" -> "Bracket Term89"
	"num90" [label="num",style=filled,fillcolor=powderblue]
	"Bracket Term89" -> "num90"
	"Right of Term91" [label="Right of Term"]
	"Term87" -> "Right of Term91"
	"/92" [label="/",style=filled,fillcolor=powderblue]
	"Right of Term91" -> "/92"
	"Exponential Term93" [label="Exponential Term"]
	"Right of Term91" -> "Exponential Term93"
	"Bracket Term94" [label="Bracket Term"]
	"Exponential Term93" -> "Bracket Term94"
	"num95" [label="num",style=filled,fillcolor=powderblue]
	"Bracket Term94" -> "num95"
	"Right of Term96" [label="Right of Term"]
	"Right of Term91" -> "Right of Term96"
	"*97" [label="*",style=filled,fillcolor=powderblue]
	"Right of Term96" -> "*97"
	"Exponential Term98" [label="Exponential Term"]
	"Right of Term96" -> "Exponential Term98"
	"Bracket Term99" [label="Bracket Term"]
	"Exponential Term98" -> "Bracket Term99"
	"num100" [label="num",style=filled,fillcolor=powderblue]
	"Bracket Term99" -> "num100"
	"Right of Term101" [label="Right of Term"]
	"Right of Term96" -> "Right of Term101"
	"e102" [label="e"]
	"Right of Term101" -> "e102"
	"Right of Expression103" [label="Right of Expression"]
	"Expression86" -> "Right of Expression103"
	"e104" [label="e"]
	"Right of Expression103" -> "e104"
	"Statements105" [label="Statements"]
	"Statements70" -> "Statements105"
	"Statement106" [label="Statement"]
	"Statements105" -> "Statement106"
	"Assignment107" [label="Assignment"]
	"Statement106" -> "Assignment107"
	"m108" [label="m",style=filled,fillcolor=powderblue]
	"Assignment107" -> "m108"
	"[109" [label="[",style=filled,fillcolor=powderblue]
	"Assignment107" -> "[109"
	"Expression110" [label="Expression"]
	"Assignment107" -> "Expression110"
	"Term111" [label="Term"]
	"Expression110" -> "Term111"
	"Exponential Term112" [label="Exponential Term"]
	"Term111" -> "Exponential Term112"
	"Bracket Term113" [label="Bracket Term"]
	"Exponential Term112" -> "Bracket Term113"
	"num114" [label="num",style=filled,fillcolor=powderblue]
	"Bracket Term113" -> "num114"
	"Right of Term115" [label="Right of Term"]
	"Term111" -> "Right of Term115"
	"e116" [label="e"]
	"Right of Term115" -> "e116"
	"Right of Expression117" [label="Right of Expression"]
	"Expression110" -> "Right of Expression117"
	"e118" [label="e"]
	"Right of Expression117" -> "e118"
	"]119" [label="]",style=filled,fillcolor=powderblue]
	"Assignment107" -> "]119"
	"=120" [label="=",style=filled,fillcolor=powderblue]
	"Assignment107" -> "=120"
	"Expression121" [label="Expression"]
	"Assignment107" -> "Expression121"
	"Term122" [label="Term"]
	"Expression121" -> "Term122"
	"Exponential Term123" [label="Exponential Term"]
	"Term122" -> "Exponential Term123"
	"Bracket Term124" [label="Bracket Term"]
	"Exponential Term123" -> "Bracket Term124"
	"num125" [label="num",style=filled,fillcolor=powderblue]
	"Bracket Term124" -> "num125"
	"Right of Term126" [label="Right of Term"]
	"Term122" -> "Right of Term126"
	"e127" [label="e"]
	"Right of Term126" -> "e127"
	"Right of Expression128" [label="Right of Expression"]
	"Expression121" -> "Right of Expression128"
	"+129" [label="+",style=filled,fillcolor=powderblue]
	"Right of Expression128" -> "+129"
	"Term130" [label="Term"]
	"Right of Expression128" -> "Term130"
	"Exponential Term131" [label="Exponential Term"]
	"Term130" -> "Exponential Term131"
	"Bracket Term132" [label="Bracket Term"]
	"Exponential Term131" -> "Bracket Term132"
	"m133" [label="m",style=filled,fillcolor=powderblue]
	"Bracket Term132" -> "m133"
	"[134" [label="[",style=filled,fillcolor=powderblue]
	"Bracket Term132" -> "[134"
	"Expression135" [label="Expression"]
	"Bracket Term132" -> "Expression135"
	"Term136" [label="Term"]
	"Expression135" -> "Term136"
	"Exponential Term137" [label="Exponential Term"]
	"Term136" -> "Exponential Term137"
	"Bracket Term138" [label="Bracket Term"]
	"Exponential Term137" -> "Bracket Term138"
	"num139" [label="num",style=filled,fillcolor=powderblue]
	"Bracket Term138" -> "num139"
	"Right of Term140" [label="Right of Term"]
	"Term136" -> "Right of Term140"
	"e141" [label="e"]
	"Right of Term140" -> "e141"
	"Right of Expression142" [label="Right of Expression"]
	"Expression135" -> "Right of Expression142"
	"e143" [label="e"]
	"Right of Expression142" -> "e143"
	"]144" [label="]",style=filled,fillcolor=powderblue]
	"Bracket Term132" -> "]144"
	"Right of Term145" [label="Right of Term"]
	"Term130" -> "Right of Term145"
	"e146" [label="e"]
	"Right of Term145" -> "e146"
	"Right of Expression147" [label="Right of Expression"]
	"Right of Expression128" -> "Right of Expression147"
	"e148" [label="e"]
	"Right of Expression147" -> "e148"
	"Statements149" [label="Statements"]
	"Statements105" -> "Statements149"
	"Statement150" [label="Statement"]
	"Statements149" -> "Statement150"
	"Assignment151" [label="Assignment"]
	"Statement150" -> "Assignment151"
	"m152" [label="m",style=filled,fillcolor=powderblue]
	"Assignment151" -> "m152"
	"[153" [label="[",style=filled,fillcolor=powderblue]
	"Assignment151" -> "[153"
	"Expression154" [label="Expression"]
	"Assignment151" -> "Expression154"
	"Term155" [label="Term"]
	"Expression154" -> "Term155"
	"Exponential Term156" [label="Exponential Term"]
	"Term155" -> "Exponential Term156"
	"Bracket Term157" [label="Bracket Term"]
	"Exponential Term156" -> "Bracket Term157"
	"num158" [label="num",style=filled,fillcolor=powderblue]
	"Bracket Term157" -> "num158"
	"Right of Term159" [label="Right of Term"]
	"Term155" -> "Right of Term159"
	"e160" [label="e"]
	"Right of Term159" -> "e160"
	"Right of Expression161" [label="Right of Expression"]
	"Expression154" -> "Right of Expression161"
	"e162" [label="e"]
	"Right of Expression161" -> "e162"
	"]163" [label="]",style=filled,fillcolor=powderblue]
	"Assignment151" -> "]163"
	"=164" [label="=",style=filled,fillcolor=powderblue]
	"Assignment151" -> "=164"
	"Expression165" [label="Expression"]
	"Assignment151" -> "Expression165"
	"Term166" [label="Term"]
	"Expression165" -> "Term166"
	"Exponential Term167" [label="Exponential Term"]
	"Term166" -> "Exponential Term167"
	"Bracket Term168" [label="Bracket Term"]
	"Exponential Term167" -> "Bracket Term168"
	"num169" [label="num",style=filled,fillcolor=powderblue]
	"Bracket Term168" -> "num169"
	"Right of Term170" [label="Right of Term"]
	"Term166" -> "Right of Term170"
	"e171" [label="e"]
	"Right of Term170" -> "e171"
	"Right of Expression172" [label="Right of Expression"]
	"Expression165" -> "Right of Expression172"
	"-173" [label="-",style=filled,fillcolor=powderblue]
	"Right of Expression172" -> "-173"
	"Term174" [label="Term"]
	"Right of Expression172" -> "Term174"
	"Exponential Term175" [label="Exponential Term"]
	"Term174" -> "Exponential Term175"
	"Bracket Term176" [label="Bracket Term"]
	"Exponential Term175" -> "Bracket Term176"
	"m177" [label="m",style=filled,fillcolor=powderblue]
	"Bracket Term176" -> "m177"
	"[178" [label="[",style=filled,fillcolor=powderblue]
	"Bracket Term176" -> "[178"
	"Expression179" [label="Expression"]
	"Bracket Term176" -> "Expression179"
	"Term180" [label="Term"]
	"Expression179" -> "Term180"
	"Exponential Term181" [label="Exponential Term"]
	"Term180" -> "Exponential Term181"
	"Bracket Term182" [label="Bracket Term"]
	"Exponential Term181" -> "Bracket Term182"
	"num183" [label="num",style=filled,fillcolor=powderblue]
	"Bracket Term182" -> "num183"
	"Right of Term184" [label="Right of Term"]
	"Term180" -> "Right of Term184"
	"e185" [label="e"]
	"Right of Term184" -> "e185"
	"Right of Expression186" [label="Right of Expression"]
	"Expression179" -> "Right of Expression186"
	"-187" [label="-",style=filled,fillcolor=powderblue]
	"Right of Expression186" -> "-187"
	"Term188" [label="Term"]
	"Right of Expression186" -> "Term188"
	"Exponential Term189" [label="Exponential Term"]
	"Term188" -> "Exponential Term189"
	"Bracket Term190" [label="Bracket Term"]
	"Exponential Term189" -> "Bracket Term190"
	"num191" [label="num",style=filled,fillcolor=powderblue]
	"Bracket Term190" -> "num191"
	"Right of Term192" [label="Right of Term"]
	"Term188" -> "Right of Term192"
	"e193" [label="e"]
	"Right of Term192" -> "e193"
	"Right of Expression194" [label="Right of Expression"]
	"Right of Expression186" -> "Right of Expression194"
	"e195" [label="e"]
	"Right of Expression194" -> "e195"
	"]196" [label="]",style=filled,fillcolor=powderblue]
	"Bracket Term176" -> "]196"
	"Right of Term197" [label="Right of Term"]
	"Term174" -> "Right of Term197"
	"e198" [label="e"]
	"Right of Term197" -> "e198"
	"Right of Expression199" [label="Right of Expression"]
	"Right of Expression172" -> "Right of Expression199"
	"e200" [label="e"]
	"Right of Expression199" -> "e200"
	"Statements201" [label="Statements"]
	"Statements149" -> "Statements201"
	"Statement202" [label="Statement"]
	"Statements201" -> "Statement202"
	"Assignment203" [label="Assignment"]
	"Statement202" -> "Assignment203"
	"m204" [label="m",style=filled,fillcolor=powderblue]
	"Assignment203" -> "m204"
	"[205" [label="[",style=filled,fillcolor=powderblue]
	"Assignment203" -> "[205"
	"Expression206" [label="Expression"]
	"Assignment203" -> "Expression206"
	"Term207" [label="Term"]
	"Expression206" -> "Term207"
	"Exponential Term208" [label="Exponential Term"]
	"Term207" -> "Exponential Term208"
	"Bracket Term209" [label="Bracket Term"]
	"Exponential Term208" -> "Bracket Term209"
	"num210" [label="num",style=filled,fillcolor=powderblue]
	"Bracket Term209" -> "num210"
	"Right of Term211" [label="Right of Term"]
	"Term207" -> "Right of Term211"
	"e212" [label="e"]
	"Right of Term211" -> "e212"
	"Right of Expression213" [label="Right of Expression"]
	"Expression206" -> "Right of Expression213"
	"e214" [label="e"]
	"Right of Expression213" -> "e214"
	"]215" [label="]",style=filled,fillcolor=powderblue]
	"Assignment203" -> "]215"
	"=216" [label="=",style=filled,fillcolor=powderblue]
	"Assignment203" -> "=216"
	"Expression217" [label="Expression"]
	"Assignment203" -> "Expression217"
	"Term218" [label="Term"]
	"Expression217" -> "Term218"
	"Exponential Term219" [label="Exponential Term"]
	"Term218" -> "Exponential Term219"
	"Bracket Term220" [label="Bracket Term"]
	"Exponential Term219" -> "Bracket Term220"
	"num221" [label="num",style=filled,fillcolor=powderblue]
	"Bracket Term220" -> "num221"
	"Right of Term222" [label="Right of Term"]
	"Term218" -> "Right of Term222"
	"e223" [label="e"]
	"Right of Term222" -> "e223"
	"Right of Expression224" [label="Right of Expression"]
	"Expression217" -> "Right of Expression224"
	"-225" [label="-",style=filled,fillcolor=powderblue]
	"Right of Expression224" -> "-225"
	"Term226" [label="Term"]
	"Right of Expression224" -> "Term226"
	"Exponential Term227" [label="Exponential Term"]
	"Term226" -> "Exponential Term227"
	"Bracket Term228" [label="Bracket Term"]
	"Exponential Term227" -> "Bracket Term228"
	"(229" [label="(",style=filled,fillcolor=powderblue]
	"Bracket Term228" -> "(229"
	"Expression230" [label="Expression"]
	"Bracket Term228" -> "Expression230"
	"Term231" [label="Term"]
	"Expression230" -> "Term231"
	"Exponential Term232" [label="Exponential Term"]
	"Term231" -> "Exponential Term232"
	"Bracket Term233" [label="Bracket Term"]
	"Exponential Term232" -> "Bracket Term233"
	"num234" [label="num",style=filled,fillcolor=powderblue]
	"Bracket Term233" -> "num234"
	"Right of Term235" [label="Right of Term"]
	"Term231" -> "Right of Term235"
	"e236" [label="e"]
	"Right of Term235" -> "e236"
	"Right of Expression237" [label="Right of Expression"]
	"Expression230" -> "Right of Expression237"
	"-238" [label="-",style=filled,fillcolor=powderblue]
	"Right of Expression237" -> "-238"
	"Term239" [label="Term"]
	"Right of Expression237" -> "Term239"
	"Exponential Term240" [label="Exponential Term"]
	"Term239" -> "Exponential Term240"
	"Bracket Term241" [label="Bracket Term"]
	"Exponential Term240" -> "Bracket Term241"
	"num242" [label="num",style=filled,fillcolor=powderblue]
	"Bracket Term241" -> "num242"
	"Right of Term243" [label="Right of Term"]
	"Term239" -> "Right of Term243"
	"e244" [label="e"]
	"Right of Term243" -> "e244"
	"Right of Expression245" [label="Right of Expression"]
	"Right of Expression237" -> "Right of Expression245"
	"e246" [label="e"]
	"Right of Expression245" -> "e246"
	")247" [label=")",style=filled,fillcolor=powderblue]
	"Bracket Term228" -> ")247"
	"Right of Term248" [label="Right of Term"]
	"Term226" -> "Right of Term248"
	"e249" [label="e"]
	"Right of Term248" -> "e249"
	"Right of Expression250" [label="Right of Expression"]
	"Right of Expression224" -> "Right of Expression250"
	"e251" [label="e"]
	"Right of Expression250" -> "e251"
	"Statements252" [label="Statements"]
	"Statements201" -> "Statements252"
	"Statement253" [label="Statement"]
	"Statements252" -> "Statement253"
	"Assignment254" [label="Assignment"]
	"Statement253" -> "Assignment254"
	"m255" [label="m",style=filled,fillcolor=powderblue]
	"Assignment254" -> "m255"
	"[256" [label="[",style=filled,fillcolor=powderblue]
	"Assignment254" -> "[256"
	"Expression257" [label="Expression"]
	"Assignment254" -> "Expression257"
	"Term258" [label="Term"]
	"Expression257" -> "Term258"
	"Exponential Term259" [label="Exponential Term"]
	"Term258" -> "Exponential Term259"
	"Bracket Term260" [label="Bracket Term"]
	"Exponential Term259" -> "Bracket Term260"
	"num261" [label="num",style=filled,fillcolor=powderblue]
	"Bracket Term260" -> "num261"
	"Right of Term262" [label="Right of Term"]
	"Term258" -> "Right of Term262"
	"e263" [label="e"]
	"Right of Term262" -> "e263"
	"Right of Expression264" [label="Right of Expression"]
	"Expression257" -> "Right of Expression264"
	"e265" [label="e"]
	"Right of Expression264" -> "e265"
	"]266" [label="]",style=filled,fillcolor=powderblue]
	"Assignment254" -> "]266"
	"=267" [label="=",style=filled,fillcolor=powderblue]
	"Assignment254" -> "=267"
	"Expression268" [label="Expression"]
	"Assignment254" -> "Expression268"
	"Term269" [label="Term"]
	"Expression268" -> "Term269"
	"Exponential Term270" [label="Exponential Term"]
	"Term269" -> "Exponential Term270"
	"Bracket Term271" [label="Bracket Term"]
	"Exponential Term270" -> "Bracket Term271"
	"num272" [label="num",style=filled,fillcolor=powderblue]
	"Bracket Term271" -> "num272"
	"Right of Term273" [label="Right of Term"]
	"Term269" -> "Right of Term273"
	"e274" [label="e"]
	"Right of Term273" -> "e274"
	"Right of Expression275" [label="Right of Expression"]
	"Expression268" -> "Right of Expression275"
	"-276" [label="-",style=filled,fillcolor=powderblue]
	"Right of Expression275" -> "-276"
	"Term277" [label="Term"]
	"Right of Expression275" -> "Term277"
	"Exponential Term278" [label="Exponential Term"]
	"Term277" -> "Exponential Term278"
	"Bracket Term279" [label="Bracket Term"]
	"Exponential Term278" -> "Bracket Term279"
	"m280" [label="m",style=filled,fillcolor=powderblue]
	"Bracket Term279" -> "m280"
	"[281" [label="[",style=filled,fillcolor=powderblue]
	"Bracket Term279" -> "[281"
	"Expression282" [label="Expression"]
	"Bracket Term279" -> "Expression282"
	"Term283" [label="Term"]
	"Expression282" -> "Term283"
	"Exponential Term284" [label="Exponential Term"]
	"Term283" -> "Exponential Term284"
	"Bracket Term285" [label="Bracket Term"]
	"Exponential Term284" -> "Bracket Term285"
	"(286" [label="(",style=filled,fillcolor=powderblue]
	"Bracket Term285" -> "(286"
	"Expression287" [label="Expression"]
	"Bracket Term285" -> "Expression287"
	"Term288" [label="Term"]
	"Expression287" -> "Term288"
	"Exponential Term289" [label="Exponential Term"]
	"Term288" -> "Exponential Term289"
	"Bracket Term290" [label="Bracket Term"]
	"Exponential Term289" -> "Bracket Term290"
	"num291" [label="num",style=filled,fillcolor=powderblue]
	"Bracket Term290" -> "num291"
	"Right of Term292" [label="Right of Term"]
	"Term288" -> "Right of Term292"
	"e293" [label="e"]
	"Right of Term292" -> "e293"
	"Right of Expression294" [label="Right of Expression"]
	"Expression287" -> "Right of Expression294"
	"-295" [label="-",style=filled,fillcolor=powderblue]
	"Right of Expression294" -> "-295"
	"Term296" [label="Term"]
	"Right of Expression294" -> "Term296"
	"Exponential Term297" [label="Exponential Term"]
	"Term296" -> "Exponential Term297"
	"Bracket Term298" [label="Bracket Term"]
	"Exponential Term297" -> "Bracket Term298"
	"num299" [label="num",style=filled,fillcolor=powderblue]
	"Bracket Term298" -> "num299"
	"Right of Term300" [label="Right of Term"]
	"Term296" -> "Right of Term300"
	"e301" [label="e"]
	"Right of Term300" -> "e301"
	"Right of Expression302" [label="Right of Expression"]
	"Right of Expression294" -> "Right of Expression302"
	"e303" [label="e"]
	"Right of Expression302" -> "e303"
	")304" [label=")",style=filled,fillcolor=powderblue]
	"Bracket Term285" -> ")304"
	"Right of Term305" [label="Right of Term"]
	"Term283" -> "Right of Term305"
	"e306" [label="e"]
	"Right of Term305" -> "e306"
	"Right of Expression307" [label="Right of Expression"]
	"Expression282" -> "Right of Expression307"
	"e308" [label="e"]
	"Right of Expression307" -> "e308"
	"]309" [label="]",style=filled,fillcolor=powderblue]
	"Bracket Term279" -> "]309"
	"Right of Term310" [label="Right of Term"]
	"Term277" -> "Right of Term310"
	"e311" [label="e"]
	"Right of Term310" -> "e311"
	"Right of Expression312" [label="Right of Expression"]
	"Right of Expression275" -> "Right of Expression312"
	"e313" [label="e"]
	"Right of Expression312" -> "e313"
	"Statements314" [label="Statements"]
	"Statements252" -> "Statements314"
	"Statement315" [label="Statement"]
	"Statements314" -> "Statement315"
	"Print316" [label="Print"]
	"Statement315" -> "Print316"
	"print317" [label="print",style=filled,fillcolor=powderblue]
	"Print316" -> "print317"
	"Expression318" [label="Expression"]
	"Print316" -> "Expression318"
	"Term319" [label="Term"]
	"Expression318" -> "Term319"
	"Exponential Term320" [label="Exponential Term"]
	"Term319" -> "Exponential Term320"
	"Bracket Term321" [label="Bracket Term"]
	"Exponential Term320" -> "Bracket Term321"
	"m322" [label="m",style=filled,fillcolor=powderblue]
	"Bracket Term321" -> "m322"
	"[323" [label="[",style=filled,fillcolor=powderblue]
	"Bracket Term321" -> "[323"
	"Expression324" [label="Expression"]
	"Bracket Term321" -> "Expression324"
	"Term325" [label="Term"]
	"Expression324" -> "Term325"
	"Exponential Term326" [label="Exponential Term"]
	"Term325" -> "Exponential Term326"
	"Bracket Term327" [label="Bracket Term"]
	"Exponential Term326" -> "Bracket Term327"
	"num328" [label="num",style=filled,fillcolor=powderblue]
	"Bracket Term327" -> "num328"
	"Right of Term329" [label="Right of Term"]
	"Term325" -> "Right of Term329"
	"e330" [label="e"]
	"Right of Term329" -> "e330"
	"Right of Expression331" [label="Right of Expression"]
	"Expression324" -> "Right of Expression331"
	"e332" [label="e"]
	"Right of Expression331" -> "e332"
	"]333" [label="]",style=filled,fillcolor=powderblue]
	"Bracket Term321" -> "]333"
	"Right of Term334" [label="Right of Term"]
	"Term319" -> "Right of Term334"
	"e335" [label="e"]
	"Right of Term334" -> "e335"
	"Right of Expression336" [label="Right of Expression"]
	"Expression318" -> "Right of Expression336"
	"e337" [label="e"]
	"Right of Expression336" -> "e337"
	"Statements338" [label="Statements"]
	"Statements314" -> "Statements338"
	"Statement339" [label="Statement"]
	"Statements338" -> "Statement339"
	"Jump340" [label="Jump"]
	"Statement339" -> "Jump340"
	"goto341" [label="goto",style=filled,fillcolor=powderblue]
	"Jump340" -> "goto341"
	"num342" [label="num",style=filled,fillcolor=powderblue]
	"Jump340" -> "num342"
	"if343" [label="if",style=filled,fillcolor=powderblue]
	"Jump340" -> "if343"
	"Expression344" [label="Expression"]
	"Jump340" -> "Expression344"
	"Term345" [label="Term"]
	"Expression344" -> "Term345"
	"Exponential Term346" [label="Exponential Term"]
	"Term345" -> "Exponential Term346"
	"Bracket Term347" [label="Bracket Term"]
	"Exponential Term346" -> "Bracket Term347"
	"m348" [label="m",style=filled,fillcolor=powderblue]
	"Bracket Term347" -> "m348"
	"[349" [label="[",style=filled,fillcolor=powderblue]
	"Bracket Term347" -> "[349"
	"Expression350" [label="Expression"]
	"Bracket Term347" -> "Expression350"
	"Term351" [label="Term"]
	"Expression350" -> "Term351"
	"Exponential Term352" [label="Exponential Term"]
	"Term351" -> "Exponential Term352"
	"Bracket Term353" [label="Bracket Term"]
	"Exponential Term352" -> "Bracket Term353"
	"num354" [label="num",style=filled,fillcolor=powderblue]
	"Bracket Term353" -> "num354"
	"Right of Term355" [label="Right of Term"]
	"Term351" -> "Right of Term355"
	"e356" [label="e"]
	"Right of Term355" -> "e356"
	"Right of Expression357" [label="Right of Expression"]
	"Expression350" -> "Right of Expression357"
	"e358" [label="e"]
	"Right of Expression357" -> "e358"
	"]359" [label="]",style=filled,fillcolor=powderblue]
	"Bracket Term347" -> "]359"
	"Right of Term360" [label="Right of Term"]
	"Term345" -> "Right of Term360"
	"e361" [label="e"]
	"Right of Term360" -> "e361"
	"Right of Expression362" [label="Right of Expression"]
	"Expression344" -> "Right of Expression362"
	"e363" [label="e"]
	"Right of Expression362" -> "e363"
	"Statements364" [label="Statements"]
	"Statements338" -> "Statements364"
	"Statement365" [label="Statement"]
	"Statements364" -> "Statement365"
	"Print366" [label="Print"]
	"Statement365" -> "Print366"
	"print367" [label="print",style=filled,fillcolor=powderblue]
	"Print366" -> "print367"
	"Expression368" [label="Expression"]
	"Print366" -> "Expression368"
	"Term369" [label="Term"]
	"Expression368" -> "Term369"
	"Exponential Term370" [label="Exponential Term"]
	"Term369" -> "Exponential Term370"
	"Bracket Term371" [label="Bracket Term"]
	"Exponential Term370" -> "Bracket Term371"
	"m372" [label="m",style=filled,fillcolor=powderblue]
	"Bracket Term371" -> "m372"
	"[373" [label="[",style=filled,fillcolor=powderblue]
	"Bracket Term371" -> "[373"
	"Expression374" [label="Expression"]
	"Bracket Term371" -> "Expression374"
	"Term375" [label="Term"]
	"Expression374" -> "Term375"
	"Exponential Term376" [label="Exponential Term"]
	"Term375" -> "Exponential Term376"
	"Bracket Term377" [label="Bracket Term"]
	"Exponential Term376" -> "Bracket Term377"
	"num378" [label="num",style=filled,fillcolor=powderblue]
	"Bracket Term377" -> "num378"
	"Right of Term379" [label="Right of Term"]
	"Term375" -> "Right of Term379"
	"e380" [label="e"]
	"Right of Term379" -> "e380"
	"Right of Expression381" [label="Right of Expression"]
	"Expression374" -> "Right of Expression381"
	"e382" [label="e"]
	"Right of Expression381" -> "e382"
	"]383" [label="]",style=filled,fillcolor=powderblue]
	"Bracket Term371" -> "]383"
	"Right of Term384" [label="Right of Term"]
	"Term369" -> "Right of Term384"
	"e385" [label="e"]
	"Right of Term384" -> "e385"
	"Right of Expression386" [label="Right of Expression"]
	"Expression368" -> "Right of Expression386"
	"e387" [label="e"]
	"Right of Expression386" -> "e387"
	"Statements388" [label="Statements"]
	"Statements364" -> "Statements388"
	"Statement389" [label="Statement"]
	"Statements388" -> "Statement389"
	"Jump390" [label="Jump"]
	"Statement389" -> "Jump390"
	"goto391" [label="goto",style=filled,fillcolor=powderblue]
	"Jump390" -> "goto391"
	"num392" [label="num",style=filled,fillcolor=powderblue]
	"Jump390" -> "num392"
	"Statements393" [label="Statements"]
	"Statements388" -> "Statements393"
	"Statement394" [label="Statement"]
	"Statements393" -> "Statement394"
	"Print395" [label="Print"]
	"Statement394" -> "Print395"
	"print396" [label="print",style=filled,fillcolor=powderblue]
	"Print395" -> "print396"
	"Expression397" [label="Expression"]
	"Print395" -> "Expression397"
	"Term398" [label="Term"]
	"Expression397" -> "Term398"
	"Exponential Term399" [label="Exponential Term"]
	"Term398" -> "Exponential Term399"
	"Bracket Term400" [label="Bracket Term"]
	"Exponential Term399" -> "Bracket Term400"
	"m401" [label="m",style=filled,fillcolor=powderblue]
	"Bracket Term400" -> "m401"
	"[402" [label="[",style=filled,fillcolor=powderblue]
	"Bracket Term400" -> "[402"
	"Expression403" [label="Expression"]
	"Bracket Term400" -> "Expression403"
	"Term404" [label="Term"]
	"Expression403" -> "Term404"
	"Exponential Term405" [label="Exponential Term"]
	"Term404" -> "Exponential Term405"
	"Bracket Term406" [label="Bracket Term"]
	"Exponential Term405" -> "Bracket Term406"
	"num407" [label="num",style=filled,fillcolor=powderblue]
	"Bracket Term406" -> "num407"
	"Right of Term408" [label="Right of Term"]
	"Term404" -> "Right of Term408"
	"e409" [label="e"]
	"Right of Term408" -> "e409"
	"Right of Expression410" [label="Right of Expression"]
	"Expression403" -> "Right of Expression410"
	"e411" [label="e"]
	"Right of Expression410" -> "e411"
	"]412" [label="]",style=filled,fillcolor=powderblue]
	"Bracket Term400" -> "]412"
	"Right of Term413" [label="Right of Term"]
	"Term398" -> "Right of Term413"
	"e414" [label="e"]
	"Right of Term413" -> "e414"
	"Right of Expression415" [label="Right of Expression"]
	"Expression397" -> "Right of Expression415"
	"e416" [label="e"]
	"Right of Expression415" -> "e416"
	"Statements417" [label="Statements"]
	"Statements393" -> "Statements417"
	"Statement418" [label="Statement"]
	"Statements417" -> "Statement418"
	"Label419" [label="Label"]
	"Statement418" -> "Label419"
	"L420" [label="L",style=filled,fillcolor=powderblue]
	"Label419" -> "L420"
	"num421" [label="num",style=filled,fillcolor=powderblue]
	"Label419" -> "num421"
	":422" [label=":",style=filled,fillcolor=powderblue]
	"Label419" -> ":422"
	"Statements423" [label="Statements"]
	"Statements417" -> "Statements423"
	"Statement424" [label="Statement"]
	"Statements423" -> "Statement424"
	"Print425" [label="Print"]
	"Statement424" -> "Print425"
	"print426" [label="print",style=filled,fillcolor=powderblue]
	"Print425" -> "print426"
	"Expression427" [label="Expression"]
	"Print425" -> "Expression427"
	"Term428" [label="Term"]
	"Expression427" -> "Term428"
	"Exponential Term429" [label="Exponential Term"]
	"Term428" -> "Exponential Term429"
	"Bracket Term430" [label="Bracket Term"]
	"Exponential Term429" -> "Bracket Term430"
	"m431" [label="m",style=filled,fillcolor=powderblue]
	"Bracket Term430" -> "m431"
	"[432" [label="[",style=filled,fillcolor=powderblue]
	"Bracket Term430" -> "[432"
	"Expression433" [label="Expression"]
	"Bracket Term430" -> "Expression433"
	"Term434" [label="Term"]
	"Expression433" -> "Term434"
	"Exponential Term435" [label="Exponential Term"]
	"Term434" -> "Exponential Term435"
	"Bracket Term436" [label="Bracket Term"]
	"Exponential Term435" -> "Bracket Term436"
	"num437" [label="num",style=filled,fillcolor=powderblue]
	"Bracket Term436" -> "num437"
	"Right of Term438" [label="Right of Term"]
	"Term434" -> "Right of Term438"
	"e439" [label="e"]
	"Right of Term438" -> "e439"
	"Right of Expression440" [label="Right of Expression"]
	"Expression433" -> "Right of Expression440"
	"e441" [label="e"]
	"Right of Expression440" -> "e441"
	"]442" [label="]",style=filled,fillcolor=powderblue]
	"Bracket Term430" -> "]442"
	"Right of Term443" [label="Right of Term"]
	"Term428" -> "Right of Term443"
	"e444" [label="e"]
	"Right of Term443" -> "e444"
	"Right of Expression445" [label="Right of Expression"]
	"Expression427" -> "Right of Expression445"
	"e446" [label="e"]
	"Right of Expression445" -> "e446"
	"e447" [label="e"]
	"Statements423" -> "e447"
};
