digraph G {
	"Start1" [label="Start"]
	"Statements2" [label="Statements"]
	"Start1" -> "Statements2"
	"Statement3" [label="Statement"]
	"Statements2" -> "Statement3"
	"Assignment4" [label="Assignment"]
	"Statement3" -> "Assignment4"
	"Expression5" [label="Expression"]
	"Assignment4" -> "Expression5"
	"Term6" [label="Term"]
	"Expression5" -> "Term6"
	"Exponential Term7" [label="Exponential Term"]
	"Term6" -> "Exponential Term7"
	"Bracket Term8" [label="Bracket Term"]
	"Exponential Term7" -> "Bracket Term8"
	"Right of Term9" [label="Right of Term"]
	"Term6" -> "Right of Term9"
	"e10" [label="e"]
	"Right of Term9" -> "e10"
	"Right of Expression11" [label="Right of Expression"]
	"Expression5" -> "Right of Expression11"
	"e12" [label="e"]
	"Right of Expression11" -> "e12"
	"Expression13" [label="Expression"]
	"Assignment4" -> "Expression13"
	"Term14" [label="Term"]
	"Expression13" -> "Term14"
	"Exponential Term15" [label="Exponential Term"]
	"Term14" -> "Exponential Term15"
	"Bracket Term16" [label="Bracket Term"]
	"Exponential Term15" -> "Bracket Term16"
	"Right of Term17" [label="Right of Term"]
	"Term14" -> "Right of Term17"
	"Exponential Term18" [label="Exponential Term"]
	"Right of Term17" -> "Exponential Term18"
	"Bracket Term19" [label="Bracket Term"]
	"Exponential Term18" -> "Bracket Term19"
	"Right of Term20" [label="Right of Term"]
	"Right of Term17" -> "Right of Term20"
	"Exponential Term21" [label="Exponential Term"]
	"Right of Term20" -> "Exponential Term21"
	"Bracket Term22" [label="Bracket Term"]
	"Exponential Term21" -> "Bracket Term22"
	"Right of Term23" [label="Right of Term"]
	"Right of Term20" -> "Right of Term23"
	"e24" [label="e"]
	"Right of Term23" -> "e24"
	"Right of Expression25" [label="Right of Expression"]
	"Expression13" -> "Right of Expression25"
	"e26" [label="e"]
	"Right of Expression25" -> "e26"
	"Statements27" [label="Statements"]
	"Statements2" -> "Statements27"
	"Statement28" [label="Statement"]
	"Statements27" -> "Statement28"
	"Assignment29" [label="Assignment"]
	"Statement28" -> "Assignment29"
	"Expression30" [label="Expression"]
	"Assignment29" -> "Expression30"
	"Term31" [label="Term"]
	"Expression30" -> "Term31"
	"Exponential Term32" [label="Exponential Term"]
	"Term31" -> "Exponential Term32"
	"Bracket Term33" [label="Bracket Term"]
	"Exponential Term32" -> "Bracket Term33"
	"Right of Term34" [label="Right of Term"]
	"Term31" -> "Right of Term34"
	"e35" [label="e"]
	"Right of Term34" -> "e35"
	"Right of Expression36" [label="Right of Expression"]
	"Expression30" -> "Right of Expression36"
	"e37" [label="e"]
	"Right of Expression36" -> "e37"
	"Expression38" [label="Expression"]
	"Assignment29" -> "Expression38"
	"Term39" [label="Term"]
	"Expression38" -> "Term39"
	"Exponential Term40" [label="Exponential Term"]
	"Term39" -> "Exponential Term40"
	"Bracket Term41" [label="Bracket Term"]
	"Exponential Term40" -> "Bracket Term41"
	"Right of Term42" [label="Right of Term"]
	"Term39" -> "Right of Term42"
	"Exponential Term43" [label="Exponential Term"]
	"Right of Term42" -> "Exponential Term43"
	"Bracket Term44" [label="Bracket Term"]
	"Exponential Term43" -> "Bracket Term44"
	"Right of Term45" [label="Right of Term"]
	"Right of Term42" -> "Right of Term45"
	"Exponential Term46" [label="Exponential Term"]
	"Right of Term45" -> "Exponential Term46"
	"Bracket Term47" [label="Bracket Term"]
	"Exponential Term46" -> "Bracket Term47"
	"Right of Term48" [label="Right of Term"]
	"Right of Term45" -> "Right of Term48"
	"e49" [label="e"]
	"Right of Term48" -> "e49"
	"Right of Expression50" [label="Right of Expression"]
	"Expression38" -> "Right of Expression50"
	"e51" [label="e"]
	"Right of Expression50" -> "e51"
	"Statements52" [label="Statements"]
	"Statements27" -> "Statements52"
	"Statement53" [label="Statement"]
	"Statements52" -> "Statement53"
	"Jump54" [label="Jump"]
	"Statement53" -> "Jump54"
	"Statements55" [label="Statements"]
	"Statements52" -> "Statements55"
	"Statement56" [label="Statement"]
	"Statements55" -> "Statement56"
	"Assignment57" [label="Assignment"]
	"Statement56" -> "Assignment57"
	"Expression58" [label="Expression"]
	"Assignment57" -> "Expression58"
	"Term59" [label="Term"]
	"Expression58" -> "Term59"
	"Exponential Term60" [label="Exponential Term"]
	"Term59" -> "Exponential Term60"
	"Bracket Term61" [label="Bracket Term"]
	"Exponential Term60" -> "Bracket Term61"
	"Right of Term62" [label="Right of Term"]
	"Term59" -> "Right of Term62"
	"e63" [label="e"]
	"Right of Term62" -> "e63"
	"Right of Expression64" [label="Right of Expression"]
	"Expression58" -> "Right of Expression64"
	"e65" [label="e"]
	"Right of Expression64" -> "e65"
	"Expression66" [label="Expression"]
	"Assignment57" -> "Expression66"
	"Term67" [label="Term"]
	"Expression66" -> "Term67"
	"Exponential Term68" [label="Exponential Term"]
	"Term67" -> "Exponential Term68"
	"Bracket Term69" [label="Bracket Term"]
	"Exponential Term68" -> "Bracket Term69"
	"Right of Term70" [label="Right of Term"]
	"Term67" -> "Right of Term70"
	"e71" [label="e"]
	"Right of Term70" -> "e71"
	"Right of Expression72" [label="Right of Expression"]
	"Expression66" -> "Right of Expression72"
	"Term73" [label="Term"]
	"Right of Expression72" -> "Term73"
	"Exponential Term74" [label="Exponential Term"]
	"Term73" -> "Exponential Term74"
	"Bracket Term75" [label="Bracket Term"]
	"Exponential Term74" -> "Bracket Term75"
	"Expression76" [label="Expression"]
	"Bracket Term75" -> "Expression76"
	"Term77" [label="Term"]
	"Expression76" -> "Term77"
	"Exponential Term78" [label="Exponential Term"]
	"Term77" -> "Exponential Term78"
	"Bracket Term79" [label="Bracket Term"]
	"Exponential Term78" -> "Bracket Term79"
	"Right of Term80" [label="Right of Term"]
	"Term77" -> "Right of Term80"
	"e81" [label="e"]
	"Right of Term80" -> "e81"
	"Right of Expression82" [label="Right of Expression"]
	"Expression76" -> "Right of Expression82"
	"e83" [label="e"]
	"Right of Expression82" -> "e83"
	"Right of Term84" [label="Right of Term"]
	"Term73" -> "Right of Term84"
	"e85" [label="e"]
	"Right of Term84" -> "e85"
	"Right of Expression86" [label="Right of Expression"]
	"Right of Expression72" -> "Right of Expression86"
	"e87" [label="e"]
	"Right of Expression86" -> "e87"
	"Statements88" [label="Statements"]
	"Statements55" -> "Statements88"
	"Statement89" [label="Statement"]
	"Statements88" -> "Statement89"
	"Assignment90" [label="Assignment"]
	"Statement89" -> "Assignment90"
	"Expression91" [label="Expression"]
	"Assignment90" -> "Expression91"
	"Term92" [label="Term"]
	"Expression91" -> "Term92"
	"Exponential Term93" [label="Exponential Term"]
	"Term92" -> "Exponential Term93"
	"Bracket Term94" [label="Bracket Term"]
	"Exponential Term93" -> "Bracket Term94"
	"Right of Term95" [label="Right of Term"]
	"Term92" -> "Right of Term95"
	"e96" [label="e"]
	"Right of Term95" -> "e96"
	"Right of Expression97" [label="Right of Expression"]
	"Expression91" -> "Right of Expression97"
	"e98" [label="e"]
	"Right of Expression97" -> "e98"
	"Expression99" [label="Expression"]
	"Assignment90" -> "Expression99"
	"Term100" [label="Term"]
	"Expression99" -> "Term100"
	"Exponential Term101" [label="Exponential Term"]
	"Term100" -> "Exponential Term101"
	"Bracket Term102" [label="Bracket Term"]
	"Exponential Term101" -> "Bracket Term102"
	"Right of Term103" [label="Right of Term"]
	"Term100" -> "Right of Term103"
	"e104" [label="e"]
	"Right of Term103" -> "e104"
	"Right of Expression105" [label="Right of Expression"]
	"Expression99" -> "Right of Expression105"
	"Term106" [label="Term"]
	"Right of Expression105" -> "Term106"
	"Exponential Term107" [label="Exponential Term"]
	"Term106" -> "Exponential Term107"
	"Bracket Term108" [label="Bracket Term"]
	"Exponential Term107" -> "Bracket Term108"
	"Expression109" [label="Expression"]
	"Bracket Term108" -> "Expression109"
	"Term110" [label="Term"]
	"Expression109" -> "Term110"
	"Exponential Term111" [label="Exponential Term"]
	"Term110" -> "Exponential Term111"
	"Bracket Term112" [label="Bracket Term"]
	"Exponential Term111" -> "Bracket Term112"
	"Exponential Term113" [label="Exponential Term"]
	"Exponential Term111" -> "Exponential Term113"
	"Bracket Term114" [label="Bracket Term"]
	"Exponential Term113" -> "Bracket Term114"
	"Right of Term115" [label="Right of Term"]
	"Term110" -> "Right of Term115"
	"Exponential Term116" [label="Exponential Term"]
	"Right of Term115" -> "Exponential Term116"
	"Bracket Term117" [label="Bracket Term"]
	"Exponential Term116" -> "Bracket Term117"
	"Right of Term118" [label="Right of Term"]
	"Right of Term115" -> "Right of Term118"
	"e119" [label="e"]
	"Right of Term118" -> "e119"
	"Right of Expression120" [label="Right of Expression"]
	"Expression109" -> "Right of Expression120"
	"Term121" [label="Term"]
	"Right of Expression120" -> "Term121"
	"Exponential Term122" [label="Exponential Term"]
	"Term121" -> "Exponential Term122"
	"Bracket Term123" [label="Bracket Term"]
	"Exponential Term122" -> "Bracket Term123"
	"Right of Term124" [label="Right of Term"]
	"Term121" -> "Right of Term124"
	"e125" [label="e"]
	"Right of Term124" -> "e125"
	"Right of Expression126" [label="Right of Expression"]
	"Right of Expression120" -> "Right of Expression126"
	"e127" [label="e"]
	"Right of Expression126" -> "e127"
	"Right of Term128" [label="Right of Term"]
	"Term106" -> "Right of Term128"
	"e129" [label="e"]
	"Right of Term128" -> "e129"
	"Right of Expression130" [label="Right of Expression"]
	"Right of Expression105" -> "Right of Expression130"
	"Term131" [label="Term"]
	"Right of Expression130" -> "Term131"
	"Exponential Term132" [label="Exponential Term"]
	"Term131" -> "Exponential Term132"
	"Bracket Term133" [label="Bracket Term"]
	"Exponential Term132" -> "Bracket Term133"
	"Right of Term134" [label="Right of Term"]
	"Term131" -> "Right of Term134"
	"e135" [label="e"]
	"Right of Term134" -> "e135"
	"Right of Expression136" [label="Right of Expression"]
	"Right of Expression130" -> "Right of Expression136"
	"e137" [label="e"]
	"Right of Expression136" -> "e137"
	"Statements138" [label="Statements"]
	"Statements88" -> "Statements138"
	"Statement139" [label="Statement"]
	"Statements138" -> "Statement139"
	"Label140" [label="Label"]
	"Statement139" -> "Label140"
syntax error: found m expecting : - line 7
