digraph G {
	"Start1" [label="Start"]
	"Statements2" [label="Statements"]
	"Start1" -> "Statements2"
	"Statement3" [label="Statement"]
	"Statements2" -> "Statement3"
	"Label4" [label="Label"]
	"Statement3" -> "Label4"
	"L5" [label="L",style=filled,fillcolor=powderblue]
	"Label4" -> "L5"
	"num6" [label="num",style=filled,fillcolor=powderblue]
	"Label4" -> "num6"
	":7" [label=":",style=filled,fillcolor=powderblue]
	"Label4" -> ":7"
	"Statementsprime8" [label="Statementsprime"]
	"Statements2" -> "Statementsprime8"
	"Statement9" [label="Statement"]
	"Statementsprime8" -> "Statement9"
	"Assignment10" [label="Assignment"]
	"Statement9" -> "Assignment10"
	"m11" [label="m",style=filled,fillcolor=powderblue]
	"Assignment10" -> "m11"
	"[12" [label="[",style=filled,fillcolor=powderblue]
	"Assignment10" -> "[12"
	"Expression13" [label="Expression"]
	"Assignment10" -> "Expression13"
	"D14" [label="D"]
	"Expression13" -> "D14"
	"C15" [label="C"]
	"D14" -> "C15"
	"B16" [label="B"]
	"C15" -> "B16"
	"A17" [label="A"]
	"B16" -> "A17"
	"F18" [label="F"]
	"A17" -> "F18"
	"num19" [label="num",style=filled,fillcolor=powderblue]
	"F18" -> "num19"
	"Cprime20" [label="Cprime"]
	"C15" -> "Cprime20"
	"e21" [label="e"]
	"Cprime20" -> "e21"
	"Dprime22" [label="Dprime"]
	"D14" -> "Dprime22"
	"e23" [label="e"]
	"Dprime22" -> "e23"
	"Eprime24" [label="Eprime"]
	"Expression13" -> "Eprime24"
	"e25" [label="e"]
	"Eprime24" -> "e25"
	"]26" [label="]",style=filled,fillcolor=powderblue]
	"Assignment10" -> "]26"
	"=27" [label="=",style=filled,fillcolor=powderblue]
	"Assignment10" -> "=27"
	"Expression28" [label="Expression"]
	"Assignment10" -> "Expression28"
	"D29" [label="D"]
	"Expression28" -> "D29"
	"C30" [label="C"]
	"D29" -> "C30"
	"B31" [label="B"]
	"C30" -> "B31"
	"A32" [label="A"]
	"B31" -> "A32"
	"F33" [label="F"]
	"A32" -> "F33"
	"num34" [label="num",style=filled,fillcolor=powderblue]
	"F33" -> "num34"
	"Cprime35" [label="Cprime"]
	"C30" -> "Cprime35"
	"e36" [label="e"]
	"Cprime35" -> "e36"
	"Dprime37" [label="Dprime"]
	"D29" -> "Dprime37"
	"e38" [label="e"]
	"Dprime37" -> "e38"
	"Eprime39" [label="Eprime"]
	"Expression28" -> "Eprime39"
	"-40" [label="-",style=filled,fillcolor=powderblue]
	"Eprime39" -> "-40"
	"D41" [label="D"]
	"Eprime39" -> "D41"
	"C42" [label="C"]
	"D41" -> "C42"
	"B43" [label="B"]
	"C42" -> "B43"
	"(44" [label="(",style=filled,fillcolor=powderblue]
	"B43" -> "(44"
	"Expression45" [label="Expression"]
	"B43" -> "Expression45"
	"D46" [label="D"]
	"Expression45" -> "D46"
	"C47" [label="C"]
	"D46" -> "C47"
	"B48" [label="B"]
	"C47" -> "B48"
	"A49" [label="A"]
	"B48" -> "A49"
	"m50" [label="m",style=filled,fillcolor=powderblue]
	"A49" -> "m50"
	"[51" [label="[",style=filled,fillcolor=powderblue]
	"A49" -> "[51"
	"Expression52" [label="Expression"]
	"A49" -> "Expression52"
	"D53" [label="D"]
	"Expression52" -> "D53"
	"C54" [label="C"]
	"D53" -> "C54"
	"B55" [label="B"]
	"C54" -> "B55"
	"A56" [label="A"]
	"B55" -> "A56"
	"F57" [label="F"]
	"A56" -> "F57"
	"num58" [label="num",style=filled,fillcolor=powderblue]
	"F57" -> "num58"
	"Cprime59" [label="Cprime"]
	"C54" -> "Cprime59"
	"e60" [label="e"]
	"Cprime59" -> "e60"
	"Dprime61" [label="Dprime"]
	"D53" -> "Dprime61"
	"e62" [label="e"]
	"Dprime61" -> "e62"
	"Eprime63" [label="Eprime"]
	"Expression52" -> "Eprime63"
	"e64" [label="e"]
	"Eprime63" -> "e64"
	"]65" [label="]",style=filled,fillcolor=powderblue]
	"A49" -> "]65"
	"Cprime66" [label="Cprime"]
	"C47" -> "Cprime66"
	"e67" [label="e"]
	"Cprime66" -> "e67"
	"Dprime68" [label="Dprime"]
	"D46" -> "Dprime68"
	"e69" [label="e"]
	"Dprime68" -> "e69"
	"Eprime70" [label="Eprime"]
	"Expression45" -> "Eprime70"
	"-71" [label="-",style=filled,fillcolor=powderblue]
	"Eprime70" -> "-71"
	"D72" [label="D"]
	"Eprime70" -> "D72"
	"C73" [label="C"]
	"D72" -> "C73"
	"B74" [label="B"]
	"C73" -> "B74"
	"A75" [label="A"]
	"B74" -> "A75"
	"F76" [label="F"]
	"A75" -> "F76"
	"num77" [label="num",style=filled,fillcolor=powderblue]
	"F76" -> "num77"
	"Cprime78" [label="Cprime"]
	"C73" -> "Cprime78"
	"e79" [label="e"]
	"Cprime78" -> "e79"
	"Dprime80" [label="Dprime"]
	"D72" -> "Dprime80"
	"e81" [label="e"]
	"Dprime80" -> "e81"
	"Eprime82" [label="Eprime"]
	"Eprime70" -> "Eprime82"
	"e83" [label="e"]
	"Eprime82" -> "e83"
	")84" [label=")",style=filled,fillcolor=powderblue]
	"B43" -> ")84"
	"Cprime85" [label="Cprime"]
	"C42" -> "Cprime85"
	"e86" [label="e"]
	"Cprime85" -> "e86"
	"Dprime87" [label="Dprime"]
	"D41" -> "Dprime87"
	"e88" [label="e"]
	"Dprime87" -> "e88"
	"Eprime89" [label="Eprime"]
	"Eprime39" -> "Eprime89"
	"e90" [label="e"]
	"Eprime89" -> "e90"
	"Statementsprime91" [label="Statementsprime"]
	"Statementsprime8" -> "Statementsprime91"
	"Statement92" [label="Statement"]
	"Statementsprime91" -> "Statement92"
	"Assignment93" [label="Assignment"]
	"Statement92" -> "Assignment93"
	"m94" [label="m",style=filled,fillcolor=powderblue]
	"Assignment93" -> "m94"
	"[95" [label="[",style=filled,fillcolor=powderblue]
	"Assignment93" -> "[95"
	"Expression96" [label="Expression"]
	"Assignment93" -> "Expression96"
	"D97" [label="D"]
	"Expression96" -> "D97"
	"C98" [label="C"]
	"D97" -> "C98"
	"B99" [label="B"]
	"C98" -> "B99"
	"A100" [label="A"]
	"B99" -> "A100"
	"F101" [label="F"]
	"A100" -> "F101"
	"num102" [label="num",style=filled,fillcolor=powderblue]
	"F101" -> "num102"
	"Cprime103" [label="Cprime"]
	"C98" -> "Cprime103"
	"e104" [label="e"]
	"Cprime103" -> "e104"
	"Dprime105" [label="Dprime"]
	"D97" -> "Dprime105"
	"e106" [label="e"]
	"Dprime105" -> "e106"
	"Eprime107" [label="Eprime"]
	"Expression96" -> "Eprime107"
	"e108" [label="e"]
	"Eprime107" -> "e108"
	"]109" [label="]",style=filled,fillcolor=powderblue]
	"Assignment93" -> "]109"
	"=110" [label="=",style=filled,fillcolor=powderblue]
	"Assignment93" -> "=110"
	"Expression111" [label="Expression"]
	"Assignment93" -> "Expression111"
	"D112" [label="D"]
	"Expression111" -> "D112"
	"C113" [label="C"]
	"D112" -> "C113"
	"B114" [label="B"]
	"C113" -> "B114"
	"A115" [label="A"]
	"B114" -> "A115"
	"F116" [label="F"]
	"A115" -> "F116"
	"num117" [label="num",style=filled,fillcolor=powderblue]
	"F116" -> "num117"
	"Cprime118" [label="Cprime"]
	"C113" -> "Cprime118"
	"e119" [label="e"]
	"Cprime118" -> "e119"
	"Dprime120" [label="Dprime"]
	"D112" -> "Dprime120"
	"/121" [label="/",style=filled,fillcolor=powderblue]
	"Dprime120" -> "/121"
	"C122" [label="C"]
	"Dprime120" -> "C122"
	"B123" [label="B"]
	"C122" -> "B123"
	"A124" [label="A"]
	"B123" -> "A124"
	"F125" [label="F"]
	"A124" -> "F125"
	"num126" [label="num",style=filled,fillcolor=powderblue]
	"F125" -> "num126"
	"Cprime127" [label="Cprime"]
	"C122" -> "Cprime127"
	"e128" [label="e"]
	"Cprime127" -> "e128"
	"Dprime129" [label="Dprime"]
	"Dprime120" -> "Dprime129"
	"*130" [label="*",style=filled,fillcolor=powderblue]
	"Dprime129" -> "*130"
	"C131" [label="C"]
	"Dprime129" -> "C131"
	"B132" [label="B"]
	"C131" -> "B132"
	"A133" [label="A"]
	"B132" -> "A133"
	"F134" [label="F"]
	"A133" -> "F134"
	"num135" [label="num",style=filled,fillcolor=powderblue]
	"F134" -> "num135"
	"Cprime136" [label="Cprime"]
	"C131" -> "Cprime136"
	"e137" [label="e"]
	"Cprime136" -> "e137"
	"Dprime138" [label="Dprime"]
	"Dprime129" -> "Dprime138"
	"e139" [label="e"]
	"Dprime138" -> "e139"
	"Eprime140" [label="Eprime"]
	"Expression111" -> "Eprime140"
	"e141" [label="e"]
	"Eprime140" -> "e141"
	"Statementsprime142" [label="Statementsprime"]
	"Statementsprime91" -> "Statementsprime142"
	"Statement143" [label="Statement"]
	"Statementsprime142" -> "Statement143"
	"Assignment144" [label="Assignment"]
	"Statement143" -> "Assignment144"
	"m145" [label="m",style=filled,fillcolor=powderblue]
	"Assignment144" -> "m145"
	"[146" [label="[",style=filled,fillcolor=powderblue]
	"Assignment144" -> "[146"
	"Expression147" [label="Expression"]
	"Assignment144" -> "Expression147"
	"D148" [label="D"]
	"Expression147" -> "D148"
	"C149" [label="C"]
	"D148" -> "C149"
	"B150" [label="B"]
	"C149" -> "B150"
	"A151" [label="A"]
	"B150" -> "A151"
	"F152" [label="F"]
	"A151" -> "F152"
	"num153" [label="num",style=filled,fillcolor=powderblue]
	"F152" -> "num153"
	"Cprime154" [label="Cprime"]
	"C149" -> "Cprime154"
	"e155" [label="e"]
	"Cprime154" -> "e155"
	"Dprime156" [label="Dprime"]
	"D148" -> "Dprime156"
	"e157" [label="e"]
	"Dprime156" -> "e157"
	"Eprime158" [label="Eprime"]
	"Expression147" -> "Eprime158"
	"e159" [label="e"]
	"Eprime158" -> "e159"
	"]160" [label="]",style=filled,fillcolor=powderblue]
	"Assignment144" -> "]160"
	"=161" [label="=",style=filled,fillcolor=powderblue]
	"Assignment144" -> "=161"
	"Expression162" [label="Expression"]
	"Assignment144" -> "Expression162"
	"D163" [label="D"]
	"Expression162" -> "D163"
	"C164" [label="C"]
	"D163" -> "C164"
	"B165" [label="B"]
	"C164" -> "B165"
	"A166" [label="A"]
	"B165" -> "A166"
	"F167" [label="F"]
	"A166" -> "F167"
	"num168" [label="num",style=filled,fillcolor=powderblue]
	"F167" -> "num168"
	"Cprime169" [label="Cprime"]
	"C164" -> "Cprime169"
	"e170" [label="e"]
	"Cprime169" -> "e170"
	"Dprime171" [label="Dprime"]
	"D163" -> "Dprime171"
	"e172" [label="e"]
	"Dprime171" -> "e172"
	"Eprime173" [label="Eprime"]
	"Expression162" -> "Eprime173"
	"+174" [label="+",style=filled,fillcolor=powderblue]
	"Eprime173" -> "+174"
	"D175" [label="D"]
	"Eprime173" -> "D175"
	"C176" [label="C"]
	"D175" -> "C176"
	"B177" [label="B"]
	"C176" -> "B177"
	"A178" [label="A"]
	"B177" -> "A178"
	"m179" [label="m",style=filled,fillcolor=powderblue]
	"A178" -> "m179"
	"[180" [label="[",style=filled,fillcolor=powderblue]
	"A178" -> "[180"
	"Expression181" [label="Expression"]
	"A178" -> "Expression181"
	"D182" [label="D"]
	"Expression181" -> "D182"
	"C183" [label="C"]
	"D182" -> "C183"
	"B184" [label="B"]
	"C183" -> "B184"
	"A185" [label="A"]
	"B184" -> "A185"
	"F186" [label="F"]
	"A185" -> "F186"
	"num187" [label="num",style=filled,fillcolor=powderblue]
	"F186" -> "num187"
	"Cprime188" [label="Cprime"]
	"C183" -> "Cprime188"
	"e189" [label="e"]
	"Cprime188" -> "e189"
	"Dprime190" [label="Dprime"]
	"D182" -> "Dprime190"
	"e191" [label="e"]
	"Dprime190" -> "e191"
	"Eprime192" [label="Eprime"]
	"Expression181" -> "Eprime192"
	"e193" [label="e"]
	"Eprime192" -> "e193"
	"]194" [label="]",style=filled,fillcolor=powderblue]
	"A178" -> "]194"
	"Cprime195" [label="Cprime"]
	"C176" -> "Cprime195"
	"e196" [label="e"]
	"Cprime195" -> "e196"
	"Dprime197" [label="Dprime"]
	"D175" -> "Dprime197"
	"e198" [label="e"]
	"Dprime197" -> "e198"
	"Eprime199" [label="Eprime"]
	"Eprime173" -> "Eprime199"
	"e200" [label="e"]
	"Eprime199" -> "e200"
	"Statementsprime201" [label="Statementsprime"]
	"Statementsprime142" -> "Statementsprime201"
	"Statement202" [label="Statement"]
	"Statementsprime201" -> "Statement202"
	"Assignment203" [label="Assignment"]
	"Statement202" -> "Assignment203"
	"m204" [label="m",style=filled,fillcolor=powderblue]
	"Assignment203" -> "m204"
	"[205" [label="[",style=filled,fillcolor=powderblue]
	"Assignment203" -> "[205"
	"Expression206" [label="Expression"]
	"Assignment203" -> "Expression206"
	"D207" [label="D"]
	"Expression206" -> "D207"
	"C208" [label="C"]
	"D207" -> "C208"
	"B209" [label="B"]
	"C208" -> "B209"
	"A210" [label="A"]
	"B209" -> "A210"
	"F211" [label="F"]
	"A210" -> "F211"
	"num212" [label="num",style=filled,fillcolor=powderblue]
	"F211" -> "num212"
	"Cprime213" [label="Cprime"]
	"C208" -> "Cprime213"
	"e214" [label="e"]
	"Cprime213" -> "e214"
	"Dprime215" [label="Dprime"]
	"D207" -> "Dprime215"
	"e216" [label="e"]
	"Dprime215" -> "e216"
	"Eprime217" [label="Eprime"]
	"Expression206" -> "Eprime217"
	"e218" [label="e"]
	"Eprime217" -> "e218"
	"]219" [label="]",style=filled,fillcolor=powderblue]
	"Assignment203" -> "]219"
	"=220" [label="=",style=filled,fillcolor=powderblue]
	"Assignment203" -> "=220"
	"Expression221" [label="Expression"]
	"Assignment203" -> "Expression221"
	"D222" [label="D"]
	"Expression221" -> "D222"
	"C223" [label="C"]
	"D222" -> "C223"
	"B224" [label="B"]
	"C223" -> "B224"
	"A225" [label="A"]
	"B224" -> "A225"
	"F226" [label="F"]
	"A225" -> "F226"
	"num227" [label="num",style=filled,fillcolor=powderblue]
	"F226" -> "num227"
	"Cprime228" [label="Cprime"]
	"C223" -> "Cprime228"
	"e229" [label="e"]
	"Cprime228" -> "e229"
	"Dprime230" [label="Dprime"]
	"D222" -> "Dprime230"
	"e231" [label="e"]
	"Dprime230" -> "e231"
	"Eprime232" [label="Eprime"]
	"Expression221" -> "Eprime232"
	"-233" [label="-",style=filled,fillcolor=powderblue]
	"Eprime232" -> "-233"
	"D234" [label="D"]
	"Eprime232" -> "D234"
	"C235" [label="C"]
	"D234" -> "C235"
	"B236" [label="B"]
	"C235" -> "B236"
	"A237" [label="A"]
	"B236" -> "A237"
	"m238" [label="m",style=filled,fillcolor=powderblue]
	"A237" -> "m238"
	"[239" [label="[",style=filled,fillcolor=powderblue]
	"A237" -> "[239"
	"Expression240" [label="Expression"]
	"A237" -> "Expression240"
	"D241" [label="D"]
	"Expression240" -> "D241"
	"C242" [label="C"]
	"D241" -> "C242"
	"B243" [label="B"]
	"C242" -> "B243"
	"A244" [label="A"]
	"B243" -> "A244"
	"F245" [label="F"]
	"A244" -> "F245"
	"num246" [label="num",style=filled,fillcolor=powderblue]
	"F245" -> "num246"
	"Cprime247" [label="Cprime"]
	"C242" -> "Cprime247"
	"e248" [label="e"]
	"Cprime247" -> "e248"
	"Dprime249" [label="Dprime"]
	"D241" -> "Dprime249"
	"e250" [label="e"]
	"Dprime249" -> "e250"
	"Eprime251" [label="Eprime"]
	"Expression240" -> "Eprime251"
	"-252" [label="-",style=filled,fillcolor=powderblue]
	"Eprime251" -> "-252"
	"D253" [label="D"]
	"Eprime251" -> "D253"
	"C254" [label="C"]
	"D253" -> "C254"
	"B255" [label="B"]
	"C254" -> "B255"
	"A256" [label="A"]
	"B255" -> "A256"
	"F257" [label="F"]
	"A256" -> "F257"
	"num258" [label="num",style=filled,fillcolor=powderblue]
	"F257" -> "num258"
	"Cprime259" [label="Cprime"]
	"C254" -> "Cprime259"
	"e260" [label="e"]
	"Cprime259" -> "e260"
	"Dprime261" [label="Dprime"]
	"D253" -> "Dprime261"
	"e262" [label="e"]
	"Dprime261" -> "e262"
	"Eprime263" [label="Eprime"]
	"Eprime251" -> "Eprime263"
	"e264" [label="e"]
	"Eprime263" -> "e264"
	"]265" [label="]",style=filled,fillcolor=powderblue]
	"A237" -> "]265"
	"Cprime266" [label="Cprime"]
	"C235" -> "Cprime266"
	"e267" [label="e"]
	"Cprime266" -> "e267"
	"Dprime268" [label="Dprime"]
	"D234" -> "Dprime268"
	"e269" [label="e"]
	"Dprime268" -> "e269"
	"Eprime270" [label="Eprime"]
	"Eprime232" -> "Eprime270"
	"e271" [label="e"]
	"Eprime270" -> "e271"
	"Statementsprime272" [label="Statementsprime"]
	"Statementsprime201" -> "Statementsprime272"
	"Statement273" [label="Statement"]
	"Statementsprime272" -> "Statement273"
	"Assignment274" [label="Assignment"]
	"Statement273" -> "Assignment274"
	"m275" [label="m",style=filled,fillcolor=powderblue]
	"Assignment274" -> "m275"
	"[276" [label="[",style=filled,fillcolor=powderblue]
	"Assignment274" -> "[276"
	"Expression277" [label="Expression"]
	"Assignment274" -> "Expression277"
	"D278" [label="D"]
	"Expression277" -> "D278"
	"C279" [label="C"]
	"D278" -> "C279"
	"B280" [label="B"]
	"C279" -> "B280"
	"A281" [label="A"]
	"B280" -> "A281"
	"F282" [label="F"]
	"A281" -> "F282"
	"num283" [label="num",style=filled,fillcolor=powderblue]
	"F282" -> "num283"
	"Cprime284" [label="Cprime"]
	"C279" -> "Cprime284"
	"e285" [label="e"]
	"Cprime284" -> "e285"
	"Dprime286" [label="Dprime"]
	"D278" -> "Dprime286"
	"e287" [label="e"]
	"Dprime286" -> "e287"
	"Eprime288" [label="Eprime"]
	"Expression277" -> "Eprime288"
	"e289" [label="e"]
	"Eprime288" -> "e289"
	"]290" [label="]",style=filled,fillcolor=powderblue]
	"Assignment274" -> "]290"
	"=291" [label="=",style=filled,fillcolor=powderblue]
	"Assignment274" -> "=291"
	"Expression292" [label="Expression"]
	"Assignment274" -> "Expression292"
	"D293" [label="D"]
	"Expression292" -> "D293"
	"C294" [label="C"]
	"D293" -> "C294"
	"B295" [label="B"]
	"C294" -> "B295"
	"A296" [label="A"]
	"B295" -> "A296"
	"F297" [label="F"]
	"A296" -> "F297"
	"num298" [label="num",style=filled,fillcolor=powderblue]
	"F297" -> "num298"
	"Cprime299" [label="Cprime"]
	"C294" -> "Cprime299"
	"e300" [label="e"]
	"Cprime299" -> "e300"
	"Dprime301" [label="Dprime"]
	"D293" -> "Dprime301"
	"e302" [label="e"]
	"Dprime301" -> "e302"
	"Eprime303" [label="Eprime"]
	"Expression292" -> "Eprime303"
	"-304" [label="-",style=filled,fillcolor=powderblue]
	"Eprime303" -> "-304"
	"D305" [label="D"]
	"Eprime303" -> "D305"
	"C306" [label="C"]
	"D305" -> "C306"
	"B307" [label="B"]
	"C306" -> "B307"
	"(308" [label="(",style=filled,fillcolor=powderblue]
	"B307" -> "(308"
	"Expression309" [label="Expression"]
	"B307" -> "Expression309"
	"D310" [label="D"]
	"Expression309" -> "D310"
	"C311" [label="C"]
	"D310" -> "C311"
	"B312" [label="B"]
	"C311" -> "B312"
	"A313" [label="A"]
	"B312" -> "A313"
	"F314" [label="F"]
	"A313" -> "F314"
	"num315" [label="num",style=filled,fillcolor=powderblue]
	"F314" -> "num315"
	"Cprime316" [label="Cprime"]
	"C311" -> "Cprime316"
	"e317" [label="e"]
	"Cprime316" -> "e317"
	"Dprime318" [label="Dprime"]
	"D310" -> "Dprime318"
	"e319" [label="e"]
	"Dprime318" -> "e319"
	"Eprime320" [label="Eprime"]
	"Expression309" -> "Eprime320"
	"-321" [label="-",style=filled,fillcolor=powderblue]
	"Eprime320" -> "-321"
	"D322" [label="D"]
	"Eprime320" -> "D322"
	"C323" [label="C"]
	"D322" -> "C323"
	"B324" [label="B"]
	"C323" -> "B324"
	"A325" [label="A"]
	"B324" -> "A325"
	"F326" [label="F"]
	"A325" -> "F326"
	"num327" [label="num",style=filled,fillcolor=powderblue]
	"F326" -> "num327"
	"Cprime328" [label="Cprime"]
	"C323" -> "Cprime328"
	"e329" [label="e"]
	"Cprime328" -> "e329"
	"Dprime330" [label="Dprime"]
	"D322" -> "Dprime330"
	"e331" [label="e"]
	"Dprime330" -> "e331"
	"Eprime332" [label="Eprime"]
	"Eprime320" -> "Eprime332"
	"e333" [label="e"]
	"Eprime332" -> "e333"
	")334" [label=")",style=filled,fillcolor=powderblue]
	"B307" -> ")334"
	"Cprime335" [label="Cprime"]
	"C306" -> "Cprime335"
	"e336" [label="e"]
	"Cprime335" -> "e336"
	"Dprime337" [label="Dprime"]
	"D305" -> "Dprime337"
	"e338" [label="e"]
	"Dprime337" -> "e338"
	"Eprime339" [label="Eprime"]
	"Eprime303" -> "Eprime339"
	"e340" [label="e"]
	"Eprime339" -> "e340"
	"Statementsprime341" [label="Statementsprime"]
	"Statementsprime272" -> "Statementsprime341"
	"Statement342" [label="Statement"]
	"Statementsprime341" -> "Statement342"
	"Assignment343" [label="Assignment"]
	"Statement342" -> "Assignment343"
	"m344" [label="m",style=filled,fillcolor=powderblue]
	"Assignment343" -> "m344"
	"[345" [label="[",style=filled,fillcolor=powderblue]
	"Assignment343" -> "[345"
	"Expression346" [label="Expression"]
	"Assignment343" -> "Expression346"
	"D347" [label="D"]
	"Expression346" -> "D347"
	"C348" [label="C"]
	"D347" -> "C348"
	"B349" [label="B"]
	"C348" -> "B349"
	"A350" [label="A"]
	"B349" -> "A350"
	"F351" [label="F"]
	"A350" -> "F351"
	"num352" [label="num",style=filled,fillcolor=powderblue]
	"F351" -> "num352"
	"Cprime353" [label="Cprime"]
	"C348" -> "Cprime353"
	"e354" [label="e"]
	"Cprime353" -> "e354"
	"Dprime355" [label="Dprime"]
	"D347" -> "Dprime355"
	"e356" [label="e"]
	"Dprime355" -> "e356"
	"Eprime357" [label="Eprime"]
	"Expression346" -> "Eprime357"
	"e358" [label="e"]
	"Eprime357" -> "e358"
	"]359" [label="]",style=filled,fillcolor=powderblue]
	"Assignment343" -> "]359"
	"=360" [label="=",style=filled,fillcolor=powderblue]
	"Assignment343" -> "=360"
	"Expression361" [label="Expression"]
	"Assignment343" -> "Expression361"
	"D362" [label="D"]
	"Expression361" -> "D362"
	"C363" [label="C"]
	"D362" -> "C363"
	"B364" [label="B"]
	"C363" -> "B364"
	"A365" [label="A"]
	"B364" -> "A365"
	"F366" [label="F"]
	"A365" -> "F366"
	"num367" [label="num",style=filled,fillcolor=powderblue]
	"F366" -> "num367"
	"Cprime368" [label="Cprime"]
	"C363" -> "Cprime368"
	"e369" [label="e"]
	"Cprime368" -> "e369"
	"Dprime370" [label="Dprime"]
	"D362" -> "Dprime370"
	"e371" [label="e"]
	"Dprime370" -> "e371"
	"Eprime372" [label="Eprime"]
	"Expression361" -> "Eprime372"
	"-373" [label="-",style=filled,fillcolor=powderblue]
	"Eprime372" -> "-373"
	"D374" [label="D"]
	"Eprime372" -> "D374"
	"C375" [label="C"]
	"D374" -> "C375"
	"B376" [label="B"]
	"C375" -> "B376"
	"A377" [label="A"]
	"B376" -> "A377"
	"m378" [label="m",style=filled,fillcolor=powderblue]
	"A377" -> "m378"
	"[379" [label="[",style=filled,fillcolor=powderblue]
	"A377" -> "[379"
	"Expression380" [label="Expression"]
	"A377" -> "Expression380"
	"D381" [label="D"]
	"Expression380" -> "D381"
	"C382" [label="C"]
	"D381" -> "C382"
	"B383" [label="B"]
	"C382" -> "B383"
	"(384" [label="(",style=filled,fillcolor=powderblue]
	"B383" -> "(384"
	"Expression385" [label="Expression"]
	"B383" -> "Expression385"
	"D386" [label="D"]
	"Expression385" -> "D386"
	"C387" [label="C"]
	"D386" -> "C387"
	"B388" [label="B"]
	"C387" -> "B388"
	"A389" [label="A"]
	"B388" -> "A389"
	"F390" [label="F"]
	"A389" -> "F390"
	"num391" [label="num",style=filled,fillcolor=powderblue]
	"F390" -> "num391"
	"Cprime392" [label="Cprime"]
	"C387" -> "Cprime392"
	"e393" [label="e"]
	"Cprime392" -> "e393"
	"Dprime394" [label="Dprime"]
	"D386" -> "Dprime394"
	"e395" [label="e"]
	"Dprime394" -> "e395"
	"Eprime396" [label="Eprime"]
	"Expression385" -> "Eprime396"
	"-397" [label="-",style=filled,fillcolor=powderblue]
	"Eprime396" -> "-397"
	"D398" [label="D"]
	"Eprime396" -> "D398"
	"C399" [label="C"]
	"D398" -> "C399"
	"B400" [label="B"]
	"C399" -> "B400"
	"A401" [label="A"]
	"B400" -> "A401"
	"F402" [label="F"]
	"A401" -> "F402"
	"num403" [label="num",style=filled,fillcolor=powderblue]
	"F402" -> "num403"
	"Cprime404" [label="Cprime"]
	"C399" -> "Cprime404"
	"e405" [label="e"]
	"Cprime404" -> "e405"
	"Dprime406" [label="Dprime"]
	"D398" -> "Dprime406"
	"e407" [label="e"]
	"Dprime406" -> "e407"
	"Eprime408" [label="Eprime"]
	"Eprime396" -> "Eprime408"
	"e409" [label="e"]
	"Eprime408" -> "e409"
	")410" [label=")",style=filled,fillcolor=powderblue]
	"B383" -> ")410"
	"Cprime411" [label="Cprime"]
	"C382" -> "Cprime411"
	"e412" [label="e"]
	"Cprime411" -> "e412"
	"Dprime413" [label="Dprime"]
	"D381" -> "Dprime413"
	"e414" [label="e"]
	"Dprime413" -> "e414"
	"Eprime415" [label="Eprime"]
	"Expression380" -> "Eprime415"
	"e416" [label="e"]
	"Eprime415" -> "e416"
	"]417" [label="]",style=filled,fillcolor=powderblue]
	"A377" -> "]417"
	"Cprime418" [label="Cprime"]
	"C375" -> "Cprime418"
	"e419" [label="e"]
	"Cprime418" -> "e419"
	"Dprime420" [label="Dprime"]
	"D374" -> "Dprime420"
	"e421" [label="e"]
	"Dprime420" -> "e421"
	"Eprime422" [label="Eprime"]
	"Eprime372" -> "Eprime422"
	"e423" [label="e"]
	"Eprime422" -> "e423"
	"Statementsprime424" [label="Statementsprime"]
	"Statementsprime341" -> "Statementsprime424"
	"Statement425" [label="Statement"]
	"Statementsprime424" -> "Statement425"
	"Print426" [label="Print"]
	"Statement425" -> "Print426"
	"print427" [label="print",style=filled,fillcolor=powderblue]
	"Print426" -> "print427"
	"Expression428" [label="Expression"]
	"Print426" -> "Expression428"
	"D429" [label="D"]
	"Expression428" -> "D429"
	"C430" [label="C"]
	"D429" -> "C430"
	"B431" [label="B"]
	"C430" -> "B431"
	"A432" [label="A"]
	"B431" -> "A432"
	"m433" [label="m",style=filled,fillcolor=powderblue]
	"A432" -> "m433"
	"[434" [label="[",style=filled,fillcolor=powderblue]
	"A432" -> "[434"
	"Expression435" [label="Expression"]
	"A432" -> "Expression435"
	"D436" [label="D"]
	"Expression435" -> "D436"
	"C437" [label="C"]
	"D436" -> "C437"
	"B438" [label="B"]
	"C437" -> "B438"
	"A439" [label="A"]
	"B438" -> "A439"
	"F440" [label="F"]
	"A439" -> "F440"
	"num441" [label="num",style=filled,fillcolor=powderblue]
	"F440" -> "num441"
	"Cprime442" [label="Cprime"]
	"C437" -> "Cprime442"
	"e443" [label="e"]
	"Cprime442" -> "e443"
	"Dprime444" [label="Dprime"]
	"D436" -> "Dprime444"
	"e445" [label="e"]
	"Dprime444" -> "e445"
	"Eprime446" [label="Eprime"]
	"Expression435" -> "Eprime446"
	"e447" [label="e"]
	"Eprime446" -> "e447"
	"]448" [label="]",style=filled,fillcolor=powderblue]
	"A432" -> "]448"
	"Cprime449" [label="Cprime"]
	"C430" -> "Cprime449"
	"e450" [label="e"]
	"Cprime449" -> "e450"
	"Dprime451" [label="Dprime"]
	"D429" -> "Dprime451"
	"e452" [label="e"]
	"Dprime451" -> "e452"
	"Eprime453" [label="Eprime"]
	"Expression428" -> "Eprime453"
	"e454" [label="e"]
	"Eprime453" -> "e454"
	"Statementsprime455" [label="Statementsprime"]
	"Statementsprime424" -> "Statementsprime455"
	"Statement456" [label="Statement"]
	"Statementsprime455" -> "Statement456"
	"Jump457" [label="Jump"]
	"Statement456" -> "Jump457"
	"goto458" [label="goto",style=filled,fillcolor=powderblue]
	"Jump457" -> "goto458"
	"num459" [label="num",style=filled,fillcolor=powderblue]
	"Jump457" -> "num459"
	"if460" [label="if",style=filled,fillcolor=powderblue]
	"Jump457" -> "if460"
	"Expression461" [label="Expression"]
	"Jump457" -> "Expression461"
	"D462" [label="D"]
	"Expression461" -> "D462"
	"C463" [label="C"]
	"D462" -> "C463"
	"B464" [label="B"]
	"C463" -> "B464"
	"A465" [label="A"]
	"B464" -> "A465"
	"m466" [label="m",style=filled,fillcolor=powderblue]
	"A465" -> "m466"
	"[467" [label="[",style=filled,fillcolor=powderblue]
	"A465" -> "[467"
	"Expression468" [label="Expression"]
	"A465" -> "Expression468"
	"D469" [label="D"]
	"Expression468" -> "D469"
	"C470" [label="C"]
	"D469" -> "C470"
	"B471" [label="B"]
	"C470" -> "B471"
	"A472" [label="A"]
	"B471" -> "A472"
	"F473" [label="F"]
	"A472" -> "F473"
	"num474" [label="num",style=filled,fillcolor=powderblue]
	"F473" -> "num474"
	"Cprime475" [label="Cprime"]
	"C470" -> "Cprime475"
	"e476" [label="e"]
	"Cprime475" -> "e476"
	"Dprime477" [label="Dprime"]
	"D469" -> "Dprime477"
	"e478" [label="e"]
	"Dprime477" -> "e478"
	"Eprime479" [label="Eprime"]
	"Expression468" -> "Eprime479"
	"e480" [label="e"]
	"Eprime479" -> "e480"
	"]481" [label="]",style=filled,fillcolor=powderblue]
	"A465" -> "]481"
	"Cprime482" [label="Cprime"]
	"C463" -> "Cprime482"
	"e483" [label="e"]
	"Cprime482" -> "e483"
	"Dprime484" [label="Dprime"]
	"D462" -> "Dprime484"
	"e485" [label="e"]
	"Dprime484" -> "e485"
	"Eprime486" [label="Eprime"]
	"Expression461" -> "Eprime486"
	"e487" [label="e"]
	"Eprime486" -> "e487"
	"Statementsprime488" [label="Statementsprime"]
	"Statementsprime455" -> "Statementsprime488"
	"Statement489" [label="Statement"]
	"Statementsprime488" -> "Statement489"
	"Print490" [label="Print"]
	"Statement489" -> "Print490"
	"print491" [label="print",style=filled,fillcolor=powderblue]
	"Print490" -> "print491"
	"Expression492" [label="Expression"]
	"Print490" -> "Expression492"
	"D493" [label="D"]
	"Expression492" -> "D493"
	"C494" [label="C"]
	"D493" -> "C494"
	"B495" [label="B"]
	"C494" -> "B495"
	"A496" [label="A"]
	"B495" -> "A496"
	"m497" [label="m",style=filled,fillcolor=powderblue]
	"A496" -> "m497"
	"[498" [label="[",style=filled,fillcolor=powderblue]
	"A496" -> "[498"
	"Expression499" [label="Expression"]
	"A496" -> "Expression499"
	"D500" [label="D"]
	"Expression499" -> "D500"
	"C501" [label="C"]
	"D500" -> "C501"
	"B502" [label="B"]
	"C501" -> "B502"
	"A503" [label="A"]
	"B502" -> "A503"
	"F504" [label="F"]
	"A503" -> "F504"
	"num505" [label="num",style=filled,fillcolor=powderblue]
	"F504" -> "num505"
	"Cprime506" [label="Cprime"]
	"C501" -> "Cprime506"
	"e507" [label="e"]
	"Cprime506" -> "e507"
	"Dprime508" [label="Dprime"]
	"D500" -> "Dprime508"
	"e509" [label="e"]
	"Dprime508" -> "e509"
	"Eprime510" [label="Eprime"]
	"Expression499" -> "Eprime510"
	"e511" [label="e"]
	"Eprime510" -> "e511"
	"]512" [label="]",style=filled,fillcolor=powderblue]
	"A496" -> "]512"
	"Cprime513" [label="Cprime"]
	"C494" -> "Cprime513"
	"e514" [label="e"]
	"Cprime513" -> "e514"
	"Dprime515" [label="Dprime"]
	"D493" -> "Dprime515"
	"e516" [label="e"]
	"Dprime515" -> "e516"
	"Eprime517" [label="Eprime"]
	"Expression492" -> "Eprime517"
	"e518" [label="e"]
	"Eprime517" -> "e518"
	"Statementsprime519" [label="Statementsprime"]
	"Statementsprime488" -> "Statementsprime519"
	"Statement520" [label="Statement"]
	"Statementsprime519" -> "Statement520"
	"Jump521" [label="Jump"]
	"Statement520" -> "Jump521"
	"goto522" [label="goto",style=filled,fillcolor=powderblue]
	"Jump521" -> "goto522"
	"num523" [label="num",style=filled,fillcolor=powderblue]
	"Jump521" -> "num523"
	"Statementsprime524" [label="Statementsprime"]
	"Statementsprime519" -> "Statementsprime524"
	"Statement525" [label="Statement"]
	"Statementsprime524" -> "Statement525"
	"Print526" [label="Print"]
	"Statement525" -> "Print526"
	"print527" [label="print",style=filled,fillcolor=powderblue]
	"Print526" -> "print527"
	"Expression528" [label="Expression"]
	"Print526" -> "Expression528"
	"D529" [label="D"]
	"Expression528" -> "D529"
	"C530" [label="C"]
	"D529" -> "C530"
	"B531" [label="B"]
	"C530" -> "B531"
	"A532" [label="A"]
	"B531" -> "A532"
	"m533" [label="m",style=filled,fillcolor=powderblue]
	"A532" -> "m533"
	"[534" [label="[",style=filled,fillcolor=powderblue]
	"A532" -> "[534"
	"Expression535" [label="Expression"]
	"A532" -> "Expression535"
	"D536" [label="D"]
	"Expression535" -> "D536"
	"C537" [label="C"]
	"D536" -> "C537"
	"B538" [label="B"]
	"C537" -> "B538"
	"A539" [label="A"]
	"B538" -> "A539"
	"F540" [label="F"]
	"A539" -> "F540"
	"num541" [label="num",style=filled,fillcolor=powderblue]
	"F540" -> "num541"
	"Cprime542" [label="Cprime"]
	"C537" -> "Cprime542"
	"e543" [label="e"]
	"Cprime542" -> "e543"
	"Dprime544" [label="Dprime"]
	"D536" -> "Dprime544"
	"e545" [label="e"]
	"Dprime544" -> "e545"
	"Eprime546" [label="Eprime"]
	"Expression535" -> "Eprime546"
	"e547" [label="e"]
	"Eprime546" -> "e547"
	"]548" [label="]",style=filled,fillcolor=powderblue]
	"A532" -> "]548"
	"Cprime549" [label="Cprime"]
	"C530" -> "Cprime549"
	"e550" [label="e"]
	"Cprime549" -> "e550"
	"Dprime551" [label="Dprime"]
	"D529" -> "Dprime551"
	"e552" [label="e"]
	"Dprime551" -> "e552"
	"Eprime553" [label="Eprime"]
	"Expression528" -> "Eprime553"
	"e554" [label="e"]
	"Eprime553" -> "e554"
	"Statementsprime555" [label="Statementsprime"]
	"Statementsprime524" -> "Statementsprime555"
	"Statement556" [label="Statement"]
	"Statementsprime555" -> "Statement556"
	"Label557" [label="Label"]
	"Statement556" -> "Label557"
	"L558" [label="L",style=filled,fillcolor=powderblue]
	"Label557" -> "L558"
	"num559" [label="num",style=filled,fillcolor=powderblue]
	"Label557" -> "num559"
	":560" [label=":",style=filled,fillcolor=powderblue]
	"Label557" -> ":560"
	"Statementsprime561" [label="Statementsprime"]
	"Statementsprime555" -> "Statementsprime561"
	"Statement562" [label="Statement"]
	"Statementsprime561" -> "Statement562"
	"Print563" [label="Print"]
	"Statement562" -> "Print563"
	"print564" [label="print",style=filled,fillcolor=powderblue]
	"Print563" -> "print564"
	"Expression565" [label="Expression"]
	"Print563" -> "Expression565"
	"D566" [label="D"]
	"Expression565" -> "D566"
	"C567" [label="C"]
	"D566" -> "C567"
	"B568" [label="B"]
	"C567" -> "B568"
	"A569" [label="A"]
	"B568" -> "A569"
	"m570" [label="m",style=filled,fillcolor=powderblue]
	"A569" -> "m570"
	"[571" [label="[",style=filled,fillcolor=powderblue]
	"A569" -> "[571"
	"Expression572" [label="Expression"]
	"A569" -> "Expression572"
	"D573" [label="D"]
	"Expression572" -> "D573"
	"C574" [label="C"]
	"D573" -> "C574"
	"B575" [label="B"]
	"C574" -> "B575"
	"A576" [label="A"]
	"B575" -> "A576"
	"F577" [label="F"]
	"A576" -> "F577"
	"num578" [label="num",style=filled,fillcolor=powderblue]
	"F577" -> "num578"
	"Cprime579" [label="Cprime"]
	"C574" -> "Cprime579"
	"e580" [label="e"]
	"Cprime579" -> "e580"
	"Dprime581" [label="Dprime"]
	"D573" -> "Dprime581"
	"e582" [label="e"]
	"Dprime581" -> "e582"
	"Eprime583" [label="Eprime"]
	"Expression572" -> "Eprime583"
	"e584" [label="e"]
	"Eprime583" -> "e584"
	"]585" [label="]",style=filled,fillcolor=powderblue]
	"A569" -> "]585"
	"Cprime586" [label="Cprime"]
	"C567" -> "Cprime586"
	"e587" [label="e"]
	"Cprime586" -> "e587"
	"Dprime588" [label="Dprime"]
	"D566" -> "Dprime588"
	"e589" [label="e"]
	"Dprime588" -> "e589"
	"Eprime590" [label="Eprime"]
	"Expression565" -> "Eprime590"
	"e591" [label="e"]
	"Eprime590" -> "e591"
	"Statementsprime592" [label="Statementsprime"]
	"Statementsprime561" -> "Statementsprime592"
	"e593" [label="e"]
	"Statementsprime592" -> "e593"
};
