digraph G {
	"Start1" [label="Start"]
	"Statements2" [label="Statements"]
	"Start1" -> "Statements2"
	"Statement3" [label="Statement"]
	"Statements2" -> "Statement3"
	"Assignment4" [label="Assignment"]
	"Statement3" -> "Assignment4"
	"m5" [label="m",style=filled,fillcolor=powderblue]
	"Assignment4" -> "m5"
	"[6" [label="[",style=filled,fillcolor=powderblue]
	"Assignment4" -> "[6"
	"Expression7" [label="Expression"]
	"Assignment4" -> "Expression7"
	"D8" [label="D"]
	"Expression7" -> "D8"
	"C9" [label="C"]
	"D8" -> "C9"
	"B10" [label="B"]
	"C9" -> "B10"
	"A11" [label="A"]
	"B10" -> "A11"
	"F12" [label="F"]
	"A11" -> "F12"
	"num13" [label="num",style=filled,fillcolor=powderblue]
	"F12" -> "num13"
	"Cprime14" [label="Cprime"]
	"C9" -> "Cprime14"
	"e15" [label="e"]
	"Cprime14" -> "e15"
	"Dprime16" [label="Dprime"]
	"D8" -> "Dprime16"
	"e17" [label="e"]
	"Dprime16" -> "e17"
	"Eprime18" [label="Eprime"]
	"Expression7" -> "Eprime18"
	"e19" [label="e"]
	"Eprime18" -> "e19"
	"]20" [label="]",style=filled,fillcolor=powderblue]
	"Assignment4" -> "]20"
	"=21" [label="=",style=filled,fillcolor=powderblue]
	"Assignment4" -> "=21"
	"Expression22" [label="Expression"]
	"Assignment4" -> "Expression22"
	"D23" [label="D"]
	"Expression22" -> "D23"
	"C24" [label="C"]
	"D23" -> "C24"
	"B25" [label="B"]
	"C24" -> "B25"
	"A26" [label="A"]
	"B25" -> "A26"
	"F27" [label="F"]
	"A26" -> "F27"
	"num28" [label="num",style=filled,fillcolor=powderblue]
	"F27" -> "num28"
	"Cprime29" [label="Cprime"]
	"C24" -> "Cprime29"
	"e30" [label="e"]
	"Cprime29" -> "e30"
	"Dprime31" [label="Dprime"]
	"D23" -> "Dprime31"
	"/32" [label="/",style=filled,fillcolor=powderblue]
	"Dprime31" -> "/32"
	"C33" [label="C"]
	"Dprime31" -> "C33"
	"B34" [label="B"]
	"C33" -> "B34"
	"A35" [label="A"]
	"B34" -> "A35"
	"F36" [label="F"]
	"A35" -> "F36"
	"num37" [label="num",style=filled,fillcolor=powderblue]
	"F36" -> "num37"
	"Cprime38" [label="Cprime"]
	"C33" -> "Cprime38"
	"e39" [label="e"]
	"Cprime38" -> "e39"
	"Dprime40" [label="Dprime"]
	"Dprime31" -> "Dprime40"
	"*41" [label="*",style=filled,fillcolor=powderblue]
	"Dprime40" -> "*41"
	"C42" [label="C"]
	"Dprime40" -> "C42"
	"B43" [label="B"]
	"C42" -> "B43"
	"A44" [label="A"]
	"B43" -> "A44"
	"F45" [label="F"]
	"A44" -> "F45"
	"num46" [label="num",style=filled,fillcolor=powderblue]
	"F45" -> "num46"
	"Cprime47" [label="Cprime"]
	"C42" -> "Cprime47"
	"e48" [label="e"]
	"Cprime47" -> "e48"
	"Dprime49" [label="Dprime"]
	"Dprime40" -> "Dprime49"
	"e50" [label="e"]
	"Dprime49" -> "e50"
	"Eprime51" [label="Eprime"]
	"Expression22" -> "Eprime51"
	"e52" [label="e"]
	"Eprime51" -> "e52"
	"Statementsprime53" [label="Statementsprime"]
	"Statements2" -> "Statementsprime53"
	"Statement54" [label="Statement"]
	"Statementsprime53" -> "Statement54"
	"Jump55" [label="Jump"]
	"Statement54" -> "Jump55"
	"goto56" [label="goto",style=filled,fillcolor=powderblue]
	"Jump55" -> "goto56"
	"num57" [label="num",style=filled,fillcolor=powderblue]
	"Jump55" -> "num57"
	"Statementsprime58" [label="Statementsprime"]
	"Statementsprime53" -> "Statementsprime58"
	"Statement59" [label="Statement"]
	"Statementsprime58" -> "Statement59"
	"Assignment60" [label="Assignment"]
	"Statement59" -> "Assignment60"
	"m61" [label="m",style=filled,fillcolor=powderblue]
	"Assignment60" -> "m61"
	"[62" [label="[",style=filled,fillcolor=powderblue]
	"Assignment60" -> "[62"
	"Expression63" [label="Expression"]
	"Assignment60" -> "Expression63"
	"D64" [label="D"]
	"Expression63" -> "D64"
	"C65" [label="C"]
	"D64" -> "C65"
	"B66" [label="B"]
	"C65" -> "B66"
	"A67" [label="A"]
	"B66" -> "A67"
	"F68" [label="F"]
	"A67" -> "F68"
	"num69" [label="num",style=filled,fillcolor=powderblue]
	"F68" -> "num69"
	"Cprime70" [label="Cprime"]
	"C65" -> "Cprime70"
	"e71" [label="e"]
	"Cprime70" -> "e71"
	"Dprime72" [label="Dprime"]
	"D64" -> "Dprime72"
	"e73" [label="e"]
	"Dprime72" -> "e73"
	"Eprime74" [label="Eprime"]
	"Expression63" -> "Eprime74"
	"e75" [label="e"]
	"Eprime74" -> "e75"
	"]76" [label="]",style=filled,fillcolor=powderblue]
	"Assignment60" -> "]76"
	"=77" [label="=",style=filled,fillcolor=powderblue]
	"Assignment60" -> "=77"
	"Expression78" [label="Expression"]
	"Assignment60" -> "Expression78"
	"D79" [label="D"]
	"Expression78" -> "D79"
	"C80" [label="C"]
	"D79" -> "C80"
	"B81" [label="B"]
	"C80" -> "B81"
	"A82" [label="A"]
	"B81" -> "A82"
	"F83" [label="F"]
	"A82" -> "F83"
	"num84" [label="num",style=filled,fillcolor=powderblue]
	"F83" -> "num84"
	"Cprime85" [label="Cprime"]
	"C80" -> "Cprime85"
	"e86" [label="e"]
	"Cprime85" -> "e86"
	"Dprime87" [label="Dprime"]
	"D79" -> "Dprime87"
	"e88" [label="e"]
	"Dprime87" -> "e88"
	"Eprime89" [label="Eprime"]
	"Expression78" -> "Eprime89"
	"+90" [label="+",style=filled,fillcolor=powderblue]
	"Eprime89" -> "+90"
	"D91" [label="D"]
	"Eprime89" -> "D91"
	"C92" [label="C"]
	"D91" -> "C92"
	"B93" [label="B"]
	"C92" -> "B93"
	"A94" [label="A"]
	"B93" -> "A94"
	"m95" [label="m",style=filled,fillcolor=powderblue]
	"A94" -> "m95"
	"[96" [label="[",style=filled,fillcolor=powderblue]
	"A94" -> "[96"
	"Expression97" [label="Expression"]
	"A94" -> "Expression97"
	"D98" [label="D"]
	"Expression97" -> "D98"
	"C99" [label="C"]
	"D98" -> "C99"
	"B100" [label="B"]
	"C99" -> "B100"
	"A101" [label="A"]
	"B100" -> "A101"
	"F102" [label="F"]
	"A101" -> "F102"
	"num103" [label="num",style=filled,fillcolor=powderblue]
	"F102" -> "num103"
	"Cprime104" [label="Cprime"]
	"C99" -> "Cprime104"
	"e105" [label="e"]
	"Cprime104" -> "e105"
	"Dprime106" [label="Dprime"]
	"D98" -> "Dprime106"
	"e107" [label="e"]
	"Dprime106" -> "e107"
	"Eprime108" [label="Eprime"]
	"Expression97" -> "Eprime108"
	"e109" [label="e"]
	"Eprime108" -> "e109"
	"]110" [label="]",style=filled,fillcolor=powderblue]
	"A94" -> "]110"
	"Cprime111" [label="Cprime"]
	"C92" -> "Cprime111"
	"e112" [label="e"]
	"Cprime111" -> "e112"
	"Dprime113" [label="Dprime"]
	"D91" -> "Dprime113"
	"e114" [label="e"]
	"Dprime113" -> "e114"
	"Eprime115" [label="Eprime"]
	"Eprime89" -> "Eprime115"
	"e116" [label="e"]
	"Eprime115" -> "e116"
	"Statementsprime117" [label="Statementsprime"]
	"Statementsprime58" -> "Statementsprime117"
	"Statement118" [label="Statement"]
	"Statementsprime117" -> "Statement118"
	"Assignment119" [label="Assignment"]
	"Statement118" -> "Assignment119"
	"m120" [label="m",style=filled,fillcolor=powderblue]
	"Assignment119" -> "m120"
	"[121" [label="[",style=filled,fillcolor=powderblue]
	"Assignment119" -> "[121"
	"Expression122" [label="Expression"]
	"Assignment119" -> "Expression122"
	"D123" [label="D"]
	"Expression122" -> "D123"
	"C124" [label="C"]
	"D123" -> "C124"
	"B125" [label="B"]
	"C124" -> "B125"
	"A126" [label="A"]
	"B125" -> "A126"
	"F127" [label="F"]
	"A126" -> "F127"
	"num128" [label="num",style=filled,fillcolor=powderblue]
	"F127" -> "num128"
	"Cprime129" [label="Cprime"]
	"C124" -> "Cprime129"
	"e130" [label="e"]
	"Cprime129" -> "e130"
	"Dprime131" [label="Dprime"]
	"D123" -> "Dprime131"
	"e132" [label="e"]
	"Dprime131" -> "e132"
	"Eprime133" [label="Eprime"]
	"Expression122" -> "Eprime133"
	"e134" [label="e"]
	"Eprime133" -> "e134"
	"]135" [label="]",style=filled,fillcolor=powderblue]
	"Assignment119" -> "]135"
	"=136" [label="=",style=filled,fillcolor=powderblue]
	"Assignment119" -> "=136"
	"Expression137" [label="Expression"]
	"Assignment119" -> "Expression137"
	"D138" [label="D"]
	"Expression137" -> "D138"
	"C139" [label="C"]
	"D138" -> "C139"
	"B140" [label="B"]
	"C139" -> "B140"
	"A141" [label="A"]
	"B140" -> "A141"
	"F142" [label="F"]
	"A141" -> "F142"
	"num143" [label="num",style=filled,fillcolor=powderblue]
	"F142" -> "num143"
	"Cprime144" [label="Cprime"]
	"C139" -> "Cprime144"
	"e145" [label="e"]
	"Cprime144" -> "e145"
	"Dprime146" [label="Dprime"]
	"D138" -> "Dprime146"
	"e147" [label="e"]
	"Dprime146" -> "e147"
	"Eprime148" [label="Eprime"]
	"Expression137" -> "Eprime148"
	"-149" [label="-",style=filled,fillcolor=powderblue]
	"Eprime148" -> "-149"
	"D150" [label="D"]
	"Eprime148" -> "D150"
	"C151" [label="C"]
	"D150" -> "C151"
	"B152" [label="B"]
	"C151" -> "B152"
	"A153" [label="A"]
	"B152" -> "A153"
	"m154" [label="m",style=filled,fillcolor=powderblue]
	"A153" -> "m154"
	"[155" [label="[",style=filled,fillcolor=powderblue]
	"A153" -> "[155"
	"Expression156" [label="Expression"]
	"A153" -> "Expression156"
	"D157" [label="D"]
	"Expression156" -> "D157"
	"C158" [label="C"]
	"D157" -> "C158"
	"B159" [label="B"]
	"C158" -> "B159"
	"A160" [label="A"]
	"B159" -> "A160"
	"F161" [label="F"]
	"A160" -> "F161"
	"num162" [label="num",style=filled,fillcolor=powderblue]
	"F161" -> "num162"
	"Cprime163" [label="Cprime"]
	"C158" -> "Cprime163"
	"**164" [label="**",style=filled,fillcolor=powderblue]
	"Cprime163" -> "**164"
	"B165" [label="B"]
	"Cprime163" -> "B165"
	"A166" [label="A"]
	"B165" -> "A166"
	"F167" [label="F"]
	"A166" -> "F167"
	"num168" [label="num",style=filled,fillcolor=powderblue]
	"F167" -> "num168"
	"Cprime169" [label="Cprime"]
	"Cprime163" -> "Cprime169"
	"e170" [label="e"]
	"Cprime169" -> "e170"
	"Dprime171" [label="Dprime"]
	"D157" -> "Dprime171"
	"*172" [label="*",style=filled,fillcolor=powderblue]
	"Dprime171" -> "*172"
	"C173" [label="C"]
	"Dprime171" -> "C173"
	"B174" [label="B"]
	"C173" -> "B174"
	"A175" [label="A"]
	"B174" -> "A175"
	"F176" [label="F"]
	"A175" -> "F176"
	"num177" [label="num",style=filled,fillcolor=powderblue]
	"F176" -> "num177"
	"Cprime178" [label="Cprime"]
	"C173" -> "Cprime178"
	"e179" [label="e"]
	"Cprime178" -> "e179"
	"Dprime180" [label="Dprime"]
	"Dprime171" -> "Dprime180"
	"e181" [label="e"]
	"Dprime180" -> "e181"
	"Eprime182" [label="Eprime"]
	"Expression156" -> "Eprime182"
	"-183" [label="-",style=filled,fillcolor=powderblue]
	"Eprime182" -> "-183"
	"D184" [label="D"]
	"Eprime182" -> "D184"
	"C185" [label="C"]
	"D184" -> "C185"
	"B186" [label="B"]
	"C185" -> "B186"
	"A187" [label="A"]
	"B186" -> "A187"
	"F188" [label="F"]
	"A187" -> "F188"
	"num189" [label="num",style=filled,fillcolor=powderblue]
	"F188" -> "num189"
	"Cprime190" [label="Cprime"]
	"C185" -> "Cprime190"
	"e191" [label="e"]
	"Cprime190" -> "e191"
	"Dprime192" [label="Dprime"]
	"D184" -> "Dprime192"
	"e193" [label="e"]
	"Dprime192" -> "e193"
	"Eprime194" [label="Eprime"]
	"Eprime182" -> "Eprime194"
	"e195" [label="e"]
	"Eprime194" -> "e195"
	"]196" [label="]",style=filled,fillcolor=powderblue]
	"A153" -> "]196"
	"Cprime197" [label="Cprime"]
	"C151" -> "Cprime197"
	"e198" [label="e"]
	"Cprime197" -> "e198"
	"Dprime199" [label="Dprime"]
	"D150" -> "Dprime199"
	"e200" [label="e"]
	"Dprime199" -> "e200"
	"Eprime201" [label="Eprime"]
	"Eprime148" -> "Eprime201"
	"-202" [label="-",style=filled,fillcolor=powderblue]
	"Eprime201" -> "-202"
	"D203" [label="D"]
	"Eprime201" -> "D203"
	"C204" [label="C"]
	"D203" -> "C204"
	"B205" [label="B"]
	"C204" -> "B205"
	"A206" [label="A"]
	"B205" -> "A206"
	"F207" [label="F"]
	"A206" -> "F207"
	"num208" [label="num",style=filled,fillcolor=powderblue]
	"F207" -> "num208"
	"Cprime209" [label="Cprime"]
	"C204" -> "Cprime209"
	"e210" [label="e"]
	"Cprime209" -> "e210"
	"Dprime211" [label="Dprime"]
	"D203" -> "Dprime211"
	"e212" [label="e"]
	"Dprime211" -> "e212"
	"Eprime213" [label="Eprime"]
	"Eprime201" -> "Eprime213"
	"e214" [label="e"]
	"Eprime213" -> "e214"
	"Statementsprime215" [label="Statementsprime"]
	"Statementsprime117" -> "Statementsprime215"
	"Statement216" [label="Statement"]
	"Statementsprime215" -> "Statement216"
	"Label217" [label="Label"]
	"Statement216" -> "Label217"
	"L218" [label="L",style=filled,fillcolor=powderblue]
	"Label217" -> "L218"
	"num219" [label="num",style=filled,fillcolor=powderblue]
	"Label217" -> "num219"
	":220" [label=":",style=filled,fillcolor=powderblue]
	"Label217" -> ":220"
	"Statementsprime221" [label="Statementsprime"]
	"Statementsprime215" -> "Statementsprime221"
	"Statement222" [label="Statement"]
	"Statementsprime221" -> "Statement222"
	"Assignment223" [label="Assignment"]
	"Statement222" -> "Assignment223"
	"m224" [label="m",style=filled,fillcolor=powderblue]
	"Assignment223" -> "m224"
	"[225" [label="[",style=filled,fillcolor=powderblue]
	"Assignment223" -> "[225"
	"Expression226" [label="Expression"]
	"Assignment223" -> "Expression226"
	"D227" [label="D"]
	"Expression226" -> "D227"
	"C228" [label="C"]
	"D227" -> "C228"
	"B229" [label="B"]
	"C228" -> "B229"
	"A230" [label="A"]
	"B229" -> "A230"
	"F231" [label="F"]
	"A230" -> "F231"
	"num232" [label="num",style=filled,fillcolor=powderblue]
	"F231" -> "num232"
	"Cprime233" [label="Cprime"]
	"C228" -> "Cprime233"
	"e234" [label="e"]
	"Cprime233" -> "e234"
	"Dprime235" [label="Dprime"]
	"D227" -> "Dprime235"
	"e236" [label="e"]
	"Dprime235" -> "e236"
	"Eprime237" [label="Eprime"]
	"Expression226" -> "Eprime237"
	"e238" [label="e"]
	"Eprime237" -> "e238"
	"]239" [label="]",style=filled,fillcolor=powderblue]
	"Assignment223" -> "]239"
	"=240" [label="=",style=filled,fillcolor=powderblue]
	"Assignment223" -> "=240"
	"Expression241" [label="Expression"]
	"Assignment223" -> "Expression241"
	"D242" [label="D"]
	"Expression241" -> "D242"
	"C243" [label="C"]
	"D242" -> "C243"
	"B244" [label="B"]
	"C243" -> "B244"
	"A245" [label="A"]
	"B244" -> "A245"
	"F246" [label="F"]
	"A245" -> "F246"
	"num247" [label="num",style=filled,fillcolor=powderblue]
	"F246" -> "num247"
	"Cprime248" [label="Cprime"]
	"C243" -> "Cprime248"
	"e249" [label="e"]
	"Cprime248" -> "e249"
	"Dprime250" [label="Dprime"]
	"D242" -> "Dprime250"
	"e251" [label="e"]
	"Dprime250" -> "e251"
	"Eprime252" [label="Eprime"]
	"Expression241" -> "Eprime252"
	"-253" [label="-",style=filled,fillcolor=powderblue]
	"Eprime252" -> "-253"
	"D254" [label="D"]
	"Eprime252" -> "D254"
	"C255" [label="C"]
	"D254" -> "C255"
	"B256" [label="B"]
	"C255" -> "B256"
	"(257" [label="(",style=filled,fillcolor=powderblue]
	"B256" -> "(257"
	"Expression258" [label="Expression"]
	"B256" -> "Expression258"
	"D259" [label="D"]
	"Expression258" -> "D259"
	"C260" [label="C"]
	"D259" -> "C260"
	"B261" [label="B"]
	"C260" -> "B261"
	"A262" [label="A"]
	"B261" -> "A262"
	"m263" [label="m",style=filled,fillcolor=powderblue]
	"A262" -> "m263"
	"[264" [label="[",style=filled,fillcolor=powderblue]
	"A262" -> "[264"
	"Expression265" [label="Expression"]
	"A262" -> "Expression265"
	"D266" [label="D"]
	"Expression265" -> "D266"
	"C267" [label="C"]
	"D266" -> "C267"
	"B268" [label="B"]
	"C267" -> "B268"
	"A269" [label="A"]
	"B268" -> "A269"
	"F270" [label="F"]
	"A269" -> "F270"
	"num271" [label="num",style=filled,fillcolor=powderblue]
	"F270" -> "num271"
	"Cprime272" [label="Cprime"]
	"C267" -> "Cprime272"
	"e273" [label="e"]
	"Cprime272" -> "e273"
	"Dprime274" [label="Dprime"]
	"D266" -> "Dprime274"
	"e275" [label="e"]
	"Dprime274" -> "e275"
	"Eprime276" [label="Eprime"]
	"Expression265" -> "Eprime276"
	"e277" [label="e"]
	"Eprime276" -> "e277"
	"]278" [label="]",style=filled,fillcolor=powderblue]
	"A262" -> "]278"
	"Cprime279" [label="Cprime"]
	"C260" -> "Cprime279"
	"e280" [label="e"]
	"Cprime279" -> "e280"
	"Dprime281" [label="Dprime"]
	"D259" -> "Dprime281"
	"e282" [label="e"]
	"Dprime281" -> "e282"
	"Eprime283" [label="Eprime"]
	"Expression258" -> "Eprime283"
	"-284" [label="-",style=filled,fillcolor=powderblue]
	"Eprime283" -> "-284"
	"D285" [label="D"]
	"Eprime283" -> "D285"
	"C286" [label="C"]
	"D285" -> "C286"
	"B287" [label="B"]
	"C286" -> "B287"
	"A288" [label="A"]
	"B287" -> "A288"
	"F289" [label="F"]
	"A288" -> "F289"
	"num290" [label="num",style=filled,fillcolor=powderblue]
	"F289" -> "num290"
	"Cprime291" [label="Cprime"]
	"C286" -> "Cprime291"
	"e292" [label="e"]
	"Cprime291" -> "e292"
	"Dprime293" [label="Dprime"]
	"D285" -> "Dprime293"
	"e294" [label="e"]
	"Dprime293" -> "e294"
	"Eprime295" [label="Eprime"]
	"Eprime283" -> "Eprime295"
	"e296" [label="e"]
	"Eprime295" -> "e296"
	")297" [label=")",style=filled,fillcolor=powderblue]
	"B256" -> ")297"
	"Cprime298" [label="Cprime"]
	"C255" -> "Cprime298"
	"e299" [label="e"]
	"Cprime298" -> "e299"
	"Dprime300" [label="Dprime"]
	"D254" -> "Dprime300"
	"e301" [label="e"]
	"Dprime300" -> "e301"
	"Eprime302" [label="Eprime"]
	"Eprime252" -> "Eprime302"
	"e303" [label="e"]
	"Eprime302" -> "e303"
	"Statementsprime304" [label="Statementsprime"]
	"Statementsprime221" -> "Statementsprime304"
	"Statement305" [label="Statement"]
	"Statementsprime304" -> "Statement305"
	"Assignment306" [label="Assignment"]
	"Statement305" -> "Assignment306"
	"m307" [label="m",style=filled,fillcolor=powderblue]
	"Assignment306" -> "m307"
	"[308" [label="[",style=filled,fillcolor=powderblue]
	"Assignment306" -> "[308"
	"Expression309" [label="Expression"]
	"Assignment306" -> "Expression309"
	"D310" [label="D"]
	"Expression309" -> "D310"
	"C311" [label="C"]
	"D310" -> "C311"
	"B312" [label="B"]
	"C311" -> "B312"
	"A313" [label="A"]
	"B312" -> "A313"
	"F314" [label="F"]
	"A313" -> "F314"
	"num315" [label="num",style=filled,fillcolor=powderblue]
	"F314" -> "num315"
	"Cprime316" [label="Cprime"]
	"C311" -> "Cprime316"
	"e317" [label="e"]
	"Cprime316" -> "e317"
	"Dprime318" [label="Dprime"]
	"D310" -> "Dprime318"
	"e319" [label="e"]
	"Dprime318" -> "e319"
	"Eprime320" [label="Eprime"]
	"Expression309" -> "Eprime320"
	"e321" [label="e"]
	"Eprime320" -> "e321"
	"]322" [label="]",style=filled,fillcolor=powderblue]
	"Assignment306" -> "]322"
	"=323" [label="=",style=filled,fillcolor=powderblue]
	"Assignment306" -> "=323"
	"Expression324" [label="Expression"]
	"Assignment306" -> "Expression324"
	"D325" [label="D"]
	"Expression324" -> "D325"
	"C326" [label="C"]
	"D325" -> "C326"
	"B327" [label="B"]
	"C326" -> "B327"
	"A328" [label="A"]
	"B327" -> "A328"
	"F329" [label="F"]
	"A328" -> "F329"
	"num330" [label="num",style=filled,fillcolor=powderblue]
	"F329" -> "num330"
	"Cprime331" [label="Cprime"]
	"C326" -> "Cprime331"
	"e332" [label="e"]
	"Cprime331" -> "e332"
	"Dprime333" [label="Dprime"]
	"D325" -> "Dprime333"
	"/334" [label="/",style=filled,fillcolor=powderblue]
	"Dprime333" -> "/334"
	"C335" [label="C"]
	"Dprime333" -> "C335"
	"B336" [label="B"]
	"C335" -> "B336"
	"A337" [label="A"]
	"B336" -> "A337"
	"F338" [label="F"]
	"A337" -> "F338"
	"num339" [label="num",style=filled,fillcolor=powderblue]
	"F338" -> "num339"
	"Cprime340" [label="Cprime"]
	"C335" -> "Cprime340"
	"e341" [label="e"]
	"Cprime340" -> "e341"
	"Dprime342" [label="Dprime"]
	"Dprime333" -> "Dprime342"
	"*343" [label="*",style=filled,fillcolor=powderblue]
	"Dprime342" -> "*343"
	"C344" [label="C"]
	"Dprime342" -> "C344"
	"B345" [label="B"]
	"C344" -> "B345"
	"A346" [label="A"]
	"B345" -> "A346"
	"F347" [label="F"]
	"A346" -> "F347"
	"num348" [label="num",style=filled,fillcolor=powderblue]
	"F347" -> "num348"
	"Cprime349" [label="Cprime"]
	"C344" -> "Cprime349"
	"e350" [label="e"]
	"Cprime349" -> "e350"
	"Dprime351" [label="Dprime"]
	"Dprime342" -> "Dprime351"
	"e352" [label="e"]
	"Dprime351" -> "e352"
	"Eprime353" [label="Eprime"]
	"Expression324" -> "Eprime353"
	"e354" [label="e"]
	"Eprime353" -> "e354"
	"Statementsprime355" [label="Statementsprime"]
	"Statementsprime304" -> "Statementsprime355"
	"Statement356" [label="Statement"]
	"Statementsprime355" -> "Statement356"
	"Jump357" [label="Jump"]
	"Statement356" -> "Jump357"
	"goto358" [label="goto",style=filled,fillcolor=powderblue]
	"Jump357" -> "goto358"
	"num359" [label="num",style=filled,fillcolor=powderblue]
	"Jump357" -> "num359"
	"Statementsprime360" [label="Statementsprime"]
	"Statementsprime355" -> "Statementsprime360"
	"Statement361" [label="Statement"]
	"Statementsprime360" -> "Statement361"
	"Assignment362" [label="Assignment"]
	"Statement361" -> "Assignment362"
	"m363" [label="m",style=filled,fillcolor=powderblue]
	"Assignment362" -> "m363"
	"[364" [label="[",style=filled,fillcolor=powderblue]
	"Assignment362" -> "[364"
	"Expression365" [label="Expression"]
	"Assignment362" -> "Expression365"
	"D366" [label="D"]
	"Expression365" -> "D366"
	"C367" [label="C"]
	"D366" -> "C367"
	"B368" [label="B"]
	"C367" -> "B368"
	"A369" [label="A"]
	"B368" -> "A369"
	"F370" [label="F"]
	"A369" -> "F370"
	"num371" [label="num",style=filled,fillcolor=powderblue]
	"F370" -> "num371"
	"Cprime372" [label="Cprime"]
	"C367" -> "Cprime372"
	"e373" [label="e"]
	"Cprime372" -> "e373"
	"Dprime374" [label="Dprime"]
	"D366" -> "Dprime374"
	"e375" [label="e"]
	"Dprime374" -> "e375"
	"Eprime376" [label="Eprime"]
	"Expression365" -> "Eprime376"
	"e377" [label="e"]
	"Eprime376" -> "e377"
	"]378" [label="]",style=filled,fillcolor=powderblue]
	"Assignment362" -> "]378"
	"=379" [label="=",style=filled,fillcolor=powderblue]
	"Assignment362" -> "=379"
	"Expression380" [label="Expression"]
	"Assignment362" -> "Expression380"
	"D381" [label="D"]
	"Expression380" -> "D381"
	"C382" [label="C"]
	"D381" -> "C382"
	"B383" [label="B"]
	"C382" -> "B383"
	"A384" [label="A"]
	"B383" -> "A384"
	"F385" [label="F"]
	"A384" -> "F385"
	"num386" [label="num",style=filled,fillcolor=powderblue]
	"F385" -> "num386"
	"Cprime387" [label="Cprime"]
	"C382" -> "Cprime387"
	"e388" [label="e"]
	"Cprime387" -> "e388"
	"Dprime389" [label="Dprime"]
	"D381" -> "Dprime389"
	"e390" [label="e"]
	"Dprime389" -> "e390"
	"Eprime391" [label="Eprime"]
	"Expression380" -> "Eprime391"
	"+392" [label="+",style=filled,fillcolor=powderblue]
	"Eprime391" -> "+392"
	"D393" [label="D"]
	"Eprime391" -> "D393"
	"C394" [label="C"]
	"D393" -> "C394"
	"B395" [label="B"]
	"C394" -> "B395"
	"A396" [label="A"]
	"B395" -> "A396"
	"m397" [label="m",style=filled,fillcolor=powderblue]
	"A396" -> "m397"
	"[398" [label="[",style=filled,fillcolor=powderblue]
	"A396" -> "[398"
	"Expression399" [label="Expression"]
	"A396" -> "Expression399"
	"D400" [label="D"]
	"Expression399" -> "D400"
	"C401" [label="C"]
	"D400" -> "C401"
	"B402" [label="B"]
	"C401" -> "B402"
	"A403" [label="A"]
	"B402" -> "A403"
	"F404" [label="F"]
	"A403" -> "F404"
	"num405" [label="num",style=filled,fillcolor=powderblue]
	"F404" -> "num405"
	"Cprime406" [label="Cprime"]
	"C401" -> "Cprime406"
	"e407" [label="e"]
	"Cprime406" -> "e407"
	"Dprime408" [label="Dprime"]
	"D400" -> "Dprime408"
	"e409" [label="e"]
	"Dprime408" -> "e409"
	"Eprime410" [label="Eprime"]
	"Expression399" -> "Eprime410"
	"e411" [label="e"]
	"Eprime410" -> "e411"
	"]412" [label="]",style=filled,fillcolor=powderblue]
	"A396" -> "]412"
	"Cprime413" [label="Cprime"]
	"C394" -> "Cprime413"
	"e414" [label="e"]
	"Cprime413" -> "e414"
	"Dprime415" [label="Dprime"]
	"D393" -> "Dprime415"
	"e416" [label="e"]
	"Dprime415" -> "e416"
	"Eprime417" [label="Eprime"]
	"Eprime391" -> "Eprime417"
	"e418" [label="e"]
	"Eprime417" -> "e418"
	"Statementsprime419" [label="Statementsprime"]
	"Statementsprime360" -> "Statementsprime419"
	"Statement420" [label="Statement"]
	"Statementsprime419" -> "Statement420"
	"Assignment421" [label="Assignment"]
	"Statement420" -> "Assignment421"
	"m422" [label="m",style=filled,fillcolor=powderblue]
	"Assignment421" -> "m422"
	"[423" [label="[",style=filled,fillcolor=powderblue]
	"Assignment421" -> "[423"
	"Expression424" [label="Expression"]
	"Assignment421" -> "Expression424"
	"D425" [label="D"]
	"Expression424" -> "D425"
	"C426" [label="C"]
	"D425" -> "C426"
	"B427" [label="B"]
	"C426" -> "B427"
	"A428" [label="A"]
	"B427" -> "A428"
	"F429" [label="F"]
	"A428" -> "F429"
	"num430" [label="num",style=filled,fillcolor=powderblue]
	"F429" -> "num430"
	"Cprime431" [label="Cprime"]
	"C426" -> "Cprime431"
	"e432" [label="e"]
	"Cprime431" -> "e432"
	"Dprime433" [label="Dprime"]
	"D425" -> "Dprime433"
	"e434" [label="e"]
	"Dprime433" -> "e434"
	"Eprime435" [label="Eprime"]
	"Expression424" -> "Eprime435"
	"e436" [label="e"]
	"Eprime435" -> "e436"
	"]437" [label="]",style=filled,fillcolor=powderblue]
	"Assignment421" -> "]437"
	"=438" [label="=",style=filled,fillcolor=powderblue]
	"Assignment421" -> "=438"
	"Expression439" [label="Expression"]
	"Assignment421" -> "Expression439"
	"D440" [label="D"]
	"Expression439" -> "D440"
	"C441" [label="C"]
	"D440" -> "C441"
	"B442" [label="B"]
	"C441" -> "B442"
	"A443" [label="A"]
	"B442" -> "A443"
	"F444" [label="F"]
	"A443" -> "F444"
	"num445" [label="num",style=filled,fillcolor=powderblue]
	"F444" -> "num445"
	"Cprime446" [label="Cprime"]
	"C441" -> "Cprime446"
	"e447" [label="e"]
	"Cprime446" -> "e447"
	"Dprime448" [label="Dprime"]
	"D440" -> "Dprime448"
	"e449" [label="e"]
	"Dprime448" -> "e449"
	"Eprime450" [label="Eprime"]
	"Expression439" -> "Eprime450"
	"-451" [label="-",style=filled,fillcolor=powderblue]
	"Eprime450" -> "-451"
	"D452" [label="D"]
	"Eprime450" -> "D452"
	"C453" [label="C"]
	"D452" -> "C453"
	"B454" [label="B"]
	"C453" -> "B454"
	"(455" [label="(",style=filled,fillcolor=powderblue]
	"B454" -> "(455"
	"Expression456" [label="Expression"]
	"B454" -> "Expression456"
	"D457" [label="D"]
	"Expression456" -> "D457"
	"C458" [label="C"]
	"D457" -> "C458"
	"B459" [label="B"]
	"C458" -> "B459"
	"A460" [label="A"]
	"B459" -> "A460"
	"m461" [label="m",style=filled,fillcolor=powderblue]
	"A460" -> "m461"
	"[462" [label="[",style=filled,fillcolor=powderblue]
	"A460" -> "[462"
	"Expression463" [label="Expression"]
	"A460" -> "Expression463"
	"D464" [label="D"]
	"Expression463" -> "D464"
	"C465" [label="C"]
	"D464" -> "C465"
	"B466" [label="B"]
	"C465" -> "B466"
	"A467" [label="A"]
	"B466" -> "A467"
	"F468" [label="F"]
	"A467" -> "F468"
	"num469" [label="num",style=filled,fillcolor=powderblue]
	"F468" -> "num469"
	"Cprime470" [label="Cprime"]
	"C465" -> "Cprime470"
	"e471" [label="e"]
	"Cprime470" -> "e471"
	"Dprime472" [label="Dprime"]
	"D464" -> "Dprime472"
	"e473" [label="e"]
	"Dprime472" -> "e473"
	"Eprime474" [label="Eprime"]
	"Expression463" -> "Eprime474"
	"e475" [label="e"]
	"Eprime474" -> "e475"
	"]476" [label="]",style=filled,fillcolor=powderblue]
	"A460" -> "]476"
	"Cprime477" [label="Cprime"]
	"C458" -> "Cprime477"
	"e478" [label="e"]
	"Cprime477" -> "e478"
	"Dprime479" [label="Dprime"]
	"D457" -> "Dprime479"
	"e480" [label="e"]
	"Dprime479" -> "e480"
	"Eprime481" [label="Eprime"]
	"Expression456" -> "Eprime481"
	"-482" [label="-",style=filled,fillcolor=powderblue]
	"Eprime481" -> "-482"
	"D483" [label="D"]
	"Eprime481" -> "D483"
	"C484" [label="C"]
	"D483" -> "C484"
	"B485" [label="B"]
	"C484" -> "B485"
	"A486" [label="A"]
	"B485" -> "A486"
	"F487" [label="F"]
	"A486" -> "F487"
	"num488" [label="num",style=filled,fillcolor=powderblue]
	"F487" -> "num488"
	"Cprime489" [label="Cprime"]
	"C484" -> "Cprime489"
	"e490" [label="e"]
	"Cprime489" -> "e490"
	"Dprime491" [label="Dprime"]
	"D483" -> "Dprime491"
	"e492" [label="e"]
	"Dprime491" -> "e492"
	"Eprime493" [label="Eprime"]
	"Eprime481" -> "Eprime493"
	"e494" [label="e"]
	"Eprime493" -> "e494"
	")495" [label=")",style=filled,fillcolor=powderblue]
	"B454" -> ")495"
	"Cprime496" [label="Cprime"]
	"C453" -> "Cprime496"
	"e497" [label="e"]
	"Cprime496" -> "e497"
	"Dprime498" [label="Dprime"]
	"D452" -> "Dprime498"
	"e499" [label="e"]
	"Dprime498" -> "e499"
	"Eprime500" [label="Eprime"]
	"Eprime450" -> "Eprime500"
	"e501" [label="e"]
	"Eprime500" -> "e501"
	"Statementsprime502" [label="Statementsprime"]
	"Statementsprime419" -> "Statementsprime502"
	"Statement503" [label="Statement"]
	"Statementsprime502" -> "Statement503"
	"Assignment504" [label="Assignment"]
	"Statement503" -> "Assignment504"
	"m505" [label="m",style=filled,fillcolor=powderblue]
	"Assignment504" -> "m505"
	"[506" [label="[",style=filled,fillcolor=powderblue]
	"Assignment504" -> "[506"
	"Expression507" [label="Expression"]
	"Assignment504" -> "Expression507"
	"D508" [label="D"]
	"Expression507" -> "D508"
	"C509" [label="C"]
	"D508" -> "C509"
	"B510" [label="B"]
	"C509" -> "B510"
	"A511" [label="A"]
	"B510" -> "A511"
	"F512" [label="F"]
	"A511" -> "F512"
	"num513" [label="num",style=filled,fillcolor=powderblue]
	"F512" -> "num513"
	"Cprime514" [label="Cprime"]
	"C509" -> "Cprime514"
	"e515" [label="e"]
	"Cprime514" -> "e515"
	"Dprime516" [label="Dprime"]
	"D508" -> "Dprime516"
	"e517" [label="e"]
	"Dprime516" -> "e517"
	"Eprime518" [label="Eprime"]
	"Expression507" -> "Eprime518"
	"e519" [label="e"]
	"Eprime518" -> "e519"
	"]520" [label="]",style=filled,fillcolor=powderblue]
	"Assignment504" -> "]520"
	"=521" [label="=",style=filled,fillcolor=powderblue]
	"Assignment504" -> "=521"
	"Expression522" [label="Expression"]
	"Assignment504" -> "Expression522"
	"D523" [label="D"]
	"Expression522" -> "D523"
	"C524" [label="C"]
	"D523" -> "C524"
	"B525" [label="B"]
	"C524" -> "B525"
	"A526" [label="A"]
	"B525" -> "A526"
	"F527" [label="F"]
	"A526" -> "F527"
	"num528" [label="num",style=filled,fillcolor=powderblue]
	"F527" -> "num528"
	"Cprime529" [label="Cprime"]
	"C524" -> "Cprime529"
	"e530" [label="e"]
	"Cprime529" -> "e530"
	"Dprime531" [label="Dprime"]
	"D523" -> "Dprime531"
	"e532" [label="e"]
	"Dprime531" -> "e532"
	"Eprime533" [label="Eprime"]
	"Expression522" -> "Eprime533"
	"+534" [label="+",style=filled,fillcolor=powderblue]
	"Eprime533" -> "+534"
	"D535" [label="D"]
	"Eprime533" -> "D535"
	"C536" [label="C"]
	"D535" -> "C536"
	"B537" [label="B"]
	"C536" -> "B537"
	"A538" [label="A"]
	"B537" -> "A538"
	"m539" [label="m",style=filled,fillcolor=powderblue]
	"A538" -> "m539"
	"[540" [label="[",style=filled,fillcolor=powderblue]
	"A538" -> "[540"
	"Expression541" [label="Expression"]
	"A538" -> "Expression541"
	"D542" [label="D"]
	"Expression541" -> "D542"
	"C543" [label="C"]
	"D542" -> "C543"
	"B544" [label="B"]
	"C543" -> "B544"
	"A545" [label="A"]
	"B544" -> "A545"
	"F546" [label="F"]
	"A545" -> "F546"
	"num547" [label="num",style=filled,fillcolor=powderblue]
	"F546" -> "num547"
	"Cprime548" [label="Cprime"]
	"C543" -> "Cprime548"
	"e549" [label="e"]
	"Cprime548" -> "e549"
	"Dprime550" [label="Dprime"]
	"D542" -> "Dprime550"
	"e551" [label="e"]
	"Dprime550" -> "e551"
	"Eprime552" [label="Eprime"]
	"Expression541" -> "Eprime552"
	"e553" [label="e"]
	"Eprime552" -> "e553"
	"]554" [label="]",style=filled,fillcolor=powderblue]
	"A538" -> "]554"
	"Cprime555" [label="Cprime"]
	"C536" -> "Cprime555"
	"e556" [label="e"]
	"Cprime555" -> "e556"
	"Dprime557" [label="Dprime"]
	"D535" -> "Dprime557"
	"e558" [label="e"]
	"Dprime557" -> "e558"
	"Eprime559" [label="Eprime"]
	"Eprime533" -> "Eprime559"
	"e560" [label="e"]
	"Eprime559" -> "e560"
	"Statementsprime561" [label="Statementsprime"]
	"Statementsprime502" -> "Statementsprime561"
	"Statement562" [label="Statement"]
	"Statementsprime561" -> "Statement562"
	"Assignment563" [label="Assignment"]
	"Statement562" -> "Assignment563"
	"m564" [label="m",style=filled,fillcolor=powderblue]
	"Assignment563" -> "m564"
	"[565" [label="[",style=filled,fillcolor=powderblue]
	"Assignment563" -> "[565"
	"Expression566" [label="Expression"]
	"Assignment563" -> "Expression566"
	"D567" [label="D"]
	"Expression566" -> "D567"
	"C568" [label="C"]
	"D567" -> "C568"
	"B569" [label="B"]
	"C568" -> "B569"
	"A570" [label="A"]
	"B569" -> "A570"
	"F571" [label="F"]
	"A570" -> "F571"
	"num572" [label="num",style=filled,fillcolor=powderblue]
	"F571" -> "num572"
	"Cprime573" [label="Cprime"]
	"C568" -> "Cprime573"
	"e574" [label="e"]
	"Cprime573" -> "e574"
	"Dprime575" [label="Dprime"]
	"D567" -> "Dprime575"
	"e576" [label="e"]
	"Dprime575" -> "e576"
	"Eprime577" [label="Eprime"]
	"Expression566" -> "Eprime577"
	"e578" [label="e"]
	"Eprime577" -> "e578"
	"]579" [label="]",style=filled,fillcolor=powderblue]
	"Assignment563" -> "]579"
	"=580" [label="=",style=filled,fillcolor=powderblue]
	"Assignment563" -> "=580"
	"Expression581" [label="Expression"]
	"Assignment563" -> "Expression581"
	"D582" [label="D"]
	"Expression581" -> "D582"
	"C583" [label="C"]
	"D582" -> "C583"
	"B584" [label="B"]
	"C583" -> "B584"
	"A585" [label="A"]
	"B584" -> "A585"
	"F586" [label="F"]
	"A585" -> "F586"
	"num587" [label="num",style=filled,fillcolor=powderblue]
	"F586" -> "num587"
	"Cprime588" [label="Cprime"]
	"C583" -> "Cprime588"
	"e589" [label="e"]
	"Cprime588" -> "e589"
	"Dprime590" [label="Dprime"]
	"D582" -> "Dprime590"
	"e591" [label="e"]
	"Dprime590" -> "e591"
	"Eprime592" [label="Eprime"]
	"Expression581" -> "Eprime592"
	"-593" [label="-",style=filled,fillcolor=powderblue]
	"Eprime592" -> "-593"
	"D594" [label="D"]
	"Eprime592" -> "D594"
	"C595" [label="C"]
	"D594" -> "C595"
	"B596" [label="B"]
	"C595" -> "B596"
	"A597" [label="A"]
	"B596" -> "A597"
	"m598" [label="m",style=filled,fillcolor=powderblue]
	"A597" -> "m598"
	"[599" [label="[",style=filled,fillcolor=powderblue]
	"A597" -> "[599"
	"Expression600" [label="Expression"]
	"A597" -> "Expression600"
	"D601" [label="D"]
	"Expression600" -> "D601"
	"C602" [label="C"]
	"D601" -> "C602"
	"B603" [label="B"]
	"C602" -> "B603"
	"A604" [label="A"]
	"B603" -> "A604"
	"F605" [label="F"]
	"A604" -> "F605"
	"num606" [label="num",style=filled,fillcolor=powderblue]
	"F605" -> "num606"
	"Cprime607" [label="Cprime"]
	"C602" -> "Cprime607"
	"**608" [label="**",style=filled,fillcolor=powderblue]
	"Cprime607" -> "**608"
	"B609" [label="B"]
	"Cprime607" -> "B609"
	"A610" [label="A"]
	"B609" -> "A610"
	"F611" [label="F"]
	"A610" -> "F611"
	"num612" [label="num",style=filled,fillcolor=powderblue]
	"F611" -> "num612"
	"Cprime613" [label="Cprime"]
	"Cprime607" -> "Cprime613"
	"e614" [label="e"]
	"Cprime613" -> "e614"
	"Dprime615" [label="Dprime"]
	"D601" -> "Dprime615"
	"*616" [label="*",style=filled,fillcolor=powderblue]
	"Dprime615" -> "*616"
	"C617" [label="C"]
	"Dprime615" -> "C617"
	"B618" [label="B"]
	"C617" -> "B618"
	"A619" [label="A"]
	"B618" -> "A619"
	"F620" [label="F"]
	"A619" -> "F620"
	"num621" [label="num",style=filled,fillcolor=powderblue]
	"F620" -> "num621"
	"Cprime622" [label="Cprime"]
	"C617" -> "Cprime622"
	"e623" [label="e"]
	"Cprime622" -> "e623"
	"Dprime624" [label="Dprime"]
	"Dprime615" -> "Dprime624"
	"e625" [label="e"]
	"Dprime624" -> "e625"
	"Eprime626" [label="Eprime"]
	"Expression600" -> "Eprime626"
	"-627" [label="-",style=filled,fillcolor=powderblue]
	"Eprime626" -> "-627"
	"D628" [label="D"]
	"Eprime626" -> "D628"
	"C629" [label="C"]
	"D628" -> "C629"
	"B630" [label="B"]
	"C629" -> "B630"
	"A631" [label="A"]
	"B630" -> "A631"
	"F632" [label="F"]
	"A631" -> "F632"
	"num633" [label="num",style=filled,fillcolor=powderblue]
	"F632" -> "num633"
	"Cprime634" [label="Cprime"]
	"C629" -> "Cprime634"
	"e635" [label="e"]
	"Cprime634" -> "e635"
	"Dprime636" [label="Dprime"]
	"D628" -> "Dprime636"
	"e637" [label="e"]
	"Dprime636" -> "e637"
	"Eprime638" [label="Eprime"]
	"Eprime626" -> "Eprime638"
	"e639" [label="e"]
	"Eprime638" -> "e639"
	"]640" [label="]",style=filled,fillcolor=powderblue]
	"A597" -> "]640"
	"Cprime641" [label="Cprime"]
	"C595" -> "Cprime641"
	"e642" [label="e"]
	"Cprime641" -> "e642"
	"Dprime643" [label="Dprime"]
	"D594" -> "Dprime643"
	"e644" [label="e"]
	"Dprime643" -> "e644"
	"Eprime645" [label="Eprime"]
	"Eprime592" -> "Eprime645"
	"-646" [label="-",style=filled,fillcolor=powderblue]
	"Eprime645" -> "-646"
	"D647" [label="D"]
	"Eprime645" -> "D647"
	"C648" [label="C"]
	"D647" -> "C648"
	"B649" [label="B"]
	"C648" -> "B649"
	"A650" [label="A"]
	"B649" -> "A650"
	"F651" [label="F"]
	"A650" -> "F651"
	"num652" [label="num",style=filled,fillcolor=powderblue]
	"F651" -> "num652"
	"Cprime653" [label="Cprime"]
	"C648" -> "Cprime653"
	"e654" [label="e"]
	"Cprime653" -> "e654"
	"Dprime655" [label="Dprime"]
	"D647" -> "Dprime655"
	"e656" [label="e"]
	"Dprime655" -> "e656"
	"Eprime657" [label="Eprime"]
	"Eprime645" -> "Eprime657"
	"e658" [label="e"]
	"Eprime657" -> "e658"
	"Statementsprime659" [label="Statementsprime"]
	"Statementsprime561" -> "Statementsprime659"
	"Statement660" [label="Statement"]
	"Statementsprime659" -> "Statement660"
	"Label661" [label="Label"]
	"Statement660" -> "Label661"
	"L662" [label="L",style=filled,fillcolor=powderblue]
	"Label661" -> "L662"
	"num663" [label="num",style=filled,fillcolor=powderblue]
	"Label661" -> "num663"
	":664" [label=":",style=filled,fillcolor=powderblue]
	"Label661" -> ":664"
	"Statementsprime665" [label="Statementsprime"]
	"Statementsprime659" -> "Statementsprime665"
	"Statement666" [label="Statement"]
	"Statementsprime665" -> "Statement666"
	"Assignment667" [label="Assignment"]
	"Statement666" -> "Assignment667"
	"m668" [label="m",style=filled,fillcolor=powderblue]
	"Assignment667" -> "m668"
	"[669" [label="[",style=filled,fillcolor=powderblue]
	"Assignment667" -> "[669"
	"Expression670" [label="Expression"]
	"Assignment667" -> "Expression670"
	"D671" [label="D"]
	"Expression670" -> "D671"
	"C672" [label="C"]
	"D671" -> "C672"
	"B673" [label="B"]
	"C672" -> "B673"
	"A674" [label="A"]
	"B673" -> "A674"
	"F675" [label="F"]
	"A674" -> "F675"
	"num676" [label="num",style=filled,fillcolor=powderblue]
	"F675" -> "num676"
	"Cprime677" [label="Cprime"]
	"C672" -> "Cprime677"
	"e678" [label="e"]
	"Cprime677" -> "e678"
	"Dprime679" [label="Dprime"]
	"D671" -> "Dprime679"
	"e680" [label="e"]
	"Dprime679" -> "e680"
	"Eprime681" [label="Eprime"]
	"Expression670" -> "Eprime681"
	"e682" [label="e"]
	"Eprime681" -> "e682"
	"]683" [label="]",style=filled,fillcolor=powderblue]
	"Assignment667" -> "]683"
	"=684" [label="=",style=filled,fillcolor=powderblue]
	"Assignment667" -> "=684"
	"Expression685" [label="Expression"]
	"Assignment667" -> "Expression685"
	"D686" [label="D"]
	"Expression685" -> "D686"
	"C687" [label="C"]
	"D686" -> "C687"
	"B688" [label="B"]
	"C687" -> "B688"
	"A689" [label="A"]
	"B688" -> "A689"
	"F690" [label="F"]
	"A689" -> "F690"
	"num691" [label="num",style=filled,fillcolor=powderblue]
	"F690" -> "num691"
	"Cprime692" [label="Cprime"]
	"C687" -> "Cprime692"
	"e693" [label="e"]
	"Cprime692" -> "e693"
	"Dprime694" [label="Dprime"]
	"D686" -> "Dprime694"
	"e695" [label="e"]
	"Dprime694" -> "e695"
	"Eprime696" [label="Eprime"]
	"Expression685" -> "Eprime696"
	"-697" [label="-",style=filled,fillcolor=powderblue]
	"Eprime696" -> "-697"
	"D698" [label="D"]
	"Eprime696" -> "D698"
	"C699" [label="C"]
	"D698" -> "C699"
	"B700" [label="B"]
	"C699" -> "B700"
	"(701" [label="(",style=filled,fillcolor=powderblue]
	"B700" -> "(701"
	"Expression702" [label="Expression"]
	"B700" -> "Expression702"
	"D703" [label="D"]
	"Expression702" -> "D703"
	"C704" [label="C"]
	"D703" -> "C704"
	"B705" [label="B"]
	"C704" -> "B705"
	"A706" [label="A"]
	"B705" -> "A706"
	"m707" [label="m",style=filled,fillcolor=powderblue]
	"A706" -> "m707"
	"[708" [label="[",style=filled,fillcolor=powderblue]
	"A706" -> "[708"
	"Expression709" [label="Expression"]
	"A706" -> "Expression709"
	"D710" [label="D"]
	"Expression709" -> "D710"
	"C711" [label="C"]
	"D710" -> "C711"
	"B712" [label="B"]
	"C711" -> "B712"
	"A713" [label="A"]
	"B712" -> "A713"
	"F714" [label="F"]
	"A713" -> "F714"
	"num715" [label="num",style=filled,fillcolor=powderblue]
	"F714" -> "num715"
	"Cprime716" [label="Cprime"]
	"C711" -> "Cprime716"
	"e717" [label="e"]
	"Cprime716" -> "e717"
	"Dprime718" [label="Dprime"]
	"D710" -> "Dprime718"
	"e719" [label="e"]
	"Dprime718" -> "e719"
	"Eprime720" [label="Eprime"]
	"Expression709" -> "Eprime720"
	"e721" [label="e"]
	"Eprime720" -> "e721"
	"]722" [label="]",style=filled,fillcolor=powderblue]
	"A706" -> "]722"
	"Cprime723" [label="Cprime"]
	"C704" -> "Cprime723"
	"e724" [label="e"]
	"Cprime723" -> "e724"
	"Dprime725" [label="Dprime"]
	"D703" -> "Dprime725"
	"e726" [label="e"]
	"Dprime725" -> "e726"
	"Eprime727" [label="Eprime"]
	"Expression702" -> "Eprime727"
	"-728" [label="-",style=filled,fillcolor=powderblue]
	"Eprime727" -> "-728"
	"D729" [label="D"]
	"Eprime727" -> "D729"
	"C730" [label="C"]
	"D729" -> "C730"
	"B731" [label="B"]
	"C730" -> "B731"
	"A732" [label="A"]
	"B731" -> "A732"
	"F733" [label="F"]
	"A732" -> "F733"
	"num734" [label="num",style=filled,fillcolor=powderblue]
	"F733" -> "num734"
	"Cprime735" [label="Cprime"]
	"C730" -> "Cprime735"
	"e736" [label="e"]
	"Cprime735" -> "e736"
	"Dprime737" [label="Dprime"]
	"D729" -> "Dprime737"
	"e738" [label="e"]
	"Dprime737" -> "e738"
	"Eprime739" [label="Eprime"]
	"Eprime727" -> "Eprime739"
	"e740" [label="e"]
	"Eprime739" -> "e740"
	")741" [label=")",style=filled,fillcolor=powderblue]
	"B700" -> ")741"
	"Cprime742" [label="Cprime"]
	"C699" -> "Cprime742"
	"e743" [label="e"]
	"Cprime742" -> "e743"
	"Dprime744" [label="Dprime"]
	"D698" -> "Dprime744"
	"e745" [label="e"]
	"Dprime744" -> "e745"
	"Eprime746" [label="Eprime"]
	"Eprime696" -> "Eprime746"
	"e747" [label="e"]
	"Eprime746" -> "e747"
	"Statementsprime748" [label="Statementsprime"]
	"Statementsprime665" -> "Statementsprime748"
	"Statement749" [label="Statement"]
	"Statementsprime748" -> "Statement749"
	"Assignment750" [label="Assignment"]
	"Statement749" -> "Assignment750"
	"m751" [label="m",style=filled,fillcolor=powderblue]
	"Assignment750" -> "m751"
	"[752" [label="[",style=filled,fillcolor=powderblue]
	"Assignment750" -> "[752"
	"Expression753" [label="Expression"]
	"Assignment750" -> "Expression753"
	"D754" [label="D"]
	"Expression753" -> "D754"
	"C755" [label="C"]
	"D754" -> "C755"
	"B756" [label="B"]
	"C755" -> "B756"
	"A757" [label="A"]
	"B756" -> "A757"
	"F758" [label="F"]
	"A757" -> "F758"
	"num759" [label="num",style=filled,fillcolor=powderblue]
	"F758" -> "num759"
	"Cprime760" [label="Cprime"]
	"C755" -> "Cprime760"
	"e761" [label="e"]
	"Cprime760" -> "e761"
	"Dprime762" [label="Dprime"]
	"D754" -> "Dprime762"
	"e763" [label="e"]
	"Dprime762" -> "e763"
	"Eprime764" [label="Eprime"]
	"Expression753" -> "Eprime764"
	"e765" [label="e"]
	"Eprime764" -> "e765"
	"]766" [label="]",style=filled,fillcolor=powderblue]
	"Assignment750" -> "]766"
	"=767" [label="=",style=filled,fillcolor=powderblue]
	"Assignment750" -> "=767"
	"Expression768" [label="Expression"]
	"Assignment750" -> "Expression768"
	"D769" [label="D"]
	"Expression768" -> "D769"
	"C770" [label="C"]
	"D769" -> "C770"
	"B771" [label="B"]
	"C770" -> "B771"
	"A772" [label="A"]
	"B771" -> "A772"
	"F773" [label="F"]
	"A772" -> "F773"
	"num774" [label="num",style=filled,fillcolor=powderblue]
	"F773" -> "num774"
	"Cprime775" [label="Cprime"]
	"C770" -> "Cprime775"
	"e776" [label="e"]
	"Cprime775" -> "e776"
	"Dprime777" [label="Dprime"]
	"D769" -> "Dprime777"
	"/778" [label="/",style=filled,fillcolor=powderblue]
	"Dprime777" -> "/778"
	"C779" [label="C"]
	"Dprime777" -> "C779"
	"B780" [label="B"]
	"C779" -> "B780"
	"A781" [label="A"]
	"B780" -> "A781"
	"F782" [label="F"]
	"A781" -> "F782"
	"num783" [label="num",style=filled,fillcolor=powderblue]
	"F782" -> "num783"
	"Cprime784" [label="Cprime"]
	"C779" -> "Cprime784"
	"e785" [label="e"]
	"Cprime784" -> "e785"
	"Dprime786" [label="Dprime"]
	"Dprime777" -> "Dprime786"
	"*787" [label="*",style=filled,fillcolor=powderblue]
	"Dprime786" -> "*787"
	"C788" [label="C"]
	"Dprime786" -> "C788"
	"B789" [label="B"]
	"C788" -> "B789"
	"A790" [label="A"]
	"B789" -> "A790"
	"F791" [label="F"]
	"A790" -> "F791"
	"num792" [label="num",style=filled,fillcolor=powderblue]
	"F791" -> "num792"
	"Cprime793" [label="Cprime"]
	"C788" -> "Cprime793"
	"e794" [label="e"]
	"Cprime793" -> "e794"
	"Dprime795" [label="Dprime"]
	"Dprime786" -> "Dprime795"
	"e796" [label="e"]
	"Dprime795" -> "e796"
	"Eprime797" [label="Eprime"]
	"Expression768" -> "Eprime797"
	"e798" [label="e"]
	"Eprime797" -> "e798"
	"Statementsprime799" [label="Statementsprime"]
	"Statementsprime748" -> "Statementsprime799"
	"Statement800" [label="Statement"]
	"Statementsprime799" -> "Statement800"
	"Jump801" [label="Jump"]
	"Statement800" -> "Jump801"
	"goto802" [label="goto",style=filled,fillcolor=powderblue]
	"Jump801" -> "goto802"
	"num803" [label="num",style=filled,fillcolor=powderblue]
	"Jump801" -> "num803"
	"Statementsprime804" [label="Statementsprime"]
	"Statementsprime799" -> "Statementsprime804"
	"Statement805" [label="Statement"]
	"Statementsprime804" -> "Statement805"
	"Assignment806" [label="Assignment"]
	"Statement805" -> "Assignment806"
	"m807" [label="m",style=filled,fillcolor=powderblue]
	"Assignment806" -> "m807"
	"[808" [label="[",style=filled,fillcolor=powderblue]
	"Assignment806" -> "[808"
	"Expression809" [label="Expression"]
	"Assignment806" -> "Expression809"
	"D810" [label="D"]
	"Expression809" -> "D810"
	"C811" [label="C"]
	"D810" -> "C811"
	"B812" [label="B"]
	"C811" -> "B812"
	"A813" [label="A"]
	"B812" -> "A813"
	"F814" [label="F"]
	"A813" -> "F814"
	"num815" [label="num",style=filled,fillcolor=powderblue]
	"F814" -> "num815"
	"Cprime816" [label="Cprime"]
	"C811" -> "Cprime816"
	"e817" [label="e"]
	"Cprime816" -> "e817"
	"Dprime818" [label="Dprime"]
	"D810" -> "Dprime818"
	"e819" [label="e"]
	"Dprime818" -> "e819"
	"Eprime820" [label="Eprime"]
	"Expression809" -> "Eprime820"
	"e821" [label="e"]
	"Eprime820" -> "e821"
	"]822" [label="]",style=filled,fillcolor=powderblue]
	"Assignment806" -> "]822"
	"=823" [label="=",style=filled,fillcolor=powderblue]
	"Assignment806" -> "=823"
	"Expression824" [label="Expression"]
	"Assignment806" -> "Expression824"
	"D825" [label="D"]
	"Expression824" -> "D825"
	"C826" [label="C"]
	"D825" -> "C826"
	"B827" [label="B"]
	"C826" -> "B827"
	"A828" [label="A"]
	"B827" -> "A828"
	"F829" [label="F"]
	"A828" -> "F829"
	"num830" [label="num",style=filled,fillcolor=powderblue]
	"F829" -> "num830"
	"Cprime831" [label="Cprime"]
	"C826" -> "Cprime831"
	"e832" [label="e"]
	"Cprime831" -> "e832"
	"Dprime833" [label="Dprime"]
	"D825" -> "Dprime833"
	"e834" [label="e"]
	"Dprime833" -> "e834"
	"Eprime835" [label="Eprime"]
	"Expression824" -> "Eprime835"
	"+836" [label="+",style=filled,fillcolor=powderblue]
	"Eprime835" -> "+836"
	"D837" [label="D"]
	"Eprime835" -> "D837"
	"C838" [label="C"]
	"D837" -> "C838"
	"B839" [label="B"]
	"C838" -> "B839"
	"A840" [label="A"]
	"B839" -> "A840"
	"m841" [label="m",style=filled,fillcolor=powderblue]
	"A840" -> "m841"
	"[842" [label="[",style=filled,fillcolor=powderblue]
	"A840" -> "[842"
	"Expression843" [label="Expression"]
	"A840" -> "Expression843"
	"D844" [label="D"]
	"Expression843" -> "D844"
	"C845" [label="C"]
	"D844" -> "C845"
	"B846" [label="B"]
	"C845" -> "B846"
	"A847" [label="A"]
	"B846" -> "A847"
	"F848" [label="F"]
	"A847" -> "F848"
	"num849" [label="num",style=filled,fillcolor=powderblue]
	"F848" -> "num849"
	"Cprime850" [label="Cprime"]
	"C845" -> "Cprime850"
	"e851" [label="e"]
	"Cprime850" -> "e851"
	"Dprime852" [label="Dprime"]
	"D844" -> "Dprime852"
	"e853" [label="e"]
	"Dprime852" -> "e853"
	"Eprime854" [label="Eprime"]
	"Expression843" -> "Eprime854"
	"e855" [label="e"]
	"Eprime854" -> "e855"
	"]856" [label="]",style=filled,fillcolor=powderblue]
	"A840" -> "]856"
	"Cprime857" [label="Cprime"]
	"C838" -> "Cprime857"
	"e858" [label="e"]
	"Cprime857" -> "e858"
	"Dprime859" [label="Dprime"]
	"D837" -> "Dprime859"
	"e860" [label="e"]
	"Dprime859" -> "e860"
	"Eprime861" [label="Eprime"]
	"Eprime835" -> "Eprime861"
	"e862" [label="e"]
	"Eprime861" -> "e862"
	"Statementsprime863" [label="Statementsprime"]
	"Statementsprime804" -> "Statementsprime863"
	"Statement864" [label="Statement"]
	"Statementsprime863" -> "Statement864"
	"Assignment865" [label="Assignment"]
	"Statement864" -> "Assignment865"
	"m866" [label="m",style=filled,fillcolor=powderblue]
	"Assignment865" -> "m866"
	"[867" [label="[",style=filled,fillcolor=powderblue]
	"Assignment865" -> "[867"
	"Expression868" [label="Expression"]
	"Assignment865" -> "Expression868"
	"D869" [label="D"]
	"Expression868" -> "D869"
	"C870" [label="C"]
	"D869" -> "C870"
	"B871" [label="B"]
	"C870" -> "B871"
	"A872" [label="A"]
	"B871" -> "A872"
	"F873" [label="F"]
	"A872" -> "F873"
	"num874" [label="num",style=filled,fillcolor=powderblue]
	"F873" -> "num874"
	"Cprime875" [label="Cprime"]
	"C870" -> "Cprime875"
	"e876" [label="e"]
	"Cprime875" -> "e876"
	"Dprime877" [label="Dprime"]
	"D869" -> "Dprime877"
	"e878" [label="e"]
	"Dprime877" -> "e878"
	"Eprime879" [label="Eprime"]
	"Expression868" -> "Eprime879"
	"e880" [label="e"]
	"Eprime879" -> "e880"
	"]881" [label="]",style=filled,fillcolor=powderblue]
	"Assignment865" -> "]881"
	"=882" [label="=",style=filled,fillcolor=powderblue]
	"Assignment865" -> "=882"
	"Expression883" [label="Expression"]
	"Assignment865" -> "Expression883"
	"D884" [label="D"]
	"Expression883" -> "D884"
	"C885" [label="C"]
	"D884" -> "C885"
	"B886" [label="B"]
	"C885" -> "B886"
	"A887" [label="A"]
	"B886" -> "A887"
	"F888" [label="F"]
	"A887" -> "F888"
	"num889" [label="num",style=filled,fillcolor=powderblue]
	"F888" -> "num889"
	"Cprime890" [label="Cprime"]
	"C885" -> "Cprime890"
	"e891" [label="e"]
	"Cprime890" -> "e891"
	"Dprime892" [label="Dprime"]
	"D884" -> "Dprime892"
	"e893" [label="e"]
	"Dprime892" -> "e893"
	"Eprime894" [label="Eprime"]
	"Expression883" -> "Eprime894"
	"-895" [label="-",style=filled,fillcolor=powderblue]
	"Eprime894" -> "-895"
	"D896" [label="D"]
	"Eprime894" -> "D896"
	"C897" [label="C"]
	"D896" -> "C897"
	"B898" [label="B"]
	"C897" -> "B898"
	"A899" [label="A"]
	"B898" -> "A899"
	"m900" [label="m",style=filled,fillcolor=powderblue]
	"A899" -> "m900"
	"[901" [label="[",style=filled,fillcolor=powderblue]
	"A899" -> "[901"
	"Expression902" [label="Expression"]
	"A899" -> "Expression902"
	"D903" [label="D"]
	"Expression902" -> "D903"
	"C904" [label="C"]
	"D903" -> "C904"
	"B905" [label="B"]
	"C904" -> "B905"
	"A906" [label="A"]
	"B905" -> "A906"
	"F907" [label="F"]
	"A906" -> "F907"
	"num908" [label="num",style=filled,fillcolor=powderblue]
	"F907" -> "num908"
	"Cprime909" [label="Cprime"]
	"C904" -> "Cprime909"
	"e910" [label="e"]
	"Cprime909" -> "e910"
	"Dprime911" [label="Dprime"]
	"D903" -> "Dprime911"
	"e912" [label="e"]
	"Dprime911" -> "e912"
	"Eprime913" [label="Eprime"]
	"Expression902" -> "Eprime913"
	"-914" [label="-",style=filled,fillcolor=powderblue]
	"Eprime913" -> "-914"
	"D915" [label="D"]
	"Eprime913" -> "D915"
	"C916" [label="C"]
	"D915" -> "C916"
	"B917" [label="B"]
	"C916" -> "B917"
	"A918" [label="A"]
	"B917" -> "A918"
	"F919" [label="F"]
	"A918" -> "F919"
	"num920" [label="num",style=filled,fillcolor=powderblue]
	"F919" -> "num920"
	"Cprime921" [label="Cprime"]
	"C916" -> "Cprime921"
	"e922" [label="e"]
	"Cprime921" -> "e922"
	"Dprime923" [label="Dprime"]
	"D915" -> "Dprime923"
	"e924" [label="e"]
	"Dprime923" -> "e924"
	"Eprime925" [label="Eprime"]
	"Eprime913" -> "Eprime925"
	"e926" [label="e"]
	"Eprime925" -> "e926"
	"]927" [label="]",style=filled,fillcolor=powderblue]
	"A899" -> "]927"
	"Cprime928" [label="Cprime"]
	"C897" -> "Cprime928"
	"e929" [label="e"]
	"Cprime928" -> "e929"
	"Dprime930" [label="Dprime"]
	"D896" -> "Dprime930"
	"e931" [label="e"]
	"Dprime930" -> "e931"
	"Eprime932" [label="Eprime"]
	"Eprime894" -> "Eprime932"
	"e933" [label="e"]
	"Eprime932" -> "e933"
	"Statementsprime934" [label="Statementsprime"]
	"Statementsprime863" -> "Statementsprime934"
	"Statement935" [label="Statement"]
	"Statementsprime934" -> "Statement935"
	"Assignment936" [label="Assignment"]
	"Statement935" -> "Assignment936"
	"m937" [label="m",style=filled,fillcolor=powderblue]
	"Assignment936" -> "m937"
	"[938" [label="[",style=filled,fillcolor=powderblue]
	"Assignment936" -> "[938"
	"Expression939" [label="Expression"]
	"Assignment936" -> "Expression939"
	"D940" [label="D"]
	"Expression939" -> "D940"
	"C941" [label="C"]
	"D940" -> "C941"
	"B942" [label="B"]
	"C941" -> "B942"
	"A943" [label="A"]
	"B942" -> "A943"
	"F944" [label="F"]
	"A943" -> "F944"
	"num945" [label="num",style=filled,fillcolor=powderblue]
	"F944" -> "num945"
	"Cprime946" [label="Cprime"]
	"C941" -> "Cprime946"
	"e947" [label="e"]
	"Cprime946" -> "e947"
	"Dprime948" [label="Dprime"]
	"D940" -> "Dprime948"
	"e949" [label="e"]
	"Dprime948" -> "e949"
	"Eprime950" [label="Eprime"]
	"Expression939" -> "Eprime950"
	"e951" [label="e"]
	"Eprime950" -> "e951"
	"]952" [label="]",style=filled,fillcolor=powderblue]
	"Assignment936" -> "]952"
	"=953" [label="=",style=filled,fillcolor=powderblue]
	"Assignment936" -> "=953"
	"Expression954" [label="Expression"]
	"Assignment936" -> "Expression954"
	"D955" [label="D"]
	"Expression954" -> "D955"
	"C956" [label="C"]
	"D955" -> "C956"
	"B957" [label="B"]
	"C956" -> "B957"
	"A958" [label="A"]
	"B957" -> "A958"
	"F959" [label="F"]
	"A958" -> "F959"
	"num960" [label="num",style=filled,fillcolor=powderblue]
	"F959" -> "num960"
	"Cprime961" [label="Cprime"]
	"C956" -> "Cprime961"
	"e962" [label="e"]
	"Cprime961" -> "e962"
	"Dprime963" [label="Dprime"]
	"D955" -> "Dprime963"
	"e964" [label="e"]
	"Dprime963" -> "e964"
	"Eprime965" [label="Eprime"]
	"Expression954" -> "Eprime965"
	"-966" [label="-",style=filled,fillcolor=powderblue]
	"Eprime965" -> "-966"
	"D967" [label="D"]
	"Eprime965" -> "D967"
	"C968" [label="C"]
	"D967" -> "C968"
	"B969" [label="B"]
	"C968" -> "B969"
	"(970" [label="(",style=filled,fillcolor=powderblue]
	"B969" -> "(970"
	"Expression971" [label="Expression"]
	"B969" -> "Expression971"
	"D972" [label="D"]
	"Expression971" -> "D972"
	"C973" [label="C"]
	"D972" -> "C973"
	"B974" [label="B"]
	"C973" -> "B974"
	"A975" [label="A"]
	"B974" -> "A975"
	"F976" [label="F"]
	"A975" -> "F976"
	"num977" [label="num",style=filled,fillcolor=powderblue]
	"F976" -> "num977"
	"Cprime978" [label="Cprime"]
	"C973" -> "Cprime978"
	"e979" [label="e"]
	"Cprime978" -> "e979"
	"Dprime980" [label="Dprime"]
	"D972" -> "Dprime980"
	"e981" [label="e"]
	"Dprime980" -> "e981"
	"Eprime982" [label="Eprime"]
	"Expression971" -> "Eprime982"
	"-983" [label="-",style=filled,fillcolor=powderblue]
	"Eprime982" -> "-983"
	"D984" [label="D"]
	"Eprime982" -> "D984"
	"C985" [label="C"]
	"D984" -> "C985"
	"B986" [label="B"]
	"C985" -> "B986"
	"A987" [label="A"]
	"B986" -> "A987"
	"F988" [label="F"]
	"A987" -> "F988"
	"num989" [label="num",style=filled,fillcolor=powderblue]
	"F988" -> "num989"
	"Cprime990" [label="Cprime"]
	"C985" -> "Cprime990"
	"e991" [label="e"]
	"Cprime990" -> "e991"
	"Dprime992" [label="Dprime"]
	"D984" -> "Dprime992"
	"e993" [label="e"]
	"Dprime992" -> "e993"
	"Eprime994" [label="Eprime"]
	"Eprime982" -> "Eprime994"
	"e995" [label="e"]
	"Eprime994" -> "e995"
	")996" [label=")",style=filled,fillcolor=powderblue]
	"B969" -> ")996"
	"Cprime997" [label="Cprime"]
	"C968" -> "Cprime997"
	"e998" [label="e"]
	"Cprime997" -> "e998"
	"Dprime999" [label="Dprime"]
	"D967" -> "Dprime999"
	"e1000" [label="e"]
	"Dprime999" -> "e1000"
	"Eprime1001" [label="Eprime"]
	"Eprime965" -> "Eprime1001"
	"e1002" [label="e"]
	"Eprime1001" -> "e1002"
	"Statementsprime1003" [label="Statementsprime"]
	"Statementsprime934" -> "Statementsprime1003"
	"Statement1004" [label="Statement"]
	"Statementsprime1003" -> "Statement1004"
	"Assignment1005" [label="Assignment"]
	"Statement1004" -> "Assignment1005"
	"m1006" [label="m",style=filled,fillcolor=powderblue]
	"Assignment1005" -> "m1006"
	"[1007" [label="[",style=filled,fillcolor=powderblue]
	"Assignment1005" -> "[1007"
	"Expression1008" [label="Expression"]
	"Assignment1005" -> "Expression1008"
	"D1009" [label="D"]
	"Expression1008" -> "D1009"
	"C1010" [label="C"]
	"D1009" -> "C1010"
	"B1011" [label="B"]
	"C1010" -> "B1011"
	"A1012" [label="A"]
	"B1011" -> "A1012"
	"F1013" [label="F"]
	"A1012" -> "F1013"
	"num1014" [label="num",style=filled,fillcolor=powderblue]
	"F1013" -> "num1014"
	"Cprime1015" [label="Cprime"]
	"C1010" -> "Cprime1015"
	"e1016" [label="e"]
	"Cprime1015" -> "e1016"
	"Dprime1017" [label="Dprime"]
	"D1009" -> "Dprime1017"
	"e1018" [label="e"]
	"Dprime1017" -> "e1018"
	"Eprime1019" [label="Eprime"]
	"Expression1008" -> "Eprime1019"
	"e1020" [label="e"]
	"Eprime1019" -> "e1020"
	"]1021" [label="]",style=filled,fillcolor=powderblue]
	"Assignment1005" -> "]1021"
	"=1022" [label="=",style=filled,fillcolor=powderblue]
	"Assignment1005" -> "=1022"
	"Expression1023" [label="Expression"]
	"Assignment1005" -> "Expression1023"
	"D1024" [label="D"]
	"Expression1023" -> "D1024"
	"C1025" [label="C"]
	"D1024" -> "C1025"
	"B1026" [label="B"]
	"C1025" -> "B1026"
	"A1027" [label="A"]
	"B1026" -> "A1027"
	"F1028" [label="F"]
	"A1027" -> "F1028"
	"num1029" [label="num",style=filled,fillcolor=powderblue]
	"F1028" -> "num1029"
	"Cprime1030" [label="Cprime"]
	"C1025" -> "Cprime1030"
	"e1031" [label="e"]
	"Cprime1030" -> "e1031"
	"Dprime1032" [label="Dprime"]
	"D1024" -> "Dprime1032"
	"e1033" [label="e"]
	"Dprime1032" -> "e1033"
	"Eprime1034" [label="Eprime"]
	"Expression1023" -> "Eprime1034"
	"-1035" [label="-",style=filled,fillcolor=powderblue]
	"Eprime1034" -> "-1035"
	"D1036" [label="D"]
	"Eprime1034" -> "D1036"
	"C1037" [label="C"]
	"D1036" -> "C1037"
	"B1038" [label="B"]
	"C1037" -> "B1038"
	"A1039" [label="A"]
	"B1038" -> "A1039"
	"m1040" [label="m",style=filled,fillcolor=powderblue]
	"A1039" -> "m1040"
	"[1041" [label="[",style=filled,fillcolor=powderblue]
	"A1039" -> "[1041"
	"Expression1042" [label="Expression"]
	"A1039" -> "Expression1042"
	"D1043" [label="D"]
	"Expression1042" -> "D1043"
	"C1044" [label="C"]
	"D1043" -> "C1044"
	"B1045" [label="B"]
	"C1044" -> "B1045"
	"(1046" [label="(",style=filled,fillcolor=powderblue]
	"B1045" -> "(1046"
	"Expression1047" [label="Expression"]
	"B1045" -> "Expression1047"
	"D1048" [label="D"]
	"Expression1047" -> "D1048"
	"C1049" [label="C"]
	"D1048" -> "C1049"
	"B1050" [label="B"]
	"C1049" -> "B1050"
	"A1051" [label="A"]
	"B1050" -> "A1051"
	"F1052" [label="F"]
	"A1051" -> "F1052"
	"num1053" [label="num",style=filled,fillcolor=powderblue]
	"F1052" -> "num1053"
	"Cprime1054" [label="Cprime"]
	"C1049" -> "Cprime1054"
	"e1055" [label="e"]
	"Cprime1054" -> "e1055"
	"Dprime1056" [label="Dprime"]
	"D1048" -> "Dprime1056"
	"e1057" [label="e"]
	"Dprime1056" -> "e1057"
	"Eprime1058" [label="Eprime"]
	"Expression1047" -> "Eprime1058"
	"-1059" [label="-",style=filled,fillcolor=powderblue]
	"Eprime1058" -> "-1059"
	"D1060" [label="D"]
	"Eprime1058" -> "D1060"
	"C1061" [label="C"]
	"D1060" -> "C1061"
	"B1062" [label="B"]
	"C1061" -> "B1062"
	"A1063" [label="A"]
	"B1062" -> "A1063"
	"F1064" [label="F"]
	"A1063" -> "F1064"
	"num1065" [label="num",style=filled,fillcolor=powderblue]
	"F1064" -> "num1065"
	"Cprime1066" [label="Cprime"]
	"C1061" -> "Cprime1066"
	"e1067" [label="e"]
	"Cprime1066" -> "e1067"
	"Dprime1068" [label="Dprime"]
	"D1060" -> "Dprime1068"
	"e1069" [label="e"]
	"Dprime1068" -> "e1069"
	"Eprime1070" [label="Eprime"]
	"Eprime1058" -> "Eprime1070"
	"e1071" [label="e"]
	"Eprime1070" -> "e1071"
	")1072" [label=")",style=filled,fillcolor=powderblue]
	"B1045" -> ")1072"
	"Cprime1073" [label="Cprime"]
	"C1044" -> "Cprime1073"
	"e1074" [label="e"]
	"Cprime1073" -> "e1074"
	"Dprime1075" [label="Dprime"]
	"D1043" -> "Dprime1075"
	"e1076" [label="e"]
	"Dprime1075" -> "e1076"
	"Eprime1077" [label="Eprime"]
	"Expression1042" -> "Eprime1077"
	"e1078" [label="e"]
	"Eprime1077" -> "e1078"
	"]1079" [label="]",style=filled,fillcolor=powderblue]
	"A1039" -> "]1079"
	"Cprime1080" [label="Cprime"]
	"C1037" -> "Cprime1080"
	"e1081" [label="e"]
	"Cprime1080" -> "e1081"
	"Dprime1082" [label="Dprime"]
	"D1036" -> "Dprime1082"
	"e1083" [label="e"]
	"Dprime1082" -> "e1083"
	"Eprime1084" [label="Eprime"]
	"Eprime1034" -> "Eprime1084"
	"e1085" [label="e"]
	"Eprime1084" -> "e1085"
	"Statementsprime1086" [label="Statementsprime"]
	"Statementsprime1003" -> "Statementsprime1086"
	"Statement1087" [label="Statement"]
	"Statementsprime1086" -> "Statement1087"
	"Print1088" [label="Print"]
	"Statement1087" -> "Print1088"
	"print1089" [label="print",style=filled,fillcolor=powderblue]
	"Print1088" -> "print1089"
	"Expression1090" [label="Expression"]
	"Print1088" -> "Expression1090"
	"D1091" [label="D"]
	"Expression1090" -> "D1091"
	"C1092" [label="C"]
	"D1091" -> "C1092"
	"B1093" [label="B"]
	"C1092" -> "B1093"
	"A1094" [label="A"]
	"B1093" -> "A1094"
	"m1095" [label="m",style=filled,fillcolor=powderblue]
	"A1094" -> "m1095"
	"[1096" [label="[",style=filled,fillcolor=powderblue]
	"A1094" -> "[1096"
	"Expression1097" [label="Expression"]
	"A1094" -> "Expression1097"
	"D1098" [label="D"]
	"Expression1097" -> "D1098"
	"C1099" [label="C"]
	"D1098" -> "C1099"
	"B1100" [label="B"]
	"C1099" -> "B1100"
	"A1101" [label="A"]
	"B1100" -> "A1101"
	"F1102" [label="F"]
	"A1101" -> "F1102"
	"num1103" [label="num",style=filled,fillcolor=powderblue]
	"F1102" -> "num1103"
	"Cprime1104" [label="Cprime"]
	"C1099" -> "Cprime1104"
	"e1105" [label="e"]
	"Cprime1104" -> "e1105"
	"Dprime1106" [label="Dprime"]
	"D1098" -> "Dprime1106"
	"e1107" [label="e"]
	"Dprime1106" -> "e1107"
	"Eprime1108" [label="Eprime"]
	"Expression1097" -> "Eprime1108"
	"e1109" [label="e"]
	"Eprime1108" -> "e1109"
	"]1110" [label="]",style=filled,fillcolor=powderblue]
	"A1094" -> "]1110"
	"Cprime1111" [label="Cprime"]
	"C1092" -> "Cprime1111"
	"e1112" [label="e"]
	"Cprime1111" -> "e1112"
	"Dprime1113" [label="Dprime"]
	"D1091" -> "Dprime1113"
	"e1114" [label="e"]
	"Dprime1113" -> "e1114"
	"Eprime1115" [label="Eprime"]
	"Expression1090" -> "Eprime1115"
	"e1116" [label="e"]
	"Eprime1115" -> "e1116"
	"Statementsprime1117" [label="Statementsprime"]
	"Statementsprime1086" -> "Statementsprime1117"
	"e1118" [label="e"]
	"Statementsprime1117" -> "e1118"
};
