digraph G {
	"Start1" [label="Start"]
	"Statements2" [label="Statements"]
	"Start1" -> "Statements2"
	"Statement3" [label="Statement"]
	"Statements2" -> "Statement3"
	"Assignment4" [label="Assignment"]
	"Statement3" -> "Assignment4"
	"m5" [label="m",style=filled,fillcolor=powderblue]
	"Assignment4" -> "m5"
	"[6" [label="[",style=filled,fillcolor=powderblue]
	"Assignment4" -> "[6"
	"Expression7" [label="Expression"]
	"Assignment4" -> "Expression7"
	"D8" [label="D"]
	"Expression7" -> "D8"
	"C9" [label="C"]
	"D8" -> "C9"
	"B10" [label="B"]
	"C9" -> "B10"
	"A11" [label="A"]
	"B10" -> "A11"
	"F12" [label="F"]
	"A11" -> "F12"
	"num13" [label="num",style=filled,fillcolor=powderblue]
	"F12" -> "num13"
	"Cprime14" [label="Cprime"]
	"C9" -> "Cprime14"
	"e15" [label="e"]
	"Cprime14" -> "e15"
	"Dprime16" [label="Dprime"]
	"D8" -> "Dprime16"
	"e17" [label="e"]
	"Dprime16" -> "e17"
	"Eprime18" [label="Eprime"]
	"Expression7" -> "Eprime18"
	"e19" [label="e"]
	"Eprime18" -> "e19"
	"]20" [label="]",style=filled,fillcolor=powderblue]
	"Assignment4" -> "]20"
	"=21" [label="=",style=filled,fillcolor=powderblue]
	"Assignment4" -> "=21"
	"Expression22" [label="Expression"]
	"Assignment4" -> "Expression22"
	"D23" [label="D"]
	"Expression22" -> "D23"
	"C24" [label="C"]
	"D23" -> "C24"
	"B25" [label="B"]
	"C24" -> "B25"
	"A26" [label="A"]
	"B25" -> "A26"
	"F27" [label="F"]
	"A26" -> "F27"
	"num28" [label="num",style=filled,fillcolor=powderblue]
	"F27" -> "num28"
	"Cprime29" [label="Cprime"]
	"C24" -> "Cprime29"
	"e30" [label="e"]
	"Cprime29" -> "e30"
	"Dprime31" [label="Dprime"]
	"D23" -> "Dprime31"
	"/32" [label="/",style=filled,fillcolor=powderblue]
	"Dprime31" -> "/32"
	"C33" [label="C"]
	"Dprime31" -> "C33"
	"B34" [label="B"]
	"C33" -> "B34"
	"A35" [label="A"]
	"B34" -> "A35"
	"F36" [label="F"]
	"A35" -> "F36"
	"num37" [label="num",style=filled,fillcolor=powderblue]
	"F36" -> "num37"
	"Cprime38" [label="Cprime"]
	"C33" -> "Cprime38"
	"e39" [label="e"]
	"Cprime38" -> "e39"
	"Dprime40" [label="Dprime"]
	"Dprime31" -> "Dprime40"
	"*41" [label="*",style=filled,fillcolor=powderblue]
	"Dprime40" -> "*41"
	"C42" [label="C"]
	"Dprime40" -> "C42"
	"B43" [label="B"]
	"C42" -> "B43"
	"A44" [label="A"]
	"B43" -> "A44"
	"F45" [label="F"]
	"A44" -> "F45"
	"num46" [label="num",style=filled,fillcolor=powderblue]
	"F45" -> "num46"
	"Cprime47" [label="Cprime"]
	"C42" -> "Cprime47"
	"e48" [label="e"]
	"Cprime47" -> "e48"
	"Dprime49" [label="Dprime"]
	"Dprime40" -> "Dprime49"
	"e50" [label="e"]
	"Dprime49" -> "e50"
	"Eprime51" [label="Eprime"]
	"Expression22" -> "Eprime51"
	"e52" [label="e"]
	"Eprime51" -> "e52"
	"Statementsprime53" [label="Statementsprime"]
	"Statements2" -> "Statementsprime53"
	"Statement54" [label="Statement"]
	"Statementsprime53" -> "Statement54"
	"Assignment55" [label="Assignment"]
	"Statement54" -> "Assignment55"
	"m56" [label="m",style=filled,fillcolor=powderblue]
	"Assignment55" -> "m56"
	"[57" [label="[",style=filled,fillcolor=powderblue]
	"Assignment55" -> "[57"
	"Expression58" [label="Expression"]
	"Assignment55" -> "Expression58"
	"D59" [label="D"]
	"Expression58" -> "D59"
	"C60" [label="C"]
	"D59" -> "C60"
	"B61" [label="B"]
	"C60" -> "B61"
	"A62" [label="A"]
	"B61" -> "A62"
	"F63" [label="F"]
	"A62" -> "F63"
	"num64" [label="num",style=filled,fillcolor=powderblue]
	"F63" -> "num64"
	"Cprime65" [label="Cprime"]
	"C60" -> "Cprime65"
	"e66" [label="e"]
	"Cprime65" -> "e66"
	"Dprime67" [label="Dprime"]
	"D59" -> "Dprime67"
	"e68" [label="e"]
	"Dprime67" -> "e68"
	"Eprime69" [label="Eprime"]
	"Expression58" -> "Eprime69"
	"e70" [label="e"]
	"Eprime69" -> "e70"
	"]71" [label="]",style=filled,fillcolor=powderblue]
	"Assignment55" -> "]71"
	"=72" [label="=",style=filled,fillcolor=powderblue]
	"Assignment55" -> "=72"
	"Expression73" [label="Expression"]
	"Assignment55" -> "Expression73"
	"D74" [label="D"]
	"Expression73" -> "D74"
	"C75" [label="C"]
	"D74" -> "C75"
	"B76" [label="B"]
	"C75" -> "B76"
	"A77" [label="A"]
	"B76" -> "A77"
	"F78" [label="F"]
	"A77" -> "F78"
	"num79" [label="num",style=filled,fillcolor=powderblue]
	"F78" -> "num79"
	"Cprime80" [label="Cprime"]
	"C75" -> "Cprime80"
	"e81" [label="e"]
	"Cprime80" -> "e81"
	"Dprime82" [label="Dprime"]
	"D74" -> "Dprime82"
	"e83" [label="e"]
	"Dprime82" -> "e83"
	"Eprime84" [label="Eprime"]
	"Expression73" -> "Eprime84"
	"+85" [label="+",style=filled,fillcolor=powderblue]
	"Eprime84" -> "+85"
	"D86" [label="D"]
	"Eprime84" -> "D86"
	"C87" [label="C"]
	"D86" -> "C87"
	"B88" [label="B"]
	"C87" -> "B88"
	"A89" [label="A"]
	"B88" -> "A89"
	"m90" [label="m",style=filled,fillcolor=powderblue]
	"A89" -> "m90"
	"[91" [label="[",style=filled,fillcolor=powderblue]
	"A89" -> "[91"
	"Expression92" [label="Expression"]
	"A89" -> "Expression92"
	"D93" [label="D"]
	"Expression92" -> "D93"
	"C94" [label="C"]
	"D93" -> "C94"
	"B95" [label="B"]
	"C94" -> "B95"
	"A96" [label="A"]
	"B95" -> "A96"
	"F97" [label="F"]
	"A96" -> "F97"
	"num98" [label="num",style=filled,fillcolor=powderblue]
	"F97" -> "num98"
	"Cprime99" [label="Cprime"]
	"C94" -> "Cprime99"
	"e100" [label="e"]
	"Cprime99" -> "e100"
	"Dprime101" [label="Dprime"]
	"D93" -> "Dprime101"
	"e102" [label="e"]
	"Dprime101" -> "e102"
	"Eprime103" [label="Eprime"]
	"Expression92" -> "Eprime103"
	"e104" [label="e"]
	"Eprime103" -> "e104"
	"]105" [label="]",style=filled,fillcolor=powderblue]
	"A89" -> "]105"
	"Cprime106" [label="Cprime"]
	"C87" -> "Cprime106"
	"e107" [label="e"]
	"Cprime106" -> "e107"
	"Dprime108" [label="Dprime"]
	"D86" -> "Dprime108"
	"e109" [label="e"]
	"Dprime108" -> "e109"
	"Eprime110" [label="Eprime"]
	"Eprime84" -> "Eprime110"
	"e111" [label="e"]
	"Eprime110" -> "e111"
	"Statementsprime112" [label="Statementsprime"]
	"Statementsprime53" -> "Statementsprime112"
	"Statement113" [label="Statement"]
	"Statementsprime112" -> "Statement113"
	"Assignment114" [label="Assignment"]
	"Statement113" -> "Assignment114"
	"m115" [label="m",style=filled,fillcolor=powderblue]
	"Assignment114" -> "m115"
	"[116" [label="[",style=filled,fillcolor=powderblue]
	"Assignment114" -> "[116"
	"Expression117" [label="Expression"]
	"Assignment114" -> "Expression117"
	"D118" [label="D"]
	"Expression117" -> "D118"
	"C119" [label="C"]
	"D118" -> "C119"
	"B120" [label="B"]
	"C119" -> "B120"
	"A121" [label="A"]
	"B120" -> "A121"
	"F122" [label="F"]
	"A121" -> "F122"
	"num123" [label="num",style=filled,fillcolor=powderblue]
	"F122" -> "num123"
	"Cprime124" [label="Cprime"]
	"C119" -> "Cprime124"
	"e125" [label="e"]
	"Cprime124" -> "e125"
	"Dprime126" [label="Dprime"]
	"D118" -> "Dprime126"
	"e127" [label="e"]
	"Dprime126" -> "e127"
	"Eprime128" [label="Eprime"]
	"Expression117" -> "Eprime128"
	"e129" [label="e"]
	"Eprime128" -> "e129"
	"]130" [label="]",style=filled,fillcolor=powderblue]
	"Assignment114" -> "]130"
	"=131" [label="=",style=filled,fillcolor=powderblue]
	"Assignment114" -> "=131"
	"Expression132" [label="Expression"]
	"Assignment114" -> "Expression132"
	"D133" [label="D"]
	"Expression132" -> "D133"
	"C134" [label="C"]
	"D133" -> "C134"
	"B135" [label="B"]
	"C134" -> "B135"
	"A136" [label="A"]
	"B135" -> "A136"
	"F137" [label="F"]
	"A136" -> "F137"
	"num138" [label="num",style=filled,fillcolor=powderblue]
	"F137" -> "num138"
	"Cprime139" [label="Cprime"]
	"C134" -> "Cprime139"
	"e140" [label="e"]
	"Cprime139" -> "e140"
	"Dprime141" [label="Dprime"]
	"D133" -> "Dprime141"
	"e142" [label="e"]
	"Dprime141" -> "e142"
	"Eprime143" [label="Eprime"]
	"Expression132" -> "Eprime143"
	"-144" [label="-",style=filled,fillcolor=powderblue]
	"Eprime143" -> "-144"
	"D145" [label="D"]
	"Eprime143" -> "D145"
	"C146" [label="C"]
	"D145" -> "C146"
	"B147" [label="B"]
	"C146" -> "B147"
	"A148" [label="A"]
	"B147" -> "A148"
	"m149" [label="m",style=filled,fillcolor=powderblue]
	"A148" -> "m149"
	"[150" [label="[",style=filled,fillcolor=powderblue]
	"A148" -> "[150"
	"Expression151" [label="Expression"]
	"A148" -> "Expression151"
	"D152" [label="D"]
	"Expression151" -> "D152"
	"C153" [label="C"]
	"D152" -> "C153"
	"B154" [label="B"]
	"C153" -> "B154"
	"A155" [label="A"]
	"B154" -> "A155"
	"F156" [label="F"]
	"A155" -> "F156"
	"num157" [label="num",style=filled,fillcolor=powderblue]
	"F156" -> "num157"
	"Cprime158" [label="Cprime"]
	"C153" -> "Cprime158"
	"e159" [label="e"]
	"Cprime158" -> "e159"
	"Dprime160" [label="Dprime"]
	"D152" -> "Dprime160"
	"e161" [label="e"]
	"Dprime160" -> "e161"
	"Eprime162" [label="Eprime"]
	"Expression151" -> "Eprime162"
	"-163" [label="-",style=filled,fillcolor=powderblue]
	"Eprime162" -> "-163"
	"D164" [label="D"]
	"Eprime162" -> "D164"
	"C165" [label="C"]
	"D164" -> "C165"
	"B166" [label="B"]
	"C165" -> "B166"
	"A167" [label="A"]
	"B166" -> "A167"
	"F168" [label="F"]
	"A167" -> "F168"
	"num169" [label="num",style=filled,fillcolor=powderblue]
	"F168" -> "num169"
	"Cprime170" [label="Cprime"]
	"C165" -> "Cprime170"
	"e171" [label="e"]
	"Cprime170" -> "e171"
	"Dprime172" [label="Dprime"]
	"D164" -> "Dprime172"
	"e173" [label="e"]
	"Dprime172" -> "e173"
	"Eprime174" [label="Eprime"]
	"Eprime162" -> "Eprime174"
	"e175" [label="e"]
	"Eprime174" -> "e175"
	"]176" [label="]",style=filled,fillcolor=powderblue]
	"A148" -> "]176"
	"Cprime177" [label="Cprime"]
	"C146" -> "Cprime177"
	"e178" [label="e"]
	"Cprime177" -> "e178"
	"Dprime179" [label="Dprime"]
	"D145" -> "Dprime179"
	"e180" [label="e"]
	"Dprime179" -> "e180"
	"Eprime181" [label="Eprime"]
	"Eprime143" -> "Eprime181"
	"e182" [label="e"]
	"Eprime181" -> "e182"
	"Statementsprime183" [label="Statementsprime"]
	"Statementsprime112" -> "Statementsprime183"
	"Statement184" [label="Statement"]
	"Statementsprime183" -> "Statement184"
	"Assignment185" [label="Assignment"]
	"Statement184" -> "Assignment185"
	"m186" [label="m",style=filled,fillcolor=powderblue]
	"Assignment185" -> "m186"
	"[187" [label="[",style=filled,fillcolor=powderblue]
	"Assignment185" -> "[187"
	"Expression188" [label="Expression"]
	"Assignment185" -> "Expression188"
	"D189" [label="D"]
	"Expression188" -> "D189"
	"C190" [label="C"]
	"D189" -> "C190"
	"B191" [label="B"]
	"C190" -> "B191"
	"A192" [label="A"]
	"B191" -> "A192"
	"F193" [label="F"]
	"A192" -> "F193"
	"num194" [label="num",style=filled,fillcolor=powderblue]
	"F193" -> "num194"
	"Cprime195" [label="Cprime"]
	"C190" -> "Cprime195"
	"e196" [label="e"]
	"Cprime195" -> "e196"
	"Dprime197" [label="Dprime"]
	"D189" -> "Dprime197"
	"e198" [label="e"]
	"Dprime197" -> "e198"
	"Eprime199" [label="Eprime"]
	"Expression188" -> "Eprime199"
	"e200" [label="e"]
	"Eprime199" -> "e200"
	"]201" [label="]",style=filled,fillcolor=powderblue]
	"Assignment185" -> "]201"
	"=202" [label="=",style=filled,fillcolor=powderblue]
	"Assignment185" -> "=202"
	"Expression203" [label="Expression"]
	"Assignment185" -> "Expression203"
	"D204" [label="D"]
	"Expression203" -> "D204"
	"C205" [label="C"]
	"D204" -> "C205"
	"B206" [label="B"]
	"C205" -> "B206"
	"A207" [label="A"]
	"B206" -> "A207"
	"F208" [label="F"]
	"A207" -> "F208"
	"num209" [label="num",style=filled,fillcolor=powderblue]
	"F208" -> "num209"
	"Cprime210" [label="Cprime"]
	"C205" -> "Cprime210"
	"e211" [label="e"]
	"Cprime210" -> "e211"
	"Dprime212" [label="Dprime"]
	"D204" -> "Dprime212"
	"e213" [label="e"]
	"Dprime212" -> "e213"
	"Eprime214" [label="Eprime"]
	"Expression203" -> "Eprime214"
	"-215" [label="-",style=filled,fillcolor=powderblue]
	"Eprime214" -> "-215"
	"D216" [label="D"]
	"Eprime214" -> "D216"
	"C217" [label="C"]
	"D216" -> "C217"
	"B218" [label="B"]
	"C217" -> "B218"
	"(219" [label="(",style=filled,fillcolor=powderblue]
	"B218" -> "(219"
	"Expression220" [label="Expression"]
	"B218" -> "Expression220"
	"D221" [label="D"]
	"Expression220" -> "D221"
	"C222" [label="C"]
	"D221" -> "C222"
	"B223" [label="B"]
	"C222" -> "B223"
	"A224" [label="A"]
	"B223" -> "A224"
	"F225" [label="F"]
	"A224" -> "F225"
	"num226" [label="num",style=filled,fillcolor=powderblue]
	"F225" -> "num226"
	"Cprime227" [label="Cprime"]
	"C222" -> "Cprime227"
	"e228" [label="e"]
	"Cprime227" -> "e228"
	"Dprime229" [label="Dprime"]
	"D221" -> "Dprime229"
	"e230" [label="e"]
	"Dprime229" -> "e230"
	"Eprime231" [label="Eprime"]
	"Expression220" -> "Eprime231"
	"-232" [label="-",style=filled,fillcolor=powderblue]
	"Eprime231" -> "-232"
	"D233" [label="D"]
	"Eprime231" -> "D233"
	"C234" [label="C"]
	"D233" -> "C234"
	"B235" [label="B"]
	"C234" -> "B235"
	"A236" [label="A"]
	"B235" -> "A236"
	"F237" [label="F"]
	"A236" -> "F237"
	"num238" [label="num",style=filled,fillcolor=powderblue]
	"F237" -> "num238"
	"Cprime239" [label="Cprime"]
	"C234" -> "Cprime239"
	"e240" [label="e"]
	"Cprime239" -> "e240"
	"Dprime241" [label="Dprime"]
	"D233" -> "Dprime241"
	"e242" [label="e"]
	"Dprime241" -> "e242"
	"Eprime243" [label="Eprime"]
	"Eprime231" -> "Eprime243"
	"e244" [label="e"]
	"Eprime243" -> "e244"
	")245" [label=")",style=filled,fillcolor=powderblue]
	"B218" -> ")245"
	"Cprime246" [label="Cprime"]
	"C217" -> "Cprime246"
	"e247" [label="e"]
	"Cprime246" -> "e247"
	"Dprime248" [label="Dprime"]
	"D216" -> "Dprime248"
	"e249" [label="e"]
	"Dprime248" -> "e249"
	"Eprime250" [label="Eprime"]
	"Eprime214" -> "Eprime250"
	"e251" [label="e"]
	"Eprime250" -> "e251"
	"Statementsprime252" [label="Statementsprime"]
	"Statementsprime183" -> "Statementsprime252"
	"Statement253" [label="Statement"]
	"Statementsprime252" -> "Statement253"
	"Assignment254" [label="Assignment"]
	"Statement253" -> "Assignment254"
	"m255" [label="m",style=filled,fillcolor=powderblue]
	"Assignment254" -> "m255"
	"[256" [label="[",style=filled,fillcolor=powderblue]
	"Assignment254" -> "[256"
	"Expression257" [label="Expression"]
	"Assignment254" -> "Expression257"
	"D258" [label="D"]
	"Expression257" -> "D258"
	"C259" [label="C"]
	"D258" -> "C259"
	"B260" [label="B"]
	"C259" -> "B260"
	"A261" [label="A"]
	"B260" -> "A261"
	"F262" [label="F"]
	"A261" -> "F262"
	"num263" [label="num",style=filled,fillcolor=powderblue]
	"F262" -> "num263"
	"Cprime264" [label="Cprime"]
	"C259" -> "Cprime264"
	"e265" [label="e"]
	"Cprime264" -> "e265"
	"Dprime266" [label="Dprime"]
	"D258" -> "Dprime266"
	"e267" [label="e"]
	"Dprime266" -> "e267"
	"Eprime268" [label="Eprime"]
	"Expression257" -> "Eprime268"
	"e269" [label="e"]
	"Eprime268" -> "e269"
	"]270" [label="]",style=filled,fillcolor=powderblue]
	"Assignment254" -> "]270"
	"=271" [label="=",style=filled,fillcolor=powderblue]
	"Assignment254" -> "=271"
	"Expression272" [label="Expression"]
	"Assignment254" -> "Expression272"
	"D273" [label="D"]
	"Expression272" -> "D273"
	"C274" [label="C"]
	"D273" -> "C274"
	"B275" [label="B"]
	"C274" -> "B275"
	"A276" [label="A"]
	"B275" -> "A276"
	"F277" [label="F"]
	"A276" -> "F277"
	"num278" [label="num",style=filled,fillcolor=powderblue]
	"F277" -> "num278"
	"Cprime279" [label="Cprime"]
	"C274" -> "Cprime279"
	"e280" [label="e"]
	"Cprime279" -> "e280"
	"Dprime281" [label="Dprime"]
	"D273" -> "Dprime281"
	"e282" [label="e"]
	"Dprime281" -> "e282"
	"Eprime283" [label="Eprime"]
	"Expression272" -> "Eprime283"
	"-284" [label="-",style=filled,fillcolor=powderblue]
	"Eprime283" -> "-284"
	"D285" [label="D"]
	"Eprime283" -> "D285"
	"C286" [label="C"]
	"D285" -> "C286"
	"B287" [label="B"]
	"C286" -> "B287"
	"A288" [label="A"]
	"B287" -> "A288"
	"m289" [label="m",style=filled,fillcolor=powderblue]
	"A288" -> "m289"
	"[290" [label="[",style=filled,fillcolor=powderblue]
	"A288" -> "[290"
	"Expression291" [label="Expression"]
	"A288" -> "Expression291"
	"D292" [label="D"]
	"Expression291" -> "D292"
	"C293" [label="C"]
	"D292" -> "C293"
	"B294" [label="B"]
	"C293" -> "B294"
	"(295" [label="(",style=filled,fillcolor=powderblue]
	"B294" -> "(295"
	"Expression296" [label="Expression"]
	"B294" -> "Expression296"
	"D297" [label="D"]
	"Expression296" -> "D297"
	"C298" [label="C"]
	"D297" -> "C298"
	"B299" [label="B"]
	"C298" -> "B299"
	"A300" [label="A"]
	"B299" -> "A300"
	"F301" [label="F"]
	"A300" -> "F301"
	"num302" [label="num",style=filled,fillcolor=powderblue]
	"F301" -> "num302"
	"Cprime303" [label="Cprime"]
	"C298" -> "Cprime303"
	"e304" [label="e"]
	"Cprime303" -> "e304"
	"Dprime305" [label="Dprime"]
	"D297" -> "Dprime305"
	"e306" [label="e"]
	"Dprime305" -> "e306"
	"Eprime307" [label="Eprime"]
	"Expression296" -> "Eprime307"
	"-308" [label="-",style=filled,fillcolor=powderblue]
	"Eprime307" -> "-308"
	"D309" [label="D"]
	"Eprime307" -> "D309"
	"C310" [label="C"]
	"D309" -> "C310"
	"B311" [label="B"]
	"C310" -> "B311"
	"A312" [label="A"]
	"B311" -> "A312"
	"F313" [label="F"]
	"A312" -> "F313"
	"num314" [label="num",style=filled,fillcolor=powderblue]
	"F313" -> "num314"
	"Cprime315" [label="Cprime"]
	"C310" -> "Cprime315"
	"e316" [label="e"]
	"Cprime315" -> "e316"
	"Dprime317" [label="Dprime"]
	"D309" -> "Dprime317"
	"e318" [label="e"]
	"Dprime317" -> "e318"
	"Eprime319" [label="Eprime"]
	"Eprime307" -> "Eprime319"
	"e320" [label="e"]
	"Eprime319" -> "e320"
	")321" [label=")",style=filled,fillcolor=powderblue]
	"B294" -> ")321"
	"Cprime322" [label="Cprime"]
	"C293" -> "Cprime322"
	"e323" [label="e"]
	"Cprime322" -> "e323"
	"Dprime324" [label="Dprime"]
	"D292" -> "Dprime324"
	"e325" [label="e"]
	"Dprime324" -> "e325"
	"Eprime326" [label="Eprime"]
	"Expression291" -> "Eprime326"
	"e327" [label="e"]
	"Eprime326" -> "e327"
	"]328" [label="]",style=filled,fillcolor=powderblue]
	"A288" -> "]328"
	"Cprime329" [label="Cprime"]
	"C286" -> "Cprime329"
	"e330" [label="e"]
	"Cprime329" -> "e330"
	"Dprime331" [label="Dprime"]
	"D285" -> "Dprime331"
	"e332" [label="e"]
	"Dprime331" -> "e332"
	"Eprime333" [label="Eprime"]
	"Eprime283" -> "Eprime333"
	"e334" [label="e"]
	"Eprime333" -> "e334"
	"Statementsprime335" [label="Statementsprime"]
	"Statementsprime252" -> "Statementsprime335"
	"Statement336" [label="Statement"]
	"Statementsprime335" -> "Statement336"
	"Print337" [label="Print"]
	"Statement336" -> "Print337"
	"print338" [label="print",style=filled,fillcolor=powderblue]
	"Print337" -> "print338"
	"Expression339" [label="Expression"]
	"Print337" -> "Expression339"
	"D340" [label="D"]
	"Expression339" -> "D340"
	"C341" [label="C"]
	"D340" -> "C341"
	"B342" [label="B"]
	"C341" -> "B342"
	"A343" [label="A"]
	"B342" -> "A343"
	"m344" [label="m",style=filled,fillcolor=powderblue]
	"A343" -> "m344"
	"[345" [label="[",style=filled,fillcolor=powderblue]
	"A343" -> "[345"
	"Expression346" [label="Expression"]
	"A343" -> "Expression346"
	"D347" [label="D"]
	"Expression346" -> "D347"
	"C348" [label="C"]
	"D347" -> "C348"
	"B349" [label="B"]
	"C348" -> "B349"
	"A350" [label="A"]
	"B349" -> "A350"
	"F351" [label="F"]
	"A350" -> "F351"
	"num352" [label="num",style=filled,fillcolor=powderblue]
	"F351" -> "num352"
	"Cprime353" [label="Cprime"]
	"C348" -> "Cprime353"
	"e354" [label="e"]
	"Cprime353" -> "e354"
	"Dprime355" [label="Dprime"]
	"D347" -> "Dprime355"
	"e356" [label="e"]
	"Dprime355" -> "e356"
	"Eprime357" [label="Eprime"]
	"Expression346" -> "Eprime357"
	"e358" [label="e"]
	"Eprime357" -> "e358"
	"]359" [label="]",style=filled,fillcolor=powderblue]
	"A343" -> "]359"
	"Cprime360" [label="Cprime"]
	"C341" -> "Cprime360"
	"e361" [label="e"]
	"Cprime360" -> "e361"
	"Dprime362" [label="Dprime"]
	"D340" -> "Dprime362"
	"e363" [label="e"]
	"Dprime362" -> "e363"
	"Eprime364" [label="Eprime"]
	"Expression339" -> "Eprime364"
	"e365" [label="e"]
	"Eprime364" -> "e365"
	"Statementsprime366" [label="Statementsprime"]
	"Statementsprime335" -> "Statementsprime366"
	"Statement367" [label="Statement"]
	"Statementsprime366" -> "Statement367"
	"Assignment368" [label="Assignment"]
	"Statement367" -> "Assignment368"
	"m369" [label="m",style=filled,fillcolor=powderblue]
	"Assignment368" -> "m369"
	"[370" [label="[",style=filled,fillcolor=powderblue]
	"Assignment368" -> "[370"
	"Expression371" [label="Expression"]
	"Assignment368" -> "Expression371"
	"D372" [label="D"]
	"Expression371" -> "D372"
	"C373" [label="C"]
	"D372" -> "C373"
	"B374" [label="B"]
	"C373" -> "B374"
	"A375" [label="A"]
	"B374" -> "A375"
	"F376" [label="F"]
	"A375" -> "F376"
	"num377" [label="num",style=filled,fillcolor=powderblue]
	"F376" -> "num377"
	"Cprime378" [label="Cprime"]
	"C373" -> "Cprime378"
	"e379" [label="e"]
	"Cprime378" -> "e379"
	"Dprime380" [label="Dprime"]
	"D372" -> "Dprime380"
	"e381" [label="e"]
	"Dprime380" -> "e381"
	"Eprime382" [label="Eprime"]
	"Expression371" -> "Eprime382"
	"e383" [label="e"]
	"Eprime382" -> "e383"
	"]384" [label="]",style=filled,fillcolor=powderblue]
	"Assignment368" -> "]384"
	"=385" [label="=",style=filled,fillcolor=powderblue]
	"Assignment368" -> "=385"
	"Expression386" [label="Expression"]
	"Assignment368" -> "Expression386"
	"D387" [label="D"]
	"Expression386" -> "D387"
	"C388" [label="C"]
	"D387" -> "C388"
	"B389" [label="B"]
	"C388" -> "B389"
	"A390" [label="A"]
	"B389" -> "A390"
	"F391" [label="F"]
	"A390" -> "F391"
	"num392" [label="num",style=filled,fillcolor=powderblue]
	"F391" -> "num392"
	"Cprime393" [label="Cprime"]
	"C388" -> "Cprime393"
	"e394" [label="e"]
	"Cprime393" -> "e394"
	"Dprime395" [label="Dprime"]
	"D387" -> "Dprime395"
	"/396" [label="/",style=filled,fillcolor=powderblue]
	"Dprime395" -> "/396"
	"C397" [label="C"]
	"Dprime395" -> "C397"
	"B398" [label="B"]
	"C397" -> "B398"
	"A399" [label="A"]
	"B398" -> "A399"
	"F400" [label="F"]
	"A399" -> "F400"
	"num401" [label="num",style=filled,fillcolor=powderblue]
	"F400" -> "num401"
	"Cprime402" [label="Cprime"]
	"C397" -> "Cprime402"
	"e403" [label="e"]
	"Cprime402" -> "e403"
	"Dprime404" [label="Dprime"]
	"Dprime395" -> "Dprime404"
	"*405" [label="*",style=filled,fillcolor=powderblue]
	"Dprime404" -> "*405"
	"C406" [label="C"]
	"Dprime404" -> "C406"
	"B407" [label="B"]
	"C406" -> "B407"
	"A408" [label="A"]
	"B407" -> "A408"
	"F409" [label="F"]
	"A408" -> "F409"
	"num410" [label="num",style=filled,fillcolor=powderblue]
	"F409" -> "num410"
	"Cprime411" [label="Cprime"]
	"C406" -> "Cprime411"
	"e412" [label="e"]
	"Cprime411" -> "e412"
	"Dprime413" [label="Dprime"]
	"Dprime404" -> "Dprime413"
	"e414" [label="e"]
	"Dprime413" -> "e414"
	"Eprime415" [label="Eprime"]
	"Expression386" -> "Eprime415"
	"e416" [label="e"]
	"Eprime415" -> "e416"
	"Statementsprime417" [label="Statementsprime"]
	"Statementsprime366" -> "Statementsprime417"
	"Statement418" [label="Statement"]
	"Statementsprime417" -> "Statement418"
	"Jump419" [label="Jump"]
	"Statement418" -> "Jump419"
	"goto420" [label="goto",style=filled,fillcolor=powderblue]
	"Jump419" -> "goto420"
	"num421" [label="num",style=filled,fillcolor=powderblue]
	"Jump419" -> "num421"
	"Statementsprime422" [label="Statementsprime"]
	"Statementsprime417" -> "Statementsprime422"
	"Statement423" [label="Statement"]
	"Statementsprime422" -> "Statement423"
	"Assignment424" [label="Assignment"]
	"Statement423" -> "Assignment424"
	"m425" [label="m",style=filled,fillcolor=powderblue]
	"Assignment424" -> "m425"
	"[426" [label="[",style=filled,fillcolor=powderblue]
	"Assignment424" -> "[426"
	"Expression427" [label="Expression"]
	"Assignment424" -> "Expression427"
	"D428" [label="D"]
	"Expression427" -> "D428"
	"C429" [label="C"]
	"D428" -> "C429"
	"B430" [label="B"]
	"C429" -> "B430"
	"A431" [label="A"]
	"B430" -> "A431"
	"F432" [label="F"]
	"A431" -> "F432"
	"num433" [label="num",style=filled,fillcolor=powderblue]
	"F432" -> "num433"
	"Cprime434" [label="Cprime"]
	"C429" -> "Cprime434"
	"e435" [label="e"]
	"Cprime434" -> "e435"
	"Dprime436" [label="Dprime"]
	"D428" -> "Dprime436"
	"e437" [label="e"]
	"Dprime436" -> "e437"
	"Eprime438" [label="Eprime"]
	"Expression427" -> "Eprime438"
	"e439" [label="e"]
	"Eprime438" -> "e439"
	"]440" [label="]",style=filled,fillcolor=powderblue]
	"Assignment424" -> "]440"
	"=441" [label="=",style=filled,fillcolor=powderblue]
	"Assignment424" -> "=441"
	"Expression442" [label="Expression"]
	"Assignment424" -> "Expression442"
	"D443" [label="D"]
	"Expression442" -> "D443"
	"C444" [label="C"]
	"D443" -> "C444"
	"B445" [label="B"]
	"C444" -> "B445"
	"A446" [label="A"]
	"B445" -> "A446"
	"F447" [label="F"]
	"A446" -> "F447"
	"num448" [label="num",style=filled,fillcolor=powderblue]
	"F447" -> "num448"
	"Cprime449" [label="Cprime"]
	"C444" -> "Cprime449"
	"e450" [label="e"]
	"Cprime449" -> "e450"
	"Dprime451" [label="Dprime"]
	"D443" -> "Dprime451"
	"e452" [label="e"]
	"Dprime451" -> "e452"
	"Eprime453" [label="Eprime"]
	"Expression442" -> "Eprime453"
	"+454" [label="+",style=filled,fillcolor=powderblue]
	"Eprime453" -> "+454"
	"D455" [label="D"]
	"Eprime453" -> "D455"
	"C456" [label="C"]
	"D455" -> "C456"
	"B457" [label="B"]
	"C456" -> "B457"
	"A458" [label="A"]
	"B457" -> "A458"
	"m459" [label="m",style=filled,fillcolor=powderblue]
	"A458" -> "m459"
	"[460" [label="[",style=filled,fillcolor=powderblue]
	"A458" -> "[460"
	"Expression461" [label="Expression"]
	"A458" -> "Expression461"
	"D462" [label="D"]
	"Expression461" -> "D462"
	"C463" [label="C"]
	"D462" -> "C463"
	"B464" [label="B"]
	"C463" -> "B464"
	"A465" [label="A"]
	"B464" -> "A465"
	"F466" [label="F"]
	"A465" -> "F466"
	"num467" [label="num",style=filled,fillcolor=powderblue]
	"F466" -> "num467"
	"Cprime468" [label="Cprime"]
	"C463" -> "Cprime468"
	"e469" [label="e"]
	"Cprime468" -> "e469"
	"Dprime470" [label="Dprime"]
	"D462" -> "Dprime470"
	"e471" [label="e"]
	"Dprime470" -> "e471"
	"Eprime472" [label="Eprime"]
	"Expression461" -> "Eprime472"
	"e473" [label="e"]
	"Eprime472" -> "e473"
	"]474" [label="]",style=filled,fillcolor=powderblue]
	"A458" -> "]474"
	"Cprime475" [label="Cprime"]
	"C456" -> "Cprime475"
	"e476" [label="e"]
	"Cprime475" -> "e476"
	"Dprime477" [label="Dprime"]
	"D455" -> "Dprime477"
	"e478" [label="e"]
	"Dprime477" -> "e478"
	"Eprime479" [label="Eprime"]
	"Eprime453" -> "Eprime479"
	"e480" [label="e"]
	"Eprime479" -> "e480"
	"Statementsprime481" [label="Statementsprime"]
	"Statementsprime422" -> "Statementsprime481"
	"Statement482" [label="Statement"]
	"Statementsprime481" -> "Statement482"
	"Assignment483" [label="Assignment"]
	"Statement482" -> "Assignment483"
	"m484" [label="m",style=filled,fillcolor=powderblue]
	"Assignment483" -> "m484"
	"[485" [label="[",style=filled,fillcolor=powderblue]
	"Assignment483" -> "[485"
	"Expression486" [label="Expression"]
	"Assignment483" -> "Expression486"
	"D487" [label="D"]
	"Expression486" -> "D487"
	"C488" [label="C"]
	"D487" -> "C488"
	"B489" [label="B"]
	"C488" -> "B489"
	"A490" [label="A"]
	"B489" -> "A490"
	"F491" [label="F"]
	"A490" -> "F491"
	"num492" [label="num",style=filled,fillcolor=powderblue]
	"F491" -> "num492"
	"Cprime493" [label="Cprime"]
	"C488" -> "Cprime493"
	"e494" [label="e"]
	"Cprime493" -> "e494"
	"Dprime495" [label="Dprime"]
	"D487" -> "Dprime495"
	"e496" [label="e"]
	"Dprime495" -> "e496"
	"Eprime497" [label="Eprime"]
	"Expression486" -> "Eprime497"
	"e498" [label="e"]
	"Eprime497" -> "e498"
	"]499" [label="]",style=filled,fillcolor=powderblue]
	"Assignment483" -> "]499"
	"=500" [label="=",style=filled,fillcolor=powderblue]
	"Assignment483" -> "=500"
	"Expression501" [label="Expression"]
	"Assignment483" -> "Expression501"
	"D502" [label="D"]
	"Expression501" -> "D502"
	"C503" [label="C"]
	"D502" -> "C503"
	"B504" [label="B"]
	"C503" -> "B504"
	"A505" [label="A"]
	"B504" -> "A505"
	"F506" [label="F"]
	"A505" -> "F506"
	"num507" [label="num",style=filled,fillcolor=powderblue]
	"F506" -> "num507"
	"Cprime508" [label="Cprime"]
	"C503" -> "Cprime508"
	"e509" [label="e"]
	"Cprime508" -> "e509"
	"Dprime510" [label="Dprime"]
	"D502" -> "Dprime510"
	"e511" [label="e"]
	"Dprime510" -> "e511"
	"Eprime512" [label="Eprime"]
	"Expression501" -> "Eprime512"
	"-513" [label="-",style=filled,fillcolor=powderblue]
	"Eprime512" -> "-513"
	"D514" [label="D"]
	"Eprime512" -> "D514"
	"C515" [label="C"]
	"D514" -> "C515"
	"B516" [label="B"]
	"C515" -> "B516"
	"A517" [label="A"]
	"B516" -> "A517"
	"m518" [label="m",style=filled,fillcolor=powderblue]
	"A517" -> "m518"
	"[519" [label="[",style=filled,fillcolor=powderblue]
	"A517" -> "[519"
	"Expression520" [label="Expression"]
	"A517" -> "Expression520"
	"D521" [label="D"]
	"Expression520" -> "D521"
	"C522" [label="C"]
	"D521" -> "C522"
	"B523" [label="B"]
	"C522" -> "B523"
	"A524" [label="A"]
	"B523" -> "A524"
	"F525" [label="F"]
	"A524" -> "F525"
	"num526" [label="num",style=filled,fillcolor=powderblue]
	"F525" -> "num526"
	"Cprime527" [label="Cprime"]
	"C522" -> "Cprime527"
	"**528" [label="**",style=filled,fillcolor=powderblue]
	"Cprime527" -> "**528"
	"B529" [label="B"]
	"Cprime527" -> "B529"
	"A530" [label="A"]
	"B529" -> "A530"
	"F531" [label="F"]
	"A530" -> "F531"
	"num532" [label="num",style=filled,fillcolor=powderblue]
	"F531" -> "num532"
	"Cprime533" [label="Cprime"]
	"Cprime527" -> "Cprime533"
	"e534" [label="e"]
	"Cprime533" -> "e534"
	"Dprime535" [label="Dprime"]
	"D521" -> "Dprime535"
	"*536" [label="*",style=filled,fillcolor=powderblue]
	"Dprime535" -> "*536"
	"C537" [label="C"]
	"Dprime535" -> "C537"
	"B538" [label="B"]
	"C537" -> "B538"
	"A539" [label="A"]
	"B538" -> "A539"
	"F540" [label="F"]
	"A539" -> "F540"
	"num541" [label="num",style=filled,fillcolor=powderblue]
	"F540" -> "num541"
	"Cprime542" [label="Cprime"]
	"C537" -> "Cprime542"
	"e543" [label="e"]
	"Cprime542" -> "e543"
	"Dprime544" [label="Dprime"]
	"Dprime535" -> "Dprime544"
	"e545" [label="e"]
	"Dprime544" -> "e545"
	"Eprime546" [label="Eprime"]
	"Expression520" -> "Eprime546"
	"-547" [label="-",style=filled,fillcolor=powderblue]
	"Eprime546" -> "-547"
	"D548" [label="D"]
	"Eprime546" -> "D548"
	"C549" [label="C"]
	"D548" -> "C549"
	"B550" [label="B"]
	"C549" -> "B550"
	"A551" [label="A"]
	"B550" -> "A551"
	"F552" [label="F"]
	"A551" -> "F552"
	"num553" [label="num",style=filled,fillcolor=powderblue]
	"F552" -> "num553"
	"Cprime554" [label="Cprime"]
	"C549" -> "Cprime554"
	"e555" [label="e"]
	"Cprime554" -> "e555"
	"Dprime556" [label="Dprime"]
	"D548" -> "Dprime556"
	"e557" [label="e"]
	"Dprime556" -> "e557"
	"Eprime558" [label="Eprime"]
	"Eprime546" -> "Eprime558"
	"e559" [label="e"]
	"Eprime558" -> "e559"
	"]560" [label="]",style=filled,fillcolor=powderblue]
	"A517" -> "]560"
	"Cprime561" [label="Cprime"]
	"C515" -> "Cprime561"
	"e562" [label="e"]
	"Cprime561" -> "e562"
	"Dprime563" [label="Dprime"]
	"D514" -> "Dprime563"
	"e564" [label="e"]
	"Dprime563" -> "e564"
	"Eprime565" [label="Eprime"]
	"Eprime512" -> "Eprime565"
	"-566" [label="-",style=filled,fillcolor=powderblue]
	"Eprime565" -> "-566"
	"D567" [label="D"]
	"Eprime565" -> "D567"
	"C568" [label="C"]
	"D567" -> "C568"
	"B569" [label="B"]
	"C568" -> "B569"
	"A570" [label="A"]
	"B569" -> "A570"
	"F571" [label="F"]
	"A570" -> "F571"
	"num572" [label="num",style=filled,fillcolor=powderblue]
	"F571" -> "num572"
	"Cprime573" [label="Cprime"]
	"C568" -> "Cprime573"
	"e574" [label="e"]
	"Cprime573" -> "e574"
	"Dprime575" [label="Dprime"]
	"D567" -> "Dprime575"
	"e576" [label="e"]
	"Dprime575" -> "e576"
	"Eprime577" [label="Eprime"]
	"Eprime565" -> "Eprime577"
	"e578" [label="e"]
	"Eprime577" -> "e578"
	"Statementsprime579" [label="Statementsprime"]
	"Statementsprime481" -> "Statementsprime579"
	"Statement580" [label="Statement"]
	"Statementsprime579" -> "Statement580"
	"Label581" [label="Label"]
	"Statement580" -> "Label581"
	"L582" [label="L",style=filled,fillcolor=powderblue]
	"Label581" -> "L582"
	"num583" [label="num",style=filled,fillcolor=powderblue]
	"Label581" -> "num583"
	":584" [label=":",style=filled,fillcolor=powderblue]
	"Label581" -> ":584"
	"Statementsprime585" [label="Statementsprime"]
	"Statementsprime579" -> "Statementsprime585"
	"Statement586" [label="Statement"]
	"Statementsprime585" -> "Statement586"
	"Assignment587" [label="Assignment"]
	"Statement586" -> "Assignment587"
	"m588" [label="m",style=filled,fillcolor=powderblue]
	"Assignment587" -> "m588"
	"[589" [label="[",style=filled,fillcolor=powderblue]
	"Assignment587" -> "[589"
	"Expression590" [label="Expression"]
	"Assignment587" -> "Expression590"
	"D591" [label="D"]
	"Expression590" -> "D591"
	"C592" [label="C"]
	"D591" -> "C592"
	"B593" [label="B"]
	"C592" -> "B593"
	"A594" [label="A"]
	"B593" -> "A594"
	"F595" [label="F"]
	"A594" -> "F595"
	"num596" [label="num",style=filled,fillcolor=powderblue]
	"F595" -> "num596"
	"Cprime597" [label="Cprime"]
	"C592" -> "Cprime597"
	"e598" [label="e"]
	"Cprime597" -> "e598"
	"Dprime599" [label="Dprime"]
	"D591" -> "Dprime599"
	"e600" [label="e"]
	"Dprime599" -> "e600"
	"Eprime601" [label="Eprime"]
	"Expression590" -> "Eprime601"
	"e602" [label="e"]
	"Eprime601" -> "e602"
	"]603" [label="]",style=filled,fillcolor=powderblue]
	"Assignment587" -> "]603"
	"=604" [label="=",style=filled,fillcolor=powderblue]
	"Assignment587" -> "=604"
	"Expression605" [label="Expression"]
	"Assignment587" -> "Expression605"
	"D606" [label="D"]
	"Expression605" -> "D606"
	"C607" [label="C"]
	"D606" -> "C607"
	"B608" [label="B"]
	"C607" -> "B608"
	"A609" [label="A"]
	"B608" -> "A609"
	"F610" [label="F"]
	"A609" -> "F610"
	"num611" [label="num",style=filled,fillcolor=powderblue]
	"F610" -> "num611"
	"Cprime612" [label="Cprime"]
	"C607" -> "Cprime612"
	"e613" [label="e"]
	"Cprime612" -> "e613"
	"Dprime614" [label="Dprime"]
	"D606" -> "Dprime614"
	"e615" [label="e"]
	"Dprime614" -> "e615"
	"Eprime616" [label="Eprime"]
	"Expression605" -> "Eprime616"
	"-617" [label="-",style=filled,fillcolor=powderblue]
	"Eprime616" -> "-617"
	"D618" [label="D"]
	"Eprime616" -> "D618"
	"C619" [label="C"]
	"D618" -> "C619"
	"B620" [label="B"]
	"C619" -> "B620"
	"(621" [label="(",style=filled,fillcolor=powderblue]
	"B620" -> "(621"
	"Expression622" [label="Expression"]
	"B620" -> "Expression622"
	"D623" [label="D"]
	"Expression622" -> "D623"
	"C624" [label="C"]
	"D623" -> "C624"
	"B625" [label="B"]
	"C624" -> "B625"
	"A626" [label="A"]
	"B625" -> "A626"
	"m627" [label="m",style=filled,fillcolor=powderblue]
	"A626" -> "m627"
	"[628" [label="[",style=filled,fillcolor=powderblue]
	"A626" -> "[628"
	"Expression629" [label="Expression"]
	"A626" -> "Expression629"
	"D630" [label="D"]
	"Expression629" -> "D630"
	"C631" [label="C"]
	"D630" -> "C631"
	"B632" [label="B"]
	"C631" -> "B632"
	"A633" [label="A"]
	"B632" -> "A633"
	"F634" [label="F"]
	"A633" -> "F634"
	"num635" [label="num",style=filled,fillcolor=powderblue]
	"F634" -> "num635"
	"Cprime636" [label="Cprime"]
	"C631" -> "Cprime636"
	"e637" [label="e"]
	"Cprime636" -> "e637"
	"Dprime638" [label="Dprime"]
	"D630" -> "Dprime638"
	"e639" [label="e"]
	"Dprime638" -> "e639"
	"Eprime640" [label="Eprime"]
	"Expression629" -> "Eprime640"
	"e641" [label="e"]
	"Eprime640" -> "e641"
	"]642" [label="]",style=filled,fillcolor=powderblue]
	"A626" -> "]642"
	"Cprime643" [label="Cprime"]
	"C624" -> "Cprime643"
	"e644" [label="e"]
	"Cprime643" -> "e644"
	"Dprime645" [label="Dprime"]
	"D623" -> "Dprime645"
	"e646" [label="e"]
	"Dprime645" -> "e646"
	"Eprime647" [label="Eprime"]
	"Expression622" -> "Eprime647"
	"-648" [label="-",style=filled,fillcolor=powderblue]
	"Eprime647" -> "-648"
	"D649" [label="D"]
	"Eprime647" -> "D649"
	"C650" [label="C"]
	"D649" -> "C650"
	"B651" [label="B"]
	"C650" -> "B651"
	"A652" [label="A"]
	"B651" -> "A652"
	"F653" [label="F"]
	"A652" -> "F653"
	"num654" [label="num",style=filled,fillcolor=powderblue]
	"F653" -> "num654"
	"Cprime655" [label="Cprime"]
	"C650" -> "Cprime655"
	"e656" [label="e"]
	"Cprime655" -> "e656"
	"Dprime657" [label="Dprime"]
	"D649" -> "Dprime657"
	"e658" [label="e"]
	"Dprime657" -> "e658"
	"Eprime659" [label="Eprime"]
	"Eprime647" -> "Eprime659"
	"e660" [label="e"]
	"Eprime659" -> "e660"
	")661" [label=")",style=filled,fillcolor=powderblue]
	"B620" -> ")661"
	"Cprime662" [label="Cprime"]
	"C619" -> "Cprime662"
	"e663" [label="e"]
	"Cprime662" -> "e663"
	"Dprime664" [label="Dprime"]
	"D618" -> "Dprime664"
	"e665" [label="e"]
	"Dprime664" -> "e665"
	"Eprime666" [label="Eprime"]
	"Eprime616" -> "Eprime666"
	"e667" [label="e"]
	"Eprime666" -> "e667"
	"Statementsprime668" [label="Statementsprime"]
	"Statementsprime585" -> "Statementsprime668"
	"Statement669" [label="Statement"]
	"Statementsprime668" -> "Statement669"
	"Jump670" [label="Jump"]
	"Statement669" -> "Jump670"
	"goto671" [label="goto",style=filled,fillcolor=powderblue]
	"Jump670" -> "goto671"
	"num672" [label="num",style=filled,fillcolor=powderblue]
	"Jump670" -> "num672"
	"if673" [label="if",style=filled,fillcolor=powderblue]
	"Jump670" -> "if673"
	"Expression674" [label="Expression"]
	"Jump670" -> "Expression674"
	"D675" [label="D"]
	"Expression674" -> "D675"
	"C676" [label="C"]
	"D675" -> "C676"
	"B677" [label="B"]
	"C676" -> "B677"
	"A678" [label="A"]
	"B677" -> "A678"
	"m679" [label="m",style=filled,fillcolor=powderblue]
	"A678" -> "m679"
	"[680" [label="[",style=filled,fillcolor=powderblue]
	"A678" -> "[680"
	"Expression681" [label="Expression"]
	"A678" -> "Expression681"
	"D682" [label="D"]
	"Expression681" -> "D682"
	"C683" [label="C"]
	"D682" -> "C683"
	"B684" [label="B"]
	"C683" -> "B684"
	"A685" [label="A"]
	"B684" -> "A685"
	"F686" [label="F"]
	"A685" -> "F686"
	"num687" [label="num",style=filled,fillcolor=powderblue]
	"F686" -> "num687"
	"Cprime688" [label="Cprime"]
	"C683" -> "Cprime688"
	"e689" [label="e"]
	"Cprime688" -> "e689"
	"Dprime690" [label="Dprime"]
	"D682" -> "Dprime690"
	"e691" [label="e"]
	"Dprime690" -> "e691"
	"Eprime692" [label="Eprime"]
	"Expression681" -> "Eprime692"
	"e693" [label="e"]
	"Eprime692" -> "e693"
	"]694" [label="]",style=filled,fillcolor=powderblue]
	"A678" -> "]694"
	"Cprime695" [label="Cprime"]
	"C676" -> "Cprime695"
	"e696" [label="e"]
	"Cprime695" -> "e696"
	"Dprime697" [label="Dprime"]
	"D675" -> "Dprime697"
	"e698" [label="e"]
	"Dprime697" -> "e698"
	"Eprime699" [label="Eprime"]
	"Expression674" -> "Eprime699"
	"e700" [label="e"]
	"Eprime699" -> "e700"
	"Statementsprime701" [label="Statementsprime"]
	"Statementsprime668" -> "Statementsprime701"
	"Statement702" [label="Statement"]
	"Statementsprime701" -> "Statement702"
	"Jump703" [label="Jump"]
	"Statement702" -> "Jump703"
	"goto704" [label="goto",style=filled,fillcolor=powderblue]
	"Jump703" -> "goto704"
	"num705" [label="num",style=filled,fillcolor=powderblue]
	"Jump703" -> "num705"
	"Statementsprime706" [label="Statementsprime"]
	"Statementsprime701" -> "Statementsprime706"
	"Statement707" [label="Statement"]
	"Statementsprime706" -> "Statement707"
	"Assignment708" [label="Assignment"]
	"Statement707" -> "Assignment708"
	"m709" [label="m",style=filled,fillcolor=powderblue]
	"Assignment708" -> "m709"
	"[710" [label="[",style=filled,fillcolor=powderblue]
	"Assignment708" -> "[710"
	"Expression711" [label="Expression"]
	"Assignment708" -> "Expression711"
	"D712" [label="D"]
	"Expression711" -> "D712"
	"C713" [label="C"]
	"D712" -> "C713"
	"B714" [label="B"]
	"C713" -> "B714"
	"A715" [label="A"]
	"B714" -> "A715"
	"F716" [label="F"]
	"A715" -> "F716"
	"num717" [label="num",style=filled,fillcolor=powderblue]
	"F716" -> "num717"
	"Cprime718" [label="Cprime"]
	"C713" -> "Cprime718"
	"e719" [label="e"]
	"Cprime718" -> "e719"
	"Dprime720" [label="Dprime"]
	"D712" -> "Dprime720"
	"e721" [label="e"]
	"Dprime720" -> "e721"
	"Eprime722" [label="Eprime"]
	"Expression711" -> "Eprime722"
	"e723" [label="e"]
	"Eprime722" -> "e723"
	"]724" [label="]",style=filled,fillcolor=powderblue]
	"Assignment708" -> "]724"
	"=725" [label="=",style=filled,fillcolor=powderblue]
	"Assignment708" -> "=725"
	"Expression726" [label="Expression"]
	"Assignment708" -> "Expression726"
	"D727" [label="D"]
	"Expression726" -> "D727"
	"C728" [label="C"]
	"D727" -> "C728"
	"B729" [label="B"]
	"C728" -> "B729"
	"A730" [label="A"]
	"B729" -> "A730"
	"F731" [label="F"]
	"A730" -> "F731"
	"num732" [label="num",style=filled,fillcolor=powderblue]
	"F731" -> "num732"
	"Cprime733" [label="Cprime"]
	"C728" -> "Cprime733"
	"e734" [label="e"]
	"Cprime733" -> "e734"
	"Dprime735" [label="Dprime"]
	"D727" -> "Dprime735"
	"e736" [label="e"]
	"Dprime735" -> "e736"
	"Eprime737" [label="Eprime"]
	"Expression726" -> "Eprime737"
	"+738" [label="+",style=filled,fillcolor=powderblue]
	"Eprime737" -> "+738"
	"D739" [label="D"]
	"Eprime737" -> "D739"
	"C740" [label="C"]
	"D739" -> "C740"
	"B741" [label="B"]
	"C740" -> "B741"
	"A742" [label="A"]
	"B741" -> "A742"
	"m743" [label="m",style=filled,fillcolor=powderblue]
	"A742" -> "m743"
	"[744" [label="[",style=filled,fillcolor=powderblue]
	"A742" -> "[744"
	"Expression745" [label="Expression"]
	"A742" -> "Expression745"
	"D746" [label="D"]
	"Expression745" -> "D746"
	"C747" [label="C"]
	"D746" -> "C747"
	"B748" [label="B"]
	"C747" -> "B748"
	"A749" [label="A"]
	"B748" -> "A749"
	"F750" [label="F"]
	"A749" -> "F750"
	"num751" [label="num",style=filled,fillcolor=powderblue]
	"F750" -> "num751"
	"Cprime752" [label="Cprime"]
	"C747" -> "Cprime752"
	"e753" [label="e"]
	"Cprime752" -> "e753"
	"Dprime754" [label="Dprime"]
	"D746" -> "Dprime754"
	"e755" [label="e"]
	"Dprime754" -> "e755"
	"Eprime756" [label="Eprime"]
	"Expression745" -> "Eprime756"
	"e757" [label="e"]
	"Eprime756" -> "e757"
	"]758" [label="]",style=filled,fillcolor=powderblue]
	"A742" -> "]758"
	"Cprime759" [label="Cprime"]
	"C740" -> "Cprime759"
	"e760" [label="e"]
	"Cprime759" -> "e760"
	"Dprime761" [label="Dprime"]
	"D739" -> "Dprime761"
	"e762" [label="e"]
	"Dprime761" -> "e762"
	"Eprime763" [label="Eprime"]
	"Eprime737" -> "Eprime763"
	"e764" [label="e"]
	"Eprime763" -> "e764"
	"Statementsprime765" [label="Statementsprime"]
	"Statementsprime706" -> "Statementsprime765"
	"Statement766" [label="Statement"]
	"Statementsprime765" -> "Statement766"
	"Assignment767" [label="Assignment"]
	"Statement766" -> "Assignment767"
	"m768" [label="m",style=filled,fillcolor=powderblue]
	"Assignment767" -> "m768"
	"[769" [label="[",style=filled,fillcolor=powderblue]
	"Assignment767" -> "[769"
	"Expression770" [label="Expression"]
	"Assignment767" -> "Expression770"
	"D771" [label="D"]
	"Expression770" -> "D771"
	"C772" [label="C"]
	"D771" -> "C772"
	"B773" [label="B"]
	"C772" -> "B773"
	"A774" [label="A"]
	"B773" -> "A774"
	"F775" [label="F"]
	"A774" -> "F775"
	"num776" [label="num",style=filled,fillcolor=powderblue]
	"F775" -> "num776"
	"Cprime777" [label="Cprime"]
	"C772" -> "Cprime777"
	"e778" [label="e"]
	"Cprime777" -> "e778"
	"Dprime779" [label="Dprime"]
	"D771" -> "Dprime779"
	"e780" [label="e"]
	"Dprime779" -> "e780"
	"Eprime781" [label="Eprime"]
	"Expression770" -> "Eprime781"
	"e782" [label="e"]
	"Eprime781" -> "e782"
	"]783" [label="]",style=filled,fillcolor=powderblue]
	"Assignment767" -> "]783"
	"=784" [label="=",style=filled,fillcolor=powderblue]
	"Assignment767" -> "=784"
	"Expression785" [label="Expression"]
	"Assignment767" -> "Expression785"
	"D786" [label="D"]
	"Expression785" -> "D786"
	"C787" [label="C"]
	"D786" -> "C787"
	"B788" [label="B"]
	"C787" -> "B788"
	"A789" [label="A"]
	"B788" -> "A789"
	"F790" [label="F"]
	"A789" -> "F790"
	"num791" [label="num",style=filled,fillcolor=powderblue]
	"F790" -> "num791"
	"Cprime792" [label="Cprime"]
	"C787" -> "Cprime792"
	"e793" [label="e"]
	"Cprime792" -> "e793"
	"Dprime794" [label="Dprime"]
	"D786" -> "Dprime794"
	"e795" [label="e"]
	"Dprime794" -> "e795"
	"Eprime796" [label="Eprime"]
	"Expression785" -> "Eprime796"
	"-797" [label="-",style=filled,fillcolor=powderblue]
	"Eprime796" -> "-797"
	"D798" [label="D"]
	"Eprime796" -> "D798"
	"C799" [label="C"]
	"D798" -> "C799"
	"B800" [label="B"]
	"C799" -> "B800"
	"A801" [label="A"]
	"B800" -> "A801"
	"m802" [label="m",style=filled,fillcolor=powderblue]
	"A801" -> "m802"
	"[803" [label="[",style=filled,fillcolor=powderblue]
	"A801" -> "[803"
	"Expression804" [label="Expression"]
	"A801" -> "Expression804"
	"D805" [label="D"]
	"Expression804" -> "D805"
	"C806" [label="C"]
	"D805" -> "C806"
	"B807" [label="B"]
	"C806" -> "B807"
	"A808" [label="A"]
	"B807" -> "A808"
	"F809" [label="F"]
	"A808" -> "F809"
	"num810" [label="num",style=filled,fillcolor=powderblue]
	"F809" -> "num810"
	"Cprime811" [label="Cprime"]
	"C806" -> "Cprime811"
	"**812" [label="**",style=filled,fillcolor=powderblue]
	"Cprime811" -> "**812"
	"B813" [label="B"]
	"Cprime811" -> "B813"
	"A814" [label="A"]
	"B813" -> "A814"
	"F815" [label="F"]
	"A814" -> "F815"
	"num816" [label="num",style=filled,fillcolor=powderblue]
	"F815" -> "num816"
	"Cprime817" [label="Cprime"]
	"Cprime811" -> "Cprime817"
	"e818" [label="e"]
	"Cprime817" -> "e818"
	"Dprime819" [label="Dprime"]
	"D805" -> "Dprime819"
	"*820" [label="*",style=filled,fillcolor=powderblue]
	"Dprime819" -> "*820"
	"C821" [label="C"]
	"Dprime819" -> "C821"
	"B822" [label="B"]
	"C821" -> "B822"
	"A823" [label="A"]
	"B822" -> "A823"
	"F824" [label="F"]
	"A823" -> "F824"
	"num825" [label="num",style=filled,fillcolor=powderblue]
	"F824" -> "num825"
	"Cprime826" [label="Cprime"]
	"C821" -> "Cprime826"
	"e827" [label="e"]
	"Cprime826" -> "e827"
	"Dprime828" [label="Dprime"]
	"Dprime819" -> "Dprime828"
	"e829" [label="e"]
	"Dprime828" -> "e829"
	"Eprime830" [label="Eprime"]
	"Expression804" -> "Eprime830"
	"-831" [label="-",style=filled,fillcolor=powderblue]
	"Eprime830" -> "-831"
	"D832" [label="D"]
	"Eprime830" -> "D832"
	"C833" [label="C"]
	"D832" -> "C833"
	"B834" [label="B"]
	"C833" -> "B834"
	"A835" [label="A"]
	"B834" -> "A835"
	"F836" [label="F"]
	"A835" -> "F836"
	"num837" [label="num",style=filled,fillcolor=powderblue]
	"F836" -> "num837"
	"Cprime838" [label="Cprime"]
	"C833" -> "Cprime838"
	"e839" [label="e"]
	"Cprime838" -> "e839"
	"Dprime840" [label="Dprime"]
	"D832" -> "Dprime840"
	"e841" [label="e"]
	"Dprime840" -> "e841"
	"Eprime842" [label="Eprime"]
	"Eprime830" -> "Eprime842"
	"e843" [label="e"]
	"Eprime842" -> "e843"
	"]844" [label="]",style=filled,fillcolor=powderblue]
	"A801" -> "]844"
	"Cprime845" [label="Cprime"]
	"C799" -> "Cprime845"
	"e846" [label="e"]
	"Cprime845" -> "e846"
	"Dprime847" [label="Dprime"]
	"D798" -> "Dprime847"
	"e848" [label="e"]
	"Dprime847" -> "e848"
	"Eprime849" [label="Eprime"]
	"Eprime796" -> "Eprime849"
	"-850" [label="-",style=filled,fillcolor=powderblue]
	"Eprime849" -> "-850"
	"D851" [label="D"]
	"Eprime849" -> "D851"
	"C852" [label="C"]
	"D851" -> "C852"
	"B853" [label="B"]
	"C852" -> "B853"
	"A854" [label="A"]
	"B853" -> "A854"
	"F855" [label="F"]
	"A854" -> "F855"
	"num856" [label="num",style=filled,fillcolor=powderblue]
	"F855" -> "num856"
	"Cprime857" [label="Cprime"]
	"C852" -> "Cprime857"
	"e858" [label="e"]
	"Cprime857" -> "e858"
	"Dprime859" [label="Dprime"]
	"D851" -> "Dprime859"
	"e860" [label="e"]
	"Dprime859" -> "e860"
	"Eprime861" [label="Eprime"]
	"Eprime849" -> "Eprime861"
	"e862" [label="e"]
	"Eprime861" -> "e862"
	"Statementsprime863" [label="Statementsprime"]
	"Statementsprime765" -> "Statementsprime863"
	"Statement864" [label="Statement"]
	"Statementsprime863" -> "Statement864"
	"Label865" [label="Label"]
	"Statement864" -> "Label865"
	"L866" [label="L",style=filled,fillcolor=powderblue]
	"Label865" -> "L866"
	"num867" [label="num",style=filled,fillcolor=powderblue]
	"Label865" -> "num867"
	":868" [label=":",style=filled,fillcolor=powderblue]
	"Label865" -> ":868"
	"Statementsprime869" [label="Statementsprime"]
	"Statementsprime863" -> "Statementsprime869"
	"Statement870" [label="Statement"]
	"Statementsprime869" -> "Statement870"
	"Assignment871" [label="Assignment"]
	"Statement870" -> "Assignment871"
	"m872" [label="m",style=filled,fillcolor=powderblue]
	"Assignment871" -> "m872"
	"[873" [label="[",style=filled,fillcolor=powderblue]
	"Assignment871" -> "[873"
	"Expression874" [label="Expression"]
	"Assignment871" -> "Expression874"
	"D875" [label="D"]
	"Expression874" -> "D875"
	"C876" [label="C"]
	"D875" -> "C876"
	"B877" [label="B"]
	"C876" -> "B877"
	"A878" [label="A"]
	"B877" -> "A878"
	"F879" [label="F"]
	"A878" -> "F879"
	"num880" [label="num",style=filled,fillcolor=powderblue]
	"F879" -> "num880"
	"Cprime881" [label="Cprime"]
	"C876" -> "Cprime881"
	"e882" [label="e"]
	"Cprime881" -> "e882"
	"Dprime883" [label="Dprime"]
	"D875" -> "Dprime883"
	"e884" [label="e"]
	"Dprime883" -> "e884"
	"Eprime885" [label="Eprime"]
	"Expression874" -> "Eprime885"
	"e886" [label="e"]
	"Eprime885" -> "e886"
	"]887" [label="]",style=filled,fillcolor=powderblue]
	"Assignment871" -> "]887"
	"=888" [label="=",style=filled,fillcolor=powderblue]
	"Assignment871" -> "=888"
	"Expression889" [label="Expression"]
	"Assignment871" -> "Expression889"
	"D890" [label="D"]
	"Expression889" -> "D890"
	"C891" [label="C"]
	"D890" -> "C891"
	"B892" [label="B"]
	"C891" -> "B892"
	"A893" [label="A"]
	"B892" -> "A893"
	"F894" [label="F"]
	"A893" -> "F894"
	"num895" [label="num",style=filled,fillcolor=powderblue]
	"F894" -> "num895"
	"Cprime896" [label="Cprime"]
	"C891" -> "Cprime896"
	"e897" [label="e"]
	"Cprime896" -> "e897"
	"Dprime898" [label="Dprime"]
	"D890" -> "Dprime898"
	"e899" [label="e"]
	"Dprime898" -> "e899"
	"Eprime900" [label="Eprime"]
	"Expression889" -> "Eprime900"
	"-901" [label="-",style=filled,fillcolor=powderblue]
	"Eprime900" -> "-901"
	"D902" [label="D"]
	"Eprime900" -> "D902"
	"C903" [label="C"]
	"D902" -> "C903"
	"B904" [label="B"]
	"C903" -> "B904"
	"(905" [label="(",style=filled,fillcolor=powderblue]
	"B904" -> "(905"
	"Expression906" [label="Expression"]
	"B904" -> "Expression906"
	"D907" [label="D"]
	"Expression906" -> "D907"
	"C908" [label="C"]
	"D907" -> "C908"
	"B909" [label="B"]
	"C908" -> "B909"
	"A910" [label="A"]
	"B909" -> "A910"
	"m911" [label="m",style=filled,fillcolor=powderblue]
	"A910" -> "m911"
	"[912" [label="[",style=filled,fillcolor=powderblue]
	"A910" -> "[912"
	"Expression913" [label="Expression"]
	"A910" -> "Expression913"
	"D914" [label="D"]
	"Expression913" -> "D914"
	"C915" [label="C"]
	"D914" -> "C915"
	"B916" [label="B"]
	"C915" -> "B916"
	"A917" [label="A"]
	"B916" -> "A917"
	"F918" [label="F"]
	"A917" -> "F918"
	"num919" [label="num",style=filled,fillcolor=powderblue]
	"F918" -> "num919"
	"Cprime920" [label="Cprime"]
	"C915" -> "Cprime920"
	"e921" [label="e"]
	"Cprime920" -> "e921"
	"Dprime922" [label="Dprime"]
	"D914" -> "Dprime922"
	"e923" [label="e"]
	"Dprime922" -> "e923"
	"Eprime924" [label="Eprime"]
	"Expression913" -> "Eprime924"
	"e925" [label="e"]
	"Eprime924" -> "e925"
	"]926" [label="]",style=filled,fillcolor=powderblue]
	"A910" -> "]926"
	"Cprime927" [label="Cprime"]
	"C908" -> "Cprime927"
	"e928" [label="e"]
	"Cprime927" -> "e928"
	"Dprime929" [label="Dprime"]
	"D907" -> "Dprime929"
	"e930" [label="e"]
	"Dprime929" -> "e930"
	"Eprime931" [label="Eprime"]
	"Expression906" -> "Eprime931"
	"-932" [label="-",style=filled,fillcolor=powderblue]
	"Eprime931" -> "-932"
	"D933" [label="D"]
	"Eprime931" -> "D933"
	"C934" [label="C"]
	"D933" -> "C934"
	"B935" [label="B"]
	"C934" -> "B935"
	"A936" [label="A"]
	"B935" -> "A936"
	"F937" [label="F"]
	"A936" -> "F937"
	"num938" [label="num",style=filled,fillcolor=powderblue]
	"F937" -> "num938"
	"Cprime939" [label="Cprime"]
	"C934" -> "Cprime939"
	"e940" [label="e"]
	"Cprime939" -> "e940"
	"Dprime941" [label="Dprime"]
	"D933" -> "Dprime941"
	"e942" [label="e"]
	"Dprime941" -> "e942"
	"Eprime943" [label="Eprime"]
	"Eprime931" -> "Eprime943"
	"e944" [label="e"]
	"Eprime943" -> "e944"
	")945" [label=")",style=filled,fillcolor=powderblue]
	"B904" -> ")945"
	"Cprime946" [label="Cprime"]
	"C903" -> "Cprime946"
	"e947" [label="e"]
	"Cprime946" -> "e947"
	"Dprime948" [label="Dprime"]
	"D902" -> "Dprime948"
	"e949" [label="e"]
	"Dprime948" -> "e949"
	"Eprime950" [label="Eprime"]
	"Eprime900" -> "Eprime950"
	"e951" [label="e"]
	"Eprime950" -> "e951"
	"Statementsprime952" [label="Statementsprime"]
	"Statementsprime869" -> "Statementsprime952"
	"Statement953" [label="Statement"]
	"Statementsprime952" -> "Statement953"
	"Assignment954" [label="Assignment"]
	"Statement953" -> "Assignment954"
	"m955" [label="m",style=filled,fillcolor=powderblue]
	"Assignment954" -> "m955"
	"[956" [label="[",style=filled,fillcolor=powderblue]
	"Assignment954" -> "[956"
	"Expression957" [label="Expression"]
	"Assignment954" -> "Expression957"
	"D958" [label="D"]
	"Expression957" -> "D958"
	"C959" [label="C"]
	"D958" -> "C959"
	"B960" [label="B"]
	"C959" -> "B960"
	"A961" [label="A"]
	"B960" -> "A961"
	"F962" [label="F"]
	"A961" -> "F962"
	"num963" [label="num",style=filled,fillcolor=powderblue]
	"F962" -> "num963"
	"Cprime964" [label="Cprime"]
	"C959" -> "Cprime964"
	"e965" [label="e"]
	"Cprime964" -> "e965"
	"Dprime966" [label="Dprime"]
	"D958" -> "Dprime966"
	"e967" [label="e"]
	"Dprime966" -> "e967"
	"Eprime968" [label="Eprime"]
	"Expression957" -> "Eprime968"
	"e969" [label="e"]
	"Eprime968" -> "e969"
	"]970" [label="]",style=filled,fillcolor=powderblue]
	"Assignment954" -> "]970"
	"=971" [label="=",style=filled,fillcolor=powderblue]
	"Assignment954" -> "=971"
	"Expression972" [label="Expression"]
	"Assignment954" -> "Expression972"
	"D973" [label="D"]
	"Expression972" -> "D973"
	"C974" [label="C"]
	"D973" -> "C974"
	"B975" [label="B"]
	"C974" -> "B975"
	"A976" [label="A"]
	"B975" -> "A976"
	"F977" [label="F"]
	"A976" -> "F977"
	"num978" [label="num",style=filled,fillcolor=powderblue]
	"F977" -> "num978"
	"Cprime979" [label="Cprime"]
	"C974" -> "Cprime979"
	"e980" [label="e"]
	"Cprime979" -> "e980"
	"Dprime981" [label="Dprime"]
	"D973" -> "Dprime981"
	"/982" [label="/",style=filled,fillcolor=powderblue]
	"Dprime981" -> "/982"
	"C983" [label="C"]
	"Dprime981" -> "C983"
	"B984" [label="B"]
	"C983" -> "B984"
	"A985" [label="A"]
	"B984" -> "A985"
	"F986" [label="F"]
	"A985" -> "F986"
	"num987" [label="num",style=filled,fillcolor=powderblue]
	"F986" -> "num987"
	"Cprime988" [label="Cprime"]
	"C983" -> "Cprime988"
	"e989" [label="e"]
	"Cprime988" -> "e989"
	"Dprime990" [label="Dprime"]
	"Dprime981" -> "Dprime990"
	"*991" [label="*",style=filled,fillcolor=powderblue]
	"Dprime990" -> "*991"
	"C992" [label="C"]
	"Dprime990" -> "C992"
	"B993" [label="B"]
	"C992" -> "B993"
	"A994" [label="A"]
	"B993" -> "A994"
	"F995" [label="F"]
	"A994" -> "F995"
	"num996" [label="num",style=filled,fillcolor=powderblue]
	"F995" -> "num996"
	"Cprime997" [label="Cprime"]
	"C992" -> "Cprime997"
	"e998" [label="e"]
	"Cprime997" -> "e998"
	"Dprime999" [label="Dprime"]
	"Dprime990" -> "Dprime999"
	"e1000" [label="e"]
	"Dprime999" -> "e1000"
	"Eprime1001" [label="Eprime"]
	"Expression972" -> "Eprime1001"
	"e1002" [label="e"]
	"Eprime1001" -> "e1002"
	"Statementsprime1003" [label="Statementsprime"]
	"Statementsprime952" -> "Statementsprime1003"
	"e1004" [label="e"]
	"Statementsprime1003" -> "e1004"
};
