digraph G {
	"Start1" [label="Start"]
	"Statements2" [label="Statements"]
	"Start1" -> "Statements2"
	"Statement3" [label="Statement"]
	"Statements2" -> "Statement3"
	"Assignment4" [label="Assignment"]
	"Statement3" -> "Assignment4"
	"m5" [label="m",style=filled,fillcolor=powderblue]
	"Assignment4" -> "m5"
	"[6" [label="[",style=filled,fillcolor=powderblue]
	"Assignment4" -> "[6"
	"Expression7" [label="Expression"]
	"Assignment4" -> "Expression7"
	"Multiplication8" [label="Multiplication"]
	"Expression7" -> "Multiplication8"
	"Exponent9" [label="Exponent"]
	"Multiplication8" -> "Exponent9"
	"Parentheses10" [label="Parentheses"]
	"Exponent9" -> "Parentheses10"
	"Identification11" [label="Identification"]
	"Parentheses10" -> "Identification11"
	"num12" [label="num",style=filled,fillcolor=powderblue]
	"Identification11" -> "num12"
	"Exponent Prime13" [label="Exponent Prime"]
	"Exponent9" -> "Exponent Prime13"
	"e14" [label="e"]
	"Exponent Prime13" -> "e14"
	"Multiplication Prime15" [label="Multiplication Prime"]
	"Multiplication8" -> "Multiplication Prime15"
	"e16" [label="e"]
	"Multiplication Prime15" -> "e16"
	"Expression Prime17" [label="Expression Prime"]
	"Expression7" -> "Expression Prime17"
	"e18" [label="e"]
	"Expression Prime17" -> "e18"
	"]19" [label="]",style=filled,fillcolor=powderblue]
	"Assignment4" -> "]19"
	"=20" [label="=",style=filled,fillcolor=powderblue]
	"Assignment4" -> "=20"
	"Expression21" [label="Expression"]
	"Assignment4" -> "Expression21"
	"Multiplication22" [label="Multiplication"]
	"Expression21" -> "Multiplication22"
	"Exponent23" [label="Exponent"]
	"Multiplication22" -> "Exponent23"
	"Parentheses24" [label="Parentheses"]
	"Exponent23" -> "Parentheses24"
	"Identification25" [label="Identification"]
	"Parentheses24" -> "Identification25"
	"num26" [label="num",style=filled,fillcolor=powderblue]
	"Identification25" -> "num26"
	"Exponent Prime27" [label="Exponent Prime"]
	"Exponent23" -> "Exponent Prime27"
	"e28" [label="e"]
	"Exponent Prime27" -> "e28"
	"Multiplication Prime29" [label="Multiplication Prime"]
	"Multiplication22" -> "Multiplication Prime29"
	"e30" [label="e"]
	"Multiplication Prime29" -> "e30"
	"Expression Prime31" [label="Expression Prime"]
	"Expression21" -> "Expression Prime31"
	"-32" [label="-",style=filled,fillcolor=powderblue]
	"Expression Prime31" -> "-32"
	"Multiplication33" [label="Multiplication"]
	"Expression Prime31" -> "Multiplication33"
	"Exponent34" [label="Exponent"]
	"Multiplication33" -> "Exponent34"
	"Parentheses35" [label="Parentheses"]
	"Exponent34" -> "Parentheses35"
	"(36" [label="(",style=filled,fillcolor=powderblue]
	"Parentheses35" -> "(36"
	"Expression37" [label="Expression"]
	"Parentheses35" -> "Expression37"
	"Multiplication38" [label="Multiplication"]
	"Expression37" -> "Multiplication38"
	"Exponent39" [label="Exponent"]
	"Multiplication38" -> "Exponent39"
	"Parentheses40" [label="Parentheses"]
	"Exponent39" -> "Parentheses40"
	"Identification41" [label="Identification"]
	"Parentheses40" -> "Identification41"
	"num42" [label="num",style=filled,fillcolor=powderblue]
	"Identification41" -> "num42"
	"Exponent Prime43" [label="Exponent Prime"]
	"Exponent39" -> "Exponent Prime43"
	"e44" [label="e"]
	"Exponent Prime43" -> "e44"
	"Multiplication Prime45" [label="Multiplication Prime"]
	"Multiplication38" -> "Multiplication Prime45"
	"e46" [label="e"]
	"Multiplication Prime45" -> "e46"
	"Expression Prime47" [label="Expression Prime"]
	"Expression37" -> "Expression Prime47"
	"-48" [label="-",style=filled,fillcolor=powderblue]
	"Expression Prime47" -> "-48"
	"Multiplication49" [label="Multiplication"]
	"Expression Prime47" -> "Multiplication49"
	"Exponent50" [label="Exponent"]
	"Multiplication49" -> "Exponent50"
	"Parentheses51" [label="Parentheses"]
	"Exponent50" -> "Parentheses51"
	"Identification52" [label="Identification"]
	"Parentheses51" -> "Identification52"
	"num53" [label="num",style=filled,fillcolor=powderblue]
	"Identification52" -> "num53"
	"Exponent Prime54" [label="Exponent Prime"]
	"Exponent50" -> "Exponent Prime54"
	"e55" [label="e"]
	"Exponent Prime54" -> "e55"
	"Multiplication Prime56" [label="Multiplication Prime"]
	"Multiplication49" -> "Multiplication Prime56"
	"e57" [label="e"]
	"Multiplication Prime56" -> "e57"
	"Expression Prime58" [label="Expression Prime"]
	"Expression Prime47" -> "Expression Prime58"
	"e59" [label="e"]
	"Expression Prime58" -> "e59"
	")60" [label=")",style=filled,fillcolor=powderblue]
	"Parentheses35" -> ")60"
	"Exponent Prime61" [label="Exponent Prime"]
	"Exponent34" -> "Exponent Prime61"
	"e62" [label="e"]
	"Exponent Prime61" -> "e62"
	"Multiplication Prime63" [label="Multiplication Prime"]
	"Multiplication33" -> "Multiplication Prime63"
	"e64" [label="e"]
	"Multiplication Prime63" -> "e64"
	"Expression Prime65" [label="Expression Prime"]
	"Expression Prime31" -> "Expression Prime65"
	"e66" [label="e"]
	"Expression Prime65" -> "e66"
	"Statements Prime67" [label="Statements Prime"]
	"Statements2" -> "Statements Prime67"
	"Statement68" [label="Statement"]
	"Statements Prime67" -> "Statement68"
	"Assignment69" [label="Assignment"]
	"Statement68" -> "Assignment69"
	"m70" [label="m",style=filled,fillcolor=powderblue]
	"Assignment69" -> "m70"
	"[71" [label="[",style=filled,fillcolor=powderblue]
	"Assignment69" -> "[71"
	"Expression72" [label="Expression"]
	"Assignment69" -> "Expression72"
	"Multiplication73" [label="Multiplication"]
	"Expression72" -> "Multiplication73"
	"Exponent74" [label="Exponent"]
	"Multiplication73" -> "Exponent74"
	"Parentheses75" [label="Parentheses"]
	"Exponent74" -> "Parentheses75"
	"Identification76" [label="Identification"]
	"Parentheses75" -> "Identification76"
	"num77" [label="num",style=filled,fillcolor=powderblue]
	"Identification76" -> "num77"
	"Exponent Prime78" [label="Exponent Prime"]
	"Exponent74" -> "Exponent Prime78"
	"e79" [label="e"]
	"Exponent Prime78" -> "e79"
	"Multiplication Prime80" [label="Multiplication Prime"]
	"Multiplication73" -> "Multiplication Prime80"
	"e81" [label="e"]
	"Multiplication Prime80" -> "e81"
	"Expression Prime82" [label="Expression Prime"]
	"Expression72" -> "Expression Prime82"
	"e83" [label="e"]
	"Expression Prime82" -> "e83"
	"]84" [label="]",style=filled,fillcolor=powderblue]
	"Assignment69" -> "]84"
	"=85" [label="=",style=filled,fillcolor=powderblue]
	"Assignment69" -> "=85"
	"Expression86" [label="Expression"]
	"Assignment69" -> "Expression86"
	"Multiplication87" [label="Multiplication"]
	"Expression86" -> "Multiplication87"
	"Exponent88" [label="Exponent"]
	"Multiplication87" -> "Exponent88"
	"Parentheses89" [label="Parentheses"]
	"Exponent88" -> "Parentheses89"
	"Identification90" [label="Identification"]
	"Parentheses89" -> "Identification90"
	"num91" [label="num",style=filled,fillcolor=powderblue]
	"Identification90" -> "num91"
	"Exponent Prime92" [label="Exponent Prime"]
	"Exponent88" -> "Exponent Prime92"
	"e93" [label="e"]
	"Exponent Prime92" -> "e93"
	"Multiplication Prime94" [label="Multiplication Prime"]
	"Multiplication87" -> "Multiplication Prime94"
	"e95" [label="e"]
	"Multiplication Prime94" -> "e95"
	"Expression Prime96" [label="Expression Prime"]
	"Expression86" -> "Expression Prime96"
	"-97" [label="-",style=filled,fillcolor=powderblue]
	"Expression Prime96" -> "-97"
	"Multiplication98" [label="Multiplication"]
	"Expression Prime96" -> "Multiplication98"
	"Exponent99" [label="Exponent"]
	"Multiplication98" -> "Exponent99"
	"Parentheses100" [label="Parentheses"]
	"Exponent99" -> "Parentheses100"
	"Identification101" [label="Identification"]
	"Parentheses100" -> "Identification101"
	"m102" [label="m",style=filled,fillcolor=powderblue]
	"Identification101" -> "m102"
	"[103" [label="[",style=filled,fillcolor=powderblue]
	"Identification101" -> "[103"
	"Expression104" [label="Expression"]
	"Identification101" -> "Expression104"
	"Multiplication105" [label="Multiplication"]
	"Expression104" -> "Multiplication105"
	"Exponent106" [label="Exponent"]
	"Multiplication105" -> "Exponent106"
	"Parentheses107" [label="Parentheses"]
	"Exponent106" -> "Parentheses107"
	"(108" [label="(",style=filled,fillcolor=powderblue]
	"Parentheses107" -> "(108"
	"Expression109" [label="Expression"]
	"Parentheses107" -> "Expression109"
	"Multiplication110" [label="Multiplication"]
	"Expression109" -> "Multiplication110"
	"Exponent111" [label="Exponent"]
	"Multiplication110" -> "Exponent111"
	"Parentheses112" [label="Parentheses"]
	"Exponent111" -> "Parentheses112"
	"Identification113" [label="Identification"]
	"Parentheses112" -> "Identification113"
	"num114" [label="num",style=filled,fillcolor=powderblue]
	"Identification113" -> "num114"
	"Exponent Prime115" [label="Exponent Prime"]
	"Exponent111" -> "Exponent Prime115"
	"e116" [label="e"]
	"Exponent Prime115" -> "e116"
	"Multiplication Prime117" [label="Multiplication Prime"]
	"Multiplication110" -> "Multiplication Prime117"
	"e118" [label="e"]
	"Multiplication Prime117" -> "e118"
	"Expression Prime119" [label="Expression Prime"]
	"Expression109" -> "Expression Prime119"
	"-120" [label="-",style=filled,fillcolor=powderblue]
	"Expression Prime119" -> "-120"
	"Multiplication121" [label="Multiplication"]
	"Expression Prime119" -> "Multiplication121"
	"Exponent122" [label="Exponent"]
	"Multiplication121" -> "Exponent122"
	"Parentheses123" [label="Parentheses"]
	"Exponent122" -> "Parentheses123"
	"Identification124" [label="Identification"]
	"Parentheses123" -> "Identification124"
	"num125" [label="num",style=filled,fillcolor=powderblue]
	"Identification124" -> "num125"
	"Exponent Prime126" [label="Exponent Prime"]
	"Exponent122" -> "Exponent Prime126"
	"e127" [label="e"]
	"Exponent Prime126" -> "e127"
	"Multiplication Prime128" [label="Multiplication Prime"]
	"Multiplication121" -> "Multiplication Prime128"
	"e129" [label="e"]
	"Multiplication Prime128" -> "e129"
	"Expression Prime130" [label="Expression Prime"]
	"Expression Prime119" -> "Expression Prime130"
	"e131" [label="e"]
	"Expression Prime130" -> "e131"
	")132" [label=")",style=filled,fillcolor=powderblue]
	"Parentheses107" -> ")132"
	"Exponent Prime133" [label="Exponent Prime"]
	"Exponent106" -> "Exponent Prime133"
	"e134" [label="e"]
	"Exponent Prime133" -> "e134"
	"Multiplication Prime135" [label="Multiplication Prime"]
	"Multiplication105" -> "Multiplication Prime135"
	"e136" [label="e"]
	"Multiplication Prime135" -> "e136"
	"Expression Prime137" [label="Expression Prime"]
	"Expression104" -> "Expression Prime137"
	"e138" [label="e"]
	"Expression Prime137" -> "e138"
	"]139" [label="]",style=filled,fillcolor=powderblue]
	"Identification101" -> "]139"
	"Exponent Prime140" [label="Exponent Prime"]
	"Exponent99" -> "Exponent Prime140"
	"e141" [label="e"]
	"Exponent Prime140" -> "e141"
	"Multiplication Prime142" [label="Multiplication Prime"]
	"Multiplication98" -> "Multiplication Prime142"
	"e143" [label="e"]
	"Multiplication Prime142" -> "e143"
	"Expression Prime144" [label="Expression Prime"]
	"Expression Prime96" -> "Expression Prime144"
	"e145" [label="e"]
	"Expression Prime144" -> "e145"
	"Statements Prime146" [label="Statements Prime"]
	"Statements Prime67" -> "Statements Prime146"
	"Statement147" [label="Statement"]
	"Statements Prime146" -> "Statement147"
	"Print148" [label="Print"]
	"Statement147" -> "Print148"
	"print149" [label="print",style=filled,fillcolor=powderblue]
	"Print148" -> "print149"
	"Expression150" [label="Expression"]
	"Print148" -> "Expression150"
	"Multiplication151" [label="Multiplication"]
	"Expression150" -> "Multiplication151"
	"Exponent152" [label="Exponent"]
	"Multiplication151" -> "Exponent152"
	"Parentheses153" [label="Parentheses"]
	"Exponent152" -> "Parentheses153"
	"Identification154" [label="Identification"]
	"Parentheses153" -> "Identification154"
	"m155" [label="m",style=filled,fillcolor=powderblue]
	"Identification154" -> "m155"
	"[156" [label="[",style=filled,fillcolor=powderblue]
	"Identification154" -> "[156"
	"Expression157" [label="Expression"]
	"Identification154" -> "Expression157"
	"Multiplication158" [label="Multiplication"]
	"Expression157" -> "Multiplication158"
	"Exponent159" [label="Exponent"]
	"Multiplication158" -> "Exponent159"
	"Parentheses160" [label="Parentheses"]
	"Exponent159" -> "Parentheses160"
	"Identification161" [label="Identification"]
	"Parentheses160" -> "Identification161"
	"num162" [label="num",style=filled,fillcolor=powderblue]
	"Identification161" -> "num162"
	"Exponent Prime163" [label="Exponent Prime"]
	"Exponent159" -> "Exponent Prime163"
	"e164" [label="e"]
	"Exponent Prime163" -> "e164"
	"Multiplication Prime165" [label="Multiplication Prime"]
	"Multiplication158" -> "Multiplication Prime165"
	"e166" [label="e"]
	"Multiplication Prime165" -> "e166"
	"Expression Prime167" [label="Expression Prime"]
	"Expression157" -> "Expression Prime167"
	"e168" [label="e"]
	"Expression Prime167" -> "e168"
	"]169" [label="]",style=filled,fillcolor=powderblue]
	"Identification154" -> "]169"
	"Exponent Prime170" [label="Exponent Prime"]
	"Exponent152" -> "Exponent Prime170"
	"e171" [label="e"]
	"Exponent Prime170" -> "e171"
	"Multiplication Prime172" [label="Multiplication Prime"]
	"Multiplication151" -> "Multiplication Prime172"
	"e173" [label="e"]
	"Multiplication Prime172" -> "e173"
	"Expression Prime174" [label="Expression Prime"]
	"Expression150" -> "Expression Prime174"
	"e175" [label="e"]
	"Expression Prime174" -> "e175"
	"Statements Prime176" [label="Statements Prime"]
	"Statements Prime146" -> "Statements Prime176"
	"Statement177" [label="Statement"]
	"Statements Prime176" -> "Statement177"
	"Jump178" [label="Jump"]
	"Statement177" -> "Jump178"
	"goto179" [label="goto",style=filled,fillcolor=powderblue]
	"Jump178" -> "goto179"
	"num180" [label="num",style=filled,fillcolor=powderblue]
	"Jump178" -> "num180"
	"Jump Prime181" [label="Jump Prime"]
	"Jump178" -> "Jump Prime181"
	"if182" [label="if",style=filled,fillcolor=powderblue]
	"Jump Prime181" -> "if182"
	"Expression183" [label="Expression"]
	"Jump Prime181" -> "Expression183"
	"Multiplication184" [label="Multiplication"]
	"Expression183" -> "Multiplication184"
	"Exponent185" [label="Exponent"]
	"Multiplication184" -> "Exponent185"
	"Parentheses186" [label="Parentheses"]
	"Exponent185" -> "Parentheses186"
	"Identification187" [label="Identification"]
	"Parentheses186" -> "Identification187"
	"m188" [label="m",style=filled,fillcolor=powderblue]
	"Identification187" -> "m188"
	"[189" [label="[",style=filled,fillcolor=powderblue]
	"Identification187" -> "[189"
	"Expression190" [label="Expression"]
	"Identification187" -> "Expression190"
	"Multiplication191" [label="Multiplication"]
	"Expression190" -> "Multiplication191"
	"Exponent192" [label="Exponent"]
	"Multiplication191" -> "Exponent192"
	"Parentheses193" [label="Parentheses"]
	"Exponent192" -> "Parentheses193"
	"Identification194" [label="Identification"]
	"Parentheses193" -> "Identification194"
	"num195" [label="num",style=filled,fillcolor=powderblue]
	"Identification194" -> "num195"
	"Exponent Prime196" [label="Exponent Prime"]
	"Exponent192" -> "Exponent Prime196"
	"e197" [label="e"]
	"Exponent Prime196" -> "e197"
	"Multiplication Prime198" [label="Multiplication Prime"]
	"Multiplication191" -> "Multiplication Prime198"
	"e199" [label="e"]
	"Multiplication Prime198" -> "e199"
	"Expression Prime200" [label="Expression Prime"]
	"Expression190" -> "Expression Prime200"
	"e201" [label="e"]
	"Expression Prime200" -> "e201"
	"]202" [label="]",style=filled,fillcolor=powderblue]
	"Identification187" -> "]202"
	"Exponent Prime203" [label="Exponent Prime"]
	"Exponent185" -> "Exponent Prime203"
	"e204" [label="e"]
	"Exponent Prime203" -> "e204"
	"Multiplication Prime205" [label="Multiplication Prime"]
	"Multiplication184" -> "Multiplication Prime205"
	"e206" [label="e"]
	"Multiplication Prime205" -> "e206"
	"Expression Prime207" [label="Expression Prime"]
	"Expression183" -> "Expression Prime207"
	"e208" [label="e"]
	"Expression Prime207" -> "e208"
	"Statements Prime209" [label="Statements Prime"]
	"Statements Prime176" -> "Statements Prime209"
	"Statement210" [label="Statement"]
	"Statements Prime209" -> "Statement210"
	"Print211" [label="Print"]
	"Statement210" -> "Print211"
	"print212" [label="print",style=filled,fillcolor=powderblue]
	"Print211" -> "print212"
	"Expression213" [label="Expression"]
	"Print211" -> "Expression213"
	"Multiplication214" [label="Multiplication"]
	"Expression213" -> "Multiplication214"
	"Exponent215" [label="Exponent"]
	"Multiplication214" -> "Exponent215"
	"Parentheses216" [label="Parentheses"]
	"Exponent215" -> "Parentheses216"
	"Identification217" [label="Identification"]
	"Parentheses216" -> "Identification217"
	"m218" [label="m",style=filled,fillcolor=powderblue]
	"Identification217" -> "m218"
	"[219" [label="[",style=filled,fillcolor=powderblue]
	"Identification217" -> "[219"
	"Expression220" [label="Expression"]
	"Identification217" -> "Expression220"
	"Multiplication221" [label="Multiplication"]
	"Expression220" -> "Multiplication221"
	"Exponent222" [label="Exponent"]
	"Multiplication221" -> "Exponent222"
	"Parentheses223" [label="Parentheses"]
	"Exponent222" -> "Parentheses223"
	"Identification224" [label="Identification"]
	"Parentheses223" -> "Identification224"
	"num225" [label="num",style=filled,fillcolor=powderblue]
	"Identification224" -> "num225"
	"Exponent Prime226" [label="Exponent Prime"]
	"Exponent222" -> "Exponent Prime226"
	"e227" [label="e"]
	"Exponent Prime226" -> "e227"
	"Multiplication Prime228" [label="Multiplication Prime"]
	"Multiplication221" -> "Multiplication Prime228"
	"e229" [label="e"]
	"Multiplication Prime228" -> "e229"
	"Expression Prime230" [label="Expression Prime"]
	"Expression220" -> "Expression Prime230"
	"e231" [label="e"]
	"Expression Prime230" -> "e231"
	"]232" [label="]",style=filled,fillcolor=powderblue]
	"Identification217" -> "]232"
	"Exponent Prime233" [label="Exponent Prime"]
	"Exponent215" -> "Exponent Prime233"
	"e234" [label="e"]
	"Exponent Prime233" -> "e234"
	"Multiplication Prime235" [label="Multiplication Prime"]
	"Multiplication214" -> "Multiplication Prime235"
	"e236" [label="e"]
	"Multiplication Prime235" -> "e236"
	"Expression Prime237" [label="Expression Prime"]
	"Expression213" -> "Expression Prime237"
	"e238" [label="e"]
	"Expression Prime237" -> "e238"
	"Statements Prime239" [label="Statements Prime"]
	"Statements Prime209" -> "Statements Prime239"
	"Statement240" [label="Statement"]
	"Statements Prime239" -> "Statement240"
	"Jump241" [label="Jump"]
	"Statement240" -> "Jump241"
	"goto242" [label="goto",style=filled,fillcolor=powderblue]
	"Jump241" -> "goto242"
	"num243" [label="num",style=filled,fillcolor=powderblue]
	"Jump241" -> "num243"
	"Jump Prime244" [label="Jump Prime"]
	"Jump241" -> "Jump Prime244"
	"e245" [label="e"]
	"Jump Prime244" -> "e245"
	"Statements Prime246" [label="Statements Prime"]
	"Statements Prime239" -> "Statements Prime246"
	"Statement247" [label="Statement"]
	"Statements Prime246" -> "Statement247"
	"Print248" [label="Print"]
	"Statement247" -> "Print248"
	"print249" [label="print",style=filled,fillcolor=powderblue]
	"Print248" -> "print249"
	"Expression250" [label="Expression"]
	"Print248" -> "Expression250"
	"Multiplication251" [label="Multiplication"]
	"Expression250" -> "Multiplication251"
	"Exponent252" [label="Exponent"]
	"Multiplication251" -> "Exponent252"
	"Parentheses253" [label="Parentheses"]
	"Exponent252" -> "Parentheses253"
	"Identification254" [label="Identification"]
	"Parentheses253" -> "Identification254"
	"m255" [label="m",style=filled,fillcolor=powderblue]
	"Identification254" -> "m255"
	"[256" [label="[",style=filled,fillcolor=powderblue]
	"Identification254" -> "[256"
	"Expression257" [label="Expression"]
	"Identification254" -> "Expression257"
	"Multiplication258" [label="Multiplication"]
	"Expression257" -> "Multiplication258"
	"Exponent259" [label="Exponent"]
	"Multiplication258" -> "Exponent259"
	"Parentheses260" [label="Parentheses"]
	"Exponent259" -> "Parentheses260"
	"Identification261" [label="Identification"]
	"Parentheses260" -> "Identification261"
	"num262" [label="num",style=filled,fillcolor=powderblue]
	"Identification261" -> "num262"
	"Exponent Prime263" [label="Exponent Prime"]
	"Exponent259" -> "Exponent Prime263"
	"e264" [label="e"]
	"Exponent Prime263" -> "e264"
	"Multiplication Prime265" [label="Multiplication Prime"]
	"Multiplication258" -> "Multiplication Prime265"
	"e266" [label="e"]
	"Multiplication Prime265" -> "e266"
	"Expression Prime267" [label="Expression Prime"]
	"Expression257" -> "Expression Prime267"
	"e268" [label="e"]
	"Expression Prime267" -> "e268"
	"]269" [label="]",style=filled,fillcolor=powderblue]
	"Identification254" -> "]269"
	"Exponent Prime270" [label="Exponent Prime"]
	"Exponent252" -> "Exponent Prime270"
	"e271" [label="e"]
	"Exponent Prime270" -> "e271"
	"Multiplication Prime272" [label="Multiplication Prime"]
	"Multiplication251" -> "Multiplication Prime272"
	"e273" [label="e"]
	"Multiplication Prime272" -> "e273"
	"Expression Prime274" [label="Expression Prime"]
	"Expression250" -> "Expression Prime274"
	"e275" [label="e"]
	"Expression Prime274" -> "e275"
	"Statements Prime276" [label="Statements Prime"]
	"Statements Prime246" -> "Statements Prime276"
	"Statement277" [label="Statement"]
	"Statements Prime276" -> "Statement277"
	"Label278" [label="Label"]
	"Statement277" -> "Label278"
	"L279" [label="L",style=filled,fillcolor=powderblue]
	"Label278" -> "L279"
	"num280" [label="num",style=filled,fillcolor=powderblue]
	"Label278" -> "num280"
	":281" [label=":",style=filled,fillcolor=powderblue]
	"Label278" -> ":281"
	"Statements Prime282" [label="Statements Prime"]
	"Statements Prime276" -> "Statements Prime282"
	"Statement283" [label="Statement"]
	"Statements Prime282" -> "Statement283"
	"Print284" [label="Print"]
	"Statement283" -> "Print284"
	"print285" [label="print",style=filled,fillcolor=powderblue]
	"Print284" -> "print285"
	"Expression286" [label="Expression"]
	"Print284" -> "Expression286"
	"Multiplication287" [label="Multiplication"]
	"Expression286" -> "Multiplication287"
	"Exponent288" [label="Exponent"]
	"Multiplication287" -> "Exponent288"
	"Parentheses289" [label="Parentheses"]
	"Exponent288" -> "Parentheses289"
	"Identification290" [label="Identification"]
	"Parentheses289" -> "Identification290"
	"m291" [label="m",style=filled,fillcolor=powderblue]
	"Identification290" -> "m291"
	"[292" [label="[",style=filled,fillcolor=powderblue]
	"Identification290" -> "[292"
	"Expression293" [label="Expression"]
	"Identification290" -> "Expression293"
	"Multiplication294" [label="Multiplication"]
	"Expression293" -> "Multiplication294"
	"Exponent295" [label="Exponent"]
	"Multiplication294" -> "Exponent295"
	"Parentheses296" [label="Parentheses"]
	"Exponent295" -> "Parentheses296"
	"Identification297" [label="Identification"]
	"Parentheses296" -> "Identification297"
	"num298" [label="num",style=filled,fillcolor=powderblue]
	"Identification297" -> "num298"
	"Exponent Prime299" [label="Exponent Prime"]
	"Exponent295" -> "Exponent Prime299"
	"e300" [label="e"]
	"Exponent Prime299" -> "e300"
	"Multiplication Prime301" [label="Multiplication Prime"]
	"Multiplication294" -> "Multiplication Prime301"
	"e302" [label="e"]
	"Multiplication Prime301" -> "e302"
	"Expression Prime303" [label="Expression Prime"]
	"Expression293" -> "Expression Prime303"
	"e304" [label="e"]
	"Expression Prime303" -> "e304"
	"]305" [label="]",style=filled,fillcolor=powderblue]
	"Identification290" -> "]305"
	"Exponent Prime306" [label="Exponent Prime"]
	"Exponent288" -> "Exponent Prime306"
	"e307" [label="e"]
	"Exponent Prime306" -> "e307"
	"Multiplication Prime308" [label="Multiplication Prime"]
	"Multiplication287" -> "Multiplication Prime308"
	"e309" [label="e"]
	"Multiplication Prime308" -> "e309"
	"Expression Prime310" [label="Expression Prime"]
	"Expression286" -> "Expression Prime310"
	"e311" [label="e"]
	"Expression Prime310" -> "e311"
	"Statements Prime312" [label="Statements Prime"]
	"Statements Prime282" -> "Statements Prime312"
	"Statement313" [label="Statement"]
	"Statements Prime312" -> "Statement313"
	"Assignment314" [label="Assignment"]
	"Statement313" -> "Assignment314"
	"m315" [label="m",style=filled,fillcolor=powderblue]
	"Assignment314" -> "m315"
	"[316" [label="[",style=filled,fillcolor=powderblue]
	"Assignment314" -> "[316"
	"Expression317" [label="Expression"]
	"Assignment314" -> "Expression317"
	"Multiplication318" [label="Multiplication"]
	"Expression317" -> "Multiplication318"
	"Exponent319" [label="Exponent"]
	"Multiplication318" -> "Exponent319"
	"Parentheses320" [label="Parentheses"]
	"Exponent319" -> "Parentheses320"
	"Identification321" [label="Identification"]
	"Parentheses320" -> "Identification321"
	"num322" [label="num",style=filled,fillcolor=powderblue]
	"Identification321" -> "num322"
	"Exponent Prime323" [label="Exponent Prime"]
	"Exponent319" -> "Exponent Prime323"
	"e324" [label="e"]
	"Exponent Prime323" -> "e324"
	"Multiplication Prime325" [label="Multiplication Prime"]
	"Multiplication318" -> "Multiplication Prime325"
	"e326" [label="e"]
	"Multiplication Prime325" -> "e326"
	"Expression Prime327" [label="Expression Prime"]
	"Expression317" -> "Expression Prime327"
	"e328" [label="e"]
	"Expression Prime327" -> "e328"
	"]329" [label="]",style=filled,fillcolor=powderblue]
	"Assignment314" -> "]329"
	"=330" [label="=",style=filled,fillcolor=powderblue]
	"Assignment314" -> "=330"
	"Expression331" [label="Expression"]
	"Assignment314" -> "Expression331"
	"Multiplication332" [label="Multiplication"]
	"Expression331" -> "Multiplication332"
	"Exponent333" [label="Exponent"]
	"Multiplication332" -> "Exponent333"
	"Parentheses334" [label="Parentheses"]
	"Exponent333" -> "Parentheses334"
	"Identification335" [label="Identification"]
	"Parentheses334" -> "Identification335"
	"num336" [label="num",style=filled,fillcolor=powderblue]
	"Identification335" -> "num336"
	"Exponent Prime337" [label="Exponent Prime"]
	"Exponent333" -> "Exponent Prime337"
	"e338" [label="e"]
	"Exponent Prime337" -> "e338"
	"Multiplication Prime339" [label="Multiplication Prime"]
	"Multiplication332" -> "Multiplication Prime339"
	"/340" [label="/",style=filled,fillcolor=powderblue]
	"Multiplication Prime339" -> "/340"
	"Exponent341" [label="Exponent"]
	"Multiplication Prime339" -> "Exponent341"
	"Parentheses342" [label="Parentheses"]
	"Exponent341" -> "Parentheses342"
	"Identification343" [label="Identification"]
	"Parentheses342" -> "Identification343"
	"num344" [label="num",style=filled,fillcolor=powderblue]
	"Identification343" -> "num344"
	"Exponent Prime345" [label="Exponent Prime"]
	"Exponent341" -> "Exponent Prime345"
	"e346" [label="e"]
	"Exponent Prime345" -> "e346"
	"Multiplication Prime347" [label="Multiplication Prime"]
	"Multiplication Prime339" -> "Multiplication Prime347"
	"*348" [label="*",style=filled,fillcolor=powderblue]
	"Multiplication Prime347" -> "*348"
	"Exponent349" [label="Exponent"]
	"Multiplication Prime347" -> "Exponent349"
	"Parentheses350" [label="Parentheses"]
	"Exponent349" -> "Parentheses350"
	"Identification351" [label="Identification"]
	"Parentheses350" -> "Identification351"
	"num352" [label="num",style=filled,fillcolor=powderblue]
	"Identification351" -> "num352"
	"Exponent Prime353" [label="Exponent Prime"]
	"Exponent349" -> "Exponent Prime353"
	"e354" [label="e"]
	"Exponent Prime353" -> "e354"
	"Multiplication Prime355" [label="Multiplication Prime"]
	"Multiplication Prime347" -> "Multiplication Prime355"
	"e356" [label="e"]
	"Multiplication Prime355" -> "e356"
	"Expression Prime357" [label="Expression Prime"]
	"Expression331" -> "Expression Prime357"
	"e358" [label="e"]
	"Expression Prime357" -> "e358"
	"Statements Prime359" [label="Statements Prime"]
	"Statements Prime312" -> "Statements Prime359"
	"Statement360" [label="Statement"]
	"Statements Prime359" -> "Statement360"
	"Assignment361" [label="Assignment"]
	"Statement360" -> "Assignment361"
	"m362" [label="m",style=filled,fillcolor=powderblue]
	"Assignment361" -> "m362"
	"[363" [label="[",style=filled,fillcolor=powderblue]
	"Assignment361" -> "[363"
	"Expression364" [label="Expression"]
	"Assignment361" -> "Expression364"
	"Multiplication365" [label="Multiplication"]
	"Expression364" -> "Multiplication365"
	"Exponent366" [label="Exponent"]
	"Multiplication365" -> "Exponent366"
	"Parentheses367" [label="Parentheses"]
	"Exponent366" -> "Parentheses367"
	"Identification368" [label="Identification"]
	"Parentheses367" -> "Identification368"
	"num369" [label="num",style=filled,fillcolor=powderblue]
	"Identification368" -> "num369"
	"Exponent Prime370" [label="Exponent Prime"]
	"Exponent366" -> "Exponent Prime370"
	"e371" [label="e"]
	"Exponent Prime370" -> "e371"
	"Multiplication Prime372" [label="Multiplication Prime"]
	"Multiplication365" -> "Multiplication Prime372"
	"e373" [label="e"]
	"Multiplication Prime372" -> "e373"
	"Expression Prime374" [label="Expression Prime"]
	"Expression364" -> "Expression Prime374"
	"e375" [label="e"]
	"Expression Prime374" -> "e375"
	"]376" [label="]",style=filled,fillcolor=powderblue]
	"Assignment361" -> "]376"
	"=377" [label="=",style=filled,fillcolor=powderblue]
	"Assignment361" -> "=377"
	"Expression378" [label="Expression"]
	"Assignment361" -> "Expression378"
	"Multiplication379" [label="Multiplication"]
	"Expression378" -> "Multiplication379"
	"Exponent380" [label="Exponent"]
	"Multiplication379" -> "Exponent380"
	"Parentheses381" [label="Parentheses"]
	"Exponent380" -> "Parentheses381"
	"Identification382" [label="Identification"]
	"Parentheses381" -> "Identification382"
	"num383" [label="num",style=filled,fillcolor=powderblue]
	"Identification382" -> "num383"
	"Exponent Prime384" [label="Exponent Prime"]
	"Exponent380" -> "Exponent Prime384"
	"e385" [label="e"]
	"Exponent Prime384" -> "e385"
	"Multiplication Prime386" [label="Multiplication Prime"]
	"Multiplication379" -> "Multiplication Prime386"
	"e387" [label="e"]
	"Multiplication Prime386" -> "e387"
	"Expression Prime388" [label="Expression Prime"]
	"Expression378" -> "Expression Prime388"
	"+389" [label="+",style=filled,fillcolor=powderblue]
	"Expression Prime388" -> "+389"
	"Multiplication390" [label="Multiplication"]
	"Expression Prime388" -> "Multiplication390"
	"Exponent391" [label="Exponent"]
	"Multiplication390" -> "Exponent391"
	"Parentheses392" [label="Parentheses"]
	"Exponent391" -> "Parentheses392"
	"Identification393" [label="Identification"]
	"Parentheses392" -> "Identification393"
	"num394" [label="num",style=filled,fillcolor=powderblue]
	"Identification393" -> "num394"
	"Exponent Prime395" [label="Exponent Prime"]
	"Exponent391" -> "Exponent Prime395"
	"e396" [label="e"]
	"Exponent Prime395" -> "e396"
	"Multiplication Prime397" [label="Multiplication Prime"]
	"Multiplication390" -> "Multiplication Prime397"
	"e398" [label="e"]
	"Multiplication Prime397" -> "e398"
	"Expression Prime399" [label="Expression Prime"]
	"Expression Prime388" -> "Expression Prime399"
	"e400" [label="e"]
	"Expression Prime399" -> "e400"
	"Statements Prime401" [label="Statements Prime"]
	"Statements Prime359" -> "Statements Prime401"
	"Statement402" [label="Statement"]
	"Statements Prime401" -> "Statement402"
	"Assignment403" [label="Assignment"]
	"Statement402" -> "Assignment403"
	"m404" [label="m",style=filled,fillcolor=powderblue]
	"Assignment403" -> "m404"
	"[405" [label="[",style=filled,fillcolor=powderblue]
	"Assignment403" -> "[405"
	"Expression406" [label="Expression"]
	"Assignment403" -> "Expression406"
	"Multiplication407" [label="Multiplication"]
	"Expression406" -> "Multiplication407"
	"Exponent408" [label="Exponent"]
	"Multiplication407" -> "Exponent408"
	"Parentheses409" [label="Parentheses"]
	"Exponent408" -> "Parentheses409"
	"Identification410" [label="Identification"]
	"Parentheses409" -> "Identification410"
	"num411" [label="num",style=filled,fillcolor=powderblue]
	"Identification410" -> "num411"
	"Exponent Prime412" [label="Exponent Prime"]
	"Exponent408" -> "Exponent Prime412"
	"e413" [label="e"]
	"Exponent Prime412" -> "e413"
	"Multiplication Prime414" [label="Multiplication Prime"]
	"Multiplication407" -> "Multiplication Prime414"
	"e415" [label="e"]
	"Multiplication Prime414" -> "e415"
	"Expression Prime416" [label="Expression Prime"]
	"Expression406" -> "Expression Prime416"
	"e417" [label="e"]
	"Expression Prime416" -> "e417"
	"]418" [label="]",style=filled,fillcolor=powderblue]
	"Assignment403" -> "]418"
	"=419" [label="=",style=filled,fillcolor=powderblue]
	"Assignment403" -> "=419"
	"Expression420" [label="Expression"]
	"Assignment403" -> "Expression420"
	"Multiplication421" [label="Multiplication"]
	"Expression420" -> "Multiplication421"
	"Exponent422" [label="Exponent"]
	"Multiplication421" -> "Exponent422"
	"Parentheses423" [label="Parentheses"]
	"Exponent422" -> "Parentheses423"
	"Identification424" [label="Identification"]
	"Parentheses423" -> "Identification424"
	"num425" [label="num",style=filled,fillcolor=powderblue]
	"Identification424" -> "num425"
	"Exponent Prime426" [label="Exponent Prime"]
	"Exponent422" -> "Exponent Prime426"
	"e427" [label="e"]
	"Exponent Prime426" -> "e427"
	"Multiplication Prime428" [label="Multiplication Prime"]
	"Multiplication421" -> "Multiplication Prime428"
	"e429" [label="e"]
	"Multiplication Prime428" -> "e429"
	"Expression Prime430" [label="Expression Prime"]
	"Expression420" -> "Expression Prime430"
	"-431" [label="-",style=filled,fillcolor=powderblue]
	"Expression Prime430" -> "-431"
	"Multiplication432" [label="Multiplication"]
	"Expression Prime430" -> "Multiplication432"
	"Exponent433" [label="Exponent"]
	"Multiplication432" -> "Exponent433"
	"Parentheses434" [label="Parentheses"]
	"Exponent433" -> "Parentheses434"
	"(435" [label="(",style=filled,fillcolor=powderblue]
	"Parentheses434" -> "(435"
	"Expression436" [label="Expression"]
	"Parentheses434" -> "Expression436"
	"Multiplication437" [label="Multiplication"]
	"Expression436" -> "Multiplication437"
	"Exponent438" [label="Exponent"]
	"Multiplication437" -> "Exponent438"
	"Parentheses439" [label="Parentheses"]
	"Exponent438" -> "Parentheses439"
	"Identification440" [label="Identification"]
	"Parentheses439" -> "Identification440"
	"m441" [label="m",style=filled,fillcolor=powderblue]
	"Identification440" -> "m441"
	"[442" [label="[",style=filled,fillcolor=powderblue]
	"Identification440" -> "[442"
	"Expression443" [label="Expression"]
	"Identification440" -> "Expression443"
	"Multiplication444" [label="Multiplication"]
	"Expression443" -> "Multiplication444"
	"Exponent445" [label="Exponent"]
	"Multiplication444" -> "Exponent445"
	"Parentheses446" [label="Parentheses"]
	"Exponent445" -> "Parentheses446"
	"Identification447" [label="Identification"]
	"Parentheses446" -> "Identification447"
	"num448" [label="num",style=filled,fillcolor=powderblue]
	"Identification447" -> "num448"
	"Exponent Prime449" [label="Exponent Prime"]
	"Exponent445" -> "Exponent Prime449"
	"e450" [label="e"]
	"Exponent Prime449" -> "e450"
	"Multiplication Prime451" [label="Multiplication Prime"]
	"Multiplication444" -> "Multiplication Prime451"
	"e452" [label="e"]
	"Multiplication Prime451" -> "e452"
	"Expression Prime453" [label="Expression Prime"]
	"Expression443" -> "Expression Prime453"
	"e454" [label="e"]
	"Expression Prime453" -> "e454"
	"]455" [label="]",style=filled,fillcolor=powderblue]
	"Identification440" -> "]455"
	"Exponent Prime456" [label="Exponent Prime"]
	"Exponent438" -> "Exponent Prime456"
	"e457" [label="e"]
	"Exponent Prime456" -> "e457"
	"Multiplication Prime458" [label="Multiplication Prime"]
	"Multiplication437" -> "Multiplication Prime458"
	"e459" [label="e"]
	"Multiplication Prime458" -> "e459"
	"Expression Prime460" [label="Expression Prime"]
	"Expression436" -> "Expression Prime460"
	"-461" [label="-",style=filled,fillcolor=powderblue]
	"Expression Prime460" -> "-461"
	"Multiplication462" [label="Multiplication"]
	"Expression Prime460" -> "Multiplication462"
	"Exponent463" [label="Exponent"]
	"Multiplication462" -> "Exponent463"
	"Parentheses464" [label="Parentheses"]
	"Exponent463" -> "Parentheses464"
	"Identification465" [label="Identification"]
	"Parentheses464" -> "Identification465"
	"num466" [label="num",style=filled,fillcolor=powderblue]
	"Identification465" -> "num466"
	"Exponent Prime467" [label="Exponent Prime"]
	"Exponent463" -> "Exponent Prime467"
	"e468" [label="e"]
	"Exponent Prime467" -> "e468"
	"Multiplication Prime469" [label="Multiplication Prime"]
	"Multiplication462" -> "Multiplication Prime469"
	"e470" [label="e"]
	"Multiplication Prime469" -> "e470"
	"Expression Prime471" [label="Expression Prime"]
	"Expression Prime460" -> "Expression Prime471"
	"e472" [label="e"]
	"Expression Prime471" -> "e472"
	")473" [label=")",style=filled,fillcolor=powderblue]
	"Parentheses434" -> ")473"
	"Exponent Prime474" [label="Exponent Prime"]
	"Exponent433" -> "Exponent Prime474"
	"e475" [label="e"]
	"Exponent Prime474" -> "e475"
	"Multiplication Prime476" [label="Multiplication Prime"]
	"Multiplication432" -> "Multiplication Prime476"
	"e477" [label="e"]
	"Multiplication Prime476" -> "e477"
	"Expression Prime478" [label="Expression Prime"]
	"Expression Prime430" -> "Expression Prime478"
	"e479" [label="e"]
	"Expression Prime478" -> "e479"
	"Statements Prime480" [label="Statements Prime"]
	"Statements Prime401" -> "Statements Prime480"
	"Statement481" [label="Statement"]
	"Statements Prime480" -> "Statement481"
	"Assignment482" [label="Assignment"]
	"Statement481" -> "Assignment482"
	"m483" [label="m",style=filled,fillcolor=powderblue]
	"Assignment482" -> "m483"
	"[484" [label="[",style=filled,fillcolor=powderblue]
	"Assignment482" -> "[484"
	"Expression485" [label="Expression"]
	"Assignment482" -> "Expression485"
	"Multiplication486" [label="Multiplication"]
	"Expression485" -> "Multiplication486"
	"Exponent487" [label="Exponent"]
	"Multiplication486" -> "Exponent487"
	"Parentheses488" [label="Parentheses"]
	"Exponent487" -> "Parentheses488"
	"Identification489" [label="Identification"]
	"Parentheses488" -> "Identification489"
	"num490" [label="num",style=filled,fillcolor=powderblue]
	"Identification489" -> "num490"
	"Exponent Prime491" [label="Exponent Prime"]
	"Exponent487" -> "Exponent Prime491"
	"e492" [label="e"]
	"Exponent Prime491" -> "e492"
	"Multiplication Prime493" [label="Multiplication Prime"]
	"Multiplication486" -> "Multiplication Prime493"
	"e494" [label="e"]
	"Multiplication Prime493" -> "e494"
	"Expression Prime495" [label="Expression Prime"]
	"Expression485" -> "Expression Prime495"
	"e496" [label="e"]
	"Expression Prime495" -> "e496"
	"]497" [label="]",style=filled,fillcolor=powderblue]
	"Assignment482" -> "]497"
	"=498" [label="=",style=filled,fillcolor=powderblue]
	"Assignment482" -> "=498"
	"Expression499" [label="Expression"]
	"Assignment482" -> "Expression499"
	"Multiplication500" [label="Multiplication"]
	"Expression499" -> "Multiplication500"
	"Exponent501" [label="Exponent"]
	"Multiplication500" -> "Exponent501"
	"Parentheses502" [label="Parentheses"]
	"Exponent501" -> "Parentheses502"
	"Identification503" [label="Identification"]
	"Parentheses502" -> "Identification503"
	"num504" [label="num",style=filled,fillcolor=powderblue]
	"Identification503" -> "num504"
	"Exponent Prime505" [label="Exponent Prime"]
	"Exponent501" -> "Exponent Prime505"
	"e506" [label="e"]
	"Exponent Prime505" -> "e506"
	"Multiplication Prime507" [label="Multiplication Prime"]
	"Multiplication500" -> "Multiplication Prime507"
	"/508" [label="/",style=filled,fillcolor=powderblue]
	"Multiplication Prime507" -> "/508"
	"Exponent509" [label="Exponent"]
	"Multiplication Prime507" -> "Exponent509"
	"Parentheses510" [label="Parentheses"]
	"Exponent509" -> "Parentheses510"
	"Identification511" [label="Identification"]
	"Parentheses510" -> "Identification511"
	"num512" [label="num",style=filled,fillcolor=powderblue]
	"Identification511" -> "num512"
	"Exponent Prime513" [label="Exponent Prime"]
	"Exponent509" -> "Exponent Prime513"
	"e514" [label="e"]
	"Exponent Prime513" -> "e514"
	"Multiplication Prime515" [label="Multiplication Prime"]
	"Multiplication Prime507" -> "Multiplication Prime515"
	"*516" [label="*",style=filled,fillcolor=powderblue]
	"Multiplication Prime515" -> "*516"
	"Exponent517" [label="Exponent"]
	"Multiplication Prime515" -> "Exponent517"
	"Parentheses518" [label="Parentheses"]
	"Exponent517" -> "Parentheses518"
	"Identification519" [label="Identification"]
	"Parentheses518" -> "Identification519"
	"num520" [label="num",style=filled,fillcolor=powderblue]
	"Identification519" -> "num520"
	"Exponent Prime521" [label="Exponent Prime"]
	"Exponent517" -> "Exponent Prime521"
	"e522" [label="e"]
	"Exponent Prime521" -> "e522"
	"Multiplication Prime523" [label="Multiplication Prime"]
	"Multiplication Prime515" -> "Multiplication Prime523"
	"e524" [label="e"]
	"Multiplication Prime523" -> "e524"
	"Expression Prime525" [label="Expression Prime"]
	"Expression499" -> "Expression Prime525"
	"e526" [label="e"]
	"Expression Prime525" -> "e526"
	"Statements Prime527" [label="Statements Prime"]
	"Statements Prime480" -> "Statements Prime527"
	"e528" [label="e"]
	"Statements Prime527" -> "e528"
	"e529" [label="e"]
	"Start1" -> "e529"
};
