digraph G {
	"Start1" [label="Start"]
	"Statements2" [label="Statements"]
	"Start1" -> "Statements2"
	"Statement3" [label="Statement"]
	"Statements2" -> "Statement3"
	"Assignment4" [label="Assignment"]
	"Statement3" -> "Assignment4"
	"m5" [label="m",style=filled,fillcolor=powderblue]
	"Assignment4" -> "m5"
	"[6" [label="[",style=filled,fillcolor=powderblue]
	"Assignment4" -> "[6"
	"Expression7" [label="Expression"]
	"Assignment4" -> "Expression7"
	"Multiplication8" [label="Multiplication"]
	"Expression7" -> "Multiplication8"
	"Exponent9" [label="Exponent"]
	"Multiplication8" -> "Exponent9"
	"Parentheses10" [label="Parentheses"]
	"Exponent9" -> "Parentheses10"
	"Identification11" [label="Identification"]
	"Parentheses10" -> "Identification11"
	"num12" [label="num",style=filled,fillcolor=powderblue]
	"Identification11" -> "num12"
	"Exponent Prime13" [label="Exponent Prime"]
	"Exponent9" -> "Exponent Prime13"
	"e14" [label="e"]
	"Exponent Prime13" -> "e14"
	"Multiplication Prime15" [label="Multiplication Prime"]
	"Multiplication8" -> "Multiplication Prime15"
	"e16" [label="e"]
	"Multiplication Prime15" -> "e16"
	"Expression Prime17" [label="Expression Prime"]
	"Expression7" -> "Expression Prime17"
	"e18" [label="e"]
	"Expression Prime17" -> "e18"
	"]19" [label="]",style=filled,fillcolor=powderblue]
	"Assignment4" -> "]19"
	"=20" [label="=",style=filled,fillcolor=powderblue]
	"Assignment4" -> "=20"
	"Expression21" [label="Expression"]
	"Assignment4" -> "Expression21"
	"Multiplication22" [label="Multiplication"]
	"Expression21" -> "Multiplication22"
	"Exponent23" [label="Exponent"]
	"Multiplication22" -> "Exponent23"
	"Parentheses24" [label="Parentheses"]
	"Exponent23" -> "Parentheses24"
	"Identification25" [label="Identification"]
	"Parentheses24" -> "Identification25"
	"num26" [label="num",style=filled,fillcolor=powderblue]
	"Identification25" -> "num26"
	"Exponent Prime27" [label="Exponent Prime"]
	"Exponent23" -> "Exponent Prime27"
	"e28" [label="e"]
	"Exponent Prime27" -> "e28"
	"Multiplication Prime29" [label="Multiplication Prime"]
	"Multiplication22" -> "Multiplication Prime29"
	"/30" [label="/",style=filled,fillcolor=powderblue]
	"Multiplication Prime29" -> "/30"
	"Exponent31" [label="Exponent"]
	"Multiplication Prime29" -> "Exponent31"
	"Parentheses32" [label="Parentheses"]
	"Exponent31" -> "Parentheses32"
	"Identification33" [label="Identification"]
	"Parentheses32" -> "Identification33"
	"num34" [label="num",style=filled,fillcolor=powderblue]
	"Identification33" -> "num34"
	"Exponent Prime35" [label="Exponent Prime"]
	"Exponent31" -> "Exponent Prime35"
	"e36" [label="e"]
	"Exponent Prime35" -> "e36"
	"Multiplication Prime37" [label="Multiplication Prime"]
	"Multiplication Prime29" -> "Multiplication Prime37"
	"*38" [label="*",style=filled,fillcolor=powderblue]
	"Multiplication Prime37" -> "*38"
	"Exponent39" [label="Exponent"]
	"Multiplication Prime37" -> "Exponent39"
	"Parentheses40" [label="Parentheses"]
	"Exponent39" -> "Parentheses40"
	"Identification41" [label="Identification"]
	"Parentheses40" -> "Identification41"
	"num42" [label="num",style=filled,fillcolor=powderblue]
	"Identification41" -> "num42"
	"Exponent Prime43" [label="Exponent Prime"]
	"Exponent39" -> "Exponent Prime43"
	"e44" [label="e"]
	"Exponent Prime43" -> "e44"
	"Multiplication Prime45" [label="Multiplication Prime"]
	"Multiplication Prime37" -> "Multiplication Prime45"
	"e46" [label="e"]
	"Multiplication Prime45" -> "e46"
	"Expression Prime47" [label="Expression Prime"]
	"Expression21" -> "Expression Prime47"
	"e48" [label="e"]
	"Expression Prime47" -> "e48"
	"Statements Prime49" [label="Statements Prime"]
	"Statements2" -> "Statements Prime49"
	"Statement50" [label="Statement"]
	"Statements Prime49" -> "Statement50"
	"Jump51" [label="Jump"]
	"Statement50" -> "Jump51"
	"goto52" [label="goto",style=filled,fillcolor=powderblue]
	"Jump51" -> "goto52"
	"num53" [label="num",style=filled,fillcolor=powderblue]
	"Jump51" -> "num53"
	"Jump Prime54" [label="Jump Prime"]
	"Jump51" -> "Jump Prime54"
	"e55" [label="e"]
	"Jump Prime54" -> "e55"
	"Statements Prime56" [label="Statements Prime"]
	"Statements Prime49" -> "Statements Prime56"
	"Statement57" [label="Statement"]
	"Statements Prime56" -> "Statement57"
	"Assignment58" [label="Assignment"]
	"Statement57" -> "Assignment58"
	"m59" [label="m",style=filled,fillcolor=powderblue]
	"Assignment58" -> "m59"
	"[60" [label="[",style=filled,fillcolor=powderblue]
	"Assignment58" -> "[60"
	"Expression61" [label="Expression"]
	"Assignment58" -> "Expression61"
	"Multiplication62" [label="Multiplication"]
	"Expression61" -> "Multiplication62"
	"Exponent63" [label="Exponent"]
	"Multiplication62" -> "Exponent63"
	"Parentheses64" [label="Parentheses"]
	"Exponent63" -> "Parentheses64"
	"Identification65" [label="Identification"]
	"Parentheses64" -> "Identification65"
	"num66" [label="num",style=filled,fillcolor=powderblue]
	"Identification65" -> "num66"
	"Exponent Prime67" [label="Exponent Prime"]
	"Exponent63" -> "Exponent Prime67"
	"e68" [label="e"]
	"Exponent Prime67" -> "e68"
	"Multiplication Prime69" [label="Multiplication Prime"]
	"Multiplication62" -> "Multiplication Prime69"
	"e70" [label="e"]
	"Multiplication Prime69" -> "e70"
	"Expression Prime71" [label="Expression Prime"]
	"Expression61" -> "Expression Prime71"
	"e72" [label="e"]
	"Expression Prime71" -> "e72"
	"]73" [label="]",style=filled,fillcolor=powderblue]
	"Assignment58" -> "]73"
	"=74" [label="=",style=filled,fillcolor=powderblue]
	"Assignment58" -> "=74"
	"Expression75" [label="Expression"]
	"Assignment58" -> "Expression75"
	"Multiplication76" [label="Multiplication"]
	"Expression75" -> "Multiplication76"
	"Exponent77" [label="Exponent"]
	"Multiplication76" -> "Exponent77"
	"Parentheses78" [label="Parentheses"]
	"Exponent77" -> "Parentheses78"
	"Identification79" [label="Identification"]
	"Parentheses78" -> "Identification79"
	"num80" [label="num",style=filled,fillcolor=powderblue]
	"Identification79" -> "num80"
	"Exponent Prime81" [label="Exponent Prime"]
	"Exponent77" -> "Exponent Prime81"
	"e82" [label="e"]
	"Exponent Prime81" -> "e82"
	"Multiplication Prime83" [label="Multiplication Prime"]
	"Multiplication76" -> "Multiplication Prime83"
	"e84" [label="e"]
	"Multiplication Prime83" -> "e84"
	"Expression Prime85" [label="Expression Prime"]
	"Expression75" -> "Expression Prime85"
	"+86" [label="+",style=filled,fillcolor=powderblue]
	"Expression Prime85" -> "+86"
	"Multiplication87" [label="Multiplication"]
	"Expression Prime85" -> "Multiplication87"
	"Exponent88" [label="Exponent"]
	"Multiplication87" -> "Exponent88"
	"Parentheses89" [label="Parentheses"]
	"Exponent88" -> "Parentheses89"
	"Identification90" [label="Identification"]
	"Parentheses89" -> "Identification90"
	"m91" [label="m",style=filled,fillcolor=powderblue]
	"Identification90" -> "m91"
	"[92" [label="[",style=filled,fillcolor=powderblue]
	"Identification90" -> "[92"
	"Expression93" [label="Expression"]
	"Identification90" -> "Expression93"
	"Multiplication94" [label="Multiplication"]
	"Expression93" -> "Multiplication94"
	"Exponent95" [label="Exponent"]
	"Multiplication94" -> "Exponent95"
	"Parentheses96" [label="Parentheses"]
	"Exponent95" -> "Parentheses96"
	"Identification97" [label="Identification"]
	"Parentheses96" -> "Identification97"
	"num98" [label="num",style=filled,fillcolor=powderblue]
	"Identification97" -> "num98"
	"Exponent Prime99" [label="Exponent Prime"]
	"Exponent95" -> "Exponent Prime99"
	"e100" [label="e"]
	"Exponent Prime99" -> "e100"
	"Multiplication Prime101" [label="Multiplication Prime"]
	"Multiplication94" -> "Multiplication Prime101"
	"e102" [label="e"]
	"Multiplication Prime101" -> "e102"
	"Expression Prime103" [label="Expression Prime"]
	"Expression93" -> "Expression Prime103"
	"e104" [label="e"]
	"Expression Prime103" -> "e104"
	"]105" [label="]",style=filled,fillcolor=powderblue]
	"Identification90" -> "]105"
	"Exponent Prime106" [label="Exponent Prime"]
	"Exponent88" -> "Exponent Prime106"
	"e107" [label="e"]
	"Exponent Prime106" -> "e107"
	"Multiplication Prime108" [label="Multiplication Prime"]
	"Multiplication87" -> "Multiplication Prime108"
	"e109" [label="e"]
	"Multiplication Prime108" -> "e109"
	"Expression Prime110" [label="Expression Prime"]
	"Expression Prime85" -> "Expression Prime110"
	"e111" [label="e"]
	"Expression Prime110" -> "e111"
	"Statements Prime112" [label="Statements Prime"]
	"Statements Prime56" -> "Statements Prime112"
	"Statement113" [label="Statement"]
	"Statements Prime112" -> "Statement113"
	"Assignment114" [label="Assignment"]
	"Statement113" -> "Assignment114"
	"m115" [label="m",style=filled,fillcolor=powderblue]
	"Assignment114" -> "m115"
	"[116" [label="[",style=filled,fillcolor=powderblue]
	"Assignment114" -> "[116"
	"Expression117" [label="Expression"]
	"Assignment114" -> "Expression117"
	"Multiplication118" [label="Multiplication"]
	"Expression117" -> "Multiplication118"
	"Exponent119" [label="Exponent"]
	"Multiplication118" -> "Exponent119"
	"Parentheses120" [label="Parentheses"]
	"Exponent119" -> "Parentheses120"
	"Identification121" [label="Identification"]
	"Parentheses120" -> "Identification121"
	"num122" [label="num",style=filled,fillcolor=powderblue]
	"Identification121" -> "num122"
	"Exponent Prime123" [label="Exponent Prime"]
	"Exponent119" -> "Exponent Prime123"
	"e124" [label="e"]
	"Exponent Prime123" -> "e124"
	"Multiplication Prime125" [label="Multiplication Prime"]
	"Multiplication118" -> "Multiplication Prime125"
	"e126" [label="e"]
	"Multiplication Prime125" -> "e126"
	"Expression Prime127" [label="Expression Prime"]
	"Expression117" -> "Expression Prime127"
	"e128" [label="e"]
	"Expression Prime127" -> "e128"
	"]129" [label="]",style=filled,fillcolor=powderblue]
	"Assignment114" -> "]129"
	"=130" [label="=",style=filled,fillcolor=powderblue]
	"Assignment114" -> "=130"
	"Expression131" [label="Expression"]
	"Assignment114" -> "Expression131"
	"Multiplication132" [label="Multiplication"]
	"Expression131" -> "Multiplication132"
	"Exponent133" [label="Exponent"]
	"Multiplication132" -> "Exponent133"
	"Parentheses134" [label="Parentheses"]
	"Exponent133" -> "Parentheses134"
	"Identification135" [label="Identification"]
	"Parentheses134" -> "Identification135"
	"num136" [label="num",style=filled,fillcolor=powderblue]
	"Identification135" -> "num136"
	"Exponent Prime137" [label="Exponent Prime"]
	"Exponent133" -> "Exponent Prime137"
	"e138" [label="e"]
	"Exponent Prime137" -> "e138"
	"Multiplication Prime139" [label="Multiplication Prime"]
	"Multiplication132" -> "Multiplication Prime139"
	"e140" [label="e"]
	"Multiplication Prime139" -> "e140"
	"Expression Prime141" [label="Expression Prime"]
	"Expression131" -> "Expression Prime141"
	"-142" [label="-",style=filled,fillcolor=powderblue]
	"Expression Prime141" -> "-142"
	"Multiplication143" [label="Multiplication"]
	"Expression Prime141" -> "Multiplication143"
	"Exponent144" [label="Exponent"]
	"Multiplication143" -> "Exponent144"
	"Parentheses145" [label="Parentheses"]
	"Exponent144" -> "Parentheses145"
	"Identification146" [label="Identification"]
	"Parentheses145" -> "Identification146"
	"m147" [label="m",style=filled,fillcolor=powderblue]
	"Identification146" -> "m147"
	"[148" [label="[",style=filled,fillcolor=powderblue]
	"Identification146" -> "[148"
	"Expression149" [label="Expression"]
	"Identification146" -> "Expression149"
	"Multiplication150" [label="Multiplication"]
	"Expression149" -> "Multiplication150"
	"Exponent151" [label="Exponent"]
	"Multiplication150" -> "Exponent151"
	"Parentheses152" [label="Parentheses"]
	"Exponent151" -> "Parentheses152"
	"Identification153" [label="Identification"]
	"Parentheses152" -> "Identification153"
	"num154" [label="num",style=filled,fillcolor=powderblue]
	"Identification153" -> "num154"
	"Exponent Prime155" [label="Exponent Prime"]
	"Exponent151" -> "Exponent Prime155"
	"**156" [label="**",style=filled,fillcolor=powderblue]
	"Exponent Prime155" -> "**156"
	"Parentheses157" [label="Parentheses"]
	"Exponent Prime155" -> "Parentheses157"
	"Identification158" [label="Identification"]
	"Parentheses157" -> "Identification158"
	"num159" [label="num",style=filled,fillcolor=powderblue]
	"Identification158" -> "num159"
	"Exponent Prime160" [label="Exponent Prime"]
	"Exponent Prime155" -> "Exponent Prime160"
	"e161" [label="e"]
	"Exponent Prime160" -> "e161"
	"Multiplication Prime162" [label="Multiplication Prime"]
	"Multiplication150" -> "Multiplication Prime162"
	"*163" [label="*",style=filled,fillcolor=powderblue]
	"Multiplication Prime162" -> "*163"
	"Exponent164" [label="Exponent"]
	"Multiplication Prime162" -> "Exponent164"
	"Parentheses165" [label="Parentheses"]
	"Exponent164" -> "Parentheses165"
	"Identification166" [label="Identification"]
	"Parentheses165" -> "Identification166"
	"num167" [label="num",style=filled,fillcolor=powderblue]
	"Identification166" -> "num167"
	"Exponent Prime168" [label="Exponent Prime"]
	"Exponent164" -> "Exponent Prime168"
	"e169" [label="e"]
	"Exponent Prime168" -> "e169"
	"Multiplication Prime170" [label="Multiplication Prime"]
	"Multiplication Prime162" -> "Multiplication Prime170"
	"e171" [label="e"]
	"Multiplication Prime170" -> "e171"
	"Expression Prime172" [label="Expression Prime"]
	"Expression149" -> "Expression Prime172"
	"-173" [label="-",style=filled,fillcolor=powderblue]
	"Expression Prime172" -> "-173"
	"Multiplication174" [label="Multiplication"]
	"Expression Prime172" -> "Multiplication174"
	"Exponent175" [label="Exponent"]
	"Multiplication174" -> "Exponent175"
	"Parentheses176" [label="Parentheses"]
	"Exponent175" -> "Parentheses176"
	"Identification177" [label="Identification"]
	"Parentheses176" -> "Identification177"
	"num178" [label="num",style=filled,fillcolor=powderblue]
	"Identification177" -> "num178"
	"Exponent Prime179" [label="Exponent Prime"]
	"Exponent175" -> "Exponent Prime179"
	"e180" [label="e"]
	"Exponent Prime179" -> "e180"
	"Multiplication Prime181" [label="Multiplication Prime"]
	"Multiplication174" -> "Multiplication Prime181"
	"e182" [label="e"]
	"Multiplication Prime181" -> "e182"
	"Expression Prime183" [label="Expression Prime"]
	"Expression Prime172" -> "Expression Prime183"
	"e184" [label="e"]
	"Expression Prime183" -> "e184"
	"]185" [label="]",style=filled,fillcolor=powderblue]
	"Identification146" -> "]185"
	"Exponent Prime186" [label="Exponent Prime"]
	"Exponent144" -> "Exponent Prime186"
	"e187" [label="e"]
	"Exponent Prime186" -> "e187"
	"Multiplication Prime188" [label="Multiplication Prime"]
	"Multiplication143" -> "Multiplication Prime188"
	"e189" [label="e"]
	"Multiplication Prime188" -> "e189"
	"Expression Prime190" [label="Expression Prime"]
	"Expression Prime141" -> "Expression Prime190"
	"-191" [label="-",style=filled,fillcolor=powderblue]
	"Expression Prime190" -> "-191"
	"Multiplication192" [label="Multiplication"]
	"Expression Prime190" -> "Multiplication192"
	"Exponent193" [label="Exponent"]
	"Multiplication192" -> "Exponent193"
	"Parentheses194" [label="Parentheses"]
	"Exponent193" -> "Parentheses194"
	"Identification195" [label="Identification"]
	"Parentheses194" -> "Identification195"
	"num196" [label="num",style=filled,fillcolor=powderblue]
	"Identification195" -> "num196"
	"Exponent Prime197" [label="Exponent Prime"]
	"Exponent193" -> "Exponent Prime197"
	"e198" [label="e"]
	"Exponent Prime197" -> "e198"
	"Multiplication Prime199" [label="Multiplication Prime"]
	"Multiplication192" -> "Multiplication Prime199"
	"e200" [label="e"]
	"Multiplication Prime199" -> "e200"
	"Expression Prime201" [label="Expression Prime"]
	"Expression Prime190" -> "Expression Prime201"
	"e202" [label="e"]
	"Expression Prime201" -> "e202"
	"Statements Prime203" [label="Statements Prime"]
	"Statements Prime112" -> "Statements Prime203"
	"Statement204" [label="Statement"]
	"Statements Prime203" -> "Statement204"
	"Label205" [label="Label"]
	"Statement204" -> "Label205"
	"L206" [label="L",style=filled,fillcolor=powderblue]
	"Label205" -> "L206"
	"num207" [label="num",style=filled,fillcolor=powderblue]
	"Label205" -> "num207"
	":208" [label=":",style=filled,fillcolor=powderblue]
	"Label205" -> ":208"
	"Statements Prime209" [label="Statements Prime"]
	"Statements Prime203" -> "Statements Prime209"
	"Statement210" [label="Statement"]
	"Statements Prime209" -> "Statement210"
	"Assignment211" [label="Assignment"]
	"Statement210" -> "Assignment211"
	"m212" [label="m",style=filled,fillcolor=powderblue]
	"Assignment211" -> "m212"
	"[213" [label="[",style=filled,fillcolor=powderblue]
	"Assignment211" -> "[213"
	"Expression214" [label="Expression"]
	"Assignment211" -> "Expression214"
	"Multiplication215" [label="Multiplication"]
	"Expression214" -> "Multiplication215"
	"Exponent216" [label="Exponent"]
	"Multiplication215" -> "Exponent216"
	"Parentheses217" [label="Parentheses"]
	"Exponent216" -> "Parentheses217"
	"Identification218" [label="Identification"]
	"Parentheses217" -> "Identification218"
	"num219" [label="num",style=filled,fillcolor=powderblue]
	"Identification218" -> "num219"
	"Exponent Prime220" [label="Exponent Prime"]
	"Exponent216" -> "Exponent Prime220"
	"e221" [label="e"]
	"Exponent Prime220" -> "e221"
	"Multiplication Prime222" [label="Multiplication Prime"]
	"Multiplication215" -> "Multiplication Prime222"
	"e223" [label="e"]
	"Multiplication Prime222" -> "e223"
	"Expression Prime224" [label="Expression Prime"]
	"Expression214" -> "Expression Prime224"
	"e225" [label="e"]
	"Expression Prime224" -> "e225"
	"]226" [label="]",style=filled,fillcolor=powderblue]
	"Assignment211" -> "]226"
	"=227" [label="=",style=filled,fillcolor=powderblue]
	"Assignment211" -> "=227"
	"Expression228" [label="Expression"]
	"Assignment211" -> "Expression228"
	"Multiplication229" [label="Multiplication"]
	"Expression228" -> "Multiplication229"
	"Exponent230" [label="Exponent"]
	"Multiplication229" -> "Exponent230"
	"Parentheses231" [label="Parentheses"]
	"Exponent230" -> "Parentheses231"
	"Identification232" [label="Identification"]
	"Parentheses231" -> "Identification232"
	"num233" [label="num",style=filled,fillcolor=powderblue]
	"Identification232" -> "num233"
	"Exponent Prime234" [label="Exponent Prime"]
	"Exponent230" -> "Exponent Prime234"
	"e235" [label="e"]
	"Exponent Prime234" -> "e235"
	"Multiplication Prime236" [label="Multiplication Prime"]
	"Multiplication229" -> "Multiplication Prime236"
	"e237" [label="e"]
	"Multiplication Prime236" -> "e237"
	"Expression Prime238" [label="Expression Prime"]
	"Expression228" -> "Expression Prime238"
	"-239" [label="-",style=filled,fillcolor=powderblue]
	"Expression Prime238" -> "-239"
	"Multiplication240" [label="Multiplication"]
	"Expression Prime238" -> "Multiplication240"
	"Exponent241" [label="Exponent"]
	"Multiplication240" -> "Exponent241"
	"Parentheses242" [label="Parentheses"]
	"Exponent241" -> "Parentheses242"
	"(243" [label="(",style=filled,fillcolor=powderblue]
	"Parentheses242" -> "(243"
	"Expression244" [label="Expression"]
	"Parentheses242" -> "Expression244"
	"Multiplication245" [label="Multiplication"]
	"Expression244" -> "Multiplication245"
	"Exponent246" [label="Exponent"]
	"Multiplication245" -> "Exponent246"
	"Parentheses247" [label="Parentheses"]
	"Exponent246" -> "Parentheses247"
	"Identification248" [label="Identification"]
	"Parentheses247" -> "Identification248"
	"m249" [label="m",style=filled,fillcolor=powderblue]
	"Identification248" -> "m249"
	"[250" [label="[",style=filled,fillcolor=powderblue]
	"Identification248" -> "[250"
	"Expression251" [label="Expression"]
	"Identification248" -> "Expression251"
	"Multiplication252" [label="Multiplication"]
	"Expression251" -> "Multiplication252"
	"Exponent253" [label="Exponent"]
	"Multiplication252" -> "Exponent253"
	"Parentheses254" [label="Parentheses"]
	"Exponent253" -> "Parentheses254"
	"Identification255" [label="Identification"]
	"Parentheses254" -> "Identification255"
	"num256" [label="num",style=filled,fillcolor=powderblue]
	"Identification255" -> "num256"
	"Exponent Prime257" [label="Exponent Prime"]
	"Exponent253" -> "Exponent Prime257"
	"e258" [label="e"]
	"Exponent Prime257" -> "e258"
	"Multiplication Prime259" [label="Multiplication Prime"]
	"Multiplication252" -> "Multiplication Prime259"
	"e260" [label="e"]
	"Multiplication Prime259" -> "e260"
	"Expression Prime261" [label="Expression Prime"]
	"Expression251" -> "Expression Prime261"
	"e262" [label="e"]
	"Expression Prime261" -> "e262"
	"]263" [label="]",style=filled,fillcolor=powderblue]
	"Identification248" -> "]263"
	"Exponent Prime264" [label="Exponent Prime"]
	"Exponent246" -> "Exponent Prime264"
	"e265" [label="e"]
	"Exponent Prime264" -> "e265"
	"Multiplication Prime266" [label="Multiplication Prime"]
	"Multiplication245" -> "Multiplication Prime266"
	"e267" [label="e"]
	"Multiplication Prime266" -> "e267"
	"Expression Prime268" [label="Expression Prime"]
	"Expression244" -> "Expression Prime268"
	"-269" [label="-",style=filled,fillcolor=powderblue]
	"Expression Prime268" -> "-269"
	"Multiplication270" [label="Multiplication"]
	"Expression Prime268" -> "Multiplication270"
	"Exponent271" [label="Exponent"]
	"Multiplication270" -> "Exponent271"
	"Parentheses272" [label="Parentheses"]
	"Exponent271" -> "Parentheses272"
	"Identification273" [label="Identification"]
	"Parentheses272" -> "Identification273"
	"num274" [label="num",style=filled,fillcolor=powderblue]
	"Identification273" -> "num274"
	"Exponent Prime275" [label="Exponent Prime"]
	"Exponent271" -> "Exponent Prime275"
	"e276" [label="e"]
	"Exponent Prime275" -> "e276"
	"Multiplication Prime277" [label="Multiplication Prime"]
	"Multiplication270" -> "Multiplication Prime277"
	"e278" [label="e"]
	"Multiplication Prime277" -> "e278"
	"Expression Prime279" [label="Expression Prime"]
	"Expression Prime268" -> "Expression Prime279"
	"e280" [label="e"]
	"Expression Prime279" -> "e280"
	")281" [label=")",style=filled,fillcolor=powderblue]
	"Parentheses242" -> ")281"
	"Exponent Prime282" [label="Exponent Prime"]
	"Exponent241" -> "Exponent Prime282"
	"e283" [label="e"]
	"Exponent Prime282" -> "e283"
	"Multiplication Prime284" [label="Multiplication Prime"]
	"Multiplication240" -> "Multiplication Prime284"
	"e285" [label="e"]
	"Multiplication Prime284" -> "e285"
	"Expression Prime286" [label="Expression Prime"]
	"Expression Prime238" -> "Expression Prime286"
	"e287" [label="e"]
	"Expression Prime286" -> "e287"
	"Statements Prime288" [label="Statements Prime"]
	"Statements Prime209" -> "Statements Prime288"
	"Statement289" [label="Statement"]
	"Statements Prime288" -> "Statement289"
	"Assignment290" [label="Assignment"]
	"Statement289" -> "Assignment290"
	"m291" [label="m",style=filled,fillcolor=powderblue]
	"Assignment290" -> "m291"
	"[292" [label="[",style=filled,fillcolor=powderblue]
	"Assignment290" -> "[292"
	"Expression293" [label="Expression"]
	"Assignment290" -> "Expression293"
	"Multiplication294" [label="Multiplication"]
	"Expression293" -> "Multiplication294"
	"Exponent295" [label="Exponent"]
	"Multiplication294" -> "Exponent295"
	"Parentheses296" [label="Parentheses"]
	"Exponent295" -> "Parentheses296"
	"Identification297" [label="Identification"]
	"Parentheses296" -> "Identification297"
	"num298" [label="num",style=filled,fillcolor=powderblue]
	"Identification297" -> "num298"
	"Exponent Prime299" [label="Exponent Prime"]
	"Exponent295" -> "Exponent Prime299"
	"e300" [label="e"]
	"Exponent Prime299" -> "e300"
	"Multiplication Prime301" [label="Multiplication Prime"]
	"Multiplication294" -> "Multiplication Prime301"
	"e302" [label="e"]
	"Multiplication Prime301" -> "e302"
	"Expression Prime303" [label="Expression Prime"]
	"Expression293" -> "Expression Prime303"
	"e304" [label="e"]
	"Expression Prime303" -> "e304"
	"]305" [label="]",style=filled,fillcolor=powderblue]
	"Assignment290" -> "]305"
	"=306" [label="=",style=filled,fillcolor=powderblue]
	"Assignment290" -> "=306"
	"Expression307" [label="Expression"]
	"Assignment290" -> "Expression307"
	"Multiplication308" [label="Multiplication"]
	"Expression307" -> "Multiplication308"
	"Exponent309" [label="Exponent"]
	"Multiplication308" -> "Exponent309"
	"Parentheses310" [label="Parentheses"]
	"Exponent309" -> "Parentheses310"
	"Identification311" [label="Identification"]
	"Parentheses310" -> "Identification311"
	"num312" [label="num",style=filled,fillcolor=powderblue]
	"Identification311" -> "num312"
	"Exponent Prime313" [label="Exponent Prime"]
	"Exponent309" -> "Exponent Prime313"
	"e314" [label="e"]
	"Exponent Prime313" -> "e314"
	"Multiplication Prime315" [label="Multiplication Prime"]
	"Multiplication308" -> "Multiplication Prime315"
	"/316" [label="/",style=filled,fillcolor=powderblue]
	"Multiplication Prime315" -> "/316"
	"Exponent317" [label="Exponent"]
	"Multiplication Prime315" -> "Exponent317"
	"Parentheses318" [label="Parentheses"]
	"Exponent317" -> "Parentheses318"
	"Identification319" [label="Identification"]
	"Parentheses318" -> "Identification319"
	"num320" [label="num",style=filled,fillcolor=powderblue]
	"Identification319" -> "num320"
	"Exponent Prime321" [label="Exponent Prime"]
	"Exponent317" -> "Exponent Prime321"
	"e322" [label="e"]
	"Exponent Prime321" -> "e322"
	"Multiplication Prime323" [label="Multiplication Prime"]
	"Multiplication Prime315" -> "Multiplication Prime323"
	"*324" [label="*",style=filled,fillcolor=powderblue]
	"Multiplication Prime323" -> "*324"
	"Exponent325" [label="Exponent"]
	"Multiplication Prime323" -> "Exponent325"
	"Parentheses326" [label="Parentheses"]
	"Exponent325" -> "Parentheses326"
	"Identification327" [label="Identification"]
	"Parentheses326" -> "Identification327"
	"num328" [label="num",style=filled,fillcolor=powderblue]
	"Identification327" -> "num328"
	"Exponent Prime329" [label="Exponent Prime"]
	"Exponent325" -> "Exponent Prime329"
	"e330" [label="e"]
	"Exponent Prime329" -> "e330"
	"Multiplication Prime331" [label="Multiplication Prime"]
	"Multiplication Prime323" -> "Multiplication Prime331"
	"e332" [label="e"]
	"Multiplication Prime331" -> "e332"
	"Expression Prime333" [label="Expression Prime"]
	"Expression307" -> "Expression Prime333"
	"e334" [label="e"]
	"Expression Prime333" -> "e334"
	"Statements Prime335" [label="Statements Prime"]
	"Statements Prime288" -> "Statements Prime335"
	"Statement336" [label="Statement"]
	"Statements Prime335" -> "Statement336"
	"Jump337" [label="Jump"]
	"Statement336" -> "Jump337"
	"goto338" [label="goto",style=filled,fillcolor=powderblue]
	"Jump337" -> "goto338"
	"num339" [label="num",style=filled,fillcolor=powderblue]
	"Jump337" -> "num339"
	"Jump Prime340" [label="Jump Prime"]
	"Jump337" -> "Jump Prime340"
	"e341" [label="e"]
	"Jump Prime340" -> "e341"
	"Statements Prime342" [label="Statements Prime"]
	"Statements Prime335" -> "Statements Prime342"
	"Statement343" [label="Statement"]
	"Statements Prime342" -> "Statement343"
	"Assignment344" [label="Assignment"]
	"Statement343" -> "Assignment344"
	"m345" [label="m",style=filled,fillcolor=powderblue]
	"Assignment344" -> "m345"
	"[346" [label="[",style=filled,fillcolor=powderblue]
	"Assignment344" -> "[346"
	"Expression347" [label="Expression"]
	"Assignment344" -> "Expression347"
	"Multiplication348" [label="Multiplication"]
	"Expression347" -> "Multiplication348"
	"Exponent349" [label="Exponent"]
	"Multiplication348" -> "Exponent349"
	"Parentheses350" [label="Parentheses"]
	"Exponent349" -> "Parentheses350"
	"Identification351" [label="Identification"]
	"Parentheses350" -> "Identification351"
	"num352" [label="num",style=filled,fillcolor=powderblue]
	"Identification351" -> "num352"
	"Exponent Prime353" [label="Exponent Prime"]
	"Exponent349" -> "Exponent Prime353"
	"e354" [label="e"]
	"Exponent Prime353" -> "e354"
	"Multiplication Prime355" [label="Multiplication Prime"]
	"Multiplication348" -> "Multiplication Prime355"
	"e356" [label="e"]
	"Multiplication Prime355" -> "e356"
	"Expression Prime357" [label="Expression Prime"]
	"Expression347" -> "Expression Prime357"
	"e358" [label="e"]
	"Expression Prime357" -> "e358"
	"]359" [label="]",style=filled,fillcolor=powderblue]
	"Assignment344" -> "]359"
	"=360" [label="=",style=filled,fillcolor=powderblue]
	"Assignment344" -> "=360"
	"Expression361" [label="Expression"]
	"Assignment344" -> "Expression361"
	"Multiplication362" [label="Multiplication"]
	"Expression361" -> "Multiplication362"
	"Exponent363" [label="Exponent"]
	"Multiplication362" -> "Exponent363"
	"Parentheses364" [label="Parentheses"]
	"Exponent363" -> "Parentheses364"
	"Identification365" [label="Identification"]
	"Parentheses364" -> "Identification365"
	"num366" [label="num",style=filled,fillcolor=powderblue]
	"Identification365" -> "num366"
	"Exponent Prime367" [label="Exponent Prime"]
	"Exponent363" -> "Exponent Prime367"
	"e368" [label="e"]
	"Exponent Prime367" -> "e368"
	"Multiplication Prime369" [label="Multiplication Prime"]
	"Multiplication362" -> "Multiplication Prime369"
	"e370" [label="e"]
	"Multiplication Prime369" -> "e370"
	"Expression Prime371" [label="Expression Prime"]
	"Expression361" -> "Expression Prime371"
	"+372" [label="+",style=filled,fillcolor=powderblue]
	"Expression Prime371" -> "+372"
	"Multiplication373" [label="Multiplication"]
	"Expression Prime371" -> "Multiplication373"
	"Exponent374" [label="Exponent"]
	"Multiplication373" -> "Exponent374"
	"Parentheses375" [label="Parentheses"]
	"Exponent374" -> "Parentheses375"
	"Identification376" [label="Identification"]
	"Parentheses375" -> "Identification376"
	"m377" [label="m",style=filled,fillcolor=powderblue]
	"Identification376" -> "m377"
	"[378" [label="[",style=filled,fillcolor=powderblue]
	"Identification376" -> "[378"
	"Expression379" [label="Expression"]
	"Identification376" -> "Expression379"
	"Multiplication380" [label="Multiplication"]
	"Expression379" -> "Multiplication380"
	"Exponent381" [label="Exponent"]
	"Multiplication380" -> "Exponent381"
	"Parentheses382" [label="Parentheses"]
	"Exponent381" -> "Parentheses382"
	"Identification383" [label="Identification"]
	"Parentheses382" -> "Identification383"
	"num384" [label="num",style=filled,fillcolor=powderblue]
	"Identification383" -> "num384"
	"Exponent Prime385" [label="Exponent Prime"]
	"Exponent381" -> "Exponent Prime385"
	"e386" [label="e"]
	"Exponent Prime385" -> "e386"
	"Multiplication Prime387" [label="Multiplication Prime"]
	"Multiplication380" -> "Multiplication Prime387"
	"e388" [label="e"]
	"Multiplication Prime387" -> "e388"
	"Expression Prime389" [label="Expression Prime"]
	"Expression379" -> "Expression Prime389"
	"e390" [label="e"]
	"Expression Prime389" -> "e390"
	"]391" [label="]",style=filled,fillcolor=powderblue]
	"Identification376" -> "]391"
	"Exponent Prime392" [label="Exponent Prime"]
	"Exponent374" -> "Exponent Prime392"
	"e393" [label="e"]
	"Exponent Prime392" -> "e393"
	"Multiplication Prime394" [label="Multiplication Prime"]
	"Multiplication373" -> "Multiplication Prime394"
	"e395" [label="e"]
	"Multiplication Prime394" -> "e395"
	"Expression Prime396" [label="Expression Prime"]
	"Expression Prime371" -> "Expression Prime396"
	"e397" [label="e"]
	"Expression Prime396" -> "e397"
	"Statements Prime398" [label="Statements Prime"]
	"Statements Prime342" -> "Statements Prime398"
	"Statement399" [label="Statement"]
	"Statements Prime398" -> "Statement399"
	"Assignment400" [label="Assignment"]
	"Statement399" -> "Assignment400"
	"m401" [label="m",style=filled,fillcolor=powderblue]
	"Assignment400" -> "m401"
	"[402" [label="[",style=filled,fillcolor=powderblue]
	"Assignment400" -> "[402"
	"Expression403" [label="Expression"]
	"Assignment400" -> "Expression403"
	"Multiplication404" [label="Multiplication"]
	"Expression403" -> "Multiplication404"
	"Exponent405" [label="Exponent"]
	"Multiplication404" -> "Exponent405"
	"Parentheses406" [label="Parentheses"]
	"Exponent405" -> "Parentheses406"
	"Identification407" [label="Identification"]
	"Parentheses406" -> "Identification407"
	"num408" [label="num",style=filled,fillcolor=powderblue]
	"Identification407" -> "num408"
	"Exponent Prime409" [label="Exponent Prime"]
	"Exponent405" -> "Exponent Prime409"
	"e410" [label="e"]
	"Exponent Prime409" -> "e410"
	"Multiplication Prime411" [label="Multiplication Prime"]
	"Multiplication404" -> "Multiplication Prime411"
	"e412" [label="e"]
	"Multiplication Prime411" -> "e412"
	"Expression Prime413" [label="Expression Prime"]
	"Expression403" -> "Expression Prime413"
	"e414" [label="e"]
	"Expression Prime413" -> "e414"
	"]415" [label="]",style=filled,fillcolor=powderblue]
	"Assignment400" -> "]415"
	"=416" [label="=",style=filled,fillcolor=powderblue]
	"Assignment400" -> "=416"
	"Expression417" [label="Expression"]
	"Assignment400" -> "Expression417"
	"Multiplication418" [label="Multiplication"]
	"Expression417" -> "Multiplication418"
	"Exponent419" [label="Exponent"]
	"Multiplication418" -> "Exponent419"
	"Parentheses420" [label="Parentheses"]
	"Exponent419" -> "Parentheses420"
	"Identification421" [label="Identification"]
	"Parentheses420" -> "Identification421"
	"num422" [label="num",style=filled,fillcolor=powderblue]
	"Identification421" -> "num422"
	"Exponent Prime423" [label="Exponent Prime"]
	"Exponent419" -> "Exponent Prime423"
	"e424" [label="e"]
	"Exponent Prime423" -> "e424"
	"Multiplication Prime425" [label="Multiplication Prime"]
	"Multiplication418" -> "Multiplication Prime425"
	"e426" [label="e"]
	"Multiplication Prime425" -> "e426"
	"Expression Prime427" [label="Expression Prime"]
	"Expression417" -> "Expression Prime427"
	"-428" [label="-",style=filled,fillcolor=powderblue]
	"Expression Prime427" -> "-428"
	"Multiplication429" [label="Multiplication"]
	"Expression Prime427" -> "Multiplication429"
	"Exponent430" [label="Exponent"]
	"Multiplication429" -> "Exponent430"
	"Parentheses431" [label="Parentheses"]
	"Exponent430" -> "Parentheses431"
	"(432" [label="(",style=filled,fillcolor=powderblue]
	"Parentheses431" -> "(432"
	"Expression433" [label="Expression"]
	"Parentheses431" -> "Expression433"
	"Multiplication434" [label="Multiplication"]
	"Expression433" -> "Multiplication434"
	"Exponent435" [label="Exponent"]
	"Multiplication434" -> "Exponent435"
	"Parentheses436" [label="Parentheses"]
	"Exponent435" -> "Parentheses436"
	"Identification437" [label="Identification"]
	"Parentheses436" -> "Identification437"
	"m438" [label="m",style=filled,fillcolor=powderblue]
	"Identification437" -> "m438"
	"[439" [label="[",style=filled,fillcolor=powderblue]
	"Identification437" -> "[439"
	"Expression440" [label="Expression"]
	"Identification437" -> "Expression440"
	"Multiplication441" [label="Multiplication"]
	"Expression440" -> "Multiplication441"
	"Exponent442" [label="Exponent"]
	"Multiplication441" -> "Exponent442"
	"Parentheses443" [label="Parentheses"]
	"Exponent442" -> "Parentheses443"
	"Identification444" [label="Identification"]
	"Parentheses443" -> "Identification444"
	"num445" [label="num",style=filled,fillcolor=powderblue]
	"Identification444" -> "num445"
	"Exponent Prime446" [label="Exponent Prime"]
	"Exponent442" -> "Exponent Prime446"
	"e447" [label="e"]
	"Exponent Prime446" -> "e447"
	"Multiplication Prime448" [label="Multiplication Prime"]
	"Multiplication441" -> "Multiplication Prime448"
	"e449" [label="e"]
	"Multiplication Prime448" -> "e449"
	"Expression Prime450" [label="Expression Prime"]
	"Expression440" -> "Expression Prime450"
	"e451" [label="e"]
	"Expression Prime450" -> "e451"
	"]452" [label="]",style=filled,fillcolor=powderblue]
	"Identification437" -> "]452"
	"Exponent Prime453" [label="Exponent Prime"]
	"Exponent435" -> "Exponent Prime453"
	"e454" [label="e"]
	"Exponent Prime453" -> "e454"
	"Multiplication Prime455" [label="Multiplication Prime"]
	"Multiplication434" -> "Multiplication Prime455"
	"e456" [label="e"]
	"Multiplication Prime455" -> "e456"
	"Expression Prime457" [label="Expression Prime"]
	"Expression433" -> "Expression Prime457"
	"-458" [label="-",style=filled,fillcolor=powderblue]
	"Expression Prime457" -> "-458"
	"Multiplication459" [label="Multiplication"]
	"Expression Prime457" -> "Multiplication459"
	"Exponent460" [label="Exponent"]
	"Multiplication459" -> "Exponent460"
	"Parentheses461" [label="Parentheses"]
	"Exponent460" -> "Parentheses461"
	"Identification462" [label="Identification"]
	"Parentheses461" -> "Identification462"
	"num463" [label="num",style=filled,fillcolor=powderblue]
	"Identification462" -> "num463"
	"Exponent Prime464" [label="Exponent Prime"]
	"Exponent460" -> "Exponent Prime464"
	"e465" [label="e"]
	"Exponent Prime464" -> "e465"
	"Multiplication Prime466" [label="Multiplication Prime"]
	"Multiplication459" -> "Multiplication Prime466"
	"e467" [label="e"]
	"Multiplication Prime466" -> "e467"
	"Expression Prime468" [label="Expression Prime"]
	"Expression Prime457" -> "Expression Prime468"
	"e469" [label="e"]
	"Expression Prime468" -> "e469"
	")470" [label=")",style=filled,fillcolor=powderblue]
	"Parentheses431" -> ")470"
	"Exponent Prime471" [label="Exponent Prime"]
	"Exponent430" -> "Exponent Prime471"
	"e472" [label="e"]
	"Exponent Prime471" -> "e472"
	"Multiplication Prime473" [label="Multiplication Prime"]
	"Multiplication429" -> "Multiplication Prime473"
	"e474" [label="e"]
	"Multiplication Prime473" -> "e474"
	"Expression Prime475" [label="Expression Prime"]
	"Expression Prime427" -> "Expression Prime475"
	"e476" [label="e"]
	"Expression Prime475" -> "e476"
	"Statements Prime477" [label="Statements Prime"]
	"Statements Prime398" -> "Statements Prime477"
	"Statement478" [label="Statement"]
	"Statements Prime477" -> "Statement478"
	"Assignment479" [label="Assignment"]
	"Statement478" -> "Assignment479"
	"m480" [label="m",style=filled,fillcolor=powderblue]
	"Assignment479" -> "m480"
	"[481" [label="[",style=filled,fillcolor=powderblue]
	"Assignment479" -> "[481"
	"Expression482" [label="Expression"]
	"Assignment479" -> "Expression482"
	"Multiplication483" [label="Multiplication"]
	"Expression482" -> "Multiplication483"
	"Exponent484" [label="Exponent"]
	"Multiplication483" -> "Exponent484"
	"Parentheses485" [label="Parentheses"]
	"Exponent484" -> "Parentheses485"
	"Identification486" [label="Identification"]
	"Parentheses485" -> "Identification486"
	"num487" [label="num",style=filled,fillcolor=powderblue]
	"Identification486" -> "num487"
	"Exponent Prime488" [label="Exponent Prime"]
	"Exponent484" -> "Exponent Prime488"
	"e489" [label="e"]
	"Exponent Prime488" -> "e489"
	"Multiplication Prime490" [label="Multiplication Prime"]
	"Multiplication483" -> "Multiplication Prime490"
	"e491" [label="e"]
	"Multiplication Prime490" -> "e491"
	"Expression Prime492" [label="Expression Prime"]
	"Expression482" -> "Expression Prime492"
	"e493" [label="e"]
	"Expression Prime492" -> "e493"
	"]494" [label="]",style=filled,fillcolor=powderblue]
	"Assignment479" -> "]494"
	"=495" [label="=",style=filled,fillcolor=powderblue]
	"Assignment479" -> "=495"
	"Expression496" [label="Expression"]
	"Assignment479" -> "Expression496"
	"Multiplication497" [label="Multiplication"]
	"Expression496" -> "Multiplication497"
	"Exponent498" [label="Exponent"]
	"Multiplication497" -> "Exponent498"
	"Parentheses499" [label="Parentheses"]
	"Exponent498" -> "Parentheses499"
	"Identification500" [label="Identification"]
	"Parentheses499" -> "Identification500"
	"num501" [label="num",style=filled,fillcolor=powderblue]
	"Identification500" -> "num501"
	"Exponent Prime502" [label="Exponent Prime"]
	"Exponent498" -> "Exponent Prime502"
	"e503" [label="e"]
	"Exponent Prime502" -> "e503"
	"Multiplication Prime504" [label="Multiplication Prime"]
	"Multiplication497" -> "Multiplication Prime504"
	"e505" [label="e"]
	"Multiplication Prime504" -> "e505"
	"Expression Prime506" [label="Expression Prime"]
	"Expression496" -> "Expression Prime506"
	"+507" [label="+",style=filled,fillcolor=powderblue]
	"Expression Prime506" -> "+507"
	"Multiplication508" [label="Multiplication"]
	"Expression Prime506" -> "Multiplication508"
	"Exponent509" [label="Exponent"]
	"Multiplication508" -> "Exponent509"
	"Parentheses510" [label="Parentheses"]
	"Exponent509" -> "Parentheses510"
	"Identification511" [label="Identification"]
	"Parentheses510" -> "Identification511"
	"m512" [label="m",style=filled,fillcolor=powderblue]
	"Identification511" -> "m512"
	"[513" [label="[",style=filled,fillcolor=powderblue]
	"Identification511" -> "[513"
	"Expression514" [label="Expression"]
	"Identification511" -> "Expression514"
	"Multiplication515" [label="Multiplication"]
	"Expression514" -> "Multiplication515"
	"Exponent516" [label="Exponent"]
	"Multiplication515" -> "Exponent516"
	"Parentheses517" [label="Parentheses"]
	"Exponent516" -> "Parentheses517"
	"Identification518" [label="Identification"]
	"Parentheses517" -> "Identification518"
	"num519" [label="num",style=filled,fillcolor=powderblue]
	"Identification518" -> "num519"
	"Exponent Prime520" [label="Exponent Prime"]
	"Exponent516" -> "Exponent Prime520"
	"e521" [label="e"]
	"Exponent Prime520" -> "e521"
	"Multiplication Prime522" [label="Multiplication Prime"]
	"Multiplication515" -> "Multiplication Prime522"
	"e523" [label="e"]
	"Multiplication Prime522" -> "e523"
	"Expression Prime524" [label="Expression Prime"]
	"Expression514" -> "Expression Prime524"
	"e525" [label="e"]
	"Expression Prime524" -> "e525"
	"]526" [label="]",style=filled,fillcolor=powderblue]
	"Identification511" -> "]526"
	"Exponent Prime527" [label="Exponent Prime"]
	"Exponent509" -> "Exponent Prime527"
	"e528" [label="e"]
	"Exponent Prime527" -> "e528"
	"Multiplication Prime529" [label="Multiplication Prime"]
	"Multiplication508" -> "Multiplication Prime529"
	"e530" [label="e"]
	"Multiplication Prime529" -> "e530"
	"Expression Prime531" [label="Expression Prime"]
	"Expression Prime506" -> "Expression Prime531"
	"e532" [label="e"]
	"Expression Prime531" -> "e532"
	"Statements Prime533" [label="Statements Prime"]
	"Statements Prime477" -> "Statements Prime533"
	"Statement534" [label="Statement"]
	"Statements Prime533" -> "Statement534"
	"Assignment535" [label="Assignment"]
	"Statement534" -> "Assignment535"
	"m536" [label="m",style=filled,fillcolor=powderblue]
	"Assignment535" -> "m536"
	"[537" [label="[",style=filled,fillcolor=powderblue]
	"Assignment535" -> "[537"
	"Expression538" [label="Expression"]
	"Assignment535" -> "Expression538"
	"Multiplication539" [label="Multiplication"]
	"Expression538" -> "Multiplication539"
	"Exponent540" [label="Exponent"]
	"Multiplication539" -> "Exponent540"
	"Parentheses541" [label="Parentheses"]
	"Exponent540" -> "Parentheses541"
	"Identification542" [label="Identification"]
	"Parentheses541" -> "Identification542"
	"num543" [label="num",style=filled,fillcolor=powderblue]
	"Identification542" -> "num543"
	"Exponent Prime544" [label="Exponent Prime"]
	"Exponent540" -> "Exponent Prime544"
	"e545" [label="e"]
	"Exponent Prime544" -> "e545"
	"Multiplication Prime546" [label="Multiplication Prime"]
	"Multiplication539" -> "Multiplication Prime546"
	"e547" [label="e"]
	"Multiplication Prime546" -> "e547"
	"Expression Prime548" [label="Expression Prime"]
	"Expression538" -> "Expression Prime548"
	"e549" [label="e"]
	"Expression Prime548" -> "e549"
	"]550" [label="]",style=filled,fillcolor=powderblue]
	"Assignment535" -> "]550"
	"=551" [label="=",style=filled,fillcolor=powderblue]
	"Assignment535" -> "=551"
	"Expression552" [label="Expression"]
	"Assignment535" -> "Expression552"
	"Multiplication553" [label="Multiplication"]
	"Expression552" -> "Multiplication553"
	"Exponent554" [label="Exponent"]
	"Multiplication553" -> "Exponent554"
	"Parentheses555" [label="Parentheses"]
	"Exponent554" -> "Parentheses555"
	"Identification556" [label="Identification"]
	"Parentheses555" -> "Identification556"
	"num557" [label="num",style=filled,fillcolor=powderblue]
	"Identification556" -> "num557"
	"Exponent Prime558" [label="Exponent Prime"]
	"Exponent554" -> "Exponent Prime558"
	"e559" [label="e"]
	"Exponent Prime558" -> "e559"
	"Multiplication Prime560" [label="Multiplication Prime"]
	"Multiplication553" -> "Multiplication Prime560"
	"e561" [label="e"]
	"Multiplication Prime560" -> "e561"
	"Expression Prime562" [label="Expression Prime"]
	"Expression552" -> "Expression Prime562"
	"-563" [label="-",style=filled,fillcolor=powderblue]
	"Expression Prime562" -> "-563"
	"Multiplication564" [label="Multiplication"]
	"Expression Prime562" -> "Multiplication564"
	"Exponent565" [label="Exponent"]
	"Multiplication564" -> "Exponent565"
	"Parentheses566" [label="Parentheses"]
	"Exponent565" -> "Parentheses566"
	"Identification567" [label="Identification"]
	"Parentheses566" -> "Identification567"
	"m568" [label="m",style=filled,fillcolor=powderblue]
	"Identification567" -> "m568"
	"[569" [label="[",style=filled,fillcolor=powderblue]
	"Identification567" -> "[569"
	"Expression570" [label="Expression"]
	"Identification567" -> "Expression570"
	"Multiplication571" [label="Multiplication"]
	"Expression570" -> "Multiplication571"
	"Exponent572" [label="Exponent"]
	"Multiplication571" -> "Exponent572"
	"Parentheses573" [label="Parentheses"]
	"Exponent572" -> "Parentheses573"
	"Identification574" [label="Identification"]
	"Parentheses573" -> "Identification574"
	"num575" [label="num",style=filled,fillcolor=powderblue]
	"Identification574" -> "num575"
	"Exponent Prime576" [label="Exponent Prime"]
	"Exponent572" -> "Exponent Prime576"
	"**577" [label="**",style=filled,fillcolor=powderblue]
	"Exponent Prime576" -> "**577"
	"Parentheses578" [label="Parentheses"]
	"Exponent Prime576" -> "Parentheses578"
	"Identification579" [label="Identification"]
	"Parentheses578" -> "Identification579"
	"num580" [label="num",style=filled,fillcolor=powderblue]
	"Identification579" -> "num580"
	"Exponent Prime581" [label="Exponent Prime"]
	"Exponent Prime576" -> "Exponent Prime581"
	"e582" [label="e"]
	"Exponent Prime581" -> "e582"
	"Multiplication Prime583" [label="Multiplication Prime"]
	"Multiplication571" -> "Multiplication Prime583"
	"*584" [label="*",style=filled,fillcolor=powderblue]
	"Multiplication Prime583" -> "*584"
	"Exponent585" [label="Exponent"]
	"Multiplication Prime583" -> "Exponent585"
	"Parentheses586" [label="Parentheses"]
	"Exponent585" -> "Parentheses586"
	"Identification587" [label="Identification"]
	"Parentheses586" -> "Identification587"
	"num588" [label="num",style=filled,fillcolor=powderblue]
	"Identification587" -> "num588"
	"Exponent Prime589" [label="Exponent Prime"]
	"Exponent585" -> "Exponent Prime589"
	"e590" [label="e"]
	"Exponent Prime589" -> "e590"
	"Multiplication Prime591" [label="Multiplication Prime"]
	"Multiplication Prime583" -> "Multiplication Prime591"
	"e592" [label="e"]
	"Multiplication Prime591" -> "e592"
	"Expression Prime593" [label="Expression Prime"]
	"Expression570" -> "Expression Prime593"
	"-594" [label="-",style=filled,fillcolor=powderblue]
	"Expression Prime593" -> "-594"
	"Multiplication595" [label="Multiplication"]
	"Expression Prime593" -> "Multiplication595"
	"Exponent596" [label="Exponent"]
	"Multiplication595" -> "Exponent596"
	"Parentheses597" [label="Parentheses"]
	"Exponent596" -> "Parentheses597"
	"Identification598" [label="Identification"]
	"Parentheses597" -> "Identification598"
	"num599" [label="num",style=filled,fillcolor=powderblue]
	"Identification598" -> "num599"
	"Exponent Prime600" [label="Exponent Prime"]
	"Exponent596" -> "Exponent Prime600"
	"e601" [label="e"]
	"Exponent Prime600" -> "e601"
	"Multiplication Prime602" [label="Multiplication Prime"]
	"Multiplication595" -> "Multiplication Prime602"
	"e603" [label="e"]
	"Multiplication Prime602" -> "e603"
	"Expression Prime604" [label="Expression Prime"]
	"Expression Prime593" -> "Expression Prime604"
	"e605" [label="e"]
	"Expression Prime604" -> "e605"
	"]606" [label="]",style=filled,fillcolor=powderblue]
	"Identification567" -> "]606"
	"Exponent Prime607" [label="Exponent Prime"]
	"Exponent565" -> "Exponent Prime607"
	"e608" [label="e"]
	"Exponent Prime607" -> "e608"
	"Multiplication Prime609" [label="Multiplication Prime"]
	"Multiplication564" -> "Multiplication Prime609"
	"e610" [label="e"]
	"Multiplication Prime609" -> "e610"
	"Expression Prime611" [label="Expression Prime"]
	"Expression Prime562" -> "Expression Prime611"
	"-612" [label="-",style=filled,fillcolor=powderblue]
	"Expression Prime611" -> "-612"
	"Multiplication613" [label="Multiplication"]
	"Expression Prime611" -> "Multiplication613"
	"Exponent614" [label="Exponent"]
	"Multiplication613" -> "Exponent614"
	"Parentheses615" [label="Parentheses"]
	"Exponent614" -> "Parentheses615"
	"Identification616" [label="Identification"]
	"Parentheses615" -> "Identification616"
	"num617" [label="num",style=filled,fillcolor=powderblue]
	"Identification616" -> "num617"
	"Exponent Prime618" [label="Exponent Prime"]
	"Exponent614" -> "Exponent Prime618"
	"e619" [label="e"]
	"Exponent Prime618" -> "e619"
	"Multiplication Prime620" [label="Multiplication Prime"]
	"Multiplication613" -> "Multiplication Prime620"
	"e621" [label="e"]
	"Multiplication Prime620" -> "e621"
	"Expression Prime622" [label="Expression Prime"]
	"Expression Prime611" -> "Expression Prime622"
	"e623" [label="e"]
	"Expression Prime622" -> "e623"
	"Statements Prime624" [label="Statements Prime"]
	"Statements Prime533" -> "Statements Prime624"
	"Statement625" [label="Statement"]
	"Statements Prime624" -> "Statement625"
	"Label626" [label="Label"]
	"Statement625" -> "Label626"
	"L627" [label="L",style=filled,fillcolor=powderblue]
	"Label626" -> "L627"
	"num628" [label="num",style=filled,fillcolor=powderblue]
	"Label626" -> "num628"
	":629" [label=":",style=filled,fillcolor=powderblue]
	"Label626" -> ":629"
	"Statements Prime630" [label="Statements Prime"]
	"Statements Prime624" -> "Statements Prime630"
	"Statement631" [label="Statement"]
	"Statements Prime630" -> "Statement631"
	"Assignment632" [label="Assignment"]
	"Statement631" -> "Assignment632"
	"m633" [label="m",style=filled,fillcolor=powderblue]
	"Assignment632" -> "m633"
	"[634" [label="[",style=filled,fillcolor=powderblue]
	"Assignment632" -> "[634"
	"Expression635" [label="Expression"]
	"Assignment632" -> "Expression635"
	"Multiplication636" [label="Multiplication"]
	"Expression635" -> "Multiplication636"
	"Exponent637" [label="Exponent"]
	"Multiplication636" -> "Exponent637"
	"Parentheses638" [label="Parentheses"]
	"Exponent637" -> "Parentheses638"
	"Identification639" [label="Identification"]
	"Parentheses638" -> "Identification639"
	"num640" [label="num",style=filled,fillcolor=powderblue]
	"Identification639" -> "num640"
	"Exponent Prime641" [label="Exponent Prime"]
	"Exponent637" -> "Exponent Prime641"
	"e642" [label="e"]
	"Exponent Prime641" -> "e642"
	"Multiplication Prime643" [label="Multiplication Prime"]
	"Multiplication636" -> "Multiplication Prime643"
	"e644" [label="e"]
	"Multiplication Prime643" -> "e644"
	"Expression Prime645" [label="Expression Prime"]
	"Expression635" -> "Expression Prime645"
	"e646" [label="e"]
	"Expression Prime645" -> "e646"
	"]647" [label="]",style=filled,fillcolor=powderblue]
	"Assignment632" -> "]647"
	"=648" [label="=",style=filled,fillcolor=powderblue]
	"Assignment632" -> "=648"
	"Expression649" [label="Expression"]
	"Assignment632" -> "Expression649"
	"Multiplication650" [label="Multiplication"]
	"Expression649" -> "Multiplication650"
	"Exponent651" [label="Exponent"]
	"Multiplication650" -> "Exponent651"
	"Parentheses652" [label="Parentheses"]
	"Exponent651" -> "Parentheses652"
	"Identification653" [label="Identification"]
	"Parentheses652" -> "Identification653"
	"num654" [label="num",style=filled,fillcolor=powderblue]
	"Identification653" -> "num654"
	"Exponent Prime655" [label="Exponent Prime"]
	"Exponent651" -> "Exponent Prime655"
	"e656" [label="e"]
	"Exponent Prime655" -> "e656"
	"Multiplication Prime657" [label="Multiplication Prime"]
	"Multiplication650" -> "Multiplication Prime657"
	"e658" [label="e"]
	"Multiplication Prime657" -> "e658"
	"Expression Prime659" [label="Expression Prime"]
	"Expression649" -> "Expression Prime659"
	"-660" [label="-",style=filled,fillcolor=powderblue]
	"Expression Prime659" -> "-660"
	"Multiplication661" [label="Multiplication"]
	"Expression Prime659" -> "Multiplication661"
	"Exponent662" [label="Exponent"]
	"Multiplication661" -> "Exponent662"
	"Parentheses663" [label="Parentheses"]
	"Exponent662" -> "Parentheses663"
	"(664" [label="(",style=filled,fillcolor=powderblue]
	"Parentheses663" -> "(664"
	"Expression665" [label="Expression"]
	"Parentheses663" -> "Expression665"
	"Multiplication666" [label="Multiplication"]
	"Expression665" -> "Multiplication666"
	"Exponent667" [label="Exponent"]
	"Multiplication666" -> "Exponent667"
	"Parentheses668" [label="Parentheses"]
	"Exponent667" -> "Parentheses668"
	"Identification669" [label="Identification"]
	"Parentheses668" -> "Identification669"
	"m670" [label="m",style=filled,fillcolor=powderblue]
	"Identification669" -> "m670"
	"[671" [label="[",style=filled,fillcolor=powderblue]
	"Identification669" -> "[671"
	"Expression672" [label="Expression"]
	"Identification669" -> "Expression672"
	"Multiplication673" [label="Multiplication"]
	"Expression672" -> "Multiplication673"
	"Exponent674" [label="Exponent"]
	"Multiplication673" -> "Exponent674"
	"Parentheses675" [label="Parentheses"]
	"Exponent674" -> "Parentheses675"
	"Identification676" [label="Identification"]
	"Parentheses675" -> "Identification676"
	"num677" [label="num",style=filled,fillcolor=powderblue]
	"Identification676" -> "num677"
	"Exponent Prime678" [label="Exponent Prime"]
	"Exponent674" -> "Exponent Prime678"
	"e679" [label="e"]
	"Exponent Prime678" -> "e679"
	"Multiplication Prime680" [label="Multiplication Prime"]
	"Multiplication673" -> "Multiplication Prime680"
	"e681" [label="e"]
	"Multiplication Prime680" -> "e681"
	"Expression Prime682" [label="Expression Prime"]
	"Expression672" -> "Expression Prime682"
	"e683" [label="e"]
	"Expression Prime682" -> "e683"
	"]684" [label="]",style=filled,fillcolor=powderblue]
	"Identification669" -> "]684"
	"Exponent Prime685" [label="Exponent Prime"]
	"Exponent667" -> "Exponent Prime685"
	"e686" [label="e"]
	"Exponent Prime685" -> "e686"
	"Multiplication Prime687" [label="Multiplication Prime"]
	"Multiplication666" -> "Multiplication Prime687"
	"e688" [label="e"]
	"Multiplication Prime687" -> "e688"
	"Expression Prime689" [label="Expression Prime"]
	"Expression665" -> "Expression Prime689"
	"-690" [label="-",style=filled,fillcolor=powderblue]
	"Expression Prime689" -> "-690"
	"Multiplication691" [label="Multiplication"]
	"Expression Prime689" -> "Multiplication691"
	"Exponent692" [label="Exponent"]
	"Multiplication691" -> "Exponent692"
	"Parentheses693" [label="Parentheses"]
	"Exponent692" -> "Parentheses693"
	"Identification694" [label="Identification"]
	"Parentheses693" -> "Identification694"
	"num695" [label="num",style=filled,fillcolor=powderblue]
	"Identification694" -> "num695"
	"Exponent Prime696" [label="Exponent Prime"]
	"Exponent692" -> "Exponent Prime696"
	"e697" [label="e"]
	"Exponent Prime696" -> "e697"
	"Multiplication Prime698" [label="Multiplication Prime"]
	"Multiplication691" -> "Multiplication Prime698"
	"e699" [label="e"]
	"Multiplication Prime698" -> "e699"
	"Expression Prime700" [label="Expression Prime"]
	"Expression Prime689" -> "Expression Prime700"
	"e701" [label="e"]
	"Expression Prime700" -> "e701"
	")702" [label=")",style=filled,fillcolor=powderblue]
	"Parentheses663" -> ")702"
	"Exponent Prime703" [label="Exponent Prime"]
	"Exponent662" -> "Exponent Prime703"
	"e704" [label="e"]
	"Exponent Prime703" -> "e704"
	"Multiplication Prime705" [label="Multiplication Prime"]
	"Multiplication661" -> "Multiplication Prime705"
	"e706" [label="e"]
	"Multiplication Prime705" -> "e706"
	"Expression Prime707" [label="Expression Prime"]
	"Expression Prime659" -> "Expression Prime707"
	"e708" [label="e"]
	"Expression Prime707" -> "e708"
	"Statements Prime709" [label="Statements Prime"]
	"Statements Prime630" -> "Statements Prime709"
	"Statement710" [label="Statement"]
	"Statements Prime709" -> "Statement710"
	"Assignment711" [label="Assignment"]
	"Statement710" -> "Assignment711"
	"m712" [label="m",style=filled,fillcolor=powderblue]
	"Assignment711" -> "m712"
	"[713" [label="[",style=filled,fillcolor=powderblue]
	"Assignment711" -> "[713"
	"Expression714" [label="Expression"]
	"Assignment711" -> "Expression714"
	"Multiplication715" [label="Multiplication"]
	"Expression714" -> "Multiplication715"
	"Exponent716" [label="Exponent"]
	"Multiplication715" -> "Exponent716"
	"Parentheses717" [label="Parentheses"]
	"Exponent716" -> "Parentheses717"
	"Identification718" [label="Identification"]
	"Parentheses717" -> "Identification718"
	"num719" [label="num",style=filled,fillcolor=powderblue]
	"Identification718" -> "num719"
	"Exponent Prime720" [label="Exponent Prime"]
	"Exponent716" -> "Exponent Prime720"
	"e721" [label="e"]
	"Exponent Prime720" -> "e721"
	"Multiplication Prime722" [label="Multiplication Prime"]
	"Multiplication715" -> "Multiplication Prime722"
	"e723" [label="e"]
	"Multiplication Prime722" -> "e723"
	"Expression Prime724" [label="Expression Prime"]
	"Expression714" -> "Expression Prime724"
	"e725" [label="e"]
	"Expression Prime724" -> "e725"
	"]726" [label="]",style=filled,fillcolor=powderblue]
	"Assignment711" -> "]726"
	"=727" [label="=",style=filled,fillcolor=powderblue]
	"Assignment711" -> "=727"
	"Expression728" [label="Expression"]
	"Assignment711" -> "Expression728"
	"Multiplication729" [label="Multiplication"]
	"Expression728" -> "Multiplication729"
	"Exponent730" [label="Exponent"]
	"Multiplication729" -> "Exponent730"
	"Parentheses731" [label="Parentheses"]
	"Exponent730" -> "Parentheses731"
	"Identification732" [label="Identification"]
	"Parentheses731" -> "Identification732"
	"num733" [label="num",style=filled,fillcolor=powderblue]
	"Identification732" -> "num733"
	"Exponent Prime734" [label="Exponent Prime"]
	"Exponent730" -> "Exponent Prime734"
	"e735" [label="e"]
	"Exponent Prime734" -> "e735"
	"Multiplication Prime736" [label="Multiplication Prime"]
	"Multiplication729" -> "Multiplication Prime736"
	"/737" [label="/",style=filled,fillcolor=powderblue]
	"Multiplication Prime736" -> "/737"
	"Exponent738" [label="Exponent"]
	"Multiplication Prime736" -> "Exponent738"
	"Parentheses739" [label="Parentheses"]
	"Exponent738" -> "Parentheses739"
	"Identification740" [label="Identification"]
	"Parentheses739" -> "Identification740"
	"num741" [label="num",style=filled,fillcolor=powderblue]
	"Identification740" -> "num741"
	"Exponent Prime742" [label="Exponent Prime"]
	"Exponent738" -> "Exponent Prime742"
	"e743" [label="e"]
	"Exponent Prime742" -> "e743"
	"Multiplication Prime744" [label="Multiplication Prime"]
	"Multiplication Prime736" -> "Multiplication Prime744"
	"*745" [label="*",style=filled,fillcolor=powderblue]
	"Multiplication Prime744" -> "*745"
	"Exponent746" [label="Exponent"]
	"Multiplication Prime744" -> "Exponent746"
	"Parentheses747" [label="Parentheses"]
	"Exponent746" -> "Parentheses747"
	"Identification748" [label="Identification"]
	"Parentheses747" -> "Identification748"
	"num749" [label="num",style=filled,fillcolor=powderblue]
	"Identification748" -> "num749"
	"Exponent Prime750" [label="Exponent Prime"]
	"Exponent746" -> "Exponent Prime750"
	"e751" [label="e"]
	"Exponent Prime750" -> "e751"
	"Multiplication Prime752" [label="Multiplication Prime"]
	"Multiplication Prime744" -> "Multiplication Prime752"
	"e753" [label="e"]
	"Multiplication Prime752" -> "e753"
	"Expression Prime754" [label="Expression Prime"]
	"Expression728" -> "Expression Prime754"
	"e755" [label="e"]
	"Expression Prime754" -> "e755"
	"Statements Prime756" [label="Statements Prime"]
	"Statements Prime709" -> "Statements Prime756"
	"Statement757" [label="Statement"]
	"Statements Prime756" -> "Statement757"
	"Jump758" [label="Jump"]
	"Statement757" -> "Jump758"
	"goto759" [label="goto",style=filled,fillcolor=powderblue]
	"Jump758" -> "goto759"
	"num760" [label="num",style=filled,fillcolor=powderblue]
	"Jump758" -> "num760"
	"Jump Prime761" [label="Jump Prime"]
	"Jump758" -> "Jump Prime761"
	"e762" [label="e"]
	"Jump Prime761" -> "e762"
	"Statements Prime763" [label="Statements Prime"]
	"Statements Prime756" -> "Statements Prime763"
	"Statement764" [label="Statement"]
	"Statements Prime763" -> "Statement764"
	"Assignment765" [label="Assignment"]
	"Statement764" -> "Assignment765"
	"m766" [label="m",style=filled,fillcolor=powderblue]
	"Assignment765" -> "m766"
	"[767" [label="[",style=filled,fillcolor=powderblue]
	"Assignment765" -> "[767"
	"Expression768" [label="Expression"]
	"Assignment765" -> "Expression768"
	"Multiplication769" [label="Multiplication"]
	"Expression768" -> "Multiplication769"
	"Exponent770" [label="Exponent"]
	"Multiplication769" -> "Exponent770"
	"Parentheses771" [label="Parentheses"]
	"Exponent770" -> "Parentheses771"
	"Identification772" [label="Identification"]
	"Parentheses771" -> "Identification772"
	"num773" [label="num",style=filled,fillcolor=powderblue]
	"Identification772" -> "num773"
	"Exponent Prime774" [label="Exponent Prime"]
	"Exponent770" -> "Exponent Prime774"
	"e775" [label="e"]
	"Exponent Prime774" -> "e775"
	"Multiplication Prime776" [label="Multiplication Prime"]
	"Multiplication769" -> "Multiplication Prime776"
	"e777" [label="e"]
	"Multiplication Prime776" -> "e777"
	"Expression Prime778" [label="Expression Prime"]
	"Expression768" -> "Expression Prime778"
	"e779" [label="e"]
	"Expression Prime778" -> "e779"
	"]780" [label="]",style=filled,fillcolor=powderblue]
	"Assignment765" -> "]780"
	"=781" [label="=",style=filled,fillcolor=powderblue]
	"Assignment765" -> "=781"
	"Expression782" [label="Expression"]
	"Assignment765" -> "Expression782"
	"Multiplication783" [label="Multiplication"]
	"Expression782" -> "Multiplication783"
	"Exponent784" [label="Exponent"]
	"Multiplication783" -> "Exponent784"
	"Parentheses785" [label="Parentheses"]
	"Exponent784" -> "Parentheses785"
	"Identification786" [label="Identification"]
	"Parentheses785" -> "Identification786"
	"num787" [label="num",style=filled,fillcolor=powderblue]
	"Identification786" -> "num787"
	"Exponent Prime788" [label="Exponent Prime"]
	"Exponent784" -> "Exponent Prime788"
	"e789" [label="e"]
	"Exponent Prime788" -> "e789"
	"Multiplication Prime790" [label="Multiplication Prime"]
	"Multiplication783" -> "Multiplication Prime790"
	"e791" [label="e"]
	"Multiplication Prime790" -> "e791"
	"Expression Prime792" [label="Expression Prime"]
	"Expression782" -> "Expression Prime792"
	"+793" [label="+",style=filled,fillcolor=powderblue]
	"Expression Prime792" -> "+793"
	"Multiplication794" [label="Multiplication"]
	"Expression Prime792" -> "Multiplication794"
	"Exponent795" [label="Exponent"]
	"Multiplication794" -> "Exponent795"
	"Parentheses796" [label="Parentheses"]
	"Exponent795" -> "Parentheses796"
	"Identification797" [label="Identification"]
	"Parentheses796" -> "Identification797"
	"m798" [label="m",style=filled,fillcolor=powderblue]
	"Identification797" -> "m798"
	"[799" [label="[",style=filled,fillcolor=powderblue]
	"Identification797" -> "[799"
	"Expression800" [label="Expression"]
	"Identification797" -> "Expression800"
	"Multiplication801" [label="Multiplication"]
	"Expression800" -> "Multiplication801"
	"Exponent802" [label="Exponent"]
	"Multiplication801" -> "Exponent802"
	"Parentheses803" [label="Parentheses"]
	"Exponent802" -> "Parentheses803"
	"Identification804" [label="Identification"]
	"Parentheses803" -> "Identification804"
	"num805" [label="num",style=filled,fillcolor=powderblue]
	"Identification804" -> "num805"
	"Exponent Prime806" [label="Exponent Prime"]
	"Exponent802" -> "Exponent Prime806"
	"e807" [label="e"]
	"Exponent Prime806" -> "e807"
	"Multiplication Prime808" [label="Multiplication Prime"]
	"Multiplication801" -> "Multiplication Prime808"
	"e809" [label="e"]
	"Multiplication Prime808" -> "e809"
	"Expression Prime810" [label="Expression Prime"]
	"Expression800" -> "Expression Prime810"
	"e811" [label="e"]
	"Expression Prime810" -> "e811"
	"]812" [label="]",style=filled,fillcolor=powderblue]
	"Identification797" -> "]812"
	"Exponent Prime813" [label="Exponent Prime"]
	"Exponent795" -> "Exponent Prime813"
	"e814" [label="e"]
	"Exponent Prime813" -> "e814"
	"Multiplication Prime815" [label="Multiplication Prime"]
	"Multiplication794" -> "Multiplication Prime815"
	"e816" [label="e"]
	"Multiplication Prime815" -> "e816"
	"Expression Prime817" [label="Expression Prime"]
	"Expression Prime792" -> "Expression Prime817"
	"e818" [label="e"]
	"Expression Prime817" -> "e818"
	"Statements Prime819" [label="Statements Prime"]
	"Statements Prime763" -> "Statements Prime819"
	"Statement820" [label="Statement"]
	"Statements Prime819" -> "Statement820"
	"Assignment821" [label="Assignment"]
	"Statement820" -> "Assignment821"
	"m822" [label="m",style=filled,fillcolor=powderblue]
	"Assignment821" -> "m822"
	"[823" [label="[",style=filled,fillcolor=powderblue]
	"Assignment821" -> "[823"
	"Expression824" [label="Expression"]
	"Assignment821" -> "Expression824"
	"Multiplication825" [label="Multiplication"]
	"Expression824" -> "Multiplication825"
	"Exponent826" [label="Exponent"]
	"Multiplication825" -> "Exponent826"
	"Parentheses827" [label="Parentheses"]
	"Exponent826" -> "Parentheses827"
	"Identification828" [label="Identification"]
	"Parentheses827" -> "Identification828"
	"num829" [label="num",style=filled,fillcolor=powderblue]
	"Identification828" -> "num829"
	"Exponent Prime830" [label="Exponent Prime"]
	"Exponent826" -> "Exponent Prime830"
	"e831" [label="e"]
	"Exponent Prime830" -> "e831"
	"Multiplication Prime832" [label="Multiplication Prime"]
	"Multiplication825" -> "Multiplication Prime832"
	"e833" [label="e"]
	"Multiplication Prime832" -> "e833"
	"Expression Prime834" [label="Expression Prime"]
	"Expression824" -> "Expression Prime834"
	"e835" [label="e"]
	"Expression Prime834" -> "e835"
	"]836" [label="]",style=filled,fillcolor=powderblue]
	"Assignment821" -> "]836"
	"=837" [label="=",style=filled,fillcolor=powderblue]
	"Assignment821" -> "=837"
	"Expression838" [label="Expression"]
	"Assignment821" -> "Expression838"
	"Multiplication839" [label="Multiplication"]
	"Expression838" -> "Multiplication839"
	"Exponent840" [label="Exponent"]
	"Multiplication839" -> "Exponent840"
	"Parentheses841" [label="Parentheses"]
	"Exponent840" -> "Parentheses841"
	"Identification842" [label="Identification"]
	"Parentheses841" -> "Identification842"
	"num843" [label="num",style=filled,fillcolor=powderblue]
	"Identification842" -> "num843"
	"Exponent Prime844" [label="Exponent Prime"]
	"Exponent840" -> "Exponent Prime844"
	"e845" [label="e"]
	"Exponent Prime844" -> "e845"
	"Multiplication Prime846" [label="Multiplication Prime"]
	"Multiplication839" -> "Multiplication Prime846"
	"e847" [label="e"]
	"Multiplication Prime846" -> "e847"
	"Expression Prime848" [label="Expression Prime"]
	"Expression838" -> "Expression Prime848"
	"-849" [label="-",style=filled,fillcolor=powderblue]
	"Expression Prime848" -> "-849"
	"Multiplication850" [label="Multiplication"]
	"Expression Prime848" -> "Multiplication850"
	"Exponent851" [label="Exponent"]
	"Multiplication850" -> "Exponent851"
	"Parentheses852" [label="Parentheses"]
	"Exponent851" -> "Parentheses852"
	"Identification853" [label="Identification"]
	"Parentheses852" -> "Identification853"
	"m854" [label="m",style=filled,fillcolor=powderblue]
	"Identification853" -> "m854"
	"[855" [label="[",style=filled,fillcolor=powderblue]
	"Identification853" -> "[855"
	"Expression856" [label="Expression"]
	"Identification853" -> "Expression856"
	"Multiplication857" [label="Multiplication"]
	"Expression856" -> "Multiplication857"
	"Exponent858" [label="Exponent"]
	"Multiplication857" -> "Exponent858"
	"Parentheses859" [label="Parentheses"]
	"Exponent858" -> "Parentheses859"
	"Identification860" [label="Identification"]
	"Parentheses859" -> "Identification860"
	"num861" [label="num",style=filled,fillcolor=powderblue]
	"Identification860" -> "num861"
	"Exponent Prime862" [label="Exponent Prime"]
	"Exponent858" -> "Exponent Prime862"
	"e863" [label="e"]
	"Exponent Prime862" -> "e863"
	"Multiplication Prime864" [label="Multiplication Prime"]
	"Multiplication857" -> "Multiplication Prime864"
	"e865" [label="e"]
	"Multiplication Prime864" -> "e865"
	"Expression Prime866" [label="Expression Prime"]
	"Expression856" -> "Expression Prime866"
	"-867" [label="-",style=filled,fillcolor=powderblue]
	"Expression Prime866" -> "-867"
	"Multiplication868" [label="Multiplication"]
	"Expression Prime866" -> "Multiplication868"
	"Exponent869" [label="Exponent"]
	"Multiplication868" -> "Exponent869"
	"Parentheses870" [label="Parentheses"]
	"Exponent869" -> "Parentheses870"
	"Identification871" [label="Identification"]
	"Parentheses870" -> "Identification871"
	"num872" [label="num",style=filled,fillcolor=powderblue]
	"Identification871" -> "num872"
	"Exponent Prime873" [label="Exponent Prime"]
	"Exponent869" -> "Exponent Prime873"
	"e874" [label="e"]
	"Exponent Prime873" -> "e874"
	"Multiplication Prime875" [label="Multiplication Prime"]
	"Multiplication868" -> "Multiplication Prime875"
	"e876" [label="e"]
	"Multiplication Prime875" -> "e876"
	"Expression Prime877" [label="Expression Prime"]
	"Expression Prime866" -> "Expression Prime877"
	"e878" [label="e"]
	"Expression Prime877" -> "e878"
	"]879" [label="]",style=filled,fillcolor=powderblue]
	"Identification853" -> "]879"
	"Exponent Prime880" [label="Exponent Prime"]
	"Exponent851" -> "Exponent Prime880"
	"e881" [label="e"]
	"Exponent Prime880" -> "e881"
	"Multiplication Prime882" [label="Multiplication Prime"]
	"Multiplication850" -> "Multiplication Prime882"
	"e883" [label="e"]
	"Multiplication Prime882" -> "e883"
	"Expression Prime884" [label="Expression Prime"]
	"Expression Prime848" -> "Expression Prime884"
	"e885" [label="e"]
	"Expression Prime884" -> "e885"
	"Statements Prime886" [label="Statements Prime"]
	"Statements Prime819" -> "Statements Prime886"
	"Statement887" [label="Statement"]
	"Statements Prime886" -> "Statement887"
	"Assignment888" [label="Assignment"]
	"Statement887" -> "Assignment888"
	"m889" [label="m",style=filled,fillcolor=powderblue]
	"Assignment888" -> "m889"
	"[890" [label="[",style=filled,fillcolor=powderblue]
	"Assignment888" -> "[890"
	"Expression891" [label="Expression"]
	"Assignment888" -> "Expression891"
	"Multiplication892" [label="Multiplication"]
	"Expression891" -> "Multiplication892"
	"Exponent893" [label="Exponent"]
	"Multiplication892" -> "Exponent893"
	"Parentheses894" [label="Parentheses"]
	"Exponent893" -> "Parentheses894"
	"Identification895" [label="Identification"]
	"Parentheses894" -> "Identification895"
	"num896" [label="num",style=filled,fillcolor=powderblue]
	"Identification895" -> "num896"
	"Exponent Prime897" [label="Exponent Prime"]
	"Exponent893" -> "Exponent Prime897"
	"e898" [label="e"]
	"Exponent Prime897" -> "e898"
	"Multiplication Prime899" [label="Multiplication Prime"]
	"Multiplication892" -> "Multiplication Prime899"
	"e900" [label="e"]
	"Multiplication Prime899" -> "e900"
	"Expression Prime901" [label="Expression Prime"]
	"Expression891" -> "Expression Prime901"
	"e902" [label="e"]
	"Expression Prime901" -> "e902"
	"]903" [label="]",style=filled,fillcolor=powderblue]
	"Assignment888" -> "]903"
	"=904" [label="=",style=filled,fillcolor=powderblue]
	"Assignment888" -> "=904"
	"Expression905" [label="Expression"]
	"Assignment888" -> "Expression905"
	"Multiplication906" [label="Multiplication"]
	"Expression905" -> "Multiplication906"
	"Exponent907" [label="Exponent"]
	"Multiplication906" -> "Exponent907"
	"Parentheses908" [label="Parentheses"]
	"Exponent907" -> "Parentheses908"
	"Identification909" [label="Identification"]
	"Parentheses908" -> "Identification909"
	"num910" [label="num",style=filled,fillcolor=powderblue]
	"Identification909" -> "num910"
	"Exponent Prime911" [label="Exponent Prime"]
	"Exponent907" -> "Exponent Prime911"
	"e912" [label="e"]
	"Exponent Prime911" -> "e912"
	"Multiplication Prime913" [label="Multiplication Prime"]
	"Multiplication906" -> "Multiplication Prime913"
	"e914" [label="e"]
	"Multiplication Prime913" -> "e914"
	"Expression Prime915" [label="Expression Prime"]
	"Expression905" -> "Expression Prime915"
	"-916" [label="-",style=filled,fillcolor=powderblue]
	"Expression Prime915" -> "-916"
	"Multiplication917" [label="Multiplication"]
	"Expression Prime915" -> "Multiplication917"
	"Exponent918" [label="Exponent"]
	"Multiplication917" -> "Exponent918"
	"Parentheses919" [label="Parentheses"]
	"Exponent918" -> "Parentheses919"
	"(920" [label="(",style=filled,fillcolor=powderblue]
	"Parentheses919" -> "(920"
	"Expression921" [label="Expression"]
	"Parentheses919" -> "Expression921"
	"Multiplication922" [label="Multiplication"]
	"Expression921" -> "Multiplication922"
	"Exponent923" [label="Exponent"]
	"Multiplication922" -> "Exponent923"
	"Parentheses924" [label="Parentheses"]
	"Exponent923" -> "Parentheses924"
	"Identification925" [label="Identification"]
	"Parentheses924" -> "Identification925"
	"num926" [label="num",style=filled,fillcolor=powderblue]
	"Identification925" -> "num926"
	"Exponent Prime927" [label="Exponent Prime"]
	"Exponent923" -> "Exponent Prime927"
	"e928" [label="e"]
	"Exponent Prime927" -> "e928"
	"Multiplication Prime929" [label="Multiplication Prime"]
	"Multiplication922" -> "Multiplication Prime929"
	"e930" [label="e"]
	"Multiplication Prime929" -> "e930"
	"Expression Prime931" [label="Expression Prime"]
	"Expression921" -> "Expression Prime931"
	"-932" [label="-",style=filled,fillcolor=powderblue]
	"Expression Prime931" -> "-932"
	"Multiplication933" [label="Multiplication"]
	"Expression Prime931" -> "Multiplication933"
	"Exponent934" [label="Exponent"]
	"Multiplication933" -> "Exponent934"
	"Parentheses935" [label="Parentheses"]
	"Exponent934" -> "Parentheses935"
	"Identification936" [label="Identification"]
	"Parentheses935" -> "Identification936"
	"num937" [label="num",style=filled,fillcolor=powderblue]
	"Identification936" -> "num937"
	"Exponent Prime938" [label="Exponent Prime"]
	"Exponent934" -> "Exponent Prime938"
	"e939" [label="e"]
	"Exponent Prime938" -> "e939"
	"Multiplication Prime940" [label="Multiplication Prime"]
	"Multiplication933" -> "Multiplication Prime940"
	"e941" [label="e"]
	"Multiplication Prime940" -> "e941"
	"Expression Prime942" [label="Expression Prime"]
	"Expression Prime931" -> "Expression Prime942"
	"e943" [label="e"]
	"Expression Prime942" -> "e943"
	")944" [label=")",style=filled,fillcolor=powderblue]
	"Parentheses919" -> ")944"
	"Exponent Prime945" [label="Exponent Prime"]
	"Exponent918" -> "Exponent Prime945"
	"e946" [label="e"]
	"Exponent Prime945" -> "e946"
	"Multiplication Prime947" [label="Multiplication Prime"]
	"Multiplication917" -> "Multiplication Prime947"
	"e948" [label="e"]
	"Multiplication Prime947" -> "e948"
	"Expression Prime949" [label="Expression Prime"]
	"Expression Prime915" -> "Expression Prime949"
	"e950" [label="e"]
	"Expression Prime949" -> "e950"
	"Statements Prime951" [label="Statements Prime"]
	"Statements Prime886" -> "Statements Prime951"
	"Statement952" [label="Statement"]
	"Statements Prime951" -> "Statement952"
	"Assignment953" [label="Assignment"]
	"Statement952" -> "Assignment953"
	"m954" [label="m",style=filled,fillcolor=powderblue]
	"Assignment953" -> "m954"
	"[955" [label="[",style=filled,fillcolor=powderblue]
	"Assignment953" -> "[955"
	"Expression956" [label="Expression"]
	"Assignment953" -> "Expression956"
	"Multiplication957" [label="Multiplication"]
	"Expression956" -> "Multiplication957"
	"Exponent958" [label="Exponent"]
	"Multiplication957" -> "Exponent958"
	"Parentheses959" [label="Parentheses"]
	"Exponent958" -> "Parentheses959"
	"Identification960" [label="Identification"]
	"Parentheses959" -> "Identification960"
	"num961" [label="num",style=filled,fillcolor=powderblue]
	"Identification960" -> "num961"
	"Exponent Prime962" [label="Exponent Prime"]
	"Exponent958" -> "Exponent Prime962"
	"e963" [label="e"]
	"Exponent Prime962" -> "e963"
	"Multiplication Prime964" [label="Multiplication Prime"]
	"Multiplication957" -> "Multiplication Prime964"
	"e965" [label="e"]
	"Multiplication Prime964" -> "e965"
	"Expression Prime966" [label="Expression Prime"]
	"Expression956" -> "Expression Prime966"
	"e967" [label="e"]
	"Expression Prime966" -> "e967"
	"]968" [label="]",style=filled,fillcolor=powderblue]
	"Assignment953" -> "]968"
	"=969" [label="=",style=filled,fillcolor=powderblue]
	"Assignment953" -> "=969"
	"Expression970" [label="Expression"]
	"Assignment953" -> "Expression970"
	"Multiplication971" [label="Multiplication"]
	"Expression970" -> "Multiplication971"
	"Exponent972" [label="Exponent"]
	"Multiplication971" -> "Exponent972"
	"Parentheses973" [label="Parentheses"]
	"Exponent972" -> "Parentheses973"
	"Identification974" [label="Identification"]
	"Parentheses973" -> "Identification974"
	"num975" [label="num",style=filled,fillcolor=powderblue]
	"Identification974" -> "num975"
	"Exponent Prime976" [label="Exponent Prime"]
	"Exponent972" -> "Exponent Prime976"
	"e977" [label="e"]
	"Exponent Prime976" -> "e977"
	"Multiplication Prime978" [label="Multiplication Prime"]
	"Multiplication971" -> "Multiplication Prime978"
	"e979" [label="e"]
	"Multiplication Prime978" -> "e979"
	"Expression Prime980" [label="Expression Prime"]
	"Expression970" -> "Expression Prime980"
	"-981" [label="-",style=filled,fillcolor=powderblue]
	"Expression Prime980" -> "-981"
	"Multiplication982" [label="Multiplication"]
	"Expression Prime980" -> "Multiplication982"
	"Exponent983" [label="Exponent"]
	"Multiplication982" -> "Exponent983"
	"Parentheses984" [label="Parentheses"]
	"Exponent983" -> "Parentheses984"
	"Identification985" [label="Identification"]
	"Parentheses984" -> "Identification985"
	"m986" [label="m",style=filled,fillcolor=powderblue]
	"Identification985" -> "m986"
	"[987" [label="[",style=filled,fillcolor=powderblue]
	"Identification985" -> "[987"
	"Expression988" [label="Expression"]
	"Identification985" -> "Expression988"
	"Multiplication989" [label="Multiplication"]
	"Expression988" -> "Multiplication989"
	"Exponent990" [label="Exponent"]
	"Multiplication989" -> "Exponent990"
	"Parentheses991" [label="Parentheses"]
	"Exponent990" -> "Parentheses991"
	"(992" [label="(",style=filled,fillcolor=powderblue]
	"Parentheses991" -> "(992"
	"Expression993" [label="Expression"]
	"Parentheses991" -> "Expression993"
	"Multiplication994" [label="Multiplication"]
	"Expression993" -> "Multiplication994"
	"Exponent995" [label="Exponent"]
	"Multiplication994" -> "Exponent995"
	"Parentheses996" [label="Parentheses"]
	"Exponent995" -> "Parentheses996"
	"Identification997" [label="Identification"]
	"Parentheses996" -> "Identification997"
	"num998" [label="num",style=filled,fillcolor=powderblue]
	"Identification997" -> "num998"
	"Exponent Prime999" [label="Exponent Prime"]
	"Exponent995" -> "Exponent Prime999"
	"e1000" [label="e"]
	"Exponent Prime999" -> "e1000"
	"Multiplication Prime1001" [label="Multiplication Prime"]
	"Multiplication994" -> "Multiplication Prime1001"
	"e1002" [label="e"]
	"Multiplication Prime1001" -> "e1002"
	"Expression Prime1003" [label="Expression Prime"]
	"Expression993" -> "Expression Prime1003"
	"-1004" [label="-",style=filled,fillcolor=powderblue]
	"Expression Prime1003" -> "-1004"
	"Multiplication1005" [label="Multiplication"]
	"Expression Prime1003" -> "Multiplication1005"
	"Exponent1006" [label="Exponent"]
	"Multiplication1005" -> "Exponent1006"
	"Parentheses1007" [label="Parentheses"]
	"Exponent1006" -> "Parentheses1007"
	"Identification1008" [label="Identification"]
	"Parentheses1007" -> "Identification1008"
	"num1009" [label="num",style=filled,fillcolor=powderblue]
	"Identification1008" -> "num1009"
	"Exponent Prime1010" [label="Exponent Prime"]
	"Exponent1006" -> "Exponent Prime1010"
	"e1011" [label="e"]
	"Exponent Prime1010" -> "e1011"
	"Multiplication Prime1012" [label="Multiplication Prime"]
	"Multiplication1005" -> "Multiplication Prime1012"
	"e1013" [label="e"]
	"Multiplication Prime1012" -> "e1013"
	"Expression Prime1014" [label="Expression Prime"]
	"Expression Prime1003" -> "Expression Prime1014"
	"e1015" [label="e"]
	"Expression Prime1014" -> "e1015"
	")1016" [label=")",style=filled,fillcolor=powderblue]
	"Parentheses991" -> ")1016"
	"Exponent Prime1017" [label="Exponent Prime"]
	"Exponent990" -> "Exponent Prime1017"
	"e1018" [label="e"]
	"Exponent Prime1017" -> "e1018"
	"Multiplication Prime1019" [label="Multiplication Prime"]
	"Multiplication989" -> "Multiplication Prime1019"
	"e1020" [label="e"]
	"Multiplication Prime1019" -> "e1020"
	"Expression Prime1021" [label="Expression Prime"]
	"Expression988" -> "Expression Prime1021"
	"e1022" [label="e"]
	"Expression Prime1021" -> "e1022"
	"]1023" [label="]",style=filled,fillcolor=powderblue]
	"Identification985" -> "]1023"
	"Exponent Prime1024" [label="Exponent Prime"]
	"Exponent983" -> "Exponent Prime1024"
	"e1025" [label="e"]
	"Exponent Prime1024" -> "e1025"
	"Multiplication Prime1026" [label="Multiplication Prime"]
	"Multiplication982" -> "Multiplication Prime1026"
	"e1027" [label="e"]
	"Multiplication Prime1026" -> "e1027"
	"Expression Prime1028" [label="Expression Prime"]
	"Expression Prime980" -> "Expression Prime1028"
	"e1029" [label="e"]
	"Expression Prime1028" -> "e1029"
	"Statements Prime1030" [label="Statements Prime"]
	"Statements Prime951" -> "Statements Prime1030"
	"Statement1031" [label="Statement"]
	"Statements Prime1030" -> "Statement1031"
	"Print1032" [label="Print"]
	"Statement1031" -> "Print1032"
	"print1033" [label="print",style=filled,fillcolor=powderblue]
	"Print1032" -> "print1033"
	"Expression1034" [label="Expression"]
	"Print1032" -> "Expression1034"
	"Multiplication1035" [label="Multiplication"]
	"Expression1034" -> "Multiplication1035"
	"Exponent1036" [label="Exponent"]
	"Multiplication1035" -> "Exponent1036"
	"Parentheses1037" [label="Parentheses"]
	"Exponent1036" -> "Parentheses1037"
	"Identification1038" [label="Identification"]
	"Parentheses1037" -> "Identification1038"
	"m1039" [label="m",style=filled,fillcolor=powderblue]
	"Identification1038" -> "m1039"
	"[1040" [label="[",style=filled,fillcolor=powderblue]
	"Identification1038" -> "[1040"
	"Expression1041" [label="Expression"]
	"Identification1038" -> "Expression1041"
	"Multiplication1042" [label="Multiplication"]
	"Expression1041" -> "Multiplication1042"
	"Exponent1043" [label="Exponent"]
	"Multiplication1042" -> "Exponent1043"
	"Parentheses1044" [label="Parentheses"]
	"Exponent1043" -> "Parentheses1044"
	"Identification1045" [label="Identification"]
	"Parentheses1044" -> "Identification1045"
	"num1046" [label="num",style=filled,fillcolor=powderblue]
	"Identification1045" -> "num1046"
	"Exponent Prime1047" [label="Exponent Prime"]
	"Exponent1043" -> "Exponent Prime1047"
	"e1048" [label="e"]
	"Exponent Prime1047" -> "e1048"
	"Multiplication Prime1049" [label="Multiplication Prime"]
	"Multiplication1042" -> "Multiplication Prime1049"
	"e1050" [label="e"]
	"Multiplication Prime1049" -> "e1050"
	"Expression Prime1051" [label="Expression Prime"]
	"Expression1041" -> "Expression Prime1051"
	"e1052" [label="e"]
	"Expression Prime1051" -> "e1052"
	"]1053" [label="]",style=filled,fillcolor=powderblue]
	"Identification1038" -> "]1053"
	"Exponent Prime1054" [label="Exponent Prime"]
	"Exponent1036" -> "Exponent Prime1054"
	"e1055" [label="e"]
	"Exponent Prime1054" -> "e1055"
	"Multiplication Prime1056" [label="Multiplication Prime"]
	"Multiplication1035" -> "Multiplication Prime1056"
	"e1057" [label="e"]
	"Multiplication Prime1056" -> "e1057"
	"Expression Prime1058" [label="Expression Prime"]
	"Expression1034" -> "Expression Prime1058"
	"e1059" [label="e"]
	"Expression Prime1058" -> "e1059"
	"Statements Prime1060" [label="Statements Prime"]
	"Statements Prime1030" -> "Statements Prime1060"
	"e1061" [label="e"]
	"Statements Prime1060" -> "e1061"
	"e1062" [label="e"]
	"Start1" -> "e1062"
};
