digraph G {
	"Start1" [label="Start"]
	"Statement2" [label="Statement"]
	"Start1" -> "Statement2"
	"Assignment3" [label="Assignment"]
	"Statement2" -> "Assignment3"
	"m4" [label="m",style=filled,fillcolor=powderblue]
	"Assignment3" -> "m4"
	"[5" [label="[",style=filled,fillcolor=powderblue]
	"Assignment3" -> "[5"
	"Expression6" [label="Expression"]
	"Assignment3" -> "Expression6"
	"Term7" [label="Term"]
	"Expression6" -> "Term7"
	"Power8" [label="Power"]
	"Term7" -> "Power8"
	"Factor9" [label="Factor"]
	"Power8" -> "Factor9"
	"num10" [label="num",style=filled,fillcolor=powderblue]
	"Factor9" -> "num10"
	"Power_prime11" [label="Power_prime"]
	"Power8" -> "Power_prime11"
	"e12" [label="e"]
	"Power_prime11" -> "e12"
	"Term_prime13" [label="Term_prime"]
	"Term7" -> "Term_prime13"
	"e14" [label="e"]
	"Term_prime13" -> "e14"
	"Expression_prime15" [label="Expression_prime"]
	"Expression6" -> "Expression_prime15"
	"e16" [label="e"]
	"Expression_prime15" -> "e16"
	"]17" [label="]",style=filled,fillcolor=powderblue]
	"Assignment3" -> "]17"
	"=18" [label="=",style=filled,fillcolor=powderblue]
	"Assignment3" -> "=18"
	"Expression19" [label="Expression"]
	"Assignment3" -> "Expression19"
	"Term20" [label="Term"]
	"Expression19" -> "Term20"
	"Power21" [label="Power"]
	"Term20" -> "Power21"
	"Factor22" [label="Factor"]
	"Power21" -> "Factor22"
	"m23" [label="m",style=filled,fillcolor=powderblue]
	"Factor22" -> "m23"
	"[24" [label="[",style=filled,fillcolor=powderblue]
	"Factor22" -> "[24"
	"Expression25" [label="Expression"]
	"Factor22" -> "Expression25"
	"Term26" [label="Term"]
	"Expression25" -> "Term26"
	"Power27" [label="Power"]
	"Term26" -> "Power27"
	"Factor28" [label="Factor"]
	"Power27" -> "Factor28"
	"num29" [label="num",style=filled,fillcolor=powderblue]
	"Factor28" -> "num29"
	"Power_prime30" [label="Power_prime"]
	"Power27" -> "Power_prime30"
	"e31" [label="e"]
	"Power_prime30" -> "e31"
	"Term_prime32" [label="Term_prime"]
	"Term26" -> "Term_prime32"
	"e33" [label="e"]
	"Term_prime32" -> "e33"
	"Expression_prime34" [label="Expression_prime"]
	"Expression25" -> "Expression_prime34"
	"e35" [label="e"]
	"Expression_prime34" -> "e35"
	"]36" [label="]",style=filled,fillcolor=powderblue]
	"Factor22" -> "]36"
	"Power_prime37" [label="Power_prime"]
	"Power21" -> "Power_prime37"
	"e38" [label="e"]
	"Power_prime37" -> "e38"
	"Term_prime39" [label="Term_prime"]
	"Term20" -> "Term_prime39"
	"e40" [label="e"]
	"Term_prime39" -> "e40"
	"Expression_prime41" [label="Expression_prime"]
	"Expression19" -> "Expression_prime41"
	"-42" [label="-",style=filled,fillcolor=powderblue]
	"Expression_prime41" -> "-42"
	"Term43" [label="Term"]
	"Expression_prime41" -> "Term43"
	"Power44" [label="Power"]
	"Term43" -> "Power44"
	"Factor45" [label="Factor"]
	"Power44" -> "Factor45"
	"num46" [label="num",style=filled,fillcolor=powderblue]
	"Factor45" -> "num46"
	"Power_prime47" [label="Power_prime"]
	"Power44" -> "Power_prime47"
	"e48" [label="e"]
	"Power_prime47" -> "e48"
	"Term_prime49" [label="Term_prime"]
	"Term43" -> "Term_prime49"
	"e50" [label="e"]
	"Term_prime49" -> "e50"
	"Expression_prime51" [label="Expression_prime"]
	"Expression_prime41" -> "Expression_prime51"
	"e52" [label="e"]
	"Expression_prime51" -> "e52"
	"Start53" [label="Start"]
	"Start1" -> "Start53"
	"Statement54" [label="Statement"]
	"Start53" -> "Statement54"
	"Assignment55" [label="Assignment"]
	"Statement54" -> "Assignment55"
	"m56" [label="m",style=filled,fillcolor=powderblue]
	"Assignment55" -> "m56"
	"[57" [label="[",style=filled,fillcolor=powderblue]
	"Assignment55" -> "[57"
	"Expression58" [label="Expression"]
	"Assignment55" -> "Expression58"
	"Term59" [label="Term"]
	"Expression58" -> "Term59"
	"Power60" [label="Power"]
	"Term59" -> "Power60"
	"Factor61" [label="Factor"]
	"Power60" -> "Factor61"
	"num62" [label="num",style=filled,fillcolor=powderblue]
	"Factor61" -> "num62"
	"Power_prime63" [label="Power_prime"]
	"Power60" -> "Power_prime63"
	"e64" [label="e"]
	"Power_prime63" -> "e64"
	"Term_prime65" [label="Term_prime"]
	"Term59" -> "Term_prime65"
	"e66" [label="e"]
	"Term_prime65" -> "e66"
	"Expression_prime67" [label="Expression_prime"]
	"Expression58" -> "Expression_prime67"
	"e68" [label="e"]
	"Expression_prime67" -> "e68"
	"]69" [label="]",style=filled,fillcolor=powderblue]
	"Assignment55" -> "]69"
	"=70" [label="=",style=filled,fillcolor=powderblue]
	"Assignment55" -> "=70"
	"Expression71" [label="Expression"]
	"Assignment55" -> "Expression71"
	"Term72" [label="Term"]
	"Expression71" -> "Term72"
	"Power73" [label="Power"]
	"Term72" -> "Power73"
	"Factor74" [label="Factor"]
	"Power73" -> "Factor74"
	"num75" [label="num",style=filled,fillcolor=powderblue]
	"Factor74" -> "num75"
	"Power_prime76" [label="Power_prime"]
	"Power73" -> "Power_prime76"
	"e77" [label="e"]
	"Power_prime76" -> "e77"
	"Term_prime78" [label="Term_prime"]
	"Term72" -> "Term_prime78"
	"/79" [label="/",style=filled,fillcolor=powderblue]
	"Term_prime78" -> "/79"
	"num80" [label="num",style=filled,fillcolor=powderblue]
	"Term_prime78" -> "num80"
	"Term_prime81" [label="Term_prime"]
	"Term_prime78" -> "Term_prime81"
	"*82" [label="*",style=filled,fillcolor=powderblue]
	"Term_prime81" -> "*82"
	"num83" [label="num",style=filled,fillcolor=powderblue]
	"Term_prime81" -> "num83"
	"Term_prime84" [label="Term_prime"]
	"Term_prime81" -> "Term_prime84"
	"e85" [label="e"]
	"Term_prime84" -> "e85"
	"Expression_prime86" [label="Expression_prime"]
	"Expression71" -> "Expression_prime86"
	"e87" [label="e"]
	"Expression_prime86" -> "e87"
	"Start88" [label="Start"]
	"Start53" -> "Start88"
	"Statement89" [label="Statement"]
	"Start88" -> "Statement89"
	"Assignment90" [label="Assignment"]
	"Statement89" -> "Assignment90"
	"m91" [label="m",style=filled,fillcolor=powderblue]
	"Assignment90" -> "m91"
	"[92" [label="[",style=filled,fillcolor=powderblue]
	"Assignment90" -> "[92"
	"Expression93" [label="Expression"]
	"Assignment90" -> "Expression93"
	"Term94" [label="Term"]
	"Expression93" -> "Term94"
	"Power95" [label="Power"]
	"Term94" -> "Power95"
	"Factor96" [label="Factor"]
	"Power95" -> "Factor96"
	"num97" [label="num",style=filled,fillcolor=powderblue]
	"Factor96" -> "num97"
	"Power_prime98" [label="Power_prime"]
	"Power95" -> "Power_prime98"
	"e99" [label="e"]
	"Power_prime98" -> "e99"
	"Term_prime100" [label="Term_prime"]
	"Term94" -> "Term_prime100"
	"e101" [label="e"]
	"Term_prime100" -> "e101"
	"Expression_prime102" [label="Expression_prime"]
	"Expression93" -> "Expression_prime102"
	"e103" [label="e"]
	"Expression_prime102" -> "e103"
	"]104" [label="]",style=filled,fillcolor=powderblue]
	"Assignment90" -> "]104"
	"=105" [label="=",style=filled,fillcolor=powderblue]
	"Assignment90" -> "=105"
	"Expression106" [label="Expression"]
	"Assignment90" -> "Expression106"
	"Term107" [label="Term"]
	"Expression106" -> "Term107"
	"Power108" [label="Power"]
	"Term107" -> "Power108"
	"Factor109" [label="Factor"]
	"Power108" -> "Factor109"
	"num110" [label="num",style=filled,fillcolor=powderblue]
	"Factor109" -> "num110"
	"Power_prime111" [label="Power_prime"]
	"Power108" -> "Power_prime111"
	"e112" [label="e"]
	"Power_prime111" -> "e112"
	"Term_prime113" [label="Term_prime"]
	"Term107" -> "Term_prime113"
	"e114" [label="e"]
	"Term_prime113" -> "e114"
	"Expression_prime115" [label="Expression_prime"]
	"Expression106" -> "Expression_prime115"
	"+116" [label="+",style=filled,fillcolor=powderblue]
	"Expression_prime115" -> "+116"
	"Term117" [label="Term"]
	"Expression_prime115" -> "Term117"
	"Power118" [label="Power"]
	"Term117" -> "Power118"
	"Factor119" [label="Factor"]
	"Power118" -> "Factor119"
	"num120" [label="num",style=filled,fillcolor=powderblue]
	"Factor119" -> "num120"
	"Power_prime121" [label="Power_prime"]
	"Power118" -> "Power_prime121"
	"e122" [label="e"]
	"Power_prime121" -> "e122"
	"Term_prime123" [label="Term_prime"]
	"Term117" -> "Term_prime123"
	"e124" [label="e"]
	"Term_prime123" -> "e124"
	"Expression_prime125" [label="Expression_prime"]
	"Expression_prime115" -> "Expression_prime125"
	"e126" [label="e"]
	"Expression_prime125" -> "e126"
	"Start127" [label="Start"]
	"Start88" -> "Start127"
	"Statement128" [label="Statement"]
	"Start127" -> "Statement128"
	"Assignment129" [label="Assignment"]
	"Statement128" -> "Assignment129"
	"m130" [label="m",style=filled,fillcolor=powderblue]
	"Assignment129" -> "m130"
	"[131" [label="[",style=filled,fillcolor=powderblue]
	"Assignment129" -> "[131"
	"Expression132" [label="Expression"]
	"Assignment129" -> "Expression132"
	"Term133" [label="Term"]
	"Expression132" -> "Term133"
	"Power134" [label="Power"]
	"Term133" -> "Power134"
	"Factor135" [label="Factor"]
	"Power134" -> "Factor135"
	"num136" [label="num",style=filled,fillcolor=powderblue]
	"Factor135" -> "num136"
	"Power_prime137" [label="Power_prime"]
	"Power134" -> "Power_prime137"
	"e138" [label="e"]
	"Power_prime137" -> "e138"
	"Term_prime139" [label="Term_prime"]
	"Term133" -> "Term_prime139"
	"e140" [label="e"]
	"Term_prime139" -> "e140"
	"Expression_prime141" [label="Expression_prime"]
	"Expression132" -> "Expression_prime141"
	"e142" [label="e"]
	"Expression_prime141" -> "e142"
	"]143" [label="]",style=filled,fillcolor=powderblue]
	"Assignment129" -> "]143"
	"=144" [label="=",style=filled,fillcolor=powderblue]
	"Assignment129" -> "=144"
	"Expression145" [label="Expression"]
	"Assignment129" -> "Expression145"
	"Term146" [label="Term"]
	"Expression145" -> "Term146"
	"Power147" [label="Power"]
	"Term146" -> "Power147"
	"Factor148" [label="Factor"]
	"Power147" -> "Factor148"
	"num149" [label="num",style=filled,fillcolor=powderblue]
	"Factor148" -> "num149"
	"Power_prime150" [label="Power_prime"]
	"Power147" -> "Power_prime150"
	"e151" [label="e"]
	"Power_prime150" -> "e151"
	"Term_prime152" [label="Term_prime"]
	"Term146" -> "Term_prime152"
	"e153" [label="e"]
	"Term_prime152" -> "e153"
	"Expression_prime154" [label="Expression_prime"]
	"Expression145" -> "Expression_prime154"
	"-155" [label="-",style=filled,fillcolor=powderblue]
	"Expression_prime154" -> "-155"
	"Term156" [label="Term"]
	"Expression_prime154" -> "Term156"
	"Power157" [label="Power"]
	"Term156" -> "Power157"
	"Factor158" [label="Factor"]
	"Power157" -> "Factor158"
	"(159" [label="(",style=filled,fillcolor=powderblue]
	"Factor158" -> "(159"
	"Expression160" [label="Expression"]
	"Factor158" -> "Expression160"
	"Term161" [label="Term"]
	"Expression160" -> "Term161"
	"Power162" [label="Power"]
	"Term161" -> "Power162"
	"Factor163" [label="Factor"]
	"Power162" -> "Factor163"
	"m164" [label="m",style=filled,fillcolor=powderblue]
	"Factor163" -> "m164"
	"[165" [label="[",style=filled,fillcolor=powderblue]
	"Factor163" -> "[165"
	"Expression166" [label="Expression"]
	"Factor163" -> "Expression166"
	"Term167" [label="Term"]
	"Expression166" -> "Term167"
	"Power168" [label="Power"]
	"Term167" -> "Power168"
	"Factor169" [label="Factor"]
	"Power168" -> "Factor169"
	"num170" [label="num",style=filled,fillcolor=powderblue]
	"Factor169" -> "num170"
	"Power_prime171" [label="Power_prime"]
	"Power168" -> "Power_prime171"
	"e172" [label="e"]
	"Power_prime171" -> "e172"
	"Term_prime173" [label="Term_prime"]
	"Term167" -> "Term_prime173"
	"e174" [label="e"]
	"Term_prime173" -> "e174"
	"Expression_prime175" [label="Expression_prime"]
	"Expression166" -> "Expression_prime175"
	"e176" [label="e"]
	"Expression_prime175" -> "e176"
	"]177" [label="]",style=filled,fillcolor=powderblue]
	"Factor163" -> "]177"
	"Power_prime178" [label="Power_prime"]
	"Power162" -> "Power_prime178"
	"e179" [label="e"]
	"Power_prime178" -> "e179"
	"Term_prime180" [label="Term_prime"]
	"Term161" -> "Term_prime180"
	"e181" [label="e"]
	"Term_prime180" -> "e181"
	"Expression_prime182" [label="Expression_prime"]
	"Expression160" -> "Expression_prime182"
	"-183" [label="-",style=filled,fillcolor=powderblue]
	"Expression_prime182" -> "-183"
	"Term184" [label="Term"]
	"Expression_prime182" -> "Term184"
	"Power185" [label="Power"]
	"Term184" -> "Power185"
	"Factor186" [label="Factor"]
	"Power185" -> "Factor186"
	"num187" [label="num",style=filled,fillcolor=powderblue]
	"Factor186" -> "num187"
	"Power_prime188" [label="Power_prime"]
	"Power185" -> "Power_prime188"
	"e189" [label="e"]
	"Power_prime188" -> "e189"
	"Term_prime190" [label="Term_prime"]
	"Term184" -> "Term_prime190"
	"e191" [label="e"]
	"Term_prime190" -> "e191"
	"Expression_prime192" [label="Expression_prime"]
	"Expression_prime182" -> "Expression_prime192"
	"e193" [label="e"]
	"Expression_prime192" -> "e193"
	")194" [label=")",style=filled,fillcolor=powderblue]
	"Factor158" -> ")194"
	"Power_prime195" [label="Power_prime"]
	"Power157" -> "Power_prime195"
	"e196" [label="e"]
	"Power_prime195" -> "e196"
	"Term_prime197" [label="Term_prime"]
	"Term156" -> "Term_prime197"
	"e198" [label="e"]
	"Term_prime197" -> "e198"
	"Expression_prime199" [label="Expression_prime"]
	"Expression_prime154" -> "Expression_prime199"
	"e200" [label="e"]
	"Expression_prime199" -> "e200"
	"Start201" [label="Start"]
	"Start127" -> "Start201"
	"Statement202" [label="Statement"]
	"Start201" -> "Statement202"
	"Assignment203" [label="Assignment"]
	"Statement202" -> "Assignment203"
	"m204" [label="m",style=filled,fillcolor=powderblue]
	"Assignment203" -> "m204"
	"[205" [label="[",style=filled,fillcolor=powderblue]
	"Assignment203" -> "[205"
	"Expression206" [label="Expression"]
	"Assignment203" -> "Expression206"
	"Term207" [label="Term"]
	"Expression206" -> "Term207"
	"Power208" [label="Power"]
	"Term207" -> "Power208"
	"Factor209" [label="Factor"]
	"Power208" -> "Factor209"
	"num210" [label="num",style=filled,fillcolor=powderblue]
	"Factor209" -> "num210"
	"Power_prime211" [label="Power_prime"]
	"Power208" -> "Power_prime211"
	"e212" [label="e"]
	"Power_prime211" -> "e212"
	"Term_prime213" [label="Term_prime"]
	"Term207" -> "Term_prime213"
	"e214" [label="e"]
	"Term_prime213" -> "e214"
	"Expression_prime215" [label="Expression_prime"]
	"Expression206" -> "Expression_prime215"
	"e216" [label="e"]
	"Expression_prime215" -> "e216"
	"]217" [label="]",style=filled,fillcolor=powderblue]
	"Assignment203" -> "]217"
	"=218" [label="=",style=filled,fillcolor=powderblue]
	"Assignment203" -> "=218"
	"Expression219" [label="Expression"]
	"Assignment203" -> "Expression219"
	"Term220" [label="Term"]
	"Expression219" -> "Term220"
	"Power221" [label="Power"]
	"Term220" -> "Power221"
	"Factor222" [label="Factor"]
	"Power221" -> "Factor222"
	"num223" [label="num",style=filled,fillcolor=powderblue]
	"Factor222" -> "num223"
	"Power_prime224" [label="Power_prime"]
	"Power221" -> "Power_prime224"
	"e225" [label="e"]
	"Power_prime224" -> "e225"
	"Term_prime226" [label="Term_prime"]
	"Term220" -> "Term_prime226"
	"/227" [label="/",style=filled,fillcolor=powderblue]
	"Term_prime226" -> "/227"
	"num228" [label="num",style=filled,fillcolor=powderblue]
	"Term_prime226" -> "num228"
	"Term_prime229" [label="Term_prime"]
	"Term_prime226" -> "Term_prime229"
	"*230" [label="*",style=filled,fillcolor=powderblue]
	"Term_prime229" -> "*230"
	"num231" [label="num",style=filled,fillcolor=powderblue]
	"Term_prime229" -> "num231"
	"Term_prime232" [label="Term_prime"]
	"Term_prime229" -> "Term_prime232"
	"e233" [label="e"]
	"Term_prime232" -> "e233"
	"Expression_prime234" [label="Expression_prime"]
	"Expression219" -> "Expression_prime234"
	"e235" [label="e"]
	"Expression_prime234" -> "e235"
	"Start236" [label="Start"]
	"Start201" -> "Start236"
	"Statement237" [label="Statement"]
	"Start236" -> "Statement237"
	"Assignment238" [label="Assignment"]
	"Statement237" -> "Assignment238"
	"m239" [label="m",style=filled,fillcolor=powderblue]
	"Assignment238" -> "m239"
	"[240" [label="[",style=filled,fillcolor=powderblue]
	"Assignment238" -> "[240"
	"Expression241" [label="Expression"]
	"Assignment238" -> "Expression241"
	"Term242" [label="Term"]
	"Expression241" -> "Term242"
	"Power243" [label="Power"]
	"Term242" -> "Power243"
	"Factor244" [label="Factor"]
	"Power243" -> "Factor244"
	"num245" [label="num",style=filled,fillcolor=powderblue]
	"Factor244" -> "num245"
	"Power_prime246" [label="Power_prime"]
	"Power243" -> "Power_prime246"
	"e247" [label="e"]
	"Power_prime246" -> "e247"
	"Term_prime248" [label="Term_prime"]
	"Term242" -> "Term_prime248"
	"e249" [label="e"]
	"Term_prime248" -> "e249"
	"Expression_prime250" [label="Expression_prime"]
	"Expression241" -> "Expression_prime250"
	"e251" [label="e"]
	"Expression_prime250" -> "e251"
	"]252" [label="]",style=filled,fillcolor=powderblue]
	"Assignment238" -> "]252"
	"=253" [label="=",style=filled,fillcolor=powderblue]
	"Assignment238" -> "=253"
	"Expression254" [label="Expression"]
	"Assignment238" -> "Expression254"
	"Term255" [label="Term"]
	"Expression254" -> "Term255"
	"Power256" [label="Power"]
	"Term255" -> "Power256"
	"Factor257" [label="Factor"]
	"Power256" -> "Factor257"
	"num258" [label="num",style=filled,fillcolor=powderblue]
	"Factor257" -> "num258"
	"Power_prime259" [label="Power_prime"]
	"Power256" -> "Power_prime259"
	"e260" [label="e"]
	"Power_prime259" -> "e260"
	"Term_prime261" [label="Term_prime"]
	"Term255" -> "Term_prime261"
	"e262" [label="e"]
	"Term_prime261" -> "e262"
	"Expression_prime263" [label="Expression_prime"]
	"Expression254" -> "Expression_prime263"
	"+264" [label="+",style=filled,fillcolor=powderblue]
	"Expression_prime263" -> "+264"
	"Term265" [label="Term"]
	"Expression_prime263" -> "Term265"
	"Power266" [label="Power"]
	"Term265" -> "Power266"
	"Factor267" [label="Factor"]
	"Power266" -> "Factor267"
	"m268" [label="m",style=filled,fillcolor=powderblue]
	"Factor267" -> "m268"
	"[269" [label="[",style=filled,fillcolor=powderblue]
	"Factor267" -> "[269"
	"Expression270" [label="Expression"]
	"Factor267" -> "Expression270"
	"Term271" [label="Term"]
	"Expression270" -> "Term271"
	"Power272" [label="Power"]
	"Term271" -> "Power272"
	"Factor273" [label="Factor"]
	"Power272" -> "Factor273"
	"num274" [label="num",style=filled,fillcolor=powderblue]
	"Factor273" -> "num274"
	"Power_prime275" [label="Power_prime"]
	"Power272" -> "Power_prime275"
	"e276" [label="e"]
	"Power_prime275" -> "e276"
	"Term_prime277" [label="Term_prime"]
	"Term271" -> "Term_prime277"
	"e278" [label="e"]
	"Term_prime277" -> "e278"
	"Expression_prime279" [label="Expression_prime"]
	"Expression270" -> "Expression_prime279"
	"e280" [label="e"]
	"Expression_prime279" -> "e280"
	"]281" [label="]",style=filled,fillcolor=powderblue]
	"Factor267" -> "]281"
	"Power_prime282" [label="Power_prime"]
	"Power266" -> "Power_prime282"
	"e283" [label="e"]
	"Power_prime282" -> "e283"
	"Term_prime284" [label="Term_prime"]
	"Term265" -> "Term_prime284"
	"e285" [label="e"]
	"Term_prime284" -> "e285"
	"Expression_prime286" [label="Expression_prime"]
	"Expression_prime263" -> "Expression_prime286"
	"e287" [label="e"]
	"Expression_prime286" -> "e287"
	"Start288" [label="Start"]
	"Start236" -> "Start288"
	"Statement289" [label="Statement"]
	"Start288" -> "Statement289"
	"Assignment290" [label="Assignment"]
	"Statement289" -> "Assignment290"
	"m291" [label="m",style=filled,fillcolor=powderblue]
	"Assignment290" -> "m291"
	"[292" [label="[",style=filled,fillcolor=powderblue]
	"Assignment290" -> "[292"
	"Expression293" [label="Expression"]
	"Assignment290" -> "Expression293"
	"Term294" [label="Term"]
	"Expression293" -> "Term294"
	"Power295" [label="Power"]
	"Term294" -> "Power295"
	"Factor296" [label="Factor"]
	"Power295" -> "Factor296"
	"num297" [label="num",style=filled,fillcolor=powderblue]
	"Factor296" -> "num297"
	"Power_prime298" [label="Power_prime"]
	"Power295" -> "Power_prime298"
	"e299" [label="e"]
	"Power_prime298" -> "e299"
	"Term_prime300" [label="Term_prime"]
	"Term294" -> "Term_prime300"
	"e301" [label="e"]
	"Term_prime300" -> "e301"
	"Expression_prime302" [label="Expression_prime"]
	"Expression293" -> "Expression_prime302"
	"e303" [label="e"]
	"Expression_prime302" -> "e303"
	"]304" [label="]",style=filled,fillcolor=powderblue]
	"Assignment290" -> "]304"
	"=305" [label="=",style=filled,fillcolor=powderblue]
	"Assignment290" -> "=305"
	"Expression306" [label="Expression"]
	"Assignment290" -> "Expression306"
	"Term307" [label="Term"]
	"Expression306" -> "Term307"
	"Power308" [label="Power"]
	"Term307" -> "Power308"
	"Factor309" [label="Factor"]
	"Power308" -> "Factor309"
	"num310" [label="num",style=filled,fillcolor=powderblue]
	"Factor309" -> "num310"
	"Power_prime311" [label="Power_prime"]
	"Power308" -> "Power_prime311"
	"e312" [label="e"]
	"Power_prime311" -> "e312"
	"Term_prime313" [label="Term_prime"]
	"Term307" -> "Term_prime313"
	"e314" [label="e"]
	"Term_prime313" -> "e314"
	"Expression_prime315" [label="Expression_prime"]
	"Expression306" -> "Expression_prime315"
	"-316" [label="-",style=filled,fillcolor=powderblue]
	"Expression_prime315" -> "-316"
	"Term317" [label="Term"]
	"Expression_prime315" -> "Term317"
	"Power318" [label="Power"]
	"Term317" -> "Power318"
	"Factor319" [label="Factor"]
	"Power318" -> "Factor319"
	"m320" [label="m",style=filled,fillcolor=powderblue]
	"Factor319" -> "m320"
	"[321" [label="[",style=filled,fillcolor=powderblue]
	"Factor319" -> "[321"
	"Expression322" [label="Expression"]
	"Factor319" -> "Expression322"
	"Term323" [label="Term"]
	"Expression322" -> "Term323"
	"Power324" [label="Power"]
	"Term323" -> "Power324"
	"Factor325" [label="Factor"]
	"Power324" -> "Factor325"
	"num326" [label="num",style=filled,fillcolor=powderblue]
	"Factor325" -> "num326"
	"Power_prime327" [label="Power_prime"]
	"Power324" -> "Power_prime327"
	"e328" [label="e"]
	"Power_prime327" -> "e328"
	"Term_prime329" [label="Term_prime"]
	"Term323" -> "Term_prime329"
	"e330" [label="e"]
	"Term_prime329" -> "e330"
	"Expression_prime331" [label="Expression_prime"]
	"Expression322" -> "Expression_prime331"
	"-332" [label="-",style=filled,fillcolor=powderblue]
	"Expression_prime331" -> "-332"
	"Term333" [label="Term"]
	"Expression_prime331" -> "Term333"
	"Power334" [label="Power"]
	"Term333" -> "Power334"
	"Factor335" [label="Factor"]
	"Power334" -> "Factor335"
	"num336" [label="num",style=filled,fillcolor=powderblue]
	"Factor335" -> "num336"
	"Power_prime337" [label="Power_prime"]
	"Power334" -> "Power_prime337"
	"e338" [label="e"]
	"Power_prime337" -> "e338"
	"Term_prime339" [label="Term_prime"]
	"Term333" -> "Term_prime339"
	"e340" [label="e"]
	"Term_prime339" -> "e340"
	"Expression_prime341" [label="Expression_prime"]
	"Expression_prime331" -> "Expression_prime341"
	"e342" [label="e"]
	"Expression_prime341" -> "e342"
	"]343" [label="]",style=filled,fillcolor=powderblue]
	"Factor319" -> "]343"
	"Power_prime344" [label="Power_prime"]
	"Power318" -> "Power_prime344"
	"e345" [label="e"]
	"Power_prime344" -> "e345"
	"Term_prime346" [label="Term_prime"]
	"Term317" -> "Term_prime346"
	"e347" [label="e"]
	"Term_prime346" -> "e347"
	"Expression_prime348" [label="Expression_prime"]
	"Expression_prime315" -> "Expression_prime348"
	"e349" [label="e"]
	"Expression_prime348" -> "e349"
	"Start350" [label="Start"]
	"Start288" -> "Start350"
	"e351" [label="e"]
	"Start350" -> "e351"
};
