digraph G {
	"Start1" [label="Start"]
	"Statement2" [label="Statement"]
	"Start1" -> "Statement2"
	"Assignment3" [label="Assignment"]
	"Statement2" -> "Assignment3"
	"m4" [label="m",style=filled,fillcolor=powderblue]
	"Assignment3" -> "m4"
	"[5" [label="[",style=filled,fillcolor=powderblue]
	"Assignment3" -> "[5"
	"Expression6" [label="Expression"]
	"Assignment3" -> "Expression6"
	"Term7" [label="Term"]
	"Expression6" -> "Term7"
	"Power8" [label="Power"]
	"Term7" -> "Power8"
	"Factor9" [label="Factor"]
	"Power8" -> "Factor9"
	"num10" [label="num",style=filled,fillcolor=powderblue]
	"Factor9" -> "num10"
	"Power_prime11" [label="Power_prime"]
	"Power8" -> "Power_prime11"
	"e12" [label="e"]
	"Power_prime11" -> "e12"
	"Term_prime13" [label="Term_prime"]
	"Term7" -> "Term_prime13"
	"e14" [label="e"]
	"Term_prime13" -> "e14"
	"Expression_prime15" [label="Expression_prime"]
	"Expression6" -> "Expression_prime15"
	"e16" [label="e"]
	"Expression_prime15" -> "e16"
	"]17" [label="]",style=filled,fillcolor=powderblue]
	"Assignment3" -> "]17"
	"=18" [label="=",style=filled,fillcolor=powderblue]
	"Assignment3" -> "=18"
	"Expression19" [label="Expression"]
	"Assignment3" -> "Expression19"
	"Term20" [label="Term"]
	"Expression19" -> "Term20"
	"Power21" [label="Power"]
	"Term20" -> "Power21"
	"Factor22" [label="Factor"]
	"Power21" -> "Factor22"
	"num23" [label="num",style=filled,fillcolor=powderblue]
	"Factor22" -> "num23"
	"Power_prime24" [label="Power_prime"]
	"Power21" -> "Power_prime24"
	"e25" [label="e"]
	"Power_prime24" -> "e25"
	"Term_prime26" [label="Term_prime"]
	"Term20" -> "Term_prime26"
	"/27" [label="/",style=filled,fillcolor=powderblue]
	"Term_prime26" -> "/27"
	"num28" [label="num",style=filled,fillcolor=powderblue]
	"Term_prime26" -> "num28"
	"Term_prime29" [label="Term_prime"]
	"Term_prime26" -> "Term_prime29"
	"*30" [label="*",style=filled,fillcolor=powderblue]
	"Term_prime29" -> "*30"
	"num31" [label="num",style=filled,fillcolor=powderblue]
	"Term_prime29" -> "num31"
	"Term_prime32" [label="Term_prime"]
	"Term_prime29" -> "Term_prime32"
	"e33" [label="e"]
	"Term_prime32" -> "e33"
	"Expression_prime34" [label="Expression_prime"]
	"Expression19" -> "Expression_prime34"
	"e35" [label="e"]
	"Expression_prime34" -> "e35"
	"Start36" [label="Start"]
	"Start1" -> "Start36"
	"Statement37" [label="Statement"]
	"Start36" -> "Statement37"
	"Assignment38" [label="Assignment"]
	"Statement37" -> "Assignment38"
	"m39" [label="m",style=filled,fillcolor=powderblue]
	"Assignment38" -> "m39"
	"[40" [label="[",style=filled,fillcolor=powderblue]
	"Assignment38" -> "[40"
	"Expression41" [label="Expression"]
	"Assignment38" -> "Expression41"
	"Term42" [label="Term"]
	"Expression41" -> "Term42"
	"Power43" [label="Power"]
	"Term42" -> "Power43"
	"Factor44" [label="Factor"]
	"Power43" -> "Factor44"
	"num45" [label="num",style=filled,fillcolor=powderblue]
	"Factor44" -> "num45"
	"Power_prime46" [label="Power_prime"]
	"Power43" -> "Power_prime46"
	"e47" [label="e"]
	"Power_prime46" -> "e47"
	"Term_prime48" [label="Term_prime"]
	"Term42" -> "Term_prime48"
	"e49" [label="e"]
	"Term_prime48" -> "e49"
	"Expression_prime50" [label="Expression_prime"]
	"Expression41" -> "Expression_prime50"
	"e51" [label="e"]
	"Expression_prime50" -> "e51"
	"]52" [label="]",style=filled,fillcolor=powderblue]
	"Assignment38" -> "]52"
	"=53" [label="=",style=filled,fillcolor=powderblue]
	"Assignment38" -> "=53"
	"Expression54" [label="Expression"]
	"Assignment38" -> "Expression54"
	"Term55" [label="Term"]
	"Expression54" -> "Term55"
	"Power56" [label="Power"]
	"Term55" -> "Power56"
	"Factor57" [label="Factor"]
	"Power56" -> "Factor57"
	"num58" [label="num",style=filled,fillcolor=powderblue]
	"Factor57" -> "num58"
	"Power_prime59" [label="Power_prime"]
	"Power56" -> "Power_prime59"
	"e60" [label="e"]
	"Power_prime59" -> "e60"
	"Term_prime61" [label="Term_prime"]
	"Term55" -> "Term_prime61"
	"e62" [label="e"]
	"Term_prime61" -> "e62"
	"Expression_prime63" [label="Expression_prime"]
	"Expression54" -> "Expression_prime63"
	"+64" [label="+",style=filled,fillcolor=powderblue]
	"Expression_prime63" -> "+64"
	"Term65" [label="Term"]
	"Expression_prime63" -> "Term65"
	"Power66" [label="Power"]
	"Term65" -> "Power66"
	"Factor67" [label="Factor"]
	"Power66" -> "Factor67"
	"m68" [label="m",style=filled,fillcolor=powderblue]
	"Factor67" -> "m68"
	"[69" [label="[",style=filled,fillcolor=powderblue]
	"Factor67" -> "[69"
	"Expression70" [label="Expression"]
	"Factor67" -> "Expression70"
	"Term71" [label="Term"]
	"Expression70" -> "Term71"
	"Power72" [label="Power"]
	"Term71" -> "Power72"
	"Factor73" [label="Factor"]
	"Power72" -> "Factor73"
	"num74" [label="num",style=filled,fillcolor=powderblue]
	"Factor73" -> "num74"
	"Power_prime75" [label="Power_prime"]
	"Power72" -> "Power_prime75"
	"e76" [label="e"]
	"Power_prime75" -> "e76"
	"Term_prime77" [label="Term_prime"]
	"Term71" -> "Term_prime77"
	"e78" [label="e"]
	"Term_prime77" -> "e78"
	"Expression_prime79" [label="Expression_prime"]
	"Expression70" -> "Expression_prime79"
	"e80" [label="e"]
	"Expression_prime79" -> "e80"
	"]81" [label="]",style=filled,fillcolor=powderblue]
	"Factor67" -> "]81"
	"Power_prime82" [label="Power_prime"]
	"Power66" -> "Power_prime82"
	"e83" [label="e"]
	"Power_prime82" -> "e83"
	"Term_prime84" [label="Term_prime"]
	"Term65" -> "Term_prime84"
	"e85" [label="e"]
	"Term_prime84" -> "e85"
	"Expression_prime86" [label="Expression_prime"]
	"Expression_prime63" -> "Expression_prime86"
	"e87" [label="e"]
	"Expression_prime86" -> "e87"
	"Start88" [label="Start"]
	"Start36" -> "Start88"
	"Statement89" [label="Statement"]
	"Start88" -> "Statement89"
	"Assignment90" [label="Assignment"]
	"Statement89" -> "Assignment90"
	"m91" [label="m",style=filled,fillcolor=powderblue]
	"Assignment90" -> "m91"
	"[92" [label="[",style=filled,fillcolor=powderblue]
	"Assignment90" -> "[92"
	"Expression93" [label="Expression"]
	"Assignment90" -> "Expression93"
	"Term94" [label="Term"]
	"Expression93" -> "Term94"
	"Power95" [label="Power"]
	"Term94" -> "Power95"
	"Factor96" [label="Factor"]
	"Power95" -> "Factor96"
	"num97" [label="num",style=filled,fillcolor=powderblue]
	"Factor96" -> "num97"
	"Power_prime98" [label="Power_prime"]
	"Power95" -> "Power_prime98"
	"e99" [label="e"]
	"Power_prime98" -> "e99"
	"Term_prime100" [label="Term_prime"]
	"Term94" -> "Term_prime100"
	"e101" [label="e"]
	"Term_prime100" -> "e101"
	"Expression_prime102" [label="Expression_prime"]
	"Expression93" -> "Expression_prime102"
	"e103" [label="e"]
	"Expression_prime102" -> "e103"
	"]104" [label="]",style=filled,fillcolor=powderblue]
	"Assignment90" -> "]104"
	"=105" [label="=",style=filled,fillcolor=powderblue]
	"Assignment90" -> "=105"
	"Expression106" [label="Expression"]
	"Assignment90" -> "Expression106"
	"Term107" [label="Term"]
	"Expression106" -> "Term107"
	"Power108" [label="Power"]
	"Term107" -> "Power108"
	"Factor109" [label="Factor"]
	"Power108" -> "Factor109"
	"num110" [label="num",style=filled,fillcolor=powderblue]
	"Factor109" -> "num110"
	"Power_prime111" [label="Power_prime"]
	"Power108" -> "Power_prime111"
	"e112" [label="e"]
	"Power_prime111" -> "e112"
	"Term_prime113" [label="Term_prime"]
	"Term107" -> "Term_prime113"
	"e114" [label="e"]
	"Term_prime113" -> "e114"
	"Expression_prime115" [label="Expression_prime"]
	"Expression106" -> "Expression_prime115"
	"-116" [label="-",style=filled,fillcolor=powderblue]
	"Expression_prime115" -> "-116"
	"Term117" [label="Term"]
	"Expression_prime115" -> "Term117"
	"Power118" [label="Power"]
	"Term117" -> "Power118"
	"Factor119" [label="Factor"]
	"Power118" -> "Factor119"
	"m120" [label="m",style=filled,fillcolor=powderblue]
	"Factor119" -> "m120"
	"[121" [label="[",style=filled,fillcolor=powderblue]
	"Factor119" -> "[121"
	"Expression122" [label="Expression"]
	"Factor119" -> "Expression122"
	"Term123" [label="Term"]
	"Expression122" -> "Term123"
	"Power124" [label="Power"]
	"Term123" -> "Power124"
	"Factor125" [label="Factor"]
	"Power124" -> "Factor125"
	"num126" [label="num",style=filled,fillcolor=powderblue]
	"Factor125" -> "num126"
	"Power_prime127" [label="Power_prime"]
	"Power124" -> "Power_prime127"
	"e128" [label="e"]
	"Power_prime127" -> "e128"
	"Term_prime129" [label="Term_prime"]
	"Term123" -> "Term_prime129"
	"e130" [label="e"]
	"Term_prime129" -> "e130"
	"Expression_prime131" [label="Expression_prime"]
	"Expression122" -> "Expression_prime131"
	"-132" [label="-",style=filled,fillcolor=powderblue]
	"Expression_prime131" -> "-132"
	"Term133" [label="Term"]
	"Expression_prime131" -> "Term133"
	"Power134" [label="Power"]
	"Term133" -> "Power134"
	"Factor135" [label="Factor"]
	"Power134" -> "Factor135"
	"num136" [label="num",style=filled,fillcolor=powderblue]
	"Factor135" -> "num136"
	"Power_prime137" [label="Power_prime"]
	"Power134" -> "Power_prime137"
	"e138" [label="e"]
	"Power_prime137" -> "e138"
	"Term_prime139" [label="Term_prime"]
	"Term133" -> "Term_prime139"
	"e140" [label="e"]
	"Term_prime139" -> "e140"
	"Expression_prime141" [label="Expression_prime"]
	"Expression_prime131" -> "Expression_prime141"
	"e142" [label="e"]
	"Expression_prime141" -> "e142"
	"]143" [label="]",style=filled,fillcolor=powderblue]
	"Factor119" -> "]143"
	"Power_prime144" [label="Power_prime"]
	"Power118" -> "Power_prime144"
	"e145" [label="e"]
	"Power_prime144" -> "e145"
	"Term_prime146" [label="Term_prime"]
	"Term117" -> "Term_prime146"
	"e147" [label="e"]
	"Term_prime146" -> "e147"
	"Expression_prime148" [label="Expression_prime"]
	"Expression_prime115" -> "Expression_prime148"
	"e149" [label="e"]
	"Expression_prime148" -> "e149"
	"Start150" [label="Start"]
	"Start88" -> "Start150"
	"Statement151" [label="Statement"]
	"Start150" -> "Statement151"
	"Assignment152" [label="Assignment"]
	"Statement151" -> "Assignment152"
	"m153" [label="m",style=filled,fillcolor=powderblue]
	"Assignment152" -> "m153"
	"[154" [label="[",style=filled,fillcolor=powderblue]
	"Assignment152" -> "[154"
	"Expression155" [label="Expression"]
	"Assignment152" -> "Expression155"
	"Term156" [label="Term"]
	"Expression155" -> "Term156"
	"Power157" [label="Power"]
	"Term156" -> "Power157"
	"Factor158" [label="Factor"]
	"Power157" -> "Factor158"
	"num159" [label="num",style=filled,fillcolor=powderblue]
	"Factor158" -> "num159"
	"Power_prime160" [label="Power_prime"]
	"Power157" -> "Power_prime160"
	"e161" [label="e"]
	"Power_prime160" -> "e161"
	"Term_prime162" [label="Term_prime"]
	"Term156" -> "Term_prime162"
	"e163" [label="e"]
	"Term_prime162" -> "e163"
	"Expression_prime164" [label="Expression_prime"]
	"Expression155" -> "Expression_prime164"
	"e165" [label="e"]
	"Expression_prime164" -> "e165"
	"]166" [label="]",style=filled,fillcolor=powderblue]
	"Assignment152" -> "]166"
	"=167" [label="=",style=filled,fillcolor=powderblue]
	"Assignment152" -> "=167"
	"Expression168" [label="Expression"]
	"Assignment152" -> "Expression168"
	"Term169" [label="Term"]
	"Expression168" -> "Term169"
	"Power170" [label="Power"]
	"Term169" -> "Power170"
	"Factor171" [label="Factor"]
	"Power170" -> "Factor171"
	"num172" [label="num",style=filled,fillcolor=powderblue]
	"Factor171" -> "num172"
	"Power_prime173" [label="Power_prime"]
	"Power170" -> "Power_prime173"
	"e174" [label="e"]
	"Power_prime173" -> "e174"
	"Term_prime175" [label="Term_prime"]
	"Term169" -> "Term_prime175"
	"e176" [label="e"]
	"Term_prime175" -> "e176"
	"Expression_prime177" [label="Expression_prime"]
	"Expression168" -> "Expression_prime177"
	"-178" [label="-",style=filled,fillcolor=powderblue]
	"Expression_prime177" -> "-178"
	"Term179" [label="Term"]
	"Expression_prime177" -> "Term179"
	"Power180" [label="Power"]
	"Term179" -> "Power180"
	"Factor181" [label="Factor"]
	"Power180" -> "Factor181"
	"(182" [label="(",style=filled,fillcolor=powderblue]
	"Factor181" -> "(182"
	"Expression183" [label="Expression"]
	"Factor181" -> "Expression183"
	"Term184" [label="Term"]
	"Expression183" -> "Term184"
	"Power185" [label="Power"]
	"Term184" -> "Power185"
	"Factor186" [label="Factor"]
	"Power185" -> "Factor186"
	"num187" [label="num",style=filled,fillcolor=powderblue]
	"Factor186" -> "num187"
	"Power_prime188" [label="Power_prime"]
	"Power185" -> "Power_prime188"
	"e189" [label="e"]
	"Power_prime188" -> "e189"
	"Term_prime190" [label="Term_prime"]
	"Term184" -> "Term_prime190"
	"e191" [label="e"]
	"Term_prime190" -> "e191"
	"Expression_prime192" [label="Expression_prime"]
	"Expression183" -> "Expression_prime192"
	"-193" [label="-",style=filled,fillcolor=powderblue]
	"Expression_prime192" -> "-193"
	"Term194" [label="Term"]
	"Expression_prime192" -> "Term194"
	"Power195" [label="Power"]
	"Term194" -> "Power195"
	"Factor196" [label="Factor"]
	"Power195" -> "Factor196"
	"num197" [label="num",style=filled,fillcolor=powderblue]
	"Factor196" -> "num197"
	"Power_prime198" [label="Power_prime"]
	"Power195" -> "Power_prime198"
	"e199" [label="e"]
	"Power_prime198" -> "e199"
	"Term_prime200" [label="Term_prime"]
	"Term194" -> "Term_prime200"
	"e201" [label="e"]
	"Term_prime200" -> "e201"
	"Expression_prime202" [label="Expression_prime"]
	"Expression_prime192" -> "Expression_prime202"
	"e203" [label="e"]
	"Expression_prime202" -> "e203"
	")204" [label=")",style=filled,fillcolor=powderblue]
	"Factor181" -> ")204"
	"Power_prime205" [label="Power_prime"]
	"Power180" -> "Power_prime205"
	"e206" [label="e"]
	"Power_prime205" -> "e206"
	"Term_prime207" [label="Term_prime"]
	"Term179" -> "Term_prime207"
	"e208" [label="e"]
	"Term_prime207" -> "e208"
	"Expression_prime209" [label="Expression_prime"]
	"Expression_prime177" -> "Expression_prime209"
	"e210" [label="e"]
	"Expression_prime209" -> "e210"
	"Start211" [label="Start"]
	"Start150" -> "Start211"
	"Statement212" [label="Statement"]
	"Start211" -> "Statement212"
	"Assignment213" [label="Assignment"]
	"Statement212" -> "Assignment213"
	"m214" [label="m",style=filled,fillcolor=powderblue]
	"Assignment213" -> "m214"
	"[215" [label="[",style=filled,fillcolor=powderblue]
	"Assignment213" -> "[215"
	"Expression216" [label="Expression"]
	"Assignment213" -> "Expression216"
	"Term217" [label="Term"]
	"Expression216" -> "Term217"
	"Power218" [label="Power"]
	"Term217" -> "Power218"
	"Factor219" [label="Factor"]
	"Power218" -> "Factor219"
	"num220" [label="num",style=filled,fillcolor=powderblue]
	"Factor219" -> "num220"
	"Power_prime221" [label="Power_prime"]
	"Power218" -> "Power_prime221"
	"e222" [label="e"]
	"Power_prime221" -> "e222"
	"Term_prime223" [label="Term_prime"]
	"Term217" -> "Term_prime223"
	"e224" [label="e"]
	"Term_prime223" -> "e224"
	"Expression_prime225" [label="Expression_prime"]
	"Expression216" -> "Expression_prime225"
	"e226" [label="e"]
	"Expression_prime225" -> "e226"
	"]227" [label="]",style=filled,fillcolor=powderblue]
	"Assignment213" -> "]227"
	"=228" [label="=",style=filled,fillcolor=powderblue]
	"Assignment213" -> "=228"
	"Expression229" [label="Expression"]
	"Assignment213" -> "Expression229"
	"Term230" [label="Term"]
	"Expression229" -> "Term230"
	"Power231" [label="Power"]
	"Term230" -> "Power231"
	"Factor232" [label="Factor"]
	"Power231" -> "Factor232"
	"num233" [label="num",style=filled,fillcolor=powderblue]
	"Factor232" -> "num233"
	"Power_prime234" [label="Power_prime"]
	"Power231" -> "Power_prime234"
	"e235" [label="e"]
	"Power_prime234" -> "e235"
	"Term_prime236" [label="Term_prime"]
	"Term230" -> "Term_prime236"
	"e237" [label="e"]
	"Term_prime236" -> "e237"
	"Expression_prime238" [label="Expression_prime"]
	"Expression229" -> "Expression_prime238"
	"-239" [label="-",style=filled,fillcolor=powderblue]
	"Expression_prime238" -> "-239"
	"Term240" [label="Term"]
	"Expression_prime238" -> "Term240"
	"Power241" [label="Power"]
	"Term240" -> "Power241"
	"Factor242" [label="Factor"]
	"Power241" -> "Factor242"
	"m243" [label="m",style=filled,fillcolor=powderblue]
	"Factor242" -> "m243"
	"[244" [label="[",style=filled,fillcolor=powderblue]
	"Factor242" -> "[244"
	"Expression245" [label="Expression"]
	"Factor242" -> "Expression245"
	"Term246" [label="Term"]
	"Expression245" -> "Term246"
	"Power247" [label="Power"]
	"Term246" -> "Power247"
	"Factor248" [label="Factor"]
	"Power247" -> "Factor248"
	"(249" [label="(",style=filled,fillcolor=powderblue]
	"Factor248" -> "(249"
	"Expression250" [label="Expression"]
	"Factor248" -> "Expression250"
	"Term251" [label="Term"]
	"Expression250" -> "Term251"
	"Power252" [label="Power"]
	"Term251" -> "Power252"
	"Factor253" [label="Factor"]
	"Power252" -> "Factor253"
	"num254" [label="num",style=filled,fillcolor=powderblue]
	"Factor253" -> "num254"
	"Power_prime255" [label="Power_prime"]
	"Power252" -> "Power_prime255"
	"e256" [label="e"]
	"Power_prime255" -> "e256"
	"Term_prime257" [label="Term_prime"]
	"Term251" -> "Term_prime257"
	"e258" [label="e"]
	"Term_prime257" -> "e258"
	"Expression_prime259" [label="Expression_prime"]
	"Expression250" -> "Expression_prime259"
	"-260" [label="-",style=filled,fillcolor=powderblue]
	"Expression_prime259" -> "-260"
	"Term261" [label="Term"]
	"Expression_prime259" -> "Term261"
	"Power262" [label="Power"]
	"Term261" -> "Power262"
	"Factor263" [label="Factor"]
	"Power262" -> "Factor263"
	"num264" [label="num",style=filled,fillcolor=powderblue]
	"Factor263" -> "num264"
	"Power_prime265" [label="Power_prime"]
	"Power262" -> "Power_prime265"
	"e266" [label="e"]
	"Power_prime265" -> "e266"
	"Term_prime267" [label="Term_prime"]
	"Term261" -> "Term_prime267"
	"e268" [label="e"]
	"Term_prime267" -> "e268"
	"Expression_prime269" [label="Expression_prime"]
	"Expression_prime259" -> "Expression_prime269"
	"e270" [label="e"]
	"Expression_prime269" -> "e270"
	")271" [label=")",style=filled,fillcolor=powderblue]
	"Factor248" -> ")271"
	"Power_prime272" [label="Power_prime"]
	"Power247" -> "Power_prime272"
	"e273" [label="e"]
	"Power_prime272" -> "e273"
	"Term_prime274" [label="Term_prime"]
	"Term246" -> "Term_prime274"
	"e275" [label="e"]
	"Term_prime274" -> "e275"
	"Expression_prime276" [label="Expression_prime"]
	"Expression245" -> "Expression_prime276"
	"e277" [label="e"]
	"Expression_prime276" -> "e277"
	"]278" [label="]",style=filled,fillcolor=powderblue]
	"Factor242" -> "]278"
	"Power_prime279" [label="Power_prime"]
	"Power241" -> "Power_prime279"
	"e280" [label="e"]
	"Power_prime279" -> "e280"
	"Term_prime281" [label="Term_prime"]
	"Term240" -> "Term_prime281"
	"e282" [label="e"]
	"Term_prime281" -> "e282"
	"Expression_prime283" [label="Expression_prime"]
	"Expression_prime238" -> "Expression_prime283"
	"e284" [label="e"]
	"Expression_prime283" -> "e284"
	"Start285" [label="Start"]
	"Start211" -> "Start285"
	"Statement286" [label="Statement"]
	"Start285" -> "Statement286"
	"Print287" [label="Print"]
	"Statement286" -> "Print287"
	"print288" [label="print",style=filled,fillcolor=powderblue]
	"Print287" -> "print288"
	"Expression289" [label="Expression"]
	"Print287" -> "Expression289"
	"Term290" [label="Term"]
	"Expression289" -> "Term290"
	"Power291" [label="Power"]
	"Term290" -> "Power291"
	"Factor292" [label="Factor"]
	"Power291" -> "Factor292"
	"m293" [label="m",style=filled,fillcolor=powderblue]
	"Factor292" -> "m293"
	"[294" [label="[",style=filled,fillcolor=powderblue]
	"Factor292" -> "[294"
	"Expression295" [label="Expression"]
	"Factor292" -> "Expression295"
	"Term296" [label="Term"]
	"Expression295" -> "Term296"
	"Power297" [label="Power"]
	"Term296" -> "Power297"
	"Factor298" [label="Factor"]
	"Power297" -> "Factor298"
	"num299" [label="num",style=filled,fillcolor=powderblue]
	"Factor298" -> "num299"
	"Power_prime300" [label="Power_prime"]
	"Power297" -> "Power_prime300"
	"e301" [label="e"]
	"Power_prime300" -> "e301"
	"Term_prime302" [label="Term_prime"]
	"Term296" -> "Term_prime302"
	"e303" [label="e"]
	"Term_prime302" -> "e303"
	"Expression_prime304" [label="Expression_prime"]
	"Expression295" -> "Expression_prime304"
	"e305" [label="e"]
	"Expression_prime304" -> "e305"
	"]306" [label="]",style=filled,fillcolor=powderblue]
	"Factor292" -> "]306"
	"Power_prime307" [label="Power_prime"]
	"Power291" -> "Power_prime307"
	"e308" [label="e"]
	"Power_prime307" -> "e308"
	"Term_prime309" [label="Term_prime"]
	"Term290" -> "Term_prime309"
	"e310" [label="e"]
	"Term_prime309" -> "e310"
	"Expression_prime311" [label="Expression_prime"]
	"Expression289" -> "Expression_prime311"
	"e312" [label="e"]
	"Expression_prime311" -> "e312"
	"Start313" [label="Start"]
	"Start285" -> "Start313"
	"Statement314" [label="Statement"]
	"Start313" -> "Statement314"
	"Assignment315" [label="Assignment"]
	"Statement314" -> "Assignment315"
	"m316" [label="m",style=filled,fillcolor=powderblue]
	"Assignment315" -> "m316"
	"[317" [label="[",style=filled,fillcolor=powderblue]
	"Assignment315" -> "[317"
	"Expression318" [label="Expression"]
	"Assignment315" -> "Expression318"
	"Term319" [label="Term"]
	"Expression318" -> "Term319"
	"Power320" [label="Power"]
	"Term319" -> "Power320"
	"Factor321" [label="Factor"]
	"Power320" -> "Factor321"
	"num322" [label="num",style=filled,fillcolor=powderblue]
	"Factor321" -> "num322"
	"Power_prime323" [label="Power_prime"]
	"Power320" -> "Power_prime323"
	"e324" [label="e"]
	"Power_prime323" -> "e324"
	"Term_prime325" [label="Term_prime"]
	"Term319" -> "Term_prime325"
	"e326" [label="e"]
	"Term_prime325" -> "e326"
	"Expression_prime327" [label="Expression_prime"]
	"Expression318" -> "Expression_prime327"
	"e328" [label="e"]
	"Expression_prime327" -> "e328"
	"]329" [label="]",style=filled,fillcolor=powderblue]
	"Assignment315" -> "]329"
	"=330" [label="=",style=filled,fillcolor=powderblue]
	"Assignment315" -> "=330"
	"Expression331" [label="Expression"]
	"Assignment315" -> "Expression331"
	"Term332" [label="Term"]
	"Expression331" -> "Term332"
	"Power333" [label="Power"]
	"Term332" -> "Power333"
	"Factor334" [label="Factor"]
	"Power333" -> "Factor334"
	"num335" [label="num",style=filled,fillcolor=powderblue]
	"Factor334" -> "num335"
	"Power_prime336" [label="Power_prime"]
	"Power333" -> "Power_prime336"
	"e337" [label="e"]
	"Power_prime336" -> "e337"
	"Term_prime338" [label="Term_prime"]
	"Term332" -> "Term_prime338"
	"/339" [label="/",style=filled,fillcolor=powderblue]
	"Term_prime338" -> "/339"
	"num340" [label="num",style=filled,fillcolor=powderblue]
	"Term_prime338" -> "num340"
	"Term_prime341" [label="Term_prime"]
	"Term_prime338" -> "Term_prime341"
	"*342" [label="*",style=filled,fillcolor=powderblue]
	"Term_prime341" -> "*342"
	"num343" [label="num",style=filled,fillcolor=powderblue]
	"Term_prime341" -> "num343"
	"Term_prime344" [label="Term_prime"]
	"Term_prime341" -> "Term_prime344"
	"e345" [label="e"]
	"Term_prime344" -> "e345"
	"Expression_prime346" [label="Expression_prime"]
	"Expression331" -> "Expression_prime346"
	"e347" [label="e"]
	"Expression_prime346" -> "e347"
	"Start348" [label="Start"]
	"Start313" -> "Start348"
	"Statement349" [label="Statement"]
	"Start348" -> "Statement349"
	"Jump350" [label="Jump"]
	"Statement349" -> "Jump350"
	"goto351" [label="goto",style=filled,fillcolor=powderblue]
	"Jump350" -> "goto351"
	"num352" [label="num",style=filled,fillcolor=powderblue]
	"Jump350" -> "num352"
	"Start353" [label="Start"]
	"Start348" -> "Start353"
	"Statement354" [label="Statement"]
	"Start353" -> "Statement354"
	"Assignment355" [label="Assignment"]
	"Statement354" -> "Assignment355"
	"m356" [label="m",style=filled,fillcolor=powderblue]
	"Assignment355" -> "m356"
	"[357" [label="[",style=filled,fillcolor=powderblue]
	"Assignment355" -> "[357"
	"Expression358" [label="Expression"]
	"Assignment355" -> "Expression358"
	"Term359" [label="Term"]
	"Expression358" -> "Term359"
	"Power360" [label="Power"]
	"Term359" -> "Power360"
	"Factor361" [label="Factor"]
	"Power360" -> "Factor361"
	"num362" [label="num",style=filled,fillcolor=powderblue]
	"Factor361" -> "num362"
	"Power_prime363" [label="Power_prime"]
	"Power360" -> "Power_prime363"
	"e364" [label="e"]
	"Power_prime363" -> "e364"
	"Term_prime365" [label="Term_prime"]
	"Term359" -> "Term_prime365"
	"e366" [label="e"]
	"Term_prime365" -> "e366"
	"Expression_prime367" [label="Expression_prime"]
	"Expression358" -> "Expression_prime367"
	"e368" [label="e"]
	"Expression_prime367" -> "e368"
	"]369" [label="]",style=filled,fillcolor=powderblue]
	"Assignment355" -> "]369"
	"=370" [label="=",style=filled,fillcolor=powderblue]
	"Assignment355" -> "=370"
	"Expression371" [label="Expression"]
	"Assignment355" -> "Expression371"
	"Term372" [label="Term"]
	"Expression371" -> "Term372"
	"Power373" [label="Power"]
	"Term372" -> "Power373"
	"Factor374" [label="Factor"]
	"Power373" -> "Factor374"
	"num375" [label="num",style=filled,fillcolor=powderblue]
	"Factor374" -> "num375"
	"Power_prime376" [label="Power_prime"]
	"Power373" -> "Power_prime376"
	"e377" [label="e"]
	"Power_prime376" -> "e377"
	"Term_prime378" [label="Term_prime"]
	"Term372" -> "Term_prime378"
	"e379" [label="e"]
	"Term_prime378" -> "e379"
	"Expression_prime380" [label="Expression_prime"]
	"Expression371" -> "Expression_prime380"
	"+381" [label="+",style=filled,fillcolor=powderblue]
	"Expression_prime380" -> "+381"
	"Term382" [label="Term"]
	"Expression_prime380" -> "Term382"
	"Power383" [label="Power"]
	"Term382" -> "Power383"
	"Factor384" [label="Factor"]
	"Power383" -> "Factor384"
	"m385" [label="m",style=filled,fillcolor=powderblue]
	"Factor384" -> "m385"
	"[386" [label="[",style=filled,fillcolor=powderblue]
	"Factor384" -> "[386"
	"Expression387" [label="Expression"]
	"Factor384" -> "Expression387"
	"Term388" [label="Term"]
	"Expression387" -> "Term388"
	"Power389" [label="Power"]
	"Term388" -> "Power389"
	"Factor390" [label="Factor"]
	"Power389" -> "Factor390"
	"num391" [label="num",style=filled,fillcolor=powderblue]
	"Factor390" -> "num391"
	"Power_prime392" [label="Power_prime"]
	"Power389" -> "Power_prime392"
	"e393" [label="e"]
	"Power_prime392" -> "e393"
	"Term_prime394" [label="Term_prime"]
	"Term388" -> "Term_prime394"
	"e395" [label="e"]
	"Term_prime394" -> "e395"
	"Expression_prime396" [label="Expression_prime"]
	"Expression387" -> "Expression_prime396"
	"e397" [label="e"]
	"Expression_prime396" -> "e397"
	"]398" [label="]",style=filled,fillcolor=powderblue]
	"Factor384" -> "]398"
	"Power_prime399" [label="Power_prime"]
	"Power383" -> "Power_prime399"
	"e400" [label="e"]
	"Power_prime399" -> "e400"
	"Term_prime401" [label="Term_prime"]
	"Term382" -> "Term_prime401"
	"e402" [label="e"]
	"Term_prime401" -> "e402"
	"Expression_prime403" [label="Expression_prime"]
	"Expression_prime380" -> "Expression_prime403"
	"e404" [label="e"]
	"Expression_prime403" -> "e404"
	"Start405" [label="Start"]
	"Start353" -> "Start405"
	"Statement406" [label="Statement"]
	"Start405" -> "Statement406"
	"Assignment407" [label="Assignment"]
	"Statement406" -> "Assignment407"
	"m408" [label="m",style=filled,fillcolor=powderblue]
	"Assignment407" -> "m408"
	"[409" [label="[",style=filled,fillcolor=powderblue]
	"Assignment407" -> "[409"
	"Expression410" [label="Expression"]
	"Assignment407" -> "Expression410"
	"Term411" [label="Term"]
	"Expression410" -> "Term411"
	"Power412" [label="Power"]
	"Term411" -> "Power412"
	"Factor413" [label="Factor"]
	"Power412" -> "Factor413"
	"num414" [label="num",style=filled,fillcolor=powderblue]
	"Factor413" -> "num414"
	"Power_prime415" [label="Power_prime"]
	"Power412" -> "Power_prime415"
	"e416" [label="e"]
	"Power_prime415" -> "e416"
	"Term_prime417" [label="Term_prime"]
	"Term411" -> "Term_prime417"
	"e418" [label="e"]
	"Term_prime417" -> "e418"
	"Expression_prime419" [label="Expression_prime"]
	"Expression410" -> "Expression_prime419"
	"e420" [label="e"]
	"Expression_prime419" -> "e420"
	"]421" [label="]",style=filled,fillcolor=powderblue]
	"Assignment407" -> "]421"
	"=422" [label="=",style=filled,fillcolor=powderblue]
	"Assignment407" -> "=422"
	"Expression423" [label="Expression"]
	"Assignment407" -> "Expression423"
	"Term424" [label="Term"]
	"Expression423" -> "Term424"
	"Power425" [label="Power"]
	"Term424" -> "Power425"
	"Factor426" [label="Factor"]
	"Power425" -> "Factor426"
	"num427" [label="num",style=filled,fillcolor=powderblue]
	"Factor426" -> "num427"
	"Power_prime428" [label="Power_prime"]
	"Power425" -> "Power_prime428"
	"e429" [label="e"]
	"Power_prime428" -> "e429"
	"Term_prime430" [label="Term_prime"]
	"Term424" -> "Term_prime430"
	"e431" [label="e"]
	"Term_prime430" -> "e431"
	"Expression_prime432" [label="Expression_prime"]
	"Expression423" -> "Expression_prime432"
	"-433" [label="-",style=filled,fillcolor=powderblue]
	"Expression_prime432" -> "-433"
	"Term434" [label="Term"]
	"Expression_prime432" -> "Term434"
	"Power435" [label="Power"]
	"Term434" -> "Power435"
	"Factor436" [label="Factor"]
	"Power435" -> "Factor436"
	"m437" [label="m",style=filled,fillcolor=powderblue]
	"Factor436" -> "m437"
	"[438" [label="[",style=filled,fillcolor=powderblue]
	"Factor436" -> "[438"
	"Expression439" [label="Expression"]
	"Factor436" -> "Expression439"
	"Term440" [label="Term"]
	"Expression439" -> "Term440"
	"Power441" [label="Power"]
	"Term440" -> "Power441"
	"Factor442" [label="Factor"]
	"Power441" -> "Factor442"
	"num443" [label="num",style=filled,fillcolor=powderblue]
	"Factor442" -> "num443"
	"Power_prime444" [label="Power_prime"]
	"Power441" -> "Power_prime444"
	"**445" [label="**",style=filled,fillcolor=powderblue]
	"Power_prime444" -> "**445"
	"Factor446" [label="Factor"]
	"Power_prime444" -> "Factor446"
	"num447" [label="num",style=filled,fillcolor=powderblue]
	"Factor446" -> "num447"
	"Power_prime448" [label="Power_prime"]
	"Power_prime444" -> "Power_prime448"
	"e449" [label="e"]
	"Power_prime448" -> "e449"
	"Term_prime450" [label="Term_prime"]
	"Term440" -> "Term_prime450"
	"*451" [label="*",style=filled,fillcolor=powderblue]
	"Term_prime450" -> "*451"
	"num452" [label="num",style=filled,fillcolor=powderblue]
	"Term_prime450" -> "num452"
	"Term_prime453" [label="Term_prime"]
	"Term_prime450" -> "Term_prime453"
	"e454" [label="e"]
	"Term_prime453" -> "e454"
	"Expression_prime455" [label="Expression_prime"]
	"Expression439" -> "Expression_prime455"
	"-456" [label="-",style=filled,fillcolor=powderblue]
	"Expression_prime455" -> "-456"
	"Term457" [label="Term"]
	"Expression_prime455" -> "Term457"
	"Power458" [label="Power"]
	"Term457" -> "Power458"
	"Factor459" [label="Factor"]
	"Power458" -> "Factor459"
	"num460" [label="num",style=filled,fillcolor=powderblue]
	"Factor459" -> "num460"
	"Power_prime461" [label="Power_prime"]
	"Power458" -> "Power_prime461"
	"e462" [label="e"]
	"Power_prime461" -> "e462"
	"Term_prime463" [label="Term_prime"]
	"Term457" -> "Term_prime463"
	"e464" [label="e"]
	"Term_prime463" -> "e464"
	"Expression_prime465" [label="Expression_prime"]
	"Expression_prime455" -> "Expression_prime465"
	"e466" [label="e"]
	"Expression_prime465" -> "e466"
	"]467" [label="]",style=filled,fillcolor=powderblue]
	"Factor436" -> "]467"
	"Power_prime468" [label="Power_prime"]
	"Power435" -> "Power_prime468"
	"e469" [label="e"]
	"Power_prime468" -> "e469"
	"Term_prime470" [label="Term_prime"]
	"Term434" -> "Term_prime470"
	"e471" [label="e"]
	"Term_prime470" -> "e471"
	"Expression_prime472" [label="Expression_prime"]
	"Expression_prime432" -> "Expression_prime472"
	"-473" [label="-",style=filled,fillcolor=powderblue]
	"Expression_prime472" -> "-473"
	"Term474" [label="Term"]
	"Expression_prime472" -> "Term474"
	"Power475" [label="Power"]
	"Term474" -> "Power475"
	"Factor476" [label="Factor"]
	"Power475" -> "Factor476"
	"num477" [label="num",style=filled,fillcolor=powderblue]
	"Factor476" -> "num477"
	"Power_prime478" [label="Power_prime"]
	"Power475" -> "Power_prime478"
	"e479" [label="e"]
	"Power_prime478" -> "e479"
	"Term_prime480" [label="Term_prime"]
	"Term474" -> "Term_prime480"
	"e481" [label="e"]
	"Term_prime480" -> "e481"
	"Expression_prime482" [label="Expression_prime"]
	"Expression_prime472" -> "Expression_prime482"
	"e483" [label="e"]
	"Expression_prime482" -> "e483"
	"Start484" [label="Start"]
	"Start405" -> "Start484"
	"Statement485" [label="Statement"]
	"Start484" -> "Statement485"
	"Label486" [label="Label"]
	"Statement485" -> "Label486"
	"L487" [label="L",style=filled,fillcolor=powderblue]
	"Label486" -> "L487"
	"num488" [label="num",style=filled,fillcolor=powderblue]
	"Label486" -> "num488"
	":489" [label=":",style=filled,fillcolor=powderblue]
	"Label486" -> ":489"
	"Start490" [label="Start"]
	"Start484" -> "Start490"
	"Statement491" [label="Statement"]
	"Start490" -> "Statement491"
	"Assignment492" [label="Assignment"]
	"Statement491" -> "Assignment492"
	"m493" [label="m",style=filled,fillcolor=powderblue]
	"Assignment492" -> "m493"
	"[494" [label="[",style=filled,fillcolor=powderblue]
	"Assignment492" -> "[494"
	"Expression495" [label="Expression"]
	"Assignment492" -> "Expression495"
	"Term496" [label="Term"]
	"Expression495" -> "Term496"
	"Power497" [label="Power"]
	"Term496" -> "Power497"
	"Factor498" [label="Factor"]
	"Power497" -> "Factor498"
	"num499" [label="num",style=filled,fillcolor=powderblue]
	"Factor498" -> "num499"
	"Power_prime500" [label="Power_prime"]
	"Power497" -> "Power_prime500"
	"e501" [label="e"]
	"Power_prime500" -> "e501"
	"Term_prime502" [label="Term_prime"]
	"Term496" -> "Term_prime502"
	"e503" [label="e"]
	"Term_prime502" -> "e503"
	"Expression_prime504" [label="Expression_prime"]
	"Expression495" -> "Expression_prime504"
	"e505" [label="e"]
	"Expression_prime504" -> "e505"
	"]506" [label="]",style=filled,fillcolor=powderblue]
	"Assignment492" -> "]506"
	"=507" [label="=",style=filled,fillcolor=powderblue]
	"Assignment492" -> "=507"
	"Expression508" [label="Expression"]
	"Assignment492" -> "Expression508"
	"Term509" [label="Term"]
	"Expression508" -> "Term509"
	"Power510" [label="Power"]
	"Term509" -> "Power510"
	"Factor511" [label="Factor"]
	"Power510" -> "Factor511"
	"num512" [label="num",style=filled,fillcolor=powderblue]
	"Factor511" -> "num512"
	"Power_prime513" [label="Power_prime"]
	"Power510" -> "Power_prime513"
	"e514" [label="e"]
	"Power_prime513" -> "e514"
	"Term_prime515" [label="Term_prime"]
	"Term509" -> "Term_prime515"
	"e516" [label="e"]
	"Term_prime515" -> "e516"
	"Expression_prime517" [label="Expression_prime"]
	"Expression508" -> "Expression_prime517"
	"-518" [label="-",style=filled,fillcolor=powderblue]
	"Expression_prime517" -> "-518"
	"Term519" [label="Term"]
	"Expression_prime517" -> "Term519"
	"Power520" [label="Power"]
	"Term519" -> "Power520"
	"Factor521" [label="Factor"]
	"Power520" -> "Factor521"
	"(522" [label="(",style=filled,fillcolor=powderblue]
	"Factor521" -> "(522"
	"Expression523" [label="Expression"]
	"Factor521" -> "Expression523"
	"Term524" [label="Term"]
	"Expression523" -> "Term524"
	"Power525" [label="Power"]
	"Term524" -> "Power525"
	"Factor526" [label="Factor"]
	"Power525" -> "Factor526"
	"m527" [label="m",style=filled,fillcolor=powderblue]
	"Factor526" -> "m527"
	"[528" [label="[",style=filled,fillcolor=powderblue]
	"Factor526" -> "[528"
	"Expression529" [label="Expression"]
	"Factor526" -> "Expression529"
	"Term530" [label="Term"]
	"Expression529" -> "Term530"
	"Power531" [label="Power"]
	"Term530" -> "Power531"
	"Factor532" [label="Factor"]
	"Power531" -> "Factor532"
	"num533" [label="num",style=filled,fillcolor=powderblue]
	"Factor532" -> "num533"
	"Power_prime534" [label="Power_prime"]
	"Power531" -> "Power_prime534"
	"e535" [label="e"]
	"Power_prime534" -> "e535"
	"Term_prime536" [label="Term_prime"]
	"Term530" -> "Term_prime536"
	"e537" [label="e"]
	"Term_prime536" -> "e537"
	"Expression_prime538" [label="Expression_prime"]
	"Expression529" -> "Expression_prime538"
	"e539" [label="e"]
	"Expression_prime538" -> "e539"
	"]540" [label="]",style=filled,fillcolor=powderblue]
	"Factor526" -> "]540"
	"Power_prime541" [label="Power_prime"]
	"Power525" -> "Power_prime541"
	"e542" [label="e"]
	"Power_prime541" -> "e542"
	"Term_prime543" [label="Term_prime"]
	"Term524" -> "Term_prime543"
	"e544" [label="e"]
	"Term_prime543" -> "e544"
	"Expression_prime545" [label="Expression_prime"]
	"Expression523" -> "Expression_prime545"
	"-546" [label="-",style=filled,fillcolor=powderblue]
	"Expression_prime545" -> "-546"
	"Term547" [label="Term"]
	"Expression_prime545" -> "Term547"
	"Power548" [label="Power"]
	"Term547" -> "Power548"
	"Factor549" [label="Factor"]
	"Power548" -> "Factor549"
	"num550" [label="num",style=filled,fillcolor=powderblue]
	"Factor549" -> "num550"
	"Power_prime551" [label="Power_prime"]
	"Power548" -> "Power_prime551"
	"e552" [label="e"]
	"Power_prime551" -> "e552"
	"Term_prime553" [label="Term_prime"]
	"Term547" -> "Term_prime553"
	"e554" [label="e"]
	"Term_prime553" -> "e554"
	"Expression_prime555" [label="Expression_prime"]
	"Expression_prime545" -> "Expression_prime555"
	"e556" [label="e"]
	"Expression_prime555" -> "e556"
	")557" [label=")",style=filled,fillcolor=powderblue]
	"Factor521" -> ")557"
	"Power_prime558" [label="Power_prime"]
	"Power520" -> "Power_prime558"
	"e559" [label="e"]
	"Power_prime558" -> "e559"
	"Term_prime560" [label="Term_prime"]
	"Term519" -> "Term_prime560"
	"e561" [label="e"]
	"Term_prime560" -> "e561"
	"Expression_prime562" [label="Expression_prime"]
	"Expression_prime517" -> "Expression_prime562"
	"e563" [label="e"]
	"Expression_prime562" -> "e563"
	"Start564" [label="Start"]
	"Start490" -> "Start564"
	"Statement565" [label="Statement"]
	"Start564" -> "Statement565"
	"Jump566" [label="Jump"]
	"Statement565" -> "Jump566"
	"goto567" [label="goto",style=filled,fillcolor=powderblue]
	"Jump566" -> "goto567"
	"num568" [label="num",style=filled,fillcolor=powderblue]
	"Jump566" -> "num568"
	"if569" [label="if",style=filled,fillcolor=powderblue]
	"Jump566" -> "if569"
	"Expression570" [label="Expression"]
	"Jump566" -> "Expression570"
	"Term571" [label="Term"]
	"Expression570" -> "Term571"
	"Power572" [label="Power"]
	"Term571" -> "Power572"
	"Factor573" [label="Factor"]
	"Power572" -> "Factor573"
	"m574" [label="m",style=filled,fillcolor=powderblue]
	"Factor573" -> "m574"
	"[575" [label="[",style=filled,fillcolor=powderblue]
	"Factor573" -> "[575"
	"Expression576" [label="Expression"]
	"Factor573" -> "Expression576"
	"Term577" [label="Term"]
	"Expression576" -> "Term577"
	"Power578" [label="Power"]
	"Term577" -> "Power578"
	"Factor579" [label="Factor"]
	"Power578" -> "Factor579"
	"num580" [label="num",style=filled,fillcolor=powderblue]
	"Factor579" -> "num580"
	"Power_prime581" [label="Power_prime"]
	"Power578" -> "Power_prime581"
	"e582" [label="e"]
	"Power_prime581" -> "e582"
	"Term_prime583" [label="Term_prime"]
	"Term577" -> "Term_prime583"
	"e584" [label="e"]
	"Term_prime583" -> "e584"
	"Expression_prime585" [label="Expression_prime"]
	"Expression576" -> "Expression_prime585"
	"e586" [label="e"]
	"Expression_prime585" -> "e586"
	"]587" [label="]",style=filled,fillcolor=powderblue]
	"Factor573" -> "]587"
	"Power_prime588" [label="Power_prime"]
	"Power572" -> "Power_prime588"
	"e589" [label="e"]
	"Power_prime588" -> "e589"
	"Term_prime590" [label="Term_prime"]
	"Term571" -> "Term_prime590"
	"e591" [label="e"]
	"Term_prime590" -> "e591"
	"Expression_prime592" [label="Expression_prime"]
	"Expression570" -> "Expression_prime592"
	"e593" [label="e"]
	"Expression_prime592" -> "e593"
	"Start594" [label="Start"]
	"Start564" -> "Start594"
	"Statement595" [label="Statement"]
	"Start594" -> "Statement595"
	"Jump596" [label="Jump"]
	"Statement595" -> "Jump596"
	"goto597" [label="goto",style=filled,fillcolor=powderblue]
	"Jump596" -> "goto597"
	"num598" [label="num",style=filled,fillcolor=powderblue]
	"Jump596" -> "num598"
	"Start599" [label="Start"]
	"Start594" -> "Start599"
	"Statement600" [label="Statement"]
	"Start599" -> "Statement600"
	"Assignment601" [label="Assignment"]
	"Statement600" -> "Assignment601"
	"m602" [label="m",style=filled,fillcolor=powderblue]
	"Assignment601" -> "m602"
	"[603" [label="[",style=filled,fillcolor=powderblue]
	"Assignment601" -> "[603"
	"Expression604" [label="Expression"]
	"Assignment601" -> "Expression604"
	"Term605" [label="Term"]
	"Expression604" -> "Term605"
	"Power606" [label="Power"]
	"Term605" -> "Power606"
	"Factor607" [label="Factor"]
	"Power606" -> "Factor607"
	"num608" [label="num",style=filled,fillcolor=powderblue]
	"Factor607" -> "num608"
	"Power_prime609" [label="Power_prime"]
	"Power606" -> "Power_prime609"
	"e610" [label="e"]
	"Power_prime609" -> "e610"
	"Term_prime611" [label="Term_prime"]
	"Term605" -> "Term_prime611"
	"e612" [label="e"]
	"Term_prime611" -> "e612"
	"Expression_prime613" [label="Expression_prime"]
	"Expression604" -> "Expression_prime613"
	"e614" [label="e"]
	"Expression_prime613" -> "e614"
	"]615" [label="]",style=filled,fillcolor=powderblue]
	"Assignment601" -> "]615"
	"=616" [label="=",style=filled,fillcolor=powderblue]
	"Assignment601" -> "=616"
	"Expression617" [label="Expression"]
	"Assignment601" -> "Expression617"
	"Term618" [label="Term"]
	"Expression617" -> "Term618"
	"Power619" [label="Power"]
	"Term618" -> "Power619"
	"Factor620" [label="Factor"]
	"Power619" -> "Factor620"
	"num621" [label="num",style=filled,fillcolor=powderblue]
	"Factor620" -> "num621"
	"Power_prime622" [label="Power_prime"]
	"Power619" -> "Power_prime622"
	"e623" [label="e"]
	"Power_prime622" -> "e623"
	"Term_prime624" [label="Term_prime"]
	"Term618" -> "Term_prime624"
	"e625" [label="e"]
	"Term_prime624" -> "e625"
	"Expression_prime626" [label="Expression_prime"]
	"Expression617" -> "Expression_prime626"
	"+627" [label="+",style=filled,fillcolor=powderblue]
	"Expression_prime626" -> "+627"
	"Term628" [label="Term"]
	"Expression_prime626" -> "Term628"
	"Power629" [label="Power"]
	"Term628" -> "Power629"
	"Factor630" [label="Factor"]
	"Power629" -> "Factor630"
	"m631" [label="m",style=filled,fillcolor=powderblue]
	"Factor630" -> "m631"
	"[632" [label="[",style=filled,fillcolor=powderblue]
	"Factor630" -> "[632"
	"Expression633" [label="Expression"]
	"Factor630" -> "Expression633"
	"Term634" [label="Term"]
	"Expression633" -> "Term634"
	"Power635" [label="Power"]
	"Term634" -> "Power635"
	"Factor636" [label="Factor"]
	"Power635" -> "Factor636"
	"num637" [label="num",style=filled,fillcolor=powderblue]
	"Factor636" -> "num637"
	"Power_prime638" [label="Power_prime"]
	"Power635" -> "Power_prime638"
	"e639" [label="e"]
	"Power_prime638" -> "e639"
	"Term_prime640" [label="Term_prime"]
	"Term634" -> "Term_prime640"
	"e641" [label="e"]
	"Term_prime640" -> "e641"
	"Expression_prime642" [label="Expression_prime"]
	"Expression633" -> "Expression_prime642"
	"e643" [label="e"]
	"Expression_prime642" -> "e643"
	"]644" [label="]",style=filled,fillcolor=powderblue]
	"Factor630" -> "]644"
	"Power_prime645" [label="Power_prime"]
	"Power629" -> "Power_prime645"
	"e646" [label="e"]
	"Power_prime645" -> "e646"
	"Term_prime647" [label="Term_prime"]
	"Term628" -> "Term_prime647"
	"e648" [label="e"]
	"Term_prime647" -> "e648"
	"Expression_prime649" [label="Expression_prime"]
	"Expression_prime626" -> "Expression_prime649"
	"e650" [label="e"]
	"Expression_prime649" -> "e650"
	"Start651" [label="Start"]
	"Start599" -> "Start651"
	"Statement652" [label="Statement"]
	"Start651" -> "Statement652"
	"Assignment653" [label="Assignment"]
	"Statement652" -> "Assignment653"
	"m654" [label="m",style=filled,fillcolor=powderblue]
	"Assignment653" -> "m654"
	"[655" [label="[",style=filled,fillcolor=powderblue]
	"Assignment653" -> "[655"
	"Expression656" [label="Expression"]
	"Assignment653" -> "Expression656"
	"Term657" [label="Term"]
	"Expression656" -> "Term657"
	"Power658" [label="Power"]
	"Term657" -> "Power658"
	"Factor659" [label="Factor"]
	"Power658" -> "Factor659"
	"num660" [label="num",style=filled,fillcolor=powderblue]
	"Factor659" -> "num660"
	"Power_prime661" [label="Power_prime"]
	"Power658" -> "Power_prime661"
	"e662" [label="e"]
	"Power_prime661" -> "e662"
	"Term_prime663" [label="Term_prime"]
	"Term657" -> "Term_prime663"
	"e664" [label="e"]
	"Term_prime663" -> "e664"
	"Expression_prime665" [label="Expression_prime"]
	"Expression656" -> "Expression_prime665"
	"e666" [label="e"]
	"Expression_prime665" -> "e666"
	"]667" [label="]",style=filled,fillcolor=powderblue]
	"Assignment653" -> "]667"
	"=668" [label="=",style=filled,fillcolor=powderblue]
	"Assignment653" -> "=668"
	"Expression669" [label="Expression"]
	"Assignment653" -> "Expression669"
	"Term670" [label="Term"]
	"Expression669" -> "Term670"
	"Power671" [label="Power"]
	"Term670" -> "Power671"
	"Factor672" [label="Factor"]
	"Power671" -> "Factor672"
	"num673" [label="num",style=filled,fillcolor=powderblue]
	"Factor672" -> "num673"
	"Power_prime674" [label="Power_prime"]
	"Power671" -> "Power_prime674"
	"e675" [label="e"]
	"Power_prime674" -> "e675"
	"Term_prime676" [label="Term_prime"]
	"Term670" -> "Term_prime676"
	"e677" [label="e"]
	"Term_prime676" -> "e677"
	"Expression_prime678" [label="Expression_prime"]
	"Expression669" -> "Expression_prime678"
	"-679" [label="-",style=filled,fillcolor=powderblue]
	"Expression_prime678" -> "-679"
	"Term680" [label="Term"]
	"Expression_prime678" -> "Term680"
	"Power681" [label="Power"]
	"Term680" -> "Power681"
	"Factor682" [label="Factor"]
	"Power681" -> "Factor682"
	"m683" [label="m",style=filled,fillcolor=powderblue]
	"Factor682" -> "m683"
	"[684" [label="[",style=filled,fillcolor=powderblue]
	"Factor682" -> "[684"
	"Expression685" [label="Expression"]
	"Factor682" -> "Expression685"
	"Term686" [label="Term"]
	"Expression685" -> "Term686"
	"Power687" [label="Power"]
	"Term686" -> "Power687"
	"Factor688" [label="Factor"]
	"Power687" -> "Factor688"
	"num689" [label="num",style=filled,fillcolor=powderblue]
	"Factor688" -> "num689"
	"Power_prime690" [label="Power_prime"]
	"Power687" -> "Power_prime690"
	"**691" [label="**",style=filled,fillcolor=powderblue]
	"Power_prime690" -> "**691"
	"Factor692" [label="Factor"]
	"Power_prime690" -> "Factor692"
	"num693" [label="num",style=filled,fillcolor=powderblue]
	"Factor692" -> "num693"
	"Power_prime694" [label="Power_prime"]
	"Power_prime690" -> "Power_prime694"
	"e695" [label="e"]
	"Power_prime694" -> "e695"
	"Term_prime696" [label="Term_prime"]
	"Term686" -> "Term_prime696"
	"*697" [label="*",style=filled,fillcolor=powderblue]
	"Term_prime696" -> "*697"
	"num698" [label="num",style=filled,fillcolor=powderblue]
	"Term_prime696" -> "num698"
	"Term_prime699" [label="Term_prime"]
	"Term_prime696" -> "Term_prime699"
	"e700" [label="e"]
	"Term_prime699" -> "e700"
	"Expression_prime701" [label="Expression_prime"]
	"Expression685" -> "Expression_prime701"
	"-702" [label="-",style=filled,fillcolor=powderblue]
	"Expression_prime701" -> "-702"
	"Term703" [label="Term"]
	"Expression_prime701" -> "Term703"
	"Power704" [label="Power"]
	"Term703" -> "Power704"
	"Factor705" [label="Factor"]
	"Power704" -> "Factor705"
	"num706" [label="num",style=filled,fillcolor=powderblue]
	"Factor705" -> "num706"
	"Power_prime707" [label="Power_prime"]
	"Power704" -> "Power_prime707"
	"e708" [label="e"]
	"Power_prime707" -> "e708"
	"Term_prime709" [label="Term_prime"]
	"Term703" -> "Term_prime709"
	"e710" [label="e"]
	"Term_prime709" -> "e710"
	"Expression_prime711" [label="Expression_prime"]
	"Expression_prime701" -> "Expression_prime711"
	"e712" [label="e"]
	"Expression_prime711" -> "e712"
	"]713" [label="]",style=filled,fillcolor=powderblue]
	"Factor682" -> "]713"
	"Power_prime714" [label="Power_prime"]
	"Power681" -> "Power_prime714"
	"e715" [label="e"]
	"Power_prime714" -> "e715"
	"Term_prime716" [label="Term_prime"]
	"Term680" -> "Term_prime716"
	"e717" [label="e"]
	"Term_prime716" -> "e717"
	"Expression_prime718" [label="Expression_prime"]
	"Expression_prime678" -> "Expression_prime718"
	"-719" [label="-",style=filled,fillcolor=powderblue]
	"Expression_prime718" -> "-719"
	"Term720" [label="Term"]
	"Expression_prime718" -> "Term720"
	"Power721" [label="Power"]
	"Term720" -> "Power721"
	"Factor722" [label="Factor"]
	"Power721" -> "Factor722"
	"num723" [label="num",style=filled,fillcolor=powderblue]
	"Factor722" -> "num723"
	"Power_prime724" [label="Power_prime"]
	"Power721" -> "Power_prime724"
	"e725" [label="e"]
	"Power_prime724" -> "e725"
	"Term_prime726" [label="Term_prime"]
	"Term720" -> "Term_prime726"
	"e727" [label="e"]
	"Term_prime726" -> "e727"
	"Expression_prime728" [label="Expression_prime"]
	"Expression_prime718" -> "Expression_prime728"
	"e729" [label="e"]
	"Expression_prime728" -> "e729"
	"Start730" [label="Start"]
	"Start651" -> "Start730"
	"Statement731" [label="Statement"]
	"Start730" -> "Statement731"
	"Label732" [label="Label"]
	"Statement731" -> "Label732"
	"L733" [label="L",style=filled,fillcolor=powderblue]
	"Label732" -> "L733"
	"num734" [label="num",style=filled,fillcolor=powderblue]
	"Label732" -> "num734"
	":735" [label=":",style=filled,fillcolor=powderblue]
	"Label732" -> ":735"
	"Start736" [label="Start"]
	"Start730" -> "Start736"
	"Statement737" [label="Statement"]
	"Start736" -> "Statement737"
	"Assignment738" [label="Assignment"]
	"Statement737" -> "Assignment738"
	"m739" [label="m",style=filled,fillcolor=powderblue]
	"Assignment738" -> "m739"
	"[740" [label="[",style=filled,fillcolor=powderblue]
	"Assignment738" -> "[740"
	"Expression741" [label="Expression"]
	"Assignment738" -> "Expression741"
	"Term742" [label="Term"]
	"Expression741" -> "Term742"
	"Power743" [label="Power"]
	"Term742" -> "Power743"
	"Factor744" [label="Factor"]
	"Power743" -> "Factor744"
	"num745" [label="num",style=filled,fillcolor=powderblue]
	"Factor744" -> "num745"
	"Power_prime746" [label="Power_prime"]
	"Power743" -> "Power_prime746"
	"e747" [label="e"]
	"Power_prime746" -> "e747"
	"Term_prime748" [label="Term_prime"]
	"Term742" -> "Term_prime748"
	"e749" [label="e"]
	"Term_prime748" -> "e749"
	"Expression_prime750" [label="Expression_prime"]
	"Expression741" -> "Expression_prime750"
	"e751" [label="e"]
	"Expression_prime750" -> "e751"
	"]752" [label="]",style=filled,fillcolor=powderblue]
	"Assignment738" -> "]752"
	"=753" [label="=",style=filled,fillcolor=powderblue]
	"Assignment738" -> "=753"
	"Expression754" [label="Expression"]
	"Assignment738" -> "Expression754"
	"Term755" [label="Term"]
	"Expression754" -> "Term755"
	"Power756" [label="Power"]
	"Term755" -> "Power756"
	"Factor757" [label="Factor"]
	"Power756" -> "Factor757"
	"num758" [label="num",style=filled,fillcolor=powderblue]
	"Factor757" -> "num758"
	"Power_prime759" [label="Power_prime"]
	"Power756" -> "Power_prime759"
	"e760" [label="e"]
	"Power_prime759" -> "e760"
	"Term_prime761" [label="Term_prime"]
	"Term755" -> "Term_prime761"
	"e762" [label="e"]
	"Term_prime761" -> "e762"
	"Expression_prime763" [label="Expression_prime"]
	"Expression754" -> "Expression_prime763"
	"-764" [label="-",style=filled,fillcolor=powderblue]
	"Expression_prime763" -> "-764"
	"Term765" [label="Term"]
	"Expression_prime763" -> "Term765"
	"Power766" [label="Power"]
	"Term765" -> "Power766"
	"Factor767" [label="Factor"]
	"Power766" -> "Factor767"
	"(768" [label="(",style=filled,fillcolor=powderblue]
	"Factor767" -> "(768"
	"Expression769" [label="Expression"]
	"Factor767" -> "Expression769"
	"Term770" [label="Term"]
	"Expression769" -> "Term770"
	"Power771" [label="Power"]
	"Term770" -> "Power771"
	"Factor772" [label="Factor"]
	"Power771" -> "Factor772"
	"m773" [label="m",style=filled,fillcolor=powderblue]
	"Factor772" -> "m773"
	"[774" [label="[",style=filled,fillcolor=powderblue]
	"Factor772" -> "[774"
	"Expression775" [label="Expression"]
	"Factor772" -> "Expression775"
	"Term776" [label="Term"]
	"Expression775" -> "Term776"
	"Power777" [label="Power"]
	"Term776" -> "Power777"
	"Factor778" [label="Factor"]
	"Power777" -> "Factor778"
	"num779" [label="num",style=filled,fillcolor=powderblue]
	"Factor778" -> "num779"
	"Power_prime780" [label="Power_prime"]
	"Power777" -> "Power_prime780"
	"e781" [label="e"]
	"Power_prime780" -> "e781"
	"Term_prime782" [label="Term_prime"]
	"Term776" -> "Term_prime782"
	"e783" [label="e"]
	"Term_prime782" -> "e783"
	"Expression_prime784" [label="Expression_prime"]
	"Expression775" -> "Expression_prime784"
	"e785" [label="e"]
	"Expression_prime784" -> "e785"
	"]786" [label="]",style=filled,fillcolor=powderblue]
	"Factor772" -> "]786"
	"Power_prime787" [label="Power_prime"]
	"Power771" -> "Power_prime787"
	"e788" [label="e"]
	"Power_prime787" -> "e788"
	"Term_prime789" [label="Term_prime"]
	"Term770" -> "Term_prime789"
	"e790" [label="e"]
	"Term_prime789" -> "e790"
	"Expression_prime791" [label="Expression_prime"]
	"Expression769" -> "Expression_prime791"
	"-792" [label="-",style=filled,fillcolor=powderblue]
	"Expression_prime791" -> "-792"
	"Term793" [label="Term"]
	"Expression_prime791" -> "Term793"
	"Power794" [label="Power"]
	"Term793" -> "Power794"
	"Factor795" [label="Factor"]
	"Power794" -> "Factor795"
	"num796" [label="num",style=filled,fillcolor=powderblue]
	"Factor795" -> "num796"
	"Power_prime797" [label="Power_prime"]
	"Power794" -> "Power_prime797"
	"e798" [label="e"]
	"Power_prime797" -> "e798"
	"Term_prime799" [label="Term_prime"]
	"Term793" -> "Term_prime799"
	"e800" [label="e"]
	"Term_prime799" -> "e800"
	"Expression_prime801" [label="Expression_prime"]
	"Expression_prime791" -> "Expression_prime801"
	"e802" [label="e"]
	"Expression_prime801" -> "e802"
	")803" [label=")",style=filled,fillcolor=powderblue]
	"Factor767" -> ")803"
	"Power_prime804" [label="Power_prime"]
	"Power766" -> "Power_prime804"
	"e805" [label="e"]
	"Power_prime804" -> "e805"
	"Term_prime806" [label="Term_prime"]
	"Term765" -> "Term_prime806"
	"e807" [label="e"]
	"Term_prime806" -> "e807"
	"Expression_prime808" [label="Expression_prime"]
	"Expression_prime763" -> "Expression_prime808"
	"e809" [label="e"]
	"Expression_prime808" -> "e809"
	"Start810" [label="Start"]
	"Start736" -> "Start810"
	"Statement811" [label="Statement"]
	"Start810" -> "Statement811"
	"Assignment812" [label="Assignment"]
	"Statement811" -> "Assignment812"
	"m813" [label="m",style=filled,fillcolor=powderblue]
	"Assignment812" -> "m813"
	"[814" [label="[",style=filled,fillcolor=powderblue]
	"Assignment812" -> "[814"
	"Expression815" [label="Expression"]
	"Assignment812" -> "Expression815"
	"Term816" [label="Term"]
	"Expression815" -> "Term816"
	"Power817" [label="Power"]
	"Term816" -> "Power817"
	"Factor818" [label="Factor"]
	"Power817" -> "Factor818"
	"num819" [label="num",style=filled,fillcolor=powderblue]
	"Factor818" -> "num819"
	"Power_prime820" [label="Power_prime"]
	"Power817" -> "Power_prime820"
	"e821" [label="e"]
	"Power_prime820" -> "e821"
	"Term_prime822" [label="Term_prime"]
	"Term816" -> "Term_prime822"
	"e823" [label="e"]
	"Term_prime822" -> "e823"
	"Expression_prime824" [label="Expression_prime"]
	"Expression815" -> "Expression_prime824"
	"e825" [label="e"]
	"Expression_prime824" -> "e825"
	"]826" [label="]",style=filled,fillcolor=powderblue]
	"Assignment812" -> "]826"
	"=827" [label="=",style=filled,fillcolor=powderblue]
	"Assignment812" -> "=827"
	"Expression828" [label="Expression"]
	"Assignment812" -> "Expression828"
	"Term829" [label="Term"]
	"Expression828" -> "Term829"
	"Power830" [label="Power"]
	"Term829" -> "Power830"
	"Factor831" [label="Factor"]
	"Power830" -> "Factor831"
	"num832" [label="num",style=filled,fillcolor=powderblue]
	"Factor831" -> "num832"
	"Power_prime833" [label="Power_prime"]
	"Power830" -> "Power_prime833"
	"e834" [label="e"]
	"Power_prime833" -> "e834"
	"Term_prime835" [label="Term_prime"]
	"Term829" -> "Term_prime835"
	"/836" [label="/",style=filled,fillcolor=powderblue]
	"Term_prime835" -> "/836"
	"num837" [label="num",style=filled,fillcolor=powderblue]
	"Term_prime835" -> "num837"
	"Term_prime838" [label="Term_prime"]
	"Term_prime835" -> "Term_prime838"
	"*839" [label="*",style=filled,fillcolor=powderblue]
	"Term_prime838" -> "*839"
	"num840" [label="num",style=filled,fillcolor=powderblue]
	"Term_prime838" -> "num840"
	"Term_prime841" [label="Term_prime"]
	"Term_prime838" -> "Term_prime841"
	"e842" [label="e"]
	"Term_prime841" -> "e842"
	"Expression_prime843" [label="Expression_prime"]
	"Expression828" -> "Expression_prime843"
	"e844" [label="e"]
	"Expression_prime843" -> "e844"
	"Start845" [label="Start"]
	"Start810" -> "Start845"
	"e846" [label="e"]
	"Start845" -> "e846"
};
