digraph G {
	"Start1" [label="Start"]
	"Statement2" [label="Statement"]
	"Start1" -> "Statement2"
	"Assignment3" [label="Assignment"]
	"Statement2" -> "Assignment3"
	"m4" [label="m",style=filled,fillcolor=powderblue]
	"Assignment3" -> "m4"
	"[5" [label="[",style=filled,fillcolor=powderblue]
	"Assignment3" -> "[5"
	"Expression6" [label="Expression"]
	"Assignment3" -> "Expression6"
	"Term7" [label="Term"]
	"Expression6" -> "Term7"
	"Power8" [label="Power"]
	"Term7" -> "Power8"
	"Factor9" [label="Factor"]
	"Power8" -> "Factor9"
	"num10" [label="num",style=filled,fillcolor=powderblue]
	"Factor9" -> "num10"
	"Power_prime11" [label="Power_prime"]
	"Power8" -> "Power_prime11"
	"e12" [label="e"]
	"Power_prime11" -> "e12"
	"Term_prime13" [label="Term_prime"]
	"Term7" -> "Term_prime13"
	"e14" [label="e"]
	"Term_prime13" -> "e14"
	"Expression_prime15" [label="Expression_prime"]
	"Expression6" -> "Expression_prime15"
	"e16" [label="e"]
	"Expression_prime15" -> "e16"
	"]17" [label="]",style=filled,fillcolor=powderblue]
	"Assignment3" -> "]17"
	"=18" [label="=",style=filled,fillcolor=powderblue]
	"Assignment3" -> "=18"
	"Expression19" [label="Expression"]
	"Assignment3" -> "Expression19"
	"Term20" [label="Term"]
	"Expression19" -> "Term20"
	"Power21" [label="Power"]
	"Term20" -> "Power21"
	"Factor22" [label="Factor"]
	"Power21" -> "Factor22"
	"num23" [label="num",style=filled,fillcolor=powderblue]
	"Factor22" -> "num23"
	"Power_prime24" [label="Power_prime"]
	"Power21" -> "Power_prime24"
	"e25" [label="e"]
	"Power_prime24" -> "e25"
	"Term_prime26" [label="Term_prime"]
	"Term20" -> "Term_prime26"
	"/27" [label="/",style=filled,fillcolor=powderblue]
	"Term_prime26" -> "/27"
	"num28" [label="num",style=filled,fillcolor=powderblue]
	"Term_prime26" -> "num28"
	"Term_prime29" [label="Term_prime"]
	"Term_prime26" -> "Term_prime29"
	"*30" [label="*",style=filled,fillcolor=powderblue]
	"Term_prime29" -> "*30"
	"num31" [label="num",style=filled,fillcolor=powderblue]
	"Term_prime29" -> "num31"
	"Term_prime32" [label="Term_prime"]
	"Term_prime29" -> "Term_prime32"
	"e33" [label="e"]
	"Term_prime32" -> "e33"
	"Expression_prime34" [label="Expression_prime"]
	"Expression19" -> "Expression_prime34"
	"e35" [label="e"]
	"Expression_prime34" -> "e35"
	"Start36" [label="Start"]
	"Start1" -> "Start36"
	"Statement37" [label="Statement"]
	"Start36" -> "Statement37"
	"Assignment38" [label="Assignment"]
	"Statement37" -> "Assignment38"
	"m39" [label="m",style=filled,fillcolor=powderblue]
	"Assignment38" -> "m39"
	"[40" [label="[",style=filled,fillcolor=powderblue]
	"Assignment38" -> "[40"
	"Expression41" [label="Expression"]
	"Assignment38" -> "Expression41"
	"Term42" [label="Term"]
	"Expression41" -> "Term42"
	"Power43" [label="Power"]
	"Term42" -> "Power43"
	"Factor44" [label="Factor"]
	"Power43" -> "Factor44"
	"num45" [label="num",style=filled,fillcolor=powderblue]
	"Factor44" -> "num45"
	"Power_prime46" [label="Power_prime"]
	"Power43" -> "Power_prime46"
	"e47" [label="e"]
	"Power_prime46" -> "e47"
	"Term_prime48" [label="Term_prime"]
	"Term42" -> "Term_prime48"
	"e49" [label="e"]
	"Term_prime48" -> "e49"
	"Expression_prime50" [label="Expression_prime"]
	"Expression41" -> "Expression_prime50"
	"e51" [label="e"]
	"Expression_prime50" -> "e51"
	"]52" [label="]",style=filled,fillcolor=powderblue]
	"Assignment38" -> "]52"
	"=53" [label="=",style=filled,fillcolor=powderblue]
	"Assignment38" -> "=53"
	"Expression54" [label="Expression"]
	"Assignment38" -> "Expression54"
	"Term55" [label="Term"]
	"Expression54" -> "Term55"
	"Power56" [label="Power"]
	"Term55" -> "Power56"
	"Factor57" [label="Factor"]
	"Power56" -> "Factor57"
	"num58" [label="num",style=filled,fillcolor=powderblue]
	"Factor57" -> "num58"
	"Power_prime59" [label="Power_prime"]
	"Power56" -> "Power_prime59"
	"e60" [label="e"]
	"Power_prime59" -> "e60"
	"Term_prime61" [label="Term_prime"]
	"Term55" -> "Term_prime61"
	"*62" [label="*",style=filled,fillcolor=powderblue]
	"Term_prime61" -> "*62"
	"num63" [label="num",style=filled,fillcolor=powderblue]
	"Term_prime61" -> "num63"
	"Term_prime64" [label="Term_prime"]
	"Term_prime61" -> "Term_prime64"
	"e65" [label="e"]
	"Term_prime64" -> "e65"
	"Expression_prime66" [label="Expression_prime"]
	"Expression54" -> "Expression_prime66"
	"-67" [label="-",style=filled,fillcolor=powderblue]
	"Expression_prime66" -> "-67"
	"Term68" [label="Term"]
	"Expression_prime66" -> "Term68"
	"Power69" [label="Power"]
	"Term68" -> "Power69"
	"Factor70" [label="Factor"]
	"Power69" -> "Factor70"
	"num71" [label="num",style=filled,fillcolor=powderblue]
	"Factor70" -> "num71"
	"Power_prime72" [label="Power_prime"]
	"Power69" -> "Power_prime72"
	"e73" [label="e"]
	"Power_prime72" -> "e73"
	"Term_prime74" [label="Term_prime"]
	"Term68" -> "Term_prime74"
	"e75" [label="e"]
	"Term_prime74" -> "e75"
	"Expression_prime76" [label="Expression_prime"]
	"Expression_prime66" -> "Expression_prime76"
	"-77" [label="-",style=filled,fillcolor=powderblue]
	"Expression_prime76" -> "-77"
	"Term78" [label="Term"]
	"Expression_prime76" -> "Term78"
	"Power79" [label="Power"]
	"Term78" -> "Power79"
	"Factor80" [label="Factor"]
	"Power79" -> "Factor80"
	"num81" [label="num",style=filled,fillcolor=powderblue]
	"Factor80" -> "num81"
	"Power_prime82" [label="Power_prime"]
	"Power79" -> "Power_prime82"
	"e83" [label="e"]
	"Power_prime82" -> "e83"
	"Term_prime84" [label="Term_prime"]
	"Term78" -> "Term_prime84"
	"e85" [label="e"]
	"Term_prime84" -> "e85"
	"Expression_prime86" [label="Expression_prime"]
	"Expression_prime76" -> "Expression_prime86"
	"-87" [label="-",style=filled,fillcolor=powderblue]
	"Expression_prime86" -> "-87"
	"Term88" [label="Term"]
	"Expression_prime86" -> "Term88"
	"Power89" [label="Power"]
	"Term88" -> "Power89"
	"Factor90" [label="Factor"]
	"Power89" -> "Factor90"
	"num91" [label="num",style=filled,fillcolor=powderblue]
	"Factor90" -> "num91"
	"Power_prime92" [label="Power_prime"]
	"Power89" -> "Power_prime92"
	"e93" [label="e"]
	"Power_prime92" -> "e93"
	"Term_prime94" [label="Term_prime"]
	"Term88" -> "Term_prime94"
	"/95" [label="/",style=filled,fillcolor=powderblue]
	"Term_prime94" -> "/95"
	"num96" [label="num",style=filled,fillcolor=powderblue]
	"Term_prime94" -> "num96"
	"Term_prime97" [label="Term_prime"]
	"Term_prime94" -> "Term_prime97"
	"e98" [label="e"]
	"Term_prime97" -> "e98"
	"Expression_prime99" [label="Expression_prime"]
	"Expression_prime86" -> "Expression_prime99"
	"e100" [label="e"]
	"Expression_prime99" -> "e100"
	"Start101" [label="Start"]
	"Start36" -> "Start101"
	"Statement102" [label="Statement"]
	"Start101" -> "Statement102"
	"Print103" [label="Print"]
	"Statement102" -> "Print103"
	"print104" [label="print",style=filled,fillcolor=powderblue]
	"Print103" -> "print104"
	"Expression105" [label="Expression"]
	"Print103" -> "Expression105"
	"Term106" [label="Term"]
	"Expression105" -> "Term106"
	"Power107" [label="Power"]
	"Term106" -> "Power107"
	"Factor108" [label="Factor"]
	"Power107" -> "Factor108"
	"m109" [label="m",style=filled,fillcolor=powderblue]
	"Factor108" -> "m109"
	"[110" [label="[",style=filled,fillcolor=powderblue]
	"Factor108" -> "[110"
	"Expression111" [label="Expression"]
	"Factor108" -> "Expression111"
	"Term112" [label="Term"]
	"Expression111" -> "Term112"
	"Power113" [label="Power"]
	"Term112" -> "Power113"
	"Factor114" [label="Factor"]
	"Power113" -> "Factor114"
	"num115" [label="num",style=filled,fillcolor=powderblue]
	"Factor114" -> "num115"
	"Power_prime116" [label="Power_prime"]
	"Power113" -> "Power_prime116"
	"e117" [label="e"]
	"Power_prime116" -> "e117"
	"Term_prime118" [label="Term_prime"]
	"Term112" -> "Term_prime118"
	"e119" [label="e"]
	"Term_prime118" -> "e119"
	"Expression_prime120" [label="Expression_prime"]
	"Expression111" -> "Expression_prime120"
	"e121" [label="e"]
	"Expression_prime120" -> "e121"
	"]122" [label="]",style=filled,fillcolor=powderblue]
	"Factor108" -> "]122"
	"Power_prime123" [label="Power_prime"]
	"Power107" -> "Power_prime123"
	"e124" [label="e"]
	"Power_prime123" -> "e124"
	"Term_prime125" [label="Term_prime"]
	"Term106" -> "Term_prime125"
	"e126" [label="e"]
	"Term_prime125" -> "e126"
	"Expression_prime127" [label="Expression_prime"]
	"Expression105" -> "Expression_prime127"
	"e128" [label="e"]
	"Expression_prime127" -> "e128"
	"Start129" [label="Start"]
	"Start101" -> "Start129"
	"Statement130" [label="Statement"]
	"Start129" -> "Statement130"
	"Print131" [label="Print"]
	"Statement130" -> "Print131"
	"print132" [label="print",style=filled,fillcolor=powderblue]
	"Print131" -> "print132"
	"Expression133" [label="Expression"]
	"Print131" -> "Expression133"
	"Term134" [label="Term"]
	"Expression133" -> "Term134"
	"Power135" [label="Power"]
	"Term134" -> "Power135"
	"Factor136" [label="Factor"]
	"Power135" -> "Factor136"
	"m137" [label="m",style=filled,fillcolor=powderblue]
	"Factor136" -> "m137"
	"[138" [label="[",style=filled,fillcolor=powderblue]
	"Factor136" -> "[138"
	"Expression139" [label="Expression"]
	"Factor136" -> "Expression139"
	"Term140" [label="Term"]
	"Expression139" -> "Term140"
	"Power141" [label="Power"]
	"Term140" -> "Power141"
	"Factor142" [label="Factor"]
	"Power141" -> "Factor142"
	"num143" [label="num",style=filled,fillcolor=powderblue]
	"Factor142" -> "num143"
	"Power_prime144" [label="Power_prime"]
	"Power141" -> "Power_prime144"
	"e145" [label="e"]
	"Power_prime144" -> "e145"
	"Term_prime146" [label="Term_prime"]
	"Term140" -> "Term_prime146"
	"e147" [label="e"]
	"Term_prime146" -> "e147"
	"Expression_prime148" [label="Expression_prime"]
	"Expression139" -> "Expression_prime148"
	"e149" [label="e"]
	"Expression_prime148" -> "e149"
	"]150" [label="]",style=filled,fillcolor=powderblue]
	"Factor136" -> "]150"
	"Power_prime151" [label="Power_prime"]
	"Power135" -> "Power_prime151"
	"e152" [label="e"]
	"Power_prime151" -> "e152"
	"Term_prime153" [label="Term_prime"]
	"Term134" -> "Term_prime153"
	"e154" [label="e"]
	"Term_prime153" -> "e154"
	"Expression_prime155" [label="Expression_prime"]
	"Expression133" -> "Expression_prime155"
	"e156" [label="e"]
	"Expression_prime155" -> "e156"
	"Start157" [label="Start"]
	"Start129" -> "Start157"
	"Statement158" [label="Statement"]
	"Start157" -> "Statement158"
	"Print159" [label="Print"]
	"Statement158" -> "Print159"
	"print160" [label="print",style=filled,fillcolor=powderblue]
	"Print159" -> "print160"
	"Expression161" [label="Expression"]
	"Print159" -> "Expression161"
	"Term162" [label="Term"]
	"Expression161" -> "Term162"
	"Power163" [label="Power"]
	"Term162" -> "Power163"
	"Factor164" [label="Factor"]
	"Power163" -> "Factor164"
	"m165" [label="m",style=filled,fillcolor=powderblue]
	"Factor164" -> "m165"
	"[166" [label="[",style=filled,fillcolor=powderblue]
	"Factor164" -> "[166"
	"Expression167" [label="Expression"]
	"Factor164" -> "Expression167"
	"Term168" [label="Term"]
	"Expression167" -> "Term168"
	"Power169" [label="Power"]
	"Term168" -> "Power169"
	"Factor170" [label="Factor"]
	"Power169" -> "Factor170"
	"num171" [label="num",style=filled,fillcolor=powderblue]
	"Factor170" -> "num171"
	"Power_prime172" [label="Power_prime"]
	"Power169" -> "Power_prime172"
	"e173" [label="e"]
	"Power_prime172" -> "e173"
	"Term_prime174" [label="Term_prime"]
	"Term168" -> "Term_prime174"
	"e175" [label="e"]
	"Term_prime174" -> "e175"
	"Expression_prime176" [label="Expression_prime"]
	"Expression167" -> "Expression_prime176"
	"e177" [label="e"]
	"Expression_prime176" -> "e177"
	"]178" [label="]",style=filled,fillcolor=powderblue]
	"Factor164" -> "]178"
	"Power_prime179" [label="Power_prime"]
	"Power163" -> "Power_prime179"
	"e180" [label="e"]
	"Power_prime179" -> "e180"
	"Term_prime181" [label="Term_prime"]
	"Term162" -> "Term_prime181"
	"e182" [label="e"]
	"Term_prime181" -> "e182"
	"Expression_prime183" [label="Expression_prime"]
	"Expression161" -> "Expression_prime183"
	"e184" [label="e"]
	"Expression_prime183" -> "e184"
	"Start185" [label="Start"]
	"Start157" -> "Start185"
	"Statement186" [label="Statement"]
	"Start185" -> "Statement186"
	"Print187" [label="Print"]
	"Statement186" -> "Print187"
	"print188" [label="print",style=filled,fillcolor=powderblue]
	"Print187" -> "print188"
	"Expression189" [label="Expression"]
	"Print187" -> "Expression189"
	"Term190" [label="Term"]
	"Expression189" -> "Term190"
	"Power191" [label="Power"]
	"Term190" -> "Power191"
	"Factor192" [label="Factor"]
	"Power191" -> "Factor192"
	"m193" [label="m",style=filled,fillcolor=powderblue]
	"Factor192" -> "m193"
	"[194" [label="[",style=filled,fillcolor=powderblue]
	"Factor192" -> "[194"
	"Expression195" [label="Expression"]
	"Factor192" -> "Expression195"
	"Term196" [label="Term"]
	"Expression195" -> "Term196"
	"Power197" [label="Power"]
	"Term196" -> "Power197"
	"Factor198" [label="Factor"]
	"Power197" -> "Factor198"
	"num199" [label="num",style=filled,fillcolor=powderblue]
	"Factor198" -> "num199"
	"Power_prime200" [label="Power_prime"]
	"Power197" -> "Power_prime200"
	"e201" [label="e"]
	"Power_prime200" -> "e201"
	"Term_prime202" [label="Term_prime"]
	"Term196" -> "Term_prime202"
	"e203" [label="e"]
	"Term_prime202" -> "e203"
	"Expression_prime204" [label="Expression_prime"]
	"Expression195" -> "Expression_prime204"
	"e205" [label="e"]
	"Expression_prime204" -> "e205"
	"]206" [label="]",style=filled,fillcolor=powderblue]
	"Factor192" -> "]206"
	"Power_prime207" [label="Power_prime"]
	"Power191" -> "Power_prime207"
	"e208" [label="e"]
	"Power_prime207" -> "e208"
	"Term_prime209" [label="Term_prime"]
	"Term190" -> "Term_prime209"
	"e210" [label="e"]
	"Term_prime209" -> "e210"
	"Expression_prime211" [label="Expression_prime"]
	"Expression189" -> "Expression_prime211"
	"e212" [label="e"]
	"Expression_prime211" -> "e212"
	"Start213" [label="Start"]
	"Start185" -> "Start213"
	"e214" [label="e"]
	"Start213" -> "e214"
};
