digraph G {
	"Start1" [label="Start"]
	"Statement2" [label="Statement"]
	"Start1" -> "Statement2"
	"Assignment3" [label="Assignment"]
	"Statement2" -> "Assignment3"
	"m4" [label="m",style=filled,fillcolor=powderblue]
	"Assignment3" -> "m4"
	"[5" [label="[",style=filled,fillcolor=powderblue]
	"Assignment3" -> "[5"
	"Expression6" [label="Expression"]
	"Assignment3" -> "Expression6"
	"Term7" [label="Term"]
	"Expression6" -> "Term7"
	"Power8" [label="Power"]
	"Term7" -> "Power8"
	"Factor9" [label="Factor"]
	"Power8" -> "Factor9"
	"num10" [label="num",style=filled,fillcolor=powderblue]
	"Factor9" -> "num10"
	"Power_prime11" [label="Power_prime"]
	"Power8" -> "Power_prime11"
	"e12" [label="e"]
	"Power_prime11" -> "e12"
	"Term_prime13" [label="Term_prime"]
	"Term7" -> "Term_prime13"
	"e14" [label="e"]
	"Term_prime13" -> "e14"
	"Expression_prime15" [label="Expression_prime"]
	"Expression6" -> "Expression_prime15"
	"e16" [label="e"]
	"Expression_prime15" -> "e16"
	"]17" [label="]",style=filled,fillcolor=powderblue]
	"Assignment3" -> "]17"
	"=18" [label="=",style=filled,fillcolor=powderblue]
	"Assignment3" -> "=18"
	"Expression19" [label="Expression"]
	"Assignment3" -> "Expression19"
	"Term20" [label="Term"]
	"Expression19" -> "Term20"
	"Power21" [label="Power"]
	"Term20" -> "Power21"
	"Factor22" [label="Factor"]
	"Power21" -> "Factor22"
	"num23" [label="num",style=filled,fillcolor=powderblue]
	"Factor22" -> "num23"
	"Power_prime24" [label="Power_prime"]
	"Power21" -> "Power_prime24"
	"e25" [label="e"]
	"Power_prime24" -> "e25"
	"Term_prime26" [label="Term_prime"]
	"Term20" -> "Term_prime26"
	"/27" [label="/",style=filled,fillcolor=powderblue]
	"Term_prime26" -> "/27"
	"num28" [label="num",style=filled,fillcolor=powderblue]
	"Term_prime26" -> "num28"
	"Term_prime29" [label="Term_prime"]
	"Term_prime26" -> "Term_prime29"
	"*30" [label="*",style=filled,fillcolor=powderblue]
	"Term_prime29" -> "*30"
	"num31" [label="num",style=filled,fillcolor=powderblue]
	"Term_prime29" -> "num31"
	"Term_prime32" [label="Term_prime"]
	"Term_prime29" -> "Term_prime32"
	"e33" [label="e"]
	"Term_prime32" -> "e33"
	"Expression_prime34" [label="Expression_prime"]
	"Expression19" -> "Expression_prime34"
	"e35" [label="e"]
	"Expression_prime34" -> "e35"
	"Start36" [label="Start"]
	"Start1" -> "Start36"
	"Statement37" [label="Statement"]
	"Start36" -> "Statement37"
	"Assignment38" [label="Assignment"]
	"Statement37" -> "Assignment38"
	"m39" [label="m",style=filled,fillcolor=powderblue]
	"Assignment38" -> "m39"
	"[40" [label="[",style=filled,fillcolor=powderblue]
	"Assignment38" -> "[40"
	"Expression41" [label="Expression"]
	"Assignment38" -> "Expression41"
	"Term42" [label="Term"]
	"Expression41" -> "Term42"
	"Power43" [label="Power"]
	"Term42" -> "Power43"
	"Factor44" [label="Factor"]
	"Power43" -> "Factor44"
	"num45" [label="num",style=filled,fillcolor=powderblue]
	"Factor44" -> "num45"
	"Power_prime46" [label="Power_prime"]
	"Power43" -> "Power_prime46"
	"e47" [label="e"]
	"Power_prime46" -> "e47"
	"Term_prime48" [label="Term_prime"]
	"Term42" -> "Term_prime48"
	"e49" [label="e"]
	"Term_prime48" -> "e49"
	"Expression_prime50" [label="Expression_prime"]
	"Expression41" -> "Expression_prime50"
	"e51" [label="e"]
	"Expression_prime50" -> "e51"
	"]52" [label="]",style=filled,fillcolor=powderblue]
	"Assignment38" -> "]52"
	"=53" [label="=",style=filled,fillcolor=powderblue]
	"Assignment38" -> "=53"
	"Expression54" [label="Expression"]
	"Assignment38" -> "Expression54"
	"Term55" [label="Term"]
	"Expression54" -> "Term55"
	"Power56" [label="Power"]
	"Term55" -> "Power56"
	"Factor57" [label="Factor"]
	"Power56" -> "Factor57"
	"num58" [label="num",style=filled,fillcolor=powderblue]
	"Factor57" -> "num58"
	"Power_prime59" [label="Power_prime"]
	"Power56" -> "Power_prime59"
	"e60" [label="e"]
	"Power_prime59" -> "e60"
	"Term_prime61" [label="Term_prime"]
	"Term55" -> "Term_prime61"
	"/62" [label="/",style=filled,fillcolor=powderblue]
	"Term_prime61" -> "/62"
	"num63" [label="num",style=filled,fillcolor=powderblue]
	"Term_prime61" -> "num63"
	"Term_prime64" [label="Term_prime"]
	"Term_prime61" -> "Term_prime64"
	"*65" [label="*",style=filled,fillcolor=powderblue]
	"Term_prime64" -> "*65"
	"num66" [label="num",style=filled,fillcolor=powderblue]
	"Term_prime64" -> "num66"
	"Term_prime67" [label="Term_prime"]
	"Term_prime64" -> "Term_prime67"
	"e68" [label="e"]
	"Term_prime67" -> "e68"
	"Expression_prime69" [label="Expression_prime"]
	"Expression54" -> "Expression_prime69"
	"e70" [label="e"]
	"Expression_prime69" -> "e70"
	"Start71" [label="Start"]
	"Start36" -> "Start71"
	"Statement72" [label="Statement"]
	"Start71" -> "Statement72"
	"Print73" [label="Print"]
	"Statement72" -> "Print73"
	"print74" [label="print",style=filled,fillcolor=powderblue]
	"Print73" -> "print74"
	"Expression75" [label="Expression"]
	"Print73" -> "Expression75"
	"Term76" [label="Term"]
	"Expression75" -> "Term76"
	"Power77" [label="Power"]
	"Term76" -> "Power77"
	"Factor78" [label="Factor"]
	"Power77" -> "Factor78"
	"m79" [label="m",style=filled,fillcolor=powderblue]
	"Factor78" -> "m79"
	"[80" [label="[",style=filled,fillcolor=powderblue]
	"Factor78" -> "[80"
	"Expression81" [label="Expression"]
	"Factor78" -> "Expression81"
	"Term82" [label="Term"]
	"Expression81" -> "Term82"
	"Power83" [label="Power"]
	"Term82" -> "Power83"
	"Factor84" [label="Factor"]
	"Power83" -> "Factor84"
	"num85" [label="num",style=filled,fillcolor=powderblue]
	"Factor84" -> "num85"
	"Power_prime86" [label="Power_prime"]
	"Power83" -> "Power_prime86"
	"e87" [label="e"]
	"Power_prime86" -> "e87"
	"Term_prime88" [label="Term_prime"]
	"Term82" -> "Term_prime88"
	"e89" [label="e"]
	"Term_prime88" -> "e89"
	"Expression_prime90" [label="Expression_prime"]
	"Expression81" -> "Expression_prime90"
	"e91" [label="e"]
	"Expression_prime90" -> "e91"
	"]92" [label="]",style=filled,fillcolor=powderblue]
	"Factor78" -> "]92"
	"Power_prime93" [label="Power_prime"]
	"Power77" -> "Power_prime93"
	"e94" [label="e"]
	"Power_prime93" -> "e94"
	"Term_prime95" [label="Term_prime"]
	"Term76" -> "Term_prime95"
	"e96" [label="e"]
	"Term_prime95" -> "e96"
	"Expression_prime97" [label="Expression_prime"]
	"Expression75" -> "Expression_prime97"
	"e98" [label="e"]
	"Expression_prime97" -> "e98"
	"Start99" [label="Start"]
	"Start71" -> "Start99"
	"Statement100" [label="Statement"]
	"Start99" -> "Statement100"
	"Jump101" [label="Jump"]
	"Statement100" -> "Jump101"
	"goto102" [label="goto",style=filled,fillcolor=powderblue]
	"Jump101" -> "goto102"
	"num103" [label="num",style=filled,fillcolor=powderblue]
	"Jump101" -> "num103"
	"if104" [label="if",style=filled,fillcolor=powderblue]
	"Jump101" -> "if104"
	"Expression105" [label="Expression"]
	"Jump101" -> "Expression105"
	"Term106" [label="Term"]
	"Expression105" -> "Term106"
	"Power107" [label="Power"]
	"Term106" -> "Power107"
	"Factor108" [label="Factor"]
	"Power107" -> "Factor108"
	"m109" [label="m",style=filled,fillcolor=powderblue]
	"Factor108" -> "m109"
	"[110" [label="[",style=filled,fillcolor=powderblue]
	"Factor108" -> "[110"
	"Expression111" [label="Expression"]
	"Factor108" -> "Expression111"
	"Term112" [label="Term"]
	"Expression111" -> "Term112"
	"Power113" [label="Power"]
	"Term112" -> "Power113"
	"Factor114" [label="Factor"]
	"Power113" -> "Factor114"
	"num115" [label="num",style=filled,fillcolor=powderblue]
	"Factor114" -> "num115"
	"Power_prime116" [label="Power_prime"]
	"Power113" -> "Power_prime116"
	"e117" [label="e"]
	"Power_prime116" -> "e117"
	"Term_prime118" [label="Term_prime"]
	"Term112" -> "Term_prime118"
	"e119" [label="e"]
	"Term_prime118" -> "e119"
	"Expression_prime120" [label="Expression_prime"]
	"Expression111" -> "Expression_prime120"
	"e121" [label="e"]
	"Expression_prime120" -> "e121"
	"]122" [label="]",style=filled,fillcolor=powderblue]
	"Factor108" -> "]122"
	"Power_prime123" [label="Power_prime"]
	"Power107" -> "Power_prime123"
	"e124" [label="e"]
	"Power_prime123" -> "e124"
	"Term_prime125" [label="Term_prime"]
	"Term106" -> "Term_prime125"
	"e126" [label="e"]
	"Term_prime125" -> "e126"
	"Expression_prime127" [label="Expression_prime"]
	"Expression105" -> "Expression_prime127"
	"e128" [label="e"]
	"Expression_prime127" -> "e128"
	"Start129" [label="Start"]
	"Start99" -> "Start129"
	"Statement130" [label="Statement"]
	"Start129" -> "Statement130"
	"Jump131" [label="Jump"]
	"Statement130" -> "Jump131"
	"goto132" [label="goto",style=filled,fillcolor=powderblue]
	"Jump131" -> "goto132"
	"num133" [label="num",style=filled,fillcolor=powderblue]
	"Jump131" -> "num133"
	"Start134" [label="Start"]
	"Start129" -> "Start134"
	"Statement135" [label="Statement"]
	"Start134" -> "Statement135"
	"Label136" [label="Label"]
	"Statement135" -> "Label136"
	"L137" [label="L",style=filled,fillcolor=powderblue]
	"Label136" -> "L137"
	"num138" [label="num",style=filled,fillcolor=powderblue]
	"Label136" -> "num138"
	":139" [label=":",style=filled,fillcolor=powderblue]
	"Label136" -> ":139"
	"Start140" [label="Start"]
	"Start134" -> "Start140"
	"Statement141" [label="Statement"]
	"Start140" -> "Statement141"
	"Assignment142" [label="Assignment"]
	"Statement141" -> "Assignment142"
	"m143" [label="m",style=filled,fillcolor=powderblue]
	"Assignment142" -> "m143"
	"[144" [label="[",style=filled,fillcolor=powderblue]
	"Assignment142" -> "[144"
	"Expression145" [label="Expression"]
	"Assignment142" -> "Expression145"
	"Term146" [label="Term"]
	"Expression145" -> "Term146"
	"Power147" [label="Power"]
	"Term146" -> "Power147"
	"Factor148" [label="Factor"]
	"Power147" -> "Factor148"
	"num149" [label="num",style=filled,fillcolor=powderblue]
	"Factor148" -> "num149"
	"Power_prime150" [label="Power_prime"]
	"Power147" -> "Power_prime150"
	"e151" [label="e"]
	"Power_prime150" -> "e151"
	"Term_prime152" [label="Term_prime"]
	"Term146" -> "Term_prime152"
	"e153" [label="e"]
	"Term_prime152" -> "e153"
	"Expression_prime154" [label="Expression_prime"]
	"Expression145" -> "Expression_prime154"
	"e155" [label="e"]
	"Expression_prime154" -> "e155"
	"]156" [label="]",style=filled,fillcolor=powderblue]
	"Assignment142" -> "]156"
	"=157" [label="=",style=filled,fillcolor=powderblue]
	"Assignment142" -> "=157"
	"Expression158" [label="Expression"]
	"Assignment142" -> "Expression158"
	"Term159" [label="Term"]
	"Expression158" -> "Term159"
	"Power160" [label="Power"]
	"Term159" -> "Power160"
	"Factor161" [label="Factor"]
	"Power160" -> "Factor161"
	"num162" [label="num",style=filled,fillcolor=powderblue]
	"Factor161" -> "num162"
	"Power_prime163" [label="Power_prime"]
	"Power160" -> "Power_prime163"
	"e164" [label="e"]
	"Power_prime163" -> "e164"
	"Term_prime165" [label="Term_prime"]
	"Term159" -> "Term_prime165"
	"e166" [label="e"]
	"Term_prime165" -> "e166"
	"Expression_prime167" [label="Expression_prime"]
	"Expression158" -> "Expression_prime167"
	"-168" [label="-",style=filled,fillcolor=powderblue]
	"Expression_prime167" -> "-168"
	"Term169" [label="Term"]
	"Expression_prime167" -> "Term169"
	"Power170" [label="Power"]
	"Term169" -> "Power170"
	"Factor171" [label="Factor"]
	"Power170" -> "Factor171"
	"(172" [label="(",style=filled,fillcolor=powderblue]
	"Factor171" -> "(172"
	"Expression173" [label="Expression"]
	"Factor171" -> "Expression173"
	"Term174" [label="Term"]
	"Expression173" -> "Term174"
	"Power175" [label="Power"]
	"Term174" -> "Power175"
	"Factor176" [label="Factor"]
	"Power175" -> "Factor176"
	"m177" [label="m",style=filled,fillcolor=powderblue]
	"Factor176" -> "m177"
	"[178" [label="[",style=filled,fillcolor=powderblue]
	"Factor176" -> "[178"
	"Expression179" [label="Expression"]
	"Factor176" -> "Expression179"
	"Term180" [label="Term"]
	"Expression179" -> "Term180"
	"Power181" [label="Power"]
	"Term180" -> "Power181"
	"Factor182" [label="Factor"]
	"Power181" -> "Factor182"
	"num183" [label="num",style=filled,fillcolor=powderblue]
	"Factor182" -> "num183"
	"Power_prime184" [label="Power_prime"]
	"Power181" -> "Power_prime184"
	"e185" [label="e"]
	"Power_prime184" -> "e185"
	"Term_prime186" [label="Term_prime"]
	"Term180" -> "Term_prime186"
	"e187" [label="e"]
	"Term_prime186" -> "e187"
	"Expression_prime188" [label="Expression_prime"]
	"Expression179" -> "Expression_prime188"
	"e189" [label="e"]
	"Expression_prime188" -> "e189"
	"]190" [label="]",style=filled,fillcolor=powderblue]
	"Factor176" -> "]190"
	"Power_prime191" [label="Power_prime"]
	"Power175" -> "Power_prime191"
	"e192" [label="e"]
	"Power_prime191" -> "e192"
	"Term_prime193" [label="Term_prime"]
	"Term174" -> "Term_prime193"
	"e194" [label="e"]
	"Term_prime193" -> "e194"
	"Expression_prime195" [label="Expression_prime"]
	"Expression173" -> "Expression_prime195"
	"-196" [label="-",style=filled,fillcolor=powderblue]
	"Expression_prime195" -> "-196"
	"Term197" [label="Term"]
	"Expression_prime195" -> "Term197"
	"Power198" [label="Power"]
	"Term197" -> "Power198"
	"Factor199" [label="Factor"]
	"Power198" -> "Factor199"
	"num200" [label="num",style=filled,fillcolor=powderblue]
	"Factor199" -> "num200"
	"Power_prime201" [label="Power_prime"]
	"Power198" -> "Power_prime201"
	"**202" [label="**",style=filled,fillcolor=powderblue]
	"Power_prime201" -> "**202"
	"Factor203" [label="Factor"]
	"Power_prime201" -> "Factor203"
	"num204" [label="num",style=filled,fillcolor=powderblue]
	"Factor203" -> "num204"
	"Power_prime205" [label="Power_prime"]
	"Power_prime201" -> "Power_prime205"
	"e206" [label="e"]
	"Power_prime205" -> "e206"
	"Term_prime207" [label="Term_prime"]
	"Term197" -> "Term_prime207"
	"e208" [label="e"]
	"Term_prime207" -> "e208"
	"Expression_prime209" [label="Expression_prime"]
	"Expression_prime195" -> "Expression_prime209"
	"e210" [label="e"]
	"Expression_prime209" -> "e210"
	")211" [label=")",style=filled,fillcolor=powderblue]
	"Factor171" -> ")211"
	"Power_prime212" [label="Power_prime"]
	"Power170" -> "Power_prime212"
	"e213" [label="e"]
	"Power_prime212" -> "e213"
	"Term_prime214" [label="Term_prime"]
	"Term169" -> "Term_prime214"
	"e215" [label="e"]
	"Term_prime214" -> "e215"
	"Expression_prime216" [label="Expression_prime"]
	"Expression_prime167" -> "Expression_prime216"
	"e217" [label="e"]
	"Expression_prime216" -> "e217"
	"Start218" [label="Start"]
	"Start140" -> "Start218"
	"Statement219" [label="Statement"]
	"Start218" -> "Statement219"
	"Label220" [label="Label"]
	"Statement219" -> "Label220"
	"L221" [label="L",style=filled,fillcolor=powderblue]
	"Label220" -> "L221"
	"num222" [label="num",style=filled,fillcolor=powderblue]
	"Label220" -> "num222"
	":223" [label=":",style=filled,fillcolor=powderblue]
	"Label220" -> ":223"
	"Start224" [label="Start"]
	"Start218" -> "Start224"
	"Statement225" [label="Statement"]
	"Start224" -> "Statement225"
	"Assignment226" [label="Assignment"]
	"Statement225" -> "Assignment226"
	"m227" [label="m",style=filled,fillcolor=powderblue]
	"Assignment226" -> "m227"
	"[228" [label="[",style=filled,fillcolor=powderblue]
	"Assignment226" -> "[228"
	"Expression229" [label="Expression"]
	"Assignment226" -> "Expression229"
	"Term230" [label="Term"]
	"Expression229" -> "Term230"
	"Power231" [label="Power"]
	"Term230" -> "Power231"
	"Factor232" [label="Factor"]
	"Power231" -> "Factor232"
	"num233" [label="num",style=filled,fillcolor=powderblue]
	"Factor232" -> "num233"
	"Power_prime234" [label="Power_prime"]
	"Power231" -> "Power_prime234"
	"e235" [label="e"]
	"Power_prime234" -> "e235"
	"Term_prime236" [label="Term_prime"]
	"Term230" -> "Term_prime236"
	"e237" [label="e"]
	"Term_prime236" -> "e237"
	"Expression_prime238" [label="Expression_prime"]
	"Expression229" -> "Expression_prime238"
	"e239" [label="e"]
	"Expression_prime238" -> "e239"
	"]240" [label="]",style=filled,fillcolor=powderblue]
	"Assignment226" -> "]240"
	"=241" [label="=",style=filled,fillcolor=powderblue]
	"Assignment226" -> "=241"
	"Expression242" [label="Expression"]
	"Assignment226" -> "Expression242"
	"Term243" [label="Term"]
	"Expression242" -> "Term243"
	"Power244" [label="Power"]
	"Term243" -> "Power244"
	"Factor245" [label="Factor"]
	"Power244" -> "Factor245"
	"num246" [label="num",style=filled,fillcolor=powderblue]
	"Factor245" -> "num246"
	"Power_prime247" [label="Power_prime"]
	"Power244" -> "Power_prime247"
	"e248" [label="e"]
	"Power_prime247" -> "e248"
	"Term_prime249" [label="Term_prime"]
	"Term243" -> "Term_prime249"
	"e250" [label="e"]
	"Term_prime249" -> "e250"
	"Expression_prime251" [label="Expression_prime"]
	"Expression242" -> "Expression_prime251"
	"-252" [label="-",style=filled,fillcolor=powderblue]
	"Expression_prime251" -> "-252"
	"Term253" [label="Term"]
	"Expression_prime251" -> "Term253"
	"Power254" [label="Power"]
	"Term253" -> "Power254"
	"Factor255" [label="Factor"]
	"Power254" -> "Factor255"
	"(256" [label="(",style=filled,fillcolor=powderblue]
	"Factor255" -> "(256"
	"Expression257" [label="Expression"]
	"Factor255" -> "Expression257"
	"Term258" [label="Term"]
	"Expression257" -> "Term258"
	"Power259" [label="Power"]
	"Term258" -> "Power259"
	"Factor260" [label="Factor"]
	"Power259" -> "Factor260"
	"m261" [label="m",style=filled,fillcolor=powderblue]
	"Factor260" -> "m261"
	"[262" [label="[",style=filled,fillcolor=powderblue]
	"Factor260" -> "[262"
	"Expression263" [label="Expression"]
	"Factor260" -> "Expression263"
	"Term264" [label="Term"]
	"Expression263" -> "Term264"
	"Power265" [label="Power"]
	"Term264" -> "Power265"
	"Factor266" [label="Factor"]
	"Power265" -> "Factor266"
	"num267" [label="num",style=filled,fillcolor=powderblue]
	"Factor266" -> "num267"
	"Power_prime268" [label="Power_prime"]
	"Power265" -> "Power_prime268"
	"e269" [label="e"]
	"Power_prime268" -> "e269"
	"Term_prime270" [label="Term_prime"]
	"Term264" -> "Term_prime270"
	"e271" [label="e"]
	"Term_prime270" -> "e271"
	"Expression_prime272" [label="Expression_prime"]
	"Expression263" -> "Expression_prime272"
	"e273" [label="e"]
	"Expression_prime272" -> "e273"
	"]274" [label="]",style=filled,fillcolor=powderblue]
	"Factor260" -> "]274"
	"Power_prime275" [label="Power_prime"]
	"Power259" -> "Power_prime275"
	"e276" [label="e"]
	"Power_prime275" -> "e276"
	"Term_prime277" [label="Term_prime"]
	"Term258" -> "Term_prime277"
	"e278" [label="e"]
	"Term_prime277" -> "e278"
	"Expression_prime279" [label="Expression_prime"]
	"Expression257" -> "Expression_prime279"
	"-280" [label="-",style=filled,fillcolor=powderblue]
	"Expression_prime279" -> "-280"
	"Term281" [label="Term"]
	"Expression_prime279" -> "Term281"
	"Power282" [label="Power"]
	"Term281" -> "Power282"
	"Factor283" [label="Factor"]
	"Power282" -> "Factor283"
	"num284" [label="num",style=filled,fillcolor=powderblue]
	"Factor283" -> "num284"
	"Power_prime285" [label="Power_prime"]
	"Power282" -> "Power_prime285"
	"e286" [label="e"]
	"Power_prime285" -> "e286"
	"Term_prime287" [label="Term_prime"]
	"Term281" -> "Term_prime287"
	"e288" [label="e"]
	"Term_prime287" -> "e288"
	"Expression_prime289" [label="Expression_prime"]
	"Expression_prime279" -> "Expression_prime289"
	"e290" [label="e"]
	"Expression_prime289" -> "e290"
	")291" [label=")",style=filled,fillcolor=powderblue]
	"Factor255" -> ")291"
	"Power_prime292" [label="Power_prime"]
	"Power254" -> "Power_prime292"
	"e293" [label="e"]
	"Power_prime292" -> "e293"
	"Term_prime294" [label="Term_prime"]
	"Term253" -> "Term_prime294"
	"e295" [label="e"]
	"Term_prime294" -> "e295"
	"Expression_prime296" [label="Expression_prime"]
	"Expression_prime251" -> "Expression_prime296"
	"e297" [label="e"]
	"Expression_prime296" -> "e297"
	"Start298" [label="Start"]
	"Start224" -> "Start298"
	"Statement299" [label="Statement"]
	"Start298" -> "Statement299"
	"Print300" [label="Print"]
	"Statement299" -> "Print300"
	"print301" [label="print",style=filled,fillcolor=powderblue]
	"Print300" -> "print301"
	"Expression302" [label="Expression"]
	"Print300" -> "Expression302"
	"Term303" [label="Term"]
	"Expression302" -> "Term303"
	"Power304" [label="Power"]
	"Term303" -> "Power304"
	"Factor305" [label="Factor"]
	"Power304" -> "Factor305"
	"m306" [label="m",style=filled,fillcolor=powderblue]
	"Factor305" -> "m306"
	"[307" [label="[",style=filled,fillcolor=powderblue]
	"Factor305" -> "[307"
	"Expression308" [label="Expression"]
	"Factor305" -> "Expression308"
	"Term309" [label="Term"]
	"Expression308" -> "Term309"
	"Power310" [label="Power"]
	"Term309" -> "Power310"
	"Factor311" [label="Factor"]
	"Power310" -> "Factor311"
	"num312" [label="num",style=filled,fillcolor=powderblue]
	"Factor311" -> "num312"
	"Power_prime313" [label="Power_prime"]
	"Power310" -> "Power_prime313"
	"e314" [label="e"]
	"Power_prime313" -> "e314"
	"Term_prime315" [label="Term_prime"]
	"Term309" -> "Term_prime315"
	"e316" [label="e"]
	"Term_prime315" -> "e316"
	"Expression_prime317" [label="Expression_prime"]
	"Expression308" -> "Expression_prime317"
	"e318" [label="e"]
	"Expression_prime317" -> "e318"
	"]319" [label="]",style=filled,fillcolor=powderblue]
	"Factor305" -> "]319"
	"Power_prime320" [label="Power_prime"]
	"Power304" -> "Power_prime320"
	"e321" [label="e"]
	"Power_prime320" -> "e321"
	"Term_prime322" [label="Term_prime"]
	"Term303" -> "Term_prime322"
	"e323" [label="e"]
	"Term_prime322" -> "e323"
	"Expression_prime324" [label="Expression_prime"]
	"Expression302" -> "Expression_prime324"
	"e325" [label="e"]
	"Expression_prime324" -> "e325"
	"Start326" [label="Start"]
	"Start298" -> "Start326"
	"Statement327" [label="Statement"]
	"Start326" -> "Statement327"
	"Print328" [label="Print"]
	"Statement327" -> "Print328"
	"print329" [label="print",style=filled,fillcolor=powderblue]
	"Print328" -> "print329"
	"Expression330" [label="Expression"]
	"Print328" -> "Expression330"
	"Term331" [label="Term"]
	"Expression330" -> "Term331"
	"Power332" [label="Power"]
	"Term331" -> "Power332"
	"Factor333" [label="Factor"]
	"Power332" -> "Factor333"
	"m334" [label="m",style=filled,fillcolor=powderblue]
	"Factor333" -> "m334"
	"[335" [label="[",style=filled,fillcolor=powderblue]
	"Factor333" -> "[335"
	"Expression336" [label="Expression"]
	"Factor333" -> "Expression336"
	"Term337" [label="Term"]
	"Expression336" -> "Term337"
	"Power338" [label="Power"]
	"Term337" -> "Power338"
	"Factor339" [label="Factor"]
	"Power338" -> "Factor339"
	"num340" [label="num",style=filled,fillcolor=powderblue]
	"Factor339" -> "num340"
	"Power_prime341" [label="Power_prime"]
	"Power338" -> "Power_prime341"
	"e342" [label="e"]
	"Power_prime341" -> "e342"
	"Term_prime343" [label="Term_prime"]
	"Term337" -> "Term_prime343"
	"e344" [label="e"]
	"Term_prime343" -> "e344"
	"Expression_prime345" [label="Expression_prime"]
	"Expression336" -> "Expression_prime345"
	"e346" [label="e"]
	"Expression_prime345" -> "e346"
	"]347" [label="]",style=filled,fillcolor=powderblue]
	"Factor333" -> "]347"
	"Power_prime348" [label="Power_prime"]
	"Power332" -> "Power_prime348"
	"e349" [label="e"]
	"Power_prime348" -> "e349"
	"Term_prime350" [label="Term_prime"]
	"Term331" -> "Term_prime350"
	"e351" [label="e"]
	"Term_prime350" -> "e351"
	"Expression_prime352" [label="Expression_prime"]
	"Expression330" -> "Expression_prime352"
	"e353" [label="e"]
	"Expression_prime352" -> "e353"
	"Start354" [label="Start"]
	"Start326" -> "Start354"
	"Statement355" [label="Statement"]
	"Start354" -> "Statement355"
	"Print356" [label="Print"]
	"Statement355" -> "Print356"
	"print357" [label="print",style=filled,fillcolor=powderblue]
	"Print356" -> "print357"
	"Expression358" [label="Expression"]
	"Print356" -> "Expression358"
	"Term359" [label="Term"]
	"Expression358" -> "Term359"
	"Power360" [label="Power"]
	"Term359" -> "Power360"
	"Factor361" [label="Factor"]
	"Power360" -> "Factor361"
	"m362" [label="m",style=filled,fillcolor=powderblue]
	"Factor361" -> "m362"
	"[363" [label="[",style=filled,fillcolor=powderblue]
	"Factor361" -> "[363"
	"Expression364" [label="Expression"]
	"Factor361" -> "Expression364"
	"Term365" [label="Term"]
	"Expression364" -> "Term365"
	"Power366" [label="Power"]
	"Term365" -> "Power366"
	"Factor367" [label="Factor"]
	"Power366" -> "Factor367"
	"num368" [label="num",style=filled,fillcolor=powderblue]
	"Factor367" -> "num368"
	"Power_prime369" [label="Power_prime"]
	"Power366" -> "Power_prime369"
	"e370" [label="e"]
	"Power_prime369" -> "e370"
	"Term_prime371" [label="Term_prime"]
	"Term365" -> "Term_prime371"
	"e372" [label="e"]
	"Term_prime371" -> "e372"
	"Expression_prime373" [label="Expression_prime"]
	"Expression364" -> "Expression_prime373"
	"e374" [label="e"]
	"Expression_prime373" -> "e374"
	"]375" [label="]",style=filled,fillcolor=powderblue]
	"Factor361" -> "]375"
	"Power_prime376" [label="Power_prime"]
	"Power360" -> "Power_prime376"
	"e377" [label="e"]
	"Power_prime376" -> "e377"
	"Term_prime378" [label="Term_prime"]
	"Term359" -> "Term_prime378"
	"e379" [label="e"]
	"Term_prime378" -> "e379"
	"Expression_prime380" [label="Expression_prime"]
	"Expression358" -> "Expression_prime380"
	"e381" [label="e"]
	"Expression_prime380" -> "e381"
	"Start382" [label="Start"]
	"Start354" -> "Start382"
	"e383" [label="e"]
	"Start382" -> "e383"
};
