digraph G {
	"Start1" [label="Start"]
	"Statements2" [label="Statements"]
	"Start1" -> "Statements2"
	"Statement3" [label="Statement"]
	"Statements2" -> "Statement3"
	"Assignment4" [label="Assignment"]
	"Statement3" -> "Assignment4"
	"m5" [label="m",style=filled,fillcolor=powderblue]
	"Assignment4" -> "m5"
	"[6" [label="[",style=filled,fillcolor=powderblue]
	"Assignment4" -> "[6"
	"Expression7" [label="Expression"]
	"Assignment4" -> "Expression7"
	"Term8" [label="Term"]
	"Expression7" -> "Term8"
	"Factor9" [label="Factor"]
	"Term8" -> "Factor9"
	"Paren10" [label="Paren"]
	"Factor9" -> "Paren10"
	"Mem11" [label="Mem"]
	"Paren10" -> "Mem11"
	"Number12" [label="Number"]
	"Mem11" -> "Number12"
	"num13" [label="num",style=filled,fillcolor=powderblue]
	"Number12" -> "num13"
	"Factor214" [label="Factor2"]
	"Factor9" -> "Factor214"
	"e15" [label="e"]
	"Factor214" -> "e15"
	"Term216" [label="Term2"]
	"Term8" -> "Term216"
	"e17" [label="e"]
	"Term216" -> "e17"
	"Expression218" [label="Expression2"]
	"Expression7" -> "Expression218"
	"e19" [label="e"]
	"Expression218" -> "e19"
	"]20" [label="]",style=filled,fillcolor=powderblue]
	"Assignment4" -> "]20"
	"=21" [label="=",style=filled,fillcolor=powderblue]
	"Assignment4" -> "=21"
	"Expression22" [label="Expression"]
	"Assignment4" -> "Expression22"
	"Term23" [label="Term"]
	"Expression22" -> "Term23"
	"Factor24" [label="Factor"]
	"Term23" -> "Factor24"
	"Paren25" [label="Paren"]
	"Factor24" -> "Paren25"
	"Mem26" [label="Mem"]
	"Paren25" -> "Mem26"
	"Number27" [label="Number"]
	"Mem26" -> "Number27"
	"num28" [label="num",style=filled,fillcolor=powderblue]
	"Number27" -> "num28"
	"Factor229" [label="Factor2"]
	"Factor24" -> "Factor229"
	"e30" [label="e"]
	"Factor229" -> "e30"
	"Term231" [label="Term2"]
	"Term23" -> "Term231"
	"e32" [label="e"]
	"Term231" -> "e32"
	"Expression233" [label="Expression2"]
	"Expression22" -> "Expression233"
	"+34" [label="+",style=filled,fillcolor=powderblue]
	"Expression233" -> "+34"
	"Term35" [label="Term"]
	"Expression233" -> "Term35"
	"Factor36" [label="Factor"]
	"Term35" -> "Factor36"
	"Paren37" [label="Paren"]
	"Factor36" -> "Paren37"
	"Mem38" [label="Mem"]
	"Paren37" -> "Mem38"
	"Number39" [label="Number"]
	"Mem38" -> "Number39"
	"num40" [label="num",style=filled,fillcolor=powderblue]
	"Number39" -> "num40"
	"Factor241" [label="Factor2"]
	"Factor36" -> "Factor241"
	"e42" [label="e"]
	"Factor241" -> "e42"
	"Term243" [label="Term2"]
	"Term35" -> "Term243"
	"e44" [label="e"]
	"Term243" -> "e44"
	"Expression245" [label="Expression2"]
	"Expression233" -> "Expression245"
	"e46" [label="e"]
	"Expression245" -> "e46"
	"Statements247" [label="Statements2"]
	"Statements2" -> "Statements247"
	"Statement48" [label="Statement"]
	"Statements247" -> "Statement48"
	"Assignment49" [label="Assignment"]
	"Statement48" -> "Assignment49"
	"m50" [label="m",style=filled,fillcolor=powderblue]
	"Assignment49" -> "m50"
	"[51" [label="[",style=filled,fillcolor=powderblue]
	"Assignment49" -> "[51"
	"Expression52" [label="Expression"]
	"Assignment49" -> "Expression52"
	"Term53" [label="Term"]
	"Expression52" -> "Term53"
	"Factor54" [label="Factor"]
	"Term53" -> "Factor54"
	"Paren55" [label="Paren"]
	"Factor54" -> "Paren55"
	"Mem56" [label="Mem"]
	"Paren55" -> "Mem56"
	"Number57" [label="Number"]
	"Mem56" -> "Number57"
	"num58" [label="num",style=filled,fillcolor=powderblue]
	"Number57" -> "num58"
	"Factor259" [label="Factor2"]
	"Factor54" -> "Factor259"
	"e60" [label="e"]
	"Factor259" -> "e60"
	"Term261" [label="Term2"]
	"Term53" -> "Term261"
	"e62" [label="e"]
	"Term261" -> "e62"
	"Expression263" [label="Expression2"]
	"Expression52" -> "Expression263"
	"e64" [label="e"]
	"Expression263" -> "e64"
	"]65" [label="]",style=filled,fillcolor=powderblue]
	"Assignment49" -> "]65"
	"=66" [label="=",style=filled,fillcolor=powderblue]
	"Assignment49" -> "=66"
	"Expression67" [label="Expression"]
	"Assignment49" -> "Expression67"
	"Term68" [label="Term"]
	"Expression67" -> "Term68"
	"Factor69" [label="Factor"]
	"Term68" -> "Factor69"
	"Paren70" [label="Paren"]
	"Factor69" -> "Paren70"
	"Mem71" [label="Mem"]
	"Paren70" -> "Mem71"
	"Number72" [label="Number"]
	"Mem71" -> "Number72"
	"num73" [label="num",style=filled,fillcolor=powderblue]
	"Number72" -> "num73"
	"Factor274" [label="Factor2"]
	"Factor69" -> "Factor274"
	"e75" [label="e"]
	"Factor274" -> "e75"
	"Term276" [label="Term2"]
	"Term68" -> "Term276"
	"e77" [label="e"]
	"Term276" -> "e77"
	"Expression278" [label="Expression2"]
	"Expression67" -> "Expression278"
	"-79" [label="-",style=filled,fillcolor=powderblue]
	"Expression278" -> "-79"
	"Term80" [label="Term"]
	"Expression278" -> "Term80"
	"Factor81" [label="Factor"]
	"Term80" -> "Factor81"
	"Paren82" [label="Paren"]
	"Factor81" -> "Paren82"
	"(83" [label="(",style=filled,fillcolor=powderblue]
	"Paren82" -> "(83"
	"Expression84" [label="Expression"]
	"Paren82" -> "Expression84"
	"Term85" [label="Term"]
	"Expression84" -> "Term85"
	"Factor86" [label="Factor"]
	"Term85" -> "Factor86"
	"Paren87" [label="Paren"]
	"Factor86" -> "Paren87"
	"Mem88" [label="Mem"]
	"Paren87" -> "Mem88"
	"m89" [label="m",style=filled,fillcolor=powderblue]
	"Mem88" -> "m89"
	"[90" [label="[",style=filled,fillcolor=powderblue]
	"Mem88" -> "[90"
	"Expression91" [label="Expression"]
	"Mem88" -> "Expression91"
	"Term92" [label="Term"]
	"Expression91" -> "Term92"
	"Factor93" [label="Factor"]
	"Term92" -> "Factor93"
	"Paren94" [label="Paren"]
	"Factor93" -> "Paren94"
	"Mem95" [label="Mem"]
	"Paren94" -> "Mem95"
	"Number96" [label="Number"]
	"Mem95" -> "Number96"
	"num97" [label="num",style=filled,fillcolor=powderblue]
	"Number96" -> "num97"
	"Factor298" [label="Factor2"]
	"Factor93" -> "Factor298"
	"e99" [label="e"]
	"Factor298" -> "e99"
	"Term2100" [label="Term2"]
	"Term92" -> "Term2100"
	"e101" [label="e"]
	"Term2100" -> "e101"
	"Expression2102" [label="Expression2"]
	"Expression91" -> "Expression2102"
	"e103" [label="e"]
	"Expression2102" -> "e103"
	"]104" [label="]",style=filled,fillcolor=powderblue]
	"Mem88" -> "]104"
	"Factor2105" [label="Factor2"]
	"Factor86" -> "Factor2105"
	"e106" [label="e"]
	"Factor2105" -> "e106"
	"Term2107" [label="Term2"]
	"Term85" -> "Term2107"
	"e108" [label="e"]
	"Term2107" -> "e108"
	"Expression2109" [label="Expression2"]
	"Expression84" -> "Expression2109"
	"-110" [label="-",style=filled,fillcolor=powderblue]
	"Expression2109" -> "-110"
	"Term111" [label="Term"]
	"Expression2109" -> "Term111"
	"Factor112" [label="Factor"]
	"Term111" -> "Factor112"
	"Paren113" [label="Paren"]
	"Factor112" -> "Paren113"
	"Mem114" [label="Mem"]
	"Paren113" -> "Mem114"
	"Number115" [label="Number"]
	"Mem114" -> "Number115"
	"num116" [label="num",style=filled,fillcolor=powderblue]
	"Number115" -> "num116"
	"Factor2117" [label="Factor2"]
	"Factor112" -> "Factor2117"
	"e118" [label="e"]
	"Factor2117" -> "e118"
	"Term2119" [label="Term2"]
	"Term111" -> "Term2119"
	"e120" [label="e"]
	"Term2119" -> "e120"
	"Expression2121" [label="Expression2"]
	"Expression2109" -> "Expression2121"
	"e122" [label="e"]
	"Expression2121" -> "e122"
	")123" [label=")",style=filled,fillcolor=powderblue]
	"Paren82" -> ")123"
	"Factor2124" [label="Factor2"]
	"Factor81" -> "Factor2124"
	"e125" [label="e"]
	"Factor2124" -> "e125"
	"Term2126" [label="Term2"]
	"Term80" -> "Term2126"
	"e127" [label="e"]
	"Term2126" -> "e127"
	"Expression2128" [label="Expression2"]
	"Expression278" -> "Expression2128"
	"e129" [label="e"]
	"Expression2128" -> "e129"
	"Statements2130" [label="Statements2"]
	"Statements247" -> "Statements2130"
	"Statement131" [label="Statement"]
	"Statements2130" -> "Statement131"
	"Assignment132" [label="Assignment"]
	"Statement131" -> "Assignment132"
	"m133" [label="m",style=filled,fillcolor=powderblue]
	"Assignment132" -> "m133"
	"[134" [label="[",style=filled,fillcolor=powderblue]
	"Assignment132" -> "[134"
	"Expression135" [label="Expression"]
	"Assignment132" -> "Expression135"
	"Term136" [label="Term"]
	"Expression135" -> "Term136"
	"Factor137" [label="Factor"]
	"Term136" -> "Factor137"
	"Paren138" [label="Paren"]
	"Factor137" -> "Paren138"
	"Mem139" [label="Mem"]
	"Paren138" -> "Mem139"
	"Number140" [label="Number"]
	"Mem139" -> "Number140"
	"num141" [label="num",style=filled,fillcolor=powderblue]
	"Number140" -> "num141"
	"Factor2142" [label="Factor2"]
	"Factor137" -> "Factor2142"
	"e143" [label="e"]
	"Factor2142" -> "e143"
	"Term2144" [label="Term2"]
	"Term136" -> "Term2144"
	"e145" [label="e"]
	"Term2144" -> "e145"
	"Expression2146" [label="Expression2"]
	"Expression135" -> "Expression2146"
	"e147" [label="e"]
	"Expression2146" -> "e147"
	"]148" [label="]",style=filled,fillcolor=powderblue]
	"Assignment132" -> "]148"
	"=149" [label="=",style=filled,fillcolor=powderblue]
	"Assignment132" -> "=149"
	"Expression150" [label="Expression"]
	"Assignment132" -> "Expression150"
	"Term151" [label="Term"]
	"Expression150" -> "Term151"
	"Factor152" [label="Factor"]
	"Term151" -> "Factor152"
	"Paren153" [label="Paren"]
	"Factor152" -> "Paren153"
	"Mem154" [label="Mem"]
	"Paren153" -> "Mem154"
	"Number155" [label="Number"]
	"Mem154" -> "Number155"
	"num156" [label="num",style=filled,fillcolor=powderblue]
	"Number155" -> "num156"
	"Factor2157" [label="Factor2"]
	"Factor152" -> "Factor2157"
	"e158" [label="e"]
	"Factor2157" -> "e158"
	"Term2159" [label="Term2"]
	"Term151" -> "Term2159"
	"/160" [label="/",style=filled,fillcolor=powderblue]
	"Term2159" -> "/160"
	"Factor161" [label="Factor"]
	"Term2159" -> "Factor161"
	"Paren162" [label="Paren"]
	"Factor161" -> "Paren162"
	"Mem163" [label="Mem"]
	"Paren162" -> "Mem163"
	"Number164" [label="Number"]
	"Mem163" -> "Number164"
	"num165" [label="num",style=filled,fillcolor=powderblue]
	"Number164" -> "num165"
	"Factor2166" [label="Factor2"]
	"Factor161" -> "Factor2166"
	"e167" [label="e"]
	"Factor2166" -> "e167"
	"Term2168" [label="Term2"]
	"Term2159" -> "Term2168"
	"*169" [label="*",style=filled,fillcolor=powderblue]
	"Term2168" -> "*169"
	"Factor170" [label="Factor"]
	"Term2168" -> "Factor170"
	"Paren171" [label="Paren"]
	"Factor170" -> "Paren171"
	"Mem172" [label="Mem"]
	"Paren171" -> "Mem172"
	"Number173" [label="Number"]
	"Mem172" -> "Number173"
	"num174" [label="num",style=filled,fillcolor=powderblue]
	"Number173" -> "num174"
	"Factor2175" [label="Factor2"]
	"Factor170" -> "Factor2175"
	"e176" [label="e"]
	"Factor2175" -> "e176"
	"Term2177" [label="Term2"]
	"Term2168" -> "Term2177"
	"e178" [label="e"]
	"Term2177" -> "e178"
	"Expression2179" [label="Expression2"]
	"Expression150" -> "Expression2179"
	"e180" [label="e"]
	"Expression2179" -> "e180"
	"Statements2181" [label="Statements2"]
	"Statements2130" -> "Statements2181"
	"Statement182" [label="Statement"]
	"Statements2181" -> "Statement182"
	"Assignment183" [label="Assignment"]
	"Statement182" -> "Assignment183"
	"m184" [label="m",style=filled,fillcolor=powderblue]
	"Assignment183" -> "m184"
	"[185" [label="[",style=filled,fillcolor=powderblue]
	"Assignment183" -> "[185"
	"Expression186" [label="Expression"]
	"Assignment183" -> "Expression186"
	"Term187" [label="Term"]
	"Expression186" -> "Term187"
	"Factor188" [label="Factor"]
	"Term187" -> "Factor188"
	"Paren189" [label="Paren"]
	"Factor188" -> "Paren189"
	"Mem190" [label="Mem"]
	"Paren189" -> "Mem190"
	"Number191" [label="Number"]
	"Mem190" -> "Number191"
	"num192" [label="num",style=filled,fillcolor=powderblue]
	"Number191" -> "num192"
	"Factor2193" [label="Factor2"]
	"Factor188" -> "Factor2193"
	"e194" [label="e"]
	"Factor2193" -> "e194"
	"Term2195" [label="Term2"]
	"Term187" -> "Term2195"
	"e196" [label="e"]
	"Term2195" -> "e196"
	"Expression2197" [label="Expression2"]
	"Expression186" -> "Expression2197"
	"e198" [label="e"]
	"Expression2197" -> "e198"
	"]199" [label="]",style=filled,fillcolor=powderblue]
	"Assignment183" -> "]199"
	"=200" [label="=",style=filled,fillcolor=powderblue]
	"Assignment183" -> "=200"
	"Expression201" [label="Expression"]
	"Assignment183" -> "Expression201"
	"Term202" [label="Term"]
	"Expression201" -> "Term202"
	"Factor203" [label="Factor"]
	"Term202" -> "Factor203"
	"Paren204" [label="Paren"]
	"Factor203" -> "Paren204"
	"Mem205" [label="Mem"]
	"Paren204" -> "Mem205"
	"Number206" [label="Number"]
	"Mem205" -> "Number206"
	"num207" [label="num",style=filled,fillcolor=powderblue]
	"Number206" -> "num207"
	"Factor2208" [label="Factor2"]
	"Factor203" -> "Factor2208"
	"e209" [label="e"]
	"Factor2208" -> "e209"
	"Term2210" [label="Term2"]
	"Term202" -> "Term2210"
	"e211" [label="e"]
	"Term2210" -> "e211"
	"Expression2212" [label="Expression2"]
	"Expression201" -> "Expression2212"
	"+213" [label="+",style=filled,fillcolor=powderblue]
	"Expression2212" -> "+213"
	"Term214" [label="Term"]
	"Expression2212" -> "Term214"
	"Factor215" [label="Factor"]
	"Term214" -> "Factor215"
	"Paren216" [label="Paren"]
	"Factor215" -> "Paren216"
	"Mem217" [label="Mem"]
	"Paren216" -> "Mem217"
	"m218" [label="m",style=filled,fillcolor=powderblue]
	"Mem217" -> "m218"
	"[219" [label="[",style=filled,fillcolor=powderblue]
	"Mem217" -> "[219"
	"Expression220" [label="Expression"]
	"Mem217" -> "Expression220"
	"Term221" [label="Term"]
	"Expression220" -> "Term221"
	"Factor222" [label="Factor"]
	"Term221" -> "Factor222"
	"Paren223" [label="Paren"]
	"Factor222" -> "Paren223"
	"Mem224" [label="Mem"]
	"Paren223" -> "Mem224"
	"Number225" [label="Number"]
	"Mem224" -> "Number225"
	"num226" [label="num",style=filled,fillcolor=powderblue]
	"Number225" -> "num226"
	"Factor2227" [label="Factor2"]
	"Factor222" -> "Factor2227"
	"e228" [label="e"]
	"Factor2227" -> "e228"
	"Term2229" [label="Term2"]
	"Term221" -> "Term2229"
	"e230" [label="e"]
	"Term2229" -> "e230"
	"Expression2231" [label="Expression2"]
	"Expression220" -> "Expression2231"
	"e232" [label="e"]
	"Expression2231" -> "e232"
	"]233" [label="]",style=filled,fillcolor=powderblue]
	"Mem217" -> "]233"
	"Factor2234" [label="Factor2"]
	"Factor215" -> "Factor2234"
	"e235" [label="e"]
	"Factor2234" -> "e235"
	"Term2236" [label="Term2"]
	"Term214" -> "Term2236"
	"e237" [label="e"]
	"Term2236" -> "e237"
	"Expression2238" [label="Expression2"]
	"Expression2212" -> "Expression2238"
	"e239" [label="e"]
	"Expression2238" -> "e239"
	"Statements2240" [label="Statements2"]
	"Statements2181" -> "Statements2240"
	"Statement241" [label="Statement"]
	"Statements2240" -> "Statement241"
	"Assignment242" [label="Assignment"]
	"Statement241" -> "Assignment242"
	"m243" [label="m",style=filled,fillcolor=powderblue]
	"Assignment242" -> "m243"
	"[244" [label="[",style=filled,fillcolor=powderblue]
	"Assignment242" -> "[244"
	"Expression245" [label="Expression"]
	"Assignment242" -> "Expression245"
	"Term246" [label="Term"]
	"Expression245" -> "Term246"
	"Factor247" [label="Factor"]
	"Term246" -> "Factor247"
	"Paren248" [label="Paren"]
	"Factor247" -> "Paren248"
	"Mem249" [label="Mem"]
	"Paren248" -> "Mem249"
	"Number250" [label="Number"]
	"Mem249" -> "Number250"
	"num251" [label="num",style=filled,fillcolor=powderblue]
	"Number250" -> "num251"
	"Factor2252" [label="Factor2"]
	"Factor247" -> "Factor2252"
	"e253" [label="e"]
	"Factor2252" -> "e253"
	"Term2254" [label="Term2"]
	"Term246" -> "Term2254"
	"e255" [label="e"]
	"Term2254" -> "e255"
	"Expression2256" [label="Expression2"]
	"Expression245" -> "Expression2256"
	"e257" [label="e"]
	"Expression2256" -> "e257"
	"]258" [label="]",style=filled,fillcolor=powderblue]
	"Assignment242" -> "]258"
	"=259" [label="=",style=filled,fillcolor=powderblue]
	"Assignment242" -> "=259"
	"Expression260" [label="Expression"]
	"Assignment242" -> "Expression260"
	"Term261" [label="Term"]
	"Expression260" -> "Term261"
	"Factor262" [label="Factor"]
	"Term261" -> "Factor262"
	"Paren263" [label="Paren"]
	"Factor262" -> "Paren263"
	"Mem264" [label="Mem"]
	"Paren263" -> "Mem264"
	"Number265" [label="Number"]
	"Mem264" -> "Number265"
	"num266" [label="num",style=filled,fillcolor=powderblue]
	"Number265" -> "num266"
	"Factor2267" [label="Factor2"]
	"Factor262" -> "Factor2267"
	"e268" [label="e"]
	"Factor2267" -> "e268"
	"Term2269" [label="Term2"]
	"Term261" -> "Term2269"
	"e270" [label="e"]
	"Term2269" -> "e270"
	"Expression2271" [label="Expression2"]
	"Expression260" -> "Expression2271"
	"-272" [label="-",style=filled,fillcolor=powderblue]
	"Expression2271" -> "-272"
	"Term273" [label="Term"]
	"Expression2271" -> "Term273"
	"Factor274" [label="Factor"]
	"Term273" -> "Factor274"
	"Paren275" [label="Paren"]
	"Factor274" -> "Paren275"
	"Mem276" [label="Mem"]
	"Paren275" -> "Mem276"
	"m277" [label="m",style=filled,fillcolor=powderblue]
	"Mem276" -> "m277"
	"[278" [label="[",style=filled,fillcolor=powderblue]
	"Mem276" -> "[278"
	"Expression279" [label="Expression"]
	"Mem276" -> "Expression279"
	"Term280" [label="Term"]
	"Expression279" -> "Term280"
	"Factor281" [label="Factor"]
	"Term280" -> "Factor281"
	"Paren282" [label="Paren"]
	"Factor281" -> "Paren282"
	"Mem283" [label="Mem"]
	"Paren282" -> "Mem283"
	"Number284" [label="Number"]
	"Mem283" -> "Number284"
	"num285" [label="num",style=filled,fillcolor=powderblue]
	"Number284" -> "num285"
	"Factor2286" [label="Factor2"]
	"Factor281" -> "Factor2286"
	"**287" [label="**",style=filled,fillcolor=powderblue]
	"Factor2286" -> "**287"
	"Paren288" [label="Paren"]
	"Factor2286" -> "Paren288"
	"Mem289" [label="Mem"]
	"Paren288" -> "Mem289"
	"Number290" [label="Number"]
	"Mem289" -> "Number290"
	"num291" [label="num",style=filled,fillcolor=powderblue]
	"Number290" -> "num291"
	"Factor2292" [label="Factor2"]
	"Factor2286" -> "Factor2292"
	"e293" [label="e"]
	"Factor2292" -> "e293"
	"Term2294" [label="Term2"]
	"Term280" -> "Term2294"
	"*295" [label="*",style=filled,fillcolor=powderblue]
	"Term2294" -> "*295"
	"Factor296" [label="Factor"]
	"Term2294" -> "Factor296"
	"Paren297" [label="Paren"]
	"Factor296" -> "Paren297"
	"Mem298" [label="Mem"]
	"Paren297" -> "Mem298"
	"Number299" [label="Number"]
	"Mem298" -> "Number299"
	"num300" [label="num",style=filled,fillcolor=powderblue]
	"Number299" -> "num300"
	"Factor2301" [label="Factor2"]
	"Factor296" -> "Factor2301"
	"e302" [label="e"]
	"Factor2301" -> "e302"
	"Term2303" [label="Term2"]
	"Term2294" -> "Term2303"
	"e304" [label="e"]
	"Term2303" -> "e304"
	"Expression2305" [label="Expression2"]
	"Expression279" -> "Expression2305"
	"-306" [label="-",style=filled,fillcolor=powderblue]
	"Expression2305" -> "-306"
	"Term307" [label="Term"]
	"Expression2305" -> "Term307"
	"Factor308" [label="Factor"]
	"Term307" -> "Factor308"
	"Paren309" [label="Paren"]
	"Factor308" -> "Paren309"
	"Mem310" [label="Mem"]
	"Paren309" -> "Mem310"
	"Number311" [label="Number"]
	"Mem310" -> "Number311"
	"num312" [label="num",style=filled,fillcolor=powderblue]
	"Number311" -> "num312"
	"Factor2313" [label="Factor2"]
	"Factor308" -> "Factor2313"
	"e314" [label="e"]
	"Factor2313" -> "e314"
	"Term2315" [label="Term2"]
	"Term307" -> "Term2315"
	"e316" [label="e"]
	"Term2315" -> "e316"
	"Expression2317" [label="Expression2"]
	"Expression2305" -> "Expression2317"
	"e318" [label="e"]
	"Expression2317" -> "e318"
	"]319" [label="]",style=filled,fillcolor=powderblue]
	"Mem276" -> "]319"
	"Factor2320" [label="Factor2"]
	"Factor274" -> "Factor2320"
	"e321" [label="e"]
	"Factor2320" -> "e321"
	"Term2322" [label="Term2"]
	"Term273" -> "Term2322"
	"e323" [label="e"]
	"Term2322" -> "e323"
	"Expression2324" [label="Expression2"]
	"Expression2271" -> "Expression2324"
	"-325" [label="-",style=filled,fillcolor=powderblue]
	"Expression2324" -> "-325"
	"Term326" [label="Term"]
	"Expression2324" -> "Term326"
	"Factor327" [label="Factor"]
	"Term326" -> "Factor327"
	"Paren328" [label="Paren"]
	"Factor327" -> "Paren328"
	"Mem329" [label="Mem"]
	"Paren328" -> "Mem329"
	"Number330" [label="Number"]
	"Mem329" -> "Number330"
	"num331" [label="num",style=filled,fillcolor=powderblue]
	"Number330" -> "num331"
	"Factor2332" [label="Factor2"]
	"Factor327" -> "Factor2332"
	"e333" [label="e"]
	"Factor2332" -> "e333"
	"Term2334" [label="Term2"]
	"Term326" -> "Term2334"
	"e335" [label="e"]
	"Term2334" -> "e335"
	"Expression2336" [label="Expression2"]
	"Expression2324" -> "Expression2336"
	"e337" [label="e"]
	"Expression2336" -> "e337"
	"Statements2338" [label="Statements2"]
	"Statements2240" -> "Statements2338"
	"Statement339" [label="Statement"]
	"Statements2338" -> "Statement339"
	"Label340" [label="Label"]
	"Statement339" -> "Label340"
	"L341" [label="L",style=filled,fillcolor=powderblue]
	"Label340" -> "L341"
	"num342" [label="num",style=filled,fillcolor=powderblue]
	"Label340" -> "num342"
	":343" [label=":",style=filled,fillcolor=powderblue]
	"Label340" -> ":343"
	"Statements2344" [label="Statements2"]
	"Statements2338" -> "Statements2344"
	"Statement345" [label="Statement"]
	"Statements2344" -> "Statement345"
	"Assignment346" [label="Assignment"]
	"Statement345" -> "Assignment346"
	"m347" [label="m",style=filled,fillcolor=powderblue]
	"Assignment346" -> "m347"
	"[348" [label="[",style=filled,fillcolor=powderblue]
	"Assignment346" -> "[348"
	"Expression349" [label="Expression"]
	"Assignment346" -> "Expression349"
	"Term350" [label="Term"]
	"Expression349" -> "Term350"
	"Factor351" [label="Factor"]
	"Term350" -> "Factor351"
	"Paren352" [label="Paren"]
	"Factor351" -> "Paren352"
	"Mem353" [label="Mem"]
	"Paren352" -> "Mem353"
	"Number354" [label="Number"]
	"Mem353" -> "Number354"
	"num355" [label="num",style=filled,fillcolor=powderblue]
	"Number354" -> "num355"
	"Factor2356" [label="Factor2"]
	"Factor351" -> "Factor2356"
	"e357" [label="e"]
	"Factor2356" -> "e357"
	"Term2358" [label="Term2"]
	"Term350" -> "Term2358"
	"e359" [label="e"]
	"Term2358" -> "e359"
	"Expression2360" [label="Expression2"]
	"Expression349" -> "Expression2360"
	"e361" [label="e"]
	"Expression2360" -> "e361"
	"]362" [label="]",style=filled,fillcolor=powderblue]
	"Assignment346" -> "]362"
	"=363" [label="=",style=filled,fillcolor=powderblue]
	"Assignment346" -> "=363"
	"Expression364" [label="Expression"]
	"Assignment346" -> "Expression364"
	"Term365" [label="Term"]
	"Expression364" -> "Term365"
	"Factor366" [label="Factor"]
	"Term365" -> "Factor366"
	"Paren367" [label="Paren"]
	"Factor366" -> "Paren367"
	"Mem368" [label="Mem"]
	"Paren367" -> "Mem368"
	"Number369" [label="Number"]
	"Mem368" -> "Number369"
	"num370" [label="num",style=filled,fillcolor=powderblue]
	"Number369" -> "num370"
	"Factor2371" [label="Factor2"]
	"Factor366" -> "Factor2371"
	"e372" [label="e"]
	"Factor2371" -> "e372"
	"Term2373" [label="Term2"]
	"Term365" -> "Term2373"
	"e374" [label="e"]
	"Term2373" -> "e374"
	"Expression2375" [label="Expression2"]
	"Expression364" -> "Expression2375"
	"-376" [label="-",style=filled,fillcolor=powderblue]
	"Expression2375" -> "-376"
	"Term377" [label="Term"]
	"Expression2375" -> "Term377"
	"Factor378" [label="Factor"]
	"Term377" -> "Factor378"
	"Paren379" [label="Paren"]
	"Factor378" -> "Paren379"
	"(380" [label="(",style=filled,fillcolor=powderblue]
	"Paren379" -> "(380"
	"Expression381" [label="Expression"]
	"Paren379" -> "Expression381"
	"Term382" [label="Term"]
	"Expression381" -> "Term382"
	"Factor383" [label="Factor"]
	"Term382" -> "Factor383"
	"Paren384" [label="Paren"]
	"Factor383" -> "Paren384"
	"Mem385" [label="Mem"]
	"Paren384" -> "Mem385"
	"m386" [label="m",style=filled,fillcolor=powderblue]
	"Mem385" -> "m386"
	"[387" [label="[",style=filled,fillcolor=powderblue]
	"Mem385" -> "[387"
	"Expression388" [label="Expression"]
	"Mem385" -> "Expression388"
	"Term389" [label="Term"]
	"Expression388" -> "Term389"
	"Factor390" [label="Factor"]
	"Term389" -> "Factor390"
	"Paren391" [label="Paren"]
	"Factor390" -> "Paren391"
	"Mem392" [label="Mem"]
	"Paren391" -> "Mem392"
	"Number393" [label="Number"]
	"Mem392" -> "Number393"
	"num394" [label="num",style=filled,fillcolor=powderblue]
	"Number393" -> "num394"
	"Factor2395" [label="Factor2"]
	"Factor390" -> "Factor2395"
	"e396" [label="e"]
	"Factor2395" -> "e396"
	"Term2397" [label="Term2"]
	"Term389" -> "Term2397"
	"e398" [label="e"]
	"Term2397" -> "e398"
	"Expression2399" [label="Expression2"]
	"Expression388" -> "Expression2399"
	"e400" [label="e"]
	"Expression2399" -> "e400"
	"]401" [label="]",style=filled,fillcolor=powderblue]
	"Mem385" -> "]401"
	"Factor2402" [label="Factor2"]
	"Factor383" -> "Factor2402"
	"e403" [label="e"]
	"Factor2402" -> "e403"
	"Term2404" [label="Term2"]
	"Term382" -> "Term2404"
	"e405" [label="e"]
	"Term2404" -> "e405"
	"Expression2406" [label="Expression2"]
	"Expression381" -> "Expression2406"
	"-407" [label="-",style=filled,fillcolor=powderblue]
	"Expression2406" -> "-407"
	"Term408" [label="Term"]
	"Expression2406" -> "Term408"
	"Factor409" [label="Factor"]
	"Term408" -> "Factor409"
	"Paren410" [label="Paren"]
	"Factor409" -> "Paren410"
	"Mem411" [label="Mem"]
	"Paren410" -> "Mem411"
	"Number412" [label="Number"]
	"Mem411" -> "Number412"
	"num413" [label="num",style=filled,fillcolor=powderblue]
	"Number412" -> "num413"
	"Factor2414" [label="Factor2"]
	"Factor409" -> "Factor2414"
	"e415" [label="e"]
	"Factor2414" -> "e415"
	"Term2416" [label="Term2"]
	"Term408" -> "Term2416"
	"e417" [label="e"]
	"Term2416" -> "e417"
	"Expression2418" [label="Expression2"]
	"Expression2406" -> "Expression2418"
	"e419" [label="e"]
	"Expression2418" -> "e419"
	")420" [label=")",style=filled,fillcolor=powderblue]
	"Paren379" -> ")420"
	"Factor2421" [label="Factor2"]
	"Factor378" -> "Factor2421"
	"e422" [label="e"]
	"Factor2421" -> "e422"
	"Term2423" [label="Term2"]
	"Term377" -> "Term2423"
	"e424" [label="e"]
	"Term2423" -> "e424"
	"Expression2425" [label="Expression2"]
	"Expression2375" -> "Expression2425"
	"e426" [label="e"]
	"Expression2425" -> "e426"
	"Statements2427" [label="Statements2"]
	"Statements2344" -> "Statements2427"
	"Statement428" [label="Statement"]
	"Statements2427" -> "Statement428"
	"Assignment429" [label="Assignment"]
	"Statement428" -> "Assignment429"
	"m430" [label="m",style=filled,fillcolor=powderblue]
	"Assignment429" -> "m430"
	"[431" [label="[",style=filled,fillcolor=powderblue]
	"Assignment429" -> "[431"
	"Expression432" [label="Expression"]
	"Assignment429" -> "Expression432"
	"Term433" [label="Term"]
	"Expression432" -> "Term433"
	"Factor434" [label="Factor"]
	"Term433" -> "Factor434"
	"Paren435" [label="Paren"]
	"Factor434" -> "Paren435"
	"Mem436" [label="Mem"]
	"Paren435" -> "Mem436"
	"Number437" [label="Number"]
	"Mem436" -> "Number437"
	"num438" [label="num",style=filled,fillcolor=powderblue]
	"Number437" -> "num438"
	"Factor2439" [label="Factor2"]
	"Factor434" -> "Factor2439"
	"e440" [label="e"]
	"Factor2439" -> "e440"
	"Term2441" [label="Term2"]
	"Term433" -> "Term2441"
	"e442" [label="e"]
	"Term2441" -> "e442"
	"Expression2443" [label="Expression2"]
	"Expression432" -> "Expression2443"
	"e444" [label="e"]
	"Expression2443" -> "e444"
	"]445" [label="]",style=filled,fillcolor=powderblue]
	"Assignment429" -> "]445"
	"=446" [label="=",style=filled,fillcolor=powderblue]
	"Assignment429" -> "=446"
	"Expression447" [label="Expression"]
	"Assignment429" -> "Expression447"
	"Term448" [label="Term"]
	"Expression447" -> "Term448"
	"Factor449" [label="Factor"]
	"Term448" -> "Factor449"
	"Paren450" [label="Paren"]
	"Factor449" -> "Paren450"
	"Mem451" [label="Mem"]
	"Paren450" -> "Mem451"
	"Number452" [label="Number"]
	"Mem451" -> "Number452"
	"num453" [label="num",style=filled,fillcolor=powderblue]
	"Number452" -> "num453"
	"Factor2454" [label="Factor2"]
	"Factor449" -> "Factor2454"
	"e455" [label="e"]
	"Factor2454" -> "e455"
	"Term2456" [label="Term2"]
	"Term448" -> "Term2456"
	"/457" [label="/",style=filled,fillcolor=powderblue]
	"Term2456" -> "/457"
	"Factor458" [label="Factor"]
	"Term2456" -> "Factor458"
	"Paren459" [label="Paren"]
	"Factor458" -> "Paren459"
	"Mem460" [label="Mem"]
	"Paren459" -> "Mem460"
	"Number461" [label="Number"]
	"Mem460" -> "Number461"
	"num462" [label="num",style=filled,fillcolor=powderblue]
	"Number461" -> "num462"
	"Factor2463" [label="Factor2"]
	"Factor458" -> "Factor2463"
	"e464" [label="e"]
	"Factor2463" -> "e464"
	"Term2465" [label="Term2"]
	"Term2456" -> "Term2465"
	"*466" [label="*",style=filled,fillcolor=powderblue]
	"Term2465" -> "*466"
	"Factor467" [label="Factor"]
	"Term2465" -> "Factor467"
	"Paren468" [label="Paren"]
	"Factor467" -> "Paren468"
	"Mem469" [label="Mem"]
	"Paren468" -> "Mem469"
	"Number470" [label="Number"]
	"Mem469" -> "Number470"
	"num471" [label="num",style=filled,fillcolor=powderblue]
	"Number470" -> "num471"
	"Factor2472" [label="Factor2"]
	"Factor467" -> "Factor2472"
	"e473" [label="e"]
	"Factor2472" -> "e473"
	"Term2474" [label="Term2"]
	"Term2465" -> "Term2474"
	"e475" [label="e"]
	"Term2474" -> "e475"
	"Expression2476" [label="Expression2"]
	"Expression447" -> "Expression2476"
	"e477" [label="e"]
	"Expression2476" -> "e477"
	"Statements2478" [label="Statements2"]
	"Statements2427" -> "Statements2478"
	"Statement479" [label="Statement"]
	"Statements2478" -> "Statement479"
	"Assignment480" [label="Assignment"]
	"Statement479" -> "Assignment480"
	"m481" [label="m",style=filled,fillcolor=powderblue]
	"Assignment480" -> "m481"
	"[482" [label="[",style=filled,fillcolor=powderblue]
	"Assignment480" -> "[482"
	"Expression483" [label="Expression"]
	"Assignment480" -> "Expression483"
	"Term484" [label="Term"]
	"Expression483" -> "Term484"
	"Factor485" [label="Factor"]
	"Term484" -> "Factor485"
	"Paren486" [label="Paren"]
	"Factor485" -> "Paren486"
	"Mem487" [label="Mem"]
	"Paren486" -> "Mem487"
	"Number488" [label="Number"]
	"Mem487" -> "Number488"
	"num489" [label="num",style=filled,fillcolor=powderblue]
	"Number488" -> "num489"
	"Factor2490" [label="Factor2"]
	"Factor485" -> "Factor2490"
	"e491" [label="e"]
	"Factor2490" -> "e491"
	"Term2492" [label="Term2"]
	"Term484" -> "Term2492"
	"e493" [label="e"]
	"Term2492" -> "e493"
	"Expression2494" [label="Expression2"]
	"Expression483" -> "Expression2494"
	"e495" [label="e"]
	"Expression2494" -> "e495"
	"]496" [label="]",style=filled,fillcolor=powderblue]
	"Assignment480" -> "]496"
	"=497" [label="=",style=filled,fillcolor=powderblue]
	"Assignment480" -> "=497"
	"Expression498" [label="Expression"]
	"Assignment480" -> "Expression498"
	"Term499" [label="Term"]
	"Expression498" -> "Term499"
	"Factor500" [label="Factor"]
	"Term499" -> "Factor500"
	"Paren501" [label="Paren"]
	"Factor500" -> "Paren501"
	"Mem502" [label="Mem"]
	"Paren501" -> "Mem502"
	"Number503" [label="Number"]
	"Mem502" -> "Number503"
	"num504" [label="num",style=filled,fillcolor=powderblue]
	"Number503" -> "num504"
	"Factor2505" [label="Factor2"]
	"Factor500" -> "Factor2505"
	"e506" [label="e"]
	"Factor2505" -> "e506"
	"Term2507" [label="Term2"]
	"Term499" -> "Term2507"
	"e508" [label="e"]
	"Term2507" -> "e508"
	"Expression2509" [label="Expression2"]
	"Expression498" -> "Expression2509"
	"+510" [label="+",style=filled,fillcolor=powderblue]
	"Expression2509" -> "+510"
	"Term511" [label="Term"]
	"Expression2509" -> "Term511"
	"Factor512" [label="Factor"]
	"Term511" -> "Factor512"
	"Paren513" [label="Paren"]
	"Factor512" -> "Paren513"
	"Mem514" [label="Mem"]
	"Paren513" -> "Mem514"
	"m515" [label="m",style=filled,fillcolor=powderblue]
	"Mem514" -> "m515"
	"[516" [label="[",style=filled,fillcolor=powderblue]
	"Mem514" -> "[516"
	"Expression517" [label="Expression"]
	"Mem514" -> "Expression517"
	"Term518" [label="Term"]
	"Expression517" -> "Term518"
	"Factor519" [label="Factor"]
	"Term518" -> "Factor519"
	"Paren520" [label="Paren"]
	"Factor519" -> "Paren520"
	"Mem521" [label="Mem"]
	"Paren520" -> "Mem521"
	"Number522" [label="Number"]
	"Mem521" -> "Number522"
	"num523" [label="num",style=filled,fillcolor=powderblue]
	"Number522" -> "num523"
	"Factor2524" [label="Factor2"]
	"Factor519" -> "Factor2524"
	"e525" [label="e"]
	"Factor2524" -> "e525"
	"Term2526" [label="Term2"]
	"Term518" -> "Term2526"
	"e527" [label="e"]
	"Term2526" -> "e527"
	"Expression2528" [label="Expression2"]
	"Expression517" -> "Expression2528"
	"e529" [label="e"]
	"Expression2528" -> "e529"
	"]530" [label="]",style=filled,fillcolor=powderblue]
	"Mem514" -> "]530"
	"Factor2531" [label="Factor2"]
	"Factor512" -> "Factor2531"
	"e532" [label="e"]
	"Factor2531" -> "e532"
	"Term2533" [label="Term2"]
	"Term511" -> "Term2533"
	"e534" [label="e"]
	"Term2533" -> "e534"
	"Expression2535" [label="Expression2"]
	"Expression2509" -> "Expression2535"
	"e536" [label="e"]
	"Expression2535" -> "e536"
	"Statements2537" [label="Statements2"]
	"Statements2478" -> "Statements2537"
	"Statement538" [label="Statement"]
	"Statements2537" -> "Statement538"
	"Assignment539" [label="Assignment"]
	"Statement538" -> "Assignment539"
	"m540" [label="m",style=filled,fillcolor=powderblue]
	"Assignment539" -> "m540"
	"[541" [label="[",style=filled,fillcolor=powderblue]
	"Assignment539" -> "[541"
	"Expression542" [label="Expression"]
	"Assignment539" -> "Expression542"
	"Term543" [label="Term"]
	"Expression542" -> "Term543"
	"Factor544" [label="Factor"]
	"Term543" -> "Factor544"
	"Paren545" [label="Paren"]
	"Factor544" -> "Paren545"
	"Mem546" [label="Mem"]
	"Paren545" -> "Mem546"
	"Number547" [label="Number"]
	"Mem546" -> "Number547"
	"num548" [label="num",style=filled,fillcolor=powderblue]
	"Number547" -> "num548"
	"Factor2549" [label="Factor2"]
	"Factor544" -> "Factor2549"
	"e550" [label="e"]
	"Factor2549" -> "e550"
	"Term2551" [label="Term2"]
	"Term543" -> "Term2551"
	"e552" [label="e"]
	"Term2551" -> "e552"
	"Expression2553" [label="Expression2"]
	"Expression542" -> "Expression2553"
	"e554" [label="e"]
	"Expression2553" -> "e554"
	"]555" [label="]",style=filled,fillcolor=powderblue]
	"Assignment539" -> "]555"
	"=556" [label="=",style=filled,fillcolor=powderblue]
	"Assignment539" -> "=556"
	"Expression557" [label="Expression"]
	"Assignment539" -> "Expression557"
	"Term558" [label="Term"]
	"Expression557" -> "Term558"
	"Factor559" [label="Factor"]
	"Term558" -> "Factor559"
	"Paren560" [label="Paren"]
	"Factor559" -> "Paren560"
	"Mem561" [label="Mem"]
	"Paren560" -> "Mem561"
	"Number562" [label="Number"]
	"Mem561" -> "Number562"
	"num563" [label="num",style=filled,fillcolor=powderblue]
	"Number562" -> "num563"
	"Factor2564" [label="Factor2"]
	"Factor559" -> "Factor2564"
	"e565" [label="e"]
	"Factor2564" -> "e565"
	"Term2566" [label="Term2"]
	"Term558" -> "Term2566"
	"e567" [label="e"]
	"Term2566" -> "e567"
	"Expression2568" [label="Expression2"]
	"Expression557" -> "Expression2568"
	"-569" [label="-",style=filled,fillcolor=powderblue]
	"Expression2568" -> "-569"
	"Term570" [label="Term"]
	"Expression2568" -> "Term570"
	"Factor571" [label="Factor"]
	"Term570" -> "Factor571"
	"Paren572" [label="Paren"]
	"Factor571" -> "Paren572"
	"Mem573" [label="Mem"]
	"Paren572" -> "Mem573"
	"m574" [label="m",style=filled,fillcolor=powderblue]
	"Mem573" -> "m574"
	"[575" [label="[",style=filled,fillcolor=powderblue]
	"Mem573" -> "[575"
	"Expression576" [label="Expression"]
	"Mem573" -> "Expression576"
	"Term577" [label="Term"]
	"Expression576" -> "Term577"
	"Factor578" [label="Factor"]
	"Term577" -> "Factor578"
	"Paren579" [label="Paren"]
	"Factor578" -> "Paren579"
	"Mem580" [label="Mem"]
	"Paren579" -> "Mem580"
	"Number581" [label="Number"]
	"Mem580" -> "Number581"
	"num582" [label="num",style=filled,fillcolor=powderblue]
	"Number581" -> "num582"
	"Factor2583" [label="Factor2"]
	"Factor578" -> "Factor2583"
	"e584" [label="e"]
	"Factor2583" -> "e584"
	"Term2585" [label="Term2"]
	"Term577" -> "Term2585"
	"e586" [label="e"]
	"Term2585" -> "e586"
	"Expression2587" [label="Expression2"]
	"Expression576" -> "Expression2587"
	"-588" [label="-",style=filled,fillcolor=powderblue]
	"Expression2587" -> "-588"
	"Term589" [label="Term"]
	"Expression2587" -> "Term589"
	"Factor590" [label="Factor"]
	"Term589" -> "Factor590"
	"Paren591" [label="Paren"]
	"Factor590" -> "Paren591"
	"Mem592" [label="Mem"]
	"Paren591" -> "Mem592"
	"Number593" [label="Number"]
	"Mem592" -> "Number593"
	"num594" [label="num",style=filled,fillcolor=powderblue]
	"Number593" -> "num594"
	"Factor2595" [label="Factor2"]
	"Factor590" -> "Factor2595"
	"e596" [label="e"]
	"Factor2595" -> "e596"
	"Term2597" [label="Term2"]
	"Term589" -> "Term2597"
	"e598" [label="e"]
	"Term2597" -> "e598"
	"Expression2599" [label="Expression2"]
	"Expression2587" -> "Expression2599"
	"e600" [label="e"]
	"Expression2599" -> "e600"
	"]601" [label="]",style=filled,fillcolor=powderblue]
	"Mem573" -> "]601"
	"Factor2602" [label="Factor2"]
	"Factor571" -> "Factor2602"
	"e603" [label="e"]
	"Factor2602" -> "e603"
	"Term2604" [label="Term2"]
	"Term570" -> "Term2604"
	"e605" [label="e"]
	"Term2604" -> "e605"
	"Expression2606" [label="Expression2"]
	"Expression2568" -> "Expression2606"
	"e607" [label="e"]
	"Expression2606" -> "e607"
	"Statements2608" [label="Statements2"]
	"Statements2537" -> "Statements2608"
	"Statement609" [label="Statement"]
	"Statements2608" -> "Statement609"
	"Assignment610" [label="Assignment"]
	"Statement609" -> "Assignment610"
	"m611" [label="m",style=filled,fillcolor=powderblue]
	"Assignment610" -> "m611"
	"[612" [label="[",style=filled,fillcolor=powderblue]
	"Assignment610" -> "[612"
	"Expression613" [label="Expression"]
	"Assignment610" -> "Expression613"
	"Term614" [label="Term"]
	"Expression613" -> "Term614"
	"Factor615" [label="Factor"]
	"Term614" -> "Factor615"
	"Paren616" [label="Paren"]
	"Factor615" -> "Paren616"
	"Mem617" [label="Mem"]
	"Paren616" -> "Mem617"
	"Number618" [label="Number"]
	"Mem617" -> "Number618"
	"num619" [label="num",style=filled,fillcolor=powderblue]
	"Number618" -> "num619"
	"Factor2620" [label="Factor2"]
	"Factor615" -> "Factor2620"
	"e621" [label="e"]
	"Factor2620" -> "e621"
	"Term2622" [label="Term2"]
	"Term614" -> "Term2622"
	"e623" [label="e"]
	"Term2622" -> "e623"
	"Expression2624" [label="Expression2"]
	"Expression613" -> "Expression2624"
	"e625" [label="e"]
	"Expression2624" -> "e625"
	"]626" [label="]",style=filled,fillcolor=powderblue]
	"Assignment610" -> "]626"
	"=627" [label="=",style=filled,fillcolor=powderblue]
	"Assignment610" -> "=627"
	"Expression628" [label="Expression"]
	"Assignment610" -> "Expression628"
	"Term629" [label="Term"]
	"Expression628" -> "Term629"
	"Factor630" [label="Factor"]
	"Term629" -> "Factor630"
	"Paren631" [label="Paren"]
	"Factor630" -> "Paren631"
	"Mem632" [label="Mem"]
	"Paren631" -> "Mem632"
	"Number633" [label="Number"]
	"Mem632" -> "Number633"
	"num634" [label="num",style=filled,fillcolor=powderblue]
	"Number633" -> "num634"
	"Factor2635" [label="Factor2"]
	"Factor630" -> "Factor2635"
	"e636" [label="e"]
	"Factor2635" -> "e636"
	"Term2637" [label="Term2"]
	"Term629" -> "Term2637"
	"e638" [label="e"]
	"Term2637" -> "e638"
	"Expression2639" [label="Expression2"]
	"Expression628" -> "Expression2639"
	"-640" [label="-",style=filled,fillcolor=powderblue]
	"Expression2639" -> "-640"
	"Term641" [label="Term"]
	"Expression2639" -> "Term641"
	"Factor642" [label="Factor"]
	"Term641" -> "Factor642"
	"Paren643" [label="Paren"]
	"Factor642" -> "Paren643"
	"(644" [label="(",style=filled,fillcolor=powderblue]
	"Paren643" -> "(644"
	"Expression645" [label="Expression"]
	"Paren643" -> "Expression645"
	"Term646" [label="Term"]
	"Expression645" -> "Term646"
	"Factor647" [label="Factor"]
	"Term646" -> "Factor647"
	"Paren648" [label="Paren"]
	"Factor647" -> "Paren648"
	"Mem649" [label="Mem"]
	"Paren648" -> "Mem649"
	"Number650" [label="Number"]
	"Mem649" -> "Number650"
	"num651" [label="num",style=filled,fillcolor=powderblue]
	"Number650" -> "num651"
	"Factor2652" [label="Factor2"]
	"Factor647" -> "Factor2652"
	"e653" [label="e"]
	"Factor2652" -> "e653"
	"Term2654" [label="Term2"]
	"Term646" -> "Term2654"
	"e655" [label="e"]
	"Term2654" -> "e655"
	"Expression2656" [label="Expression2"]
	"Expression645" -> "Expression2656"
	"-657" [label="-",style=filled,fillcolor=powderblue]
	"Expression2656" -> "-657"
	"Term658" [label="Term"]
	"Expression2656" -> "Term658"
	"Factor659" [label="Factor"]
	"Term658" -> "Factor659"
	"Paren660" [label="Paren"]
	"Factor659" -> "Paren660"
	"Mem661" [label="Mem"]
	"Paren660" -> "Mem661"
	"Number662" [label="Number"]
	"Mem661" -> "Number662"
	"num663" [label="num",style=filled,fillcolor=powderblue]
	"Number662" -> "num663"
	"Factor2664" [label="Factor2"]
	"Factor659" -> "Factor2664"
	"e665" [label="e"]
	"Factor2664" -> "e665"
	"Term2666" [label="Term2"]
	"Term658" -> "Term2666"
	"e667" [label="e"]
	"Term2666" -> "e667"
	"Expression2668" [label="Expression2"]
	"Expression2656" -> "Expression2668"
	"e669" [label="e"]
	"Expression2668" -> "e669"
	")670" [label=")",style=filled,fillcolor=powderblue]
	"Paren643" -> ")670"
	"Factor2671" [label="Factor2"]
	"Factor642" -> "Factor2671"
	"e672" [label="e"]
	"Factor2671" -> "e672"
	"Term2673" [label="Term2"]
	"Term641" -> "Term2673"
	"e674" [label="e"]
	"Term2673" -> "e674"
	"Expression2675" [label="Expression2"]
	"Expression2639" -> "Expression2675"
	"e676" [label="e"]
	"Expression2675" -> "e676"
	"Statements2677" [label="Statements2"]
	"Statements2608" -> "Statements2677"
	"Statement678" [label="Statement"]
	"Statements2677" -> "Statement678"
	"Assignment679" [label="Assignment"]
	"Statement678" -> "Assignment679"
	"m680" [label="m",style=filled,fillcolor=powderblue]
	"Assignment679" -> "m680"
	"[681" [label="[",style=filled,fillcolor=powderblue]
	"Assignment679" -> "[681"
	"Expression682" [label="Expression"]
	"Assignment679" -> "Expression682"
	"Term683" [label="Term"]
	"Expression682" -> "Term683"
	"Factor684" [label="Factor"]
	"Term683" -> "Factor684"
	"Paren685" [label="Paren"]
	"Factor684" -> "Paren685"
	"Mem686" [label="Mem"]
	"Paren685" -> "Mem686"
	"Number687" [label="Number"]
	"Mem686" -> "Number687"
	"num688" [label="num",style=filled,fillcolor=powderblue]
	"Number687" -> "num688"
	"Factor2689" [label="Factor2"]
	"Factor684" -> "Factor2689"
	"e690" [label="e"]
	"Factor2689" -> "e690"
	"Term2691" [label="Term2"]
	"Term683" -> "Term2691"
	"e692" [label="e"]
	"Term2691" -> "e692"
	"Expression2693" [label="Expression2"]
	"Expression682" -> "Expression2693"
	"e694" [label="e"]
	"Expression2693" -> "e694"
	"]695" [label="]",style=filled,fillcolor=powderblue]
	"Assignment679" -> "]695"
	"=696" [label="=",style=filled,fillcolor=powderblue]
	"Assignment679" -> "=696"
	"Expression697" [label="Expression"]
	"Assignment679" -> "Expression697"
	"Term698" [label="Term"]
	"Expression697" -> "Term698"
	"Factor699" [label="Factor"]
	"Term698" -> "Factor699"
	"Paren700" [label="Paren"]
	"Factor699" -> "Paren700"
	"Mem701" [label="Mem"]
	"Paren700" -> "Mem701"
	"Number702" [label="Number"]
	"Mem701" -> "Number702"
	"num703" [label="num",style=filled,fillcolor=powderblue]
	"Number702" -> "num703"
	"Factor2704" [label="Factor2"]
	"Factor699" -> "Factor2704"
	"e705" [label="e"]
	"Factor2704" -> "e705"
	"Term2706" [label="Term2"]
	"Term698" -> "Term2706"
	"e707" [label="e"]
	"Term2706" -> "e707"
	"Expression2708" [label="Expression2"]
	"Expression697" -> "Expression2708"
	"-709" [label="-",style=filled,fillcolor=powderblue]
	"Expression2708" -> "-709"
	"Term710" [label="Term"]
	"Expression2708" -> "Term710"
	"Factor711" [label="Factor"]
	"Term710" -> "Factor711"
	"Paren712" [label="Paren"]
	"Factor711" -> "Paren712"
	"Mem713" [label="Mem"]
	"Paren712" -> "Mem713"
	"m714" [label="m",style=filled,fillcolor=powderblue]
	"Mem713" -> "m714"
	"[715" [label="[",style=filled,fillcolor=powderblue]
	"Mem713" -> "[715"
	"Expression716" [label="Expression"]
	"Mem713" -> "Expression716"
	"Term717" [label="Term"]
	"Expression716" -> "Term717"
	"Factor718" [label="Factor"]
	"Term717" -> "Factor718"
	"Paren719" [label="Paren"]
	"Factor718" -> "Paren719"
	"(720" [label="(",style=filled,fillcolor=powderblue]
	"Paren719" -> "(720"
	"Expression721" [label="Expression"]
	"Paren719" -> "Expression721"
	"Term722" [label="Term"]
	"Expression721" -> "Term722"
	"Factor723" [label="Factor"]
	"Term722" -> "Factor723"
	"Paren724" [label="Paren"]
	"Factor723" -> "Paren724"
	"Mem725" [label="Mem"]
	"Paren724" -> "Mem725"
	"Number726" [label="Number"]
	"Mem725" -> "Number726"
	"num727" [label="num",style=filled,fillcolor=powderblue]
	"Number726" -> "num727"
	"Factor2728" [label="Factor2"]
	"Factor723" -> "Factor2728"
	"e729" [label="e"]
	"Factor2728" -> "e729"
	"Term2730" [label="Term2"]
	"Term722" -> "Term2730"
	"e731" [label="e"]
	"Term2730" -> "e731"
	"Expression2732" [label="Expression2"]
	"Expression721" -> "Expression2732"
	"-733" [label="-",style=filled,fillcolor=powderblue]
	"Expression2732" -> "-733"
	"Term734" [label="Term"]
	"Expression2732" -> "Term734"
	"Factor735" [label="Factor"]
	"Term734" -> "Factor735"
	"Paren736" [label="Paren"]
	"Factor735" -> "Paren736"
	"Mem737" [label="Mem"]
	"Paren736" -> "Mem737"
	"Number738" [label="Number"]
	"Mem737" -> "Number738"
	"num739" [label="num",style=filled,fillcolor=powderblue]
	"Number738" -> "num739"
	"Factor2740" [label="Factor2"]
	"Factor735" -> "Factor2740"
	"e741" [label="e"]
	"Factor2740" -> "e741"
	"Term2742" [label="Term2"]
	"Term734" -> "Term2742"
	"e743" [label="e"]
	"Term2742" -> "e743"
	"Expression2744" [label="Expression2"]
	"Expression2732" -> "Expression2744"
	"e745" [label="e"]
	"Expression2744" -> "e745"
	")746" [label=")",style=filled,fillcolor=powderblue]
	"Paren719" -> ")746"
	"Factor2747" [label="Factor2"]
	"Factor718" -> "Factor2747"
	"e748" [label="e"]
	"Factor2747" -> "e748"
	"Term2749" [label="Term2"]
	"Term717" -> "Term2749"
	"e750" [label="e"]
	"Term2749" -> "e750"
	"Expression2751" [label="Expression2"]
	"Expression716" -> "Expression2751"
	"e752" [label="e"]
	"Expression2751" -> "e752"
	"]753" [label="]",style=filled,fillcolor=powderblue]
	"Mem713" -> "]753"
	"Factor2754" [label="Factor2"]
	"Factor711" -> "Factor2754"
	"e755" [label="e"]
	"Factor2754" -> "e755"
	"Term2756" [label="Term2"]
	"Term710" -> "Term2756"
	"e757" [label="e"]
	"Term2756" -> "e757"
	"Expression2758" [label="Expression2"]
	"Expression2708" -> "Expression2758"
	"e759" [label="e"]
	"Expression2758" -> "e759"
	"Statements2760" [label="Statements2"]
	"Statements2677" -> "Statements2760"
	"Statement761" [label="Statement"]
	"Statements2760" -> "Statement761"
	"print762" [label="print",style=filled,fillcolor=powderblue]
	"Statement761" -> "print762"
	"Expression763" [label="Expression"]
	"Statement761" -> "Expression763"
	"Term764" [label="Term"]
	"Expression763" -> "Term764"
	"Factor765" [label="Factor"]
	"Term764" -> "Factor765"
	"Paren766" [label="Paren"]
	"Factor765" -> "Paren766"
	"Mem767" [label="Mem"]
	"Paren766" -> "Mem767"
	"m768" [label="m",style=filled,fillcolor=powderblue]
	"Mem767" -> "m768"
	"[769" [label="[",style=filled,fillcolor=powderblue]
	"Mem767" -> "[769"
	"Expression770" [label="Expression"]
	"Mem767" -> "Expression770"
	"Term771" [label="Term"]
	"Expression770" -> "Term771"
	"Factor772" [label="Factor"]
	"Term771" -> "Factor772"
	"Paren773" [label="Paren"]
	"Factor772" -> "Paren773"
	"Mem774" [label="Mem"]
	"Paren773" -> "Mem774"
	"Number775" [label="Number"]
	"Mem774" -> "Number775"
	"num776" [label="num",style=filled,fillcolor=powderblue]
	"Number775" -> "num776"
	"Factor2777" [label="Factor2"]
	"Factor772" -> "Factor2777"
	"e778" [label="e"]
	"Factor2777" -> "e778"
	"Term2779" [label="Term2"]
	"Term771" -> "Term2779"
	"e780" [label="e"]
	"Term2779" -> "e780"
	"Expression2781" [label="Expression2"]
	"Expression770" -> "Expression2781"
	"e782" [label="e"]
	"Expression2781" -> "e782"
	"]783" [label="]",style=filled,fillcolor=powderblue]
	"Mem767" -> "]783"
	"Factor2784" [label="Factor2"]
	"Factor765" -> "Factor2784"
	"e785" [label="e"]
	"Factor2784" -> "e785"
	"Term2786" [label="Term2"]
	"Term764" -> "Term2786"
	"e787" [label="e"]
	"Term2786" -> "e787"
	"Expression2788" [label="Expression2"]
	"Expression763" -> "Expression2788"
	"e789" [label="e"]
	"Expression2788" -> "e789"
	"Statements2790" [label="Statements2"]
	"Statements2677" -> "Statements2790"
	"e791" [label="e"]
	"Statements2790" -> "e791"
};
};
