digraph G {
	"Start1" [label="Start"]
	"Statements2" [label="Statements"]
	"Start1" -> "Statements2"
	"Statement3" [label="Statement"]
	"Statements2" -> "Statement3"
	"Assignment4" [label="Assignment"]
	"Statement3" -> "Assignment4"
	"m5" [label="m",style=filled,fillcolor=powderblue]
	"Assignment4" -> "m5"
	"[6" [label="[",style=filled,fillcolor=powderblue]
	"Assignment4" -> "[6"
	"Expression7" [label="Expression"]
	"Assignment4" -> "Expression7"
	"Term8" [label="Term"]
	"Expression7" -> "Term8"
	"Factor9" [label="Factor"]
	"Term8" -> "Factor9"
	"Paren10" [label="Paren"]
	"Factor9" -> "Paren10"
	"Mem11" [label="Mem"]
	"Paren10" -> "Mem11"
	"Number12" [label="Number"]
	"Mem11" -> "Number12"
	"num13" [label="num",style=filled,fillcolor=powderblue]
	"Number12" -> "num13"
	"Factor214" [label="Factor2"]
	"Factor9" -> "Factor214"
	"e15" [label="e"]
	"Factor214" -> "e15"
	"Term216" [label="Term2"]
	"Term8" -> "Term216"
	"e17" [label="e"]
	"Term216" -> "e17"
	"Expression218" [label="Expression2"]
	"Expression7" -> "Expression218"
	"e19" [label="e"]
	"Expression218" -> "e19"
	"]20" [label="]",style=filled,fillcolor=powderblue]
	"Assignment4" -> "]20"
	"=21" [label="=",style=filled,fillcolor=powderblue]
	"Assignment4" -> "=21"
	"Expression22" [label="Expression"]
	"Assignment4" -> "Expression22"
	"Term23" [label="Term"]
	"Expression22" -> "Term23"
	"Factor24" [label="Factor"]
	"Term23" -> "Factor24"
	"Paren25" [label="Paren"]
	"Factor24" -> "Paren25"
	"Mem26" [label="Mem"]
	"Paren25" -> "Mem26"
	"Number27" [label="Number"]
	"Mem26" -> "Number27"
	"num28" [label="num",style=filled,fillcolor=powderblue]
	"Number27" -> "num28"
	"Factor229" [label="Factor2"]
	"Factor24" -> "Factor229"
	"e30" [label="e"]
	"Factor229" -> "e30"
	"Term231" [label="Term2"]
	"Term23" -> "Term231"
	"e32" [label="e"]
	"Term231" -> "e32"
	"Expression233" [label="Expression2"]
	"Expression22" -> "Expression233"
	"-34" [label="-",style=filled,fillcolor=powderblue]
	"Expression233" -> "-34"
	"Term35" [label="Term"]
	"Expression233" -> "Term35"
	"Factor36" [label="Factor"]
	"Term35" -> "Factor36"
	"Paren37" [label="Paren"]
	"Factor36" -> "Paren37"
	"(38" [label="(",style=filled,fillcolor=powderblue]
	"Paren37" -> "(38"
	"Expression39" [label="Expression"]
	"Paren37" -> "Expression39"
	"Term40" [label="Term"]
	"Expression39" -> "Term40"
	"Factor41" [label="Factor"]
	"Term40" -> "Factor41"
	"Paren42" [label="Paren"]
	"Factor41" -> "Paren42"
	"Mem43" [label="Mem"]
	"Paren42" -> "Mem43"
	"Number44" [label="Number"]
	"Mem43" -> "Number44"
	"num45" [label="num",style=filled,fillcolor=powderblue]
	"Number44" -> "num45"
	"Factor246" [label="Factor2"]
	"Factor41" -> "Factor246"
	"e47" [label="e"]
	"Factor246" -> "e47"
	"Term248" [label="Term2"]
	"Term40" -> "Term248"
	"e49" [label="e"]
	"Term248" -> "e49"
	"Expression250" [label="Expression2"]
	"Expression39" -> "Expression250"
	"-51" [label="-",style=filled,fillcolor=powderblue]
	"Expression250" -> "-51"
	"Term52" [label="Term"]
	"Expression250" -> "Term52"
	"Factor53" [label="Factor"]
	"Term52" -> "Factor53"
	"Paren54" [label="Paren"]
	"Factor53" -> "Paren54"
	"Mem55" [label="Mem"]
	"Paren54" -> "Mem55"
	"Number56" [label="Number"]
	"Mem55" -> "Number56"
	"num57" [label="num",style=filled,fillcolor=powderblue]
	"Number56" -> "num57"
	"Factor258" [label="Factor2"]
	"Factor53" -> "Factor258"
	"e59" [label="e"]
	"Factor258" -> "e59"
	"Term260" [label="Term2"]
	"Term52" -> "Term260"
	"e61" [label="e"]
	"Term260" -> "e61"
	"Expression262" [label="Expression2"]
	"Expression250" -> "Expression262"
	"e63" [label="e"]
	"Expression262" -> "e63"
	")64" [label=")",style=filled,fillcolor=powderblue]
	"Paren37" -> ")64"
	"Factor265" [label="Factor2"]
	"Factor36" -> "Factor265"
	"e66" [label="e"]
	"Factor265" -> "e66"
	"Term267" [label="Term2"]
	"Term35" -> "Term267"
	"e68" [label="e"]
	"Term267" -> "e68"
	"Expression269" [label="Expression2"]
	"Expression233" -> "Expression269"
	"e70" [label="e"]
	"Expression269" -> "e70"
	"Statements271" [label="Statements2"]
	"Statements2" -> "Statements271"
	"Statement72" [label="Statement"]
	"Statements271" -> "Statement72"
	"Assignment73" [label="Assignment"]
	"Statement72" -> "Assignment73"
	"m74" [label="m",style=filled,fillcolor=powderblue]
	"Assignment73" -> "m74"
	"[75" [label="[",style=filled,fillcolor=powderblue]
	"Assignment73" -> "[75"
	"Expression76" [label="Expression"]
	"Assignment73" -> "Expression76"
	"Term77" [label="Term"]
	"Expression76" -> "Term77"
	"Factor78" [label="Factor"]
	"Term77" -> "Factor78"
	"Paren79" [label="Paren"]
	"Factor78" -> "Paren79"
	"Mem80" [label="Mem"]
	"Paren79" -> "Mem80"
	"Number81" [label="Number"]
	"Mem80" -> "Number81"
	"num82" [label="num",style=filled,fillcolor=powderblue]
	"Number81" -> "num82"
	"Factor283" [label="Factor2"]
	"Factor78" -> "Factor283"
	"e84" [label="e"]
	"Factor283" -> "e84"
	"Term285" [label="Term2"]
	"Term77" -> "Term285"
	"e86" [label="e"]
	"Term285" -> "e86"
	"Expression287" [label="Expression2"]
	"Expression76" -> "Expression287"
	"e88" [label="e"]
	"Expression287" -> "e88"
	"]89" [label="]",style=filled,fillcolor=powderblue]
	"Assignment73" -> "]89"
	"=90" [label="=",style=filled,fillcolor=powderblue]
	"Assignment73" -> "=90"
	"Expression91" [label="Expression"]
	"Assignment73" -> "Expression91"
	"Term92" [label="Term"]
	"Expression91" -> "Term92"
	"Factor93" [label="Factor"]
	"Term92" -> "Factor93"
	"Paren94" [label="Paren"]
	"Factor93" -> "Paren94"
	"Mem95" [label="Mem"]
	"Paren94" -> "Mem95"
	"Number96" [label="Number"]
	"Mem95" -> "Number96"
	"num97" [label="num",style=filled,fillcolor=powderblue]
	"Number96" -> "num97"
	"Factor298" [label="Factor2"]
	"Factor93" -> "Factor298"
	"e99" [label="e"]
	"Factor298" -> "e99"
	"Term2100" [label="Term2"]
	"Term92" -> "Term2100"
	"e101" [label="e"]
	"Term2100" -> "e101"
	"Expression2102" [label="Expression2"]
	"Expression91" -> "Expression2102"
	"-103" [label="-",style=filled,fillcolor=powderblue]
	"Expression2102" -> "-103"
	"Term104" [label="Term"]
	"Expression2102" -> "Term104"
	"Factor105" [label="Factor"]
	"Term104" -> "Factor105"
	"Paren106" [label="Paren"]
	"Factor105" -> "Paren106"
	"Mem107" [label="Mem"]
	"Paren106" -> "Mem107"
	"m108" [label="m",style=filled,fillcolor=powderblue]
	"Mem107" -> "m108"
	"[109" [label="[",style=filled,fillcolor=powderblue]
	"Mem107" -> "[109"
	"Expression110" [label="Expression"]
	"Mem107" -> "Expression110"
	"Term111" [label="Term"]
	"Expression110" -> "Term111"
	"Factor112" [label="Factor"]
	"Term111" -> "Factor112"
	"Paren113" [label="Paren"]
	"Factor112" -> "Paren113"
	"(114" [label="(",style=filled,fillcolor=powderblue]
	"Paren113" -> "(114"
	"Expression115" [label="Expression"]
	"Paren113" -> "Expression115"
	"Term116" [label="Term"]
	"Expression115" -> "Term116"
	"Factor117" [label="Factor"]
	"Term116" -> "Factor117"
	"Paren118" [label="Paren"]
	"Factor117" -> "Paren118"
	"Mem119" [label="Mem"]
	"Paren118" -> "Mem119"
	"Number120" [label="Number"]
	"Mem119" -> "Number120"
	"num121" [label="num",style=filled,fillcolor=powderblue]
	"Number120" -> "num121"
	"Factor2122" [label="Factor2"]
	"Factor117" -> "Factor2122"
	"e123" [label="e"]
	"Factor2122" -> "e123"
	"Term2124" [label="Term2"]
	"Term116" -> "Term2124"
	"e125" [label="e"]
	"Term2124" -> "e125"
	"Expression2126" [label="Expression2"]
	"Expression115" -> "Expression2126"
	"-127" [label="-",style=filled,fillcolor=powderblue]
	"Expression2126" -> "-127"
	"Term128" [label="Term"]
	"Expression2126" -> "Term128"
	"Factor129" [label="Factor"]
	"Term128" -> "Factor129"
	"Paren130" [label="Paren"]
	"Factor129" -> "Paren130"
	"Mem131" [label="Mem"]
	"Paren130" -> "Mem131"
	"Number132" [label="Number"]
	"Mem131" -> "Number132"
	"num133" [label="num",style=filled,fillcolor=powderblue]
	"Number132" -> "num133"
	"Factor2134" [label="Factor2"]
	"Factor129" -> "Factor2134"
	"e135" [label="e"]
	"Factor2134" -> "e135"
	"Term2136" [label="Term2"]
	"Term128" -> "Term2136"
	"e137" [label="e"]
	"Term2136" -> "e137"
	"Expression2138" [label="Expression2"]
	"Expression2126" -> "Expression2138"
	"e139" [label="e"]
	"Expression2138" -> "e139"
	")140" [label=")",style=filled,fillcolor=powderblue]
	"Paren113" -> ")140"
	"Factor2141" [label="Factor2"]
	"Factor112" -> "Factor2141"
	"e142" [label="e"]
	"Factor2141" -> "e142"
	"Term2143" [label="Term2"]
	"Term111" -> "Term2143"
	"e144" [label="e"]
	"Term2143" -> "e144"
	"Expression2145" [label="Expression2"]
	"Expression110" -> "Expression2145"
	"e146" [label="e"]
	"Expression2145" -> "e146"
	"]147" [label="]",style=filled,fillcolor=powderblue]
	"Mem107" -> "]147"
	"Factor2148" [label="Factor2"]
	"Factor105" -> "Factor2148"
	"e149" [label="e"]
	"Factor2148" -> "e149"
	"Term2150" [label="Term2"]
	"Term104" -> "Term2150"
	"e151" [label="e"]
	"Term2150" -> "e151"
	"Expression2152" [label="Expression2"]
	"Expression2102" -> "Expression2152"
	"e153" [label="e"]
	"Expression2152" -> "e153"
	"Statements2154" [label="Statements2"]
	"Statements271" -> "Statements2154"
	"Statement155" [label="Statement"]
	"Statements2154" -> "Statement155"
	"print156" [label="print",style=filled,fillcolor=powderblue]
	"Statement155" -> "print156"
	"Expression157" [label="Expression"]
	"Statement155" -> "Expression157"
	"Term158" [label="Term"]
	"Expression157" -> "Term158"
	"Factor159" [label="Factor"]
	"Term158" -> "Factor159"
	"Paren160" [label="Paren"]
	"Factor159" -> "Paren160"
	"Mem161" [label="Mem"]
	"Paren160" -> "Mem161"
	"m162" [label="m",style=filled,fillcolor=powderblue]
	"Mem161" -> "m162"
	"[163" [label="[",style=filled,fillcolor=powderblue]
	"Mem161" -> "[163"
	"Expression164" [label="Expression"]
	"Mem161" -> "Expression164"
	"Term165" [label="Term"]
	"Expression164" -> "Term165"
	"Factor166" [label="Factor"]
	"Term165" -> "Factor166"
	"Paren167" [label="Paren"]
	"Factor166" -> "Paren167"
	"Mem168" [label="Mem"]
	"Paren167" -> "Mem168"
	"Number169" [label="Number"]
	"Mem168" -> "Number169"
	"num170" [label="num",style=filled,fillcolor=powderblue]
	"Number169" -> "num170"
	"Factor2171" [label="Factor2"]
	"Factor166" -> "Factor2171"
	"e172" [label="e"]
	"Factor2171" -> "e172"
	"Term2173" [label="Term2"]
	"Term165" -> "Term2173"
	"e174" [label="e"]
	"Term2173" -> "e174"
	"Expression2175" [label="Expression2"]
	"Expression164" -> "Expression2175"
	"e176" [label="e"]
	"Expression2175" -> "e176"
	"]177" [label="]",style=filled,fillcolor=powderblue]
	"Mem161" -> "]177"
	"Factor2178" [label="Factor2"]
	"Factor159" -> "Factor2178"
	"e179" [label="e"]
	"Factor2178" -> "e179"
	"Term2180" [label="Term2"]
	"Term158" -> "Term2180"
	"e181" [label="e"]
	"Term2180" -> "e181"
	"Expression2182" [label="Expression2"]
	"Expression157" -> "Expression2182"
	"e183" [label="e"]
	"Expression2182" -> "e183"
	"Statements2184" [label="Statements2"]
	"Statements271" -> "Statements2184"
	"Statement185" [label="Statement"]
	"Statements2184" -> "Statement185"
	"Jump186" [label="Jump"]
	"Statement185" -> "Jump186"
	"goto187" [label="goto",style=filled,fillcolor=powderblue]
	"Jump186" -> "goto187"
	"num188" [label="num",style=filled,fillcolor=powderblue]
	"Jump186" -> "num188"
	"if189" [label="if",style=filled,fillcolor=powderblue]
	"Jump186" -> "if189"
	"Expression190" [label="Expression"]
	"Jump186" -> "Expression190"
	"Term191" [label="Term"]
	"Expression190" -> "Term191"
	"Factor192" [label="Factor"]
	"Term191" -> "Factor192"
	"Paren193" [label="Paren"]
	"Factor192" -> "Paren193"
	"Mem194" [label="Mem"]
	"Paren193" -> "Mem194"
	"m195" [label="m",style=filled,fillcolor=powderblue]
	"Mem194" -> "m195"
	"[196" [label="[",style=filled,fillcolor=powderblue]
	"Mem194" -> "[196"
	"Expression197" [label="Expression"]
	"Mem194" -> "Expression197"
	"Term198" [label="Term"]
	"Expression197" -> "Term198"
	"Factor199" [label="Factor"]
	"Term198" -> "Factor199"
	"Paren200" [label="Paren"]
	"Factor199" -> "Paren200"
	"Mem201" [label="Mem"]
	"Paren200" -> "Mem201"
	"Number202" [label="Number"]
	"Mem201" -> "Number202"
	"num203" [label="num",style=filled,fillcolor=powderblue]
	"Number202" -> "num203"
	"Factor2204" [label="Factor2"]
	"Factor199" -> "Factor2204"
	"e205" [label="e"]
	"Factor2204" -> "e205"
	"Term2206" [label="Term2"]
	"Term198" -> "Term2206"
	"e207" [label="e"]
	"Term2206" -> "e207"
	"Expression2208" [label="Expression2"]
	"Expression197" -> "Expression2208"
	"e209" [label="e"]
	"Expression2208" -> "e209"
	"]210" [label="]",style=filled,fillcolor=powderblue]
	"Mem194" -> "]210"
	"Factor2211" [label="Factor2"]
	"Factor192" -> "Factor2211"
	"e212" [label="e"]
	"Factor2211" -> "e212"
	"Term2213" [label="Term2"]
	"Term191" -> "Term2213"
	"e214" [label="e"]
	"Term2213" -> "e214"
	"Expression2215" [label="Expression2"]
	"Expression190" -> "Expression2215"
	"e216" [label="e"]
	"Expression2215" -> "e216"
	"Statements2217" [label="Statements2"]
	"Statements2184" -> "Statements2217"
	"Statement218" [label="Statement"]
	"Statements2217" -> "Statement218"
	"print219" [label="print",style=filled,fillcolor=powderblue]
	"Statement218" -> "print219"
	"Expression220" [label="Expression"]
	"Statement218" -> "Expression220"
	"Term221" [label="Term"]
	"Expression220" -> "Term221"
	"Factor222" [label="Factor"]
	"Term221" -> "Factor222"
	"Paren223" [label="Paren"]
	"Factor222" -> "Paren223"
	"Mem224" [label="Mem"]
	"Paren223" -> "Mem224"
	"m225" [label="m",style=filled,fillcolor=powderblue]
	"Mem224" -> "m225"
	"[226" [label="[",style=filled,fillcolor=powderblue]
	"Mem224" -> "[226"
	"Expression227" [label="Expression"]
	"Mem224" -> "Expression227"
	"Term228" [label="Term"]
	"Expression227" -> "Term228"
	"Factor229" [label="Factor"]
	"Term228" -> "Factor229"
	"Paren230" [label="Paren"]
	"Factor229" -> "Paren230"
	"Mem231" [label="Mem"]
	"Paren230" -> "Mem231"
	"Number232" [label="Number"]
	"Mem231" -> "Number232"
	"num233" [label="num",style=filled,fillcolor=powderblue]
	"Number232" -> "num233"
	"Factor2234" [label="Factor2"]
	"Factor229" -> "Factor2234"
	"e235" [label="e"]
	"Factor2234" -> "e235"
	"Term2236" [label="Term2"]
	"Term228" -> "Term2236"
	"e237" [label="e"]
	"Term2236" -> "e237"
	"Expression2238" [label="Expression2"]
	"Expression227" -> "Expression2238"
	"e239" [label="e"]
	"Expression2238" -> "e239"
	"]240" [label="]",style=filled,fillcolor=powderblue]
	"Mem224" -> "]240"
	"Factor2241" [label="Factor2"]
	"Factor222" -> "Factor2241"
	"e242" [label="e"]
	"Factor2241" -> "e242"
	"Term2243" [label="Term2"]
	"Term221" -> "Term2243"
	"e244" [label="e"]
	"Term2243" -> "e244"
	"Expression2245" [label="Expression2"]
	"Expression220" -> "Expression2245"
	"e246" [label="e"]
	"Expression2245" -> "e246"
	"Statements2247" [label="Statements2"]
	"Statements2184" -> "Statements2247"
	"Statement248" [label="Statement"]
	"Statements2247" -> "Statement248"
	"Jump249" [label="Jump"]
	"Statement248" -> "Jump249"
	"goto250" [label="goto",style=filled,fillcolor=powderblue]
	"Jump249" -> "goto250"
	"num251" [label="num",style=filled,fillcolor=powderblue]
	"Jump249" -> "num251"
	"Statements2252" [label="Statements2"]
	"Statements2247" -> "Statements2252"
	"Statement253" [label="Statement"]
	"Statements2252" -> "Statement253"
	"print254" [label="print",style=filled,fillcolor=powderblue]
	"Statement253" -> "print254"
	"Expression255" [label="Expression"]
	"Statement253" -> "Expression255"
	"Term256" [label="Term"]
	"Expression255" -> "Term256"
	"Factor257" [label="Factor"]
	"Term256" -> "Factor257"
	"Paren258" [label="Paren"]
	"Factor257" -> "Paren258"
	"Mem259" [label="Mem"]
	"Paren258" -> "Mem259"
	"m260" [label="m",style=filled,fillcolor=powderblue]
	"Mem259" -> "m260"
	"[261" [label="[",style=filled,fillcolor=powderblue]
	"Mem259" -> "[261"
	"Expression262" [label="Expression"]
	"Mem259" -> "Expression262"
	"Term263" [label="Term"]
	"Expression262" -> "Term263"
	"Factor264" [label="Factor"]
	"Term263" -> "Factor264"
	"Paren265" [label="Paren"]
	"Factor264" -> "Paren265"
	"Mem266" [label="Mem"]
	"Paren265" -> "Mem266"
	"Number267" [label="Number"]
	"Mem266" -> "Number267"
	"num268" [label="num",style=filled,fillcolor=powderblue]
	"Number267" -> "num268"
	"Factor2269" [label="Factor2"]
	"Factor264" -> "Factor2269"
	"e270" [label="e"]
	"Factor2269" -> "e270"
	"Term2271" [label="Term2"]
	"Term263" -> "Term2271"
	"e272" [label="e"]
	"Term2271" -> "e272"
	"Expression2273" [label="Expression2"]
	"Expression262" -> "Expression2273"
	"e274" [label="e"]
	"Expression2273" -> "e274"
	"]275" [label="]",style=filled,fillcolor=powderblue]
	"Mem259" -> "]275"
	"Factor2276" [label="Factor2"]
	"Factor257" -> "Factor2276"
	"e277" [label="e"]
	"Factor2276" -> "e277"
	"Term2278" [label="Term2"]
	"Term256" -> "Term2278"
	"e279" [label="e"]
	"Term2278" -> "e279"
	"Expression2280" [label="Expression2"]
	"Expression255" -> "Expression2280"
	"e281" [label="e"]
	"Expression2280" -> "e281"
	"Statements2282" [label="Statements2"]
	"Statements2247" -> "Statements2282"
	"Statement283" [label="Statement"]
	"Statements2282" -> "Statement283"
	"Label284" [label="Label"]
	"Statement283" -> "Label284"
	"L285" [label="L",style=filled,fillcolor=powderblue]
	"Label284" -> "L285"
	"num286" [label="num",style=filled,fillcolor=powderblue]
	"Label284" -> "num286"
	":287" [label=":",style=filled,fillcolor=powderblue]
	"Label284" -> ":287"
	"Statements2288" [label="Statements2"]
	"Statements2282" -> "Statements2288"
	"Statement289" [label="Statement"]
	"Statements2288" -> "Statement289"
	"print290" [label="print",style=filled,fillcolor=powderblue]
	"Statement289" -> "print290"
	"Expression291" [label="Expression"]
	"Statement289" -> "Expression291"
	"Term292" [label="Term"]
	"Expression291" -> "Term292"
	"Factor293" [label="Factor"]
	"Term292" -> "Factor293"
	"Paren294" [label="Paren"]
	"Factor293" -> "Paren294"
	"Mem295" [label="Mem"]
	"Paren294" -> "Mem295"
	"m296" [label="m",style=filled,fillcolor=powderblue]
	"Mem295" -> "m296"
	"[297" [label="[",style=filled,fillcolor=powderblue]
	"Mem295" -> "[297"
	"Expression298" [label="Expression"]
	"Mem295" -> "Expression298"
	"Term299" [label="Term"]
	"Expression298" -> "Term299"
	"Factor300" [label="Factor"]
	"Term299" -> "Factor300"
	"Paren301" [label="Paren"]
	"Factor300" -> "Paren301"
	"Mem302" [label="Mem"]
	"Paren301" -> "Mem302"
	"Number303" [label="Number"]
	"Mem302" -> "Number303"
	"num304" [label="num",style=filled,fillcolor=powderblue]
	"Number303" -> "num304"
	"Factor2305" [label="Factor2"]
	"Factor300" -> "Factor2305"
	"e306" [label="e"]
	"Factor2305" -> "e306"
	"Term2307" [label="Term2"]
	"Term299" -> "Term2307"
	"e308" [label="e"]
	"Term2307" -> "e308"
	"Expression2309" [label="Expression2"]
	"Expression298" -> "Expression2309"
	"e310" [label="e"]
	"Expression2309" -> "e310"
	"]311" [label="]",style=filled,fillcolor=powderblue]
	"Mem295" -> "]311"
	"Factor2312" [label="Factor2"]
	"Factor293" -> "Factor2312"
	"e313" [label="e"]
	"Factor2312" -> "e313"
	"Term2314" [label="Term2"]
	"Term292" -> "Term2314"
	"e315" [label="e"]
	"Term2314" -> "e315"
	"Expression2316" [label="Expression2"]
	"Expression291" -> "Expression2316"
	"e317" [label="e"]
	"Expression2316" -> "e317"
	"Statements2318" [label="Statements2"]
	"Statements2282" -> "Statements2318"
	"Statement319" [label="Statement"]
	"Statements2318" -> "Statement319"
	"Assignment320" [label="Assignment"]
	"Statement319" -> "Assignment320"
	"m321" [label="m",style=filled,fillcolor=powderblue]
	"Assignment320" -> "m321"
	"[322" [label="[",style=filled,fillcolor=powderblue]
	"Assignment320" -> "[322"
	"Expression323" [label="Expression"]
	"Assignment320" -> "Expression323"
	"Term324" [label="Term"]
	"Expression323" -> "Term324"
	"Factor325" [label="Factor"]
	"Term324" -> "Factor325"
	"Paren326" [label="Paren"]
	"Factor325" -> "Paren326"
	"Mem327" [label="Mem"]
	"Paren326" -> "Mem327"
	"Number328" [label="Number"]
	"Mem327" -> "Number328"
	"num329" [label="num",style=filled,fillcolor=powderblue]
	"Number328" -> "num329"
	"Factor2330" [label="Factor2"]
	"Factor325" -> "Factor2330"
	"e331" [label="e"]
	"Factor2330" -> "e331"
	"Term2332" [label="Term2"]
	"Term324" -> "Term2332"
	"e333" [label="e"]
	"Term2332" -> "e333"
	"Expression2334" [label="Expression2"]
	"Expression323" -> "Expression2334"
	"e335" [label="e"]
	"Expression2334" -> "e335"
	"]336" [label="]",style=filled,fillcolor=powderblue]
	"Assignment320" -> "]336"
	"=337" [label="=",style=filled,fillcolor=powderblue]
	"Assignment320" -> "=337"
	"Expression338" [label="Expression"]
	"Assignment320" -> "Expression338"
	"Term339" [label="Term"]
	"Expression338" -> "Term339"
	"Factor340" [label="Factor"]
	"Term339" -> "Factor340"
	"Paren341" [label="Paren"]
	"Factor340" -> "Paren341"
	"Mem342" [label="Mem"]
	"Paren341" -> "Mem342"
	"Number343" [label="Number"]
	"Mem342" -> "Number343"
	"num344" [label="num",style=filled,fillcolor=powderblue]
	"Number343" -> "num344"
	"Factor2345" [label="Factor2"]
	"Factor340" -> "Factor2345"
	"e346" [label="e"]
	"Factor2345" -> "e346"
	"Term2347" [label="Term2"]
	"Term339" -> "Term2347"
	"/348" [label="/",style=filled,fillcolor=powderblue]
	"Term2347" -> "/348"
	"Factor349" [label="Factor"]
	"Term2347" -> "Factor349"
	"Paren350" [label="Paren"]
	"Factor349" -> "Paren350"
	"Mem351" [label="Mem"]
	"Paren350" -> "Mem351"
	"Number352" [label="Number"]
	"Mem351" -> "Number352"
	"num353" [label="num",style=filled,fillcolor=powderblue]
	"Number352" -> "num353"
	"Factor2354" [label="Factor2"]
	"Factor349" -> "Factor2354"
	"e355" [label="e"]
	"Factor2354" -> "e355"
	"Term2356" [label="Term2"]
	"Term2347" -> "Term2356"
	"*357" [label="*",style=filled,fillcolor=powderblue]
	"Term2356" -> "*357"
	"Factor358" [label="Factor"]
	"Term2356" -> "Factor358"
	"Paren359" [label="Paren"]
	"Factor358" -> "Paren359"
	"Mem360" [label="Mem"]
	"Paren359" -> "Mem360"
	"Number361" [label="Number"]
	"Mem360" -> "Number361"
	"num362" [label="num",style=filled,fillcolor=powderblue]
	"Number361" -> "num362"
	"Factor2363" [label="Factor2"]
	"Factor358" -> "Factor2363"
	"e364" [label="e"]
	"Factor2363" -> "e364"
	"Term2365" [label="Term2"]
	"Term2356" -> "Term2365"
	"e366" [label="e"]
	"Term2365" -> "e366"
	"Expression2367" [label="Expression2"]
	"Expression338" -> "Expression2367"
	"e368" [label="e"]
	"Expression2367" -> "e368"
	"Statements2369" [label="Statements2"]
	"Statements2318" -> "Statements2369"
	"Statement370" [label="Statement"]
	"Statements2369" -> "Statement370"
	"Assignment371" [label="Assignment"]
	"Statement370" -> "Assignment371"
	"m372" [label="m",style=filled,fillcolor=powderblue]
	"Assignment371" -> "m372"
	"[373" [label="[",style=filled,fillcolor=powderblue]
	"Assignment371" -> "[373"
	"Expression374" [label="Expression"]
	"Assignment371" -> "Expression374"
	"Term375" [label="Term"]
	"Expression374" -> "Term375"
	"Factor376" [label="Factor"]
	"Term375" -> "Factor376"
	"Paren377" [label="Paren"]
	"Factor376" -> "Paren377"
	"Mem378" [label="Mem"]
	"Paren377" -> "Mem378"
	"Number379" [label="Number"]
	"Mem378" -> "Number379"
	"num380" [label="num",style=filled,fillcolor=powderblue]
	"Number379" -> "num380"
	"Factor2381" [label="Factor2"]
	"Factor376" -> "Factor2381"
	"e382" [label="e"]
	"Factor2381" -> "e382"
	"Term2383" [label="Term2"]
	"Term375" -> "Term2383"
	"e384" [label="e"]
	"Term2383" -> "e384"
	"Expression2385" [label="Expression2"]
	"Expression374" -> "Expression2385"
	"e386" [label="e"]
	"Expression2385" -> "e386"
	"]387" [label="]",style=filled,fillcolor=powderblue]
	"Assignment371" -> "]387"
	"=388" [label="=",style=filled,fillcolor=powderblue]
	"Assignment371" -> "=388"
	"Expression389" [label="Expression"]
	"Assignment371" -> "Expression389"
	"Term390" [label="Term"]
	"Expression389" -> "Term390"
	"Factor391" [label="Factor"]
	"Term390" -> "Factor391"
	"Paren392" [label="Paren"]
	"Factor391" -> "Paren392"
	"Mem393" [label="Mem"]
	"Paren392" -> "Mem393"
	"Number394" [label="Number"]
	"Mem393" -> "Number394"
	"num395" [label="num",style=filled,fillcolor=powderblue]
	"Number394" -> "num395"
	"Factor2396" [label="Factor2"]
	"Factor391" -> "Factor2396"
	"e397" [label="e"]
	"Factor2396" -> "e397"
	"Term2398" [label="Term2"]
	"Term390" -> "Term2398"
	"e399" [label="e"]
	"Term2398" -> "e399"
	"Expression2400" [label="Expression2"]
	"Expression389" -> "Expression2400"
	"+401" [label="+",style=filled,fillcolor=powderblue]
	"Expression2400" -> "+401"
	"Term402" [label="Term"]
	"Expression2400" -> "Term402"
	"Factor403" [label="Factor"]
	"Term402" -> "Factor403"
	"Paren404" [label="Paren"]
	"Factor403" -> "Paren404"
	"Mem405" [label="Mem"]
	"Paren404" -> "Mem405"
	"Number406" [label="Number"]
	"Mem405" -> "Number406"
	"num407" [label="num",style=filled,fillcolor=powderblue]
	"Number406" -> "num407"
	"Factor2408" [label="Factor2"]
	"Factor403" -> "Factor2408"
	"e409" [label="e"]
	"Factor2408" -> "e409"
	"Term2410" [label="Term2"]
	"Term402" -> "Term2410"
	"e411" [label="e"]
	"Term2410" -> "e411"
	"Expression2412" [label="Expression2"]
	"Expression2400" -> "Expression2412"
	"e413" [label="e"]
	"Expression2412" -> "e413"
	"Statements2414" [label="Statements2"]
	"Statements2369" -> "Statements2414"
	"Statement415" [label="Statement"]
	"Statements2414" -> "Statement415"
	"Assignment416" [label="Assignment"]
	"Statement415" -> "Assignment416"
	"m417" [label="m",style=filled,fillcolor=powderblue]
	"Assignment416" -> "m417"
	"[418" [label="[",style=filled,fillcolor=powderblue]
	"Assignment416" -> "[418"
	"Expression419" [label="Expression"]
	"Assignment416" -> "Expression419"
	"Term420" [label="Term"]
	"Expression419" -> "Term420"
	"Factor421" [label="Factor"]
	"Term420" -> "Factor421"
	"Paren422" [label="Paren"]
	"Factor421" -> "Paren422"
	"Mem423" [label="Mem"]
	"Paren422" -> "Mem423"
	"Number424" [label="Number"]
	"Mem423" -> "Number424"
	"num425" [label="num",style=filled,fillcolor=powderblue]
	"Number424" -> "num425"
	"Factor2426" [label="Factor2"]
	"Factor421" -> "Factor2426"
	"e427" [label="e"]
	"Factor2426" -> "e427"
	"Term2428" [label="Term2"]
	"Term420" -> "Term2428"
	"e429" [label="e"]
	"Term2428" -> "e429"
	"Expression2430" [label="Expression2"]
	"Expression419" -> "Expression2430"
	"e431" [label="e"]
	"Expression2430" -> "e431"
	"]432" [label="]",style=filled,fillcolor=powderblue]
	"Assignment416" -> "]432"
	"=433" [label="=",style=filled,fillcolor=powderblue]
	"Assignment416" -> "=433"
	"Expression434" [label="Expression"]
	"Assignment416" -> "Expression434"
	"Term435" [label="Term"]
	"Expression434" -> "Term435"
	"Factor436" [label="Factor"]
	"Term435" -> "Factor436"
	"Paren437" [label="Paren"]
	"Factor436" -> "Paren437"
	"Mem438" [label="Mem"]
	"Paren437" -> "Mem438"
	"Number439" [label="Number"]
	"Mem438" -> "Number439"
	"num440" [label="num",style=filled,fillcolor=powderblue]
	"Number439" -> "num440"
	"Factor2441" [label="Factor2"]
	"Factor436" -> "Factor2441"
	"e442" [label="e"]
	"Factor2441" -> "e442"
	"Term2443" [label="Term2"]
	"Term435" -> "Term2443"
	"e444" [label="e"]
	"Term2443" -> "e444"
	"Expression2445" [label="Expression2"]
	"Expression434" -> "Expression2445"
	"-446" [label="-",style=filled,fillcolor=powderblue]
	"Expression2445" -> "-446"
	"Term447" [label="Term"]
	"Expression2445" -> "Term447"
	"Factor448" [label="Factor"]
	"Term447" -> "Factor448"
	"Paren449" [label="Paren"]
	"Factor448" -> "Paren449"
	"(450" [label="(",style=filled,fillcolor=powderblue]
	"Paren449" -> "(450"
	"Expression451" [label="Expression"]
	"Paren449" -> "Expression451"
	"Term452" [label="Term"]
	"Expression451" -> "Term452"
	"Factor453" [label="Factor"]
	"Term452" -> "Factor453"
	"Paren454" [label="Paren"]
	"Factor453" -> "Paren454"
	"Mem455" [label="Mem"]
	"Paren454" -> "Mem455"
	"m456" [label="m",style=filled,fillcolor=powderblue]
	"Mem455" -> "m456"
	"[457" [label="[",style=filled,fillcolor=powderblue]
	"Mem455" -> "[457"
	"Expression458" [label="Expression"]
	"Mem455" -> "Expression458"
	"Term459" [label="Term"]
	"Expression458" -> "Term459"
	"Factor460" [label="Factor"]
	"Term459" -> "Factor460"
	"Paren461" [label="Paren"]
	"Factor460" -> "Paren461"
	"Mem462" [label="Mem"]
	"Paren461" -> "Mem462"
	"Number463" [label="Number"]
	"Mem462" -> "Number463"
	"num464" [label="num",style=filled,fillcolor=powderblue]
	"Number463" -> "num464"
	"Factor2465" [label="Factor2"]
	"Factor460" -> "Factor2465"
	"e466" [label="e"]
	"Factor2465" -> "e466"
	"Term2467" [label="Term2"]
	"Term459" -> "Term2467"
	"e468" [label="e"]
	"Term2467" -> "e468"
	"Expression2469" [label="Expression2"]
	"Expression458" -> "Expression2469"
	"e470" [label="e"]
	"Expression2469" -> "e470"
	"]471" [label="]",style=filled,fillcolor=powderblue]
	"Mem455" -> "]471"
	"Factor2472" [label="Factor2"]
	"Factor453" -> "Factor2472"
	"e473" [label="e"]
	"Factor2472" -> "e473"
	"Term2474" [label="Term2"]
	"Term452" -> "Term2474"
	"e475" [label="e"]
	"Term2474" -> "e475"
	"Expression2476" [label="Expression2"]
	"Expression451" -> "Expression2476"
	"-477" [label="-",style=filled,fillcolor=powderblue]
	"Expression2476" -> "-477"
	"Term478" [label="Term"]
	"Expression2476" -> "Term478"
	"Factor479" [label="Factor"]
	"Term478" -> "Factor479"
	"Paren480" [label="Paren"]
	"Factor479" -> "Paren480"
	"Mem481" [label="Mem"]
	"Paren480" -> "Mem481"
	"Number482" [label="Number"]
	"Mem481" -> "Number482"
	"num483" [label="num",style=filled,fillcolor=powderblue]
	"Number482" -> "num483"
	"Factor2484" [label="Factor2"]
	"Factor479" -> "Factor2484"
	"e485" [label="e"]
	"Factor2484" -> "e485"
	"Term2486" [label="Term2"]
	"Term478" -> "Term2486"
	"e487" [label="e"]
	"Term2486" -> "e487"
	"Expression2488" [label="Expression2"]
	"Expression2476" -> "Expression2488"
	"e489" [label="e"]
	"Expression2488" -> "e489"
	")490" [label=")",style=filled,fillcolor=powderblue]
	"Paren449" -> ")490"
	"Factor2491" [label="Factor2"]
	"Factor448" -> "Factor2491"
	"e492" [label="e"]
	"Factor2491" -> "e492"
	"Term2493" [label="Term2"]
	"Term447" -> "Term2493"
	"e494" [label="e"]
	"Term2493" -> "e494"
	"Expression2495" [label="Expression2"]
	"Expression2445" -> "Expression2495"
	"e496" [label="e"]
	"Expression2495" -> "e496"
	"Statements2497" [label="Statements2"]
	"Statements2414" -> "Statements2497"
	"Statement498" [label="Statement"]
	"Statements2497" -> "Statement498"
	"Assignment499" [label="Assignment"]
	"Statement498" -> "Assignment499"
	"m500" [label="m",style=filled,fillcolor=powderblue]
	"Assignment499" -> "m500"
	"[501" [label="[",style=filled,fillcolor=powderblue]
	"Assignment499" -> "[501"
	"Expression502" [label="Expression"]
	"Assignment499" -> "Expression502"
	"Term503" [label="Term"]
	"Expression502" -> "Term503"
	"Factor504" [label="Factor"]
	"Term503" -> "Factor504"
	"Paren505" [label="Paren"]
	"Factor504" -> "Paren505"
	"Mem506" [label="Mem"]
	"Paren505" -> "Mem506"
	"Number507" [label="Number"]
	"Mem506" -> "Number507"
	"num508" [label="num",style=filled,fillcolor=powderblue]
	"Number507" -> "num508"
	"Factor2509" [label="Factor2"]
	"Factor504" -> "Factor2509"
	"e510" [label="e"]
	"Factor2509" -> "e510"
	"Term2511" [label="Term2"]
	"Term503" -> "Term2511"
	"e512" [label="e"]
	"Term2511" -> "e512"
	"Expression2513" [label="Expression2"]
	"Expression502" -> "Expression2513"
	"e514" [label="e"]
	"Expression2513" -> "e514"
	"]515" [label="]",style=filled,fillcolor=powderblue]
	"Assignment499" -> "]515"
	"=516" [label="=",style=filled,fillcolor=powderblue]
	"Assignment499" -> "=516"
	"Expression517" [label="Expression"]
	"Assignment499" -> "Expression517"
	"Term518" [label="Term"]
	"Expression517" -> "Term518"
	"Factor519" [label="Factor"]
	"Term518" -> "Factor519"
	"Paren520" [label="Paren"]
	"Factor519" -> "Paren520"
	"Mem521" [label="Mem"]
	"Paren520" -> "Mem521"
	"Number522" [label="Number"]
	"Mem521" -> "Number522"
	"num523" [label="num",style=filled,fillcolor=powderblue]
	"Number522" -> "num523"
	"Factor2524" [label="Factor2"]
	"Factor519" -> "Factor2524"
	"e525" [label="e"]
	"Factor2524" -> "e525"
	"Term2526" [label="Term2"]
	"Term518" -> "Term2526"
	"/527" [label="/",style=filled,fillcolor=powderblue]
	"Term2526" -> "/527"
	"Factor528" [label="Factor"]
	"Term2526" -> "Factor528"
	"Paren529" [label="Paren"]
	"Factor528" -> "Paren529"
	"Mem530" [label="Mem"]
	"Paren529" -> "Mem530"
	"Number531" [label="Number"]
	"Mem530" -> "Number531"
	"num532" [label="num",style=filled,fillcolor=powderblue]
	"Number531" -> "num532"
	"Factor2533" [label="Factor2"]
	"Factor528" -> "Factor2533"
	"e534" [label="e"]
	"Factor2533" -> "e534"
	"Term2535" [label="Term2"]
	"Term2526" -> "Term2535"
	"*536" [label="*",style=filled,fillcolor=powderblue]
	"Term2535" -> "*536"
	"Factor537" [label="Factor"]
	"Term2535" -> "Factor537"
	"Paren538" [label="Paren"]
	"Factor537" -> "Paren538"
	"Mem539" [label="Mem"]
	"Paren538" -> "Mem539"
	"Number540" [label="Number"]
	"Mem539" -> "Number540"
	"num541" [label="num",style=filled,fillcolor=powderblue]
	"Number540" -> "num541"
	"Factor2542" [label="Factor2"]
	"Factor537" -> "Factor2542"
	"e543" [label="e"]
	"Factor2542" -> "e543"
	"Term2544" [label="Term2"]
	"Term2535" -> "Term2544"
	"e545" [label="e"]
	"Term2544" -> "e545"
	"Expression2546" [label="Expression2"]
	"Expression517" -> "Expression2546"
	"e547" [label="e"]
	"Expression2546" -> "e547"
	"Statements2548" [label="Statements2"]
	"Statements2497" -> "Statements2548"
	"e549" [label="e"]
	"Statements2548" -> "e549"
};
};
};
};
};
