digraph G {
	"Start1" [label="Start"]
	"Statements2" [label="Statements"]
	"Start1" -> "Statements2"
	"Statement3" [label="Statement"]
	"Statements2" -> "Statement3"
	"Assignment4" [label="Assignment"]
	"Statement3" -> "Assignment4"
	"m5" [label="m",style=filled,fillcolor=powderblue]
	"Assignment4" -> "m5"
	"[6" [label="[",style=filled,fillcolor=powderblue]
	"Assignment4" -> "[6"
	"Expression7" [label="Expression"]
	"Assignment4" -> "Expression7"
	"Term8" [label="Term"]
	"Expression7" -> "Term8"
	"Factor9" [label="Factor"]
	"Term8" -> "Factor9"
	"Paren10" [label="Paren"]
	"Factor9" -> "Paren10"
	"Mem11" [label="Mem"]
	"Paren10" -> "Mem11"
	"Number12" [label="Number"]
	"Mem11" -> "Number12"
	"num13" [label="num",style=filled,fillcolor=powderblue]
	"Number12" -> "num13"
	"Factor214" [label="Factor2"]
	"Factor9" -> "Factor214"
	"e15" [label="e"]
	"Factor214" -> "e15"
	"Term216" [label="Term2"]
	"Term8" -> "Term216"
	"e17" [label="e"]
	"Term216" -> "e17"
	"Expression218" [label="Expression2"]
	"Expression7" -> "Expression218"
	"e19" [label="e"]
	"Expression218" -> "e19"
	"]20" [label="]",style=filled,fillcolor=powderblue]
	"Assignment4" -> "]20"
	"=21" [label="=",style=filled,fillcolor=powderblue]
	"Assignment4" -> "=21"
	"Expression22" [label="Expression"]
	"Assignment4" -> "Expression22"
	"Term23" [label="Term"]
	"Expression22" -> "Term23"
	"Factor24" [label="Factor"]
	"Term23" -> "Factor24"
	"Paren25" [label="Paren"]
	"Factor24" -> "Paren25"
	"Mem26" [label="Mem"]
	"Paren25" -> "Mem26"
	"Number27" [label="Number"]
	"Mem26" -> "Number27"
	"num28" [label="num",style=filled,fillcolor=powderblue]
	"Number27" -> "num28"
	"Factor229" [label="Factor2"]
	"Factor24" -> "Factor229"
	"e30" [label="e"]
	"Factor229" -> "e30"
	"Term231" [label="Term2"]
	"Term23" -> "Term231"
	"e32" [label="e"]
	"Term231" -> "e32"
	"Expression233" [label="Expression2"]
	"Expression22" -> "Expression233"
	"+34" [label="+",style=filled,fillcolor=powderblue]
	"Expression233" -> "+34"
	"Term35" [label="Term"]
	"Expression233" -> "Term35"
	"Factor36" [label="Factor"]
	"Term35" -> "Factor36"
	"Paren37" [label="Paren"]
	"Factor36" -> "Paren37"
	"Mem38" [label="Mem"]
	"Paren37" -> "Mem38"
	"Number39" [label="Number"]
	"Mem38" -> "Number39"
	"num40" [label="num",style=filled,fillcolor=powderblue]
	"Number39" -> "num40"
	"Factor241" [label="Factor2"]
	"Factor36" -> "Factor241"
	"e42" [label="e"]
	"Factor241" -> "e42"
	"Term243" [label="Term2"]
	"Term35" -> "Term243"
	"e44" [label="e"]
	"Term243" -> "e44"
	"Expression245" [label="Expression2"]
	"Expression233" -> "Expression245"
	"e46" [label="e"]
	"Expression245" -> "e46"
	"Statements247" [label="Statements2"]
	"Statements2" -> "Statements247"
	"Statement48" [label="Statement"]
	"Statements247" -> "Statement48"
	"Assignment49" [label="Assignment"]
	"Statement48" -> "Assignment49"
	"m50" [label="m",style=filled,fillcolor=powderblue]
	"Assignment49" -> "m50"
	"[51" [label="[",style=filled,fillcolor=powderblue]
	"Assignment49" -> "[51"
	"Expression52" [label="Expression"]
	"Assignment49" -> "Expression52"
	"Term53" [label="Term"]
	"Expression52" -> "Term53"
	"Factor54" [label="Factor"]
	"Term53" -> "Factor54"
	"Paren55" [label="Paren"]
	"Factor54" -> "Paren55"
	"Mem56" [label="Mem"]
	"Paren55" -> "Mem56"
	"Number57" [label="Number"]
	"Mem56" -> "Number57"
	"num58" [label="num",style=filled,fillcolor=powderblue]
	"Number57" -> "num58"
	"Factor259" [label="Factor2"]
	"Factor54" -> "Factor259"
	"e60" [label="e"]
	"Factor259" -> "e60"
	"Term261" [label="Term2"]
	"Term53" -> "Term261"
	"e62" [label="e"]
	"Term261" -> "e62"
	"Expression263" [label="Expression2"]
	"Expression52" -> "Expression263"
	"e64" [label="e"]
	"Expression263" -> "e64"
	"]65" [label="]",style=filled,fillcolor=powderblue]
	"Assignment49" -> "]65"
	"=66" [label="=",style=filled,fillcolor=powderblue]
	"Assignment49" -> "=66"
	"Expression67" [label="Expression"]
	"Assignment49" -> "Expression67"
	"Term68" [label="Term"]
	"Expression67" -> "Term68"
	"Factor69" [label="Factor"]
	"Term68" -> "Factor69"
	"Paren70" [label="Paren"]
	"Factor69" -> "Paren70"
	"Mem71" [label="Mem"]
	"Paren70" -> "Mem71"
	"Number72" [label="Number"]
	"Mem71" -> "Number72"
	"num73" [label="num",style=filled,fillcolor=powderblue]
	"Number72" -> "num73"
	"Factor274" [label="Factor2"]
	"Factor69" -> "Factor274"
	"e75" [label="e"]
	"Factor274" -> "e75"
	"Term276" [label="Term2"]
	"Term68" -> "Term276"
	"e77" [label="e"]
	"Term276" -> "e77"
	"Expression278" [label="Expression2"]
	"Expression67" -> "Expression278"
	"-79" [label="-",style=filled,fillcolor=powderblue]
	"Expression278" -> "-79"
	"Term80" [label="Term"]
	"Expression278" -> "Term80"
	"Factor81" [label="Factor"]
	"Term80" -> "Factor81"
	"Paren82" [label="Paren"]
	"Factor81" -> "Paren82"
	"(83" [label="(",style=filled,fillcolor=powderblue]
	"Paren82" -> "(83"
	"Expression84" [label="Expression"]
	"Paren82" -> "Expression84"
	"Term85" [label="Term"]
	"Expression84" -> "Term85"
	"Factor86" [label="Factor"]
	"Term85" -> "Factor86"
	"Paren87" [label="Paren"]
	"Factor86" -> "Paren87"
	"Mem88" [label="Mem"]
	"Paren87" -> "Mem88"
	"m89" [label="m",style=filled,fillcolor=powderblue]
	"Mem88" -> "m89"
	"[90" [label="[",style=filled,fillcolor=powderblue]
	"Mem88" -> "[90"
	"Expression91" [label="Expression"]
	"Mem88" -> "Expression91"
	"Term92" [label="Term"]
	"Expression91" -> "Term92"
	"Factor93" [label="Factor"]
	"Term92" -> "Factor93"
	"Paren94" [label="Paren"]
	"Factor93" -> "Paren94"
	"Mem95" [label="Mem"]
	"Paren94" -> "Mem95"
	"Number96" [label="Number"]
	"Mem95" -> "Number96"
	"num97" [label="num",style=filled,fillcolor=powderblue]
	"Number96" -> "num97"
	"Factor298" [label="Factor2"]
	"Factor93" -> "Factor298"
	"e99" [label="e"]
	"Factor298" -> "e99"
	"Term2100" [label="Term2"]
	"Term92" -> "Term2100"
	"e101" [label="e"]
	"Term2100" -> "e101"
	"Expression2102" [label="Expression2"]
	"Expression91" -> "Expression2102"
	"e103" [label="e"]
	"Expression2102" -> "e103"
	"]104" [label="]",style=filled,fillcolor=powderblue]
	"Mem88" -> "]104"
	"Factor2105" [label="Factor2"]
	"Factor86" -> "Factor2105"
	"e106" [label="e"]
	"Factor2105" -> "e106"
	"Term2107" [label="Term2"]
	"Term85" -> "Term2107"
	"e108" [label="e"]
	"Term2107" -> "e108"
	"Expression2109" [label="Expression2"]
	"Expression84" -> "Expression2109"
	"-110" [label="-",style=filled,fillcolor=powderblue]
	"Expression2109" -> "-110"
	"Term111" [label="Term"]
	"Expression2109" -> "Term111"
	"Factor112" [label="Factor"]
	"Term111" -> "Factor112"
	"Paren113" [label="Paren"]
	"Factor112" -> "Paren113"
	"Mem114" [label="Mem"]
	"Paren113" -> "Mem114"
	"Number115" [label="Number"]
	"Mem114" -> "Number115"
	"num116" [label="num",style=filled,fillcolor=powderblue]
	"Number115" -> "num116"
	"Factor2117" [label="Factor2"]
	"Factor112" -> "Factor2117"
	"e118" [label="e"]
	"Factor2117" -> "e118"
	"Term2119" [label="Term2"]
	"Term111" -> "Term2119"
	"e120" [label="e"]
	"Term2119" -> "e120"
	"Expression2121" [label="Expression2"]
	"Expression2109" -> "Expression2121"
	"e122" [label="e"]
	"Expression2121" -> "e122"
	")123" [label=")",style=filled,fillcolor=powderblue]
	"Paren82" -> ")123"
	"Factor2124" [label="Factor2"]
	"Factor81" -> "Factor2124"
	"e125" [label="e"]
	"Factor2124" -> "e125"
	"Term2126" [label="Term2"]
	"Term80" -> "Term2126"
	"e127" [label="e"]
	"Term2126" -> "e127"
	"Expression2128" [label="Expression2"]
	"Expression278" -> "Expression2128"
	"e129" [label="e"]
	"Expression2128" -> "e129"
	"Statements2130" [label="Statements2"]
	"Statements247" -> "Statements2130"
	"Statement131" [label="Statement"]
	"Statements2130" -> "Statement131"
	"Assignment132" [label="Assignment"]
	"Statement131" -> "Assignment132"
	"m133" [label="m",style=filled,fillcolor=powderblue]
	"Assignment132" -> "m133"
	"[134" [label="[",style=filled,fillcolor=powderblue]
	"Assignment132" -> "[134"
	"Expression135" [label="Expression"]
	"Assignment132" -> "Expression135"
	"Term136" [label="Term"]
	"Expression135" -> "Term136"
	"Factor137" [label="Factor"]
	"Term136" -> "Factor137"
	"Paren138" [label="Paren"]
	"Factor137" -> "Paren138"
	"Mem139" [label="Mem"]
	"Paren138" -> "Mem139"
	"Number140" [label="Number"]
	"Mem139" -> "Number140"
	"num141" [label="num",style=filled,fillcolor=powderblue]
	"Number140" -> "num141"
	"Factor2142" [label="Factor2"]
	"Factor137" -> "Factor2142"
	"e143" [label="e"]
	"Factor2142" -> "e143"
	"Term2144" [label="Term2"]
	"Term136" -> "Term2144"
	"e145" [label="e"]
	"Term2144" -> "e145"
	"Expression2146" [label="Expression2"]
	"Expression135" -> "Expression2146"
	"e147" [label="e"]
	"Expression2146" -> "e147"
	"]148" [label="]",style=filled,fillcolor=powderblue]
	"Assignment132" -> "]148"
	"=149" [label="=",style=filled,fillcolor=powderblue]
	"Assignment132" -> "=149"
	"Expression150" [label="Expression"]
	"Assignment132" -> "Expression150"
	"Term151" [label="Term"]
	"Expression150" -> "Term151"
	"Factor152" [label="Factor"]
	"Term151" -> "Factor152"
	"Paren153" [label="Paren"]
	"Factor152" -> "Paren153"
	"Mem154" [label="Mem"]
	"Paren153" -> "Mem154"
	"Number155" [label="Number"]
	"Mem154" -> "Number155"
	"num156" [label="num",style=filled,fillcolor=powderblue]
	"Number155" -> "num156"
	"Factor2157" [label="Factor2"]
	"Factor152" -> "Factor2157"
	"e158" [label="e"]
	"Factor2157" -> "e158"
	"Term2159" [label="Term2"]
	"Term151" -> "Term2159"
	"e160" [label="e"]
	"Term2159" -> "e160"
	"Expression2161" [label="Expression2"]
	"Expression150" -> "Expression2161"
	"+162" [label="+",style=filled,fillcolor=powderblue]
	"Expression2161" -> "+162"
	"Term163" [label="Term"]
	"Expression2161" -> "Term163"
	"Factor164" [label="Factor"]
	"Term163" -> "Factor164"
	"Paren165" [label="Paren"]
	"Factor164" -> "Paren165"
	"Mem166" [label="Mem"]
	"Paren165" -> "Mem166"
	"m167" [label="m",style=filled,fillcolor=powderblue]
	"Mem166" -> "m167"
	"[168" [label="[",style=filled,fillcolor=powderblue]
	"Mem166" -> "[168"
	"Expression169" [label="Expression"]
	"Mem166" -> "Expression169"
	"Term170" [label="Term"]
	"Expression169" -> "Term170"
	"Factor171" [label="Factor"]
	"Term170" -> "Factor171"
	"Paren172" [label="Paren"]
	"Factor171" -> "Paren172"
	"Mem173" [label="Mem"]
	"Paren172" -> "Mem173"
	"Number174" [label="Number"]
	"Mem173" -> "Number174"
	"num175" [label="num",style=filled,fillcolor=powderblue]
	"Number174" -> "num175"
	"Factor2176" [label="Factor2"]
	"Factor171" -> "Factor2176"
	"e177" [label="e"]
	"Factor2176" -> "e177"
	"Term2178" [label="Term2"]
	"Term170" -> "Term2178"
	"e179" [label="e"]
	"Term2178" -> "e179"
	"Expression2180" [label="Expression2"]
	"Expression169" -> "Expression2180"
	"e181" [label="e"]
	"Expression2180" -> "e181"
	"]182" [label="]",style=filled,fillcolor=powderblue]
	"Mem166" -> "]182"
	"Factor2183" [label="Factor2"]
	"Factor164" -> "Factor2183"
	"e184" [label="e"]
	"Factor2183" -> "e184"
	"Term2185" [label="Term2"]
	"Term163" -> "Term2185"
	"e186" [label="e"]
	"Term2185" -> "e186"
	"Expression2187" [label="Expression2"]
	"Expression2161" -> "Expression2187"
	"e188" [label="e"]
	"Expression2187" -> "e188"
	"Statements2189" [label="Statements2"]
	"Statements2130" -> "Statements2189"
	"Statement190" [label="Statement"]
	"Statements2189" -> "Statement190"
	"Assignment191" [label="Assignment"]
	"Statement190" -> "Assignment191"
	"m192" [label="m",style=filled,fillcolor=powderblue]
	"Assignment191" -> "m192"
	"[193" [label="[",style=filled,fillcolor=powderblue]
	"Assignment191" -> "[193"
	"Expression194" [label="Expression"]
	"Assignment191" -> "Expression194"
	"Term195" [label="Term"]
	"Expression194" -> "Term195"
	"Factor196" [label="Factor"]
	"Term195" -> "Factor196"
	"Paren197" [label="Paren"]
	"Factor196" -> "Paren197"
	"Mem198" [label="Mem"]
	"Paren197" -> "Mem198"
	"Number199" [label="Number"]
	"Mem198" -> "Number199"
	"num200" [label="num",style=filled,fillcolor=powderblue]
	"Number199" -> "num200"
	"Factor2201" [label="Factor2"]
	"Factor196" -> "Factor2201"
	"e202" [label="e"]
	"Factor2201" -> "e202"
	"Term2203" [label="Term2"]
	"Term195" -> "Term2203"
	"e204" [label="e"]
	"Term2203" -> "e204"
	"Expression2205" [label="Expression2"]
	"Expression194" -> "Expression2205"
	"e206" [label="e"]
	"Expression2205" -> "e206"
	"]207" [label="]",style=filled,fillcolor=powderblue]
	"Assignment191" -> "]207"
	"=208" [label="=",style=filled,fillcolor=powderblue]
	"Assignment191" -> "=208"
	"Expression209" [label="Expression"]
	"Assignment191" -> "Expression209"
	"Term210" [label="Term"]
	"Expression209" -> "Term210"
	"Factor211" [label="Factor"]
	"Term210" -> "Factor211"
	"Paren212" [label="Paren"]
	"Factor211" -> "Paren212"
	"Mem213" [label="Mem"]
	"Paren212" -> "Mem213"
	"Number214" [label="Number"]
	"Mem213" -> "Number214"
	"num215" [label="num",style=filled,fillcolor=powderblue]
	"Number214" -> "num215"
	"Factor2216" [label="Factor2"]
	"Factor211" -> "Factor2216"
	"e217" [label="e"]
	"Factor2216" -> "e217"
	"Term2218" [label="Term2"]
	"Term210" -> "Term2218"
	"e219" [label="e"]
	"Term2218" -> "e219"
	"Expression2220" [label="Expression2"]
	"Expression209" -> "Expression2220"
	"-221" [label="-",style=filled,fillcolor=powderblue]
	"Expression2220" -> "-221"
	"Term222" [label="Term"]
	"Expression2220" -> "Term222"
	"Factor223" [label="Factor"]
	"Term222" -> "Factor223"
	"Paren224" [label="Paren"]
	"Factor223" -> "Paren224"
	"Mem225" [label="Mem"]
	"Paren224" -> "Mem225"
	"m226" [label="m",style=filled,fillcolor=powderblue]
	"Mem225" -> "m226"
	"[227" [label="[",style=filled,fillcolor=powderblue]
	"Mem225" -> "[227"
	"Expression228" [label="Expression"]
	"Mem225" -> "Expression228"
	"Term229" [label="Term"]
	"Expression228" -> "Term229"
	"Factor230" [label="Factor"]
	"Term229" -> "Factor230"
	"Paren231" [label="Paren"]
	"Factor230" -> "Paren231"
	"Mem232" [label="Mem"]
	"Paren231" -> "Mem232"
	"Number233" [label="Number"]
	"Mem232" -> "Number233"
	"num234" [label="num",style=filled,fillcolor=powderblue]
	"Number233" -> "num234"
	"Factor2235" [label="Factor2"]
	"Factor230" -> "Factor2235"
	"**236" [label="**",style=filled,fillcolor=powderblue]
	"Factor2235" -> "**236"
	"Paren237" [label="Paren"]
	"Factor2235" -> "Paren237"
	"Mem238" [label="Mem"]
	"Paren237" -> "Mem238"
	"Number239" [label="Number"]
	"Mem238" -> "Number239"
	"num240" [label="num",style=filled,fillcolor=powderblue]
	"Number239" -> "num240"
	"Factor2241" [label="Factor2"]
	"Factor2235" -> "Factor2241"
	"e242" [label="e"]
	"Factor2241" -> "e242"
	"Term2243" [label="Term2"]
	"Term229" -> "Term2243"
	"*244" [label="*",style=filled,fillcolor=powderblue]
	"Term2243" -> "*244"
	"Factor245" [label="Factor"]
	"Term2243" -> "Factor245"
	"Paren246" [label="Paren"]
	"Factor245" -> "Paren246"
	"Mem247" [label="Mem"]
	"Paren246" -> "Mem247"
	"Number248" [label="Number"]
	"Mem247" -> "Number248"
	"num249" [label="num",style=filled,fillcolor=powderblue]
	"Number248" -> "num249"
	"Factor2250" [label="Factor2"]
	"Factor245" -> "Factor2250"
	"e251" [label="e"]
	"Factor2250" -> "e251"
	"Term2252" [label="Term2"]
	"Term2243" -> "Term2252"
	"e253" [label="e"]
	"Term2252" -> "e253"
	"Expression2254" [label="Expression2"]
	"Expression228" -> "Expression2254"
	"-255" [label="-",style=filled,fillcolor=powderblue]
	"Expression2254" -> "-255"
	"Term256" [label="Term"]
	"Expression2254" -> "Term256"
	"Factor257" [label="Factor"]
	"Term256" -> "Factor257"
	"Paren258" [label="Paren"]
	"Factor257" -> "Paren258"
	"Mem259" [label="Mem"]
	"Paren258" -> "Mem259"
	"Number260" [label="Number"]
	"Mem259" -> "Number260"
	"num261" [label="num",style=filled,fillcolor=powderblue]
	"Number260" -> "num261"
	"Factor2262" [label="Factor2"]
	"Factor257" -> "Factor2262"
	"e263" [label="e"]
	"Factor2262" -> "e263"
	"Term2264" [label="Term2"]
	"Term256" -> "Term2264"
	"e265" [label="e"]
	"Term2264" -> "e265"
	"Expression2266" [label="Expression2"]
	"Expression2254" -> "Expression2266"
	"e267" [label="e"]
	"Expression2266" -> "e267"
	"]268" [label="]",style=filled,fillcolor=powderblue]
	"Mem225" -> "]268"
	"Factor2269" [label="Factor2"]
	"Factor223" -> "Factor2269"
	"e270" [label="e"]
	"Factor2269" -> "e270"
	"Term2271" [label="Term2"]
	"Term222" -> "Term2271"
	"e272" [label="e"]
	"Term2271" -> "e272"
	"Expression2273" [label="Expression2"]
	"Expression2220" -> "Expression2273"
	"-274" [label="-",style=filled,fillcolor=powderblue]
	"Expression2273" -> "-274"
	"Term275" [label="Term"]
	"Expression2273" -> "Term275"
	"Factor276" [label="Factor"]
	"Term275" -> "Factor276"
	"Paren277" [label="Paren"]
	"Factor276" -> "Paren277"
	"Mem278" [label="Mem"]
	"Paren277" -> "Mem278"
	"Number279" [label="Number"]
	"Mem278" -> "Number279"
	"num280" [label="num",style=filled,fillcolor=powderblue]
	"Number279" -> "num280"
	"Factor2281" [label="Factor2"]
	"Factor276" -> "Factor2281"
	"e282" [label="e"]
	"Factor2281" -> "e282"
	"Term2283" [label="Term2"]
	"Term275" -> "Term2283"
	"e284" [label="e"]
	"Term2283" -> "e284"
	"Expression2285" [label="Expression2"]
	"Expression2273" -> "Expression2285"
	"e286" [label="e"]
	"Expression2285" -> "e286"
	"Statements2287" [label="Statements2"]
	"Statements2189" -> "Statements2287"
	"Statement288" [label="Statement"]
	"Statements2287" -> "Statement288"
	"Label289" [label="Label"]
	"Statement288" -> "Label289"
	"L290" [label="L",style=filled,fillcolor=powderblue]
	"Label289" -> "L290"
	"num291" [label="num",style=filled,fillcolor=powderblue]
	"Label289" -> "num291"
	":292" [label=":",style=filled,fillcolor=powderblue]
	"Label289" -> ":292"
	"Statements2293" [label="Statements2"]
	"Statements2287" -> "Statements2293"
	"Statement294" [label="Statement"]
	"Statements2293" -> "Statement294"
	"Assignment295" [label="Assignment"]
	"Statement294" -> "Assignment295"
	"m296" [label="m",style=filled,fillcolor=powderblue]
	"Assignment295" -> "m296"
	"[297" [label="[",style=filled,fillcolor=powderblue]
	"Assignment295" -> "[297"
	"Expression298" [label="Expression"]
	"Assignment295" -> "Expression298"
	"Term299" [label="Term"]
	"Expression298" -> "Term299"
	"Factor300" [label="Factor"]
	"Term299" -> "Factor300"
	"Paren301" [label="Paren"]
	"Factor300" -> "Paren301"
	"Mem302" [label="Mem"]
	"Paren301" -> "Mem302"
	"Number303" [label="Number"]
	"Mem302" -> "Number303"
	"num304" [label="num",style=filled,fillcolor=powderblue]
	"Number303" -> "num304"
	"Factor2305" [label="Factor2"]
	"Factor300" -> "Factor2305"
	"e306" [label="e"]
	"Factor2305" -> "e306"
	"Term2307" [label="Term2"]
	"Term299" -> "Term2307"
	"e308" [label="e"]
	"Term2307" -> "e308"
	"Expression2309" [label="Expression2"]
	"Expression298" -> "Expression2309"
	"e310" [label="e"]
	"Expression2309" -> "e310"
	"]311" [label="]",style=filled,fillcolor=powderblue]
	"Assignment295" -> "]311"
	"=312" [label="=",style=filled,fillcolor=powderblue]
	"Assignment295" -> "=312"
	"Expression313" [label="Expression"]
	"Assignment295" -> "Expression313"
	"Term314" [label="Term"]
	"Expression313" -> "Term314"
	"Factor315" [label="Factor"]
	"Term314" -> "Factor315"
	"Paren316" [label="Paren"]
	"Factor315" -> "Paren316"
	"Mem317" [label="Mem"]
	"Paren316" -> "Mem317"
	"Number318" [label="Number"]
	"Mem317" -> "Number318"
	"num319" [label="num",style=filled,fillcolor=powderblue]
	"Number318" -> "num319"
	"Factor2320" [label="Factor2"]
	"Factor315" -> "Factor2320"
	"e321" [label="e"]
	"Factor2320" -> "e321"
	"Term2322" [label="Term2"]
	"Term314" -> "Term2322"
	"e323" [label="e"]
	"Term2322" -> "e323"
	"Expression2324" [label="Expression2"]
	"Expression313" -> "Expression2324"
	"-325" [label="-",style=filled,fillcolor=powderblue]
	"Expression2324" -> "-325"
	"Term326" [label="Term"]
	"Expression2324" -> "Term326"
	"Factor327" [label="Factor"]
	"Term326" -> "Factor327"
	"Paren328" [label="Paren"]
	"Factor327" -> "Paren328"
	"(329" [label="(",style=filled,fillcolor=powderblue]
	"Paren328" -> "(329"
	"Expression330" [label="Expression"]
	"Paren328" -> "Expression330"
	"Term331" [label="Term"]
	"Expression330" -> "Term331"
	"Factor332" [label="Factor"]
	"Term331" -> "Factor332"
	"Paren333" [label="Paren"]
	"Factor332" -> "Paren333"
	"Mem334" [label="Mem"]
	"Paren333" -> "Mem334"
	"m335" [label="m",style=filled,fillcolor=powderblue]
	"Mem334" -> "m335"
	"[336" [label="[",style=filled,fillcolor=powderblue]
	"Mem334" -> "[336"
	"Expression337" [label="Expression"]
	"Mem334" -> "Expression337"
	"Term338" [label="Term"]
	"Expression337" -> "Term338"
	"Factor339" [label="Factor"]
	"Term338" -> "Factor339"
	"Paren340" [label="Paren"]
	"Factor339" -> "Paren340"
	"Mem341" [label="Mem"]
	"Paren340" -> "Mem341"
	"Number342" [label="Number"]
	"Mem341" -> "Number342"
	"num343" [label="num",style=filled,fillcolor=powderblue]
	"Number342" -> "num343"
	"Factor2344" [label="Factor2"]
	"Factor339" -> "Factor2344"
	"e345" [label="e"]
	"Factor2344" -> "e345"
	"Term2346" [label="Term2"]
	"Term338" -> "Term2346"
	"e347" [label="e"]
	"Term2346" -> "e347"
	"Expression2348" [label="Expression2"]
	"Expression337" -> "Expression2348"
	"e349" [label="e"]
	"Expression2348" -> "e349"
	"]350" [label="]",style=filled,fillcolor=powderblue]
	"Mem334" -> "]350"
	"Factor2351" [label="Factor2"]
	"Factor332" -> "Factor2351"
	"e352" [label="e"]
	"Factor2351" -> "e352"
	"Term2353" [label="Term2"]
	"Term331" -> "Term2353"
	"e354" [label="e"]
	"Term2353" -> "e354"
	"Expression2355" [label="Expression2"]
	"Expression330" -> "Expression2355"
	"-356" [label="-",style=filled,fillcolor=powderblue]
	"Expression2355" -> "-356"
	"Term357" [label="Term"]
	"Expression2355" -> "Term357"
	"Factor358" [label="Factor"]
	"Term357" -> "Factor358"
	"Paren359" [label="Paren"]
	"Factor358" -> "Paren359"
	"Mem360" [label="Mem"]
	"Paren359" -> "Mem360"
	"Number361" [label="Number"]
	"Mem360" -> "Number361"
	"num362" [label="num",style=filled,fillcolor=powderblue]
	"Number361" -> "num362"
	"Factor2363" [label="Factor2"]
	"Factor358" -> "Factor2363"
	"e364" [label="e"]
	"Factor2363" -> "e364"
	"Term2365" [label="Term2"]
	"Term357" -> "Term2365"
	"e366" [label="e"]
	"Term2365" -> "e366"
	"Expression2367" [label="Expression2"]
	"Expression2355" -> "Expression2367"
	"e368" [label="e"]
	"Expression2367" -> "e368"
	")369" [label=")",style=filled,fillcolor=powderblue]
	"Paren328" -> ")369"
	"Factor2370" [label="Factor2"]
	"Factor327" -> "Factor2370"
	"e371" [label="e"]
	"Factor2370" -> "e371"
	"Term2372" [label="Term2"]
	"Term326" -> "Term2372"
	"e373" [label="e"]
	"Term2372" -> "e373"
	"Expression2374" [label="Expression2"]
	"Expression2324" -> "Expression2374"
	"e375" [label="e"]
	"Expression2374" -> "e375"
	"Statements2376" [label="Statements2"]
	"Statements2293" -> "Statements2376"
	"Statement377" [label="Statement"]
	"Statements2376" -> "Statement377"
	"Assignment378" [label="Assignment"]
	"Statement377" -> "Assignment378"
	"m379" [label="m",style=filled,fillcolor=powderblue]
	"Assignment378" -> "m379"
	"[380" [label="[",style=filled,fillcolor=powderblue]
	"Assignment378" -> "[380"
	"Expression381" [label="Expression"]
	"Assignment378" -> "Expression381"
	"Term382" [label="Term"]
	"Expression381" -> "Term382"
	"Factor383" [label="Factor"]
	"Term382" -> "Factor383"
	"Paren384" [label="Paren"]
	"Factor383" -> "Paren384"
	"Mem385" [label="Mem"]
	"Paren384" -> "Mem385"
	"Number386" [label="Number"]
	"Mem385" -> "Number386"
	"num387" [label="num",style=filled,fillcolor=powderblue]
	"Number386" -> "num387"
	"Factor2388" [label="Factor2"]
	"Factor383" -> "Factor2388"
	"e389" [label="e"]
	"Factor2388" -> "e389"
	"Term2390" [label="Term2"]
	"Term382" -> "Term2390"
	"e391" [label="e"]
	"Term2390" -> "e391"
	"Expression2392" [label="Expression2"]
	"Expression381" -> "Expression2392"
	"e393" [label="e"]
	"Expression2392" -> "e393"
	"]394" [label="]",style=filled,fillcolor=powderblue]
	"Assignment378" -> "]394"
	"=395" [label="=",style=filled,fillcolor=powderblue]
	"Assignment378" -> "=395"
	"Expression396" [label="Expression"]
	"Assignment378" -> "Expression396"
	"Term397" [label="Term"]
	"Expression396" -> "Term397"
	"Factor398" [label="Factor"]
	"Term397" -> "Factor398"
	"Paren399" [label="Paren"]
	"Factor398" -> "Paren399"
	"Mem400" [label="Mem"]
	"Paren399" -> "Mem400"
	"Number401" [label="Number"]
	"Mem400" -> "Number401"
	"num402" [label="num",style=filled,fillcolor=powderblue]
	"Number401" -> "num402"
	"Factor2403" [label="Factor2"]
	"Factor398" -> "Factor2403"
	"e404" [label="e"]
	"Factor2403" -> "e404"
	"Term2405" [label="Term2"]
	"Term397" -> "Term2405"
	"/406" [label="/",style=filled,fillcolor=powderblue]
	"Term2405" -> "/406"
	"Factor407" [label="Factor"]
	"Term2405" -> "Factor407"
	"Paren408" [label="Paren"]
	"Factor407" -> "Paren408"
	"Mem409" [label="Mem"]
	"Paren408" -> "Mem409"
	"Number410" [label="Number"]
	"Mem409" -> "Number410"
	"num411" [label="num",style=filled,fillcolor=powderblue]
	"Number410" -> "num411"
	"Factor2412" [label="Factor2"]
	"Factor407" -> "Factor2412"
	"e413" [label="e"]
	"Factor2412" -> "e413"
	"Term2414" [label="Term2"]
	"Term2405" -> "Term2414"
	"*415" [label="*",style=filled,fillcolor=powderblue]
	"Term2414" -> "*415"
	"Factor416" [label="Factor"]
	"Term2414" -> "Factor416"
	"Paren417" [label="Paren"]
	"Factor416" -> "Paren417"
	"Mem418" [label="Mem"]
	"Paren417" -> "Mem418"
	"Number419" [label="Number"]
	"Mem418" -> "Number419"
	"num420" [label="num",style=filled,fillcolor=powderblue]
	"Number419" -> "num420"
	"Factor2421" [label="Factor2"]
	"Factor416" -> "Factor2421"
	"e422" [label="e"]
	"Factor2421" -> "e422"
	"Term2423" [label="Term2"]
	"Term2414" -> "Term2423"
	"e424" [label="e"]
	"Term2423" -> "e424"
	"Expression2425" [label="Expression2"]
	"Expression396" -> "Expression2425"
	"e426" [label="e"]
	"Expression2425" -> "e426"
	"Statements2427" [label="Statements2"]
	"Statements2376" -> "Statements2427"
	"Statement428" [label="Statement"]
	"Statements2427" -> "Statement428"
	"Assignment429" [label="Assignment"]
	"Statement428" -> "Assignment429"
	"m430" [label="m",style=filled,fillcolor=powderblue]
	"Assignment429" -> "m430"
	"[431" [label="[",style=filled,fillcolor=powderblue]
	"Assignment429" -> "[431"
	"Expression432" [label="Expression"]
	"Assignment429" -> "Expression432"
	"Term433" [label="Term"]
	"Expression432" -> "Term433"
	"Factor434" [label="Factor"]
	"Term433" -> "Factor434"
	"Paren435" [label="Paren"]
	"Factor434" -> "Paren435"
	"Mem436" [label="Mem"]
	"Paren435" -> "Mem436"
	"Number437" [label="Number"]
	"Mem436" -> "Number437"
	"num438" [label="num",style=filled,fillcolor=powderblue]
	"Number437" -> "num438"
	"Factor2439" [label="Factor2"]
	"Factor434" -> "Factor2439"
	"e440" [label="e"]
	"Factor2439" -> "e440"
	"Term2441" [label="Term2"]
	"Term433" -> "Term2441"
	"e442" [label="e"]
	"Term2441" -> "e442"
	"Expression2443" [label="Expression2"]
	"Expression432" -> "Expression2443"
	"e444" [label="e"]
	"Expression2443" -> "e444"
	"]445" [label="]",style=filled,fillcolor=powderblue]
	"Assignment429" -> "]445"
	"=446" [label="=",style=filled,fillcolor=powderblue]
	"Assignment429" -> "=446"
	"Expression447" [label="Expression"]
	"Assignment429" -> "Expression447"
	"Term448" [label="Term"]
	"Expression447" -> "Term448"
	"Factor449" [label="Factor"]
	"Term448" -> "Factor449"
	"Paren450" [label="Paren"]
	"Factor449" -> "Paren450"
	"Mem451" [label="Mem"]
	"Paren450" -> "Mem451"
	"Number452" [label="Number"]
	"Mem451" -> "Number452"
	"num453" [label="num",style=filled,fillcolor=powderblue]
	"Number452" -> "num453"
	"Factor2454" [label="Factor2"]
	"Factor449" -> "Factor2454"
	"e455" [label="e"]
	"Factor2454" -> "e455"
	"Term2456" [label="Term2"]
	"Term448" -> "Term2456"
	"/457" [label="/",style=filled,fillcolor=powderblue]
	"Term2456" -> "/457"
	"Factor458" [label="Factor"]
	"Term2456" -> "Factor458"
	"Paren459" [label="Paren"]
	"Factor458" -> "Paren459"
	"Mem460" [label="Mem"]
	"Paren459" -> "Mem460"
	"Number461" [label="Number"]
	"Mem460" -> "Number461"
	"num462" [label="num",style=filled,fillcolor=powderblue]
	"Number461" -> "num462"
	"Factor2463" [label="Factor2"]
	"Factor458" -> "Factor2463"
	"e464" [label="e"]
	"Factor2463" -> "e464"
	"Term2465" [label="Term2"]
	"Term2456" -> "Term2465"
	"*466" [label="*",style=filled,fillcolor=powderblue]
	"Term2465" -> "*466"
	"Factor467" [label="Factor"]
	"Term2465" -> "Factor467"
	"Paren468" [label="Paren"]
	"Factor467" -> "Paren468"
	"Mem469" [label="Mem"]
	"Paren468" -> "Mem469"
	"Number470" [label="Number"]
	"Mem469" -> "Number470"
	"num471" [label="num",style=filled,fillcolor=powderblue]
	"Number470" -> "num471"
	"Factor2472" [label="Factor2"]
	"Factor467" -> "Factor2472"
	"e473" [label="e"]
	"Factor2472" -> "e473"
	"Term2474" [label="Term2"]
	"Term2465" -> "Term2474"
	"e475" [label="e"]
	"Term2474" -> "e475"
	"Expression2476" [label="Expression2"]
	"Expression447" -> "Expression2476"
	"e477" [label="e"]
	"Expression2476" -> "e477"
	"Statements2478" [label="Statements2"]
	"Statements2427" -> "Statements2478"
	"Statement479" [label="Statement"]
	"Statements2478" -> "Statement479"
	"Jump480" [label="Jump"]
	"Statement479" -> "Jump480"
	"goto481" [label="goto",style=filled,fillcolor=powderblue]
	"Jump480" -> "goto481"
	"num482" [label="num",style=filled,fillcolor=powderblue]
	"Jump480" -> "num482"
	"Statements2483" [label="Statements2"]
	"Statements2478" -> "Statements2483"
	"Statement484" [label="Statement"]
	"Statements2483" -> "Statement484"
	"Assignment485" [label="Assignment"]
	"Statement484" -> "Assignment485"
	"m486" [label="m",style=filled,fillcolor=powderblue]
	"Assignment485" -> "m486"
	"[487" [label="[",style=filled,fillcolor=powderblue]
	"Assignment485" -> "[487"
	"Expression488" [label="Expression"]
	"Assignment485" -> "Expression488"
	"Term489" [label="Term"]
	"Expression488" -> "Term489"
	"Factor490" [label="Factor"]
	"Term489" -> "Factor490"
	"Paren491" [label="Paren"]
	"Factor490" -> "Paren491"
	"Mem492" [label="Mem"]
	"Paren491" -> "Mem492"
	"Number493" [label="Number"]
	"Mem492" -> "Number493"
	"num494" [label="num",style=filled,fillcolor=powderblue]
	"Number493" -> "num494"
	"Factor2495" [label="Factor2"]
	"Factor490" -> "Factor2495"
	"e496" [label="e"]
	"Factor2495" -> "e496"
	"Term2497" [label="Term2"]
	"Term489" -> "Term2497"
	"e498" [label="e"]
	"Term2497" -> "e498"
	"Expression2499" [label="Expression2"]
	"Expression488" -> "Expression2499"
	"e500" [label="e"]
	"Expression2499" -> "e500"
	"]501" [label="]",style=filled,fillcolor=powderblue]
	"Assignment485" -> "]501"
	"=502" [label="=",style=filled,fillcolor=powderblue]
	"Assignment485" -> "=502"
	"Expression503" [label="Expression"]
	"Assignment485" -> "Expression503"
	"Term504" [label="Term"]
	"Expression503" -> "Term504"
	"Factor505" [label="Factor"]
	"Term504" -> "Factor505"
	"Paren506" [label="Paren"]
	"Factor505" -> "Paren506"
	"Mem507" [label="Mem"]
	"Paren506" -> "Mem507"
	"Number508" [label="Number"]
	"Mem507" -> "Number508"
	"num509" [label="num",style=filled,fillcolor=powderblue]
	"Number508" -> "num509"
	"Factor2510" [label="Factor2"]
	"Factor505" -> "Factor2510"
	"e511" [label="e"]
	"Factor2510" -> "e511"
	"Term2512" [label="Term2"]
	"Term504" -> "Term2512"
	"e513" [label="e"]
	"Term2512" -> "e513"
	"Expression2514" [label="Expression2"]
	"Expression503" -> "Expression2514"
	"+515" [label="+",style=filled,fillcolor=powderblue]
	"Expression2514" -> "+515"
	"Term516" [label="Term"]
	"Expression2514" -> "Term516"
	"Factor517" [label="Factor"]
	"Term516" -> "Factor517"
	"Paren518" [label="Paren"]
	"Factor517" -> "Paren518"
	"Mem519" [label="Mem"]
	"Paren518" -> "Mem519"
	"m520" [label="m",style=filled,fillcolor=powderblue]
	"Mem519" -> "m520"
	"[521" [label="[",style=filled,fillcolor=powderblue]
	"Mem519" -> "[521"
	"Expression522" [label="Expression"]
	"Mem519" -> "Expression522"
	"Term523" [label="Term"]
	"Expression522" -> "Term523"
	"Factor524" [label="Factor"]
	"Term523" -> "Factor524"
	"Paren525" [label="Paren"]
	"Factor524" -> "Paren525"
	"Mem526" [label="Mem"]
	"Paren525" -> "Mem526"
	"Number527" [label="Number"]
	"Mem526" -> "Number527"
	"num528" [label="num",style=filled,fillcolor=powderblue]
	"Number527" -> "num528"
	"Factor2529" [label="Factor2"]
	"Factor524" -> "Factor2529"
	"e530" [label="e"]
	"Factor2529" -> "e530"
	"Term2531" [label="Term2"]
	"Term523" -> "Term2531"
	"e532" [label="e"]
	"Term2531" -> "e532"
	"Expression2533" [label="Expression2"]
	"Expression522" -> "Expression2533"
	"e534" [label="e"]
	"Expression2533" -> "e534"
	"]535" [label="]",style=filled,fillcolor=powderblue]
	"Mem519" -> "]535"
	"Factor2536" [label="Factor2"]
	"Factor517" -> "Factor2536"
	"e537" [label="e"]
	"Factor2536" -> "e537"
	"Term2538" [label="Term2"]
	"Term516" -> "Term2538"
	"e539" [label="e"]
	"Term2538" -> "e539"
	"Expression2540" [label="Expression2"]
	"Expression2514" -> "Expression2540"
	"e541" [label="e"]
	"Expression2540" -> "e541"
	"Statements2542" [label="Statements2"]
	"Statements2483" -> "Statements2542"
	"Statement543" [label="Statement"]
	"Statements2542" -> "Statement543"
	"Assignment544" [label="Assignment"]
	"Statement543" -> "Assignment544"
	"m545" [label="m",style=filled,fillcolor=powderblue]
	"Assignment544" -> "m545"
	"[546" [label="[",style=filled,fillcolor=powderblue]
	"Assignment544" -> "[546"
	"Expression547" [label="Expression"]
	"Assignment544" -> "Expression547"
	"Term548" [label="Term"]
	"Expression547" -> "Term548"
	"Factor549" [label="Factor"]
	"Term548" -> "Factor549"
	"Paren550" [label="Paren"]
	"Factor549" -> "Paren550"
	"Mem551" [label="Mem"]
	"Paren550" -> "Mem551"
	"Number552" [label="Number"]
	"Mem551" -> "Number552"
	"num553" [label="num",style=filled,fillcolor=powderblue]
	"Number552" -> "num553"
	"Factor2554" [label="Factor2"]
	"Factor549" -> "Factor2554"
	"e555" [label="e"]
	"Factor2554" -> "e555"
	"Term2556" [label="Term2"]
	"Term548" -> "Term2556"
	"e557" [label="e"]
	"Term2556" -> "e557"
	"Expression2558" [label="Expression2"]
	"Expression547" -> "Expression2558"
	"e559" [label="e"]
	"Expression2558" -> "e559"
	"]560" [label="]",style=filled,fillcolor=powderblue]
	"Assignment544" -> "]560"
	"=561" [label="=",style=filled,fillcolor=powderblue]
	"Assignment544" -> "=561"
	"Expression562" [label="Expression"]
	"Assignment544" -> "Expression562"
	"Term563" [label="Term"]
	"Expression562" -> "Term563"
	"Factor564" [label="Factor"]
	"Term563" -> "Factor564"
	"Paren565" [label="Paren"]
	"Factor564" -> "Paren565"
	"Mem566" [label="Mem"]
	"Paren565" -> "Mem566"
	"Number567" [label="Number"]
	"Mem566" -> "Number567"
	"num568" [label="num",style=filled,fillcolor=powderblue]
	"Number567" -> "num568"
	"Factor2569" [label="Factor2"]
	"Factor564" -> "Factor2569"
	"e570" [label="e"]
	"Factor2569" -> "e570"
	"Term2571" [label="Term2"]
	"Term563" -> "Term2571"
	"e572" [label="e"]
	"Term2571" -> "e572"
	"Expression2573" [label="Expression2"]
	"Expression562" -> "Expression2573"
	"-574" [label="-",style=filled,fillcolor=powderblue]
	"Expression2573" -> "-574"
	"Term575" [label="Term"]
	"Expression2573" -> "Term575"
	"Factor576" [label="Factor"]
	"Term575" -> "Factor576"
	"Paren577" [label="Paren"]
	"Factor576" -> "Paren577"
	"Mem578" [label="Mem"]
	"Paren577" -> "Mem578"
	"m579" [label="m",style=filled,fillcolor=powderblue]
	"Mem578" -> "m579"
	"[580" [label="[",style=filled,fillcolor=powderblue]
	"Mem578" -> "[580"
	"Expression581" [label="Expression"]
	"Mem578" -> "Expression581"
	"Term582" [label="Term"]
	"Expression581" -> "Term582"
	"Factor583" [label="Factor"]
	"Term582" -> "Factor583"
	"Paren584" [label="Paren"]
	"Factor583" -> "Paren584"
	"Mem585" [label="Mem"]
	"Paren584" -> "Mem585"
	"Number586" [label="Number"]
	"Mem585" -> "Number586"
	"num587" [label="num",style=filled,fillcolor=powderblue]
	"Number586" -> "num587"
	"Factor2588" [label="Factor2"]
	"Factor583" -> "Factor2588"
	"**589" [label="**",style=filled,fillcolor=powderblue]
	"Factor2588" -> "**589"
	"Paren590" [label="Paren"]
	"Factor2588" -> "Paren590"
	"Mem591" [label="Mem"]
	"Paren590" -> "Mem591"
	"Number592" [label="Number"]
	"Mem591" -> "Number592"
	"num593" [label="num",style=filled,fillcolor=powderblue]
	"Number592" -> "num593"
	"Factor2594" [label="Factor2"]
	"Factor2588" -> "Factor2594"
	"e595" [label="e"]
	"Factor2594" -> "e595"
	"Term2596" [label="Term2"]
	"Term582" -> "Term2596"
	"*597" [label="*",style=filled,fillcolor=powderblue]
	"Term2596" -> "*597"
	"Factor598" [label="Factor"]
	"Term2596" -> "Factor598"
	"Paren599" [label="Paren"]
	"Factor598" -> "Paren599"
	"Mem600" [label="Mem"]
	"Paren599" -> "Mem600"
	"Number601" [label="Number"]
	"Mem600" -> "Number601"
	"num602" [label="num",style=filled,fillcolor=powderblue]
	"Number601" -> "num602"
	"Factor2603" [label="Factor2"]
	"Factor598" -> "Factor2603"
	"e604" [label="e"]
	"Factor2603" -> "e604"
	"Term2605" [label="Term2"]
	"Term2596" -> "Term2605"
	"e606" [label="e"]
	"Term2605" -> "e606"
	"Expression2607" [label="Expression2"]
	"Expression581" -> "Expression2607"
	"-608" [label="-",style=filled,fillcolor=powderblue]
	"Expression2607" -> "-608"
	"Term609" [label="Term"]
	"Expression2607" -> "Term609"
	"Factor610" [label="Factor"]
	"Term609" -> "Factor610"
	"Paren611" [label="Paren"]
	"Factor610" -> "Paren611"
	"Mem612" [label="Mem"]
	"Paren611" -> "Mem612"
	"Number613" [label="Number"]
	"Mem612" -> "Number613"
	"num614" [label="num",style=filled,fillcolor=powderblue]
	"Number613" -> "num614"
	"Factor2615" [label="Factor2"]
	"Factor610" -> "Factor2615"
	"e616" [label="e"]
	"Factor2615" -> "e616"
	"Term2617" [label="Term2"]
	"Term609" -> "Term2617"
	"e618" [label="e"]
	"Term2617" -> "e618"
	"Expression2619" [label="Expression2"]
	"Expression2607" -> "Expression2619"
	"e620" [label="e"]
	"Expression2619" -> "e620"
	"]621" [label="]",style=filled,fillcolor=powderblue]
	"Mem578" -> "]621"
	"Factor2622" [label="Factor2"]
	"Factor576" -> "Factor2622"
	"e623" [label="e"]
	"Factor2622" -> "e623"
	"Term2624" [label="Term2"]
	"Term575" -> "Term2624"
	"e625" [label="e"]
	"Term2624" -> "e625"
	"Expression2626" [label="Expression2"]
	"Expression2573" -> "Expression2626"
	"-627" [label="-",style=filled,fillcolor=powderblue]
	"Expression2626" -> "-627"
	"Term628" [label="Term"]
	"Expression2626" -> "Term628"
	"Factor629" [label="Factor"]
	"Term628" -> "Factor629"
	"Paren630" [label="Paren"]
	"Factor629" -> "Paren630"
	"Mem631" [label="Mem"]
	"Paren630" -> "Mem631"
	"Number632" [label="Number"]
	"Mem631" -> "Number632"
	"num633" [label="num",style=filled,fillcolor=powderblue]
	"Number632" -> "num633"
	"Factor2634" [label="Factor2"]
	"Factor629" -> "Factor2634"
	"e635" [label="e"]
	"Factor2634" -> "e635"
	"Term2636" [label="Term2"]
	"Term628" -> "Term2636"
	"e637" [label="e"]
	"Term2636" -> "e637"
	"Expression2638" [label="Expression2"]
	"Expression2626" -> "Expression2638"
	"e639" [label="e"]
	"Expression2638" -> "e639"
	"Statements2640" [label="Statements2"]
	"Statements2542" -> "Statements2640"
	"Statement641" [label="Statement"]
	"Statements2640" -> "Statement641"
	"Label642" [label="Label"]
	"Statement641" -> "Label642"
	"L643" [label="L",style=filled,fillcolor=powderblue]
	"Label642" -> "L643"
	"num644" [label="num",style=filled,fillcolor=powderblue]
	"Label642" -> "num644"
	":645" [label=":",style=filled,fillcolor=powderblue]
	"Label642" -> ":645"
	"Statements2646" [label="Statements2"]
	"Statements2640" -> "Statements2646"
	"Statement647" [label="Statement"]
	"Statements2646" -> "Statement647"
	"Assignment648" [label="Assignment"]
	"Statement647" -> "Assignment648"
	"m649" [label="m",style=filled,fillcolor=powderblue]
	"Assignment648" -> "m649"
	"[650" [label="[",style=filled,fillcolor=powderblue]
	"Assignment648" -> "[650"
	"Expression651" [label="Expression"]
	"Assignment648" -> "Expression651"
	"Term652" [label="Term"]
	"Expression651" -> "Term652"
	"Factor653" [label="Factor"]
	"Term652" -> "Factor653"
	"Paren654" [label="Paren"]
	"Factor653" -> "Paren654"
	"Mem655" [label="Mem"]
	"Paren654" -> "Mem655"
	"Number656" [label="Number"]
	"Mem655" -> "Number656"
	"num657" [label="num",style=filled,fillcolor=powderblue]
	"Number656" -> "num657"
	"Factor2658" [label="Factor2"]
	"Factor653" -> "Factor2658"
	"e659" [label="e"]
	"Factor2658" -> "e659"
	"Term2660" [label="Term2"]
	"Term652" -> "Term2660"
	"e661" [label="e"]
	"Term2660" -> "e661"
	"Expression2662" [label="Expression2"]
	"Expression651" -> "Expression2662"
	"e663" [label="e"]
	"Expression2662" -> "e663"
	"]664" [label="]",style=filled,fillcolor=powderblue]
	"Assignment648" -> "]664"
	"=665" [label="=",style=filled,fillcolor=powderblue]
	"Assignment648" -> "=665"
	"Expression666" [label="Expression"]
	"Assignment648" -> "Expression666"
	"Term667" [label="Term"]
	"Expression666" -> "Term667"
	"Factor668" [label="Factor"]
	"Term667" -> "Factor668"
	"Paren669" [label="Paren"]
	"Factor668" -> "Paren669"
	"Mem670" [label="Mem"]
	"Paren669" -> "Mem670"
	"Number671" [label="Number"]
	"Mem670" -> "Number671"
	"num672" [label="num",style=filled,fillcolor=powderblue]
	"Number671" -> "num672"
	"Factor2673" [label="Factor2"]
	"Factor668" -> "Factor2673"
	"e674" [label="e"]
	"Factor2673" -> "e674"
	"Term2675" [label="Term2"]
	"Term667" -> "Term2675"
	"e676" [label="e"]
	"Term2675" -> "e676"
	"Expression2677" [label="Expression2"]
	"Expression666" -> "Expression2677"
	"-678" [label="-",style=filled,fillcolor=powderblue]
	"Expression2677" -> "-678"
	"Term679" [label="Term"]
	"Expression2677" -> "Term679"
	"Factor680" [label="Factor"]
	"Term679" -> "Factor680"
	"Paren681" [label="Paren"]
	"Factor680" -> "Paren681"
	"(682" [label="(",style=filled,fillcolor=powderblue]
	"Paren681" -> "(682"
	"Expression683" [label="Expression"]
	"Paren681" -> "Expression683"
	"Term684" [label="Term"]
	"Expression683" -> "Term684"
	"Factor685" [label="Factor"]
	"Term684" -> "Factor685"
	"Paren686" [label="Paren"]
	"Factor685" -> "Paren686"
	"Mem687" [label="Mem"]
	"Paren686" -> "Mem687"
	"m688" [label="m",style=filled,fillcolor=powderblue]
	"Mem687" -> "m688"
	"[689" [label="[",style=filled,fillcolor=powderblue]
	"Mem687" -> "[689"
	"Expression690" [label="Expression"]
	"Mem687" -> "Expression690"
	"Term691" [label="Term"]
	"Expression690" -> "Term691"
	"Factor692" [label="Factor"]
	"Term691" -> "Factor692"
	"Paren693" [label="Paren"]
	"Factor692" -> "Paren693"
	"Mem694" [label="Mem"]
	"Paren693" -> "Mem694"
	"Number695" [label="Number"]
	"Mem694" -> "Number695"
	"num696" [label="num",style=filled,fillcolor=powderblue]
	"Number695" -> "num696"
	"Factor2697" [label="Factor2"]
	"Factor692" -> "Factor2697"
	"e698" [label="e"]
	"Factor2697" -> "e698"
	"Term2699" [label="Term2"]
	"Term691" -> "Term2699"
	"e700" [label="e"]
	"Term2699" -> "e700"
	"Expression2701" [label="Expression2"]
	"Expression690" -> "Expression2701"
	"e702" [label="e"]
	"Expression2701" -> "e702"
	"]703" [label="]",style=filled,fillcolor=powderblue]
	"Mem687" -> "]703"
	"Factor2704" [label="Factor2"]
	"Factor685" -> "Factor2704"
	"e705" [label="e"]
	"Factor2704" -> "e705"
	"Term2706" [label="Term2"]
	"Term684" -> "Term2706"
	"e707" [label="e"]
	"Term2706" -> "e707"
	"Expression2708" [label="Expression2"]
	"Expression683" -> "Expression2708"
	"-709" [label="-",style=filled,fillcolor=powderblue]
	"Expression2708" -> "-709"
	"Term710" [label="Term"]
	"Expression2708" -> "Term710"
	"Factor711" [label="Factor"]
	"Term710" -> "Factor711"
	"Paren712" [label="Paren"]
	"Factor711" -> "Paren712"
	"Mem713" [label="Mem"]
	"Paren712" -> "Mem713"
	"Number714" [label="Number"]
	"Mem713" -> "Number714"
	"num715" [label="num",style=filled,fillcolor=powderblue]
	"Number714" -> "num715"
	"Factor2716" [label="Factor2"]
	"Factor711" -> "Factor2716"
	"e717" [label="e"]
	"Factor2716" -> "e717"
	"Term2718" [label="Term2"]
	"Term710" -> "Term2718"
	"e719" [label="e"]
	"Term2718" -> "e719"
	"Expression2720" [label="Expression2"]
	"Expression2708" -> "Expression2720"
	"e721" [label="e"]
	"Expression2720" -> "e721"
	")722" [label=")",style=filled,fillcolor=powderblue]
	"Paren681" -> ")722"
	"Factor2723" [label="Factor2"]
	"Factor680" -> "Factor2723"
	"e724" [label="e"]
	"Factor2723" -> "e724"
	"Term2725" [label="Term2"]
	"Term679" -> "Term2725"
	"e726" [label="e"]
	"Term2725" -> "e726"
	"Expression2727" [label="Expression2"]
	"Expression2677" -> "Expression2727"
	"e728" [label="e"]
	"Expression2727" -> "e728"
	"Statements2729" [label="Statements2"]
	"Statements2646" -> "Statements2729"
	"Statement730" [label="Statement"]
	"Statements2729" -> "Statement730"
	"Assignment731" [label="Assignment"]
	"Statement730" -> "Assignment731"
	"m732" [label="m",style=filled,fillcolor=powderblue]
	"Assignment731" -> "m732"
	"[733" [label="[",style=filled,fillcolor=powderblue]
	"Assignment731" -> "[733"
	"Expression734" [label="Expression"]
	"Assignment731" -> "Expression734"
	"Term735" [label="Term"]
	"Expression734" -> "Term735"
	"Factor736" [label="Factor"]
	"Term735" -> "Factor736"
	"Paren737" [label="Paren"]
	"Factor736" -> "Paren737"
	"Mem738" [label="Mem"]
	"Paren737" -> "Mem738"
	"Number739" [label="Number"]
	"Mem738" -> "Number739"
	"num740" [label="num",style=filled,fillcolor=powderblue]
	"Number739" -> "num740"
	"Factor2741" [label="Factor2"]
	"Factor736" -> "Factor2741"
	"e742" [label="e"]
	"Factor2741" -> "e742"
	"Term2743" [label="Term2"]
	"Term735" -> "Term2743"
	"e744" [label="e"]
	"Term2743" -> "e744"
	"Expression2745" [label="Expression2"]
	"Expression734" -> "Expression2745"
	"e746" [label="e"]
	"Expression2745" -> "e746"
	"]747" [label="]",style=filled,fillcolor=powderblue]
	"Assignment731" -> "]747"
	"=748" [label="=",style=filled,fillcolor=powderblue]
	"Assignment731" -> "=748"
	"Expression749" [label="Expression"]
	"Assignment731" -> "Expression749"
	"Term750" [label="Term"]
	"Expression749" -> "Term750"
	"Factor751" [label="Factor"]
	"Term750" -> "Factor751"
	"Paren752" [label="Paren"]
	"Factor751" -> "Paren752"
	"Mem753" [label="Mem"]
	"Paren752" -> "Mem753"
	"Number754" [label="Number"]
	"Mem753" -> "Number754"
	"num755" [label="num",style=filled,fillcolor=powderblue]
	"Number754" -> "num755"
	"Factor2756" [label="Factor2"]
	"Factor751" -> "Factor2756"
	"e757" [label="e"]
	"Factor2756" -> "e757"
	"Term2758" [label="Term2"]
	"Term750" -> "Term2758"
	"/759" [label="/",style=filled,fillcolor=powderblue]
	"Term2758" -> "/759"
	"Factor760" [label="Factor"]
	"Term2758" -> "Factor760"
	"Paren761" [label="Paren"]
	"Factor760" -> "Paren761"
	"Mem762" [label="Mem"]
	"Paren761" -> "Mem762"
	"Number763" [label="Number"]
	"Mem762" -> "Number763"
	"num764" [label="num",style=filled,fillcolor=powderblue]
	"Number763" -> "num764"
	"Factor2765" [label="Factor2"]
	"Factor760" -> "Factor2765"
	"e766" [label="e"]
	"Factor2765" -> "e766"
	"Term2767" [label="Term2"]
	"Term2758" -> "Term2767"
	"*768" [label="*",style=filled,fillcolor=powderblue]
	"Term2767" -> "*768"
	"Factor769" [label="Factor"]
	"Term2767" -> "Factor769"
	"Paren770" [label="Paren"]
	"Factor769" -> "Paren770"
	"Mem771" [label="Mem"]
	"Paren770" -> "Mem771"
	"Number772" [label="Number"]
	"Mem771" -> "Number772"
	"num773" [label="num",style=filled,fillcolor=powderblue]
	"Number772" -> "num773"
	"Factor2774" [label="Factor2"]
	"Factor769" -> "Factor2774"
	"e775" [label="e"]
	"Factor2774" -> "e775"
	"Term2776" [label="Term2"]
	"Term2767" -> "Term2776"
	"e777" [label="e"]
	"Term2776" -> "e777"
	"Expression2778" [label="Expression2"]
	"Expression749" -> "Expression2778"
	"e779" [label="e"]
	"Expression2778" -> "e779"
	"Statements2780" [label="Statements2"]
	"Statements2729" -> "Statements2780"
	"Statement781" [label="Statement"]
	"Statements2780" -> "Statement781"
	"Jump782" [label="Jump"]
	"Statement781" -> "Jump782"
	"goto783" [label="goto",style=filled,fillcolor=powderblue]
	"Jump782" -> "goto783"
	"num784" [label="num",style=filled,fillcolor=powderblue]
	"Jump782" -> "num784"
	"Statements2785" [label="Statements2"]
	"Statements2780" -> "Statements2785"
	"Statement786" [label="Statement"]
	"Statements2785" -> "Statement786"
	"Assignment787" [label="Assignment"]
	"Statement786" -> "Assignment787"
	"m788" [label="m",style=filled,fillcolor=powderblue]
	"Assignment787" -> "m788"
	"[789" [label="[",style=filled,fillcolor=powderblue]
	"Assignment787" -> "[789"
	"Expression790" [label="Expression"]
	"Assignment787" -> "Expression790"
	"Term791" [label="Term"]
	"Expression790" -> "Term791"
	"Factor792" [label="Factor"]
	"Term791" -> "Factor792"
	"Paren793" [label="Paren"]
	"Factor792" -> "Paren793"
	"Mem794" [label="Mem"]
	"Paren793" -> "Mem794"
	"Number795" [label="Number"]
	"Mem794" -> "Number795"
	"num796" [label="num",style=filled,fillcolor=powderblue]
	"Number795" -> "num796"
	"Factor2797" [label="Factor2"]
	"Factor792" -> "Factor2797"
	"e798" [label="e"]
	"Factor2797" -> "e798"
	"Term2799" [label="Term2"]
	"Term791" -> "Term2799"
	"e800" [label="e"]
	"Term2799" -> "e800"
	"Expression2801" [label="Expression2"]
	"Expression790" -> "Expression2801"
	"e802" [label="e"]
	"Expression2801" -> "e802"
	"]803" [label="]",style=filled,fillcolor=powderblue]
	"Assignment787" -> "]803"
	"=804" [label="=",style=filled,fillcolor=powderblue]
	"Assignment787" -> "=804"
	"Expression805" [label="Expression"]
	"Assignment787" -> "Expression805"
	"Term806" [label="Term"]
	"Expression805" -> "Term806"
	"Factor807" [label="Factor"]
	"Term806" -> "Factor807"
	"Paren808" [label="Paren"]
	"Factor807" -> "Paren808"
	"Mem809" [label="Mem"]
	"Paren808" -> "Mem809"
	"Number810" [label="Number"]
	"Mem809" -> "Number810"
	"num811" [label="num",style=filled,fillcolor=powderblue]
	"Number810" -> "num811"
	"Factor2812" [label="Factor2"]
	"Factor807" -> "Factor2812"
	"e813" [label="e"]
	"Factor2812" -> "e813"
	"Term2814" [label="Term2"]
	"Term806" -> "Term2814"
	"e815" [label="e"]
	"Term2814" -> "e815"
	"Expression2816" [label="Expression2"]
	"Expression805" -> "Expression2816"
	"+817" [label="+",style=filled,fillcolor=powderblue]
	"Expression2816" -> "+817"
	"Term818" [label="Term"]
	"Expression2816" -> "Term818"
	"Factor819" [label="Factor"]
	"Term818" -> "Factor819"
	"Paren820" [label="Paren"]
	"Factor819" -> "Paren820"
	"Mem821" [label="Mem"]
	"Paren820" -> "Mem821"
	"m822" [label="m",style=filled,fillcolor=powderblue]
	"Mem821" -> "m822"
	"[823" [label="[",style=filled,fillcolor=powderblue]
	"Mem821" -> "[823"
	"Expression824" [label="Expression"]
	"Mem821" -> "Expression824"
	"Term825" [label="Term"]
	"Expression824" -> "Term825"
	"Factor826" [label="Factor"]
	"Term825" -> "Factor826"
	"Paren827" [label="Paren"]
	"Factor826" -> "Paren827"
	"Mem828" [label="Mem"]
	"Paren827" -> "Mem828"
	"Number829" [label="Number"]
	"Mem828" -> "Number829"
	"num830" [label="num",style=filled,fillcolor=powderblue]
	"Number829" -> "num830"
	"Factor2831" [label="Factor2"]
	"Factor826" -> "Factor2831"
	"e832" [label="e"]
	"Factor2831" -> "e832"
	"Term2833" [label="Term2"]
	"Term825" -> "Term2833"
	"e834" [label="e"]
	"Term2833" -> "e834"
	"Expression2835" [label="Expression2"]
	"Expression824" -> "Expression2835"
	"e836" [label="e"]
	"Expression2835" -> "e836"
	"]837" [label="]",style=filled,fillcolor=powderblue]
	"Mem821" -> "]837"
	"Factor2838" [label="Factor2"]
	"Factor819" -> "Factor2838"
	"e839" [label="e"]
	"Factor2838" -> "e839"
	"Term2840" [label="Term2"]
	"Term818" -> "Term2840"
	"e841" [label="e"]
	"Term2840" -> "e841"
	"Expression2842" [label="Expression2"]
	"Expression2816" -> "Expression2842"
	"e843" [label="e"]
	"Expression2842" -> "e843"
	"Statements2844" [label="Statements2"]
	"Statements2785" -> "Statements2844"
	"Statement845" [label="Statement"]
	"Statements2844" -> "Statement845"
	"Assignment846" [label="Assignment"]
	"Statement845" -> "Assignment846"
	"m847" [label="m",style=filled,fillcolor=powderblue]
	"Assignment846" -> "m847"
	"[848" [label="[",style=filled,fillcolor=powderblue]
	"Assignment846" -> "[848"
	"Expression849" [label="Expression"]
	"Assignment846" -> "Expression849"
	"Term850" [label="Term"]
	"Expression849" -> "Term850"
	"Factor851" [label="Factor"]
	"Term850" -> "Factor851"
	"Paren852" [label="Paren"]
	"Factor851" -> "Paren852"
	"Mem853" [label="Mem"]
	"Paren852" -> "Mem853"
	"Number854" [label="Number"]
	"Mem853" -> "Number854"
	"num855" [label="num",style=filled,fillcolor=powderblue]
	"Number854" -> "num855"
	"Factor2856" [label="Factor2"]
	"Factor851" -> "Factor2856"
	"e857" [label="e"]
	"Factor2856" -> "e857"
	"Term2858" [label="Term2"]
	"Term850" -> "Term2858"
	"e859" [label="e"]
	"Term2858" -> "e859"
	"Expression2860" [label="Expression2"]
	"Expression849" -> "Expression2860"
	"e861" [label="e"]
	"Expression2860" -> "e861"
	"]862" [label="]",style=filled,fillcolor=powderblue]
	"Assignment846" -> "]862"
	"=863" [label="=",style=filled,fillcolor=powderblue]
	"Assignment846" -> "=863"
	"Expression864" [label="Expression"]
	"Assignment846" -> "Expression864"
	"Term865" [label="Term"]
	"Expression864" -> "Term865"
	"Factor866" [label="Factor"]
	"Term865" -> "Factor866"
	"Paren867" [label="Paren"]
	"Factor866" -> "Paren867"
	"Mem868" [label="Mem"]
	"Paren867" -> "Mem868"
	"Number869" [label="Number"]
	"Mem868" -> "Number869"
	"num870" [label="num",style=filled,fillcolor=powderblue]
	"Number869" -> "num870"
	"Factor2871" [label="Factor2"]
	"Factor866" -> "Factor2871"
	"e872" [label="e"]
	"Factor2871" -> "e872"
	"Term2873" [label="Term2"]
	"Term865" -> "Term2873"
	"e874" [label="e"]
	"Term2873" -> "e874"
	"Expression2875" [label="Expression2"]
	"Expression864" -> "Expression2875"
	"-876" [label="-",style=filled,fillcolor=powderblue]
	"Expression2875" -> "-876"
	"Term877" [label="Term"]
	"Expression2875" -> "Term877"
	"Factor878" [label="Factor"]
	"Term877" -> "Factor878"
	"Paren879" [label="Paren"]
	"Factor878" -> "Paren879"
	"Mem880" [label="Mem"]
	"Paren879" -> "Mem880"
	"m881" [label="m",style=filled,fillcolor=powderblue]
	"Mem880" -> "m881"
	"[882" [label="[",style=filled,fillcolor=powderblue]
	"Mem880" -> "[882"
	"Expression883" [label="Expression"]
	"Mem880" -> "Expression883"
	"Term884" [label="Term"]
	"Expression883" -> "Term884"
	"Factor885" [label="Factor"]
	"Term884" -> "Factor885"
	"Paren886" [label="Paren"]
	"Factor885" -> "Paren886"
	"Mem887" [label="Mem"]
	"Paren886" -> "Mem887"
	"Number888" [label="Number"]
	"Mem887" -> "Number888"
	"num889" [label="num",style=filled,fillcolor=powderblue]
	"Number888" -> "num889"
	"Factor2890" [label="Factor2"]
	"Factor885" -> "Factor2890"
	"e891" [label="e"]
	"Factor2890" -> "e891"
	"Term2892" [label="Term2"]
	"Term884" -> "Term2892"
	"e893" [label="e"]
	"Term2892" -> "e893"
	"Expression2894" [label="Expression2"]
	"Expression883" -> "Expression2894"
	"-895" [label="-",style=filled,fillcolor=powderblue]
	"Expression2894" -> "-895"
	"Term896" [label="Term"]
	"Expression2894" -> "Term896"
	"Factor897" [label="Factor"]
	"Term896" -> "Factor897"
	"Paren898" [label="Paren"]
	"Factor897" -> "Paren898"
	"Mem899" [label="Mem"]
	"Paren898" -> "Mem899"
	"Number900" [label="Number"]
	"Mem899" -> "Number900"
	"num901" [label="num",style=filled,fillcolor=powderblue]
	"Number900" -> "num901"
	"Factor2902" [label="Factor2"]
	"Factor897" -> "Factor2902"
	"e903" [label="e"]
	"Factor2902" -> "e903"
	"Term2904" [label="Term2"]
	"Term896" -> "Term2904"
	"e905" [label="e"]
	"Term2904" -> "e905"
	"Expression2906" [label="Expression2"]
	"Expression2894" -> "Expression2906"
	"e907" [label="e"]
	"Expression2906" -> "e907"
	"]908" [label="]",style=filled,fillcolor=powderblue]
	"Mem880" -> "]908"
	"Factor2909" [label="Factor2"]
	"Factor878" -> "Factor2909"
	"e910" [label="e"]
	"Factor2909" -> "e910"
	"Term2911" [label="Term2"]
	"Term877" -> "Term2911"
	"e912" [label="e"]
	"Term2911" -> "e912"
	"Expression2913" [label="Expression2"]
	"Expression2875" -> "Expression2913"
	"e914" [label="e"]
	"Expression2913" -> "e914"
	"Statements2915" [label="Statements2"]
	"Statements2844" -> "Statements2915"
	"Statement916" [label="Statement"]
	"Statements2915" -> "Statement916"
	"Assignment917" [label="Assignment"]
	"Statement916" -> "Assignment917"
	"m918" [label="m",style=filled,fillcolor=powderblue]
	"Assignment917" -> "m918"
	"[919" [label="[",style=filled,fillcolor=powderblue]
	"Assignment917" -> "[919"
	"Expression920" [label="Expression"]
	"Assignment917" -> "Expression920"
	"Term921" [label="Term"]
	"Expression920" -> "Term921"
	"Factor922" [label="Factor"]
	"Term921" -> "Factor922"
	"Paren923" [label="Paren"]
	"Factor922" -> "Paren923"
	"Mem924" [label="Mem"]
	"Paren923" -> "Mem924"
	"Number925" [label="Number"]
	"Mem924" -> "Number925"
	"num926" [label="num",style=filled,fillcolor=powderblue]
	"Number925" -> "num926"
	"Factor2927" [label="Factor2"]
	"Factor922" -> "Factor2927"
	"e928" [label="e"]
	"Factor2927" -> "e928"
	"Term2929" [label="Term2"]
	"Term921" -> "Term2929"
	"e930" [label="e"]
	"Term2929" -> "e930"
	"Expression2931" [label="Expression2"]
	"Expression920" -> "Expression2931"
	"e932" [label="e"]
	"Expression2931" -> "e932"
	"]933" [label="]",style=filled,fillcolor=powderblue]
	"Assignment917" -> "]933"
	"=934" [label="=",style=filled,fillcolor=powderblue]
	"Assignment917" -> "=934"
	"Expression935" [label="Expression"]
	"Assignment917" -> "Expression935"
	"Term936" [label="Term"]
	"Expression935" -> "Term936"
	"Factor937" [label="Factor"]
	"Term936" -> "Factor937"
	"Paren938" [label="Paren"]
	"Factor937" -> "Paren938"
	"Mem939" [label="Mem"]
	"Paren938" -> "Mem939"
	"Number940" [label="Number"]
	"Mem939" -> "Number940"
	"num941" [label="num",style=filled,fillcolor=powderblue]
	"Number940" -> "num941"
	"Factor2942" [label="Factor2"]
	"Factor937" -> "Factor2942"
	"e943" [label="e"]
	"Factor2942" -> "e943"
	"Term2944" [label="Term2"]
	"Term936" -> "Term2944"
	"e945" [label="e"]
	"Term2944" -> "e945"
	"Expression2946" [label="Expression2"]
	"Expression935" -> "Expression2946"
	"-947" [label="-",style=filled,fillcolor=powderblue]
	"Expression2946" -> "-947"
	"Term948" [label="Term"]
	"Expression2946" -> "Term948"
	"Factor949" [label="Factor"]
	"Term948" -> "Factor949"
	"Paren950" [label="Paren"]
	"Factor949" -> "Paren950"
	"(951" [label="(",style=filled,fillcolor=powderblue]
	"Paren950" -> "(951"
	"Expression952" [label="Expression"]
	"Paren950" -> "Expression952"
	"Term953" [label="Term"]
	"Expression952" -> "Term953"
	"Factor954" [label="Factor"]
	"Term953" -> "Factor954"
	"Paren955" [label="Paren"]
	"Factor954" -> "Paren955"
	"Mem956" [label="Mem"]
	"Paren955" -> "Mem956"
	"Number957" [label="Number"]
	"Mem956" -> "Number957"
	"num958" [label="num",style=filled,fillcolor=powderblue]
	"Number957" -> "num958"
	"Factor2959" [label="Factor2"]
	"Factor954" -> "Factor2959"
	"e960" [label="e"]
	"Factor2959" -> "e960"
	"Term2961" [label="Term2"]
	"Term953" -> "Term2961"
	"e962" [label="e"]
	"Term2961" -> "e962"
	"Expression2963" [label="Expression2"]
	"Expression952" -> "Expression2963"
	"-964" [label="-",style=filled,fillcolor=powderblue]
	"Expression2963" -> "-964"
	"Term965" [label="Term"]
	"Expression2963" -> "Term965"
	"Factor966" [label="Factor"]
	"Term965" -> "Factor966"
	"Paren967" [label="Paren"]
	"Factor966" -> "Paren967"
	"Mem968" [label="Mem"]
	"Paren967" -> "Mem968"
	"Number969" [label="Number"]
	"Mem968" -> "Number969"
	"num970" [label="num",style=filled,fillcolor=powderblue]
	"Number969" -> "num970"
	"Factor2971" [label="Factor2"]
	"Factor966" -> "Factor2971"
	"e972" [label="e"]
	"Factor2971" -> "e972"
	"Term2973" [label="Term2"]
	"Term965" -> "Term2973"
	"e974" [label="e"]
	"Term2973" -> "e974"
	"Expression2975" [label="Expression2"]
	"Expression2963" -> "Expression2975"
	"e976" [label="e"]
	"Expression2975" -> "e976"
	")977" [label=")",style=filled,fillcolor=powderblue]
	"Paren950" -> ")977"
	"Factor2978" [label="Factor2"]
	"Factor949" -> "Factor2978"
	"e979" [label="e"]
	"Factor2978" -> "e979"
	"Term2980" [label="Term2"]
	"Term948" -> "Term2980"
	"e981" [label="e"]
	"Term2980" -> "e981"
	"Expression2982" [label="Expression2"]
	"Expression2946" -> "Expression2982"
	"e983" [label="e"]
	"Expression2982" -> "e983"
	"Statements2984" [label="Statements2"]
	"Statements2915" -> "Statements2984"
	"Statement985" [label="Statement"]
	"Statements2984" -> "Statement985"
	"Assignment986" [label="Assignment"]
	"Statement985" -> "Assignment986"
	"m987" [label="m",style=filled,fillcolor=powderblue]
	"Assignment986" -> "m987"
	"[988" [label="[",style=filled,fillcolor=powderblue]
	"Assignment986" -> "[988"
	"Expression989" [label="Expression"]
	"Assignment986" -> "Expression989"
	"Term990" [label="Term"]
	"Expression989" -> "Term990"
	"Factor991" [label="Factor"]
	"Term990" -> "Factor991"
	"Paren992" [label="Paren"]
	"Factor991" -> "Paren992"
	"Mem993" [label="Mem"]
	"Paren992" -> "Mem993"
	"Number994" [label="Number"]
	"Mem993" -> "Number994"
	"num995" [label="num",style=filled,fillcolor=powderblue]
	"Number994" -> "num995"
	"Factor2996" [label="Factor2"]
	"Factor991" -> "Factor2996"
	"e997" [label="e"]
	"Factor2996" -> "e997"
	"Term2998" [label="Term2"]
	"Term990" -> "Term2998"
	"e999" [label="e"]
	"Term2998" -> "e999"
	"Expression21000" [label="Expression2"]
	"Expression989" -> "Expression21000"
	"e1001" [label="e"]
	"Expression21000" -> "e1001"
	"]1002" [label="]",style=filled,fillcolor=powderblue]
	"Assignment986" -> "]1002"
	"=1003" [label="=",style=filled,fillcolor=powderblue]
	"Assignment986" -> "=1003"
	"Expression1004" [label="Expression"]
	"Assignment986" -> "Expression1004"
	"Term1005" [label="Term"]
	"Expression1004" -> "Term1005"
	"Factor1006" [label="Factor"]
	"Term1005" -> "Factor1006"
	"Paren1007" [label="Paren"]
	"Factor1006" -> "Paren1007"
	"Mem1008" [label="Mem"]
	"Paren1007" -> "Mem1008"
	"Number1009" [label="Number"]
	"Mem1008" -> "Number1009"
	"num1010" [label="num",style=filled,fillcolor=powderblue]
	"Number1009" -> "num1010"
	"Factor21011" [label="Factor2"]
	"Factor1006" -> "Factor21011"
	"e1012" [label="e"]
	"Factor21011" -> "e1012"
	"Term21013" [label="Term2"]
	"Term1005" -> "Term21013"
	"e1014" [label="e"]
	"Term21013" -> "e1014"
	"Expression21015" [label="Expression2"]
	"Expression1004" -> "Expression21015"
	"-1016" [label="-",style=filled,fillcolor=powderblue]
	"Expression21015" -> "-1016"
	"Term1017" [label="Term"]
	"Expression21015" -> "Term1017"
	"Factor1018" [label="Factor"]
	"Term1017" -> "Factor1018"
	"Paren1019" [label="Paren"]
	"Factor1018" -> "Paren1019"
	"Mem1020" [label="Mem"]
	"Paren1019" -> "Mem1020"
	"m1021" [label="m",style=filled,fillcolor=powderblue]
	"Mem1020" -> "m1021"
	"[1022" [label="[",style=filled,fillcolor=powderblue]
	"Mem1020" -> "[1022"
	"Expression1023" [label="Expression"]
	"Mem1020" -> "Expression1023"
	"Term1024" [label="Term"]
	"Expression1023" -> "Term1024"
	"Factor1025" [label="Factor"]
	"Term1024" -> "Factor1025"
	"Paren1026" [label="Paren"]
	"Factor1025" -> "Paren1026"
	"(1027" [label="(",style=filled,fillcolor=powderblue]
	"Paren1026" -> "(1027"
	"Expression1028" [label="Expression"]
	"Paren1026" -> "Expression1028"
	"Term1029" [label="Term"]
	"Expression1028" -> "Term1029"
	"Factor1030" [label="Factor"]
	"Term1029" -> "Factor1030"
	"Paren1031" [label="Paren"]
	"Factor1030" -> "Paren1031"
	"Mem1032" [label="Mem"]
	"Paren1031" -> "Mem1032"
	"Number1033" [label="Number"]
	"Mem1032" -> "Number1033"
	"num1034" [label="num",style=filled,fillcolor=powderblue]
	"Number1033" -> "num1034"
	"Factor21035" [label="Factor2"]
	"Factor1030" -> "Factor21035"
	"e1036" [label="e"]
	"Factor21035" -> "e1036"
	"Term21037" [label="Term2"]
	"Term1029" -> "Term21037"
	"e1038" [label="e"]
	"Term21037" -> "e1038"
	"Expression21039" [label="Expression2"]
	"Expression1028" -> "Expression21039"
	"-1040" [label="-",style=filled,fillcolor=powderblue]
	"Expression21039" -> "-1040"
	"Term1041" [label="Term"]
	"Expression21039" -> "Term1041"
	"Factor1042" [label="Factor"]
	"Term1041" -> "Factor1042"
	"Paren1043" [label="Paren"]
	"Factor1042" -> "Paren1043"
	"Mem1044" [label="Mem"]
	"Paren1043" -> "Mem1044"
	"Number1045" [label="Number"]
	"Mem1044" -> "Number1045"
	"num1046" [label="num",style=filled,fillcolor=powderblue]
	"Number1045" -> "num1046"
	"Factor21047" [label="Factor2"]
	"Factor1042" -> "Factor21047"
	"e1048" [label="e"]
	"Factor21047" -> "e1048"
	"Term21049" [label="Term2"]
	"Term1041" -> "Term21049"
	"e1050" [label="e"]
	"Term21049" -> "e1050"
	"Expression21051" [label="Expression2"]
	"Expression21039" -> "Expression21051"
	"e1052" [label="e"]
	"Expression21051" -> "e1052"
	")1053" [label=")",style=filled,fillcolor=powderblue]
	"Paren1026" -> ")1053"
	"Factor21054" [label="Factor2"]
	"Factor1025" -> "Factor21054"
	"e1055" [label="e"]
	"Factor21054" -> "e1055"
	"Term21056" [label="Term2"]
	"Term1024" -> "Term21056"
	"e1057" [label="e"]
	"Term21056" -> "e1057"
	"Expression21058" [label="Expression2"]
	"Expression1023" -> "Expression21058"
	"e1059" [label="e"]
	"Expression21058" -> "e1059"
	"]1060" [label="]",style=filled,fillcolor=powderblue]
	"Mem1020" -> "]1060"
	"Factor21061" [label="Factor2"]
	"Factor1018" -> "Factor21061"
	"e1062" [label="e"]
	"Factor21061" -> "e1062"
	"Term21063" [label="Term2"]
	"Term1017" -> "Term21063"
	"e1064" [label="e"]
	"Term21063" -> "e1064"
	"Expression21065" [label="Expression2"]
	"Expression21015" -> "Expression21065"
	"e1066" [label="e"]
	"Expression21065" -> "e1066"
	"Statements21067" [label="Statements2"]
	"Statements2984" -> "Statements21067"
	"Statement1068" [label="Statement"]
	"Statements21067" -> "Statement1068"
	"print1069" [label="print",style=filled,fillcolor=powderblue]
	"Statement1068" -> "print1069"
	"Expression1070" [label="Expression"]
	"Statement1068" -> "Expression1070"
	"Term1071" [label="Term"]
	"Expression1070" -> "Term1071"
	"Factor1072" [label="Factor"]
	"Term1071" -> "Factor1072"
	"Paren1073" [label="Paren"]
	"Factor1072" -> "Paren1073"
	"Mem1074" [label="Mem"]
	"Paren1073" -> "Mem1074"
	"m1075" [label="m",style=filled,fillcolor=powderblue]
	"Mem1074" -> "m1075"
	"[1076" [label="[",style=filled,fillcolor=powderblue]
	"Mem1074" -> "[1076"
	"Expression1077" [label="Expression"]
	"Mem1074" -> "Expression1077"
	"Term1078" [label="Term"]
	"Expression1077" -> "Term1078"
	"Factor1079" [label="Factor"]
	"Term1078" -> "Factor1079"
	"Paren1080" [label="Paren"]
	"Factor1079" -> "Paren1080"
	"Mem1081" [label="Mem"]
	"Paren1080" -> "Mem1081"
	"Number1082" [label="Number"]
	"Mem1081" -> "Number1082"
	"num1083" [label="num",style=filled,fillcolor=powderblue]
	"Number1082" -> "num1083"
	"Factor21084" [label="Factor2"]
	"Factor1079" -> "Factor21084"
	"e1085" [label="e"]
	"Factor21084" -> "e1085"
	"Term21086" [label="Term2"]
	"Term1078" -> "Term21086"
	"e1087" [label="e"]
	"Term21086" -> "e1087"
	"Expression21088" [label="Expression2"]
	"Expression1077" -> "Expression21088"
	"e1089" [label="e"]
	"Expression21088" -> "e1089"
	"]1090" [label="]",style=filled,fillcolor=powderblue]
	"Mem1074" -> "]1090"
	"Factor21091" [label="Factor2"]
	"Factor1072" -> "Factor21091"
	"e1092" [label="e"]
	"Factor21091" -> "e1092"
	"Term21093" [label="Term2"]
	"Term1071" -> "Term21093"
	"e1094" [label="e"]
	"Term21093" -> "e1094"
	"Expression21095" [label="Expression2"]
	"Expression1070" -> "Expression21095"
	"e1096" [label="e"]
	"Expression21095" -> "e1096"
	"Statements21097" [label="Statements2"]
	"Statements2984" -> "Statements21097"
	"e1098" [label="e"]
	"Statements21097" -> "e1098"
};
};
