digraph G {
	"Start1" [label="Start"]
	"Statements2" [label="Statements"]
	"Start1" -> "Statements2"
	"Statement3" [label="Statement"]
	"Statements2" -> "Statement3"
	"Assignment4" [label="Assignment"]
	"Statement3" -> "Assignment4"
	"m5" [label="m",style=filled,fillcolor=powderblue]
	"Assignment4" -> "m5"
	"[6" [label="[",style=filled,fillcolor=powderblue]
	"Assignment4" -> "[6"
	"Expression7" [label="Expression"]
	"Assignment4" -> "Expression7"
	"Term8" [label="Term"]
	"Expression7" -> "Term8"
	"Factor9" [label="Factor"]
	"Term8" -> "Factor9"
	"Paren10" [label="Paren"]
	"Factor9" -> "Paren10"
	"Mem11" [label="Mem"]
	"Paren10" -> "Mem11"
	"Number12" [label="Number"]
	"Mem11" -> "Number12"
	"num13" [label="num",style=filled,fillcolor=powderblue]
	"Number12" -> "num13"
	"Factor214" [label="Factor2"]
	"Factor9" -> "Factor214"
	"e15" [label="e"]
	"Factor214" -> "e15"
	"Term216" [label="Term2"]
	"Term8" -> "Term216"
	"e17" [label="e"]
	"Term216" -> "e17"
	"Expression218" [label="Expression2"]
	"Expression7" -> "Expression218"
	"e19" [label="e"]
	"Expression218" -> "e19"
	"]20" [label="]",style=filled,fillcolor=powderblue]
	"Assignment4" -> "]20"
	"=21" [label="=",style=filled,fillcolor=powderblue]
	"Assignment4" -> "=21"
	"Expression22" [label="Expression"]
	"Assignment4" -> "Expression22"
	"Term23" [label="Term"]
	"Expression22" -> "Term23"
	"Factor24" [label="Factor"]
	"Term23" -> "Factor24"
	"Paren25" [label="Paren"]
	"Factor24" -> "Paren25"
	"Mem26" [label="Mem"]
	"Paren25" -> "Mem26"
	"Number27" [label="Number"]
	"Mem26" -> "Number27"
	"num28" [label="num",style=filled,fillcolor=powderblue]
	"Number27" -> "num28"
	"Factor229" [label="Factor2"]
	"Factor24" -> "Factor229"
	"e30" [label="e"]
	"Factor229" -> "e30"
	"Term231" [label="Term2"]
	"Term23" -> "Term231"
	"/32" [label="/",style=filled,fillcolor=powderblue]
	"Term231" -> "/32"
	"Factor33" [label="Factor"]
	"Term231" -> "Factor33"
	"Paren34" [label="Paren"]
	"Factor33" -> "Paren34"
	"Mem35" [label="Mem"]
	"Paren34" -> "Mem35"
	"Number36" [label="Number"]
	"Mem35" -> "Number36"
	"num37" [label="num",style=filled,fillcolor=powderblue]
	"Number36" -> "num37"
	"Factor238" [label="Factor2"]
	"Factor33" -> "Factor238"
	"e39" [label="e"]
	"Factor238" -> "e39"
	"Term240" [label="Term2"]
	"Term231" -> "Term240"
	"*41" [label="*",style=filled,fillcolor=powderblue]
	"Term240" -> "*41"
	"Factor42" [label="Factor"]
	"Term240" -> "Factor42"
	"Paren43" [label="Paren"]
	"Factor42" -> "Paren43"
	"Mem44" [label="Mem"]
	"Paren43" -> "Mem44"
	"Number45" [label="Number"]
	"Mem44" -> "Number45"
	"num46" [label="num",style=filled,fillcolor=powderblue]
	"Number45" -> "num46"
	"Factor247" [label="Factor2"]
	"Factor42" -> "Factor247"
	"e48" [label="e"]
	"Factor247" -> "e48"
	"Term249" [label="Term2"]
	"Term240" -> "Term249"
	"e50" [label="e"]
	"Term249" -> "e50"
	"Expression251" [label="Expression2"]
	"Expression22" -> "Expression251"
	"e52" [label="e"]
	"Expression251" -> "e52"
	"Statements253" [label="Statements2"]
	"Statements2" -> "Statements253"
	"Statement54" [label="Statement"]
	"Statements253" -> "Statement54"
	"Assignment55" [label="Assignment"]
	"Statement54" -> "Assignment55"
	"m56" [label="m",style=filled,fillcolor=powderblue]
	"Assignment55" -> "m56"
	"[57" [label="[",style=filled,fillcolor=powderblue]
	"Assignment55" -> "[57"
	"Expression58" [label="Expression"]
	"Assignment55" -> "Expression58"
	"Term59" [label="Term"]
	"Expression58" -> "Term59"
	"Factor60" [label="Factor"]
	"Term59" -> "Factor60"
	"Paren61" [label="Paren"]
	"Factor60" -> "Paren61"
	"Mem62" [label="Mem"]
	"Paren61" -> "Mem62"
	"Number63" [label="Number"]
	"Mem62" -> "Number63"
	"num64" [label="num",style=filled,fillcolor=powderblue]
	"Number63" -> "num64"
	"Factor265" [label="Factor2"]
	"Factor60" -> "Factor265"
	"e66" [label="e"]
	"Factor265" -> "e66"
	"Term267" [label="Term2"]
	"Term59" -> "Term267"
	"e68" [label="e"]
	"Term267" -> "e68"
	"Expression269" [label="Expression2"]
	"Expression58" -> "Expression269"
	"e70" [label="e"]
	"Expression269" -> "e70"
	"]71" [label="]",style=filled,fillcolor=powderblue]
	"Assignment55" -> "]71"
	"=72" [label="=",style=filled,fillcolor=powderblue]
	"Assignment55" -> "=72"
	"Expression73" [label="Expression"]
	"Assignment55" -> "Expression73"
	"Term74" [label="Term"]
	"Expression73" -> "Term74"
	"Factor75" [label="Factor"]
	"Term74" -> "Factor75"
	"Paren76" [label="Paren"]
	"Factor75" -> "Paren76"
	"Mem77" [label="Mem"]
	"Paren76" -> "Mem77"
	"Number78" [label="Number"]
	"Mem77" -> "Number78"
	"num79" [label="num",style=filled,fillcolor=powderblue]
	"Number78" -> "num79"
	"Factor280" [label="Factor2"]
	"Factor75" -> "Factor280"
	"e81" [label="e"]
	"Factor280" -> "e81"
	"Term282" [label="Term2"]
	"Term74" -> "Term282"
	"/83" [label="/",style=filled,fillcolor=powderblue]
	"Term282" -> "/83"
	"Factor84" [label="Factor"]
	"Term282" -> "Factor84"
	"Paren85" [label="Paren"]
	"Factor84" -> "Paren85"
	"Mem86" [label="Mem"]
	"Paren85" -> "Mem86"
	"Number87" [label="Number"]
	"Mem86" -> "Number87"
	"num88" [label="num",style=filled,fillcolor=powderblue]
	"Number87" -> "num88"
	"Factor289" [label="Factor2"]
	"Factor84" -> "Factor289"
	"e90" [label="e"]
	"Factor289" -> "e90"
	"Term291" [label="Term2"]
	"Term282" -> "Term291"
	"*92" [label="*",style=filled,fillcolor=powderblue]
	"Term291" -> "*92"
	"Factor93" [label="Factor"]
	"Term291" -> "Factor93"
	"Paren94" [label="Paren"]
	"Factor93" -> "Paren94"
	"Mem95" [label="Mem"]
	"Paren94" -> "Mem95"
	"Number96" [label="Number"]
	"Mem95" -> "Number96"
	"num97" [label="num",style=filled,fillcolor=powderblue]
	"Number96" -> "num97"
	"Factor298" [label="Factor2"]
	"Factor93" -> "Factor298"
	"e99" [label="e"]
	"Factor298" -> "e99"
	"Term2100" [label="Term2"]
	"Term291" -> "Term2100"
	"e101" [label="e"]
	"Term2100" -> "e101"
	"Expression2102" [label="Expression2"]
	"Expression73" -> "Expression2102"
	"e103" [label="e"]
	"Expression2102" -> "e103"
	"Statements2104" [label="Statements2"]
	"Statements253" -> "Statements2104"
	"Statement105" [label="Statement"]
	"Statements2104" -> "Statement105"
	"print106" [label="print",style=filled,fillcolor=powderblue]
	"Statement105" -> "print106"
	"Expression107" [label="Expression"]
	"Statement105" -> "Expression107"
	"Term108" [label="Term"]
	"Expression107" -> "Term108"
	"Factor109" [label="Factor"]
	"Term108" -> "Factor109"
	"Paren110" [label="Paren"]
	"Factor109" -> "Paren110"
	"Mem111" [label="Mem"]
	"Paren110" -> "Mem111"
	"m112" [label="m",style=filled,fillcolor=powderblue]
	"Mem111" -> "m112"
	"[113" [label="[",style=filled,fillcolor=powderblue]
	"Mem111" -> "[113"
	"Expression114" [label="Expression"]
	"Mem111" -> "Expression114"
	"Term115" [label="Term"]
	"Expression114" -> "Term115"
	"Factor116" [label="Factor"]
	"Term115" -> "Factor116"
	"Paren117" [label="Paren"]
	"Factor116" -> "Paren117"
	"Mem118" [label="Mem"]
	"Paren117" -> "Mem118"
	"Number119" [label="Number"]
	"Mem118" -> "Number119"
	"num120" [label="num",style=filled,fillcolor=powderblue]
	"Number119" -> "num120"
	"Factor2121" [label="Factor2"]
	"Factor116" -> "Factor2121"
	"e122" [label="e"]
	"Factor2121" -> "e122"
	"Term2123" [label="Term2"]
	"Term115" -> "Term2123"
	"e124" [label="e"]
	"Term2123" -> "e124"
	"Expression2125" [label="Expression2"]
	"Expression114" -> "Expression2125"
	"e126" [label="e"]
	"Expression2125" -> "e126"
	"]127" [label="]",style=filled,fillcolor=powderblue]
	"Mem111" -> "]127"
	"Factor2128" [label="Factor2"]
	"Factor109" -> "Factor2128"
	"e129" [label="e"]
	"Factor2128" -> "e129"
	"Term2130" [label="Term2"]
	"Term108" -> "Term2130"
	"e131" [label="e"]
	"Term2130" -> "e131"
	"Expression2132" [label="Expression2"]
	"Expression107" -> "Expression2132"
	"e133" [label="e"]
	"Expression2132" -> "e133"
	"Statements2134" [label="Statements2"]
	"Statements253" -> "Statements2134"
	"Statement135" [label="Statement"]
	"Statements2134" -> "Statement135"
	"Jump136" [label="Jump"]
	"Statement135" -> "Jump136"
	"goto137" [label="goto",style=filled,fillcolor=powderblue]
	"Jump136" -> "goto137"
	"num138" [label="num",style=filled,fillcolor=powderblue]
	"Jump136" -> "num138"
	"if139" [label="if",style=filled,fillcolor=powderblue]
	"Jump136" -> "if139"
	"Expression140" [label="Expression"]
	"Jump136" -> "Expression140"
	"Term141" [label="Term"]
	"Expression140" -> "Term141"
	"Factor142" [label="Factor"]
	"Term141" -> "Factor142"
	"Paren143" [label="Paren"]
	"Factor142" -> "Paren143"
	"Mem144" [label="Mem"]
	"Paren143" -> "Mem144"
	"m145" [label="m",style=filled,fillcolor=powderblue]
	"Mem144" -> "m145"
	"[146" [label="[",style=filled,fillcolor=powderblue]
	"Mem144" -> "[146"
	"Expression147" [label="Expression"]
	"Mem144" -> "Expression147"
	"Term148" [label="Term"]
	"Expression147" -> "Term148"
	"Factor149" [label="Factor"]
	"Term148" -> "Factor149"
	"Paren150" [label="Paren"]
	"Factor149" -> "Paren150"
	"Mem151" [label="Mem"]
	"Paren150" -> "Mem151"
	"Number152" [label="Number"]
	"Mem151" -> "Number152"
	"num153" [label="num",style=filled,fillcolor=powderblue]
	"Number152" -> "num153"
	"Factor2154" [label="Factor2"]
	"Factor149" -> "Factor2154"
	"e155" [label="e"]
	"Factor2154" -> "e155"
	"Term2156" [label="Term2"]
	"Term148" -> "Term2156"
	"e157" [label="e"]
	"Term2156" -> "e157"
	"Expression2158" [label="Expression2"]
	"Expression147" -> "Expression2158"
	"e159" [label="e"]
	"Expression2158" -> "e159"
	"]160" [label="]",style=filled,fillcolor=powderblue]
	"Mem144" -> "]160"
	"Factor2161" [label="Factor2"]
	"Factor142" -> "Factor2161"
	"e162" [label="e"]
	"Factor2161" -> "e162"
	"Term2163" [label="Term2"]
	"Term141" -> "Term2163"
	"e164" [label="e"]
	"Term2163" -> "e164"
	"Expression2165" [label="Expression2"]
	"Expression140" -> "Expression2165"
	"e166" [label="e"]
	"Expression2165" -> "e166"
	"Statements2167" [label="Statements2"]
	"Statements2134" -> "Statements2167"
	"Statement168" [label="Statement"]
	"Statements2167" -> "Statement168"
	"Jump169" [label="Jump"]
	"Statement168" -> "Jump169"
	"goto170" [label="goto",style=filled,fillcolor=powderblue]
	"Jump169" -> "goto170"
	"num171" [label="num",style=filled,fillcolor=powderblue]
	"Jump169" -> "num171"
	"Statements2172" [label="Statements2"]
	"Statements2167" -> "Statements2172"
	"Statement173" [label="Statement"]
	"Statements2172" -> "Statement173"
	"Label174" [label="Label"]
	"Statement173" -> "Label174"
	"L175" [label="L",style=filled,fillcolor=powderblue]
	"Label174" -> "L175"
	"num176" [label="num",style=filled,fillcolor=powderblue]
	"Label174" -> "num176"
	":177" [label=":",style=filled,fillcolor=powderblue]
	"Label174" -> ":177"
	"Statements2178" [label="Statements2"]
	"Statements2172" -> "Statements2178"
	"Statement179" [label="Statement"]
	"Statements2178" -> "Statement179"
	"Assignment180" [label="Assignment"]
	"Statement179" -> "Assignment180"
	"m181" [label="m",style=filled,fillcolor=powderblue]
	"Assignment180" -> "m181"
	"[182" [label="[",style=filled,fillcolor=powderblue]
	"Assignment180" -> "[182"
	"Expression183" [label="Expression"]
	"Assignment180" -> "Expression183"
	"Term184" [label="Term"]
	"Expression183" -> "Term184"
	"Factor185" [label="Factor"]
	"Term184" -> "Factor185"
	"Paren186" [label="Paren"]
	"Factor185" -> "Paren186"
	"Mem187" [label="Mem"]
	"Paren186" -> "Mem187"
	"Number188" [label="Number"]
	"Mem187" -> "Number188"
	"num189" [label="num",style=filled,fillcolor=powderblue]
	"Number188" -> "num189"
	"Factor2190" [label="Factor2"]
	"Factor185" -> "Factor2190"
	"e191" [label="e"]
	"Factor2190" -> "e191"
	"Term2192" [label="Term2"]
	"Term184" -> "Term2192"
	"e193" [label="e"]
	"Term2192" -> "e193"
	"Expression2194" [label="Expression2"]
	"Expression183" -> "Expression2194"
	"e195" [label="e"]
	"Expression2194" -> "e195"
	"]196" [label="]",style=filled,fillcolor=powderblue]
	"Assignment180" -> "]196"
	"=197" [label="=",style=filled,fillcolor=powderblue]
	"Assignment180" -> "=197"
	"Expression198" [label="Expression"]
	"Assignment180" -> "Expression198"
	"Term199" [label="Term"]
	"Expression198" -> "Term199"
	"Factor200" [label="Factor"]
	"Term199" -> "Factor200"
	"Paren201" [label="Paren"]
	"Factor200" -> "Paren201"
	"Mem202" [label="Mem"]
	"Paren201" -> "Mem202"
	"Number203" [label="Number"]
	"Mem202" -> "Number203"
	"num204" [label="num",style=filled,fillcolor=powderblue]
	"Number203" -> "num204"
	"Factor2205" [label="Factor2"]
	"Factor200" -> "Factor2205"
	"e206" [label="e"]
	"Factor2205" -> "e206"
	"Term2207" [label="Term2"]
	"Term199" -> "Term2207"
	"e208" [label="e"]
	"Term2207" -> "e208"
	"Expression2209" [label="Expression2"]
	"Expression198" -> "Expression2209"
	"-210" [label="-",style=filled,fillcolor=powderblue]
	"Expression2209" -> "-210"
	"Term211" [label="Term"]
	"Expression2209" -> "Term211"
	"Factor212" [label="Factor"]
	"Term211" -> "Factor212"
	"Paren213" [label="Paren"]
	"Factor212" -> "Paren213"
	"(214" [label="(",style=filled,fillcolor=powderblue]
	"Paren213" -> "(214"
	"Expression215" [label="Expression"]
	"Paren213" -> "Expression215"
	"Term216" [label="Term"]
	"Expression215" -> "Term216"
	"Factor217" [label="Factor"]
	"Term216" -> "Factor217"
	"Paren218" [label="Paren"]
	"Factor217" -> "Paren218"
	"Mem219" [label="Mem"]
	"Paren218" -> "Mem219"
	"m220" [label="m",style=filled,fillcolor=powderblue]
	"Mem219" -> "m220"
	"[221" [label="[",style=filled,fillcolor=powderblue]
	"Mem219" -> "[221"
	"Expression222" [label="Expression"]
	"Mem219" -> "Expression222"
	"Term223" [label="Term"]
	"Expression222" -> "Term223"
	"Factor224" [label="Factor"]
	"Term223" -> "Factor224"
	"Paren225" [label="Paren"]
	"Factor224" -> "Paren225"
	"Mem226" [label="Mem"]
	"Paren225" -> "Mem226"
	"Number227" [label="Number"]
	"Mem226" -> "Number227"
	"num228" [label="num",style=filled,fillcolor=powderblue]
	"Number227" -> "num228"
	"Factor2229" [label="Factor2"]
	"Factor224" -> "Factor2229"
	"e230" [label="e"]
	"Factor2229" -> "e230"
	"Term2231" [label="Term2"]
	"Term223" -> "Term2231"
	"e232" [label="e"]
	"Term2231" -> "e232"
	"Expression2233" [label="Expression2"]
	"Expression222" -> "Expression2233"
	"e234" [label="e"]
	"Expression2233" -> "e234"
	"]235" [label="]",style=filled,fillcolor=powderblue]
	"Mem219" -> "]235"
	"Factor2236" [label="Factor2"]
	"Factor217" -> "Factor2236"
	"e237" [label="e"]
	"Factor2236" -> "e237"
	"Term2238" [label="Term2"]
	"Term216" -> "Term2238"
	"e239" [label="e"]
	"Term2238" -> "e239"
	"Expression2240" [label="Expression2"]
	"Expression215" -> "Expression2240"
	"-241" [label="-",style=filled,fillcolor=powderblue]
	"Expression2240" -> "-241"
	"Term242" [label="Term"]
	"Expression2240" -> "Term242"
	"Factor243" [label="Factor"]
	"Term242" -> "Factor243"
	"Paren244" [label="Paren"]
	"Factor243" -> "Paren244"
	"Mem245" [label="Mem"]
	"Paren244" -> "Mem245"
	"Number246" [label="Number"]
	"Mem245" -> "Number246"
	"num247" [label="num",style=filled,fillcolor=powderblue]
	"Number246" -> "num247"
	"Factor2248" [label="Factor2"]
	"Factor243" -> "Factor2248"
	"**249" [label="**",style=filled,fillcolor=powderblue]
	"Factor2248" -> "**249"
	"Paren250" [label="Paren"]
	"Factor2248" -> "Paren250"
	"Mem251" [label="Mem"]
	"Paren250" -> "Mem251"
	"Number252" [label="Number"]
	"Mem251" -> "Number252"
	"num253" [label="num",style=filled,fillcolor=powderblue]
	"Number252" -> "num253"
	"Factor2254" [label="Factor2"]
	"Factor2248" -> "Factor2254"
	"e255" [label="e"]
	"Factor2254" -> "e255"
	"Term2256" [label="Term2"]
	"Term242" -> "Term2256"
	"e257" [label="e"]
	"Term2256" -> "e257"
	"Expression2258" [label="Expression2"]
	"Expression2240" -> "Expression2258"
	"e259" [label="e"]
	"Expression2258" -> "e259"
	")260" [label=")",style=filled,fillcolor=powderblue]
	"Paren213" -> ")260"
	"Factor2261" [label="Factor2"]
	"Factor212" -> "Factor2261"
	"e262" [label="e"]
	"Factor2261" -> "e262"
	"Term2263" [label="Term2"]
	"Term211" -> "Term2263"
	"e264" [label="e"]
	"Term2263" -> "e264"
	"Expression2265" [label="Expression2"]
	"Expression2209" -> "Expression2265"
	"e266" [label="e"]
	"Expression2265" -> "e266"
	"Statements2267" [label="Statements2"]
	"Statements2178" -> "Statements2267"
	"Statement268" [label="Statement"]
	"Statements2267" -> "Statement268"
	"Label269" [label="Label"]
	"Statement268" -> "Label269"
	"L270" [label="L",style=filled,fillcolor=powderblue]
	"Label269" -> "L270"
	"num271" [label="num",style=filled,fillcolor=powderblue]
	"Label269" -> "num271"
	":272" [label=":",style=filled,fillcolor=powderblue]
	"Label269" -> ":272"
	"Statements2273" [label="Statements2"]
	"Statements2267" -> "Statements2273"
	"Statement274" [label="Statement"]
	"Statements2273" -> "Statement274"
	"Assignment275" [label="Assignment"]
	"Statement274" -> "Assignment275"
	"m276" [label="m",style=filled,fillcolor=powderblue]
	"Assignment275" -> "m276"
	"[277" [label="[",style=filled,fillcolor=powderblue]
	"Assignment275" -> "[277"
	"Expression278" [label="Expression"]
	"Assignment275" -> "Expression278"
	"Term279" [label="Term"]
	"Expression278" -> "Term279"
	"Factor280" [label="Factor"]
	"Term279" -> "Factor280"
	"Paren281" [label="Paren"]
	"Factor280" -> "Paren281"
	"Mem282" [label="Mem"]
	"Paren281" -> "Mem282"
	"Number283" [label="Number"]
	"Mem282" -> "Number283"
	"num284" [label="num",style=filled,fillcolor=powderblue]
	"Number283" -> "num284"
	"Factor2285" [label="Factor2"]
	"Factor280" -> "Factor2285"
	"e286" [label="e"]
	"Factor2285" -> "e286"
	"Term2287" [label="Term2"]
	"Term279" -> "Term2287"
	"e288" [label="e"]
	"Term2287" -> "e288"
	"Expression2289" [label="Expression2"]
	"Expression278" -> "Expression2289"
	"e290" [label="e"]
	"Expression2289" -> "e290"
	"]291" [label="]",style=filled,fillcolor=powderblue]
	"Assignment275" -> "]291"
	"=292" [label="=",style=filled,fillcolor=powderblue]
	"Assignment275" -> "=292"
	"Expression293" [label="Expression"]
	"Assignment275" -> "Expression293"
	"Term294" [label="Term"]
	"Expression293" -> "Term294"
	"Factor295" [label="Factor"]
	"Term294" -> "Factor295"
	"Paren296" [label="Paren"]
	"Factor295" -> "Paren296"
	"Mem297" [label="Mem"]
	"Paren296" -> "Mem297"
	"Number298" [label="Number"]
	"Mem297" -> "Number298"
	"num299" [label="num",style=filled,fillcolor=powderblue]
	"Number298" -> "num299"
	"Factor2300" [label="Factor2"]
	"Factor295" -> "Factor2300"
	"e301" [label="e"]
	"Factor2300" -> "e301"
	"Term2302" [label="Term2"]
	"Term294" -> "Term2302"
	"e303" [label="e"]
	"Term2302" -> "e303"
	"Expression2304" [label="Expression2"]
	"Expression293" -> "Expression2304"
	"-305" [label="-",style=filled,fillcolor=powderblue]
	"Expression2304" -> "-305"
	"Term306" [label="Term"]
	"Expression2304" -> "Term306"
	"Factor307" [label="Factor"]
	"Term306" -> "Factor307"
	"Paren308" [label="Paren"]
	"Factor307" -> "Paren308"
	"(309" [label="(",style=filled,fillcolor=powderblue]
	"Paren308" -> "(309"
	"Expression310" [label="Expression"]
	"Paren308" -> "Expression310"
	"Term311" [label="Term"]
	"Expression310" -> "Term311"
	"Factor312" [label="Factor"]
	"Term311" -> "Factor312"
	"Paren313" [label="Paren"]
	"Factor312" -> "Paren313"
	"Mem314" [label="Mem"]
	"Paren313" -> "Mem314"
	"m315" [label="m",style=filled,fillcolor=powderblue]
	"Mem314" -> "m315"
	"[316" [label="[",style=filled,fillcolor=powderblue]
	"Mem314" -> "[316"
	"Expression317" [label="Expression"]
	"Mem314" -> "Expression317"
	"Term318" [label="Term"]
	"Expression317" -> "Term318"
	"Factor319" [label="Factor"]
	"Term318" -> "Factor319"
	"Paren320" [label="Paren"]
	"Factor319" -> "Paren320"
	"Mem321" [label="Mem"]
	"Paren320" -> "Mem321"
	"Number322" [label="Number"]
	"Mem321" -> "Number322"
	"num323" [label="num",style=filled,fillcolor=powderblue]
	"Number322" -> "num323"
	"Factor2324" [label="Factor2"]
	"Factor319" -> "Factor2324"
	"e325" [label="e"]
	"Factor2324" -> "e325"
	"Term2326" [label="Term2"]
	"Term318" -> "Term2326"
	"e327" [label="e"]
	"Term2326" -> "e327"
	"Expression2328" [label="Expression2"]
	"Expression317" -> "Expression2328"
	"e329" [label="e"]
	"Expression2328" -> "e329"
	"]330" [label="]",style=filled,fillcolor=powderblue]
	"Mem314" -> "]330"
	"Factor2331" [label="Factor2"]
	"Factor312" -> "Factor2331"
	"e332" [label="e"]
	"Factor2331" -> "e332"
	"Term2333" [label="Term2"]
	"Term311" -> "Term2333"
	"e334" [label="e"]
	"Term2333" -> "e334"
	"Expression2335" [label="Expression2"]
	"Expression310" -> "Expression2335"
	"-336" [label="-",style=filled,fillcolor=powderblue]
	"Expression2335" -> "-336"
	"Term337" [label="Term"]
	"Expression2335" -> "Term337"
	"Factor338" [label="Factor"]
	"Term337" -> "Factor338"
	"Paren339" [label="Paren"]
	"Factor338" -> "Paren339"
	"Mem340" [label="Mem"]
	"Paren339" -> "Mem340"
	"Number341" [label="Number"]
	"Mem340" -> "Number341"
	"num342" [label="num",style=filled,fillcolor=powderblue]
	"Number341" -> "num342"
	"Factor2343" [label="Factor2"]
	"Factor338" -> "Factor2343"
	"e344" [label="e"]
	"Factor2343" -> "e344"
	"Term2345" [label="Term2"]
	"Term337" -> "Term2345"
	"e346" [label="e"]
	"Term2345" -> "e346"
	"Expression2347" [label="Expression2"]
	"Expression2335" -> "Expression2347"
	"e348" [label="e"]
	"Expression2347" -> "e348"
	")349" [label=")",style=filled,fillcolor=powderblue]
	"Paren308" -> ")349"
	"Factor2350" [label="Factor2"]
	"Factor307" -> "Factor2350"
	"e351" [label="e"]
	"Factor2350" -> "e351"
	"Term2352" [label="Term2"]
	"Term306" -> "Term2352"
	"e353" [label="e"]
	"Term2352" -> "e353"
	"Expression2354" [label="Expression2"]
	"Expression2304" -> "Expression2354"
	"e355" [label="e"]
	"Expression2354" -> "e355"
	"Statements2356" [label="Statements2"]
	"Statements2273" -> "Statements2356"
	"Statement357" [label="Statement"]
	"Statements2356" -> "Statement357"
	"print358" [label="print",style=filled,fillcolor=powderblue]
	"Statement357" -> "print358"
	"Expression359" [label="Expression"]
	"Statement357" -> "Expression359"
	"Term360" [label="Term"]
	"Expression359" -> "Term360"
	"Factor361" [label="Factor"]
	"Term360" -> "Factor361"
	"Paren362" [label="Paren"]
	"Factor361" -> "Paren362"
	"Mem363" [label="Mem"]
	"Paren362" -> "Mem363"
	"m364" [label="m",style=filled,fillcolor=powderblue]
	"Mem363" -> "m364"
	"[365" [label="[",style=filled,fillcolor=powderblue]
	"Mem363" -> "[365"
	"Expression366" [label="Expression"]
	"Mem363" -> "Expression366"
	"Term367" [label="Term"]
	"Expression366" -> "Term367"
	"Factor368" [label="Factor"]
	"Term367" -> "Factor368"
	"Paren369" [label="Paren"]
	"Factor368" -> "Paren369"
	"Mem370" [label="Mem"]
	"Paren369" -> "Mem370"
	"Number371" [label="Number"]
	"Mem370" -> "Number371"
	"num372" [label="num",style=filled,fillcolor=powderblue]
	"Number371" -> "num372"
	"Factor2373" [label="Factor2"]
	"Factor368" -> "Factor2373"
	"e374" [label="e"]
	"Factor2373" -> "e374"
	"Term2375" [label="Term2"]
	"Term367" -> "Term2375"
	"e376" [label="e"]
	"Term2375" -> "e376"
	"Expression2377" [label="Expression2"]
	"Expression366" -> "Expression2377"
	"e378" [label="e"]
	"Expression2377" -> "e378"
	"]379" [label="]",style=filled,fillcolor=powderblue]
	"Mem363" -> "]379"
	"Factor2380" [label="Factor2"]
	"Factor361" -> "Factor2380"
	"e381" [label="e"]
	"Factor2380" -> "e381"
	"Term2382" [label="Term2"]
	"Term360" -> "Term2382"
	"e383" [label="e"]
	"Term2382" -> "e383"
	"Expression2384" [label="Expression2"]
	"Expression359" -> "Expression2384"
	"e385" [label="e"]
	"Expression2384" -> "e385"
	"Statements2386" [label="Statements2"]
	"Statements2273" -> "Statements2386"
	"Statement387" [label="Statement"]
	"Statements2386" -> "Statement387"
	"print388" [label="print",style=filled,fillcolor=powderblue]
	"Statement387" -> "print388"
	"Expression389" [label="Expression"]
	"Statement387" -> "Expression389"
	"Term390" [label="Term"]
	"Expression389" -> "Term390"
	"Factor391" [label="Factor"]
	"Term390" -> "Factor391"
	"Paren392" [label="Paren"]
	"Factor391" -> "Paren392"
	"Mem393" [label="Mem"]
	"Paren392" -> "Mem393"
	"m394" [label="m",style=filled,fillcolor=powderblue]
	"Mem393" -> "m394"
	"[395" [label="[",style=filled,fillcolor=powderblue]
	"Mem393" -> "[395"
	"Expression396" [label="Expression"]
	"Mem393" -> "Expression396"
	"Term397" [label="Term"]
	"Expression396" -> "Term397"
	"Factor398" [label="Factor"]
	"Term397" -> "Factor398"
	"Paren399" [label="Paren"]
	"Factor398" -> "Paren399"
	"Mem400" [label="Mem"]
	"Paren399" -> "Mem400"
	"Number401" [label="Number"]
	"Mem400" -> "Number401"
	"num402" [label="num",style=filled,fillcolor=powderblue]
	"Number401" -> "num402"
	"Factor2403" [label="Factor2"]
	"Factor398" -> "Factor2403"
	"e404" [label="e"]
	"Factor2403" -> "e404"
	"Term2405" [label="Term2"]
	"Term397" -> "Term2405"
	"e406" [label="e"]
	"Term2405" -> "e406"
	"Expression2407" [label="Expression2"]
	"Expression396" -> "Expression2407"
	"e408" [label="e"]
	"Expression2407" -> "e408"
	"]409" [label="]",style=filled,fillcolor=powderblue]
	"Mem393" -> "]409"
	"Factor2410" [label="Factor2"]
	"Factor391" -> "Factor2410"
	"e411" [label="e"]
	"Factor2410" -> "e411"
	"Term2412" [label="Term2"]
	"Term390" -> "Term2412"
	"e413" [label="e"]
	"Term2412" -> "e413"
	"Expression2414" [label="Expression2"]
	"Expression389" -> "Expression2414"
	"e415" [label="e"]
	"Expression2414" -> "e415"
	"Statements2416" [label="Statements2"]
	"Statements2273" -> "Statements2416"
	"Statement417" [label="Statement"]
	"Statements2416" -> "Statement417"
	"print418" [label="print",style=filled,fillcolor=powderblue]
	"Statement417" -> "print418"
	"Expression419" [label="Expression"]
	"Statement417" -> "Expression419"
	"Term420" [label="Term"]
	"Expression419" -> "Term420"
	"Factor421" [label="Factor"]
	"Term420" -> "Factor421"
	"Paren422" [label="Paren"]
	"Factor421" -> "Paren422"
	"Mem423" [label="Mem"]
	"Paren422" -> "Mem423"
	"m424" [label="m",style=filled,fillcolor=powderblue]
	"Mem423" -> "m424"
	"[425" [label="[",style=filled,fillcolor=powderblue]
	"Mem423" -> "[425"
	"Expression426" [label="Expression"]
	"Mem423" -> "Expression426"
	"Term427" [label="Term"]
	"Expression426" -> "Term427"
	"Factor428" [label="Factor"]
	"Term427" -> "Factor428"
	"Paren429" [label="Paren"]
	"Factor428" -> "Paren429"
	"Mem430" [label="Mem"]
	"Paren429" -> "Mem430"
	"Number431" [label="Number"]
	"Mem430" -> "Number431"
	"num432" [label="num",style=filled,fillcolor=powderblue]
	"Number431" -> "num432"
	"Factor2433" [label="Factor2"]
	"Factor428" -> "Factor2433"
	"e434" [label="e"]
	"Factor2433" -> "e434"
	"Term2435" [label="Term2"]
	"Term427" -> "Term2435"
	"e436" [label="e"]
	"Term2435" -> "e436"
	"Expression2437" [label="Expression2"]
	"Expression426" -> "Expression2437"
	"e438" [label="e"]
	"Expression2437" -> "e438"
	"]439" [label="]",style=filled,fillcolor=powderblue]
	"Mem423" -> "]439"
	"Factor2440" [label="Factor2"]
	"Factor421" -> "Factor2440"
	"e441" [label="e"]
	"Factor2440" -> "e441"
	"Term2442" [label="Term2"]
	"Term420" -> "Term2442"
	"e443" [label="e"]
	"Term2442" -> "e443"
	"Expression2444" [label="Expression2"]
	"Expression419" -> "Expression2444"
	"e445" [label="e"]
	"Expression2444" -> "e445"
	"Statements2446" [label="Statements2"]
	"Statements2273" -> "Statements2446"
	"e447" [label="e"]
	"Statements2446" -> "e447"
};
};
};
};
};
