digraph G {
	"Start1" [label="Start"]
	"Statements2" [label="Statements"]
	"Start1" -> "Statements2"
	"Statement3" [label="Statement"]
	"Statements2" -> "Statement3"
	"Assignment4" [label="Assignment"]
	"Statement3" -> "Assignment4"
	"MExp5" [label="MExp"]
	"Assignment4" -> "MExp5"
	"m6" [label="m",style=filled,fillcolor=powderblue]
	"MExp5" -> "m6"
	"m7" [label="m",style=filled,fillcolor=powderblue]
	"m6" -> "m7"
	"[8" [label="[",style=filled,fillcolor=powderblue]
	"m6" -> "[8"
	"[9" [label="[",style=filled,fillcolor=powderblue]
	"[8" -> "[9"
	"Expression10" [label="Expression"]
	"[8" -> "Expression10"
	"Term11" [label="Term"]
	"Expression10" -> "Term11"
	"Factor12" [label="Factor"]
	"Term11" -> "Factor12"
	"Parens13" [label="Parens"]
	"Factor12" -> "Parens13"
	"num14" [label="num",style=filled,fillcolor=powderblue]
	"Parens13" -> "num14"
	"num15" [label="num",style=filled,fillcolor=powderblue]
	"num14" -> "num15"
	"EXP16" [label="EXP"]
	"Factor12" -> "EXP16"
	"e17" [label="e"]
	"EXP16" -> "e17"
	"MultDiv18" [label="MultDiv"]
	"Term11" -> "MultDiv18"
	"e19" [label="e"]
	"MultDiv18" -> "e19"
	"AddSub20" [label="AddSub"]
	"Expression10" -> "AddSub20"
	"e21" [label="e"]
	"AddSub20" -> "e21"
	"]22" [label="]",style=filled,fillcolor=powderblue]
	"MExp5" -> "]22"
	"]23" [label="]",style=filled,fillcolor=powderblue]
	"]22" -> "]23"
	"=24" [label="=",style=filled,fillcolor=powderblue]
	"Assignment4" -> "=24"
	"=25" [label="=",style=filled,fillcolor=powderblue]
	"=24" -> "=25"
	"Expression26" [label="Expression"]
	"Assignment4" -> "Expression26"
	"Term27" [label="Term"]
	"Expression26" -> "Term27"
	"Factor28" [label="Factor"]
	"Term27" -> "Factor28"
	"Parens29" [label="Parens"]
	"Factor28" -> "Parens29"
	"num30" [label="num",style=filled,fillcolor=powderblue]
	"Parens29" -> "num30"
	"num31" [label="num",style=filled,fillcolor=powderblue]
	"num30" -> "num31"
	"EXP32" [label="EXP"]
	"Factor28" -> "EXP32"
	"e33" [label="e"]
	"EXP32" -> "e33"
	"MultDiv34" [label="MultDiv"]
	"Term27" -> "MultDiv34"
	"e35" [label="e"]
	"MultDiv34" -> "e35"
	"AddSub36" [label="AddSub"]
	"Expression26" -> "AddSub36"
	"e37" [label="e"]
	"AddSub36" -> "e37"
	"StatementP38" [label="StatementP"]
	"Statements2" -> "StatementP38"
	"Statement39" [label="Statement"]
	"StatementP38" -> "Statement39"
	"Assignment40" [label="Assignment"]
	"Statement39" -> "Assignment40"
	"MExp41" [label="MExp"]
	"Assignment40" -> "MExp41"
	"m42" [label="m",style=filled,fillcolor=powderblue]
	"MExp41" -> "m42"
	"m43" [label="m",style=filled,fillcolor=powderblue]
	"m42" -> "m43"
	"[44" [label="[",style=filled,fillcolor=powderblue]
	"m42" -> "[44"
	"[45" [label="[",style=filled,fillcolor=powderblue]
	"[44" -> "[45"
	"Expression46" [label="Expression"]
	"[44" -> "Expression46"
	"Term47" [label="Term"]
	"Expression46" -> "Term47"
	"Factor48" [label="Factor"]
	"Term47" -> "Factor48"
	"Parens49" [label="Parens"]
	"Factor48" -> "Parens49"
	"num50" [label="num",style=filled,fillcolor=powderblue]
	"Parens49" -> "num50"
	"num51" [label="num",style=filled,fillcolor=powderblue]
	"num50" -> "num51"
	"EXP52" [label="EXP"]
	"Factor48" -> "EXP52"
	"e53" [label="e"]
	"EXP52" -> "e53"
	"MultDiv54" [label="MultDiv"]
	"Term47" -> "MultDiv54"
	"e55" [label="e"]
	"MultDiv54" -> "e55"
	"AddSub56" [label="AddSub"]
	"Expression46" -> "AddSub56"
	"e57" [label="e"]
	"AddSub56" -> "e57"
	"]58" [label="]",style=filled,fillcolor=powderblue]
	"MExp41" -> "]58"
	"]59" [label="]",style=filled,fillcolor=powderblue]
	"]58" -> "]59"
	"=60" [label="=",style=filled,fillcolor=powderblue]
	"Assignment40" -> "=60"
	"=61" [label="=",style=filled,fillcolor=powderblue]
	"=60" -> "=61"
	"Expression62" [label="Expression"]
	"Assignment40" -> "Expression62"
	"Term63" [label="Term"]
	"Expression62" -> "Term63"
	"Factor64" [label="Factor"]
	"Term63" -> "Factor64"
	"Parens65" [label="Parens"]
	"Factor64" -> "Parens65"
	"num66" [label="num",style=filled,fillcolor=powderblue]
	"Parens65" -> "num66"
	"num67" [label="num",style=filled,fillcolor=powderblue]
	"num66" -> "num67"
	"EXP68" [label="EXP"]
	"Factor64" -> "EXP68"
	"e69" [label="e"]
	"EXP68" -> "e69"
	"MultDiv70" [label="MultDiv"]
	"Term63" -> "MultDiv70"
	"e71" [label="e"]
	"MultDiv70" -> "e71"
	"AddSub72" [label="AddSub"]
	"Expression62" -> "AddSub72"
	"e73" [label="e"]
	"AddSub72" -> "e73"
	"StatementP74" [label="StatementP"]
	"StatementP38" -> "StatementP74"
	"Statement75" [label="Statement"]
	"StatementP74" -> "Statement75"
	"Assignment76" [label="Assignment"]
	"Statement75" -> "Assignment76"
	"MExp77" [label="MExp"]
	"Assignment76" -> "MExp77"
	"m78" [label="m",style=filled,fillcolor=powderblue]
	"MExp77" -> "m78"
	"m79" [label="m",style=filled,fillcolor=powderblue]
	"m78" -> "m79"
	"[80" [label="[",style=filled,fillcolor=powderblue]
	"m78" -> "[80"
	"[81" [label="[",style=filled,fillcolor=powderblue]
	"[80" -> "[81"
	"Expression82" [label="Expression"]
	"[80" -> "Expression82"
	"Term83" [label="Term"]
	"Expression82" -> "Term83"
	"Factor84" [label="Factor"]
	"Term83" -> "Factor84"
	"Parens85" [label="Parens"]
	"Factor84" -> "Parens85"
	"num86" [label="num",style=filled,fillcolor=powderblue]
	"Parens85" -> "num86"
	"num87" [label="num",style=filled,fillcolor=powderblue]
	"num86" -> "num87"
	"EXP88" [label="EXP"]
	"Factor84" -> "EXP88"
	"e89" [label="e"]
	"EXP88" -> "e89"
	"MultDiv90" [label="MultDiv"]
	"Term83" -> "MultDiv90"
	"e91" [label="e"]
	"MultDiv90" -> "e91"
	"AddSub92" [label="AddSub"]
	"Expression82" -> "AddSub92"
	"e93" [label="e"]
	"AddSub92" -> "e93"
	"]94" [label="]",style=filled,fillcolor=powderblue]
	"MExp77" -> "]94"
	"]95" [label="]",style=filled,fillcolor=powderblue]
	"]94" -> "]95"
	"=96" [label="=",style=filled,fillcolor=powderblue]
	"Assignment76" -> "=96"
	"=97" [label="=",style=filled,fillcolor=powderblue]
	"=96" -> "=97"
	"Expression98" [label="Expression"]
	"Assignment76" -> "Expression98"
	"Term99" [label="Term"]
	"Expression98" -> "Term99"
	"Factor100" [label="Factor"]
	"Term99" -> "Factor100"
	"Parens101" [label="Parens"]
	"Factor100" -> "Parens101"
	"num102" [label="num",style=filled,fillcolor=powderblue]
	"Parens101" -> "num102"
	"num103" [label="num",style=filled,fillcolor=powderblue]
	"num102" -> "num103"
	"EXP104" [label="EXP"]
	"Factor100" -> "EXP104"
	"e105" [label="e"]
	"EXP104" -> "e105"
	"MultDiv106" [label="MultDiv"]
	"Term99" -> "MultDiv106"
	"*107" [label="*",style=filled,fillcolor=powderblue]
	"MultDiv106" -> "*107"
	"*108" [label="*",style=filled,fillcolor=powderblue]
	"*107" -> "*108"
	"Factor109" [label="Factor"]
	"*107" -> "Factor109"
	"Parens110" [label="Parens"]
	"Factor109" -> "Parens110"
	"num111" [label="num",style=filled,fillcolor=powderblue]
	"Parens110" -> "num111"
	"num112" [label="num",style=filled,fillcolor=powderblue]
	"num111" -> "num112"
	"EXP113" [label="EXP"]
	"Factor109" -> "EXP113"
	"e114" [label="e"]
	"EXP113" -> "e114"
	"MultDiv115" [label="MultDiv"]
	"*107" -> "MultDiv115"
	"e116" [label="e"]
	"MultDiv115" -> "e116"
	"AddSub117" [label="AddSub"]
	"Expression98" -> "AddSub117"
	"e118" [label="e"]
	"AddSub117" -> "e118"
	"StatementP119" [label="StatementP"]
	"StatementP74" -> "StatementP119"
	"Statement120" [label="Statement"]
	"StatementP119" -> "Statement120"
	"Assignment121" [label="Assignment"]
	"Statement120" -> "Assignment121"
	"MExp122" [label="MExp"]
	"Assignment121" -> "MExp122"
	"m123" [label="m",style=filled,fillcolor=powderblue]
	"MExp122" -> "m123"
	"m124" [label="m",style=filled,fillcolor=powderblue]
	"m123" -> "m124"
	"[125" [label="[",style=filled,fillcolor=powderblue]
	"m123" -> "[125"
	"[126" [label="[",style=filled,fillcolor=powderblue]
	"[125" -> "[126"
	"Expression127" [label="Expression"]
	"[125" -> "Expression127"
	"Term128" [label="Term"]
	"Expression127" -> "Term128"
	"Factor129" [label="Factor"]
	"Term128" -> "Factor129"
	"Parens130" [label="Parens"]
	"Factor129" -> "Parens130"
	"num131" [label="num",style=filled,fillcolor=powderblue]
	"Parens130" -> "num131"
	"num132" [label="num",style=filled,fillcolor=powderblue]
	"num131" -> "num132"
	"EXP133" [label="EXP"]
	"Factor129" -> "EXP133"
	"e134" [label="e"]
	"EXP133" -> "e134"
	"MultDiv135" [label="MultDiv"]
	"Term128" -> "MultDiv135"
	"e136" [label="e"]
	"MultDiv135" -> "e136"
	"AddSub137" [label="AddSub"]
	"Expression127" -> "AddSub137"
	"e138" [label="e"]
	"AddSub137" -> "e138"
	"]139" [label="]",style=filled,fillcolor=powderblue]
	"MExp122" -> "]139"
	"]140" [label="]",style=filled,fillcolor=powderblue]
	"]139" -> "]140"
	"=141" [label="=",style=filled,fillcolor=powderblue]
	"Assignment121" -> "=141"
	"=142" [label="=",style=filled,fillcolor=powderblue]
	"=141" -> "=142"
	"Expression143" [label="Expression"]
	"Assignment121" -> "Expression143"
	"Term144" [label="Term"]
	"Expression143" -> "Term144"
	"Factor145" [label="Factor"]
	"Term144" -> "Factor145"
	"Parens146" [label="Parens"]
	"Factor145" -> "Parens146"
	"num147" [label="num",style=filled,fillcolor=powderblue]
	"Parens146" -> "num147"
	"num148" [label="num",style=filled,fillcolor=powderblue]
	"num147" -> "num148"
	"EXP149" [label="EXP"]
	"Factor145" -> "EXP149"
	"e150" [label="e"]
	"EXP149" -> "e150"
	"MultDiv151" [label="MultDiv"]
	"Term144" -> "MultDiv151"
	"e152" [label="e"]
	"MultDiv151" -> "e152"
	"AddSub153" [label="AddSub"]
	"Expression143" -> "AddSub153"
	"+154" [label="+",style=filled,fillcolor=powderblue]
	"AddSub153" -> "+154"
	"+155" [label="+",style=filled,fillcolor=powderblue]
	"+154" -> "+155"
	"Term156" [label="Term"]
	"+154" -> "Term156"
	"Factor157" [label="Factor"]
	"Term156" -> "Factor157"
	"Parens158" [label="Parens"]
	"Factor157" -> "Parens158"
	"(159" [label="(",style=filled,fillcolor=powderblue]
	"Parens158" -> "(159"
	"(160" [label="(",style=filled,fillcolor=powderblue]
	"(159" -> "(160"
	"Expression161" [label="Expression"]
	"(159" -> "Expression161"
	"Term162" [label="Term"]
	"Expression161" -> "Term162"
	"Factor163" [label="Factor"]
	"Term162" -> "Factor163"
	"Parens164" [label="Parens"]
	"Factor163" -> "Parens164"
	"num165" [label="num",style=filled,fillcolor=powderblue]
	"Parens164" -> "num165"
	"num166" [label="num",style=filled,fillcolor=powderblue]
	"num165" -> "num166"
	"EXP167" [label="EXP"]
	"Factor163" -> "EXP167"
	"e168" [label="e"]
	"EXP167" -> "e168"
	"MultDiv169" [label="MultDiv"]
	"Term162" -> "MultDiv169"
	"e170" [label="e"]
	"MultDiv169" -> "e170"
	"AddSub171" [label="AddSub"]
	"Expression161" -> "AddSub171"
	"e172" [label="e"]
	"AddSub171" -> "e172"
	")173" [label=")",style=filled,fillcolor=powderblue]
	"Parens158" -> ")173"
	")174" [label=")",style=filled,fillcolor=powderblue]
	")173" -> ")174"
	"EXP175" [label="EXP"]
	"Factor157" -> "EXP175"
	"e176" [label="e"]
	"EXP175" -> "e176"
	"MultDiv177" [label="MultDiv"]
	"Term156" -> "MultDiv177"
	"e178" [label="e"]
	"MultDiv177" -> "e178"
	"AddSub179" [label="AddSub"]
	"+154" -> "AddSub179"
	"e180" [label="e"]
	"AddSub179" -> "e180"
	"StatementP181" [label="StatementP"]
	"StatementP119" -> "StatementP181"
	"Statement182" [label="Statement"]
	"StatementP181" -> "Statement182"
	"Assignment183" [label="Assignment"]
	"Statement182" -> "Assignment183"
	"MExp184" [label="MExp"]
	"Assignment183" -> "MExp184"
	"m185" [label="m",style=filled,fillcolor=powderblue]
	"MExp184" -> "m185"
	"m186" [label="m",style=filled,fillcolor=powderblue]
	"m185" -> "m186"
	"[187" [label="[",style=filled,fillcolor=powderblue]
	"m185" -> "[187"
	"[188" [label="[",style=filled,fillcolor=powderblue]
	"[187" -> "[188"
	"Expression189" [label="Expression"]
	"[187" -> "Expression189"
	"Term190" [label="Term"]
	"Expression189" -> "Term190"
	"Factor191" [label="Factor"]
	"Term190" -> "Factor191"
	"Parens192" [label="Parens"]
	"Factor191" -> "Parens192"
	"num193" [label="num",style=filled,fillcolor=powderblue]
	"Parens192" -> "num193"
	"num194" [label="num",style=filled,fillcolor=powderblue]
	"num193" -> "num194"
	"EXP195" [label="EXP"]
	"Factor191" -> "EXP195"
	"e196" [label="e"]
	"EXP195" -> "e196"
	"MultDiv197" [label="MultDiv"]
	"Term190" -> "MultDiv197"
	"e198" [label="e"]
	"MultDiv197" -> "e198"
	"AddSub199" [label="AddSub"]
	"Expression189" -> "AddSub199"
	"e200" [label="e"]
	"AddSub199" -> "e200"
	"]201" [label="]",style=filled,fillcolor=powderblue]
	"MExp184" -> "]201"
	"]202" [label="]",style=filled,fillcolor=powderblue]
	"]201" -> "]202"
	"=203" [label="=",style=filled,fillcolor=powderblue]
	"Assignment183" -> "=203"
	"=204" [label="=",style=filled,fillcolor=powderblue]
	"=203" -> "=204"
	"Expression205" [label="Expression"]
	"Assignment183" -> "Expression205"
	"Term206" [label="Term"]
	"Expression205" -> "Term206"
	"Factor207" [label="Factor"]
	"Term206" -> "Factor207"
	"Parens208" [label="Parens"]
	"Factor207" -> "Parens208"
	"num209" [label="num",style=filled,fillcolor=powderblue]
	"Parens208" -> "num209"
	"num210" [label="num",style=filled,fillcolor=powderblue]
	"num209" -> "num210"
	"EXP211" [label="EXP"]
	"Factor207" -> "EXP211"
	"e212" [label="e"]
	"EXP211" -> "e212"
	"MultDiv213" [label="MultDiv"]
	"Term206" -> "MultDiv213"
	"e214" [label="e"]
	"MultDiv213" -> "e214"
	"AddSub215" [label="AddSub"]
	"Expression205" -> "AddSub215"
	"+216" [label="+",style=filled,fillcolor=powderblue]
	"AddSub215" -> "+216"
	"+217" [label="+",style=filled,fillcolor=powderblue]
	"+216" -> "+217"
	"Term218" [label="Term"]
	"+216" -> "Term218"
	"Factor219" [label="Factor"]
	"Term218" -> "Factor219"
	"Parens220" [label="Parens"]
	"Factor219" -> "Parens220"
	"(221" [label="(",style=filled,fillcolor=powderblue]
	"Parens220" -> "(221"
	"(222" [label="(",style=filled,fillcolor=powderblue]
	"(221" -> "(222"
	"Expression223" [label="Expression"]
	"(221" -> "Expression223"
	"Term224" [label="Term"]
	"Expression223" -> "Term224"
	"Factor225" [label="Factor"]
	"Term224" -> "Factor225"
	"Parens226" [label="Parens"]
	"Factor225" -> "Parens226"
	"num227" [label="num",style=filled,fillcolor=powderblue]
	"Parens226" -> "num227"
	"num228" [label="num",style=filled,fillcolor=powderblue]
	"num227" -> "num228"
	"EXP229" [label="EXP"]
	"Factor225" -> "EXP229"
	"e230" [label="e"]
	"EXP229" -> "e230"
	"MultDiv231" [label="MultDiv"]
	"Term224" -> "MultDiv231"
	"e232" [label="e"]
	"MultDiv231" -> "e232"
	"AddSub233" [label="AddSub"]
	"Expression223" -> "AddSub233"
	"-234" [label="-",style=filled,fillcolor=powderblue]
	"AddSub233" -> "-234"
	"-235" [label="-",style=filled,fillcolor=powderblue]
	"-234" -> "-235"
	"Term236" [label="Term"]
	"-234" -> "Term236"
	"Factor237" [label="Factor"]
	"Term236" -> "Factor237"
	"Parens238" [label="Parens"]
	"Factor237" -> "Parens238"
	"num239" [label="num",style=filled,fillcolor=powderblue]
	"Parens238" -> "num239"
	"num240" [label="num",style=filled,fillcolor=powderblue]
	"num239" -> "num240"
	"EXP241" [label="EXP"]
	"Factor237" -> "EXP241"
	"e242" [label="e"]
	"EXP241" -> "e242"
	"MultDiv243" [label="MultDiv"]
	"Term236" -> "MultDiv243"
	"e244" [label="e"]
	"MultDiv243" -> "e244"
	"AddSub245" [label="AddSub"]
	"-234" -> "AddSub245"
	"e246" [label="e"]
	"AddSub245" -> "e246"
	")247" [label=")",style=filled,fillcolor=powderblue]
	"Parens220" -> ")247"
	")248" [label=")",style=filled,fillcolor=powderblue]
	")247" -> ")248"
	"EXP249" [label="EXP"]
	"Factor219" -> "EXP249"
	"e250" [label="e"]
	"EXP249" -> "e250"
	"MultDiv251" [label="MultDiv"]
	"Term218" -> "MultDiv251"
	"e252" [label="e"]
	"MultDiv251" -> "e252"
	"AddSub253" [label="AddSub"]
	"+216" -> "AddSub253"
	"e254" [label="e"]
	"AddSub253" -> "e254"
	"StatementP255" [label="StatementP"]
	"StatementP181" -> "StatementP255"
	"eof256" [label="eof",style=filled,fillcolor=powderblue]
	"StatementP255" -> "eof256"
	"eof257" [label="eof",style=filled,fillcolor=powderblue]
	"eof256" -> "eof257"
	"e258" [label="e"]
	"StatementP255" -> "e258"
};
