digraph G {
	"Start1" [label="Start"]
	"Statements2" [label="Statements"]
	"Start1" -> "Statements2"
	"Statement3" [label="Statement"]
	"Statements2" -> "Statement3"
	"Assignment4" [label="Assignment"]
	"Statement3" -> "Assignment4"
	"MExp5" [label="MExp"]
	"Assignment4" -> "MExp5"
	"m6" [label="m",style=filled,fillcolor=powderblue]
	"MExp5" -> "m6"
	"m7" [label="m",style=filled,fillcolor=powderblue]
	"m6" -> "m7"
	"[8" [label="[",style=filled,fillcolor=powderblue]
	"m6" -> "[8"
	"[9" [label="[",style=filled,fillcolor=powderblue]
	"[8" -> "[9"
	"Expression10" [label="Expression"]
	"[8" -> "Expression10"
	"Term11" [label="Term"]
	"Expression10" -> "Term11"
	"Factor12" [label="Factor"]
	"Term11" -> "Factor12"
	"Parens13" [label="Parens"]
	"Factor12" -> "Parens13"
	"num14" [label="num",style=filled,fillcolor=powderblue]
	"Parens13" -> "num14"
	"num15" [label="num",style=filled,fillcolor=powderblue]
	"num14" -> "num15"
	"EXP16" [label="EXP"]
	"Factor12" -> "EXP16"
	"e17" [label="e"]
	"EXP16" -> "e17"
	"MultDiv18" [label="MultDiv"]
	"Term11" -> "MultDiv18"
	"e19" [label="e"]
	"MultDiv18" -> "e19"
	"AddSub20" [label="AddSub"]
	"Expression10" -> "AddSub20"
	"e21" [label="e"]
	"AddSub20" -> "e21"
	"]22" [label="]",style=filled,fillcolor=powderblue]
	"MExp5" -> "]22"
	"]23" [label="]",style=filled,fillcolor=powderblue]
	"]22" -> "]23"
	"=24" [label="=",style=filled,fillcolor=powderblue]
	"Assignment4" -> "=24"
	"=25" [label="=",style=filled,fillcolor=powderblue]
	"=24" -> "=25"
	"Expression26" [label="Expression"]
	"Assignment4" -> "Expression26"
	"Term27" [label="Term"]
	"Expression26" -> "Term27"
	"Factor28" [label="Factor"]
	"Term27" -> "Factor28"
	"Parens29" [label="Parens"]
	"Factor28" -> "Parens29"
	"num30" [label="num",style=filled,fillcolor=powderblue]
	"Parens29" -> "num30"
	"num31" [label="num",style=filled,fillcolor=powderblue]
	"num30" -> "num31"
	"EXP32" [label="EXP"]
	"Factor28" -> "EXP32"
	"e33" [label="e"]
	"EXP32" -> "e33"
	"MultDiv34" [label="MultDiv"]
	"Term27" -> "MultDiv34"
	"/35" [label="/",style=filled,fillcolor=powderblue]
	"MultDiv34" -> "/35"
	"/36" [label="/",style=filled,fillcolor=powderblue]
	"/35" -> "/36"
	"Factor37" [label="Factor"]
	"/35" -> "Factor37"
	"Parens38" [label="Parens"]
	"Factor37" -> "Parens38"
	"num39" [label="num",style=filled,fillcolor=powderblue]
	"Parens38" -> "num39"
	"num40" [label="num",style=filled,fillcolor=powderblue]
	"num39" -> "num40"
	"EXP41" [label="EXP"]
	"Factor37" -> "EXP41"
	"e42" [label="e"]
	"EXP41" -> "e42"
	"MultDiv43" [label="MultDiv"]
	"/35" -> "MultDiv43"
	"*44" [label="*",style=filled,fillcolor=powderblue]
	"MultDiv43" -> "*44"
	"*45" [label="*",style=filled,fillcolor=powderblue]
	"*44" -> "*45"
	"Factor46" [label="Factor"]
	"*44" -> "Factor46"
	"Parens47" [label="Parens"]
	"Factor46" -> "Parens47"
	"num48" [label="num",style=filled,fillcolor=powderblue]
	"Parens47" -> "num48"
	"num49" [label="num",style=filled,fillcolor=powderblue]
	"num48" -> "num49"
	"EXP50" [label="EXP"]
	"Factor46" -> "EXP50"
	"e51" [label="e"]
	"EXP50" -> "e51"
	"MultDiv52" [label="MultDiv"]
	"*44" -> "MultDiv52"
	"e53" [label="e"]
	"MultDiv52" -> "e53"
	"AddSub54" [label="AddSub"]
	"Expression26" -> "AddSub54"
	"e55" [label="e"]
	"AddSub54" -> "e55"
	"StatementP56" [label="StatementP"]
	"Statements2" -> "StatementP56"
	"Statement57" [label="Statement"]
	"StatementP56" -> "Statement57"
	"Assignment58" [label="Assignment"]
	"Statement57" -> "Assignment58"
	"MExp59" [label="MExp"]
	"Assignment58" -> "MExp59"
	"m60" [label="m",style=filled,fillcolor=powderblue]
	"MExp59" -> "m60"
	"m61" [label="m",style=filled,fillcolor=powderblue]
	"m60" -> "m61"
	"[62" [label="[",style=filled,fillcolor=powderblue]
	"m60" -> "[62"
	"[63" [label="[",style=filled,fillcolor=powderblue]
	"[62" -> "[63"
	"Expression64" [label="Expression"]
	"[62" -> "Expression64"
	"Term65" [label="Term"]
	"Expression64" -> "Term65"
	"Factor66" [label="Factor"]
	"Term65" -> "Factor66"
	"Parens67" [label="Parens"]
	"Factor66" -> "Parens67"
	"num68" [label="num",style=filled,fillcolor=powderblue]
	"Parens67" -> "num68"
	"num69" [label="num",style=filled,fillcolor=powderblue]
	"num68" -> "num69"
	"EXP70" [label="EXP"]
	"Factor66" -> "EXP70"
	"e71" [label="e"]
	"EXP70" -> "e71"
	"MultDiv72" [label="MultDiv"]
	"Term65" -> "MultDiv72"
	"e73" [label="e"]
	"MultDiv72" -> "e73"
	"AddSub74" [label="AddSub"]
	"Expression64" -> "AddSub74"
	"e75" [label="e"]
	"AddSub74" -> "e75"
	"]76" [label="]",style=filled,fillcolor=powderblue]
	"MExp59" -> "]76"
	"]77" [label="]",style=filled,fillcolor=powderblue]
	"]76" -> "]77"
	"=78" [label="=",style=filled,fillcolor=powderblue]
	"Assignment58" -> "=78"
	"=79" [label="=",style=filled,fillcolor=powderblue]
	"=78" -> "=79"
	"Expression80" [label="Expression"]
	"Assignment58" -> "Expression80"
	"Term81" [label="Term"]
	"Expression80" -> "Term81"
	"Factor82" [label="Factor"]
	"Term81" -> "Factor82"
	"Parens83" [label="Parens"]
	"Factor82" -> "Parens83"
	"num84" [label="num",style=filled,fillcolor=powderblue]
	"Parens83" -> "num84"
	"num85" [label="num",style=filled,fillcolor=powderblue]
	"num84" -> "num85"
	"EXP86" [label="EXP"]
	"Factor82" -> "EXP86"
	"e87" [label="e"]
	"EXP86" -> "e87"
	"MultDiv88" [label="MultDiv"]
	"Term81" -> "MultDiv88"
	"/89" [label="/",style=filled,fillcolor=powderblue]
	"MultDiv88" -> "/89"
	"/90" [label="/",style=filled,fillcolor=powderblue]
	"/89" -> "/90"
	"Factor91" [label="Factor"]
	"/89" -> "Factor91"
	"Parens92" [label="Parens"]
	"Factor91" -> "Parens92"
	"num93" [label="num",style=filled,fillcolor=powderblue]
	"Parens92" -> "num93"
	"num94" [label="num",style=filled,fillcolor=powderblue]
	"num93" -> "num94"
	"EXP95" [label="EXP"]
	"Factor91" -> "EXP95"
	"e96" [label="e"]
	"EXP95" -> "e96"
	"MultDiv97" [label="MultDiv"]
	"/89" -> "MultDiv97"
	"*98" [label="*",style=filled,fillcolor=powderblue]
	"MultDiv97" -> "*98"
	"*99" [label="*",style=filled,fillcolor=powderblue]
	"*98" -> "*99"
	"Factor100" [label="Factor"]
	"*98" -> "Factor100"
	"Parens101" [label="Parens"]
	"Factor100" -> "Parens101"
	"num102" [label="num",style=filled,fillcolor=powderblue]
	"Parens101" -> "num102"
	"num103" [label="num",style=filled,fillcolor=powderblue]
	"num102" -> "num103"
	"EXP104" [label="EXP"]
	"Factor100" -> "EXP104"
	"e105" [label="e"]
	"EXP104" -> "e105"
	"MultDiv106" [label="MultDiv"]
	"*98" -> "MultDiv106"
	"e107" [label="e"]
	"MultDiv106" -> "e107"
	"AddSub108" [label="AddSub"]
	"Expression80" -> "AddSub108"
	"e109" [label="e"]
	"AddSub108" -> "e109"
	"StatementP110" [label="StatementP"]
	"StatementP56" -> "StatementP110"
	"Statement111" [label="Statement"]
	"StatementP110" -> "Statement111"
	"Jump112" [label="Jump"]
	"Statement111" -> "Jump112"
	"goto113" [label="goto",style=filled,fillcolor=powderblue]
	"Jump112" -> "goto113"
	"goto114" [label="goto",style=filled,fillcolor=powderblue]
	"goto113" -> "goto114"
	"num115" [label="num",style=filled,fillcolor=powderblue]
	"Jump112" -> "num115"
	"num116" [label="num",style=filled,fillcolor=powderblue]
	"num115" -> "num116"
	"StatementP117" [label="StatementP"]
	"StatementP110" -> "StatementP117"
	"Statement118" [label="Statement"]
	"StatementP117" -> "Statement118"
	"Assignment119" [label="Assignment"]
	"Statement118" -> "Assignment119"
	"MExp120" [label="MExp"]
	"Assignment119" -> "MExp120"
	"m121" [label="m",style=filled,fillcolor=powderblue]
	"MExp120" -> "m121"
	"m122" [label="m",style=filled,fillcolor=powderblue]
	"m121" -> "m122"
	"[123" [label="[",style=filled,fillcolor=powderblue]
	"m121" -> "[123"
	"[124" [label="[",style=filled,fillcolor=powderblue]
	"[123" -> "[124"
	"Expression125" [label="Expression"]
	"[123" -> "Expression125"
	"Term126" [label="Term"]
	"Expression125" -> "Term126"
	"Factor127" [label="Factor"]
	"Term126" -> "Factor127"
	"Parens128" [label="Parens"]
	"Factor127" -> "Parens128"
	"num129" [label="num",style=filled,fillcolor=powderblue]
	"Parens128" -> "num129"
	"num130" [label="num",style=filled,fillcolor=powderblue]
	"num129" -> "num130"
	"EXP131" [label="EXP"]
	"Factor127" -> "EXP131"
	"e132" [label="e"]
	"EXP131" -> "e132"
	"MultDiv133" [label="MultDiv"]
	"Term126" -> "MultDiv133"
	"e134" [label="e"]
	"MultDiv133" -> "e134"
	"AddSub135" [label="AddSub"]
	"Expression125" -> "AddSub135"
	"e136" [label="e"]
	"AddSub135" -> "e136"
	"]137" [label="]",style=filled,fillcolor=powderblue]
	"MExp120" -> "]137"
	"]138" [label="]",style=filled,fillcolor=powderblue]
	"]137" -> "]138"
	"=139" [label="=",style=filled,fillcolor=powderblue]
	"Assignment119" -> "=139"
	"=140" [label="=",style=filled,fillcolor=powderblue]
	"=139" -> "=140"
	"Expression141" [label="Expression"]
	"Assignment119" -> "Expression141"
	"Term142" [label="Term"]
	"Expression141" -> "Term142"
	"Factor143" [label="Factor"]
	"Term142" -> "Factor143"
	"Parens144" [label="Parens"]
	"Factor143" -> "Parens144"
	"num145" [label="num",style=filled,fillcolor=powderblue]
	"Parens144" -> "num145"
	"num146" [label="num",style=filled,fillcolor=powderblue]
	"num145" -> "num146"
	"EXP147" [label="EXP"]
	"Factor143" -> "EXP147"
	"e148" [label="e"]
	"EXP147" -> "e148"
	"MultDiv149" [label="MultDiv"]
	"Term142" -> "MultDiv149"
	"e150" [label="e"]
	"MultDiv149" -> "e150"
	"AddSub151" [label="AddSub"]
	"Expression141" -> "AddSub151"
	"+152" [label="+",style=filled,fillcolor=powderblue]
	"AddSub151" -> "+152"
	"+153" [label="+",style=filled,fillcolor=powderblue]
	"+152" -> "+153"
	"Term154" [label="Term"]
	"+152" -> "Term154"
	"MExp155" [label="MExp"]
	"Term154" -> "MExp155"
	"m156" [label="m",style=filled,fillcolor=powderblue]
	"MExp155" -> "m156"
	"m157" [label="m",style=filled,fillcolor=powderblue]
	"m156" -> "m157"
	"[158" [label="[",style=filled,fillcolor=powderblue]
	"m156" -> "[158"
	"[159" [label="[",style=filled,fillcolor=powderblue]
	"[158" -> "[159"
	"Expression160" [label="Expression"]
	"[158" -> "Expression160"
	"Term161" [label="Term"]
	"Expression160" -> "Term161"
	"Factor162" [label="Factor"]
	"Term161" -> "Factor162"
	"Parens163" [label="Parens"]
	"Factor162" -> "Parens163"
	"num164" [label="num",style=filled,fillcolor=powderblue]
	"Parens163" -> "num164"
	"num165" [label="num",style=filled,fillcolor=powderblue]
	"num164" -> "num165"
	"EXP166" [label="EXP"]
	"Factor162" -> "EXP166"
	"e167" [label="e"]
	"EXP166" -> "e167"
	"MultDiv168" [label="MultDiv"]
	"Term161" -> "MultDiv168"
	"e169" [label="e"]
	"MultDiv168" -> "e169"
	"AddSub170" [label="AddSub"]
	"Expression160" -> "AddSub170"
	"e171" [label="e"]
	"AddSub170" -> "e171"
	"]172" [label="]",style=filled,fillcolor=powderblue]
	"MExp155" -> "]172"
	"]173" [label="]",style=filled,fillcolor=powderblue]
	"]172" -> "]173"
	"AddSub174" [label="AddSub"]
	"+152" -> "AddSub174"
	"e175" [label="e"]
	"AddSub174" -> "e175"
	"StatementP176" [label="StatementP"]
	"StatementP117" -> "StatementP176"
	"Statement177" [label="Statement"]
	"StatementP176" -> "Statement177"
	"Assignment178" [label="Assignment"]
	"Statement177" -> "Assignment178"
	"MExp179" [label="MExp"]
	"Assignment178" -> "MExp179"
	"m180" [label="m",style=filled,fillcolor=powderblue]
	"MExp179" -> "m180"
	"m181" [label="m",style=filled,fillcolor=powderblue]
	"m180" -> "m181"
	"[182" [label="[",style=filled,fillcolor=powderblue]
	"m180" -> "[182"
	"[183" [label="[",style=filled,fillcolor=powderblue]
	"[182" -> "[183"
	"Expression184" [label="Expression"]
	"[182" -> "Expression184"
	"Term185" [label="Term"]
	"Expression184" -> "Term185"
	"Factor186" [label="Factor"]
	"Term185" -> "Factor186"
	"Parens187" [label="Parens"]
	"Factor186" -> "Parens187"
	"num188" [label="num",style=filled,fillcolor=powderblue]
	"Parens187" -> "num188"
	"num189" [label="num",style=filled,fillcolor=powderblue]
	"num188" -> "num189"
	"EXP190" [label="EXP"]
	"Factor186" -> "EXP190"
	"e191" [label="e"]
	"EXP190" -> "e191"
	"MultDiv192" [label="MultDiv"]
	"Term185" -> "MultDiv192"
	"e193" [label="e"]
	"MultDiv192" -> "e193"
	"AddSub194" [label="AddSub"]
	"Expression184" -> "AddSub194"
	"e195" [label="e"]
	"AddSub194" -> "e195"
	"]196" [label="]",style=filled,fillcolor=powderblue]
	"MExp179" -> "]196"
	"]197" [label="]",style=filled,fillcolor=powderblue]
	"]196" -> "]197"
	"=198" [label="=",style=filled,fillcolor=powderblue]
	"Assignment178" -> "=198"
	"=199" [label="=",style=filled,fillcolor=powderblue]
	"=198" -> "=199"
	"Expression200" [label="Expression"]
	"Assignment178" -> "Expression200"
	"Term201" [label="Term"]
	"Expression200" -> "Term201"
	"Factor202" [label="Factor"]
	"Term201" -> "Factor202"
	"Parens203" [label="Parens"]
	"Factor202" -> "Parens203"
	"num204" [label="num",style=filled,fillcolor=powderblue]
	"Parens203" -> "num204"
	"num205" [label="num",style=filled,fillcolor=powderblue]
	"num204" -> "num205"
	"EXP206" [label="EXP"]
	"Factor202" -> "EXP206"
	"e207" [label="e"]
	"EXP206" -> "e207"
	"MultDiv208" [label="MultDiv"]
	"Term201" -> "MultDiv208"
	"e209" [label="e"]
	"MultDiv208" -> "e209"
	"AddSub210" [label="AddSub"]
	"Expression200" -> "AddSub210"
	"-211" [label="-",style=filled,fillcolor=powderblue]
	"AddSub210" -> "-211"
	"-212" [label="-",style=filled,fillcolor=powderblue]
	"-211" -> "-212"
	"Term213" [label="Term"]
	"-211" -> "Term213"
	"MExp214" [label="MExp"]
	"Term213" -> "MExp214"
	"m215" [label="m",style=filled,fillcolor=powderblue]
	"MExp214" -> "m215"
	"m216" [label="m",style=filled,fillcolor=powderblue]
	"m215" -> "m216"
	"[217" [label="[",style=filled,fillcolor=powderblue]
	"m215" -> "[217"
	"[218" [label="[",style=filled,fillcolor=powderblue]
	"[217" -> "[218"
	"Expression219" [label="Expression"]
	"[217" -> "Expression219"
	"Term220" [label="Term"]
	"Expression219" -> "Term220"
	"Factor221" [label="Factor"]
	"Term220" -> "Factor221"
	"Parens222" [label="Parens"]
	"Factor221" -> "Parens222"
	"num223" [label="num",style=filled,fillcolor=powderblue]
	"Parens222" -> "num223"
	"num224" [label="num",style=filled,fillcolor=powderblue]
	"num223" -> "num224"
	"EXP225" [label="EXP"]
	"Factor221" -> "EXP225"
	"**226" [label="**",style=filled,fillcolor=powderblue]
	"EXP225" -> "**226"
	"**227" [label="**",style=filled,fillcolor=powderblue]
	"**226" -> "**227"
	"Parens228" [label="Parens"]
	"**226" -> "Parens228"
	"EXP229" [label="EXP"]
	"**226" -> "EXP229"
	"e230" [label="e"]
	"EXP229" -> "e230"
	"MultDiv231" [label="MultDiv"]
	"Term220" -> "MultDiv231"
	"*232" [label="*",style=filled,fillcolor=powderblue]
	"MultDiv231" -> "*232"
	"*233" [label="*",style=filled,fillcolor=powderblue]
	"*232" -> "*233"
	"Factor234" [label="Factor"]
	"*232" -> "Factor234"
	"Parens235" [label="Parens"]
	"Factor234" -> "Parens235"
	"num236" [label="num",style=filled,fillcolor=powderblue]
	"Parens235" -> "num236"
	"num237" [label="num",style=filled,fillcolor=powderblue]
	"num236" -> "num237"
	"EXP238" [label="EXP"]
	"Factor234" -> "EXP238"
	"e239" [label="e"]
	"EXP238" -> "e239"
	"MultDiv240" [label="MultDiv"]
	"*232" -> "MultDiv240"
	"e241" [label="e"]
	"MultDiv240" -> "e241"
	"AddSub242" [label="AddSub"]
	"Expression219" -> "AddSub242"
	"-243" [label="-",style=filled,fillcolor=powderblue]
	"AddSub242" -> "-243"
	"-244" [label="-",style=filled,fillcolor=powderblue]
	"-243" -> "-244"
	"Term245" [label="Term"]
	"-243" -> "Term245"
	"Factor246" [label="Factor"]
	"Term245" -> "Factor246"
	"Parens247" [label="Parens"]
	"Factor246" -> "Parens247"
	"num248" [label="num",style=filled,fillcolor=powderblue]
	"Parens247" -> "num248"
	"num249" [label="num",style=filled,fillcolor=powderblue]
	"num248" -> "num249"
	"EXP250" [label="EXP"]
	"Factor246" -> "EXP250"
	"e251" [label="e"]
	"EXP250" -> "e251"
	"MultDiv252" [label="MultDiv"]
	"Term245" -> "MultDiv252"
	"e253" [label="e"]
	"MultDiv252" -> "e253"
	"AddSub254" [label="AddSub"]
	"-243" -> "AddSub254"
	"e255" [label="e"]
	"AddSub254" -> "e255"
	"]256" [label="]",style=filled,fillcolor=powderblue]
	"MExp214" -> "]256"
	"]257" [label="]",style=filled,fillcolor=powderblue]
	"]256" -> "]257"
	"AddSub258" [label="AddSub"]
	"-211" -> "AddSub258"
	"-259" [label="-",style=filled,fillcolor=powderblue]
	"AddSub258" -> "-259"
	"-260" [label="-",style=filled,fillcolor=powderblue]
	"-259" -> "-260"
	"Term261" [label="Term"]
	"-259" -> "Term261"
	"Factor262" [label="Factor"]
	"Term261" -> "Factor262"
	"Parens263" [label="Parens"]
	"Factor262" -> "Parens263"
	"num264" [label="num",style=filled,fillcolor=powderblue]
	"Parens263" -> "num264"
	"num265" [label="num",style=filled,fillcolor=powderblue]
	"num264" -> "num265"
	"EXP266" [label="EXP"]
	"Factor262" -> "EXP266"
	"e267" [label="e"]
	"EXP266" -> "e267"
	"MultDiv268" [label="MultDiv"]
	"Term261" -> "MultDiv268"
	"e269" [label="e"]
	"MultDiv268" -> "e269"
	"AddSub270" [label="AddSub"]
	"-259" -> "AddSub270"
	"e271" [label="e"]
	"AddSub270" -> "e271"
	"StatementP272" [label="StatementP"]
	"StatementP176" -> "StatementP272"
	"Statement273" [label="Statement"]
	"StatementP272" -> "Statement273"
	"Label274" [label="Label"]
	"Statement273" -> "Label274"
	"L275" [label="L",style=filled,fillcolor=powderblue]
	"Label274" -> "L275"
	"L276" [label="L",style=filled,fillcolor=powderblue]
	"L275" -> "L276"
	"num277" [label="num",style=filled,fillcolor=powderblue]
	"Label274" -> "num277"
	"num278" [label="num",style=filled,fillcolor=powderblue]
	"num277" -> "num278"
	":279" [label=":",style=filled,fillcolor=powderblue]
	"Label274" -> ":279"
	":280" [label=":",style=filled,fillcolor=powderblue]
	":279" -> ":280"
	"StatementP281" [label="StatementP"]
	"StatementP272" -> "StatementP281"
	"Statement282" [label="Statement"]
	"StatementP281" -> "Statement282"
	"Assignment283" [label="Assignment"]
	"Statement282" -> "Assignment283"
	"MExp284" [label="MExp"]
	"Assignment283" -> "MExp284"
	"m285" [label="m",style=filled,fillcolor=powderblue]
	"MExp284" -> "m285"
	"m286" [label="m",style=filled,fillcolor=powderblue]
	"m285" -> "m286"
	"[287" [label="[",style=filled,fillcolor=powderblue]
	"m285" -> "[287"
	"[288" [label="[",style=filled,fillcolor=powderblue]
	"[287" -> "[288"
	"Expression289" [label="Expression"]
	"[287" -> "Expression289"
	"Term290" [label="Term"]
	"Expression289" -> "Term290"
	"Factor291" [label="Factor"]
	"Term290" -> "Factor291"
	"Parens292" [label="Parens"]
	"Factor291" -> "Parens292"
	"num293" [label="num",style=filled,fillcolor=powderblue]
	"Parens292" -> "num293"
	"num294" [label="num",style=filled,fillcolor=powderblue]
	"num293" -> "num294"
	"EXP295" [label="EXP"]
	"Factor291" -> "EXP295"
	"e296" [label="e"]
	"EXP295" -> "e296"
	"MultDiv297" [label="MultDiv"]
	"Term290" -> "MultDiv297"
	"e298" [label="e"]
	"MultDiv297" -> "e298"
	"AddSub299" [label="AddSub"]
	"Expression289" -> "AddSub299"
	"e300" [label="e"]
	"AddSub299" -> "e300"
	"]301" [label="]",style=filled,fillcolor=powderblue]
	"MExp284" -> "]301"
	"]302" [label="]",style=filled,fillcolor=powderblue]
	"]301" -> "]302"
	"=303" [label="=",style=filled,fillcolor=powderblue]
	"Assignment283" -> "=303"
	"=304" [label="=",style=filled,fillcolor=powderblue]
	"=303" -> "=304"
	"Expression305" [label="Expression"]
	"Assignment283" -> "Expression305"
	"Term306" [label="Term"]
	"Expression305" -> "Term306"
	"Factor307" [label="Factor"]
	"Term306" -> "Factor307"
	"Parens308" [label="Parens"]
	"Factor307" -> "Parens308"
	"num309" [label="num",style=filled,fillcolor=powderblue]
	"Parens308" -> "num309"
	"num310" [label="num",style=filled,fillcolor=powderblue]
	"num309" -> "num310"
	"EXP311" [label="EXP"]
	"Factor307" -> "EXP311"
	"e312" [label="e"]
	"EXP311" -> "e312"
	"MultDiv313" [label="MultDiv"]
	"Term306" -> "MultDiv313"
	"e314" [label="e"]
	"MultDiv313" -> "e314"
	"AddSub315" [label="AddSub"]
	"Expression305" -> "AddSub315"
	"-316" [label="-",style=filled,fillcolor=powderblue]
	"AddSub315" -> "-316"
	"-317" [label="-",style=filled,fillcolor=powderblue]
	"-316" -> "-317"
	"Term318" [label="Term"]
	"-316" -> "Term318"
	"Factor319" [label="Factor"]
	"Term318" -> "Factor319"
	"Parens320" [label="Parens"]
	"Factor319" -> "Parens320"
	"(321" [label="(",style=filled,fillcolor=powderblue]
	"Parens320" -> "(321"
	"(322" [label="(",style=filled,fillcolor=powderblue]
	"(321" -> "(322"
	"Expression323" [label="Expression"]
	"(321" -> "Expression323"
	"Term324" [label="Term"]
	"Expression323" -> "Term324"
	"MExp325" [label="MExp"]
	"Term324" -> "MExp325"
	"m326" [label="m",style=filled,fillcolor=powderblue]
	"MExp325" -> "m326"
	"m327" [label="m",style=filled,fillcolor=powderblue]
	"m326" -> "m327"
	"[328" [label="[",style=filled,fillcolor=powderblue]
	"m326" -> "[328"
	"[329" [label="[",style=filled,fillcolor=powderblue]
	"[328" -> "[329"
	"Expression330" [label="Expression"]
	"[328" -> "Expression330"
	"Term331" [label="Term"]
	"Expression330" -> "Term331"
	"Factor332" [label="Factor"]
	"Term331" -> "Factor332"
	"Parens333" [label="Parens"]
	"Factor332" -> "Parens333"
	"num334" [label="num",style=filled,fillcolor=powderblue]
	"Parens333" -> "num334"
	"num335" [label="num",style=filled,fillcolor=powderblue]
	"num334" -> "num335"
	"EXP336" [label="EXP"]
	"Factor332" -> "EXP336"
	"e337" [label="e"]
	"EXP336" -> "e337"
	"MultDiv338" [label="MultDiv"]
	"Term331" -> "MultDiv338"
	"e339" [label="e"]
	"MultDiv338" -> "e339"
	"AddSub340" [label="AddSub"]
	"Expression330" -> "AddSub340"
	"e341" [label="e"]
	"AddSub340" -> "e341"
	"]342" [label="]",style=filled,fillcolor=powderblue]
	"MExp325" -> "]342"
	"]343" [label="]",style=filled,fillcolor=powderblue]
	"]342" -> "]343"
	"AddSub344" [label="AddSub"]
	"Expression323" -> "AddSub344"
	"-345" [label="-",style=filled,fillcolor=powderblue]
	"AddSub344" -> "-345"
	"-346" [label="-",style=filled,fillcolor=powderblue]
	"-345" -> "-346"
	"Term347" [label="Term"]
	"-345" -> "Term347"
	"Factor348" [label="Factor"]
	"Term347" -> "Factor348"
	"Parens349" [label="Parens"]
	"Factor348" -> "Parens349"
	"num350" [label="num",style=filled,fillcolor=powderblue]
	"Parens349" -> "num350"
	"num351" [label="num",style=filled,fillcolor=powderblue]
	"num350" -> "num351"
	"EXP352" [label="EXP"]
	"Factor348" -> "EXP352"
	"e353" [label="e"]
	"EXP352" -> "e353"
	"MultDiv354" [label="MultDiv"]
	"Term347" -> "MultDiv354"
	"e355" [label="e"]
	"MultDiv354" -> "e355"
	"AddSub356" [label="AddSub"]
	"-345" -> "AddSub356"
	"e357" [label="e"]
	"AddSub356" -> "e357"
	")358" [label=")",style=filled,fillcolor=powderblue]
	"Parens320" -> ")358"
	")359" [label=")",style=filled,fillcolor=powderblue]
	")358" -> ")359"
	"EXP360" [label="EXP"]
	"Factor319" -> "EXP360"
	"e361" [label="e"]
	"EXP360" -> "e361"
	"MultDiv362" [label="MultDiv"]
	"Term318" -> "MultDiv362"
	"e363" [label="e"]
	"MultDiv362" -> "e363"
	"AddSub364" [label="AddSub"]
	"-316" -> "AddSub364"
	"e365" [label="e"]
	"AddSub364" -> "e365"
	"StatementP366" [label="StatementP"]
	"StatementP281" -> "StatementP366"
	"Statement367" [label="Statement"]
	"StatementP366" -> "Statement367"
	"Assignment368" [label="Assignment"]
	"Statement367" -> "Assignment368"
	"MExp369" [label="MExp"]
	"Assignment368" -> "MExp369"
	"m370" [label="m",style=filled,fillcolor=powderblue]
	"MExp369" -> "m370"
	"m371" [label="m",style=filled,fillcolor=powderblue]
	"m370" -> "m371"
	"[372" [label="[",style=filled,fillcolor=powderblue]
	"m370" -> "[372"
	"[373" [label="[",style=filled,fillcolor=powderblue]
	"[372" -> "[373"
	"Expression374" [label="Expression"]
	"[372" -> "Expression374"
	"Term375" [label="Term"]
	"Expression374" -> "Term375"
	"Factor376" [label="Factor"]
	"Term375" -> "Factor376"
	"Parens377" [label="Parens"]
	"Factor376" -> "Parens377"
	"num378" [label="num",style=filled,fillcolor=powderblue]
	"Parens377" -> "num378"
	"num379" [label="num",style=filled,fillcolor=powderblue]
	"num378" -> "num379"
	"EXP380" [label="EXP"]
	"Factor376" -> "EXP380"
	"e381" [label="e"]
	"EXP380" -> "e381"
	"MultDiv382" [label="MultDiv"]
	"Term375" -> "MultDiv382"
	"e383" [label="e"]
	"MultDiv382" -> "e383"
	"AddSub384" [label="AddSub"]
	"Expression374" -> "AddSub384"
	"e385" [label="e"]
	"AddSub384" -> "e385"
	"]386" [label="]",style=filled,fillcolor=powderblue]
	"MExp369" -> "]386"
	"]387" [label="]",style=filled,fillcolor=powderblue]
	"]386" -> "]387"
	"=388" [label="=",style=filled,fillcolor=powderblue]
	"Assignment368" -> "=388"
	"=389" [label="=",style=filled,fillcolor=powderblue]
	"=388" -> "=389"
	"Expression390" [label="Expression"]
	"Assignment368" -> "Expression390"
	"Term391" [label="Term"]
	"Expression390" -> "Term391"
	"Factor392" [label="Factor"]
	"Term391" -> "Factor392"
	"Parens393" [label="Parens"]
	"Factor392" -> "Parens393"
	"num394" [label="num",style=filled,fillcolor=powderblue]
	"Parens393" -> "num394"
	"num395" [label="num",style=filled,fillcolor=powderblue]
	"num394" -> "num395"
	"EXP396" [label="EXP"]
	"Factor392" -> "EXP396"
	"e397" [label="e"]
	"EXP396" -> "e397"
	"MultDiv398" [label="MultDiv"]
	"Term391" -> "MultDiv398"
	"e399" [label="e"]
	"MultDiv398" -> "e399"
	"AddSub400" [label="AddSub"]
	"Expression390" -> "AddSub400"
	"+401" [label="+",style=filled,fillcolor=powderblue]
	"AddSub400" -> "+401"
	"+402" [label="+",style=filled,fillcolor=powderblue]
	"+401" -> "+402"
	"Term403" [label="Term"]
	"+401" -> "Term403"
	"MExp404" [label="MExp"]
	"Term403" -> "MExp404"
	"m405" [label="m",style=filled,fillcolor=powderblue]
	"MExp404" -> "m405"
	"m406" [label="m",style=filled,fillcolor=powderblue]
	"m405" -> "m406"
	"[407" [label="[",style=filled,fillcolor=powderblue]
	"m405" -> "[407"
	"[408" [label="[",style=filled,fillcolor=powderblue]
	"[407" -> "[408"
	"Expression409" [label="Expression"]
	"[407" -> "Expression409"
	"Term410" [label="Term"]
	"Expression409" -> "Term410"
	"Factor411" [label="Factor"]
	"Term410" -> "Factor411"
	"Parens412" [label="Parens"]
	"Factor411" -> "Parens412"
	"num413" [label="num",style=filled,fillcolor=powderblue]
	"Parens412" -> "num413"
	"num414" [label="num",style=filled,fillcolor=powderblue]
	"num413" -> "num414"
	"EXP415" [label="EXP"]
	"Factor411" -> "EXP415"
	"e416" [label="e"]
	"EXP415" -> "e416"
	"MultDiv417" [label="MultDiv"]
	"Term410" -> "MultDiv417"
	"e418" [label="e"]
	"MultDiv417" -> "e418"
	"AddSub419" [label="AddSub"]
	"Expression409" -> "AddSub419"
	"e420" [label="e"]
	"AddSub419" -> "e420"
	"]421" [label="]",style=filled,fillcolor=powderblue]
	"MExp404" -> "]421"
	"]422" [label="]",style=filled,fillcolor=powderblue]
	"]421" -> "]422"
	"AddSub423" [label="AddSub"]
	"+401" -> "AddSub423"
	"e424" [label="e"]
	"AddSub423" -> "e424"
	"StatementP425" [label="StatementP"]
	"StatementP366" -> "StatementP425"
	"Statement426" [label="Statement"]
	"StatementP425" -> "Statement426"
	"Assignment427" [label="Assignment"]
	"Statement426" -> "Assignment427"
	"MExp428" [label="MExp"]
	"Assignment427" -> "MExp428"
	"m429" [label="m",style=filled,fillcolor=powderblue]
	"MExp428" -> "m429"
	"m430" [label="m",style=filled,fillcolor=powderblue]
	"m429" -> "m430"
	"[431" [label="[",style=filled,fillcolor=powderblue]
	"m429" -> "[431"
	"[432" [label="[",style=filled,fillcolor=powderblue]
	"[431" -> "[432"
	"Expression433" [label="Expression"]
	"[431" -> "Expression433"
	"Term434" [label="Term"]
	"Expression433" -> "Term434"
	"Factor435" [label="Factor"]
	"Term434" -> "Factor435"
	"Parens436" [label="Parens"]
	"Factor435" -> "Parens436"
	"num437" [label="num",style=filled,fillcolor=powderblue]
	"Parens436" -> "num437"
	"num438" [label="num",style=filled,fillcolor=powderblue]
	"num437" -> "num438"
	"EXP439" [label="EXP"]
	"Factor435" -> "EXP439"
	"e440" [label="e"]
	"EXP439" -> "e440"
	"MultDiv441" [label="MultDiv"]
	"Term434" -> "MultDiv441"
	"e442" [label="e"]
	"MultDiv441" -> "e442"
	"AddSub443" [label="AddSub"]
	"Expression433" -> "AddSub443"
	"e444" [label="e"]
	"AddSub443" -> "e444"
	"]445" [label="]",style=filled,fillcolor=powderblue]
	"MExp428" -> "]445"
	"]446" [label="]",style=filled,fillcolor=powderblue]
	"]445" -> "]446"
	"=447" [label="=",style=filled,fillcolor=powderblue]
	"Assignment427" -> "=447"
	"=448" [label="=",style=filled,fillcolor=powderblue]
	"=447" -> "=448"
	"Expression449" [label="Expression"]
	"Assignment427" -> "Expression449"
	"Term450" [label="Term"]
	"Expression449" -> "Term450"
	"Factor451" [label="Factor"]
	"Term450" -> "Factor451"
	"Parens452" [label="Parens"]
	"Factor451" -> "Parens452"
	"num453" [label="num",style=filled,fillcolor=powderblue]
	"Parens452" -> "num453"
	"num454" [label="num",style=filled,fillcolor=powderblue]
	"num453" -> "num454"
	"EXP455" [label="EXP"]
	"Factor451" -> "EXP455"
	"e456" [label="e"]
	"EXP455" -> "e456"
	"MultDiv457" [label="MultDiv"]
	"Term450" -> "MultDiv457"
	"e458" [label="e"]
	"MultDiv457" -> "e458"
	"AddSub459" [label="AddSub"]
	"Expression449" -> "AddSub459"
	"-460" [label="-",style=filled,fillcolor=powderblue]
	"AddSub459" -> "-460"
	"-461" [label="-",style=filled,fillcolor=powderblue]
	"-460" -> "-461"
	"Term462" [label="Term"]
	"-460" -> "Term462"
	"MExp463" [label="MExp"]
	"Term462" -> "MExp463"
	"m464" [label="m",style=filled,fillcolor=powderblue]
	"MExp463" -> "m464"
	"m465" [label="m",style=filled,fillcolor=powderblue]
	"m464" -> "m465"
	"[466" [label="[",style=filled,fillcolor=powderblue]
	"m464" -> "[466"
	"[467" [label="[",style=filled,fillcolor=powderblue]
	"[466" -> "[467"
	"Expression468" [label="Expression"]
	"[466" -> "Expression468"
	"Term469" [label="Term"]
	"Expression468" -> "Term469"
	"Factor470" [label="Factor"]
	"Term469" -> "Factor470"
	"Parens471" [label="Parens"]
	"Factor470" -> "Parens471"
	"num472" [label="num",style=filled,fillcolor=powderblue]
	"Parens471" -> "num472"
	"num473" [label="num",style=filled,fillcolor=powderblue]
	"num472" -> "num473"
	"EXP474" [label="EXP"]
	"Factor470" -> "EXP474"
	"e475" [label="e"]
	"EXP474" -> "e475"
	"MultDiv476" [label="MultDiv"]
	"Term469" -> "MultDiv476"
	"e477" [label="e"]
	"MultDiv476" -> "e477"
	"AddSub478" [label="AddSub"]
	"Expression468" -> "AddSub478"
	"-479" [label="-",style=filled,fillcolor=powderblue]
	"AddSub478" -> "-479"
	"-480" [label="-",style=filled,fillcolor=powderblue]
	"-479" -> "-480"
	"Term481" [label="Term"]
	"-479" -> "Term481"
	"Factor482" [label="Factor"]
	"Term481" -> "Factor482"
	"Parens483" [label="Parens"]
	"Factor482" -> "Parens483"
	"num484" [label="num",style=filled,fillcolor=powderblue]
	"Parens483" -> "num484"
	"num485" [label="num",style=filled,fillcolor=powderblue]
	"num484" -> "num485"
	"EXP486" [label="EXP"]
	"Factor482" -> "EXP486"
	"e487" [label="e"]
	"EXP486" -> "e487"
	"MultDiv488" [label="MultDiv"]
	"Term481" -> "MultDiv488"
	"e489" [label="e"]
	"MultDiv488" -> "e489"
	"AddSub490" [label="AddSub"]
	"-479" -> "AddSub490"
	"e491" [label="e"]
	"AddSub490" -> "e491"
	"]492" [label="]",style=filled,fillcolor=powderblue]
	"MExp463" -> "]492"
	"]493" [label="]",style=filled,fillcolor=powderblue]
	"]492" -> "]493"
	"AddSub494" [label="AddSub"]
	"-460" -> "AddSub494"
	"e495" [label="e"]
	"AddSub494" -> "e495"
	"StatementP496" [label="StatementP"]
	"StatementP425" -> "StatementP496"
	"Statement497" [label="Statement"]
	"StatementP496" -> "Statement497"
	"Assignment498" [label="Assignment"]
	"Statement497" -> "Assignment498"
	"MExp499" [label="MExp"]
	"Assignment498" -> "MExp499"
	"m500" [label="m",style=filled,fillcolor=powderblue]
	"MExp499" -> "m500"
	"m501" [label="m",style=filled,fillcolor=powderblue]
	"m500" -> "m501"
	"[502" [label="[",style=filled,fillcolor=powderblue]
	"m500" -> "[502"
	"[503" [label="[",style=filled,fillcolor=powderblue]
	"[502" -> "[503"
	"Expression504" [label="Expression"]
	"[502" -> "Expression504"
	"Term505" [label="Term"]
	"Expression504" -> "Term505"
	"Factor506" [label="Factor"]
	"Term505" -> "Factor506"
	"Parens507" [label="Parens"]
	"Factor506" -> "Parens507"
	"num508" [label="num",style=filled,fillcolor=powderblue]
	"Parens507" -> "num508"
	"num509" [label="num",style=filled,fillcolor=powderblue]
	"num508" -> "num509"
	"EXP510" [label="EXP"]
	"Factor506" -> "EXP510"
	"e511" [label="e"]
	"EXP510" -> "e511"
	"MultDiv512" [label="MultDiv"]
	"Term505" -> "MultDiv512"
	"e513" [label="e"]
	"MultDiv512" -> "e513"
	"AddSub514" [label="AddSub"]
	"Expression504" -> "AddSub514"
	"e515" [label="e"]
	"AddSub514" -> "e515"
	"]516" [label="]",style=filled,fillcolor=powderblue]
	"MExp499" -> "]516"
	"]517" [label="]",style=filled,fillcolor=powderblue]
	"]516" -> "]517"
	"=518" [label="=",style=filled,fillcolor=powderblue]
	"Assignment498" -> "=518"
	"=519" [label="=",style=filled,fillcolor=powderblue]
	"=518" -> "=519"
	"Expression520" [label="Expression"]
	"Assignment498" -> "Expression520"
	"Term521" [label="Term"]
	"Expression520" -> "Term521"
	"Factor522" [label="Factor"]
	"Term521" -> "Factor522"
	"Parens523" [label="Parens"]
	"Factor522" -> "Parens523"
	"num524" [label="num",style=filled,fillcolor=powderblue]
	"Parens523" -> "num524"
	"num525" [label="num",style=filled,fillcolor=powderblue]
	"num524" -> "num525"
	"EXP526" [label="EXP"]
	"Factor522" -> "EXP526"
	"e527" [label="e"]
	"EXP526" -> "e527"
	"MultDiv528" [label="MultDiv"]
	"Term521" -> "MultDiv528"
	"e529" [label="e"]
	"MultDiv528" -> "e529"
	"AddSub530" [label="AddSub"]
	"Expression520" -> "AddSub530"
	"-531" [label="-",style=filled,fillcolor=powderblue]
	"AddSub530" -> "-531"
	"-532" [label="-",style=filled,fillcolor=powderblue]
	"-531" -> "-532"
	"Term533" [label="Term"]
	"-531" -> "Term533"
	"Factor534" [label="Factor"]
	"Term533" -> "Factor534"
	"Parens535" [label="Parens"]
	"Factor534" -> "Parens535"
	"(536" [label="(",style=filled,fillcolor=powderblue]
	"Parens535" -> "(536"
	"(537" [label="(",style=filled,fillcolor=powderblue]
	"(536" -> "(537"
	"Expression538" [label="Expression"]
	"(536" -> "Expression538"
	"Term539" [label="Term"]
	"Expression538" -> "Term539"
	"Factor540" [label="Factor"]
	"Term539" -> "Factor540"
	"Parens541" [label="Parens"]
	"Factor540" -> "Parens541"
	"num542" [label="num",style=filled,fillcolor=powderblue]
	"Parens541" -> "num542"
	"num543" [label="num",style=filled,fillcolor=powderblue]
	"num542" -> "num543"
	"EXP544" [label="EXP"]
	"Factor540" -> "EXP544"
	"e545" [label="e"]
	"EXP544" -> "e545"
	"MultDiv546" [label="MultDiv"]
	"Term539" -> "MultDiv546"
	"e547" [label="e"]
	"MultDiv546" -> "e547"
	"AddSub548" [label="AddSub"]
	"Expression538" -> "AddSub548"
	"-549" [label="-",style=filled,fillcolor=powderblue]
	"AddSub548" -> "-549"
	"-550" [label="-",style=filled,fillcolor=powderblue]
	"-549" -> "-550"
	"Term551" [label="Term"]
	"-549" -> "Term551"
	"Factor552" [label="Factor"]
	"Term551" -> "Factor552"
	"Parens553" [label="Parens"]
	"Factor552" -> "Parens553"
	"num554" [label="num",style=filled,fillcolor=powderblue]
	"Parens553" -> "num554"
	"num555" [label="num",style=filled,fillcolor=powderblue]
	"num554" -> "num555"
	"EXP556" [label="EXP"]
	"Factor552" -> "EXP556"
	"e557" [label="e"]
	"EXP556" -> "e557"
	"MultDiv558" [label="MultDiv"]
	"Term551" -> "MultDiv558"
	"e559" [label="e"]
	"MultDiv558" -> "e559"
	"AddSub560" [label="AddSub"]
	"-549" -> "AddSub560"
	"e561" [label="e"]
	"AddSub560" -> "e561"
	")562" [label=")",style=filled,fillcolor=powderblue]
	"Parens535" -> ")562"
	")563" [label=")",style=filled,fillcolor=powderblue]
	")562" -> ")563"
	"EXP564" [label="EXP"]
	"Factor534" -> "EXP564"
	"e565" [label="e"]
	"EXP564" -> "e565"
	"MultDiv566" [label="MultDiv"]
	"Term533" -> "MultDiv566"
	"e567" [label="e"]
	"MultDiv566" -> "e567"
	"AddSub568" [label="AddSub"]
	"-531" -> "AddSub568"
	"e569" [label="e"]
	"AddSub568" -> "e569"
	"StatementP570" [label="StatementP"]
	"StatementP496" -> "StatementP570"
	"Statement571" [label="Statement"]
	"StatementP570" -> "Statement571"
	"Assignment572" [label="Assignment"]
	"Statement571" -> "Assignment572"
	"MExp573" [label="MExp"]
	"Assignment572" -> "MExp573"
	"m574" [label="m",style=filled,fillcolor=powderblue]
	"MExp573" -> "m574"
	"m575" [label="m",style=filled,fillcolor=powderblue]
	"m574" -> "m575"
	"[576" [label="[",style=filled,fillcolor=powderblue]
	"m574" -> "[576"
	"[577" [label="[",style=filled,fillcolor=powderblue]
	"[576" -> "[577"
	"Expression578" [label="Expression"]
	"[576" -> "Expression578"
	"Term579" [label="Term"]
	"Expression578" -> "Term579"
	"Factor580" [label="Factor"]
	"Term579" -> "Factor580"
	"Parens581" [label="Parens"]
	"Factor580" -> "Parens581"
	"num582" [label="num",style=filled,fillcolor=powderblue]
	"Parens581" -> "num582"
	"num583" [label="num",style=filled,fillcolor=powderblue]
	"num582" -> "num583"
	"EXP584" [label="EXP"]
	"Factor580" -> "EXP584"
	"e585" [label="e"]
	"EXP584" -> "e585"
	"MultDiv586" [label="MultDiv"]
	"Term579" -> "MultDiv586"
	"e587" [label="e"]
	"MultDiv586" -> "e587"
	"AddSub588" [label="AddSub"]
	"Expression578" -> "AddSub588"
	"e589" [label="e"]
	"AddSub588" -> "e589"
	"]590" [label="]",style=filled,fillcolor=powderblue]
	"MExp573" -> "]590"
	"]591" [label="]",style=filled,fillcolor=powderblue]
	"]590" -> "]591"
	"=592" [label="=",style=filled,fillcolor=powderblue]
	"Assignment572" -> "=592"
	"=593" [label="=",style=filled,fillcolor=powderblue]
	"=592" -> "=593"
	"Expression594" [label="Expression"]
	"Assignment572" -> "Expression594"
	"Term595" [label="Term"]
	"Expression594" -> "Term595"
	"Factor596" [label="Factor"]
	"Term595" -> "Factor596"
	"Parens597" [label="Parens"]
	"Factor596" -> "Parens597"
	"num598" [label="num",style=filled,fillcolor=powderblue]
	"Parens597" -> "num598"
	"num599" [label="num",style=filled,fillcolor=powderblue]
	"num598" -> "num599"
	"EXP600" [label="EXP"]
	"Factor596" -> "EXP600"
	"e601" [label="e"]
	"EXP600" -> "e601"
	"MultDiv602" [label="MultDiv"]
	"Term595" -> "MultDiv602"
	"e603" [label="e"]
	"MultDiv602" -> "e603"
	"AddSub604" [label="AddSub"]
	"Expression594" -> "AddSub604"
	"-605" [label="-",style=filled,fillcolor=powderblue]
	"AddSub604" -> "-605"
	"-606" [label="-",style=filled,fillcolor=powderblue]
	"-605" -> "-606"
	"Term607" [label="Term"]
	"-605" -> "Term607"
	"MExp608" [label="MExp"]
	"Term607" -> "MExp608"
	"m609" [label="m",style=filled,fillcolor=powderblue]
	"MExp608" -> "m609"
	"m610" [label="m",style=filled,fillcolor=powderblue]
	"m609" -> "m610"
	"[611" [label="[",style=filled,fillcolor=powderblue]
	"m609" -> "[611"
	"[612" [label="[",style=filled,fillcolor=powderblue]
	"[611" -> "[612"
	"Expression613" [label="Expression"]
	"[611" -> "Expression613"
	"Term614" [label="Term"]
	"Expression613" -> "Term614"
	"Factor615" [label="Factor"]
	"Term614" -> "Factor615"
	"Parens616" [label="Parens"]
	"Factor615" -> "Parens616"
	"(617" [label="(",style=filled,fillcolor=powderblue]
	"Parens616" -> "(617"
	"(618" [label="(",style=filled,fillcolor=powderblue]
	"(617" -> "(618"
	"Expression619" [label="Expression"]
	"(617" -> "Expression619"
	"Term620" [label="Term"]
	"Expression619" -> "Term620"
	"Factor621" [label="Factor"]
	"Term620" -> "Factor621"
	"Parens622" [label="Parens"]
	"Factor621" -> "Parens622"
	"num623" [label="num",style=filled,fillcolor=powderblue]
	"Parens622" -> "num623"
	"num624" [label="num",style=filled,fillcolor=powderblue]
	"num623" -> "num624"
	"EXP625" [label="EXP"]
	"Factor621" -> "EXP625"
	"e626" [label="e"]
	"EXP625" -> "e626"
	"MultDiv627" [label="MultDiv"]
	"Term620" -> "MultDiv627"
	"e628" [label="e"]
	"MultDiv627" -> "e628"
	"AddSub629" [label="AddSub"]
	"Expression619" -> "AddSub629"
	"-630" [label="-",style=filled,fillcolor=powderblue]
	"AddSub629" -> "-630"
	"-631" [label="-",style=filled,fillcolor=powderblue]
	"-630" -> "-631"
	"Term632" [label="Term"]
	"-630" -> "Term632"
	"Factor633" [label="Factor"]
	"Term632" -> "Factor633"
	"Parens634" [label="Parens"]
	"Factor633" -> "Parens634"
	"num635" [label="num",style=filled,fillcolor=powderblue]
	"Parens634" -> "num635"
	"num636" [label="num",style=filled,fillcolor=powderblue]
	"num635" -> "num636"
	"EXP637" [label="EXP"]
	"Factor633" -> "EXP637"
	"e638" [label="e"]
	"EXP637" -> "e638"
	"MultDiv639" [label="MultDiv"]
	"Term632" -> "MultDiv639"
	"e640" [label="e"]
	"MultDiv639" -> "e640"
	"AddSub641" [label="AddSub"]
	"-630" -> "AddSub641"
	"e642" [label="e"]
	"AddSub641" -> "e642"
	")643" [label=")",style=filled,fillcolor=powderblue]
	"Parens616" -> ")643"
	")644" [label=")",style=filled,fillcolor=powderblue]
	")643" -> ")644"
	"EXP645" [label="EXP"]
	"Factor615" -> "EXP645"
	"e646" [label="e"]
	"EXP645" -> "e646"
	"MultDiv647" [label="MultDiv"]
	"Term614" -> "MultDiv647"
	"e648" [label="e"]
	"MultDiv647" -> "e648"
	"AddSub649" [label="AddSub"]
	"Expression613" -> "AddSub649"
	"e650" [label="e"]
	"AddSub649" -> "e650"
	"]651" [label="]",style=filled,fillcolor=powderblue]
	"MExp608" -> "]651"
	"]652" [label="]",style=filled,fillcolor=powderblue]
	"]651" -> "]652"
	"AddSub653" [label="AddSub"]
	"-605" -> "AddSub653"
	"e654" [label="e"]
	"AddSub653" -> "e654"
	"StatementP655" [label="StatementP"]
	"StatementP570" -> "StatementP655"
	"Statement656" [label="Statement"]
	"StatementP655" -> "Statement656"
	"Print657" [label="Print"]
	"Statement656" -> "Print657"
	"print658" [label="print",style=filled,fillcolor=powderblue]
	"Print657" -> "print658"
	"print659" [label="print",style=filled,fillcolor=powderblue]
	"print658" -> "print659"
	"MExp660" [label="MExp"]
	"Print657" -> "MExp660"
	"m661" [label="m",style=filled,fillcolor=powderblue]
	"MExp660" -> "m661"
	"m662" [label="m",style=filled,fillcolor=powderblue]
	"m661" -> "m662"
	"[663" [label="[",style=filled,fillcolor=powderblue]
	"m661" -> "[663"
	"[664" [label="[",style=filled,fillcolor=powderblue]
	"[663" -> "[664"
	"Expression665" [label="Expression"]
	"[663" -> "Expression665"
	"Term666" [label="Term"]
	"Expression665" -> "Term666"
	"Factor667" [label="Factor"]
	"Term666" -> "Factor667"
	"Parens668" [label="Parens"]
	"Factor667" -> "Parens668"
	"num669" [label="num",style=filled,fillcolor=powderblue]
	"Parens668" -> "num669"
	"num670" [label="num",style=filled,fillcolor=powderblue]
	"num669" -> "num670"
	"EXP671" [label="EXP"]
	"Factor667" -> "EXP671"
	"e672" [label="e"]
	"EXP671" -> "e672"
	"MultDiv673" [label="MultDiv"]
	"Term666" -> "MultDiv673"
	"e674" [label="e"]
	"MultDiv673" -> "e674"
	"AddSub675" [label="AddSub"]
	"Expression665" -> "AddSub675"
	"e676" [label="e"]
	"AddSub675" -> "e676"
	"]677" [label="]",style=filled,fillcolor=powderblue]
	"MExp660" -> "]677"
	"]678" [label="]",style=filled,fillcolor=powderblue]
	"]677" -> "]678"
	"StatementP679" [label="StatementP"]
	"StatementP655" -> "StatementP679"
	"Statement680" [label="Statement"]
	"StatementP679" -> "Statement680"
	"Assignment681" [label="Assignment"]
	"Statement680" -> "Assignment681"
	"MExp682" [label="MExp"]
	"Assignment681" -> "MExp682"
	"m683" [label="m",style=filled,fillcolor=powderblue]
	"MExp682" -> "m683"
	"m684" [label="m",style=filled,fillcolor=powderblue]
	"m683" -> "m684"
	"[685" [label="[",style=filled,fillcolor=powderblue]
	"m683" -> "[685"
	"[686" [label="[",style=filled,fillcolor=powderblue]
	"[685" -> "[686"
	"Expression687" [label="Expression"]
	"[685" -> "Expression687"
	"Term688" [label="Term"]
	"Expression687" -> "Term688"
	"Factor689" [label="Factor"]
	"Term688" -> "Factor689"
	"Parens690" [label="Parens"]
	"Factor689" -> "Parens690"
	"num691" [label="num",style=filled,fillcolor=powderblue]
	"Parens690" -> "num691"
	"num692" [label="num",style=filled,fillcolor=powderblue]
	"num691" -> "num692"
	"EXP693" [label="EXP"]
	"Factor689" -> "EXP693"
	"e694" [label="e"]
	"EXP693" -> "e694"
	"MultDiv695" [label="MultDiv"]
	"Term688" -> "MultDiv695"
	"e696" [label="e"]
	"MultDiv695" -> "e696"
	"AddSub697" [label="AddSub"]
	"Expression687" -> "AddSub697"
	"e698" [label="e"]
	"AddSub697" -> "e698"
	"]699" [label="]",style=filled,fillcolor=powderblue]
	"MExp682" -> "]699"
	"]700" [label="]",style=filled,fillcolor=powderblue]
	"]699" -> "]700"
	"=701" [label="=",style=filled,fillcolor=powderblue]
	"Assignment681" -> "=701"
	"=702" [label="=",style=filled,fillcolor=powderblue]
	"=701" -> "=702"
	"Expression703" [label="Expression"]
	"Assignment681" -> "Expression703"
	"Term704" [label="Term"]
	"Expression703" -> "Term704"
	"Factor705" [label="Factor"]
	"Term704" -> "Factor705"
	"Parens706" [label="Parens"]
	"Factor705" -> "Parens706"
	"num707" [label="num",style=filled,fillcolor=powderblue]
	"Parens706" -> "num707"
	"num708" [label="num",style=filled,fillcolor=powderblue]
	"num707" -> "num708"
	"EXP709" [label="EXP"]
	"Factor705" -> "EXP709"
	"e710" [label="e"]
	"EXP709" -> "e710"
	"MultDiv711" [label="MultDiv"]
	"Term704" -> "MultDiv711"
	"/712" [label="/",style=filled,fillcolor=powderblue]
	"MultDiv711" -> "/712"
	"/713" [label="/",style=filled,fillcolor=powderblue]
	"/712" -> "/713"
	"Factor714" [label="Factor"]
	"/712" -> "Factor714"
	"Parens715" [label="Parens"]
	"Factor714" -> "Parens715"
	"num716" [label="num",style=filled,fillcolor=powderblue]
	"Parens715" -> "num716"
	"num717" [label="num",style=filled,fillcolor=powderblue]
	"num716" -> "num717"
	"EXP718" [label="EXP"]
	"Factor714" -> "EXP718"
	"e719" [label="e"]
	"EXP718" -> "e719"
	"MultDiv720" [label="MultDiv"]
	"/712" -> "MultDiv720"
	"*721" [label="*",style=filled,fillcolor=powderblue]
	"MultDiv720" -> "*721"
	"*722" [label="*",style=filled,fillcolor=powderblue]
	"*721" -> "*722"
	"Factor723" [label="Factor"]
	"*721" -> "Factor723"
	"Parens724" [label="Parens"]
	"Factor723" -> "Parens724"
	"num725" [label="num",style=filled,fillcolor=powderblue]
	"Parens724" -> "num725"
	"num726" [label="num",style=filled,fillcolor=powderblue]
	"num725" -> "num726"
	"EXP727" [label="EXP"]
	"Factor723" -> "EXP727"
	"e728" [label="e"]
	"EXP727" -> "e728"
	"MultDiv729" [label="MultDiv"]
	"*721" -> "MultDiv729"
	"e730" [label="e"]
	"MultDiv729" -> "e730"
	"AddSub731" [label="AddSub"]
	"Expression703" -> "AddSub731"
	"e732" [label="e"]
	"AddSub731" -> "e732"
	"StatementP733" [label="StatementP"]
	"StatementP679" -> "StatementP733"
	"Statement734" [label="Statement"]
	"StatementP733" -> "Statement734"
	"Jump735" [label="Jump"]
	"Statement734" -> "Jump735"
	"goto736" [label="goto",style=filled,fillcolor=powderblue]
	"Jump735" -> "goto736"
	"goto737" [label="goto",style=filled,fillcolor=powderblue]
	"goto736" -> "goto737"
	"num738" [label="num",style=filled,fillcolor=powderblue]
	"Jump735" -> "num738"
	"num739" [label="num",style=filled,fillcolor=powderblue]
	"num738" -> "num739"
	"StatementP740" [label="StatementP"]
	"StatementP733" -> "StatementP740"
	"Statement741" [label="Statement"]
	"StatementP740" -> "Statement741"
	"Assignment742" [label="Assignment"]
	"Statement741" -> "Assignment742"
	"MExp743" [label="MExp"]
	"Assignment742" -> "MExp743"
	"m744" [label="m",style=filled,fillcolor=powderblue]
	"MExp743" -> "m744"
	"m745" [label="m",style=filled,fillcolor=powderblue]
	"m744" -> "m745"
	"[746" [label="[",style=filled,fillcolor=powderblue]
	"m744" -> "[746"
	"[747" [label="[",style=filled,fillcolor=powderblue]
	"[746" -> "[747"
	"Expression748" [label="Expression"]
	"[746" -> "Expression748"
	"Term749" [label="Term"]
	"Expression748" -> "Term749"
	"Factor750" [label="Factor"]
	"Term749" -> "Factor750"
	"Parens751" [label="Parens"]
	"Factor750" -> "Parens751"
	"num752" [label="num",style=filled,fillcolor=powderblue]
	"Parens751" -> "num752"
	"num753" [label="num",style=filled,fillcolor=powderblue]
	"num752" -> "num753"
	"EXP754" [label="EXP"]
	"Factor750" -> "EXP754"
	"e755" [label="e"]
	"EXP754" -> "e755"
	"MultDiv756" [label="MultDiv"]
	"Term749" -> "MultDiv756"
	"e757" [label="e"]
	"MultDiv756" -> "e757"
	"AddSub758" [label="AddSub"]
	"Expression748" -> "AddSub758"
	"e759" [label="e"]
	"AddSub758" -> "e759"
	"]760" [label="]",style=filled,fillcolor=powderblue]
	"MExp743" -> "]760"
	"]761" [label="]",style=filled,fillcolor=powderblue]
	"]760" -> "]761"
	"=762" [label="=",style=filled,fillcolor=powderblue]
	"Assignment742" -> "=762"
	"=763" [label="=",style=filled,fillcolor=powderblue]
	"=762" -> "=763"
	"Expression764" [label="Expression"]
	"Assignment742" -> "Expression764"
	"Term765" [label="Term"]
	"Expression764" -> "Term765"
	"Factor766" [label="Factor"]
	"Term765" -> "Factor766"
	"Parens767" [label="Parens"]
	"Factor766" -> "Parens767"
	"num768" [label="num",style=filled,fillcolor=powderblue]
	"Parens767" -> "num768"
	"num769" [label="num",style=filled,fillcolor=powderblue]
	"num768" -> "num769"
	"EXP770" [label="EXP"]
	"Factor766" -> "EXP770"
	"e771" [label="e"]
	"EXP770" -> "e771"
	"MultDiv772" [label="MultDiv"]
	"Term765" -> "MultDiv772"
	"e773" [label="e"]
	"MultDiv772" -> "e773"
	"AddSub774" [label="AddSub"]
	"Expression764" -> "AddSub774"
	"+775" [label="+",style=filled,fillcolor=powderblue]
	"AddSub774" -> "+775"
	"+776" [label="+",style=filled,fillcolor=powderblue]
	"+775" -> "+776"
	"Term777" [label="Term"]
	"+775" -> "Term777"
	"MExp778" [label="MExp"]
	"Term777" -> "MExp778"
	"m779" [label="m",style=filled,fillcolor=powderblue]
	"MExp778" -> "m779"
	"m780" [label="m",style=filled,fillcolor=powderblue]
	"m779" -> "m780"
	"[781" [label="[",style=filled,fillcolor=powderblue]
	"m779" -> "[781"
	"[782" [label="[",style=filled,fillcolor=powderblue]
	"[781" -> "[782"
	"Expression783" [label="Expression"]
	"[781" -> "Expression783"
	"Term784" [label="Term"]
	"Expression783" -> "Term784"
	"Factor785" [label="Factor"]
	"Term784" -> "Factor785"
	"Parens786" [label="Parens"]
	"Factor785" -> "Parens786"
	"num787" [label="num",style=filled,fillcolor=powderblue]
	"Parens786" -> "num787"
	"num788" [label="num",style=filled,fillcolor=powderblue]
	"num787" -> "num788"
	"EXP789" [label="EXP"]
	"Factor785" -> "EXP789"
	"e790" [label="e"]
	"EXP789" -> "e790"
	"MultDiv791" [label="MultDiv"]
	"Term784" -> "MultDiv791"
	"e792" [label="e"]
	"MultDiv791" -> "e792"
	"AddSub793" [label="AddSub"]
	"Expression783" -> "AddSub793"
	"e794" [label="e"]
	"AddSub793" -> "e794"
	"]795" [label="]",style=filled,fillcolor=powderblue]
	"MExp778" -> "]795"
	"]796" [label="]",style=filled,fillcolor=powderblue]
	"]795" -> "]796"
	"AddSub797" [label="AddSub"]
	"+775" -> "AddSub797"
	"e798" [label="e"]
	"AddSub797" -> "e798"
	"StatementP799" [label="StatementP"]
	"StatementP740" -> "StatementP799"
	"Statement800" [label="Statement"]
	"StatementP799" -> "Statement800"
	"Assignment801" [label="Assignment"]
	"Statement800" -> "Assignment801"
	"MExp802" [label="MExp"]
	"Assignment801" -> "MExp802"
	"m803" [label="m",style=filled,fillcolor=powderblue]
	"MExp802" -> "m803"
	"m804" [label="m",style=filled,fillcolor=powderblue]
	"m803" -> "m804"
	"[805" [label="[",style=filled,fillcolor=powderblue]
	"m803" -> "[805"
	"[806" [label="[",style=filled,fillcolor=powderblue]
	"[805" -> "[806"
	"Expression807" [label="Expression"]
	"[805" -> "Expression807"
	"Term808" [label="Term"]
	"Expression807" -> "Term808"
	"Factor809" [label="Factor"]
	"Term808" -> "Factor809"
	"Parens810" [label="Parens"]
	"Factor809" -> "Parens810"
	"num811" [label="num",style=filled,fillcolor=powderblue]
	"Parens810" -> "num811"
	"num812" [label="num",style=filled,fillcolor=powderblue]
	"num811" -> "num812"
	"EXP813" [label="EXP"]
	"Factor809" -> "EXP813"
	"e814" [label="e"]
	"EXP813" -> "e814"
	"MultDiv815" [label="MultDiv"]
	"Term808" -> "MultDiv815"
	"e816" [label="e"]
	"MultDiv815" -> "e816"
	"AddSub817" [label="AddSub"]
	"Expression807" -> "AddSub817"
	"e818" [label="e"]
	"AddSub817" -> "e818"
	"]819" [label="]",style=filled,fillcolor=powderblue]
	"MExp802" -> "]819"
	"]820" [label="]",style=filled,fillcolor=powderblue]
	"]819" -> "]820"
	"=821" [label="=",style=filled,fillcolor=powderblue]
	"Assignment801" -> "=821"
	"=822" [label="=",style=filled,fillcolor=powderblue]
	"=821" -> "=822"
	"Expression823" [label="Expression"]
	"Assignment801" -> "Expression823"
	"Term824" [label="Term"]
	"Expression823" -> "Term824"
	"Factor825" [label="Factor"]
	"Term824" -> "Factor825"
	"Parens826" [label="Parens"]
	"Factor825" -> "Parens826"
	"num827" [label="num",style=filled,fillcolor=powderblue]
	"Parens826" -> "num827"
	"num828" [label="num",style=filled,fillcolor=powderblue]
	"num827" -> "num828"
	"EXP829" [label="EXP"]
	"Factor825" -> "EXP829"
	"e830" [label="e"]
	"EXP829" -> "e830"
	"MultDiv831" [label="MultDiv"]
	"Term824" -> "MultDiv831"
	"e832" [label="e"]
	"MultDiv831" -> "e832"
	"AddSub833" [label="AddSub"]
	"Expression823" -> "AddSub833"
	"-834" [label="-",style=filled,fillcolor=powderblue]
	"AddSub833" -> "-834"
	"-835" [label="-",style=filled,fillcolor=powderblue]
	"-834" -> "-835"
	"Term836" [label="Term"]
	"-834" -> "Term836"
	"MExp837" [label="MExp"]
	"Term836" -> "MExp837"
	"m838" [label="m",style=filled,fillcolor=powderblue]
	"MExp837" -> "m838"
	"m839" [label="m",style=filled,fillcolor=powderblue]
	"m838" -> "m839"
	"[840" [label="[",style=filled,fillcolor=powderblue]
	"m838" -> "[840"
	"[841" [label="[",style=filled,fillcolor=powderblue]
	"[840" -> "[841"
	"Expression842" [label="Expression"]
	"[840" -> "Expression842"
	"Term843" [label="Term"]
	"Expression842" -> "Term843"
	"Factor844" [label="Factor"]
	"Term843" -> "Factor844"
	"Parens845" [label="Parens"]
	"Factor844" -> "Parens845"
	"num846" [label="num",style=filled,fillcolor=powderblue]
	"Parens845" -> "num846"
	"num847" [label="num",style=filled,fillcolor=powderblue]
	"num846" -> "num847"
	"EXP848" [label="EXP"]
	"Factor844" -> "EXP848"
	"**849" [label="**",style=filled,fillcolor=powderblue]
	"EXP848" -> "**849"
	"**850" [label="**",style=filled,fillcolor=powderblue]
	"**849" -> "**850"
	"Parens851" [label="Parens"]
	"**849" -> "Parens851"
	"EXP852" [label="EXP"]
	"**849" -> "EXP852"
	"e853" [label="e"]
	"EXP852" -> "e853"
	"MultDiv854" [label="MultDiv"]
	"Term843" -> "MultDiv854"
	"*855" [label="*",style=filled,fillcolor=powderblue]
	"MultDiv854" -> "*855"
	"*856" [label="*",style=filled,fillcolor=powderblue]
	"*855" -> "*856"
	"Factor857" [label="Factor"]
	"*855" -> "Factor857"
	"Parens858" [label="Parens"]
	"Factor857" -> "Parens858"
	"num859" [label="num",style=filled,fillcolor=powderblue]
	"Parens858" -> "num859"
	"num860" [label="num",style=filled,fillcolor=powderblue]
	"num859" -> "num860"
	"EXP861" [label="EXP"]
	"Factor857" -> "EXP861"
	"e862" [label="e"]
	"EXP861" -> "e862"
	"MultDiv863" [label="MultDiv"]
	"*855" -> "MultDiv863"
	"e864" [label="e"]
	"MultDiv863" -> "e864"
	"AddSub865" [label="AddSub"]
	"Expression842" -> "AddSub865"
	"-866" [label="-",style=filled,fillcolor=powderblue]
	"AddSub865" -> "-866"
	"-867" [label="-",style=filled,fillcolor=powderblue]
	"-866" -> "-867"
	"Term868" [label="Term"]
	"-866" -> "Term868"
	"Factor869" [label="Factor"]
	"Term868" -> "Factor869"
	"Parens870" [label="Parens"]
	"Factor869" -> "Parens870"
	"num871" [label="num",style=filled,fillcolor=powderblue]
	"Parens870" -> "num871"
	"num872" [label="num",style=filled,fillcolor=powderblue]
	"num871" -> "num872"
	"EXP873" [label="EXP"]
	"Factor869" -> "EXP873"
	"e874" [label="e"]
	"EXP873" -> "e874"
	"MultDiv875" [label="MultDiv"]
	"Term868" -> "MultDiv875"
	"e876" [label="e"]
	"MultDiv875" -> "e876"
	"AddSub877" [label="AddSub"]
	"-866" -> "AddSub877"
	"e878" [label="e"]
	"AddSub877" -> "e878"
	"]879" [label="]",style=filled,fillcolor=powderblue]
	"MExp837" -> "]879"
	"]880" [label="]",style=filled,fillcolor=powderblue]
	"]879" -> "]880"
	"AddSub881" [label="AddSub"]
	"-834" -> "AddSub881"
	"-882" [label="-",style=filled,fillcolor=powderblue]
	"AddSub881" -> "-882"
	"-883" [label="-",style=filled,fillcolor=powderblue]
	"-882" -> "-883"
	"Term884" [label="Term"]
	"-882" -> "Term884"
	"Factor885" [label="Factor"]
	"Term884" -> "Factor885"
	"Parens886" [label="Parens"]
	"Factor885" -> "Parens886"
	"num887" [label="num",style=filled,fillcolor=powderblue]
	"Parens886" -> "num887"
	"num888" [label="num",style=filled,fillcolor=powderblue]
	"num887" -> "num888"
	"EXP889" [label="EXP"]
	"Factor885" -> "EXP889"
	"e890" [label="e"]
	"EXP889" -> "e890"
	"MultDiv891" [label="MultDiv"]
	"Term884" -> "MultDiv891"
	"e892" [label="e"]
	"MultDiv891" -> "e892"
	"AddSub893" [label="AddSub"]
	"-882" -> "AddSub893"
	"e894" [label="e"]
	"AddSub893" -> "e894"
	"StatementP895" [label="StatementP"]
	"StatementP799" -> "StatementP895"
	"Statement896" [label="Statement"]
	"StatementP895" -> "Statement896"
	"Label897" [label="Label"]
	"Statement896" -> "Label897"
	"L898" [label="L",style=filled,fillcolor=powderblue]
	"Label897" -> "L898"
	"L899" [label="L",style=filled,fillcolor=powderblue]
	"L898" -> "L899"
	"num900" [label="num",style=filled,fillcolor=powderblue]
	"Label897" -> "num900"
	"num901" [label="num",style=filled,fillcolor=powderblue]
	"num900" -> "num901"
	":902" [label=":",style=filled,fillcolor=powderblue]
	"Label897" -> ":902"
	":903" [label=":",style=filled,fillcolor=powderblue]
	":902" -> ":903"
	"StatementP904" [label="StatementP"]
	"StatementP895" -> "StatementP904"
	"Statement905" [label="Statement"]
	"StatementP904" -> "Statement905"
	"Assignment906" [label="Assignment"]
	"Statement905" -> "Assignment906"
	"MExp907" [label="MExp"]
	"Assignment906" -> "MExp907"
	"m908" [label="m",style=filled,fillcolor=powderblue]
	"MExp907" -> "m908"
	"m909" [label="m",style=filled,fillcolor=powderblue]
	"m908" -> "m909"
	"[910" [label="[",style=filled,fillcolor=powderblue]
	"m908" -> "[910"
	"[911" [label="[",style=filled,fillcolor=powderblue]
	"[910" -> "[911"
	"Expression912" [label="Expression"]
	"[910" -> "Expression912"
	"Term913" [label="Term"]
	"Expression912" -> "Term913"
	"Factor914" [label="Factor"]
	"Term913" -> "Factor914"
	"Parens915" [label="Parens"]
	"Factor914" -> "Parens915"
	"num916" [label="num",style=filled,fillcolor=powderblue]
	"Parens915" -> "num916"
	"num917" [label="num",style=filled,fillcolor=powderblue]
	"num916" -> "num917"
	"EXP918" [label="EXP"]
	"Factor914" -> "EXP918"
	"e919" [label="e"]
	"EXP918" -> "e919"
	"MultDiv920" [label="MultDiv"]
	"Term913" -> "MultDiv920"
	"e921" [label="e"]
	"MultDiv920" -> "e921"
	"AddSub922" [label="AddSub"]
	"Expression912" -> "AddSub922"
	"e923" [label="e"]
	"AddSub922" -> "e923"
	"]924" [label="]",style=filled,fillcolor=powderblue]
	"MExp907" -> "]924"
	"]925" [label="]",style=filled,fillcolor=powderblue]
	"]924" -> "]925"
	"=926" [label="=",style=filled,fillcolor=powderblue]
	"Assignment906" -> "=926"
	"=927" [label="=",style=filled,fillcolor=powderblue]
	"=926" -> "=927"
	"Expression928" [label="Expression"]
	"Assignment906" -> "Expression928"
	"Term929" [label="Term"]
	"Expression928" -> "Term929"
	"Factor930" [label="Factor"]
	"Term929" -> "Factor930"
	"Parens931" [label="Parens"]
	"Factor930" -> "Parens931"
	"num932" [label="num",style=filled,fillcolor=powderblue]
	"Parens931" -> "num932"
	"num933" [label="num",style=filled,fillcolor=powderblue]
	"num932" -> "num933"
	"EXP934" [label="EXP"]
	"Factor930" -> "EXP934"
	"e935" [label="e"]
	"EXP934" -> "e935"
	"MultDiv936" [label="MultDiv"]
	"Term929" -> "MultDiv936"
	"e937" [label="e"]
	"MultDiv936" -> "e937"
	"AddSub938" [label="AddSub"]
	"Expression928" -> "AddSub938"
	"-939" [label="-",style=filled,fillcolor=powderblue]
	"AddSub938" -> "-939"
	"-940" [label="-",style=filled,fillcolor=powderblue]
	"-939" -> "-940"
	"Term941" [label="Term"]
	"-939" -> "Term941"
	"Factor942" [label="Factor"]
	"Term941" -> "Factor942"
	"Parens943" [label="Parens"]
	"Factor942" -> "Parens943"
	"(944" [label="(",style=filled,fillcolor=powderblue]
	"Parens943" -> "(944"
	"(945" [label="(",style=filled,fillcolor=powderblue]
	"(944" -> "(945"
	"Expression946" [label="Expression"]
	"(944" -> "Expression946"
	"Term947" [label="Term"]
	"Expression946" -> "Term947"
	"MExp948" [label="MExp"]
	"Term947" -> "MExp948"
	"m949" [label="m",style=filled,fillcolor=powderblue]
	"MExp948" -> "m949"
	"m950" [label="m",style=filled,fillcolor=powderblue]
	"m949" -> "m950"
	"[951" [label="[",style=filled,fillcolor=powderblue]
	"m949" -> "[951"
	"[952" [label="[",style=filled,fillcolor=powderblue]
	"[951" -> "[952"
	"Expression953" [label="Expression"]
	"[951" -> "Expression953"
	"Term954" [label="Term"]
	"Expression953" -> "Term954"
	"Factor955" [label="Factor"]
	"Term954" -> "Factor955"
	"Parens956" [label="Parens"]
	"Factor955" -> "Parens956"
	"num957" [label="num",style=filled,fillcolor=powderblue]
	"Parens956" -> "num957"
	"num958" [label="num",style=filled,fillcolor=powderblue]
	"num957" -> "num958"
	"EXP959" [label="EXP"]
	"Factor955" -> "EXP959"
	"e960" [label="e"]
	"EXP959" -> "e960"
	"MultDiv961" [label="MultDiv"]
	"Term954" -> "MultDiv961"
	"e962" [label="e"]
	"MultDiv961" -> "e962"
	"AddSub963" [label="AddSub"]
	"Expression953" -> "AddSub963"
	"e964" [label="e"]
	"AddSub963" -> "e964"
	"]965" [label="]",style=filled,fillcolor=powderblue]
	"MExp948" -> "]965"
	"]966" [label="]",style=filled,fillcolor=powderblue]
	"]965" -> "]966"
	"AddSub967" [label="AddSub"]
	"Expression946" -> "AddSub967"
	"-968" [label="-",style=filled,fillcolor=powderblue]
	"AddSub967" -> "-968"
	"-969" [label="-",style=filled,fillcolor=powderblue]
	"-968" -> "-969"
	"Term970" [label="Term"]
	"-968" -> "Term970"
	"Factor971" [label="Factor"]
	"Term970" -> "Factor971"
	"Parens972" [label="Parens"]
	"Factor971" -> "Parens972"
	"num973" [label="num",style=filled,fillcolor=powderblue]
	"Parens972" -> "num973"
	"num974" [label="num",style=filled,fillcolor=powderblue]
	"num973" -> "num974"
	"EXP975" [label="EXP"]
	"Factor971" -> "EXP975"
	"e976" [label="e"]
	"EXP975" -> "e976"
	"MultDiv977" [label="MultDiv"]
	"Term970" -> "MultDiv977"
	"e978" [label="e"]
	"MultDiv977" -> "e978"
	"AddSub979" [label="AddSub"]
	"-968" -> "AddSub979"
	"e980" [label="e"]
	"AddSub979" -> "e980"
	")981" [label=")",style=filled,fillcolor=powderblue]
	"Parens943" -> ")981"
	")982" [label=")",style=filled,fillcolor=powderblue]
	")981" -> ")982"
	"EXP983" [label="EXP"]
	"Factor942" -> "EXP983"
	"e984" [label="e"]
	"EXP983" -> "e984"
	"MultDiv985" [label="MultDiv"]
	"Term941" -> "MultDiv985"
	"e986" [label="e"]
	"MultDiv985" -> "e986"
	"AddSub987" [label="AddSub"]
	"-939" -> "AddSub987"
	"e988" [label="e"]
	"AddSub987" -> "e988"
	"StatementP989" [label="StatementP"]
	"StatementP904" -> "StatementP989"
	"Statement990" [label="Statement"]
	"StatementP989" -> "Statement990"
	"Jump991" [label="Jump"]
	"Statement990" -> "Jump991"
	"goto992" [label="goto",style=filled,fillcolor=powderblue]
	"Jump991" -> "goto992"
	"goto993" [label="goto",style=filled,fillcolor=powderblue]
	"goto992" -> "goto993"
	"num994" [label="num",style=filled,fillcolor=powderblue]
	"Jump991" -> "num994"
	"num995" [label="num",style=filled,fillcolor=powderblue]
	"num994" -> "num995"
	"if996" [label="if",style=filled,fillcolor=powderblue]
	"Jump991" -> "if996"
	"if997" [label="if",style=filled,fillcolor=powderblue]
	"if996" -> "if997"
	"Expression998" [label="Expression"]
	"if996" -> "Expression998"
	"Term999" [label="Term"]
	"Expression998" -> "Term999"
	"MExp1000" [label="MExp"]
	"Term999" -> "MExp1000"
	"m1001" [label="m",style=filled,fillcolor=powderblue]
	"MExp1000" -> "m1001"
	"m1002" [label="m",style=filled,fillcolor=powderblue]
	"m1001" -> "m1002"
	"[1003" [label="[",style=filled,fillcolor=powderblue]
	"m1001" -> "[1003"
	"[1004" [label="[",style=filled,fillcolor=powderblue]
	"[1003" -> "[1004"
	"Expression1005" [label="Expression"]
	"[1003" -> "Expression1005"
	"Term1006" [label="Term"]
	"Expression1005" -> "Term1006"
	"Factor1007" [label="Factor"]
	"Term1006" -> "Factor1007"
	"Parens1008" [label="Parens"]
	"Factor1007" -> "Parens1008"
	"num1009" [label="num",style=filled,fillcolor=powderblue]
	"Parens1008" -> "num1009"
	"num1010" [label="num",style=filled,fillcolor=powderblue]
	"num1009" -> "num1010"
	"EXP1011" [label="EXP"]
	"Factor1007" -> "EXP1011"
	"e1012" [label="e"]
	"EXP1011" -> "e1012"
	"MultDiv1013" [label="MultDiv"]
	"Term1006" -> "MultDiv1013"
	"e1014" [label="e"]
	"MultDiv1013" -> "e1014"
	"AddSub1015" [label="AddSub"]
	"Expression1005" -> "AddSub1015"
	"e1016" [label="e"]
	"AddSub1015" -> "e1016"
	"]1017" [label="]",style=filled,fillcolor=powderblue]
	"MExp1000" -> "]1017"
	"]1018" [label="]",style=filled,fillcolor=powderblue]
	"]1017" -> "]1018"
	"AddSub1019" [label="AddSub"]
	"Expression998" -> "AddSub1019"
	"e1020" [label="e"]
	"AddSub1019" -> "e1020"
	"StatementP1021" [label="StatementP"]
	"StatementP989" -> "StatementP1021"
	"Statement1022" [label="Statement"]
	"StatementP1021" -> "Statement1022"
	"Jump1023" [label="Jump"]
	"Statement1022" -> "Jump1023"
	"goto1024" [label="goto",style=filled,fillcolor=powderblue]
	"Jump1023" -> "goto1024"
	"goto1025" [label="goto",style=filled,fillcolor=powderblue]
	"goto1024" -> "goto1025"
	"num1026" [label="num",style=filled,fillcolor=powderblue]
	"Jump1023" -> "num1026"
	"num1027" [label="num",style=filled,fillcolor=powderblue]
	"num1026" -> "num1027"
	"StatementP1028" [label="StatementP"]
	"StatementP1021" -> "StatementP1028"
	"Statement1029" [label="Statement"]
	"StatementP1028" -> "Statement1029"
	"Assignment1030" [label="Assignment"]
	"Statement1029" -> "Assignment1030"
	"MExp1031" [label="MExp"]
	"Assignment1030" -> "MExp1031"
	"m1032" [label="m",style=filled,fillcolor=powderblue]
	"MExp1031" -> "m1032"
	"m1033" [label="m",style=filled,fillcolor=powderblue]
	"m1032" -> "m1033"
	"[1034" [label="[",style=filled,fillcolor=powderblue]
	"m1032" -> "[1034"
	"[1035" [label="[",style=filled,fillcolor=powderblue]
	"[1034" -> "[1035"
	"Expression1036" [label="Expression"]
	"[1034" -> "Expression1036"
	"Term1037" [label="Term"]
	"Expression1036" -> "Term1037"
	"Factor1038" [label="Factor"]
	"Term1037" -> "Factor1038"
	"Parens1039" [label="Parens"]
	"Factor1038" -> "Parens1039"
	"num1040" [label="num",style=filled,fillcolor=powderblue]
	"Parens1039" -> "num1040"
	"num1041" [label="num",style=filled,fillcolor=powderblue]
	"num1040" -> "num1041"
	"EXP1042" [label="EXP"]
	"Factor1038" -> "EXP1042"
	"e1043" [label="e"]
	"EXP1042" -> "e1043"
	"MultDiv1044" [label="MultDiv"]
	"Term1037" -> "MultDiv1044"
	"e1045" [label="e"]
	"MultDiv1044" -> "e1045"
	"AddSub1046" [label="AddSub"]
	"Expression1036" -> "AddSub1046"
	"e1047" [label="e"]
	"AddSub1046" -> "e1047"
	"]1048" [label="]",style=filled,fillcolor=powderblue]
	"MExp1031" -> "]1048"
	"]1049" [label="]",style=filled,fillcolor=powderblue]
	"]1048" -> "]1049"
	"=1050" [label="=",style=filled,fillcolor=powderblue]
	"Assignment1030" -> "=1050"
	"=1051" [label="=",style=filled,fillcolor=powderblue]
	"=1050" -> "=1051"
	"Expression1052" [label="Expression"]
	"Assignment1030" -> "Expression1052"
	"Term1053" [label="Term"]
	"Expression1052" -> "Term1053"
	"Factor1054" [label="Factor"]
	"Term1053" -> "Factor1054"
	"Parens1055" [label="Parens"]
	"Factor1054" -> "Parens1055"
	"num1056" [label="num",style=filled,fillcolor=powderblue]
	"Parens1055" -> "num1056"
	"num1057" [label="num",style=filled,fillcolor=powderblue]
	"num1056" -> "num1057"
	"EXP1058" [label="EXP"]
	"Factor1054" -> "EXP1058"
	"e1059" [label="e"]
	"EXP1058" -> "e1059"
	"MultDiv1060" [label="MultDiv"]
	"Term1053" -> "MultDiv1060"
	"e1061" [label="e"]
	"MultDiv1060" -> "e1061"
	"AddSub1062" [label="AddSub"]
	"Expression1052" -> "AddSub1062"
	"+1063" [label="+",style=filled,fillcolor=powderblue]
	"AddSub1062" -> "+1063"
	"+1064" [label="+",style=filled,fillcolor=powderblue]
	"+1063" -> "+1064"
	"Term1065" [label="Term"]
	"+1063" -> "Term1065"
	"MExp1066" [label="MExp"]
	"Term1065" -> "MExp1066"
	"m1067" [label="m",style=filled,fillcolor=powderblue]
	"MExp1066" -> "m1067"
	"m1068" [label="m",style=filled,fillcolor=powderblue]
	"m1067" -> "m1068"
	"[1069" [label="[",style=filled,fillcolor=powderblue]
	"m1067" -> "[1069"
	"[1070" [label="[",style=filled,fillcolor=powderblue]
	"[1069" -> "[1070"
	"Expression1071" [label="Expression"]
	"[1069" -> "Expression1071"
	"Term1072" [label="Term"]
	"Expression1071" -> "Term1072"
	"Factor1073" [label="Factor"]
	"Term1072" -> "Factor1073"
	"Parens1074" [label="Parens"]
	"Factor1073" -> "Parens1074"
	"num1075" [label="num",style=filled,fillcolor=powderblue]
	"Parens1074" -> "num1075"
	"num1076" [label="num",style=filled,fillcolor=powderblue]
	"num1075" -> "num1076"
	"EXP1077" [label="EXP"]
	"Factor1073" -> "EXP1077"
	"e1078" [label="e"]
	"EXP1077" -> "e1078"
	"MultDiv1079" [label="MultDiv"]
	"Term1072" -> "MultDiv1079"
	"e1080" [label="e"]
	"MultDiv1079" -> "e1080"
	"AddSub1081" [label="AddSub"]
	"Expression1071" -> "AddSub1081"
	"e1082" [label="e"]
	"AddSub1081" -> "e1082"
	"]1083" [label="]",style=filled,fillcolor=powderblue]
	"MExp1066" -> "]1083"
	"]1084" [label="]",style=filled,fillcolor=powderblue]
	"]1083" -> "]1084"
	"AddSub1085" [label="AddSub"]
	"+1063" -> "AddSub1085"
	"e1086" [label="e"]
	"AddSub1085" -> "e1086"
	"StatementP1087" [label="StatementP"]
	"StatementP1028" -> "StatementP1087"
	"Statement1088" [label="Statement"]
	"StatementP1087" -> "Statement1088"
	"Assignment1089" [label="Assignment"]
	"Statement1088" -> "Assignment1089"
	"MExp1090" [label="MExp"]
	"Assignment1089" -> "MExp1090"
	"m1091" [label="m",style=filled,fillcolor=powderblue]
	"MExp1090" -> "m1091"
	"m1092" [label="m",style=filled,fillcolor=powderblue]
	"m1091" -> "m1092"
	"[1093" [label="[",style=filled,fillcolor=powderblue]
	"m1091" -> "[1093"
	"[1094" [label="[",style=filled,fillcolor=powderblue]
	"[1093" -> "[1094"
	"Expression1095" [label="Expression"]
	"[1093" -> "Expression1095"
	"Term1096" [label="Term"]
	"Expression1095" -> "Term1096"
	"Factor1097" [label="Factor"]
	"Term1096" -> "Factor1097"
	"Parens1098" [label="Parens"]
	"Factor1097" -> "Parens1098"
	"num1099" [label="num",style=filled,fillcolor=powderblue]
	"Parens1098" -> "num1099"
	"num1100" [label="num",style=filled,fillcolor=powderblue]
	"num1099" -> "num1100"
	"EXP1101" [label="EXP"]
	"Factor1097" -> "EXP1101"
	"e1102" [label="e"]
	"EXP1101" -> "e1102"
	"MultDiv1103" [label="MultDiv"]
	"Term1096" -> "MultDiv1103"
	"e1104" [label="e"]
	"MultDiv1103" -> "e1104"
	"AddSub1105" [label="AddSub"]
	"Expression1095" -> "AddSub1105"
	"e1106" [label="e"]
	"AddSub1105" -> "e1106"
	"]1107" [label="]",style=filled,fillcolor=powderblue]
	"MExp1090" -> "]1107"
	"]1108" [label="]",style=filled,fillcolor=powderblue]
	"]1107" -> "]1108"
	"=1109" [label="=",style=filled,fillcolor=powderblue]
	"Assignment1089" -> "=1109"
	"=1110" [label="=",style=filled,fillcolor=powderblue]
	"=1109" -> "=1110"
	"Expression1111" [label="Expression"]
	"Assignment1089" -> "Expression1111"
	"Term1112" [label="Term"]
	"Expression1111" -> "Term1112"
	"Factor1113" [label="Factor"]
	"Term1112" -> "Factor1113"
	"Parens1114" [label="Parens"]
	"Factor1113" -> "Parens1114"
	"num1115" [label="num",style=filled,fillcolor=powderblue]
	"Parens1114" -> "num1115"
	"num1116" [label="num",style=filled,fillcolor=powderblue]
	"num1115" -> "num1116"
	"EXP1117" [label="EXP"]
	"Factor1113" -> "EXP1117"
	"e1118" [label="e"]
	"EXP1117" -> "e1118"
	"MultDiv1119" [label="MultDiv"]
	"Term1112" -> "MultDiv1119"
	"e1120" [label="e"]
	"MultDiv1119" -> "e1120"
	"AddSub1121" [label="AddSub"]
	"Expression1111" -> "AddSub1121"
	"-1122" [label="-",style=filled,fillcolor=powderblue]
	"AddSub1121" -> "-1122"
	"-1123" [label="-",style=filled,fillcolor=powderblue]
	"-1122" -> "-1123"
	"Term1124" [label="Term"]
	"-1122" -> "Term1124"
	"MExp1125" [label="MExp"]
	"Term1124" -> "MExp1125"
	"m1126" [label="m",style=filled,fillcolor=powderblue]
	"MExp1125" -> "m1126"
	"m1127" [label="m",style=filled,fillcolor=powderblue]
	"m1126" -> "m1127"
	"[1128" [label="[",style=filled,fillcolor=powderblue]
	"m1126" -> "[1128"
	"[1129" [label="[",style=filled,fillcolor=powderblue]
	"[1128" -> "[1129"
	"Expression1130" [label="Expression"]
	"[1128" -> "Expression1130"
	"Term1131" [label="Term"]
	"Expression1130" -> "Term1131"
	"Factor1132" [label="Factor"]
	"Term1131" -> "Factor1132"
	"Parens1133" [label="Parens"]
	"Factor1132" -> "Parens1133"
	"num1134" [label="num",style=filled,fillcolor=powderblue]
	"Parens1133" -> "num1134"
	"num1135" [label="num",style=filled,fillcolor=powderblue]
	"num1134" -> "num1135"
	"EXP1136" [label="EXP"]
	"Factor1132" -> "EXP1136"
	"**1137" [label="**",style=filled,fillcolor=powderblue]
	"EXP1136" -> "**1137"
	"**1138" [label="**",style=filled,fillcolor=powderblue]
	"**1137" -> "**1138"
	"Parens1139" [label="Parens"]
	"**1137" -> "Parens1139"
	"EXP1140" [label="EXP"]
	"**1137" -> "EXP1140"
	"e1141" [label="e"]
	"EXP1140" -> "e1141"
	"MultDiv1142" [label="MultDiv"]
	"Term1131" -> "MultDiv1142"
	"*1143" [label="*",style=filled,fillcolor=powderblue]
	"MultDiv1142" -> "*1143"
	"*1144" [label="*",style=filled,fillcolor=powderblue]
	"*1143" -> "*1144"
	"Factor1145" [label="Factor"]
	"*1143" -> "Factor1145"
	"Parens1146" [label="Parens"]
	"Factor1145" -> "Parens1146"
	"num1147" [label="num",style=filled,fillcolor=powderblue]
	"Parens1146" -> "num1147"
	"num1148" [label="num",style=filled,fillcolor=powderblue]
	"num1147" -> "num1148"
	"EXP1149" [label="EXP"]
	"Factor1145" -> "EXP1149"
	"e1150" [label="e"]
	"EXP1149" -> "e1150"
	"MultDiv1151" [label="MultDiv"]
	"*1143" -> "MultDiv1151"
	"e1152" [label="e"]
	"MultDiv1151" -> "e1152"
	"AddSub1153" [label="AddSub"]
	"Expression1130" -> "AddSub1153"
	"-1154" [label="-",style=filled,fillcolor=powderblue]
	"AddSub1153" -> "-1154"
	"-1155" [label="-",style=filled,fillcolor=powderblue]
	"-1154" -> "-1155"
	"Term1156" [label="Term"]
	"-1154" -> "Term1156"
	"Factor1157" [label="Factor"]
	"Term1156" -> "Factor1157"
	"Parens1158" [label="Parens"]
	"Factor1157" -> "Parens1158"
	"num1159" [label="num",style=filled,fillcolor=powderblue]
	"Parens1158" -> "num1159"
	"num1160" [label="num",style=filled,fillcolor=powderblue]
	"num1159" -> "num1160"
	"EXP1161" [label="EXP"]
	"Factor1157" -> "EXP1161"
	"e1162" [label="e"]
	"EXP1161" -> "e1162"
	"MultDiv1163" [label="MultDiv"]
	"Term1156" -> "MultDiv1163"
	"e1164" [label="e"]
	"MultDiv1163" -> "e1164"
	"AddSub1165" [label="AddSub"]
	"-1154" -> "AddSub1165"
	"e1166" [label="e"]
	"AddSub1165" -> "e1166"
	"]1167" [label="]",style=filled,fillcolor=powderblue]
	"MExp1125" -> "]1167"
	"]1168" [label="]",style=filled,fillcolor=powderblue]
	"]1167" -> "]1168"
	"AddSub1169" [label="AddSub"]
	"-1122" -> "AddSub1169"
	"-1170" [label="-",style=filled,fillcolor=powderblue]
	"AddSub1169" -> "-1170"
	"-1171" [label="-",style=filled,fillcolor=powderblue]
	"-1170" -> "-1171"
	"Term1172" [label="Term"]
	"-1170" -> "Term1172"
	"Factor1173" [label="Factor"]
	"Term1172" -> "Factor1173"
	"Parens1174" [label="Parens"]
	"Factor1173" -> "Parens1174"
	"num1175" [label="num",style=filled,fillcolor=powderblue]
	"Parens1174" -> "num1175"
	"num1176" [label="num",style=filled,fillcolor=powderblue]
	"num1175" -> "num1176"
	"EXP1177" [label="EXP"]
	"Factor1173" -> "EXP1177"
	"e1178" [label="e"]
	"EXP1177" -> "e1178"
	"MultDiv1179" [label="MultDiv"]
	"Term1172" -> "MultDiv1179"
	"e1180" [label="e"]
	"MultDiv1179" -> "e1180"
	"AddSub1181" [label="AddSub"]
	"-1170" -> "AddSub1181"
	"e1182" [label="e"]
	"AddSub1181" -> "e1182"
	"StatementP1183" [label="StatementP"]
	"StatementP1087" -> "StatementP1183"
	"Statement1184" [label="Statement"]
	"StatementP1183" -> "Statement1184"
	"Label1185" [label="Label"]
	"Statement1184" -> "Label1185"
	"L1186" [label="L",style=filled,fillcolor=powderblue]
	"Label1185" -> "L1186"
	"L1187" [label="L",style=filled,fillcolor=powderblue]
	"L1186" -> "L1187"
	"num1188" [label="num",style=filled,fillcolor=powderblue]
	"Label1185" -> "num1188"
	"num1189" [label="num",style=filled,fillcolor=powderblue]
	"num1188" -> "num1189"
	":1190" [label=":",style=filled,fillcolor=powderblue]
	"Label1185" -> ":1190"
	":1191" [label=":",style=filled,fillcolor=powderblue]
	":1190" -> ":1191"
	"StatementP1192" [label="StatementP"]
	"StatementP1183" -> "StatementP1192"
	"Statement1193" [label="Statement"]
	"StatementP1192" -> "Statement1193"
	"Assignment1194" [label="Assignment"]
	"Statement1193" -> "Assignment1194"
	"MExp1195" [label="MExp"]
	"Assignment1194" -> "MExp1195"
	"m1196" [label="m",style=filled,fillcolor=powderblue]
	"MExp1195" -> "m1196"
	"m1197" [label="m",style=filled,fillcolor=powderblue]
	"m1196" -> "m1197"
	"[1198" [label="[",style=filled,fillcolor=powderblue]
	"m1196" -> "[1198"
	"[1199" [label="[",style=filled,fillcolor=powderblue]
	"[1198" -> "[1199"
	"Expression1200" [label="Expression"]
	"[1198" -> "Expression1200"
	"Term1201" [label="Term"]
	"Expression1200" -> "Term1201"
	"Factor1202" [label="Factor"]
	"Term1201" -> "Factor1202"
	"Parens1203" [label="Parens"]
	"Factor1202" -> "Parens1203"
	"num1204" [label="num",style=filled,fillcolor=powderblue]
	"Parens1203" -> "num1204"
	"num1205" [label="num",style=filled,fillcolor=powderblue]
	"num1204" -> "num1205"
	"EXP1206" [label="EXP"]
	"Factor1202" -> "EXP1206"
	"e1207" [label="e"]
	"EXP1206" -> "e1207"
	"MultDiv1208" [label="MultDiv"]
	"Term1201" -> "MultDiv1208"
	"e1209" [label="e"]
	"MultDiv1208" -> "e1209"
	"AddSub1210" [label="AddSub"]
	"Expression1200" -> "AddSub1210"
	"e1211" [label="e"]
	"AddSub1210" -> "e1211"
	"]1212" [label="]",style=filled,fillcolor=powderblue]
	"MExp1195" -> "]1212"
	"]1213" [label="]",style=filled,fillcolor=powderblue]
	"]1212" -> "]1213"
	"=1214" [label="=",style=filled,fillcolor=powderblue]
	"Assignment1194" -> "=1214"
	"=1215" [label="=",style=filled,fillcolor=powderblue]
	"=1214" -> "=1215"
	"Expression1216" [label="Expression"]
	"Assignment1194" -> "Expression1216"
	"Term1217" [label="Term"]
	"Expression1216" -> "Term1217"
	"Factor1218" [label="Factor"]
	"Term1217" -> "Factor1218"
	"Parens1219" [label="Parens"]
	"Factor1218" -> "Parens1219"
	"num1220" [label="num",style=filled,fillcolor=powderblue]
	"Parens1219" -> "num1220"
	"num1221" [label="num",style=filled,fillcolor=powderblue]
	"num1220" -> "num1221"
	"EXP1222" [label="EXP"]
	"Factor1218" -> "EXP1222"
	"e1223" [label="e"]
	"EXP1222" -> "e1223"
	"MultDiv1224" [label="MultDiv"]
	"Term1217" -> "MultDiv1224"
	"e1225" [label="e"]
	"MultDiv1224" -> "e1225"
	"AddSub1226" [label="AddSub"]
	"Expression1216" -> "AddSub1226"
	"-1227" [label="-",style=filled,fillcolor=powderblue]
	"AddSub1226" -> "-1227"
	"-1228" [label="-",style=filled,fillcolor=powderblue]
	"-1227" -> "-1228"
	"Term1229" [label="Term"]
	"-1227" -> "Term1229"
	"Factor1230" [label="Factor"]
	"Term1229" -> "Factor1230"
	"Parens1231" [label="Parens"]
	"Factor1230" -> "Parens1231"
	"(1232" [label="(",style=filled,fillcolor=powderblue]
	"Parens1231" -> "(1232"
	"(1233" [label="(",style=filled,fillcolor=powderblue]
	"(1232" -> "(1233"
	"Expression1234" [label="Expression"]
	"(1232" -> "Expression1234"
	"Term1235" [label="Term"]
	"Expression1234" -> "Term1235"
	"MExp1236" [label="MExp"]
	"Term1235" -> "MExp1236"
	"m1237" [label="m",style=filled,fillcolor=powderblue]
	"MExp1236" -> "m1237"
	"m1238" [label="m",style=filled,fillcolor=powderblue]
	"m1237" -> "m1238"
	"[1239" [label="[",style=filled,fillcolor=powderblue]
	"m1237" -> "[1239"
	"[1240" [label="[",style=filled,fillcolor=powderblue]
	"[1239" -> "[1240"
	"Expression1241" [label="Expression"]
	"[1239" -> "Expression1241"
	"Term1242" [label="Term"]
	"Expression1241" -> "Term1242"
	"Factor1243" [label="Factor"]
	"Term1242" -> "Factor1243"
	"Parens1244" [label="Parens"]
	"Factor1243" -> "Parens1244"
	"num1245" [label="num",style=filled,fillcolor=powderblue]
	"Parens1244" -> "num1245"
	"num1246" [label="num",style=filled,fillcolor=powderblue]
	"num1245" -> "num1246"
	"EXP1247" [label="EXP"]
	"Factor1243" -> "EXP1247"
	"e1248" [label="e"]
	"EXP1247" -> "e1248"
	"MultDiv1249" [label="MultDiv"]
	"Term1242" -> "MultDiv1249"
	"e1250" [label="e"]
	"MultDiv1249" -> "e1250"
	"AddSub1251" [label="AddSub"]
	"Expression1241" -> "AddSub1251"
	"e1252" [label="e"]
	"AddSub1251" -> "e1252"
	"]1253" [label="]",style=filled,fillcolor=powderblue]
	"MExp1236" -> "]1253"
	"]1254" [label="]",style=filled,fillcolor=powderblue]
	"]1253" -> "]1254"
	"AddSub1255" [label="AddSub"]
	"Expression1234" -> "AddSub1255"
	"-1256" [label="-",style=filled,fillcolor=powderblue]
	"AddSub1255" -> "-1256"
	"-1257" [label="-",style=filled,fillcolor=powderblue]
	"-1256" -> "-1257"
	"Term1258" [label="Term"]
	"-1256" -> "Term1258"
	"Factor1259" [label="Factor"]
	"Term1258" -> "Factor1259"
	"Parens1260" [label="Parens"]
	"Factor1259" -> "Parens1260"
	"num1261" [label="num",style=filled,fillcolor=powderblue]
	"Parens1260" -> "num1261"
	"num1262" [label="num",style=filled,fillcolor=powderblue]
	"num1261" -> "num1262"
	"EXP1263" [label="EXP"]
	"Factor1259" -> "EXP1263"
	"e1264" [label="e"]
	"EXP1263" -> "e1264"
	"MultDiv1265" [label="MultDiv"]
	"Term1258" -> "MultDiv1265"
	"e1266" [label="e"]
	"MultDiv1265" -> "e1266"
	"AddSub1267" [label="AddSub"]
	"-1256" -> "AddSub1267"
	"e1268" [label="e"]
	"AddSub1267" -> "e1268"
	")1269" [label=")",style=filled,fillcolor=powderblue]
	"Parens1231" -> ")1269"
	")1270" [label=")",style=filled,fillcolor=powderblue]
	")1269" -> ")1270"
	"EXP1271" [label="EXP"]
	"Factor1230" -> "EXP1271"
	"e1272" [label="e"]
	"EXP1271" -> "e1272"
	"MultDiv1273" [label="MultDiv"]
	"Term1229" -> "MultDiv1273"
	"e1274" [label="e"]
	"MultDiv1273" -> "e1274"
	"AddSub1275" [label="AddSub"]
	"-1227" -> "AddSub1275"
	"e1276" [label="e"]
	"AddSub1275" -> "e1276"
	"StatementP1277" [label="StatementP"]
	"StatementP1192" -> "StatementP1277"
	"Statement1278" [label="Statement"]
	"StatementP1277" -> "Statement1278"
	"Assignment1279" [label="Assignment"]
	"Statement1278" -> "Assignment1279"
	"MExp1280" [label="MExp"]
	"Assignment1279" -> "MExp1280"
	"m1281" [label="m",style=filled,fillcolor=powderblue]
	"MExp1280" -> "m1281"
	"m1282" [label="m",style=filled,fillcolor=powderblue]
	"m1281" -> "m1282"
	"[1283" [label="[",style=filled,fillcolor=powderblue]
	"m1281" -> "[1283"
	"[1284" [label="[",style=filled,fillcolor=powderblue]
	"[1283" -> "[1284"
	"Expression1285" [label="Expression"]
	"[1283" -> "Expression1285"
	"Term1286" [label="Term"]
	"Expression1285" -> "Term1286"
	"Factor1287" [label="Factor"]
	"Term1286" -> "Factor1287"
	"Parens1288" [label="Parens"]
	"Factor1287" -> "Parens1288"
	"num1289" [label="num",style=filled,fillcolor=powderblue]
	"Parens1288" -> "num1289"
	"num1290" [label="num",style=filled,fillcolor=powderblue]
	"num1289" -> "num1290"
	"EXP1291" [label="EXP"]
	"Factor1287" -> "EXP1291"
	"e1292" [label="e"]
	"EXP1291" -> "e1292"
	"MultDiv1293" [label="MultDiv"]
	"Term1286" -> "MultDiv1293"
	"e1294" [label="e"]
	"MultDiv1293" -> "e1294"
	"AddSub1295" [label="AddSub"]
	"Expression1285" -> "AddSub1295"
	"e1296" [label="e"]
	"AddSub1295" -> "e1296"
	"]1297" [label="]",style=filled,fillcolor=powderblue]
	"MExp1280" -> "]1297"
	"]1298" [label="]",style=filled,fillcolor=powderblue]
	"]1297" -> "]1298"
	"=1299" [label="=",style=filled,fillcolor=powderblue]
	"Assignment1279" -> "=1299"
	"=1300" [label="=",style=filled,fillcolor=powderblue]
	"=1299" -> "=1300"
	"Expression1301" [label="Expression"]
	"Assignment1279" -> "Expression1301"
	"Term1302" [label="Term"]
	"Expression1301" -> "Term1302"
	"Factor1303" [label="Factor"]
	"Term1302" -> "Factor1303"
	"Parens1304" [label="Parens"]
	"Factor1303" -> "Parens1304"
	"num1305" [label="num",style=filled,fillcolor=powderblue]
	"Parens1304" -> "num1305"
	"num1306" [label="num",style=filled,fillcolor=powderblue]
	"num1305" -> "num1306"
	"EXP1307" [label="EXP"]
	"Factor1303" -> "EXP1307"
	"e1308" [label="e"]
	"EXP1307" -> "e1308"
	"MultDiv1309" [label="MultDiv"]
	"Term1302" -> "MultDiv1309"
	"/1310" [label="/",style=filled,fillcolor=powderblue]
	"MultDiv1309" -> "/1310"
	"/1311" [label="/",style=filled,fillcolor=powderblue]
	"/1310" -> "/1311"
	"Factor1312" [label="Factor"]
	"/1310" -> "Factor1312"
	"Parens1313" [label="Parens"]
	"Factor1312" -> "Parens1313"
	"num1314" [label="num",style=filled,fillcolor=powderblue]
	"Parens1313" -> "num1314"
	"num1315" [label="num",style=filled,fillcolor=powderblue]
	"num1314" -> "num1315"
	"EXP1316" [label="EXP"]
	"Factor1312" -> "EXP1316"
	"e1317" [label="e"]
	"EXP1316" -> "e1317"
	"MultDiv1318" [label="MultDiv"]
	"/1310" -> "MultDiv1318"
	"*1319" [label="*",style=filled,fillcolor=powderblue]
	"MultDiv1318" -> "*1319"
	"*1320" [label="*",style=filled,fillcolor=powderblue]
	"*1319" -> "*1320"
	"Factor1321" [label="Factor"]
	"*1319" -> "Factor1321"
	"Parens1322" [label="Parens"]
	"Factor1321" -> "Parens1322"
	"num1323" [label="num",style=filled,fillcolor=powderblue]
	"Parens1322" -> "num1323"
	"num1324" [label="num",style=filled,fillcolor=powderblue]
	"num1323" -> "num1324"
	"EXP1325" [label="EXP"]
	"Factor1321" -> "EXP1325"
	"e1326" [label="e"]
	"EXP1325" -> "e1326"
	"MultDiv1327" [label="MultDiv"]
	"*1319" -> "MultDiv1327"
	"e1328" [label="e"]
	"MultDiv1327" -> "e1328"
	"AddSub1329" [label="AddSub"]
	"Expression1301" -> "AddSub1329"
	"e1330" [label="e"]
	"AddSub1329" -> "e1330"
	"StatementP1331" [label="StatementP"]
	"StatementP1277" -> "StatementP1331"
	"Statement1332" [label="Statement"]
	"StatementP1331" -> "Statement1332"
	"Label1333" [label="Label"]
	"Statement1332" -> "Label1333"
	"L1334" [label="L",style=filled,fillcolor=powderblue]
	"Label1333" -> "L1334"
	"L1335" [label="L",style=filled,fillcolor=powderblue]
	"L1334" -> "L1335"
	"num1336" [label="num",style=filled,fillcolor=powderblue]
	"Label1333" -> "num1336"
	"num1337" [label="num",style=filled,fillcolor=powderblue]
	"num1336" -> "num1337"
	":1338" [label=":",style=filled,fillcolor=powderblue]
	"Label1333" -> ":1338"
	":1339" [label=":",style=filled,fillcolor=powderblue]
	":1338" -> ":1339"
	"StatementP1340" [label="StatementP"]
	"StatementP1331" -> "StatementP1340"
	"Statement1341" [label="Statement"]
	"StatementP1340" -> "Statement1341"
	"Assignment1342" [label="Assignment"]
	"Statement1341" -> "Assignment1342"
	"MExp1343" [label="MExp"]
	"Assignment1342" -> "MExp1343"
	"m1344" [label="m",style=filled,fillcolor=powderblue]
	"MExp1343" -> "m1344"
	"m1345" [label="m",style=filled,fillcolor=powderblue]
	"m1344" -> "m1345"
	"[1346" [label="[",style=filled,fillcolor=powderblue]
	"m1344" -> "[1346"
	"[1347" [label="[",style=filled,fillcolor=powderblue]
	"[1346" -> "[1347"
	"Expression1348" [label="Expression"]
	"[1346" -> "Expression1348"
	"Term1349" [label="Term"]
	"Expression1348" -> "Term1349"
	"Factor1350" [label="Factor"]
	"Term1349" -> "Factor1350"
	"Parens1351" [label="Parens"]
	"Factor1350" -> "Parens1351"
	"num1352" [label="num",style=filled,fillcolor=powderblue]
	"Parens1351" -> "num1352"
	"num1353" [label="num",style=filled,fillcolor=powderblue]
	"num1352" -> "num1353"
	"EXP1354" [label="EXP"]
	"Factor1350" -> "EXP1354"
	"e1355" [label="e"]
	"EXP1354" -> "e1355"
	"MultDiv1356" [label="MultDiv"]
	"Term1349" -> "MultDiv1356"
	"e1357" [label="e"]
	"MultDiv1356" -> "e1357"
	"AddSub1358" [label="AddSub"]
	"Expression1348" -> "AddSub1358"
	"e1359" [label="e"]
	"AddSub1358" -> "e1359"
	"]1360" [label="]",style=filled,fillcolor=powderblue]
	"MExp1343" -> "]1360"
	"]1361" [label="]",style=filled,fillcolor=powderblue]
	"]1360" -> "]1361"
	"=1362" [label="=",style=filled,fillcolor=powderblue]
	"Assignment1342" -> "=1362"
	"=1363" [label="=",style=filled,fillcolor=powderblue]
	"=1362" -> "=1363"
	"Expression1364" [label="Expression"]
	"Assignment1342" -> "Expression1364"
	"Term1365" [label="Term"]
	"Expression1364" -> "Term1365"
	"Factor1366" [label="Factor"]
	"Term1365" -> "Factor1366"
	"Parens1367" [label="Parens"]
	"Factor1366" -> "Parens1367"
	"num1368" [label="num",style=filled,fillcolor=powderblue]
	"Parens1367" -> "num1368"
	"num1369" [label="num",style=filled,fillcolor=powderblue]
	"num1368" -> "num1369"
	"EXP1370" [label="EXP"]
	"Factor1366" -> "EXP1370"
	"e1371" [label="e"]
	"EXP1370" -> "e1371"
	"MultDiv1372" [label="MultDiv"]
	"Term1365" -> "MultDiv1372"
	"e1373" [label="e"]
	"MultDiv1372" -> "e1373"
	"AddSub1374" [label="AddSub"]
	"Expression1364" -> "AddSub1374"
	"-1375" [label="-",style=filled,fillcolor=powderblue]
	"AddSub1374" -> "-1375"
	"-1376" [label="-",style=filled,fillcolor=powderblue]
	"-1375" -> "-1376"
	"Term1377" [label="Term"]
	"-1375" -> "Term1377"
	"Factor1378" [label="Factor"]
	"Term1377" -> "Factor1378"
	"Parens1379" [label="Parens"]
	"Factor1378" -> "Parens1379"
	"(1380" [label="(",style=filled,fillcolor=powderblue]
	"Parens1379" -> "(1380"
	"(1381" [label="(",style=filled,fillcolor=powderblue]
	"(1380" -> "(1381"
	"Expression1382" [label="Expression"]
	"(1380" -> "Expression1382"
	"Term1383" [label="Term"]
	"Expression1382" -> "Term1383"
	"MExp1384" [label="MExp"]
	"Term1383" -> "MExp1384"
	"m1385" [label="m",style=filled,fillcolor=powderblue]
	"MExp1384" -> "m1385"
	"m1386" [label="m",style=filled,fillcolor=powderblue]
	"m1385" -> "m1386"
	"[1387" [label="[",style=filled,fillcolor=powderblue]
	"m1385" -> "[1387"
	"[1388" [label="[",style=filled,fillcolor=powderblue]
	"[1387" -> "[1388"
	"Expression1389" [label="Expression"]
	"[1387" -> "Expression1389"
	"Term1390" [label="Term"]
	"Expression1389" -> "Term1390"
	"Factor1391" [label="Factor"]
	"Term1390" -> "Factor1391"
	"Parens1392" [label="Parens"]
	"Factor1391" -> "Parens1392"
	"num1393" [label="num",style=filled,fillcolor=powderblue]
	"Parens1392" -> "num1393"
	"num1394" [label="num",style=filled,fillcolor=powderblue]
	"num1393" -> "num1394"
	"EXP1395" [label="EXP"]
	"Factor1391" -> "EXP1395"
	"e1396" [label="e"]
	"EXP1395" -> "e1396"
	"MultDiv1397" [label="MultDiv"]
	"Term1390" -> "MultDiv1397"
	"e1398" [label="e"]
	"MultDiv1397" -> "e1398"
	"AddSub1399" [label="AddSub"]
	"Expression1389" -> "AddSub1399"
	"e1400" [label="e"]
	"AddSub1399" -> "e1400"
	"]1401" [label="]",style=filled,fillcolor=powderblue]
	"MExp1384" -> "]1401"
	"]1402" [label="]",style=filled,fillcolor=powderblue]
	"]1401" -> "]1402"
	"AddSub1403" [label="AddSub"]
	"Expression1382" -> "AddSub1403"
	"-1404" [label="-",style=filled,fillcolor=powderblue]
	"AddSub1403" -> "-1404"
	"-1405" [label="-",style=filled,fillcolor=powderblue]
	"-1404" -> "-1405"
	"Term1406" [label="Term"]
	"-1404" -> "Term1406"
	"Factor1407" [label="Factor"]
	"Term1406" -> "Factor1407"
	"Parens1408" [label="Parens"]
	"Factor1407" -> "Parens1408"
	"num1409" [label="num",style=filled,fillcolor=powderblue]
	"Parens1408" -> "num1409"
	"num1410" [label="num",style=filled,fillcolor=powderblue]
	"num1409" -> "num1410"
	"EXP1411" [label="EXP"]
	"Factor1407" -> "EXP1411"
	"e1412" [label="e"]
	"EXP1411" -> "e1412"
	"MultDiv1413" [label="MultDiv"]
	"Term1406" -> "MultDiv1413"
	"e1414" [label="e"]
	"MultDiv1413" -> "e1414"
	"AddSub1415" [label="AddSub"]
	"-1404" -> "AddSub1415"
	"e1416" [label="e"]
	"AddSub1415" -> "e1416"
	")1417" [label=")",style=filled,fillcolor=powderblue]
	"Parens1379" -> ")1417"
	")1418" [label=")",style=filled,fillcolor=powderblue]
	")1417" -> ")1418"
	"EXP1419" [label="EXP"]
	"Factor1378" -> "EXP1419"
	"e1420" [label="e"]
	"EXP1419" -> "e1420"
	"MultDiv1421" [label="MultDiv"]
	"Term1377" -> "MultDiv1421"
	"e1422" [label="e"]
	"MultDiv1421" -> "e1422"
	"AddSub1423" [label="AddSub"]
	"-1375" -> "AddSub1423"
	"e1424" [label="e"]
	"AddSub1423" -> "e1424"
	"StatementP1425" [label="StatementP"]
	"StatementP1340" -> "StatementP1425"
	"eof1426" [label="eof",style=filled,fillcolor=powderblue]
	"StatementP1425" -> "eof1426"
	"eof1427" [label="eof",style=filled,fillcolor=powderblue]
	"eof1426" -> "eof1427"
	"e1428" [label="e"]
	"StatementP1425" -> "e1428"
};
