digraph G {
	"Start1" [label="Start"]
	"Statements2" [label="Statements"]
	"Start1" -> "Statements2"
	"Statement3" [label="Statement"]
	"Statements2" -> "Statement3"
	"Assignment4" [label="Assignment"]
	"Statement3" -> "Assignment4"
	"m5" [label="m",style=filled,fillcolor=powderblue]
	"Assignment4" -> "m5"
	"[6" [label="[",style=filled,fillcolor=powderblue]
	"Assignment4" -> "[6"
	"Expression7" [label="Expression"]
	"Assignment4" -> "Expression7"
	"Term8" [label="Term"]
	"Expression7" -> "Term8"
	"Factor9" [label="Factor"]
	"Term8" -> "Factor9"
	"Base10" [label="Base"]
	"Factor9" -> "Base10"
	"num11" [label="num",style=filled,fillcolor=powderblue]
	"Base10" -> "num11"
	"Fact112" [label="Fact1"]
	"Factor9" -> "Fact112"
	"e13" [label="e"]
	"Fact112" -> "e13"
	"T114" [label="T1"]
	"Term8" -> "T114"
	"e15" [label="e"]
	"T114" -> "e15"
	"Expr116" [label="Expr1"]
	"Expression7" -> "Expr116"
	"e17" [label="e"]
	"Expr116" -> "e17"
	"]18" [label="]",style=filled,fillcolor=powderblue]
	"Assignment4" -> "]18"
	"=19" [label="=",style=filled,fillcolor=powderblue]
	"Assignment4" -> "=19"
	"Expression20" [label="Expression"]
	"Assignment4" -> "Expression20"
	"Term21" [label="Term"]
	"Expression20" -> "Term21"
	"Factor22" [label="Factor"]
	"Term21" -> "Factor22"
	"Base23" [label="Base"]
	"Factor22" -> "Base23"
	"num24" [label="num",style=filled,fillcolor=powderblue]
	"Base23" -> "num24"
	"Fact125" [label="Fact1"]
	"Factor22" -> "Fact125"
	"e26" [label="e"]
	"Fact125" -> "e26"
	"T127" [label="T1"]
	"Term21" -> "T127"
	"/28" [label="/",style=filled,fillcolor=powderblue]
	"T127" -> "/28"
	"Factor29" [label="Factor"]
	"T127" -> "Factor29"
	"Base30" [label="Base"]
	"Factor29" -> "Base30"
	"num31" [label="num",style=filled,fillcolor=powderblue]
	"Base30" -> "num31"
	"Fact132" [label="Fact1"]
	"Factor29" -> "Fact132"
	"e33" [label="e"]
	"Fact132" -> "e33"
	"T134" [label="T1"]
	"T127" -> "T134"
	"*35" [label="*",style=filled,fillcolor=powderblue]
	"T134" -> "*35"
	"Factor36" [label="Factor"]
	"T134" -> "Factor36"
	"Base37" [label="Base"]
	"Factor36" -> "Base37"
	"num38" [label="num",style=filled,fillcolor=powderblue]
	"Base37" -> "num38"
	"Fact139" [label="Fact1"]
	"Factor36" -> "Fact139"
	"e40" [label="e"]
	"Fact139" -> "e40"
	"T141" [label="T1"]
	"T134" -> "T141"
	"e42" [label="e"]
	"T141" -> "e42"
	"Expr143" [label="Expr1"]
	"Expression20" -> "Expr143"
	"e44" [label="e"]
	"Expr143" -> "e44"
	"Statements45" [label="Statements"]
	"Statements2" -> "Statements45"
	"Statement46" [label="Statement"]
	"Statements45" -> "Statement46"
	"Assignment47" [label="Assignment"]
	"Statement46" -> "Assignment47"
	"m48" [label="m",style=filled,fillcolor=powderblue]
	"Assignment47" -> "m48"
	"[49" [label="[",style=filled,fillcolor=powderblue]
	"Assignment47" -> "[49"
	"Expression50" [label="Expression"]
	"Assignment47" -> "Expression50"
	"Term51" [label="Term"]
	"Expression50" -> "Term51"
	"Factor52" [label="Factor"]
	"Term51" -> "Factor52"
	"Base53" [label="Base"]
	"Factor52" -> "Base53"
	"num54" [label="num",style=filled,fillcolor=powderblue]
	"Base53" -> "num54"
	"Fact155" [label="Fact1"]
	"Factor52" -> "Fact155"
	"e56" [label="e"]
	"Fact155" -> "e56"
	"T157" [label="T1"]
	"Term51" -> "T157"
	"e58" [label="e"]
	"T157" -> "e58"
	"Expr159" [label="Expr1"]
	"Expression50" -> "Expr159"
	"e60" [label="e"]
	"Expr159" -> "e60"
	"]61" [label="]",style=filled,fillcolor=powderblue]
	"Assignment47" -> "]61"
	"=62" [label="=",style=filled,fillcolor=powderblue]
	"Assignment47" -> "=62"
	"Expression63" [label="Expression"]
	"Assignment47" -> "Expression63"
	"Term64" [label="Term"]
	"Expression63" -> "Term64"
	"Factor65" [label="Factor"]
	"Term64" -> "Factor65"
	"Base66" [label="Base"]
	"Factor65" -> "Base66"
	"num67" [label="num",style=filled,fillcolor=powderblue]
	"Base66" -> "num67"
	"Fact168" [label="Fact1"]
	"Factor65" -> "Fact168"
	"e69" [label="e"]
	"Fact168" -> "e69"
	"T170" [label="T1"]
	"Term64" -> "T170"
	"e71" [label="e"]
	"T170" -> "e71"
	"Expr172" [label="Expr1"]
	"Expression63" -> "Expr172"
	"+73" [label="+",style=filled,fillcolor=powderblue]
	"Expr172" -> "+73"
	"Term74" [label="Term"]
	"Expr172" -> "Term74"
	"Factor75" [label="Factor"]
	"Term74" -> "Factor75"
	"Base76" [label="Base"]
	"Factor75" -> "Base76"
	"num77" [label="num",style=filled,fillcolor=powderblue]
	"Base76" -> "num77"
	"Fact178" [label="Fact1"]
	"Factor75" -> "Fact178"
	"e79" [label="e"]
	"Fact178" -> "e79"
	"T180" [label="T1"]
	"Term74" -> "T180"
	"e81" [label="e"]
	"T180" -> "e81"
	"Expr182" [label="Expr1"]
	"Expr172" -> "Expr182"
	"e83" [label="e"]
	"Expr182" -> "e83"
	"Statements84" [label="Statements"]
	"Statements45" -> "Statements84"
	"e85" [label="e"]
	"Statements84" -> "e85"
};
