digraph G {
	"Start1" [label="Start"]
	"Statements2" [label="Statements"]
	"Start1" -> "Statements2"
	"Statement3" [label="Statement"]
	"Statements2" -> "Statement3"
	"Assignment4" [label="Assignment"]
	"Statement3" -> "Assignment4"
	"m5" [label="m",style=filled,fillcolor=powderblue]
	"Assignment4" -> "m5"
	"[6" [label="[",style=filled,fillcolor=powderblue]
	"Assignment4" -> "[6"
	"Expression7" [label="Expression"]
	"Assignment4" -> "Expression7"
	"Term8" [label="Term"]
	"Expression7" -> "Term8"
	"Factor9" [label="Factor"]
	"Term8" -> "Factor9"
	"Base10" [label="Base"]
	"Factor9" -> "Base10"
	"num11" [label="num",style=filled,fillcolor=powderblue]
	"Base10" -> "num11"
	"Fact112" [label="Fact1"]
	"Factor9" -> "Fact112"
	"e13" [label="e"]
	"Fact112" -> "e13"
	"T114" [label="T1"]
	"Term8" -> "T114"
	"e15" [label="e"]
	"T114" -> "e15"
	"Expr116" [label="Expr1"]
	"Expression7" -> "Expr116"
	"e17" [label="e"]
	"Expr116" -> "e17"
	"]18" [label="]",style=filled,fillcolor=powderblue]
	"Assignment4" -> "]18"
	"=19" [label="=",style=filled,fillcolor=powderblue]
	"Assignment4" -> "=19"
	"Expression20" [label="Expression"]
	"Assignment4" -> "Expression20"
	"Term21" [label="Term"]
	"Expression20" -> "Term21"
	"Factor22" [label="Factor"]
	"Term21" -> "Factor22"
	"Base23" [label="Base"]
	"Factor22" -> "Base23"
	"num24" [label="num",style=filled,fillcolor=powderblue]
	"Base23" -> "num24"
	"Fact125" [label="Fact1"]
	"Factor22" -> "Fact125"
	"e26" [label="e"]
	"Fact125" -> "e26"
	"T127" [label="T1"]
	"Term21" -> "T127"
	"e28" [label="e"]
	"T127" -> "e28"
	"Expr129" [label="Expr1"]
	"Expression20" -> "Expr129"
	"+30" [label="+",style=filled,fillcolor=powderblue]
	"Expr129" -> "+30"
	"Term31" [label="Term"]
	"Expr129" -> "Term31"
	"Factor32" [label="Factor"]
	"Term31" -> "Factor32"
	"Base33" [label="Base"]
	"Factor32" -> "Base33"
	"num34" [label="num",style=filled,fillcolor=powderblue]
	"Base33" -> "num34"
	"Fact135" [label="Fact1"]
	"Factor32" -> "Fact135"
	"e36" [label="e"]
	"Fact135" -> "e36"
	"T137" [label="T1"]
	"Term31" -> "T137"
	"e38" [label="e"]
	"T137" -> "e38"
	"Expr139" [label="Expr1"]
	"Expr129" -> "Expr139"
	"e40" [label="e"]
	"Expr139" -> "e40"
	"Statements41" [label="Statements"]
	"Statements2" -> "Statements41"
	"Statement42" [label="Statement"]
	"Statements41" -> "Statement42"
	"Assignment43" [label="Assignment"]
	"Statement42" -> "Assignment43"
	"m44" [label="m",style=filled,fillcolor=powderblue]
	"Assignment43" -> "m44"
	"[45" [label="[",style=filled,fillcolor=powderblue]
	"Assignment43" -> "[45"
	"Expression46" [label="Expression"]
	"Assignment43" -> "Expression46"
	"Term47" [label="Term"]
	"Expression46" -> "Term47"
	"Factor48" [label="Factor"]
	"Term47" -> "Factor48"
	"Base49" [label="Base"]
	"Factor48" -> "Base49"
	"num50" [label="num",style=filled,fillcolor=powderblue]
	"Base49" -> "num50"
	"Fact151" [label="Fact1"]
	"Factor48" -> "Fact151"
	"e52" [label="e"]
	"Fact151" -> "e52"
	"T153" [label="T1"]
	"Term47" -> "T153"
	"e54" [label="e"]
	"T153" -> "e54"
	"Expr155" [label="Expr1"]
	"Expression46" -> "Expr155"
	"e56" [label="e"]
	"Expr155" -> "e56"
	"]57" [label="]",style=filled,fillcolor=powderblue]
	"Assignment43" -> "]57"
	"=58" [label="=",style=filled,fillcolor=powderblue]
	"Assignment43" -> "=58"
	"Expression59" [label="Expression"]
	"Assignment43" -> "Expression59"
	"Term60" [label="Term"]
	"Expression59" -> "Term60"
	"Factor61" [label="Factor"]
	"Term60" -> "Factor61"
	"Base62" [label="Base"]
	"Factor61" -> "Base62"
	"num63" [label="num",style=filled,fillcolor=powderblue]
	"Base62" -> "num63"
	"Fact164" [label="Fact1"]
	"Factor61" -> "Fact164"
	"e65" [label="e"]
	"Fact164" -> "e65"
	"T166" [label="T1"]
	"Term60" -> "T166"
	"e67" [label="e"]
	"T166" -> "e67"
	"Expr168" [label="Expr1"]
	"Expression59" -> "Expr168"
	"-69" [label="-",style=filled,fillcolor=powderblue]
	"Expr168" -> "-69"
	"Term70" [label="Term"]
	"Expr168" -> "Term70"
	"Factor71" [label="Factor"]
	"Term70" -> "Factor71"
	"Base72" [label="Base"]
	"Factor71" -> "Base72"
	"(73" [label="(",style=filled,fillcolor=powderblue]
	"Base72" -> "(73"
	"Expression74" [label="Expression"]
	"Base72" -> "Expression74"
	"Term75" [label="Term"]
	"Expression74" -> "Term75"
	"Factor76" [label="Factor"]
	"Term75" -> "Factor76"
	"Base77" [label="Base"]
	"Factor76" -> "Base77"
	"m78" [label="m",style=filled,fillcolor=powderblue]
	"Base77" -> "m78"
	"[79" [label="[",style=filled,fillcolor=powderblue]
	"Base77" -> "[79"
	"Expression80" [label="Expression"]
	"Base77" -> "Expression80"
	"Term81" [label="Term"]
	"Expression80" -> "Term81"
	"Factor82" [label="Factor"]
	"Term81" -> "Factor82"
	"Base83" [label="Base"]
	"Factor82" -> "Base83"
	"num84" [label="num",style=filled,fillcolor=powderblue]
	"Base83" -> "num84"
	"Fact185" [label="Fact1"]
	"Factor82" -> "Fact185"
	"e86" [label="e"]
	"Fact185" -> "e86"
	"T187" [label="T1"]
	"Term81" -> "T187"
	"e88" [label="e"]
	"T187" -> "e88"
	"Expr189" [label="Expr1"]
	"Expression80" -> "Expr189"
	"e90" [label="e"]
	"Expr189" -> "e90"
	"]91" [label="]",style=filled,fillcolor=powderblue]
	"Base77" -> "]91"
	"Fact192" [label="Fact1"]
	"Factor76" -> "Fact192"
	"e93" [label="e"]
	"Fact192" -> "e93"
	"T194" [label="T1"]
	"Term75" -> "T194"
	"e95" [label="e"]
	"T194" -> "e95"
	"Expr196" [label="Expr1"]
	"Expression74" -> "Expr196"
	"-97" [label="-",style=filled,fillcolor=powderblue]
	"Expr196" -> "-97"
	"Term98" [label="Term"]
	"Expr196" -> "Term98"
	"Factor99" [label="Factor"]
	"Term98" -> "Factor99"
	"Base100" [label="Base"]
	"Factor99" -> "Base100"
	"num101" [label="num",style=filled,fillcolor=powderblue]
	"Base100" -> "num101"
	"Fact1102" [label="Fact1"]
	"Factor99" -> "Fact1102"
	"e103" [label="e"]
	"Fact1102" -> "e103"
	"T1104" [label="T1"]
	"Term98" -> "T1104"
	"e105" [label="e"]
	"T1104" -> "e105"
	"Expr1106" [label="Expr1"]
	"Expr196" -> "Expr1106"
	"e107" [label="e"]
	"Expr1106" -> "e107"
	")108" [label=")",style=filled,fillcolor=powderblue]
	"Base72" -> ")108"
	"Fact1109" [label="Fact1"]
	"Factor71" -> "Fact1109"
	"e110" [label="e"]
	"Fact1109" -> "e110"
	"T1111" [label="T1"]
	"Term70" -> "T1111"
	"e112" [label="e"]
	"T1111" -> "e112"
	"Expr1113" [label="Expr1"]
	"Expr168" -> "Expr1113"
	"e114" [label="e"]
	"Expr1113" -> "e114"
	"Statements115" [label="Statements"]
	"Statements41" -> "Statements115"
	"Statement116" [label="Statement"]
	"Statements115" -> "Statement116"
	"Assignment117" [label="Assignment"]
	"Statement116" -> "Assignment117"
	"m118" [label="m",style=filled,fillcolor=powderblue]
	"Assignment117" -> "m118"
	"[119" [label="[",style=filled,fillcolor=powderblue]
	"Assignment117" -> "[119"
	"Expression120" [label="Expression"]
	"Assignment117" -> "Expression120"
	"Term121" [label="Term"]
	"Expression120" -> "Term121"
	"Factor122" [label="Factor"]
	"Term121" -> "Factor122"
	"Base123" [label="Base"]
	"Factor122" -> "Base123"
	"num124" [label="num",style=filled,fillcolor=powderblue]
	"Base123" -> "num124"
	"Fact1125" [label="Fact1"]
	"Factor122" -> "Fact1125"
	"e126" [label="e"]
	"Fact1125" -> "e126"
	"T1127" [label="T1"]
	"Term121" -> "T1127"
	"e128" [label="e"]
	"T1127" -> "e128"
	"Expr1129" [label="Expr1"]
	"Expression120" -> "Expr1129"
	"e130" [label="e"]
	"Expr1129" -> "e130"
	"]131" [label="]",style=filled,fillcolor=powderblue]
	"Assignment117" -> "]131"
	"=132" [label="=",style=filled,fillcolor=powderblue]
	"Assignment117" -> "=132"
	"Expression133" [label="Expression"]
	"Assignment117" -> "Expression133"
	"Term134" [label="Term"]
	"Expression133" -> "Term134"
	"Factor135" [label="Factor"]
	"Term134" -> "Factor135"
	"Base136" [label="Base"]
	"Factor135" -> "Base136"
	"num137" [label="num",style=filled,fillcolor=powderblue]
	"Base136" -> "num137"
	"Fact1138" [label="Fact1"]
	"Factor135" -> "Fact1138"
	"e139" [label="e"]
	"Fact1138" -> "e139"
	"T1140" [label="T1"]
	"Term134" -> "T1140"
	"/141" [label="/",style=filled,fillcolor=powderblue]
	"T1140" -> "/141"
	"Factor142" [label="Factor"]
	"T1140" -> "Factor142"
	"Base143" [label="Base"]
	"Factor142" -> "Base143"
	"num144" [label="num",style=filled,fillcolor=powderblue]
	"Base143" -> "num144"
	"Fact1145" [label="Fact1"]
	"Factor142" -> "Fact1145"
	"e146" [label="e"]
	"Fact1145" -> "e146"
	"T1147" [label="T1"]
	"T1140" -> "T1147"
	"*148" [label="*",style=filled,fillcolor=powderblue]
	"T1147" -> "*148"
	"Factor149" [label="Factor"]
	"T1147" -> "Factor149"
	"Base150" [label="Base"]
	"Factor149" -> "Base150"
	"num151" [label="num",style=filled,fillcolor=powderblue]
	"Base150" -> "num151"
	"Fact1152" [label="Fact1"]
	"Factor149" -> "Fact1152"
	"e153" [label="e"]
	"Fact1152" -> "e153"
	"T1154" [label="T1"]
	"T1147" -> "T1154"
	"e155" [label="e"]
	"T1154" -> "e155"
	"Expr1156" [label="Expr1"]
	"Expression133" -> "Expr1156"
	"e157" [label="e"]
	"Expr1156" -> "e157"
	"Statements158" [label="Statements"]
	"Statements115" -> "Statements158"
	"Statement159" [label="Statement"]
	"Statements158" -> "Statement159"
	"Assignment160" [label="Assignment"]
	"Statement159" -> "Assignment160"
	"m161" [label="m",style=filled,fillcolor=powderblue]
	"Assignment160" -> "m161"
	"[162" [label="[",style=filled,fillcolor=powderblue]
	"Assignment160" -> "[162"
	"Expression163" [label="Expression"]
	"Assignment160" -> "Expression163"
	"Term164" [label="Term"]
	"Expression163" -> "Term164"
	"Factor165" [label="Factor"]
	"Term164" -> "Factor165"
	"Base166" [label="Base"]
	"Factor165" -> "Base166"
	"num167" [label="num",style=filled,fillcolor=powderblue]
	"Base166" -> "num167"
	"Fact1168" [label="Fact1"]
	"Factor165" -> "Fact1168"
	"e169" [label="e"]
	"Fact1168" -> "e169"
	"T1170" [label="T1"]
	"Term164" -> "T1170"
	"e171" [label="e"]
	"T1170" -> "e171"
	"Expr1172" [label="Expr1"]
	"Expression163" -> "Expr1172"
	"e173" [label="e"]
	"Expr1172" -> "e173"
	"]174" [label="]",style=filled,fillcolor=powderblue]
	"Assignment160" -> "]174"
	"=175" [label="=",style=filled,fillcolor=powderblue]
	"Assignment160" -> "=175"
	"Expression176" [label="Expression"]
	"Assignment160" -> "Expression176"
	"Term177" [label="Term"]
	"Expression176" -> "Term177"
	"Factor178" [label="Factor"]
	"Term177" -> "Factor178"
	"Base179" [label="Base"]
	"Factor178" -> "Base179"
	"num180" [label="num",style=filled,fillcolor=powderblue]
	"Base179" -> "num180"
	"Fact1181" [label="Fact1"]
	"Factor178" -> "Fact1181"
	"e182" [label="e"]
	"Fact1181" -> "e182"
	"T1183" [label="T1"]
	"Term177" -> "T1183"
	"e184" [label="e"]
	"T1183" -> "e184"
	"Expr1185" [label="Expr1"]
	"Expression176" -> "Expr1185"
	"+186" [label="+",style=filled,fillcolor=powderblue]
	"Expr1185" -> "+186"
	"Term187" [label="Term"]
	"Expr1185" -> "Term187"
	"Factor188" [label="Factor"]
	"Term187" -> "Factor188"
	"Base189" [label="Base"]
	"Factor188" -> "Base189"
	"m190" [label="m",style=filled,fillcolor=powderblue]
	"Base189" -> "m190"
	"[191" [label="[",style=filled,fillcolor=powderblue]
	"Base189" -> "[191"
	"Expression192" [label="Expression"]
	"Base189" -> "Expression192"
	"Term193" [label="Term"]
	"Expression192" -> "Term193"
	"Factor194" [label="Factor"]
	"Term193" -> "Factor194"
	"Base195" [label="Base"]
	"Factor194" -> "Base195"
	"num196" [label="num",style=filled,fillcolor=powderblue]
	"Base195" -> "num196"
	"Fact1197" [label="Fact1"]
	"Factor194" -> "Fact1197"
	"e198" [label="e"]
	"Fact1197" -> "e198"
	"T1199" [label="T1"]
	"Term193" -> "T1199"
	"e200" [label="e"]
	"T1199" -> "e200"
	"Expr1201" [label="Expr1"]
	"Expression192" -> "Expr1201"
	"e202" [label="e"]
	"Expr1201" -> "e202"
	"]203" [label="]",style=filled,fillcolor=powderblue]
	"Base189" -> "]203"
	"Fact1204" [label="Fact1"]
	"Factor188" -> "Fact1204"
	"e205" [label="e"]
	"Fact1204" -> "e205"
	"T1206" [label="T1"]
	"Term187" -> "T1206"
	"e207" [label="e"]
	"T1206" -> "e207"
	"Expr1208" [label="Expr1"]
	"Expr1185" -> "Expr1208"
	"e209" [label="e"]
	"Expr1208" -> "e209"
	"Statements210" [label="Statements"]
	"Statements158" -> "Statements210"
	"Statement211" [label="Statement"]
	"Statements210" -> "Statement211"
	"Assignment212" [label="Assignment"]
	"Statement211" -> "Assignment212"
	"m213" [label="m",style=filled,fillcolor=powderblue]
	"Assignment212" -> "m213"
	"[214" [label="[",style=filled,fillcolor=powderblue]
	"Assignment212" -> "[214"
	"Expression215" [label="Expression"]
	"Assignment212" -> "Expression215"
	"Term216" [label="Term"]
	"Expression215" -> "Term216"
	"Factor217" [label="Factor"]
	"Term216" -> "Factor217"
	"Base218" [label="Base"]
	"Factor217" -> "Base218"
	"num219" [label="num",style=filled,fillcolor=powderblue]
	"Base218" -> "num219"
	"Fact1220" [label="Fact1"]
	"Factor217" -> "Fact1220"
	"e221" [label="e"]
	"Fact1220" -> "e221"
	"T1222" [label="T1"]
	"Term216" -> "T1222"
	"e223" [label="e"]
	"T1222" -> "e223"
	"Expr1224" [label="Expr1"]
	"Expression215" -> "Expr1224"
	"e225" [label="e"]
	"Expr1224" -> "e225"
	"]226" [label="]",style=filled,fillcolor=powderblue]
	"Assignment212" -> "]226"
	"=227" [label="=",style=filled,fillcolor=powderblue]
	"Assignment212" -> "=227"
	"Expression228" [label="Expression"]
	"Assignment212" -> "Expression228"
	"Term229" [label="Term"]
	"Expression228" -> "Term229"
	"Factor230" [label="Factor"]
	"Term229" -> "Factor230"
	"Base231" [label="Base"]
	"Factor230" -> "Base231"
	"num232" [label="num",style=filled,fillcolor=powderblue]
	"Base231" -> "num232"
	"Fact1233" [label="Fact1"]
	"Factor230" -> "Fact1233"
	"e234" [label="e"]
	"Fact1233" -> "e234"
	"T1235" [label="T1"]
	"Term229" -> "T1235"
	"e236" [label="e"]
	"T1235" -> "e236"
	"Expr1237" [label="Expr1"]
	"Expression228" -> "Expr1237"
	"-238" [label="-",style=filled,fillcolor=powderblue]
	"Expr1237" -> "-238"
	"Term239" [label="Term"]
	"Expr1237" -> "Term239"
	"Factor240" [label="Factor"]
	"Term239" -> "Factor240"
	"Base241" [label="Base"]
	"Factor240" -> "Base241"
	"m242" [label="m",style=filled,fillcolor=powderblue]
	"Base241" -> "m242"
	"[243" [label="[",style=filled,fillcolor=powderblue]
	"Base241" -> "[243"
	"Expression244" [label="Expression"]
	"Base241" -> "Expression244"
	"Term245" [label="Term"]
	"Expression244" -> "Term245"
	"Factor246" [label="Factor"]
	"Term245" -> "Factor246"
	"Base247" [label="Base"]
	"Factor246" -> "Base247"
	"num248" [label="num",style=filled,fillcolor=powderblue]
	"Base247" -> "num248"
	"Fact1249" [label="Fact1"]
	"Factor246" -> "Fact1249"
	"**250" [label="**",style=filled,fillcolor=powderblue]
	"Fact1249" -> "**250"
	"Base251" [label="Base"]
	"Fact1249" -> "Base251"
	"num252" [label="num",style=filled,fillcolor=powderblue]
	"Base251" -> "num252"
	"Fact1253" [label="Fact1"]
	"Fact1249" -> "Fact1253"
	"e254" [label="e"]
	"Fact1253" -> "e254"
	"T1255" [label="T1"]
	"Term245" -> "T1255"
	"*256" [label="*",style=filled,fillcolor=powderblue]
	"T1255" -> "*256"
	"Factor257" [label="Factor"]
	"T1255" -> "Factor257"
	"Base258" [label="Base"]
	"Factor257" -> "Base258"
	"num259" [label="num",style=filled,fillcolor=powderblue]
	"Base258" -> "num259"
	"Fact1260" [label="Fact1"]
	"Factor257" -> "Fact1260"
	"e261" [label="e"]
	"Fact1260" -> "e261"
	"T1262" [label="T1"]
	"T1255" -> "T1262"
	"e263" [label="e"]
	"T1262" -> "e263"
	"Expr1264" [label="Expr1"]
	"Expression244" -> "Expr1264"
	"-265" [label="-",style=filled,fillcolor=powderblue]
	"Expr1264" -> "-265"
	"Term266" [label="Term"]
	"Expr1264" -> "Term266"
	"Factor267" [label="Factor"]
	"Term266" -> "Factor267"
	"Base268" [label="Base"]
	"Factor267" -> "Base268"
	"num269" [label="num",style=filled,fillcolor=powderblue]
	"Base268" -> "num269"
	"Fact1270" [label="Fact1"]
	"Factor267" -> "Fact1270"
	"e271" [label="e"]
	"Fact1270" -> "e271"
	"T1272" [label="T1"]
	"Term266" -> "T1272"
	"e273" [label="e"]
	"T1272" -> "e273"
	"Expr1274" [label="Expr1"]
	"Expr1264" -> "Expr1274"
	"e275" [label="e"]
	"Expr1274" -> "e275"
	"]276" [label="]",style=filled,fillcolor=powderblue]
	"Base241" -> "]276"
	"Fact1277" [label="Fact1"]
	"Factor240" -> "Fact1277"
	"e278" [label="e"]
	"Fact1277" -> "e278"
	"T1279" [label="T1"]
	"Term239" -> "T1279"
	"e280" [label="e"]
	"T1279" -> "e280"
	"Expr1281" [label="Expr1"]
	"Expr1237" -> "Expr1281"
	"-282" [label="-",style=filled,fillcolor=powderblue]
	"Expr1281" -> "-282"
	"Term283" [label="Term"]
	"Expr1281" -> "Term283"
	"Factor284" [label="Factor"]
	"Term283" -> "Factor284"
	"Base285" [label="Base"]
	"Factor284" -> "Base285"
	"num286" [label="num",style=filled,fillcolor=powderblue]
	"Base285" -> "num286"
	"Fact1287" [label="Fact1"]
	"Factor284" -> "Fact1287"
	"e288" [label="e"]
	"Fact1287" -> "e288"
	"T1289" [label="T1"]
	"Term283" -> "T1289"
	"e290" [label="e"]
	"T1289" -> "e290"
	"Expr1291" [label="Expr1"]
	"Expr1281" -> "Expr1291"
	"e292" [label="e"]
	"Expr1291" -> "e292"
	"Statements293" [label="Statements"]
	"Statements210" -> "Statements293"
	"Statement294" [label="Statement"]
	"Statements293" -> "Statement294"
	"Label295" [label="Label"]
	"Statement294" -> "Label295"
	"L296" [label="L",style=filled,fillcolor=powderblue]
	"Label295" -> "L296"
	"num297" [label="num",style=filled,fillcolor=powderblue]
	"Label295" -> "num297"
	":298" [label=":",style=filled,fillcolor=powderblue]
	"Label295" -> ":298"
	"Statements299" [label="Statements"]
	"Statements293" -> "Statements299"
	"Statement300" [label="Statement"]
	"Statements299" -> "Statement300"
	"Assignment301" [label="Assignment"]
	"Statement300" -> "Assignment301"
	"m302" [label="m",style=filled,fillcolor=powderblue]
	"Assignment301" -> "m302"
	"[303" [label="[",style=filled,fillcolor=powderblue]
	"Assignment301" -> "[303"
	"Expression304" [label="Expression"]
	"Assignment301" -> "Expression304"
	"Term305" [label="Term"]
	"Expression304" -> "Term305"
	"Factor306" [label="Factor"]
	"Term305" -> "Factor306"
	"Base307" [label="Base"]
	"Factor306" -> "Base307"
	"num308" [label="num",style=filled,fillcolor=powderblue]
	"Base307" -> "num308"
	"Fact1309" [label="Fact1"]
	"Factor306" -> "Fact1309"
	"e310" [label="e"]
	"Fact1309" -> "e310"
	"T1311" [label="T1"]
	"Term305" -> "T1311"
	"e312" [label="e"]
	"T1311" -> "e312"
	"Expr1313" [label="Expr1"]
	"Expression304" -> "Expr1313"
	"e314" [label="e"]
	"Expr1313" -> "e314"
	"]315" [label="]",style=filled,fillcolor=powderblue]
	"Assignment301" -> "]315"
	"=316" [label="=",style=filled,fillcolor=powderblue]
	"Assignment301" -> "=316"
	"Expression317" [label="Expression"]
	"Assignment301" -> "Expression317"
	"Term318" [label="Term"]
	"Expression317" -> "Term318"
	"Factor319" [label="Factor"]
	"Term318" -> "Factor319"
	"Base320" [label="Base"]
	"Factor319" -> "Base320"
	"num321" [label="num",style=filled,fillcolor=powderblue]
	"Base320" -> "num321"
	"Fact1322" [label="Fact1"]
	"Factor319" -> "Fact1322"
	"e323" [label="e"]
	"Fact1322" -> "e323"
	"T1324" [label="T1"]
	"Term318" -> "T1324"
	"e325" [label="e"]
	"T1324" -> "e325"
	"Expr1326" [label="Expr1"]
	"Expression317" -> "Expr1326"
	"-327" [label="-",style=filled,fillcolor=powderblue]
	"Expr1326" -> "-327"
	"Term328" [label="Term"]
	"Expr1326" -> "Term328"
	"Factor329" [label="Factor"]
	"Term328" -> "Factor329"
	"Base330" [label="Base"]
	"Factor329" -> "Base330"
	"(331" [label="(",style=filled,fillcolor=powderblue]
	"Base330" -> "(331"
	"Expression332" [label="Expression"]
	"Base330" -> "Expression332"
	"Term333" [label="Term"]
	"Expression332" -> "Term333"
	"Factor334" [label="Factor"]
	"Term333" -> "Factor334"
	"Base335" [label="Base"]
	"Factor334" -> "Base335"
	"m336" [label="m",style=filled,fillcolor=powderblue]
	"Base335" -> "m336"
	"[337" [label="[",style=filled,fillcolor=powderblue]
	"Base335" -> "[337"
	"Expression338" [label="Expression"]
	"Base335" -> "Expression338"
	"Term339" [label="Term"]
	"Expression338" -> "Term339"
	"Factor340" [label="Factor"]
	"Term339" -> "Factor340"
	"Base341" [label="Base"]
	"Factor340" -> "Base341"
	"num342" [label="num",style=filled,fillcolor=powderblue]
	"Base341" -> "num342"
	"Fact1343" [label="Fact1"]
	"Factor340" -> "Fact1343"
	"e344" [label="e"]
	"Fact1343" -> "e344"
	"T1345" [label="T1"]
	"Term339" -> "T1345"
	"e346" [label="e"]
	"T1345" -> "e346"
	"Expr1347" [label="Expr1"]
	"Expression338" -> "Expr1347"
	"e348" [label="e"]
	"Expr1347" -> "e348"
	"]349" [label="]",style=filled,fillcolor=powderblue]
	"Base335" -> "]349"
	"Fact1350" [label="Fact1"]
	"Factor334" -> "Fact1350"
	"e351" [label="e"]
	"Fact1350" -> "e351"
	"T1352" [label="T1"]
	"Term333" -> "T1352"
	"e353" [label="e"]
	"T1352" -> "e353"
	"Expr1354" [label="Expr1"]
	"Expression332" -> "Expr1354"
	"-355" [label="-",style=filled,fillcolor=powderblue]
	"Expr1354" -> "-355"
	"Term356" [label="Term"]
	"Expr1354" -> "Term356"
	"Factor357" [label="Factor"]
	"Term356" -> "Factor357"
	"Base358" [label="Base"]
	"Factor357" -> "Base358"
	"num359" [label="num",style=filled,fillcolor=powderblue]
	"Base358" -> "num359"
	"Fact1360" [label="Fact1"]
	"Factor357" -> "Fact1360"
	"e361" [label="e"]
	"Fact1360" -> "e361"
	"T1362" [label="T1"]
	"Term356" -> "T1362"
	"e363" [label="e"]
	"T1362" -> "e363"
	"Expr1364" [label="Expr1"]
	"Expr1354" -> "Expr1364"
	"e365" [label="e"]
	"Expr1364" -> "e365"
	")366" [label=")",style=filled,fillcolor=powderblue]
	"Base330" -> ")366"
	"Fact1367" [label="Fact1"]
	"Factor329" -> "Fact1367"
	"e368" [label="e"]
	"Fact1367" -> "e368"
	"T1369" [label="T1"]
	"Term328" -> "T1369"
	"e370" [label="e"]
	"T1369" -> "e370"
	"Expr1371" [label="Expr1"]
	"Expr1326" -> "Expr1371"
	"e372" [label="e"]
	"Expr1371" -> "e372"
	"Statements373" [label="Statements"]
	"Statements299" -> "Statements373"
	"Statement374" [label="Statement"]
	"Statements373" -> "Statement374"
	"Assignment375" [label="Assignment"]
	"Statement374" -> "Assignment375"
	"m376" [label="m",style=filled,fillcolor=powderblue]
	"Assignment375" -> "m376"
	"[377" [label="[",style=filled,fillcolor=powderblue]
	"Assignment375" -> "[377"
	"Expression378" [label="Expression"]
	"Assignment375" -> "Expression378"
	"Term379" [label="Term"]
	"Expression378" -> "Term379"
	"Factor380" [label="Factor"]
	"Term379" -> "Factor380"
	"Base381" [label="Base"]
	"Factor380" -> "Base381"
	"num382" [label="num",style=filled,fillcolor=powderblue]
	"Base381" -> "num382"
	"Fact1383" [label="Fact1"]
	"Factor380" -> "Fact1383"
	"e384" [label="e"]
	"Fact1383" -> "e384"
	"T1385" [label="T1"]
	"Term379" -> "T1385"
	"e386" [label="e"]
	"T1385" -> "e386"
	"Expr1387" [label="Expr1"]
	"Expression378" -> "Expr1387"
	"e388" [label="e"]
	"Expr1387" -> "e388"
	"]389" [label="]",style=filled,fillcolor=powderblue]
	"Assignment375" -> "]389"
	"=390" [label="=",style=filled,fillcolor=powderblue]
	"Assignment375" -> "=390"
	"Expression391" [label="Expression"]
	"Assignment375" -> "Expression391"
	"Term392" [label="Term"]
	"Expression391" -> "Term392"
	"Factor393" [label="Factor"]
	"Term392" -> "Factor393"
	"Base394" [label="Base"]
	"Factor393" -> "Base394"
	"num395" [label="num",style=filled,fillcolor=powderblue]
	"Base394" -> "num395"
	"Fact1396" [label="Fact1"]
	"Factor393" -> "Fact1396"
	"e397" [label="e"]
	"Fact1396" -> "e397"
	"T1398" [label="T1"]
	"Term392" -> "T1398"
	"/399" [label="/",style=filled,fillcolor=powderblue]
	"T1398" -> "/399"
	"Factor400" [label="Factor"]
	"T1398" -> "Factor400"
	"Base401" [label="Base"]
	"Factor400" -> "Base401"
	"num402" [label="num",style=filled,fillcolor=powderblue]
	"Base401" -> "num402"
	"Fact1403" [label="Fact1"]
	"Factor400" -> "Fact1403"
	"e404" [label="e"]
	"Fact1403" -> "e404"
	"T1405" [label="T1"]
	"T1398" -> "T1405"
	"*406" [label="*",style=filled,fillcolor=powderblue]
	"T1405" -> "*406"
	"Factor407" [label="Factor"]
	"T1405" -> "Factor407"
	"Base408" [label="Base"]
	"Factor407" -> "Base408"
	"num409" [label="num",style=filled,fillcolor=powderblue]
	"Base408" -> "num409"
	"Fact1410" [label="Fact1"]
	"Factor407" -> "Fact1410"
	"e411" [label="e"]
	"Fact1410" -> "e411"
	"T1412" [label="T1"]
	"T1405" -> "T1412"
	"e413" [label="e"]
	"T1412" -> "e413"
	"Expr1414" [label="Expr1"]
	"Expression391" -> "Expr1414"
	"e415" [label="e"]
	"Expr1414" -> "e415"
	"Statements416" [label="Statements"]
	"Statements373" -> "Statements416"
	"Statement417" [label="Statement"]
	"Statements416" -> "Statement417"
	"Assignment418" [label="Assignment"]
	"Statement417" -> "Assignment418"
	"m419" [label="m",style=filled,fillcolor=powderblue]
	"Assignment418" -> "m419"
	"[420" [label="[",style=filled,fillcolor=powderblue]
	"Assignment418" -> "[420"
	"Expression421" [label="Expression"]
	"Assignment418" -> "Expression421"
	"Term422" [label="Term"]
	"Expression421" -> "Term422"
	"Factor423" [label="Factor"]
	"Term422" -> "Factor423"
	"Base424" [label="Base"]
	"Factor423" -> "Base424"
	"num425" [label="num",style=filled,fillcolor=powderblue]
	"Base424" -> "num425"
	"Fact1426" [label="Fact1"]
	"Factor423" -> "Fact1426"
	"e427" [label="e"]
	"Fact1426" -> "e427"
	"T1428" [label="T1"]
	"Term422" -> "T1428"
	"e429" [label="e"]
	"T1428" -> "e429"
	"Expr1430" [label="Expr1"]
	"Expression421" -> "Expr1430"
	"e431" [label="e"]
	"Expr1430" -> "e431"
	"]432" [label="]",style=filled,fillcolor=powderblue]
	"Assignment418" -> "]432"
	"=433" [label="=",style=filled,fillcolor=powderblue]
	"Assignment418" -> "=433"
	"Expression434" [label="Expression"]
	"Assignment418" -> "Expression434"
	"Term435" [label="Term"]
	"Expression434" -> "Term435"
	"Factor436" [label="Factor"]
	"Term435" -> "Factor436"
	"Base437" [label="Base"]
	"Factor436" -> "Base437"
	"num438" [label="num",style=filled,fillcolor=powderblue]
	"Base437" -> "num438"
	"Fact1439" [label="Fact1"]
	"Factor436" -> "Fact1439"
	"e440" [label="e"]
	"Fact1439" -> "e440"
	"T1441" [label="T1"]
	"Term435" -> "T1441"
	"e442" [label="e"]
	"T1441" -> "e442"
	"Expr1443" [label="Expr1"]
	"Expression434" -> "Expr1443"
	"+444" [label="+",style=filled,fillcolor=powderblue]
	"Expr1443" -> "+444"
	"Term445" [label="Term"]
	"Expr1443" -> "Term445"
	"Factor446" [label="Factor"]
	"Term445" -> "Factor446"
	"Base447" [label="Base"]
	"Factor446" -> "Base447"
	"m448" [label="m",style=filled,fillcolor=powderblue]
	"Base447" -> "m448"
	"[449" [label="[",style=filled,fillcolor=powderblue]
	"Base447" -> "[449"
	"Expression450" [label="Expression"]
	"Base447" -> "Expression450"
	"Term451" [label="Term"]
	"Expression450" -> "Term451"
	"Factor452" [label="Factor"]
	"Term451" -> "Factor452"
	"Base453" [label="Base"]
	"Factor452" -> "Base453"
	"num454" [label="num",style=filled,fillcolor=powderblue]
	"Base453" -> "num454"
	"Fact1455" [label="Fact1"]
	"Factor452" -> "Fact1455"
	"e456" [label="e"]
	"Fact1455" -> "e456"
	"T1457" [label="T1"]
	"Term451" -> "T1457"
	"e458" [label="e"]
	"T1457" -> "e458"
	"Expr1459" [label="Expr1"]
	"Expression450" -> "Expr1459"
	"e460" [label="e"]
	"Expr1459" -> "e460"
	"]461" [label="]",style=filled,fillcolor=powderblue]
	"Base447" -> "]461"
	"Fact1462" [label="Fact1"]
	"Factor446" -> "Fact1462"
	"e463" [label="e"]
	"Fact1462" -> "e463"
	"T1464" [label="T1"]
	"Term445" -> "T1464"
	"e465" [label="e"]
	"T1464" -> "e465"
	"Expr1466" [label="Expr1"]
	"Expr1443" -> "Expr1466"
	"e467" [label="e"]
	"Expr1466" -> "e467"
	"Statements468" [label="Statements"]
	"Statements416" -> "Statements468"
	"Statement469" [label="Statement"]
	"Statements468" -> "Statement469"
	"Assignment470" [label="Assignment"]
	"Statement469" -> "Assignment470"
	"m471" [label="m",style=filled,fillcolor=powderblue]
	"Assignment470" -> "m471"
	"[472" [label="[",style=filled,fillcolor=powderblue]
	"Assignment470" -> "[472"
	"Expression473" [label="Expression"]
	"Assignment470" -> "Expression473"
	"Term474" [label="Term"]
	"Expression473" -> "Term474"
	"Factor475" [label="Factor"]
	"Term474" -> "Factor475"
	"Base476" [label="Base"]
	"Factor475" -> "Base476"
	"num477" [label="num",style=filled,fillcolor=powderblue]
	"Base476" -> "num477"
	"Fact1478" [label="Fact1"]
	"Factor475" -> "Fact1478"
	"e479" [label="e"]
	"Fact1478" -> "e479"
	"T1480" [label="T1"]
	"Term474" -> "T1480"
	"e481" [label="e"]
	"T1480" -> "e481"
	"Expr1482" [label="Expr1"]
	"Expression473" -> "Expr1482"
	"e483" [label="e"]
	"Expr1482" -> "e483"
	"]484" [label="]",style=filled,fillcolor=powderblue]
	"Assignment470" -> "]484"
	"=485" [label="=",style=filled,fillcolor=powderblue]
	"Assignment470" -> "=485"
	"Expression486" [label="Expression"]
	"Assignment470" -> "Expression486"
	"Term487" [label="Term"]
	"Expression486" -> "Term487"
	"Factor488" [label="Factor"]
	"Term487" -> "Factor488"
	"Base489" [label="Base"]
	"Factor488" -> "Base489"
	"num490" [label="num",style=filled,fillcolor=powderblue]
	"Base489" -> "num490"
	"Fact1491" [label="Fact1"]
	"Factor488" -> "Fact1491"
	"e492" [label="e"]
	"Fact1491" -> "e492"
	"T1493" [label="T1"]
	"Term487" -> "T1493"
	"e494" [label="e"]
	"T1493" -> "e494"
	"Expr1495" [label="Expr1"]
	"Expression486" -> "Expr1495"
	"-496" [label="-",style=filled,fillcolor=powderblue]
	"Expr1495" -> "-496"
	"Term497" [label="Term"]
	"Expr1495" -> "Term497"
	"Factor498" [label="Factor"]
	"Term497" -> "Factor498"
	"Base499" [label="Base"]
	"Factor498" -> "Base499"
	"m500" [label="m",style=filled,fillcolor=powderblue]
	"Base499" -> "m500"
	"[501" [label="[",style=filled,fillcolor=powderblue]
	"Base499" -> "[501"
	"Expression502" [label="Expression"]
	"Base499" -> "Expression502"
	"Term503" [label="Term"]
	"Expression502" -> "Term503"
	"Factor504" [label="Factor"]
	"Term503" -> "Factor504"
	"Base505" [label="Base"]
	"Factor504" -> "Base505"
	"num506" [label="num",style=filled,fillcolor=powderblue]
	"Base505" -> "num506"
	"Fact1507" [label="Fact1"]
	"Factor504" -> "Fact1507"
	"e508" [label="e"]
	"Fact1507" -> "e508"
	"T1509" [label="T1"]
	"Term503" -> "T1509"
	"e510" [label="e"]
	"T1509" -> "e510"
	"Expr1511" [label="Expr1"]
	"Expression502" -> "Expr1511"
	"-512" [label="-",style=filled,fillcolor=powderblue]
	"Expr1511" -> "-512"
	"Term513" [label="Term"]
	"Expr1511" -> "Term513"
	"Factor514" [label="Factor"]
	"Term513" -> "Factor514"
	"Base515" [label="Base"]
	"Factor514" -> "Base515"
	"num516" [label="num",style=filled,fillcolor=powderblue]
	"Base515" -> "num516"
	"Fact1517" [label="Fact1"]
	"Factor514" -> "Fact1517"
	"e518" [label="e"]
	"Fact1517" -> "e518"
	"T1519" [label="T1"]
	"Term513" -> "T1519"
	"e520" [label="e"]
	"T1519" -> "e520"
	"Expr1521" [label="Expr1"]
	"Expr1511" -> "Expr1521"
	"e522" [label="e"]
	"Expr1521" -> "e522"
	"]523" [label="]",style=filled,fillcolor=powderblue]
	"Base499" -> "]523"
	"Fact1524" [label="Fact1"]
	"Factor498" -> "Fact1524"
	"e525" [label="e"]
	"Fact1524" -> "e525"
	"T1526" [label="T1"]
	"Term497" -> "T1526"
	"e527" [label="e"]
	"T1526" -> "e527"
	"Expr1528" [label="Expr1"]
	"Expr1495" -> "Expr1528"
	"e529" [label="e"]
	"Expr1528" -> "e529"
	"Statements530" [label="Statements"]
	"Statements468" -> "Statements530"
	"Statement531" [label="Statement"]
	"Statements530" -> "Statement531"
	"Assignment532" [label="Assignment"]
	"Statement531" -> "Assignment532"
	"m533" [label="m",style=filled,fillcolor=powderblue]
	"Assignment532" -> "m533"
	"[534" [label="[",style=filled,fillcolor=powderblue]
	"Assignment532" -> "[534"
	"Expression535" [label="Expression"]
	"Assignment532" -> "Expression535"
	"Term536" [label="Term"]
	"Expression535" -> "Term536"
	"Factor537" [label="Factor"]
	"Term536" -> "Factor537"
	"Base538" [label="Base"]
	"Factor537" -> "Base538"
	"num539" [label="num",style=filled,fillcolor=powderblue]
	"Base538" -> "num539"
	"Fact1540" [label="Fact1"]
	"Factor537" -> "Fact1540"
	"e541" [label="e"]
	"Fact1540" -> "e541"
	"T1542" [label="T1"]
	"Term536" -> "T1542"
	"e543" [label="e"]
	"T1542" -> "e543"
	"Expr1544" [label="Expr1"]
	"Expression535" -> "Expr1544"
	"e545" [label="e"]
	"Expr1544" -> "e545"
	"]546" [label="]",style=filled,fillcolor=powderblue]
	"Assignment532" -> "]546"
	"=547" [label="=",style=filled,fillcolor=powderblue]
	"Assignment532" -> "=547"
	"Expression548" [label="Expression"]
	"Assignment532" -> "Expression548"
	"Term549" [label="Term"]
	"Expression548" -> "Term549"
	"Factor550" [label="Factor"]
	"Term549" -> "Factor550"
	"Base551" [label="Base"]
	"Factor550" -> "Base551"
	"num552" [label="num",style=filled,fillcolor=powderblue]
	"Base551" -> "num552"
	"Fact1553" [label="Fact1"]
	"Factor550" -> "Fact1553"
	"e554" [label="e"]
	"Fact1553" -> "e554"
	"T1555" [label="T1"]
	"Term549" -> "T1555"
	"e556" [label="e"]
	"T1555" -> "e556"
	"Expr1557" [label="Expr1"]
	"Expression548" -> "Expr1557"
	"-558" [label="-",style=filled,fillcolor=powderblue]
	"Expr1557" -> "-558"
	"Term559" [label="Term"]
	"Expr1557" -> "Term559"
	"Factor560" [label="Factor"]
	"Term559" -> "Factor560"
	"Base561" [label="Base"]
	"Factor560" -> "Base561"
	"(562" [label="(",style=filled,fillcolor=powderblue]
	"Base561" -> "(562"
	"Expression563" [label="Expression"]
	"Base561" -> "Expression563"
	"Term564" [label="Term"]
	"Expression563" -> "Term564"
	"Factor565" [label="Factor"]
	"Term564" -> "Factor565"
	"Base566" [label="Base"]
	"Factor565" -> "Base566"
	"num567" [label="num",style=filled,fillcolor=powderblue]
	"Base566" -> "num567"
	"Fact1568" [label="Fact1"]
	"Factor565" -> "Fact1568"
	"e569" [label="e"]
	"Fact1568" -> "e569"
	"T1570" [label="T1"]
	"Term564" -> "T1570"
	"e571" [label="e"]
	"T1570" -> "e571"
	"Expr1572" [label="Expr1"]
	"Expression563" -> "Expr1572"
	"-573" [label="-",style=filled,fillcolor=powderblue]
	"Expr1572" -> "-573"
	"Term574" [label="Term"]
	"Expr1572" -> "Term574"
	"Factor575" [label="Factor"]
	"Term574" -> "Factor575"
	"Base576" [label="Base"]
	"Factor575" -> "Base576"
	"num577" [label="num",style=filled,fillcolor=powderblue]
	"Base576" -> "num577"
	"Fact1578" [label="Fact1"]
	"Factor575" -> "Fact1578"
	"e579" [label="e"]
	"Fact1578" -> "e579"
	"T1580" [label="T1"]
	"Term574" -> "T1580"
	"e581" [label="e"]
	"T1580" -> "e581"
	"Expr1582" [label="Expr1"]
	"Expr1572" -> "Expr1582"
	"e583" [label="e"]
	"Expr1582" -> "e583"
	")584" [label=")",style=filled,fillcolor=powderblue]
	"Base561" -> ")584"
	"Fact1585" [label="Fact1"]
	"Factor560" -> "Fact1585"
	"e586" [label="e"]
	"Fact1585" -> "e586"
	"T1587" [label="T1"]
	"Term559" -> "T1587"
	"e588" [label="e"]
	"T1587" -> "e588"
	"Expr1589" [label="Expr1"]
	"Expr1557" -> "Expr1589"
	"e590" [label="e"]
	"Expr1589" -> "e590"
	"Statements591" [label="Statements"]
	"Statements530" -> "Statements591"
	"Statement592" [label="Statement"]
	"Statements591" -> "Statement592"
	"Assignment593" [label="Assignment"]
	"Statement592" -> "Assignment593"
	"m594" [label="m",style=filled,fillcolor=powderblue]
	"Assignment593" -> "m594"
	"[595" [label="[",style=filled,fillcolor=powderblue]
	"Assignment593" -> "[595"
	"Expression596" [label="Expression"]
	"Assignment593" -> "Expression596"
	"Term597" [label="Term"]
	"Expression596" -> "Term597"
	"Factor598" [label="Factor"]
	"Term597" -> "Factor598"
	"Base599" [label="Base"]
	"Factor598" -> "Base599"
	"num600" [label="num",style=filled,fillcolor=powderblue]
	"Base599" -> "num600"
	"Fact1601" [label="Fact1"]
	"Factor598" -> "Fact1601"
	"e602" [label="e"]
	"Fact1601" -> "e602"
	"T1603" [label="T1"]
	"Term597" -> "T1603"
	"e604" [label="e"]
	"T1603" -> "e604"
	"Expr1605" [label="Expr1"]
	"Expression596" -> "Expr1605"
	"e606" [label="e"]
	"Expr1605" -> "e606"
	"]607" [label="]",style=filled,fillcolor=powderblue]
	"Assignment593" -> "]607"
	"=608" [label="=",style=filled,fillcolor=powderblue]
	"Assignment593" -> "=608"
	"Expression609" [label="Expression"]
	"Assignment593" -> "Expression609"
	"Term610" [label="Term"]
	"Expression609" -> "Term610"
	"Factor611" [label="Factor"]
	"Term610" -> "Factor611"
	"Base612" [label="Base"]
	"Factor611" -> "Base612"
	"num613" [label="num",style=filled,fillcolor=powderblue]
	"Base612" -> "num613"
	"Fact1614" [label="Fact1"]
	"Factor611" -> "Fact1614"
	"e615" [label="e"]
	"Fact1614" -> "e615"
	"T1616" [label="T1"]
	"Term610" -> "T1616"
	"e617" [label="e"]
	"T1616" -> "e617"
	"Expr1618" [label="Expr1"]
	"Expression609" -> "Expr1618"
	"-619" [label="-",style=filled,fillcolor=powderblue]
	"Expr1618" -> "-619"
	"Term620" [label="Term"]
	"Expr1618" -> "Term620"
	"Factor621" [label="Factor"]
	"Term620" -> "Factor621"
	"Base622" [label="Base"]
	"Factor621" -> "Base622"
	"m623" [label="m",style=filled,fillcolor=powderblue]
	"Base622" -> "m623"
	"[624" [label="[",style=filled,fillcolor=powderblue]
	"Base622" -> "[624"
	"Expression625" [label="Expression"]
	"Base622" -> "Expression625"
	"Term626" [label="Term"]
	"Expression625" -> "Term626"
	"Factor627" [label="Factor"]
	"Term626" -> "Factor627"
	"Base628" [label="Base"]
	"Factor627" -> "Base628"
	"(629" [label="(",style=filled,fillcolor=powderblue]
	"Base628" -> "(629"
	"Expression630" [label="Expression"]
	"Base628" -> "Expression630"
	"Term631" [label="Term"]
	"Expression630" -> "Term631"
	"Factor632" [label="Factor"]
	"Term631" -> "Factor632"
	"Base633" [label="Base"]
	"Factor632" -> "Base633"
	"num634" [label="num",style=filled,fillcolor=powderblue]
	"Base633" -> "num634"
	"Fact1635" [label="Fact1"]
	"Factor632" -> "Fact1635"
	"e636" [label="e"]
	"Fact1635" -> "e636"
	"T1637" [label="T1"]
	"Term631" -> "T1637"
	"e638" [label="e"]
	"T1637" -> "e638"
	"Expr1639" [label="Expr1"]
	"Expression630" -> "Expr1639"
	"-640" [label="-",style=filled,fillcolor=powderblue]
	"Expr1639" -> "-640"
	"Term641" [label="Term"]
	"Expr1639" -> "Term641"
	"Factor642" [label="Factor"]
	"Term641" -> "Factor642"
	"Base643" [label="Base"]
	"Factor642" -> "Base643"
	"num644" [label="num",style=filled,fillcolor=powderblue]
	"Base643" -> "num644"
	"Fact1645" [label="Fact1"]
	"Factor642" -> "Fact1645"
	"e646" [label="e"]
	"Fact1645" -> "e646"
	"T1647" [label="T1"]
	"Term641" -> "T1647"
	"e648" [label="e"]
	"T1647" -> "e648"
	"Expr1649" [label="Expr1"]
	"Expr1639" -> "Expr1649"
	"e650" [label="e"]
	"Expr1649" -> "e650"
	")651" [label=")",style=filled,fillcolor=powderblue]
	"Base628" -> ")651"
	"Fact1652" [label="Fact1"]
	"Factor627" -> "Fact1652"
	"e653" [label="e"]
	"Fact1652" -> "e653"
	"T1654" [label="T1"]
	"Term626" -> "T1654"
	"e655" [label="e"]
	"T1654" -> "e655"
	"Expr1656" [label="Expr1"]
	"Expression625" -> "Expr1656"
	"e657" [label="e"]
	"Expr1656" -> "e657"
	"]658" [label="]",style=filled,fillcolor=powderblue]
	"Base622" -> "]658"
	"Fact1659" [label="Fact1"]
	"Factor621" -> "Fact1659"
	"e660" [label="e"]
	"Fact1659" -> "e660"
	"T1661" [label="T1"]
	"Term620" -> "T1661"
	"e662" [label="e"]
	"T1661" -> "e662"
	"Expr1663" [label="Expr1"]
	"Expr1618" -> "Expr1663"
	"e664" [label="e"]
	"Expr1663" -> "e664"
	"Statements665" [label="Statements"]
	"Statements591" -> "Statements665"
	"Statement666" [label="Statement"]
	"Statements665" -> "Statement666"
	"Print667" [label="Print"]
	"Statement666" -> "Print667"
	"print668" [label="print",style=filled,fillcolor=powderblue]
	"Print667" -> "print668"
	"Expression669" [label="Expression"]
	"Print667" -> "Expression669"
	"Term670" [label="Term"]
	"Expression669" -> "Term670"
	"Factor671" [label="Factor"]
	"Term670" -> "Factor671"
	"Base672" [label="Base"]
	"Factor671" -> "Base672"
	"m673" [label="m",style=filled,fillcolor=powderblue]
	"Base672" -> "m673"
	"[674" [label="[",style=filled,fillcolor=powderblue]
	"Base672" -> "[674"
	"Expression675" [label="Expression"]
	"Base672" -> "Expression675"
	"Term676" [label="Term"]
	"Expression675" -> "Term676"
	"Factor677" [label="Factor"]
	"Term676" -> "Factor677"
	"Base678" [label="Base"]
	"Factor677" -> "Base678"
	"num679" [label="num",style=filled,fillcolor=powderblue]
	"Base678" -> "num679"
	"Fact1680" [label="Fact1"]
	"Factor677" -> "Fact1680"
	"e681" [label="e"]
	"Fact1680" -> "e681"
	"T1682" [label="T1"]
	"Term676" -> "T1682"
	"e683" [label="e"]
	"T1682" -> "e683"
	"Expr1684" [label="Expr1"]
	"Expression675" -> "Expr1684"
	"e685" [label="e"]
	"Expr1684" -> "e685"
	"]686" [label="]",style=filled,fillcolor=powderblue]
	"Base672" -> "]686"
	"Fact1687" [label="Fact1"]
	"Factor671" -> "Fact1687"
	"e688" [label="e"]
	"Fact1687" -> "e688"
	"T1689" [label="T1"]
	"Term670" -> "T1689"
	"e690" [label="e"]
	"T1689" -> "e690"
	"Expr1691" [label="Expr1"]
	"Expression669" -> "Expr1691"
	"e692" [label="e"]
	"Expr1691" -> "e692"
	"Statements693" [label="Statements"]
	"Statements665" -> "Statements693"
	"e694" [label="e"]
	"Statements693" -> "e694"
};
