digraph G {
	"Start1" [label="Start"]
	"Statements2" [label="Statements"]
	"Start1" -> "Statements2"
	"Statement3" [label="Statement"]
	"Statements2" -> "Statement3"
	"Assignment4" [label="Assignment"]
	"Statement3" -> "Assignment4"
	"m5" [label="m",style=filled,fillcolor=powderblue]
	"Assignment4" -> "m5"
	"[6" [label="[",style=filled,fillcolor=powderblue]
	"Assignment4" -> "[6"
	"Expression7" [label="Expression"]
	"Assignment4" -> "Expression7"
	"Term8" [label="Term"]
	"Expression7" -> "Term8"
	"Factor9" [label="Factor"]
	"Term8" -> "Factor9"
	"Base10" [label="Base"]
	"Factor9" -> "Base10"
	"num11" [label="num",style=filled,fillcolor=powderblue]
	"Base10" -> "num11"
	"Fact112" [label="Fact1"]
	"Factor9" -> "Fact112"
	"e13" [label="e"]
	"Fact112" -> "e13"
	"T114" [label="T1"]
	"Term8" -> "T114"
	"e15" [label="e"]
	"T114" -> "e15"
	"Expr116" [label="Expr1"]
	"Expression7" -> "Expr116"
	"e17" [label="e"]
	"Expr116" -> "e17"
	"]18" [label="]",style=filled,fillcolor=powderblue]
	"Assignment4" -> "]18"
	"=19" [label="=",style=filled,fillcolor=powderblue]
	"Assignment4" -> "=19"
	"Expression20" [label="Expression"]
	"Assignment4" -> "Expression20"
	"Term21" [label="Term"]
	"Expression20" -> "Term21"
	"Factor22" [label="Factor"]
	"Term21" -> "Factor22"
	"Base23" [label="Base"]
	"Factor22" -> "Base23"
	"num24" [label="num",style=filled,fillcolor=powderblue]
	"Base23" -> "num24"
	"Fact125" [label="Fact1"]
	"Factor22" -> "Fact125"
	"e26" [label="e"]
	"Fact125" -> "e26"
	"T127" [label="T1"]
	"Term21" -> "T127"
	"/28" [label="/",style=filled,fillcolor=powderblue]
	"T127" -> "/28"
	"Factor29" [label="Factor"]
	"T127" -> "Factor29"
	"Base30" [label="Base"]
	"Factor29" -> "Base30"
	"num31" [label="num",style=filled,fillcolor=powderblue]
	"Base30" -> "num31"
	"Fact132" [label="Fact1"]
	"Factor29" -> "Fact132"
	"e33" [label="e"]
	"Fact132" -> "e33"
	"T134" [label="T1"]
	"T127" -> "T134"
	"*35" [label="*",style=filled,fillcolor=powderblue]
	"T134" -> "*35"
	"Factor36" [label="Factor"]
	"T134" -> "Factor36"
	"Base37" [label="Base"]
	"Factor36" -> "Base37"
	"num38" [label="num",style=filled,fillcolor=powderblue]
	"Base37" -> "num38"
	"Fact139" [label="Fact1"]
	"Factor36" -> "Fact139"
	"e40" [label="e"]
	"Fact139" -> "e40"
	"T141" [label="T1"]
	"T134" -> "T141"
	"e42" [label="e"]
	"T141" -> "e42"
	"Expr143" [label="Expr1"]
	"Expression20" -> "Expr143"
	"e44" [label="e"]
	"Expr143" -> "e44"
	"Statements45" [label="Statements"]
	"Statements2" -> "Statements45"
	"Statement46" [label="Statement"]
	"Statements45" -> "Statement46"
	"Assignment47" [label="Assignment"]
	"Statement46" -> "Assignment47"
	"m48" [label="m",style=filled,fillcolor=powderblue]
	"Assignment47" -> "m48"
	"[49" [label="[",style=filled,fillcolor=powderblue]
	"Assignment47" -> "[49"
	"Expression50" [label="Expression"]
	"Assignment47" -> "Expression50"
	"Term51" [label="Term"]
	"Expression50" -> "Term51"
	"Factor52" [label="Factor"]
	"Term51" -> "Factor52"
	"Base53" [label="Base"]
	"Factor52" -> "Base53"
	"num54" [label="num",style=filled,fillcolor=powderblue]
	"Base53" -> "num54"
	"Fact155" [label="Fact1"]
	"Factor52" -> "Fact155"
	"e56" [label="e"]
	"Fact155" -> "e56"
	"T157" [label="T1"]
	"Term51" -> "T157"
	"e58" [label="e"]
	"T157" -> "e58"
	"Expr159" [label="Expr1"]
	"Expression50" -> "Expr159"
	"e60" [label="e"]
	"Expr159" -> "e60"
	"]61" [label="]",style=filled,fillcolor=powderblue]
	"Assignment47" -> "]61"
	"=62" [label="=",style=filled,fillcolor=powderblue]
	"Assignment47" -> "=62"
	"Expression63" [label="Expression"]
	"Assignment47" -> "Expression63"
	"Term64" [label="Term"]
	"Expression63" -> "Term64"
	"Factor65" [label="Factor"]
	"Term64" -> "Factor65"
	"Base66" [label="Base"]
	"Factor65" -> "Base66"
	"num67" [label="num",style=filled,fillcolor=powderblue]
	"Base66" -> "num67"
	"Fact168" [label="Fact1"]
	"Factor65" -> "Fact168"
	"e69" [label="e"]
	"Fact168" -> "e69"
	"T170" [label="T1"]
	"Term64" -> "T170"
	"/71" [label="/",style=filled,fillcolor=powderblue]
	"T170" -> "/71"
	"Factor72" [label="Factor"]
	"T170" -> "Factor72"
	"Base73" [label="Base"]
	"Factor72" -> "Base73"
	"num74" [label="num",style=filled,fillcolor=powderblue]
	"Base73" -> "num74"
	"Fact175" [label="Fact1"]
	"Factor72" -> "Fact175"
	"e76" [label="e"]
	"Fact175" -> "e76"
	"T177" [label="T1"]
	"T170" -> "T177"
	"*78" [label="*",style=filled,fillcolor=powderblue]
	"T177" -> "*78"
	"Factor79" [label="Factor"]
	"T177" -> "Factor79"
	"Base80" [label="Base"]
	"Factor79" -> "Base80"
	"num81" [label="num",style=filled,fillcolor=powderblue]
	"Base80" -> "num81"
	"Fact182" [label="Fact1"]
	"Factor79" -> "Fact182"
	"e83" [label="e"]
	"Fact182" -> "e83"
	"T184" [label="T1"]
	"T177" -> "T184"
	"e85" [label="e"]
	"T184" -> "e85"
	"Expr186" [label="Expr1"]
	"Expression63" -> "Expr186"
	"e87" [label="e"]
	"Expr186" -> "e87"
	"Statements88" [label="Statements"]
	"Statements45" -> "Statements88"
	"Statement89" [label="Statement"]
	"Statements88" -> "Statement89"
	"Jump90" [label="Jump"]
	"Statement89" -> "Jump90"
	"goto91" [label="goto",style=filled,fillcolor=powderblue]
	"Jump90" -> "goto91"
	"num92" [label="num",style=filled,fillcolor=powderblue]
	"Jump90" -> "num92"
	"Jump193" [label="Jump1"]
	"Jump90" -> "Jump193"
	"e94" [label="e"]
	"Jump193" -> "e94"
	"Statements95" [label="Statements"]
	"Statements88" -> "Statements95"
	"Statement96" [label="Statement"]
	"Statements95" -> "Statement96"
	"Assignment97" [label="Assignment"]
	"Statement96" -> "Assignment97"
	"m98" [label="m",style=filled,fillcolor=powderblue]
	"Assignment97" -> "m98"
	"[99" [label="[",style=filled,fillcolor=powderblue]
	"Assignment97" -> "[99"
	"Expression100" [label="Expression"]
	"Assignment97" -> "Expression100"
	"Term101" [label="Term"]
	"Expression100" -> "Term101"
	"Factor102" [label="Factor"]
	"Term101" -> "Factor102"
	"Base103" [label="Base"]
	"Factor102" -> "Base103"
	"num104" [label="num",style=filled,fillcolor=powderblue]
	"Base103" -> "num104"
	"Fact1105" [label="Fact1"]
	"Factor102" -> "Fact1105"
	"e106" [label="e"]
	"Fact1105" -> "e106"
	"T1107" [label="T1"]
	"Term101" -> "T1107"
	"e108" [label="e"]
	"T1107" -> "e108"
	"Expr1109" [label="Expr1"]
	"Expression100" -> "Expr1109"
	"e110" [label="e"]
	"Expr1109" -> "e110"
	"]111" [label="]",style=filled,fillcolor=powderblue]
	"Assignment97" -> "]111"
	"=112" [label="=",style=filled,fillcolor=powderblue]
	"Assignment97" -> "=112"
	"Expression113" [label="Expression"]
	"Assignment97" -> "Expression113"
	"Term114" [label="Term"]
	"Expression113" -> "Term114"
	"Factor115" [label="Factor"]
	"Term114" -> "Factor115"
	"Base116" [label="Base"]
	"Factor115" -> "Base116"
	"num117" [label="num",style=filled,fillcolor=powderblue]
	"Base116" -> "num117"
	"Fact1118" [label="Fact1"]
	"Factor115" -> "Fact1118"
	"e119" [label="e"]
	"Fact1118" -> "e119"
	"T1120" [label="T1"]
	"Term114" -> "T1120"
	"e121" [label="e"]
	"T1120" -> "e121"
	"Expr1122" [label="Expr1"]
	"Expression113" -> "Expr1122"
	"+123" [label="+",style=filled,fillcolor=powderblue]
	"Expr1122" -> "+123"
	"Term124" [label="Term"]
	"Expr1122" -> "Term124"
	"Factor125" [label="Factor"]
	"Term124" -> "Factor125"
	"Base126" [label="Base"]
	"Factor125" -> "Base126"
	"m127" [label="m",style=filled,fillcolor=powderblue]
	"Base126" -> "m127"
	"[128" [label="[",style=filled,fillcolor=powderblue]
	"Base126" -> "[128"
	"Expression129" [label="Expression"]
	"Base126" -> "Expression129"
	"Term130" [label="Term"]
	"Expression129" -> "Term130"
	"Factor131" [label="Factor"]
	"Term130" -> "Factor131"
	"Base132" [label="Base"]
	"Factor131" -> "Base132"
	"num133" [label="num",style=filled,fillcolor=powderblue]
	"Base132" -> "num133"
	"Fact1134" [label="Fact1"]
	"Factor131" -> "Fact1134"
	"e135" [label="e"]
	"Fact1134" -> "e135"
	"T1136" [label="T1"]
	"Term130" -> "T1136"
	"e137" [label="e"]
	"T1136" -> "e137"
	"Expr1138" [label="Expr1"]
	"Expression129" -> "Expr1138"
	"e139" [label="e"]
	"Expr1138" -> "e139"
	"]140" [label="]",style=filled,fillcolor=powderblue]
	"Base126" -> "]140"
	"Fact1141" [label="Fact1"]
	"Factor125" -> "Fact1141"
	"e142" [label="e"]
	"Fact1141" -> "e142"
	"T1143" [label="T1"]
	"Term124" -> "T1143"
	"e144" [label="e"]
	"T1143" -> "e144"
	"Expr1145" [label="Expr1"]
	"Expr1122" -> "Expr1145"
	"e146" [label="e"]
	"Expr1145" -> "e146"
	"Statements147" [label="Statements"]
	"Statements95" -> "Statements147"
	"Statement148" [label="Statement"]
	"Statements147" -> "Statement148"
	"Assignment149" [label="Assignment"]
	"Statement148" -> "Assignment149"
	"m150" [label="m",style=filled,fillcolor=powderblue]
	"Assignment149" -> "m150"
	"[151" [label="[",style=filled,fillcolor=powderblue]
	"Assignment149" -> "[151"
	"Expression152" [label="Expression"]
	"Assignment149" -> "Expression152"
	"Term153" [label="Term"]
	"Expression152" -> "Term153"
	"Factor154" [label="Factor"]
	"Term153" -> "Factor154"
	"Base155" [label="Base"]
	"Factor154" -> "Base155"
	"num156" [label="num",style=filled,fillcolor=powderblue]
	"Base155" -> "num156"
	"Fact1157" [label="Fact1"]
	"Factor154" -> "Fact1157"
	"e158" [label="e"]
	"Fact1157" -> "e158"
	"T1159" [label="T1"]
	"Term153" -> "T1159"
	"e160" [label="e"]
	"T1159" -> "e160"
	"Expr1161" [label="Expr1"]
	"Expression152" -> "Expr1161"
	"e162" [label="e"]
	"Expr1161" -> "e162"
	"]163" [label="]",style=filled,fillcolor=powderblue]
	"Assignment149" -> "]163"
	"=164" [label="=",style=filled,fillcolor=powderblue]
	"Assignment149" -> "=164"
	"Expression165" [label="Expression"]
	"Assignment149" -> "Expression165"
	"Term166" [label="Term"]
	"Expression165" -> "Term166"
	"Factor167" [label="Factor"]
	"Term166" -> "Factor167"
	"Base168" [label="Base"]
	"Factor167" -> "Base168"
	"num169" [label="num",style=filled,fillcolor=powderblue]
	"Base168" -> "num169"
	"Fact1170" [label="Fact1"]
	"Factor167" -> "Fact1170"
	"e171" [label="e"]
	"Fact1170" -> "e171"
	"T1172" [label="T1"]
	"Term166" -> "T1172"
	"e173" [label="e"]
	"T1172" -> "e173"
	"Expr1174" [label="Expr1"]
	"Expression165" -> "Expr1174"
	"-175" [label="-",style=filled,fillcolor=powderblue]
	"Expr1174" -> "-175"
	"Term176" [label="Term"]
	"Expr1174" -> "Term176"
	"Factor177" [label="Factor"]
	"Term176" -> "Factor177"
	"Base178" [label="Base"]
	"Factor177" -> "Base178"
	"m179" [label="m",style=filled,fillcolor=powderblue]
	"Base178" -> "m179"
	"[180" [label="[",style=filled,fillcolor=powderblue]
	"Base178" -> "[180"
	"Expression181" [label="Expression"]
	"Base178" -> "Expression181"
	"Term182" [label="Term"]
	"Expression181" -> "Term182"
	"Factor183" [label="Factor"]
	"Term182" -> "Factor183"
	"Base184" [label="Base"]
	"Factor183" -> "Base184"
	"num185" [label="num",style=filled,fillcolor=powderblue]
	"Base184" -> "num185"
	"Fact1186" [label="Fact1"]
	"Factor183" -> "Fact1186"
	"**187" [label="**",style=filled,fillcolor=powderblue]
	"Fact1186" -> "**187"
	"Base188" [label="Base"]
	"Fact1186" -> "Base188"
	"num189" [label="num",style=filled,fillcolor=powderblue]
	"Base188" -> "num189"
	"Fact1190" [label="Fact1"]
	"Fact1186" -> "Fact1190"
	"e191" [label="e"]
	"Fact1190" -> "e191"
	"T1192" [label="T1"]
	"Term182" -> "T1192"
	"*193" [label="*",style=filled,fillcolor=powderblue]
	"T1192" -> "*193"
	"Factor194" [label="Factor"]
	"T1192" -> "Factor194"
	"Base195" [label="Base"]
	"Factor194" -> "Base195"
	"num196" [label="num",style=filled,fillcolor=powderblue]
	"Base195" -> "num196"
	"Fact1197" [label="Fact1"]
	"Factor194" -> "Fact1197"
	"e198" [label="e"]
	"Fact1197" -> "e198"
	"T1199" [label="T1"]
	"T1192" -> "T1199"
	"e200" [label="e"]
	"T1199" -> "e200"
	"Expr1201" [label="Expr1"]
	"Expression181" -> "Expr1201"
	"-202" [label="-",style=filled,fillcolor=powderblue]
	"Expr1201" -> "-202"
	"Term203" [label="Term"]
	"Expr1201" -> "Term203"
	"Factor204" [label="Factor"]
	"Term203" -> "Factor204"
	"Base205" [label="Base"]
	"Factor204" -> "Base205"
	"num206" [label="num",style=filled,fillcolor=powderblue]
	"Base205" -> "num206"
	"Fact1207" [label="Fact1"]
	"Factor204" -> "Fact1207"
	"e208" [label="e"]
	"Fact1207" -> "e208"
	"T1209" [label="T1"]
	"Term203" -> "T1209"
	"e210" [label="e"]
	"T1209" -> "e210"
	"Expr1211" [label="Expr1"]
	"Expr1201" -> "Expr1211"
	"e212" [label="e"]
	"Expr1211" -> "e212"
	"]213" [label="]",style=filled,fillcolor=powderblue]
	"Base178" -> "]213"
	"Fact1214" [label="Fact1"]
	"Factor177" -> "Fact1214"
	"e215" [label="e"]
	"Fact1214" -> "e215"
	"T1216" [label="T1"]
	"Term176" -> "T1216"
	"e217" [label="e"]
	"T1216" -> "e217"
	"Expr1218" [label="Expr1"]
	"Expr1174" -> "Expr1218"
	"-219" [label="-",style=filled,fillcolor=powderblue]
	"Expr1218" -> "-219"
	"Term220" [label="Term"]
	"Expr1218" -> "Term220"
	"Factor221" [label="Factor"]
	"Term220" -> "Factor221"
	"Base222" [label="Base"]
	"Factor221" -> "Base222"
	"num223" [label="num",style=filled,fillcolor=powderblue]
	"Base222" -> "num223"
	"Fact1224" [label="Fact1"]
	"Factor221" -> "Fact1224"
	"e225" [label="e"]
	"Fact1224" -> "e225"
	"T1226" [label="T1"]
	"Term220" -> "T1226"
	"e227" [label="e"]
	"T1226" -> "e227"
	"Expr1228" [label="Expr1"]
	"Expr1218" -> "Expr1228"
	"e229" [label="e"]
	"Expr1228" -> "e229"
	"Statements230" [label="Statements"]
	"Statements147" -> "Statements230"
	"Statement231" [label="Statement"]
	"Statements230" -> "Statement231"
	"Label232" [label="Label"]
	"Statement231" -> "Label232"
	"L233" [label="L",style=filled,fillcolor=powderblue]
	"Label232" -> "L233"
	"num234" [label="num",style=filled,fillcolor=powderblue]
	"Label232" -> "num234"
	":235" [label=":",style=filled,fillcolor=powderblue]
	"Label232" -> ":235"
	"Statements236" [label="Statements"]
	"Statements230" -> "Statements236"
	"Statement237" [label="Statement"]
	"Statements236" -> "Statement237"
	"Assignment238" [label="Assignment"]
	"Statement237" -> "Assignment238"
	"m239" [label="m",style=filled,fillcolor=powderblue]
	"Assignment238" -> "m239"
	"[240" [label="[",style=filled,fillcolor=powderblue]
	"Assignment238" -> "[240"
	"Expression241" [label="Expression"]
	"Assignment238" -> "Expression241"
	"Term242" [label="Term"]
	"Expression241" -> "Term242"
	"Factor243" [label="Factor"]
	"Term242" -> "Factor243"
	"Base244" [label="Base"]
	"Factor243" -> "Base244"
	"num245" [label="num",style=filled,fillcolor=powderblue]
	"Base244" -> "num245"
	"Fact1246" [label="Fact1"]
	"Factor243" -> "Fact1246"
	"e247" [label="e"]
	"Fact1246" -> "e247"
	"T1248" [label="T1"]
	"Term242" -> "T1248"
	"e249" [label="e"]
	"T1248" -> "e249"
	"Expr1250" [label="Expr1"]
	"Expression241" -> "Expr1250"
	"e251" [label="e"]
	"Expr1250" -> "e251"
	"]252" [label="]",style=filled,fillcolor=powderblue]
	"Assignment238" -> "]252"
	"=253" [label="=",style=filled,fillcolor=powderblue]
	"Assignment238" -> "=253"
	"Expression254" [label="Expression"]
	"Assignment238" -> "Expression254"
	"Term255" [label="Term"]
	"Expression254" -> "Term255"
	"Factor256" [label="Factor"]
	"Term255" -> "Factor256"
	"Base257" [label="Base"]
	"Factor256" -> "Base257"
	"num258" [label="num",style=filled,fillcolor=powderblue]
	"Base257" -> "num258"
	"Fact1259" [label="Fact1"]
	"Factor256" -> "Fact1259"
	"e260" [label="e"]
	"Fact1259" -> "e260"
	"T1261" [label="T1"]
	"Term255" -> "T1261"
	"e262" [label="e"]
	"T1261" -> "e262"
	"Expr1263" [label="Expr1"]
	"Expression254" -> "Expr1263"
	"-264" [label="-",style=filled,fillcolor=powderblue]
	"Expr1263" -> "-264"
	"Term265" [label="Term"]
	"Expr1263" -> "Term265"
	"Factor266" [label="Factor"]
	"Term265" -> "Factor266"
	"Base267" [label="Base"]
	"Factor266" -> "Base267"
	"(268" [label="(",style=filled,fillcolor=powderblue]
	"Base267" -> "(268"
	"Expression269" [label="Expression"]
	"Base267" -> "Expression269"
	"Term270" [label="Term"]
	"Expression269" -> "Term270"
	"Factor271" [label="Factor"]
	"Term270" -> "Factor271"
	"Base272" [label="Base"]
	"Factor271" -> "Base272"
	"m273" [label="m",style=filled,fillcolor=powderblue]
	"Base272" -> "m273"
	"[274" [label="[",style=filled,fillcolor=powderblue]
	"Base272" -> "[274"
	"Expression275" [label="Expression"]
	"Base272" -> "Expression275"
	"Term276" [label="Term"]
	"Expression275" -> "Term276"
	"Factor277" [label="Factor"]
	"Term276" -> "Factor277"
	"Base278" [label="Base"]
	"Factor277" -> "Base278"
	"num279" [label="num",style=filled,fillcolor=powderblue]
	"Base278" -> "num279"
	"Fact1280" [label="Fact1"]
	"Factor277" -> "Fact1280"
	"e281" [label="e"]
	"Fact1280" -> "e281"
	"T1282" [label="T1"]
	"Term276" -> "T1282"
	"e283" [label="e"]
	"T1282" -> "e283"
	"Expr1284" [label="Expr1"]
	"Expression275" -> "Expr1284"
	"e285" [label="e"]
	"Expr1284" -> "e285"
	"]286" [label="]",style=filled,fillcolor=powderblue]
	"Base272" -> "]286"
	"Fact1287" [label="Fact1"]
	"Factor271" -> "Fact1287"
	"e288" [label="e"]
	"Fact1287" -> "e288"
	"T1289" [label="T1"]
	"Term270" -> "T1289"
	"e290" [label="e"]
	"T1289" -> "e290"
	"Expr1291" [label="Expr1"]
	"Expression269" -> "Expr1291"
	"-292" [label="-",style=filled,fillcolor=powderblue]
	"Expr1291" -> "-292"
	"Term293" [label="Term"]
	"Expr1291" -> "Term293"
	"Factor294" [label="Factor"]
	"Term293" -> "Factor294"
	"Base295" [label="Base"]
	"Factor294" -> "Base295"
	"num296" [label="num",style=filled,fillcolor=powderblue]
	"Base295" -> "num296"
	"Fact1297" [label="Fact1"]
	"Factor294" -> "Fact1297"
	"e298" [label="e"]
	"Fact1297" -> "e298"
	"T1299" [label="T1"]
	"Term293" -> "T1299"
	"e300" [label="e"]
	"T1299" -> "e300"
	"Expr1301" [label="Expr1"]
	"Expr1291" -> "Expr1301"
	"e302" [label="e"]
	"Expr1301" -> "e302"
	")303" [label=")",style=filled,fillcolor=powderblue]
	"Base267" -> ")303"
	"Fact1304" [label="Fact1"]
	"Factor266" -> "Fact1304"
	"e305" [label="e"]
	"Fact1304" -> "e305"
	"T1306" [label="T1"]
	"Term265" -> "T1306"
	"e307" [label="e"]
	"T1306" -> "e307"
	"Expr1308" [label="Expr1"]
	"Expr1263" -> "Expr1308"
	"e309" [label="e"]
	"Expr1308" -> "e309"
	"Statements310" [label="Statements"]
	"Statements236" -> "Statements310"
	"Statement311" [label="Statement"]
	"Statements310" -> "Statement311"
	"Assignment312" [label="Assignment"]
	"Statement311" -> "Assignment312"
	"m313" [label="m",style=filled,fillcolor=powderblue]
	"Assignment312" -> "m313"
	"[314" [label="[",style=filled,fillcolor=powderblue]
	"Assignment312" -> "[314"
	"Expression315" [label="Expression"]
	"Assignment312" -> "Expression315"
	"Term316" [label="Term"]
	"Expression315" -> "Term316"
	"Factor317" [label="Factor"]
	"Term316" -> "Factor317"
	"Base318" [label="Base"]
	"Factor317" -> "Base318"
	"num319" [label="num",style=filled,fillcolor=powderblue]
	"Base318" -> "num319"
	"Fact1320" [label="Fact1"]
	"Factor317" -> "Fact1320"
	"e321" [label="e"]
	"Fact1320" -> "e321"
	"T1322" [label="T1"]
	"Term316" -> "T1322"
	"e323" [label="e"]
	"T1322" -> "e323"
	"Expr1324" [label="Expr1"]
	"Expression315" -> "Expr1324"
	"e325" [label="e"]
	"Expr1324" -> "e325"
	"]326" [label="]",style=filled,fillcolor=powderblue]
	"Assignment312" -> "]326"
	"=327" [label="=",style=filled,fillcolor=powderblue]
	"Assignment312" -> "=327"
	"Expression328" [label="Expression"]
	"Assignment312" -> "Expression328"
	"Term329" [label="Term"]
	"Expression328" -> "Term329"
	"Factor330" [label="Factor"]
	"Term329" -> "Factor330"
	"Base331" [label="Base"]
	"Factor330" -> "Base331"
	"num332" [label="num",style=filled,fillcolor=powderblue]
	"Base331" -> "num332"
	"Fact1333" [label="Fact1"]
	"Factor330" -> "Fact1333"
	"e334" [label="e"]
	"Fact1333" -> "e334"
	"T1335" [label="T1"]
	"Term329" -> "T1335"
	"e336" [label="e"]
	"T1335" -> "e336"
	"Expr1337" [label="Expr1"]
	"Expression328" -> "Expr1337"
	"+338" [label="+",style=filled,fillcolor=powderblue]
	"Expr1337" -> "+338"
	"Term339" [label="Term"]
	"Expr1337" -> "Term339"
	"Factor340" [label="Factor"]
	"Term339" -> "Factor340"
	"Base341" [label="Base"]
	"Factor340" -> "Base341"
	"m342" [label="m",style=filled,fillcolor=powderblue]
	"Base341" -> "m342"
	"[343" [label="[",style=filled,fillcolor=powderblue]
	"Base341" -> "[343"
	"Expression344" [label="Expression"]
	"Base341" -> "Expression344"
	"Term345" [label="Term"]
	"Expression344" -> "Term345"
	"Factor346" [label="Factor"]
	"Term345" -> "Factor346"
	"Base347" [label="Base"]
	"Factor346" -> "Base347"
	"num348" [label="num",style=filled,fillcolor=powderblue]
	"Base347" -> "num348"
	"Fact1349" [label="Fact1"]
	"Factor346" -> "Fact1349"
	"e350" [label="e"]
	"Fact1349" -> "e350"
	"T1351" [label="T1"]
	"Term345" -> "T1351"
	"e352" [label="e"]
	"T1351" -> "e352"
	"Expr1353" [label="Expr1"]
	"Expression344" -> "Expr1353"
	"e354" [label="e"]
	"Expr1353" -> "e354"
	"]355" [label="]",style=filled,fillcolor=powderblue]
	"Base341" -> "]355"
	"Fact1356" [label="Fact1"]
	"Factor340" -> "Fact1356"
	"e357" [label="e"]
	"Fact1356" -> "e357"
	"T1358" [label="T1"]
	"Term339" -> "T1358"
	"e359" [label="e"]
	"T1358" -> "e359"
	"Expr1360" [label="Expr1"]
	"Expr1337" -> "Expr1360"
	"e361" [label="e"]
	"Expr1360" -> "e361"
	"Statements362" [label="Statements"]
	"Statements310" -> "Statements362"
	"Statement363" [label="Statement"]
	"Statements362" -> "Statement363"
	"Assignment364" [label="Assignment"]
	"Statement363" -> "Assignment364"
	"m365" [label="m",style=filled,fillcolor=powderblue]
	"Assignment364" -> "m365"
	"[366" [label="[",style=filled,fillcolor=powderblue]
	"Assignment364" -> "[366"
	"Expression367" [label="Expression"]
	"Assignment364" -> "Expression367"
	"Term368" [label="Term"]
	"Expression367" -> "Term368"
	"Factor369" [label="Factor"]
	"Term368" -> "Factor369"
	"Base370" [label="Base"]
	"Factor369" -> "Base370"
	"num371" [label="num",style=filled,fillcolor=powderblue]
	"Base370" -> "num371"
	"Fact1372" [label="Fact1"]
	"Factor369" -> "Fact1372"
	"e373" [label="e"]
	"Fact1372" -> "e373"
	"T1374" [label="T1"]
	"Term368" -> "T1374"
	"e375" [label="e"]
	"T1374" -> "e375"
	"Expr1376" [label="Expr1"]
	"Expression367" -> "Expr1376"
	"e377" [label="e"]
	"Expr1376" -> "e377"
	"]378" [label="]",style=filled,fillcolor=powderblue]
	"Assignment364" -> "]378"
	"=379" [label="=",style=filled,fillcolor=powderblue]
	"Assignment364" -> "=379"
	"Expression380" [label="Expression"]
	"Assignment364" -> "Expression380"
	"Term381" [label="Term"]
	"Expression380" -> "Term381"
	"Factor382" [label="Factor"]
	"Term381" -> "Factor382"
	"Base383" [label="Base"]
	"Factor382" -> "Base383"
	"num384" [label="num",style=filled,fillcolor=powderblue]
	"Base383" -> "num384"
	"Fact1385" [label="Fact1"]
	"Factor382" -> "Fact1385"
	"e386" [label="e"]
	"Fact1385" -> "e386"
	"T1387" [label="T1"]
	"Term381" -> "T1387"
	"e388" [label="e"]
	"T1387" -> "e388"
	"Expr1389" [label="Expr1"]
	"Expression380" -> "Expr1389"
	"-390" [label="-",style=filled,fillcolor=powderblue]
	"Expr1389" -> "-390"
	"Term391" [label="Term"]
	"Expr1389" -> "Term391"
	"Factor392" [label="Factor"]
	"Term391" -> "Factor392"
	"Base393" [label="Base"]
	"Factor392" -> "Base393"
	"m394" [label="m",style=filled,fillcolor=powderblue]
	"Base393" -> "m394"
	"[395" [label="[",style=filled,fillcolor=powderblue]
	"Base393" -> "[395"
	"Expression396" [label="Expression"]
	"Base393" -> "Expression396"
	"Term397" [label="Term"]
	"Expression396" -> "Term397"
	"Factor398" [label="Factor"]
	"Term397" -> "Factor398"
	"Base399" [label="Base"]
	"Factor398" -> "Base399"
	"num400" [label="num",style=filled,fillcolor=powderblue]
	"Base399" -> "num400"
	"Fact1401" [label="Fact1"]
	"Factor398" -> "Fact1401"
	"e402" [label="e"]
	"Fact1401" -> "e402"
	"T1403" [label="T1"]
	"Term397" -> "T1403"
	"e404" [label="e"]
	"T1403" -> "e404"
	"Expr1405" [label="Expr1"]
	"Expression396" -> "Expr1405"
	"-406" [label="-",style=filled,fillcolor=powderblue]
	"Expr1405" -> "-406"
	"Term407" [label="Term"]
	"Expr1405" -> "Term407"
	"Factor408" [label="Factor"]
	"Term407" -> "Factor408"
	"Base409" [label="Base"]
	"Factor408" -> "Base409"
	"num410" [label="num",style=filled,fillcolor=powderblue]
	"Base409" -> "num410"
	"Fact1411" [label="Fact1"]
	"Factor408" -> "Fact1411"
	"e412" [label="e"]
	"Fact1411" -> "e412"
	"T1413" [label="T1"]
	"Term407" -> "T1413"
	"e414" [label="e"]
	"T1413" -> "e414"
	"Expr1415" [label="Expr1"]
	"Expr1405" -> "Expr1415"
	"e416" [label="e"]
	"Expr1415" -> "e416"
	"]417" [label="]",style=filled,fillcolor=powderblue]
	"Base393" -> "]417"
	"Fact1418" [label="Fact1"]
	"Factor392" -> "Fact1418"
	"e419" [label="e"]
	"Fact1418" -> "e419"
	"T1420" [label="T1"]
	"Term391" -> "T1420"
	"e421" [label="e"]
	"T1420" -> "e421"
	"Expr1422" [label="Expr1"]
	"Expr1389" -> "Expr1422"
	"e423" [label="e"]
	"Expr1422" -> "e423"
	"Statements424" [label="Statements"]
	"Statements362" -> "Statements424"
	"Statement425" [label="Statement"]
	"Statements424" -> "Statement425"
	"Assignment426" [label="Assignment"]
	"Statement425" -> "Assignment426"
	"m427" [label="m",style=filled,fillcolor=powderblue]
	"Assignment426" -> "m427"
	"[428" [label="[",style=filled,fillcolor=powderblue]
	"Assignment426" -> "[428"
	"Expression429" [label="Expression"]
	"Assignment426" -> "Expression429"
	"Term430" [label="Term"]
	"Expression429" -> "Term430"
	"Factor431" [label="Factor"]
	"Term430" -> "Factor431"
	"Base432" [label="Base"]
	"Factor431" -> "Base432"
	"num433" [label="num",style=filled,fillcolor=powderblue]
	"Base432" -> "num433"
	"Fact1434" [label="Fact1"]
	"Factor431" -> "Fact1434"
	"e435" [label="e"]
	"Fact1434" -> "e435"
	"T1436" [label="T1"]
	"Term430" -> "T1436"
	"e437" [label="e"]
	"T1436" -> "e437"
	"Expr1438" [label="Expr1"]
	"Expression429" -> "Expr1438"
	"e439" [label="e"]
	"Expr1438" -> "e439"
	"]440" [label="]",style=filled,fillcolor=powderblue]
	"Assignment426" -> "]440"
	"=441" [label="=",style=filled,fillcolor=powderblue]
	"Assignment426" -> "=441"
	"Expression442" [label="Expression"]
	"Assignment426" -> "Expression442"
	"Term443" [label="Term"]
	"Expression442" -> "Term443"
	"Factor444" [label="Factor"]
	"Term443" -> "Factor444"
	"Base445" [label="Base"]
	"Factor444" -> "Base445"
	"num446" [label="num",style=filled,fillcolor=powderblue]
	"Base445" -> "num446"
	"Fact1447" [label="Fact1"]
	"Factor444" -> "Fact1447"
	"e448" [label="e"]
	"Fact1447" -> "e448"
	"T1449" [label="T1"]
	"Term443" -> "T1449"
	"e450" [label="e"]
	"T1449" -> "e450"
	"Expr1451" [label="Expr1"]
	"Expression442" -> "Expr1451"
	"-452" [label="-",style=filled,fillcolor=powderblue]
	"Expr1451" -> "-452"
	"Term453" [label="Term"]
	"Expr1451" -> "Term453"
	"Factor454" [label="Factor"]
	"Term453" -> "Factor454"
	"Base455" [label="Base"]
	"Factor454" -> "Base455"
	"(456" [label="(",style=filled,fillcolor=powderblue]
	"Base455" -> "(456"
	"Expression457" [label="Expression"]
	"Base455" -> "Expression457"
	"Term458" [label="Term"]
	"Expression457" -> "Term458"
	"Factor459" [label="Factor"]
	"Term458" -> "Factor459"
	"Base460" [label="Base"]
	"Factor459" -> "Base460"
	"num461" [label="num",style=filled,fillcolor=powderblue]
	"Base460" -> "num461"
	"Fact1462" [label="Fact1"]
	"Factor459" -> "Fact1462"
	"e463" [label="e"]
	"Fact1462" -> "e463"
	"T1464" [label="T1"]
	"Term458" -> "T1464"
	"e465" [label="e"]
	"T1464" -> "e465"
	"Expr1466" [label="Expr1"]
	"Expression457" -> "Expr1466"
	"-467" [label="-",style=filled,fillcolor=powderblue]
	"Expr1466" -> "-467"
	"Term468" [label="Term"]
	"Expr1466" -> "Term468"
	"Factor469" [label="Factor"]
	"Term468" -> "Factor469"
	"Base470" [label="Base"]
	"Factor469" -> "Base470"
	"num471" [label="num",style=filled,fillcolor=powderblue]
	"Base470" -> "num471"
	"Fact1472" [label="Fact1"]
	"Factor469" -> "Fact1472"
	"e473" [label="e"]
	"Fact1472" -> "e473"
	"T1474" [label="T1"]
	"Term468" -> "T1474"
	"e475" [label="e"]
	"T1474" -> "e475"
	"Expr1476" [label="Expr1"]
	"Expr1466" -> "Expr1476"
	"e477" [label="e"]
	"Expr1476" -> "e477"
	")478" [label=")",style=filled,fillcolor=powderblue]
	"Base455" -> ")478"
	"Fact1479" [label="Fact1"]
	"Factor454" -> "Fact1479"
	"e480" [label="e"]
	"Fact1479" -> "e480"
	"T1481" [label="T1"]
	"Term453" -> "T1481"
	"/482" [label="/",style=filled,fillcolor=powderblue]
	"T1481" -> "/482"
	"Factor483" [label="Factor"]
	"T1481" -> "Factor483"
	"Base484" [label="Base"]
	"Factor483" -> "Base484"
	"m485" [label="m",style=filled,fillcolor=powderblue]
	"Base484" -> "m485"
	"[486" [label="[",style=filled,fillcolor=powderblue]
	"Base484" -> "[486"
	"Expression487" [label="Expression"]
	"Base484" -> "Expression487"
	"Term488" [label="Term"]
	"Expression487" -> "Term488"
	"Factor489" [label="Factor"]
	"Term488" -> "Factor489"
	"Base490" [label="Base"]
	"Factor489" -> "Base490"
	"num491" [label="num",style=filled,fillcolor=powderblue]
	"Base490" -> "num491"
	"Fact1492" [label="Fact1"]
	"Factor489" -> "Fact1492"
	"e493" [label="e"]
	"Fact1492" -> "e493"
	"T1494" [label="T1"]
	"Term488" -> "T1494"
	"e495" [label="e"]
	"T1494" -> "e495"
	"Expr1496" [label="Expr1"]
	"Expression487" -> "Expr1496"
	"e497" [label="e"]
	"Expr1496" -> "e497"
	"]498" [label="]",style=filled,fillcolor=powderblue]
	"Base484" -> "]498"
	"Fact1499" [label="Fact1"]
	"Factor483" -> "Fact1499"
	"e500" [label="e"]
	"Fact1499" -> "e500"
	"T1501" [label="T1"]
	"T1481" -> "T1501"
	"e502" [label="e"]
	"T1501" -> "e502"
	"Expr1503" [label="Expr1"]
	"Expr1451" -> "Expr1503"
	"e504" [label="e"]
	"Expr1503" -> "e504"
	"Statements505" [label="Statements"]
	"Statements424" -> "Statements505"
	"e506" [label="e"]
	"Statements505" -> "e506"
};
