digraph G {
	"Start1" [label="Start"]
	"Statements2" [label="Statements"]
	"Start1" -> "Statements2"
	"Statement3" [label="Statement"]
	"Statements2" -> "Statement3"
	"Assignment4" [label="Assignment"]
	"Statement3" -> "Assignment4"
	"m5" [label="m",style=filled,fillcolor=powderblue]
	"Assignment4" -> "m5"
	"[6" [label="[",style=filled,fillcolor=powderblue]
	"Assignment4" -> "[6"
	"Expression7" [label="Expression"]
	"Assignment4" -> "Expression7"
	"Term8" [label="Term"]
	"Expression7" -> "Term8"
	"Factor9" [label="Factor"]
	"Term8" -> "Factor9"
	"Base10" [label="Base"]
	"Factor9" -> "Base10"
	"num11" [label="num",style=filled,fillcolor=powderblue]
	"Base10" -> "num11"
	"Fact112" [label="Fact1"]
	"Factor9" -> "Fact112"
	"e13" [label="e"]
	"Fact112" -> "e13"
	"T114" [label="T1"]
	"Term8" -> "T114"
	"e15" [label="e"]
	"T114" -> "e15"
	"Expr116" [label="Expr1"]
	"Expression7" -> "Expr116"
	"e17" [label="e"]
	"Expr116" -> "e17"
	"]18" [label="]",style=filled,fillcolor=powderblue]
	"Assignment4" -> "]18"
	"=19" [label="=",style=filled,fillcolor=powderblue]
	"Assignment4" -> "=19"
	"Expression20" [label="Expression"]
	"Assignment4" -> "Expression20"
	"Term21" [label="Term"]
	"Expression20" -> "Term21"
	"Factor22" [label="Factor"]
	"Term21" -> "Factor22"
	"Base23" [label="Base"]
	"Factor22" -> "Base23"
	"num24" [label="num",style=filled,fillcolor=powderblue]
	"Base23" -> "num24"
	"Fact125" [label="Fact1"]
	"Factor22" -> "Fact125"
	"e26" [label="e"]
	"Fact125" -> "e26"
	"T127" [label="T1"]
	"Term21" -> "T127"
	"/28" [label="/",style=filled,fillcolor=powderblue]
	"T127" -> "/28"
	"Factor29" [label="Factor"]
	"T127" -> "Factor29"
	"Base30" [label="Base"]
	"Factor29" -> "Base30"
	"num31" [label="num",style=filled,fillcolor=powderblue]
	"Base30" -> "num31"
	"Fact132" [label="Fact1"]
	"Factor29" -> "Fact132"
	"e33" [label="e"]
	"Fact132" -> "e33"
	"T134" [label="T1"]
	"T127" -> "T134"
	"*35" [label="*",style=filled,fillcolor=powderblue]
	"T134" -> "*35"
	"Factor36" [label="Factor"]
	"T134" -> "Factor36"
	"Base37" [label="Base"]
	"Factor36" -> "Base37"
	"num38" [label="num",style=filled,fillcolor=powderblue]
	"Base37" -> "num38"
	"Fact139" [label="Fact1"]
	"Factor36" -> "Fact139"
	"e40" [label="e"]
	"Fact139" -> "e40"
	"T141" [label="T1"]
	"T134" -> "T141"
	"e42" [label="e"]
	"T141" -> "e42"
	"Expr143" [label="Expr1"]
	"Expression20" -> "Expr143"
	"e44" [label="e"]
	"Expr143" -> "e44"
	"Statements45" [label="Statements"]
	"Statements2" -> "Statements45"
	"Statement46" [label="Statement"]
	"Statements45" -> "Statement46"
	"Assignment47" [label="Assignment"]
	"Statement46" -> "Assignment47"
	"m48" [label="m",style=filled,fillcolor=powderblue]
	"Assignment47" -> "m48"
	"[49" [label="[",style=filled,fillcolor=powderblue]
	"Assignment47" -> "[49"
	"Expression50" [label="Expression"]
	"Assignment47" -> "Expression50"
	"Term51" [label="Term"]
	"Expression50" -> "Term51"
	"Factor52" [label="Factor"]
	"Term51" -> "Factor52"
	"Base53" [label="Base"]
	"Factor52" -> "Base53"
	"num54" [label="num",style=filled,fillcolor=powderblue]
	"Base53" -> "num54"
	"Fact155" [label="Fact1"]
	"Factor52" -> "Fact155"
	"e56" [label="e"]
	"Fact155" -> "e56"
	"T157" [label="T1"]
	"Term51" -> "T157"
	"e58" [label="e"]
	"T157" -> "e58"
	"Expr159" [label="Expr1"]
	"Expression50" -> "Expr159"
	"e60" [label="e"]
	"Expr159" -> "e60"
	"]61" [label="]",style=filled,fillcolor=powderblue]
	"Assignment47" -> "]61"
	"=62" [label="=",style=filled,fillcolor=powderblue]
	"Assignment47" -> "=62"
	"Expression63" [label="Expression"]
	"Assignment47" -> "Expression63"
	"Term64" [label="Term"]
	"Expression63" -> "Term64"
	"Factor65" [label="Factor"]
	"Term64" -> "Factor65"
	"Base66" [label="Base"]
	"Factor65" -> "Base66"
	"num67" [label="num",style=filled,fillcolor=powderblue]
	"Base66" -> "num67"
	"Fact168" [label="Fact1"]
	"Factor65" -> "Fact168"
	"e69" [label="e"]
	"Fact168" -> "e69"
	"T170" [label="T1"]
	"Term64" -> "T170"
	"/71" [label="/",style=filled,fillcolor=powderblue]
	"T170" -> "/71"
	"Factor72" [label="Factor"]
	"T170" -> "Factor72"
	"Base73" [label="Base"]
	"Factor72" -> "Base73"
	"num74" [label="num",style=filled,fillcolor=powderblue]
	"Base73" -> "num74"
	"Fact175" [label="Fact1"]
	"Factor72" -> "Fact175"
	"e76" [label="e"]
	"Fact175" -> "e76"
	"T177" [label="T1"]
	"T170" -> "T177"
	"*78" [label="*",style=filled,fillcolor=powderblue]
	"T177" -> "*78"
	"Factor79" [label="Factor"]
	"T177" -> "Factor79"
	"Base80" [label="Base"]
	"Factor79" -> "Base80"
	"num81" [label="num",style=filled,fillcolor=powderblue]
	"Base80" -> "num81"
	"Fact182" [label="Fact1"]
	"Factor79" -> "Fact182"
	"e83" [label="e"]
	"Fact182" -> "e83"
	"T184" [label="T1"]
	"T177" -> "T184"
	"e85" [label="e"]
	"T184" -> "e85"
	"Expr186" [label="Expr1"]
	"Expression63" -> "Expr186"
	"e87" [label="e"]
	"Expr186" -> "e87"
	"Statements88" [label="Statements"]
	"Statements45" -> "Statements88"
	"Statement89" [label="Statement"]
	"Statements88" -> "Statement89"
	"Print90" [label="Print"]
	"Statement89" -> "Print90"
	"print91" [label="print",style=filled,fillcolor=powderblue]
	"Print90" -> "print91"
	"Expression92" [label="Expression"]
	"Print90" -> "Expression92"
	"Term93" [label="Term"]
	"Expression92" -> "Term93"
	"Factor94" [label="Factor"]
	"Term93" -> "Factor94"
	"Base95" [label="Base"]
	"Factor94" -> "Base95"
	"m96" [label="m",style=filled,fillcolor=powderblue]
	"Base95" -> "m96"
	"[97" [label="[",style=filled,fillcolor=powderblue]
	"Base95" -> "[97"
	"Expression98" [label="Expression"]
	"Base95" -> "Expression98"
	"Term99" [label="Term"]
	"Expression98" -> "Term99"
	"Factor100" [label="Factor"]
	"Term99" -> "Factor100"
	"Base101" [label="Base"]
	"Factor100" -> "Base101"
	"num102" [label="num",style=filled,fillcolor=powderblue]
	"Base101" -> "num102"
	"Fact1103" [label="Fact1"]
	"Factor100" -> "Fact1103"
	"e104" [label="e"]
	"Fact1103" -> "e104"
	"T1105" [label="T1"]
	"Term99" -> "T1105"
	"e106" [label="e"]
	"T1105" -> "e106"
	"Expr1107" [label="Expr1"]
	"Expression98" -> "Expr1107"
	"e108" [label="e"]
	"Expr1107" -> "e108"
	"]109" [label="]",style=filled,fillcolor=powderblue]
	"Base95" -> "]109"
	"Fact1110" [label="Fact1"]
	"Factor94" -> "Fact1110"
	"e111" [label="e"]
	"Fact1110" -> "e111"
	"T1112" [label="T1"]
	"Term93" -> "T1112"
	"e113" [label="e"]
	"T1112" -> "e113"
	"Expr1114" [label="Expr1"]
	"Expression92" -> "Expr1114"
	"e115" [label="e"]
	"Expr1114" -> "e115"
	"Statements116" [label="Statements"]
	"Statements88" -> "Statements116"
	"Statement117" [label="Statement"]
	"Statements116" -> "Statement117"
	"Jump118" [label="Jump"]
	"Statement117" -> "Jump118"
	"goto119" [label="goto",style=filled,fillcolor=powderblue]
	"Jump118" -> "goto119"
	"num120" [label="num",style=filled,fillcolor=powderblue]
	"Jump118" -> "num120"
	"Jump1121" [label="Jump1"]
	"Jump118" -> "Jump1121"
	"if122" [label="if",style=filled,fillcolor=powderblue]
	"Jump1121" -> "if122"
	"Expression123" [label="Expression"]
	"Jump1121" -> "Expression123"
	"Term124" [label="Term"]
	"Expression123" -> "Term124"
	"Factor125" [label="Factor"]
	"Term124" -> "Factor125"
	"Base126" [label="Base"]
	"Factor125" -> "Base126"
	"m127" [label="m",style=filled,fillcolor=powderblue]
	"Base126" -> "m127"
	"[128" [label="[",style=filled,fillcolor=powderblue]
	"Base126" -> "[128"
	"Expression129" [label="Expression"]
	"Base126" -> "Expression129"
	"Term130" [label="Term"]
	"Expression129" -> "Term130"
	"Factor131" [label="Factor"]
	"Term130" -> "Factor131"
	"Base132" [label="Base"]
	"Factor131" -> "Base132"
	"num133" [label="num",style=filled,fillcolor=powderblue]
	"Base132" -> "num133"
	"Fact1134" [label="Fact1"]
	"Factor131" -> "Fact1134"
	"e135" [label="e"]
	"Fact1134" -> "e135"
	"T1136" [label="T1"]
	"Term130" -> "T1136"
	"e137" [label="e"]
	"T1136" -> "e137"
	"Expr1138" [label="Expr1"]
	"Expression129" -> "Expr1138"
	"e139" [label="e"]
	"Expr1138" -> "e139"
	"]140" [label="]",style=filled,fillcolor=powderblue]
	"Base126" -> "]140"
	"Fact1141" [label="Fact1"]
	"Factor125" -> "Fact1141"
	"e142" [label="e"]
	"Fact1141" -> "e142"
	"T1143" [label="T1"]
	"Term124" -> "T1143"
	"e144" [label="e"]
	"T1143" -> "e144"
	"Expr1145" [label="Expr1"]
	"Expression123" -> "Expr1145"
	"e146" [label="e"]
	"Expr1145" -> "e146"
	"Statements147" [label="Statements"]
	"Statements116" -> "Statements147"
	"Statement148" [label="Statement"]
	"Statements147" -> "Statement148"
	"Jump149" [label="Jump"]
	"Statement148" -> "Jump149"
	"goto150" [label="goto",style=filled,fillcolor=powderblue]
	"Jump149" -> "goto150"
	"num151" [label="num",style=filled,fillcolor=powderblue]
	"Jump149" -> "num151"
	"Jump1152" [label="Jump1"]
	"Jump149" -> "Jump1152"
	"e153" [label="e"]
	"Jump1152" -> "e153"
	"Statements154" [label="Statements"]
	"Statements147" -> "Statements154"
	"Statement155" [label="Statement"]
	"Statements154" -> "Statement155"
	"Label156" [label="Label"]
	"Statement155" -> "Label156"
	"L157" [label="L",style=filled,fillcolor=powderblue]
	"Label156" -> "L157"
	"num158" [label="num",style=filled,fillcolor=powderblue]
	"Label156" -> "num158"
	":159" [label=":",style=filled,fillcolor=powderblue]
	"Label156" -> ":159"
	"Statements160" [label="Statements"]
	"Statements154" -> "Statements160"
	"Statement161" [label="Statement"]
	"Statements160" -> "Statement161"
	"Assignment162" [label="Assignment"]
	"Statement161" -> "Assignment162"
	"m163" [label="m",style=filled,fillcolor=powderblue]
	"Assignment162" -> "m163"
	"[164" [label="[",style=filled,fillcolor=powderblue]
	"Assignment162" -> "[164"
	"Expression165" [label="Expression"]
	"Assignment162" -> "Expression165"
	"Term166" [label="Term"]
	"Expression165" -> "Term166"
	"Factor167" [label="Factor"]
	"Term166" -> "Factor167"
	"Base168" [label="Base"]
	"Factor167" -> "Base168"
	"num169" [label="num",style=filled,fillcolor=powderblue]
	"Base168" -> "num169"
	"Fact1170" [label="Fact1"]
	"Factor167" -> "Fact1170"
	"e171" [label="e"]
	"Fact1170" -> "e171"
	"T1172" [label="T1"]
	"Term166" -> "T1172"
	"e173" [label="e"]
	"T1172" -> "e173"
	"Expr1174" [label="Expr1"]
	"Expression165" -> "Expr1174"
	"e175" [label="e"]
	"Expr1174" -> "e175"
	"]176" [label="]",style=filled,fillcolor=powderblue]
	"Assignment162" -> "]176"
	"=177" [label="=",style=filled,fillcolor=powderblue]
	"Assignment162" -> "=177"
	"Expression178" [label="Expression"]
	"Assignment162" -> "Expression178"
	"Term179" [label="Term"]
	"Expression178" -> "Term179"
	"Factor180" [label="Factor"]
	"Term179" -> "Factor180"
	"Base181" [label="Base"]
	"Factor180" -> "Base181"
	"num182" [label="num",style=filled,fillcolor=powderblue]
	"Base181" -> "num182"
	"Fact1183" [label="Fact1"]
	"Factor180" -> "Fact1183"
	"e184" [label="e"]
	"Fact1183" -> "e184"
	"T1185" [label="T1"]
	"Term179" -> "T1185"
	"e186" [label="e"]
	"T1185" -> "e186"
	"Expr1187" [label="Expr1"]
	"Expression178" -> "Expr1187"
	"-188" [label="-",style=filled,fillcolor=powderblue]
	"Expr1187" -> "-188"
	"Term189" [label="Term"]
	"Expr1187" -> "Term189"
	"Factor190" [label="Factor"]
	"Term189" -> "Factor190"
	"Base191" [label="Base"]
	"Factor190" -> "Base191"
	"(192" [label="(",style=filled,fillcolor=powderblue]
	"Base191" -> "(192"
	"Expression193" [label="Expression"]
	"Base191" -> "Expression193"
	"Term194" [label="Term"]
	"Expression193" -> "Term194"
	"Factor195" [label="Factor"]
	"Term194" -> "Factor195"
	"Base196" [label="Base"]
	"Factor195" -> "Base196"
	"m197" [label="m",style=filled,fillcolor=powderblue]
	"Base196" -> "m197"
	"[198" [label="[",style=filled,fillcolor=powderblue]
	"Base196" -> "[198"
	"Expression199" [label="Expression"]
	"Base196" -> "Expression199"
	"Term200" [label="Term"]
	"Expression199" -> "Term200"
	"Factor201" [label="Factor"]
	"Term200" -> "Factor201"
	"Base202" [label="Base"]
	"Factor201" -> "Base202"
	"num203" [label="num",style=filled,fillcolor=powderblue]
	"Base202" -> "num203"
	"Fact1204" [label="Fact1"]
	"Factor201" -> "Fact1204"
	"e205" [label="e"]
	"Fact1204" -> "e205"
	"T1206" [label="T1"]
	"Term200" -> "T1206"
	"e207" [label="e"]
	"T1206" -> "e207"
	"Expr1208" [label="Expr1"]
	"Expression199" -> "Expr1208"
	"e209" [label="e"]
	"Expr1208" -> "e209"
	"]210" [label="]",style=filled,fillcolor=powderblue]
	"Base196" -> "]210"
	"Fact1211" [label="Fact1"]
	"Factor195" -> "Fact1211"
	"e212" [label="e"]
	"Fact1211" -> "e212"
	"T1213" [label="T1"]
	"Term194" -> "T1213"
	"e214" [label="e"]
	"T1213" -> "e214"
	"Expr1215" [label="Expr1"]
	"Expression193" -> "Expr1215"
	"-216" [label="-",style=filled,fillcolor=powderblue]
	"Expr1215" -> "-216"
	"Term217" [label="Term"]
	"Expr1215" -> "Term217"
	"Factor218" [label="Factor"]
	"Term217" -> "Factor218"
	"Base219" [label="Base"]
	"Factor218" -> "Base219"
	"num220" [label="num",style=filled,fillcolor=powderblue]
	"Base219" -> "num220"
	"Fact1221" [label="Fact1"]
	"Factor218" -> "Fact1221"
	"**222" [label="**",style=filled,fillcolor=powderblue]
	"Fact1221" -> "**222"
	"Base223" [label="Base"]
	"Fact1221" -> "Base223"
	"num224" [label="num",style=filled,fillcolor=powderblue]
	"Base223" -> "num224"
	"Fact1225" [label="Fact1"]
	"Fact1221" -> "Fact1225"
	"e226" [label="e"]
	"Fact1225" -> "e226"
	"T1227" [label="T1"]
	"Term217" -> "T1227"
	"e228" [label="e"]
	"T1227" -> "e228"
	"Expr1229" [label="Expr1"]
	"Expr1215" -> "Expr1229"
	"e230" [label="e"]
	"Expr1229" -> "e230"
	")231" [label=")",style=filled,fillcolor=powderblue]
	"Base191" -> ")231"
	"Fact1232" [label="Fact1"]
	"Factor190" -> "Fact1232"
	"e233" [label="e"]
	"Fact1232" -> "e233"
	"T1234" [label="T1"]
	"Term189" -> "T1234"
	"e235" [label="e"]
	"T1234" -> "e235"
	"Expr1236" [label="Expr1"]
	"Expr1187" -> "Expr1236"
	"e237" [label="e"]
	"Expr1236" -> "e237"
	"Statements238" [label="Statements"]
	"Statements160" -> "Statements238"
	"Statement239" [label="Statement"]
	"Statements238" -> "Statement239"
	"Label240" [label="Label"]
	"Statement239" -> "Label240"
	"L241" [label="L",style=filled,fillcolor=powderblue]
	"Label240" -> "L241"
	"num242" [label="num",style=filled,fillcolor=powderblue]
	"Label240" -> "num242"
	":243" [label=":",style=filled,fillcolor=powderblue]
	"Label240" -> ":243"
	"Statements244" [label="Statements"]
	"Statements238" -> "Statements244"
	"Statement245" [label="Statement"]
	"Statements244" -> "Statement245"
	"Assignment246" [label="Assignment"]
	"Statement245" -> "Assignment246"
	"m247" [label="m",style=filled,fillcolor=powderblue]
	"Assignment246" -> "m247"
	"[248" [label="[",style=filled,fillcolor=powderblue]
	"Assignment246" -> "[248"
	"Expression249" [label="Expression"]
	"Assignment246" -> "Expression249"
	"Term250" [label="Term"]
	"Expression249" -> "Term250"
	"Factor251" [label="Factor"]
	"Term250" -> "Factor251"
	"Base252" [label="Base"]
	"Factor251" -> "Base252"
	"num253" [label="num",style=filled,fillcolor=powderblue]
	"Base252" -> "num253"
	"Fact1254" [label="Fact1"]
	"Factor251" -> "Fact1254"
	"e255" [label="e"]
	"Fact1254" -> "e255"
	"T1256" [label="T1"]
	"Term250" -> "T1256"
	"e257" [label="e"]
	"T1256" -> "e257"
	"Expr1258" [label="Expr1"]
	"Expression249" -> "Expr1258"
	"e259" [label="e"]
	"Expr1258" -> "e259"
	"]260" [label="]",style=filled,fillcolor=powderblue]
	"Assignment246" -> "]260"
	"=261" [label="=",style=filled,fillcolor=powderblue]
	"Assignment246" -> "=261"
	"Expression262" [label="Expression"]
	"Assignment246" -> "Expression262"
	"Term263" [label="Term"]
	"Expression262" -> "Term263"
	"Factor264" [label="Factor"]
	"Term263" -> "Factor264"
	"Base265" [label="Base"]
	"Factor264" -> "Base265"
	"num266" [label="num",style=filled,fillcolor=powderblue]
	"Base265" -> "num266"
	"Fact1267" [label="Fact1"]
	"Factor264" -> "Fact1267"
	"e268" [label="e"]
	"Fact1267" -> "e268"
	"T1269" [label="T1"]
	"Term263" -> "T1269"
	"e270" [label="e"]
	"T1269" -> "e270"
	"Expr1271" [label="Expr1"]
	"Expression262" -> "Expr1271"
	"-272" [label="-",style=filled,fillcolor=powderblue]
	"Expr1271" -> "-272"
	"Term273" [label="Term"]
	"Expr1271" -> "Term273"
	"Factor274" [label="Factor"]
	"Term273" -> "Factor274"
	"Base275" [label="Base"]
	"Factor274" -> "Base275"
	"(276" [label="(",style=filled,fillcolor=powderblue]
	"Base275" -> "(276"
	"Expression277" [label="Expression"]
	"Base275" -> "Expression277"
	"Term278" [label="Term"]
	"Expression277" -> "Term278"
	"Factor279" [label="Factor"]
	"Term278" -> "Factor279"
	"Base280" [label="Base"]
	"Factor279" -> "Base280"
	"m281" [label="m",style=filled,fillcolor=powderblue]
	"Base280" -> "m281"
	"[282" [label="[",style=filled,fillcolor=powderblue]
	"Base280" -> "[282"
	"Expression283" [label="Expression"]
	"Base280" -> "Expression283"
	"Term284" [label="Term"]
	"Expression283" -> "Term284"
	"Factor285" [label="Factor"]
	"Term284" -> "Factor285"
	"Base286" [label="Base"]
	"Factor285" -> "Base286"
	"num287" [label="num",style=filled,fillcolor=powderblue]
	"Base286" -> "num287"
	"Fact1288" [label="Fact1"]
	"Factor285" -> "Fact1288"
	"e289" [label="e"]
	"Fact1288" -> "e289"
	"T1290" [label="T1"]
	"Term284" -> "T1290"
	"e291" [label="e"]
	"T1290" -> "e291"
	"Expr1292" [label="Expr1"]
	"Expression283" -> "Expr1292"
	"e293" [label="e"]
	"Expr1292" -> "e293"
	"]294" [label="]",style=filled,fillcolor=powderblue]
	"Base280" -> "]294"
	"Fact1295" [label="Fact1"]
	"Factor279" -> "Fact1295"
	"e296" [label="e"]
	"Fact1295" -> "e296"
	"T1297" [label="T1"]
	"Term278" -> "T1297"
	"e298" [label="e"]
	"T1297" -> "e298"
	"Expr1299" [label="Expr1"]
	"Expression277" -> "Expr1299"
	"-300" [label="-",style=filled,fillcolor=powderblue]
	"Expr1299" -> "-300"
	"Term301" [label="Term"]
	"Expr1299" -> "Term301"
	"Factor302" [label="Factor"]
	"Term301" -> "Factor302"
	"Base303" [label="Base"]
	"Factor302" -> "Base303"
	"num304" [label="num",style=filled,fillcolor=powderblue]
	"Base303" -> "num304"
	"Fact1305" [label="Fact1"]
	"Factor302" -> "Fact1305"
	"e306" [label="e"]
	"Fact1305" -> "e306"
	"T1307" [label="T1"]
	"Term301" -> "T1307"
	"e308" [label="e"]
	"T1307" -> "e308"
	"Expr1309" [label="Expr1"]
	"Expr1299" -> "Expr1309"
	"e310" [label="e"]
	"Expr1309" -> "e310"
	")311" [label=")",style=filled,fillcolor=powderblue]
	"Base275" -> ")311"
	"Fact1312" [label="Fact1"]
	"Factor274" -> "Fact1312"
	"e313" [label="e"]
	"Fact1312" -> "e313"
	"T1314" [label="T1"]
	"Term273" -> "T1314"
	"e315" [label="e"]
	"T1314" -> "e315"
	"Expr1316" [label="Expr1"]
	"Expr1271" -> "Expr1316"
	"e317" [label="e"]
	"Expr1316" -> "e317"
	"Statements318" [label="Statements"]
	"Statements244" -> "Statements318"
	"Statement319" [label="Statement"]
	"Statements318" -> "Statement319"
	"Print320" [label="Print"]
	"Statement319" -> "Print320"
	"print321" [label="print",style=filled,fillcolor=powderblue]
	"Print320" -> "print321"
	"Expression322" [label="Expression"]
	"Print320" -> "Expression322"
	"Term323" [label="Term"]
	"Expression322" -> "Term323"
	"Factor324" [label="Factor"]
	"Term323" -> "Factor324"
	"Base325" [label="Base"]
	"Factor324" -> "Base325"
	"m326" [label="m",style=filled,fillcolor=powderblue]
	"Base325" -> "m326"
	"[327" [label="[",style=filled,fillcolor=powderblue]
	"Base325" -> "[327"
	"Expression328" [label="Expression"]
	"Base325" -> "Expression328"
	"Term329" [label="Term"]
	"Expression328" -> "Term329"
	"Factor330" [label="Factor"]
	"Term329" -> "Factor330"
	"Base331" [label="Base"]
	"Factor330" -> "Base331"
	"num332" [label="num",style=filled,fillcolor=powderblue]
	"Base331" -> "num332"
	"Fact1333" [label="Fact1"]
	"Factor330" -> "Fact1333"
	"e334" [label="e"]
	"Fact1333" -> "e334"
	"T1335" [label="T1"]
	"Term329" -> "T1335"
	"e336" [label="e"]
	"T1335" -> "e336"
	"Expr1337" [label="Expr1"]
	"Expression328" -> "Expr1337"
	"e338" [label="e"]
	"Expr1337" -> "e338"
	"]339" [label="]",style=filled,fillcolor=powderblue]
	"Base325" -> "]339"
	"Fact1340" [label="Fact1"]
	"Factor324" -> "Fact1340"
	"e341" [label="e"]
	"Fact1340" -> "e341"
	"T1342" [label="T1"]
	"Term323" -> "T1342"
	"e343" [label="e"]
	"T1342" -> "e343"
	"Expr1344" [label="Expr1"]
	"Expression322" -> "Expr1344"
	"e345" [label="e"]
	"Expr1344" -> "e345"
	"Statements346" [label="Statements"]
	"Statements318" -> "Statements346"
	"Statement347" [label="Statement"]
	"Statements346" -> "Statement347"
	"Print348" [label="Print"]
	"Statement347" -> "Print348"
	"print349" [label="print",style=filled,fillcolor=powderblue]
	"Print348" -> "print349"
	"Expression350" [label="Expression"]
	"Print348" -> "Expression350"
	"Term351" [label="Term"]
	"Expression350" -> "Term351"
	"Factor352" [label="Factor"]
	"Term351" -> "Factor352"
	"Base353" [label="Base"]
	"Factor352" -> "Base353"
	"m354" [label="m",style=filled,fillcolor=powderblue]
	"Base353" -> "m354"
	"[355" [label="[",style=filled,fillcolor=powderblue]
	"Base353" -> "[355"
	"Expression356" [label="Expression"]
	"Base353" -> "Expression356"
	"Term357" [label="Term"]
	"Expression356" -> "Term357"
	"Factor358" [label="Factor"]
	"Term357" -> "Factor358"
	"Base359" [label="Base"]
	"Factor358" -> "Base359"
	"num360" [label="num",style=filled,fillcolor=powderblue]
	"Base359" -> "num360"
	"Fact1361" [label="Fact1"]
	"Factor358" -> "Fact1361"
	"e362" [label="e"]
	"Fact1361" -> "e362"
	"T1363" [label="T1"]
	"Term357" -> "T1363"
	"e364" [label="e"]
	"T1363" -> "e364"
	"Expr1365" [label="Expr1"]
	"Expression356" -> "Expr1365"
	"e366" [label="e"]
	"Expr1365" -> "e366"
	"]367" [label="]",style=filled,fillcolor=powderblue]
	"Base353" -> "]367"
	"Fact1368" [label="Fact1"]
	"Factor352" -> "Fact1368"
	"e369" [label="e"]
	"Fact1368" -> "e369"
	"T1370" [label="T1"]
	"Term351" -> "T1370"
	"e371" [label="e"]
	"T1370" -> "e371"
	"Expr1372" [label="Expr1"]
	"Expression350" -> "Expr1372"
	"e373" [label="e"]
	"Expr1372" -> "e373"
	"Statements374" [label="Statements"]
	"Statements346" -> "Statements374"
	"Statement375" [label="Statement"]
	"Statements374" -> "Statement375"
	"Print376" [label="Print"]
	"Statement375" -> "Print376"
	"print377" [label="print",style=filled,fillcolor=powderblue]
	"Print376" -> "print377"
	"Expression378" [label="Expression"]
	"Print376" -> "Expression378"
	"Term379" [label="Term"]
	"Expression378" -> "Term379"
	"Factor380" [label="Factor"]
	"Term379" -> "Factor380"
	"Base381" [label="Base"]
	"Factor380" -> "Base381"
	"m382" [label="m",style=filled,fillcolor=powderblue]
	"Base381" -> "m382"
	"[383" [label="[",style=filled,fillcolor=powderblue]
	"Base381" -> "[383"
	"Expression384" [label="Expression"]
	"Base381" -> "Expression384"
	"Term385" [label="Term"]
	"Expression384" -> "Term385"
	"Factor386" [label="Factor"]
	"Term385" -> "Factor386"
	"Base387" [label="Base"]
	"Factor386" -> "Base387"
	"num388" [label="num",style=filled,fillcolor=powderblue]
	"Base387" -> "num388"
	"Fact1389" [label="Fact1"]
	"Factor386" -> "Fact1389"
	"e390" [label="e"]
	"Fact1389" -> "e390"
	"T1391" [label="T1"]
	"Term385" -> "T1391"
	"e392" [label="e"]
	"T1391" -> "e392"
	"Expr1393" [label="Expr1"]
	"Expression384" -> "Expr1393"
	"e394" [label="e"]
	"Expr1393" -> "e394"
	"]395" [label="]",style=filled,fillcolor=powderblue]
	"Base381" -> "]395"
	"Fact1396" [label="Fact1"]
	"Factor380" -> "Fact1396"
	"e397" [label="e"]
	"Fact1396" -> "e397"
	"T1398" [label="T1"]
	"Term379" -> "T1398"
	"e399" [label="e"]
	"T1398" -> "e399"
	"Expr1400" [label="Expr1"]
	"Expression378" -> "Expr1400"
	"e401" [label="e"]
	"Expr1400" -> "e401"
	"Statements402" [label="Statements"]
	"Statements374" -> "Statements402"
	"e403" [label="e"]
	"Statements402" -> "e403"
};
