digraph G {
	"Start1" [label="Start"]
	"Statements2" [label="Statements"]
	"Start1" -> "Statements2"
	"Statement3" [label="Statement"]
	"Statements2" -> "Statement3"
	"Assignment4" [label="Assignment"]
	"Statement3" -> "Assignment4"
	"m5" [label="m",style=filled,fillcolor=powderblue]
	"Assignment4" -> "m5"
	"[6" [label="[",style=filled,fillcolor=powderblue]
	"Assignment4" -> "[6"
	"Expression7" [label="Expression"]
	"Assignment4" -> "Expression7"
	"Term8" [label="Term"]
	"Expression7" -> "Term8"
	"Factor9" [label="Factor"]
	"Term8" -> "Factor9"
	"num10" [label="num",style=filled,fillcolor=powderblue]
	"Factor9" -> "num10"
	"Power11" [label="Power"]
	"Factor9" -> "Power11"
	"e12" [label="e"]
	"Power11" -> "e12"
	"Term_p13" [label="Term_p"]
	"Term8" -> "Term_p13"
	"e14" [label="e"]
	"Term_p13" -> "e14"
	"Expression_p15" [label="Expression_p"]
	"Expression7" -> "Expression_p15"
	"e16" [label="e"]
	"Expression_p15" -> "e16"
	"]17" [label="]",style=filled,fillcolor=powderblue]
	"Assignment4" -> "]17"
	"=18" [label="=",style=filled,fillcolor=powderblue]
	"Assignment4" -> "=18"
	"Expression19" [label="Expression"]
	"Assignment4" -> "Expression19"
	"Term20" [label="Term"]
	"Expression19" -> "Term20"
	"Factor21" [label="Factor"]
	"Term20" -> "Factor21"
	"num22" [label="num",style=filled,fillcolor=powderblue]
	"Factor21" -> "num22"
	"Power23" [label="Power"]
	"Factor21" -> "Power23"
	"e24" [label="e"]
	"Power23" -> "e24"
	"Term_p25" [label="Term_p"]
	"Term20" -> "Term_p25"
	"/26" [label="/",style=filled,fillcolor=powderblue]
	"Term_p25" -> "/26"
	"Term27" [label="Term"]
	"Term_p25" -> "Term27"
	"Factor28" [label="Factor"]
	"Term27" -> "Factor28"
	"num29" [label="num",style=filled,fillcolor=powderblue]
	"Factor28" -> "num29"
	"Power30" [label="Power"]
	"Factor28" -> "Power30"
	"e31" [label="e"]
	"Power30" -> "e31"
	"Term_p32" [label="Term_p"]
	"Term27" -> "Term_p32"
	"*33" [label="*",style=filled,fillcolor=powderblue]
	"Term_p32" -> "*33"
	"Term34" [label="Term"]
	"Term_p32" -> "Term34"
	"Factor35" [label="Factor"]
	"Term34" -> "Factor35"
	"num36" [label="num",style=filled,fillcolor=powderblue]
	"Factor35" -> "num36"
	"Power37" [label="Power"]
	"Factor35" -> "Power37"
	"e38" [label="e"]
	"Power37" -> "e38"
	"Term_p39" [label="Term_p"]
	"Term34" -> "Term_p39"
	"e40" [label="e"]
	"Term_p39" -> "e40"
	"Expression_p41" [label="Expression_p"]
	"Expression19" -> "Expression_p41"
	"e42" [label="e"]
	"Expression_p41" -> "e42"
	"Statement43" [label="Statement"]
	"Statements2" -> "Statement43"
	"Assignment44" [label="Assignment"]
	"Statement43" -> "Assignment44"
	"m45" [label="m",style=filled,fillcolor=powderblue]
	"Assignment44" -> "m45"
	"[46" [label="[",style=filled,fillcolor=powderblue]
	"Assignment44" -> "[46"
	"Expression47" [label="Expression"]
	"Assignment44" -> "Expression47"
	"Term48" [label="Term"]
	"Expression47" -> "Term48"
	"Factor49" [label="Factor"]
	"Term48" -> "Factor49"
	"num50" [label="num",style=filled,fillcolor=powderblue]
	"Factor49" -> "num50"
	"Power51" [label="Power"]
	"Factor49" -> "Power51"
	"e52" [label="e"]
	"Power51" -> "e52"
	"Term_p53" [label="Term_p"]
	"Term48" -> "Term_p53"
	"e54" [label="e"]
	"Term_p53" -> "e54"
	"Expression_p55" [label="Expression_p"]
	"Expression47" -> "Expression_p55"
	"e56" [label="e"]
	"Expression_p55" -> "e56"
	"]57" [label="]",style=filled,fillcolor=powderblue]
	"Assignment44" -> "]57"
	"=58" [label="=",style=filled,fillcolor=powderblue]
	"Assignment44" -> "=58"
	"Expression59" [label="Expression"]
	"Assignment44" -> "Expression59"
	"Term60" [label="Term"]
	"Expression59" -> "Term60"
	"Factor61" [label="Factor"]
	"Term60" -> "Factor61"
	"num62" [label="num",style=filled,fillcolor=powderblue]
	"Factor61" -> "num62"
	"Power63" [label="Power"]
	"Factor61" -> "Power63"
	"e64" [label="e"]
	"Power63" -> "e64"
	"Term_p65" [label="Term_p"]
	"Term60" -> "Term_p65"
	"e66" [label="e"]
	"Term_p65" -> "e66"
	"Expression_p67" [label="Expression_p"]
	"Expression59" -> "Expression_p67"
	"+68" [label="+",style=filled,fillcolor=powderblue]
	"Expression_p67" -> "+68"
	"Expression69" [label="Expression"]
	"Expression_p67" -> "Expression69"
	"Term70" [label="Term"]
	"Expression69" -> "Term70"
	"Factor71" [label="Factor"]
	"Term70" -> "Factor71"
	"num72" [label="num",style=filled,fillcolor=powderblue]
	"Factor71" -> "num72"
	"Power73" [label="Power"]
	"Factor71" -> "Power73"
	"e74" [label="e"]
	"Power73" -> "e74"
	"Term_p75" [label="Term_p"]
	"Term70" -> "Term_p75"
	"e76" [label="e"]
	"Term_p75" -> "e76"
	"Expression_p77" [label="Expression_p"]
	"Expression69" -> "Expression_p77"
	"e78" [label="e"]
	"Expression_p77" -> "e78"
	"Statement79" [label="Statement"]
	"Statements2" -> "Statement79"
	"Assignment80" [label="Assignment"]
	"Statement79" -> "Assignment80"
	"m81" [label="m",style=filled,fillcolor=powderblue]
	"Assignment80" -> "m81"
	"[82" [label="[",style=filled,fillcolor=powderblue]
	"Assignment80" -> "[82"
	"Expression83" [label="Expression"]
	"Assignment80" -> "Expression83"
	"Term84" [label="Term"]
	"Expression83" -> "Term84"
	"Factor85" [label="Factor"]
	"Term84" -> "Factor85"
	"num86" [label="num",style=filled,fillcolor=powderblue]
	"Factor85" -> "num86"
	"Power87" [label="Power"]
	"Factor85" -> "Power87"
	"e88" [label="e"]
	"Power87" -> "e88"
	"Term_p89" [label="Term_p"]
	"Term84" -> "Term_p89"
	"e90" [label="e"]
	"Term_p89" -> "e90"
	"Expression_p91" [label="Expression_p"]
	"Expression83" -> "Expression_p91"
	"e92" [label="e"]
	"Expression_p91" -> "e92"
	"]93" [label="]",style=filled,fillcolor=powderblue]
	"Assignment80" -> "]93"
	"=94" [label="=",style=filled,fillcolor=powderblue]
	"Assignment80" -> "=94"
	"Expression95" [label="Expression"]
	"Assignment80" -> "Expression95"
	"Term96" [label="Term"]
	"Expression95" -> "Term96"
	"Factor97" [label="Factor"]
	"Term96" -> "Factor97"
	"num98" [label="num",style=filled,fillcolor=powderblue]
	"Factor97" -> "num98"
	"Power99" [label="Power"]
	"Factor97" -> "Power99"
	"e100" [label="e"]
	"Power99" -> "e100"
	"Term_p101" [label="Term_p"]
	"Term96" -> "Term_p101"
	"e102" [label="e"]
	"Term_p101" -> "e102"
	"Expression_p103" [label="Expression_p"]
	"Expression95" -> "Expression_p103"
	"-104" [label="-",style=filled,fillcolor=powderblue]
	"Expression_p103" -> "-104"
	"Expression105" [label="Expression"]
	"Expression_p103" -> "Expression105"
	"Term106" [label="Term"]
	"Expression105" -> "Term106"
	"Factor107" [label="Factor"]
	"Term106" -> "Factor107"
	"(108" [label="(",style=filled,fillcolor=powderblue]
	"Factor107" -> "(108"
	"Expression109" [label="Expression"]
	"Factor107" -> "Expression109"
	"Term110" [label="Term"]
	"Expression109" -> "Term110"
	"Factor111" [label="Factor"]
	"Term110" -> "Factor111"
	"e112" [label="e"]
	"Factor111" -> "e112"
	"Term_p113" [label="Term_p"]
	"Term110" -> "Term_p113"
	"e114" [label="e"]
	"Term_p113" -> "e114"
	"Expression_p115" [label="Expression_p"]
	"Expression109" -> "Expression_p115"
	"m116" [label="m",style=filled,fillcolor=powderblue]
	"Expression_p115" -> "m116"
	"[117" [label="[",style=filled,fillcolor=powderblue]
	"Expression_p115" -> "[117"
	"Expression118" [label="Expression"]
	"Expression_p115" -> "Expression118"
	"Term119" [label="Term"]
	"Expression118" -> "Term119"
	"Factor120" [label="Factor"]
	"Term119" -> "Factor120"
	"num121" [label="num",style=filled,fillcolor=powderblue]
	"Factor120" -> "num121"
	"Power122" [label="Power"]
	"Factor120" -> "Power122"
	"e123" [label="e"]
	"Power122" -> "e123"
	"Term_p124" [label="Term_p"]
	"Term119" -> "Term_p124"
	"e125" [label="e"]
	"Term_p124" -> "e125"
	"Expression_p126" [label="Expression_p"]
	"Expression118" -> "Expression_p126"
	"e127" [label="e"]
	"Expression_p126" -> "e127"
	"]128" [label="]",style=filled,fillcolor=powderblue]
	"Expression_p115" -> "]128"
	"Expression129" [label="Expression"]
	"Expression_p115" -> "Expression129"
	"Term130" [label="Term"]
	"Expression129" -> "Term130"
	"Factor131" [label="Factor"]
	"Term130" -> "Factor131"
	"e132" [label="e"]
	"Factor131" -> "e132"
	"Term_p133" [label="Term_p"]
	"Term130" -> "Term_p133"
	"e134" [label="e"]
	"Term_p133" -> "e134"
	"Expression_p135" [label="Expression_p"]
	"Expression129" -> "Expression_p135"
	"-136" [label="-",style=filled,fillcolor=powderblue]
	"Expression_p135" -> "-136"
	"Expression137" [label="Expression"]
	"Expression_p135" -> "Expression137"
	"Term138" [label="Term"]
	"Expression137" -> "Term138"
	"Factor139" [label="Factor"]
	"Term138" -> "Factor139"
	"num140" [label="num",style=filled,fillcolor=powderblue]
	"Factor139" -> "num140"
	"Power141" [label="Power"]
	"Factor139" -> "Power141"
	"e142" [label="e"]
	"Power141" -> "e142"
	"Term_p143" [label="Term_p"]
	"Term138" -> "Term_p143"
	"e144" [label="e"]
	"Term_p143" -> "e144"
	"Expression_p145" [label="Expression_p"]
	"Expression137" -> "Expression_p145"
	"e146" [label="e"]
	"Expression_p145" -> "e146"
	")147" [label=")",style=filled,fillcolor=powderblue]
	"Factor107" -> ")147"
	"Power148" [label="Power"]
	"Factor107" -> "Power148"
	"e149" [label="e"]
	"Power148" -> "e149"
	"Term_p150" [label="Term_p"]
	"Term106" -> "Term_p150"
	"e151" [label="e"]
	"Term_p150" -> "e151"
	"Expression_p152" [label="Expression_p"]
	"Expression105" -> "Expression_p152"
	"e153" [label="e"]
	"Expression_p152" -> "e153"
	"Statement154" [label="Statement"]
	"Statements2" -> "Statement154"
	"Assignment155" [label="Assignment"]
	"Statement154" -> "Assignment155"
	"m156" [label="m",style=filled,fillcolor=powderblue]
	"Assignment155" -> "m156"
	"[157" [label="[",style=filled,fillcolor=powderblue]
	"Assignment155" -> "[157"
	"Expression158" [label="Expression"]
	"Assignment155" -> "Expression158"
	"Term159" [label="Term"]
	"Expression158" -> "Term159"
	"Factor160" [label="Factor"]
	"Term159" -> "Factor160"
	"num161" [label="num",style=filled,fillcolor=powderblue]
	"Factor160" -> "num161"
	"Power162" [label="Power"]
	"Factor160" -> "Power162"
	"e163" [label="e"]
	"Power162" -> "e163"
	"Term_p164" [label="Term_p"]
	"Term159" -> "Term_p164"
	"e165" [label="e"]
	"Term_p164" -> "e165"
	"Expression_p166" [label="Expression_p"]
	"Expression158" -> "Expression_p166"
	"e167" [label="e"]
	"Expression_p166" -> "e167"
	"]168" [label="]",style=filled,fillcolor=powderblue]
	"Assignment155" -> "]168"
	"=169" [label="=",style=filled,fillcolor=powderblue]
	"Assignment155" -> "=169"
	"Expression170" [label="Expression"]
	"Assignment155" -> "Expression170"
	"Term171" [label="Term"]
	"Expression170" -> "Term171"
	"Factor172" [label="Factor"]
	"Term171" -> "Factor172"
	"num173" [label="num",style=filled,fillcolor=powderblue]
	"Factor172" -> "num173"
	"Power174" [label="Power"]
	"Factor172" -> "Power174"
	"e175" [label="e"]
	"Power174" -> "e175"
	"Term_p176" [label="Term_p"]
	"Term171" -> "Term_p176"
	"/177" [label="/",style=filled,fillcolor=powderblue]
	"Term_p176" -> "/177"
	"Term178" [label="Term"]
	"Term_p176" -> "Term178"
	"Factor179" [label="Factor"]
	"Term178" -> "Factor179"
	"num180" [label="num",style=filled,fillcolor=powderblue]
	"Factor179" -> "num180"
	"Power181" [label="Power"]
	"Factor179" -> "Power181"
	"e182" [label="e"]
	"Power181" -> "e182"
	"Term_p183" [label="Term_p"]
	"Term178" -> "Term_p183"
	"*184" [label="*",style=filled,fillcolor=powderblue]
	"Term_p183" -> "*184"
	"Term185" [label="Term"]
	"Term_p183" -> "Term185"
	"Factor186" [label="Factor"]
	"Term185" -> "Factor186"
	"num187" [label="num",style=filled,fillcolor=powderblue]
	"Factor186" -> "num187"
	"Power188" [label="Power"]
	"Factor186" -> "Power188"
	"e189" [label="e"]
	"Power188" -> "e189"
	"Term_p190" [label="Term_p"]
	"Term185" -> "Term_p190"
	"e191" [label="e"]
	"Term_p190" -> "e191"
	"Expression_p192" [label="Expression_p"]
	"Expression170" -> "Expression_p192"
	"e193" [label="e"]
	"Expression_p192" -> "e193"
	"Statement194" [label="Statement"]
	"Statements2" -> "Statement194"
	"Assignment195" [label="Assignment"]
	"Statement194" -> "Assignment195"
	"m196" [label="m",style=filled,fillcolor=powderblue]
	"Assignment195" -> "m196"
	"[197" [label="[",style=filled,fillcolor=powderblue]
	"Assignment195" -> "[197"
	"Expression198" [label="Expression"]
	"Assignment195" -> "Expression198"
	"Term199" [label="Term"]
	"Expression198" -> "Term199"
	"Factor200" [label="Factor"]
	"Term199" -> "Factor200"
	"num201" [label="num",style=filled,fillcolor=powderblue]
	"Factor200" -> "num201"
	"Power202" [label="Power"]
	"Factor200" -> "Power202"
	"e203" [label="e"]
	"Power202" -> "e203"
	"Term_p204" [label="Term_p"]
	"Term199" -> "Term_p204"
	"e205" [label="e"]
	"Term_p204" -> "e205"
	"Expression_p206" [label="Expression_p"]
	"Expression198" -> "Expression_p206"
	"e207" [label="e"]
	"Expression_p206" -> "e207"
	"]208" [label="]",style=filled,fillcolor=powderblue]
	"Assignment195" -> "]208"
	"=209" [label="=",style=filled,fillcolor=powderblue]
	"Assignment195" -> "=209"
	"Expression210" [label="Expression"]
	"Assignment195" -> "Expression210"
	"Term211" [label="Term"]
	"Expression210" -> "Term211"
	"Factor212" [label="Factor"]
	"Term211" -> "Factor212"
	"num213" [label="num",style=filled,fillcolor=powderblue]
	"Factor212" -> "num213"
	"Power214" [label="Power"]
	"Factor212" -> "Power214"
	"e215" [label="e"]
	"Power214" -> "e215"
	"Term_p216" [label="Term_p"]
	"Term211" -> "Term_p216"
	"e217" [label="e"]
	"Term_p216" -> "e217"
	"Expression_p218" [label="Expression_p"]
	"Expression210" -> "Expression_p218"
	"+219" [label="+",style=filled,fillcolor=powderblue]
	"Expression_p218" -> "+219"
	"Expression220" [label="Expression"]
	"Expression_p218" -> "Expression220"
	"Term221" [label="Term"]
	"Expression220" -> "Term221"
	"Factor222" [label="Factor"]
	"Term221" -> "Factor222"
	"e223" [label="e"]
	"Factor222" -> "e223"
	"Term_p224" [label="Term_p"]
	"Term221" -> "Term_p224"
	"e225" [label="e"]
	"Term_p224" -> "e225"
	"Expression_p226" [label="Expression_p"]
	"Expression220" -> "Expression_p226"
	"m227" [label="m",style=filled,fillcolor=powderblue]
	"Expression_p226" -> "m227"
	"[228" [label="[",style=filled,fillcolor=powderblue]
	"Expression_p226" -> "[228"
	"Expression229" [label="Expression"]
	"Expression_p226" -> "Expression229"
	"Term230" [label="Term"]
	"Expression229" -> "Term230"
	"Factor231" [label="Factor"]
	"Term230" -> "Factor231"
	"num232" [label="num",style=filled,fillcolor=powderblue]
	"Factor231" -> "num232"
	"Power233" [label="Power"]
	"Factor231" -> "Power233"
	"e234" [label="e"]
	"Power233" -> "e234"
	"Term_p235" [label="Term_p"]
	"Term230" -> "Term_p235"
	"e236" [label="e"]
	"Term_p235" -> "e236"
	"Expression_p237" [label="Expression_p"]
	"Expression229" -> "Expression_p237"
	"e238" [label="e"]
	"Expression_p237" -> "e238"
	"]239" [label="]",style=filled,fillcolor=powderblue]
	"Expression_p226" -> "]239"
	"Expression240" [label="Expression"]
	"Expression_p226" -> "Expression240"
	"Statement241" [label="Statement"]
	"Statements2" -> "Statement241"
	"Assignment242" [label="Assignment"]
	"Statement241" -> "Assignment242"
	"m243" [label="m",style=filled,fillcolor=powderblue]
	"Assignment242" -> "m243"
	"[244" [label="[",style=filled,fillcolor=powderblue]
	"Assignment242" -> "[244"
	"Expression245" [label="Expression"]
	"Assignment242" -> "Expression245"
	"Term246" [label="Term"]
	"Expression245" -> "Term246"
	"Factor247" [label="Factor"]
	"Term246" -> "Factor247"
	"num248" [label="num",style=filled,fillcolor=powderblue]
	"Factor247" -> "num248"
	"Power249" [label="Power"]
	"Factor247" -> "Power249"
	"e250" [label="e"]
	"Power249" -> "e250"
	"Term_p251" [label="Term_p"]
	"Term246" -> "Term_p251"
	"e252" [label="e"]
	"Term_p251" -> "e252"
	"Expression_p253" [label="Expression_p"]
	"Expression245" -> "Expression_p253"
	"e254" [label="e"]
	"Expression_p253" -> "e254"
	"]255" [label="]",style=filled,fillcolor=powderblue]
	"Assignment242" -> "]255"
	"=256" [label="=",style=filled,fillcolor=powderblue]
	"Assignment242" -> "=256"
	"Expression257" [label="Expression"]
	"Assignment242" -> "Expression257"
	"Term258" [label="Term"]
	"Expression257" -> "Term258"
	"Factor259" [label="Factor"]
	"Term258" -> "Factor259"
	"num260" [label="num",style=filled,fillcolor=powderblue]
	"Factor259" -> "num260"
	"Power261" [label="Power"]
	"Factor259" -> "Power261"
	"e262" [label="e"]
	"Power261" -> "e262"
	"Term_p263" [label="Term_p"]
	"Term258" -> "Term_p263"
	"e264" [label="e"]
	"Term_p263" -> "e264"
	"Expression_p265" [label="Expression_p"]
	"Expression257" -> "Expression_p265"
	"-266" [label="-",style=filled,fillcolor=powderblue]
	"Expression_p265" -> "-266"
	"Expression267" [label="Expression"]
	"Expression_p265" -> "Expression267"
	"Term268" [label="Term"]
	"Expression267" -> "Term268"
	"Factor269" [label="Factor"]
	"Term268" -> "Factor269"
	"e270" [label="e"]
	"Factor269" -> "e270"
	"Term_p271" [label="Term_p"]
	"Term268" -> "Term_p271"
	"e272" [label="e"]
	"Term_p271" -> "e272"
	"Expression_p273" [label="Expression_p"]
	"Expression267" -> "Expression_p273"
	"m274" [label="m",style=filled,fillcolor=powderblue]
	"Expression_p273" -> "m274"
	"[275" [label="[",style=filled,fillcolor=powderblue]
	"Expression_p273" -> "[275"
	"Expression276" [label="Expression"]
	"Expression_p273" -> "Expression276"
	"Term277" [label="Term"]
	"Expression276" -> "Term277"
	"Factor278" [label="Factor"]
	"Term277" -> "Factor278"
	"num279" [label="num",style=filled,fillcolor=powderblue]
	"Factor278" -> "num279"
	"Power280" [label="Power"]
	"Factor278" -> "Power280"
	"**281" [label="**",style=filled,fillcolor=powderblue]
	"Power280" -> "**281"
	"Factor282" [label="Factor"]
	"Power280" -> "Factor282"
	"num283" [label="num",style=filled,fillcolor=powderblue]
	"Factor282" -> "num283"
	"Power284" [label="Power"]
	"Factor282" -> "Power284"
	"e285" [label="e"]
	"Power284" -> "e285"
	"Term_p286" [label="Term_p"]
	"Term277" -> "Term_p286"
	"*287" [label="*",style=filled,fillcolor=powderblue]
	"Term_p286" -> "*287"
	"Term288" [label="Term"]
	"Term_p286" -> "Term288"
	"Factor289" [label="Factor"]
	"Term288" -> "Factor289"
	"num290" [label="num",style=filled,fillcolor=powderblue]
	"Factor289" -> "num290"
	"Power291" [label="Power"]
	"Factor289" -> "Power291"
	"e292" [label="e"]
	"Power291" -> "e292"
	"Term_p293" [label="Term_p"]
	"Term288" -> "Term_p293"
	"e294" [label="e"]
	"Term_p293" -> "e294"
	"Expression_p295" [label="Expression_p"]
	"Expression276" -> "Expression_p295"
	"-296" [label="-",style=filled,fillcolor=powderblue]
	"Expression_p295" -> "-296"
	"Expression297" [label="Expression"]
	"Expression_p295" -> "Expression297"
	"Term298" [label="Term"]
	"Expression297" -> "Term298"
	"Factor299" [label="Factor"]
	"Term298" -> "Factor299"
	"num300" [label="num",style=filled,fillcolor=powderblue]
	"Factor299" -> "num300"
	"Power301" [label="Power"]
	"Factor299" -> "Power301"
	"e302" [label="e"]
	"Power301" -> "e302"
	"Term_p303" [label="Term_p"]
	"Term298" -> "Term_p303"
	"e304" [label="e"]
	"Term_p303" -> "e304"
	"Expression_p305" [label="Expression_p"]
	"Expression297" -> "Expression_p305"
	"e306" [label="e"]
	"Expression_p305" -> "e306"
	"]307" [label="]",style=filled,fillcolor=powderblue]
	"Expression_p273" -> "]307"
	"Expression308" [label="Expression"]
	"Expression_p273" -> "Expression308"
	"Term309" [label="Term"]
	"Expression308" -> "Term309"
	"Factor310" [label="Factor"]
	"Term309" -> "Factor310"
	"e311" [label="e"]
	"Factor310" -> "e311"
	"Term_p312" [label="Term_p"]
	"Term309" -> "Term_p312"
	"e313" [label="e"]
	"Term_p312" -> "e313"
	"Expression_p314" [label="Expression_p"]
	"Expression308" -> "Expression_p314"
	"-315" [label="-",style=filled,fillcolor=powderblue]
	"Expression_p314" -> "-315"
	"Expression316" [label="Expression"]
	"Expression_p314" -> "Expression316"
	"Term317" [label="Term"]
	"Expression316" -> "Term317"
	"Factor318" [label="Factor"]
	"Term317" -> "Factor318"
	"num319" [label="num",style=filled,fillcolor=powderblue]
	"Factor318" -> "num319"
	"Power320" [label="Power"]
	"Factor318" -> "Power320"
	"e321" [label="e"]
	"Power320" -> "e321"
	"Term_p322" [label="Term_p"]
	"Term317" -> "Term_p322"
	"e323" [label="e"]
	"Term_p322" -> "e323"
	"Expression_p324" [label="Expression_p"]
	"Expression316" -> "Expression_p324"
	"e325" [label="e"]
	"Expression_p324" -> "e325"
	"Statement326" [label="Statement"]
	"Statements2" -> "Statement326"
	"Label327" [label="Label"]
	"Statement326" -> "Label327"
	"L328" [label="L",style=filled,fillcolor=powderblue]
	"Label327" -> "L328"
	"num329" [label="num",style=filled,fillcolor=powderblue]
	"Label327" -> "num329"
	":330" [label=":",style=filled,fillcolor=powderblue]
	"Label327" -> ":330"
	"Statement331" [label="Statement"]
	"Statements2" -> "Statement331"
	"Assignment332" [label="Assignment"]
	"Statement331" -> "Assignment332"
	"m333" [label="m",style=filled,fillcolor=powderblue]
	"Assignment332" -> "m333"
	"[334" [label="[",style=filled,fillcolor=powderblue]
	"Assignment332" -> "[334"
	"Expression335" [label="Expression"]
	"Assignment332" -> "Expression335"
	"Term336" [label="Term"]
	"Expression335" -> "Term336"
	"Factor337" [label="Factor"]
	"Term336" -> "Factor337"
	"num338" [label="num",style=filled,fillcolor=powderblue]
	"Factor337" -> "num338"
	"Power339" [label="Power"]
	"Factor337" -> "Power339"
	"e340" [label="e"]
	"Power339" -> "e340"
	"Term_p341" [label="Term_p"]
	"Term336" -> "Term_p341"
	"e342" [label="e"]
	"Term_p341" -> "e342"
	"Expression_p343" [label="Expression_p"]
	"Expression335" -> "Expression_p343"
	"e344" [label="e"]
	"Expression_p343" -> "e344"
	"]345" [label="]",style=filled,fillcolor=powderblue]
	"Assignment332" -> "]345"
	"=346" [label="=",style=filled,fillcolor=powderblue]
	"Assignment332" -> "=346"
	"Expression347" [label="Expression"]
	"Assignment332" -> "Expression347"
	"Term348" [label="Term"]
	"Expression347" -> "Term348"
	"Factor349" [label="Factor"]
	"Term348" -> "Factor349"
	"num350" [label="num",style=filled,fillcolor=powderblue]
	"Factor349" -> "num350"
	"Power351" [label="Power"]
	"Factor349" -> "Power351"
	"e352" [label="e"]
	"Power351" -> "e352"
	"Term_p353" [label="Term_p"]
	"Term348" -> "Term_p353"
	"e354" [label="e"]
	"Term_p353" -> "e354"
	"Expression_p355" [label="Expression_p"]
	"Expression347" -> "Expression_p355"
	"-356" [label="-",style=filled,fillcolor=powderblue]
	"Expression_p355" -> "-356"
	"Expression357" [label="Expression"]
	"Expression_p355" -> "Expression357"
	"Term358" [label="Term"]
	"Expression357" -> "Term358"
	"Factor359" [label="Factor"]
	"Term358" -> "Factor359"
	"(360" [label="(",style=filled,fillcolor=powderblue]
	"Factor359" -> "(360"
	"Expression361" [label="Expression"]
	"Factor359" -> "Expression361"
	"Term362" [label="Term"]
	"Expression361" -> "Term362"
	"Factor363" [label="Factor"]
	"Term362" -> "Factor363"
	"e364" [label="e"]
	"Factor363" -> "e364"
	"Term_p365" [label="Term_p"]
	"Term362" -> "Term_p365"
	"e366" [label="e"]
	"Term_p365" -> "e366"
	"Expression_p367" [label="Expression_p"]
	"Expression361" -> "Expression_p367"
	"m368" [label="m",style=filled,fillcolor=powderblue]
	"Expression_p367" -> "m368"
	"[369" [label="[",style=filled,fillcolor=powderblue]
	"Expression_p367" -> "[369"
	"Expression370" [label="Expression"]
	"Expression_p367" -> "Expression370"
	"Term371" [label="Term"]
	"Expression370" -> "Term371"
	"Factor372" [label="Factor"]
	"Term371" -> "Factor372"
	"num373" [label="num",style=filled,fillcolor=powderblue]
	"Factor372" -> "num373"
	"Power374" [label="Power"]
	"Factor372" -> "Power374"
	"e375" [label="e"]
	"Power374" -> "e375"
	"Term_p376" [label="Term_p"]
	"Term371" -> "Term_p376"
	"e377" [label="e"]
	"Term_p376" -> "e377"
	"Expression_p378" [label="Expression_p"]
	"Expression370" -> "Expression_p378"
	"e379" [label="e"]
	"Expression_p378" -> "e379"
	"]380" [label="]",style=filled,fillcolor=powderblue]
	"Expression_p367" -> "]380"
	"Expression381" [label="Expression"]
	"Expression_p367" -> "Expression381"
	"Term382" [label="Term"]
	"Expression381" -> "Term382"
	"Factor383" [label="Factor"]
	"Term382" -> "Factor383"
	"e384" [label="e"]
	"Factor383" -> "e384"
	"Term_p385" [label="Term_p"]
	"Term382" -> "Term_p385"
	"e386" [label="e"]
	"Term_p385" -> "e386"
	"Expression_p387" [label="Expression_p"]
	"Expression381" -> "Expression_p387"
	"-388" [label="-",style=filled,fillcolor=powderblue]
	"Expression_p387" -> "-388"
	"Expression389" [label="Expression"]
	"Expression_p387" -> "Expression389"
	"Term390" [label="Term"]
	"Expression389" -> "Term390"
	"Factor391" [label="Factor"]
	"Term390" -> "Factor391"
	"num392" [label="num",style=filled,fillcolor=powderblue]
	"Factor391" -> "num392"
	"Power393" [label="Power"]
	"Factor391" -> "Power393"
	"e394" [label="e"]
	"Power393" -> "e394"
	"Term_p395" [label="Term_p"]
	"Term390" -> "Term_p395"
	"e396" [label="e"]
	"Term_p395" -> "e396"
	"Expression_p397" [label="Expression_p"]
	"Expression389" -> "Expression_p397"
	"e398" [label="e"]
	"Expression_p397" -> "e398"
	")399" [label=")",style=filled,fillcolor=powderblue]
	"Factor359" -> ")399"
	"Power400" [label="Power"]
	"Factor359" -> "Power400"
	"e401" [label="e"]
	"Power400" -> "e401"
	"Term_p402" [label="Term_p"]
	"Term358" -> "Term_p402"
	"e403" [label="e"]
	"Term_p402" -> "e403"
	"Expression_p404" [label="Expression_p"]
	"Expression357" -> "Expression_p404"
	"e405" [label="e"]
	"Expression_p404" -> "e405"
	"Statement406" [label="Statement"]
	"Statements2" -> "Statement406"
	"Assignment407" [label="Assignment"]
	"Statement406" -> "Assignment407"
	"m408" [label="m",style=filled,fillcolor=powderblue]
	"Assignment407" -> "m408"
	"[409" [label="[",style=filled,fillcolor=powderblue]
	"Assignment407" -> "[409"
	"Expression410" [label="Expression"]
	"Assignment407" -> "Expression410"
	"Term411" [label="Term"]
	"Expression410" -> "Term411"
	"Factor412" [label="Factor"]
	"Term411" -> "Factor412"
	"num413" [label="num",style=filled,fillcolor=powderblue]
	"Factor412" -> "num413"
	"Power414" [label="Power"]
	"Factor412" -> "Power414"
	"e415" [label="e"]
	"Power414" -> "e415"
	"Term_p416" [label="Term_p"]
	"Term411" -> "Term_p416"
	"e417" [label="e"]
	"Term_p416" -> "e417"
	"Expression_p418" [label="Expression_p"]
	"Expression410" -> "Expression_p418"
	"e419" [label="e"]
	"Expression_p418" -> "e419"
	"]420" [label="]",style=filled,fillcolor=powderblue]
	"Assignment407" -> "]420"
	"=421" [label="=",style=filled,fillcolor=powderblue]
	"Assignment407" -> "=421"
	"Expression422" [label="Expression"]
	"Assignment407" -> "Expression422"
	"Term423" [label="Term"]
	"Expression422" -> "Term423"
	"Factor424" [label="Factor"]
	"Term423" -> "Factor424"
	"num425" [label="num",style=filled,fillcolor=powderblue]
	"Factor424" -> "num425"
	"Power426" [label="Power"]
	"Factor424" -> "Power426"
	"e427" [label="e"]
	"Power426" -> "e427"
	"Term_p428" [label="Term_p"]
	"Term423" -> "Term_p428"
	"/429" [label="/",style=filled,fillcolor=powderblue]
	"Term_p428" -> "/429"
	"Term430" [label="Term"]
	"Term_p428" -> "Term430"
	"Factor431" [label="Factor"]
	"Term430" -> "Factor431"
	"num432" [label="num",style=filled,fillcolor=powderblue]
	"Factor431" -> "num432"
	"Power433" [label="Power"]
	"Factor431" -> "Power433"
	"e434" [label="e"]
	"Power433" -> "e434"
	"Term_p435" [label="Term_p"]
	"Term430" -> "Term_p435"
	"*436" [label="*",style=filled,fillcolor=powderblue]
	"Term_p435" -> "*436"
	"Term437" [label="Term"]
	"Term_p435" -> "Term437"
	"Factor438" [label="Factor"]
	"Term437" -> "Factor438"
	"num439" [label="num",style=filled,fillcolor=powderblue]
	"Factor438" -> "num439"
	"Power440" [label="Power"]
	"Factor438" -> "Power440"
	"e441" [label="e"]
	"Power440" -> "e441"
	"Term_p442" [label="Term_p"]
	"Term437" -> "Term_p442"
	"e443" [label="e"]
	"Term_p442" -> "e443"
	"Expression_p444" [label="Expression_p"]
	"Expression422" -> "Expression_p444"
	"e445" [label="e"]
	"Expression_p444" -> "e445"
	"Statement446" [label="Statement"]
	"Statements2" -> "Statement446"
	"Assignment447" [label="Assignment"]
	"Statement446" -> "Assignment447"
	"m448" [label="m",style=filled,fillcolor=powderblue]
	"Assignment447" -> "m448"
	"[449" [label="[",style=filled,fillcolor=powderblue]
	"Assignment447" -> "[449"
	"Expression450" [label="Expression"]
	"Assignment447" -> "Expression450"
	"Term451" [label="Term"]
	"Expression450" -> "Term451"
	"Factor452" [label="Factor"]
	"Term451" -> "Factor452"
	"num453" [label="num",style=filled,fillcolor=powderblue]
	"Factor452" -> "num453"
	"Power454" [label="Power"]
	"Factor452" -> "Power454"
	"e455" [label="e"]
	"Power454" -> "e455"
	"Term_p456" [label="Term_p"]
	"Term451" -> "Term_p456"
	"e457" [label="e"]
	"Term_p456" -> "e457"
	"Expression_p458" [label="Expression_p"]
	"Expression450" -> "Expression_p458"
	"e459" [label="e"]
	"Expression_p458" -> "e459"
	"]460" [label="]",style=filled,fillcolor=powderblue]
	"Assignment447" -> "]460"
	"=461" [label="=",style=filled,fillcolor=powderblue]
	"Assignment447" -> "=461"
	"Expression462" [label="Expression"]
	"Assignment447" -> "Expression462"
	"Term463" [label="Term"]
	"Expression462" -> "Term463"
	"Factor464" [label="Factor"]
	"Term463" -> "Factor464"
	"num465" [label="num",style=filled,fillcolor=powderblue]
	"Factor464" -> "num465"
	"Power466" [label="Power"]
	"Factor464" -> "Power466"
	"e467" [label="e"]
	"Power466" -> "e467"
	"Term_p468" [label="Term_p"]
	"Term463" -> "Term_p468"
	"e469" [label="e"]
	"Term_p468" -> "e469"
	"Expression_p470" [label="Expression_p"]
	"Expression462" -> "Expression_p470"
	"+471" [label="+",style=filled,fillcolor=powderblue]
	"Expression_p470" -> "+471"
	"Expression472" [label="Expression"]
	"Expression_p470" -> "Expression472"
	"Term473" [label="Term"]
	"Expression472" -> "Term473"
	"Factor474" [label="Factor"]
	"Term473" -> "Factor474"
	"e475" [label="e"]
	"Factor474" -> "e475"
	"Term_p476" [label="Term_p"]
	"Term473" -> "Term_p476"
	"e477" [label="e"]
	"Term_p476" -> "e477"
	"Expression_p478" [label="Expression_p"]
	"Expression472" -> "Expression_p478"
	"m479" [label="m",style=filled,fillcolor=powderblue]
	"Expression_p478" -> "m479"
	"[480" [label="[",style=filled,fillcolor=powderblue]
	"Expression_p478" -> "[480"
	"Expression481" [label="Expression"]
	"Expression_p478" -> "Expression481"
	"Term482" [label="Term"]
	"Expression481" -> "Term482"
	"Factor483" [label="Factor"]
	"Term482" -> "Factor483"
	"num484" [label="num",style=filled,fillcolor=powderblue]
	"Factor483" -> "num484"
	"Power485" [label="Power"]
	"Factor483" -> "Power485"
	"e486" [label="e"]
	"Power485" -> "e486"
	"Term_p487" [label="Term_p"]
	"Term482" -> "Term_p487"
	"e488" [label="e"]
	"Term_p487" -> "e488"
	"Expression_p489" [label="Expression_p"]
	"Expression481" -> "Expression_p489"
	"e490" [label="e"]
	"Expression_p489" -> "e490"
	"]491" [label="]",style=filled,fillcolor=powderblue]
	"Expression_p478" -> "]491"
	"Expression492" [label="Expression"]
	"Expression_p478" -> "Expression492"
	"Statement493" [label="Statement"]
	"Statements2" -> "Statement493"
	"Assignment494" [label="Assignment"]
	"Statement493" -> "Assignment494"
	"m495" [label="m",style=filled,fillcolor=powderblue]
	"Assignment494" -> "m495"
	"[496" [label="[",style=filled,fillcolor=powderblue]
	"Assignment494" -> "[496"
	"Expression497" [label="Expression"]
	"Assignment494" -> "Expression497"
	"Term498" [label="Term"]
	"Expression497" -> "Term498"
	"Factor499" [label="Factor"]
	"Term498" -> "Factor499"
	"num500" [label="num",style=filled,fillcolor=powderblue]
	"Factor499" -> "num500"
	"Power501" [label="Power"]
	"Factor499" -> "Power501"
	"e502" [label="e"]
	"Power501" -> "e502"
	"Term_p503" [label="Term_p"]
	"Term498" -> "Term_p503"
	"e504" [label="e"]
	"Term_p503" -> "e504"
	"Expression_p505" [label="Expression_p"]
	"Expression497" -> "Expression_p505"
	"e506" [label="e"]
	"Expression_p505" -> "e506"
	"]507" [label="]",style=filled,fillcolor=powderblue]
	"Assignment494" -> "]507"
	"=508" [label="=",style=filled,fillcolor=powderblue]
	"Assignment494" -> "=508"
	"Expression509" [label="Expression"]
	"Assignment494" -> "Expression509"
	"Term510" [label="Term"]
	"Expression509" -> "Term510"
	"Factor511" [label="Factor"]
	"Term510" -> "Factor511"
	"num512" [label="num",style=filled,fillcolor=powderblue]
	"Factor511" -> "num512"
	"Power513" [label="Power"]
	"Factor511" -> "Power513"
	"e514" [label="e"]
	"Power513" -> "e514"
	"Term_p515" [label="Term_p"]
	"Term510" -> "Term_p515"
	"e516" [label="e"]
	"Term_p515" -> "e516"
	"Expression_p517" [label="Expression_p"]
	"Expression509" -> "Expression_p517"
	"-518" [label="-",style=filled,fillcolor=powderblue]
	"Expression_p517" -> "-518"
	"Expression519" [label="Expression"]
	"Expression_p517" -> "Expression519"
	"Term520" [label="Term"]
	"Expression519" -> "Term520"
	"Factor521" [label="Factor"]
	"Term520" -> "Factor521"
	"e522" [label="e"]
	"Factor521" -> "e522"
	"Term_p523" [label="Term_p"]
	"Term520" -> "Term_p523"
	"e524" [label="e"]
	"Term_p523" -> "e524"
	"Expression_p525" [label="Expression_p"]
	"Expression519" -> "Expression_p525"
	"m526" [label="m",style=filled,fillcolor=powderblue]
	"Expression_p525" -> "m526"
	"[527" [label="[",style=filled,fillcolor=powderblue]
	"Expression_p525" -> "[527"
	"Expression528" [label="Expression"]
	"Expression_p525" -> "Expression528"
	"Term529" [label="Term"]
	"Expression528" -> "Term529"
	"Factor530" [label="Factor"]
	"Term529" -> "Factor530"
	"num531" [label="num",style=filled,fillcolor=powderblue]
	"Factor530" -> "num531"
	"Power532" [label="Power"]
	"Factor530" -> "Power532"
	"e533" [label="e"]
	"Power532" -> "e533"
	"Term_p534" [label="Term_p"]
	"Term529" -> "Term_p534"
	"e535" [label="e"]
	"Term_p534" -> "e535"
	"Expression_p536" [label="Expression_p"]
	"Expression528" -> "Expression_p536"
	"-537" [label="-",style=filled,fillcolor=powderblue]
	"Expression_p536" -> "-537"
	"Expression538" [label="Expression"]
	"Expression_p536" -> "Expression538"
	"Term539" [label="Term"]
	"Expression538" -> "Term539"
	"Factor540" [label="Factor"]
	"Term539" -> "Factor540"
	"num541" [label="num",style=filled,fillcolor=powderblue]
	"Factor540" -> "num541"
	"Power542" [label="Power"]
	"Factor540" -> "Power542"
	"e543" [label="e"]
	"Power542" -> "e543"
	"Term_p544" [label="Term_p"]
	"Term539" -> "Term_p544"
	"e545" [label="e"]
	"Term_p544" -> "e545"
	"Expression_p546" [label="Expression_p"]
	"Expression538" -> "Expression_p546"
	"e547" [label="e"]
	"Expression_p546" -> "e547"
	"]548" [label="]",style=filled,fillcolor=powderblue]
	"Expression_p525" -> "]548"
	"Expression549" [label="Expression"]
	"Expression_p525" -> "Expression549"
	"Statement550" [label="Statement"]
	"Statements2" -> "Statement550"
	"Assignment551" [label="Assignment"]
	"Statement550" -> "Assignment551"
	"m552" [label="m",style=filled,fillcolor=powderblue]
	"Assignment551" -> "m552"
	"[553" [label="[",style=filled,fillcolor=powderblue]
	"Assignment551" -> "[553"
	"Expression554" [label="Expression"]
	"Assignment551" -> "Expression554"
	"Term555" [label="Term"]
	"Expression554" -> "Term555"
	"Factor556" [label="Factor"]
	"Term555" -> "Factor556"
	"num557" [label="num",style=filled,fillcolor=powderblue]
	"Factor556" -> "num557"
	"Power558" [label="Power"]
	"Factor556" -> "Power558"
	"e559" [label="e"]
	"Power558" -> "e559"
	"Term_p560" [label="Term_p"]
	"Term555" -> "Term_p560"
	"e561" [label="e"]
	"Term_p560" -> "e561"
	"Expression_p562" [label="Expression_p"]
	"Expression554" -> "Expression_p562"
	"e563" [label="e"]
	"Expression_p562" -> "e563"
	"]564" [label="]",style=filled,fillcolor=powderblue]
	"Assignment551" -> "]564"
	"=565" [label="=",style=filled,fillcolor=powderblue]
	"Assignment551" -> "=565"
	"Expression566" [label="Expression"]
	"Assignment551" -> "Expression566"
	"Term567" [label="Term"]
	"Expression566" -> "Term567"
	"Factor568" [label="Factor"]
	"Term567" -> "Factor568"
	"num569" [label="num",style=filled,fillcolor=powderblue]
	"Factor568" -> "num569"
	"Power570" [label="Power"]
	"Factor568" -> "Power570"
	"e571" [label="e"]
	"Power570" -> "e571"
	"Term_p572" [label="Term_p"]
	"Term567" -> "Term_p572"
	"e573" [label="e"]
	"Term_p572" -> "e573"
	"Expression_p574" [label="Expression_p"]
	"Expression566" -> "Expression_p574"
	"-575" [label="-",style=filled,fillcolor=powderblue]
	"Expression_p574" -> "-575"
	"Expression576" [label="Expression"]
	"Expression_p574" -> "Expression576"
	"Term577" [label="Term"]
	"Expression576" -> "Term577"
	"Factor578" [label="Factor"]
	"Term577" -> "Factor578"
	"(579" [label="(",style=filled,fillcolor=powderblue]
	"Factor578" -> "(579"
	"Expression580" [label="Expression"]
	"Factor578" -> "Expression580"
	"Term581" [label="Term"]
	"Expression580" -> "Term581"
	"Factor582" [label="Factor"]
	"Term581" -> "Factor582"
	"num583" [label="num",style=filled,fillcolor=powderblue]
	"Factor582" -> "num583"
	"Power584" [label="Power"]
	"Factor582" -> "Power584"
	"e585" [label="e"]
	"Power584" -> "e585"
	"Term_p586" [label="Term_p"]
	"Term581" -> "Term_p586"
	"e587" [label="e"]
	"Term_p586" -> "e587"
	"Expression_p588" [label="Expression_p"]
	"Expression580" -> "Expression_p588"
	"-589" [label="-",style=filled,fillcolor=powderblue]
	"Expression_p588" -> "-589"
	"Expression590" [label="Expression"]
	"Expression_p588" -> "Expression590"
	"Term591" [label="Term"]
	"Expression590" -> "Term591"
	"Factor592" [label="Factor"]
	"Term591" -> "Factor592"
	"num593" [label="num",style=filled,fillcolor=powderblue]
	"Factor592" -> "num593"
	"Power594" [label="Power"]
	"Factor592" -> "Power594"
	"e595" [label="e"]
	"Power594" -> "e595"
	"Term_p596" [label="Term_p"]
	"Term591" -> "Term_p596"
	"e597" [label="e"]
	"Term_p596" -> "e597"
	"Expression_p598" [label="Expression_p"]
	"Expression590" -> "Expression_p598"
	"e599" [label="e"]
	"Expression_p598" -> "e599"
	")600" [label=")",style=filled,fillcolor=powderblue]
	"Factor578" -> ")600"
	"Power601" [label="Power"]
	"Factor578" -> "Power601"
	"e602" [label="e"]
	"Power601" -> "e602"
	"Term_p603" [label="Term_p"]
	"Term577" -> "Term_p603"
	"e604" [label="e"]
	"Term_p603" -> "e604"
	"Expression_p605" [label="Expression_p"]
	"Expression576" -> "Expression_p605"
	"e606" [label="e"]
	"Expression_p605" -> "e606"
	"Statement607" [label="Statement"]
	"Statements2" -> "Statement607"
	"Assignment608" [label="Assignment"]
	"Statement607" -> "Assignment608"
	"m609" [label="m",style=filled,fillcolor=powderblue]
	"Assignment608" -> "m609"
	"[610" [label="[",style=filled,fillcolor=powderblue]
	"Assignment608" -> "[610"
	"Expression611" [label="Expression"]
	"Assignment608" -> "Expression611"
	"Term612" [label="Term"]
	"Expression611" -> "Term612"
	"Factor613" [label="Factor"]
	"Term612" -> "Factor613"
	"num614" [label="num",style=filled,fillcolor=powderblue]
	"Factor613" -> "num614"
	"Power615" [label="Power"]
	"Factor613" -> "Power615"
	"e616" [label="e"]
	"Power615" -> "e616"
	"Term_p617" [label="Term_p"]
	"Term612" -> "Term_p617"
	"e618" [label="e"]
	"Term_p617" -> "e618"
	"Expression_p619" [label="Expression_p"]
	"Expression611" -> "Expression_p619"
	"e620" [label="e"]
	"Expression_p619" -> "e620"
	"]621" [label="]",style=filled,fillcolor=powderblue]
	"Assignment608" -> "]621"
	"=622" [label="=",style=filled,fillcolor=powderblue]
	"Assignment608" -> "=622"
	"Expression623" [label="Expression"]
	"Assignment608" -> "Expression623"
	"Term624" [label="Term"]
	"Expression623" -> "Term624"
	"Factor625" [label="Factor"]
	"Term624" -> "Factor625"
	"num626" [label="num",style=filled,fillcolor=powderblue]
	"Factor625" -> "num626"
	"Power627" [label="Power"]
	"Factor625" -> "Power627"
	"e628" [label="e"]
	"Power627" -> "e628"
	"Term_p629" [label="Term_p"]
	"Term624" -> "Term_p629"
	"e630" [label="e"]
	"Term_p629" -> "e630"
	"Expression_p631" [label="Expression_p"]
	"Expression623" -> "Expression_p631"
	"-632" [label="-",style=filled,fillcolor=powderblue]
	"Expression_p631" -> "-632"
	"Expression633" [label="Expression"]
	"Expression_p631" -> "Expression633"
	"Term634" [label="Term"]
	"Expression633" -> "Term634"
	"Factor635" [label="Factor"]
	"Term634" -> "Factor635"
	"e636" [label="e"]
	"Factor635" -> "e636"
	"Term_p637" [label="Term_p"]
	"Term634" -> "Term_p637"
	"e638" [label="e"]
	"Term_p637" -> "e638"
	"Expression_p639" [label="Expression_p"]
	"Expression633" -> "Expression_p639"
	"m640" [label="m",style=filled,fillcolor=powderblue]
	"Expression_p639" -> "m640"
	"[641" [label="[",style=filled,fillcolor=powderblue]
	"Expression_p639" -> "[641"
	"Expression642" [label="Expression"]
	"Expression_p639" -> "Expression642"
	"Term643" [label="Term"]
	"Expression642" -> "Term643"
	"Factor644" [label="Factor"]
	"Term643" -> "Factor644"
	"(645" [label="(",style=filled,fillcolor=powderblue]
	"Factor644" -> "(645"
	"Expression646" [label="Expression"]
	"Factor644" -> "Expression646"
	"Term647" [label="Term"]
	"Expression646" -> "Term647"
	"Factor648" [label="Factor"]
	"Term647" -> "Factor648"
	"num649" [label="num",style=filled,fillcolor=powderblue]
	"Factor648" -> "num649"
	"Power650" [label="Power"]
	"Factor648" -> "Power650"
	"e651" [label="e"]
	"Power650" -> "e651"
	"Term_p652" [label="Term_p"]
	"Term647" -> "Term_p652"
	"e653" [label="e"]
	"Term_p652" -> "e653"
	"Expression_p654" [label="Expression_p"]
	"Expression646" -> "Expression_p654"
	"-655" [label="-",style=filled,fillcolor=powderblue]
	"Expression_p654" -> "-655"
	"Expression656" [label="Expression"]
	"Expression_p654" -> "Expression656"
	"Term657" [label="Term"]
	"Expression656" -> "Term657"
	"Factor658" [label="Factor"]
	"Term657" -> "Factor658"
	"num659" [label="num",style=filled,fillcolor=powderblue]
	"Factor658" -> "num659"
	"Power660" [label="Power"]
	"Factor658" -> "Power660"
	"e661" [label="e"]
	"Power660" -> "e661"
	"Term_p662" [label="Term_p"]
	"Term657" -> "Term_p662"
	"e663" [label="e"]
	"Term_p662" -> "e663"
	"Expression_p664" [label="Expression_p"]
	"Expression656" -> "Expression_p664"
	"e665" [label="e"]
	"Expression_p664" -> "e665"
	")666" [label=")",style=filled,fillcolor=powderblue]
	"Factor644" -> ")666"
	"Power667" [label="Power"]
	"Factor644" -> "Power667"
	"e668" [label="e"]
	"Power667" -> "e668"
	"Term_p669" [label="Term_p"]
	"Term643" -> "Term_p669"
	"e670" [label="e"]
	"Term_p669" -> "e670"
	"Expression_p671" [label="Expression_p"]
	"Expression642" -> "Expression_p671"
	"e672" [label="e"]
	"Expression_p671" -> "e672"
	"]673" [label="]",style=filled,fillcolor=powderblue]
	"Expression_p639" -> "]673"
	"Expression674" [label="Expression"]
	"Expression_p639" -> "Expression674"
	"Statement675" [label="Statement"]
	"Statements2" -> "Statement675"
	"Print676" [label="Print"]
	"Statement675" -> "Print676"
	"print677" [label="print",style=filled,fillcolor=powderblue]
	"Print676" -> "print677"
	"Expression678" [label="Expression"]
	"Print676" -> "Expression678"
	"Term679" [label="Term"]
	"Expression678" -> "Term679"
	"Factor680" [label="Factor"]
	"Term679" -> "Factor680"
	"e681" [label="e"]
	"Factor680" -> "e681"
	"Term_p682" [label="Term_p"]
	"Term679" -> "Term_p682"
	"e683" [label="e"]
	"Term_p682" -> "e683"
	"Expression_p684" [label="Expression_p"]
	"Expression678" -> "Expression_p684"
	"m685" [label="m",style=filled,fillcolor=powderblue]
	"Expression_p684" -> "m685"
	"[686" [label="[",style=filled,fillcolor=powderblue]
	"Expression_p684" -> "[686"
	"Expression687" [label="Expression"]
	"Expression_p684" -> "Expression687"
	"Term688" [label="Term"]
	"Expression687" -> "Term688"
	"Factor689" [label="Factor"]
	"Term688" -> "Factor689"
	"num690" [label="num",style=filled,fillcolor=powderblue]
	"Factor689" -> "num690"
	"Power691" [label="Power"]
	"Factor689" -> "Power691"
	"e692" [label="e"]
	"Power691" -> "e692"
	"Term_p693" [label="Term_p"]
	"Term688" -> "Term_p693"
	"e694" [label="e"]
	"Term_p693" -> "e694"
	"Expression_p695" [label="Expression_p"]
	"Expression687" -> "Expression_p695"
	"e696" [label="e"]
	"Expression_p695" -> "e696"
	"]697" [label="]",style=filled,fillcolor=powderblue]
	"Expression_p684" -> "]697"
	"Expression698" [label="Expression"]
	"Expression_p684" -> "Expression698"
	"Statement699" [label="Statement"]
	"Statements2" -> "Statement699"
	"Jump700" [label="Jump"]
	"Statement699" -> "Jump700"
	"goto701" [label="goto",style=filled,fillcolor=powderblue]
	"Jump700" -> "goto701"
	"num702" [label="num",style=filled,fillcolor=powderblue]
	"Jump700" -> "num702"
	"Jump_p703" [label="Jump_p"]
	"Jump700" -> "Jump_p703"
	"if704" [label="if",style=filled,fillcolor=powderblue]
	"Jump_p703" -> "if704"
	"Expression705" [label="Expression"]
	"Jump_p703" -> "Expression705"
	"Term706" [label="Term"]
	"Expression705" -> "Term706"
	"Factor707" [label="Factor"]
	"Term706" -> "Factor707"
	"e708" [label="e"]
	"Factor707" -> "e708"
	"Term_p709" [label="Term_p"]
	"Term706" -> "Term_p709"
	"e710" [label="e"]
	"Term_p709" -> "e710"
	"Expression_p711" [label="Expression_p"]
	"Expression705" -> "Expression_p711"
	"m712" [label="m",style=filled,fillcolor=powderblue]
	"Expression_p711" -> "m712"
	"[713" [label="[",style=filled,fillcolor=powderblue]
	"Expression_p711" -> "[713"
	"Expression714" [label="Expression"]
	"Expression_p711" -> "Expression714"
	"Term715" [label="Term"]
	"Expression714" -> "Term715"
	"Factor716" [label="Factor"]
	"Term715" -> "Factor716"
	"num717" [label="num",style=filled,fillcolor=powderblue]
	"Factor716" -> "num717"
	"Power718" [label="Power"]
	"Factor716" -> "Power718"
	"e719" [label="e"]
	"Power718" -> "e719"
	"Term_p720" [label="Term_p"]
	"Term715" -> "Term_p720"
	"e721" [label="e"]
	"Term_p720" -> "e721"
	"Expression_p722" [label="Expression_p"]
	"Expression714" -> "Expression_p722"
	"e723" [label="e"]
	"Expression_p722" -> "e723"
	"]724" [label="]",style=filled,fillcolor=powderblue]
	"Expression_p711" -> "]724"
	"Expression725" [label="Expression"]
	"Expression_p711" -> "Expression725"
	"Statement726" [label="Statement"]
	"Statements2" -> "Statement726"
	"Print727" [label="Print"]
	"Statement726" -> "Print727"
	"print728" [label="print",style=filled,fillcolor=powderblue]
	"Print727" -> "print728"
	"Expression729" [label="Expression"]
	"Print727" -> "Expression729"
	"Term730" [label="Term"]
	"Expression729" -> "Term730"
	"Factor731" [label="Factor"]
	"Term730" -> "Factor731"
	"e732" [label="e"]
	"Factor731" -> "e732"
	"Term_p733" [label="Term_p"]
	"Term730" -> "Term_p733"
	"e734" [label="e"]
	"Term_p733" -> "e734"
	"Expression_p735" [label="Expression_p"]
	"Expression729" -> "Expression_p735"
	"m736" [label="m",style=filled,fillcolor=powderblue]
	"Expression_p735" -> "m736"
	"[737" [label="[",style=filled,fillcolor=powderblue]
	"Expression_p735" -> "[737"
	"Expression738" [label="Expression"]
	"Expression_p735" -> "Expression738"
	"Term739" [label="Term"]
	"Expression738" -> "Term739"
	"Factor740" [label="Factor"]
	"Term739" -> "Factor740"
	"num741" [label="num",style=filled,fillcolor=powderblue]
	"Factor740" -> "num741"
	"Power742" [label="Power"]
	"Factor740" -> "Power742"
	"e743" [label="e"]
	"Power742" -> "e743"
	"Term_p744" [label="Term_p"]
	"Term739" -> "Term_p744"
	"e745" [label="e"]
	"Term_p744" -> "e745"
	"Expression_p746" [label="Expression_p"]
	"Expression738" -> "Expression_p746"
	"e747" [label="e"]
	"Expression_p746" -> "e747"
	"]748" [label="]",style=filled,fillcolor=powderblue]
	"Expression_p735" -> "]748"
	"Expression749" [label="Expression"]
	"Expression_p735" -> "Expression749"
	"Statement750" [label="Statement"]
	"Statements2" -> "Statement750"
	"Jump751" [label="Jump"]
	"Statement750" -> "Jump751"
	"goto752" [label="goto",style=filled,fillcolor=powderblue]
	"Jump751" -> "goto752"
	"num753" [label="num",style=filled,fillcolor=powderblue]
	"Jump751" -> "num753"
	"Jump_p754" [label="Jump_p"]
	"Jump751" -> "Jump_p754"
	"e755" [label="e"]
	"Jump_p754" -> "e755"
	"Statement756" [label="Statement"]
	"Statements2" -> "Statement756"
	"Print757" [label="Print"]
	"Statement756" -> "Print757"
	"print758" [label="print",style=filled,fillcolor=powderblue]
	"Print757" -> "print758"
	"Expression759" [label="Expression"]
	"Print757" -> "Expression759"
	"Term760" [label="Term"]
	"Expression759" -> "Term760"
	"Factor761" [label="Factor"]
	"Term760" -> "Factor761"
	"e762" [label="e"]
	"Factor761" -> "e762"
	"Term_p763" [label="Term_p"]
	"Term760" -> "Term_p763"
	"e764" [label="e"]
	"Term_p763" -> "e764"
	"Expression_p765" [label="Expression_p"]
	"Expression759" -> "Expression_p765"
	"m766" [label="m",style=filled,fillcolor=powderblue]
	"Expression_p765" -> "m766"
	"[767" [label="[",style=filled,fillcolor=powderblue]
	"Expression_p765" -> "[767"
	"Expression768" [label="Expression"]
	"Expression_p765" -> "Expression768"
	"Term769" [label="Term"]
	"Expression768" -> "Term769"
	"Factor770" [label="Factor"]
	"Term769" -> "Factor770"
	"num771" [label="num",style=filled,fillcolor=powderblue]
	"Factor770" -> "num771"
	"Power772" [label="Power"]
	"Factor770" -> "Power772"
	"e773" [label="e"]
	"Power772" -> "e773"
	"Term_p774" [label="Term_p"]
	"Term769" -> "Term_p774"
	"e775" [label="e"]
	"Term_p774" -> "e775"
	"Expression_p776" [label="Expression_p"]
	"Expression768" -> "Expression_p776"
	"e777" [label="e"]
	"Expression_p776" -> "e777"
	"]778" [label="]",style=filled,fillcolor=powderblue]
	"Expression_p765" -> "]778"
	"Expression779" [label="Expression"]
	"Expression_p765" -> "Expression779"
	"Statement780" [label="Statement"]
	"Statements2" -> "Statement780"
	"Label781" [label="Label"]
	"Statement780" -> "Label781"
	"L782" [label="L",style=filled,fillcolor=powderblue]
	"Label781" -> "L782"
	"num783" [label="num",style=filled,fillcolor=powderblue]
	"Label781" -> "num783"
	":784" [label=":",style=filled,fillcolor=powderblue]
	"Label781" -> ":784"
	"Statement785" [label="Statement"]
	"Statements2" -> "Statement785"
	"Print786" [label="Print"]
	"Statement785" -> "Print786"
	"print787" [label="print",style=filled,fillcolor=powderblue]
	"Print786" -> "print787"
	"Expression788" [label="Expression"]
	"Print786" -> "Expression788"
	"Term789" [label="Term"]
	"Expression788" -> "Term789"
	"Factor790" [label="Factor"]
	"Term789" -> "Factor790"
	"e791" [label="e"]
	"Factor790" -> "e791"
	"Term_p792" [label="Term_p"]
	"Term789" -> "Term_p792"
	"e793" [label="e"]
	"Term_p792" -> "e793"
	"Expression_p794" [label="Expression_p"]
	"Expression788" -> "Expression_p794"
	"m795" [label="m",style=filled,fillcolor=powderblue]
	"Expression_p794" -> "m795"
	"[796" [label="[",style=filled,fillcolor=powderblue]
	"Expression_p794" -> "[796"
	"Expression797" [label="Expression"]
	"Expression_p794" -> "Expression797"
	"Term798" [label="Term"]
	"Expression797" -> "Term798"
	"Factor799" [label="Factor"]
	"Term798" -> "Factor799"
	"num800" [label="num",style=filled,fillcolor=powderblue]
	"Factor799" -> "num800"
	"Power801" [label="Power"]
	"Factor799" -> "Power801"
	"e802" [label="e"]
	"Power801" -> "e802"
	"Term_p803" [label="Term_p"]
	"Term798" -> "Term_p803"
	"e804" [label="e"]
	"Term_p803" -> "e804"
	"Expression_p805" [label="Expression_p"]
	"Expression797" -> "Expression_p805"
	"e806" [label="e"]
	"Expression_p805" -> "e806"
	"]807" [label="]",style=filled,fillcolor=powderblue]
	"Expression_p794" -> "]807"
	"Expression808" [label="Expression"]
	"Expression_p794" -> "Expression808"
	"Statement809" [label="Statement"]
	"Statements2" -> "Statement809"
	"Assignment810" [label="Assignment"]
	"Statement809" -> "Assignment810"
	"m811" [label="m",style=filled,fillcolor=powderblue]
	"Assignment810" -> "m811"
	"[812" [label="[",style=filled,fillcolor=powderblue]
	"Assignment810" -> "[812"
	"Expression813" [label="Expression"]
	"Assignment810" -> "Expression813"
	"Term814" [label="Term"]
	"Expression813" -> "Term814"
	"Factor815" [label="Factor"]
	"Term814" -> "Factor815"
	"num816" [label="num",style=filled,fillcolor=powderblue]
	"Factor815" -> "num816"
	"Power817" [label="Power"]
	"Factor815" -> "Power817"
	"e818" [label="e"]
	"Power817" -> "e818"
	"Term_p819" [label="Term_p"]
	"Term814" -> "Term_p819"
	"e820" [label="e"]
	"Term_p819" -> "e820"
	"Expression_p821" [label="Expression_p"]
	"Expression813" -> "Expression_p821"
	"e822" [label="e"]
	"Expression_p821" -> "e822"
	"]823" [label="]",style=filled,fillcolor=powderblue]
	"Assignment810" -> "]823"
	"=824" [label="=",style=filled,fillcolor=powderblue]
	"Assignment810" -> "=824"
	"Expression825" [label="Expression"]
	"Assignment810" -> "Expression825"
	"Term826" [label="Term"]
	"Expression825" -> "Term826"
	"Factor827" [label="Factor"]
	"Term826" -> "Factor827"
	"num828" [label="num",style=filled,fillcolor=powderblue]
	"Factor827" -> "num828"
	"Power829" [label="Power"]
	"Factor827" -> "Power829"
	"e830" [label="e"]
	"Power829" -> "e830"
	"Term_p831" [label="Term_p"]
	"Term826" -> "Term_p831"
	"/832" [label="/",style=filled,fillcolor=powderblue]
	"Term_p831" -> "/832"
	"Term833" [label="Term"]
	"Term_p831" -> "Term833"
	"Factor834" [label="Factor"]
	"Term833" -> "Factor834"
	"num835" [label="num",style=filled,fillcolor=powderblue]
	"Factor834" -> "num835"
	"Power836" [label="Power"]
	"Factor834" -> "Power836"
	"e837" [label="e"]
	"Power836" -> "e837"
	"Term_p838" [label="Term_p"]
	"Term833" -> "Term_p838"
	"*839" [label="*",style=filled,fillcolor=powderblue]
	"Term_p838" -> "*839"
	"Term840" [label="Term"]
	"Term_p838" -> "Term840"
	"Factor841" [label="Factor"]
	"Term840" -> "Factor841"
	"num842" [label="num",style=filled,fillcolor=powderblue]
	"Factor841" -> "num842"
	"Power843" [label="Power"]
	"Factor841" -> "Power843"
	"e844" [label="e"]
	"Power843" -> "e844"
	"Term_p845" [label="Term_p"]
	"Term840" -> "Term_p845"
	"e846" [label="e"]
	"Term_p845" -> "e846"
	"Expression_p847" [label="Expression_p"]
	"Expression825" -> "Expression_p847"
	"e848" [label="e"]
	"Expression_p847" -> "e848"
	"Statement849" [label="Statement"]
	"Statements2" -> "Statement849"
	"Assignment850" [label="Assignment"]
	"Statement849" -> "Assignment850"
	"m851" [label="m",style=filled,fillcolor=powderblue]
	"Assignment850" -> "m851"
	"[852" [label="[",style=filled,fillcolor=powderblue]
	"Assignment850" -> "[852"
	"Expression853" [label="Expression"]
	"Assignment850" -> "Expression853"
	"Term854" [label="Term"]
	"Expression853" -> "Term854"
	"Factor855" [label="Factor"]
	"Term854" -> "Factor855"
	"num856" [label="num",style=filled,fillcolor=powderblue]
	"Factor855" -> "num856"
	"Power857" [label="Power"]
	"Factor855" -> "Power857"
	"e858" [label="e"]
	"Power857" -> "e858"
	"Term_p859" [label="Term_p"]
	"Term854" -> "Term_p859"
	"e860" [label="e"]
	"Term_p859" -> "e860"
	"Expression_p861" [label="Expression_p"]
	"Expression853" -> "Expression_p861"
	"e862" [label="e"]
	"Expression_p861" -> "e862"
	"]863" [label="]",style=filled,fillcolor=powderblue]
	"Assignment850" -> "]863"
	"=864" [label="=",style=filled,fillcolor=powderblue]
	"Assignment850" -> "=864"
	"Expression865" [label="Expression"]
	"Assignment850" -> "Expression865"
	"Term866" [label="Term"]
	"Expression865" -> "Term866"
	"Factor867" [label="Factor"]
	"Term866" -> "Factor867"
	"num868" [label="num",style=filled,fillcolor=powderblue]
	"Factor867" -> "num868"
	"Power869" [label="Power"]
	"Factor867" -> "Power869"
	"e870" [label="e"]
	"Power869" -> "e870"
	"Term_p871" [label="Term_p"]
	"Term866" -> "Term_p871"
	"e872" [label="e"]
	"Term_p871" -> "e872"
	"Expression_p873" [label="Expression_p"]
	"Expression865" -> "Expression_p873"
	"+874" [label="+",style=filled,fillcolor=powderblue]
	"Expression_p873" -> "+874"
	"Expression875" [label="Expression"]
	"Expression_p873" -> "Expression875"
	"Term876" [label="Term"]
	"Expression875" -> "Term876"
	"Factor877" [label="Factor"]
	"Term876" -> "Factor877"
	"num878" [label="num",style=filled,fillcolor=powderblue]
	"Factor877" -> "num878"
	"Power879" [label="Power"]
	"Factor877" -> "Power879"
	"e880" [label="e"]
	"Power879" -> "e880"
	"Term_p881" [label="Term_p"]
	"Term876" -> "Term_p881"
	"e882" [label="e"]
	"Term_p881" -> "e882"
	"Expression_p883" [label="Expression_p"]
	"Expression875" -> "Expression_p883"
	"e884" [label="e"]
	"Expression_p883" -> "e884"
	"Statement885" [label="Statement"]
	"Statements2" -> "Statement885"
	"Assignment886" [label="Assignment"]
	"Statement885" -> "Assignment886"
	"m887" [label="m",style=filled,fillcolor=powderblue]
	"Assignment886" -> "m887"
	"[888" [label="[",style=filled,fillcolor=powderblue]
	"Assignment886" -> "[888"
	"Expression889" [label="Expression"]
	"Assignment886" -> "Expression889"
	"Term890" [label="Term"]
	"Expression889" -> "Term890"
	"Factor891" [label="Factor"]
	"Term890" -> "Factor891"
	"num892" [label="num",style=filled,fillcolor=powderblue]
	"Factor891" -> "num892"
	"Power893" [label="Power"]
	"Factor891" -> "Power893"
	"e894" [label="e"]
	"Power893" -> "e894"
	"Term_p895" [label="Term_p"]
	"Term890" -> "Term_p895"
	"e896" [label="e"]
	"Term_p895" -> "e896"
	"Expression_p897" [label="Expression_p"]
	"Expression889" -> "Expression_p897"
	"e898" [label="e"]
	"Expression_p897" -> "e898"
	"]899" [label="]",style=filled,fillcolor=powderblue]
	"Assignment886" -> "]899"
	"=900" [label="=",style=filled,fillcolor=powderblue]
	"Assignment886" -> "=900"
	"Expression901" [label="Expression"]
	"Assignment886" -> "Expression901"
	"Term902" [label="Term"]
	"Expression901" -> "Term902"
	"Factor903" [label="Factor"]
	"Term902" -> "Factor903"
	"num904" [label="num",style=filled,fillcolor=powderblue]
	"Factor903" -> "num904"
	"Power905" [label="Power"]
	"Factor903" -> "Power905"
	"e906" [label="e"]
	"Power905" -> "e906"
	"Term_p907" [label="Term_p"]
	"Term902" -> "Term_p907"
	"e908" [label="e"]
	"Term_p907" -> "e908"
	"Expression_p909" [label="Expression_p"]
	"Expression901" -> "Expression_p909"
	"-910" [label="-",style=filled,fillcolor=powderblue]
	"Expression_p909" -> "-910"
	"Expression911" [label="Expression"]
	"Expression_p909" -> "Expression911"
	"Term912" [label="Term"]
	"Expression911" -> "Term912"
	"Factor913" [label="Factor"]
	"Term912" -> "Factor913"
	"(914" [label="(",style=filled,fillcolor=powderblue]
	"Factor913" -> "(914"
	"Expression915" [label="Expression"]
	"Factor913" -> "Expression915"
	"Term916" [label="Term"]
	"Expression915" -> "Term916"
	"Factor917" [label="Factor"]
	"Term916" -> "Factor917"
	"e918" [label="e"]
	"Factor917" -> "e918"
	"Term_p919" [label="Term_p"]
	"Term916" -> "Term_p919"
	"e920" [label="e"]
	"Term_p919" -> "e920"
	"Expression_p921" [label="Expression_p"]
	"Expression915" -> "Expression_p921"
	"m922" [label="m",style=filled,fillcolor=powderblue]
	"Expression_p921" -> "m922"
	"[923" [label="[",style=filled,fillcolor=powderblue]
	"Expression_p921" -> "[923"
	"Expression924" [label="Expression"]
	"Expression_p921" -> "Expression924"
	"Term925" [label="Term"]
	"Expression924" -> "Term925"
	"Factor926" [label="Factor"]
	"Term925" -> "Factor926"
	"num927" [label="num",style=filled,fillcolor=powderblue]
	"Factor926" -> "num927"
	"Power928" [label="Power"]
	"Factor926" -> "Power928"
	"e929" [label="e"]
	"Power928" -> "e929"
	"Term_p930" [label="Term_p"]
	"Term925" -> "Term_p930"
	"e931" [label="e"]
	"Term_p930" -> "e931"
	"Expression_p932" [label="Expression_p"]
	"Expression924" -> "Expression_p932"
	"e933" [label="e"]
	"Expression_p932" -> "e933"
	"]934" [label="]",style=filled,fillcolor=powderblue]
	"Expression_p921" -> "]934"
	"Expression935" [label="Expression"]
	"Expression_p921" -> "Expression935"
	"Term936" [label="Term"]
	"Expression935" -> "Term936"
	"Factor937" [label="Factor"]
	"Term936" -> "Factor937"
	"e938" [label="e"]
	"Factor937" -> "e938"
	"Term_p939" [label="Term_p"]
	"Term936" -> "Term_p939"
	"e940" [label="e"]
	"Term_p939" -> "e940"
	"Expression_p941" [label="Expression_p"]
	"Expression935" -> "Expression_p941"
	"-942" [label="-",style=filled,fillcolor=powderblue]
	"Expression_p941" -> "-942"
	"Expression943" [label="Expression"]
	"Expression_p941" -> "Expression943"
	"Term944" [label="Term"]
	"Expression943" -> "Term944"
	"Factor945" [label="Factor"]
	"Term944" -> "Factor945"
	"num946" [label="num",style=filled,fillcolor=powderblue]
	"Factor945" -> "num946"
	"Power947" [label="Power"]
	"Factor945" -> "Power947"
	"e948" [label="e"]
	"Power947" -> "e948"
	"Term_p949" [label="Term_p"]
	"Term944" -> "Term_p949"
	"e950" [label="e"]
	"Term_p949" -> "e950"
	"Expression_p951" [label="Expression_p"]
	"Expression943" -> "Expression_p951"
	"e952" [label="e"]
	"Expression_p951" -> "e952"
	")953" [label=")",style=filled,fillcolor=powderblue]
	"Factor913" -> ")953"
	"Power954" [label="Power"]
	"Factor913" -> "Power954"
	"e955" [label="e"]
	"Power954" -> "e955"
	"Term_p956" [label="Term_p"]
	"Term912" -> "Term_p956"
	"e957" [label="e"]
	"Term_p956" -> "e957"
	"Expression_p958" [label="Expression_p"]
	"Expression911" -> "Expression_p958"
	"e959" [label="e"]
	"Expression_p958" -> "e959"
	"Statement960" [label="Statement"]
	"Statements2" -> "Statement960"
	"Assignment961" [label="Assignment"]
	"Statement960" -> "Assignment961"
	"m962" [label="m",style=filled,fillcolor=powderblue]
	"Assignment961" -> "m962"
	"[963" [label="[",style=filled,fillcolor=powderblue]
	"Assignment961" -> "[963"
	"Expression964" [label="Expression"]
	"Assignment961" -> "Expression964"
	"Term965" [label="Term"]
	"Expression964" -> "Term965"
	"Factor966" [label="Factor"]
	"Term965" -> "Factor966"
	"num967" [label="num",style=filled,fillcolor=powderblue]
	"Factor966" -> "num967"
	"Power968" [label="Power"]
	"Factor966" -> "Power968"
	"e969" [label="e"]
	"Power968" -> "e969"
	"Term_p970" [label="Term_p"]
	"Term965" -> "Term_p970"
	"e971" [label="e"]
	"Term_p970" -> "e971"
	"Expression_p972" [label="Expression_p"]
	"Expression964" -> "Expression_p972"
	"e973" [label="e"]
	"Expression_p972" -> "e973"
	"]974" [label="]",style=filled,fillcolor=powderblue]
	"Assignment961" -> "]974"
	"=975" [label="=",style=filled,fillcolor=powderblue]
	"Assignment961" -> "=975"
	"Expression976" [label="Expression"]
	"Assignment961" -> "Expression976"
	"Term977" [label="Term"]
	"Expression976" -> "Term977"
	"Factor978" [label="Factor"]
	"Term977" -> "Factor978"
	"num979" [label="num",style=filled,fillcolor=powderblue]
	"Factor978" -> "num979"
	"Power980" [label="Power"]
	"Factor978" -> "Power980"
	"e981" [label="e"]
	"Power980" -> "e981"
	"Term_p982" [label="Term_p"]
	"Term977" -> "Term_p982"
	"/983" [label="/",style=filled,fillcolor=powderblue]
	"Term_p982" -> "/983"
	"Term984" [label="Term"]
	"Term_p982" -> "Term984"
	"Factor985" [label="Factor"]
	"Term984" -> "Factor985"
	"num986" [label="num",style=filled,fillcolor=powderblue]
	"Factor985" -> "num986"
	"Power987" [label="Power"]
	"Factor985" -> "Power987"
	"e988" [label="e"]
	"Power987" -> "e988"
	"Term_p989" [label="Term_p"]
	"Term984" -> "Term_p989"
	"*990" [label="*",style=filled,fillcolor=powderblue]
	"Term_p989" -> "*990"
	"Term991" [label="Term"]
	"Term_p989" -> "Term991"
	"Factor992" [label="Factor"]
	"Term991" -> "Factor992"
	"num993" [label="num",style=filled,fillcolor=powderblue]
	"Factor992" -> "num993"
	"Power994" [label="Power"]
	"Factor992" -> "Power994"
	"e995" [label="e"]
	"Power994" -> "e995"
	"Term_p996" [label="Term_p"]
	"Term991" -> "Term_p996"
	"e997" [label="e"]
	"Term_p996" -> "e997"
	"Expression_p998" [label="Expression_p"]
	"Expression976" -> "Expression_p998"
	"e999" [label="e"]
	"Expression_p998" -> "e999"
	"Statement1000" [label="Statement"]
	"Statements2" -> "Statement1000"
	"Assignment1001" [label="Assignment"]
	"Statement1000" -> "Assignment1001"
	"m1002" [label="m",style=filled,fillcolor=powderblue]
	"Assignment1001" -> "m1002"
	"[1003" [label="[",style=filled,fillcolor=powderblue]
	"Assignment1001" -> "[1003"
	"Expression1004" [label="Expression"]
	"Assignment1001" -> "Expression1004"
	"Term1005" [label="Term"]
	"Expression1004" -> "Term1005"
	"Factor1006" [label="Factor"]
	"Term1005" -> "Factor1006"
	"num1007" [label="num",style=filled,fillcolor=powderblue]
	"Factor1006" -> "num1007"
	"Power1008" [label="Power"]
	"Factor1006" -> "Power1008"
	"e1009" [label="e"]
	"Power1008" -> "e1009"
	"Term_p1010" [label="Term_p"]
	"Term1005" -> "Term_p1010"
	"e1011" [label="e"]
	"Term_p1010" -> "e1011"
	"Expression_p1012" [label="Expression_p"]
	"Expression1004" -> "Expression_p1012"
	"e1013" [label="e"]
	"Expression_p1012" -> "e1013"
	"]1014" [label="]",style=filled,fillcolor=powderblue]
	"Assignment1001" -> "]1014"
	"=1015" [label="=",style=filled,fillcolor=powderblue]
	"Assignment1001" -> "=1015"
	"Expression1016" [label="Expression"]
	"Assignment1001" -> "Expression1016"
	"Term1017" [label="Term"]
	"Expression1016" -> "Term1017"
	"Factor1018" [label="Factor"]
	"Term1017" -> "Factor1018"
	"num1019" [label="num",style=filled,fillcolor=powderblue]
	"Factor1018" -> "num1019"
	"Power1020" [label="Power"]
	"Factor1018" -> "Power1020"
	"e1021" [label="e"]
	"Power1020" -> "e1021"
	"Term_p1022" [label="Term_p"]
	"Term1017" -> "Term_p1022"
	"e1023" [label="e"]
	"Term_p1022" -> "e1023"
	"Expression_p1024" [label="Expression_p"]
	"Expression1016" -> "Expression_p1024"
	"+1025" [label="+",style=filled,fillcolor=powderblue]
	"Expression_p1024" -> "+1025"
	"Expression1026" [label="Expression"]
	"Expression_p1024" -> "Expression1026"
	"Term1027" [label="Term"]
	"Expression1026" -> "Term1027"
	"Factor1028" [label="Factor"]
	"Term1027" -> "Factor1028"
	"e1029" [label="e"]
	"Factor1028" -> "e1029"
	"Term_p1030" [label="Term_p"]
	"Term1027" -> "Term_p1030"
	"e1031" [label="e"]
	"Term_p1030" -> "e1031"
	"Expression_p1032" [label="Expression_p"]
	"Expression1026" -> "Expression_p1032"
	"m1033" [label="m",style=filled,fillcolor=powderblue]
	"Expression_p1032" -> "m1033"
	"[1034" [label="[",style=filled,fillcolor=powderblue]
	"Expression_p1032" -> "[1034"
	"Expression1035" [label="Expression"]
	"Expression_p1032" -> "Expression1035"
	"Term1036" [label="Term"]
	"Expression1035" -> "Term1036"
	"Factor1037" [label="Factor"]
	"Term1036" -> "Factor1037"
	"num1038" [label="num",style=filled,fillcolor=powderblue]
	"Factor1037" -> "num1038"
	"Power1039" [label="Power"]
	"Factor1037" -> "Power1039"
	"e1040" [label="e"]
	"Power1039" -> "e1040"
	"Term_p1041" [label="Term_p"]
	"Term1036" -> "Term_p1041"
	"e1042" [label="e"]
	"Term_p1041" -> "e1042"
	"Expression_p1043" [label="Expression_p"]
	"Expression1035" -> "Expression_p1043"
	"e1044" [label="e"]
	"Expression_p1043" -> "e1044"
	"]1045" [label="]",style=filled,fillcolor=powderblue]
	"Expression_p1032" -> "]1045"
	"Expression1046" [label="Expression"]
	"Expression_p1032" -> "Expression1046"
	"Statement1047" [label="Statement"]
	"Statements2" -> "Statement1047"
	"Assignment1048" [label="Assignment"]
	"Statement1047" -> "Assignment1048"
	"m1049" [label="m",style=filled,fillcolor=powderblue]
	"Assignment1048" -> "m1049"
	"[1050" [label="[",style=filled,fillcolor=powderblue]
	"Assignment1048" -> "[1050"
	"Expression1051" [label="Expression"]
	"Assignment1048" -> "Expression1051"
	"Term1052" [label="Term"]
	"Expression1051" -> "Term1052"
	"Factor1053" [label="Factor"]
	"Term1052" -> "Factor1053"
	"num1054" [label="num",style=filled,fillcolor=powderblue]
	"Factor1053" -> "num1054"
	"Power1055" [label="Power"]
	"Factor1053" -> "Power1055"
	"e1056" [label="e"]
	"Power1055" -> "e1056"
	"Term_p1057" [label="Term_p"]
	"Term1052" -> "Term_p1057"
	"e1058" [label="e"]
	"Term_p1057" -> "e1058"
	"Expression_p1059" [label="Expression_p"]
	"Expression1051" -> "Expression_p1059"
	"e1060" [label="e"]
	"Expression_p1059" -> "e1060"
	"]1061" [label="]",style=filled,fillcolor=powderblue]
	"Assignment1048" -> "]1061"
	"=1062" [label="=",style=filled,fillcolor=powderblue]
	"Assignment1048" -> "=1062"
	"Expression1063" [label="Expression"]
	"Assignment1048" -> "Expression1063"
	"Term1064" [label="Term"]
	"Expression1063" -> "Term1064"
	"Factor1065" [label="Factor"]
	"Term1064" -> "Factor1065"
	"num1066" [label="num",style=filled,fillcolor=powderblue]
	"Factor1065" -> "num1066"
	"Power1067" [label="Power"]
	"Factor1065" -> "Power1067"
	"e1068" [label="e"]
	"Power1067" -> "e1068"
	"Term_p1069" [label="Term_p"]
	"Term1064" -> "Term_p1069"
	"e1070" [label="e"]
	"Term_p1069" -> "e1070"
	"Expression_p1071" [label="Expression_p"]
	"Expression1063" -> "Expression_p1071"
	"-1072" [label="-",style=filled,fillcolor=powderblue]
	"Expression_p1071" -> "-1072"
	"Expression1073" [label="Expression"]
	"Expression_p1071" -> "Expression1073"
	"Term1074" [label="Term"]
	"Expression1073" -> "Term1074"
	"Factor1075" [label="Factor"]
	"Term1074" -> "Factor1075"
	"e1076" [label="e"]
	"Factor1075" -> "e1076"
	"Term_p1077" [label="Term_p"]
	"Term1074" -> "Term_p1077"
	"e1078" [label="e"]
	"Term_p1077" -> "e1078"
	"Expression_p1079" [label="Expression_p"]
	"Expression1073" -> "Expression_p1079"
	"m1080" [label="m",style=filled,fillcolor=powderblue]
	"Expression_p1079" -> "m1080"
	"[1081" [label="[",style=filled,fillcolor=powderblue]
	"Expression_p1079" -> "[1081"
	"Expression1082" [label="Expression"]
	"Expression_p1079" -> "Expression1082"
	"Term1083" [label="Term"]
	"Expression1082" -> "Term1083"
	"Factor1084" [label="Factor"]
	"Term1083" -> "Factor1084"
	"num1085" [label="num",style=filled,fillcolor=powderblue]
	"Factor1084" -> "num1085"
	"Power1086" [label="Power"]
	"Factor1084" -> "Power1086"
	"e1087" [label="e"]
	"Power1086" -> "e1087"
	"Term_p1088" [label="Term_p"]
	"Term1083" -> "Term_p1088"
	"e1089" [label="e"]
	"Term_p1088" -> "e1089"
	"Expression_p1090" [label="Expression_p"]
	"Expression1082" -> "Expression_p1090"
	"-1091" [label="-",style=filled,fillcolor=powderblue]
	"Expression_p1090" -> "-1091"
	"Expression1092" [label="Expression"]
	"Expression_p1090" -> "Expression1092"
	"Term1093" [label="Term"]
	"Expression1092" -> "Term1093"
	"Factor1094" [label="Factor"]
	"Term1093" -> "Factor1094"
	"num1095" [label="num",style=filled,fillcolor=powderblue]
	"Factor1094" -> "num1095"
	"Power1096" [label="Power"]
	"Factor1094" -> "Power1096"
	"e1097" [label="e"]
	"Power1096" -> "e1097"
	"Term_p1098" [label="Term_p"]
	"Term1093" -> "Term_p1098"
	"e1099" [label="e"]
	"Term_p1098" -> "e1099"
	"Expression_p1100" [label="Expression_p"]
	"Expression1092" -> "Expression_p1100"
	"e1101" [label="e"]
	"Expression_p1100" -> "e1101"
	"]1102" [label="]",style=filled,fillcolor=powderblue]
	"Expression_p1079" -> "]1102"
	"Expression1103" [label="Expression"]
	"Expression_p1079" -> "Expression1103"
	"Statement1104" [label="Statement"]
	"Statements2" -> "Statement1104"
	"eof1105" [label="eof",style=filled,fillcolor=powderblue]
	"Statements2" -> "eof1105"
}
