digraph G {
	"Start1" [label="Start"]
	"Statements2" [label="Statements"]
	"Start1" -> "Statements2"
	"Statement3" [label="Statement"]
	"Statements2" -> "Statement3"
	"Assignment4" [label="Assignment"]
	"Statement3" -> "Assignment4"
	"m5" [label="m",style=filled,fillcolor=powderblue]
	"Assignment4" -> "m5"
	"[6" [label="[",style=filled,fillcolor=powderblue]
	"Assignment4" -> "[6"
	"Expression7" [label="Expression"]
	"Assignment4" -> "Expression7"
	"Term8" [label="Term"]
	"Expression7" -> "Term8"
	"Factor9" [label="Factor"]
	"Term8" -> "Factor9"
	"num10" [label="num",style=filled,fillcolor=powderblue]
	"Factor9" -> "num10"
	"Power11" [label="Power"]
	"Factor9" -> "Power11"
	"e12" [label="e"]
	"Power11" -> "e12"
	"Term_p13" [label="Term_p"]
	"Term8" -> "Term_p13"
	"e14" [label="e"]
	"Term_p13" -> "e14"
	"Expression_p15" [label="Expression_p"]
	"Expression7" -> "Expression_p15"
	"e16" [label="e"]
	"Expression_p15" -> "e16"
	"]17" [label="]",style=filled,fillcolor=powderblue]
	"Assignment4" -> "]17"
	"=18" [label="=",style=filled,fillcolor=powderblue]
	"Assignment4" -> "=18"
	"Expression19" [label="Expression"]
	"Assignment4" -> "Expression19"
	"Term20" [label="Term"]
	"Expression19" -> "Term20"
	"Factor21" [label="Factor"]
	"Term20" -> "Factor21"
	"num22" [label="num",style=filled,fillcolor=powderblue]
	"Factor21" -> "num22"
	"Power23" [label="Power"]
	"Factor21" -> "Power23"
	"e24" [label="e"]
	"Power23" -> "e24"
	"Term_p25" [label="Term_p"]
	"Term20" -> "Term_p25"
	"/26" [label="/",style=filled,fillcolor=powderblue]
	"Term_p25" -> "/26"
	"Term27" [label="Term"]
	"Term_p25" -> "Term27"
	"Factor28" [label="Factor"]
	"Term27" -> "Factor28"
	"num29" [label="num",style=filled,fillcolor=powderblue]
	"Factor28" -> "num29"
	"Power30" [label="Power"]
	"Factor28" -> "Power30"
	"e31" [label="e"]
	"Power30" -> "e31"
	"Term_p32" [label="Term_p"]
	"Term27" -> "Term_p32"
	"*33" [label="*",style=filled,fillcolor=powderblue]
	"Term_p32" -> "*33"
	"Term34" [label="Term"]
	"Term_p32" -> "Term34"
	"Factor35" [label="Factor"]
	"Term34" -> "Factor35"
	"num36" [label="num",style=filled,fillcolor=powderblue]
	"Factor35" -> "num36"
	"Power37" [label="Power"]
	"Factor35" -> "Power37"
	"e38" [label="e"]
	"Power37" -> "e38"
	"Term_p39" [label="Term_p"]
	"Term34" -> "Term_p39"
	"e40" [label="e"]
	"Term_p39" -> "e40"
	"Expression_p41" [label="Expression_p"]
	"Expression19" -> "Expression_p41"
	"e42" [label="e"]
	"Expression_p41" -> "e42"
	"Statement43" [label="Statement"]
	"Statements2" -> "Statement43"
	"Assignment44" [label="Assignment"]
	"Statement43" -> "Assignment44"
	"m45" [label="m",style=filled,fillcolor=powderblue]
	"Assignment44" -> "m45"
	"[46" [label="[",style=filled,fillcolor=powderblue]
	"Assignment44" -> "[46"
	"Expression47" [label="Expression"]
	"Assignment44" -> "Expression47"
	"Term48" [label="Term"]
	"Expression47" -> "Term48"
	"Factor49" [label="Factor"]
	"Term48" -> "Factor49"
	"num50" [label="num",style=filled,fillcolor=powderblue]
	"Factor49" -> "num50"
	"Power51" [label="Power"]
	"Factor49" -> "Power51"
	"e52" [label="e"]
	"Power51" -> "e52"
	"Term_p53" [label="Term_p"]
	"Term48" -> "Term_p53"
	"e54" [label="e"]
	"Term_p53" -> "e54"
	"Expression_p55" [label="Expression_p"]
	"Expression47" -> "Expression_p55"
	"e56" [label="e"]
	"Expression_p55" -> "e56"
	"]57" [label="]",style=filled,fillcolor=powderblue]
	"Assignment44" -> "]57"
	"=58" [label="=",style=filled,fillcolor=powderblue]
	"Assignment44" -> "=58"
	"Expression59" [label="Expression"]
	"Assignment44" -> "Expression59"
	"Term60" [label="Term"]
	"Expression59" -> "Term60"
	"Factor61" [label="Factor"]
	"Term60" -> "Factor61"
	"num62" [label="num",style=filled,fillcolor=powderblue]
	"Factor61" -> "num62"
	"Power63" [label="Power"]
	"Factor61" -> "Power63"
	"e64" [label="e"]
	"Power63" -> "e64"
	"Term_p65" [label="Term_p"]
	"Term60" -> "Term_p65"
	"/66" [label="/",style=filled,fillcolor=powderblue]
	"Term_p65" -> "/66"
	"Term67" [label="Term"]
	"Term_p65" -> "Term67"
	"Factor68" [label="Factor"]
	"Term67" -> "Factor68"
	"num69" [label="num",style=filled,fillcolor=powderblue]
	"Factor68" -> "num69"
	"Power70" [label="Power"]
	"Factor68" -> "Power70"
	"e71" [label="e"]
	"Power70" -> "e71"
	"Term_p72" [label="Term_p"]
	"Term67" -> "Term_p72"
	"*73" [label="*",style=filled,fillcolor=powderblue]
	"Term_p72" -> "*73"
	"Term74" [label="Term"]
	"Term_p72" -> "Term74"
	"Factor75" [label="Factor"]
	"Term74" -> "Factor75"
	"num76" [label="num",style=filled,fillcolor=powderblue]
	"Factor75" -> "num76"
	"Power77" [label="Power"]
	"Factor75" -> "Power77"
	"e78" [label="e"]
	"Power77" -> "e78"
	"Term_p79" [label="Term_p"]
	"Term74" -> "Term_p79"
	"e80" [label="e"]
	"Term_p79" -> "e80"
	"Expression_p81" [label="Expression_p"]
	"Expression59" -> "Expression_p81"
	"e82" [label="e"]
	"Expression_p81" -> "e82"
	"Statement83" [label="Statement"]
	"Statements2" -> "Statement83"
	"Print84" [label="Print"]
	"Statement83" -> "Print84"
	"print85" [label="print",style=filled,fillcolor=powderblue]
	"Print84" -> "print85"
	"Expression86" [label="Expression"]
	"Print84" -> "Expression86"
	"Term87" [label="Term"]
	"Expression86" -> "Term87"
	"Factor88" [label="Factor"]
	"Term87" -> "Factor88"
	"e89" [label="e"]
	"Factor88" -> "e89"
	"Term_p90" [label="Term_p"]
	"Term87" -> "Term_p90"
	"e91" [label="e"]
	"Term_p90" -> "e91"
	"Expression_p92" [label="Expression_p"]
	"Expression86" -> "Expression_p92"
	"m93" [label="m",style=filled,fillcolor=powderblue]
	"Expression_p92" -> "m93"
	"[94" [label="[",style=filled,fillcolor=powderblue]
	"Expression_p92" -> "[94"
	"Expression95" [label="Expression"]
	"Expression_p92" -> "Expression95"
	"Term96" [label="Term"]
	"Expression95" -> "Term96"
	"Factor97" [label="Factor"]
	"Term96" -> "Factor97"
	"num98" [label="num",style=filled,fillcolor=powderblue]
	"Factor97" -> "num98"
	"Power99" [label="Power"]
	"Factor97" -> "Power99"
	"e100" [label="e"]
	"Power99" -> "e100"
	"Term_p101" [label="Term_p"]
	"Term96" -> "Term_p101"
	"e102" [label="e"]
	"Term_p101" -> "e102"
	"Expression_p103" [label="Expression_p"]
	"Expression95" -> "Expression_p103"
	"e104" [label="e"]
	"Expression_p103" -> "e104"
	"]105" [label="]",style=filled,fillcolor=powderblue]
	"Expression_p92" -> "]105"
	"Expression106" [label="Expression"]
	"Expression_p92" -> "Expression106"
	"Statement107" [label="Statement"]
	"Statements2" -> "Statement107"
	"Jump108" [label="Jump"]
	"Statement107" -> "Jump108"
	"goto109" [label="goto",style=filled,fillcolor=powderblue]
	"Jump108" -> "goto109"
	"num110" [label="num",style=filled,fillcolor=powderblue]
	"Jump108" -> "num110"
	"Jump_p111" [label="Jump_p"]
	"Jump108" -> "Jump_p111"
	"if112" [label="if",style=filled,fillcolor=powderblue]
	"Jump_p111" -> "if112"
	"Expression113" [label="Expression"]
	"Jump_p111" -> "Expression113"
	"Term114" [label="Term"]
	"Expression113" -> "Term114"
	"Factor115" [label="Factor"]
	"Term114" -> "Factor115"
	"e116" [label="e"]
	"Factor115" -> "e116"
	"Term_p117" [label="Term_p"]
	"Term114" -> "Term_p117"
	"e118" [label="e"]
	"Term_p117" -> "e118"
	"Expression_p119" [label="Expression_p"]
	"Expression113" -> "Expression_p119"
	"m120" [label="m",style=filled,fillcolor=powderblue]
	"Expression_p119" -> "m120"
	"[121" [label="[",style=filled,fillcolor=powderblue]
	"Expression_p119" -> "[121"
	"Expression122" [label="Expression"]
	"Expression_p119" -> "Expression122"
	"Term123" [label="Term"]
	"Expression122" -> "Term123"
	"Factor124" [label="Factor"]
	"Term123" -> "Factor124"
	"num125" [label="num",style=filled,fillcolor=powderblue]
	"Factor124" -> "num125"
	"Power126" [label="Power"]
	"Factor124" -> "Power126"
	"e127" [label="e"]
	"Power126" -> "e127"
	"Term_p128" [label="Term_p"]
	"Term123" -> "Term_p128"
	"e129" [label="e"]
	"Term_p128" -> "e129"
	"Expression_p130" [label="Expression_p"]
	"Expression122" -> "Expression_p130"
	"e131" [label="e"]
	"Expression_p130" -> "e131"
	"]132" [label="]",style=filled,fillcolor=powderblue]
	"Expression_p119" -> "]132"
	"Expression133" [label="Expression"]
	"Expression_p119" -> "Expression133"
	"Statement134" [label="Statement"]
	"Statements2" -> "Statement134"
	"Jump135" [label="Jump"]
	"Statement134" -> "Jump135"
	"goto136" [label="goto",style=filled,fillcolor=powderblue]
	"Jump135" -> "goto136"
	"num137" [label="num",style=filled,fillcolor=powderblue]
	"Jump135" -> "num137"
	"Jump_p138" [label="Jump_p"]
	"Jump135" -> "Jump_p138"
	"e139" [label="e"]
	"Jump_p138" -> "e139"
	"Statement140" [label="Statement"]
	"Statements2" -> "Statement140"
	"Label141" [label="Label"]
	"Statement140" -> "Label141"
	"L142" [label="L",style=filled,fillcolor=powderblue]
	"Label141" -> "L142"
	"num143" [label="num",style=filled,fillcolor=powderblue]
	"Label141" -> "num143"
	":144" [label=":",style=filled,fillcolor=powderblue]
	"Label141" -> ":144"
	"Statement145" [label="Statement"]
	"Statements2" -> "Statement145"
	"Assignment146" [label="Assignment"]
	"Statement145" -> "Assignment146"
	"m147" [label="m",style=filled,fillcolor=powderblue]
	"Assignment146" -> "m147"
	"[148" [label="[",style=filled,fillcolor=powderblue]
	"Assignment146" -> "[148"
	"Expression149" [label="Expression"]
	"Assignment146" -> "Expression149"
	"Term150" [label="Term"]
	"Expression149" -> "Term150"
	"Factor151" [label="Factor"]
	"Term150" -> "Factor151"
	"num152" [label="num",style=filled,fillcolor=powderblue]
	"Factor151" -> "num152"
	"Power153" [label="Power"]
	"Factor151" -> "Power153"
	"e154" [label="e"]
	"Power153" -> "e154"
	"Term_p155" [label="Term_p"]
	"Term150" -> "Term_p155"
	"e156" [label="e"]
	"Term_p155" -> "e156"
	"Expression_p157" [label="Expression_p"]
	"Expression149" -> "Expression_p157"
	"e158" [label="e"]
	"Expression_p157" -> "e158"
	"]159" [label="]",style=filled,fillcolor=powderblue]
	"Assignment146" -> "]159"
	"=160" [label="=",style=filled,fillcolor=powderblue]
	"Assignment146" -> "=160"
	"Expression161" [label="Expression"]
	"Assignment146" -> "Expression161"
	"Term162" [label="Term"]
	"Expression161" -> "Term162"
	"Factor163" [label="Factor"]
	"Term162" -> "Factor163"
	"num164" [label="num",style=filled,fillcolor=powderblue]
	"Factor163" -> "num164"
	"Power165" [label="Power"]
	"Factor163" -> "Power165"
	"e166" [label="e"]
	"Power165" -> "e166"
	"Term_p167" [label="Term_p"]
	"Term162" -> "Term_p167"
	"e168" [label="e"]
	"Term_p167" -> "e168"
	"Expression_p169" [label="Expression_p"]
	"Expression161" -> "Expression_p169"
	"-170" [label="-",style=filled,fillcolor=powderblue]
	"Expression_p169" -> "-170"
	"Expression171" [label="Expression"]
	"Expression_p169" -> "Expression171"
	"Term172" [label="Term"]
	"Expression171" -> "Term172"
	"Factor173" [label="Factor"]
	"Term172" -> "Factor173"
	"(174" [label="(",style=filled,fillcolor=powderblue]
	"Factor173" -> "(174"
	"Expression175" [label="Expression"]
	"Factor173" -> "Expression175"
	"Term176" [label="Term"]
	"Expression175" -> "Term176"
	"Factor177" [label="Factor"]
	"Term176" -> "Factor177"
	"e178" [label="e"]
	"Factor177" -> "e178"
	"Term_p179" [label="Term_p"]
	"Term176" -> "Term_p179"
	"e180" [label="e"]
	"Term_p179" -> "e180"
	"Expression_p181" [label="Expression_p"]
	"Expression175" -> "Expression_p181"
	"m182" [label="m",style=filled,fillcolor=powderblue]
	"Expression_p181" -> "m182"
	"[183" [label="[",style=filled,fillcolor=powderblue]
	"Expression_p181" -> "[183"
	"Expression184" [label="Expression"]
	"Expression_p181" -> "Expression184"
	"Term185" [label="Term"]
	"Expression184" -> "Term185"
	"Factor186" [label="Factor"]
	"Term185" -> "Factor186"
	"num187" [label="num",style=filled,fillcolor=powderblue]
	"Factor186" -> "num187"
	"Power188" [label="Power"]
	"Factor186" -> "Power188"
	"e189" [label="e"]
	"Power188" -> "e189"
	"Term_p190" [label="Term_p"]
	"Term185" -> "Term_p190"
	"e191" [label="e"]
	"Term_p190" -> "e191"
	"Expression_p192" [label="Expression_p"]
	"Expression184" -> "Expression_p192"
	"e193" [label="e"]
	"Expression_p192" -> "e193"
	"]194" [label="]",style=filled,fillcolor=powderblue]
	"Expression_p181" -> "]194"
	"Expression195" [label="Expression"]
	"Expression_p181" -> "Expression195"
	"Term196" [label="Term"]
	"Expression195" -> "Term196"
	"Factor197" [label="Factor"]
	"Term196" -> "Factor197"
	"e198" [label="e"]
	"Factor197" -> "e198"
	"Term_p199" [label="Term_p"]
	"Term196" -> "Term_p199"
	"e200" [label="e"]
	"Term_p199" -> "e200"
	"Expression_p201" [label="Expression_p"]
	"Expression195" -> "Expression_p201"
	"-202" [label="-",style=filled,fillcolor=powderblue]
	"Expression_p201" -> "-202"
	"Expression203" [label="Expression"]
	"Expression_p201" -> "Expression203"
	"Term204" [label="Term"]
	"Expression203" -> "Term204"
	"Factor205" [label="Factor"]
	"Term204" -> "Factor205"
	"num206" [label="num",style=filled,fillcolor=powderblue]
	"Factor205" -> "num206"
	"Power207" [label="Power"]
	"Factor205" -> "Power207"
	"**208" [label="**",style=filled,fillcolor=powderblue]
	"Power207" -> "**208"
	"Factor209" [label="Factor"]
	"Power207" -> "Factor209"
	"num210" [label="num",style=filled,fillcolor=powderblue]
	"Factor209" -> "num210"
	"Power211" [label="Power"]
	"Factor209" -> "Power211"
	"e212" [label="e"]
	"Power211" -> "e212"
	"Term_p213" [label="Term_p"]
	"Term204" -> "Term_p213"
	"e214" [label="e"]
	"Term_p213" -> "e214"
	"Expression_p215" [label="Expression_p"]
	"Expression203" -> "Expression_p215"
	"e216" [label="e"]
	"Expression_p215" -> "e216"
	")217" [label=")",style=filled,fillcolor=powderblue]
	"Factor173" -> ")217"
	"Power218" [label="Power"]
	"Factor173" -> "Power218"
	"e219" [label="e"]
	"Power218" -> "e219"
	"Term_p220" [label="Term_p"]
	"Term172" -> "Term_p220"
	"e221" [label="e"]
	"Term_p220" -> "e221"
	"Expression_p222" [label="Expression_p"]
	"Expression171" -> "Expression_p222"
	"e223" [label="e"]
	"Expression_p222" -> "e223"
	"Statement224" [label="Statement"]
	"Statements2" -> "Statement224"
	"Assignment225" [label="Assignment"]
	"Statement224" -> "Assignment225"
	"m226" [label="m",style=filled,fillcolor=powderblue]
	"Assignment225" -> "m226"
	"[227" [label="[",style=filled,fillcolor=powderblue]
	"Assignment225" -> "[227"
	"Expression228" [label="Expression"]
	"Assignment225" -> "Expression228"
	"Term229" [label="Term"]
	"Expression228" -> "Term229"
	"Factor230" [label="Factor"]
	"Term229" -> "Factor230"
	"num231" [label="num",style=filled,fillcolor=powderblue]
	"Factor230" -> "num231"
	"Power232" [label="Power"]
	"Factor230" -> "Power232"
	"e233" [label="e"]
	"Power232" -> "e233"
	"Term_p234" [label="Term_p"]
	"Term229" -> "Term_p234"
	"e235" [label="e"]
	"Term_p234" -> "e235"
	"Expression_p236" [label="Expression_p"]
	"Expression228" -> "Expression_p236"
	"e237" [label="e"]
	"Expression_p236" -> "e237"
	"]238" [label="]",style=filled,fillcolor=powderblue]
	"Assignment225" -> "]238"
	"=239" [label="=",style=filled,fillcolor=powderblue]
	"Assignment225" -> "=239"
	"Expression240" [label="Expression"]
	"Assignment225" -> "Expression240"
	"Term241" [label="Term"]
	"Expression240" -> "Term241"
	"Factor242" [label="Factor"]
	"Term241" -> "Factor242"
	"e243" [label="e"]
	"Factor242" -> "e243"
	"Term_p244" [label="Term_p"]
	"Term241" -> "Term_p244"
	"e245" [label="e"]
	"Term_p244" -> "e245"
	"Expression_p246" [label="Expression_p"]
	"Expression240" -> "Expression_p246"
	"m247" [label="m",style=filled,fillcolor=powderblue]
	"Expression_p246" -> "m247"
	"[248" [label="[",style=filled,fillcolor=powderblue]
	"Expression_p246" -> "[248"
	"Expression249" [label="Expression"]
	"Expression_p246" -> "Expression249"
	"Term250" [label="Term"]
	"Expression249" -> "Term250"
	"Factor251" [label="Factor"]
	"Term250" -> "Factor251"
	"num252" [label="num",style=filled,fillcolor=powderblue]
	"Factor251" -> "num252"
	"Power253" [label="Power"]
	"Factor251" -> "Power253"
	"e254" [label="e"]
	"Power253" -> "e254"
	"Term_p255" [label="Term_p"]
	"Term250" -> "Term_p255"
	"e256" [label="e"]
	"Term_p255" -> "e256"
	"Expression_p257" [label="Expression_p"]
	"Expression249" -> "Expression_p257"
	"e258" [label="e"]
	"Expression_p257" -> "e258"
	"]259" [label="]",style=filled,fillcolor=powderblue]
	"Expression_p246" -> "]259"
	"Expression260" [label="Expression"]
	"Expression_p246" -> "Expression260"
	"Term261" [label="Term"]
	"Expression260" -> "Term261"
	"Factor262" [label="Factor"]
	"Term261" -> "Factor262"
	"e263" [label="e"]
	"Factor262" -> "e263"
	"Term_p264" [label="Term_p"]
	"Term261" -> "Term_p264"
	"*265" [label="*",style=filled,fillcolor=powderblue]
	"Term_p264" -> "*265"
	"Term266" [label="Term"]
	"Term_p264" -> "Term266"
	"Factor267" [label="Factor"]
	"Term266" -> "Factor267"
	"e268" [label="e"]
	"Factor267" -> "e268"
	"Term_p269" [label="Term_p"]
	"Term266" -> "Term_p269"
	"e270" [label="e"]
	"Term_p269" -> "e270"
	"Expression_p271" [label="Expression_p"]
	"Expression260" -> "Expression_p271"
	"m272" [label="m",style=filled,fillcolor=powderblue]
	"Expression_p271" -> "m272"
	"[273" [label="[",style=filled,fillcolor=powderblue]
	"Expression_p271" -> "[273"
	"Expression274" [label="Expression"]
	"Expression_p271" -> "Expression274"
	"Term275" [label="Term"]
	"Expression274" -> "Term275"
	"Factor276" [label="Factor"]
	"Term275" -> "Factor276"
	"num277" [label="num",style=filled,fillcolor=powderblue]
	"Factor276" -> "num277"
	"Power278" [label="Power"]
	"Factor276" -> "Power278"
	"e279" [label="e"]
	"Power278" -> "e279"
	"Term_p280" [label="Term_p"]
	"Term275" -> "Term_p280"
	"e281" [label="e"]
	"Term_p280" -> "e281"
	"Expression_p282" [label="Expression_p"]
	"Expression274" -> "Expression_p282"
	"e283" [label="e"]
	"Expression_p282" -> "e283"
	"]284" [label="]",style=filled,fillcolor=powderblue]
	"Expression_p271" -> "]284"
	"Expression285" [label="Expression"]
	"Expression_p271" -> "Expression285"
	"Statement286" [label="Statement"]
	"Statements2" -> "Statement286"
	"Label287" [label="Label"]
	"Statement286" -> "Label287"
	"L288" [label="L",style=filled,fillcolor=powderblue]
	"Label287" -> "L288"
	"num289" [label="num",style=filled,fillcolor=powderblue]
	"Label287" -> "num289"
	":290" [label=":",style=filled,fillcolor=powderblue]
	"Label287" -> ":290"
	"Statement291" [label="Statement"]
	"Statements2" -> "Statement291"
	"Assignment292" [label="Assignment"]
	"Statement291" -> "Assignment292"
	"m293" [label="m",style=filled,fillcolor=powderblue]
	"Assignment292" -> "m293"
	"[294" [label="[",style=filled,fillcolor=powderblue]
	"Assignment292" -> "[294"
	"Expression295" [label="Expression"]
	"Assignment292" -> "Expression295"
	"Term296" [label="Term"]
	"Expression295" -> "Term296"
	"Factor297" [label="Factor"]
	"Term296" -> "Factor297"
	"num298" [label="num",style=filled,fillcolor=powderblue]
	"Factor297" -> "num298"
	"Power299" [label="Power"]
	"Factor297" -> "Power299"
	"e300" [label="e"]
	"Power299" -> "e300"
	"Term_p301" [label="Term_p"]
	"Term296" -> "Term_p301"
	"e302" [label="e"]
	"Term_p301" -> "e302"
	"Expression_p303" [label="Expression_p"]
	"Expression295" -> "Expression_p303"
	"e304" [label="e"]
	"Expression_p303" -> "e304"
	"]305" [label="]",style=filled,fillcolor=powderblue]
	"Assignment292" -> "]305"
	"=306" [label="=",style=filled,fillcolor=powderblue]
	"Assignment292" -> "=306"
	"Expression307" [label="Expression"]
	"Assignment292" -> "Expression307"
	"Term308" [label="Term"]
	"Expression307" -> "Term308"
	"Factor309" [label="Factor"]
	"Term308" -> "Factor309"
	"num310" [label="num",style=filled,fillcolor=powderblue]
	"Factor309" -> "num310"
	"Power311" [label="Power"]
	"Factor309" -> "Power311"
	"e312" [label="e"]
	"Power311" -> "e312"
	"Term_p313" [label="Term_p"]
	"Term308" -> "Term_p313"
	"e314" [label="e"]
	"Term_p313" -> "e314"
	"Expression_p315" [label="Expression_p"]
	"Expression307" -> "Expression_p315"
	"-316" [label="-",style=filled,fillcolor=powderblue]
	"Expression_p315" -> "-316"
	"Expression317" [label="Expression"]
	"Expression_p315" -> "Expression317"
	"Term318" [label="Term"]
	"Expression317" -> "Term318"
	"Factor319" [label="Factor"]
	"Term318" -> "Factor319"
	"(320" [label="(",style=filled,fillcolor=powderblue]
	"Factor319" -> "(320"
	"Expression321" [label="Expression"]
	"Factor319" -> "Expression321"
	"Term322" [label="Term"]
	"Expression321" -> "Term322"
	"Factor323" [label="Factor"]
	"Term322" -> "Factor323"
	"e324" [label="e"]
	"Factor323" -> "e324"
	"Term_p325" [label="Term_p"]
	"Term322" -> "Term_p325"
	"e326" [label="e"]
	"Term_p325" -> "e326"
	"Expression_p327" [label="Expression_p"]
	"Expression321" -> "Expression_p327"
	"m328" [label="m",style=filled,fillcolor=powderblue]
	"Expression_p327" -> "m328"
	"[329" [label="[",style=filled,fillcolor=powderblue]
	"Expression_p327" -> "[329"
	"Expression330" [label="Expression"]
	"Expression_p327" -> "Expression330"
	"Term331" [label="Term"]
	"Expression330" -> "Term331"
	"Factor332" [label="Factor"]
	"Term331" -> "Factor332"
	"num333" [label="num",style=filled,fillcolor=powderblue]
	"Factor332" -> "num333"
	"Power334" [label="Power"]
	"Factor332" -> "Power334"
	"e335" [label="e"]
	"Power334" -> "e335"
	"Term_p336" [label="Term_p"]
	"Term331" -> "Term_p336"
	"e337" [label="e"]
	"Term_p336" -> "e337"
	"Expression_p338" [label="Expression_p"]
	"Expression330" -> "Expression_p338"
	"e339" [label="e"]
	"Expression_p338" -> "e339"
	"]340" [label="]",style=filled,fillcolor=powderblue]
	"Expression_p327" -> "]340"
	"Expression341" [label="Expression"]
	"Expression_p327" -> "Expression341"
	"Term342" [label="Term"]
	"Expression341" -> "Term342"
	"Factor343" [label="Factor"]
	"Term342" -> "Factor343"
	"e344" [label="e"]
	"Factor343" -> "e344"
	"Term_p345" [label="Term_p"]
	"Term342" -> "Term_p345"
	"e346" [label="e"]
	"Term_p345" -> "e346"
	"Expression_p347" [label="Expression_p"]
	"Expression341" -> "Expression_p347"
	"-348" [label="-",style=filled,fillcolor=powderblue]
	"Expression_p347" -> "-348"
	"Expression349" [label="Expression"]
	"Expression_p347" -> "Expression349"
	"Term350" [label="Term"]
	"Expression349" -> "Term350"
	"Factor351" [label="Factor"]
	"Term350" -> "Factor351"
	"num352" [label="num",style=filled,fillcolor=powderblue]
	"Factor351" -> "num352"
	"Power353" [label="Power"]
	"Factor351" -> "Power353"
	"e354" [label="e"]
	"Power353" -> "e354"
	"Term_p355" [label="Term_p"]
	"Term350" -> "Term_p355"
	"e356" [label="e"]
	"Term_p355" -> "e356"
	"Expression_p357" [label="Expression_p"]
	"Expression349" -> "Expression_p357"
	"e358" [label="e"]
	"Expression_p357" -> "e358"
	")359" [label=")",style=filled,fillcolor=powderblue]
	"Factor319" -> ")359"
	"Power360" [label="Power"]
	"Factor319" -> "Power360"
	"e361" [label="e"]
	"Power360" -> "e361"
	"Term_p362" [label="Term_p"]
	"Term318" -> "Term_p362"
	"e363" [label="e"]
	"Term_p362" -> "e363"
	"Expression_p364" [label="Expression_p"]
	"Expression317" -> "Expression_p364"
	"e365" [label="e"]
	"Expression_p364" -> "e365"
	"Statement366" [label="Statement"]
	"Statements2" -> "Statement366"
	"Assignment367" [label="Assignment"]
	"Statement366" -> "Assignment367"
	"m368" [label="m",style=filled,fillcolor=powderblue]
	"Assignment367" -> "m368"
	"[369" [label="[",style=filled,fillcolor=powderblue]
	"Assignment367" -> "[369"
	"Expression370" [label="Expression"]
	"Assignment367" -> "Expression370"
	"Term371" [label="Term"]
	"Expression370" -> "Term371"
	"Factor372" [label="Factor"]
	"Term371" -> "Factor372"
	"num373" [label="num",style=filled,fillcolor=powderblue]
	"Factor372" -> "num373"
	"Power374" [label="Power"]
	"Factor372" -> "Power374"
	"e375" [label="e"]
	"Power374" -> "e375"
	"Term_p376" [label="Term_p"]
	"Term371" -> "Term_p376"
	"e377" [label="e"]
	"Term_p376" -> "e377"
	"Expression_p378" [label="Expression_p"]
	"Expression370" -> "Expression_p378"
	"e379" [label="e"]
	"Expression_p378" -> "e379"
	"]380" [label="]",style=filled,fillcolor=powderblue]
	"Assignment367" -> "]380"
	"=381" [label="=",style=filled,fillcolor=powderblue]
	"Assignment367" -> "=381"
	"Expression382" [label="Expression"]
	"Assignment367" -> "Expression382"
	"Term383" [label="Term"]
	"Expression382" -> "Term383"
	"Factor384" [label="Factor"]
	"Term383" -> "Factor384"
	"e385" [label="e"]
	"Factor384" -> "e385"
	"Term_p386" [label="Term_p"]
	"Term383" -> "Term_p386"
	"e387" [label="e"]
	"Term_p386" -> "e387"
	"Expression_p388" [label="Expression_p"]
	"Expression382" -> "Expression_p388"
	"m389" [label="m",style=filled,fillcolor=powderblue]
	"Expression_p388" -> "m389"
	"[390" [label="[",style=filled,fillcolor=powderblue]
	"Expression_p388" -> "[390"
	"Expression391" [label="Expression"]
	"Expression_p388" -> "Expression391"
	"Term392" [label="Term"]
	"Expression391" -> "Term392"
	"Factor393" [label="Factor"]
	"Term392" -> "Factor393"
	"num394" [label="num",style=filled,fillcolor=powderblue]
	"Factor393" -> "num394"
	"Power395" [label="Power"]
	"Factor393" -> "Power395"
	"e396" [label="e"]
	"Power395" -> "e396"
	"Term_p397" [label="Term_p"]
	"Term392" -> "Term_p397"
	"e398" [label="e"]
	"Term_p397" -> "e398"
	"Expression_p399" [label="Expression_p"]
	"Expression391" -> "Expression_p399"
	"e400" [label="e"]
	"Expression_p399" -> "e400"
	"]401" [label="]",style=filled,fillcolor=powderblue]
	"Expression_p388" -> "]401"
	"Expression402" [label="Expression"]
	"Expression_p388" -> "Expression402"
	"Term403" [label="Term"]
	"Expression402" -> "Term403"
	"Factor404" [label="Factor"]
	"Term403" -> "Factor404"
	"e405" [label="e"]
	"Factor404" -> "e405"
	"Term_p406" [label="Term_p"]
	"Term403" -> "Term_p406"
	"*407" [label="*",style=filled,fillcolor=powderblue]
	"Term_p406" -> "*407"
	"Term408" [label="Term"]
	"Term_p406" -> "Term408"
	"Factor409" [label="Factor"]
	"Term408" -> "Factor409"
	"e410" [label="e"]
	"Factor409" -> "e410"
	"Term_p411" [label="Term_p"]
	"Term408" -> "Term_p411"
	"e412" [label="e"]
	"Term_p411" -> "e412"
	"Expression_p413" [label="Expression_p"]
	"Expression402" -> "Expression_p413"
	"m414" [label="m",style=filled,fillcolor=powderblue]
	"Expression_p413" -> "m414"
	"[415" [label="[",style=filled,fillcolor=powderblue]
	"Expression_p413" -> "[415"
	"Expression416" [label="Expression"]
	"Expression_p413" -> "Expression416"
	"Term417" [label="Term"]
	"Expression416" -> "Term417"
	"Factor418" [label="Factor"]
	"Term417" -> "Factor418"
	"num419" [label="num",style=filled,fillcolor=powderblue]
	"Factor418" -> "num419"
	"Power420" [label="Power"]
	"Factor418" -> "Power420"
	"e421" [label="e"]
	"Power420" -> "e421"
	"Term_p422" [label="Term_p"]
	"Term417" -> "Term_p422"
	"e423" [label="e"]
	"Term_p422" -> "e423"
	"Expression_p424" [label="Expression_p"]
	"Expression416" -> "Expression_p424"
	"e425" [label="e"]
	"Expression_p424" -> "e425"
	"]426" [label="]",style=filled,fillcolor=powderblue]
	"Expression_p413" -> "]426"
	"Expression427" [label="Expression"]
	"Expression_p413" -> "Expression427"
	"Statement428" [label="Statement"]
	"Statements2" -> "Statement428"
	"Jump429" [label="Jump"]
	"Statement428" -> "Jump429"
	"goto430" [label="goto",style=filled,fillcolor=powderblue]
	"Jump429" -> "goto430"
	"num431" [label="num",style=filled,fillcolor=powderblue]
	"Jump429" -> "num431"
	"Jump_p432" [label="Jump_p"]
	"Jump429" -> "Jump_p432"
	"e433" [label="e"]
	"Jump_p432" -> "e433"
	"Statement434" [label="Statement"]
	"Statements2" -> "Statement434"
	"Print435" [label="Print"]
	"Statement434" -> "Print435"
	"print436" [label="print",style=filled,fillcolor=powderblue]
	"Print435" -> "print436"
	"Expression437" [label="Expression"]
	"Print435" -> "Expression437"
	"Term438" [label="Term"]
	"Expression437" -> "Term438"
	"Factor439" [label="Factor"]
	"Term438" -> "Factor439"
	"num440" [label="num",style=filled,fillcolor=powderblue]
	"Factor439" -> "num440"
	"Power441" [label="Power"]
	"Factor439" -> "Power441"
	"e442" [label="e"]
	"Power441" -> "e442"
	"Term_p443" [label="Term_p"]
	"Term438" -> "Term_p443"
	"*444" [label="*",style=filled,fillcolor=powderblue]
	"Term_p443" -> "*444"
	"Term445" [label="Term"]
	"Term_p443" -> "Term445"
	"Factor446" [label="Factor"]
	"Term445" -> "Factor446"
	"num447" [label="num",style=filled,fillcolor=powderblue]
	"Factor446" -> "num447"
	"Power448" [label="Power"]
	"Factor446" -> "Power448"
	"e449" [label="e"]
	"Power448" -> "e449"
	"Term_p450" [label="Term_p"]
	"Term445" -> "Term_p450"
	"e451" [label="e"]
	"Term_p450" -> "e451"
	"Expression_p452" [label="Expression_p"]
	"Expression437" -> "Expression_p452"
	"e453" [label="e"]
	"Expression_p452" -> "e453"
	"Statement454" [label="Statement"]
	"Statements2" -> "Statement454"
	"Label455" [label="Label"]
	"Statement454" -> "Label455"
	"L456" [label="L",style=filled,fillcolor=powderblue]
	"Label455" -> "L456"
	"num457" [label="num",style=filled,fillcolor=powderblue]
	"Label455" -> "num457"
	":458" [label=":",style=filled,fillcolor=powderblue]
	"Label455" -> ":458"
	"Statement459" [label="Statement"]
	"Statements2" -> "Statement459"
	"Assignment460" [label="Assignment"]
	"Statement459" -> "Assignment460"
	"m461" [label="m",style=filled,fillcolor=powderblue]
	"Assignment460" -> "m461"
	"[462" [label="[",style=filled,fillcolor=powderblue]
	"Assignment460" -> "[462"
	"Expression463" [label="Expression"]
	"Assignment460" -> "Expression463"
	"Term464" [label="Term"]
	"Expression463" -> "Term464"
	"Factor465" [label="Factor"]
	"Term464" -> "Factor465"
	"num466" [label="num",style=filled,fillcolor=powderblue]
	"Factor465" -> "num466"
	"Power467" [label="Power"]
	"Factor465" -> "Power467"
	"e468" [label="e"]
	"Power467" -> "e468"
	"Term_p469" [label="Term_p"]
	"Term464" -> "Term_p469"
	"e470" [label="e"]
	"Term_p469" -> "e470"
	"Expression_p471" [label="Expression_p"]
	"Expression463" -> "Expression_p471"
	"e472" [label="e"]
	"Expression_p471" -> "e472"
	"]473" [label="]",style=filled,fillcolor=powderblue]
	"Assignment460" -> "]473"
	"=474" [label="=",style=filled,fillcolor=powderblue]
	"Assignment460" -> "=474"
	"Expression475" [label="Expression"]
	"Assignment460" -> "Expression475"
	"Term476" [label="Term"]
	"Expression475" -> "Term476"
	"Factor477" [label="Factor"]
	"Term476" -> "Factor477"
	"num478" [label="num",style=filled,fillcolor=powderblue]
	"Factor477" -> "num478"
	"Power479" [label="Power"]
	"Factor477" -> "Power479"
	"e480" [label="e"]
	"Power479" -> "e480"
	"Term_p481" [label="Term_p"]
	"Term476" -> "Term_p481"
	"e482" [label="e"]
	"Term_p481" -> "e482"
	"Expression_p483" [label="Expression_p"]
	"Expression475" -> "Expression_p483"
	"e484" [label="e"]
	"Expression_p483" -> "e484"
	"Statement485" [label="Statement"]
	"Statements2" -> "Statement485"
	"Print486" [label="Print"]
	"Statement485" -> "Print486"
	"print487" [label="print",style=filled,fillcolor=powderblue]
	"Print486" -> "print487"
	"Expression488" [label="Expression"]
	"Print486" -> "Expression488"
	"Term489" [label="Term"]
	"Expression488" -> "Term489"
	"Factor490" [label="Factor"]
	"Term489" -> "Factor490"
	"e491" [label="e"]
	"Factor490" -> "e491"
	"Term_p492" [label="Term_p"]
	"Term489" -> "Term_p492"
	"e493" [label="e"]
	"Term_p492" -> "e493"
	"Expression_p494" [label="Expression_p"]
	"Expression488" -> "Expression_p494"
	"m495" [label="m",style=filled,fillcolor=powderblue]
	"Expression_p494" -> "m495"
	"[496" [label="[",style=filled,fillcolor=powderblue]
	"Expression_p494" -> "[496"
	"Expression497" [label="Expression"]
	"Expression_p494" -> "Expression497"
	"Term498" [label="Term"]
	"Expression497" -> "Term498"
	"Factor499" [label="Factor"]
	"Term498" -> "Factor499"
	"num500" [label="num",style=filled,fillcolor=powderblue]
	"Factor499" -> "num500"
	"Power501" [label="Power"]
	"Factor499" -> "Power501"
	"e502" [label="e"]
	"Power501" -> "e502"
	"Term_p503" [label="Term_p"]
	"Term498" -> "Term_p503"
	"e504" [label="e"]
	"Term_p503" -> "e504"
	"Expression_p505" [label="Expression_p"]
	"Expression497" -> "Expression_p505"
	"e506" [label="e"]
	"Expression_p505" -> "e506"
	"]507" [label="]",style=filled,fillcolor=powderblue]
	"Expression_p494" -> "]507"
	"Expression508" [label="Expression"]
	"Expression_p494" -> "Expression508"
	"Statement509" [label="Statement"]
	"Statements2" -> "Statement509"
	"Print510" [label="Print"]
	"Statement509" -> "Print510"
	"print511" [label="print",style=filled,fillcolor=powderblue]
	"Print510" -> "print511"
	"Expression512" [label="Expression"]
	"Print510" -> "Expression512"
	"Term513" [label="Term"]
	"Expression512" -> "Term513"
	"Factor514" [label="Factor"]
	"Term513" -> "Factor514"
	"e515" [label="e"]
	"Factor514" -> "e515"
	"Term_p516" [label="Term_p"]
	"Term513" -> "Term_p516"
	"e517" [label="e"]
	"Term_p516" -> "e517"
	"Expression_p518" [label="Expression_p"]
	"Expression512" -> "Expression_p518"
	"m519" [label="m",style=filled,fillcolor=powderblue]
	"Expression_p518" -> "m519"
	"[520" [label="[",style=filled,fillcolor=powderblue]
	"Expression_p518" -> "[520"
	"Expression521" [label="Expression"]
	"Expression_p518" -> "Expression521"
	"Term522" [label="Term"]
	"Expression521" -> "Term522"
	"Factor523" [label="Factor"]
	"Term522" -> "Factor523"
	"num524" [label="num",style=filled,fillcolor=powderblue]
	"Factor523" -> "num524"
	"Power525" [label="Power"]
	"Factor523" -> "Power525"
	"e526" [label="e"]
	"Power525" -> "e526"
	"Term_p527" [label="Term_p"]
	"Term522" -> "Term_p527"
	"e528" [label="e"]
	"Term_p527" -> "e528"
	"Expression_p529" [label="Expression_p"]
	"Expression521" -> "Expression_p529"
	"e530" [label="e"]
	"Expression_p529" -> "e530"
	"]531" [label="]",style=filled,fillcolor=powderblue]
	"Expression_p518" -> "]531"
	"Expression532" [label="Expression"]
	"Expression_p518" -> "Expression532"
	"Statement533" [label="Statement"]
	"Statements2" -> "Statement533"
	"Print534" [label="Print"]
	"Statement533" -> "Print534"
	"print535" [label="print",style=filled,fillcolor=powderblue]
	"Print534" -> "print535"
	"Expression536" [label="Expression"]
	"Print534" -> "Expression536"
	"Term537" [label="Term"]
	"Expression536" -> "Term537"
	"Factor538" [label="Factor"]
	"Term537" -> "Factor538"
	"e539" [label="e"]
	"Factor538" -> "e539"
	"Term_p540" [label="Term_p"]
	"Term537" -> "Term_p540"
	"e541" [label="e"]
	"Term_p540" -> "e541"
	"Expression_p542" [label="Expression_p"]
	"Expression536" -> "Expression_p542"
	"m543" [label="m",style=filled,fillcolor=powderblue]
	"Expression_p542" -> "m543"
	"[544" [label="[",style=filled,fillcolor=powderblue]
	"Expression_p542" -> "[544"
	"Expression545" [label="Expression"]
	"Expression_p542" -> "Expression545"
	"Term546" [label="Term"]
	"Expression545" -> "Term546"
	"Factor547" [label="Factor"]
	"Term546" -> "Factor547"
	"num548" [label="num",style=filled,fillcolor=powderblue]
	"Factor547" -> "num548"
	"Power549" [label="Power"]
	"Factor547" -> "Power549"
	"e550" [label="e"]
	"Power549" -> "e550"
	"Term_p551" [label="Term_p"]
	"Term546" -> "Term_p551"
	"e552" [label="e"]
	"Term_p551" -> "e552"
	"Expression_p553" [label="Expression_p"]
	"Expression545" -> "Expression_p553"
	"e554" [label="e"]
	"Expression_p553" -> "e554"
	"]555" [label="]",style=filled,fillcolor=powderblue]
	"Expression_p542" -> "]555"
	"Expression556" [label="Expression"]
	"Expression_p542" -> "Expression556"
	"Statement557" [label="Statement"]
	"Statements2" -> "Statement557"
	"Print558" [label="Print"]
	"Statement557" -> "Print558"
	"print559" [label="print",style=filled,fillcolor=powderblue]
	"Print558" -> "print559"
	"Expression560" [label="Expression"]
	"Print558" -> "Expression560"
	"Term561" [label="Term"]
	"Expression560" -> "Term561"
	"Factor562" [label="Factor"]
	"Term561" -> "Factor562"
	"e563" [label="e"]
	"Factor562" -> "e563"
	"Term_p564" [label="Term_p"]
	"Term561" -> "Term_p564"
	"e565" [label="e"]
	"Term_p564" -> "e565"
	"Expression_p566" [label="Expression_p"]
	"Expression560" -> "Expression_p566"
	"m567" [label="m",style=filled,fillcolor=powderblue]
	"Expression_p566" -> "m567"
	"[568" [label="[",style=filled,fillcolor=powderblue]
	"Expression_p566" -> "[568"
	"Expression569" [label="Expression"]
	"Expression_p566" -> "Expression569"
	"Term570" [label="Term"]
	"Expression569" -> "Term570"
	"Factor571" [label="Factor"]
	"Term570" -> "Factor571"
	"num572" [label="num",style=filled,fillcolor=powderblue]
	"Factor571" -> "num572"
	"Power573" [label="Power"]
	"Factor571" -> "Power573"
	"e574" [label="e"]
	"Power573" -> "e574"
	"Term_p575" [label="Term_p"]
	"Term570" -> "Term_p575"
	"e576" [label="e"]
	"Term_p575" -> "e576"
	"Expression_p577" [label="Expression_p"]
	"Expression569" -> "Expression_p577"
	"e578" [label="e"]
	"Expression_p577" -> "e578"
	"]579" [label="]",style=filled,fillcolor=powderblue]
	"Expression_p566" -> "]579"
	"Expression580" [label="Expression"]
	"Expression_p566" -> "Expression580"
	"Statement581" [label="Statement"]
	"Statements2" -> "Statement581"
	"Print582" [label="Print"]
	"Statement581" -> "Print582"
	"print583" [label="print",style=filled,fillcolor=powderblue]
	"Print582" -> "print583"
	"Expression584" [label="Expression"]
	"Print582" -> "Expression584"
	"Term585" [label="Term"]
	"Expression584" -> "Term585"
	"Factor586" [label="Factor"]
	"Term585" -> "Factor586"
	"e587" [label="e"]
	"Factor586" -> "e587"
	"Term_p588" [label="Term_p"]
	"Term585" -> "Term_p588"
	"e589" [label="e"]
	"Term_p588" -> "e589"
	"Expression_p590" [label="Expression_p"]
	"Expression584" -> "Expression_p590"
	"m591" [label="m",style=filled,fillcolor=powderblue]
	"Expression_p590" -> "m591"
	"[592" [label="[",style=filled,fillcolor=powderblue]
	"Expression_p590" -> "[592"
	"Expression593" [label="Expression"]
	"Expression_p590" -> "Expression593"
	"Term594" [label="Term"]
	"Expression593" -> "Term594"
	"Factor595" [label="Factor"]
	"Term594" -> "Factor595"
	"num596" [label="num",style=filled,fillcolor=powderblue]
	"Factor595" -> "num596"
	"Power597" [label="Power"]
	"Factor595" -> "Power597"
	"e598" [label="e"]
	"Power597" -> "e598"
	"Term_p599" [label="Term_p"]
	"Term594" -> "Term_p599"
	"e600" [label="e"]
	"Term_p599" -> "e600"
	"Expression_p601" [label="Expression_p"]
	"Expression593" -> "Expression_p601"
	"e602" [label="e"]
	"Expression_p601" -> "e602"
	"]603" [label="]",style=filled,fillcolor=powderblue]
	"Expression_p590" -> "]603"
	"Expression604" [label="Expression"]
	"Expression_p590" -> "Expression604"
	"Statement605" [label="Statement"]
	"Statements2" -> "Statement605"
	"Print606" [label="Print"]
	"Statement605" -> "Print606"
	"print607" [label="print",style=filled,fillcolor=powderblue]
	"Print606" -> "print607"
	"Expression608" [label="Expression"]
	"Print606" -> "Expression608"
	"Term609" [label="Term"]
	"Expression608" -> "Term609"
	"Factor610" [label="Factor"]
	"Term609" -> "Factor610"
	"num611" [label="num",style=filled,fillcolor=powderblue]
	"Factor610" -> "num611"
	"Power612" [label="Power"]
	"Factor610" -> "Power612"
	"e613" [label="e"]
	"Power612" -> "e613"
	"Term_p614" [label="Term_p"]
	"Term609" -> "Term_p614"
	"e615" [label="e"]
	"Term_p614" -> "e615"
	"Expression_p616" [label="Expression_p"]
	"Expression608" -> "Expression_p616"
	"e617" [label="e"]
	"Expression_p616" -> "e617"
	"Statement618" [label="Statement"]
	"Statements2" -> "Statement618"
	"eof619" [label="eof",style=filled,fillcolor=powderblue]
	"Statements2" -> "eof619"
}
