digraph G {
	"Start1" [label="Start"]
	"Statements2" [label="Statements"]
	"Start1" -> "Statements2"
	"Statement3" [label="Statement"]
	"Statements2" -> "Statement3"
	"Assignment4" [label="Assignment"]
	"Statement3" -> "Assignment4"
	"m5" [label="m",style=filled,fillcolor=powderblue]
	"Assignment4" -> "m5"
	"[6" [label="[",style=filled,fillcolor=powderblue]
	"Assignment4" -> "[6"
	"Expression7" [label="Expression"]
	"Assignment4" -> "Expression7"
	"Term8" [label="Term"]
	"Expression7" -> "Term8"
	"Factor9" [label="Factor"]
	"Term8" -> "Factor9"
	"num10" [label="num",style=filled,fillcolor=powderblue]
	"Factor9" -> "num10"
	"Power11" [label="Power"]
	"Factor9" -> "Power11"
	"e12" [label="e"]
	"Power11" -> "e12"
	"Term_p13" [label="Term_p"]
	"Term8" -> "Term_p13"
	"e14" [label="e"]
	"Term_p13" -> "e14"
	"Expression_p15" [label="Expression_p"]
	"Expression7" -> "Expression_p15"
	"e16" [label="e"]
	"Expression_p15" -> "e16"
	"]17" [label="]",style=filled,fillcolor=powderblue]
	"Assignment4" -> "]17"
	"=18" [label="=",style=filled,fillcolor=powderblue]
	"Assignment4" -> "=18"
	"Expression19" [label="Expression"]
	"Assignment4" -> "Expression19"
	"Term20" [label="Term"]
	"Expression19" -> "Term20"
	"Factor21" [label="Factor"]
	"Term20" -> "Factor21"
	"num22" [label="num",style=filled,fillcolor=powderblue]
	"Factor21" -> "num22"
	"Power23" [label="Power"]
	"Factor21" -> "Power23"
	"e24" [label="e"]
	"Power23" -> "e24"
	"Term_p25" [label="Term_p"]
	"Term20" -> "Term_p25"
	"/26" [label="/",style=filled,fillcolor=powderblue]
	"Term_p25" -> "/26"
	"Term27" [label="Term"]
	"Term_p25" -> "Term27"
	"Factor28" [label="Factor"]
	"Term27" -> "Factor28"
	"num29" [label="num",style=filled,fillcolor=powderblue]
	"Factor28" -> "num29"
	"Power30" [label="Power"]
	"Factor28" -> "Power30"
	"e31" [label="e"]
	"Power30" -> "e31"
	"Term_p32" [label="Term_p"]
	"Term27" -> "Term_p32"
	"*33" [label="*",style=filled,fillcolor=powderblue]
	"Term_p32" -> "*33"
	"Term34" [label="Term"]
	"Term_p32" -> "Term34"
	"Factor35" [label="Factor"]
	"Term34" -> "Factor35"
	"num36" [label="num",style=filled,fillcolor=powderblue]
	"Factor35" -> "num36"
	"Power37" [label="Power"]
	"Factor35" -> "Power37"
	"e38" [label="e"]
	"Power37" -> "e38"
	"Term_p39" [label="Term_p"]
	"Term34" -> "Term_p39"
	"e40" [label="e"]
	"Term_p39" -> "e40"
	"Expression_p41" [label="Expression_p"]
	"Expression19" -> "Expression_p41"
	"e42" [label="e"]
	"Expression_p41" -> "e42"
	"Statement43" [label="Statement"]
	"Statements2" -> "Statement43"
	"Assignment44" [label="Assignment"]
	"Statement43" -> "Assignment44"
	"m45" [label="m",style=filled,fillcolor=powderblue]
	"Assignment44" -> "m45"
	"[46" [label="[",style=filled,fillcolor=powderblue]
	"Assignment44" -> "[46"
	"Expression47" [label="Expression"]
	"Assignment44" -> "Expression47"
	"Term48" [label="Term"]
	"Expression47" -> "Term48"
	"Factor49" [label="Factor"]
	"Term48" -> "Factor49"
	"num50" [label="num",style=filled,fillcolor=powderblue]
	"Factor49" -> "num50"
	"Power51" [label="Power"]
	"Factor49" -> "Power51"
	"e52" [label="e"]
	"Power51" -> "e52"
	"Term_p53" [label="Term_p"]
	"Term48" -> "Term_p53"
	"e54" [label="e"]
	"Term_p53" -> "e54"
	"Expression_p55" [label="Expression_p"]
	"Expression47" -> "Expression_p55"
	"e56" [label="e"]
	"Expression_p55" -> "e56"
	"]57" [label="]",style=filled,fillcolor=powderblue]
	"Assignment44" -> "]57"
	"=58" [label="=",style=filled,fillcolor=powderblue]
	"Assignment44" -> "=58"
	"Expression59" [label="Expression"]
	"Assignment44" -> "Expression59"
	"Term60" [label="Term"]
	"Expression59" -> "Term60"
	"Factor61" [label="Factor"]
	"Term60" -> "Factor61"
	"num62" [label="num",style=filled,fillcolor=powderblue]
	"Factor61" -> "num62"
	"Power63" [label="Power"]
	"Factor61" -> "Power63"
	"**64" [label="**",style=filled,fillcolor=powderblue]
	"Power63" -> "**64"
	"Factor65" [label="Factor"]
	"Power63" -> "Factor65"
	"e66" [label="e"]
	"Factor65" -> "e66"
	"Term_p67" [label="Term_p"]
	"Term60" -> "Term_p67"
	"*68" [label="*",style=filled,fillcolor=powderblue]
	"Term_p67" -> "*68"
	"Term69" [label="Term"]
	"Term_p67" -> "Term69"
	"Factor70" [label="Factor"]
	"Term69" -> "Factor70"
	"num71" [label="num",style=filled,fillcolor=powderblue]
	"Factor70" -> "num71"
	"Power72" [label="Power"]
	"Factor70" -> "Power72"
	"**73" [label="**",style=filled,fillcolor=powderblue]
	"Power72" -> "**73"
	"Factor74" [label="Factor"]
	"Power72" -> "Factor74"
	"e75" [label="e"]
	"Factor74" -> "e75"
	"Term_p76" [label="Term_p"]
	"Term69" -> "Term_p76"
	"*77" [label="*",style=filled,fillcolor=powderblue]
	"Term_p76" -> "*77"
	"Term78" [label="Term"]
	"Term_p76" -> "Term78"
	"Factor79" [label="Factor"]
	"Term78" -> "Factor79"
	"num80" [label="num",style=filled,fillcolor=powderblue]
	"Factor79" -> "num80"
	"Power81" [label="Power"]
	"Factor79" -> "Power81"
	"e82" [label="e"]
	"Power81" -> "e82"
	"Term_p83" [label="Term_p"]
	"Term78" -> "Term_p83"
	"e84" [label="e"]
	"Term_p83" -> "e84"
	"Expression_p85" [label="Expression_p"]
	"Expression59" -> "Expression_p85"
	"e86" [label="e"]
	"Expression_p85" -> "e86"
	"Statement87" [label="Statement"]
	"Statements2" -> "Statement87"
	"Assignment88" [label="Assignment"]
	"Statement87" -> "Assignment88"
	"m89" [label="m",style=filled,fillcolor=powderblue]
	"Assignment88" -> "m89"
	"[90" [label="[",style=filled,fillcolor=powderblue]
	"Assignment88" -> "[90"
	"Expression91" [label="Expression"]
	"Assignment88" -> "Expression91"
	"Term92" [label="Term"]
	"Expression91" -> "Term92"
	"Factor93" [label="Factor"]
	"Term92" -> "Factor93"
	"num94" [label="num",style=filled,fillcolor=powderblue]
	"Factor93" -> "num94"
	"Power95" [label="Power"]
	"Factor93" -> "Power95"
	"e96" [label="e"]
	"Power95" -> "e96"
	"Term_p97" [label="Term_p"]
	"Term92" -> "Term_p97"
	"e98" [label="e"]
	"Term_p97" -> "e98"
	"Expression_p99" [label="Expression_p"]
	"Expression91" -> "Expression_p99"
	"e100" [label="e"]
	"Expression_p99" -> "e100"
	"]101" [label="]",style=filled,fillcolor=powderblue]
	"Assignment88" -> "]101"
	"=102" [label="=",style=filled,fillcolor=powderblue]
	"Assignment88" -> "=102"
	"Expression103" [label="Expression"]
	"Assignment88" -> "Expression103"
	"Term104" [label="Term"]
	"Expression103" -> "Term104"
	"Factor105" [label="Factor"]
	"Term104" -> "Factor105"
	"num106" [label="num",style=filled,fillcolor=powderblue]
	"Factor105" -> "num106"
	"Power107" [label="Power"]
	"Factor105" -> "Power107"
	"e108" [label="e"]
	"Power107" -> "e108"
	"Term_p109" [label="Term_p"]
	"Term104" -> "Term_p109"
	"*110" [label="*",style=filled,fillcolor=powderblue]
	"Term_p109" -> "*110"
	"Term111" [label="Term"]
	"Term_p109" -> "Term111"
	"Factor112" [label="Factor"]
	"Term111" -> "Factor112"
	"num113" [label="num",style=filled,fillcolor=powderblue]
	"Factor112" -> "num113"
	"Power114" [label="Power"]
	"Factor112" -> "Power114"
	"e115" [label="e"]
	"Power114" -> "e115"
	"Term_p116" [label="Term_p"]
	"Term111" -> "Term_p116"
	"e117" [label="e"]
	"Term_p116" -> "e117"
	"Expression_p118" [label="Expression_p"]
	"Expression103" -> "Expression_p118"
	"-119" [label="-",style=filled,fillcolor=powderblue]
	"Expression_p118" -> "-119"
	"Expression120" [label="Expression"]
	"Expression_p118" -> "Expression120"
	"Term121" [label="Term"]
	"Expression120" -> "Term121"
	"Factor122" [label="Factor"]
	"Term121" -> "Factor122"
	"num123" [label="num",style=filled,fillcolor=powderblue]
	"Factor122" -> "num123"
	"Power124" [label="Power"]
	"Factor122" -> "Power124"
	"**125" [label="**",style=filled,fillcolor=powderblue]
	"Power124" -> "**125"
	"Factor126" [label="Factor"]
	"Power124" -> "Factor126"
	"e127" [label="e"]
	"Factor126" -> "e127"
	"Term_p128" [label="Term_p"]
	"Term121" -> "Term_p128"
	"*129" [label="*",style=filled,fillcolor=powderblue]
	"Term_p128" -> "*129"
	"Term130" [label="Term"]
	"Term_p128" -> "Term130"
	"Factor131" [label="Factor"]
	"Term130" -> "Factor131"
	"num132" [label="num",style=filled,fillcolor=powderblue]
	"Factor131" -> "num132"
	"Power133" [label="Power"]
	"Factor131" -> "Power133"
	"e134" [label="e"]
	"Power133" -> "e134"
	"Term_p135" [label="Term_p"]
	"Term130" -> "Term_p135"
	"*136" [label="*",style=filled,fillcolor=powderblue]
	"Term_p135" -> "*136"
	"Term137" [label="Term"]
	"Term_p135" -> "Term137"
	"Factor138" [label="Factor"]
	"Term137" -> "Factor138"
	"num139" [label="num",style=filled,fillcolor=powderblue]
	"Factor138" -> "num139"
	"Power140" [label="Power"]
	"Factor138" -> "Power140"
	"e141" [label="e"]
	"Power140" -> "e141"
	"Term_p142" [label="Term_p"]
	"Term137" -> "Term_p142"
	"e143" [label="e"]
	"Term_p142" -> "e143"
	"Expression_p144" [label="Expression_p"]
	"Expression120" -> "Expression_p144"
	"+145" [label="+",style=filled,fillcolor=powderblue]
	"Expression_p144" -> "+145"
	"Expression146" [label="Expression"]
	"Expression_p144" -> "Expression146"
	"Term147" [label="Term"]
	"Expression146" -> "Term147"
	"Factor148" [label="Factor"]
	"Term147" -> "Factor148"
	"num149" [label="num",style=filled,fillcolor=powderblue]
	"Factor148" -> "num149"
	"Power150" [label="Power"]
	"Factor148" -> "Power150"
	"**151" [label="**",style=filled,fillcolor=powderblue]
	"Power150" -> "**151"
	"Factor152" [label="Factor"]
	"Power150" -> "Factor152"
	"e153" [label="e"]
	"Factor152" -> "e153"
	"Term_p154" [label="Term_p"]
	"Term147" -> "Term_p154"
	"*155" [label="*",style=filled,fillcolor=powderblue]
	"Term_p154" -> "*155"
	"Term156" [label="Term"]
	"Term_p154" -> "Term156"
	"Factor157" [label="Factor"]
	"Term156" -> "Factor157"
	"num158" [label="num",style=filled,fillcolor=powderblue]
	"Factor157" -> "num158"
	"Power159" [label="Power"]
	"Factor157" -> "Power159"
	"e160" [label="e"]
	"Power159" -> "e160"
	"Term_p161" [label="Term_p"]
	"Term156" -> "Term_p161"
	"e162" [label="e"]
	"Term_p161" -> "e162"
	"Expression_p163" [label="Expression_p"]
	"Expression146" -> "Expression_p163"
	"e164" [label="e"]
	"Expression_p163" -> "e164"
	"Statement165" [label="Statement"]
	"Statements2" -> "Statement165"
	"Assignment166" [label="Assignment"]
	"Statement165" -> "Assignment166"
	"m167" [label="m",style=filled,fillcolor=powderblue]
	"Assignment166" -> "m167"
	"[168" [label="[",style=filled,fillcolor=powderblue]
	"Assignment166" -> "[168"
	"Expression169" [label="Expression"]
	"Assignment166" -> "Expression169"
	"Term170" [label="Term"]
	"Expression169" -> "Term170"
	"Factor171" [label="Factor"]
	"Term170" -> "Factor171"
	"num172" [label="num",style=filled,fillcolor=powderblue]
	"Factor171" -> "num172"
	"Power173" [label="Power"]
	"Factor171" -> "Power173"
	"e174" [label="e"]
	"Power173" -> "e174"
	"Term_p175" [label="Term_p"]
	"Term170" -> "Term_p175"
	"e176" [label="e"]
	"Term_p175" -> "e176"
	"Expression_p177" [label="Expression_p"]
	"Expression169" -> "Expression_p177"
	"e178" [label="e"]
	"Expression_p177" -> "e178"
	"]179" [label="]",style=filled,fillcolor=powderblue]
	"Assignment166" -> "]179"
	"=180" [label="=",style=filled,fillcolor=powderblue]
	"Assignment166" -> "=180"
	"Expression181" [label="Expression"]
	"Assignment166" -> "Expression181"
	"Term182" [label="Term"]
	"Expression181" -> "Term182"
	"Factor183" [label="Factor"]
	"Term182" -> "Factor183"
	"num184" [label="num",style=filled,fillcolor=powderblue]
	"Factor183" -> "num184"
	"Power185" [label="Power"]
	"Factor183" -> "Power185"
	"e186" [label="e"]
	"Power185" -> "e186"
	"Term_p187" [label="Term_p"]
	"Term182" -> "Term_p187"
	"e188" [label="e"]
	"Term_p187" -> "e188"
	"Expression_p189" [label="Expression_p"]
	"Expression181" -> "Expression_p189"
	"+190" [label="+",style=filled,fillcolor=powderblue]
	"Expression_p189" -> "+190"
	"Expression191" [label="Expression"]
	"Expression_p189" -> "Expression191"
	"Term192" [label="Term"]
	"Expression191" -> "Term192"
	"Factor193" [label="Factor"]
	"Term192" -> "Factor193"
	"e194" [label="e"]
	"Factor193" -> "e194"
	"Term_p195" [label="Term_p"]
	"Term192" -> "Term_p195"
	"e196" [label="e"]
	"Term_p195" -> "e196"
	"Expression_p197" [label="Expression_p"]
	"Expression191" -> "Expression_p197"
	"m198" [label="m",style=filled,fillcolor=powderblue]
	"Expression_p197" -> "m198"
	"[199" [label="[",style=filled,fillcolor=powderblue]
	"Expression_p197" -> "[199"
	"Expression200" [label="Expression"]
	"Expression_p197" -> "Expression200"
	"Term201" [label="Term"]
	"Expression200" -> "Term201"
	"Factor202" [label="Factor"]
	"Term201" -> "Factor202"
	"num203" [label="num",style=filled,fillcolor=powderblue]
	"Factor202" -> "num203"
	"Power204" [label="Power"]
	"Factor202" -> "Power204"
	"e205" [label="e"]
	"Power204" -> "e205"
	"Term_p206" [label="Term_p"]
	"Term201" -> "Term_p206"
	"e207" [label="e"]
	"Term_p206" -> "e207"
	"Expression_p208" [label="Expression_p"]
	"Expression200" -> "Expression_p208"
	"e209" [label="e"]
	"Expression_p208" -> "e209"
	"]210" [label="]",style=filled,fillcolor=powderblue]
	"Expression_p197" -> "]210"
	"Expression211" [label="Expression"]
	"Expression_p197" -> "Expression211"
	"Statement212" [label="Statement"]
	"Statements2" -> "Statement212"
	"Assignment213" [label="Assignment"]
	"Statement212" -> "Assignment213"
	"m214" [label="m",style=filled,fillcolor=powderblue]
	"Assignment213" -> "m214"
	"[215" [label="[",style=filled,fillcolor=powderblue]
	"Assignment213" -> "[215"
	"Expression216" [label="Expression"]
	"Assignment213" -> "Expression216"
	"Term217" [label="Term"]
	"Expression216" -> "Term217"
	"Factor218" [label="Factor"]
	"Term217" -> "Factor218"
	"num219" [label="num",style=filled,fillcolor=powderblue]
	"Factor218" -> "num219"
	"Power220" [label="Power"]
	"Factor218" -> "Power220"
	"e221" [label="e"]
	"Power220" -> "e221"
	"Term_p222" [label="Term_p"]
	"Term217" -> "Term_p222"
	"e223" [label="e"]
	"Term_p222" -> "e223"
	"Expression_p224" [label="Expression_p"]
	"Expression216" -> "Expression_p224"
	"e225" [label="e"]
	"Expression_p224" -> "e225"
	"]226" [label="]",style=filled,fillcolor=powderblue]
	"Assignment213" -> "]226"
	"=227" [label="=",style=filled,fillcolor=powderblue]
	"Assignment213" -> "=227"
	"Expression228" [label="Expression"]
	"Assignment213" -> "Expression228"
	"Term229" [label="Term"]
	"Expression228" -> "Term229"
	"Factor230" [label="Factor"]
	"Term229" -> "Factor230"
	"num231" [label="num",style=filled,fillcolor=powderblue]
	"Factor230" -> "num231"
	"Power232" [label="Power"]
	"Factor230" -> "Power232"
	"e233" [label="e"]
	"Power232" -> "e233"
	"Term_p234" [label="Term_p"]
	"Term229" -> "Term_p234"
	"e235" [label="e"]
	"Term_p234" -> "e235"
	"Expression_p236" [label="Expression_p"]
	"Expression228" -> "Expression_p236"
	"-237" [label="-",style=filled,fillcolor=powderblue]
	"Expression_p236" -> "-237"
	"Expression238" [label="Expression"]
	"Expression_p236" -> "Expression238"
	"Term239" [label="Term"]
	"Expression238" -> "Term239"
	"Factor240" [label="Factor"]
	"Term239" -> "Factor240"
	"e241" [label="e"]
	"Factor240" -> "e241"
	"Term_p242" [label="Term_p"]
	"Term239" -> "Term_p242"
	"e243" [label="e"]
	"Term_p242" -> "e243"
	"Expression_p244" [label="Expression_p"]
	"Expression238" -> "Expression_p244"
	"m245" [label="m",style=filled,fillcolor=powderblue]
	"Expression_p244" -> "m245"
	"[246" [label="[",style=filled,fillcolor=powderblue]
	"Expression_p244" -> "[246"
	"Expression247" [label="Expression"]
	"Expression_p244" -> "Expression247"
	"Term248" [label="Term"]
	"Expression247" -> "Term248"
	"Factor249" [label="Factor"]
	"Term248" -> "Factor249"
	"num250" [label="num",style=filled,fillcolor=powderblue]
	"Factor249" -> "num250"
	"Power251" [label="Power"]
	"Factor249" -> "Power251"
	"e252" [label="e"]
	"Power251" -> "e252"
	"Term_p253" [label="Term_p"]
	"Term248" -> "Term_p253"
	"e254" [label="e"]
	"Term_p253" -> "e254"
	"Expression_p255" [label="Expression_p"]
	"Expression247" -> "Expression_p255"
	"e256" [label="e"]
	"Expression_p255" -> "e256"
	"]257" [label="]",style=filled,fillcolor=powderblue]
	"Expression_p244" -> "]257"
	"Expression258" [label="Expression"]
	"Expression_p244" -> "Expression258"
	"Term259" [label="Term"]
	"Expression258" -> "Term259"
	"Factor260" [label="Factor"]
	"Term259" -> "Factor260"
	"e261" [label="e"]
	"Factor260" -> "e261"
	"Term_p262" [label="Term_p"]
	"Term259" -> "Term_p262"
	"e263" [label="e"]
	"Term_p262" -> "e263"
	"Expression_p264" [label="Expression_p"]
	"Expression258" -> "Expression_p264"
	"-265" [label="-",style=filled,fillcolor=powderblue]
	"Expression_p264" -> "-265"
	"Expression266" [label="Expression"]
	"Expression_p264" -> "Expression266"
	"Term267" [label="Term"]
	"Expression266" -> "Term267"
	"Factor268" [label="Factor"]
	"Term267" -> "Factor268"
	"num269" [label="num",style=filled,fillcolor=powderblue]
	"Factor268" -> "num269"
	"Power270" [label="Power"]
	"Factor268" -> "Power270"
	"e271" [label="e"]
	"Power270" -> "e271"
	"Term_p272" [label="Term_p"]
	"Term267" -> "Term_p272"
	"e273" [label="e"]
	"Term_p272" -> "e273"
	"Expression_p274" [label="Expression_p"]
	"Expression266" -> "Expression_p274"
	"e275" [label="e"]
	"Expression_p274" -> "e275"
	"Statement276" [label="Statement"]
	"Statements2" -> "Statement276"
	"Print277" [label="Print"]
	"Statement276" -> "Print277"
	"print278" [label="print",style=filled,fillcolor=powderblue]
	"Print277" -> "print278"
	"Expression279" [label="Expression"]
	"Print277" -> "Expression279"
	"Term280" [label="Term"]
	"Expression279" -> "Term280"
	"Factor281" [label="Factor"]
	"Term280" -> "Factor281"
	"num282" [label="num",style=filled,fillcolor=powderblue]
	"Factor281" -> "num282"
	"Power283" [label="Power"]
	"Factor281" -> "Power283"
	"e284" [label="e"]
	"Power283" -> "e284"
	"Term_p285" [label="Term_p"]
	"Term280" -> "Term_p285"
	"e286" [label="e"]
	"Term_p285" -> "e286"
	"Expression_p287" [label="Expression_p"]
	"Expression279" -> "Expression_p287"
	"e288" [label="e"]
	"Expression_p287" -> "e288"
	"Statement289" [label="Statement"]
	"Statements2" -> "Statement289"
	"Print290" [label="Print"]
	"Statement289" -> "Print290"
	"print291" [label="print",style=filled,fillcolor=powderblue]
	"Print290" -> "print291"
	"Expression292" [label="Expression"]
	"Print290" -> "Expression292"
	"Term293" [label="Term"]
	"Expression292" -> "Term293"
	"Factor294" [label="Factor"]
	"Term293" -> "Factor294"
	"e295" [label="e"]
	"Factor294" -> "e295"
	"Term_p296" [label="Term_p"]
	"Term293" -> "Term_p296"
	"e297" [label="e"]
	"Term_p296" -> "e297"
	"Expression_p298" [label="Expression_p"]
	"Expression292" -> "Expression_p298"
	"m299" [label="m",style=filled,fillcolor=powderblue]
	"Expression_p298" -> "m299"
	"[300" [label="[",style=filled,fillcolor=powderblue]
	"Expression_p298" -> "[300"
	"Expression301" [label="Expression"]
	"Expression_p298" -> "Expression301"
	"Term302" [label="Term"]
	"Expression301" -> "Term302"
	"Factor303" [label="Factor"]
	"Term302" -> "Factor303"
	"num304" [label="num",style=filled,fillcolor=powderblue]
	"Factor303" -> "num304"
	"Power305" [label="Power"]
	"Factor303" -> "Power305"
	"e306" [label="e"]
	"Power305" -> "e306"
	"Term_p307" [label="Term_p"]
	"Term302" -> "Term_p307"
	"e308" [label="e"]
	"Term_p307" -> "e308"
	"Expression_p309" [label="Expression_p"]
	"Expression301" -> "Expression_p309"
	"e310" [label="e"]
	"Expression_p309" -> "e310"
	"]311" [label="]",style=filled,fillcolor=powderblue]
	"Expression_p298" -> "]311"
	"Expression312" [label="Expression"]
	"Expression_p298" -> "Expression312"
	"Statement313" [label="Statement"]
	"Statements2" -> "Statement313"
	"Print314" [label="Print"]
	"Statement313" -> "Print314"
	"print315" [label="print",style=filled,fillcolor=powderblue]
	"Print314" -> "print315"
	"Expression316" [label="Expression"]
	"Print314" -> "Expression316"
	"Term317" [label="Term"]
	"Expression316" -> "Term317"
	"Factor318" [label="Factor"]
	"Term317" -> "Factor318"
	"e319" [label="e"]
	"Factor318" -> "e319"
	"Term_p320" [label="Term_p"]
	"Term317" -> "Term_p320"
	"e321" [label="e"]
	"Term_p320" -> "e321"
	"Expression_p322" [label="Expression_p"]
	"Expression316" -> "Expression_p322"
	"m323" [label="m",style=filled,fillcolor=powderblue]
	"Expression_p322" -> "m323"
	"[324" [label="[",style=filled,fillcolor=powderblue]
	"Expression_p322" -> "[324"
	"Expression325" [label="Expression"]
	"Expression_p322" -> "Expression325"
	"Term326" [label="Term"]
	"Expression325" -> "Term326"
	"Factor327" [label="Factor"]
	"Term326" -> "Factor327"
	"num328" [label="num",style=filled,fillcolor=powderblue]
	"Factor327" -> "num328"
	"Power329" [label="Power"]
	"Factor327" -> "Power329"
	"e330" [label="e"]
	"Power329" -> "e330"
	"Term_p331" [label="Term_p"]
	"Term326" -> "Term_p331"
	"e332" [label="e"]
	"Term_p331" -> "e332"
	"Expression_p333" [label="Expression_p"]
	"Expression325" -> "Expression_p333"
	"e334" [label="e"]
	"Expression_p333" -> "e334"
	"]335" [label="]",style=filled,fillcolor=powderblue]
	"Expression_p322" -> "]335"
	"Expression336" [label="Expression"]
	"Expression_p322" -> "Expression336"
	"Statement337" [label="Statement"]
	"Statements2" -> "Statement337"
	"Jump338" [label="Jump"]
	"Statement337" -> "Jump338"
	"goto339" [label="goto",style=filled,fillcolor=powderblue]
	"Jump338" -> "goto339"
	"num340" [label="num",style=filled,fillcolor=powderblue]
	"Jump338" -> "num340"
	"Jump_p341" [label="Jump_p"]
	"Jump338" -> "Jump_p341"
	"e342" [label="e"]
	"Jump_p341" -> "e342"
	"Statement343" [label="Statement"]
	"Statements2" -> "Statement343"
	"Assignment344" [label="Assignment"]
	"Statement343" -> "Assignment344"
	"m345" [label="m",style=filled,fillcolor=powderblue]
	"Assignment344" -> "m345"
	"[346" [label="[",style=filled,fillcolor=powderblue]
	"Assignment344" -> "[346"
	"Expression347" [label="Expression"]
	"Assignment344" -> "Expression347"
	"Term348" [label="Term"]
	"Expression347" -> "Term348"
	"Factor349" [label="Factor"]
	"Term348" -> "Factor349"
	"num350" [label="num",style=filled,fillcolor=powderblue]
	"Factor349" -> "num350"
	"Power351" [label="Power"]
	"Factor349" -> "Power351"
	"e352" [label="e"]
	"Power351" -> "e352"
	"Term_p353" [label="Term_p"]
	"Term348" -> "Term_p353"
	"e354" [label="e"]
	"Term_p353" -> "e354"
	"Expression_p355" [label="Expression_p"]
	"Expression347" -> "Expression_p355"
	"e356" [label="e"]
	"Expression_p355" -> "e356"
	"]357" [label="]",style=filled,fillcolor=powderblue]
	"Assignment344" -> "]357"
	"=358" [label="=",style=filled,fillcolor=powderblue]
	"Assignment344" -> "=358"
	"Expression359" [label="Expression"]
	"Assignment344" -> "Expression359"
	"Term360" [label="Term"]
	"Expression359" -> "Term360"
	"Factor361" [label="Factor"]
	"Term360" -> "Factor361"
	"num362" [label="num",style=filled,fillcolor=powderblue]
	"Factor361" -> "num362"
	"Power363" [label="Power"]
	"Factor361" -> "Power363"
	"e364" [label="e"]
	"Power363" -> "e364"
	"Term_p365" [label="Term_p"]
	"Term360" -> "Term_p365"
	"e366" [label="e"]
	"Term_p365" -> "e366"
	"Expression_p367" [label="Expression_p"]
	"Expression359" -> "Expression_p367"
	"-368" [label="-",style=filled,fillcolor=powderblue]
	"Expression_p367" -> "-368"
	"Expression369" [label="Expression"]
	"Expression_p367" -> "Expression369"
	"Term370" [label="Term"]
	"Expression369" -> "Term370"
	"Factor371" [label="Factor"]
	"Term370" -> "Factor371"
	"e372" [label="e"]
	"Factor371" -> "e372"
	"Term_p373" [label="Term_p"]
	"Term370" -> "Term_p373"
	"e374" [label="e"]
	"Term_p373" -> "e374"
	"Expression_p375" [label="Expression_p"]
	"Expression369" -> "Expression_p375"
	"m376" [label="m",style=filled,fillcolor=powderblue]
	"Expression_p375" -> "m376"
	"[377" [label="[",style=filled,fillcolor=powderblue]
	"Expression_p375" -> "[377"
	"Expression378" [label="Expression"]
	"Expression_p375" -> "Expression378"
	"Term379" [label="Term"]
	"Expression378" -> "Term379"
	"Factor380" [label="Factor"]
	"Term379" -> "Factor380"
	"num381" [label="num",style=filled,fillcolor=powderblue]
	"Factor380" -> "num381"
	"Power382" [label="Power"]
	"Factor380" -> "Power382"
	"e383" [label="e"]
	"Power382" -> "e383"
	"Term_p384" [label="Term_p"]
	"Term379" -> "Term_p384"
	"e385" [label="e"]
	"Term_p384" -> "e385"
	"Expression_p386" [label="Expression_p"]
	"Expression378" -> "Expression_p386"
	"e387" [label="e"]
	"Expression_p386" -> "e387"
	"]388" [label="]",style=filled,fillcolor=powderblue]
	"Expression_p375" -> "]388"
	"Expression389" [label="Expression"]
	"Expression_p375" -> "Expression389"
	"Term390" [label="Term"]
	"Expression389" -> "Term390"
	"Factor391" [label="Factor"]
	"Term390" -> "Factor391"
	"e392" [label="e"]
	"Factor391" -> "e392"
	"Term_p393" [label="Term_p"]
	"Term390" -> "Term_p393"
	"e394" [label="e"]
	"Term_p393" -> "e394"
	"Expression_p395" [label="Expression_p"]
	"Expression389" -> "Expression_p395"
	"-396" [label="-",style=filled,fillcolor=powderblue]
	"Expression_p395" -> "-396"
	"Expression397" [label="Expression"]
	"Expression_p395" -> "Expression397"
	"Term398" [label="Term"]
	"Expression397" -> "Term398"
	"Factor399" [label="Factor"]
	"Term398" -> "Factor399"
	"num400" [label="num",style=filled,fillcolor=powderblue]
	"Factor399" -> "num400"
	"Power401" [label="Power"]
	"Factor399" -> "Power401"
	"e402" [label="e"]
	"Power401" -> "e402"
	"Term_p403" [label="Term_p"]
	"Term398" -> "Term_p403"
	"e404" [label="e"]
	"Term_p403" -> "e404"
	"Expression_p405" [label="Expression_p"]
	"Expression397" -> "Expression_p405"
	"e406" [label="e"]
	"Expression_p405" -> "e406"
	"Statement407" [label="Statement"]
	"Statements2" -> "Statement407"
	"Print408" [label="Print"]
	"Statement407" -> "Print408"
	"print409" [label="print",style=filled,fillcolor=powderblue]
	"Print408" -> "print409"
	"Expression410" [label="Expression"]
	"Print408" -> "Expression410"
	"Term411" [label="Term"]
	"Expression410" -> "Term411"
	"Factor412" [label="Factor"]
	"Term411" -> "Factor412"
	"num413" [label="num",style=filled,fillcolor=powderblue]
	"Factor412" -> "num413"
	"Power414" [label="Power"]
	"Factor412" -> "Power414"
	"e415" [label="e"]
	"Power414" -> "e415"
	"Term_p416" [label="Term_p"]
	"Term411" -> "Term_p416"
	"e417" [label="e"]
	"Term_p416" -> "e417"
	"Expression_p418" [label="Expression_p"]
	"Expression410" -> "Expression_p418"
	"e419" [label="e"]
	"Expression_p418" -> "e419"
	"Statement420" [label="Statement"]
	"Statements2" -> "Statement420"
	"Print421" [label="Print"]
	"Statement420" -> "Print421"
	"print422" [label="print",style=filled,fillcolor=powderblue]
	"Print421" -> "print422"
	"Expression423" [label="Expression"]
	"Print421" -> "Expression423"
	"Term424" [label="Term"]
	"Expression423" -> "Term424"
	"Factor425" [label="Factor"]
	"Term424" -> "Factor425"
	"e426" [label="e"]
	"Factor425" -> "e426"
	"Term_p427" [label="Term_p"]
	"Term424" -> "Term_p427"
	"e428" [label="e"]
	"Term_p427" -> "e428"
	"Expression_p429" [label="Expression_p"]
	"Expression423" -> "Expression_p429"
	"m430" [label="m",style=filled,fillcolor=powderblue]
	"Expression_p429" -> "m430"
	"[431" [label="[",style=filled,fillcolor=powderblue]
	"Expression_p429" -> "[431"
	"Expression432" [label="Expression"]
	"Expression_p429" -> "Expression432"
	"Term433" [label="Term"]
	"Expression432" -> "Term433"
	"Factor434" [label="Factor"]
	"Term433" -> "Factor434"
	"num435" [label="num",style=filled,fillcolor=powderblue]
	"Factor434" -> "num435"
	"Power436" [label="Power"]
	"Factor434" -> "Power436"
	"e437" [label="e"]
	"Power436" -> "e437"
	"Term_p438" [label="Term_p"]
	"Term433" -> "Term_p438"
	"e439" [label="e"]
	"Term_p438" -> "e439"
	"Expression_p440" [label="Expression_p"]
	"Expression432" -> "Expression_p440"
	"e441" [label="e"]
	"Expression_p440" -> "e441"
	"]442" [label="]",style=filled,fillcolor=powderblue]
	"Expression_p429" -> "]442"
	"Expression443" [label="Expression"]
	"Expression_p429" -> "Expression443"
	"Statement444" [label="Statement"]
	"Statements2" -> "Statement444"
	"Label445" [label="Label"]
	"Statement444" -> "Label445"
	"L446" [label="L",style=filled,fillcolor=powderblue]
	"Label445" -> "L446"
	"num447" [label="num",style=filled,fillcolor=powderblue]
	"Label445" -> "num447"
	":448" [label=":",style=filled,fillcolor=powderblue]
	"Label445" -> ":448"
	"Statement449" [label="Statement"]
	"Statements2" -> "Statement449"
	"Assignment450" [label="Assignment"]
	"Statement449" -> "Assignment450"
	"m451" [label="m",style=filled,fillcolor=powderblue]
	"Assignment450" -> "m451"
	"[452" [label="[",style=filled,fillcolor=powderblue]
	"Assignment450" -> "[452"
	"Expression453" [label="Expression"]
	"Assignment450" -> "Expression453"
	"Term454" [label="Term"]
	"Expression453" -> "Term454"
	"Factor455" [label="Factor"]
	"Term454" -> "Factor455"
	"num456" [label="num",style=filled,fillcolor=powderblue]
	"Factor455" -> "num456"
	"Power457" [label="Power"]
	"Factor455" -> "Power457"
	"e458" [label="e"]
	"Power457" -> "e458"
	"Term_p459" [label="Term_p"]
	"Term454" -> "Term_p459"
	"e460" [label="e"]
	"Term_p459" -> "e460"
	"Expression_p461" [label="Expression_p"]
	"Expression453" -> "Expression_p461"
	"e462" [label="e"]
	"Expression_p461" -> "e462"
	"]463" [label="]",style=filled,fillcolor=powderblue]
	"Assignment450" -> "]463"
	"=464" [label="=",style=filled,fillcolor=powderblue]
	"Assignment450" -> "=464"
	"Expression465" [label="Expression"]
	"Assignment450" -> "Expression465"
	"Term466" [label="Term"]
	"Expression465" -> "Term466"
	"Factor467" [label="Factor"]
	"Term466" -> "Factor467"
	"num468" [label="num",style=filled,fillcolor=powderblue]
	"Factor467" -> "num468"
	"Power469" [label="Power"]
	"Factor467" -> "Power469"
	"e470" [label="e"]
	"Power469" -> "e470"
	"Term_p471" [label="Term_p"]
	"Term466" -> "Term_p471"
	"e472" [label="e"]
	"Term_p471" -> "e472"
	"Expression_p473" [label="Expression_p"]
	"Expression465" -> "Expression_p473"
	"-474" [label="-",style=filled,fillcolor=powderblue]
	"Expression_p473" -> "-474"
	"Expression475" [label="Expression"]
	"Expression_p473" -> "Expression475"
	"Term476" [label="Term"]
	"Expression475" -> "Term476"
	"Factor477" [label="Factor"]
	"Term476" -> "Factor477"
	"(478" [label="(",style=filled,fillcolor=powderblue]
	"Factor477" -> "(478"
	"Expression479" [label="Expression"]
	"Factor477" -> "Expression479"
	"Term480" [label="Term"]
	"Expression479" -> "Term480"
	"Factor481" [label="Factor"]
	"Term480" -> "Factor481"
	"e482" [label="e"]
	"Factor481" -> "e482"
	"Term_p483" [label="Term_p"]
	"Term480" -> "Term_p483"
	"e484" [label="e"]
	"Term_p483" -> "e484"
	"Expression_p485" [label="Expression_p"]
	"Expression479" -> "Expression_p485"
	"m486" [label="m",style=filled,fillcolor=powderblue]
	"Expression_p485" -> "m486"
	"[487" [label="[",style=filled,fillcolor=powderblue]
	"Expression_p485" -> "[487"
	"Expression488" [label="Expression"]
	"Expression_p485" -> "Expression488"
	"Term489" [label="Term"]
	"Expression488" -> "Term489"
	"Factor490" [label="Factor"]
	"Term489" -> "Factor490"
	"num491" [label="num",style=filled,fillcolor=powderblue]
	"Factor490" -> "num491"
	"Power492" [label="Power"]
	"Factor490" -> "Power492"
	"e493" [label="e"]
	"Power492" -> "e493"
	"Term_p494" [label="Term_p"]
	"Term489" -> "Term_p494"
	"e495" [label="e"]
	"Term_p494" -> "e495"
	"Expression_p496" [label="Expression_p"]
	"Expression488" -> "Expression_p496"
	"e497" [label="e"]
	"Expression_p496" -> "e497"
	"]498" [label="]",style=filled,fillcolor=powderblue]
	"Expression_p485" -> "]498"
	"Expression499" [label="Expression"]
	"Expression_p485" -> "Expression499"
	"Term500" [label="Term"]
	"Expression499" -> "Term500"
	"Factor501" [label="Factor"]
	"Term500" -> "Factor501"
	"e502" [label="e"]
	"Factor501" -> "e502"
	"Term_p503" [label="Term_p"]
	"Term500" -> "Term_p503"
	"e504" [label="e"]
	"Term_p503" -> "e504"
	"Expression_p505" [label="Expression_p"]
	"Expression499" -> "Expression_p505"
	"-506" [label="-",style=filled,fillcolor=powderblue]
	"Expression_p505" -> "-506"
	"Expression507" [label="Expression"]
	"Expression_p505" -> "Expression507"
	"Term508" [label="Term"]
	"Expression507" -> "Term508"
	"Factor509" [label="Factor"]
	"Term508" -> "Factor509"
	"num510" [label="num",style=filled,fillcolor=powderblue]
	"Factor509" -> "num510"
	"Power511" [label="Power"]
	"Factor509" -> "Power511"
	"e512" [label="e"]
	"Power511" -> "e512"
	"Term_p513" [label="Term_p"]
	"Term508" -> "Term_p513"
	"e514" [label="e"]
	"Term_p513" -> "e514"
	"Expression_p515" [label="Expression_p"]
	"Expression507" -> "Expression_p515"
	"e516" [label="e"]
	"Expression_p515" -> "e516"
	")517" [label=")",style=filled,fillcolor=powderblue]
	"Factor477" -> ")517"
	"Power518" [label="Power"]
	"Factor477" -> "Power518"
	"e519" [label="e"]
	"Power518" -> "e519"
	"Term_p520" [label="Term_p"]
	"Term476" -> "Term_p520"
	"e521" [label="e"]
	"Term_p520" -> "e521"
	"Expression_p522" [label="Expression_p"]
	"Expression475" -> "Expression_p522"
	"e523" [label="e"]
	"Expression_p522" -> "e523"
	"Statement524" [label="Statement"]
	"Statements2" -> "Statement524"
	"Assignment525" [label="Assignment"]
	"Statement524" -> "Assignment525"
	"m526" [label="m",style=filled,fillcolor=powderblue]
	"Assignment525" -> "m526"
	"[527" [label="[",style=filled,fillcolor=powderblue]
	"Assignment525" -> "[527"
	"Expression528" [label="Expression"]
	"Assignment525" -> "Expression528"
	"Term529" [label="Term"]
	"Expression528" -> "Term529"
	"Factor530" [label="Factor"]
	"Term529" -> "Factor530"
	"num531" [label="num",style=filled,fillcolor=powderblue]
	"Factor530" -> "num531"
	"Power532" [label="Power"]
	"Factor530" -> "Power532"
	"e533" [label="e"]
	"Power532" -> "e533"
	"Term_p534" [label="Term_p"]
	"Term529" -> "Term_p534"
	"e535" [label="e"]
	"Term_p534" -> "e535"
	"Expression_p536" [label="Expression_p"]
	"Expression528" -> "Expression_p536"
	"e537" [label="e"]
	"Expression_p536" -> "e537"
	"]538" [label="]",style=filled,fillcolor=powderblue]
	"Assignment525" -> "]538"
	"=539" [label="=",style=filled,fillcolor=powderblue]
	"Assignment525" -> "=539"
	"Expression540" [label="Expression"]
	"Assignment525" -> "Expression540"
	"Term541" [label="Term"]
	"Expression540" -> "Term541"
	"Factor542" [label="Factor"]
	"Term541" -> "Factor542"
	"num543" [label="num",style=filled,fillcolor=powderblue]
	"Factor542" -> "num543"
	"Power544" [label="Power"]
	"Factor542" -> "Power544"
	"e545" [label="e"]
	"Power544" -> "e545"
	"Term_p546" [label="Term_p"]
	"Term541" -> "Term_p546"
	"*547" [label="*",style=filled,fillcolor=powderblue]
	"Term_p546" -> "*547"
	"Term548" [label="Term"]
	"Term_p546" -> "Term548"
	"Factor549" [label="Factor"]
	"Term548" -> "Factor549"
	"num550" [label="num",style=filled,fillcolor=powderblue]
	"Factor549" -> "num550"
	"Power551" [label="Power"]
	"Factor549" -> "Power551"
	"e552" [label="e"]
	"Power551" -> "e552"
	"Term_p553" [label="Term_p"]
	"Term548" -> "Term_p553"
	"e554" [label="e"]
	"Term_p553" -> "e554"
	"Expression_p555" [label="Expression_p"]
	"Expression540" -> "Expression_p555"
	"-556" [label="-",style=filled,fillcolor=powderblue]
	"Expression_p555" -> "-556"
	"Expression557" [label="Expression"]
	"Expression_p555" -> "Expression557"
	"Term558" [label="Term"]
	"Expression557" -> "Term558"
	"Factor559" [label="Factor"]
	"Term558" -> "Factor559"
	"num560" [label="num",style=filled,fillcolor=powderblue]
	"Factor559" -> "num560"
	"Power561" [label="Power"]
	"Factor559" -> "Power561"
	"e562" [label="e"]
	"Power561" -> "e562"
	"Term_p563" [label="Term_p"]
	"Term558" -> "Term_p563"
	"/564" [label="/",style=filled,fillcolor=powderblue]
	"Term_p563" -> "/564"
	"Term565" [label="Term"]
	"Term_p563" -> "Term565"
	"Factor566" [label="Factor"]
	"Term565" -> "Factor566"
	"num567" [label="num",style=filled,fillcolor=powderblue]
	"Factor566" -> "num567"
	"Power568" [label="Power"]
	"Factor566" -> "Power568"
	"**569" [label="**",style=filled,fillcolor=powderblue]
	"Power568" -> "**569"
	"Factor570" [label="Factor"]
	"Power568" -> "Factor570"
	"e571" [label="e"]
	"Factor570" -> "e571"
	"Term_p572" [label="Term_p"]
	"Term565" -> "Term_p572"
	"*573" [label="*",style=filled,fillcolor=powderblue]
	"Term_p572" -> "*573"
	"Term574" [label="Term"]
	"Term_p572" -> "Term574"
	"Factor575" [label="Factor"]
	"Term574" -> "Factor575"
	"num576" [label="num",style=filled,fillcolor=powderblue]
	"Factor575" -> "num576"
	"Power577" [label="Power"]
	"Factor575" -> "Power577"
	"e578" [label="e"]
	"Power577" -> "e578"
	"Term_p579" [label="Term_p"]
	"Term574" -> "Term_p579"
	"e580" [label="e"]
	"Term_p579" -> "e580"
	"Expression_p581" [label="Expression_p"]
	"Expression557" -> "Expression_p581"
	"e582" [label="e"]
	"Expression_p581" -> "e582"
	"Statement583" [label="Statement"]
	"Statements2" -> "Statement583"
	"Assignment584" [label="Assignment"]
	"Statement583" -> "Assignment584"
	"m585" [label="m",style=filled,fillcolor=powderblue]
	"Assignment584" -> "m585"
	"[586" [label="[",style=filled,fillcolor=powderblue]
	"Assignment584" -> "[586"
	"Expression587" [label="Expression"]
	"Assignment584" -> "Expression587"
	"Term588" [label="Term"]
	"Expression587" -> "Term588"
	"Factor589" [label="Factor"]
	"Term588" -> "Factor589"
	"num590" [label="num",style=filled,fillcolor=powderblue]
	"Factor589" -> "num590"
	"Power591" [label="Power"]
	"Factor589" -> "Power591"
	"e592" [label="e"]
	"Power591" -> "e592"
	"Term_p593" [label="Term_p"]
	"Term588" -> "Term_p593"
	"e594" [label="e"]
	"Term_p593" -> "e594"
	"Expression_p595" [label="Expression_p"]
	"Expression587" -> "Expression_p595"
	"e596" [label="e"]
	"Expression_p595" -> "e596"
	"]597" [label="]",style=filled,fillcolor=powderblue]
	"Assignment584" -> "]597"
	"=598" [label="=",style=filled,fillcolor=powderblue]
	"Assignment584" -> "=598"
	"Expression599" [label="Expression"]
	"Assignment584" -> "Expression599"
	"Term600" [label="Term"]
	"Expression599" -> "Term600"
	"Factor601" [label="Factor"]
	"Term600" -> "Factor601"
	"num602" [label="num",style=filled,fillcolor=powderblue]
	"Factor601" -> "num602"
	"Power603" [label="Power"]
	"Factor601" -> "Power603"
	"e604" [label="e"]
	"Power603" -> "e604"
	"Term_p605" [label="Term_p"]
	"Term600" -> "Term_p605"
	"e606" [label="e"]
	"Term_p605" -> "e606"
	"Expression_p607" [label="Expression_p"]
	"Expression599" -> "Expression_p607"
	"+608" [label="+",style=filled,fillcolor=powderblue]
	"Expression_p607" -> "+608"
	"Expression609" [label="Expression"]
	"Expression_p607" -> "Expression609"
	"Term610" [label="Term"]
	"Expression609" -> "Term610"
	"Factor611" [label="Factor"]
	"Term610" -> "Factor611"
	"e612" [label="e"]
	"Factor611" -> "e612"
	"Term_p613" [label="Term_p"]
	"Term610" -> "Term_p613"
	"e614" [label="e"]
	"Term_p613" -> "e614"
	"Expression_p615" [label="Expression_p"]
	"Expression609" -> "Expression_p615"
	"m616" [label="m",style=filled,fillcolor=powderblue]
	"Expression_p615" -> "m616"
	"[617" [label="[",style=filled,fillcolor=powderblue]
	"Expression_p615" -> "[617"
	"Expression618" [label="Expression"]
	"Expression_p615" -> "Expression618"
	"Term619" [label="Term"]
	"Expression618" -> "Term619"
	"Factor620" [label="Factor"]
	"Term619" -> "Factor620"
	"num621" [label="num",style=filled,fillcolor=powderblue]
	"Factor620" -> "num621"
	"Power622" [label="Power"]
	"Factor620" -> "Power622"
	"e623" [label="e"]
	"Power622" -> "e623"
	"Term_p624" [label="Term_p"]
	"Term619" -> "Term_p624"
	"e625" [label="e"]
	"Term_p624" -> "e625"
	"Expression_p626" [label="Expression_p"]
	"Expression618" -> "Expression_p626"
	"e627" [label="e"]
	"Expression_p626" -> "e627"
	"]628" [label="]",style=filled,fillcolor=powderblue]
	"Expression_p615" -> "]628"
	"Expression629" [label="Expression"]
	"Expression_p615" -> "Expression629"
	"Statement630" [label="Statement"]
	"Statements2" -> "Statement630"
	"Assignment631" [label="Assignment"]
	"Statement630" -> "Assignment631"
	"m632" [label="m",style=filled,fillcolor=powderblue]
	"Assignment631" -> "m632"
	"[633" [label="[",style=filled,fillcolor=powderblue]
	"Assignment631" -> "[633"
	"Expression634" [label="Expression"]
	"Assignment631" -> "Expression634"
	"Term635" [label="Term"]
	"Expression634" -> "Term635"
	"Factor636" [label="Factor"]
	"Term635" -> "Factor636"
	"num637" [label="num",style=filled,fillcolor=powderblue]
	"Factor636" -> "num637"
	"Power638" [label="Power"]
	"Factor636" -> "Power638"
	"e639" [label="e"]
	"Power638" -> "e639"
	"Term_p640" [label="Term_p"]
	"Term635" -> "Term_p640"
	"e641" [label="e"]
	"Term_p640" -> "e641"
	"Expression_p642" [label="Expression_p"]
	"Expression634" -> "Expression_p642"
	"e643" [label="e"]
	"Expression_p642" -> "e643"
	"]644" [label="]",style=filled,fillcolor=powderblue]
	"Assignment631" -> "]644"
	"=645" [label="=",style=filled,fillcolor=powderblue]
	"Assignment631" -> "=645"
	"Expression646" [label="Expression"]
	"Assignment631" -> "Expression646"
	"Term647" [label="Term"]
	"Expression646" -> "Term647"
	"Factor648" [label="Factor"]
	"Term647" -> "Factor648"
	"num649" [label="num",style=filled,fillcolor=powderblue]
	"Factor648" -> "num649"
	"Power650" [label="Power"]
	"Factor648" -> "Power650"
	"**651" [label="**",style=filled,fillcolor=powderblue]
	"Power650" -> "**651"
	"Factor652" [label="Factor"]
	"Power650" -> "Factor652"
	"e653" [label="e"]
	"Factor652" -> "e653"
	"Term_p654" [label="Term_p"]
	"Term647" -> "Term_p654"
	"*655" [label="*",style=filled,fillcolor=powderblue]
	"Term_p654" -> "*655"
	"Term656" [label="Term"]
	"Term_p654" -> "Term656"
	"Factor657" [label="Factor"]
	"Term656" -> "Factor657"
	"num658" [label="num",style=filled,fillcolor=powderblue]
	"Factor657" -> "num658"
	"Power659" [label="Power"]
	"Factor657" -> "Power659"
	"e660" [label="e"]
	"Power659" -> "e660"
	"Term_p661" [label="Term_p"]
	"Term656" -> "Term_p661"
	"e662" [label="e"]
	"Term_p661" -> "e662"
	"Expression_p663" [label="Expression_p"]
	"Expression646" -> "Expression_p663"
	"-664" [label="-",style=filled,fillcolor=powderblue]
	"Expression_p663" -> "-664"
	"Expression665" [label="Expression"]
	"Expression_p663" -> "Expression665"
	"Term666" [label="Term"]
	"Expression665" -> "Term666"
	"Factor667" [label="Factor"]
	"Term666" -> "Factor667"
	"num668" [label="num",style=filled,fillcolor=powderblue]
	"Factor667" -> "num668"
	"Power669" [label="Power"]
	"Factor667" -> "Power669"
	"**670" [label="**",style=filled,fillcolor=powderblue]
	"Power669" -> "**670"
	"Factor671" [label="Factor"]
	"Power669" -> "Factor671"
	"e672" [label="e"]
	"Factor671" -> "e672"
	"Term_p673" [label="Term_p"]
	"Term666" -> "Term_p673"
	"*674" [label="*",style=filled,fillcolor=powderblue]
	"Term_p673" -> "*674"
	"Term675" [label="Term"]
	"Term_p673" -> "Term675"
	"Factor676" [label="Factor"]
	"Term675" -> "Factor676"
	"num677" [label="num",style=filled,fillcolor=powderblue]
	"Factor676" -> "num677"
	"Power678" [label="Power"]
	"Factor676" -> "Power678"
	"**679" [label="**",style=filled,fillcolor=powderblue]
	"Power678" -> "**679"
	"Factor680" [label="Factor"]
	"Power678" -> "Factor680"
	"e681" [label="e"]
	"Factor680" -> "e681"
	"Term_p682" [label="Term_p"]
	"Term675" -> "Term_p682"
	"*683" [label="*",style=filled,fillcolor=powderblue]
	"Term_p682" -> "*683"
	"Term684" [label="Term"]
	"Term_p682" -> "Term684"
	"Factor685" [label="Factor"]
	"Term684" -> "Factor685"
	"num686" [label="num",style=filled,fillcolor=powderblue]
	"Factor685" -> "num686"
	"Power687" [label="Power"]
	"Factor685" -> "Power687"
	"e688" [label="e"]
	"Power687" -> "e688"
	"Term_p689" [label="Term_p"]
	"Term684" -> "Term_p689"
	"e690" [label="e"]
	"Term_p689" -> "e690"
	"Expression_p691" [label="Expression_p"]
	"Expression665" -> "Expression_p691"
	"-692" [label="-",style=filled,fillcolor=powderblue]
	"Expression_p691" -> "-692"
	"Expression693" [label="Expression"]
	"Expression_p691" -> "Expression693"
	"Term694" [label="Term"]
	"Expression693" -> "Term694"
	"Factor695" [label="Factor"]
	"Term694" -> "Factor695"
	"num696" [label="num",style=filled,fillcolor=powderblue]
	"Factor695" -> "num696"
	"Power697" [label="Power"]
	"Factor695" -> "Power697"
	"e698" [label="e"]
	"Power697" -> "e698"
	"Term_p699" [label="Term_p"]
	"Term694" -> "Term_p699"
	"e700" [label="e"]
	"Term_p699" -> "e700"
	"Expression_p701" [label="Expression_p"]
	"Expression693" -> "Expression_p701"
	"e702" [label="e"]
	"Expression_p701" -> "e702"
	"Statement703" [label="Statement"]
	"Statements2" -> "Statement703"
	"Assignment704" [label="Assignment"]
	"Statement703" -> "Assignment704"
	"m705" [label="m",style=filled,fillcolor=powderblue]
	"Assignment704" -> "m705"
	"[706" [label="[",style=filled,fillcolor=powderblue]
	"Assignment704" -> "[706"
	"Expression707" [label="Expression"]
	"Assignment704" -> "Expression707"
	"Term708" [label="Term"]
	"Expression707" -> "Term708"
	"Factor709" [label="Factor"]
	"Term708" -> "Factor709"
	"num710" [label="num",style=filled,fillcolor=powderblue]
	"Factor709" -> "num710"
	"Power711" [label="Power"]
	"Factor709" -> "Power711"
	"e712" [label="e"]
	"Power711" -> "e712"
	"Term_p713" [label="Term_p"]
	"Term708" -> "Term_p713"
	"e714" [label="e"]
	"Term_p713" -> "e714"
	"Expression_p715" [label="Expression_p"]
	"Expression707" -> "Expression_p715"
	"e716" [label="e"]
	"Expression_p715" -> "e716"
	"]717" [label="]",style=filled,fillcolor=powderblue]
	"Assignment704" -> "]717"
	"=718" [label="=",style=filled,fillcolor=powderblue]
	"Assignment704" -> "=718"
	"Expression719" [label="Expression"]
	"Assignment704" -> "Expression719"
	"Term720" [label="Term"]
	"Expression719" -> "Term720"
	"Factor721" [label="Factor"]
	"Term720" -> "Factor721"
	"num722" [label="num",style=filled,fillcolor=powderblue]
	"Factor721" -> "num722"
	"Power723" [label="Power"]
	"Factor721" -> "Power723"
	"e724" [label="e"]
	"Power723" -> "e724"
	"Term_p725" [label="Term_p"]
	"Term720" -> "Term_p725"
	"e726" [label="e"]
	"Term_p725" -> "e726"
	"Expression_p727" [label="Expression_p"]
	"Expression719" -> "Expression_p727"
	"-728" [label="-",style=filled,fillcolor=powderblue]
	"Expression_p727" -> "-728"
	"Expression729" [label="Expression"]
	"Expression_p727" -> "Expression729"
	"Term730" [label="Term"]
	"Expression729" -> "Term730"
	"Factor731" [label="Factor"]
	"Term730" -> "Factor731"
	"e732" [label="e"]
	"Factor731" -> "e732"
	"Term_p733" [label="Term_p"]
	"Term730" -> "Term_p733"
	"e734" [label="e"]
	"Term_p733" -> "e734"
	"Expression_p735" [label="Expression_p"]
	"Expression729" -> "Expression_p735"
	"m736" [label="m",style=filled,fillcolor=powderblue]
	"Expression_p735" -> "m736"
	"[737" [label="[",style=filled,fillcolor=powderblue]
	"Expression_p735" -> "[737"
	"Expression738" [label="Expression"]
	"Expression_p735" -> "Expression738"
	"Term739" [label="Term"]
	"Expression738" -> "Term739"
	"Factor740" [label="Factor"]
	"Term739" -> "Factor740"
	"num741" [label="num",style=filled,fillcolor=powderblue]
	"Factor740" -> "num741"
	"Power742" [label="Power"]
	"Factor740" -> "Power742"
	"e743" [label="e"]
	"Power742" -> "e743"
	"Term_p744" [label="Term_p"]
	"Term739" -> "Term_p744"
	"e745" [label="e"]
	"Term_p744" -> "e745"
	"Expression_p746" [label="Expression_p"]
	"Expression738" -> "Expression_p746"
	"-747" [label="-",style=filled,fillcolor=powderblue]
	"Expression_p746" -> "-747"
	"Expression748" [label="Expression"]
	"Expression_p746" -> "Expression748"
	"Term749" [label="Term"]
	"Expression748" -> "Term749"
	"Factor750" [label="Factor"]
	"Term749" -> "Factor750"
	"num751" [label="num",style=filled,fillcolor=powderblue]
	"Factor750" -> "num751"
	"Power752" [label="Power"]
	"Factor750" -> "Power752"
	"e753" [label="e"]
	"Power752" -> "e753"
	"Term_p754" [label="Term_p"]
	"Term749" -> "Term_p754"
	"e755" [label="e"]
	"Term_p754" -> "e755"
	"Expression_p756" [label="Expression_p"]
	"Expression748" -> "Expression_p756"
	"e757" [label="e"]
	"Expression_p756" -> "e757"
	"]758" [label="]",style=filled,fillcolor=powderblue]
	"Expression_p735" -> "]758"
	"Expression759" [label="Expression"]
	"Expression_p735" -> "Expression759"
	"Statement760" [label="Statement"]
	"Statements2" -> "Statement760"
	"Assignment761" [label="Assignment"]
	"Statement760" -> "Assignment761"
	"m762" [label="m",style=filled,fillcolor=powderblue]
	"Assignment761" -> "m762"
	"[763" [label="[",style=filled,fillcolor=powderblue]
	"Assignment761" -> "[763"
	"Expression764" [label="Expression"]
	"Assignment761" -> "Expression764"
	"Term765" [label="Term"]
	"Expression764" -> "Term765"
	"Factor766" [label="Factor"]
	"Term765" -> "Factor766"
	"num767" [label="num",style=filled,fillcolor=powderblue]
	"Factor766" -> "num767"
	"Power768" [label="Power"]
	"Factor766" -> "Power768"
	"e769" [label="e"]
	"Power768" -> "e769"
	"Term_p770" [label="Term_p"]
	"Term765" -> "Term_p770"
	"e771" [label="e"]
	"Term_p770" -> "e771"
	"Expression_p772" [label="Expression_p"]
	"Expression764" -> "Expression_p772"
	"e773" [label="e"]
	"Expression_p772" -> "e773"
	"]774" [label="]",style=filled,fillcolor=powderblue]
	"Assignment761" -> "]774"
	"=775" [label="=",style=filled,fillcolor=powderblue]
	"Assignment761" -> "=775"
	"Expression776" [label="Expression"]
	"Assignment761" -> "Expression776"
	"Term777" [label="Term"]
	"Expression776" -> "Term777"
	"Factor778" [label="Factor"]
	"Term777" -> "Factor778"
	"num779" [label="num",style=filled,fillcolor=powderblue]
	"Factor778" -> "num779"
	"Power780" [label="Power"]
	"Factor778" -> "Power780"
	"e781" [label="e"]
	"Power780" -> "e781"
	"Term_p782" [label="Term_p"]
	"Term777" -> "Term_p782"
	"e783" [label="e"]
	"Term_p782" -> "e783"
	"Expression_p784" [label="Expression_p"]
	"Expression776" -> "Expression_p784"
	"-785" [label="-",style=filled,fillcolor=powderblue]
	"Expression_p784" -> "-785"
	"Expression786" [label="Expression"]
	"Expression_p784" -> "Expression786"
	"Term787" [label="Term"]
	"Expression786" -> "Term787"
	"Factor788" [label="Factor"]
	"Term787" -> "Factor788"
	"(789" [label="(",style=filled,fillcolor=powderblue]
	"Factor788" -> "(789"
	"Expression790" [label="Expression"]
	"Factor788" -> "Expression790"
	"Term791" [label="Term"]
	"Expression790" -> "Term791"
	"Factor792" [label="Factor"]
	"Term791" -> "Factor792"
	"num793" [label="num",style=filled,fillcolor=powderblue]
	"Factor792" -> "num793"
	"Power794" [label="Power"]
	"Factor792" -> "Power794"
	"e795" [label="e"]
	"Power794" -> "e795"
	"Term_p796" [label="Term_p"]
	"Term791" -> "Term_p796"
	"e797" [label="e"]
	"Term_p796" -> "e797"
	"Expression_p798" [label="Expression_p"]
	"Expression790" -> "Expression_p798"
	"-799" [label="-",style=filled,fillcolor=powderblue]
	"Expression_p798" -> "-799"
	"Expression800" [label="Expression"]
	"Expression_p798" -> "Expression800"
	"Term801" [label="Term"]
	"Expression800" -> "Term801"
	"Factor802" [label="Factor"]
	"Term801" -> "Factor802"
	"num803" [label="num",style=filled,fillcolor=powderblue]
	"Factor802" -> "num803"
	"Power804" [label="Power"]
	"Factor802" -> "Power804"
	"e805" [label="e"]
	"Power804" -> "e805"
	"Term_p806" [label="Term_p"]
	"Term801" -> "Term_p806"
	"e807" [label="e"]
	"Term_p806" -> "e807"
	"Expression_p808" [label="Expression_p"]
	"Expression800" -> "Expression_p808"
	"e809" [label="e"]
	"Expression_p808" -> "e809"
	")810" [label=")",style=filled,fillcolor=powderblue]
	"Factor788" -> ")810"
	"Power811" [label="Power"]
	"Factor788" -> "Power811"
	"e812" [label="e"]
	"Power811" -> "e812"
	"Term_p813" [label="Term_p"]
	"Term787" -> "Term_p813"
	"e814" [label="e"]
	"Term_p813" -> "e814"
	"Expression_p815" [label="Expression_p"]
	"Expression786" -> "Expression_p815"
	"e816" [label="e"]
	"Expression_p815" -> "e816"
	"Statement817" [label="Statement"]
	"Statements2" -> "Statement817"
	"Assignment818" [label="Assignment"]
	"Statement817" -> "Assignment818"
	"m819" [label="m",style=filled,fillcolor=powderblue]
	"Assignment818" -> "m819"
	"[820" [label="[",style=filled,fillcolor=powderblue]
	"Assignment818" -> "[820"
	"Expression821" [label="Expression"]
	"Assignment818" -> "Expression821"
	"Term822" [label="Term"]
	"Expression821" -> "Term822"
	"Factor823" [label="Factor"]
	"Term822" -> "Factor823"
	"num824" [label="num",style=filled,fillcolor=powderblue]
	"Factor823" -> "num824"
	"Power825" [label="Power"]
	"Factor823" -> "Power825"
	"e826" [label="e"]
	"Power825" -> "e826"
	"Term_p827" [label="Term_p"]
	"Term822" -> "Term_p827"
	"e828" [label="e"]
	"Term_p827" -> "e828"
	"Expression_p829" [label="Expression_p"]
	"Expression821" -> "Expression_p829"
	"e830" [label="e"]
	"Expression_p829" -> "e830"
	"]831" [label="]",style=filled,fillcolor=powderblue]
	"Assignment818" -> "]831"
	"=832" [label="=",style=filled,fillcolor=powderblue]
	"Assignment818" -> "=832"
	"Expression833" [label="Expression"]
	"Assignment818" -> "Expression833"
	"Term834" [label="Term"]
	"Expression833" -> "Term834"
	"Factor835" [label="Factor"]
	"Term834" -> "Factor835"
	"num836" [label="num",style=filled,fillcolor=powderblue]
	"Factor835" -> "num836"
	"Power837" [label="Power"]
	"Factor835" -> "Power837"
	"e838" [label="e"]
	"Power837" -> "e838"
	"Term_p839" [label="Term_p"]
	"Term834" -> "Term_p839"
	"e840" [label="e"]
	"Term_p839" -> "e840"
	"Expression_p841" [label="Expression_p"]
	"Expression833" -> "Expression_p841"
	"-842" [label="-",style=filled,fillcolor=powderblue]
	"Expression_p841" -> "-842"
	"Expression843" [label="Expression"]
	"Expression_p841" -> "Expression843"
	"Term844" [label="Term"]
	"Expression843" -> "Term844"
	"Factor845" [label="Factor"]
	"Term844" -> "Factor845"
	"(846" [label="(",style=filled,fillcolor=powderblue]
	"Factor845" -> "(846"
	"Expression847" [label="Expression"]
	"Factor845" -> "Expression847"
	"Term848" [label="Term"]
	"Expression847" -> "Term848"
	"Factor849" [label="Factor"]
	"Term848" -> "Factor849"
	"num850" [label="num",style=filled,fillcolor=powderblue]
	"Factor849" -> "num850"
	"Power851" [label="Power"]
	"Factor849" -> "Power851"
	"**852" [label="**",style=filled,fillcolor=powderblue]
	"Power851" -> "**852"
	"Factor853" [label="Factor"]
	"Power851" -> "Factor853"
	"e854" [label="e"]
	"Factor853" -> "e854"
	"Term_p855" [label="Term_p"]
	"Term848" -> "Term_p855"
	"*856" [label="*",style=filled,fillcolor=powderblue]
	"Term_p855" -> "*856"
	"Term857" [label="Term"]
	"Term_p855" -> "Term857"
	"Factor858" [label="Factor"]
	"Term857" -> "Factor858"
	"num859" [label="num",style=filled,fillcolor=powderblue]
	"Factor858" -> "num859"
	"Power860" [label="Power"]
	"Factor858" -> "Power860"
	"e861" [label="e"]
	"Power860" -> "e861"
	"Term_p862" [label="Term_p"]
	"Term857" -> "Term_p862"
	"e863" [label="e"]
	"Term_p862" -> "e863"
	"Expression_p864" [label="Expression_p"]
	"Expression847" -> "Expression_p864"
	"-865" [label="-",style=filled,fillcolor=powderblue]
	"Expression_p864" -> "-865"
	"Expression866" [label="Expression"]
	"Expression_p864" -> "Expression866"
	"Term867" [label="Term"]
	"Expression866" -> "Term867"
	"Factor868" [label="Factor"]
	"Term867" -> "Factor868"
	"e869" [label="e"]
	"Factor868" -> "e869"
	"Term_p870" [label="Term_p"]
	"Term867" -> "Term_p870"
	"e871" [label="e"]
	"Term_p870" -> "e871"
	"Expression_p872" [label="Expression_p"]
	"Expression866" -> "Expression_p872"
	"m873" [label="m",style=filled,fillcolor=powderblue]
	"Expression_p872" -> "m873"
	"[874" [label="[",style=filled,fillcolor=powderblue]
	"Expression_p872" -> "[874"
	"Expression875" [label="Expression"]
	"Expression_p872" -> "Expression875"
	"Term876" [label="Term"]
	"Expression875" -> "Term876"
	"Factor877" [label="Factor"]
	"Term876" -> "Factor877"
	"num878" [label="num",style=filled,fillcolor=powderblue]
	"Factor877" -> "num878"
	"Power879" [label="Power"]
	"Factor877" -> "Power879"
	"e880" [label="e"]
	"Power879" -> "e880"
	"Term_p881" [label="Term_p"]
	"Term876" -> "Term_p881"
	"e882" [label="e"]
	"Term_p881" -> "e882"
	"Expression_p883" [label="Expression_p"]
	"Expression875" -> "Expression_p883"
	"e884" [label="e"]
	"Expression_p883" -> "e884"
	"]885" [label="]",style=filled,fillcolor=powderblue]
	"Expression_p872" -> "]885"
	"Expression886" [label="Expression"]
	"Expression_p872" -> "Expression886"
	"Term887" [label="Term"]
	"Expression886" -> "Term887"
	"Factor888" [label="Factor"]
	"Term887" -> "Factor888"
	"e889" [label="e"]
	"Factor888" -> "e889"
	"Term_p890" [label="Term_p"]
	"Term887" -> "Term_p890"
	"e891" [label="e"]
	"Term_p890" -> "e891"
	"Expression_p892" [label="Expression_p"]
	"Expression886" -> "Expression_p892"
	"e893" [label="e"]
	"Expression_p892" -> "e893"
	")894" [label=")",style=filled,fillcolor=powderblue]
	"Factor845" -> ")894"
	"Power895" [label="Power"]
	"Factor845" -> "Power895"
	"e896" [label="e"]
	"Power895" -> "e896"
	"Term_p897" [label="Term_p"]
	"Term844" -> "Term_p897"
	"e898" [label="e"]
	"Term_p897" -> "e898"
	"Expression_p899" [label="Expression_p"]
	"Expression843" -> "Expression_p899"
	"e900" [label="e"]
	"Expression_p899" -> "e900"
	"Statement901" [label="Statement"]
	"Statements2" -> "Statement901"
	"Assignment902" [label="Assignment"]
	"Statement901" -> "Assignment902"
	"m903" [label="m",style=filled,fillcolor=powderblue]
	"Assignment902" -> "m903"
	"[904" [label="[",style=filled,fillcolor=powderblue]
	"Assignment902" -> "[904"
	"Expression905" [label="Expression"]
	"Assignment902" -> "Expression905"
	"Term906" [label="Term"]
	"Expression905" -> "Term906"
	"Factor907" [label="Factor"]
	"Term906" -> "Factor907"
	"num908" [label="num",style=filled,fillcolor=powderblue]
	"Factor907" -> "num908"
	"Power909" [label="Power"]
	"Factor907" -> "Power909"
	"e910" [label="e"]
	"Power909" -> "e910"
	"Term_p911" [label="Term_p"]
	"Term906" -> "Term_p911"
	"e912" [label="e"]
	"Term_p911" -> "e912"
	"Expression_p913" [label="Expression_p"]
	"Expression905" -> "Expression_p913"
	"e914" [label="e"]
	"Expression_p913" -> "e914"
	"]915" [label="]",style=filled,fillcolor=powderblue]
	"Assignment902" -> "]915"
	"=916" [label="=",style=filled,fillcolor=powderblue]
	"Assignment902" -> "=916"
	"Expression917" [label="Expression"]
	"Assignment902" -> "Expression917"
	"Term918" [label="Term"]
	"Expression917" -> "Term918"
	"Factor919" [label="Factor"]
	"Term918" -> "Factor919"
	"num920" [label="num",style=filled,fillcolor=powderblue]
	"Factor919" -> "num920"
	"Power921" [label="Power"]
	"Factor919" -> "Power921"
	"e922" [label="e"]
	"Power921" -> "e922"
	"Term_p923" [label="Term_p"]
	"Term918" -> "Term_p923"
	"/924" [label="/",style=filled,fillcolor=powderblue]
	"Term_p923" -> "/924"
	"Term925" [label="Term"]
	"Term_p923" -> "Term925"
	"Factor926" [label="Factor"]
	"Term925" -> "Factor926"
	"num927" [label="num",style=filled,fillcolor=powderblue]
	"Factor926" -> "num927"
	"Power928" [label="Power"]
	"Factor926" -> "Power928"
	"e929" [label="e"]
	"Power928" -> "e929"
	"Term_p930" [label="Term_p"]
	"Term925" -> "Term_p930"
	"*931" [label="*",style=filled,fillcolor=powderblue]
	"Term_p930" -> "*931"
	"Term932" [label="Term"]
	"Term_p930" -> "Term932"
	"Factor933" [label="Factor"]
	"Term932" -> "Factor933"
	"num934" [label="num",style=filled,fillcolor=powderblue]
	"Factor933" -> "num934"
	"Power935" [label="Power"]
	"Factor933" -> "Power935"
	"e936" [label="e"]
	"Power935" -> "e936"
	"Term_p937" [label="Term_p"]
	"Term932" -> "Term_p937"
	"e938" [label="e"]
	"Term_p937" -> "e938"
	"Expression_p939" [label="Expression_p"]
	"Expression917" -> "Expression_p939"
	"e940" [label="e"]
	"Expression_p939" -> "e940"
	"Statement941" [label="Statement"]
	"Statements2" -> "Statement941"
	"Print942" [label="Print"]
	"Statement941" -> "Print942"
	"print943" [label="print",style=filled,fillcolor=powderblue]
	"Print942" -> "print943"
	"Expression944" [label="Expression"]
	"Print942" -> "Expression944"
	"Term945" [label="Term"]
	"Expression944" -> "Term945"
	"Factor946" [label="Factor"]
	"Term945" -> "Factor946"
	"e947" [label="e"]
	"Factor946" -> "e947"
	"Term_p948" [label="Term_p"]
	"Term945" -> "Term_p948"
	"e949" [label="e"]
	"Term_p948" -> "e949"
	"Expression_p950" [label="Expression_p"]
	"Expression944" -> "Expression_p950"
	"m951" [label="m",style=filled,fillcolor=powderblue]
	"Expression_p950" -> "m951"
	"[952" [label="[",style=filled,fillcolor=powderblue]
	"Expression_p950" -> "[952"
	"Expression953" [label="Expression"]
	"Expression_p950" -> "Expression953"
	"Term954" [label="Term"]
	"Expression953" -> "Term954"
	"Factor955" [label="Factor"]
	"Term954" -> "Factor955"
	"num956" [label="num",style=filled,fillcolor=powderblue]
	"Factor955" -> "num956"
	"Power957" [label="Power"]
	"Factor955" -> "Power957"
	"e958" [label="e"]
	"Power957" -> "e958"
	"Term_p959" [label="Term_p"]
	"Term954" -> "Term_p959"
	"e960" [label="e"]
	"Term_p959" -> "e960"
	"Expression_p961" [label="Expression_p"]
	"Expression953" -> "Expression_p961"
	"e962" [label="e"]
	"Expression_p961" -> "e962"
	"]963" [label="]",style=filled,fillcolor=powderblue]
	"Expression_p950" -> "]963"
	"Expression964" [label="Expression"]
	"Expression_p950" -> "Expression964"
	"Statement965" [label="Statement"]
	"Statements2" -> "Statement965"
	"Print966" [label="Print"]
	"Statement965" -> "Print966"
	"print967" [label="print",style=filled,fillcolor=powderblue]
	"Print966" -> "print967"
	"Expression968" [label="Expression"]
	"Print966" -> "Expression968"
	"Term969" [label="Term"]
	"Expression968" -> "Term969"
	"Factor970" [label="Factor"]
	"Term969" -> "Factor970"
	"e971" [label="e"]
	"Factor970" -> "e971"
	"Term_p972" [label="Term_p"]
	"Term969" -> "Term_p972"
	"e973" [label="e"]
	"Term_p972" -> "e973"
	"Expression_p974" [label="Expression_p"]
	"Expression968" -> "Expression_p974"
	"m975" [label="m",style=filled,fillcolor=powderblue]
	"Expression_p974" -> "m975"
	"[976" [label="[",style=filled,fillcolor=powderblue]
	"Expression_p974" -> "[976"
	"Expression977" [label="Expression"]
	"Expression_p974" -> "Expression977"
	"Term978" [label="Term"]
	"Expression977" -> "Term978"
	"Factor979" [label="Factor"]
	"Term978" -> "Factor979"
	"num980" [label="num",style=filled,fillcolor=powderblue]
	"Factor979" -> "num980"
	"Power981" [label="Power"]
	"Factor979" -> "Power981"
	"e982" [label="e"]
	"Power981" -> "e982"
	"Term_p983" [label="Term_p"]
	"Term978" -> "Term_p983"
	"e984" [label="e"]
	"Term_p983" -> "e984"
	"Expression_p985" [label="Expression_p"]
	"Expression977" -> "Expression_p985"
	"e986" [label="e"]
	"Expression_p985" -> "e986"
	"]987" [label="]",style=filled,fillcolor=powderblue]
	"Expression_p974" -> "]987"
	"Expression988" [label="Expression"]
	"Expression_p974" -> "Expression988"
	"Statement989" [label="Statement"]
	"Statements2" -> "Statement989"
	"Assignment990" [label="Assignment"]
	"Statement989" -> "Assignment990"
	"m991" [label="m",style=filled,fillcolor=powderblue]
	"Assignment990" -> "m991"
	"[992" [label="[",style=filled,fillcolor=powderblue]
	"Assignment990" -> "[992"
	"Expression993" [label="Expression"]
	"Assignment990" -> "Expression993"
	"Term994" [label="Term"]
	"Expression993" -> "Term994"
	"Factor995" [label="Factor"]
	"Term994" -> "Factor995"
	"num996" [label="num",style=filled,fillcolor=powderblue]
	"Factor995" -> "num996"
	"Power997" [label="Power"]
	"Factor995" -> "Power997"
	"**998" [label="**",style=filled,fillcolor=powderblue]
	"Power997" -> "**998"
	"Factor999" [label="Factor"]
	"Power997" -> "Factor999"
	"e1000" [label="e"]
	"Factor999" -> "e1000"
	"Term_p1001" [label="Term_p"]
	"Term994" -> "Term_p1001"
	"*1002" [label="*",style=filled,fillcolor=powderblue]
	"Term_p1001" -> "*1002"
	"Term1003" [label="Term"]
	"Term_p1001" -> "Term1003"
	"Factor1004" [label="Factor"]
	"Term1003" -> "Factor1004"
	"num1005" [label="num",style=filled,fillcolor=powderblue]
	"Factor1004" -> "num1005"
	"Power1006" [label="Power"]
	"Factor1004" -> "Power1006"
	"e1007" [label="e"]
	"Power1006" -> "e1007"
	"Term_p1008" [label="Term_p"]
	"Term1003" -> "Term_p1008"
	"e1009" [label="e"]
	"Term_p1008" -> "e1009"
	"Expression_p1010" [label="Expression_p"]
	"Expression993" -> "Expression_p1010"
	"e1011" [label="e"]
	"Expression_p1010" -> "e1011"
	"]1012" [label="]",style=filled,fillcolor=powderblue]
	"Assignment990" -> "]1012"
	"=1013" [label="=",style=filled,fillcolor=powderblue]
	"Assignment990" -> "=1013"
	"Expression1014" [label="Expression"]
	"Assignment990" -> "Expression1014"
	"Term1015" [label="Term"]
	"Expression1014" -> "Term1015"
	"Factor1016" [label="Factor"]
	"Term1015" -> "Factor1016"
	"num1017" [label="num",style=filled,fillcolor=powderblue]
	"Factor1016" -> "num1017"
	"Power1018" [label="Power"]
	"Factor1016" -> "Power1018"
	"e1019" [label="e"]
	"Power1018" -> "e1019"
	"Term_p1020" [label="Term_p"]
	"Term1015" -> "Term_p1020"
	"e1021" [label="e"]
	"Term_p1020" -> "e1021"
	"Expression_p1022" [label="Expression_p"]
	"Expression1014" -> "Expression_p1022"
	"+1023" [label="+",style=filled,fillcolor=powderblue]
	"Expression_p1022" -> "+1023"
	"Expression1024" [label="Expression"]
	"Expression_p1022" -> "Expression1024"
	"Term1025" [label="Term"]
	"Expression1024" -> "Term1025"
	"Factor1026" [label="Factor"]
	"Term1025" -> "Factor1026"
	"e1027" [label="e"]
	"Factor1026" -> "e1027"
	"Term_p1028" [label="Term_p"]
	"Term1025" -> "Term_p1028"
	"e1029" [label="e"]
	"Term_p1028" -> "e1029"
	"Expression_p1030" [label="Expression_p"]
	"Expression1024" -> "Expression_p1030"
	"m1031" [label="m",style=filled,fillcolor=powderblue]
	"Expression_p1030" -> "m1031"
	"[1032" [label="[",style=filled,fillcolor=powderblue]
	"Expression_p1030" -> "[1032"
	"Expression1033" [label="Expression"]
	"Expression_p1030" -> "Expression1033"
	"Term1034" [label="Term"]
	"Expression1033" -> "Term1034"
	"Factor1035" [label="Factor"]
	"Term1034" -> "Factor1035"
	"num1036" [label="num",style=filled,fillcolor=powderblue]
	"Factor1035" -> "num1036"
	"Power1037" [label="Power"]
	"Factor1035" -> "Power1037"
	"e1038" [label="e"]
	"Power1037" -> "e1038"
	"Term_p1039" [label="Term_p"]
	"Term1034" -> "Term_p1039"
	"e1040" [label="e"]
	"Term_p1039" -> "e1040"
	"Expression_p1041" [label="Expression_p"]
	"Expression1033" -> "Expression_p1041"
	"e1042" [label="e"]
	"Expression_p1041" -> "e1042"
	"]1043" [label="]",style=filled,fillcolor=powderblue]
	"Expression_p1030" -> "]1043"
	"Expression1044" [label="Expression"]
	"Expression_p1030" -> "Expression1044"
	"Statement1045" [label="Statement"]
	"Statements2" -> "Statement1045"
	"Assignment1046" [label="Assignment"]
	"Statement1045" -> "Assignment1046"
	"m1047" [label="m",style=filled,fillcolor=powderblue]
	"Assignment1046" -> "m1047"
	"[1048" [label="[",style=filled,fillcolor=powderblue]
	"Assignment1046" -> "[1048"
	"Expression1049" [label="Expression"]
	"Assignment1046" -> "Expression1049"
	"Term1050" [label="Term"]
	"Expression1049" -> "Term1050"
	"Factor1051" [label="Factor"]
	"Term1050" -> "Factor1051"
	"num1052" [label="num",style=filled,fillcolor=powderblue]
	"Factor1051" -> "num1052"
	"Power1053" [label="Power"]
	"Factor1051" -> "Power1053"
	"e1054" [label="e"]
	"Power1053" -> "e1054"
	"Term_p1055" [label="Term_p"]
	"Term1050" -> "Term_p1055"
	"e1056" [label="e"]
	"Term_p1055" -> "e1056"
	"Expression_p1057" [label="Expression_p"]
	"Expression1049" -> "Expression_p1057"
	"e1058" [label="e"]
	"Expression_p1057" -> "e1058"
	"]1059" [label="]",style=filled,fillcolor=powderblue]
	"Assignment1046" -> "]1059"
	"=1060" [label="=",style=filled,fillcolor=powderblue]
	"Assignment1046" -> "=1060"
	"Expression1061" [label="Expression"]
	"Assignment1046" -> "Expression1061"
	"Term1062" [label="Term"]
	"Expression1061" -> "Term1062"
	"Factor1063" [label="Factor"]
	"Term1062" -> "Factor1063"
	"num1064" [label="num",style=filled,fillcolor=powderblue]
	"Factor1063" -> "num1064"
	"Power1065" [label="Power"]
	"Factor1063" -> "Power1065"
	"e1066" [label="e"]
	"Power1065" -> "e1066"
	"Term_p1067" [label="Term_p"]
	"Term1062" -> "Term_p1067"
	"e1068" [label="e"]
	"Term_p1067" -> "e1068"
	"Expression_p1069" [label="Expression_p"]
	"Expression1061" -> "Expression_p1069"
	"-1070" [label="-",style=filled,fillcolor=powderblue]
	"Expression_p1069" -> "-1070"
	"Expression1071" [label="Expression"]
	"Expression_p1069" -> "Expression1071"
	"Term1072" [label="Term"]
	"Expression1071" -> "Term1072"
	"Factor1073" [label="Factor"]
	"Term1072" -> "Factor1073"
	"e1074" [label="e"]
	"Factor1073" -> "e1074"
	"Term_p1075" [label="Term_p"]
	"Term1072" -> "Term_p1075"
	"e1076" [label="e"]
	"Term_p1075" -> "e1076"
	"Expression_p1077" [label="Expression_p"]
	"Expression1071" -> "Expression_p1077"
	"m1078" [label="m",style=filled,fillcolor=powderblue]
	"Expression_p1077" -> "m1078"
	"[1079" [label="[",style=filled,fillcolor=powderblue]
	"Expression_p1077" -> "[1079"
	"Expression1080" [label="Expression"]
	"Expression_p1077" -> "Expression1080"
	"Term1081" [label="Term"]
	"Expression1080" -> "Term1081"
	"Factor1082" [label="Factor"]
	"Term1081" -> "Factor1082"
	"num1083" [label="num",style=filled,fillcolor=powderblue]
	"Factor1082" -> "num1083"
	"Power1084" [label="Power"]
	"Factor1082" -> "Power1084"
	"e1085" [label="e"]
	"Power1084" -> "e1085"
	"Term_p1086" [label="Term_p"]
	"Term1081" -> "Term_p1086"
	"e1087" [label="e"]
	"Term_p1086" -> "e1087"
	"Expression_p1088" [label="Expression_p"]
	"Expression1080" -> "Expression_p1088"
	"-1089" [label="-",style=filled,fillcolor=powderblue]
	"Expression_p1088" -> "-1089"
	"Expression1090" [label="Expression"]
	"Expression_p1088" -> "Expression1090"
	"Term1091" [label="Term"]
	"Expression1090" -> "Term1091"
	"Factor1092" [label="Factor"]
	"Term1091" -> "Factor1092"
	"num1093" [label="num",style=filled,fillcolor=powderblue]
	"Factor1092" -> "num1093"
	"Power1094" [label="Power"]
	"Factor1092" -> "Power1094"
	"e1095" [label="e"]
	"Power1094" -> "e1095"
	"Term_p1096" [label="Term_p"]
	"Term1091" -> "Term_p1096"
	"e1097" [label="e"]
	"Term_p1096" -> "e1097"
	"Expression_p1098" [label="Expression_p"]
	"Expression1090" -> "Expression_p1098"
	"e1099" [label="e"]
	"Expression_p1098" -> "e1099"
	"]1100" [label="]",style=filled,fillcolor=powderblue]
	"Expression_p1077" -> "]1100"
	"Expression1101" [label="Expression"]
	"Expression_p1077" -> "Expression1101"
	"Term1102" [label="Term"]
	"Expression1101" -> "Term1102"
	"Factor1103" [label="Factor"]
	"Term1102" -> "Factor1103"
	"e1104" [label="e"]
	"Factor1103" -> "e1104"
	"Term_p1105" [label="Term_p"]
	"Term1102" -> "Term_p1105"
	"e1106" [label="e"]
	"Term_p1105" -> "e1106"
	"Expression_p1107" [label="Expression_p"]
	"Expression1101" -> "Expression_p1107"
	"-1108" [label="-",style=filled,fillcolor=powderblue]
	"Expression_p1107" -> "-1108"
	"Expression1109" [label="Expression"]
	"Expression_p1107" -> "Expression1109"
	"Term1110" [label="Term"]
	"Expression1109" -> "Term1110"
	"Factor1111" [label="Factor"]
	"Term1110" -> "Factor1111"
	"num1112" [label="num",style=filled,fillcolor=powderblue]
	"Factor1111" -> "num1112"
	"Power1113" [label="Power"]
	"Factor1111" -> "Power1113"
	"e1114" [label="e"]
	"Power1113" -> "e1114"
	"Term_p1115" [label="Term_p"]
	"Term1110" -> "Term_p1115"
	"e1116" [label="e"]
	"Term_p1115" -> "e1116"
	"Expression_p1117" [label="Expression_p"]
	"Expression1109" -> "Expression_p1117"
	"e1118" [label="e"]
	"Expression_p1117" -> "e1118"
	"Statement1119" [label="Statement"]
	"Statements2" -> "Statement1119"
	"Label1120" [label="Label"]
	"Statement1119" -> "Label1120"
	"L1121" [label="L",style=filled,fillcolor=powderblue]
	"Label1120" -> "L1121"
	"num1122" [label="num",style=filled,fillcolor=powderblue]
	"Label1120" -> "num1122"
	":1123" [label=":",style=filled,fillcolor=powderblue]
	"Label1120" -> ":1123"
	"Statement1124" [label="Statement"]
	"Statements2" -> "Statement1124"
	"Assignment1125" [label="Assignment"]
	"Statement1124" -> "Assignment1125"
	"m1126" [label="m",style=filled,fillcolor=powderblue]
	"Assignment1125" -> "m1126"
	"[1127" [label="[",style=filled,fillcolor=powderblue]
	"Assignment1125" -> "[1127"
	"Expression1128" [label="Expression"]
	"Assignment1125" -> "Expression1128"
	"Term1129" [label="Term"]
	"Expression1128" -> "Term1129"
	"Factor1130" [label="Factor"]
	"Term1129" -> "Factor1130"
	"num1131" [label="num",style=filled,fillcolor=powderblue]
	"Factor1130" -> "num1131"
	"Power1132" [label="Power"]
	"Factor1130" -> "Power1132"
	"e1133" [label="e"]
	"Power1132" -> "e1133"
	"Term_p1134" [label="Term_p"]
	"Term1129" -> "Term_p1134"
	"e1135" [label="e"]
	"Term_p1134" -> "e1135"
	"Expression_p1136" [label="Expression_p"]
	"Expression1128" -> "Expression_p1136"
	"e1137" [label="e"]
	"Expression_p1136" -> "e1137"
	"]1138" [label="]",style=filled,fillcolor=powderblue]
	"Assignment1125" -> "]1138"
	"=1139" [label="=",style=filled,fillcolor=powderblue]
	"Assignment1125" -> "=1139"
	"Expression1140" [label="Expression"]
	"Assignment1125" -> "Expression1140"
	"Term1141" [label="Term"]
	"Expression1140" -> "Term1141"
	"Factor1142" [label="Factor"]
	"Term1141" -> "Factor1142"
	"num1143" [label="num",style=filled,fillcolor=powderblue]
	"Factor1142" -> "num1143"
	"Power1144" [label="Power"]
	"Factor1142" -> "Power1144"
	"e1145" [label="e"]
	"Power1144" -> "e1145"
	"Term_p1146" [label="Term_p"]
	"Term1141" -> "Term_p1146"
	"e1147" [label="e"]
	"Term_p1146" -> "e1147"
	"Expression_p1148" [label="Expression_p"]
	"Expression1140" -> "Expression_p1148"
	"-1149" [label="-",style=filled,fillcolor=powderblue]
	"Expression_p1148" -> "-1149"
	"Expression1150" [label="Expression"]
	"Expression_p1148" -> "Expression1150"
	"Term1151" [label="Term"]
	"Expression1150" -> "Term1151"
	"Factor1152" [label="Factor"]
	"Term1151" -> "Factor1152"
	"(1153" [label="(",style=filled,fillcolor=powderblue]
	"Factor1152" -> "(1153"
	"Expression1154" [label="Expression"]
	"Factor1152" -> "Expression1154"
	"Term1155" [label="Term"]
	"Expression1154" -> "Term1155"
	"Factor1156" [label="Factor"]
	"Term1155" -> "Factor1156"
	"e1157" [label="e"]
	"Factor1156" -> "e1157"
	"Term_p1158" [label="Term_p"]
	"Term1155" -> "Term_p1158"
	"e1159" [label="e"]
	"Term_p1158" -> "e1159"
	"Expression_p1160" [label="Expression_p"]
	"Expression1154" -> "Expression_p1160"
	"m1161" [label="m",style=filled,fillcolor=powderblue]
	"Expression_p1160" -> "m1161"
	"[1162" [label="[",style=filled,fillcolor=powderblue]
	"Expression_p1160" -> "[1162"
	"Expression1163" [label="Expression"]
	"Expression_p1160" -> "Expression1163"
	"Term1164" [label="Term"]
	"Expression1163" -> "Term1164"
	"Factor1165" [label="Factor"]
	"Term1164" -> "Factor1165"
	"num1166" [label="num",style=filled,fillcolor=powderblue]
	"Factor1165" -> "num1166"
	"Power1167" [label="Power"]
	"Factor1165" -> "Power1167"
	"e1168" [label="e"]
	"Power1167" -> "e1168"
	"Term_p1169" [label="Term_p"]
	"Term1164" -> "Term_p1169"
	"e1170" [label="e"]
	"Term_p1169" -> "e1170"
	"Expression_p1171" [label="Expression_p"]
	"Expression1163" -> "Expression_p1171"
	"e1172" [label="e"]
	"Expression_p1171" -> "e1172"
	"]1173" [label="]",style=filled,fillcolor=powderblue]
	"Expression_p1160" -> "]1173"
	"Expression1174" [label="Expression"]
	"Expression_p1160" -> "Expression1174"
	"Term1175" [label="Term"]
	"Expression1174" -> "Term1175"
	"Factor1176" [label="Factor"]
	"Term1175" -> "Factor1176"
	"e1177" [label="e"]
	"Factor1176" -> "e1177"
	"Term_p1178" [label="Term_p"]
	"Term1175" -> "Term_p1178"
	"e1179" [label="e"]
	"Term_p1178" -> "e1179"
	"Expression_p1180" [label="Expression_p"]
	"Expression1174" -> "Expression_p1180"
	"-1181" [label="-",style=filled,fillcolor=powderblue]
	"Expression_p1180" -> "-1181"
	"Expression1182" [label="Expression"]
	"Expression_p1180" -> "Expression1182"
	"Term1183" [label="Term"]
	"Expression1182" -> "Term1183"
	"Factor1184" [label="Factor"]
	"Term1183" -> "Factor1184"
	"num1185" [label="num",style=filled,fillcolor=powderblue]
	"Factor1184" -> "num1185"
	"Power1186" [label="Power"]
	"Factor1184" -> "Power1186"
	"e1187" [label="e"]
	"Power1186" -> "e1187"
	"Term_p1188" [label="Term_p"]
	"Term1183" -> "Term_p1188"
	"e1189" [label="e"]
	"Term_p1188" -> "e1189"
	"Expression_p1190" [label="Expression_p"]
	"Expression1182" -> "Expression_p1190"
	"e1191" [label="e"]
	"Expression_p1190" -> "e1191"
	")1192" [label=")",style=filled,fillcolor=powderblue]
	"Factor1152" -> ")1192"
	"Power1193" [label="Power"]
	"Factor1152" -> "Power1193"
	"e1194" [label="e"]
	"Power1193" -> "e1194"
	"Term_p1195" [label="Term_p"]
	"Term1151" -> "Term_p1195"
	"e1196" [label="e"]
	"Term_p1195" -> "e1196"
	"Expression_p1197" [label="Expression_p"]
	"Expression1150" -> "Expression_p1197"
	"e1198" [label="e"]
	"Expression_p1197" -> "e1198"
	"Statement1199" [label="Statement"]
	"Statements2" -> "Statement1199"
	"Jump1200" [label="Jump"]
	"Statement1199" -> "Jump1200"
	"goto1201" [label="goto",style=filled,fillcolor=powderblue]
	"Jump1200" -> "goto1201"
	"num1202" [label="num",style=filled,fillcolor=powderblue]
	"Jump1200" -> "num1202"
	"Jump_p1203" [label="Jump_p"]
	"Jump1200" -> "Jump_p1203"
	"if1204" [label="if",style=filled,fillcolor=powderblue]
	"Jump_p1203" -> "if1204"
	"Expression1205" [label="Expression"]
	"Jump_p1203" -> "Expression1205"
	"Term1206" [label="Term"]
	"Expression1205" -> "Term1206"
	"Factor1207" [label="Factor"]
	"Term1206" -> "Factor1207"
	"e1208" [label="e"]
	"Factor1207" -> "e1208"
	"Term_p1209" [label="Term_p"]
	"Term1206" -> "Term_p1209"
	"e1210" [label="e"]
	"Term_p1209" -> "e1210"
	"Expression_p1211" [label="Expression_p"]
	"Expression1205" -> "Expression_p1211"
	"m1212" [label="m",style=filled,fillcolor=powderblue]
	"Expression_p1211" -> "m1212"
	"[1213" [label="[",style=filled,fillcolor=powderblue]
	"Expression_p1211" -> "[1213"
	"Expression1214" [label="Expression"]
	"Expression_p1211" -> "Expression1214"
	"Term1215" [label="Term"]
	"Expression1214" -> "Term1215"
	"Factor1216" [label="Factor"]
	"Term1215" -> "Factor1216"
	"num1217" [label="num",style=filled,fillcolor=powderblue]
	"Factor1216" -> "num1217"
	"Power1218" [label="Power"]
	"Factor1216" -> "Power1218"
	"e1219" [label="e"]
	"Power1218" -> "e1219"
	"Term_p1220" [label="Term_p"]
	"Term1215" -> "Term_p1220"
	"e1221" [label="e"]
	"Term_p1220" -> "e1221"
	"Expression_p1222" [label="Expression_p"]
	"Expression1214" -> "Expression_p1222"
	"e1223" [label="e"]
	"Expression_p1222" -> "e1223"
	"]1224" [label="]",style=filled,fillcolor=powderblue]
	"Expression_p1211" -> "]1224"
	"Expression1225" [label="Expression"]
	"Expression_p1211" -> "Expression1225"
	"Statement1226" [label="Statement"]
	"Statements2" -> "Statement1226"
	"Jump1227" [label="Jump"]
	"Statement1226" -> "Jump1227"
	"goto1228" [label="goto",style=filled,fillcolor=powderblue]
	"Jump1227" -> "goto1228"
	"num1229" [label="num",style=filled,fillcolor=powderblue]
	"Jump1227" -> "num1229"
	"Jump_p1230" [label="Jump_p"]
	"Jump1227" -> "Jump_p1230"
	"e1231" [label="e"]
	"Jump_p1230" -> "e1231"
	"Statement1232" [label="Statement"]
	"Statements2" -> "Statement1232"
	"Assignment1233" [label="Assignment"]
	"Statement1232" -> "Assignment1233"
	"m1234" [label="m",style=filled,fillcolor=powderblue]
	"Assignment1233" -> "m1234"
	"[1235" [label="[",style=filled,fillcolor=powderblue]
	"Assignment1233" -> "[1235"
	"Expression1236" [label="Expression"]
	"Assignment1233" -> "Expression1236"
	"Term1237" [label="Term"]
	"Expression1236" -> "Term1237"
	"Factor1238" [label="Factor"]
	"Term1237" -> "Factor1238"
	"num1239" [label="num",style=filled,fillcolor=powderblue]
	"Factor1238" -> "num1239"
	"Power1240" [label="Power"]
	"Factor1238" -> "Power1240"
	"e1241" [label="e"]
	"Power1240" -> "e1241"
	"Term_p1242" [label="Term_p"]
	"Term1237" -> "Term_p1242"
	"e1243" [label="e"]
	"Term_p1242" -> "e1243"
	"Expression_p1244" [label="Expression_p"]
	"Expression1236" -> "Expression_p1244"
	"e1245" [label="e"]
	"Expression_p1244" -> "e1245"
	"]1246" [label="]",style=filled,fillcolor=powderblue]
	"Assignment1233" -> "]1246"
	"=1247" [label="=",style=filled,fillcolor=powderblue]
	"Assignment1233" -> "=1247"
	"Expression1248" [label="Expression"]
	"Assignment1233" -> "Expression1248"
	"Term1249" [label="Term"]
	"Expression1248" -> "Term1249"
	"Factor1250" [label="Factor"]
	"Term1249" -> "Factor1250"
	"num1251" [label="num",style=filled,fillcolor=powderblue]
	"Factor1250" -> "num1251"
	"Power1252" [label="Power"]
	"Factor1250" -> "Power1252"
	"e1253" [label="e"]
	"Power1252" -> "e1253"
	"Term_p1254" [label="Term_p"]
	"Term1249" -> "Term_p1254"
	"e1255" [label="e"]
	"Term_p1254" -> "e1255"
	"Expression_p1256" [label="Expression_p"]
	"Expression1248" -> "Expression_p1256"
	"+1257" [label="+",style=filled,fillcolor=powderblue]
	"Expression_p1256" -> "+1257"
	"Expression1258" [label="Expression"]
	"Expression_p1256" -> "Expression1258"
	"Term1259" [label="Term"]
	"Expression1258" -> "Term1259"
	"Factor1260" [label="Factor"]
	"Term1259" -> "Factor1260"
	"e1261" [label="e"]
	"Factor1260" -> "e1261"
	"Term_p1262" [label="Term_p"]
	"Term1259" -> "Term_p1262"
	"e1263" [label="e"]
	"Term_p1262" -> "e1263"
	"Expression_p1264" [label="Expression_p"]
	"Expression1258" -> "Expression_p1264"
	"m1265" [label="m",style=filled,fillcolor=powderblue]
	"Expression_p1264" -> "m1265"
	"[1266" [label="[",style=filled,fillcolor=powderblue]
	"Expression_p1264" -> "[1266"
	"Expression1267" [label="Expression"]
	"Expression_p1264" -> "Expression1267"
	"Term1268" [label="Term"]
	"Expression1267" -> "Term1268"
	"Factor1269" [label="Factor"]
	"Term1268" -> "Factor1269"
	"num1270" [label="num",style=filled,fillcolor=powderblue]
	"Factor1269" -> "num1270"
	"Power1271" [label="Power"]
	"Factor1269" -> "Power1271"
	"e1272" [label="e"]
	"Power1271" -> "e1272"
	"Term_p1273" [label="Term_p"]
	"Term1268" -> "Term_p1273"
	"e1274" [label="e"]
	"Term_p1273" -> "e1274"
	"Expression_p1275" [label="Expression_p"]
	"Expression1267" -> "Expression_p1275"
	"e1276" [label="e"]
	"Expression_p1275" -> "e1276"
	"]1277" [label="]",style=filled,fillcolor=powderblue]
	"Expression_p1264" -> "]1277"
	"Expression1278" [label="Expression"]
	"Expression_p1264" -> "Expression1278"
	"Statement1279" [label="Statement"]
	"Statements2" -> "Statement1279"
	"Assignment1280" [label="Assignment"]
	"Statement1279" -> "Assignment1280"
	"m1281" [label="m",style=filled,fillcolor=powderblue]
	"Assignment1280" -> "m1281"
	"[1282" [label="[",style=filled,fillcolor=powderblue]
	"Assignment1280" -> "[1282"
	"Expression1283" [label="Expression"]
	"Assignment1280" -> "Expression1283"
	"Term1284" [label="Term"]
	"Expression1283" -> "Term1284"
	"Factor1285" [label="Factor"]
	"Term1284" -> "Factor1285"
	"num1286" [label="num",style=filled,fillcolor=powderblue]
	"Factor1285" -> "num1286"
	"Power1287" [label="Power"]
	"Factor1285" -> "Power1287"
	"e1288" [label="e"]
	"Power1287" -> "e1288"
	"Term_p1289" [label="Term_p"]
	"Term1284" -> "Term_p1289"
	"e1290" [label="e"]
	"Term_p1289" -> "e1290"
	"Expression_p1291" [label="Expression_p"]
	"Expression1283" -> "Expression_p1291"
	"e1292" [label="e"]
	"Expression_p1291" -> "e1292"
	"]1293" [label="]",style=filled,fillcolor=powderblue]
	"Assignment1280" -> "]1293"
	"=1294" [label="=",style=filled,fillcolor=powderblue]
	"Assignment1280" -> "=1294"
	"Expression1295" [label="Expression"]
	"Assignment1280" -> "Expression1295"
	"Term1296" [label="Term"]
	"Expression1295" -> "Term1296"
	"Factor1297" [label="Factor"]
	"Term1296" -> "Factor1297"
	"num1298" [label="num",style=filled,fillcolor=powderblue]
	"Factor1297" -> "num1298"
	"Power1299" [label="Power"]
	"Factor1297" -> "Power1299"
	"e1300" [label="e"]
	"Power1299" -> "e1300"
	"Term_p1301" [label="Term_p"]
	"Term1296" -> "Term_p1301"
	"e1302" [label="e"]
	"Term_p1301" -> "e1302"
	"Expression_p1303" [label="Expression_p"]
	"Expression1295" -> "Expression_p1303"
	"-1304" [label="-",style=filled,fillcolor=powderblue]
	"Expression_p1303" -> "-1304"
	"Expression1305" [label="Expression"]
	"Expression_p1303" -> "Expression1305"
	"Term1306" [label="Term"]
	"Expression1305" -> "Term1306"
	"Factor1307" [label="Factor"]
	"Term1306" -> "Factor1307"
	"e1308" [label="e"]
	"Factor1307" -> "e1308"
	"Term_p1309" [label="Term_p"]
	"Term1306" -> "Term_p1309"
	"e1310" [label="e"]
	"Term_p1309" -> "e1310"
	"Expression_p1311" [label="Expression_p"]
	"Expression1305" -> "Expression_p1311"
	"m1312" [label="m",style=filled,fillcolor=powderblue]
	"Expression_p1311" -> "m1312"
	"[1313" [label="[",style=filled,fillcolor=powderblue]
	"Expression_p1311" -> "[1313"
	"Expression1314" [label="Expression"]
	"Expression_p1311" -> "Expression1314"
	"Term1315" [label="Term"]
	"Expression1314" -> "Term1315"
	"Factor1316" [label="Factor"]
	"Term1315" -> "Factor1316"
	"num1317" [label="num",style=filled,fillcolor=powderblue]
	"Factor1316" -> "num1317"
	"Power1318" [label="Power"]
	"Factor1316" -> "Power1318"
	"e1319" [label="e"]
	"Power1318" -> "e1319"
	"Term_p1320" [label="Term_p"]
	"Term1315" -> "Term_p1320"
	"*1321" [label="*",style=filled,fillcolor=powderblue]
	"Term_p1320" -> "*1321"
	"Term1322" [label="Term"]
	"Term_p1320" -> "Term1322"
	"Factor1323" [label="Factor"]
	"Term1322" -> "Factor1323"
	"num1324" [label="num",style=filled,fillcolor=powderblue]
	"Factor1323" -> "num1324"
	"Power1325" [label="Power"]
	"Factor1323" -> "Power1325"
	"e1326" [label="e"]
	"Power1325" -> "e1326"
	"Term_p1327" [label="Term_p"]
	"Term1322" -> "Term_p1327"
	"e1328" [label="e"]
	"Term_p1327" -> "e1328"
	"Expression_p1329" [label="Expression_p"]
	"Expression1314" -> "Expression_p1329"
	"-1330" [label="-",style=filled,fillcolor=powderblue]
	"Expression_p1329" -> "-1330"
	"Expression1331" [label="Expression"]
	"Expression_p1329" -> "Expression1331"
	"Term1332" [label="Term"]
	"Expression1331" -> "Term1332"
	"Factor1333" [label="Factor"]
	"Term1332" -> "Factor1333"
	"num1334" [label="num",style=filled,fillcolor=powderblue]
	"Factor1333" -> "num1334"
	"Power1335" [label="Power"]
	"Factor1333" -> "Power1335"
	"e1336" [label="e"]
	"Power1335" -> "e1336"
	"Term_p1337" [label="Term_p"]
	"Term1332" -> "Term_p1337"
	"e1338" [label="e"]
	"Term_p1337" -> "e1338"
	"Expression_p1339" [label="Expression_p"]
	"Expression1331" -> "Expression_p1339"
	"+1340" [label="+",style=filled,fillcolor=powderblue]
	"Expression_p1339" -> "+1340"
	"Expression1341" [label="Expression"]
	"Expression_p1339" -> "Expression1341"
	"Term1342" [label="Term"]
	"Expression1341" -> "Term1342"
	"Factor1343" [label="Factor"]
	"Term1342" -> "Factor1343"
	"num1344" [label="num",style=filled,fillcolor=powderblue]
	"Factor1343" -> "num1344"
	"Power1345" [label="Power"]
	"Factor1343" -> "Power1345"
	"e1346" [label="e"]
	"Power1345" -> "e1346"
	"Term_p1347" [label="Term_p"]
	"Term1342" -> "Term_p1347"
	"e1348" [label="e"]
	"Term_p1347" -> "e1348"
	"Expression_p1349" [label="Expression_p"]
	"Expression1341" -> "Expression_p1349"
	"e1350" [label="e"]
	"Expression_p1349" -> "e1350"
	"]1351" [label="]",style=filled,fillcolor=powderblue]
	"Expression_p1311" -> "]1351"
	"Expression1352" [label="Expression"]
	"Expression_p1311" -> "Expression1352"
	"Term1353" [label="Term"]
	"Expression1352" -> "Term1353"
	"Factor1354" [label="Factor"]
	"Term1353" -> "Factor1354"
	"e1355" [label="e"]
	"Factor1354" -> "e1355"
	"Term_p1356" [label="Term_p"]
	"Term1353" -> "Term_p1356"
	"e1357" [label="e"]
	"Term_p1356" -> "e1357"
	"Expression_p1358" [label="Expression_p"]
	"Expression1352" -> "Expression_p1358"
	"-1359" [label="-",style=filled,fillcolor=powderblue]
	"Expression_p1358" -> "-1359"
	"Expression1360" [label="Expression"]
	"Expression_p1358" -> "Expression1360"
	"Term1361" [label="Term"]
	"Expression1360" -> "Term1361"
	"Factor1362" [label="Factor"]
	"Term1361" -> "Factor1362"
scan error: unrecognized character ' ' -line 31
