digraph G {
	"Start1" [label="Start"]
	"S12" [label="S1"]
	"Start1" -> "S12"
	"m3" [label="m",style=filled,fillcolor=powderblue]
	"S12" -> "m3"
	"[4" [label="[",style=filled,fillcolor=powderblue]
	"S12" -> "[4"
	"Expression5" [label="Expression"]
	"S12" -> "Expression5"
	"E16" [label="E1"]
	"Expression5" -> "E16"
	"E37" [label="E3"]
	"E16" -> "E37"
	"E38" [label="E3"]
	"E37" -> "E38"
	"E49" [label="E4"]
	"E38" -> "E49"
	"num10" [label="num",style=filled,fillcolor=powderblue]
	"E49" -> "num10"
	"alpha311" [label="alpha3"]
	"E37" -> "alpha311"
	"e12" [label="e"]
	"alpha311" -> "e12"
	"alpha213" [label="alpha2"]
	"E16" -> "alpha213"
	"e14" [label="e"]
	"alpha213" -> "e14"
	"alpha115" [label="alpha1"]
	"Expression5" -> "alpha115"
	"e16" [label="e"]
	"alpha115" -> "e16"
	"]17" [label="]",style=filled,fillcolor=powderblue]
	"S12" -> "]17"
	"=18" [label="=",style=filled,fillcolor=powderblue]
	"S12" -> "=18"
	"Expression19" [label="Expression"]
	"S12" -> "Expression19"
	"E120" [label="E1"]
	"Expression19" -> "E120"
	"E321" [label="E3"]
	"E120" -> "E321"
	"E322" [label="E3"]
	"E321" -> "E322"
	"E423" [label="E4"]
	"E322" -> "E423"
	"num24" [label="num",style=filled,fillcolor=powderblue]
	"E423" -> "num24"
	"alpha325" [label="alpha3"]
	"E321" -> "alpha325"
	"e26" [label="e"]
	"alpha325" -> "e26"
	"alpha227" [label="alpha2"]
	"E120" -> "alpha227"
	"/28" [label="/",style=filled,fillcolor=powderblue]
	"alpha227" -> "/28"
	"E329" [label="E3"]
	"alpha227" -> "E329"
	"E330" [label="E3"]
	"E329" -> "E330"
	"E431" [label="E4"]
	"E330" -> "E431"
	"num32" [label="num",style=filled,fillcolor=powderblue]
	"E431" -> "num32"
	"alpha333" [label="alpha3"]
	"E329" -> "alpha333"
	"e34" [label="e"]
	"alpha333" -> "e34"
	"alpha235" [label="alpha2"]
	"alpha227" -> "alpha235"
	"*36" [label="*",style=filled,fillcolor=powderblue]
	"alpha235" -> "*36"
	"E337" [label="E3"]
	"alpha235" -> "E337"
	"E338" [label="E3"]
	"E337" -> "E338"
	"E439" [label="E4"]
	"E338" -> "E439"
	"num40" [label="num",style=filled,fillcolor=powderblue]
	"E439" -> "num40"
	"alpha341" [label="alpha3"]
	"E337" -> "alpha341"
	"e42" [label="e"]
	"alpha341" -> "e42"
	"alpha243" [label="alpha2"]
	"alpha235" -> "alpha243"
	"e44" [label="e"]
	"alpha243" -> "e44"
	"alpha145" [label="alpha1"]
	"Expression19" -> "alpha145"
	"e46" [label="e"]
	"alpha145" -> "e46"
	"A147" [label="A1"]
	"Start1" -> "A147"
	"m48" [label="m",style=filled,fillcolor=powderblue]
	"A147" -> "m48"
	"[49" [label="[",style=filled,fillcolor=powderblue]
	"A147" -> "[49"
	"Expression50" [label="Expression"]
	"A147" -> "Expression50"
	"E151" [label="E1"]
	"Expression50" -> "E151"
	"E352" [label="E3"]
	"E151" -> "E352"
	"E353" [label="E3"]
	"E352" -> "E353"
	"E454" [label="E4"]
	"E353" -> "E454"
	"num55" [label="num",style=filled,fillcolor=powderblue]
	"E454" -> "num55"
	"alpha356" [label="alpha3"]
	"E352" -> "alpha356"
	"e57" [label="e"]
	"alpha356" -> "e57"
	"alpha258" [label="alpha2"]
	"E151" -> "alpha258"
	"e59" [label="e"]
	"alpha258" -> "e59"
	"alpha160" [label="alpha1"]
	"Expression50" -> "alpha160"
	"e61" [label="e"]
	"alpha160" -> "e61"
	"]62" [label="]",style=filled,fillcolor=powderblue]
	"A147" -> "]62"
	"=63" [label="=",style=filled,fillcolor=powderblue]
	"A147" -> "=63"
	"Expression64" [label="Expression"]
	"A147" -> "Expression64"
	"E165" [label="E1"]
	"Expression64" -> "E165"
	"E366" [label="E3"]
	"E165" -> "E366"
	"E367" [label="E3"]
	"E366" -> "E367"
	"E468" [label="E4"]
	"E367" -> "E468"
	"num69" [label="num",style=filled,fillcolor=powderblue]
	"E468" -> "num69"
	"alpha370" [label="alpha3"]
	"E366" -> "alpha370"
	"**71" [label="**",style=filled,fillcolor=powderblue]
	"alpha370" -> "**71"
	"E372" [label="E3"]
	"alpha370" -> "E372"
	"E473" [label="E4"]
	"E372" -> "E473"
	"num74" [label="num",style=filled,fillcolor=powderblue]
	"E473" -> "num74"
	"alpha375" [label="alpha3"]
	"alpha370" -> "alpha375"
	"**76" [label="**",style=filled,fillcolor=powderblue]
	"alpha375" -> "**76"
	"E377" [label="E3"]
	"alpha375" -> "E377"
	"E478" [label="E4"]
	"E377" -> "E478"
	"num79" [label="num",style=filled,fillcolor=powderblue]
	"E478" -> "num79"
	"alpha380" [label="alpha3"]
	"alpha375" -> "alpha380"
	"e81" [label="e"]
	"alpha380" -> "e81"
	"alpha282" [label="alpha2"]
	"E165" -> "alpha282"
	"e83" [label="e"]
	"alpha282" -> "e83"
	"alpha184" [label="alpha1"]
	"Expression64" -> "alpha184"
	"e85" [label="e"]
	"alpha184" -> "e85"
	"A186" [label="A1"]
	"A147" -> "A186"
	"m87" [label="m",style=filled,fillcolor=powderblue]
	"A186" -> "m87"
	"[88" [label="[",style=filled,fillcolor=powderblue]
	"A186" -> "[88"
	"Expression89" [label="Expression"]
	"A186" -> "Expression89"
	"E190" [label="E1"]
	"Expression89" -> "E190"
	"E391" [label="E3"]
	"E190" -> "E391"
	"E392" [label="E3"]
	"E391" -> "E392"
	"E493" [label="E4"]
	"E392" -> "E493"
	"num94" [label="num",style=filled,fillcolor=powderblue]
	"E493" -> "num94"
	"alpha395" [label="alpha3"]
	"E391" -> "alpha395"
	"e96" [label="e"]
	"alpha395" -> "e96"
	"alpha297" [label="alpha2"]
	"E190" -> "alpha297"
	"e98" [label="e"]
	"alpha297" -> "e98"
	"alpha199" [label="alpha1"]
	"Expression89" -> "alpha199"
	"e100" [label="e"]
	"alpha199" -> "e100"
	"]101" [label="]",style=filled,fillcolor=powderblue]
	"A186" -> "]101"
	"=102" [label="=",style=filled,fillcolor=powderblue]
	"A186" -> "=102"
	"Expression103" [label="Expression"]
	"A186" -> "Expression103"
	"E1104" [label="E1"]
	"Expression103" -> "E1104"
	"E3105" [label="E3"]
	"E1104" -> "E3105"
	"E3106" [label="E3"]
	"E3105" -> "E3106"
	"E4107" [label="E4"]
	"E3106" -> "E4107"
	"num108" [label="num",style=filled,fillcolor=powderblue]
	"E4107" -> "num108"
	"alpha3109" [label="alpha3"]
	"E3105" -> "alpha3109"
	"e110" [label="e"]
	"alpha3109" -> "e110"
	"alpha2111" [label="alpha2"]
	"E1104" -> "alpha2111"
	"*112" [label="*",style=filled,fillcolor=powderblue]
	"alpha2111" -> "*112"
	"E3113" [label="E3"]
	"alpha2111" -> "E3113"
	"E3114" [label="E3"]
	"E3113" -> "E3114"
	"E4115" [label="E4"]
	"E3114" -> "E4115"
	"num116" [label="num",style=filled,fillcolor=powderblue]
	"E4115" -> "num116"
	"alpha3117" [label="alpha3"]
	"E3113" -> "alpha3117"
	"e118" [label="e"]
	"alpha3117" -> "e118"
	"alpha2119" [label="alpha2"]
	"alpha2111" -> "alpha2119"
	"e120" [label="e"]
	"alpha2119" -> "e120"
	"alpha1121" [label="alpha1"]
	"Expression103" -> "alpha1121"
	"-122" [label="-",style=filled,fillcolor=powderblue]
	"alpha1121" -> "-122"
	"E1123" [label="E1"]
	"alpha1121" -> "E1123"
	"E3124" [label="E3"]
	"E1123" -> "E3124"
	"E3125" [label="E3"]
	"E3124" -> "E3125"
	"E4126" [label="E4"]
	"E3125" -> "E4126"
	"num127" [label="num",style=filled,fillcolor=powderblue]
	"E4126" -> "num127"
	"alpha3128" [label="alpha3"]
	"E3124" -> "alpha3128"
	"**129" [label="**",style=filled,fillcolor=powderblue]
	"alpha3128" -> "**129"
	"E3130" [label="E3"]
	"alpha3128" -> "E3130"
	"E4131" [label="E4"]
	"E3130" -> "E4131"
	"num132" [label="num",style=filled,fillcolor=powderblue]
	"E4131" -> "num132"
	"alpha3133" [label="alpha3"]
	"alpha3128" -> "alpha3133"
	"e134" [label="e"]
	"alpha3133" -> "e134"
	"alpha2135" [label="alpha2"]
	"E1123" -> "alpha2135"
	"*136" [label="*",style=filled,fillcolor=powderblue]
	"alpha2135" -> "*136"
	"E3137" [label="E3"]
	"alpha2135" -> "E3137"
	"E3138" [label="E3"]
	"E3137" -> "E3138"
	"E4139" [label="E4"]
	"E3138" -> "E4139"
	"num140" [label="num",style=filled,fillcolor=powderblue]
	"E4139" -> "num140"
	"alpha3141" [label="alpha3"]
	"E3137" -> "alpha3141"
	"e142" [label="e"]
	"alpha3141" -> "e142"
	"alpha2143" [label="alpha2"]
	"alpha2135" -> "alpha2143"
	"e144" [label="e"]
	"alpha2143" -> "e144"
	"alpha1145" [label="alpha1"]
	"alpha1121" -> "alpha1145"
	"+146" [label="+",style=filled,fillcolor=powderblue]
	"alpha1145" -> "+146"
	"E1147" [label="E1"]
	"alpha1145" -> "E1147"
	"E3148" [label="E3"]
	"E1147" -> "E3148"
	"E3149" [label="E3"]
	"E3148" -> "E3149"
	"E4150" [label="E4"]
	"E3149" -> "E4150"
	"num151" [label="num",style=filled,fillcolor=powderblue]
	"E4150" -> "num151"
	"alpha3152" [label="alpha3"]
	"E3148" -> "alpha3152"
	"**153" [label="**",style=filled,fillcolor=powderblue]
	"alpha3152" -> "**153"
	"E3154" [label="E3"]
	"alpha3152" -> "E3154"
	"E4155" [label="E4"]
	"E3154" -> "E4155"
	"num156" [label="num",style=filled,fillcolor=powderblue]
	"E4155" -> "num156"
	"alpha3157" [label="alpha3"]
	"alpha3152" -> "alpha3157"
	"e158" [label="e"]
	"alpha3157" -> "e158"
	"alpha2159" [label="alpha2"]
	"E1147" -> "alpha2159"
	"e160" [label="e"]
	"alpha2159" -> "e160"
	"alpha1161" [label="alpha1"]
	"alpha1145" -> "alpha1161"
	"e162" [label="e"]
	"alpha1161" -> "e162"
	"A1163" [label="A1"]
	"A186" -> "A1163"
	"m164" [label="m",style=filled,fillcolor=powderblue]
	"A1163" -> "m164"
	"[165" [label="[",style=filled,fillcolor=powderblue]
	"A1163" -> "[165"
	"Expression166" [label="Expression"]
	"A1163" -> "Expression166"
	"E1167" [label="E1"]
	"Expression166" -> "E1167"
	"E3168" [label="E3"]
	"E1167" -> "E3168"
	"E3169" [label="E3"]
	"E3168" -> "E3169"
	"E4170" [label="E4"]
	"E3169" -> "E4170"
	"num171" [label="num",style=filled,fillcolor=powderblue]
	"E4170" -> "num171"
	"alpha3172" [label="alpha3"]
	"E3168" -> "alpha3172"
	"e173" [label="e"]
	"alpha3172" -> "e173"
	"alpha2174" [label="alpha2"]
	"E1167" -> "alpha2174"
	"e175" [label="e"]
	"alpha2174" -> "e175"
	"alpha1176" [label="alpha1"]
	"Expression166" -> "alpha1176"
	"e177" [label="e"]
	"alpha1176" -> "e177"
	"]178" [label="]",style=filled,fillcolor=powderblue]
	"A1163" -> "]178"
	"=179" [label="=",style=filled,fillcolor=powderblue]
	"A1163" -> "=179"
	"Expression180" [label="Expression"]
	"A1163" -> "Expression180"
	"E1181" [label="E1"]
	"Expression180" -> "E1181"
	"E3182" [label="E3"]
	"E1181" -> "E3182"
	"E3183" [label="E3"]
	"E3182" -> "E3183"
	"E4184" [label="E4"]
	"E3183" -> "E4184"
	"num185" [label="num",style=filled,fillcolor=powderblue]
	"E4184" -> "num185"
	"alpha3186" [label="alpha3"]
	"E3182" -> "alpha3186"
	"e187" [label="e"]
	"alpha3186" -> "e187"
	"alpha2188" [label="alpha2"]
	"E1181" -> "alpha2188"
	"e189" [label="e"]
	"alpha2188" -> "e189"
	"alpha1190" [label="alpha1"]
	"Expression180" -> "alpha1190"
	"+191" [label="+",style=filled,fillcolor=powderblue]
	"alpha1190" -> "+191"
	"E1192" [label="E1"]
	"alpha1190" -> "E1192"
	"E3193" [label="E3"]
	"E1192" -> "E3193"
	"E3194" [label="E3"]
	"E3193" -> "E3194"
	"m195" [label="m",style=filled,fillcolor=powderblue]
	"E3194" -> "m195"
	"[196" [label="[",style=filled,fillcolor=powderblue]
	"E3194" -> "[196"
	"Expression197" [label="Expression"]
	"E3194" -> "Expression197"
	"E1198" [label="E1"]
	"Expression197" -> "E1198"
	"E3199" [label="E3"]
	"E1198" -> "E3199"
	"E3200" [label="E3"]
	"E3199" -> "E3200"
	"E4201" [label="E4"]
	"E3200" -> "E4201"
	"num202" [label="num",style=filled,fillcolor=powderblue]
	"E4201" -> "num202"
	"alpha3203" [label="alpha3"]
	"E3199" -> "alpha3203"
	"e204" [label="e"]
	"alpha3203" -> "e204"
	"alpha2205" [label="alpha2"]
	"E1198" -> "alpha2205"
	"e206" [label="e"]
	"alpha2205" -> "e206"
	"alpha1207" [label="alpha1"]
	"Expression197" -> "alpha1207"
	"e208" [label="e"]
	"alpha1207" -> "e208"
	"]209" [label="]",style=filled,fillcolor=powderblue]
	"E3194" -> "]209"
	"alpha3210" [label="alpha3"]
	"E3193" -> "alpha3210"
	"e211" [label="e"]
	"alpha3210" -> "e211"
	"alpha2212" [label="alpha2"]
	"E1192" -> "alpha2212"
	"e213" [label="e"]
	"alpha2212" -> "e213"
	"alpha1214" [label="alpha1"]
	"alpha1190" -> "alpha1214"
	"e215" [label="e"]
	"alpha1214" -> "e215"
	"A1216" [label="A1"]
	"A1163" -> "A1216"
	"m217" [label="m",style=filled,fillcolor=powderblue]
	"A1216" -> "m217"
	"[218" [label="[",style=filled,fillcolor=powderblue]
	"A1216" -> "[218"
	"Expression219" [label="Expression"]
	"A1216" -> "Expression219"
	"E1220" [label="E1"]
	"Expression219" -> "E1220"
	"E3221" [label="E3"]
	"E1220" -> "E3221"
	"E3222" [label="E3"]
	"E3221" -> "E3222"
	"E4223" [label="E4"]
	"E3222" -> "E4223"
	"num224" [label="num",style=filled,fillcolor=powderblue]
	"E4223" -> "num224"
	"alpha3225" [label="alpha3"]
	"E3221" -> "alpha3225"
	"e226" [label="e"]
	"alpha3225" -> "e226"
	"alpha2227" [label="alpha2"]
	"E1220" -> "alpha2227"
	"e228" [label="e"]
	"alpha2227" -> "e228"
	"alpha1229" [label="alpha1"]
	"Expression219" -> "alpha1229"
	"e230" [label="e"]
	"alpha1229" -> "e230"
	"]231" [label="]",style=filled,fillcolor=powderblue]
	"A1216" -> "]231"
	"=232" [label="=",style=filled,fillcolor=powderblue]
	"A1216" -> "=232"
	"Expression233" [label="Expression"]
	"A1216" -> "Expression233"
	"E1234" [label="E1"]
	"Expression233" -> "E1234"
	"E3235" [label="E3"]
	"E1234" -> "E3235"
	"E3236" [label="E3"]
	"E3235" -> "E3236"
	"E4237" [label="E4"]
	"E3236" -> "E4237"
	"num238" [label="num",style=filled,fillcolor=powderblue]
	"E4237" -> "num238"
	"alpha3239" [label="alpha3"]
	"E3235" -> "alpha3239"
	"e240" [label="e"]
	"alpha3239" -> "e240"
	"alpha2241" [label="alpha2"]
	"E1234" -> "alpha2241"
	"e242" [label="e"]
	"alpha2241" -> "e242"
	"alpha1243" [label="alpha1"]
	"Expression233" -> "alpha1243"
	"-244" [label="-",style=filled,fillcolor=powderblue]
	"alpha1243" -> "-244"
	"E1245" [label="E1"]
	"alpha1243" -> "E1245"
	"E3246" [label="E3"]
	"E1245" -> "E3246"
	"E3247" [label="E3"]
	"E3246" -> "E3247"
	"m248" [label="m",style=filled,fillcolor=powderblue]
	"E3247" -> "m248"
	"[249" [label="[",style=filled,fillcolor=powderblue]
	"E3247" -> "[249"
	"Expression250" [label="Expression"]
	"E3247" -> "Expression250"
	"E1251" [label="E1"]
	"Expression250" -> "E1251"
	"E3252" [label="E3"]
	"E1251" -> "E3252"
	"E3253" [label="E3"]
	"E3252" -> "E3253"
	"E4254" [label="E4"]
	"E3253" -> "E4254"
	"num255" [label="num",style=filled,fillcolor=powderblue]
	"E4254" -> "num255"
	"alpha3256" [label="alpha3"]
	"E3252" -> "alpha3256"
	"e257" [label="e"]
	"alpha3256" -> "e257"
	"alpha2258" [label="alpha2"]
	"E1251" -> "alpha2258"
	"e259" [label="e"]
	"alpha2258" -> "e259"
	"alpha1260" [label="alpha1"]
	"Expression250" -> "alpha1260"
	"e261" [label="e"]
	"alpha1260" -> "e261"
	"]262" [label="]",style=filled,fillcolor=powderblue]
	"E3247" -> "]262"
	"alpha3263" [label="alpha3"]
	"E3246" -> "alpha3263"
	"e264" [label="e"]
	"alpha3263" -> "e264"
	"alpha2265" [label="alpha2"]
	"E1245" -> "alpha2265"
	"e266" [label="e"]
	"alpha2265" -> "e266"
	"alpha1267" [label="alpha1"]
	"alpha1243" -> "alpha1267"
	"-268" [label="-",style=filled,fillcolor=powderblue]
	"alpha1267" -> "-268"
	"E1269" [label="E1"]
	"alpha1267" -> "E1269"
	"E3270" [label="E3"]
	"E1269" -> "E3270"
	"E3271" [label="E3"]
	"E3270" -> "E3271"
	"E4272" [label="E4"]
	"E3271" -> "E4272"
	"num273" [label="num",style=filled,fillcolor=powderblue]
	"E4272" -> "num273"
	"alpha3274" [label="alpha3"]
	"E3270" -> "alpha3274"
	"e275" [label="e"]
	"alpha3274" -> "e275"
	"alpha2276" [label="alpha2"]
	"E1269" -> "alpha2276"
	"e277" [label="e"]
	"alpha2276" -> "e277"
	"alpha1278" [label="alpha1"]
	"alpha1267" -> "alpha1278"
	"e279" [label="e"]
	"alpha1278" -> "e279"
	"A1280" [label="A1"]
	"A1216" -> "A1280"
	"print281" [label="print",style=filled,fillcolor=powderblue]
	"A1280" -> "print281"
	"Expression282" [label="Expression"]
	"A1280" -> "Expression282"
	"E1283" [label="E1"]
	"Expression282" -> "E1283"
	"E3284" [label="E3"]
	"E1283" -> "E3284"
	"E3285" [label="E3"]
	"E3284" -> "E3285"
	"E4286" [label="E4"]
	"E3285" -> "E4286"
	"num287" [label="num",style=filled,fillcolor=powderblue]
	"E4286" -> "num287"
	"alpha3288" [label="alpha3"]
	"E3284" -> "alpha3288"
	"e289" [label="e"]
	"alpha3288" -> "e289"
	"alpha2290" [label="alpha2"]
	"E1283" -> "alpha2290"
	"e291" [label="e"]
	"alpha2290" -> "e291"
	"alpha1292" [label="alpha1"]
	"Expression282" -> "alpha1292"
	"e293" [label="e"]
	"alpha1292" -> "e293"
	"A1294" [label="A1"]
	"A1280" -> "A1294"
	"print295" [label="print",style=filled,fillcolor=powderblue]
	"A1294" -> "print295"
	"Expression296" [label="Expression"]
	"A1294" -> "Expression296"
	"E1297" [label="E1"]
	"Expression296" -> "E1297"
	"E3298" [label="E3"]
	"E1297" -> "E3298"
	"E3299" [label="E3"]
	"E3298" -> "E3299"
	"m300" [label="m",style=filled,fillcolor=powderblue]
	"E3299" -> "m300"
	"[301" [label="[",style=filled,fillcolor=powderblue]
	"E3299" -> "[301"
	"Expression302" [label="Expression"]
	"E3299" -> "Expression302"
	"E1303" [label="E1"]
	"Expression302" -> "E1303"
	"E3304" [label="E3"]
	"E1303" -> "E3304"
	"E3305" [label="E3"]
	"E3304" -> "E3305"
	"E4306" [label="E4"]
	"E3305" -> "E4306"
	"num307" [label="num",style=filled,fillcolor=powderblue]
	"E4306" -> "num307"
	"alpha3308" [label="alpha3"]
	"E3304" -> "alpha3308"
	"e309" [label="e"]
	"alpha3308" -> "e309"
	"alpha2310" [label="alpha2"]
	"E1303" -> "alpha2310"
	"e311" [label="e"]
	"alpha2310" -> "e311"
	"alpha1312" [label="alpha1"]
	"Expression302" -> "alpha1312"
	"e313" [label="e"]
	"alpha1312" -> "e313"
	"]314" [label="]",style=filled,fillcolor=powderblue]
	"E3299" -> "]314"
	"alpha3315" [label="alpha3"]
	"E3298" -> "alpha3315"
	"e316" [label="e"]
	"alpha3315" -> "e316"
	"alpha2317" [label="alpha2"]
	"E1297" -> "alpha2317"
	"e318" [label="e"]
	"alpha2317" -> "e318"
	"alpha1319" [label="alpha1"]
	"Expression296" -> "alpha1319"
	"e320" [label="e"]
	"alpha1319" -> "e320"
	"A1321" [label="A1"]
	"A1294" -> "A1321"
	"print322" [label="print",style=filled,fillcolor=powderblue]
	"A1321" -> "print322"
	"Expression323" [label="Expression"]
	"A1321" -> "Expression323"
	"E1324" [label="E1"]
	"Expression323" -> "E1324"
	"E3325" [label="E3"]
	"E1324" -> "E3325"
	"E3326" [label="E3"]
	"E3325" -> "E3326"
	"m327" [label="m",style=filled,fillcolor=powderblue]
	"E3326" -> "m327"
	"[328" [label="[",style=filled,fillcolor=powderblue]
	"E3326" -> "[328"
	"Expression329" [label="Expression"]
	"E3326" -> "Expression329"
	"E1330" [label="E1"]
	"Expression329" -> "E1330"
	"E3331" [label="E3"]
	"E1330" -> "E3331"
	"E3332" [label="E3"]
	"E3331" -> "E3332"
	"E4333" [label="E4"]
	"E3332" -> "E4333"
	"num334" [label="num",style=filled,fillcolor=powderblue]
	"E4333" -> "num334"
	"alpha3335" [label="alpha3"]
	"E3331" -> "alpha3335"
	"e336" [label="e"]
	"alpha3335" -> "e336"
	"alpha2337" [label="alpha2"]
	"E1330" -> "alpha2337"
	"e338" [label="e"]
	"alpha2337" -> "e338"
	"alpha1339" [label="alpha1"]
	"Expression329" -> "alpha1339"
	"e340" [label="e"]
	"alpha1339" -> "e340"
	"]341" [label="]",style=filled,fillcolor=powderblue]
	"E3326" -> "]341"
	"alpha3342" [label="alpha3"]
	"E3325" -> "alpha3342"
	"e343" [label="e"]
	"alpha3342" -> "e343"
	"alpha2344" [label="alpha2"]
	"E1324" -> "alpha2344"
	"e345" [label="e"]
	"alpha2344" -> "e345"
	"alpha1346" [label="alpha1"]
	"Expression323" -> "alpha1346"
	"e347" [label="e"]
	"alpha1346" -> "e347"
	"A1348" [label="A1"]
	"A1321" -> "A1348"
	"goto349" [label="goto",style=filled,fillcolor=powderblue]
	"A1348" -> "goto349"
	"num350" [label="num",style=filled,fillcolor=powderblue]
	"A1348" -> "num350"
	"I351" [label="I"]
	"A1348" -> "I351"
	"A1352" [label="A1"]
	"A1348" -> "A1352"
	"m353" [label="m",style=filled,fillcolor=powderblue]
	"A1352" -> "m353"
	"[354" [label="[",style=filled,fillcolor=powderblue]
	"A1352" -> "[354"
	"Expression355" [label="Expression"]
	"A1352" -> "Expression355"
	"E1356" [label="E1"]
	"Expression355" -> "E1356"
	"E3357" [label="E3"]
	"E1356" -> "E3357"
	"E3358" [label="E3"]
	"E3357" -> "E3358"
	"E4359" [label="E4"]
	"E3358" -> "E4359"
	"num360" [label="num",style=filled,fillcolor=powderblue]
	"E4359" -> "num360"
	"alpha3361" [label="alpha3"]
	"E3357" -> "alpha3361"
	"e362" [label="e"]
	"alpha3361" -> "e362"
	"alpha2363" [label="alpha2"]
	"E1356" -> "alpha2363"
	"e364" [label="e"]
	"alpha2363" -> "e364"
	"alpha1365" [label="alpha1"]
	"Expression355" -> "alpha1365"
	"e366" [label="e"]
	"alpha1365" -> "e366"
	"]367" [label="]",style=filled,fillcolor=powderblue]
	"A1352" -> "]367"
	"=368" [label="=",style=filled,fillcolor=powderblue]
	"A1352" -> "=368"
	"Expression369" [label="Expression"]
	"A1352" -> "Expression369"
	"E1370" [label="E1"]
	"Expression369" -> "E1370"
	"E3371" [label="E3"]
	"E1370" -> "E3371"
	"E3372" [label="E3"]
	"E3371" -> "E3372"
	"E4373" [label="E4"]
	"E3372" -> "E4373"
	"num374" [label="num",style=filled,fillcolor=powderblue]
	"E4373" -> "num374"
	"alpha3375" [label="alpha3"]
	"E3371" -> "alpha3375"
	"e376" [label="e"]
	"alpha3375" -> "e376"
	"alpha2377" [label="alpha2"]
	"E1370" -> "alpha2377"
	"e378" [label="e"]
	"alpha2377" -> "e378"
	"alpha1379" [label="alpha1"]
	"Expression369" -> "alpha1379"
	"-380" [label="-",style=filled,fillcolor=powderblue]
	"alpha1379" -> "-380"
	"E1381" [label="E1"]
	"alpha1379" -> "E1381"
	"E3382" [label="E3"]
	"E1381" -> "E3382"
	"E3383" [label="E3"]
	"E3382" -> "E3383"
	"m384" [label="m",style=filled,fillcolor=powderblue]
	"E3383" -> "m384"
	"[385" [label="[",style=filled,fillcolor=powderblue]
	"E3383" -> "[385"
	"Expression386" [label="Expression"]
	"E3383" -> "Expression386"
	"E1387" [label="E1"]
	"Expression386" -> "E1387"
	"E3388" [label="E3"]
	"E1387" -> "E3388"
	"E3389" [label="E3"]
	"E3388" -> "E3389"
	"E4390" [label="E4"]
	"E3389" -> "E4390"
	"num391" [label="num",style=filled,fillcolor=powderblue]
	"E4390" -> "num391"
	"alpha3392" [label="alpha3"]
	"E3388" -> "alpha3392"
	"e393" [label="e"]
	"alpha3392" -> "e393"
	"alpha2394" [label="alpha2"]
	"E1387" -> "alpha2394"
	"e395" [label="e"]
	"alpha2394" -> "e395"
	"alpha1396" [label="alpha1"]
	"Expression386" -> "alpha1396"
	"e397" [label="e"]
	"alpha1396" -> "e397"
	"]398" [label="]",style=filled,fillcolor=powderblue]
	"E3383" -> "]398"
	"alpha3399" [label="alpha3"]
	"E3382" -> "alpha3399"
	"e400" [label="e"]
	"alpha3399" -> "e400"
	"alpha2401" [label="alpha2"]
	"E1381" -> "alpha2401"
	"e402" [label="e"]
	"alpha2401" -> "e402"
	"alpha1403" [label="alpha1"]
	"alpha1379" -> "alpha1403"
	"-404" [label="-",style=filled,fillcolor=powderblue]
	"alpha1403" -> "-404"
	"E1405" [label="E1"]
	"alpha1403" -> "E1405"
	"E3406" [label="E3"]
	"E1405" -> "E3406"
	"E3407" [label="E3"]
	"E3406" -> "E3407"
	"E4408" [label="E4"]
	"E3407" -> "E4408"
	"num409" [label="num",style=filled,fillcolor=powderblue]
	"E4408" -> "num409"
	"alpha3410" [label="alpha3"]
	"E3406" -> "alpha3410"
	"e411" [label="e"]
	"alpha3410" -> "e411"
	"alpha2412" [label="alpha2"]
	"E1405" -> "alpha2412"
	"e413" [label="e"]
	"alpha2412" -> "e413"
	"alpha1414" [label="alpha1"]
	"alpha1403" -> "alpha1414"
	"e415" [label="e"]
	"alpha1414" -> "e415"
	"A1416" [label="A1"]
	"A1352" -> "A1416"
	"print417" [label="print",style=filled,fillcolor=powderblue]
	"A1416" -> "print417"
	"Expression418" [label="Expression"]
	"A1416" -> "Expression418"
	"E1419" [label="E1"]
	"Expression418" -> "E1419"
	"E3420" [label="E3"]
	"E1419" -> "E3420"
	"E3421" [label="E3"]
	"E3420" -> "E3421"
	"E4422" [label="E4"]
	"E3421" -> "E4422"
	"num423" [label="num",style=filled,fillcolor=powderblue]
	"E4422" -> "num423"
	"alpha3424" [label="alpha3"]
	"E3420" -> "alpha3424"
	"e425" [label="e"]
	"alpha3424" -> "e425"
	"alpha2426" [label="alpha2"]
	"E1419" -> "alpha2426"
	"e427" [label="e"]
	"alpha2426" -> "e427"
	"alpha1428" [label="alpha1"]
	"Expression418" -> "alpha1428"
	"e429" [label="e"]
	"alpha1428" -> "e429"
	"A1430" [label="A1"]
	"A1416" -> "A1430"
	"print431" [label="print",style=filled,fillcolor=powderblue]
	"A1430" -> "print431"
	"Expression432" [label="Expression"]
	"A1430" -> "Expression432"
	"E1433" [label="E1"]
	"Expression432" -> "E1433"
	"E3434" [label="E3"]
	"E1433" -> "E3434"
	"E3435" [label="E3"]
	"E3434" -> "E3435"
	"m436" [label="m",style=filled,fillcolor=powderblue]
	"E3435" -> "m436"
	"[437" [label="[",style=filled,fillcolor=powderblue]
	"E3435" -> "[437"
	"Expression438" [label="Expression"]
	"E3435" -> "Expression438"
	"E1439" [label="E1"]
	"Expression438" -> "E1439"
	"E3440" [label="E3"]
	"E1439" -> "E3440"
	"E3441" [label="E3"]
	"E3440" -> "E3441"
	"E4442" [label="E4"]
	"E3441" -> "E4442"
	"num443" [label="num",style=filled,fillcolor=powderblue]
	"E4442" -> "num443"
	"alpha3444" [label="alpha3"]
	"E3440" -> "alpha3444"
	"e445" [label="e"]
	"alpha3444" -> "e445"
	"alpha2446" [label="alpha2"]
	"E1439" -> "alpha2446"
	"e447" [label="e"]
	"alpha2446" -> "e447"
	"alpha1448" [label="alpha1"]
	"Expression438" -> "alpha1448"
	"e449" [label="e"]
	"alpha1448" -> "e449"
	"]450" [label="]",style=filled,fillcolor=powderblue]
	"E3435" -> "]450"
	"alpha3451" [label="alpha3"]
	"E3434" -> "alpha3451"
	"e452" [label="e"]
	"alpha3451" -> "e452"
	"alpha2453" [label="alpha2"]
	"E1433" -> "alpha2453"
	"e454" [label="e"]
	"alpha2453" -> "e454"
	"alpha1455" [label="alpha1"]
	"Expression432" -> "alpha1455"
	"e456" [label="e"]
	"alpha1455" -> "e456"
	"A1457" [label="A1"]
	"A1430" -> "A1457"
	"L458" [label="L",style=filled,fillcolor=powderblue]
	"A1457" -> "L458"
	"num459" [label="num",style=filled,fillcolor=powderblue]
	"A1457" -> "num459"
	":460" [label=":",style=filled,fillcolor=powderblue]
	"A1457" -> ":460"
	"A1461" [label="A1"]
	"A1457" -> "A1461"
	"m462" [label="m",style=filled,fillcolor=powderblue]
	"A1461" -> "m462"
	"[463" [label="[",style=filled,fillcolor=powderblue]
	"A1461" -> "[463"
	"Expression464" [label="Expression"]
	"A1461" -> "Expression464"
	"E1465" [label="E1"]
	"Expression464" -> "E1465"
	"E3466" [label="E3"]
	"E1465" -> "E3466"
	"E3467" [label="E3"]
	"E3466" -> "E3467"
	"E4468" [label="E4"]
	"E3467" -> "E4468"
	"num469" [label="num",style=filled,fillcolor=powderblue]
	"E4468" -> "num469"
	"alpha3470" [label="alpha3"]
	"E3466" -> "alpha3470"
	"e471" [label="e"]
	"alpha3470" -> "e471"
	"alpha2472" [label="alpha2"]
	"E1465" -> "alpha2472"
	"e473" [label="e"]
	"alpha2472" -> "e473"
	"alpha1474" [label="alpha1"]
	"Expression464" -> "alpha1474"
	"e475" [label="e"]
	"alpha1474" -> "e475"
	"]476" [label="]",style=filled,fillcolor=powderblue]
	"A1461" -> "]476"
	"=477" [label="=",style=filled,fillcolor=powderblue]
	"A1461" -> "=477"
	"Expression478" [label="Expression"]
	"A1461" -> "Expression478"
	"E1479" [label="E1"]
	"Expression478" -> "E1479"
	"E3480" [label="E3"]
	"E1479" -> "E3480"
	"E3481" [label="E3"]
	"E3480" -> "E3481"
	"E4482" [label="E4"]
	"E3481" -> "E4482"
	"num483" [label="num",style=filled,fillcolor=powderblue]
	"E4482" -> "num483"
	"alpha3484" [label="alpha3"]
	"E3480" -> "alpha3484"
	"e485" [label="e"]
	"alpha3484" -> "e485"
	"alpha2486" [label="alpha2"]
	"E1479" -> "alpha2486"
	"e487" [label="e"]
	"alpha2486" -> "e487"
	"alpha1488" [label="alpha1"]
	"Expression478" -> "alpha1488"
	"-489" [label="-",style=filled,fillcolor=powderblue]
	"alpha1488" -> "-489"
	"E1490" [label="E1"]
	"alpha1488" -> "E1490"
	"E3491" [label="E3"]
	"E1490" -> "E3491"
	"E3492" [label="E3"]
	"E3491" -> "E3492"
	"E4493" [label="E4"]
	"E3492" -> "E4493"
	"(494" [label="(",style=filled,fillcolor=powderblue]
	"E4493" -> "(494"
	"Expression495" [label="Expression"]
	"E4493" -> "Expression495"
	"E1496" [label="E1"]
	"Expression495" -> "E1496"
	"E3497" [label="E3"]
	"E1496" -> "E3497"
	"E3498" [label="E3"]
	"E3497" -> "E3498"
	"m499" [label="m",style=filled,fillcolor=powderblue]
	"E3498" -> "m499"
	"[500" [label="[",style=filled,fillcolor=powderblue]
	"E3498" -> "[500"
	"Expression501" [label="Expression"]
	"E3498" -> "Expression501"
	"E1502" [label="E1"]
	"Expression501" -> "E1502"
	"E3503" [label="E3"]
	"E1502" -> "E3503"
	"E3504" [label="E3"]
	"E3503" -> "E3504"
	"E4505" [label="E4"]
	"E3504" -> "E4505"
	"num506" [label="num",style=filled,fillcolor=powderblue]
	"E4505" -> "num506"
	"alpha3507" [label="alpha3"]
	"E3503" -> "alpha3507"
	"e508" [label="e"]
	"alpha3507" -> "e508"
	"alpha2509" [label="alpha2"]
	"E1502" -> "alpha2509"
	"e510" [label="e"]
	"alpha2509" -> "e510"
	"alpha1511" [label="alpha1"]
	"Expression501" -> "alpha1511"
	"e512" [label="e"]
	"alpha1511" -> "e512"
	"]513" [label="]",style=filled,fillcolor=powderblue]
	"E3498" -> "]513"
	"alpha3514" [label="alpha3"]
	"E3497" -> "alpha3514"
	"e515" [label="e"]
	"alpha3514" -> "e515"
	"alpha2516" [label="alpha2"]
	"E1496" -> "alpha2516"
	"e517" [label="e"]
	"alpha2516" -> "e517"
	"alpha1518" [label="alpha1"]
	"Expression495" -> "alpha1518"
	"-519" [label="-",style=filled,fillcolor=powderblue]
	"alpha1518" -> "-519"
	"E1520" [label="E1"]
	"alpha1518" -> "E1520"
	"E3521" [label="E3"]
	"E1520" -> "E3521"
	"E3522" [label="E3"]
	"E3521" -> "E3522"
	"E4523" [label="E4"]
	"E3522" -> "E4523"
	"num524" [label="num",style=filled,fillcolor=powderblue]
	"E4523" -> "num524"
	"alpha3525" [label="alpha3"]
	"E3521" -> "alpha3525"
	"e526" [label="e"]
	"alpha3525" -> "e526"
	"alpha2527" [label="alpha2"]
	"E1520" -> "alpha2527"
	"e528" [label="e"]
	"alpha2527" -> "e528"
	"alpha1529" [label="alpha1"]
	"alpha1518" -> "alpha1529"
	"e530" [label="e"]
	"alpha1529" -> "e530"
	")531" [label=")",style=filled,fillcolor=powderblue]
	"E4493" -> ")531"
	"alpha3532" [label="alpha3"]
	"E3491" -> "alpha3532"
	"e533" [label="e"]
	"alpha3532" -> "e533"
	"alpha2534" [label="alpha2"]
	"E1490" -> "alpha2534"
	"e535" [label="e"]
	"alpha2534" -> "e535"
	"alpha1536" [label="alpha1"]
	"alpha1488" -> "alpha1536"
	"e537" [label="e"]
	"alpha1536" -> "e537"
	"A1538" [label="A1"]
	"A1461" -> "A1538"
	"m539" [label="m",style=filled,fillcolor=powderblue]
	"A1538" -> "m539"
	"[540" [label="[",style=filled,fillcolor=powderblue]
	"A1538" -> "[540"
	"Expression541" [label="Expression"]
	"A1538" -> "Expression541"
	"E1542" [label="E1"]
	"Expression541" -> "E1542"
	"E3543" [label="E3"]
	"E1542" -> "E3543"
	"E3544" [label="E3"]
	"E3543" -> "E3544"
	"E4545" [label="E4"]
	"E3544" -> "E4545"
	"num546" [label="num",style=filled,fillcolor=powderblue]
	"E4545" -> "num546"
	"alpha3547" [label="alpha3"]
	"E3543" -> "alpha3547"
	"e548" [label="e"]
	"alpha3547" -> "e548"
	"alpha2549" [label="alpha2"]
	"E1542" -> "alpha2549"
	"e550" [label="e"]
	"alpha2549" -> "e550"
	"alpha1551" [label="alpha1"]
	"Expression541" -> "alpha1551"
	"e552" [label="e"]
	"alpha1551" -> "e552"
	"]553" [label="]",style=filled,fillcolor=powderblue]
	"A1538" -> "]553"
	"=554" [label="=",style=filled,fillcolor=powderblue]
	"A1538" -> "=554"
	"Expression555" [label="Expression"]
	"A1538" -> "Expression555"
	"E1556" [label="E1"]
	"Expression555" -> "E1556"
	"E3557" [label="E3"]
	"E1556" -> "E3557"
	"E3558" [label="E3"]
	"E3557" -> "E3558"
	"E4559" [label="E4"]
	"E3558" -> "E4559"
	"num560" [label="num",style=filled,fillcolor=powderblue]
	"E4559" -> "num560"
	"alpha3561" [label="alpha3"]
	"E3557" -> "alpha3561"
	"e562" [label="e"]
	"alpha3561" -> "e562"
	"alpha2563" [label="alpha2"]
	"E1556" -> "alpha2563"
	"*564" [label="*",style=filled,fillcolor=powderblue]
	"alpha2563" -> "*564"
	"E3565" [label="E3"]
	"alpha2563" -> "E3565"
	"E3566" [label="E3"]
	"E3565" -> "E3566"
	"E4567" [label="E4"]
	"E3566" -> "E4567"
	"num568" [label="num",style=filled,fillcolor=powderblue]
	"E4567" -> "num568"
	"alpha3569" [label="alpha3"]
	"E3565" -> "alpha3569"
	"e570" [label="e"]
	"alpha3569" -> "e570"
	"alpha2571" [label="alpha2"]
	"alpha2563" -> "alpha2571"
	"e572" [label="e"]
	"alpha2571" -> "e572"
	"alpha1573" [label="alpha1"]
	"Expression555" -> "alpha1573"
	"-574" [label="-",style=filled,fillcolor=powderblue]
	"alpha1573" -> "-574"
	"E1575" [label="E1"]
	"alpha1573" -> "E1575"
	"E3576" [label="E3"]
	"E1575" -> "E3576"
	"E3577" [label="E3"]
	"E3576" -> "E3577"
	"E4578" [label="E4"]
	"E3577" -> "E4578"
	"num579" [label="num",style=filled,fillcolor=powderblue]
	"E4578" -> "num579"
	"alpha3580" [label="alpha3"]
	"E3576" -> "alpha3580"
	"e581" [label="e"]
	"alpha3580" -> "e581"
	"alpha2582" [label="alpha2"]
	"E1575" -> "alpha2582"
	"/583" [label="/",style=filled,fillcolor=powderblue]
	"alpha2582" -> "/583"
	"E3584" [label="E3"]
	"alpha2582" -> "E3584"
	"E3585" [label="E3"]
	"E3584" -> "E3585"
	"E4586" [label="E4"]
	"E3585" -> "E4586"
	"num587" [label="num",style=filled,fillcolor=powderblue]
	"E4586" -> "num587"
	"alpha3588" [label="alpha3"]
	"E3584" -> "alpha3588"
	"**589" [label="**",style=filled,fillcolor=powderblue]
	"alpha3588" -> "**589"
	"E3590" [label="E3"]
	"alpha3588" -> "E3590"
	"E4591" [label="E4"]
	"E3590" -> "E4591"
	"num592" [label="num",style=filled,fillcolor=powderblue]
	"E4591" -> "num592"
	"alpha3593" [label="alpha3"]
	"alpha3588" -> "alpha3593"
	"e594" [label="e"]
	"alpha3593" -> "e594"
	"alpha2595" [label="alpha2"]
	"alpha2582" -> "alpha2595"
	"e596" [label="e"]
	"alpha2595" -> "e596"
	"alpha1597" [label="alpha1"]
	"alpha1573" -> "alpha1597"
	"e598" [label="e"]
	"alpha1597" -> "e598"
	"A1599" [label="A1"]
	"A1538" -> "A1599"
	"m600" [label="m",style=filled,fillcolor=powderblue]
	"A1599" -> "m600"
	"[601" [label="[",style=filled,fillcolor=powderblue]
	"A1599" -> "[601"
	"Expression602" [label="Expression"]
	"A1599" -> "Expression602"
	"E1603" [label="E1"]
	"Expression602" -> "E1603"
	"E3604" [label="E3"]
	"E1603" -> "E3604"
	"E3605" [label="E3"]
	"E3604" -> "E3605"
	"E4606" [label="E4"]
	"E3605" -> "E4606"
	"num607" [label="num",style=filled,fillcolor=powderblue]
	"E4606" -> "num607"
	"alpha3608" [label="alpha3"]
	"E3604" -> "alpha3608"
	"e609" [label="e"]
	"alpha3608" -> "e609"
	"alpha2610" [label="alpha2"]
	"E1603" -> "alpha2610"
	"e611" [label="e"]
	"alpha2610" -> "e611"
	"alpha1612" [label="alpha1"]
	"Expression602" -> "alpha1612"
	"e613" [label="e"]
	"alpha1612" -> "e613"
	"]614" [label="]",style=filled,fillcolor=powderblue]
	"A1599" -> "]614"
	"=615" [label="=",style=filled,fillcolor=powderblue]
	"A1599" -> "=615"
	"Expression616" [label="Expression"]
	"A1599" -> "Expression616"
	"E1617" [label="E1"]
	"Expression616" -> "E1617"
	"E3618" [label="E3"]
	"E1617" -> "E3618"
	"E3619" [label="E3"]
	"E3618" -> "E3619"
	"E4620" [label="E4"]
	"E3619" -> "E4620"
	"num621" [label="num",style=filled,fillcolor=powderblue]
	"E4620" -> "num621"
	"alpha3622" [label="alpha3"]
	"E3618" -> "alpha3622"
	"e623" [label="e"]
	"alpha3622" -> "e623"
	"alpha2624" [label="alpha2"]
	"E1617" -> "alpha2624"
	"e625" [label="e"]
	"alpha2624" -> "e625"
	"alpha1626" [label="alpha1"]
	"Expression616" -> "alpha1626"
	"+627" [label="+",style=filled,fillcolor=powderblue]
	"alpha1626" -> "+627"
	"E1628" [label="E1"]
	"alpha1626" -> "E1628"
	"E3629" [label="E3"]
	"E1628" -> "E3629"
	"E3630" [label="E3"]
	"E3629" -> "E3630"
	"m631" [label="m",style=filled,fillcolor=powderblue]
	"E3630" -> "m631"
	"[632" [label="[",style=filled,fillcolor=powderblue]
	"E3630" -> "[632"
	"Expression633" [label="Expression"]
	"E3630" -> "Expression633"
	"E1634" [label="E1"]
	"Expression633" -> "E1634"
	"E3635" [label="E3"]
	"E1634" -> "E3635"
	"E3636" [label="E3"]
	"E3635" -> "E3636"
	"E4637" [label="E4"]
	"E3636" -> "E4637"
	"num638" [label="num",style=filled,fillcolor=powderblue]
	"E4637" -> "num638"
	"alpha3639" [label="alpha3"]
	"E3635" -> "alpha3639"
	"e640" [label="e"]
	"alpha3639" -> "e640"
	"alpha2641" [label="alpha2"]
	"E1634" -> "alpha2641"
	"e642" [label="e"]
	"alpha2641" -> "e642"
	"alpha1643" [label="alpha1"]
	"Expression633" -> "alpha1643"
	"e644" [label="e"]
	"alpha1643" -> "e644"
	"]645" [label="]",style=filled,fillcolor=powderblue]
	"E3630" -> "]645"
	"alpha3646" [label="alpha3"]
	"E3629" -> "alpha3646"
	"e647" [label="e"]
	"alpha3646" -> "e647"
	"alpha2648" [label="alpha2"]
	"E1628" -> "alpha2648"
	"e649" [label="e"]
	"alpha2648" -> "e649"
	"alpha1650" [label="alpha1"]
	"alpha1626" -> "alpha1650"
	"e651" [label="e"]
	"alpha1650" -> "e651"
	"A1652" [label="A1"]
	"A1599" -> "A1652"
	"m653" [label="m",style=filled,fillcolor=powderblue]
	"A1652" -> "m653"
	"[654" [label="[",style=filled,fillcolor=powderblue]
	"A1652" -> "[654"
	"Expression655" [label="Expression"]
	"A1652" -> "Expression655"
	"E1656" [label="E1"]
	"Expression655" -> "E1656"
	"E3657" [label="E3"]
	"E1656" -> "E3657"
	"E3658" [label="E3"]
	"E3657" -> "E3658"
	"E4659" [label="E4"]
	"E3658" -> "E4659"
	"num660" [label="num",style=filled,fillcolor=powderblue]
	"E4659" -> "num660"
	"alpha3661" [label="alpha3"]
	"E3657" -> "alpha3661"
	"e662" [label="e"]
	"alpha3661" -> "e662"
	"alpha2663" [label="alpha2"]
	"E1656" -> "alpha2663"
	"e664" [label="e"]
	"alpha2663" -> "e664"
	"alpha1665" [label="alpha1"]
	"Expression655" -> "alpha1665"
	"e666" [label="e"]
	"alpha1665" -> "e666"
	"]667" [label="]",style=filled,fillcolor=powderblue]
	"A1652" -> "]667"
	"=668" [label="=",style=filled,fillcolor=powderblue]
	"A1652" -> "=668"
	"Expression669" [label="Expression"]
	"A1652" -> "Expression669"
	"E1670" [label="E1"]
	"Expression669" -> "E1670"
	"E3671" [label="E3"]
	"E1670" -> "E3671"
	"E3672" [label="E3"]
	"E3671" -> "E3672"
	"E4673" [label="E4"]
	"E3672" -> "E4673"
	"num674" [label="num",style=filled,fillcolor=powderblue]
	"E4673" -> "num674"
	"alpha3675" [label="alpha3"]
	"E3671" -> "alpha3675"
	"**676" [label="**",style=filled,fillcolor=powderblue]
	"alpha3675" -> "**676"
	"E3677" [label="E3"]
	"alpha3675" -> "E3677"
	"E4678" [label="E4"]
	"E3677" -> "E4678"
	"num679" [label="num",style=filled,fillcolor=powderblue]
	"E4678" -> "num679"
	"alpha3680" [label="alpha3"]
	"alpha3675" -> "alpha3680"
	"e681" [label="e"]
	"alpha3680" -> "e681"
	"alpha2682" [label="alpha2"]
	"E1670" -> "alpha2682"
	"e683" [label="e"]
	"alpha2682" -> "e683"
	"alpha1684" [label="alpha1"]
	"Expression669" -> "alpha1684"
	"-685" [label="-",style=filled,fillcolor=powderblue]
	"alpha1684" -> "-685"
	"E1686" [label="E1"]
	"alpha1684" -> "E1686"
	"E3687" [label="E3"]
	"E1686" -> "E3687"
	"E3688" [label="E3"]
	"E3687" -> "E3688"
	"E4689" [label="E4"]
	"E3688" -> "E4689"
	"num690" [label="num",style=filled,fillcolor=powderblue]
	"E4689" -> "num690"
	"alpha3691" [label="alpha3"]
	"E3687" -> "alpha3691"
	"**692" [label="**",style=filled,fillcolor=powderblue]
	"alpha3691" -> "**692"
	"E3693" [label="E3"]
	"alpha3691" -> "E3693"
	"E4694" [label="E4"]
	"E3693" -> "E4694"
	"num695" [label="num",style=filled,fillcolor=powderblue]
	"E4694" -> "num695"
	"alpha3696" [label="alpha3"]
	"alpha3691" -> "alpha3696"
	"**697" [label="**",style=filled,fillcolor=powderblue]
	"alpha3696" -> "**697"
	"E3698" [label="E3"]
	"alpha3696" -> "E3698"
	"E4699" [label="E4"]
	"E3698" -> "E4699"
	"num700" [label="num",style=filled,fillcolor=powderblue]
	"E4699" -> "num700"
	"alpha3701" [label="alpha3"]
	"alpha3696" -> "alpha3701"
	"e702" [label="e"]
	"alpha3701" -> "e702"
	"alpha2703" [label="alpha2"]
	"E1686" -> "alpha2703"
	"e704" [label="e"]
	"alpha2703" -> "e704"
	"alpha1705" [label="alpha1"]
	"alpha1684" -> "alpha1705"
	"-706" [label="-",style=filled,fillcolor=powderblue]
	"alpha1705" -> "-706"
	"E1707" [label="E1"]
	"alpha1705" -> "E1707"
	"E3708" [label="E3"]
	"E1707" -> "E3708"
	"E3709" [label="E3"]
	"E3708" -> "E3709"
	"E4710" [label="E4"]
	"E3709" -> "E4710"
	"num711" [label="num",style=filled,fillcolor=powderblue]
	"E4710" -> "num711"
	"alpha3712" [label="alpha3"]
	"E3708" -> "alpha3712"
	"e713" [label="e"]
	"alpha3712" -> "e713"
	"alpha2714" [label="alpha2"]
	"E1707" -> "alpha2714"
	"e715" [label="e"]
	"alpha2714" -> "e715"
	"alpha1716" [label="alpha1"]
	"alpha1705" -> "alpha1716"
	"e717" [label="e"]
	"alpha1716" -> "e717"
	"A1718" [label="A1"]
	"A1652" -> "A1718"
	"m719" [label="m",style=filled,fillcolor=powderblue]
	"A1718" -> "m719"
	"[720" [label="[",style=filled,fillcolor=powderblue]
	"A1718" -> "[720"
	"Expression721" [label="Expression"]
	"A1718" -> "Expression721"
	"E1722" [label="E1"]
	"Expression721" -> "E1722"
	"E3723" [label="E3"]
	"E1722" -> "E3723"
	"E3724" [label="E3"]
	"E3723" -> "E3724"
	"E4725" [label="E4"]
	"E3724" -> "E4725"
	"num726" [label="num",style=filled,fillcolor=powderblue]
	"E4725" -> "num726"
	"alpha3727" [label="alpha3"]
	"E3723" -> "alpha3727"
	"e728" [label="e"]
	"alpha3727" -> "e728"
	"alpha2729" [label="alpha2"]
	"E1722" -> "alpha2729"
	"e730" [label="e"]
	"alpha2729" -> "e730"
	"alpha1731" [label="alpha1"]
	"Expression721" -> "alpha1731"
	"e732" [label="e"]
	"alpha1731" -> "e732"
	"]733" [label="]",style=filled,fillcolor=powderblue]
	"A1718" -> "]733"
	"=734" [label="=",style=filled,fillcolor=powderblue]
	"A1718" -> "=734"
	"Expression735" [label="Expression"]
	"A1718" -> "Expression735"
	"E1736" [label="E1"]
	"Expression735" -> "E1736"
	"E3737" [label="E3"]
	"E1736" -> "E3737"
	"E3738" [label="E3"]
	"E3737" -> "E3738"
	"E4739" [label="E4"]
	"E3738" -> "E4739"
	"num740" [label="num",style=filled,fillcolor=powderblue]
	"E4739" -> "num740"
	"alpha3741" [label="alpha3"]
	"E3737" -> "alpha3741"
	"e742" [label="e"]
	"alpha3741" -> "e742"
	"alpha2743" [label="alpha2"]
	"E1736" -> "alpha2743"
	"e744" [label="e"]
	"alpha2743" -> "e744"
	"alpha1745" [label="alpha1"]
	"Expression735" -> "alpha1745"
	"-746" [label="-",style=filled,fillcolor=powderblue]
	"alpha1745" -> "-746"
	"E1747" [label="E1"]
	"alpha1745" -> "E1747"
	"E3748" [label="E3"]
	"E1747" -> "E3748"
	"E3749" [label="E3"]
	"E3748" -> "E3749"
	"m750" [label="m",style=filled,fillcolor=powderblue]
	"E3749" -> "m750"
	"[751" [label="[",style=filled,fillcolor=powderblue]
	"E3749" -> "[751"
	"Expression752" [label="Expression"]
	"E3749" -> "Expression752"
	"E1753" [label="E1"]
	"Expression752" -> "E1753"
	"E3754" [label="E3"]
	"E1753" -> "E3754"
	"E3755" [label="E3"]
	"E3754" -> "E3755"
	"E4756" [label="E4"]
	"E3755" -> "E4756"
	"num757" [label="num",style=filled,fillcolor=powderblue]
	"E4756" -> "num757"
	"alpha3758" [label="alpha3"]
	"E3754" -> "alpha3758"
	"e759" [label="e"]
	"alpha3758" -> "e759"
	"alpha2760" [label="alpha2"]
	"E1753" -> "alpha2760"
	"e761" [label="e"]
	"alpha2760" -> "e761"
	"alpha1762" [label="alpha1"]
	"Expression752" -> "alpha1762"
	"-763" [label="-",style=filled,fillcolor=powderblue]
	"alpha1762" -> "-763"
	"E1764" [label="E1"]
	"alpha1762" -> "E1764"
	"E3765" [label="E3"]
	"E1764" -> "E3765"
	"E3766" [label="E3"]
	"E3765" -> "E3766"
	"E4767" [label="E4"]
	"E3766" -> "E4767"
	"num768" [label="num",style=filled,fillcolor=powderblue]
	"E4767" -> "num768"
	"alpha3769" [label="alpha3"]
	"E3765" -> "alpha3769"
	"e770" [label="e"]
	"alpha3769" -> "e770"
	"alpha2771" [label="alpha2"]
	"E1764" -> "alpha2771"
	"e772" [label="e"]
	"alpha2771" -> "e772"
	"alpha1773" [label="alpha1"]
	"alpha1762" -> "alpha1773"
	"e774" [label="e"]
	"alpha1773" -> "e774"
	"]775" [label="]",style=filled,fillcolor=powderblue]
	"E3749" -> "]775"
	"alpha3776" [label="alpha3"]
	"E3748" -> "alpha3776"
	"e777" [label="e"]
	"alpha3776" -> "e777"
	"alpha2778" [label="alpha2"]
	"E1747" -> "alpha2778"
	"e779" [label="e"]
	"alpha2778" -> "e779"
	"alpha1780" [label="alpha1"]
	"alpha1745" -> "alpha1780"
	"e781" [label="e"]
	"alpha1780" -> "e781"
	"A1782" [label="A1"]
	"A1718" -> "A1782"
	"m783" [label="m",style=filled,fillcolor=powderblue]
	"A1782" -> "m783"
	"[784" [label="[",style=filled,fillcolor=powderblue]
	"A1782" -> "[784"
	"Expression785" [label="Expression"]
	"A1782" -> "Expression785"
	"E1786" [label="E1"]
	"Expression785" -> "E1786"
	"E3787" [label="E3"]
	"E1786" -> "E3787"
	"E3788" [label="E3"]
	"E3787" -> "E3788"
	"E4789" [label="E4"]
	"E3788" -> "E4789"
	"num790" [label="num",style=filled,fillcolor=powderblue]
	"E4789" -> "num790"
	"alpha3791" [label="alpha3"]
	"E3787" -> "alpha3791"
	"e792" [label="e"]
	"alpha3791" -> "e792"
	"alpha2793" [label="alpha2"]
	"E1786" -> "alpha2793"
	"e794" [label="e"]
	"alpha2793" -> "e794"
	"alpha1795" [label="alpha1"]
	"Expression785" -> "alpha1795"
	"e796" [label="e"]
	"alpha1795" -> "e796"
	"]797" [label="]",style=filled,fillcolor=powderblue]
	"A1782" -> "]797"
	"=798" [label="=",style=filled,fillcolor=powderblue]
	"A1782" -> "=798"
	"Expression799" [label="Expression"]
	"A1782" -> "Expression799"
	"E1800" [label="E1"]
	"Expression799" -> "E1800"
	"E3801" [label="E3"]
	"E1800" -> "E3801"
	"E3802" [label="E3"]
	"E3801" -> "E3802"
	"E4803" [label="E4"]
	"E3802" -> "E4803"
	"num804" [label="num",style=filled,fillcolor=powderblue]
	"E4803" -> "num804"
	"alpha3805" [label="alpha3"]
	"E3801" -> "alpha3805"
	"e806" [label="e"]
	"alpha3805" -> "e806"
	"alpha2807" [label="alpha2"]
	"E1800" -> "alpha2807"
	"e808" [label="e"]
	"alpha2807" -> "e808"
	"alpha1809" [label="alpha1"]
	"Expression799" -> "alpha1809"
	"-810" [label="-",style=filled,fillcolor=powderblue]
	"alpha1809" -> "-810"
	"E1811" [label="E1"]
	"alpha1809" -> "E1811"
	"E3812" [label="E3"]
	"E1811" -> "E3812"
	"E3813" [label="E3"]
	"E3812" -> "E3813"
	"E4814" [label="E4"]
	"E3813" -> "E4814"
	"(815" [label="(",style=filled,fillcolor=powderblue]
	"E4814" -> "(815"
	"Expression816" [label="Expression"]
	"E4814" -> "Expression816"
	"E1817" [label="E1"]
	"Expression816" -> "E1817"
	"E3818" [label="E3"]
	"E1817" -> "E3818"
	"E3819" [label="E3"]
	"E3818" -> "E3819"
	"E4820" [label="E4"]
	"E3819" -> "E4820"
	"num821" [label="num",style=filled,fillcolor=powderblue]
	"E4820" -> "num821"
	"alpha3822" [label="alpha3"]
	"E3818" -> "alpha3822"
	"e823" [label="e"]
	"alpha3822" -> "e823"
	"alpha2824" [label="alpha2"]
	"E1817" -> "alpha2824"
	"e825" [label="e"]
	"alpha2824" -> "e825"
	"alpha1826" [label="alpha1"]
	"Expression816" -> "alpha1826"
	"-827" [label="-",style=filled,fillcolor=powderblue]
	"alpha1826" -> "-827"
	"E1828" [label="E1"]
	"alpha1826" -> "E1828"
	"E3829" [label="E3"]
	"E1828" -> "E3829"
	"E3830" [label="E3"]
	"E3829" -> "E3830"
	"E4831" [label="E4"]
	"E3830" -> "E4831"
	"num832" [label="num",style=filled,fillcolor=powderblue]
	"E4831" -> "num832"
	"alpha3833" [label="alpha3"]
	"E3829" -> "alpha3833"
	"e834" [label="e"]
	"alpha3833" -> "e834"
	"alpha2835" [label="alpha2"]
	"E1828" -> "alpha2835"
	"e836" [label="e"]
	"alpha2835" -> "e836"
	"alpha1837" [label="alpha1"]
	"alpha1826" -> "alpha1837"
	"e838" [label="e"]
	"alpha1837" -> "e838"
	")839" [label=")",style=filled,fillcolor=powderblue]
	"E4814" -> ")839"
	"alpha3840" [label="alpha3"]
	"E3812" -> "alpha3840"
	"e841" [label="e"]
	"alpha3840" -> "e841"
	"alpha2842" [label="alpha2"]
	"E1811" -> "alpha2842"
	"e843" [label="e"]
	"alpha2842" -> "e843"
	"alpha1844" [label="alpha1"]
	"alpha1809" -> "alpha1844"
	"e845" [label="e"]
	"alpha1844" -> "e845"
	"A1846" [label="A1"]
	"A1782" -> "A1846"
	"m847" [label="m",style=filled,fillcolor=powderblue]
	"A1846" -> "m847"
	"[848" [label="[",style=filled,fillcolor=powderblue]
	"A1846" -> "[848"
	"Expression849" [label="Expression"]
	"A1846" -> "Expression849"
	"E1850" [label="E1"]
	"Expression849" -> "E1850"
	"E3851" [label="E3"]
	"E1850" -> "E3851"
	"E3852" [label="E3"]
	"E3851" -> "E3852"
	"E4853" [label="E4"]
	"E3852" -> "E4853"
	"num854" [label="num",style=filled,fillcolor=powderblue]
	"E4853" -> "num854"
	"alpha3855" [label="alpha3"]
	"E3851" -> "alpha3855"
	"e856" [label="e"]
	"alpha3855" -> "e856"
	"alpha2857" [label="alpha2"]
	"E1850" -> "alpha2857"
	"e858" [label="e"]
	"alpha2857" -> "e858"
	"alpha1859" [label="alpha1"]
	"Expression849" -> "alpha1859"
	"e860" [label="e"]
	"alpha1859" -> "e860"
	"]861" [label="]",style=filled,fillcolor=powderblue]
	"A1846" -> "]861"
	"=862" [label="=",style=filled,fillcolor=powderblue]
	"A1846" -> "=862"
	"Expression863" [label="Expression"]
	"A1846" -> "Expression863"
	"E1864" [label="E1"]
	"Expression863" -> "E1864"
	"E3865" [label="E3"]
	"E1864" -> "E3865"
	"E3866" [label="E3"]
	"E3865" -> "E3866"
	"E4867" [label="E4"]
	"E3866" -> "E4867"
	"num868" [label="num",style=filled,fillcolor=powderblue]
	"E4867" -> "num868"
	"alpha3869" [label="alpha3"]
	"E3865" -> "alpha3869"
	"e870" [label="e"]
	"alpha3869" -> "e870"
	"alpha2871" [label="alpha2"]
	"E1864" -> "alpha2871"
	"e872" [label="e"]
	"alpha2871" -> "e872"
	"alpha1873" [label="alpha1"]
	"Expression863" -> "alpha1873"
	"-874" [label="-",style=filled,fillcolor=powderblue]
	"alpha1873" -> "-874"
	"E1875" [label="E1"]
	"alpha1873" -> "E1875"
	"E3876" [label="E3"]
	"E1875" -> "E3876"
	"E3877" [label="E3"]
	"E3876" -> "E3877"
	"E4878" [label="E4"]
	"E3877" -> "E4878"
	"(879" [label="(",style=filled,fillcolor=powderblue]
	"E4878" -> "(879"
	"Expression880" [label="Expression"]
	"E4878" -> "Expression880"
	"E1881" [label="E1"]
	"Expression880" -> "E1881"
	"E3882" [label="E3"]
	"E1881" -> "E3882"
	"E3883" [label="E3"]
	"E3882" -> "E3883"
	"E4884" [label="E4"]
	"E3883" -> "E4884"
	"num885" [label="num",style=filled,fillcolor=powderblue]
	"E4884" -> "num885"
	"alpha3886" [label="alpha3"]
	"E3882" -> "alpha3886"
	"**887" [label="**",style=filled,fillcolor=powderblue]
	"alpha3886" -> "**887"
	"E3888" [label="E3"]
	"alpha3886" -> "E3888"
	"E4889" [label="E4"]
	"E3888" -> "E4889"
	"num890" [label="num",style=filled,fillcolor=powderblue]
	"E4889" -> "num890"
	"alpha3891" [label="alpha3"]
	"alpha3886" -> "alpha3891"
	"e892" [label="e"]
	"alpha3891" -> "e892"
	"alpha2893" [label="alpha2"]
	"E1881" -> "alpha2893"
	"e894" [label="e"]
	"alpha2893" -> "e894"
	"alpha1895" [label="alpha1"]
	"Expression880" -> "alpha1895"
	"-896" [label="-",style=filled,fillcolor=powderblue]
	"alpha1895" -> "-896"
	"E1897" [label="E1"]
	"alpha1895" -> "E1897"
	"E3898" [label="E3"]
	"E1897" -> "E3898"
	"E3899" [label="E3"]
	"E3898" -> "E3899"
	"m900" [label="m",style=filled,fillcolor=powderblue]
	"E3899" -> "m900"
	"[901" [label="[",style=filled,fillcolor=powderblue]
	"E3899" -> "[901"
	"Expression902" [label="Expression"]
	"E3899" -> "Expression902"
	"E1903" [label="E1"]
	"Expression902" -> "E1903"
	"E3904" [label="E3"]
	"E1903" -> "E3904"
	"E3905" [label="E3"]
	"E3904" -> "E3905"
	"E4906" [label="E4"]
	"E3905" -> "E4906"
	"num907" [label="num",style=filled,fillcolor=powderblue]
	"E4906" -> "num907"
	"alpha3908" [label="alpha3"]
	"E3904" -> "alpha3908"
	"e909" [label="e"]
	"alpha3908" -> "e909"
	"alpha2910" [label="alpha2"]
	"E1903" -> "alpha2910"
	"e911" [label="e"]
	"alpha2910" -> "e911"
	"alpha1912" [label="alpha1"]
	"Expression902" -> "alpha1912"
	"e913" [label="e"]
	"alpha1912" -> "e913"
	"]914" [label="]",style=filled,fillcolor=powderblue]
	"E3899" -> "]914"
	"alpha3915" [label="alpha3"]
	"E3898" -> "alpha3915"
	"e916" [label="e"]
	"alpha3915" -> "e916"
	"alpha2917" [label="alpha2"]
	"E1897" -> "alpha2917"
	"e918" [label="e"]
	"alpha2917" -> "e918"
	"alpha1919" [label="alpha1"]
	"alpha1895" -> "alpha1919"
	"e920" [label="e"]
	"alpha1919" -> "e920"
	")921" [label=")",style=filled,fillcolor=powderblue]
	"E4878" -> ")921"
	"alpha3922" [label="alpha3"]
	"E3876" -> "alpha3922"
	"e923" [label="e"]
	"alpha3922" -> "e923"
	"alpha2924" [label="alpha2"]
	"E1875" -> "alpha2924"
	"e925" [label="e"]
	"alpha2924" -> "e925"
	"alpha1926" [label="alpha1"]
	"alpha1873" -> "alpha1926"
	"e927" [label="e"]
	"alpha1926" -> "e927"
	"A1928" [label="A1"]
	"A1846" -> "A1928"
	"m929" [label="m",style=filled,fillcolor=powderblue]
	"A1928" -> "m929"
	"[930" [label="[",style=filled,fillcolor=powderblue]
	"A1928" -> "[930"
	"Expression931" [label="Expression"]
	"A1928" -> "Expression931"
	"E1932" [label="E1"]
	"Expression931" -> "E1932"
	"E3933" [label="E3"]
	"E1932" -> "E3933"
	"E3934" [label="E3"]
	"E3933" -> "E3934"
	"E4935" [label="E4"]
	"E3934" -> "E4935"
	"num936" [label="num",style=filled,fillcolor=powderblue]
	"E4935" -> "num936"
	"alpha3937" [label="alpha3"]
	"E3933" -> "alpha3937"
	"e938" [label="e"]
	"alpha3937" -> "e938"
	"alpha2939" [label="alpha2"]
	"E1932" -> "alpha2939"
	"e940" [label="e"]
	"alpha2939" -> "e940"
	"alpha1941" [label="alpha1"]
	"Expression931" -> "alpha1941"
	"e942" [label="e"]
	"alpha1941" -> "e942"
	"]943" [label="]",style=filled,fillcolor=powderblue]
	"A1928" -> "]943"
	"=944" [label="=",style=filled,fillcolor=powderblue]
	"A1928" -> "=944"
	"Expression945" [label="Expression"]
	"A1928" -> "Expression945"
	"E1946" [label="E1"]
	"Expression945" -> "E1946"
	"E3947" [label="E3"]
	"E1946" -> "E3947"
	"E3948" [label="E3"]
	"E3947" -> "E3948"
	"E4949" [label="E4"]
	"E3948" -> "E4949"
	"num950" [label="num",style=filled,fillcolor=powderblue]
	"E4949" -> "num950"
	"alpha3951" [label="alpha3"]
	"E3947" -> "alpha3951"
	"e952" [label="e"]
	"alpha3951" -> "e952"
	"alpha2953" [label="alpha2"]
	"E1946" -> "alpha2953"
	"/954" [label="/",style=filled,fillcolor=powderblue]
	"alpha2953" -> "/954"
	"E3955" [label="E3"]
	"alpha2953" -> "E3955"
	"E3956" [label="E3"]
	"E3955" -> "E3956"
	"E4957" [label="E4"]
	"E3956" -> "E4957"
	"num958" [label="num",style=filled,fillcolor=powderblue]
	"E4957" -> "num958"
	"alpha3959" [label="alpha3"]
	"E3955" -> "alpha3959"
	"e960" [label="e"]
	"alpha3959" -> "e960"
	"alpha2961" [label="alpha2"]
	"alpha2953" -> "alpha2961"
	"*962" [label="*",style=filled,fillcolor=powderblue]
	"alpha2961" -> "*962"
	"E3963" [label="E3"]
	"alpha2961" -> "E3963"
	"E3964" [label="E3"]
	"E3963" -> "E3964"
	"E4965" [label="E4"]
	"E3964" -> "E4965"
	"num966" [label="num",style=filled,fillcolor=powderblue]
	"E4965" -> "num966"
	"alpha3967" [label="alpha3"]
	"E3963" -> "alpha3967"
	"e968" [label="e"]
	"alpha3967" -> "e968"
	"alpha2969" [label="alpha2"]
	"alpha2961" -> "alpha2969"
	"e970" [label="e"]
	"alpha2969" -> "e970"
	"alpha1971" [label="alpha1"]
	"Expression945" -> "alpha1971"
	"e972" [label="e"]
	"alpha1971" -> "e972"
	"A1973" [label="A1"]
	"A1928" -> "A1973"
	"print974" [label="print",style=filled,fillcolor=powderblue]
	"A1973" -> "print974"
	"Expression975" [label="Expression"]
	"A1973" -> "Expression975"
	"E1976" [label="E1"]
	"Expression975" -> "E1976"
	"E3977" [label="E3"]
	"E1976" -> "E3977"
	"E3978" [label="E3"]
	"E3977" -> "E3978"
	"m979" [label="m",style=filled,fillcolor=powderblue]
	"E3978" -> "m979"
	"[980" [label="[",style=filled,fillcolor=powderblue]
	"E3978" -> "[980"
	"Expression981" [label="Expression"]
	"E3978" -> "Expression981"
	"E1982" [label="E1"]
	"Expression981" -> "E1982"
	"E3983" [label="E3"]
	"E1982" -> "E3983"
	"E3984" [label="E3"]
	"E3983" -> "E3984"
	"E4985" [label="E4"]
	"E3984" -> "E4985"
	"num986" [label="num",style=filled,fillcolor=powderblue]
	"E4985" -> "num986"
	"alpha3987" [label="alpha3"]
	"E3983" -> "alpha3987"
	"e988" [label="e"]
	"alpha3987" -> "e988"
	"alpha2989" [label="alpha2"]
	"E1982" -> "alpha2989"
	"e990" [label="e"]
	"alpha2989" -> "e990"
	"alpha1991" [label="alpha1"]
	"Expression981" -> "alpha1991"
	"e992" [label="e"]
	"alpha1991" -> "e992"
	"]993" [label="]",style=filled,fillcolor=powderblue]
	"E3978" -> "]993"
	"alpha3994" [label="alpha3"]
	"E3977" -> "alpha3994"
	"e995" [label="e"]
	"alpha3994" -> "e995"
	"alpha2996" [label="alpha2"]
	"E1976" -> "alpha2996"
	"e997" [label="e"]
	"alpha2996" -> "e997"
	"alpha1998" [label="alpha1"]
	"Expression975" -> "alpha1998"
	"e999" [label="e"]
	"alpha1998" -> "e999"
	"A11000" [label="A1"]
	"A1973" -> "A11000"
	"print1001" [label="print",style=filled,fillcolor=powderblue]
	"A11000" -> "print1001"
	"Expression1002" [label="Expression"]
	"A11000" -> "Expression1002"
	"E11003" [label="E1"]
	"Expression1002" -> "E11003"
	"E31004" [label="E3"]
	"E11003" -> "E31004"
	"E31005" [label="E3"]
	"E31004" -> "E31005"
	"m1006" [label="m",style=filled,fillcolor=powderblue]
	"E31005" -> "m1006"
	"[1007" [label="[",style=filled,fillcolor=powderblue]
	"E31005" -> "[1007"
	"Expression1008" [label="Expression"]
	"E31005" -> "Expression1008"
	"E11009" [label="E1"]
	"Expression1008" -> "E11009"
	"E31010" [label="E3"]
	"E11009" -> "E31010"
	"E31011" [label="E3"]
	"E31010" -> "E31011"
	"E41012" [label="E4"]
	"E31011" -> "E41012"
	"num1013" [label="num",style=filled,fillcolor=powderblue]
	"E41012" -> "num1013"
	"alpha31014" [label="alpha3"]
	"E31010" -> "alpha31014"
	"e1015" [label="e"]
	"alpha31014" -> "e1015"
	"alpha21016" [label="alpha2"]
	"E11009" -> "alpha21016"
	"e1017" [label="e"]
	"alpha21016" -> "e1017"
	"alpha11018" [label="alpha1"]
	"Expression1008" -> "alpha11018"
	"e1019" [label="e"]
	"alpha11018" -> "e1019"
	"]1020" [label="]",style=filled,fillcolor=powderblue]
	"E31005" -> "]1020"
	"alpha31021" [label="alpha3"]
	"E31004" -> "alpha31021"
	"e1022" [label="e"]
	"alpha31021" -> "e1022"
	"alpha21023" [label="alpha2"]
	"E11003" -> "alpha21023"
	"e1024" [label="e"]
	"alpha21023" -> "e1024"
	"alpha11025" [label="alpha1"]
	"Expression1002" -> "alpha11025"
	"e1026" [label="e"]
	"alpha11025" -> "e1026"
	"A11027" [label="A1"]
	"A11000" -> "A11027"
	"m1028" [label="m",style=filled,fillcolor=powderblue]
	"A11027" -> "m1028"
	"[1029" [label="[",style=filled,fillcolor=powderblue]
	"A11027" -> "[1029"
	"Expression1030" [label="Expression"]
	"A11027" -> "Expression1030"
	"E11031" [label="E1"]
	"Expression1030" -> "E11031"
	"E31032" [label="E3"]
	"E11031" -> "E31032"
	"E31033" [label="E3"]
	"E31032" -> "E31033"
	"E41034" [label="E4"]
	"E31033" -> "E41034"
	"num1035" [label="num",style=filled,fillcolor=powderblue]
	"E41034" -> "num1035"
	"alpha31036" [label="alpha3"]
	"E31032" -> "alpha31036"
	"**1037" [label="**",style=filled,fillcolor=powderblue]
	"alpha31036" -> "**1037"
	"E31038" [label="E3"]
	"alpha31036" -> "E31038"
	"E41039" [label="E4"]
	"E31038" -> "E41039"
	"num1040" [label="num",style=filled,fillcolor=powderblue]
	"E41039" -> "num1040"
	"alpha31041" [label="alpha3"]
	"alpha31036" -> "alpha31041"
	"e1042" [label="e"]
	"alpha31041" -> "e1042"
	"alpha21043" [label="alpha2"]
	"E11031" -> "alpha21043"
	"e1044" [label="e"]
	"alpha21043" -> "e1044"
	"alpha11045" [label="alpha1"]
	"Expression1030" -> "alpha11045"
	"e1046" [label="e"]
	"alpha11045" -> "e1046"
	"]1047" [label="]",style=filled,fillcolor=powderblue]
	"A11027" -> "]1047"
	"=1048" [label="=",style=filled,fillcolor=powderblue]
	"A11027" -> "=1048"
	"Expression1049" [label="Expression"]
	"A11027" -> "Expression1049"
	"E11050" [label="E1"]
	"Expression1049" -> "E11050"
	"E31051" [label="E3"]
	"E11050" -> "E31051"
	"E31052" [label="E3"]
	"E31051" -> "E31052"
	"E41053" [label="E4"]
	"E31052" -> "E41053"
	"num1054" [label="num",style=filled,fillcolor=powderblue]
	"E41053" -> "num1054"
	"alpha31055" [label="alpha3"]
	"E31051" -> "alpha31055"
	"e1056" [label="e"]
	"alpha31055" -> "e1056"
	"alpha21057" [label="alpha2"]
	"E11050" -> "alpha21057"
	"e1058" [label="e"]
	"alpha21057" -> "e1058"
	"alpha11059" [label="alpha1"]
	"Expression1049" -> "alpha11059"
	"+1060" [label="+",style=filled,fillcolor=powderblue]
	"alpha11059" -> "+1060"
	"E11061" [label="E1"]
	"alpha11059" -> "E11061"
	"E31062" [label="E3"]
	"E11061" -> "E31062"
	"E31063" [label="E3"]
	"E31062" -> "E31063"
	"m1064" [label="m",style=filled,fillcolor=powderblue]
	"E31063" -> "m1064"
	"[1065" [label="[",style=filled,fillcolor=powderblue]
	"E31063" -> "[1065"
	"Expression1066" [label="Expression"]
	"E31063" -> "Expression1066"
	"E11067" [label="E1"]
	"Expression1066" -> "E11067"
	"E31068" [label="E3"]
	"E11067" -> "E31068"
	"E31069" [label="E3"]
	"E31068" -> "E31069"
	"E41070" [label="E4"]
	"E31069" -> "E41070"
	"num1071" [label="num",style=filled,fillcolor=powderblue]
	"E41070" -> "num1071"
	"alpha31072" [label="alpha3"]
	"E31068" -> "alpha31072"
	"e1073" [label="e"]
	"alpha31072" -> "e1073"
	"alpha21074" [label="alpha2"]
	"E11067" -> "alpha21074"
	"e1075" [label="e"]
	"alpha21074" -> "e1075"
	"alpha11076" [label="alpha1"]
	"Expression1066" -> "alpha11076"
	"e1077" [label="e"]
	"alpha11076" -> "e1077"
	"]1078" [label="]",style=filled,fillcolor=powderblue]
	"E31063" -> "]1078"
	"alpha31079" [label="alpha3"]
	"E31062" -> "alpha31079"
	"e1080" [label="e"]
	"alpha31079" -> "e1080"
	"alpha21081" [label="alpha2"]
	"E11061" -> "alpha21081"
	"e1082" [label="e"]
	"alpha21081" -> "e1082"
	"alpha11083" [label="alpha1"]
	"alpha11059" -> "alpha11083"
	"e1084" [label="e"]
	"alpha11083" -> "e1084"
	"A11085" [label="A1"]
	"A11027" -> "A11085"
	"m1086" [label="m",style=filled,fillcolor=powderblue]
	"A11085" -> "m1086"
	"[1087" [label="[",style=filled,fillcolor=powderblue]
	"A11085" -> "[1087"
	"Expression1088" [label="Expression"]
	"A11085" -> "Expression1088"
	"E11089" [label="E1"]
	"Expression1088" -> "E11089"
	"E31090" [label="E3"]
	"E11089" -> "E31090"
	"E31091" [label="E3"]
	"E31090" -> "E31091"
	"E41092" [label="E4"]
	"E31091" -> "E41092"
	"num1093" [label="num",style=filled,fillcolor=powderblue]
	"E41092" -> "num1093"
	"alpha31094" [label="alpha3"]
	"E31090" -> "alpha31094"
	"e1095" [label="e"]
	"alpha31094" -> "e1095"
	"alpha21096" [label="alpha2"]
	"E11089" -> "alpha21096"
	"e1097" [label="e"]
	"alpha21096" -> "e1097"
	"alpha11098" [label="alpha1"]
	"Expression1088" -> "alpha11098"
	"e1099" [label="e"]
	"alpha11098" -> "e1099"
	"]1100" [label="]",style=filled,fillcolor=powderblue]
	"A11085" -> "]1100"
	"=1101" [label="=",style=filled,fillcolor=powderblue]
	"A11085" -> "=1101"
	"Expression1102" [label="Expression"]
	"A11085" -> "Expression1102"
	"E11103" [label="E1"]
	"Expression1102" -> "E11103"
	"E31104" [label="E3"]
	"E11103" -> "E31104"
	"E31105" [label="E3"]
	"E31104" -> "E31105"
	"E41106" [label="E4"]
	"E31105" -> "E41106"
	"num1107" [label="num",style=filled,fillcolor=powderblue]
	"E41106" -> "num1107"
	"alpha31108" [label="alpha3"]
	"E31104" -> "alpha31108"
	"e1109" [label="e"]
	"alpha31108" -> "e1109"
	"alpha21110" [label="alpha2"]
	"E11103" -> "alpha21110"
	"e1111" [label="e"]
	"alpha21110" -> "e1111"
	"alpha11112" [label="alpha1"]
	"Expression1102" -> "alpha11112"
	"-1113" [label="-",style=filled,fillcolor=powderblue]
	"alpha11112" -> "-1113"
	"E11114" [label="E1"]
	"alpha11112" -> "E11114"
	"E31115" [label="E3"]
	"E11114" -> "E31115"
	"E31116" [label="E3"]
	"E31115" -> "E31116"
	"m1117" [label="m",style=filled,fillcolor=powderblue]
	"E31116" -> "m1117"
	"[1118" [label="[",style=filled,fillcolor=powderblue]
	"E31116" -> "[1118"
	"Expression1119" [label="Expression"]
	"E31116" -> "Expression1119"
	"E11120" [label="E1"]
	"Expression1119" -> "E11120"
	"E31121" [label="E3"]
	"E11120" -> "E31121"
	"E31122" [label="E3"]
	"E31121" -> "E31122"
	"E41123" [label="E4"]
	"E31122" -> "E41123"
	"num1124" [label="num",style=filled,fillcolor=powderblue]
	"E41123" -> "num1124"
	"alpha31125" [label="alpha3"]
	"E31121" -> "alpha31125"
	"e1126" [label="e"]
	"alpha31125" -> "e1126"
	"alpha21127" [label="alpha2"]
	"E11120" -> "alpha21127"
	"e1128" [label="e"]
	"alpha21127" -> "e1128"
	"alpha11129" [label="alpha1"]
	"Expression1119" -> "alpha11129"
	"-1130" [label="-",style=filled,fillcolor=powderblue]
	"alpha11129" -> "-1130"
	"E11131" [label="E1"]
	"alpha11129" -> "E11131"
	"E31132" [label="E3"]
	"E11131" -> "E31132"
	"E31133" [label="E3"]
	"E31132" -> "E31133"
	"E41134" [label="E4"]
	"E31133" -> "E41134"
	"num1135" [label="num",style=filled,fillcolor=powderblue]
	"E41134" -> "num1135"
	"alpha31136" [label="alpha3"]
	"E31132" -> "alpha31136"
	"e1137" [label="e"]
	"alpha31136" -> "e1137"
	"alpha21138" [label="alpha2"]
	"E11131" -> "alpha21138"
	"e1139" [label="e"]
	"alpha21138" -> "e1139"
	"alpha11140" [label="alpha1"]
	"alpha11129" -> "alpha11140"
	"e1141" [label="e"]
	"alpha11140" -> "e1141"
	"]1142" [label="]",style=filled,fillcolor=powderblue]
	"E31116" -> "]1142"
	"alpha31143" [label="alpha3"]
	"E31115" -> "alpha31143"
	"e1144" [label="e"]
	"alpha31143" -> "e1144"
	"alpha21145" [label="alpha2"]
	"E11114" -> "alpha21145"
	"e1146" [label="e"]
	"alpha21145" -> "e1146"
	"alpha11147" [label="alpha1"]
	"alpha11112" -> "alpha11147"
	"-1148" [label="-",style=filled,fillcolor=powderblue]
	"alpha11147" -> "-1148"
	"E11149" [label="E1"]
	"alpha11147" -> "E11149"
	"E31150" [label="E3"]
	"E11149" -> "E31150"
	"E31151" [label="E3"]
	"E31150" -> "E31151"
	"E41152" [label="E4"]
	"E31151" -> "E41152"
	"num1153" [label="num",style=filled,fillcolor=powderblue]
	"E41152" -> "num1153"
	"alpha31154" [label="alpha3"]
	"E31150" -> "alpha31154"
	"e1155" [label="e"]
	"alpha31154" -> "e1155"
	"alpha21156" [label="alpha2"]
	"E11149" -> "alpha21156"
	"e1157" [label="e"]
	"alpha21156" -> "e1157"
	"alpha11158" [label="alpha1"]
	"alpha11147" -> "alpha11158"
	"e1159" [label="e"]
	"alpha11158" -> "e1159"
	"A11160" [label="A1"]
	"A11085" -> "A11160"
	"L1161" [label="L",style=filled,fillcolor=powderblue]
	"A11160" -> "L1161"
	"num1162" [label="num",style=filled,fillcolor=powderblue]
	"A11160" -> "num1162"
	":1163" [label=":",style=filled,fillcolor=powderblue]
	"A11160" -> ":1163"
	"A11164" [label="A1"]
	"A11160" -> "A11164"
	"m1165" [label="m",style=filled,fillcolor=powderblue]
	"A11164" -> "m1165"
	"[1166" [label="[",style=filled,fillcolor=powderblue]
	"A11164" -> "[1166"
	"Expression1167" [label="Expression"]
	"A11164" -> "Expression1167"
	"E11168" [label="E1"]
	"Expression1167" -> "E11168"
	"E31169" [label="E3"]
	"E11168" -> "E31169"
	"E31170" [label="E3"]
	"E31169" -> "E31170"
	"E41171" [label="E4"]
	"E31170" -> "E41171"
	"num1172" [label="num",style=filled,fillcolor=powderblue]
	"E41171" -> "num1172"
	"alpha31173" [label="alpha3"]
	"E31169" -> "alpha31173"
	"e1174" [label="e"]
	"alpha31173" -> "e1174"
	"alpha21175" [label="alpha2"]
	"E11168" -> "alpha21175"
	"e1176" [label="e"]
	"alpha21175" -> "e1176"
	"alpha11177" [label="alpha1"]
	"Expression1167" -> "alpha11177"
	"e1178" [label="e"]
	"alpha11177" -> "e1178"
	"]1179" [label="]",style=filled,fillcolor=powderblue]
	"A11164" -> "]1179"
	"=1180" [label="=",style=filled,fillcolor=powderblue]
	"A11164" -> "=1180"
	"Expression1181" [label="Expression"]
	"A11164" -> "Expression1181"
	"E11182" [label="E1"]
	"Expression1181" -> "E11182"
	"E31183" [label="E3"]
	"E11182" -> "E31183"
	"E31184" [label="E3"]
	"E31183" -> "E31184"
	"E41185" [label="E4"]
	"E31184" -> "E41185"
	"num1186" [label="num",style=filled,fillcolor=powderblue]
	"E41185" -> "num1186"
	"alpha31187" [label="alpha3"]
	"E31183" -> "alpha31187"
	"e1188" [label="e"]
	"alpha31187" -> "e1188"
	"alpha21189" [label="alpha2"]
	"E11182" -> "alpha21189"
	"e1190" [label="e"]
	"alpha21189" -> "e1190"
	"alpha11191" [label="alpha1"]
	"Expression1181" -> "alpha11191"
	"-1192" [label="-",style=filled,fillcolor=powderblue]
	"alpha11191" -> "-1192"
	"E11193" [label="E1"]
	"alpha11191" -> "E11193"
	"E31194" [label="E3"]
	"E11193" -> "E31194"
	"E31195" [label="E3"]
	"E31194" -> "E31195"
	"E41196" [label="E4"]
	"E31195" -> "E41196"
	"(1197" [label="(",style=filled,fillcolor=powderblue]
	"E41196" -> "(1197"
	"Expression1198" [label="Expression"]
	"E41196" -> "Expression1198"
	"E11199" [label="E1"]
	"Expression1198" -> "E11199"
	"E31200" [label="E3"]
	"E11199" -> "E31200"
	"E31201" [label="E3"]
	"E31200" -> "E31201"
	"m1202" [label="m",style=filled,fillcolor=powderblue]
	"E31201" -> "m1202"
	"[1203" [label="[",style=filled,fillcolor=powderblue]
	"E31201" -> "[1203"
	"Expression1204" [label="Expression"]
	"E31201" -> "Expression1204"
	"E11205" [label="E1"]
	"Expression1204" -> "E11205"
	"E31206" [label="E3"]
	"E11205" -> "E31206"
	"E31207" [label="E3"]
	"E31206" -> "E31207"
	"E41208" [label="E4"]
	"E31207" -> "E41208"
	"num1209" [label="num",style=filled,fillcolor=powderblue]
	"E41208" -> "num1209"
	"alpha31210" [label="alpha3"]
	"E31206" -> "alpha31210"
	"e1211" [label="e"]
	"alpha31210" -> "e1211"
	"alpha21212" [label="alpha2"]
	"E11205" -> "alpha21212"
	"e1213" [label="e"]
	"alpha21212" -> "e1213"
	"alpha11214" [label="alpha1"]
	"Expression1204" -> "alpha11214"
	"e1215" [label="e"]
	"alpha11214" -> "e1215"
	"]1216" [label="]",style=filled,fillcolor=powderblue]
	"E31201" -> "]1216"
	"alpha31217" [label="alpha3"]
	"E31200" -> "alpha31217"
	"e1218" [label="e"]
	"alpha31217" -> "e1218"
	"alpha21219" [label="alpha2"]
	"E11199" -> "alpha21219"
	"e1220" [label="e"]
	"alpha21219" -> "e1220"
	"alpha11221" [label="alpha1"]
	"Expression1198" -> "alpha11221"
	"-1222" [label="-",style=filled,fillcolor=powderblue]
	"alpha11221" -> "-1222"
	"E11223" [label="E1"]
	"alpha11221" -> "E11223"
	"E31224" [label="E3"]
	"E11223" -> "E31224"
	"E31225" [label="E3"]
	"E31224" -> "E31225"
	"E41226" [label="E4"]
	"E31225" -> "E41226"
	"num1227" [label="num",style=filled,fillcolor=powderblue]
	"E41226" -> "num1227"
	"alpha31228" [label="alpha3"]
	"E31224" -> "alpha31228"
	"e1229" [label="e"]
	"alpha31228" -> "e1229"
	"alpha21230" [label="alpha2"]
	"E11223" -> "alpha21230"
	"e1231" [label="e"]
	"alpha21230" -> "e1231"
	"alpha11232" [label="alpha1"]
	"alpha11221" -> "alpha11232"
	"e1233" [label="e"]
	"alpha11232" -> "e1233"
	")1234" [label=")",style=filled,fillcolor=powderblue]
	"E41196" -> ")1234"
	"alpha31235" [label="alpha3"]
	"E31194" -> "alpha31235"
	"e1236" [label="e"]
	"alpha31235" -> "e1236"
	"alpha21237" [label="alpha2"]
	"E11193" -> "alpha21237"
	"e1238" [label="e"]
	"alpha21237" -> "e1238"
	"alpha11239" [label="alpha1"]
	"alpha11191" -> "alpha11239"
	"e1240" [label="e"]
	"alpha11239" -> "e1240"
	"A11241" [label="A1"]
	"A11164" -> "A11241"
	"goto1242" [label="goto",style=filled,fillcolor=powderblue]
	"A11241" -> "goto1242"
	"num1243" [label="num",style=filled,fillcolor=powderblue]
	"A11241" -> "num1243"
	"I1244" [label="I"]
	"A11241" -> "I1244"
	"if1245" [label="if",style=filled,fillcolor=powderblue]
	"I1244" -> "if1245"
	"Expression1246" [label="Expression"]
	"I1244" -> "Expression1246"
	"E11247" [label="E1"]
	"Expression1246" -> "E11247"
	"E31248" [label="E3"]
	"E11247" -> "E31248"
	"E31249" [label="E3"]
	"E31248" -> "E31249"
	"m1250" [label="m",style=filled,fillcolor=powderblue]
	"E31249" -> "m1250"
	"[1251" [label="[",style=filled,fillcolor=powderblue]
	"E31249" -> "[1251"
	"Expression1252" [label="Expression"]
	"E31249" -> "Expression1252"
	"E11253" [label="E1"]
	"Expression1252" -> "E11253"
	"E31254" [label="E3"]
	"E11253" -> "E31254"
	"E31255" [label="E3"]
	"E31254" -> "E31255"
	"E41256" [label="E4"]
	"E31255" -> "E41256"
	"num1257" [label="num",style=filled,fillcolor=powderblue]
	"E41256" -> "num1257"
	"alpha31258" [label="alpha3"]
	"E31254" -> "alpha31258"
	"e1259" [label="e"]
	"alpha31258" -> "e1259"
	"alpha21260" [label="alpha2"]
	"E11253" -> "alpha21260"
	"e1261" [label="e"]
	"alpha21260" -> "e1261"
	"alpha11262" [label="alpha1"]
	"Expression1252" -> "alpha11262"
	"e1263" [label="e"]
	"alpha11262" -> "e1263"
	"]1264" [label="]",style=filled,fillcolor=powderblue]
	"E31249" -> "]1264"
	"alpha31265" [label="alpha3"]
	"E31248" -> "alpha31265"
	"e1266" [label="e"]
	"alpha31265" -> "e1266"
	"alpha21267" [label="alpha2"]
	"E11247" -> "alpha21267"
	"e1268" [label="e"]
	"alpha21267" -> "e1268"
	"alpha11269" [label="alpha1"]
	"Expression1246" -> "alpha11269"
	"e1270" [label="e"]
	"alpha11269" -> "e1270"
	"A11271" [label="A1"]
	"A11241" -> "A11271"
	"goto1272" [label="goto",style=filled,fillcolor=powderblue]
	"A11271" -> "goto1272"
	"num1273" [label="num",style=filled,fillcolor=powderblue]
	"A11271" -> "num1273"
	"I1274" [label="I"]
	"A11271" -> "I1274"
	"A11275" [label="A1"]
	"A11271" -> "A11275"
	"m1276" [label="m",style=filled,fillcolor=powderblue]
	"A11275" -> "m1276"
	"[1277" [label="[",style=filled,fillcolor=powderblue]
	"A11275" -> "[1277"
	"Expression1278" [label="Expression"]
	"A11275" -> "Expression1278"
	"E11279" [label="E1"]
	"Expression1278" -> "E11279"
	"E31280" [label="E3"]
	"E11279" -> "E31280"
	"E31281" [label="E3"]
	"E31280" -> "E31281"
	"E41282" [label="E4"]
	"E31281" -> "E41282"
	"num1283" [label="num",style=filled,fillcolor=powderblue]
	"E41282" -> "num1283"
	"alpha31284" [label="alpha3"]
	"E31280" -> "alpha31284"
	"e1285" [label="e"]
	"alpha31284" -> "e1285"
	"alpha21286" [label="alpha2"]
	"E11279" -> "alpha21286"
	"e1287" [label="e"]
	"alpha21286" -> "e1287"
	"alpha11288" [label="alpha1"]
	"Expression1278" -> "alpha11288"
	"e1289" [label="e"]
	"alpha11288" -> "e1289"
	"]1290" [label="]",style=filled,fillcolor=powderblue]
	"A11275" -> "]1290"
	"=1291" [label="=",style=filled,fillcolor=powderblue]
	"A11275" -> "=1291"
	"Expression1292" [label="Expression"]
	"A11275" -> "Expression1292"
	"E11293" [label="E1"]
	"Expression1292" -> "E11293"
	"E31294" [label="E3"]
	"E11293" -> "E31294"
	"E31295" [label="E3"]
	"E31294" -> "E31295"
	"E41296" [label="E4"]
	"E31295" -> "E41296"
	"num1297" [label="num",style=filled,fillcolor=powderblue]
	"E41296" -> "num1297"
	"alpha31298" [label="alpha3"]
	"E31294" -> "alpha31298"
	"e1299" [label="e"]
	"alpha31298" -> "e1299"
	"alpha21300" [label="alpha2"]
	"E11293" -> "alpha21300"
	"e1301" [label="e"]
	"alpha21300" -> "e1301"
	"alpha11302" [label="alpha1"]
	"Expression1292" -> "alpha11302"
	"+1303" [label="+",style=filled,fillcolor=powderblue]
	"alpha11302" -> "+1303"
	"E11304" [label="E1"]
	"alpha11302" -> "E11304"
	"E31305" [label="E3"]
	"E11304" -> "E31305"
	"E31306" [label="E3"]
	"E31305" -> "E31306"
	"m1307" [label="m",style=filled,fillcolor=powderblue]
	"E31306" -> "m1307"
	"[1308" [label="[",style=filled,fillcolor=powderblue]
	"E31306" -> "[1308"
	"Expression1309" [label="Expression"]
	"E31306" -> "Expression1309"
	"E11310" [label="E1"]
	"Expression1309" -> "E11310"
	"E31311" [label="E3"]
	"E11310" -> "E31311"
	"E31312" [label="E3"]
	"E31311" -> "E31312"
	"E41313" [label="E4"]
	"E31312" -> "E41313"
	"num1314" [label="num",style=filled,fillcolor=powderblue]
	"E41313" -> "num1314"
	"alpha31315" [label="alpha3"]
	"E31311" -> "alpha31315"
	"e1316" [label="e"]
	"alpha31315" -> "e1316"
	"alpha21317" [label="alpha2"]
	"E11310" -> "alpha21317"
	"e1318" [label="e"]
	"alpha21317" -> "e1318"
	"alpha11319" [label="alpha1"]
	"Expression1309" -> "alpha11319"
	"e1320" [label="e"]
	"alpha11319" -> "e1320"
	"]1321" [label="]",style=filled,fillcolor=powderblue]
	"E31306" -> "]1321"
	"alpha31322" [label="alpha3"]
	"E31305" -> "alpha31322"
	"e1323" [label="e"]
	"alpha31322" -> "e1323"
	"alpha21324" [label="alpha2"]
	"E11304" -> "alpha21324"
	"e1325" [label="e"]
	"alpha21324" -> "e1325"
	"alpha11326" [label="alpha1"]
	"alpha11302" -> "alpha11326"
	"e1327" [label="e"]
	"alpha11326" -> "e1327"
	"A11328" [label="A1"]
	"A11275" -> "A11328"
	"m1329" [label="m",style=filled,fillcolor=powderblue]
	"A11328" -> "m1329"
	"[1330" [label="[",style=filled,fillcolor=powderblue]
	"A11328" -> "[1330"
	"Expression1331" [label="Expression"]
	"A11328" -> "Expression1331"
	"E11332" [label="E1"]
	"Expression1331" -> "E11332"
	"E31333" [label="E3"]
	"E11332" -> "E31333"
	"E31334" [label="E3"]
	"E31333" -> "E31334"
	"E41335" [label="E4"]
	"E31334" -> "E41335"
	"num1336" [label="num",style=filled,fillcolor=powderblue]
	"E41335" -> "num1336"
	"alpha31337" [label="alpha3"]
	"E31333" -> "alpha31337"
	"e1338" [label="e"]
	"alpha31337" -> "e1338"
	"alpha21339" [label="alpha2"]
	"E11332" -> "alpha21339"
	"e1340" [label="e"]
	"alpha21339" -> "e1340"
	"alpha11341" [label="alpha1"]
	"Expression1331" -> "alpha11341"
	"e1342" [label="e"]
	"alpha11341" -> "e1342"
	"]1343" [label="]",style=filled,fillcolor=powderblue]
	"A11328" -> "]1343"
	"=1344" [label="=",style=filled,fillcolor=powderblue]
	"A11328" -> "=1344"
	"Expression1345" [label="Expression"]
	"A11328" -> "Expression1345"
	"E11346" [label="E1"]
	"Expression1345" -> "E11346"
	"E31347" [label="E3"]
	"E11346" -> "E31347"
	"E31348" [label="E3"]
	"E31347" -> "E31348"
	"E41349" [label="E4"]
	"E31348" -> "E41349"
	"num1350" [label="num",style=filled,fillcolor=powderblue]
	"E41349" -> "num1350"
	"alpha31351" [label="alpha3"]
	"E31347" -> "alpha31351"
	"e1352" [label="e"]
	"alpha31351" -> "e1352"
	"alpha21353" [label="alpha2"]
	"E11346" -> "alpha21353"
	"e1354" [label="e"]
	"alpha21353" -> "e1354"
	"alpha11355" [label="alpha1"]
	"Expression1345" -> "alpha11355"
	"-1356" [label="-",style=filled,fillcolor=powderblue]
	"alpha11355" -> "-1356"
	"E11357" [label="E1"]
	"alpha11355" -> "E11357"
	"E31358" [label="E3"]
	"E11357" -> "E31358"
	"E31359" [label="E3"]
	"E31358" -> "E31359"
	"m1360" [label="m",style=filled,fillcolor=powderblue]
	"E31359" -> "m1360"
	"[1361" [label="[",style=filled,fillcolor=powderblue]
	"E31359" -> "[1361"
	"Expression1362" [label="Expression"]
	"E31359" -> "Expression1362"
	"E11363" [label="E1"]
	"Expression1362" -> "E11363"
	"E31364" [label="E3"]
	"E11363" -> "E31364"
	"E31365" [label="E3"]
	"E31364" -> "E31365"
	"E41366" [label="E4"]
	"E31365" -> "E41366"
	"num1367" [label="num",style=filled,fillcolor=powderblue]
	"E41366" -> "num1367"
	"alpha31368" [label="alpha3"]
	"E31364" -> "alpha31368"
	"e1369" [label="e"]
	"alpha31368" -> "e1369"
	"alpha21370" [label="alpha2"]
	"E11363" -> "alpha21370"
	"*1371" [label="*",style=filled,fillcolor=powderblue]
	"alpha21370" -> "*1371"
	"E31372" [label="E3"]
	"alpha21370" -> "E31372"
	"E31373" [label="E3"]
	"E31372" -> "E31373"
	"E41374" [label="E4"]
	"E31373" -> "E41374"
	"num1375" [label="num",style=filled,fillcolor=powderblue]
	"E41374" -> "num1375"
	"alpha31376" [label="alpha3"]
	"E31372" -> "alpha31376"
	"e1377" [label="e"]
	"alpha31376" -> "e1377"
	"alpha21378" [label="alpha2"]
	"alpha21370" -> "alpha21378"
	"e1379" [label="e"]
	"alpha21378" -> "e1379"
	"alpha11380" [label="alpha1"]
	"Expression1362" -> "alpha11380"
	"-1381" [label="-",style=filled,fillcolor=powderblue]
	"alpha11380" -> "-1381"
	"E11382" [label="E1"]
	"alpha11380" -> "E11382"
	"E31383" [label="E3"]
	"E11382" -> "E31383"
	"E31384" [label="E3"]
	"E31383" -> "E31384"
	"E41385" [label="E4"]
	"E31384" -> "E41385"
	"num1386" [label="num",style=filled,fillcolor=powderblue]
	"E41385" -> "num1386"
	"alpha31387" [label="alpha3"]
	"E31383" -> "alpha31387"
	"e1388" [label="e"]
	"alpha31387" -> "e1388"
	"alpha21389" [label="alpha2"]
	"E11382" -> "alpha21389"
	"e1390" [label="e"]
	"alpha21389" -> "e1390"
	"alpha11391" [label="alpha1"]
	"alpha11380" -> "alpha11391"
	"+1392" [label="+",style=filled,fillcolor=powderblue]
	"alpha11391" -> "+1392"
	"E11393" [label="E1"]
	"alpha11391" -> "E11393"
	"E31394" [label="E3"]
	"E11393" -> "E31394"
	"E31395" [label="E3"]
	"E31394" -> "E31395"
	"E41396" [label="E4"]
	"E31395" -> "E41396"
	"num1397" [label="num",style=filled,fillcolor=powderblue]
	"E41396" -> "num1397"
	"alpha31398" [label="alpha3"]
	"E31394" -> "alpha31398"
	"e1399" [label="e"]
	"alpha31398" -> "e1399"
	"alpha21400" [label="alpha2"]
	"E11393" -> "alpha21400"
	"e1401" [label="e"]
	"alpha21400" -> "e1401"
	"alpha11402" [label="alpha1"]
	"alpha11391" -> "alpha11402"
	"e1403" [label="e"]
	"alpha11402" -> "e1403"
	"]1404" [label="]",style=filled,fillcolor=powderblue]
	"E31359" -> "]1404"
	"alpha31405" [label="alpha3"]
	"E31358" -> "alpha31405"
	"e1406" [label="e"]
	"alpha31405" -> "e1406"
	"alpha21407" [label="alpha2"]
	"E11357" -> "alpha21407"
	"e1408" [label="e"]
	"alpha21407" -> "e1408"
	"alpha11409" [label="alpha1"]
	"alpha11355" -> "alpha11409"
	"-1410" [label="-",style=filled,fillcolor=powderblue]
	"alpha11409" -> "-1410"
	"E11411" [label="E1"]
	"alpha11409" -> "E11411"
	"E31412" [label="E3"]
	"E11411" -> "E31412"
	"E31413" [label="E3"]
	"E31412" -> "E31413"
	"E41414" [label="E4"]
	"E31413" -> "E41414"
	"num1415" [label="num",style=filled,fillcolor=powderblue]
	"E41414" -> "num1415"
	"alpha31416" [label="alpha3"]
	"E31412" -> "alpha31416"
	"e1417" [label="e"]
	"alpha31416" -> "e1417"
	"alpha21418" [label="alpha2"]
	"E11411" -> "alpha21418"
	"e1419" [label="e"]
	"alpha21418" -> "e1419"
	"alpha11420" [label="alpha1"]
	"alpha11409" -> "alpha11420"
	"e1421" [label="e"]
	"alpha11420" -> "e1421"
	"A11422" [label="A1"]
	"A11328" -> "A11422"
	"L1423" [label="L",style=filled,fillcolor=powderblue]
	"A11422" -> "L1423"
	"num1424" [label="num",style=filled,fillcolor=powderblue]
	"A11422" -> "num1424"
	":1425" [label=":",style=filled,fillcolor=powderblue]
	"A11422" -> ":1425"
	"A11426" [label="A1"]
	"A11422" -> "A11426"
	"m1427" [label="m",style=filled,fillcolor=powderblue]
	"A11426" -> "m1427"
	"[1428" [label="[",style=filled,fillcolor=powderblue]
	"A11426" -> "[1428"
	"Expression1429" [label="Expression"]
	"A11426" -> "Expression1429"
	"E11430" [label="E1"]
	"Expression1429" -> "E11430"
	"E31431" [label="E3"]
	"E11430" -> "E31431"
	"E31432" [label="E3"]
	"E31431" -> "E31432"
	"E41433" [label="E4"]
	"E31432" -> "E41433"
	"num1434" [label="num",style=filled,fillcolor=powderblue]
	"E41433" -> "num1434"
	"alpha31435" [label="alpha3"]
	"E31431" -> "alpha31435"
	"e1436" [label="e"]
	"alpha31435" -> "e1436"
	"alpha21437" [label="alpha2"]
	"E11430" -> "alpha21437"
	"e1438" [label="e"]
	"alpha21437" -> "e1438"
	"alpha11439" [label="alpha1"]
	"Expression1429" -> "alpha11439"
	"e1440" [label="e"]
	"alpha11439" -> "e1440"
	"]1441" [label="]",style=filled,fillcolor=powderblue]
	"A11426" -> "]1441"
	"=1442" [label="=",style=filled,fillcolor=powderblue]
	"A11426" -> "=1442"
	"Expression1443" [label="Expression"]
	"A11426" -> "Expression1443"
	"E11444" [label="E1"]
	"Expression1443" -> "E11444"
	"E31445" [label="E3"]
	"E11444" -> "E31445"
	"E31446" [label="E3"]
	"E31445" -> "E31446"
	"E41447" [label="E4"]
	"E31446" -> "E41447"
	"num1448" [label="num",style=filled,fillcolor=powderblue]
	"E41447" -> "num1448"
	"alpha31449" [label="alpha3"]
	"E31445" -> "alpha31449"
	"e1450" [label="e"]
	"alpha31449" -> "e1450"
	"alpha21451" [label="alpha2"]
	"E11444" -> "alpha21451"
	"e1452" [label="e"]
	"alpha21451" -> "e1452"
	"alpha11453" [label="alpha1"]
	"Expression1443" -> "alpha11453"
	"-1454" [label="-",style=filled,fillcolor=powderblue]
	"alpha11453" -> "-1454"
	"E11455" [label="E1"]
	"alpha11453" -> "E11455"
	"E31456" [label="E3"]
	"E11455" -> "E31456"
	"E31457" [label="E3"]
	"E31456" -> "E31457"
	"E41458" [label="E4"]
	"E31457" -> "E41458"
	"(1459" [label="(",style=filled,fillcolor=powderblue]
	"E41458" -> "(1459"
	"Expression1460" [label="Expression"]
	"E41458" -> "Expression1460"
	"E11461" [label="E1"]
	"Expression1460" -> "E11461"
	"E31462" [label="E3"]
	"E11461" -> "E31462"
	"E31463" [label="E3"]
	"E31462" -> "E31463"
	"m1464" [label="m",style=filled,fillcolor=powderblue]
	"E31463" -> "m1464"
	"[1465" [label="[",style=filled,fillcolor=powderblue]
	"E31463" -> "[1465"
	"Expression1466" [label="Expression"]
	"E31463" -> "Expression1466"
	"E11467" [label="E1"]
	"Expression1466" -> "E11467"
	"E31468" [label="E3"]
	"E11467" -> "E31468"
	"E31469" [label="E3"]
	"E31468" -> "E31469"
	"E41470" [label="E4"]
	"E31469" -> "E41470"
	"num1471" [label="num",style=filled,fillcolor=powderblue]
	"E41470" -> "num1471"
	"alpha31472" [label="alpha3"]
	"E31468" -> "alpha31472"
	"e1473" [label="e"]
	"alpha31472" -> "e1473"
	"alpha21474" [label="alpha2"]
	"E11467" -> "alpha21474"
	"e1475" [label="e"]
	"alpha21474" -> "e1475"
	"alpha11476" [label="alpha1"]
	"Expression1466" -> "alpha11476"
	"e1477" [label="e"]
	"alpha11476" -> "e1477"
	"]1478" [label="]",style=filled,fillcolor=powderblue]
	"E31463" -> "]1478"
	"alpha31479" [label="alpha3"]
	"E31462" -> "alpha31479"
	"e1480" [label="e"]
	"alpha31479" -> "e1480"
	"alpha21481" [label="alpha2"]
	"E11461" -> "alpha21481"
	"e1482" [label="e"]
	"alpha21481" -> "e1482"
	"alpha11483" [label="alpha1"]
	"Expression1460" -> "alpha11483"
	"+1484" [label="+",style=filled,fillcolor=powderblue]
	"alpha11483" -> "+1484"
	"E11485" [label="E1"]
	"alpha11483" -> "E11485"
	"E31486" [label="E3"]
	"E11485" -> "E31486"
	"E31487" [label="E3"]
	"E31486" -> "E31487"
	"m1488" [label="m",style=filled,fillcolor=powderblue]
	"E31487" -> "m1488"
	"[1489" [label="[",style=filled,fillcolor=powderblue]
	"E31487" -> "[1489"
	"Expression1490" [label="Expression"]
	"E31487" -> "Expression1490"
	"E11491" [label="E1"]
	"Expression1490" -> "E11491"
	"E31492" [label="E3"]
	"E11491" -> "E31492"
	"E31493" [label="E3"]
	"E31492" -> "E31493"
	"E41494" [label="E4"]
	"E31493" -> "E41494"
	"num1495" [label="num",style=filled,fillcolor=powderblue]
	"E41494" -> "num1495"
	"alpha31496" [label="alpha3"]
	"E31492" -> "alpha31496"
	"e1497" [label="e"]
	"alpha31496" -> "e1497"
	"alpha21498" [label="alpha2"]
	"E11491" -> "alpha21498"
	"e1499" [label="e"]
	"alpha21498" -> "e1499"
	"alpha11500" [label="alpha1"]
	"Expression1490" -> "alpha11500"
	"e1501" [label="e"]
	"alpha11500" -> "e1501"
	"]1502" [label="]",style=filled,fillcolor=powderblue]
	"E31487" -> "]1502"
	"alpha31503" [label="alpha3"]
	"E31486" -> "alpha31503"
	"e1504" [label="e"]
	"alpha31503" -> "e1504"
	"alpha21505" [label="alpha2"]
	"E11485" -> "alpha21505"
	"e1506" [label="e"]
	"alpha21505" -> "e1506"
	"alpha11507" [label="alpha1"]
	"alpha11483" -> "alpha11507"
	"-1508" [label="-",style=filled,fillcolor=powderblue]
	"alpha11507" -> "-1508"
	"E11509" [label="E1"]
	"alpha11507" -> "E11509"
	"E31510" [label="E3"]
	"E11509" -> "E31510"
	"E31511" [label="E3"]
	"E31510" -> "E31511"
	"E41512" [label="E4"]
	"E31511" -> "E41512"
	"num1513" [label="num",style=filled,fillcolor=powderblue]
	"E41512" -> "num1513"
	"alpha31514" [label="alpha3"]
	"E31510" -> "alpha31514"
	"e1515" [label="e"]
	"alpha31514" -> "e1515"
	"alpha21516" [label="alpha2"]
	"E11509" -> "alpha21516"
	"e1517" [label="e"]
	"alpha21516" -> "e1517"
	"alpha11518" [label="alpha1"]
	"alpha11507" -> "alpha11518"
	"e1519" [label="e"]
	"alpha11518" -> "e1519"
	")1520" [label=")",style=filled,fillcolor=powderblue]
	"E41458" -> ")1520"
	"alpha31521" [label="alpha3"]
	"E31456" -> "alpha31521"
	"e1522" [label="e"]
	"alpha31521" -> "e1522"
	"alpha21523" [label="alpha2"]
	"E11455" -> "alpha21523"
	"e1524" [label="e"]
	"alpha21523" -> "e1524"
	"alpha11525" [label="alpha1"]
	"alpha11453" -> "alpha11525"
	"e1526" [label="e"]
	"alpha11525" -> "e1526"
	"A11527" [label="A1"]
	"A11426" -> "A11527"
	"m1528" [label="m",style=filled,fillcolor=powderblue]
	"A11527" -> "m1528"
	"[1529" [label="[",style=filled,fillcolor=powderblue]
	"A11527" -> "[1529"
	"Expression1530" [label="Expression"]
	"A11527" -> "Expression1530"
	"E11531" [label="E1"]
	"Expression1530" -> "E11531"
	"E31532" [label="E3"]
	"E11531" -> "E31532"
	"E31533" [label="E3"]
	"E31532" -> "E31533"
	"E41534" [label="E4"]
	"E31533" -> "E41534"
	"num1535" [label="num",style=filled,fillcolor=powderblue]
	"E41534" -> "num1535"
	"alpha31536" [label="alpha3"]
	"E31532" -> "alpha31536"
	"e1537" [label="e"]
	"alpha31536" -> "e1537"
	"alpha21538" [label="alpha2"]
	"E11531" -> "alpha21538"
	"e1539" [label="e"]
	"alpha21538" -> "e1539"
	"alpha11540" [label="alpha1"]
	"Expression1530" -> "alpha11540"
	"e1541" [label="e"]
	"alpha11540" -> "e1541"
	"]1542" [label="]",style=filled,fillcolor=powderblue]
	"A11527" -> "]1542"
	"=1543" [label="=",style=filled,fillcolor=powderblue]
	"A11527" -> "=1543"
	"Expression1544" [label="Expression"]
	"A11527" -> "Expression1544"
	"E11545" [label="E1"]
	"Expression1544" -> "E11545"
	"E31546" [label="E3"]
	"E11545" -> "E31546"
	"E31547" [label="E3"]
	"E31546" -> "E31547"
	"E41548" [label="E4"]
	"E31547" -> "E41548"
	"num1549" [label="num",style=filled,fillcolor=powderblue]
	"E41548" -> "num1549"
	"alpha31550" [label="alpha3"]
	"E31546" -> "alpha31550"
	"e1551" [label="e"]
	"alpha31550" -> "e1551"
	"alpha21552" [label="alpha2"]
	"E11545" -> "alpha21552"
	"/1553" [label="/",style=filled,fillcolor=powderblue]
	"alpha21552" -> "/1553"
	"E31554" [label="E3"]
	"alpha21552" -> "E31554"
	"E31555" [label="E3"]
	"E31554" -> "E31555"
	"E41556" [label="E4"]
	"E31555" -> "E41556"
	"num1557" [label="num",style=filled,fillcolor=powderblue]
	"E41556" -> "num1557"
	"alpha31558" [label="alpha3"]
	"E31554" -> "alpha31558"
	"e1559" [label="e"]
	"alpha31558" -> "e1559"
	"alpha21560" [label="alpha2"]
	"alpha21552" -> "alpha21560"
	"*1561" [label="*",style=filled,fillcolor=powderblue]
	"alpha21560" -> "*1561"
	"E31562" [label="E3"]
	"alpha21560" -> "E31562"
	"E31563" [label="E3"]
	"E31562" -> "E31563"
	"E41564" [label="E4"]
	"E31563" -> "E41564"
	"num1565" [label="num",style=filled,fillcolor=powderblue]
	"E41564" -> "num1565"
	"alpha31566" [label="alpha3"]
	"E31562" -> "alpha31566"
	"e1567" [label="e"]
	"alpha31566" -> "e1567"
	"alpha21568" [label="alpha2"]
	"alpha21560" -> "alpha21568"
	"e1569" [label="e"]
	"alpha21568" -> "e1569"
	"alpha11570" [label="alpha1"]
	"Expression1544" -> "alpha11570"
	"e1571" [label="e"]
	"alpha11570" -> "e1571"
	"A11572" [label="A1"]
	"A11527" -> "A11572"
	"goto1573" [label="goto",style=filled,fillcolor=powderblue]
	"A11572" -> "goto1573"
	"num1574" [label="num",style=filled,fillcolor=powderblue]
	"A11572" -> "num1574"
	"I1575" [label="I"]
	"A11572" -> "I1575"
	"A11576" [label="A1"]
	"A11572" -> "A11576"
	"L1577" [label="L",style=filled,fillcolor=powderblue]
	"A11576" -> "L1577"
	"num1578" [label="num",style=filled,fillcolor=powderblue]
	"A11576" -> "num1578"
	":1579" [label=":",style=filled,fillcolor=powderblue]
	"A11576" -> ":1579"
	"A11580" [label="A1"]
	"A11576" -> "A11580"
	"m1581" [label="m",style=filled,fillcolor=powderblue]
	"A11580" -> "m1581"
	"[1582" [label="[",style=filled,fillcolor=powderblue]
	"A11580" -> "[1582"
	"Expression1583" [label="Expression"]
	"A11580" -> "Expression1583"
	"E11584" [label="E1"]
	"Expression1583" -> "E11584"
	"E31585" [label="E3"]
	"E11584" -> "E31585"
	"E31586" [label="E3"]
	"E31585" -> "E31586"
	"E41587" [label="E4"]
	"E31586" -> "E41587"
	"num1588" [label="num",style=filled,fillcolor=powderblue]
	"E41587" -> "num1588"
	"alpha31589" [label="alpha3"]
	"E31585" -> "alpha31589"
	"e1590" [label="e"]
	"alpha31589" -> "e1590"
	"alpha21591" [label="alpha2"]
	"E11584" -> "alpha21591"
	"e1592" [label="e"]
	"alpha21591" -> "e1592"
	"alpha11593" [label="alpha1"]
	"Expression1583" -> "alpha11593"
	"e1594" [label="e"]
	"alpha11593" -> "e1594"
	"]1595" [label="]",style=filled,fillcolor=powderblue]
	"A11580" -> "]1595"
	"=1596" [label="=",style=filled,fillcolor=powderblue]
	"A11580" -> "=1596"
	"Expression1597" [label="Expression"]
	"A11580" -> "Expression1597"
	"E11598" [label="E1"]
	"Expression1597" -> "E11598"
	"E31599" [label="E3"]
	"E11598" -> "E31599"
	"E31600" [label="E3"]
	"E31599" -> "E31600"
	"E41601" [label="E4"]
	"E31600" -> "E41601"
	"num1602" [label="num",style=filled,fillcolor=powderblue]
	"E41601" -> "num1602"
	"alpha31603" [label="alpha3"]
	"E31599" -> "alpha31603"
	"e1604" [label="e"]
	"alpha31603" -> "e1604"
	"alpha21605" [label="alpha2"]
	"E11598" -> "alpha21605"
	"e1606" [label="e"]
	"alpha21605" -> "e1606"
	"alpha11607" [label="alpha1"]
	"Expression1597" -> "alpha11607"
	"-1608" [label="-",style=filled,fillcolor=powderblue]
	"alpha11607" -> "-1608"
	"E11609" [label="E1"]
	"alpha11607" -> "E11609"
	"E31610" [label="E3"]
	"E11609" -> "E31610"
	"E31611" [label="E3"]
	"E31610" -> "E31611"
	"E41612" [label="E4"]
	"E31611" -> "E41612"
	"(1613" [label="(",style=filled,fillcolor=powderblue]
	"E41612" -> "(1613"
	"Expression1614" [label="Expression"]
	"E41612" -> "Expression1614"
	"E11615" [label="E1"]
	"Expression1614" -> "E11615"
	"E31616" [label="E3"]
	"E11615" -> "E31616"
	"E31617" [label="E3"]
	"E31616" -> "E31617"
	"m1618" [label="m",style=filled,fillcolor=powderblue]
	"E31617" -> "m1618"
	"[1619" [label="[",style=filled,fillcolor=powderblue]
	"E31617" -> "[1619"
	"Expression1620" [label="Expression"]
	"E31617" -> "Expression1620"
	"E11621" [label="E1"]
	"Expression1620" -> "E11621"
	"E31622" [label="E3"]
	"E11621" -> "E31622"
	"E31623" [label="E3"]
	"E31622" -> "E31623"
	"E41624" [label="E4"]
	"E31623" -> "E41624"
	"num1625" [label="num",style=filled,fillcolor=powderblue]
	"E41624" -> "num1625"
	"alpha31626" [label="alpha3"]
	"E31622" -> "alpha31626"
	"e1627" [label="e"]
	"alpha31626" -> "e1627"
	"alpha21628" [label="alpha2"]
	"E11621" -> "alpha21628"
	"e1629" [label="e"]
	"alpha21628" -> "e1629"
	"alpha11630" [label="alpha1"]
	"Expression1620" -> "alpha11630"
	"e1631" [label="e"]
	"alpha11630" -> "e1631"
	"]1632" [label="]",style=filled,fillcolor=powderblue]
	"E31617" -> "]1632"
	"alpha31633" [label="alpha3"]
	"E31616" -> "alpha31633"
	"e1634" [label="e"]
	"alpha31633" -> "e1634"
	"alpha21635" [label="alpha2"]
	"E11615" -> "alpha21635"
	"e1636" [label="e"]
	"alpha21635" -> "e1636"
	"alpha11637" [label="alpha1"]
	"Expression1614" -> "alpha11637"
	"-1638" [label="-",style=filled,fillcolor=powderblue]
	"alpha11637" -> "-1638"
	"E11639" [label="E1"]
	"alpha11637" -> "E11639"
	"E31640" [label="E3"]
	"E11639" -> "E31640"
	"E31641" [label="E3"]
	"E31640" -> "E31641"
	"E41642" [label="E4"]
	"E31641" -> "E41642"
	"num1643" [label="num",style=filled,fillcolor=powderblue]
	"E41642" -> "num1643"
	"alpha31644" [label="alpha3"]
	"E31640" -> "alpha31644"
	"e1645" [label="e"]
	"alpha31644" -> "e1645"
	"alpha21646" [label="alpha2"]
	"E11639" -> "alpha21646"
	"e1647" [label="e"]
	"alpha21646" -> "e1647"
	"alpha11648" [label="alpha1"]
	"alpha11637" -> "alpha11648"
	"e1649" [label="e"]
	"alpha11648" -> "e1649"
	")1650" [label=")",style=filled,fillcolor=powderblue]
	"E41612" -> ")1650"
	"alpha31651" [label="alpha3"]
	"E31610" -> "alpha31651"
	"e1652" [label="e"]
	"alpha31651" -> "e1652"
	"alpha21653" [label="alpha2"]
	"E11609" -> "alpha21653"
	"e1654" [label="e"]
	"alpha21653" -> "e1654"
	"alpha11655" [label="alpha1"]
	"alpha11607" -> "alpha11655"
	"e1656" [label="e"]
	"alpha11655" -> "e1656"
	"A11657" [label="A1"]
	"A11580" -> "A11657"
	"print1658" [label="print",style=filled,fillcolor=powderblue]
	"A11657" -> "print1658"
	"Expression1659" [label="Expression"]
	"A11657" -> "Expression1659"
	"E11660" [label="E1"]
	"Expression1659" -> "E11660"
	"E31661" [label="E3"]
	"E11660" -> "E31661"
	"E31662" [label="E3"]
	"E31661" -> "E31662"
	"m1663" [label="m",style=filled,fillcolor=powderblue]
	"E31662" -> "m1663"
	"[1664" [label="[",style=filled,fillcolor=powderblue]
	"E31662" -> "[1664"
	"Expression1665" [label="Expression"]
	"E31662" -> "Expression1665"
	"E11666" [label="E1"]
	"Expression1665" -> "E11666"
	"E31667" [label="E3"]
	"E11666" -> "E31667"
	"E31668" [label="E3"]
	"E31667" -> "E31668"
	"E41669" [label="E4"]
	"E31668" -> "E41669"
	"num1670" [label="num",style=filled,fillcolor=powderblue]
	"E41669" -> "num1670"
	"alpha31671" [label="alpha3"]
	"E31667" -> "alpha31671"
	"e1672" [label="e"]
	"alpha31671" -> "e1672"
	"alpha21673" [label="alpha2"]
	"E11666" -> "alpha21673"
	"e1674" [label="e"]
	"alpha21673" -> "e1674"
	"alpha11675" [label="alpha1"]
	"Expression1665" -> "alpha11675"
	"e1676" [label="e"]
	"alpha11675" -> "e1676"
	"]1677" [label="]",style=filled,fillcolor=powderblue]
	"E31662" -> "]1677"
	"alpha31678" [label="alpha3"]
	"E31661" -> "alpha31678"
	"e1679" [label="e"]
	"alpha31678" -> "e1679"
	"alpha21680" [label="alpha2"]
	"E11660" -> "alpha21680"
	"e1681" [label="e"]
	"alpha21680" -> "e1681"
	"alpha11682" [label="alpha1"]
	"Expression1659" -> "alpha11682"
	"e1683" [label="e"]
	"alpha11682" -> "e1683"
	"A11684" [label="A1"]
	"A11657" -> "A11684"
	"L1685" [label="L",style=filled,fillcolor=powderblue]
	"A11684" -> "L1685"
	"num1686" [label="num",style=filled,fillcolor=powderblue]
	"A11684" -> "num1686"
	":1687" [label=":",style=filled,fillcolor=powderblue]
	"A11684" -> ":1687"
	"A11688" [label="A1"]
	"A11684" -> "A11688"
	"print1689" [label="print",style=filled,fillcolor=powderblue]
	"A11688" -> "print1689"
	"Expression1690" [label="Expression"]
	"A11688" -> "Expression1690"
	"E11691" [label="E1"]
	"Expression1690" -> "E11691"
	"E31692" [label="E3"]
	"E11691" -> "E31692"
	"E31693" [label="E3"]
	"E31692" -> "E31693"
	"m1694" [label="m",style=filled,fillcolor=powderblue]
	"E31693" -> "m1694"
	"[1695" [label="[",style=filled,fillcolor=powderblue]
	"E31693" -> "[1695"
	"Expression1696" [label="Expression"]
	"E31693" -> "Expression1696"
	"E11697" [label="E1"]
	"Expression1696" -> "E11697"
	"E31698" [label="E3"]
	"E11697" -> "E31698"
	"E31699" [label="E3"]
	"E31698" -> "E31699"
	"E41700" [label="E4"]
	"E31699" -> "E41700"
	"num1701" [label="num",style=filled,fillcolor=powderblue]
	"E41700" -> "num1701"
	"alpha31702" [label="alpha3"]
	"E31698" -> "alpha31702"
	"e1703" [label="e"]
	"alpha31702" -> "e1703"
	"alpha21704" [label="alpha2"]
	"E11697" -> "alpha21704"
	"e1705" [label="e"]
	"alpha21704" -> "e1705"
	"alpha11706" [label="alpha1"]
	"Expression1696" -> "alpha11706"
	"e1707" [label="e"]
	"alpha11706" -> "e1707"
	"]1708" [label="]",style=filled,fillcolor=powderblue]
	"E31693" -> "]1708"
	"alpha31709" [label="alpha3"]
	"E31692" -> "alpha31709"
	"e1710" [label="e"]
	"alpha31709" -> "e1710"
	"alpha21711" [label="alpha2"]
	"E11691" -> "alpha21711"
	"e1712" [label="e"]
	"alpha21711" -> "e1712"
	"alpha11713" [label="alpha1"]
	"Expression1690" -> "alpha11713"
	"e1714" [label="e"]
	"alpha11713" -> "e1714"
	"A11715" [label="A1"]
	"A11688" -> "A11715"
	"print1716" [label="print",style=filled,fillcolor=powderblue]
	"A11715" -> "print1716"
	"Expression1717" [label="Expression"]
	"A11715" -> "Expression1717"
	"E11718" [label="E1"]
	"Expression1717" -> "E11718"
	"E31719" [label="E3"]
	"E11718" -> "E31719"
	"E31720" [label="E3"]
	"E31719" -> "E31720"
	"m1721" [label="m",style=filled,fillcolor=powderblue]
	"E31720" -> "m1721"
	"[1722" [label="[",style=filled,fillcolor=powderblue]
	"E31720" -> "[1722"
	"Expression1723" [label="Expression"]
	"E31720" -> "Expression1723"
	"E11724" [label="E1"]
	"Expression1723" -> "E11724"
	"E31725" [label="E3"]
	"E11724" -> "E31725"
	"E31726" [label="E3"]
	"E31725" -> "E31726"
	"E41727" [label="E4"]
	"E31726" -> "E41727"
	"num1728" [label="num",style=filled,fillcolor=powderblue]
	"E41727" -> "num1728"
	"alpha31729" [label="alpha3"]
	"E31725" -> "alpha31729"
	"e1730" [label="e"]
	"alpha31729" -> "e1730"
	"alpha21731" [label="alpha2"]
	"E11724" -> "alpha21731"
	"e1732" [label="e"]
	"alpha21731" -> "e1732"
	"alpha11733" [label="alpha1"]
	"Expression1723" -> "alpha11733"
	"e1734" [label="e"]
	"alpha11733" -> "e1734"
	"]1735" [label="]",style=filled,fillcolor=powderblue]
	"E31720" -> "]1735"
	"alpha31736" [label="alpha3"]
	"E31719" -> "alpha31736"
	"e1737" [label="e"]
	"alpha31736" -> "e1737"
	"alpha21738" [label="alpha2"]
	"E11718" -> "alpha21738"
	"e1739" [label="e"]
	"alpha21738" -> "e1739"
	"alpha11740" [label="alpha1"]
	"Expression1717" -> "alpha11740"
	"e1741" [label="e"]
	"alpha11740" -> "e1741"
	"A11742" [label="A1"]
	"A11715" -> "A11742"
	"print1743" [label="print",style=filled,fillcolor=powderblue]
	"A11742" -> "print1743"
	"Expression1744" [label="Expression"]
	"A11742" -> "Expression1744"
	"E11745" [label="E1"]
	"Expression1744" -> "E11745"
	"E31746" [label="E3"]
	"E11745" -> "E31746"
	"E31747" [label="E3"]
	"E31746" -> "E31747"
	"m1748" [label="m",style=filled,fillcolor=powderblue]
	"E31747" -> "m1748"
	"[1749" [label="[",style=filled,fillcolor=powderblue]
	"E31747" -> "[1749"
	"Expression1750" [label="Expression"]
	"E31747" -> "Expression1750"
	"E11751" [label="E1"]
	"Expression1750" -> "E11751"
	"E31752" [label="E3"]
	"E11751" -> "E31752"
	"E31753" [label="E3"]
	"E31752" -> "E31753"
	"E41754" [label="E4"]
	"E31753" -> "E41754"
	"num1755" [label="num",style=filled,fillcolor=powderblue]
	"E41754" -> "num1755"
	"alpha31756" [label="alpha3"]
	"E31752" -> "alpha31756"
	"e1757" [label="e"]
	"alpha31756" -> "e1757"
	"alpha21758" [label="alpha2"]
	"E11751" -> "alpha21758"
	"e1759" [label="e"]
	"alpha21758" -> "e1759"
	"alpha11760" [label="alpha1"]
	"Expression1750" -> "alpha11760"
	"e1761" [label="e"]
	"alpha11760" -> "e1761"
	"]1762" [label="]",style=filled,fillcolor=powderblue]
	"E31747" -> "]1762"
	"alpha31763" [label="alpha3"]
	"E31746" -> "alpha31763"
	"e1764" [label="e"]
	"alpha31763" -> "e1764"
	"alpha21765" [label="alpha2"]
	"E11745" -> "alpha21765"
	"e1766" [label="e"]
	"alpha21765" -> "e1766"
	"alpha11767" [label="alpha1"]
	"Expression1744" -> "alpha11767"
	"e1768" [label="e"]
	"alpha11767" -> "e1768"
	"A11769" [label="A1"]
	"A11742" -> "A11769"
	"e1770" [label="e"]
	"A11769" -> "e1770"
};
