digraph G {
	"Start1" [label="Start"]
	"Statements2" [label="Statements"]
	"Start1" -> "Statements2"
	"Statement3" [label="Statement"]
	"Statements2" -> "Statement3"
	"m4" [label="m",style=filled,fillcolor=powderblue]
	"Statement3" -> "m4"
	"[5" [label="[",style=filled,fillcolor=powderblue]
	"Statement3" -> "[5"
	"Expression6" [label="Expression"]
	"Statement3" -> "Expression6"
	"T7" [label="T"]
	"Expression6" -> "T7"
	"F8" [label="F"]
	"T7" -> "F8"
	"Base9" [label="Base"]
	"F8" -> "Base9"
	"num10" [label="num",style=filled,fillcolor=powderblue]
	"Base9" -> "num10"
	"F111" [label="F1"]
	"F8" -> "F111"
	"e12" [label="e"]
	"F111" -> "e12"
	"T113" [label="T1"]
	"T7" -> "T113"
	"e14" [label="e"]
	"T113" -> "e14"
	"E115" [label="E1"]
	"Expression6" -> "E115"
	"e16" [label="e"]
	"E115" -> "e16"
	"]17" [label="]",style=filled,fillcolor=powderblue]
	"Statement3" -> "]17"
	"=18" [label="=",style=filled,fillcolor=powderblue]
	"Statement3" -> "=18"
	"Expression19" [label="Expression"]
	"Statement3" -> "Expression19"
	"T20" [label="T"]
	"Expression19" -> "T20"
	"F21" [label="F"]
	"T20" -> "F21"
	"Base22" [label="Base"]
	"F21" -> "Base22"
	"num23" [label="num",style=filled,fillcolor=powderblue]
	"Base22" -> "num23"
	"F124" [label="F1"]
	"F21" -> "F124"
	"e25" [label="e"]
	"F124" -> "e25"
	"T126" [label="T1"]
	"T20" -> "T126"
	"/27" [label="/",style=filled,fillcolor=powderblue]
	"T126" -> "/27"
	"F28" [label="F"]
	"T126" -> "F28"
	"Base29" [label="Base"]
	"F28" -> "Base29"
	"num30" [label="num",style=filled,fillcolor=powderblue]
	"Base29" -> "num30"
	"F131" [label="F1"]
	"F28" -> "F131"
	"e32" [label="e"]
	"F131" -> "e32"
	"T133" [label="T1"]
	"T126" -> "T133"
	"*34" [label="*",style=filled,fillcolor=powderblue]
	"T133" -> "*34"
	"F35" [label="F"]
	"T133" -> "F35"
	"Base36" [label="Base"]
	"F35" -> "Base36"
	"num37" [label="num",style=filled,fillcolor=powderblue]
	"Base36" -> "num37"
	"F138" [label="F1"]
	"F35" -> "F138"
	"e39" [label="e"]
	"F138" -> "e39"
	"T140" [label="T1"]
	"T133" -> "T140"
	"e41" [label="e"]
	"T140" -> "e41"
	"e42" [label="e"]
	"T133" -> "e42"
	"e43" [label="e"]
	"T126" -> "e43"
	"E144" [label="E1"]
	"Expression19" -> "E144"
	"e45" [label="e"]
	"E144" -> "e45"
	"Statements46" [label="Statements"]
	"Statements2" -> "Statements46"
	"Statement47" [label="Statement"]
	"Statements46" -> "Statement47"
	"m48" [label="m",style=filled,fillcolor=powderblue]
	"Statement47" -> "m48"
	"[49" [label="[",style=filled,fillcolor=powderblue]
	"Statement47" -> "[49"
	"Expression50" [label="Expression"]
	"Statement47" -> "Expression50"
	"T51" [label="T"]
	"Expression50" -> "T51"
	"F52" [label="F"]
	"T51" -> "F52"
	"Base53" [label="Base"]
	"F52" -> "Base53"
	"num54" [label="num",style=filled,fillcolor=powderblue]
	"Base53" -> "num54"
	"F155" [label="F1"]
	"F52" -> "F155"
	"e56" [label="e"]
	"F155" -> "e56"
	"T157" [label="T1"]
	"T51" -> "T157"
	"e58" [label="e"]
	"T157" -> "e58"
	"E159" [label="E1"]
	"Expression50" -> "E159"
	"e60" [label="e"]
	"E159" -> "e60"
	"]61" [label="]",style=filled,fillcolor=powderblue]
	"Statement47" -> "]61"
	"=62" [label="=",style=filled,fillcolor=powderblue]
	"Statement47" -> "=62"
	"Expression63" [label="Expression"]
	"Statement47" -> "Expression63"
	"T64" [label="T"]
	"Expression63" -> "T64"
	"F65" [label="F"]
	"T64" -> "F65"
	"Base66" [label="Base"]
	"F65" -> "Base66"
	"num67" [label="num",style=filled,fillcolor=powderblue]
	"Base66" -> "num67"
	"F168" [label="F1"]
	"F65" -> "F168"
	"e69" [label="e"]
	"F168" -> "e69"
	"T170" [label="T1"]
	"T64" -> "T170"
	"e71" [label="e"]
	"T170" -> "e71"
	"E172" [label="E1"]
	"Expression63" -> "E172"
	"+73" [label="+",style=filled,fillcolor=powderblue]
	"E172" -> "+73"
	"T74" [label="T"]
	"E172" -> "T74"
	"F75" [label="F"]
	"T74" -> "F75"
	"Base76" [label="Base"]
	"F75" -> "Base76"
	"num77" [label="num",style=filled,fillcolor=powderblue]
	"Base76" -> "num77"
	"F178" [label="F1"]
	"F75" -> "F178"
	"e79" [label="e"]
	"F178" -> "e79"
	"T180" [label="T1"]
	"T74" -> "T180"
	"e81" [label="e"]
	"T180" -> "e81"
	"E182" [label="E1"]
	"E172" -> "E182"
	"e83" [label="e"]
	"E182" -> "e83"
	"e84" [label="e"]
	"E172" -> "e84"
	"Statements85" [label="Statements"]
	"Statements46" -> "Statements85"
	"e86" [label="e"]
	"Statements85" -> "e86"
};
