digraph G {
	"Start1" [label="Start"]
	"Statements2" [label="Statements"]
	"Start1" -> "Statements2"
	"Statement3" [label="Statement"]
	"Statements2" -> "Statement3"
	"m4" [label="m",style=filled,fillcolor=powderblue]
	"Statement3" -> "m4"
	"[5" [label="[",style=filled,fillcolor=powderblue]
	"Statement3" -> "[5"
	"Expression6" [label="Expression"]
	"Statement3" -> "Expression6"
	"T7" [label="T"]
	"Expression6" -> "T7"
	"F8" [label="F"]
	"T7" -> "F8"
	"Base9" [label="Base"]
	"F8" -> "Base9"
	"num10" [label="num",style=filled,fillcolor=powderblue]
	"Base9" -> "num10"
	"F111" [label="F1"]
	"F8" -> "F111"
	"e12" [label="e"]
	"F111" -> "e12"
	"T113" [label="T1"]
	"T7" -> "T113"
	"e14" [label="e"]
	"T113" -> "e14"
	"E115" [label="E1"]
	"Expression6" -> "E115"
	"e16" [label="e"]
	"E115" -> "e16"
	"]17" [label="]",style=filled,fillcolor=powderblue]
	"Statement3" -> "]17"
	"=18" [label="=",style=filled,fillcolor=powderblue]
	"Statement3" -> "=18"
	"Expression19" [label="Expression"]
	"Statement3" -> "Expression19"
	"T20" [label="T"]
	"Expression19" -> "T20"
	"F21" [label="F"]
	"T20" -> "F21"
	"Base22" [label="Base"]
	"F21" -> "Base22"
	"num23" [label="num",style=filled,fillcolor=powderblue]
	"Base22" -> "num23"
	"F124" [label="F1"]
	"F21" -> "F124"
	"e25" [label="e"]
	"F124" -> "e25"
	"T126" [label="T1"]
	"T20" -> "T126"
	"/27" [label="/",style=filled,fillcolor=powderblue]
	"T126" -> "/27"
	"F28" [label="F"]
	"T126" -> "F28"
	"Base29" [label="Base"]
	"F28" -> "Base29"
	"num30" [label="num",style=filled,fillcolor=powderblue]
	"Base29" -> "num30"
	"F131" [label="F1"]
	"F28" -> "F131"
	"e32" [label="e"]
	"F131" -> "e32"
	"T133" [label="T1"]
	"T126" -> "T133"
	"*34" [label="*",style=filled,fillcolor=powderblue]
	"T133" -> "*34"
	"F35" [label="F"]
	"T133" -> "F35"
	"Base36" [label="Base"]
	"F35" -> "Base36"
	"num37" [label="num",style=filled,fillcolor=powderblue]
	"Base36" -> "num37"
	"F138" [label="F1"]
	"F35" -> "F138"
	"e39" [label="e"]
	"F138" -> "e39"
	"T140" [label="T1"]
	"T133" -> "T140"
	"e41" [label="e"]
	"T140" -> "e41"
	"e42" [label="e"]
	"T133" -> "e42"
	"e43" [label="e"]
	"T126" -> "e43"
	"E144" [label="E1"]
	"Expression19" -> "E144"
	"e45" [label="e"]
	"E144" -> "e45"
	"Statements46" [label="Statements"]
	"Statements2" -> "Statements46"
	"Statement47" [label="Statement"]
	"Statements46" -> "Statement47"
	"m48" [label="m",style=filled,fillcolor=powderblue]
	"Statement47" -> "m48"
	"[49" [label="[",style=filled,fillcolor=powderblue]
	"Statement47" -> "[49"
	"Expression50" [label="Expression"]
	"Statement47" -> "Expression50"
	"T51" [label="T"]
	"Expression50" -> "T51"
	"F52" [label="F"]
	"T51" -> "F52"
	"Base53" [label="Base"]
	"F52" -> "Base53"
	"num54" [label="num",style=filled,fillcolor=powderblue]
	"Base53" -> "num54"
	"F155" [label="F1"]
	"F52" -> "F155"
	"e56" [label="e"]
	"F155" -> "e56"
	"T157" [label="T1"]
	"T51" -> "T157"
	"e58" [label="e"]
	"T157" -> "e58"
	"E159" [label="E1"]
	"Expression50" -> "E159"
	"e60" [label="e"]
	"E159" -> "e60"
	"]61" [label="]",style=filled,fillcolor=powderblue]
	"Statement47" -> "]61"
	"=62" [label="=",style=filled,fillcolor=powderblue]
	"Statement47" -> "=62"
	"Expression63" [label="Expression"]
	"Statement47" -> "Expression63"
	"T64" [label="T"]
	"Expression63" -> "T64"
	"F65" [label="F"]
	"T64" -> "F65"
	"Base66" [label="Base"]
	"F65" -> "Base66"
	"num67" [label="num",style=filled,fillcolor=powderblue]
	"Base66" -> "num67"
	"F168" [label="F1"]
	"F65" -> "F168"
	"e69" [label="e"]
	"F168" -> "e69"
	"T170" [label="T1"]
	"T64" -> "T170"
	"/71" [label="/",style=filled,fillcolor=powderblue]
	"T170" -> "/71"
	"F72" [label="F"]
	"T170" -> "F72"
	"Base73" [label="Base"]
	"F72" -> "Base73"
	"num74" [label="num",style=filled,fillcolor=powderblue]
	"Base73" -> "num74"
	"F175" [label="F1"]
	"F72" -> "F175"
	"e76" [label="e"]
	"F175" -> "e76"
	"T177" [label="T1"]
	"T170" -> "T177"
	"*78" [label="*",style=filled,fillcolor=powderblue]
	"T177" -> "*78"
	"F79" [label="F"]
	"T177" -> "F79"
	"Base80" [label="Base"]
	"F79" -> "Base80"
	"num81" [label="num",style=filled,fillcolor=powderblue]
	"Base80" -> "num81"
	"F182" [label="F1"]
	"F79" -> "F182"
	"e83" [label="e"]
	"F182" -> "e83"
	"T184" [label="T1"]
	"T177" -> "T184"
	"e85" [label="e"]
	"T184" -> "e85"
	"e86" [label="e"]
	"T177" -> "e86"
	"e87" [label="e"]
	"T170" -> "e87"
	"E188" [label="E1"]
	"Expression63" -> "E188"
	"e89" [label="e"]
	"E188" -> "e89"
	"Statements90" [label="Statements"]
	"Statements46" -> "Statements90"
	"Statement91" [label="Statement"]
	"Statements90" -> "Statement91"
	"print92" [label="print",style=filled,fillcolor=powderblue]
	"Statement91" -> "print92"
	"Expression93" [label="Expression"]
	"Statement91" -> "Expression93"
	"T94" [label="T"]
	"Expression93" -> "T94"
	"F95" [label="F"]
	"T94" -> "F95"
	"Base96" [label="Base"]
	"F95" -> "Base96"
	"m97" [label="m",style=filled,fillcolor=powderblue]
	"Base96" -> "m97"
	"[98" [label="[",style=filled,fillcolor=powderblue]
	"Base96" -> "[98"
	"Expression99" [label="Expression"]
	"Base96" -> "Expression99"
	"T100" [label="T"]
	"Expression99" -> "T100"
	"F101" [label="F"]
	"T100" -> "F101"
	"Base102" [label="Base"]
	"F101" -> "Base102"
	"num103" [label="num",style=filled,fillcolor=powderblue]
	"Base102" -> "num103"
	"F1104" [label="F1"]
	"F101" -> "F1104"
	"e105" [label="e"]
	"F1104" -> "e105"
	"T1106" [label="T1"]
	"T100" -> "T1106"
	"e107" [label="e"]
	"T1106" -> "e107"
	"E1108" [label="E1"]
	"Expression99" -> "E1108"
	"e109" [label="e"]
	"E1108" -> "e109"
	"]110" [label="]",style=filled,fillcolor=powderblue]
	"Base96" -> "]110"
	"F1111" [label="F1"]
	"F95" -> "F1111"
	"e112" [label="e"]
	"F1111" -> "e112"
	"T1113" [label="T1"]
	"T94" -> "T1113"
	"e114" [label="e"]
	"T1113" -> "e114"
	"E1115" [label="E1"]
	"Expression93" -> "E1115"
	"e116" [label="e"]
	"E1115" -> "e116"
	"Statements117" [label="Statements"]
	"Statements90" -> "Statements117"
	"Statement118" [label="Statement"]
	"Statements117" -> "Statement118"
	"Jump119" [label="Jump"]
	"Statement118" -> "Jump119"
	"goto120" [label="goto",style=filled,fillcolor=powderblue]
	"Jump119" -> "goto120"
	"num121" [label="num",style=filled,fillcolor=powderblue]
	"Jump119" -> "num121"
	"Jump1122" [label="Jump1"]
	"Jump119" -> "Jump1122"
	"if123" [label="if",style=filled,fillcolor=powderblue]
	"Jump1122" -> "if123"
	"Expression124" [label="Expression"]
	"Jump1122" -> "Expression124"
	"T125" [label="T"]
	"Expression124" -> "T125"
	"F126" [label="F"]
	"T125" -> "F126"
	"Base127" [label="Base"]
	"F126" -> "Base127"
	"m128" [label="m",style=filled,fillcolor=powderblue]
	"Base127" -> "m128"
	"[129" [label="[",style=filled,fillcolor=powderblue]
	"Base127" -> "[129"
	"Expression130" [label="Expression"]
	"Base127" -> "Expression130"
	"T131" [label="T"]
	"Expression130" -> "T131"
	"F132" [label="F"]
	"T131" -> "F132"
	"Base133" [label="Base"]
	"F132" -> "Base133"
	"num134" [label="num",style=filled,fillcolor=powderblue]
	"Base133" -> "num134"
	"F1135" [label="F1"]
	"F132" -> "F1135"
	"e136" [label="e"]
	"F1135" -> "e136"
	"T1137" [label="T1"]
	"T131" -> "T1137"
	"e138" [label="e"]
	"T1137" -> "e138"
	"E1139" [label="E1"]
	"Expression130" -> "E1139"
	"e140" [label="e"]
	"E1139" -> "e140"
	"]141" [label="]",style=filled,fillcolor=powderblue]
	"Base127" -> "]141"
	"F1142" [label="F1"]
	"F126" -> "F1142"
	"e143" [label="e"]
	"F1142" -> "e143"
	"T1144" [label="T1"]
	"T125" -> "T1144"
	"e145" [label="e"]
	"T1144" -> "e145"
	"E1146" [label="E1"]
	"Expression124" -> "E1146"
	"e147" [label="e"]
	"E1146" -> "e147"
	"Statements148" [label="Statements"]
	"Statements117" -> "Statements148"
	"Statement149" [label="Statement"]
	"Statements148" -> "Statement149"
	"Jump150" [label="Jump"]
	"Statement149" -> "Jump150"
	"goto151" [label="goto",style=filled,fillcolor=powderblue]
	"Jump150" -> "goto151"
	"num152" [label="num",style=filled,fillcolor=powderblue]
	"Jump150" -> "num152"
	"Statements153" [label="Statements"]
	"Statements148" -> "Statements153"
	"Statement154" [label="Statement"]
	"Statements153" -> "Statement154"
	"L155" [label="L",style=filled,fillcolor=powderblue]
	"Statement154" -> "L155"
	"num156" [label="num",style=filled,fillcolor=powderblue]
	"Statement154" -> "num156"
	":157" [label=":",style=filled,fillcolor=powderblue]
	"Statement154" -> ":157"
	"Statements158" [label="Statements"]
	"Statements153" -> "Statements158"
	"Statement159" [label="Statement"]
	"Statements158" -> "Statement159"
	"m160" [label="m",style=filled,fillcolor=powderblue]
	"Statement159" -> "m160"
	"[161" [label="[",style=filled,fillcolor=powderblue]
	"Statement159" -> "[161"
	"Expression162" [label="Expression"]
	"Statement159" -> "Expression162"
	"T163" [label="T"]
	"Expression162" -> "T163"
	"F164" [label="F"]
	"T163" -> "F164"
	"Base165" [label="Base"]
	"F164" -> "Base165"
	"num166" [label="num",style=filled,fillcolor=powderblue]
	"Base165" -> "num166"
	"F1167" [label="F1"]
	"F164" -> "F1167"
	"e168" [label="e"]
	"F1167" -> "e168"
	"T1169" [label="T1"]
	"T163" -> "T1169"
	"e170" [label="e"]
	"T1169" -> "e170"
	"E1171" [label="E1"]
	"Expression162" -> "E1171"
	"e172" [label="e"]
	"E1171" -> "e172"
	"]173" [label="]",style=filled,fillcolor=powderblue]
	"Statement159" -> "]173"
	"=174" [label="=",style=filled,fillcolor=powderblue]
	"Statement159" -> "=174"
	"Expression175" [label="Expression"]
	"Statement159" -> "Expression175"
	"T176" [label="T"]
	"Expression175" -> "T176"
	"F177" [label="F"]
	"T176" -> "F177"
	"Base178" [label="Base"]
	"F177" -> "Base178"
	"num179" [label="num",style=filled,fillcolor=powderblue]
	"Base178" -> "num179"
	"F1180" [label="F1"]
	"F177" -> "F1180"
	"e181" [label="e"]
	"F1180" -> "e181"
	"T1182" [label="T1"]
	"T176" -> "T1182"
	"e183" [label="e"]
	"T1182" -> "e183"
	"E1184" [label="E1"]
	"Expression175" -> "E1184"
	"-185" [label="-",style=filled,fillcolor=powderblue]
	"E1184" -> "-185"
	"T186" [label="T"]
	"E1184" -> "T186"
	"F187" [label="F"]
	"T186" -> "F187"
	"Base188" [label="Base"]
	"F187" -> "Base188"
	"(189" [label="(",style=filled,fillcolor=powderblue]
	"Base188" -> "(189"
	"Expression190" [label="Expression"]
	"Base188" -> "Expression190"
	"T191" [label="T"]
	"Expression190" -> "T191"
	"F192" [label="F"]
	"T191" -> "F192"
	"Base193" [label="Base"]
	"F192" -> "Base193"
	"m194" [label="m",style=filled,fillcolor=powderblue]
	"Base193" -> "m194"
	"[195" [label="[",style=filled,fillcolor=powderblue]
	"Base193" -> "[195"
	"Expression196" [label="Expression"]
	"Base193" -> "Expression196"
	"T197" [label="T"]
	"Expression196" -> "T197"
	"F198" [label="F"]
	"T197" -> "F198"
	"Base199" [label="Base"]
	"F198" -> "Base199"
	"num200" [label="num",style=filled,fillcolor=powderblue]
	"Base199" -> "num200"
	"F1201" [label="F1"]
	"F198" -> "F1201"
	"e202" [label="e"]
	"F1201" -> "e202"
	"T1203" [label="T1"]
	"T197" -> "T1203"
	"e204" [label="e"]
	"T1203" -> "e204"
	"E1205" [label="E1"]
	"Expression196" -> "E1205"
	"e206" [label="e"]
	"E1205" -> "e206"
	"]207" [label="]",style=filled,fillcolor=powderblue]
	"Base193" -> "]207"
	"F1208" [label="F1"]
	"F192" -> "F1208"
	"e209" [label="e"]
	"F1208" -> "e209"
	"T1210" [label="T1"]
	"T191" -> "T1210"
	"e211" [label="e"]
	"T1210" -> "e211"
	"E1212" [label="E1"]
	"Expression190" -> "E1212"
	"-213" [label="-",style=filled,fillcolor=powderblue]
	"E1212" -> "-213"
	"T214" [label="T"]
	"E1212" -> "T214"
	"F215" [label="F"]
	"T214" -> "F215"
	"Base216" [label="Base"]
	"F215" -> "Base216"
	"num217" [label="num",style=filled,fillcolor=powderblue]
	"Base216" -> "num217"
	"F1218" [label="F1"]
	"F215" -> "F1218"
	"**219" [label="**",style=filled,fillcolor=powderblue]
	"F1218" -> "**219"
	"Base220" [label="Base"]
	"F1218" -> "Base220"
	"num221" [label="num",style=filled,fillcolor=powderblue]
	"Base220" -> "num221"
	"F1222" [label="F1"]
	"F1218" -> "F1222"
	"e223" [label="e"]
	"F1222" -> "e223"
	"e224" [label="e"]
	"F1218" -> "e224"
	"T1225" [label="T1"]
	"T214" -> "T1225"
	"e226" [label="e"]
	"T1225" -> "e226"
	"E1227" [label="E1"]
	"E1212" -> "E1227"
	"e228" [label="e"]
	"E1227" -> "e228"
	"e229" [label="e"]
	"E1212" -> "e229"
	")230" [label=")",style=filled,fillcolor=powderblue]
	"Base188" -> ")230"
	"F1231" [label="F1"]
	"F187" -> "F1231"
	"e232" [label="e"]
	"F1231" -> "e232"
	"T1233" [label="T1"]
	"T186" -> "T1233"
	"e234" [label="e"]
	"T1233" -> "e234"
	"E1235" [label="E1"]
	"E1184" -> "E1235"
	"e236" [label="e"]
	"E1235" -> "e236"
	"e237" [label="e"]
	"E1184" -> "e237"
	"Statements238" [label="Statements"]
	"Statements158" -> "Statements238"
	"Statement239" [label="Statement"]
	"Statements238" -> "Statement239"
	"L240" [label="L",style=filled,fillcolor=powderblue]
	"Statement239" -> "L240"
	"num241" [label="num",style=filled,fillcolor=powderblue]
	"Statement239" -> "num241"
	":242" [label=":",style=filled,fillcolor=powderblue]
	"Statement239" -> ":242"
	"Statements243" [label="Statements"]
	"Statements238" -> "Statements243"
	"Statement244" [label="Statement"]
	"Statements243" -> "Statement244"
	"m245" [label="m",style=filled,fillcolor=powderblue]
	"Statement244" -> "m245"
	"[246" [label="[",style=filled,fillcolor=powderblue]
	"Statement244" -> "[246"
	"Expression247" [label="Expression"]
	"Statement244" -> "Expression247"
	"T248" [label="T"]
	"Expression247" -> "T248"
	"F249" [label="F"]
	"T248" -> "F249"
	"Base250" [label="Base"]
	"F249" -> "Base250"
	"num251" [label="num",style=filled,fillcolor=powderblue]
	"Base250" -> "num251"
	"F1252" [label="F1"]
	"F249" -> "F1252"
	"e253" [label="e"]
	"F1252" -> "e253"
	"T1254" [label="T1"]
	"T248" -> "T1254"
	"e255" [label="e"]
	"T1254" -> "e255"
	"E1256" [label="E1"]
	"Expression247" -> "E1256"
	"e257" [label="e"]
	"E1256" -> "e257"
	"]258" [label="]",style=filled,fillcolor=powderblue]
	"Statement244" -> "]258"
	"=259" [label="=",style=filled,fillcolor=powderblue]
	"Statement244" -> "=259"
	"Expression260" [label="Expression"]
	"Statement244" -> "Expression260"
	"T261" [label="T"]
	"Expression260" -> "T261"
	"F262" [label="F"]
	"T261" -> "F262"
	"Base263" [label="Base"]
	"F262" -> "Base263"
	"num264" [label="num",style=filled,fillcolor=powderblue]
	"Base263" -> "num264"
	"F1265" [label="F1"]
	"F262" -> "F1265"
	"e266" [label="e"]
	"F1265" -> "e266"
	"T1267" [label="T1"]
	"T261" -> "T1267"
	"e268" [label="e"]
	"T1267" -> "e268"
	"E1269" [label="E1"]
	"Expression260" -> "E1269"
	"-270" [label="-",style=filled,fillcolor=powderblue]
	"E1269" -> "-270"
	"T271" [label="T"]
	"E1269" -> "T271"
	"F272" [label="F"]
	"T271" -> "F272"
	"Base273" [label="Base"]
	"F272" -> "Base273"
	"(274" [label="(",style=filled,fillcolor=powderblue]
	"Base273" -> "(274"
	"Expression275" [label="Expression"]
	"Base273" -> "Expression275"
	"T276" [label="T"]
	"Expression275" -> "T276"
	"F277" [label="F"]
	"T276" -> "F277"
	"Base278" [label="Base"]
	"F277" -> "Base278"
	"m279" [label="m",style=filled,fillcolor=powderblue]
	"Base278" -> "m279"
	"[280" [label="[",style=filled,fillcolor=powderblue]
	"Base278" -> "[280"
	"Expression281" [label="Expression"]
	"Base278" -> "Expression281"
	"T282" [label="T"]
	"Expression281" -> "T282"
	"F283" [label="F"]
	"T282" -> "F283"
	"Base284" [label="Base"]
	"F283" -> "Base284"
	"num285" [label="num",style=filled,fillcolor=powderblue]
	"Base284" -> "num285"
	"F1286" [label="F1"]
	"F283" -> "F1286"
	"e287" [label="e"]
	"F1286" -> "e287"
	"T1288" [label="T1"]
	"T282" -> "T1288"
	"e289" [label="e"]
	"T1288" -> "e289"
	"E1290" [label="E1"]
	"Expression281" -> "E1290"
	"e291" [label="e"]
	"E1290" -> "e291"
	"]292" [label="]",style=filled,fillcolor=powderblue]
	"Base278" -> "]292"
	"F1293" [label="F1"]
	"F277" -> "F1293"
	"e294" [label="e"]
	"F1293" -> "e294"
	"T1295" [label="T1"]
	"T276" -> "T1295"
	"e296" [label="e"]
	"T1295" -> "e296"
	"E1297" [label="E1"]
	"Expression275" -> "E1297"
	"-298" [label="-",style=filled,fillcolor=powderblue]
	"E1297" -> "-298"
	"T299" [label="T"]
	"E1297" -> "T299"
	"F300" [label="F"]
	"T299" -> "F300"
	"Base301" [label="Base"]
	"F300" -> "Base301"
	"num302" [label="num",style=filled,fillcolor=powderblue]
	"Base301" -> "num302"
	"F1303" [label="F1"]
	"F300" -> "F1303"
	"e304" [label="e"]
	"F1303" -> "e304"
	"T1305" [label="T1"]
	"T299" -> "T1305"
	"e306" [label="e"]
	"T1305" -> "e306"
	"E1307" [label="E1"]
	"E1297" -> "E1307"
	"e308" [label="e"]
	"E1307" -> "e308"
	"e309" [label="e"]
	"E1297" -> "e309"
	")310" [label=")",style=filled,fillcolor=powderblue]
	"Base273" -> ")310"
	"F1311" [label="F1"]
	"F272" -> "F1311"
	"e312" [label="e"]
	"F1311" -> "e312"
	"T1313" [label="T1"]
	"T271" -> "T1313"
	"e314" [label="e"]
	"T1313" -> "e314"
	"E1315" [label="E1"]
	"E1269" -> "E1315"
	"e316" [label="e"]
	"E1315" -> "e316"
	"e317" [label="e"]
	"E1269" -> "e317"
	"Statements318" [label="Statements"]
	"Statements243" -> "Statements318"
	"Statement319" [label="Statement"]
	"Statements318" -> "Statement319"
	"print320" [label="print",style=filled,fillcolor=powderblue]
	"Statement319" -> "print320"
	"Expression321" [label="Expression"]
	"Statement319" -> "Expression321"
	"T322" [label="T"]
	"Expression321" -> "T322"
	"F323" [label="F"]
	"T322" -> "F323"
	"Base324" [label="Base"]
	"F323" -> "Base324"
	"m325" [label="m",style=filled,fillcolor=powderblue]
	"Base324" -> "m325"
	"[326" [label="[",style=filled,fillcolor=powderblue]
	"Base324" -> "[326"
	"Expression327" [label="Expression"]
	"Base324" -> "Expression327"
	"T328" [label="T"]
	"Expression327" -> "T328"
	"F329" [label="F"]
	"T328" -> "F329"
	"Base330" [label="Base"]
	"F329" -> "Base330"
	"num331" [label="num",style=filled,fillcolor=powderblue]
	"Base330" -> "num331"
	"F1332" [label="F1"]
	"F329" -> "F1332"
	"e333" [label="e"]
	"F1332" -> "e333"
	"T1334" [label="T1"]
	"T328" -> "T1334"
	"e335" [label="e"]
	"T1334" -> "e335"
	"E1336" [label="E1"]
	"Expression327" -> "E1336"
	"e337" [label="e"]
	"E1336" -> "e337"
	"]338" [label="]",style=filled,fillcolor=powderblue]
	"Base324" -> "]338"
	"F1339" [label="F1"]
	"F323" -> "F1339"
	"e340" [label="e"]
	"F1339" -> "e340"
	"T1341" [label="T1"]
	"T322" -> "T1341"
	"e342" [label="e"]
	"T1341" -> "e342"
	"E1343" [label="E1"]
	"Expression321" -> "E1343"
	"e344" [label="e"]
	"E1343" -> "e344"
	"Statements345" [label="Statements"]
	"Statements318" -> "Statements345"
	"Statement346" [label="Statement"]
	"Statements345" -> "Statement346"
	"print347" [label="print",style=filled,fillcolor=powderblue]
	"Statement346" -> "print347"
	"Expression348" [label="Expression"]
	"Statement346" -> "Expression348"
	"T349" [label="T"]
	"Expression348" -> "T349"
	"F350" [label="F"]
	"T349" -> "F350"
	"Base351" [label="Base"]
	"F350" -> "Base351"
	"m352" [label="m",style=filled,fillcolor=powderblue]
	"Base351" -> "m352"
	"[353" [label="[",style=filled,fillcolor=powderblue]
	"Base351" -> "[353"
	"Expression354" [label="Expression"]
	"Base351" -> "Expression354"
	"T355" [label="T"]
	"Expression354" -> "T355"
	"F356" [label="F"]
	"T355" -> "F356"
	"Base357" [label="Base"]
	"F356" -> "Base357"
	"num358" [label="num",style=filled,fillcolor=powderblue]
	"Base357" -> "num358"
	"F1359" [label="F1"]
	"F356" -> "F1359"
	"e360" [label="e"]
	"F1359" -> "e360"
	"T1361" [label="T1"]
	"T355" -> "T1361"
	"e362" [label="e"]
	"T1361" -> "e362"
	"E1363" [label="E1"]
	"Expression354" -> "E1363"
	"e364" [label="e"]
	"E1363" -> "e364"
	"]365" [label="]",style=filled,fillcolor=powderblue]
	"Base351" -> "]365"
	"F1366" [label="F1"]
	"F350" -> "F1366"
	"e367" [label="e"]
	"F1366" -> "e367"
	"T1368" [label="T1"]
	"T349" -> "T1368"
	"e369" [label="e"]
	"T1368" -> "e369"
	"E1370" [label="E1"]
	"Expression348" -> "E1370"
	"e371" [label="e"]
	"E1370" -> "e371"
	"Statements372" [label="Statements"]
	"Statements345" -> "Statements372"
	"Statement373" [label="Statement"]
	"Statements372" -> "Statement373"
	"print374" [label="print",style=filled,fillcolor=powderblue]
	"Statement373" -> "print374"
	"Expression375" [label="Expression"]
	"Statement373" -> "Expression375"
	"T376" [label="T"]
	"Expression375" -> "T376"
	"F377" [label="F"]
	"T376" -> "F377"
	"Base378" [label="Base"]
	"F377" -> "Base378"
	"m379" [label="m",style=filled,fillcolor=powderblue]
	"Base378" -> "m379"
	"[380" [label="[",style=filled,fillcolor=powderblue]
	"Base378" -> "[380"
	"Expression381" [label="Expression"]
	"Base378" -> "Expression381"
	"T382" [label="T"]
	"Expression381" -> "T382"
	"F383" [label="F"]
	"T382" -> "F383"
	"Base384" [label="Base"]
	"F383" -> "Base384"
	"num385" [label="num",style=filled,fillcolor=powderblue]
	"Base384" -> "num385"
	"F1386" [label="F1"]
	"F383" -> "F1386"
	"e387" [label="e"]
	"F1386" -> "e387"
	"T1388" [label="T1"]
	"T382" -> "T1388"
	"e389" [label="e"]
	"T1388" -> "e389"
	"E1390" [label="E1"]
	"Expression381" -> "E1390"
	"e391" [label="e"]
	"E1390" -> "e391"
	"]392" [label="]",style=filled,fillcolor=powderblue]
	"Base378" -> "]392"
	"F1393" [label="F1"]
	"F377" -> "F1393"
	"e394" [label="e"]
	"F1393" -> "e394"
	"T1395" [label="T1"]
	"T376" -> "T1395"
	"e396" [label="e"]
	"T1395" -> "e396"
	"E1397" [label="E1"]
	"Expression375" -> "E1397"
	"e398" [label="e"]
	"E1397" -> "e398"
	"Statements399" [label="Statements"]
	"Statements372" -> "Statements399"
	"e400" [label="e"]
	"Statements399" -> "e400"
};
