digraph G {
	"Start1" [label="Start"]
	"Start2" [label="Start"]
	"Start1" -> "Start2"
	"Assignment3" [label="Assignment"]
	"Start2" -> "Assignment3"
	"m4" [label="m",style=filled,fillcolor=powderblue]
	"Assignment3" -> "m4"
	"[5" [label="[",style=filled,fillcolor=powderblue]
	"Assignment3" -> "[5"
	"Expression6" [label="Expression"]
	"Assignment3" -> "Expression6"
	"Term_17" [label="Term_1"]
	"Expression6" -> "Term_17"
	"Pt8" [label="Pt"]
	"Term_17" -> "Pt8"
	"Factor9" [label="Factor"]
	"Pt8" -> "Factor9"
	"num10" [label="num",style=filled,fillcolor=powderblue]
	"Factor9" -> "num10"
	"Term_311" [label="Term_3"]
	"Pt8" -> "Term_311"
	"e12" [label="e"]
	"Term_311" -> "e12"
	"Term_213" [label="Term_2"]
	"Term_17" -> "Term_213"
	"e14" [label="e"]
	"Term_213" -> "e14"
	"Expression_115" [label="Expression_1"]
	"Expression6" -> "Expression_115"
	"]16" [label="]",style=filled,fillcolor=powderblue]
	"Assignment3" -> "]16"
	"=17" [label="=",style=filled,fillcolor=powderblue]
	"Assignment3" -> "=17"
	"Expression18" [label="Expression"]
	"Assignment3" -> "Expression18"
	"Term_119" [label="Term_1"]
	"Expression18" -> "Term_119"
	"Pt20" [label="Pt"]
	"Term_119" -> "Pt20"
	"Factor21" [label="Factor"]
	"Pt20" -> "Factor21"
	"num22" [label="num",style=filled,fillcolor=powderblue]
	"Factor21" -> "num22"
	"Term_323" [label="Term_3"]
	"Pt20" -> "Term_323"
	"e24" [label="e"]
	"Term_323" -> "e24"
	"Term_225" [label="Term_2"]
	"Term_119" -> "Term_225"
	"e26" [label="e"]
	"Term_225" -> "e26"
	"Expression_127" [label="Expression_1"]
	"Expression18" -> "Expression_127"
	"Start28" [label="Start"]
	"Start1" -> "Start28"
	"Start29" [label="Start"]
	"Start28" -> "Start29"
	"Assignment30" [label="Assignment"]
	"Start29" -> "Assignment30"
	"m31" [label="m",style=filled,fillcolor=powderblue]
	"Assignment30" -> "m31"
	"[32" [label="[",style=filled,fillcolor=powderblue]
	"Assignment30" -> "[32"
	"Expression33" [label="Expression"]
	"Assignment30" -> "Expression33"
	"Term_134" [label="Term_1"]
	"Expression33" -> "Term_134"
	"Pt35" [label="Pt"]
	"Term_134" -> "Pt35"
	"Factor36" [label="Factor"]
	"Pt35" -> "Factor36"
	"num37" [label="num",style=filled,fillcolor=powderblue]
	"Factor36" -> "num37"
	"Term_338" [label="Term_3"]
	"Pt35" -> "Term_338"
	"e39" [label="e"]
	"Term_338" -> "e39"
	"Term_240" [label="Term_2"]
	"Term_134" -> "Term_240"
	"e41" [label="e"]
	"Term_240" -> "e41"
	"Expression_142" [label="Expression_1"]
	"Expression33" -> "Expression_142"
	"]43" [label="]",style=filled,fillcolor=powderblue]
	"Assignment30" -> "]43"
	"=44" [label="=",style=filled,fillcolor=powderblue]
	"Assignment30" -> "=44"
	"Expression45" [label="Expression"]
	"Assignment30" -> "Expression45"
	"Term_146" [label="Term_1"]
	"Expression45" -> "Term_146"
	"Pt47" [label="Pt"]
	"Term_146" -> "Pt47"
	"Factor48" [label="Factor"]
	"Pt47" -> "Factor48"
	"num49" [label="num",style=filled,fillcolor=powderblue]
	"Factor48" -> "num49"
	"Term_350" [label="Term_3"]
	"Pt47" -> "Term_350"
	"e51" [label="e"]
	"Term_350" -> "e51"
	"Term_252" [label="Term_2"]
	"Term_146" -> "Term_252"
	"e53" [label="e"]
	"Term_252" -> "e53"
	"Expression_154" [label="Expression_1"]
	"Expression45" -> "Expression_154"
	"Start55" [label="Start"]
	"Start28" -> "Start55"
	"Start56" [label="Start"]
	"Start55" -> "Start56"
	"Assignment57" [label="Assignment"]
	"Start56" -> "Assignment57"
	"m58" [label="m",style=filled,fillcolor=powderblue]
	"Assignment57" -> "m58"
	"[59" [label="[",style=filled,fillcolor=powderblue]
	"Assignment57" -> "[59"
	"Expression60" [label="Expression"]
	"Assignment57" -> "Expression60"
	"Term_161" [label="Term_1"]
	"Expression60" -> "Term_161"
	"Pt62" [label="Pt"]
	"Term_161" -> "Pt62"
	"Factor63" [label="Factor"]
	"Pt62" -> "Factor63"
	"num64" [label="num",style=filled,fillcolor=powderblue]
	"Factor63" -> "num64"
	"Term_365" [label="Term_3"]
	"Pt62" -> "Term_365"
	"e66" [label="e"]
	"Term_365" -> "e66"
	"Term_267" [label="Term_2"]
	"Term_161" -> "Term_267"
	"e68" [label="e"]
	"Term_267" -> "e68"
	"Expression_169" [label="Expression_1"]
	"Expression60" -> "Expression_169"
	"]70" [label="]",style=filled,fillcolor=powderblue]
	"Assignment57" -> "]70"
	"=71" [label="=",style=filled,fillcolor=powderblue]
	"Assignment57" -> "=71"
	"Expression72" [label="Expression"]
	"Assignment57" -> "Expression72"
	"Term_173" [label="Term_1"]
	"Expression72" -> "Term_173"
	"Pt74" [label="Pt"]
	"Term_173" -> "Pt74"
	"Factor75" [label="Factor"]
	"Pt74" -> "Factor75"
	"num76" [label="num",style=filled,fillcolor=powderblue]
	"Factor75" -> "num76"
	"Term_377" [label="Term_3"]
	"Pt74" -> "Term_377"
	"e78" [label="e"]
	"Term_377" -> "e78"
	"Term_279" [label="Term_2"]
	"Term_173" -> "Term_279"
	"*80" [label="*",style=filled,fillcolor=powderblue]
	"Term_279" -> "*80"
	"Term_181" [label="Term_1"]
	"Term_279" -> "Term_181"
	"Pt82" [label="Pt"]
	"Term_181" -> "Pt82"
	"Factor83" [label="Factor"]
	"Pt82" -> "Factor83"
	"num84" [label="num",style=filled,fillcolor=powderblue]
	"Factor83" -> "num84"
	"Term_385" [label="Term_3"]
	"Pt82" -> "Term_385"
	"e86" [label="e"]
	"Term_385" -> "e86"
	"Term_287" [label="Term_2"]
	"Term_181" -> "Term_287"
	"e88" [label="e"]
	"Term_287" -> "e88"
	"Expression_189" [label="Expression_1"]
	"Expression72" -> "Expression_189"
	"Start90" [label="Start"]
	"Start55" -> "Start90"
	"Start91" [label="Start"]
	"Start90" -> "Start91"
	"Assignment92" [label="Assignment"]
	"Start91" -> "Assignment92"
	"m93" [label="m",style=filled,fillcolor=powderblue]
	"Assignment92" -> "m93"
	"[94" [label="[",style=filled,fillcolor=powderblue]
	"Assignment92" -> "[94"
	"Expression95" [label="Expression"]
	"Assignment92" -> "Expression95"
	"Term_196" [label="Term_1"]
	"Expression95" -> "Term_196"
	"Pt97" [label="Pt"]
	"Term_196" -> "Pt97"
	"Factor98" [label="Factor"]
	"Pt97" -> "Factor98"
	"num99" [label="num",style=filled,fillcolor=powderblue]
	"Factor98" -> "num99"
	"Term_3100" [label="Term_3"]
	"Pt97" -> "Term_3100"
	"e101" [label="e"]
	"Term_3100" -> "e101"
	"Term_2102" [label="Term_2"]
	"Term_196" -> "Term_2102"
	"e103" [label="e"]
	"Term_2102" -> "e103"
	"Expression_1104" [label="Expression_1"]
	"Expression95" -> "Expression_1104"
	"]105" [label="]",style=filled,fillcolor=powderblue]
	"Assignment92" -> "]105"
	"=106" [label="=",style=filled,fillcolor=powderblue]
	"Assignment92" -> "=106"
	"Expression107" [label="Expression"]
	"Assignment92" -> "Expression107"
	"Term_1108" [label="Term_1"]
	"Expression107" -> "Term_1108"
	"Pt109" [label="Pt"]
	"Term_1108" -> "Pt109"
	"Factor110" [label="Factor"]
	"Pt109" -> "Factor110"
	"num111" [label="num",style=filled,fillcolor=powderblue]
	"Factor110" -> "num111"
	"Term_3112" [label="Term_3"]
	"Pt109" -> "Term_3112"
	"e113" [label="e"]
	"Term_3112" -> "e113"
	"Term_2114" [label="Term_2"]
	"Term_1108" -> "Term_2114"
	"e115" [label="e"]
	"Term_2114" -> "e115"
	"Expression_1116" [label="Expression_1"]
	"Expression107" -> "Expression_1116"
	"+117" [label="+",style=filled,fillcolor=powderblue]
	"Expression_1116" -> "+117"
	"Expression118" [label="Expression"]
	"Expression_1116" -> "Expression118"
	"Term_1119" [label="Term_1"]
	"Expression118" -> "Term_1119"
	"Pt120" [label="Pt"]
	"Term_1119" -> "Pt120"
	"Factor121" [label="Factor"]
	"Pt120" -> "Factor121"
	"(122" [label="(",style=filled,fillcolor=powderblue]
	"Factor121" -> "(122"
	"Expression123" [label="Expression"]
	"Factor121" -> "Expression123"
	"Term_1124" [label="Term_1"]
	"Expression123" -> "Term_1124"
	"Pt125" [label="Pt"]
	"Term_1124" -> "Pt125"
	"Factor126" [label="Factor"]
	"Pt125" -> "Factor126"
	"num127" [label="num",style=filled,fillcolor=powderblue]
	"Factor126" -> "num127"
	"Term_3128" [label="Term_3"]
	"Pt125" -> "Term_3128"
	"e129" [label="e"]
	"Term_3128" -> "e129"
	"Term_2130" [label="Term_2"]
	"Term_1124" -> "Term_2130"
	"e131" [label="e"]
	"Term_2130" -> "e131"
	"Expression_1132" [label="Expression_1"]
	"Expression123" -> "Expression_1132"
	")133" [label=")",style=filled,fillcolor=powderblue]
	"Factor121" -> ")133"
	"Term_3134" [label="Term_3"]
	"Pt120" -> "Term_3134"
	"e135" [label="e"]
	"Term_3134" -> "e135"
	"Term_2136" [label="Term_2"]
	"Term_1119" -> "Term_2136"
	"e137" [label="e"]
	"Term_2136" -> "e137"
	"Expression_1138" [label="Expression_1"]
	"Expression118" -> "Expression_1138"
	"Start139" [label="Start"]
	"Start90" -> "Start139"
	"Start140" [label="Start"]
	"Start139" -> "Start140"
	"Assignment141" [label="Assignment"]
	"Start140" -> "Assignment141"
	"m142" [label="m",style=filled,fillcolor=powderblue]
	"Assignment141" -> "m142"
	"[143" [label="[",style=filled,fillcolor=powderblue]
	"Assignment141" -> "[143"
	"Expression144" [label="Expression"]
	"Assignment141" -> "Expression144"
	"Term_1145" [label="Term_1"]
	"Expression144" -> "Term_1145"
	"Pt146" [label="Pt"]
	"Term_1145" -> "Pt146"
	"Factor147" [label="Factor"]
	"Pt146" -> "Factor147"
	"num148" [label="num",style=filled,fillcolor=powderblue]
	"Factor147" -> "num148"
	"Term_3149" [label="Term_3"]
	"Pt146" -> "Term_3149"
	"e150" [label="e"]
	"Term_3149" -> "e150"
	"Term_2151" [label="Term_2"]
	"Term_1145" -> "Term_2151"
	"e152" [label="e"]
	"Term_2151" -> "e152"
	"Expression_1153" [label="Expression_1"]
	"Expression144" -> "Expression_1153"
	"]154" [label="]",style=filled,fillcolor=powderblue]
	"Assignment141" -> "]154"
	"=155" [label="=",style=filled,fillcolor=powderblue]
	"Assignment141" -> "=155"
	"Expression156" [label="Expression"]
	"Assignment141" -> "Expression156"
	"Term_1157" [label="Term_1"]
	"Expression156" -> "Term_1157"
	"Pt158" [label="Pt"]
	"Term_1157" -> "Pt158"
	"Factor159" [label="Factor"]
	"Pt158" -> "Factor159"
	"num160" [label="num",style=filled,fillcolor=powderblue]
	"Factor159" -> "num160"
	"Term_3161" [label="Term_3"]
	"Pt158" -> "Term_3161"
	"e162" [label="e"]
	"Term_3161" -> "e162"
	"Term_2163" [label="Term_2"]
	"Term_1157" -> "Term_2163"
	"e164" [label="e"]
	"Term_2163" -> "e164"
	"Expression_1165" [label="Expression_1"]
	"Expression156" -> "Expression_1165"
	"+166" [label="+",style=filled,fillcolor=powderblue]
	"Expression_1165" -> "+166"
	"Expression167" [label="Expression"]
	"Expression_1165" -> "Expression167"
	"Term_1168" [label="Term_1"]
	"Expression167" -> "Term_1168"
	"Pt169" [label="Pt"]
	"Term_1168" -> "Pt169"
	"Factor170" [label="Factor"]
	"Pt169" -> "Factor170"
	"(171" [label="(",style=filled,fillcolor=powderblue]
	"Factor170" -> "(171"
	"Expression172" [label="Expression"]
	"Factor170" -> "Expression172"
	"Term_1173" [label="Term_1"]
	"Expression172" -> "Term_1173"
	"Pt174" [label="Pt"]
	"Term_1173" -> "Pt174"
	"Factor175" [label="Factor"]
	"Pt174" -> "Factor175"
	"num176" [label="num",style=filled,fillcolor=powderblue]
	"Factor175" -> "num176"
	"Term_3177" [label="Term_3"]
	"Pt174" -> "Term_3177"
	"e178" [label="e"]
	"Term_3177" -> "e178"
	"Term_2179" [label="Term_2"]
	"Term_1173" -> "Term_2179"
	"e180" [label="e"]
	"Term_2179" -> "e180"
	"Expression_1181" [label="Expression_1"]
	"Expression172" -> "Expression_1181"
	"-182" [label="-",style=filled,fillcolor=powderblue]
	"Expression_1181" -> "-182"
	"Expression183" [label="Expression"]
	"Expression_1181" -> "Expression183"
	"Term_1184" [label="Term_1"]
	"Expression183" -> "Term_1184"
	"Pt185" [label="Pt"]
	"Term_1184" -> "Pt185"
	"Factor186" [label="Factor"]
	"Pt185" -> "Factor186"
	"num187" [label="num",style=filled,fillcolor=powderblue]
	"Factor186" -> "num187"
	"Term_3188" [label="Term_3"]
	"Pt185" -> "Term_3188"
	"e189" [label="e"]
	"Term_3188" -> "e189"
	"Term_2190" [label="Term_2"]
	"Term_1184" -> "Term_2190"
	"e191" [label="e"]
	"Term_2190" -> "e191"
	"Expression_1192" [label="Expression_1"]
	"Expression183" -> "Expression_1192"
	")193" [label=")",style=filled,fillcolor=powderblue]
	"Factor170" -> ")193"
	"Term_3194" [label="Term_3"]
	"Pt169" -> "Term_3194"
	"e195" [label="e"]
	"Term_3194" -> "e195"
	"Term_2196" [label="Term_2"]
	"Term_1168" -> "Term_2196"
	"e197" [label="e"]
	"Term_2196" -> "e197"
	"Expression_1198" [label="Expression_1"]
	"Expression167" -> "Expression_1198"
	"Start199" [label="Start"]
	"Start139" -> "Start199"
	"e200" [label="e"]
	"Start199" -> "e200"
};
