digraph G {
	"Start1" [label="Start"]
	"Start2" [label="Start"]
	"Start1" -> "Start2"
	"Assignment3" [label="Assignment"]
	"Start2" -> "Assignment3"
	"m4" [label="m",style=filled,fillcolor=powderblue]
	"Assignment3" -> "m4"
	"[5" [label="[",style=filled,fillcolor=powderblue]
	"Assignment3" -> "[5"
	"Expression6" [label="Expression"]
	"Assignment3" -> "Expression6"
	"Term_17" [label="Term_1"]
	"Expression6" -> "Term_17"
	"Pt8" [label="Pt"]
	"Term_17" -> "Pt8"
	"Factor9" [label="Factor"]
	"Pt8" -> "Factor9"
	"num10" [label="num",style=filled,fillcolor=powderblue]
	"Factor9" -> "num10"
	"Term_311" [label="Term_3"]
	"Pt8" -> "Term_311"
	"e12" [label="e"]
	"Term_311" -> "e12"
	"Term_213" [label="Term_2"]
	"Term_17" -> "Term_213"
	"e14" [label="e"]
	"Term_213" -> "e14"
	"Expression_115" [label="Expression_1"]
	"Expression6" -> "Expression_115"
	"]16" [label="]",style=filled,fillcolor=powderblue]
	"Assignment3" -> "]16"
	"=17" [label="=",style=filled,fillcolor=powderblue]
	"Assignment3" -> "=17"
	"Expression18" [label="Expression"]
	"Assignment3" -> "Expression18"
	"Term_119" [label="Term_1"]
	"Expression18" -> "Term_119"
	"Pt20" [label="Pt"]
	"Term_119" -> "Pt20"
	"Factor21" [label="Factor"]
	"Pt20" -> "Factor21"
	"num22" [label="num",style=filled,fillcolor=powderblue]
	"Factor21" -> "num22"
	"Term_323" [label="Term_3"]
	"Pt20" -> "Term_323"
	"e24" [label="e"]
	"Term_323" -> "e24"
	"Term_225" [label="Term_2"]
	"Term_119" -> "Term_225"
	"e26" [label="e"]
	"Term_225" -> "e26"
	"Expression_127" [label="Expression_1"]
	"Expression18" -> "Expression_127"
	"+28" [label="+",style=filled,fillcolor=powderblue]
	"Expression_127" -> "+28"
	"Expression29" [label="Expression"]
	"Expression_127" -> "Expression29"
	"Term_130" [label="Term_1"]
	"Expression29" -> "Term_130"
	"Pt31" [label="Pt"]
	"Term_130" -> "Pt31"
	"Factor32" [label="Factor"]
	"Pt31" -> "Factor32"
	"num33" [label="num",style=filled,fillcolor=powderblue]
	"Factor32" -> "num33"
	"Term_334" [label="Term_3"]
	"Pt31" -> "Term_334"
	"e35" [label="e"]
	"Term_334" -> "e35"
	"Term_236" [label="Term_2"]
	"Term_130" -> "Term_236"
	"e37" [label="e"]
	"Term_236" -> "e37"
	"Expression_138" [label="Expression_1"]
	"Expression29" -> "Expression_138"
	"Start39" [label="Start"]
	"Start1" -> "Start39"
	"Start40" [label="Start"]
	"Start39" -> "Start40"
	"Assignment41" [label="Assignment"]
	"Start40" -> "Assignment41"
	"m42" [label="m",style=filled,fillcolor=powderblue]
	"Assignment41" -> "m42"
	"[43" [label="[",style=filled,fillcolor=powderblue]
	"Assignment41" -> "[43"
	"Expression44" [label="Expression"]
	"Assignment41" -> "Expression44"
	"Term_145" [label="Term_1"]
	"Expression44" -> "Term_145"
	"Pt46" [label="Pt"]
	"Term_145" -> "Pt46"
	"Factor47" [label="Factor"]
	"Pt46" -> "Factor47"
	"num48" [label="num",style=filled,fillcolor=powderblue]
	"Factor47" -> "num48"
	"Term_349" [label="Term_3"]
	"Pt46" -> "Term_349"
	"e50" [label="e"]
	"Term_349" -> "e50"
	"Term_251" [label="Term_2"]
	"Term_145" -> "Term_251"
	"e52" [label="e"]
	"Term_251" -> "e52"
	"Expression_153" [label="Expression_1"]
	"Expression44" -> "Expression_153"
	"]54" [label="]",style=filled,fillcolor=powderblue]
	"Assignment41" -> "]54"
	"=55" [label="=",style=filled,fillcolor=powderblue]
	"Assignment41" -> "=55"
	"Expression56" [label="Expression"]
	"Assignment41" -> "Expression56"
	"Term_157" [label="Term_1"]
	"Expression56" -> "Term_157"
	"Pt58" [label="Pt"]
	"Term_157" -> "Pt58"
	"Factor59" [label="Factor"]
	"Pt58" -> "Factor59"
	"num60" [label="num",style=filled,fillcolor=powderblue]
	"Factor59" -> "num60"
	"Term_361" [label="Term_3"]
	"Pt58" -> "Term_361"
	"e62" [label="e"]
	"Term_361" -> "e62"
	"Term_263" [label="Term_2"]
	"Term_157" -> "Term_263"
	"e64" [label="e"]
	"Term_263" -> "e64"
	"Expression_165" [label="Expression_1"]
	"Expression56" -> "Expression_165"
	"-66" [label="-",style=filled,fillcolor=powderblue]
	"Expression_165" -> "-66"
	"Expression67" [label="Expression"]
	"Expression_165" -> "Expression67"
	"Term_168" [label="Term_1"]
	"Expression67" -> "Term_168"
	"Pt69" [label="Pt"]
	"Term_168" -> "Pt69"
	"Factor70" [label="Factor"]
	"Pt69" -> "Factor70"
	"(71" [label="(",style=filled,fillcolor=powderblue]
	"Factor70" -> "(71"
	"Expression72" [label="Expression"]
	"Factor70" -> "Expression72"
	"Term_173" [label="Term_1"]
	"Expression72" -> "Term_173"
	"Pt74" [label="Pt"]
	"Term_173" -> "Pt74"
	"Factor75" [label="Factor"]
	"Pt74" -> "Factor75"
	"m76" [label="m",style=filled,fillcolor=powderblue]
	"Factor75" -> "m76"
	"[77" [label="[",style=filled,fillcolor=powderblue]
	"Factor75" -> "[77"
	"Expression78" [label="Expression"]
	"Factor75" -> "Expression78"
	"Term_179" [label="Term_1"]
	"Expression78" -> "Term_179"
	"Pt80" [label="Pt"]
	"Term_179" -> "Pt80"
	"Factor81" [label="Factor"]
	"Pt80" -> "Factor81"
	"num82" [label="num",style=filled,fillcolor=powderblue]
	"Factor81" -> "num82"
	"Term_383" [label="Term_3"]
	"Pt80" -> "Term_383"
	"e84" [label="e"]
	"Term_383" -> "e84"
	"Term_285" [label="Term_2"]
	"Term_179" -> "Term_285"
	"e86" [label="e"]
	"Term_285" -> "e86"
	"Expression_187" [label="Expression_1"]
	"Expression78" -> "Expression_187"
	"]88" [label="]",style=filled,fillcolor=powderblue]
	"Factor75" -> "]88"
	"Term_389" [label="Term_3"]
	"Pt74" -> "Term_389"
	"e90" [label="e"]
	"Term_389" -> "e90"
	"Term_291" [label="Term_2"]
	"Term_173" -> "Term_291"
	"e92" [label="e"]
	"Term_291" -> "e92"
	"Expression_193" [label="Expression_1"]
	"Expression72" -> "Expression_193"
	"-94" [label="-",style=filled,fillcolor=powderblue]
	"Expression_193" -> "-94"
	"Expression95" [label="Expression"]
	"Expression_193" -> "Expression95"
	"Term_196" [label="Term_1"]
	"Expression95" -> "Term_196"
	"Pt97" [label="Pt"]
	"Term_196" -> "Pt97"
	"Factor98" [label="Factor"]
	"Pt97" -> "Factor98"
	"num99" [label="num",style=filled,fillcolor=powderblue]
	"Factor98" -> "num99"
	"Term_3100" [label="Term_3"]
	"Pt97" -> "Term_3100"
	"e101" [label="e"]
	"Term_3100" -> "e101"
	"Term_2102" [label="Term_2"]
	"Term_196" -> "Term_2102"
	"e103" [label="e"]
	"Term_2102" -> "e103"
	"Expression_1104" [label="Expression_1"]
	"Expression95" -> "Expression_1104"
	")105" [label=")",style=filled,fillcolor=powderblue]
	"Factor70" -> ")105"
	"Term_3106" [label="Term_3"]
	"Pt69" -> "Term_3106"
	"e107" [label="e"]
	"Term_3106" -> "e107"
	"Term_2108" [label="Term_2"]
	"Term_168" -> "Term_2108"
	"e109" [label="e"]
	"Term_2108" -> "e109"
	"Expression_1110" [label="Expression_1"]
	"Expression67" -> "Expression_1110"
	"Start111" [label="Start"]
	"Start39" -> "Start111"
	"Start112" [label="Start"]
	"Start111" -> "Start112"
	"Assignment113" [label="Assignment"]
	"Start112" -> "Assignment113"
	"m114" [label="m",style=filled,fillcolor=powderblue]
	"Assignment113" -> "m114"
	"[115" [label="[",style=filled,fillcolor=powderblue]
	"Assignment113" -> "[115"
	"Expression116" [label="Expression"]
	"Assignment113" -> "Expression116"
	"Term_1117" [label="Term_1"]
	"Expression116" -> "Term_1117"
	"Pt118" [label="Pt"]
	"Term_1117" -> "Pt118"
	"Factor119" [label="Factor"]
	"Pt118" -> "Factor119"
	"num120" [label="num",style=filled,fillcolor=powderblue]
	"Factor119" -> "num120"
	"Term_3121" [label="Term_3"]
	"Pt118" -> "Term_3121"
	"e122" [label="e"]
	"Term_3121" -> "e122"
	"Term_2123" [label="Term_2"]
	"Term_1117" -> "Term_2123"
	"e124" [label="e"]
	"Term_2123" -> "e124"
	"Expression_1125" [label="Expression_1"]
	"Expression116" -> "Expression_1125"
	"]126" [label="]",style=filled,fillcolor=powderblue]
	"Assignment113" -> "]126"
	"=127" [label="=",style=filled,fillcolor=powderblue]
	"Assignment113" -> "=127"
	"Expression128" [label="Expression"]
	"Assignment113" -> "Expression128"
	"Term_1129" [label="Term_1"]
	"Expression128" -> "Term_1129"
	"Pt130" [label="Pt"]
	"Term_1129" -> "Pt130"
	"Factor131" [label="Factor"]
	"Pt130" -> "Factor131"
	"num132" [label="num",style=filled,fillcolor=powderblue]
	"Factor131" -> "num132"
	"Term_3133" [label="Term_3"]
	"Pt130" -> "Term_3133"
	"e134" [label="e"]
	"Term_3133" -> "e134"
	"Term_2135" [label="Term_2"]
	"Term_1129" -> "Term_2135"
	"/136" [label="/",style=filled,fillcolor=powderblue]
	"Term_2135" -> "/136"
	"Term_1137" [label="Term_1"]
	"Term_2135" -> "Term_1137"
	"Pt138" [label="Pt"]
	"Term_1137" -> "Pt138"
	"Factor139" [label="Factor"]
	"Pt138" -> "Factor139"
	"num140" [label="num",style=filled,fillcolor=powderblue]
	"Factor139" -> "num140"
	"Term_3141" [label="Term_3"]
	"Pt138" -> "Term_3141"
	"e142" [label="e"]
	"Term_3141" -> "e142"
	"Term_2143" [label="Term_2"]
	"Term_1137" -> "Term_2143"
	"*144" [label="*",style=filled,fillcolor=powderblue]
	"Term_2143" -> "*144"
	"Term_1145" [label="Term_1"]
	"Term_2143" -> "Term_1145"
	"Pt146" [label="Pt"]
	"Term_1145" -> "Pt146"
	"Factor147" [label="Factor"]
	"Pt146" -> "Factor147"
	"num148" [label="num",style=filled,fillcolor=powderblue]
	"Factor147" -> "num148"
	"Term_3149" [label="Term_3"]
	"Pt146" -> "Term_3149"
	"e150" [label="e"]
	"Term_3149" -> "e150"
	"Term_2151" [label="Term_2"]
	"Term_1145" -> "Term_2151"
	"e152" [label="e"]
	"Term_2151" -> "e152"
	"Expression_1153" [label="Expression_1"]
	"Expression128" -> "Expression_1153"
	"Start154" [label="Start"]
	"Start111" -> "Start154"
	"Start155" [label="Start"]
	"Start154" -> "Start155"
	"Assignment156" [label="Assignment"]
	"Start155" -> "Assignment156"
	"m157" [label="m",style=filled,fillcolor=powderblue]
	"Assignment156" -> "m157"
	"[158" [label="[",style=filled,fillcolor=powderblue]
	"Assignment156" -> "[158"
	"Expression159" [label="Expression"]
	"Assignment156" -> "Expression159"
	"Term_1160" [label="Term_1"]
	"Expression159" -> "Term_1160"
	"Pt161" [label="Pt"]
	"Term_1160" -> "Pt161"
	"Factor162" [label="Factor"]
	"Pt161" -> "Factor162"
	"num163" [label="num",style=filled,fillcolor=powderblue]
	"Factor162" -> "num163"
	"Term_3164" [label="Term_3"]
	"Pt161" -> "Term_3164"
	"e165" [label="e"]
	"Term_3164" -> "e165"
	"Term_2166" [label="Term_2"]
	"Term_1160" -> "Term_2166"
	"e167" [label="e"]
	"Term_2166" -> "e167"
	"Expression_1168" [label="Expression_1"]
	"Expression159" -> "Expression_1168"
	"]169" [label="]",style=filled,fillcolor=powderblue]
	"Assignment156" -> "]169"
	"=170" [label="=",style=filled,fillcolor=powderblue]
	"Assignment156" -> "=170"
	"Expression171" [label="Expression"]
	"Assignment156" -> "Expression171"
	"Term_1172" [label="Term_1"]
	"Expression171" -> "Term_1172"
	"Pt173" [label="Pt"]
	"Term_1172" -> "Pt173"
	"Factor174" [label="Factor"]
	"Pt173" -> "Factor174"
	"num175" [label="num",style=filled,fillcolor=powderblue]
	"Factor174" -> "num175"
	"Term_3176" [label="Term_3"]
	"Pt173" -> "Term_3176"
	"e177" [label="e"]
	"Term_3176" -> "e177"
	"Term_2178" [label="Term_2"]
	"Term_1172" -> "Term_2178"
	"e179" [label="e"]
	"Term_2178" -> "e179"
	"Expression_1180" [label="Expression_1"]
	"Expression171" -> "Expression_1180"
	"+181" [label="+",style=filled,fillcolor=powderblue]
	"Expression_1180" -> "+181"
	"Expression182" [label="Expression"]
	"Expression_1180" -> "Expression182"
	"Term_1183" [label="Term_1"]
	"Expression182" -> "Term_1183"
	"Pt184" [label="Pt"]
	"Term_1183" -> "Pt184"
	"Factor185" [label="Factor"]
	"Pt184" -> "Factor185"
	"m186" [label="m",style=filled,fillcolor=powderblue]
	"Factor185" -> "m186"
	"[187" [label="[",style=filled,fillcolor=powderblue]
	"Factor185" -> "[187"
	"Expression188" [label="Expression"]
	"Factor185" -> "Expression188"
	"Term_1189" [label="Term_1"]
	"Expression188" -> "Term_1189"
	"Pt190" [label="Pt"]
	"Term_1189" -> "Pt190"
	"Factor191" [label="Factor"]
	"Pt190" -> "Factor191"
	"num192" [label="num",style=filled,fillcolor=powderblue]
	"Factor191" -> "num192"
	"Term_3193" [label="Term_3"]
	"Pt190" -> "Term_3193"
	"e194" [label="e"]
	"Term_3193" -> "e194"
	"Term_2195" [label="Term_2"]
	"Term_1189" -> "Term_2195"
	"e196" [label="e"]
	"Term_2195" -> "e196"
	"Expression_1197" [label="Expression_1"]
	"Expression188" -> "Expression_1197"
	"]198" [label="]",style=filled,fillcolor=powderblue]
	"Factor185" -> "]198"
	"Term_3199" [label="Term_3"]
	"Pt184" -> "Term_3199"
	"e200" [label="e"]
	"Term_3199" -> "e200"
	"Term_2201" [label="Term_2"]
	"Term_1183" -> "Term_2201"
	"e202" [label="e"]
	"Term_2201" -> "e202"
	"Expression_1203" [label="Expression_1"]
	"Expression182" -> "Expression_1203"
	"Start204" [label="Start"]
	"Start154" -> "Start204"
	"Start205" [label="Start"]
	"Start204" -> "Start205"
	"Assignment206" [label="Assignment"]
	"Start205" -> "Assignment206"
	"m207" [label="m",style=filled,fillcolor=powderblue]
	"Assignment206" -> "m207"
	"[208" [label="[",style=filled,fillcolor=powderblue]
	"Assignment206" -> "[208"
	"Expression209" [label="Expression"]
	"Assignment206" -> "Expression209"
	"Term_1210" [label="Term_1"]
	"Expression209" -> "Term_1210"
	"Pt211" [label="Pt"]
	"Term_1210" -> "Pt211"
	"Factor212" [label="Factor"]
	"Pt211" -> "Factor212"
	"num213" [label="num",style=filled,fillcolor=powderblue]
	"Factor212" -> "num213"
	"Term_3214" [label="Term_3"]
	"Pt211" -> "Term_3214"
	"e215" [label="e"]
	"Term_3214" -> "e215"
	"Term_2216" [label="Term_2"]
	"Term_1210" -> "Term_2216"
	"e217" [label="e"]
	"Term_2216" -> "e217"
	"Expression_1218" [label="Expression_1"]
	"Expression209" -> "Expression_1218"
	"]219" [label="]",style=filled,fillcolor=powderblue]
	"Assignment206" -> "]219"
	"=220" [label="=",style=filled,fillcolor=powderblue]
	"Assignment206" -> "=220"
	"Expression221" [label="Expression"]
	"Assignment206" -> "Expression221"
	"Term_1222" [label="Term_1"]
	"Expression221" -> "Term_1222"
	"Pt223" [label="Pt"]
	"Term_1222" -> "Pt223"
	"Factor224" [label="Factor"]
	"Pt223" -> "Factor224"
	"num225" [label="num",style=filled,fillcolor=powderblue]
	"Factor224" -> "num225"
	"Term_3226" [label="Term_3"]
	"Pt223" -> "Term_3226"
	"e227" [label="e"]
	"Term_3226" -> "e227"
	"Term_2228" [label="Term_2"]
	"Term_1222" -> "Term_2228"
	"e229" [label="e"]
	"Term_2228" -> "e229"
	"Expression_1230" [label="Expression_1"]
	"Expression221" -> "Expression_1230"
	"-231" [label="-",style=filled,fillcolor=powderblue]
	"Expression_1230" -> "-231"
	"Expression232" [label="Expression"]
	"Expression_1230" -> "Expression232"
	"Term_1233" [label="Term_1"]
	"Expression232" -> "Term_1233"
	"Pt234" [label="Pt"]
	"Term_1233" -> "Pt234"
	"Factor235" [label="Factor"]
	"Pt234" -> "Factor235"
	"m236" [label="m",style=filled,fillcolor=powderblue]
	"Factor235" -> "m236"
	"[237" [label="[",style=filled,fillcolor=powderblue]
	"Factor235" -> "[237"
	"Expression238" [label="Expression"]
	"Factor235" -> "Expression238"
	"Term_1239" [label="Term_1"]
	"Expression238" -> "Term_1239"
	"Pt240" [label="Pt"]
	"Term_1239" -> "Pt240"
	"Factor241" [label="Factor"]
	"Pt240" -> "Factor241"
	"num242" [label="num",style=filled,fillcolor=powderblue]
	"Factor241" -> "num242"
	"Term_3243" [label="Term_3"]
	"Pt240" -> "Term_3243"
	"**244" [label="**",style=filled,fillcolor=powderblue]
	"Term_3243" -> "**244"
	"Term_1245" [label="Term_1"]
	"Term_3243" -> "Term_1245"
	"Pt246" [label="Pt"]
	"Term_1245" -> "Pt246"
	"Factor247" [label="Factor"]
	"Pt246" -> "Factor247"
	"num248" [label="num",style=filled,fillcolor=powderblue]
	"Factor247" -> "num248"
	"Term_3249" [label="Term_3"]
	"Pt246" -> "Term_3249"
	"e250" [label="e"]
	"Term_3249" -> "e250"
	"Term_2251" [label="Term_2"]
	"Term_1245" -> "Term_2251"
	"*252" [label="*",style=filled,fillcolor=powderblue]
	"Term_2251" -> "*252"
	"Term_1253" [label="Term_1"]
	"Term_2251" -> "Term_1253"
	"Pt254" [label="Pt"]
	"Term_1253" -> "Pt254"
	"Factor255" [label="Factor"]
	"Pt254" -> "Factor255"
	"num256" [label="num",style=filled,fillcolor=powderblue]
	"Factor255" -> "num256"
	"Term_3257" [label="Term_3"]
	"Pt254" -> "Term_3257"
	"e258" [label="e"]
	"Term_3257" -> "e258"
	"Term_2259" [label="Term_2"]
	"Term_1253" -> "Term_2259"
	"e260" [label="e"]
	"Term_2259" -> "e260"
	"Term_2261" [label="Term_2"]
	"Term_1239" -> "Term_2261"
	"e262" [label="e"]
	"Term_2261" -> "e262"
	"Expression_1263" [label="Expression_1"]
	"Expression238" -> "Expression_1263"
	"-264" [label="-",style=filled,fillcolor=powderblue]
	"Expression_1263" -> "-264"
	"Expression265" [label="Expression"]
	"Expression_1263" -> "Expression265"
	"Term_1266" [label="Term_1"]
	"Expression265" -> "Term_1266"
	"Pt267" [label="Pt"]
	"Term_1266" -> "Pt267"
	"Factor268" [label="Factor"]
	"Pt267" -> "Factor268"
	"num269" [label="num",style=filled,fillcolor=powderblue]
	"Factor268" -> "num269"
	"Term_3270" [label="Term_3"]
	"Pt267" -> "Term_3270"
	"e271" [label="e"]
	"Term_3270" -> "e271"
	"Term_2272" [label="Term_2"]
	"Term_1266" -> "Term_2272"
	"e273" [label="e"]
	"Term_2272" -> "e273"
	"Expression_1274" [label="Expression_1"]
	"Expression265" -> "Expression_1274"
	"]275" [label="]",style=filled,fillcolor=powderblue]
	"Factor235" -> "]275"
	"Term_3276" [label="Term_3"]
	"Pt234" -> "Term_3276"
	"e277" [label="e"]
	"Term_3276" -> "e277"
	"Term_2278" [label="Term_2"]
	"Term_1233" -> "Term_2278"
	"e279" [label="e"]
	"Term_2278" -> "e279"
	"Expression_1280" [label="Expression_1"]
	"Expression232" -> "Expression_1280"
	"-281" [label="-",style=filled,fillcolor=powderblue]
	"Expression_1280" -> "-281"
	"Expression282" [label="Expression"]
	"Expression_1280" -> "Expression282"
	"Term_1283" [label="Term_1"]
	"Expression282" -> "Term_1283"
	"Pt284" [label="Pt"]
	"Term_1283" -> "Pt284"
	"Factor285" [label="Factor"]
	"Pt284" -> "Factor285"
	"num286" [label="num",style=filled,fillcolor=powderblue]
	"Factor285" -> "num286"
	"Term_3287" [label="Term_3"]
	"Pt284" -> "Term_3287"
	"e288" [label="e"]
	"Term_3287" -> "e288"
	"Term_2289" [label="Term_2"]
	"Term_1283" -> "Term_2289"
	"e290" [label="e"]
	"Term_2289" -> "e290"
	"Expression_1291" [label="Expression_1"]
	"Expression282" -> "Expression_1291"
	"Start292" [label="Start"]
	"Start204" -> "Start292"
	"Start293" [label="Start"]
	"Start292" -> "Start293"
	"Label294" [label="Label"]
	"Start293" -> "Label294"
	"L295" [label="L",style=filled,fillcolor=powderblue]
	"Label294" -> "L295"
	"num296" [label="num",style=filled,fillcolor=powderblue]
	"Label294" -> "num296"
	":297" [label=":",style=filled,fillcolor=powderblue]
	"Label294" -> ":297"
	"Start298" [label="Start"]
	"Start292" -> "Start298"
	"Start299" [label="Start"]
	"Start298" -> "Start299"
	"Assignment300" [label="Assignment"]
	"Start299" -> "Assignment300"
	"m301" [label="m",style=filled,fillcolor=powderblue]
	"Assignment300" -> "m301"
	"[302" [label="[",style=filled,fillcolor=powderblue]
	"Assignment300" -> "[302"
	"Expression303" [label="Expression"]
	"Assignment300" -> "Expression303"
	"Term_1304" [label="Term_1"]
	"Expression303" -> "Term_1304"
	"Pt305" [label="Pt"]
	"Term_1304" -> "Pt305"
	"Factor306" [label="Factor"]
	"Pt305" -> "Factor306"
	"num307" [label="num",style=filled,fillcolor=powderblue]
	"Factor306" -> "num307"
	"Term_3308" [label="Term_3"]
	"Pt305" -> "Term_3308"
	"e309" [label="e"]
	"Term_3308" -> "e309"
	"Term_2310" [label="Term_2"]
	"Term_1304" -> "Term_2310"
	"e311" [label="e"]
	"Term_2310" -> "e311"
	"Expression_1312" [label="Expression_1"]
	"Expression303" -> "Expression_1312"
	"]313" [label="]",style=filled,fillcolor=powderblue]
	"Assignment300" -> "]313"
	"=314" [label="=",style=filled,fillcolor=powderblue]
	"Assignment300" -> "=314"
	"Expression315" [label="Expression"]
	"Assignment300" -> "Expression315"
	"Term_1316" [label="Term_1"]
	"Expression315" -> "Term_1316"
	"Pt317" [label="Pt"]
	"Term_1316" -> "Pt317"
	"Factor318" [label="Factor"]
	"Pt317" -> "Factor318"
	"num319" [label="num",style=filled,fillcolor=powderblue]
	"Factor318" -> "num319"
	"Term_3320" [label="Term_3"]
	"Pt317" -> "Term_3320"
	"e321" [label="e"]
	"Term_3320" -> "e321"
	"Term_2322" [label="Term_2"]
	"Term_1316" -> "Term_2322"
	"e323" [label="e"]
	"Term_2322" -> "e323"
	"Expression_1324" [label="Expression_1"]
	"Expression315" -> "Expression_1324"
	"-325" [label="-",style=filled,fillcolor=powderblue]
	"Expression_1324" -> "-325"
	"Expression326" [label="Expression"]
	"Expression_1324" -> "Expression326"
	"Term_1327" [label="Term_1"]
	"Expression326" -> "Term_1327"
	"Pt328" [label="Pt"]
	"Term_1327" -> "Pt328"
	"Factor329" [label="Factor"]
	"Pt328" -> "Factor329"
	"(330" [label="(",style=filled,fillcolor=powderblue]
	"Factor329" -> "(330"
	"Expression331" [label="Expression"]
	"Factor329" -> "Expression331"
	"Term_1332" [label="Term_1"]
	"Expression331" -> "Term_1332"
	"Pt333" [label="Pt"]
	"Term_1332" -> "Pt333"
	"Factor334" [label="Factor"]
	"Pt333" -> "Factor334"
	"m335" [label="m",style=filled,fillcolor=powderblue]
	"Factor334" -> "m335"
	"[336" [label="[",style=filled,fillcolor=powderblue]
	"Factor334" -> "[336"
	"Expression337" [label="Expression"]
	"Factor334" -> "Expression337"
	"Term_1338" [label="Term_1"]
	"Expression337" -> "Term_1338"
	"Pt339" [label="Pt"]
	"Term_1338" -> "Pt339"
	"Factor340" [label="Factor"]
	"Pt339" -> "Factor340"
	"num341" [label="num",style=filled,fillcolor=powderblue]
	"Factor340" -> "num341"
	"Term_3342" [label="Term_3"]
	"Pt339" -> "Term_3342"
	"e343" [label="e"]
	"Term_3342" -> "e343"
	"Term_2344" [label="Term_2"]
	"Term_1338" -> "Term_2344"
	"e345" [label="e"]
	"Term_2344" -> "e345"
	"Expression_1346" [label="Expression_1"]
	"Expression337" -> "Expression_1346"
	"]347" [label="]",style=filled,fillcolor=powderblue]
	"Factor334" -> "]347"
	"Term_3348" [label="Term_3"]
	"Pt333" -> "Term_3348"
	"e349" [label="e"]
	"Term_3348" -> "e349"
	"Term_2350" [label="Term_2"]
	"Term_1332" -> "Term_2350"
	"e351" [label="e"]
	"Term_2350" -> "e351"
	"Expression_1352" [label="Expression_1"]
	"Expression331" -> "Expression_1352"
	"-353" [label="-",style=filled,fillcolor=powderblue]
	"Expression_1352" -> "-353"
	"Expression354" [label="Expression"]
	"Expression_1352" -> "Expression354"
	"Term_1355" [label="Term_1"]
	"Expression354" -> "Term_1355"
	"Pt356" [label="Pt"]
	"Term_1355" -> "Pt356"
	"Factor357" [label="Factor"]
	"Pt356" -> "Factor357"
	"num358" [label="num",style=filled,fillcolor=powderblue]
	"Factor357" -> "num358"
	"Term_3359" [label="Term_3"]
	"Pt356" -> "Term_3359"
	"e360" [label="e"]
	"Term_3359" -> "e360"
	"Term_2361" [label="Term_2"]
	"Term_1355" -> "Term_2361"
	"e362" [label="e"]
	"Term_2361" -> "e362"
	"Expression_1363" [label="Expression_1"]
	"Expression354" -> "Expression_1363"
	")364" [label=")",style=filled,fillcolor=powderblue]
	"Factor329" -> ")364"
	"Term_3365" [label="Term_3"]
	"Pt328" -> "Term_3365"
	"e366" [label="e"]
	"Term_3365" -> "e366"
	"Term_2367" [label="Term_2"]
	"Term_1327" -> "Term_2367"
	"e368" [label="e"]
	"Term_2367" -> "e368"
	"Expression_1369" [label="Expression_1"]
	"Expression326" -> "Expression_1369"
	"Start370" [label="Start"]
	"Start298" -> "Start370"
	"Start371" [label="Start"]
	"Start370" -> "Start371"
	"Assignment372" [label="Assignment"]
	"Start371" -> "Assignment372"
	"m373" [label="m",style=filled,fillcolor=powderblue]
	"Assignment372" -> "m373"
	"[374" [label="[",style=filled,fillcolor=powderblue]
	"Assignment372" -> "[374"
	"Expression375" [label="Expression"]
	"Assignment372" -> "Expression375"
	"Term_1376" [label="Term_1"]
	"Expression375" -> "Term_1376"
	"Pt377" [label="Pt"]
	"Term_1376" -> "Pt377"
	"Factor378" [label="Factor"]
	"Pt377" -> "Factor378"
	"num379" [label="num",style=filled,fillcolor=powderblue]
	"Factor378" -> "num379"
	"Term_3380" [label="Term_3"]
	"Pt377" -> "Term_3380"
	"e381" [label="e"]
	"Term_3380" -> "e381"
	"Term_2382" [label="Term_2"]
	"Term_1376" -> "Term_2382"
	"e383" [label="e"]
	"Term_2382" -> "e383"
	"Expression_1384" [label="Expression_1"]
	"Expression375" -> "Expression_1384"
	"]385" [label="]",style=filled,fillcolor=powderblue]
	"Assignment372" -> "]385"
	"=386" [label="=",style=filled,fillcolor=powderblue]
	"Assignment372" -> "=386"
	"Expression387" [label="Expression"]
	"Assignment372" -> "Expression387"
	"Term_1388" [label="Term_1"]
	"Expression387" -> "Term_1388"
	"Pt389" [label="Pt"]
	"Term_1388" -> "Pt389"
	"Factor390" [label="Factor"]
	"Pt389" -> "Factor390"
	"num391" [label="num",style=filled,fillcolor=powderblue]
	"Factor390" -> "num391"
	"Term_3392" [label="Term_3"]
	"Pt389" -> "Term_3392"
	"e393" [label="e"]
	"Term_3392" -> "e393"
	"Term_2394" [label="Term_2"]
	"Term_1388" -> "Term_2394"
	"/395" [label="/",style=filled,fillcolor=powderblue]
	"Term_2394" -> "/395"
	"Term_1396" [label="Term_1"]
	"Term_2394" -> "Term_1396"
	"Pt397" [label="Pt"]
	"Term_1396" -> "Pt397"
	"Factor398" [label="Factor"]
	"Pt397" -> "Factor398"
	"num399" [label="num",style=filled,fillcolor=powderblue]
	"Factor398" -> "num399"
	"Term_3400" [label="Term_3"]
	"Pt397" -> "Term_3400"
	"e401" [label="e"]
	"Term_3400" -> "e401"
	"Term_2402" [label="Term_2"]
	"Term_1396" -> "Term_2402"
	"*403" [label="*",style=filled,fillcolor=powderblue]
	"Term_2402" -> "*403"
	"Term_1404" [label="Term_1"]
	"Term_2402" -> "Term_1404"
	"Pt405" [label="Pt"]
	"Term_1404" -> "Pt405"
	"Factor406" [label="Factor"]
	"Pt405" -> "Factor406"
	"num407" [label="num",style=filled,fillcolor=powderblue]
	"Factor406" -> "num407"
	"Term_3408" [label="Term_3"]
	"Pt405" -> "Term_3408"
	"e409" [label="e"]
	"Term_3408" -> "e409"
	"Term_2410" [label="Term_2"]
	"Term_1404" -> "Term_2410"
	"e411" [label="e"]
	"Term_2410" -> "e411"
	"Expression_1412" [label="Expression_1"]
	"Expression387" -> "Expression_1412"
	"Start413" [label="Start"]
	"Start370" -> "Start413"
	"Start414" [label="Start"]
	"Start413" -> "Start414"
	"Assignment415" [label="Assignment"]
	"Start414" -> "Assignment415"
	"m416" [label="m",style=filled,fillcolor=powderblue]
	"Assignment415" -> "m416"
	"[417" [label="[",style=filled,fillcolor=powderblue]
	"Assignment415" -> "[417"
	"Expression418" [label="Expression"]
	"Assignment415" -> "Expression418"
	"Term_1419" [label="Term_1"]
	"Expression418" -> "Term_1419"
	"Pt420" [label="Pt"]
	"Term_1419" -> "Pt420"
	"Factor421" [label="Factor"]
	"Pt420" -> "Factor421"
	"num422" [label="num",style=filled,fillcolor=powderblue]
	"Factor421" -> "num422"
	"Term_3423" [label="Term_3"]
	"Pt420" -> "Term_3423"
	"e424" [label="e"]
	"Term_3423" -> "e424"
	"Term_2425" [label="Term_2"]
	"Term_1419" -> "Term_2425"
	"e426" [label="e"]
	"Term_2425" -> "e426"
	"Expression_1427" [label="Expression_1"]
	"Expression418" -> "Expression_1427"
	"]428" [label="]",style=filled,fillcolor=powderblue]
	"Assignment415" -> "]428"
	"=429" [label="=",style=filled,fillcolor=powderblue]
	"Assignment415" -> "=429"
	"Expression430" [label="Expression"]
	"Assignment415" -> "Expression430"
	"Term_1431" [label="Term_1"]
	"Expression430" -> "Term_1431"
	"Pt432" [label="Pt"]
	"Term_1431" -> "Pt432"
	"Factor433" [label="Factor"]
	"Pt432" -> "Factor433"
	"num434" [label="num",style=filled,fillcolor=powderblue]
	"Factor433" -> "num434"
	"Term_3435" [label="Term_3"]
	"Pt432" -> "Term_3435"
	"e436" [label="e"]
	"Term_3435" -> "e436"
	"Term_2437" [label="Term_2"]
	"Term_1431" -> "Term_2437"
	"e438" [label="e"]
	"Term_2437" -> "e438"
	"Expression_1439" [label="Expression_1"]
	"Expression430" -> "Expression_1439"
	"+440" [label="+",style=filled,fillcolor=powderblue]
	"Expression_1439" -> "+440"
	"Expression441" [label="Expression"]
	"Expression_1439" -> "Expression441"
	"Term_1442" [label="Term_1"]
	"Expression441" -> "Term_1442"
	"Pt443" [label="Pt"]
	"Term_1442" -> "Pt443"
	"Factor444" [label="Factor"]
	"Pt443" -> "Factor444"
	"m445" [label="m",style=filled,fillcolor=powderblue]
	"Factor444" -> "m445"
	"[446" [label="[",style=filled,fillcolor=powderblue]
	"Factor444" -> "[446"
	"Expression447" [label="Expression"]
	"Factor444" -> "Expression447"
	"Term_1448" [label="Term_1"]
	"Expression447" -> "Term_1448"
	"Pt449" [label="Pt"]
	"Term_1448" -> "Pt449"
	"Factor450" [label="Factor"]
	"Pt449" -> "Factor450"
	"num451" [label="num",style=filled,fillcolor=powderblue]
	"Factor450" -> "num451"
	"Term_3452" [label="Term_3"]
	"Pt449" -> "Term_3452"
	"e453" [label="e"]
	"Term_3452" -> "e453"
	"Term_2454" [label="Term_2"]
	"Term_1448" -> "Term_2454"
	"e455" [label="e"]
	"Term_2454" -> "e455"
	"Expression_1456" [label="Expression_1"]
	"Expression447" -> "Expression_1456"
	"]457" [label="]",style=filled,fillcolor=powderblue]
	"Factor444" -> "]457"
	"Term_3458" [label="Term_3"]
	"Pt443" -> "Term_3458"
	"e459" [label="e"]
	"Term_3458" -> "e459"
	"Term_2460" [label="Term_2"]
	"Term_1442" -> "Term_2460"
	"e461" [label="e"]
	"Term_2460" -> "e461"
	"Expression_1462" [label="Expression_1"]
	"Expression441" -> "Expression_1462"
	"Start463" [label="Start"]
	"Start413" -> "Start463"
	"Start464" [label="Start"]
	"Start463" -> "Start464"
	"Assignment465" [label="Assignment"]
	"Start464" -> "Assignment465"
	"m466" [label="m",style=filled,fillcolor=powderblue]
	"Assignment465" -> "m466"
	"[467" [label="[",style=filled,fillcolor=powderblue]
	"Assignment465" -> "[467"
	"Expression468" [label="Expression"]
	"Assignment465" -> "Expression468"
	"Term_1469" [label="Term_1"]
	"Expression468" -> "Term_1469"
	"Pt470" [label="Pt"]
	"Term_1469" -> "Pt470"
	"Factor471" [label="Factor"]
	"Pt470" -> "Factor471"
	"num472" [label="num",style=filled,fillcolor=powderblue]
	"Factor471" -> "num472"
	"Term_3473" [label="Term_3"]
	"Pt470" -> "Term_3473"
	"e474" [label="e"]
	"Term_3473" -> "e474"
	"Term_2475" [label="Term_2"]
	"Term_1469" -> "Term_2475"
	"e476" [label="e"]
	"Term_2475" -> "e476"
	"Expression_1477" [label="Expression_1"]
	"Expression468" -> "Expression_1477"
	"]478" [label="]",style=filled,fillcolor=powderblue]
	"Assignment465" -> "]478"
	"=479" [label="=",style=filled,fillcolor=powderblue]
	"Assignment465" -> "=479"
	"Expression480" [label="Expression"]
	"Assignment465" -> "Expression480"
	"Term_1481" [label="Term_1"]
	"Expression480" -> "Term_1481"
	"Pt482" [label="Pt"]
	"Term_1481" -> "Pt482"
	"Factor483" [label="Factor"]
	"Pt482" -> "Factor483"
	"num484" [label="num",style=filled,fillcolor=powderblue]
	"Factor483" -> "num484"
	"Term_3485" [label="Term_3"]
	"Pt482" -> "Term_3485"
	"e486" [label="e"]
	"Term_3485" -> "e486"
	"Term_2487" [label="Term_2"]
	"Term_1481" -> "Term_2487"
	"e488" [label="e"]
	"Term_2487" -> "e488"
	"Expression_1489" [label="Expression_1"]
	"Expression480" -> "Expression_1489"
	"-490" [label="-",style=filled,fillcolor=powderblue]
	"Expression_1489" -> "-490"
	"Expression491" [label="Expression"]
	"Expression_1489" -> "Expression491"
	"Term_1492" [label="Term_1"]
	"Expression491" -> "Term_1492"
	"Pt493" [label="Pt"]
	"Term_1492" -> "Pt493"
	"Factor494" [label="Factor"]
	"Pt493" -> "Factor494"
	"m495" [label="m",style=filled,fillcolor=powderblue]
	"Factor494" -> "m495"
	"[496" [label="[",style=filled,fillcolor=powderblue]
	"Factor494" -> "[496"
	"Expression497" [label="Expression"]
	"Factor494" -> "Expression497"
	"Term_1498" [label="Term_1"]
	"Expression497" -> "Term_1498"
	"Pt499" [label="Pt"]
	"Term_1498" -> "Pt499"
	"Factor500" [label="Factor"]
	"Pt499" -> "Factor500"
	"num501" [label="num",style=filled,fillcolor=powderblue]
	"Factor500" -> "num501"
	"Term_3502" [label="Term_3"]
	"Pt499" -> "Term_3502"
	"e503" [label="e"]
	"Term_3502" -> "e503"
	"Term_2504" [label="Term_2"]
	"Term_1498" -> "Term_2504"
	"e505" [label="e"]
	"Term_2504" -> "e505"
	"Expression_1506" [label="Expression_1"]
	"Expression497" -> "Expression_1506"
	"-507" [label="-",style=filled,fillcolor=powderblue]
	"Expression_1506" -> "-507"
	"Expression508" [label="Expression"]
	"Expression_1506" -> "Expression508"
	"Term_1509" [label="Term_1"]
	"Expression508" -> "Term_1509"
	"Pt510" [label="Pt"]
	"Term_1509" -> "Pt510"
	"Factor511" [label="Factor"]
	"Pt510" -> "Factor511"
	"num512" [label="num",style=filled,fillcolor=powderblue]
	"Factor511" -> "num512"
	"Term_3513" [label="Term_3"]
	"Pt510" -> "Term_3513"
	"e514" [label="e"]
	"Term_3513" -> "e514"
	"Term_2515" [label="Term_2"]
	"Term_1509" -> "Term_2515"
	"e516" [label="e"]
	"Term_2515" -> "e516"
	"Expression_1517" [label="Expression_1"]
	"Expression508" -> "Expression_1517"
	"]518" [label="]",style=filled,fillcolor=powderblue]
	"Factor494" -> "]518"
	"Term_3519" [label="Term_3"]
	"Pt493" -> "Term_3519"
	"e520" [label="e"]
	"Term_3519" -> "e520"
	"Term_2521" [label="Term_2"]
	"Term_1492" -> "Term_2521"
	"e522" [label="e"]
	"Term_2521" -> "e522"
	"Expression_1523" [label="Expression_1"]
	"Expression491" -> "Expression_1523"
	"Start524" [label="Start"]
	"Start463" -> "Start524"
	"Start525" [label="Start"]
	"Start524" -> "Start525"
	"Assignment526" [label="Assignment"]
	"Start525" -> "Assignment526"
	"m527" [label="m",style=filled,fillcolor=powderblue]
	"Assignment526" -> "m527"
	"[528" [label="[",style=filled,fillcolor=powderblue]
	"Assignment526" -> "[528"
	"Expression529" [label="Expression"]
	"Assignment526" -> "Expression529"
	"Term_1530" [label="Term_1"]
	"Expression529" -> "Term_1530"
	"Pt531" [label="Pt"]
	"Term_1530" -> "Pt531"
	"Factor532" [label="Factor"]
	"Pt531" -> "Factor532"
	"num533" [label="num",style=filled,fillcolor=powderblue]
	"Factor532" -> "num533"
	"Term_3534" [label="Term_3"]
	"Pt531" -> "Term_3534"
	"e535" [label="e"]
	"Term_3534" -> "e535"
	"Term_2536" [label="Term_2"]
	"Term_1530" -> "Term_2536"
	"e537" [label="e"]
	"Term_2536" -> "e537"
	"Expression_1538" [label="Expression_1"]
	"Expression529" -> "Expression_1538"
	"]539" [label="]",style=filled,fillcolor=powderblue]
	"Assignment526" -> "]539"
	"=540" [label="=",style=filled,fillcolor=powderblue]
	"Assignment526" -> "=540"
	"Expression541" [label="Expression"]
	"Assignment526" -> "Expression541"
	"Term_1542" [label="Term_1"]
	"Expression541" -> "Term_1542"
	"Pt543" [label="Pt"]
	"Term_1542" -> "Pt543"
	"Factor544" [label="Factor"]
	"Pt543" -> "Factor544"
	"num545" [label="num",style=filled,fillcolor=powderblue]
	"Factor544" -> "num545"
	"Term_3546" [label="Term_3"]
	"Pt543" -> "Term_3546"
	"e547" [label="e"]
	"Term_3546" -> "e547"
	"Term_2548" [label="Term_2"]
	"Term_1542" -> "Term_2548"
	"e549" [label="e"]
	"Term_2548" -> "e549"
	"Expression_1550" [label="Expression_1"]
	"Expression541" -> "Expression_1550"
	"-551" [label="-",style=filled,fillcolor=powderblue]
	"Expression_1550" -> "-551"
	"Expression552" [label="Expression"]
	"Expression_1550" -> "Expression552"
	"Term_1553" [label="Term_1"]
	"Expression552" -> "Term_1553"
	"Pt554" [label="Pt"]
	"Term_1553" -> "Pt554"
	"Factor555" [label="Factor"]
	"Pt554" -> "Factor555"
	"(556" [label="(",style=filled,fillcolor=powderblue]
	"Factor555" -> "(556"
	"Expression557" [label="Expression"]
	"Factor555" -> "Expression557"
	"Term_1558" [label="Term_1"]
	"Expression557" -> "Term_1558"
	"Pt559" [label="Pt"]
	"Term_1558" -> "Pt559"
	"Factor560" [label="Factor"]
	"Pt559" -> "Factor560"
	"num561" [label="num",style=filled,fillcolor=powderblue]
	"Factor560" -> "num561"
	"Term_3562" [label="Term_3"]
	"Pt559" -> "Term_3562"
	"e563" [label="e"]
	"Term_3562" -> "e563"
	"Term_2564" [label="Term_2"]
	"Term_1558" -> "Term_2564"
	"e565" [label="e"]
	"Term_2564" -> "e565"
	"Expression_1566" [label="Expression_1"]
	"Expression557" -> "Expression_1566"
	"-567" [label="-",style=filled,fillcolor=powderblue]
	"Expression_1566" -> "-567"
	"Expression568" [label="Expression"]
	"Expression_1566" -> "Expression568"
	"Term_1569" [label="Term_1"]
	"Expression568" -> "Term_1569"
	"Pt570" [label="Pt"]
	"Term_1569" -> "Pt570"
	"Factor571" [label="Factor"]
	"Pt570" -> "Factor571"
	"num572" [label="num",style=filled,fillcolor=powderblue]
	"Factor571" -> "num572"
	"Term_3573" [label="Term_3"]
	"Pt570" -> "Term_3573"
	"e574" [label="e"]
	"Term_3573" -> "e574"
	"Term_2575" [label="Term_2"]
	"Term_1569" -> "Term_2575"
	"e576" [label="e"]
	"Term_2575" -> "e576"
	"Expression_1577" [label="Expression_1"]
	"Expression568" -> "Expression_1577"
	")578" [label=")",style=filled,fillcolor=powderblue]
	"Factor555" -> ")578"
	"Term_3579" [label="Term_3"]
	"Pt554" -> "Term_3579"
	"e580" [label="e"]
	"Term_3579" -> "e580"
	"Term_2581" [label="Term_2"]
	"Term_1553" -> "Term_2581"
	"e582" [label="e"]
	"Term_2581" -> "e582"
	"Expression_1583" [label="Expression_1"]
	"Expression552" -> "Expression_1583"
	"Start584" [label="Start"]
	"Start524" -> "Start584"
	"Start585" [label="Start"]
	"Start584" -> "Start585"
	"Assignment586" [label="Assignment"]
	"Start585" -> "Assignment586"
	"m587" [label="m",style=filled,fillcolor=powderblue]
	"Assignment586" -> "m587"
	"[588" [label="[",style=filled,fillcolor=powderblue]
	"Assignment586" -> "[588"
	"Expression589" [label="Expression"]
	"Assignment586" -> "Expression589"
	"Term_1590" [label="Term_1"]
	"Expression589" -> "Term_1590"
	"Pt591" [label="Pt"]
	"Term_1590" -> "Pt591"
	"Factor592" [label="Factor"]
	"Pt591" -> "Factor592"
	"num593" [label="num",style=filled,fillcolor=powderblue]
	"Factor592" -> "num593"
	"Term_3594" [label="Term_3"]
	"Pt591" -> "Term_3594"
	"e595" [label="e"]
	"Term_3594" -> "e595"
	"Term_2596" [label="Term_2"]
	"Term_1590" -> "Term_2596"
	"e597" [label="e"]
	"Term_2596" -> "e597"
	"Expression_1598" [label="Expression_1"]
	"Expression589" -> "Expression_1598"
	"]599" [label="]",style=filled,fillcolor=powderblue]
	"Assignment586" -> "]599"
	"=600" [label="=",style=filled,fillcolor=powderblue]
	"Assignment586" -> "=600"
	"Expression601" [label="Expression"]
	"Assignment586" -> "Expression601"
	"Term_1602" [label="Term_1"]
	"Expression601" -> "Term_1602"
	"Pt603" [label="Pt"]
	"Term_1602" -> "Pt603"
	"Factor604" [label="Factor"]
	"Pt603" -> "Factor604"
	"num605" [label="num",style=filled,fillcolor=powderblue]
	"Factor604" -> "num605"
	"Term_3606" [label="Term_3"]
	"Pt603" -> "Term_3606"
	"e607" [label="e"]
	"Term_3606" -> "e607"
	"Term_2608" [label="Term_2"]
	"Term_1602" -> "Term_2608"
	"e609" [label="e"]
	"Term_2608" -> "e609"
	"Expression_1610" [label="Expression_1"]
	"Expression601" -> "Expression_1610"
	"-611" [label="-",style=filled,fillcolor=powderblue]
	"Expression_1610" -> "-611"
	"Expression612" [label="Expression"]
	"Expression_1610" -> "Expression612"
	"Term_1613" [label="Term_1"]
	"Expression612" -> "Term_1613"
	"Pt614" [label="Pt"]
	"Term_1613" -> "Pt614"
	"Factor615" [label="Factor"]
	"Pt614" -> "Factor615"
	"m616" [label="m",style=filled,fillcolor=powderblue]
	"Factor615" -> "m616"
	"[617" [label="[",style=filled,fillcolor=powderblue]
	"Factor615" -> "[617"
	"Expression618" [label="Expression"]
	"Factor615" -> "Expression618"
	"Term_1619" [label="Term_1"]
	"Expression618" -> "Term_1619"
	"Pt620" [label="Pt"]
	"Term_1619" -> "Pt620"
	"Factor621" [label="Factor"]
	"Pt620" -> "Factor621"
	"(622" [label="(",style=filled,fillcolor=powderblue]
	"Factor621" -> "(622"
	"Expression623" [label="Expression"]
	"Factor621" -> "Expression623"
	"Term_1624" [label="Term_1"]
	"Expression623" -> "Term_1624"
	"Pt625" [label="Pt"]
	"Term_1624" -> "Pt625"
	"Factor626" [label="Factor"]
	"Pt625" -> "Factor626"
	"num627" [label="num",style=filled,fillcolor=powderblue]
	"Factor626" -> "num627"
	"Term_3628" [label="Term_3"]
	"Pt625" -> "Term_3628"
	"e629" [label="e"]
	"Term_3628" -> "e629"
	"Term_2630" [label="Term_2"]
	"Term_1624" -> "Term_2630"
	"e631" [label="e"]
	"Term_2630" -> "e631"
	"Expression_1632" [label="Expression_1"]
	"Expression623" -> "Expression_1632"
	"-633" [label="-",style=filled,fillcolor=powderblue]
	"Expression_1632" -> "-633"
	"Expression634" [label="Expression"]
	"Expression_1632" -> "Expression634"
	"Term_1635" [label="Term_1"]
	"Expression634" -> "Term_1635"
	"Pt636" [label="Pt"]
	"Term_1635" -> "Pt636"
	"Factor637" [label="Factor"]
	"Pt636" -> "Factor637"
	"num638" [label="num",style=filled,fillcolor=powderblue]
	"Factor637" -> "num638"
	"Term_3639" [label="Term_3"]
	"Pt636" -> "Term_3639"
	"e640" [label="e"]
	"Term_3639" -> "e640"
	"Term_2641" [label="Term_2"]
	"Term_1635" -> "Term_2641"
	"e642" [label="e"]
	"Term_2641" -> "e642"
	"Expression_1643" [label="Expression_1"]
	"Expression634" -> "Expression_1643"
	")644" [label=")",style=filled,fillcolor=powderblue]
	"Factor621" -> ")644"
	"Term_3645" [label="Term_3"]
	"Pt620" -> "Term_3645"
	"e646" [label="e"]
	"Term_3645" -> "e646"
	"Term_2647" [label="Term_2"]
	"Term_1619" -> "Term_2647"
	"e648" [label="e"]
	"Term_2647" -> "e648"
	"Expression_1649" [label="Expression_1"]
	"Expression618" -> "Expression_1649"
	"]650" [label="]",style=filled,fillcolor=powderblue]
	"Factor615" -> "]650"
	"Term_3651" [label="Term_3"]
	"Pt614" -> "Term_3651"
	"e652" [label="e"]
	"Term_3651" -> "e652"
	"Term_2653" [label="Term_2"]
	"Term_1613" -> "Term_2653"
	"e654" [label="e"]
	"Term_2653" -> "e654"
	"Expression_1655" [label="Expression_1"]
	"Expression612" -> "Expression_1655"
	"Start656" [label="Start"]
	"Start584" -> "Start656"
	"Start657" [label="Start"]
	"Start656" -> "Start657"
	"Print658" [label="Print"]
	"Start657" -> "Print658"
	"print659" [label="print",style=filled,fillcolor=powderblue]
	"Print658" -> "print659"
	"Expression660" [label="Expression"]
	"Print658" -> "Expression660"
	"Term_1661" [label="Term_1"]
	"Expression660" -> "Term_1661"
	"Pt662" [label="Pt"]
	"Term_1661" -> "Pt662"
	"Factor663" [label="Factor"]
	"Pt662" -> "Factor663"
	"m664" [label="m",style=filled,fillcolor=powderblue]
	"Factor663" -> "m664"
	"[665" [label="[",style=filled,fillcolor=powderblue]
	"Factor663" -> "[665"
	"Expression666" [label="Expression"]
	"Factor663" -> "Expression666"
	"Term_1667" [label="Term_1"]
	"Expression666" -> "Term_1667"
	"Pt668" [label="Pt"]
	"Term_1667" -> "Pt668"
	"Factor669" [label="Factor"]
	"Pt668" -> "Factor669"
	"num670" [label="num",style=filled,fillcolor=powderblue]
	"Factor669" -> "num670"
	"Term_3671" [label="Term_3"]
	"Pt668" -> "Term_3671"
	"e672" [label="e"]
	"Term_3671" -> "e672"
	"Term_2673" [label="Term_2"]
	"Term_1667" -> "Term_2673"
	"e674" [label="e"]
	"Term_2673" -> "e674"
	"Expression_1675" [label="Expression_1"]
	"Expression666" -> "Expression_1675"
	"]676" [label="]",style=filled,fillcolor=powderblue]
	"Factor663" -> "]676"
	"Term_3677" [label="Term_3"]
	"Pt662" -> "Term_3677"
	"e678" [label="e"]
	"Term_3677" -> "e678"
	"Term_2679" [label="Term_2"]
	"Term_1661" -> "Term_2679"
	"e680" [label="e"]
	"Term_2679" -> "e680"
	"Expression_1681" [label="Expression_1"]
	"Expression660" -> "Expression_1681"
	"Start682" [label="Start"]
	"Start656" -> "Start682"
	"e683" [label="e"]
	"Start682" -> "e683"
};
