digraph G {
	"Start1" [label="Start"]
	"Start2" [label="Start"]
	"Start1" -> "Start2"
	"Assignment3" [label="Assignment"]
	"Start2" -> "Assignment3"
	"m4" [label="m",style=filled,fillcolor=powderblue]
	"Assignment3" -> "m4"
	"[5" [label="[",style=filled,fillcolor=powderblue]
	"Assignment3" -> "[5"
	"Expression6" [label="Expression"]
	"Assignment3" -> "Expression6"
	"Term_17" [label="Term_1"]
	"Expression6" -> "Term_17"
	"Pt8" [label="Pt"]
	"Term_17" -> "Pt8"
	"Factor9" [label="Factor"]
	"Pt8" -> "Factor9"
	"num10" [label="num",style=filled,fillcolor=powderblue]
	"Factor9" -> "num10"
	"Term_311" [label="Term_3"]
	"Pt8" -> "Term_311"
	"e12" [label="e"]
	"Term_311" -> "e12"
	"Term_213" [label="Term_2"]
	"Term_17" -> "Term_213"
	"e14" [label="e"]
	"Term_213" -> "e14"
	"Expression_115" [label="Expression_1"]
	"Expression6" -> "Expression_115"
	"]16" [label="]",style=filled,fillcolor=powderblue]
	"Assignment3" -> "]16"
	"=17" [label="=",style=filled,fillcolor=powderblue]
	"Assignment3" -> "=17"
	"Expression18" [label="Expression"]
	"Assignment3" -> "Expression18"
	"Term_119" [label="Term_1"]
	"Expression18" -> "Term_119"
	"Pt20" [label="Pt"]
	"Term_119" -> "Pt20"
	"Factor21" [label="Factor"]
	"Pt20" -> "Factor21"
	"num22" [label="num",style=filled,fillcolor=powderblue]
	"Factor21" -> "num22"
	"Term_323" [label="Term_3"]
	"Pt20" -> "Term_323"
	"e24" [label="e"]
	"Term_323" -> "e24"
	"Term_225" [label="Term_2"]
	"Term_119" -> "Term_225"
	"/26" [label="/",style=filled,fillcolor=powderblue]
	"Term_225" -> "/26"
	"Term_127" [label="Term_1"]
	"Term_225" -> "Term_127"
	"Pt28" [label="Pt"]
	"Term_127" -> "Pt28"
	"Factor29" [label="Factor"]
	"Pt28" -> "Factor29"
	"num30" [label="num",style=filled,fillcolor=powderblue]
	"Factor29" -> "num30"
	"Term_331" [label="Term_3"]
	"Pt28" -> "Term_331"
	"e32" [label="e"]
	"Term_331" -> "e32"
	"Term_233" [label="Term_2"]
	"Term_127" -> "Term_233"
	"*34" [label="*",style=filled,fillcolor=powderblue]
	"Term_233" -> "*34"
	"Term_135" [label="Term_1"]
	"Term_233" -> "Term_135"
	"Pt36" [label="Pt"]
	"Term_135" -> "Pt36"
	"Factor37" [label="Factor"]
	"Pt36" -> "Factor37"
	"num38" [label="num",style=filled,fillcolor=powderblue]
	"Factor37" -> "num38"
	"Term_339" [label="Term_3"]
	"Pt36" -> "Term_339"
	"e40" [label="e"]
	"Term_339" -> "e40"
	"Term_241" [label="Term_2"]
	"Term_135" -> "Term_241"
	"e42" [label="e"]
	"Term_241" -> "e42"
	"Expression_143" [label="Expression_1"]
	"Expression18" -> "Expression_143"
	"Start44" [label="Start"]
	"Start1" -> "Start44"
	"Start45" [label="Start"]
	"Start44" -> "Start45"
	"Assignment46" [label="Assignment"]
	"Start45" -> "Assignment46"
	"m47" [label="m",style=filled,fillcolor=powderblue]
	"Assignment46" -> "m47"
	"[48" [label="[",style=filled,fillcolor=powderblue]
	"Assignment46" -> "[48"
	"Expression49" [label="Expression"]
	"Assignment46" -> "Expression49"
	"Term_150" [label="Term_1"]
	"Expression49" -> "Term_150"
	"Pt51" [label="Pt"]
	"Term_150" -> "Pt51"
	"Factor52" [label="Factor"]
	"Pt51" -> "Factor52"
	"num53" [label="num",style=filled,fillcolor=powderblue]
	"Factor52" -> "num53"
	"Term_354" [label="Term_3"]
	"Pt51" -> "Term_354"
	"e55" [label="e"]
	"Term_354" -> "e55"
	"Term_256" [label="Term_2"]
	"Term_150" -> "Term_256"
	"e57" [label="e"]
	"Term_256" -> "e57"
	"Expression_158" [label="Expression_1"]
	"Expression49" -> "Expression_158"
	"]59" [label="]",style=filled,fillcolor=powderblue]
	"Assignment46" -> "]59"
	"=60" [label="=",style=filled,fillcolor=powderblue]
	"Assignment46" -> "=60"
	"Expression61" [label="Expression"]
	"Assignment46" -> "Expression61"
	"Term_162" [label="Term_1"]
	"Expression61" -> "Term_162"
	"Pt63" [label="Pt"]
	"Term_162" -> "Pt63"
	"Factor64" [label="Factor"]
	"Pt63" -> "Factor64"
	"num65" [label="num",style=filled,fillcolor=powderblue]
	"Factor64" -> "num65"
	"Term_366" [label="Term_3"]
	"Pt63" -> "Term_366"
	"e67" [label="e"]
	"Term_366" -> "e67"
	"Term_268" [label="Term_2"]
	"Term_162" -> "Term_268"
	"/69" [label="/",style=filled,fillcolor=powderblue]
	"Term_268" -> "/69"
	"Term_170" [label="Term_1"]
	"Term_268" -> "Term_170"
	"Pt71" [label="Pt"]
	"Term_170" -> "Pt71"
	"Factor72" [label="Factor"]
	"Pt71" -> "Factor72"
	"num73" [label="num",style=filled,fillcolor=powderblue]
	"Factor72" -> "num73"
	"Term_374" [label="Term_3"]
	"Pt71" -> "Term_374"
	"e75" [label="e"]
	"Term_374" -> "e75"
	"Term_276" [label="Term_2"]
	"Term_170" -> "Term_276"
	"*77" [label="*",style=filled,fillcolor=powderblue]
	"Term_276" -> "*77"
	"Term_178" [label="Term_1"]
	"Term_276" -> "Term_178"
	"Pt79" [label="Pt"]
	"Term_178" -> "Pt79"
	"Factor80" [label="Factor"]
	"Pt79" -> "Factor80"
	"num81" [label="num",style=filled,fillcolor=powderblue]
	"Factor80" -> "num81"
	"Term_382" [label="Term_3"]
	"Pt79" -> "Term_382"
	"e83" [label="e"]
	"Term_382" -> "e83"
	"Term_284" [label="Term_2"]
	"Term_178" -> "Term_284"
	"e85" [label="e"]
	"Term_284" -> "e85"
	"Expression_186" [label="Expression_1"]
	"Expression61" -> "Expression_186"
	"Start87" [label="Start"]
	"Start44" -> "Start87"
	"Start88" [label="Start"]
	"Start87" -> "Start88"
	"Jump89" [label="Jump"]
	"Start88" -> "Jump89"
	"goto90" [label="goto",style=filled,fillcolor=powderblue]
	"Jump89" -> "goto90"
	"num91" [label="num",style=filled,fillcolor=powderblue]
	"Jump89" -> "num91"
	"Start92" [label="Start"]
	"Start87" -> "Start92"
	"Start93" [label="Start"]
	"Start92" -> "Start93"
	"Assignment94" [label="Assignment"]
	"Start93" -> "Assignment94"
	"m95" [label="m",style=filled,fillcolor=powderblue]
	"Assignment94" -> "m95"
	"[96" [label="[",style=filled,fillcolor=powderblue]
	"Assignment94" -> "[96"
	"Expression97" [label="Expression"]
	"Assignment94" -> "Expression97"
	"Term_198" [label="Term_1"]
	"Expression97" -> "Term_198"
	"Pt99" [label="Pt"]
	"Term_198" -> "Pt99"
	"Factor100" [label="Factor"]
	"Pt99" -> "Factor100"
	"num101" [label="num",style=filled,fillcolor=powderblue]
	"Factor100" -> "num101"
	"Term_3102" [label="Term_3"]
	"Pt99" -> "Term_3102"
	"e103" [label="e"]
	"Term_3102" -> "e103"
	"Term_2104" [label="Term_2"]
	"Term_198" -> "Term_2104"
	"e105" [label="e"]
	"Term_2104" -> "e105"
	"Expression_1106" [label="Expression_1"]
	"Expression97" -> "Expression_1106"
	"]107" [label="]",style=filled,fillcolor=powderblue]
	"Assignment94" -> "]107"
	"=108" [label="=",style=filled,fillcolor=powderblue]
	"Assignment94" -> "=108"
	"Expression109" [label="Expression"]
	"Assignment94" -> "Expression109"
	"Term_1110" [label="Term_1"]
	"Expression109" -> "Term_1110"
	"Pt111" [label="Pt"]
	"Term_1110" -> "Pt111"
	"Factor112" [label="Factor"]
	"Pt111" -> "Factor112"
	"num113" [label="num",style=filled,fillcolor=powderblue]
	"Factor112" -> "num113"
	"Term_3114" [label="Term_3"]
	"Pt111" -> "Term_3114"
	"e115" [label="e"]
	"Term_3114" -> "e115"
	"Term_2116" [label="Term_2"]
	"Term_1110" -> "Term_2116"
	"e117" [label="e"]
	"Term_2116" -> "e117"
	"Expression_1118" [label="Expression_1"]
	"Expression109" -> "Expression_1118"
	"+119" [label="+",style=filled,fillcolor=powderblue]
	"Expression_1118" -> "+119"
	"Expression120" [label="Expression"]
	"Expression_1118" -> "Expression120"
	"Term_1121" [label="Term_1"]
	"Expression120" -> "Term_1121"
	"Pt122" [label="Pt"]
	"Term_1121" -> "Pt122"
	"Factor123" [label="Factor"]
	"Pt122" -> "Factor123"
	"m124" [label="m",style=filled,fillcolor=powderblue]
	"Factor123" -> "m124"
	"[125" [label="[",style=filled,fillcolor=powderblue]
	"Factor123" -> "[125"
	"Expression126" [label="Expression"]
	"Factor123" -> "Expression126"
	"Term_1127" [label="Term_1"]
	"Expression126" -> "Term_1127"
	"Pt128" [label="Pt"]
	"Term_1127" -> "Pt128"
	"Factor129" [label="Factor"]
	"Pt128" -> "Factor129"
	"num130" [label="num",style=filled,fillcolor=powderblue]
	"Factor129" -> "num130"
	"Term_3131" [label="Term_3"]
	"Pt128" -> "Term_3131"
	"e132" [label="e"]
	"Term_3131" -> "e132"
	"Term_2133" [label="Term_2"]
	"Term_1127" -> "Term_2133"
	"e134" [label="e"]
	"Term_2133" -> "e134"
	"Expression_1135" [label="Expression_1"]
	"Expression126" -> "Expression_1135"
	"]136" [label="]",style=filled,fillcolor=powderblue]
	"Factor123" -> "]136"
	"Term_3137" [label="Term_3"]
	"Pt122" -> "Term_3137"
	"e138" [label="e"]
	"Term_3137" -> "e138"
	"Term_2139" [label="Term_2"]
	"Term_1121" -> "Term_2139"
	"e140" [label="e"]
	"Term_2139" -> "e140"
	"Expression_1141" [label="Expression_1"]
	"Expression120" -> "Expression_1141"
	"Start142" [label="Start"]
	"Start92" -> "Start142"
	"Start143" [label="Start"]
	"Start142" -> "Start143"
	"Assignment144" [label="Assignment"]
	"Start143" -> "Assignment144"
	"m145" [label="m",style=filled,fillcolor=powderblue]
	"Assignment144" -> "m145"
	"[146" [label="[",style=filled,fillcolor=powderblue]
	"Assignment144" -> "[146"
	"Expression147" [label="Expression"]
	"Assignment144" -> "Expression147"
	"Term_1148" [label="Term_1"]
	"Expression147" -> "Term_1148"
	"Pt149" [label="Pt"]
	"Term_1148" -> "Pt149"
	"Factor150" [label="Factor"]
	"Pt149" -> "Factor150"
	"num151" [label="num",style=filled,fillcolor=powderblue]
	"Factor150" -> "num151"
	"Term_3152" [label="Term_3"]
	"Pt149" -> "Term_3152"
	"e153" [label="e"]
	"Term_3152" -> "e153"
	"Term_2154" [label="Term_2"]
	"Term_1148" -> "Term_2154"
	"e155" [label="e"]
	"Term_2154" -> "e155"
	"Expression_1156" [label="Expression_1"]
	"Expression147" -> "Expression_1156"
	"]157" [label="]",style=filled,fillcolor=powderblue]
	"Assignment144" -> "]157"
	"=158" [label="=",style=filled,fillcolor=powderblue]
	"Assignment144" -> "=158"
	"Expression159" [label="Expression"]
	"Assignment144" -> "Expression159"
	"Term_1160" [label="Term_1"]
	"Expression159" -> "Term_1160"
	"Pt161" [label="Pt"]
	"Term_1160" -> "Pt161"
	"Factor162" [label="Factor"]
	"Pt161" -> "Factor162"
	"num163" [label="num",style=filled,fillcolor=powderblue]
	"Factor162" -> "num163"
	"Term_3164" [label="Term_3"]
	"Pt161" -> "Term_3164"
	"e165" [label="e"]
	"Term_3164" -> "e165"
	"Term_2166" [label="Term_2"]
	"Term_1160" -> "Term_2166"
	"e167" [label="e"]
	"Term_2166" -> "e167"
	"Expression_1168" [label="Expression_1"]
	"Expression159" -> "Expression_1168"
	"-169" [label="-",style=filled,fillcolor=powderblue]
	"Expression_1168" -> "-169"
	"Expression170" [label="Expression"]
	"Expression_1168" -> "Expression170"
	"Term_1171" [label="Term_1"]
	"Expression170" -> "Term_1171"
	"Pt172" [label="Pt"]
	"Term_1171" -> "Pt172"
	"Factor173" [label="Factor"]
	"Pt172" -> "Factor173"
	"m174" [label="m",style=filled,fillcolor=powderblue]
	"Factor173" -> "m174"
	"[175" [label="[",style=filled,fillcolor=powderblue]
	"Factor173" -> "[175"
	"Expression176" [label="Expression"]
	"Factor173" -> "Expression176"
	"Term_1177" [label="Term_1"]
	"Expression176" -> "Term_1177"
	"Pt178" [label="Pt"]
	"Term_1177" -> "Pt178"
	"Factor179" [label="Factor"]
	"Pt178" -> "Factor179"
	"num180" [label="num",style=filled,fillcolor=powderblue]
	"Factor179" -> "num180"
	"Term_3181" [label="Term_3"]
	"Pt178" -> "Term_3181"
	"**182" [label="**",style=filled,fillcolor=powderblue]
	"Term_3181" -> "**182"
	"Term_1183" [label="Term_1"]
	"Term_3181" -> "Term_1183"
	"Pt184" [label="Pt"]
	"Term_1183" -> "Pt184"
	"Factor185" [label="Factor"]
	"Pt184" -> "Factor185"
	"num186" [label="num",style=filled,fillcolor=powderblue]
	"Factor185" -> "num186"
	"Term_3187" [label="Term_3"]
	"Pt184" -> "Term_3187"
	"e188" [label="e"]
	"Term_3187" -> "e188"
	"Term_2189" [label="Term_2"]
	"Term_1183" -> "Term_2189"
	"*190" [label="*",style=filled,fillcolor=powderblue]
	"Term_2189" -> "*190"
	"Term_1191" [label="Term_1"]
	"Term_2189" -> "Term_1191"
	"Pt192" [label="Pt"]
	"Term_1191" -> "Pt192"
	"Factor193" [label="Factor"]
	"Pt192" -> "Factor193"
	"num194" [label="num",style=filled,fillcolor=powderblue]
	"Factor193" -> "num194"
	"Term_3195" [label="Term_3"]
	"Pt192" -> "Term_3195"
	"e196" [label="e"]
	"Term_3195" -> "e196"
	"Term_2197" [label="Term_2"]
	"Term_1191" -> "Term_2197"
	"e198" [label="e"]
	"Term_2197" -> "e198"
	"Term_2199" [label="Term_2"]
	"Term_1177" -> "Term_2199"
	"e200" [label="e"]
	"Term_2199" -> "e200"
	"Expression_1201" [label="Expression_1"]
	"Expression176" -> "Expression_1201"
	"-202" [label="-",style=filled,fillcolor=powderblue]
	"Expression_1201" -> "-202"
	"Expression203" [label="Expression"]
	"Expression_1201" -> "Expression203"
	"Term_1204" [label="Term_1"]
	"Expression203" -> "Term_1204"
	"Pt205" [label="Pt"]
	"Term_1204" -> "Pt205"
	"Factor206" [label="Factor"]
	"Pt205" -> "Factor206"
	"num207" [label="num",style=filled,fillcolor=powderblue]
	"Factor206" -> "num207"
	"Term_3208" [label="Term_3"]
	"Pt205" -> "Term_3208"
	"e209" [label="e"]
	"Term_3208" -> "e209"
	"Term_2210" [label="Term_2"]
	"Term_1204" -> "Term_2210"
	"e211" [label="e"]
	"Term_2210" -> "e211"
	"Expression_1212" [label="Expression_1"]
	"Expression203" -> "Expression_1212"
	"]213" [label="]",style=filled,fillcolor=powderblue]
	"Factor173" -> "]213"
	"Term_3214" [label="Term_3"]
	"Pt172" -> "Term_3214"
	"e215" [label="e"]
	"Term_3214" -> "e215"
	"Term_2216" [label="Term_2"]
	"Term_1171" -> "Term_2216"
	"e217" [label="e"]
	"Term_2216" -> "e217"
	"Expression_1218" [label="Expression_1"]
	"Expression170" -> "Expression_1218"
	"-219" [label="-",style=filled,fillcolor=powderblue]
	"Expression_1218" -> "-219"
	"Expression220" [label="Expression"]
	"Expression_1218" -> "Expression220"
	"Term_1221" [label="Term_1"]
	"Expression220" -> "Term_1221"
	"Pt222" [label="Pt"]
	"Term_1221" -> "Pt222"
	"Factor223" [label="Factor"]
	"Pt222" -> "Factor223"
	"num224" [label="num",style=filled,fillcolor=powderblue]
	"Factor223" -> "num224"
	"Term_3225" [label="Term_3"]
	"Pt222" -> "Term_3225"
	"e226" [label="e"]
	"Term_3225" -> "e226"
	"Term_2227" [label="Term_2"]
	"Term_1221" -> "Term_2227"
	"e228" [label="e"]
	"Term_2227" -> "e228"
	"Expression_1229" [label="Expression_1"]
	"Expression220" -> "Expression_1229"
	"Start230" [label="Start"]
	"Start142" -> "Start230"
	"Start231" [label="Start"]
	"Start230" -> "Start231"
	"Label232" [label="Label"]
	"Start231" -> "Label232"
	"L233" [label="L",style=filled,fillcolor=powderblue]
	"Label232" -> "L233"
	"num234" [label="num",style=filled,fillcolor=powderblue]
	"Label232" -> "num234"
	":235" [label=":",style=filled,fillcolor=powderblue]
	"Label232" -> ":235"
syntax error: found m expecting : - line 7
