digraph G {
	"Start1" [label="Start"]
	"Statements2" [label="Statements"]
	"Start1" -> "Statements2"

	"Statement3" [label="Statement"]
	"Statements2" -> "Statement3"
	"Label4" [label="Label"]
	"Statement3" -> "Label4"
	"L5" [label="L",style=filled,fillcolor=powderblue]
	"Label4" -> "L5"
	"num6" [label="num",style=filled,fillcolor=powderblue]
	"Label4" -> "num6"
	":7" [label=":",style=filled,fillcolor=powderblue]
	"Label4" -> ":7"
	"Statements8" [label="Statements"]
	"Statements2" -> "Statements8"

	"Statement9" [label="Statement"]
	"Statements8" -> "Statement9"
	"Assignment10" [label="Assignment"]
	"Statement9" -> "Assignment10"
	"m11" [label="m",style=filled,fillcolor=powderblue]
	"Assignment10" -> "m11"
	"[12" [label="[",style=filled,fillcolor=powderblue]
	"Assignment10" -> "[12"
	"Expression13" [label="Expression"]
	"Assignment10" -> "Expression13"
	"T14" [label="T"]
	"Expression13" -> "T14"
	"En15" [label="En"]
	"T14" -> "En15"
	"P16" [label="P"]
	"En15" -> "P16"
	"num17" [label="num",style=filled,fillcolor=powderblue]
	"P16" -> "num17"
	"Mn18" [label="Mn"]
	"En15" -> "Mn18"
	"e19" [label="e"]
	"Mn18" -> "e19"
	"Tn20" [label="Tn"]
	"T14" -> "Tn20"
	"e21" [label="e"]
	"Tn20" -> "e21"
	"En22" [label="En"]
	"Expression13" -> "En22"
	"e23" [label="e"]
	"En22" -> "e23"
	"]24" [label="]",style=filled,fillcolor=powderblue]
	"Assignment10" -> "]24"
	"=25" [label="=",style=filled,fillcolor=powderblue]
	"Assignment10" -> "=25"
	"Expression26" [label="Expression"]
	"Assignment10" -> "Expression26"
	"T27" [label="T"]
	"Expression26" -> "T27"
	"En28" [label="En"]
	"T27" -> "En28"
	"P29" [label="P"]
	"En28" -> "P29"
	"num30" [label="num",style=filled,fillcolor=powderblue]
	"P29" -> "num30"
	"Mn31" [label="Mn"]
	"En28" -> "Mn31"
	"e32" [label="e"]
	"Mn31" -> "e32"
	"Tn33" [label="Tn"]
	"T27" -> "Tn33"
	"e34" [label="e"]
	"Tn33" -> "e34"
	"En35" [label="En"]
	"Expression26" -> "En35"
	"-36" [label="-",style=filled,fillcolor=powderblue]
	"En35" -> "-36"
	"T37" [label="T"]
	"En35" -> "T37"
	"En38" [label="En"]
	"T37" -> "En38"
	"P39" [label="P"]
	"En38" -> "P39"
	"(40" [label="(",style=filled,fillcolor=powderblue]
	"P39" -> "(40"
	"Expression41" [label="Expression"]
	"P39" -> "Expression41"
	"T42" [label="T"]
	"Expression41" -> "T42"
	"En43" [label="En"]
	"T42" -> "En43"
	"P44" [label="P"]
	"En43" -> "P44"
	"m45" [label="m",style=filled,fillcolor=powderblue]
	"P44" -> "m45"
	"[46" [label="[",style=filled,fillcolor=powderblue]
	"P44" -> "[46"
	"Expression47" [label="Expression"]
	"P44" -> "Expression47"
	"T48" [label="T"]
	"Expression47" -> "T48"
	"En49" [label="En"]
	"T48" -> "En49"
	"P50" [label="P"]
	"En49" -> "P50"
	"num51" [label="num",style=filled,fillcolor=powderblue]
	"P50" -> "num51"
	"Mn52" [label="Mn"]
	"En49" -> "Mn52"
	"e53" [label="e"]
	"Mn52" -> "e53"
	"Tn54" [label="Tn"]
	"T48" -> "Tn54"
	"e55" [label="e"]
	"Tn54" -> "e55"
	"En56" [label="En"]
	"Expression47" -> "En56"
	"e57" [label="e"]
	"En56" -> "e57"
	"]58" [label="]",style=filled,fillcolor=powderblue]
	"P44" -> "]58"
	"Mn59" [label="Mn"]
	"En43" -> "Mn59"
	"e60" [label="e"]
	"Mn59" -> "e60"
	"Tn61" [label="Tn"]
	"T42" -> "Tn61"
	"e62" [label="e"]
	"Tn61" -> "e62"
	"En63" [label="En"]
	"Expression41" -> "En63"
	"-64" [label="-",style=filled,fillcolor=powderblue]
	"En63" -> "-64"
	"T65" [label="T"]
	"En63" -> "T65"
	"En66" [label="En"]
	"T65" -> "En66"
	"P67" [label="P"]
	"En66" -> "P67"
	"num68" [label="num",style=filled,fillcolor=powderblue]
	"P67" -> "num68"
	"Mn69" [label="Mn"]
	"En66" -> "Mn69"
	"e70" [label="e"]
	"Mn69" -> "e70"
	"Tn71" [label="Tn"]
	"T65" -> "Tn71"
	"e72" [label="e"]
	"Tn71" -> "e72"
	"En73" [label="En"]
	"En63" -> "En73"
	"e74" [label="e"]
	"En73" -> "e74"
	")75" [label=")",style=filled,fillcolor=powderblue]
	"P39" -> ")75"
	"Mn76" [label="Mn"]
	"En38" -> "Mn76"

	"e77" [label="e"]
	"Mn76" -> "e77"
	"Tn78" [label="Tn"]
	"T37" -> "Tn78"
	"e79" [label="e"]
	"Tn78" -> "e79"
	"En80" [label="En"]
	"En35" -> "En80"
	"e81" [label="e"]
	"En80" -> "e81"
	"Statements82" [label="Statements"]
	"Statements8" -> "Statements82"
	"Statement83" [label="Statement"]
	"Statements82" -> "Statement83"
	"Assignment84" [label="Assignment"]
	"Statement83" -> "Assignment84"
	"m85" [label="m",style=filled,fillcolor=powderblue]
	"Assignment84" -> "m85"
	"[86" [label="[",style=filled,fillcolor=powderblue]
	"Assignment84" -> "[86"
	"Expression87" [label="Expression"]
	"Assignment84" -> "Expression87"
	"T88" [label="T"]
	"Expression87" -> "T88"
	"En89" [label="En"]
	"T88" -> "En89"
	"P90" [label="P"]
	"En89" -> "P90"
	"num91" [label="num",style=filled,fillcolor=powderblue]
	"P90" -> "num91"
	"Mn92" [label="Mn"]
	"En89" -> "Mn92"
	"e93" [label="e"]
	"Mn92" -> "e93"
	"Tn94" [label="Tn"]
	"T88" -> "Tn94"
	"e95" [label="e"]
	"Tn94" -> "e95"
	"En96" [label="En"]
	"Expression87" -> "En96"
	"e97" [label="e"]
	"En96" -> "e97"
	"]98" [label="]",style=filled,fillcolor=powderblue]
	"Assignment84" -> "]98"
	"=99" [label="=",style=filled,fillcolor=powderblue]
	"Assignment84" -> "=99"
	"Expression100" [label="Expression"]
	"Assignment84" -> "Expression100"
	"T101" [label="T"]
	"Expression100" -> "T101"
	"En102" [label="En"]
	"T101" -> "En102"
	"P103" [label="P"]
	"En102" -> "P103"
	"num104" [label="num",style=filled,fillcolor=powderblue]
	"P103" -> "num104"
	"Mn105" [label="Mn"]
	"En102" -> "Mn105"
	"e106" [label="e"]
	"Mn105" -> "e106"
	"Tn107" [label="Tn"]
	"T101" -> "Tn107"
	"/108" [label="/",style=filled,fillcolor=powderblue]
	"Tn107" -> "/108"
	"En109" [label="En"]
	"Tn107" -> "En109"
	"P110" [label="P"]
	"En109" -> "P110"
	"num111" [label="num",style=filled,fillcolor=powderblue]
	"P110" -> "num111"
	"Mn112" [label="Mn"]
	"En109" -> "Mn112"
	"e113" [label="e"]
	"Mn112" -> "e113"
	"Tn114" [label="Tn"]
	"Tn107" -> "Tn114"
	"*115" [label="*",style=filled,fillcolor=powderblue]
	"Tn114" -> "*115"
	"En116" [label="En"]
	"Tn114" -> "En116"
	"P117" [label="P"]
	"En116" -> "P117"
	"num118" [label="num",style=filled,fillcolor=powderblue]
	"P117" -> "num118"

	"Mn119" [label="Mn"]
	"En116" -> "Mn119"
	"e120" [label="e"]
	"Mn119" -> "e120"
	"Tn121" [label="Tn"]
	"Tn114" -> "Tn121"
	"e122" [label="e"]
	"Tn121" -> "e122"
	"En123" [label="En"]
	"Expression100" -> "En123"
	"e124" [label="e"]
	"En123" -> "e124"
	"Statements125" [label="Statements"]
	"Statements82" -> "Statements125"
	"Statement126" [label="Statement"]
	"Statements125" -> "Statement126"
	"Assignment127" [label="Assignment"]
	"Statement126" -> "Assignment127"
	"m128" [label="m",style=filled,fillcolor=powderblue]
	"Assignment127" -> "m128"
	"[129" [label="[",style=filled,fillcolor=powderblue]
	"Assignment127" -> "[129"
	"Expression130" [label="Expression"]
	"Assignment127" -> "Expression130"
	"T131" [label="T"]
	"Expression130" -> "T131"
	"En132" [label="En"]
	"T131" -> "En132"
	"P133" [label="P"]
	"En132" -> "P133"
	"num134" [label="num",style=filled,fillcolor=powderblue]
	"P133" -> "num134"
	"Mn135" [label="Mn"]
	"En132" -> "Mn135"
	"e136" [label="e"]
	"Mn135" -> "e136"
	"Tn137" [label="Tn"]
	"T131" -> "Tn137"
	"e138" [label="e"]
	"Tn137" -> "e138"
	"En139" [label="En"]
	"Expression130" -> "En139"
	"e140" [label="e"]
	"En139" -> "e140"
	"]141" [label="]",style=filled,fillcolor=powderblue]
	"Assignment127" -> "]141"
	"=142" [label="=",style=filled,fillcolor=powderblue]
	"Assignment127" -> "=142"
	"Expression143" [label="Expression"]
	"Assignment127" -> "Expression143"
	"T144" [label="T"]
	"Expression143" -> "T144"
	"En145" [label="En"]
	"T144" -> "En145"
	"P146" [label="P"]
	"En145" -> "P146"
	"num147" [label="num",style=filled,fillcolor=powderblue]
	"P146" -> "num147"
	"Mn148" [label="Mn"]
	"En145" -> "Mn148"
	"e149" [label="e"]
	"Mn148" -> "e149"
	"Tn150" [label="Tn"]
	"T144" -> "Tn150"
	"e151" [label="e"]
	"Tn150" -> "e151"
	"En152" [label="En"]
	"Expression143" -> "En152"
	"+153" [label="+",style=filled,fillcolor=powderblue]
	"En152" -> "+153"
	"T154" [label="T"]
	"En152" -> "T154"
	"En155" [label="En"]
	"T154" -> "En155"
	"P156" [label="P"]
	"En155" -> "P156"
	"m157" [label="m",style=filled,fillcolor=powderblue]
	"P156" -> "m157"
	"[158" [label="[",style=filled,fillcolor=powderblue]
	"P156" -> "[158"
	"Expression159" [label="Expression"]
	"P156" -> "Expression159"
	"T160" [label="T"]
	"Expression159" -> "T160"
	"En161" [label="En"]
	"T160" -> "En161"
	"P162" [label="P"]
	"En161" -> "P162"
	"num163" [label="num",style=filled,fillcolor=powderblue]
	"P162" -> "num163"
	"Mn164" [label="Mn"]
	"En161" -> "Mn164"
	"e165" [label="e"]
	"Mn164" -> "e165"
	"Tn166" [label="Tn"]
	"T160" -> "Tn166"
	"e167" [label="e"]
	"Tn166" -> "e167"
	"En168" [label="En"]
	"Expression159" -> "En168"
	"e169" [label="e"]
	"En168" -> "e169"
	"]170" [label="]",style=filled,fillcolor=powderblue]
	"P156" -> "]170"
	"Mn171" [label="Mn"]
	"En155" -> "Mn171"

	"e172" [label="e"]
	"Mn171" -> "e172"
	"Tn173" [label="Tn"]
	"T154" -> "Tn173"
	"e174" [label="e"]
	"Tn173" -> "e174"
	"En175" [label="En"]
	"En152" -> "En175"
	"e176" [label="e"]
	"En175" -> "e176"
	"Statements177" [label="Statements"]
	"Statements125" -> "Statements177"
	"Statement178" [label="Statement"]
	"Statements177" -> "Statement178"
	"Assignment179" [label="Assignment"]
	"Statement178" -> "Assignment179"
	"m180" [label="m",style=filled,fillcolor=powderblue]
	"Assignment179" -> "m180"
	"[181" [label="[",style=filled,fillcolor=powderblue]
	"Assignment179" -> "[181"
	"Expression182" [label="Expression"]
	"Assignment179" -> "Expression182"
	"T183" [label="T"]
	"Expression182" -> "T183"
	"En184" [label="En"]
	"T183" -> "En184"
	"P185" [label="P"]
	"En184" -> "P185"
	"num186" [label="num",style=filled,fillcolor=powderblue]
	"P185" -> "num186"
	"Mn187" [label="Mn"]
	"En184" -> "Mn187"
	"e188" [label="e"]
	"Mn187" -> "e188"
	"Tn189" [label="Tn"]
	"T183" -> "Tn189"
	"e190" [label="e"]
	"Tn189" -> "e190"
	"En191" [label="En"]
	"Expression182" -> "En191"
	"e192" [label="e"]
	"En191" -> "e192"
	"]193" [label="]",style=filled,fillcolor=powderblue]
	"Assignment179" -> "]193"
	"=194" [label="=",style=filled,fillcolor=powderblue]
	"Assignment179" -> "=194"
	"Expression195" [label="Expression"]
	"Assignment179" -> "Expression195"
	"T196" [label="T"]
	"Expression195" -> "T196"
	"En197" [label="En"]
	"T196" -> "En197"
	"P198" [label="P"]
	"En197" -> "P198"
	"num199" [label="num",style=filled,fillcolor=powderblue]
	"P198" -> "num199"
	"Mn200" [label="Mn"]
	"En197" -> "Mn200"
	"e201" [label="e"]
	"Mn200" -> "e201"
	"Tn202" [label="Tn"]
	"T196" -> "Tn202"
	"e203" [label="e"]
	"Tn202" -> "e203"
	"En204" [label="En"]
	"Expression195" -> "En204"
	"-205" [label="-",style=filled,fillcolor=powderblue]
	"En204" -> "-205"
	"T206" [label="T"]
	"En204" -> "T206"
	"En207" [label="En"]
	"T206" -> "En207"
	"P208" [label="P"]
	"En207" -> "P208"
	"m209" [label="m",style=filled,fillcolor=powderblue]
	"P208" -> "m209"
	"[210" [label="[",style=filled,fillcolor=powderblue]
	"P208" -> "[210"
	"Expression211" [label="Expression"]
	"P208" -> "Expression211"
	"T212" [label="T"]
	"Expression211" -> "T212"
	"En213" [label="En"]
	"T212" -> "En213"
	"P214" [label="P"]
	"En213" -> "P214"
	"num215" [label="num",style=filled,fillcolor=powderblue]
	"P214" -> "num215"
	"Mn216" [label="Mn"]
	"En213" -> "Mn216"
	"e217" [label="e"]
	"Mn216" -> "e217"
	"Tn218" [label="Tn"]
	"T212" -> "Tn218"
	"e219" [label="e"]
	"Tn218" -> "e219"
	"En220" [label="En"]
	"Expression211" -> "En220"
	"-221" [label="-",style=filled,fillcolor=powderblue]
	"En220" -> "-221"
	"T222" [label="T"]
	"En220" -> "T222"
	"En223" [label="En"]
	"T222" -> "En223"
	"P224" [label="P"]
	"En223" -> "P224"
	"num225" [label="num",style=filled,fillcolor=powderblue]
	"P224" -> "num225"
	"Mn226" [label="Mn"]
	"En223" -> "Mn226"
	"e227" [label="e"]
	"Mn226" -> "e227"
	"Tn228" [label="Tn"]
	"T222" -> "Tn228"
	"e229" [label="e"]
	"Tn228" -> "e229"
	"En230" [label="En"]
	"En220" -> "En230"
	"e231" [label="e"]
	"En230" -> "e231"
	"]232" [label="]",style=filled,fillcolor=powderblue]
	"P208" -> "]232"
	"Mn233" [label="Mn"]
	"En207" -> "Mn233"

	"e234" [label="e"]
	"Mn233" -> "e234"
	"Tn235" [label="Tn"]
	"T206" -> "Tn235"
	"e236" [label="e"]
	"Tn235" -> "e236"
	"En237" [label="En"]
	"En204" -> "En237"
	"e238" [label="e"]
	"En237" -> "e238"
	"Statements239" [label="Statements"]
	"Statements177" -> "Statements239"
	"Statement240" [label="Statement"]
	"Statements239" -> "Statement240"
	"Assignment241" [label="Assignment"]
	"Statement240" -> "Assignment241"
	"m242" [label="m",style=filled,fillcolor=powderblue]
	"Assignment241" -> "m242"
	"[243" [label="[",style=filled,fillcolor=powderblue]
	"Assignment241" -> "[243"
	"Expression244" [label="Expression"]
	"Assignment241" -> "Expression244"
	"T245" [label="T"]
	"Expression244" -> "T245"
	"En246" [label="En"]
	"T245" -> "En246"
	"P247" [label="P"]
	"En246" -> "P247"
	"num248" [label="num",style=filled,fillcolor=powderblue]
	"P247" -> "num248"
	"Mn249" [label="Mn"]
	"En246" -> "Mn249"
	"e250" [label="e"]
	"Mn249" -> "e250"
	"Tn251" [label="Tn"]
	"T245" -> "Tn251"
	"e252" [label="e"]
	"Tn251" -> "e252"
	"En253" [label="En"]
	"Expression244" -> "En253"
	"e254" [label="e"]
	"En253" -> "e254"
	"]255" [label="]",style=filled,fillcolor=powderblue]
	"Assignment241" -> "]255"
	"=256" [label="=",style=filled,fillcolor=powderblue]
	"Assignment241" -> "=256"
	"Expression257" [label="Expression"]
	"Assignment241" -> "Expression257"
	"T258" [label="T"]
	"Expression257" -> "T258"
	"En259" [label="En"]
	"T258" -> "En259"
	"P260" [label="P"]
	"En259" -> "P260"
	"num261" [label="num",style=filled,fillcolor=powderblue]
	"P260" -> "num261"
	"Mn262" [label="Mn"]
	"En259" -> "Mn262"
	"e263" [label="e"]
	"Mn262" -> "e263"
	"Tn264" [label="Tn"]
	"T258" -> "Tn264"
	"e265" [label="e"]
	"Tn264" -> "e265"
	"En266" [label="En"]
	"Expression257" -> "En266"
	"-267" [label="-",style=filled,fillcolor=powderblue]
	"En266" -> "-267"
	"T268" [label="T"]
	"En266" -> "T268"
	"En269" [label="En"]
	"T268" -> "En269"
	"P270" [label="P"]
	"En269" -> "P270"
	"(271" [label="(",style=filled,fillcolor=powderblue]
	"P270" -> "(271"
	"Expression272" [label="Expression"]
	"P270" -> "Expression272"
	"T273" [label="T"]
	"Expression272" -> "T273"
	"En274" [label="En"]
	"T273" -> "En274"
	"P275" [label="P"]
	"En274" -> "P275"
	"num276" [label="num",style=filled,fillcolor=powderblue]
	"P275" -> "num276"
	"Mn277" [label="Mn"]
	"En274" -> "Mn277"
	"e278" [label="e"]
	"Mn277" -> "e278"
	"Tn279" [label="Tn"]
	"T273" -> "Tn279"
	"e280" [label="e"]
	"Tn279" -> "e280"
	"En281" [label="En"]
	"Expression272" -> "En281"
	"-282" [label="-",style=filled,fillcolor=powderblue]
	"En281" -> "-282"
	"T283" [label="T"]
	"En281" -> "T283"
	"En284" [label="En"]
	"T283" -> "En284"
	"P285" [label="P"]
	"En284" -> "P285"
	"num286" [label="num",style=filled,fillcolor=powderblue]
	"P285" -> "num286"
	"Mn287" [label="Mn"]
	"En284" -> "Mn287"
	"e288" [label="e"]
	"Mn287" -> "e288"
	"Tn289" [label="Tn"]
	"T283" -> "Tn289"
	"e290" [label="e"]
	"Tn289" -> "e290"
	"En291" [label="En"]
	"En281" -> "En291"
	"e292" [label="e"]
	"En291" -> "e292"
	")293" [label=")",style=filled,fillcolor=powderblue]
	"P270" -> ")293"
	"Mn294" [label="Mn"]
	"En269" -> "Mn294"

	"e295" [label="e"]
	"Mn294" -> "e295"
	"Tn296" [label="Tn"]
	"T268" -> "Tn296"
	"e297" [label="e"]
	"Tn296" -> "e297"
	"En298" [label="En"]
	"En266" -> "En298"
	"e299" [label="e"]
	"En298" -> "e299"
	"Statements300" [label="Statements"]
	"Statements239" -> "Statements300"
	"Statement301" [label="Statement"]
	"Statements300" -> "Statement301"
	"Assignment302" [label="Assignment"]
	"Statement301" -> "Assignment302"
	"m303" [label="m",style=filled,fillcolor=powderblue]
	"Assignment302" -> "m303"
	"[304" [label="[",style=filled,fillcolor=powderblue]
	"Assignment302" -> "[304"
	"Expression305" [label="Expression"]
	"Assignment302" -> "Expression305"
	"T306" [label="T"]
	"Expression305" -> "T306"
	"En307" [label="En"]
	"T306" -> "En307"
	"P308" [label="P"]
	"En307" -> "P308"
	"num309" [label="num",style=filled,fillcolor=powderblue]
	"P308" -> "num309"
	"Mn310" [label="Mn"]
	"En307" -> "Mn310"
	"e311" [label="e"]
	"Mn310" -> "e311"
	"Tn312" [label="Tn"]
	"T306" -> "Tn312"
	"e313" [label="e"]
	"Tn312" -> "e313"
	"En314" [label="En"]
	"Expression305" -> "En314"
	"e315" [label="e"]
	"En314" -> "e315"
	"]316" [label="]",style=filled,fillcolor=powderblue]
	"Assignment302" -> "]316"
	"=317" [label="=",style=filled,fillcolor=powderblue]
	"Assignment302" -> "=317"
	"Expression318" [label="Expression"]
	"Assignment302" -> "Expression318"
	"T319" [label="T"]
	"Expression318" -> "T319"
	"En320" [label="En"]
	"T319" -> "En320"
	"P321" [label="P"]
	"En320" -> "P321"
	"num322" [label="num",style=filled,fillcolor=powderblue]
	"P321" -> "num322"
	"Mn323" [label="Mn"]
	"En320" -> "Mn323"
	"e324" [label="e"]
	"Mn323" -> "e324"
	"Tn325" [label="Tn"]
	"T319" -> "Tn325"
	"e326" [label="e"]
	"Tn325" -> "e326"
	"En327" [label="En"]
	"Expression318" -> "En327"
	"-328" [label="-",style=filled,fillcolor=powderblue]
	"En327" -> "-328"
	"T329" [label="T"]
	"En327" -> "T329"
	"En330" [label="En"]
	"T329" -> "En330"
	"P331" [label="P"]
	"En330" -> "P331"
	"m332" [label="m",style=filled,fillcolor=powderblue]
	"P331" -> "m332"
	"[333" [label="[",style=filled,fillcolor=powderblue]
	"P331" -> "[333"
	"Expression334" [label="Expression"]
	"P331" -> "Expression334"
	"T335" [label="T"]
	"Expression334" -> "T335"
	"En336" [label="En"]
	"T335" -> "En336"
	"P337" [label="P"]
	"En336" -> "P337"
	"(338" [label="(",style=filled,fillcolor=powderblue]
	"P337" -> "(338"
	"Expression339" [label="Expression"]
	"P337" -> "Expression339"
	"T340" [label="T"]
	"Expression339" -> "T340"
	"En341" [label="En"]
	"T340" -> "En341"
	"P342" [label="P"]
	"En341" -> "P342"
	"num343" [label="num",style=filled,fillcolor=powderblue]
	"P342" -> "num343"
	"Mn344" [label="Mn"]
	"En341" -> "Mn344"
	"e345" [label="e"]
	"Mn344" -> "e345"
	"Tn346" [label="Tn"]
	"T340" -> "Tn346"
	"e347" [label="e"]
	"Tn346" -> "e347"
	"En348" [label="En"]
	"Expression339" -> "En348"
	"-349" [label="-",style=filled,fillcolor=powderblue]
	"En348" -> "-349"
	"T350" [label="T"]
	"En348" -> "T350"
	"En351" [label="En"]
	"T350" -> "En351"
	"P352" [label="P"]
	"En351" -> "P352"
	"num353" [label="num",style=filled,fillcolor=powderblue]
	"P352" -> "num353"
	"Mn354" [label="Mn"]
	"En351" -> "Mn354"
	"e355" [label="e"]
	"Mn354" -> "e355"
	"Tn356" [label="Tn"]
	"T350" -> "Tn356"
	"e357" [label="e"]
	"Tn356" -> "e357"
	"En358" [label="En"]
	"En348" -> "En358"
	"e359" [label="e"]
	"En358" -> "e359"
	")360" [label=")",style=filled,fillcolor=powderblue]
	"P337" -> ")360"
	"Mn361" [label="Mn"]
	"En336" -> "Mn361"
	"e362" [label="e"]
	"Mn361" -> "e362"
	"Tn363" [label="Tn"]
	"T335" -> "Tn363"
	"e364" [label="e"]
	"Tn363" -> "e364"
	"En365" [label="En"]
	"Expression334" -> "En365"
	"e366" [label="e"]
	"En365" -> "e366"
	"]367" [label="]",style=filled,fillcolor=powderblue]
	"P331" -> "]367"
	"Mn368" [label="Mn"]
	"En330" -> "Mn368"

	"e369" [label="e"]
	"Mn368" -> "e369"
	"Tn370" [label="Tn"]
	"T329" -> "Tn370"
	"e371" [label="e"]
	"Tn370" -> "e371"
	"En372" [label="En"]
	"En327" -> "En372"
	"e373" [label="e"]
	"En372" -> "e373"
	"Statements374" [label="Statements"]
	"Statements300" -> "Statements374"
	"Statement375" [label="Statement"]
	"Statements374" -> "Statement375"
	"Print376" [label="Print"]
	"Statement375" -> "Print376"
	"print377" [label="print",style=filled,fillcolor=powderblue]
	"Print376" -> "print377"
	"Expression378" [label="Expression"]
	"Print376" -> "Expression378"
	"T379" [label="T"]
	"Expression378" -> "T379"
	"En380" [label="En"]
	"T379" -> "En380"
	"P381" [label="P"]
	"En380" -> "P381"
	"m382" [label="m",style=filled,fillcolor=powderblue]
	"P381" -> "m382"
	"[383" [label="[",style=filled,fillcolor=powderblue]
	"P381" -> "[383"
	"Expression384" [label="Expression"]
	"P381" -> "Expression384"
	"T385" [label="T"]
	"Expression384" -> "T385"
	"En386" [label="En"]
	"T385" -> "En386"
	"P387" [label="P"]
	"En386" -> "P387"
	"num388" [label="num",style=filled,fillcolor=powderblue]
	"P387" -> "num388"
	"Mn389" [label="Mn"]
	"En386" -> "Mn389"
	"e390" [label="e"]
	"Mn389" -> "e390"
	"Tn391" [label="Tn"]
	"T385" -> "Tn391"
	"e392" [label="e"]
	"Tn391" -> "e392"
	"En393" [label="En"]
	"Expression384" -> "En393"
	"e394" [label="e"]
	"En393" -> "e394"
	"]395" [label="]",style=filled,fillcolor=powderblue]
	"P381" -> "]395"
	"Mn396" [label="Mn"]
	"En380" -> "Mn396"

	"e397" [label="e"]
	"Mn396" -> "e397"
	"Tn398" [label="Tn"]
	"T379" -> "Tn398"
	"e399" [label="e"]
	"Tn398" -> "e399"
	"En400" [label="En"]
	"Expression378" -> "En400"
	"e401" [label="e"]
	"En400" -> "e401"
	"Statements402" [label="Statements"]
	"Statements374" -> "Statements402"
	"Statement403" [label="Statement"]
	"Statements402" -> "Statement403"
	"Jump404" [label="Jump"]
	"Statement403" -> "Jump404"
	"goto405" [label="goto",style=filled,fillcolor=powderblue]
	"Jump404" -> "goto405"
	"num406" [label="num",style=filled,fillcolor=powderblue]
	"Jump404" -> "num406"
	"if407" [label="if",style=filled,fillcolor=powderblue]
	"Jump404" -> "if407"
	"Expression408" [label="Expression"]
	"Jump404" -> "Expression408"
	"T409" [label="T"]
	"Expression408" -> "T409"
	"En410" [label="En"]
	"T409" -> "En410"
	"P411" [label="P"]
	"En410" -> "P411"
	"m412" [label="m",style=filled,fillcolor=powderblue]
	"P411" -> "m412"
	"[413" [label="[",style=filled,fillcolor=powderblue]
	"P411" -> "[413"
	"Expression414" [label="Expression"]
	"P411" -> "Expression414"
	"T415" [label="T"]
	"Expression414" -> "T415"
	"En416" [label="En"]
	"T415" -> "En416"
	"P417" [label="P"]
	"En416" -> "P417"
	"num418" [label="num",style=filled,fillcolor=powderblue]
	"P417" -> "num418"
	"Mn419" [label="Mn"]
	"En416" -> "Mn419"
	"e420" [label="e"]
	"Mn419" -> "e420"
	"Tn421" [label="Tn"]
	"T415" -> "Tn421"
	"e422" [label="e"]
	"Tn421" -> "e422"
	"En423" [label="En"]
	"Expression414" -> "En423"
	"e424" [label="e"]
	"En423" -> "e424"
	"]425" [label="]",style=filled,fillcolor=powderblue]
	"P411" -> "]425"
	"Mn426" [label="Mn"]
	"En410" -> "Mn426"

	"e427" [label="e"]
	"Mn426" -> "e427"
	"Tn428" [label="Tn"]
	"T409" -> "Tn428"
	"e429" [label="e"]
	"Tn428" -> "e429"
	"En430" [label="En"]
	"Expression408" -> "En430"
	"e431" [label="e"]
	"En430" -> "e431"
	"Statements432" [label="Statements"]
	"Statements402" -> "Statements432"
	"Statement433" [label="Statement"]
	"Statements432" -> "Statement433"
	"Print434" [label="Print"]
	"Statement433" -> "Print434"
	"print435" [label="print",style=filled,fillcolor=powderblue]
	"Print434" -> "print435"
	"Expression436" [label="Expression"]
	"Print434" -> "Expression436"
	"T437" [label="T"]
	"Expression436" -> "T437"
	"En438" [label="En"]
	"T437" -> "En438"
	"P439" [label="P"]
	"En438" -> "P439"
	"m440" [label="m",style=filled,fillcolor=powderblue]
	"P439" -> "m440"
	"[441" [label="[",style=filled,fillcolor=powderblue]
	"P439" -> "[441"
	"Expression442" [label="Expression"]
	"P439" -> "Expression442"
	"T443" [label="T"]
	"Expression442" -> "T443"
	"En444" [label="En"]
	"T443" -> "En444"
	"P445" [label="P"]
	"En444" -> "P445"
	"num446" [label="num",style=filled,fillcolor=powderblue]
	"P445" -> "num446"
	"Mn447" [label="Mn"]
	"En444" -> "Mn447"
	"e448" [label="e"]
	"Mn447" -> "e448"
	"Tn449" [label="Tn"]
	"T443" -> "Tn449"
	"e450" [label="e"]
	"Tn449" -> "e450"
	"En451" [label="En"]
	"Expression442" -> "En451"
	"e452" [label="e"]
	"En451" -> "e452"
	"]453" [label="]",style=filled,fillcolor=powderblue]
	"P439" -> "]453"
	"Mn454" [label="Mn"]
	"En438" -> "Mn454"

	"e455" [label="e"]
	"Mn454" -> "e455"
	"Tn456" [label="Tn"]
	"T437" -> "Tn456"
	"e457" [label="e"]
	"Tn456" -> "e457"
	"En458" [label="En"]
	"Expression436" -> "En458"
	"e459" [label="e"]
	"En458" -> "e459"
	"Statements460" [label="Statements"]
	"Statements432" -> "Statements460"
	"Statement461" [label="Statement"]
	"Statements460" -> "Statement461"
	"Jump462" [label="Jump"]
	"Statement461" -> "Jump462"
	"goto463" [label="goto",style=filled,fillcolor=powderblue]
	"Jump462" -> "goto463"
	"num464" [label="num",style=filled,fillcolor=powderblue]
	"Jump462" -> "num464"

	"Statements465" [label="Statements"]
	"Statements460" -> "Statements465"
	"Statement466" [label="Statement"]
	"Statements465" -> "Statement466"
	"Print467" [label="Print"]
	"Statement466" -> "Print467"
	"print468" [label="print",style=filled,fillcolor=powderblue]
	"Print467" -> "print468"
	"Expression469" [label="Expression"]
	"Print467" -> "Expression469"
	"T470" [label="T"]
	"Expression469" -> "T470"
	"En471" [label="En"]
	"T470" -> "En471"
	"P472" [label="P"]
	"En471" -> "P472"
	"m473" [label="m",style=filled,fillcolor=powderblue]
	"P472" -> "m473"
	"[474" [label="[",style=filled,fillcolor=powderblue]
	"P472" -> "[474"
	"Expression475" [label="Expression"]
	"P472" -> "Expression475"
	"T476" [label="T"]
	"Expression475" -> "T476"
	"En477" [label="En"]
	"T476" -> "En477"
	"P478" [label="P"]
	"En477" -> "P478"
	"num479" [label="num",style=filled,fillcolor=powderblue]
	"P478" -> "num479"
	"Mn480" [label="Mn"]
	"En477" -> "Mn480"
	"e481" [label="e"]
	"Mn480" -> "e481"
	"Tn482" [label="Tn"]
	"T476" -> "Tn482"
	"e483" [label="e"]
	"Tn482" -> "e483"
	"En484" [label="En"]
	"Expression475" -> "En484"
	"e485" [label="e"]
	"En484" -> "e485"
	"]486" [label="]",style=filled,fillcolor=powderblue]
	"P472" -> "]486"
	"Mn487" [label="Mn"]
	"En471" -> "Mn487"

	"e488" [label="e"]
	"Mn487" -> "e488"
	"Tn489" [label="Tn"]
	"T470" -> "Tn489"
	"e490" [label="e"]
	"Tn489" -> "e490"
	"En491" [label="En"]
	"Expression469" -> "En491"
	"e492" [label="e"]
	"En491" -> "e492"
	"Statements493" [label="Statements"]
	"Statements465" -> "Statements493"
	"Statement494" [label="Statement"]
	"Statements493" -> "Statement494"
	"Label495" [label="Label"]
	"Statement494" -> "Label495"
	"L496" [label="L",style=filled,fillcolor=powderblue]
	"Label495" -> "L496"
	"num497" [label="num",style=filled,fillcolor=powderblue]
	"Label495" -> "num497"
	":498" [label=":",style=filled,fillcolor=powderblue]
	"Label495" -> ":498"
	"Statements499" [label="Statements"]
	"Statements493" -> "Statements499"

	"Statement500" [label="Statement"]
	"Statements499" -> "Statement500"
	"Print501" [label="Print"]
	"Statement500" -> "Print501"
	"print502" [label="print",style=filled,fillcolor=powderblue]
	"Print501" -> "print502"
	"Expression503" [label="Expression"]
	"Print501" -> "Expression503"
	"T504" [label="T"]
	"Expression503" -> "T504"
	"En505" [label="En"]
	"T504" -> "En505"
	"P506" [label="P"]
	"En505" -> "P506"
	"m507" [label="m",style=filled,fillcolor=powderblue]
	"P506" -> "m507"
	"[508" [label="[",style=filled,fillcolor=powderblue]
	"P506" -> "[508"
	"Expression509" [label="Expression"]
	"P506" -> "Expression509"
	"T510" [label="T"]
	"Expression509" -> "T510"
	"En511" [label="En"]
	"T510" -> "En511"
	"P512" [label="P"]
	"En511" -> "P512"
	"num513" [label="num",style=filled,fillcolor=powderblue]
	"P512" -> "num513"
	"Mn514" [label="Mn"]
	"En511" -> "Mn514"
	"e515" [label="e"]
	"Mn514" -> "e515"
	"Tn516" [label="Tn"]
	"T510" -> "Tn516"
	"e517" [label="e"]
	"Tn516" -> "e517"
	"En518" [label="En"]
	"Expression509" -> "En518"
	"e519" [label="e"]
	"En518" -> "e519"
	"]520" [label="]",style=filled,fillcolor=powderblue]
	"P506" -> "]520"
	"Mn521" [label="Mn"]
	"En505" -> "Mn521"
	"e522" [label="e"]
	"Mn521" -> "e522"
	"Tn523" [label="Tn"]
	"T504" -> "Tn523"
	"e524" [label="e"]
	"Tn523" -> "e524"
	"En525" [label="En"]
	"Expression503" -> "En525"
	"e526" [label="e"]
	"En525" -> "e526"
	"Statements527" [label="Statements"]
	"Statements499" -> "Statements527"
	"e528" [label="e"]
	"Statements527" -> "e528"
};
