digraph G {
	"Start1" [label="Start"]
	"Statements2" [label="Statements"]
	"Start1" -> "Statements2"
	"Statement3" [label="Statement"]
	"Statements2" -> "Statement3"
	"Assignment4" [label="Assignment"]
	"Statement3" -> "Assignment4"
	"m5" [label="m",style=filled,fillcolor=powderblue]
	"Assignment4" -> "m5"
	"[6" [label="[",style=filled,fillcolor=powderblue]
	"Assignment4" -> "[6"
	"Expression7" [label="Expression"]
	"Assignment4" -> "Expression7"
	"T8" [label="T"]
	"Expression7" -> "T8"
	"En9" [label="En"]
	"T8" -> "En9"
	"P10" [label="P"]
	"En9" -> "P10"
	"num11" [label="num",style=filled,fillcolor=powderblue]
	"P10" -> "num11"
	"Mn12" [label="Mn"]
	"En9" -> "Mn12"
	"e13" [label="e"]
	"Mn12" -> "e13"
	"Tn14" [label="Tn"]
	"T8" -> "Tn14"
	"e15" [label="e"]
	"Tn14" -> "e15"
	"En16" [label="En"]
	"Expression7" -> "En16"
	"e17" [label="e"]
	"En16" -> "e17"
	"]18" [label="]",style=filled,fillcolor=powderblue]
	"Assignment4" -> "]18"
	"=19" [label="=",style=filled,fillcolor=powderblue]
	"Assignment4" -> "=19"
	"Expression20" [label="Expression"]
	"Assignment4" -> "Expression20"
	"T21" [label="T"]
	"Expression20" -> "T21"
	"En22" [label="En"]
	"T21" -> "En22"
	"P23" [label="P"]
	"En22" -> "P23"
	"num24" [label="num",style=filled,fillcolor=powderblue]
	"P23" -> "num24"
	"Mn25" [label="Mn"]
	"En22" -> "Mn25"
	"e26" [label="e"]
	"Mn25" -> "e26"
	"Tn27" [label="Tn"]
	"T21" -> "Tn27"
	"/28" [label="/",style=filled,fillcolor=powderblue]
	"Tn27" -> "/28"
	"En29" [label="En"]
	"Tn27" -> "En29"
	"P30" [label="P"]
	"En29" -> "P30"
	"num31" [label="num",style=filled,fillcolor=powderblue]
	"P30" -> "num31"
	"Mn32" [label="Mn"]
	"En29" -> "Mn32"
	"e33" [label="e"]
	"Mn32" -> "e33"
	"Tn34" [label="Tn"]
	"Tn27" -> "Tn34"
	"*35" [label="*",style=filled,fillcolor=powderblue]
	"Tn34" -> "*35"
	"En36" [label="En"]
	"Tn34" -> "En36"
	"P37" [label="P"]
	"En36" -> "P37"
	"num38" [label="num",style=filled,fillcolor=powderblue]
	"P37" -> "num38"

	"Mn39" [label="Mn"]
	"En36" -> "Mn39"
	"e40" [label="e"]
	"Mn39" -> "e40"
	"Tn41" [label="Tn"]
	"Tn34" -> "Tn41"
	"e42" [label="e"]
	"Tn41" -> "e42"
	"En43" [label="En"]
	"Expression20" -> "En43"
	"e44" [label="e"]
	"En43" -> "e44"
	"Statements45" [label="Statements"]
	"Statements2" -> "Statements45"
	"Statement46" [label="Statement"]
	"Statements45" -> "Statement46"
	"Jump47" [label="Jump"]
	"Statement46" -> "Jump47"
	"goto48" [label="goto",style=filled,fillcolor=powderblue]
	"Jump47" -> "goto48"
	"num49" [label="num",style=filled,fillcolor=powderblue]
	"Jump47" -> "num49"

	"Statements50" [label="Statements"]
	"Statements45" -> "Statements50"
	"Statement51" [label="Statement"]
	"Statements50" -> "Statement51"
	"Assignment52" [label="Assignment"]
	"Statement51" -> "Assignment52"
	"m53" [label="m",style=filled,fillcolor=powderblue]
	"Assignment52" -> "m53"
	"[54" [label="[",style=filled,fillcolor=powderblue]
	"Assignment52" -> "[54"
	"Expression55" [label="Expression"]
	"Assignment52" -> "Expression55"
	"T56" [label="T"]
	"Expression55" -> "T56"
	"En57" [label="En"]
	"T56" -> "En57"
	"P58" [label="P"]
	"En57" -> "P58"
	"num59" [label="num",style=filled,fillcolor=powderblue]
	"P58" -> "num59"
	"Mn60" [label="Mn"]
	"En57" -> "Mn60"
	"e61" [label="e"]
	"Mn60" -> "e61"
	"Tn62" [label="Tn"]
	"T56" -> "Tn62"
	"e63" [label="e"]
	"Tn62" -> "e63"
	"En64" [label="En"]
	"Expression55" -> "En64"
	"e65" [label="e"]
	"En64" -> "e65"
	"]66" [label="]",style=filled,fillcolor=powderblue]
	"Assignment52" -> "]66"
	"=67" [label="=",style=filled,fillcolor=powderblue]
	"Assignment52" -> "=67"
	"Expression68" [label="Expression"]
	"Assignment52" -> "Expression68"
	"T69" [label="T"]
	"Expression68" -> "T69"
	"En70" [label="En"]
	"T69" -> "En70"
	"P71" [label="P"]
	"En70" -> "P71"
	"num72" [label="num",style=filled,fillcolor=powderblue]
	"P71" -> "num72"
	"Mn73" [label="Mn"]
	"En70" -> "Mn73"
	"e74" [label="e"]
	"Mn73" -> "e74"
	"Tn75" [label="Tn"]
	"T69" -> "Tn75"
	"e76" [label="e"]
	"Tn75" -> "e76"
	"En77" [label="En"]
	"Expression68" -> "En77"
	"+78" [label="+",style=filled,fillcolor=powderblue]
	"En77" -> "+78"
	"T79" [label="T"]
	"En77" -> "T79"
	"En80" [label="En"]
	"T79" -> "En80"
	"P81" [label="P"]
	"En80" -> "P81"
	"m82" [label="m",style=filled,fillcolor=powderblue]
	"P81" -> "m82"
	"[83" [label="[",style=filled,fillcolor=powderblue]
	"P81" -> "[83"
	"Expression84" [label="Expression"]
	"P81" -> "Expression84"
	"T85" [label="T"]
	"Expression84" -> "T85"
	"En86" [label="En"]
	"T85" -> "En86"
	"P87" [label="P"]
	"En86" -> "P87"
	"num88" [label="num",style=filled,fillcolor=powderblue]
	"P87" -> "num88"
	"Mn89" [label="Mn"]
	"En86" -> "Mn89"
	"e90" [label="e"]
	"Mn89" -> "e90"
	"Tn91" [label="Tn"]
	"T85" -> "Tn91"
	"e92" [label="e"]
	"Tn91" -> "e92"
	"En93" [label="En"]
	"Expression84" -> "En93"
	"e94" [label="e"]
	"En93" -> "e94"
	"]95" [label="]",style=filled,fillcolor=powderblue]
	"P81" -> "]95"
	"Mn96" [label="Mn"]
	"En80" -> "Mn96"

	"e97" [label="e"]
	"Mn96" -> "e97"
	"Tn98" [label="Tn"]
	"T79" -> "Tn98"
	"e99" [label="e"]
	"Tn98" -> "e99"
	"En100" [label="En"]
	"En77" -> "En100"
	"e101" [label="e"]
	"En100" -> "e101"
	"Statements102" [label="Statements"]
	"Statements50" -> "Statements102"
	"Statement103" [label="Statement"]
	"Statements102" -> "Statement103"
	"Assignment104" [label="Assignment"]
	"Statement103" -> "Assignment104"
	"m105" [label="m",style=filled,fillcolor=powderblue]
	"Assignment104" -> "m105"
	"[106" [label="[",style=filled,fillcolor=powderblue]
	"Assignment104" -> "[106"
	"Expression107" [label="Expression"]
	"Assignment104" -> "Expression107"
	"T108" [label="T"]
	"Expression107" -> "T108"
	"En109" [label="En"]
	"T108" -> "En109"
	"P110" [label="P"]
	"En109" -> "P110"
	"num111" [label="num",style=filled,fillcolor=powderblue]
	"P110" -> "num111"
	"Mn112" [label="Mn"]
	"En109" -> "Mn112"
	"e113" [label="e"]
	"Mn112" -> "e113"
	"Tn114" [label="Tn"]
	"T108" -> "Tn114"
	"e115" [label="e"]
	"Tn114" -> "e115"
	"En116" [label="En"]
	"Expression107" -> "En116"
	"e117" [label="e"]
	"En116" -> "e117"
	"]118" [label="]",style=filled,fillcolor=powderblue]
	"Assignment104" -> "]118"
	"=119" [label="=",style=filled,fillcolor=powderblue]
	"Assignment104" -> "=119"
	"Expression120" [label="Expression"]
	"Assignment104" -> "Expression120"
	"T121" [label="T"]
	"Expression120" -> "T121"
	"En122" [label="En"]
	"T121" -> "En122"
	"P123" [label="P"]
	"En122" -> "P123"
	"num124" [label="num",style=filled,fillcolor=powderblue]
	"P123" -> "num124"
	"Mn125" [label="Mn"]
	"En122" -> "Mn125"
	"e126" [label="e"]
	"Mn125" -> "e126"
	"Tn127" [label="Tn"]
	"T121" -> "Tn127"
	"e128" [label="e"]
	"Tn127" -> "e128"
	"En129" [label="En"]
	"Expression120" -> "En129"
	"-130" [label="-",style=filled,fillcolor=powderblue]
	"En129" -> "-130"
	"T131" [label="T"]
	"En129" -> "T131"
	"En132" [label="En"]
	"T131" -> "En132"
	"P133" [label="P"]
	"En132" -> "P133"
	"m134" [label="m",style=filled,fillcolor=powderblue]
	"P133" -> "m134"
	"[135" [label="[",style=filled,fillcolor=powderblue]
	"P133" -> "[135"
	"Expression136" [label="Expression"]
	"P133" -> "Expression136"
	"T137" [label="T"]
	"Expression136" -> "T137"
	"En138" [label="En"]
	"T137" -> "En138"
	"P139" [label="P"]
	"En138" -> "P139"
	"num140" [label="num",style=filled,fillcolor=powderblue]
	"P139" -> "num140"
	"Mn141" [label="Mn"]
	"En138" -> "Mn141"
	"**142" [label="**",style=filled,fillcolor=powderblue]
	"Mn141" -> "**142"
	"P143" [label="P"]
	"Mn141" -> "P143"
	"num144" [label="num",style=filled,fillcolor=powderblue]
	"P143" -> "num144"
	"Mn145" [label="Mn"]
	"Mn141" -> "Mn145"
	"e146" [label="e"]
	"Mn145" -> "e146"
	"Tn147" [label="Tn"]
	"T137" -> "Tn147"
	"*148" [label="*",style=filled,fillcolor=powderblue]
	"Tn147" -> "*148"
	"En149" [label="En"]
	"Tn147" -> "En149"
	"P150" [label="P"]
	"En149" -> "P150"
	"num151" [label="num",style=filled,fillcolor=powderblue]
	"P150" -> "num151"
	"Mn152" [label="Mn"]
	"En149" -> "Mn152"
	"e153" [label="e"]
	"Mn152" -> "e153"
	"Tn154" [label="Tn"]
	"Tn147" -> "Tn154"
	"e155" [label="e"]
	"Tn154" -> "e155"
	"En156" [label="En"]
	"Expression136" -> "En156"
	"-157" [label="-",style=filled,fillcolor=powderblue]
	"En156" -> "-157"
	"T158" [label="T"]
	"En156" -> "T158"
	"En159" [label="En"]
	"T158" -> "En159"
	"P160" [label="P"]
	"En159" -> "P160"
	"num161" [label="num",style=filled,fillcolor=powderblue]
	"P160" -> "num161"
	"Mn162" [label="Mn"]
	"En159" -> "Mn162"
	"e163" [label="e"]
	"Mn162" -> "e163"
	"Tn164" [label="Tn"]
	"T158" -> "Tn164"
	"e165" [label="e"]
	"Tn164" -> "e165"
	"En166" [label="En"]
	"En156" -> "En166"
	"e167" [label="e"]
	"En166" -> "e167"
	"]168" [label="]",style=filled,fillcolor=powderblue]
	"P133" -> "]168"
	"Mn169" [label="Mn"]
	"En132" -> "Mn169"
	"e170" [label="e"]
	"Mn169" -> "e170"
	"Tn171" [label="Tn"]
	"T131" -> "Tn171"
	"e172" [label="e"]
	"Tn171" -> "e172"
	"En173" [label="En"]
	"En129" -> "En173"
	"-174" [label="-",style=filled,fillcolor=powderblue]
	"En173" -> "-174"
	"T175" [label="T"]
	"En173" -> "T175"
	"En176" [label="En"]
	"T175" -> "En176"
	"P177" [label="P"]
	"En176" -> "P177"
	"num178" [label="num",style=filled,fillcolor=powderblue]
	"P177" -> "num178"

	"Mn179" [label="Mn"]
	"En176" -> "Mn179"
	"e180" [label="e"]
	"Mn179" -> "e180"
	"Tn181" [label="Tn"]
	"T175" -> "Tn181"
	"e182" [label="e"]
	"Tn181" -> "e182"
	"En183" [label="En"]
	"En173" -> "En183"
	"e184" [label="e"]
	"En183" -> "e184"
	"Statements185" [label="Statements"]
	"Statements102" -> "Statements185"
	"Statement186" [label="Statement"]
	"Statements185" -> "Statement186"
	"Label187" [label="Label"]
	"Statement186" -> "Label187"
	"L188" [label="L",style=filled,fillcolor=powderblue]
	"Label187" -> "L188"
	"num189" [label="num",style=filled,fillcolor=powderblue]
	"Label187" -> "num189"
	":190" [label=":",style=filled,fillcolor=powderblue]
	"Label187" -> ":190"
	"Statements191" [label="Statements"]
	"Statements185" -> "Statements191"

	"Statement192" [label="Statement"]
	"Statements191" -> "Statement192"
	"Assignment193" [label="Assignment"]
	"Statement192" -> "Assignment193"
	"m194" [label="m",style=filled,fillcolor=powderblue]
	"Assignment193" -> "m194"
	"[195" [label="[",style=filled,fillcolor=powderblue]
	"Assignment193" -> "[195"
	"Expression196" [label="Expression"]
	"Assignment193" -> "Expression196"
	"T197" [label="T"]
	"Expression196" -> "T197"
	"En198" [label="En"]
	"T197" -> "En198"
	"P199" [label="P"]
	"En198" -> "P199"
	"num200" [label="num",style=filled,fillcolor=powderblue]
	"P199" -> "num200"
	"Mn201" [label="Mn"]
	"En198" -> "Mn201"
	"e202" [label="e"]
	"Mn201" -> "e202"
	"Tn203" [label="Tn"]
	"T197" -> "Tn203"
	"e204" [label="e"]
	"Tn203" -> "e204"
	"En205" [label="En"]
	"Expression196" -> "En205"
	"e206" [label="e"]
	"En205" -> "e206"
	"]207" [label="]",style=filled,fillcolor=powderblue]
	"Assignment193" -> "]207"
	"=208" [label="=",style=filled,fillcolor=powderblue]
	"Assignment193" -> "=208"
	"Expression209" [label="Expression"]
	"Assignment193" -> "Expression209"
	"T210" [label="T"]
	"Expression209" -> "T210"
	"En211" [label="En"]
	"T210" -> "En211"
	"P212" [label="P"]
	"En211" -> "P212"
	"num213" [label="num",style=filled,fillcolor=powderblue]
	"P212" -> "num213"
	"Mn214" [label="Mn"]
	"En211" -> "Mn214"
	"e215" [label="e"]
	"Mn214" -> "e215"
	"Tn216" [label="Tn"]
	"T210" -> "Tn216"
	"e217" [label="e"]
	"Tn216" -> "e217"
	"En218" [label="En"]
	"Expression209" -> "En218"
	"-219" [label="-",style=filled,fillcolor=powderblue]
	"En218" -> "-219"
	"T220" [label="T"]
	"En218" -> "T220"
	"En221" [label="En"]
	"T220" -> "En221"
	"P222" [label="P"]
	"En221" -> "P222"
	"(223" [label="(",style=filled,fillcolor=powderblue]
	"P222" -> "(223"
	"Expression224" [label="Expression"]
	"P222" -> "Expression224"
	"T225" [label="T"]
	"Expression224" -> "T225"
	"En226" [label="En"]
	"T225" -> "En226"
	"P227" [label="P"]
	"En226" -> "P227"
	"m228" [label="m",style=filled,fillcolor=powderblue]
	"P227" -> "m228"
	"[229" [label="[",style=filled,fillcolor=powderblue]
	"P227" -> "[229"
	"Expression230" [label="Expression"]
	"P227" -> "Expression230"
	"T231" [label="T"]
	"Expression230" -> "T231"
	"En232" [label="En"]
	"T231" -> "En232"
	"P233" [label="P"]
	"En232" -> "P233"
	"num234" [label="num",style=filled,fillcolor=powderblue]
	"P233" -> "num234"
	"Mn235" [label="Mn"]
	"En232" -> "Mn235"
	"e236" [label="e"]
	"Mn235" -> "e236"
	"Tn237" [label="Tn"]
	"T231" -> "Tn237"
	"e238" [label="e"]
	"Tn237" -> "e238"
	"En239" [label="En"]
	"Expression230" -> "En239"
	"e240" [label="e"]
	"En239" -> "e240"
	"]241" [label="]",style=filled,fillcolor=powderblue]
	"P227" -> "]241"
	"Mn242" [label="Mn"]
	"En226" -> "Mn242"
	"e243" [label="e"]
	"Mn242" -> "e243"
	"Tn244" [label="Tn"]
	"T225" -> "Tn244"
	"e245" [label="e"]
	"Tn244" -> "e245"
	"En246" [label="En"]
	"Expression224" -> "En246"
	"-247" [label="-",style=filled,fillcolor=powderblue]
	"En246" -> "-247"
	"T248" [label="T"]
	"En246" -> "T248"
	"En249" [label="En"]
	"T248" -> "En249"
	"P250" [label="P"]
	"En249" -> "P250"
	"num251" [label="num",style=filled,fillcolor=powderblue]
	"P250" -> "num251"
	"Mn252" [label="Mn"]
	"En249" -> "Mn252"
	"e253" [label="e"]
	"Mn252" -> "e253"
	"Tn254" [label="Tn"]
	"T248" -> "Tn254"
	"e255" [label="e"]
	"Tn254" -> "e255"
	"En256" [label="En"]
	"En246" -> "En256"
	"e257" [label="e"]
	"En256" -> "e257"
	")258" [label=")",style=filled,fillcolor=powderblue]
	"P222" -> ")258"
	"Mn259" [label="Mn"]
	"En221" -> "Mn259"

	"e260" [label="e"]
	"Mn259" -> "e260"
	"Tn261" [label="Tn"]
	"T220" -> "Tn261"
	"e262" [label="e"]
	"Tn261" -> "e262"
	"En263" [label="En"]
	"En218" -> "En263"
	"e264" [label="e"]
	"En263" -> "e264"
	"Statements265" [label="Statements"]
	"Statements191" -> "Statements265"
	"Statement266" [label="Statement"]
	"Statements265" -> "Statement266"
	"Assignment267" [label="Assignment"]
	"Statement266" -> "Assignment267"
	"m268" [label="m",style=filled,fillcolor=powderblue]
	"Assignment267" -> "m268"
	"[269" [label="[",style=filled,fillcolor=powderblue]
	"Assignment267" -> "[269"
	"Expression270" [label="Expression"]
	"Assignment267" -> "Expression270"
	"T271" [label="T"]
	"Expression270" -> "T271"
	"En272" [label="En"]
	"T271" -> "En272"
	"P273" [label="P"]
	"En272" -> "P273"
	"num274" [label="num",style=filled,fillcolor=powderblue]
	"P273" -> "num274"
	"Mn275" [label="Mn"]
	"En272" -> "Mn275"
	"e276" [label="e"]
	"Mn275" -> "e276"
	"Tn277" [label="Tn"]
	"T271" -> "Tn277"
	"e278" [label="e"]
	"Tn277" -> "e278"
	"En279" [label="En"]
	"Expression270" -> "En279"
	"e280" [label="e"]
	"En279" -> "e280"
	"]281" [label="]",style=filled,fillcolor=powderblue]
	"Assignment267" -> "]281"
	"=282" [label="=",style=filled,fillcolor=powderblue]
	"Assignment267" -> "=282"
	"Expression283" [label="Expression"]
	"Assignment267" -> "Expression283"
	"T284" [label="T"]
	"Expression283" -> "T284"
	"En285" [label="En"]
	"T284" -> "En285"
	"P286" [label="P"]
	"En285" -> "P286"
	"num287" [label="num",style=filled,fillcolor=powderblue]
	"P286" -> "num287"
	"Mn288" [label="Mn"]
	"En285" -> "Mn288"
	"e289" [label="e"]
	"Mn288" -> "e289"
	"Tn290" [label="Tn"]
	"T284" -> "Tn290"
	"/291" [label="/",style=filled,fillcolor=powderblue]
	"Tn290" -> "/291"
	"En292" [label="En"]
	"Tn290" -> "En292"
	"P293" [label="P"]
	"En292" -> "P293"
	"num294" [label="num",style=filled,fillcolor=powderblue]
	"P293" -> "num294"
	"Mn295" [label="Mn"]
	"En292" -> "Mn295"
	"e296" [label="e"]
	"Mn295" -> "e296"
	"Tn297" [label="Tn"]
	"Tn290" -> "Tn297"
	"*298" [label="*",style=filled,fillcolor=powderblue]
	"Tn297" -> "*298"
	"En299" [label="En"]
	"Tn297" -> "En299"
	"P300" [label="P"]
	"En299" -> "P300"
	"num301" [label="num",style=filled,fillcolor=powderblue]
	"P300" -> "num301"

	"Mn302" [label="Mn"]
	"En299" -> "Mn302"
	"e303" [label="e"]
	"Mn302" -> "e303"
	"Tn304" [label="Tn"]
	"Tn297" -> "Tn304"
	"e305" [label="e"]
	"Tn304" -> "e305"
	"En306" [label="En"]
	"Expression283" -> "En306"
	"e307" [label="e"]
	"En306" -> "e307"
	"Statements308" [label="Statements"]
	"Statements265" -> "Statements308"
	"Statement309" [label="Statement"]
	"Statements308" -> "Statement309"
	"Jump310" [label="Jump"]
	"Statement309" -> "Jump310"
	"goto311" [label="goto",style=filled,fillcolor=powderblue]
	"Jump310" -> "goto311"
	"num312" [label="num",style=filled,fillcolor=powderblue]
	"Jump310" -> "num312"

	"Statements313" [label="Statements"]
	"Statements308" -> "Statements313"
	"Statement314" [label="Statement"]
	"Statements313" -> "Statement314"
	"Assignment315" [label="Assignment"]
	"Statement314" -> "Assignment315"
	"m316" [label="m",style=filled,fillcolor=powderblue]
	"Assignment315" -> "m316"
	"[317" [label="[",style=filled,fillcolor=powderblue]
	"Assignment315" -> "[317"
	"Expression318" [label="Expression"]
	"Assignment315" -> "Expression318"
	"T319" [label="T"]
	"Expression318" -> "T319"
	"En320" [label="En"]
	"T319" -> "En320"
	"P321" [label="P"]
	"En320" -> "P321"
	"num322" [label="num",style=filled,fillcolor=powderblue]
	"P321" -> "num322"
	"Mn323" [label="Mn"]
	"En320" -> "Mn323"
	"e324" [label="e"]
	"Mn323" -> "e324"
	"Tn325" [label="Tn"]
	"T319" -> "Tn325"
	"e326" [label="e"]
	"Tn325" -> "e326"
	"En327" [label="En"]
	"Expression318" -> "En327"
	"e328" [label="e"]
	"En327" -> "e328"
	"]329" [label="]",style=filled,fillcolor=powderblue]
	"Assignment315" -> "]329"
	"=330" [label="=",style=filled,fillcolor=powderblue]
	"Assignment315" -> "=330"
	"Expression331" [label="Expression"]
	"Assignment315" -> "Expression331"
	"T332" [label="T"]
	"Expression331" -> "T332"
	"En333" [label="En"]
	"T332" -> "En333"
	"P334" [label="P"]
	"En333" -> "P334"
	"num335" [label="num",style=filled,fillcolor=powderblue]
	"P334" -> "num335"
	"Mn336" [label="Mn"]
	"En333" -> "Mn336"
	"e337" [label="e"]
	"Mn336" -> "e337"
	"Tn338" [label="Tn"]
	"T332" -> "Tn338"
	"e339" [label="e"]
	"Tn338" -> "e339"
	"En340" [label="En"]
	"Expression331" -> "En340"
	"+341" [label="+",style=filled,fillcolor=powderblue]
	"En340" -> "+341"
	"T342" [label="T"]
	"En340" -> "T342"
	"En343" [label="En"]
	"T342" -> "En343"
	"P344" [label="P"]
	"En343" -> "P344"
	"m345" [label="m",style=filled,fillcolor=powderblue]
	"P344" -> "m345"
	"[346" [label="[",style=filled,fillcolor=powderblue]
	"P344" -> "[346"
	"Expression347" [label="Expression"]
	"P344" -> "Expression347"
	"T348" [label="T"]
	"Expression347" -> "T348"
	"En349" [label="En"]
	"T348" -> "En349"
	"P350" [label="P"]
	"En349" -> "P350"
	"num351" [label="num",style=filled,fillcolor=powderblue]
	"P350" -> "num351"
	"Mn352" [label="Mn"]
	"En349" -> "Mn352"
	"e353" [label="e"]
	"Mn352" -> "e353"
	"Tn354" [label="Tn"]
	"T348" -> "Tn354"
	"e355" [label="e"]
	"Tn354" -> "e355"
	"En356" [label="En"]
	"Expression347" -> "En356"
	"e357" [label="e"]
	"En356" -> "e357"
	"]358" [label="]",style=filled,fillcolor=powderblue]
	"P344" -> "]358"
	"Mn359" [label="Mn"]
	"En343" -> "Mn359"

	"e360" [label="e"]
	"Mn359" -> "e360"
	"Tn361" [label="Tn"]
	"T342" -> "Tn361"
	"e362" [label="e"]
	"Tn361" -> "e362"
	"En363" [label="En"]
	"En340" -> "En363"
	"e364" [label="e"]
	"En363" -> "e364"
	"Statements365" [label="Statements"]
	"Statements313" -> "Statements365"
	"Statement366" [label="Statement"]
	"Statements365" -> "Statement366"
	"Jump367" [label="Jump"]
	"Statement366" -> "Jump367"
	"goto368" [label="goto",style=filled,fillcolor=powderblue]
	"Jump367" -> "goto368"
	"num369" [label="num",style=filled,fillcolor=powderblue]
	"Jump367" -> "num369"
	"if370" [label="if",style=filled,fillcolor=powderblue]
	"Jump367" -> "if370"
	"Expression371" [label="Expression"]
	"Jump367" -> "Expression371"
	"T372" [label="T"]
	"Expression371" -> "T372"
	"En373" [label="En"]
	"T372" -> "En373"
	"P374" [label="P"]
	"En373" -> "P374"
	"m375" [label="m",style=filled,fillcolor=powderblue]
	"P374" -> "m375"
	"[376" [label="[",style=filled,fillcolor=powderblue]
	"P374" -> "[376"
	"Expression377" [label="Expression"]
	"P374" -> "Expression377"
	"T378" [label="T"]
	"Expression377" -> "T378"
	"En379" [label="En"]
	"T378" -> "En379"
	"P380" [label="P"]
	"En379" -> "P380"
	"num381" [label="num",style=filled,fillcolor=powderblue]
	"P380" -> "num381"
	"Mn382" [label="Mn"]
	"En379" -> "Mn382"
	"e383" [label="e"]
	"Mn382" -> "e383"
	"Tn384" [label="Tn"]
	"T378" -> "Tn384"
	"e385" [label="e"]
	"Tn384" -> "e385"
	"En386" [label="En"]
	"Expression377" -> "En386"
	"e387" [label="e"]
	"En386" -> "e387"
	"]388" [label="]",style=filled,fillcolor=powderblue]
	"P374" -> "]388"
	"Mn389" [label="Mn"]
	"En373" -> "Mn389"

	"e390" [label="e"]
	"Mn389" -> "e390"
	"Tn391" [label="Tn"]
	"T372" -> "Tn391"
	"e392" [label="e"]
	"Tn391" -> "e392"
	"En393" [label="En"]
	"Expression371" -> "En393"
	"e394" [label="e"]
	"En393" -> "e394"
	"Statements395" [label="Statements"]
	"Statements365" -> "Statements395"
	"Statement396" [label="Statement"]
	"Statements395" -> "Statement396"
	"Assignment397" [label="Assignment"]
	"Statement396" -> "Assignment397"
	"m398" [label="m",style=filled,fillcolor=powderblue]
	"Assignment397" -> "m398"
	"[399" [label="[",style=filled,fillcolor=powderblue]
	"Assignment397" -> "[399"
	"Expression400" [label="Expression"]
	"Assignment397" -> "Expression400"
	"T401" [label="T"]
	"Expression400" -> "T401"
	"En402" [label="En"]
	"T401" -> "En402"
	"P403" [label="P"]
	"En402" -> "P403"
	"num404" [label="num",style=filled,fillcolor=powderblue]
	"P403" -> "num404"
	"Mn405" [label="Mn"]
	"En402" -> "Mn405"
	"e406" [label="e"]
	"Mn405" -> "e406"
	"Tn407" [label="Tn"]
	"T401" -> "Tn407"
	"e408" [label="e"]
	"Tn407" -> "e408"
	"En409" [label="En"]
	"Expression400" -> "En409"
	"e410" [label="e"]
	"En409" -> "e410"
	"]411" [label="]",style=filled,fillcolor=powderblue]
	"Assignment397" -> "]411"
	"=412" [label="=",style=filled,fillcolor=powderblue]
	"Assignment397" -> "=412"
	"Expression413" [label="Expression"]
	"Assignment397" -> "Expression413"
	"T414" [label="T"]
	"Expression413" -> "T414"
	"En415" [label="En"]
	"T414" -> "En415"
	"P416" [label="P"]
	"En415" -> "P416"
	"num417" [label="num",style=filled,fillcolor=powderblue]
	"P416" -> "num417"
	"Mn418" [label="Mn"]
	"En415" -> "Mn418"
	"e419" [label="e"]
	"Mn418" -> "e419"
	"Tn420" [label="Tn"]
	"T414" -> "Tn420"
	"e421" [label="e"]
	"Tn420" -> "e421"
	"En422" [label="En"]
	"Expression413" -> "En422"
	"-423" [label="-",style=filled,fillcolor=powderblue]
	"En422" -> "-423"
	"T424" [label="T"]
	"En422" -> "T424"
	"En425" [label="En"]
	"T424" -> "En425"
	"P426" [label="P"]
	"En425" -> "P426"
	"(427" [label="(",style=filled,fillcolor=powderblue]
	"P426" -> "(427"
	"Expression428" [label="Expression"]
	"P426" -> "Expression428"
	"T429" [label="T"]
	"Expression428" -> "T429"
	"En430" [label="En"]
	"T429" -> "En430"
	"P431" [label="P"]
	"En430" -> "P431"
	"m432" [label="m",style=filled,fillcolor=powderblue]
	"P431" -> "m432"
	"[433" [label="[",style=filled,fillcolor=powderblue]
	"P431" -> "[433"
	"Expression434" [label="Expression"]
	"P431" -> "Expression434"
	"T435" [label="T"]
	"Expression434" -> "T435"
	"En436" [label="En"]
	"T435" -> "En436"
	"P437" [label="P"]
	"En436" -> "P437"
	"num438" [label="num",style=filled,fillcolor=powderblue]
	"P437" -> "num438"
	"Mn439" [label="Mn"]
	"En436" -> "Mn439"
	"e440" [label="e"]
	"Mn439" -> "e440"
	"Tn441" [label="Tn"]
	"T435" -> "Tn441"
	"e442" [label="e"]
	"Tn441" -> "e442"
	"En443" [label="En"]
	"Expression434" -> "En443"
	"e444" [label="e"]
	"En443" -> "e444"
	"]445" [label="]",style=filled,fillcolor=powderblue]
	"P431" -> "]445"
	"Mn446" [label="Mn"]
	"En430" -> "Mn446"
	"e447" [label="e"]
	"Mn446" -> "e447"
	"Tn448" [label="Tn"]
	"T429" -> "Tn448"
	"e449" [label="e"]
	"Tn448" -> "e449"
	"En450" [label="En"]
	"Expression428" -> "En450"
	"-451" [label="-",style=filled,fillcolor=powderblue]
	"En450" -> "-451"
	"T452" [label="T"]
	"En450" -> "T452"
	"En453" [label="En"]
	"T452" -> "En453"
	"P454" [label="P"]
	"En453" -> "P454"
	"num455" [label="num",style=filled,fillcolor=powderblue]
	"P454" -> "num455"
	"Mn456" [label="Mn"]
	"En453" -> "Mn456"
	"e457" [label="e"]
	"Mn456" -> "e457"
	"Tn458" [label="Tn"]
	"T452" -> "Tn458"
	"e459" [label="e"]
	"Tn458" -> "e459"
	"En460" [label="En"]
	"En450" -> "En460"
	"e461" [label="e"]
	"En460" -> "e461"
	")462" [label=")",style=filled,fillcolor=powderblue]
	"P426" -> ")462"
	"Mn463" [label="Mn"]
	"En425" -> "Mn463"

	"e464" [label="e"]
	"Mn463" -> "e464"
	"Tn465" [label="Tn"]
	"T424" -> "Tn465"
	"e466" [label="e"]
	"Tn465" -> "e466"
	"En467" [label="En"]
	"En422" -> "En467"
	"e468" [label="e"]
	"En467" -> "e468"
	"Statements469" [label="Statements"]
	"Statements395" -> "Statements469"
	"Statement470" [label="Statement"]
	"Statements469" -> "Statement470"
	"Assignment471" [label="Assignment"]
	"Statement470" -> "Assignment471"
	"m472" [label="m",style=filled,fillcolor=powderblue]
	"Assignment471" -> "m472"
	"[473" [label="[",style=filled,fillcolor=powderblue]
	"Assignment471" -> "[473"
	"Expression474" [label="Expression"]
	"Assignment471" -> "Expression474"
	"T475" [label="T"]
	"Expression474" -> "T475"
	"En476" [label="En"]
	"T475" -> "En476"
	"P477" [label="P"]
	"En476" -> "P477"
	"num478" [label="num",style=filled,fillcolor=powderblue]
	"P477" -> "num478"
	"Mn479" [label="Mn"]
	"En476" -> "Mn479"
	"e480" [label="e"]
	"Mn479" -> "e480"
	"Tn481" [label="Tn"]
	"T475" -> "Tn481"
	"e482" [label="e"]
	"Tn481" -> "e482"
	"En483" [label="En"]
	"Expression474" -> "En483"
	"e484" [label="e"]
	"En483" -> "e484"
	"]485" [label="]",style=filled,fillcolor=powderblue]
	"Assignment471" -> "]485"
	"=486" [label="=",style=filled,fillcolor=powderblue]
	"Assignment471" -> "=486"
	"Expression487" [label="Expression"]
	"Assignment471" -> "Expression487"
	"T488" [label="T"]
	"Expression487" -> "T488"
	"En489" [label="En"]
	"T488" -> "En489"
	"P490" [label="P"]
	"En489" -> "P490"
	"num491" [label="num",style=filled,fillcolor=powderblue]
	"P490" -> "num491"
	"Mn492" [label="Mn"]
	"En489" -> "Mn492"
	"e493" [label="e"]
	"Mn492" -> "e493"
	"Tn494" [label="Tn"]
	"T488" -> "Tn494"
	"e495" [label="e"]
	"Tn494" -> "e495"
	"En496" [label="En"]
	"Expression487" -> "En496"
	"+497" [label="+",style=filled,fillcolor=powderblue]
	"En496" -> "+497"
	"T498" [label="T"]
	"En496" -> "T498"
	"En499" [label="En"]
	"T498" -> "En499"
	"P500" [label="P"]
	"En499" -> "P500"
	"m501" [label="m",style=filled,fillcolor=powderblue]
	"P500" -> "m501"
	"[502" [label="[",style=filled,fillcolor=powderblue]
	"P500" -> "[502"
	"Expression503" [label="Expression"]
	"P500" -> "Expression503"
	"T504" [label="T"]
	"Expression503" -> "T504"
	"En505" [label="En"]
	"T504" -> "En505"
	"P506" [label="P"]
	"En505" -> "P506"
	"num507" [label="num",style=filled,fillcolor=powderblue]
	"P506" -> "num507"
	"Mn508" [label="Mn"]
	"En505" -> "Mn508"
	"e509" [label="e"]
	"Mn508" -> "e509"
	"Tn510" [label="Tn"]
	"T504" -> "Tn510"
	"e511" [label="e"]
	"Tn510" -> "e511"
	"En512" [label="En"]
	"Expression503" -> "En512"
	"e513" [label="e"]
	"En512" -> "e513"
	"]514" [label="]",style=filled,fillcolor=powderblue]
	"P500" -> "]514"
	"Mn515" [label="Mn"]
	"En499" -> "Mn515"

	"e516" [label="e"]
	"Mn515" -> "e516"
	"Tn517" [label="Tn"]
	"T498" -> "Tn517"
	"e518" [label="e"]
	"Tn517" -> "e518"
	"En519" [label="En"]
	"En496" -> "En519"
	"e520" [label="e"]
	"En519" -> "e520"
	"Statements521" [label="Statements"]
	"Statements469" -> "Statements521"
	"Statement522" [label="Statement"]
	"Statements521" -> "Statement522"
	"Jump523" [label="Jump"]
	"Statement522" -> "Jump523"
	"goto524" [label="goto",style=filled,fillcolor=powderblue]
	"Jump523" -> "goto524"
	"num525" [label="num",style=filled,fillcolor=powderblue]
	"Jump523" -> "num525"
	"if526" [label="if",style=filled,fillcolor=powderblue]
	"Jump523" -> "if526"
	"Expression527" [label="Expression"]
	"Jump523" -> "Expression527"
	"T528" [label="T"]
	"Expression527" -> "T528"
	"En529" [label="En"]
	"T528" -> "En529"
	"P530" [label="P"]
	"En529" -> "P530"
	"m531" [label="m",style=filled,fillcolor=powderblue]
	"P530" -> "m531"
	"[532" [label="[",style=filled,fillcolor=powderblue]
	"P530" -> "[532"
	"Expression533" [label="Expression"]
	"P530" -> "Expression533"
	"T534" [label="T"]
	"Expression533" -> "T534"
	"En535" [label="En"]
	"T534" -> "En535"
	"P536" [label="P"]
	"En535" -> "P536"
	"num537" [label="num",style=filled,fillcolor=powderblue]
	"P536" -> "num537"
	"Mn538" [label="Mn"]
	"En535" -> "Mn538"
	"e539" [label="e"]
	"Mn538" -> "e539"
	"Tn540" [label="Tn"]
	"T534" -> "Tn540"
	"e541" [label="e"]
	"Tn540" -> "e541"
	"En542" [label="En"]
	"Expression533" -> "En542"
	"e543" [label="e"]
	"En542" -> "e543"
	"]544" [label="]",style=filled,fillcolor=powderblue]
	"P530" -> "]544"
	"Mn545" [label="Mn"]
	"En529" -> "Mn545"

	"e546" [label="e"]
	"Mn545" -> "e546"
	"Tn547" [label="Tn"]
	"T528" -> "Tn547"
	"e548" [label="e"]
	"Tn547" -> "e548"
	"En549" [label="En"]
	"Expression527" -> "En549"
	"e550" [label="e"]
	"En549" -> "e550"
	"Statements551" [label="Statements"]
	"Statements521" -> "Statements551"
	"Statement552" [label="Statement"]
	"Statements551" -> "Statement552"
	"Assignment553" [label="Assignment"]
	"Statement552" -> "Assignment553"
	"m554" [label="m",style=filled,fillcolor=powderblue]
	"Assignment553" -> "m554"
	"[555" [label="[",style=filled,fillcolor=powderblue]
	"Assignment553" -> "[555"
	"Expression556" [label="Expression"]
	"Assignment553" -> "Expression556"
	"T557" [label="T"]
	"Expression556" -> "T557"
	"En558" [label="En"]
	"T557" -> "En558"
	"P559" [label="P"]
	"En558" -> "P559"
	"num560" [label="num",style=filled,fillcolor=powderblue]
	"P559" -> "num560"
	"Mn561" [label="Mn"]
	"En558" -> "Mn561"
	"e562" [label="e"]
	"Mn561" -> "e562"
	"Tn563" [label="Tn"]
	"T557" -> "Tn563"
	"e564" [label="e"]
	"Tn563" -> "e564"
	"En565" [label="En"]
	"Expression556" -> "En565"
	"e566" [label="e"]
	"En565" -> "e566"
	"]567" [label="]",style=filled,fillcolor=powderblue]
	"Assignment553" -> "]567"
	"=568" [label="=",style=filled,fillcolor=powderblue]
	"Assignment553" -> "=568"
	"Expression569" [label="Expression"]
	"Assignment553" -> "Expression569"
	"T570" [label="T"]
	"Expression569" -> "T570"
	"En571" [label="En"]
	"T570" -> "En571"
	"P572" [label="P"]
	"En571" -> "P572"
	"num573" [label="num",style=filled,fillcolor=powderblue]
	"P572" -> "num573"
	"Mn574" [label="Mn"]
	"En571" -> "Mn574"
	"e575" [label="e"]
	"Mn574" -> "e575"
	"Tn576" [label="Tn"]
	"T570" -> "Tn576"
	"e577" [label="e"]
	"Tn576" -> "e577"
	"En578" [label="En"]
	"Expression569" -> "En578"
	"-579" [label="-",style=filled,fillcolor=powderblue]
	"En578" -> "-579"
	"T580" [label="T"]
	"En578" -> "T580"
	"En581" [label="En"]
	"T580" -> "En581"
	"P582" [label="P"]
	"En581" -> "P582"
	"m583" [label="m",style=filled,fillcolor=powderblue]
	"P582" -> "m583"
	"[584" [label="[",style=filled,fillcolor=powderblue]
	"P582" -> "[584"
	"Expression585" [label="Expression"]
	"P582" -> "Expression585"
	"T586" [label="T"]
	"Expression585" -> "T586"
	"En587" [label="En"]
	"T586" -> "En587"
	"P588" [label="P"]
	"En587" -> "P588"
	"num589" [label="num",style=filled,fillcolor=powderblue]
	"P588" -> "num589"
	"Mn590" [label="Mn"]
	"En587" -> "Mn590"
	"**591" [label="**",style=filled,fillcolor=powderblue]
	"Mn590" -> "**591"
	"P592" [label="P"]
	"Mn590" -> "P592"
	"num593" [label="num",style=filled,fillcolor=powderblue]
	"P592" -> "num593"
	"Mn594" [label="Mn"]
	"Mn590" -> "Mn594"
	"e595" [label="e"]
	"Mn594" -> "e595"
	"Tn596" [label="Tn"]
	"T586" -> "Tn596"
	"*597" [label="*",style=filled,fillcolor=powderblue]
	"Tn596" -> "*597"
	"En598" [label="En"]
	"Tn596" -> "En598"
	"P599" [label="P"]
	"En598" -> "P599"
	"num600" [label="num",style=filled,fillcolor=powderblue]
	"P599" -> "num600"
	"Mn601" [label="Mn"]
	"En598" -> "Mn601"
	"e602" [label="e"]
	"Mn601" -> "e602"
	"Tn603" [label="Tn"]
	"Tn596" -> "Tn603"
	"e604" [label="e"]
	"Tn603" -> "e604"
	"En605" [label="En"]
	"Expression585" -> "En605"
	"-606" [label="-",style=filled,fillcolor=powderblue]
	"En605" -> "-606"
	"T607" [label="T"]
	"En605" -> "T607"
	"En608" [label="En"]
	"T607" -> "En608"
	"P609" [label="P"]
	"En608" -> "P609"
	"num610" [label="num",style=filled,fillcolor=powderblue]
	"P609" -> "num610"
	"Mn611" [label="Mn"]
	"En608" -> "Mn611"
	"e612" [label="e"]
	"Mn611" -> "e612"
	"Tn613" [label="Tn"]
	"T607" -> "Tn613"
	"e614" [label="e"]
	"Tn613" -> "e614"
	"En615" [label="En"]
	"En605" -> "En615"
	"e616" [label="e"]
	"En615" -> "e616"
	"]617" [label="]",style=filled,fillcolor=powderblue]
	"P582" -> "]617"
	"Mn618" [label="Mn"]
	"En581" -> "Mn618"
	"e619" [label="e"]
	"Mn618" -> "e619"
	"Tn620" [label="Tn"]
	"T580" -> "Tn620"
	"e621" [label="e"]
	"Tn620" -> "e621"
	"En622" [label="En"]
	"En578" -> "En622"
	"-623" [label="-",style=filled,fillcolor=powderblue]
	"En622" -> "-623"
	"T624" [label="T"]
	"En622" -> "T624"
	"En625" [label="En"]
	"T624" -> "En625"
	"P626" [label="P"]
	"En625" -> "P626"
	"num627" [label="num",style=filled,fillcolor=powderblue]
	"P626" -> "num627"

	"Mn628" [label="Mn"]
	"En625" -> "Mn628"
	"e629" [label="e"]
	"Mn628" -> "e629"
	"Tn630" [label="Tn"]
	"T624" -> "Tn630"
	"e631" [label="e"]
	"Tn630" -> "e631"
	"En632" [label="En"]
	"En622" -> "En632"
	"e633" [label="e"]
	"En632" -> "e633"
	"Statements634" [label="Statements"]
	"Statements551" -> "Statements634"
	"Statement635" [label="Statement"]
	"Statements634" -> "Statement635"
	"Label636" [label="Label"]
	"Statement635" -> "Label636"
	"L637" [label="L",style=filled,fillcolor=powderblue]
	"Label636" -> "L637"
	"num638" [label="num",style=filled,fillcolor=powderblue]
	"Label636" -> "num638"
	":639" [label=":",style=filled,fillcolor=powderblue]
	"Label636" -> ":639"
	"Statements640" [label="Statements"]
	"Statements634" -> "Statements640"

	"Statement641" [label="Statement"]
	"Statements640" -> "Statement641"
	"Assignment642" [label="Assignment"]
	"Statement641" -> "Assignment642"
	"m643" [label="m",style=filled,fillcolor=powderblue]
	"Assignment642" -> "m643"
	"[644" [label="[",style=filled,fillcolor=powderblue]
	"Assignment642" -> "[644"
	"Expression645" [label="Expression"]
	"Assignment642" -> "Expression645"
	"T646" [label="T"]
	"Expression645" -> "T646"
	"En647" [label="En"]
	"T646" -> "En647"
	"P648" [label="P"]
	"En647" -> "P648"
	"num649" [label="num",style=filled,fillcolor=powderblue]
	"P648" -> "num649"
	"Mn650" [label="Mn"]
	"En647" -> "Mn650"
	"e651" [label="e"]
	"Mn650" -> "e651"
	"Tn652" [label="Tn"]
	"T646" -> "Tn652"
	"e653" [label="e"]
	"Tn652" -> "e653"
	"En654" [label="En"]
	"Expression645" -> "En654"
	"e655" [label="e"]
	"En654" -> "e655"
	"]656" [label="]",style=filled,fillcolor=powderblue]
	"Assignment642" -> "]656"
	"=657" [label="=",style=filled,fillcolor=powderblue]
	"Assignment642" -> "=657"
	"Expression658" [label="Expression"]
	"Assignment642" -> "Expression658"
	"T659" [label="T"]
	"Expression658" -> "T659"
	"En660" [label="En"]
	"T659" -> "En660"
	"P661" [label="P"]
	"En660" -> "P661"
	"num662" [label="num",style=filled,fillcolor=powderblue]
	"P661" -> "num662"
	"Mn663" [label="Mn"]
	"En660" -> "Mn663"
	"e664" [label="e"]
	"Mn663" -> "e664"
	"Tn665" [label="Tn"]
	"T659" -> "Tn665"
	"e666" [label="e"]
	"Tn665" -> "e666"
	"En667" [label="En"]
	"Expression658" -> "En667"
	"-668" [label="-",style=filled,fillcolor=powderblue]
	"En667" -> "-668"
	"T669" [label="T"]
	"En667" -> "T669"
	"En670" [label="En"]
	"T669" -> "En670"
	"P671" [label="P"]
	"En670" -> "P671"
	"(672" [label="(",style=filled,fillcolor=powderblue]
	"P671" -> "(672"
	"Expression673" [label="Expression"]
	"P671" -> "Expression673"
	"T674" [label="T"]
	"Expression673" -> "T674"
	"En675" [label="En"]
	"T674" -> "En675"
	"P676" [label="P"]
	"En675" -> "P676"
	"m677" [label="m",style=filled,fillcolor=powderblue]
	"P676" -> "m677"
	"[678" [label="[",style=filled,fillcolor=powderblue]
	"P676" -> "[678"
	"Expression679" [label="Expression"]
	"P676" -> "Expression679"
	"T680" [label="T"]
	"Expression679" -> "T680"
	"En681" [label="En"]
	"T680" -> "En681"
	"P682" [label="P"]
	"En681" -> "P682"
	"num683" [label="num",style=filled,fillcolor=powderblue]
	"P682" -> "num683"
	"Mn684" [label="Mn"]
	"En681" -> "Mn684"
	"e685" [label="e"]
	"Mn684" -> "e685"
	"Tn686" [label="Tn"]
	"T680" -> "Tn686"
	"e687" [label="e"]
	"Tn686" -> "e687"
	"En688" [label="En"]
	"Expression679" -> "En688"
	"e689" [label="e"]
	"En688" -> "e689"
	"]690" [label="]",style=filled,fillcolor=powderblue]
	"P676" -> "]690"
	"Mn691" [label="Mn"]
	"En675" -> "Mn691"
	"e692" [label="e"]
	"Mn691" -> "e692"
	"Tn693" [label="Tn"]
	"T674" -> "Tn693"
	"e694" [label="e"]
	"Tn693" -> "e694"
	"En695" [label="En"]
	"Expression673" -> "En695"
	"-696" [label="-",style=filled,fillcolor=powderblue]
	"En695" -> "-696"
	"T697" [label="T"]
	"En695" -> "T697"
	"En698" [label="En"]
	"T697" -> "En698"
	"P699" [label="P"]
	"En698" -> "P699"
	"num700" [label="num",style=filled,fillcolor=powderblue]
	"P699" -> "num700"
	"Mn701" [label="Mn"]
	"En698" -> "Mn701"
	"e702" [label="e"]
	"Mn701" -> "e702"
	"Tn703" [label="Tn"]
	"T697" -> "Tn703"
	"e704" [label="e"]
	"Tn703" -> "e704"
	"En705" [label="En"]
	"En695" -> "En705"
	"e706" [label="e"]
	"En705" -> "e706"
	")707" [label=")",style=filled,fillcolor=powderblue]
	"P671" -> ")707"
	"Mn708" [label="Mn"]
	"En670" -> "Mn708"

	"e709" [label="e"]
	"Mn708" -> "e709"
	"Tn710" [label="Tn"]
	"T669" -> "Tn710"
	"e711" [label="e"]
	"Tn710" -> "e711"
	"En712" [label="En"]
	"En667" -> "En712"
	"e713" [label="e"]
	"En712" -> "e713"
	"Statements714" [label="Statements"]
	"Statements640" -> "Statements714"
	"Statement715" [label="Statement"]
	"Statements714" -> "Statement715"
	"Assignment716" [label="Assignment"]
	"Statement715" -> "Assignment716"
	"m717" [label="m",style=filled,fillcolor=powderblue]
	"Assignment716" -> "m717"
	"[718" [label="[",style=filled,fillcolor=powderblue]
	"Assignment716" -> "[718"
	"Expression719" [label="Expression"]
	"Assignment716" -> "Expression719"
	"T720" [label="T"]
	"Expression719" -> "T720"
	"En721" [label="En"]
	"T720" -> "En721"
	"P722" [label="P"]
	"En721" -> "P722"
	"num723" [label="num",style=filled,fillcolor=powderblue]
	"P722" -> "num723"
	"Mn724" [label="Mn"]
	"En721" -> "Mn724"
	"e725" [label="e"]
	"Mn724" -> "e725"
	"Tn726" [label="Tn"]
	"T720" -> "Tn726"
	"e727" [label="e"]
	"Tn726" -> "e727"
	"En728" [label="En"]
	"Expression719" -> "En728"
	"e729" [label="e"]
	"En728" -> "e729"
	"]730" [label="]",style=filled,fillcolor=powderblue]
	"Assignment716" -> "]730"
	"=731" [label="=",style=filled,fillcolor=powderblue]
	"Assignment716" -> "=731"
	"Expression732" [label="Expression"]
	"Assignment716" -> "Expression732"
	"T733" [label="T"]
	"Expression732" -> "T733"
	"En734" [label="En"]
	"T733" -> "En734"
	"P735" [label="P"]
	"En734" -> "P735"
	"num736" [label="num",style=filled,fillcolor=powderblue]
	"P735" -> "num736"
	"Mn737" [label="Mn"]
	"En734" -> "Mn737"
	"e738" [label="e"]
	"Mn737" -> "e738"
	"Tn739" [label="Tn"]
	"T733" -> "Tn739"
	"/740" [label="/",style=filled,fillcolor=powderblue]
	"Tn739" -> "/740"
	"En741" [label="En"]
	"Tn739" -> "En741"
	"P742" [label="P"]
	"En741" -> "P742"
	"num743" [label="num",style=filled,fillcolor=powderblue]
	"P742" -> "num743"
	"Mn744" [label="Mn"]
	"En741" -> "Mn744"
	"e745" [label="e"]
	"Mn744" -> "e745"
	"Tn746" [label="Tn"]
	"Tn739" -> "Tn746"
	"*747" [label="*",style=filled,fillcolor=powderblue]
	"Tn746" -> "*747"
	"En748" [label="En"]
	"Tn746" -> "En748"
	"P749" [label="P"]
	"En748" -> "P749"
	"num750" [label="num",style=filled,fillcolor=powderblue]
	"P749" -> "num750"
	"Mn751" [label="Mn"]
	"En748" -> "Mn751"
	"e752" [label="e"]
	"Mn751" -> "e752"
	"Tn753" [label="Tn"]
	"Tn746" -> "Tn753"
	"e754" [label="e"]
	"Tn753" -> "e754"
	"En755" [label="En"]
	"Expression732" -> "En755"
	"e756" [label="e"]
	"En755" -> "e756"
	"Statements757" [label="Statements"]
	"Statements714" -> "Statements757"
	"e758" [label="e"]
	"Statements757" -> "e758"
};
