Grammar

    0 $accept: Start $end

    1 Start: Statements

    2 Statements: Statement StatementsTail

    3 StatementsTail: Statement StatementsTail
    4               | /* empty */

    5 Statement: Label
    6          | Jump
    7          | Assignment
    8          | Print

    9 Label: 'l' 'n' ':'

   10 Jump: 'g' 'n' Jumpif

   11 Jumpif: 'i' Expression
   12       | /* empty */

   13 Assignment: 'm' '[' Expression ']' '=' Expression

   14 Print: 'p' Expression

   15 Expression: Term Expression2

   16 Expression2: '+' Term Expression2
   17            | '-' Term Expression2
   18            | /* empty */

   19 Term: Exponent Term2

   20 Term2: '*' Exponent Term2
   21      | '/' Exponent Term2
   22      | /* empty */

   23 Exponent: Factor Exponent2

   24 Exponent2: 'e' Factor Exponent2
   25          | /* empty */

   26 Factor: 'n'
   27       | '(' Expression ')'
   28       | 'm' '[' Expression ']'


Terminals, with rules where they appear

$end (0) 0
'(' (40) 27
')' (41) 27
'*' (42) 20
'+' (43) 16
'-' (45) 17
'/' (47) 21
':' (58) 9
'=' (61) 13
'[' (91) 13 28
']' (93) 13 28
'e' (101) 24
'g' (103) 10
'i' (105) 11
'l' (108) 9
'm' (109) 13 28
'n' (110) 9 10 26
'p' (112) 14
error (256)


Nonterminals, with rules where they appear

$accept (20)
    on left: 0
Start (21)
    on left: 1, on right: 0
Statements (22)
    on left: 2, on right: 1
StatementsTail (23)
    on left: 3 4, on right: 2 3
Statement (24)
    on left: 5 6 7 8, on right: 2 3
Label (25)
    on left: 9, on right: 5
Jump (26)
    on left: 10, on right: 6
Jumpif (27)
    on left: 11 12, on right: 10
Assignment (28)
    on left: 13, on right: 7
Print (29)
    on left: 14, on right: 8
Expression (30)
    on left: 15, on right: 11 13 14 27 28
Expression2 (31)
    on left: 16 17 18, on right: 15 16 17
Term (32)
    on left: 19, on right: 15 16 17
Term2 (33)
    on left: 20 21 22, on right: 19 20 21
Exponent (34)
    on left: 23, on right: 19 20 21
Exponent2 (35)
    on left: 24 25, on right: 23 24
Factor (36)
    on left: 26 27 28, on right: 23 24


state 0

    0 $accept: . Start $end

    'l'  shift, and go to state 1
    'g'  shift, and go to state 2
    'm'  shift, and go to state 3
    'p'  shift, and go to state 4

    Start       go to state 5
    Statements  go to state 6
    Statement   go to state 7
    Label       go to state 8
    Jump        go to state 9
    Assignment  go to state 10
    Print       go to state 11


state 1

    9 Label: 'l' . 'n' ':'

    'n'  shift, and go to state 12


state 2

   10 Jump: 'g' . 'n' Jumpif

    'n'  shift, and go to state 13


state 3

   13 Assignment: 'm' . '[' Expression ']' '=' Expression

    '['  shift, and go to state 14


state 4

   14 Print: 'p' . Expression

    'n'  shift, and go to state 15
    'm'  shift, and go to state 16
    '('  shift, and go to state 17

    Expression  go to state 18
    Term        go to state 19
    Exponent    go to state 20
    Factor      go to state 21


state 5

    0 $accept: Start . $end

    $end  shift, and go to state 22


state 6

    1 Start: Statements .

    $default  reduce using rule 1 (Start)


state 7

    2 Statements: Statement . StatementsTail

    'l'  shift, and go to state 1
    'g'  shift, and go to state 2
    'm'  shift, and go to state 3
    'p'  shift, and go to state 4

    $default  reduce using rule 4 (StatementsTail)

    StatementsTail  go to state 23
    Statement       go to state 24
    Label           go to state 8
    Jump            go to state 9
    Assignment      go to state 10
    Print           go to state 11


state 8

    5 Statement: Label .

    $default  reduce using rule 5 (Statement)


state 9

    6 Statement: Jump .

    $default  reduce using rule 6 (Statement)


state 10

    7 Statement: Assignment .

    $default  reduce using rule 7 (Statement)


state 11

    8 Statement: Print .

    $default  reduce using rule 8 (Statement)


state 12

    9 Label: 'l' 'n' . ':'

    ':'  shift, and go to state 25


state 13

   10 Jump: 'g' 'n' . Jumpif

    'i'  shift, and go to state 26

    $default  reduce using rule 12 (Jumpif)

    Jumpif  go to state 27


state 14

   13 Assignment: 'm' '[' . Expression ']' '=' Expression

    'n'  shift, and go to state 15
    'm'  shift, and go to state 16
    '('  shift, and go to state 17

    Expression  go to state 28
    Term        go to state 19
    Exponent    go to state 20
    Factor      go to state 21


state 15

   26 Factor: 'n' .

    $default  reduce using rule 26 (Factor)


state 16

   28 Factor: 'm' . '[' Expression ']'

    '['  shift, and go to state 29


state 17

   27 Factor: '(' . Expression ')'

    'n'  shift, and go to state 15
    'm'  shift, and go to state 16
    '('  shift, and go to state 17

    Expression  go to state 30
    Term        go to state 19
    Exponent    go to state 20
    Factor      go to state 21


state 18

   14 Print: 'p' Expression .

    $default  reduce using rule 14 (Print)


state 19

   15 Expression: Term . Expression2

    '+'  shift, and go to state 31
    '-'  shift, and go to state 32

    $default  reduce using rule 18 (Expression2)

    Expression2  go to state 33


state 20

   19 Term: Exponent . Term2

    '*'  shift, and go to state 34
    '/'  shift, and go to state 35

    $default  reduce using rule 22 (Term2)

    Term2  go to state 36


state 21

   23 Exponent: Factor . Exponent2

    'e'  shift, and go to state 37

    $default  reduce using rule 25 (Exponent2)

    Exponent2  go to state 38


state 22

    0 $accept: Start $end .

    $default  accept


state 23

    2 Statements: Statement StatementsTail .

    $default  reduce using rule 2 (Statements)


state 24

    3 StatementsTail: Statement . StatementsTail

    'l'  shift, and go to state 1
    'g'  shift, and go to state 2
    'm'  shift, and go to state 3
    'p'  shift, and go to state 4

    $default  reduce using rule 4 (StatementsTail)

    StatementsTail  go to state 39
    Statement       go to state 24
    Label           go to state 8
    Jump            go to state 9
    Assignment      go to state 10
    Print           go to state 11


state 25

    9 Label: 'l' 'n' ':' .

    $default  reduce using rule 9 (Label)


state 26

   11 Jumpif: 'i' . Expression

    'n'  shift, and go to state 15
    'm'  shift, and go to state 16
    '('  shift, and go to state 17

    Expression  go to state 40
    Term        go to state 19
    Exponent    go to state 20
    Factor      go to state 21


state 27

   10 Jump: 'g' 'n' Jumpif .

    $default  reduce using rule 10 (Jump)


state 28

   13 Assignment: 'm' '[' Expression . ']' '=' Expression

    ']'  shift, and go to state 41


state 29

   28 Factor: 'm' '[' . Expression ']'

    'n'  shift, and go to state 15
    'm'  shift, and go to state 16
    '('  shift, and go to state 17

    Expression  go to state 42
    Term        go to state 19
    Exponent    go to state 20
    Factor      go to state 21


state 30

   27 Factor: '(' Expression . ')'

    ')'  shift, and go to state 43


state 31

   16 Expression2: '+' . Term Expression2

    'n'  shift, and go to state 15
    'm'  shift, and go to state 16
    '('  shift, and go to state 17

    Term      go to state 44
    Exponent  go to state 20
    Factor    go to state 21


state 32

   17 Expression2: '-' . Term Expression2

    'n'  shift, and go to state 15
    'm'  shift, and go to state 16
    '('  shift, and go to state 17

    Term      go to state 45
    Exponent  go to state 20
    Factor    go to state 21


state 33

   15 Expression: Term Expression2 .

    $default  reduce using rule 15 (Expression)


state 34

   20 Term2: '*' . Exponent Term2

    'n'  shift, and go to state 15
    'm'  shift, and go to state 16
    '('  shift, and go to state 17

    Exponent  go to state 46
    Factor    go to state 21


state 35

   21 Term2: '/' . Exponent Term2

    'n'  shift, and go to state 15
    'm'  shift, and go to state 16
    '('  shift, and go to state 17

    Exponent  go to state 47
    Factor    go to state 21


state 36

   19 Term: Exponent Term2 .

    $default  reduce using rule 19 (Term)


state 37

   24 Exponent2: 'e' . Factor Exponent2

    'n'  shift, and go to state 15
    'm'  shift, and go to state 16
    '('  shift, and go to state 17

    Factor  go to state 48


state 38

   23 Exponent: Factor Exponent2 .

    $default  reduce using rule 23 (Exponent)


state 39

    3 StatementsTail: Statement StatementsTail .

    $default  reduce using rule 3 (StatementsTail)


state 40

   11 Jumpif: 'i' Expression .

    $default  reduce using rule 11 (Jumpif)


state 41

   13 Assignment: 'm' '[' Expression ']' . '=' Expression

    '='  shift, and go to state 49


state 42

   28 Factor: 'm' '[' Expression . ']'

    ']'  shift, and go to state 50


state 43

   27 Factor: '(' Expression ')' .

    $default  reduce using rule 27 (Factor)


state 44

   16 Expression2: '+' Term . Expression2

    '+'  shift, and go to state 31
    '-'  shift, and go to state 32

    $default  reduce using rule 18 (Expression2)

    Expression2  go to state 51


state 45

   17 Expression2: '-' Term . Expression2

    '+'  shift, and go to state 31
    '-'  shift, and go to state 32

    $default  reduce using rule 18 (Expression2)

    Expression2  go to state 52


state 46

   20 Term2: '*' Exponent . Term2

    '*'  shift, and go to state 34
    '/'  shift, and go to state 35

    $default  reduce using rule 22 (Term2)

    Term2  go to state 53


state 47

   21 Term2: '/' Exponent . Term2

    '*'  shift, and go to state 34
    '/'  shift, and go to state 35

    $default  reduce using rule 22 (Term2)

    Term2  go to state 54


state 48

   24 Exponent2: 'e' Factor . Exponent2

    'e'  shift, and go to state 37

    $default  reduce using rule 25 (Exponent2)

    Exponent2  go to state 55


state 49

   13 Assignment: 'm' '[' Expression ']' '=' . Expression

    'n'  shift, and go to state 15
    'm'  shift, and go to state 16
    '('  shift, and go to state 17

    Expression  go to state 56
    Term        go to state 19
    Exponent    go to state 20
    Factor      go to state 21


state 50

   28 Factor: 'm' '[' Expression ']' .

    $default  reduce using rule 28 (Factor)


state 51

   16 Expression2: '+' Term Expression2 .

    $default  reduce using rule 16 (Expression2)


state 52

   17 Expression2: '-' Term Expression2 .

    $default  reduce using rule 17 (Expression2)


state 53

   20 Term2: '*' Exponent Term2 .

    $default  reduce using rule 20 (Term2)


state 54

   21 Term2: '/' Exponent Term2 .

    $default  reduce using rule 21 (Term2)


state 55

   24 Exponent2: 'e' Factor Exponent2 .

    $default  reduce using rule 24 (Exponent2)


state 56

   13 Assignment: 'm' '[' Expression ']' '=' Expression .

    $default  reduce using rule 13 (Assignment)
