digraph G {
	"Start1" [label="Start"]
	"Statements2" [label="Statements"]
	"Start1" -> "Statements2"
	"Statement3" [label="Statement"]
	"Statements2" -> "Statement3"
	"Assignment4" [label="Assignment"]
	"Statement3" -> "Assignment4"
	"m5" [label="m",style=filled,fillcolor=powderblue]
	"Assignment4" -> "m5"
	"[6" [label="[",style=filled,fillcolor=powderblue]
	"Assignment4" -> "[6"
	"Expression7" [label="Expression"]
	"Assignment4" -> "Expression7"
	"num8" [label="num",style=filled,fillcolor=powderblue]
	"Expression7" -> "num8"
	"Expression'9" [label="Expression'"]
	"Expression7" -> "Expression'9"
	"e10" [label="e"]
	"Expression'9" -> "e10"
	"]11" [label="]",style=filled,fillcolor=powderblue]
	"Assignment4" -> "]11"
	"=12" [label="=",style=filled,fillcolor=powderblue]
	"Assignment4" -> "=12"
	"Expression13" [label="Expression"]
	"Assignment4" -> "Expression13"
	"num14" [label="num",style=filled,fillcolor=powderblue]
	"Expression13" -> "num14"
	"Expression'15" [label="Expression'"]
	"Expression13" -> "Expression'15"
	"e16" [label="e"]
	"Expression'15" -> "e16"
	"Statements17" [label="Statements"]
	"Statements2" -> "Statements17"
	"Statement18" [label="Statement"]
	"Statements17" -> "Statement18"
	"Assignment19" [label="Assignment"]
	"Statement18" -> "Assignment19"
	"m20" [label="m",style=filled,fillcolor=powderblue]
	"Assignment19" -> "m20"
	"[21" [label="[",style=filled,fillcolor=powderblue]
	"Assignment19" -> "[21"
	"Expression22" [label="Expression"]
	"Assignment19" -> "Expression22"
	"num23" [label="num",style=filled,fillcolor=powderblue]
	"Expression22" -> "num23"
	"Expression'24" [label="Expression'"]
	"Expression22" -> "Expression'24"
	"e25" [label="e"]
	"Expression'24" -> "e25"
	"]26" [label="]",style=filled,fillcolor=powderblue]
	"Assignment19" -> "]26"
	"=27" [label="=",style=filled,fillcolor=powderblue]
	"Assignment19" -> "=27"
	"Expression28" [label="Expression"]
	"Assignment19" -> "Expression28"
	"num29" [label="num",style=filled,fillcolor=powderblue]
	"Expression28" -> "num29"
	"Expression'30" [label="Expression'"]
	"Expression28" -> "Expression'30"
	"e31" [label="e"]
	"Expression'30" -> "e31"
	"Statements32" [label="Statements"]
	"Statements17" -> "Statements32"
	"Statement33" [label="Statement"]
	"Statements32" -> "Statement33"
	"Assignment34" [label="Assignment"]
	"Statement33" -> "Assignment34"
	"m35" [label="m",style=filled,fillcolor=powderblue]
	"Assignment34" -> "m35"
	"[36" [label="[",style=filled,fillcolor=powderblue]
	"Assignment34" -> "[36"
	"Expression37" [label="Expression"]
	"Assignment34" -> "Expression37"
	"num38" [label="num",style=filled,fillcolor=powderblue]
	"Expression37" -> "num38"
	"Expression'39" [label="Expression'"]
	"Expression37" -> "Expression'39"
	"e40" [label="e"]
	"Expression'39" -> "e40"
	"]41" [label="]",style=filled,fillcolor=powderblue]
	"Assignment34" -> "]41"
	"=42" [label="=",style=filled,fillcolor=powderblue]
	"Assignment34" -> "=42"
	"Expression43" [label="Expression"]
	"Assignment34" -> "Expression43"
	"num44" [label="num",style=filled,fillcolor=powderblue]
	"Expression43" -> "num44"
	"Expression'45" [label="Expression'"]
	"Expression43" -> "Expression'45"
	"Expression''46" [label="Expression''"]
	"Expression'45" -> "Expression''46"
	"*47" [label="*",style=filled,fillcolor=powderblue]
	"Expression''46" -> "*47"
	"Expression48" [label="Expression"]
	"Expression''46" -> "Expression48"
	"num49" [label="num",style=filled,fillcolor=powderblue]
	"Expression48" -> "num49"
	"Expression'50" [label="Expression'"]
	"Expression48" -> "Expression'50"
	"e51" [label="e"]
	"Expression'50" -> "e51"
	"Statements52" [label="Statements"]
	"Statements32" -> "Statements52"
	"Statement53" [label="Statement"]
	"Statements52" -> "Statement53"
	"Assignment54" [label="Assignment"]
	"Statement53" -> "Assignment54"
	"m55" [label="m",style=filled,fillcolor=powderblue]
	"Assignment54" -> "m55"
	"[56" [label="[",style=filled,fillcolor=powderblue]
	"Assignment54" -> "[56"
	"Expression57" [label="Expression"]
	"Assignment54" -> "Expression57"
	"num58" [label="num",style=filled,fillcolor=powderblue]
	"Expression57" -> "num58"
	"Expression'59" [label="Expression'"]
	"Expression57" -> "Expression'59"
	"e60" [label="e"]
	"Expression'59" -> "e60"
	"]61" [label="]",style=filled,fillcolor=powderblue]
	"Assignment54" -> "]61"
	"=62" [label="=",style=filled,fillcolor=powderblue]
	"Assignment54" -> "=62"
	"Expression63" [label="Expression"]
	"Assignment54" -> "Expression63"
	"num64" [label="num",style=filled,fillcolor=powderblue]
	"Expression63" -> "num64"
	"Expression'65" [label="Expression'"]
	"Expression63" -> "Expression'65"
	"+66" [label="+",style=filled,fillcolor=powderblue]
	"Expression'65" -> "+66"
	"Expression67" [label="Expression"]
	"Expression'65" -> "Expression67"
	"(68" [label="(",style=filled,fillcolor=powderblue]
	"Expression67" -> "(68"
	"Expression69" [label="Expression"]
	"Expression67" -> "Expression69"
	"num70" [label="num",style=filled,fillcolor=powderblue]
	"Expression69" -> "num70"
	"Expression'71" [label="Expression'"]
	"Expression69" -> "Expression'71"
	"e72" [label="e"]
	"Expression'71" -> "e72"
	")73" [label=")",style=filled,fillcolor=powderblue]
	"Expression67" -> ")73"
	"Expression'74" [label="Expression'"]
	"Expression67" -> "Expression'74"
	"e75" [label="e"]
	"Expression'74" -> "e75"
	"Statements76" [label="Statements"]
	"Statements52" -> "Statements76"
	"Statement77" [label="Statement"]
	"Statements76" -> "Statement77"
	"Assignment78" [label="Assignment"]
	"Statement77" -> "Assignment78"
	"m79" [label="m",style=filled,fillcolor=powderblue]
	"Assignment78" -> "m79"
	"[80" [label="[",style=filled,fillcolor=powderblue]
	"Assignment78" -> "[80"
	"Expression81" [label="Expression"]
	"Assignment78" -> "Expression81"
	"num82" [label="num",style=filled,fillcolor=powderblue]
	"Expression81" -> "num82"
	"Expression'83" [label="Expression'"]
	"Expression81" -> "Expression'83"
	"e84" [label="e"]
	"Expression'83" -> "e84"
	"]85" [label="]",style=filled,fillcolor=powderblue]
	"Assignment78" -> "]85"
	"=86" [label="=",style=filled,fillcolor=powderblue]
	"Assignment78" -> "=86"
	"Expression87" [label="Expression"]
	"Assignment78" -> "Expression87"
	"num88" [label="num",style=filled,fillcolor=powderblue]
	"Expression87" -> "num88"
	"Expression'89" [label="Expression'"]
	"Expression87" -> "Expression'89"
	"+90" [label="+",style=filled,fillcolor=powderblue]
	"Expression'89" -> "+90"
	"Expression91" [label="Expression"]
	"Expression'89" -> "Expression91"
	"(92" [label="(",style=filled,fillcolor=powderblue]
	"Expression91" -> "(92"
	"Expression93" [label="Expression"]
	"Expression91" -> "Expression93"
	"num94" [label="num",style=filled,fillcolor=powderblue]
	"Expression93" -> "num94"
	"Expression'95" [label="Expression'"]
	"Expression93" -> "Expression'95"
	"-96" [label="-",style=filled,fillcolor=powderblue]
	"Expression'95" -> "-96"
	"Expression97" [label="Expression"]
	"Expression'95" -> "Expression97"
	"num98" [label="num",style=filled,fillcolor=powderblue]
	"Expression97" -> "num98"
	"Expression'99" [label="Expression'"]
	"Expression97" -> "Expression'99"
	"e100" [label="e"]
	"Expression'99" -> "e100"
	")101" [label=")",style=filled,fillcolor=powderblue]
	"Expression91" -> ")101"
	"Expression'102" [label="Expression'"]
	"Expression91" -> "Expression'102"
	"e103" [label="e"]
	"Expression'102" -> "e103"
	"Statements104" [label="Statements"]
	"Statements76" -> "Statements104"
};
