digraph G {
	"Start1" [label="Start"]
	"Statements2" [label="Statements"]
	"Start1" -> "Statements2"
	"Statement3" [label="Statement"]
	"Statements2" -> "Statement3"
	"Assignment4" [label="Assignment"]
	"Statement3" -> "Assignment4"
	"m5" [label="m",style=filled,fillcolor=powderblue]
	"Assignment4" -> "m5"
	"[6" [label="[",style=filled,fillcolor=powderblue]
	"Assignment4" -> "[6"
	"Expression7" [label="Expression"]
	"Assignment4" -> "Expression7"
	"num8" [label="num",style=filled,fillcolor=powderblue]
	"Expression7" -> "num8"
	"Expression'9" [label="Expression'"]
	"Expression7" -> "Expression'9"
	"e10" [label="e"]
	"Expression'9" -> "e10"
	"]11" [label="]",style=filled,fillcolor=powderblue]
	"Assignment4" -> "]11"
	"=12" [label="=",style=filled,fillcolor=powderblue]
	"Assignment4" -> "=12"
	"Expression13" [label="Expression"]
	"Assignment4" -> "Expression13"
	"num14" [label="num",style=filled,fillcolor=powderblue]
	"Expression13" -> "num14"
	"Expression'15" [label="Expression'"]
	"Expression13" -> "Expression'15"
	"+16" [label="+",style=filled,fillcolor=powderblue]
	"Expression'15" -> "+16"
	"Expression17" [label="Expression"]
	"Expression'15" -> "Expression17"
	"m18" [label="m",style=filled,fillcolor=powderblue]
	"Expression17" -> "m18"
	"[19" [label="[",style=filled,fillcolor=powderblue]
	"Expression17" -> "[19"
	"Expression20" [label="Expression"]
	"Expression17" -> "Expression20"
	"num21" [label="num",style=filled,fillcolor=powderblue]
	"Expression20" -> "num21"
	"Expression'22" [label="Expression'"]
	"Expression20" -> "Expression'22"
	"e23" [label="e"]
	"Expression'22" -> "e23"
	"]24" [label="]",style=filled,fillcolor=powderblue]
	"Expression17" -> "]24"
	"Expression'25" [label="Expression'"]
	"Expression17" -> "Expression'25"
	"e26" [label="e"]
	"Expression'25" -> "e26"
	"Statements27" [label="Statements"]
	"Statements2" -> "Statements27"
	"Statement28" [label="Statement"]
	"Statements27" -> "Statement28"
	"Assignment29" [label="Assignment"]
	"Statement28" -> "Assignment29"
	"m30" [label="m",style=filled,fillcolor=powderblue]
	"Assignment29" -> "m30"
	"[31" [label="[",style=filled,fillcolor=powderblue]
	"Assignment29" -> "[31"
	"Expression32" [label="Expression"]
	"Assignment29" -> "Expression32"
	"num33" [label="num",style=filled,fillcolor=powderblue]
	"Expression32" -> "num33"
	"Expression'34" [label="Expression'"]
	"Expression32" -> "Expression'34"
	"e35" [label="e"]
	"Expression'34" -> "e35"
	"]36" [label="]",style=filled,fillcolor=powderblue]
	"Assignment29" -> "]36"
	"=37" [label="=",style=filled,fillcolor=powderblue]
	"Assignment29" -> "=37"
	"Expression38" [label="Expression"]
	"Assignment29" -> "Expression38"
	"num39" [label="num",style=filled,fillcolor=powderblue]
	"Expression38" -> "num39"
	"Expression'40" [label="Expression'"]
	"Expression38" -> "Expression'40"
	"-41" [label="-",style=filled,fillcolor=powderblue]
	"Expression'40" -> "-41"
	"Expression42" [label="Expression"]
	"Expression'40" -> "Expression42"
	"m43" [label="m",style=filled,fillcolor=powderblue]
	"Expression42" -> "m43"
	"[44" [label="[",style=filled,fillcolor=powderblue]
	"Expression42" -> "[44"
	"Expression45" [label="Expression"]
	"Expression42" -> "Expression45"
	"num46" [label="num",style=filled,fillcolor=powderblue]
	"Expression45" -> "num46"
	"Expression'47" [label="Expression'"]
	"Expression45" -> "Expression'47"
	"Expression''48" [label="Expression''"]
	"Expression'47" -> "Expression''48"
	"**49" [label="**",style=filled,fillcolor=powderblue]
	"Expression''48" -> "**49"
	"Expression50" [label="Expression"]
	"Expression''48" -> "Expression50"
	"num51" [label="num",style=filled,fillcolor=powderblue]
	"Expression50" -> "num51"
	"Expression'52" [label="Expression'"]
	"Expression50" -> "Expression'52"
	"Expression''53" [label="Expression''"]
	"Expression'52" -> "Expression''53"
	"*54" [label="*",style=filled,fillcolor=powderblue]
	"Expression''53" -> "*54"
	"Expression55" [label="Expression"]
	"Expression''53" -> "Expression55"
	"num56" [label="num",style=filled,fillcolor=powderblue]
	"Expression55" -> "num56"
	"Expression'57" [label="Expression'"]
	"Expression55" -> "Expression'57"
	"-58" [label="-",style=filled,fillcolor=powderblue]
	"Expression'57" -> "-58"
	"Expression59" [label="Expression"]
	"Expression'57" -> "Expression59"
	"num60" [label="num",style=filled,fillcolor=powderblue]
	"Expression59" -> "num60"
	"Expression'61" [label="Expression'"]
	"Expression59" -> "Expression'61"
	"e62" [label="e"]
	"Expression'61" -> "e62"
	"]63" [label="]",style=filled,fillcolor=powderblue]
	"Expression42" -> "]63"
	"Expression'64" [label="Expression'"]
	"Expression42" -> "Expression'64"
	"-65" [label="-",style=filled,fillcolor=powderblue]
	"Expression'64" -> "-65"
	"Expression66" [label="Expression"]
	"Expression'64" -> "Expression66"
	"num67" [label="num",style=filled,fillcolor=powderblue]
	"Expression66" -> "num67"
	"Expression'68" [label="Expression'"]
	"Expression66" -> "Expression'68"
	"e69" [label="e"]
	"Expression'68" -> "e69"
	"Statements70" [label="Statements"]
	"Statements27" -> "Statements70"
	"Statement71" [label="Statement"]
	"Statements70" -> "Statement71"
	"Assignment72" [label="Assignment"]
	"Statement71" -> "Assignment72"
	"m73" [label="m",style=filled,fillcolor=powderblue]
	"Assignment72" -> "m73"
	"[74" [label="[",style=filled,fillcolor=powderblue]
	"Assignment72" -> "[74"
	"Expression75" [label="Expression"]
	"Assignment72" -> "Expression75"
	"num76" [label="num",style=filled,fillcolor=powderblue]
	"Expression75" -> "num76"
	"Expression'77" [label="Expression'"]
	"Expression75" -> "Expression'77"
	"e78" [label="e"]
	"Expression'77" -> "e78"
	"]79" [label="]",style=filled,fillcolor=powderblue]
	"Assignment72" -> "]79"
	"=80" [label="=",style=filled,fillcolor=powderblue]
	"Assignment72" -> "=80"
	"Expression81" [label="Expression"]
	"Assignment72" -> "Expression81"
	"num82" [label="num",style=filled,fillcolor=powderblue]
	"Expression81" -> "num82"
	"Expression'83" [label="Expression'"]
	"Expression81" -> "Expression'83"
	"Expression''84" [label="Expression''"]
	"Expression'83" -> "Expression''84"
	"/85" [label="/",style=filled,fillcolor=powderblue]
	"Expression''84" -> "/85"
	"Expression86" [label="Expression"]
	"Expression''84" -> "Expression86"
	"num87" [label="num",style=filled,fillcolor=powderblue]
	"Expression86" -> "num87"
	"Expression'88" [label="Expression'"]
	"Expression86" -> "Expression'88"
	"Expression''89" [label="Expression''"]
	"Expression'88" -> "Expression''89"
	"*90" [label="*",style=filled,fillcolor=powderblue]
	"Expression''89" -> "*90"
	"Expression91" [label="Expression"]
	"Expression''89" -> "Expression91"
	"num92" [label="num",style=filled,fillcolor=powderblue]
	"Expression91" -> "num92"
	"Expression'93" [label="Expression'"]
	"Expression91" -> "Expression'93"
	"e94" [label="e"]
	"Expression'93" -> "e94"
	"Statements95" [label="Statements"]
	"Statements70" -> "Statements95"
};
