digraph G {
	"Start1" [label="Start"]
	"Statements2" [label="Statements"]
	"Start1" -> "Statements2"
	"Statement3" [label="Statement"]
	"Statements2" -> "Statement3"
	"Assignment4" [label="Assignment"]
	"Statement3" -> "Assignment4"
	"m5" [label="m",style=filled,fillcolor=powderblue]
	"Assignment4" -> "m5"
	"[6" [label="[",style=filled,fillcolor=powderblue]
	"Assignment4" -> "[6"
	"Expression7" [label="Expression"]
	"Assignment4" -> "Expression7"
	"num8" [label="num",style=filled,fillcolor=powderblue]
	"Expression7" -> "num8"
	"Expression'9" [label="Expression'"]
	"Expression7" -> "Expression'9"
	"e10" [label="e"]
	"Expression'9" -> "e10"
	"]11" [label="]",style=filled,fillcolor=powderblue]
	"Assignment4" -> "]11"
	"=12" [label="=",style=filled,fillcolor=powderblue]
	"Assignment4" -> "=12"
	"Expression13" [label="Expression"]
	"Assignment4" -> "Expression13"
	"num14" [label="num",style=filled,fillcolor=powderblue]
	"Expression13" -> "num14"
	"Expression'15" [label="Expression'"]
	"Expression13" -> "Expression'15"
	"Expression''16" [label="Expression''"]
	"Expression'15" -> "Expression''16"
	"/17" [label="/",style=filled,fillcolor=powderblue]
	"Expression''16" -> "/17"
	"Expression18" [label="Expression"]
	"Expression''16" -> "Expression18"
	"num19" [label="num",style=filled,fillcolor=powderblue]
	"Expression18" -> "num19"
	"Expression'20" [label="Expression'"]
	"Expression18" -> "Expression'20"
	"Expression''21" [label="Expression''"]
	"Expression'20" -> "Expression''21"
	"*22" [label="*",style=filled,fillcolor=powderblue]
	"Expression''21" -> "*22"
	"Expression23" [label="Expression"]
	"Expression''21" -> "Expression23"
	"num24" [label="num",style=filled,fillcolor=powderblue]
	"Expression23" -> "num24"
	"Expression'25" [label="Expression'"]
	"Expression23" -> "Expression'25"
	"e26" [label="e"]
	"Expression'25" -> "e26"
	"Statements27" [label="Statements"]
	"Statements2" -> "Statements27"
	"Statement28" [label="Statement"]
	"Statements27" -> "Statement28"
	"Assignment29" [label="Assignment"]
	"Statement28" -> "Assignment29"
	"m30" [label="m",style=filled,fillcolor=powderblue]
	"Assignment29" -> "m30"
	"[31" [label="[",style=filled,fillcolor=powderblue]
	"Assignment29" -> "[31"
	"Expression32" [label="Expression"]
	"Assignment29" -> "Expression32"
	"num33" [label="num",style=filled,fillcolor=powderblue]
	"Expression32" -> "num33"
	"Expression'34" [label="Expression'"]
	"Expression32" -> "Expression'34"
	"e35" [label="e"]
	"Expression'34" -> "e35"
	"]36" [label="]",style=filled,fillcolor=powderblue]
	"Assignment29" -> "]36"
	"=37" [label="=",style=filled,fillcolor=powderblue]
	"Assignment29" -> "=37"
	"Expression38" [label="Expression"]
	"Assignment29" -> "Expression38"
	"num39" [label="num",style=filled,fillcolor=powderblue]
	"Expression38" -> "num39"
	"Expression'40" [label="Expression'"]
	"Expression38" -> "Expression'40"
	"Expression''41" [label="Expression''"]
	"Expression'40" -> "Expression''41"
	"/42" [label="/",style=filled,fillcolor=powderblue]
	"Expression''41" -> "/42"
	"Expression43" [label="Expression"]
	"Expression''41" -> "Expression43"
	"num44" [label="num",style=filled,fillcolor=powderblue]
	"Expression43" -> "num44"
	"Expression'45" [label="Expression'"]
	"Expression43" -> "Expression'45"
	"Expression''46" [label="Expression''"]
	"Expression'45" -> "Expression''46"
	"*47" [label="*",style=filled,fillcolor=powderblue]
	"Expression''46" -> "*47"
	"Expression48" [label="Expression"]
	"Expression''46" -> "Expression48"
	"num49" [label="num",style=filled,fillcolor=powderblue]
	"Expression48" -> "num49"
	"Expression'50" [label="Expression'"]
	"Expression48" -> "Expression'50"
	"e51" [label="e"]
	"Expression'50" -> "e51"
	"Statements52" [label="Statements"]
	"Statements27" -> "Statements52"
	"Statement53" [label="Statement"]
	"Statements52" -> "Statement53"
	"Jump54" [label="Jump"]
	"Statement53" -> "Jump54"
	"goto55" [label="goto",style=filled,fillcolor=powderblue]
	"Jump54" -> "goto55"
	"num56" [label="num",style=filled,fillcolor=powderblue]
	"Jump54" -> "num56"
	"Jump'57" [label="Jump'"]
	"Jump54" -> "Jump'57"
	"e58" [label="e"]
	"Jump'57" -> "e58"
	"Statements59" [label="Statements"]
	"Statements52" -> "Statements59"
	"Statement60" [label="Statement"]
	"Statements59" -> "Statement60"
	"Assignment61" [label="Assignment"]
	"Statement60" -> "Assignment61"
	"m62" [label="m",style=filled,fillcolor=powderblue]
	"Assignment61" -> "m62"
	"[63" [label="[",style=filled,fillcolor=powderblue]
	"Assignment61" -> "[63"
	"Expression64" [label="Expression"]
	"Assignment61" -> "Expression64"
	"num65" [label="num",style=filled,fillcolor=powderblue]
	"Expression64" -> "num65"
	"Expression'66" [label="Expression'"]
	"Expression64" -> "Expression'66"
	"e67" [label="e"]
	"Expression'66" -> "e67"
	"]68" [label="]",style=filled,fillcolor=powderblue]
	"Assignment61" -> "]68"
	"=69" [label="=",style=filled,fillcolor=powderblue]
	"Assignment61" -> "=69"
	"Expression70" [label="Expression"]
	"Assignment61" -> "Expression70"
	"num71" [label="num",style=filled,fillcolor=powderblue]
	"Expression70" -> "num71"
	"Expression'72" [label="Expression'"]
	"Expression70" -> "Expression'72"
	"+73" [label="+",style=filled,fillcolor=powderblue]
	"Expression'72" -> "+73"
	"Expression74" [label="Expression"]
	"Expression'72" -> "Expression74"
	"m75" [label="m",style=filled,fillcolor=powderblue]
	"Expression74" -> "m75"
	"[76" [label="[",style=filled,fillcolor=powderblue]
	"Expression74" -> "[76"
	"Expression77" [label="Expression"]
	"Expression74" -> "Expression77"
	"num78" [label="num",style=filled,fillcolor=powderblue]
	"Expression77" -> "num78"
	"Expression'79" [label="Expression'"]
	"Expression77" -> "Expression'79"
	"e80" [label="e"]
	"Expression'79" -> "e80"
	"]81" [label="]",style=filled,fillcolor=powderblue]
	"Expression74" -> "]81"
	"Expression'82" [label="Expression'"]
	"Expression74" -> "Expression'82"
	"e83" [label="e"]
	"Expression'82" -> "e83"
	"Statements84" [label="Statements"]
	"Statements59" -> "Statements84"
	"Statement85" [label="Statement"]
	"Statements84" -> "Statement85"
	"Assignment86" [label="Assignment"]
	"Statement85" -> "Assignment86"
	"m87" [label="m",style=filled,fillcolor=powderblue]
	"Assignment86" -> "m87"
	"[88" [label="[",style=filled,fillcolor=powderblue]
	"Assignment86" -> "[88"
	"Expression89" [label="Expression"]
	"Assignment86" -> "Expression89"
	"num90" [label="num",style=filled,fillcolor=powderblue]
	"Expression89" -> "num90"
	"Expression'91" [label="Expression'"]
	"Expression89" -> "Expression'91"
	"e92" [label="e"]
	"Expression'91" -> "e92"
	"]93" [label="]",style=filled,fillcolor=powderblue]
	"Assignment86" -> "]93"
	"=94" [label="=",style=filled,fillcolor=powderblue]
	"Assignment86" -> "=94"
	"Expression95" [label="Expression"]
	"Assignment86" -> "Expression95"
	"num96" [label="num",style=filled,fillcolor=powderblue]
	"Expression95" -> "num96"
	"Expression'97" [label="Expression'"]
	"Expression95" -> "Expression'97"
	"-98" [label="-",style=filled,fillcolor=powderblue]
	"Expression'97" -> "-98"
	"Expression99" [label="Expression"]
	"Expression'97" -> "Expression99"
	"m100" [label="m",style=filled,fillcolor=powderblue]
	"Expression99" -> "m100"
	"[101" [label="[",style=filled,fillcolor=powderblue]
	"Expression99" -> "[101"
	"Expression102" [label="Expression"]
	"Expression99" -> "Expression102"
	"num103" [label="num",style=filled,fillcolor=powderblue]
	"Expression102" -> "num103"
	"Expression'104" [label="Expression'"]
	"Expression102" -> "Expression'104"
	"Expression''105" [label="Expression''"]
	"Expression'104" -> "Expression''105"
	"**106" [label="**",style=filled,fillcolor=powderblue]
	"Expression''105" -> "**106"
	"Expression107" [label="Expression"]
	"Expression''105" -> "Expression107"
	"num108" [label="num",style=filled,fillcolor=powderblue]
	"Expression107" -> "num108"
	"Expression'109" [label="Expression'"]
	"Expression107" -> "Expression'109"
	"Expression''110" [label="Expression''"]
	"Expression'109" -> "Expression''110"
	"*111" [label="*",style=filled,fillcolor=powderblue]
	"Expression''110" -> "*111"
	"Expression112" [label="Expression"]
	"Expression''110" -> "Expression112"
	"num113" [label="num",style=filled,fillcolor=powderblue]
	"Expression112" -> "num113"
	"Expression'114" [label="Expression'"]
	"Expression112" -> "Expression'114"
	"-115" [label="-",style=filled,fillcolor=powderblue]
	"Expression'114" -> "-115"
	"Expression116" [label="Expression"]
	"Expression'114" -> "Expression116"
	"num117" [label="num",style=filled,fillcolor=powderblue]
	"Expression116" -> "num117"
	"Expression'118" [label="Expression'"]
	"Expression116" -> "Expression'118"
	"e119" [label="e"]
	"Expression'118" -> "e119"
	"]120" [label="]",style=filled,fillcolor=powderblue]
	"Expression99" -> "]120"
	"Expression'121" [label="Expression'"]
	"Expression99" -> "Expression'121"
	"-122" [label="-",style=filled,fillcolor=powderblue]
	"Expression'121" -> "-122"
	"Expression123" [label="Expression"]
	"Expression'121" -> "Expression123"
	"num124" [label="num",style=filled,fillcolor=powderblue]
	"Expression123" -> "num124"
	"Expression'125" [label="Expression'"]
	"Expression123" -> "Expression'125"
	"e126" [label="e"]
	"Expression'125" -> "e126"
	"Statements127" [label="Statements"]
	"Statements84" -> "Statements127"
	"Statement128" [label="Statement"]
	"Statements127" -> "Statement128"
	"Label129" [label="Label"]
	"Statement128" -> "Label129"
	"L130" [label="L",style=filled,fillcolor=powderblue]
	"Label129" -> "L130"
	"num131" [label="num",style=filled,fillcolor=powderblue]
	"Label129" -> "num131"
	":132" [label=":",style=filled,fillcolor=powderblue]
	"Label129" -> ":132"
syntax error: found m expecting : - line 7
