digraph G {
	"Start1" [label="Start"]
	"Statements2" [label="Statements"]
	"Start1" -> "Statements2"
	"Statement3" [label="Statement"]
	"Statements2" -> "Statement3"
	"Assignment4" [label="Assignment"]
	"Statement3" -> "Assignment4"
	"m5" [label="m",style=filled,fillcolor=powderblue]
	"Assignment4" -> "m5"
	"[6" [label="[",style=filled,fillcolor=powderblue]
	"Assignment4" -> "[6"
	"Expression7" [label="Expression"]
	"Assignment4" -> "Expression7"
	"num8" [label="num",style=filled,fillcolor=powderblue]
	"Expression7" -> "num8"
	"Expression'9" [label="Expression'"]
	"Expression7" -> "Expression'9"
	"e10" [label="e"]
	"Expression'9" -> "e10"
	"]11" [label="]",style=filled,fillcolor=powderblue]
	"Assignment4" -> "]11"
	"=12" [label="=",style=filled,fillcolor=powderblue]
	"Assignment4" -> "=12"
	"Expression13" [label="Expression"]
	"Assignment4" -> "Expression13"
	"num14" [label="num",style=filled,fillcolor=powderblue]
	"Expression13" -> "num14"
	"Expression'15" [label="Expression'"]
	"Expression13" -> "Expression'15"
	"Expression''16" [label="Expression''"]
	"Expression'15" -> "Expression''16"
	"/17" [label="/",style=filled,fillcolor=powderblue]
	"Expression''16" -> "/17"
	"Expression18" [label="Expression"]
	"Expression''16" -> "Expression18"
	"num19" [label="num",style=filled,fillcolor=powderblue]
	"Expression18" -> "num19"
	"Expression'20" [label="Expression'"]
	"Expression18" -> "Expression'20"
	"Expression''21" [label="Expression''"]
	"Expression'20" -> "Expression''21"
	"*22" [label="*",style=filled,fillcolor=powderblue]
	"Expression''21" -> "*22"
	"Expression23" [label="Expression"]
	"Expression''21" -> "Expression23"
	"num24" [label="num",style=filled,fillcolor=powderblue]
	"Expression23" -> "num24"
	"Expression'25" [label="Expression'"]
	"Expression23" -> "Expression'25"
	"e26" [label="e"]
	"Expression'25" -> "e26"
	"Statements27" [label="Statements"]
	"Statements2" -> "Statements27"
	"Statement28" [label="Statement"]
	"Statements27" -> "Statement28"
	"Assignment29" [label="Assignment"]
	"Statement28" -> "Assignment29"
	"m30" [label="m",style=filled,fillcolor=powderblue]
	"Assignment29" -> "m30"
	"[31" [label="[",style=filled,fillcolor=powderblue]
	"Assignment29" -> "[31"
	"Expression32" [label="Expression"]
	"Assignment29" -> "Expression32"
	"num33" [label="num",style=filled,fillcolor=powderblue]
	"Expression32" -> "num33"
	"Expression'34" [label="Expression'"]
	"Expression32" -> "Expression'34"
	"e35" [label="e"]
	"Expression'34" -> "e35"
	"]36" [label="]",style=filled,fillcolor=powderblue]
	"Assignment29" -> "]36"
	"=37" [label="=",style=filled,fillcolor=powderblue]
	"Assignment29" -> "=37"
	"Expression38" [label="Expression"]
	"Assignment29" -> "Expression38"
	"num39" [label="num",style=filled,fillcolor=powderblue]
	"Expression38" -> "num39"
	"Expression'40" [label="Expression'"]
	"Expression38" -> "Expression'40"
	"Expression''41" [label="Expression''"]
	"Expression'40" -> "Expression''41"
	"/42" [label="/",style=filled,fillcolor=powderblue]
	"Expression''41" -> "/42"
	"Expression43" [label="Expression"]
	"Expression''41" -> "Expression43"
	"num44" [label="num",style=filled,fillcolor=powderblue]
	"Expression43" -> "num44"
	"Expression'45" [label="Expression'"]
	"Expression43" -> "Expression'45"
	"Expression''46" [label="Expression''"]
	"Expression'45" -> "Expression''46"
	"*47" [label="*",style=filled,fillcolor=powderblue]
	"Expression''46" -> "*47"
	"Expression48" [label="Expression"]
	"Expression''46" -> "Expression48"
	"num49" [label="num",style=filled,fillcolor=powderblue]
	"Expression48" -> "num49"
	"Expression'50" [label="Expression'"]
	"Expression48" -> "Expression'50"
	"e51" [label="e"]
	"Expression'50" -> "e51"
	"Statements52" [label="Statements"]
	"Statements27" -> "Statements52"
	"Statement53" [label="Statement"]
	"Statements52" -> "Statement53"
	"Jump54" [label="Jump"]
	"Statement53" -> "Jump54"
	"goto55" [label="goto",style=filled,fillcolor=powderblue]
	"Jump54" -> "goto55"
	"num56" [label="num",style=filled,fillcolor=powderblue]
	"Jump54" -> "num56"
	"Jump'57" [label="Jump'"]
	"Jump54" -> "Jump'57"
	"e58" [label="e"]
	"Jump'57" -> "e58"
	"Statements59" [label="Statements"]
	"Statements52" -> "Statements59"
	"Statement60" [label="Statement"]
	"Statements59" -> "Statement60"
	"Assignment61" [label="Assignment"]
	"Statement60" -> "Assignment61"
	"m62" [label="m",style=filled,fillcolor=powderblue]
	"Assignment61" -> "m62"
	"[63" [label="[",style=filled,fillcolor=powderblue]
	"Assignment61" -> "[63"
	"Expression64" [label="Expression"]
	"Assignment61" -> "Expression64"
	"num65" [label="num",style=filled,fillcolor=powderblue]
	"Expression64" -> "num65"
	"Expression'66" [label="Expression'"]
	"Expression64" -> "Expression'66"
	"e67" [label="e"]
	"Expression'66" -> "e67"
	"]68" [label="]",style=filled,fillcolor=powderblue]
	"Assignment61" -> "]68"
	"=69" [label="=",style=filled,fillcolor=powderblue]
	"Assignment61" -> "=69"
	"Expression70" [label="Expression"]
	"Assignment61" -> "Expression70"
	"num71" [label="num",style=filled,fillcolor=powderblue]
	"Expression70" -> "num71"
	"Expression'72" [label="Expression'"]
	"Expression70" -> "Expression'72"
	"+73" [label="+",style=filled,fillcolor=powderblue]
	"Expression'72" -> "+73"
	"Expression74" [label="Expression"]
	"Expression'72" -> "Expression74"
	"m75" [label="m",style=filled,fillcolor=powderblue]
	"Expression74" -> "m75"
	"[76" [label="[",style=filled,fillcolor=powderblue]
	"Expression74" -> "[76"
	"Expression77" [label="Expression"]
	"Expression74" -> "Expression77"
	"num78" [label="num",style=filled,fillcolor=powderblue]
	"Expression77" -> "num78"
	"Expression'79" [label="Expression'"]
	"Expression77" -> "Expression'79"
	"e80" [label="e"]
	"Expression'79" -> "e80"
	"]81" [label="]",style=filled,fillcolor=powderblue]
	"Expression74" -> "]81"
	"Expression'82" [label="Expression'"]
	"Expression74" -> "Expression'82"
	"e83" [label="e"]
	"Expression'82" -> "e83"
	"Statements84" [label="Statements"]
	"Statements59" -> "Statements84"
	"Statement85" [label="Statement"]
	"Statements84" -> "Statement85"
	"Assignment86" [label="Assignment"]
	"Statement85" -> "Assignment86"
	"m87" [label="m",style=filled,fillcolor=powderblue]
	"Assignment86" -> "m87"
	"[88" [label="[",style=filled,fillcolor=powderblue]
	"Assignment86" -> "[88"
	"Expression89" [label="Expression"]
	"Assignment86" -> "Expression89"
	"num90" [label="num",style=filled,fillcolor=powderblue]
	"Expression89" -> "num90"
	"Expression'91" [label="Expression'"]
	"Expression89" -> "Expression'91"
	"e92" [label="e"]
	"Expression'91" -> "e92"
	"]93" [label="]",style=filled,fillcolor=powderblue]
	"Assignment86" -> "]93"
	"=94" [label="=",style=filled,fillcolor=powderblue]
	"Assignment86" -> "=94"
	"Expression95" [label="Expression"]
	"Assignment86" -> "Expression95"
	"num96" [label="num",style=filled,fillcolor=powderblue]
	"Expression95" -> "num96"
	"Expression'97" [label="Expression'"]
	"Expression95" -> "Expression'97"
	"-98" [label="-",style=filled,fillcolor=powderblue]
	"Expression'97" -> "-98"
	"Expression99" [label="Expression"]
	"Expression'97" -> "Expression99"
	"m100" [label="m",style=filled,fillcolor=powderblue]
	"Expression99" -> "m100"
	"[101" [label="[",style=filled,fillcolor=powderblue]
	"Expression99" -> "[101"
	"Expression102" [label="Expression"]
	"Expression99" -> "Expression102"
	"num103" [label="num",style=filled,fillcolor=powderblue]
	"Expression102" -> "num103"
	"Expression'104" [label="Expression'"]
	"Expression102" -> "Expression'104"
	"Expression''105" [label="Expression''"]
	"Expression'104" -> "Expression''105"
	"**106" [label="**",style=filled,fillcolor=powderblue]
	"Expression''105" -> "**106"
	"Expression107" [label="Expression"]
	"Expression''105" -> "Expression107"
	"num108" [label="num",style=filled,fillcolor=powderblue]
	"Expression107" -> "num108"
	"Expression'109" [label="Expression'"]
	"Expression107" -> "Expression'109"
	"Expression''110" [label="Expression''"]
	"Expression'109" -> "Expression''110"
	"*111" [label="*",style=filled,fillcolor=powderblue]
	"Expression''110" -> "*111"
	"Expression112" [label="Expression"]
	"Expression''110" -> "Expression112"
	"num113" [label="num",style=filled,fillcolor=powderblue]
	"Expression112" -> "num113"
	"Expression'114" [label="Expression'"]
	"Expression112" -> "Expression'114"
	"-115" [label="-",style=filled,fillcolor=powderblue]
	"Expression'114" -> "-115"
	"Expression116" [label="Expression"]
	"Expression'114" -> "Expression116"
	"num117" [label="num",style=filled,fillcolor=powderblue]
	"Expression116" -> "num117"
	"Expression'118" [label="Expression'"]
	"Expression116" -> "Expression'118"
	"e119" [label="e"]
	"Expression'118" -> "e119"
	"]120" [label="]",style=filled,fillcolor=powderblue]
	"Expression99" -> "]120"
	"Expression'121" [label="Expression'"]
	"Expression99" -> "Expression'121"
	"-122" [label="-",style=filled,fillcolor=powderblue]
	"Expression'121" -> "-122"
	"Expression123" [label="Expression"]
	"Expression'121" -> "Expression123"
	"num124" [label="num",style=filled,fillcolor=powderblue]
	"Expression123" -> "num124"
	"Expression'125" [label="Expression'"]
	"Expression123" -> "Expression'125"
	"e126" [label="e"]
	"Expression'125" -> "e126"
	"Statements127" [label="Statements"]
	"Statements84" -> "Statements127"
	"Statement128" [label="Statement"]
	"Statements127" -> "Statement128"
	"Label129" [label="Label"]
	"Statement128" -> "Label129"
	"L130" [label="L",style=filled,fillcolor=powderblue]
	"Label129" -> "L130"
	"num131" [label="num",style=filled,fillcolor=powderblue]
	"Label129" -> "num131"
	":132" [label=":",style=filled,fillcolor=powderblue]
	"Label129" -> ":132"
	"Statements133" [label="Statements"]
	"Statements127" -> "Statements133"
	"Statement134" [label="Statement"]
	"Statements133" -> "Statement134"
	"Assignment135" [label="Assignment"]
	"Statement134" -> "Assignment135"
	"m136" [label="m",style=filled,fillcolor=powderblue]
	"Assignment135" -> "m136"
	"[137" [label="[",style=filled,fillcolor=powderblue]
	"Assignment135" -> "[137"
	"Expression138" [label="Expression"]
	"Assignment135" -> "Expression138"
	"num139" [label="num",style=filled,fillcolor=powderblue]
	"Expression138" -> "num139"
	"Expression'140" [label="Expression'"]
	"Expression138" -> "Expression'140"
	"e141" [label="e"]
	"Expression'140" -> "e141"
	"]142" [label="]",style=filled,fillcolor=powderblue]
	"Assignment135" -> "]142"
	"=143" [label="=",style=filled,fillcolor=powderblue]
	"Assignment135" -> "=143"
	"Expression144" [label="Expression"]
	"Assignment135" -> "Expression144"
	"num145" [label="num",style=filled,fillcolor=powderblue]
	"Expression144" -> "num145"
	"Expression'146" [label="Expression'"]
	"Expression144" -> "Expression'146"
	"-147" [label="-",style=filled,fillcolor=powderblue]
	"Expression'146" -> "-147"
	"Expression148" [label="Expression"]
	"Expression'146" -> "Expression148"
	"(149" [label="(",style=filled,fillcolor=powderblue]
	"Expression148" -> "(149"
	"Expression150" [label="Expression"]
	"Expression148" -> "Expression150"
	"m151" [label="m",style=filled,fillcolor=powderblue]
	"Expression150" -> "m151"
	"[152" [label="[",style=filled,fillcolor=powderblue]
	"Expression150" -> "[152"
	"Expression153" [label="Expression"]
	"Expression150" -> "Expression153"
	"num154" [label="num",style=filled,fillcolor=powderblue]
	"Expression153" -> "num154"
	"Expression'155" [label="Expression'"]
	"Expression153" -> "Expression'155"
	"e156" [label="e"]
	"Expression'155" -> "e156"
	"]157" [label="]",style=filled,fillcolor=powderblue]
	"Expression150" -> "]157"
	"Expression'158" [label="Expression'"]
	"Expression150" -> "Expression'158"
	"-159" [label="-",style=filled,fillcolor=powderblue]
	"Expression'158" -> "-159"
	"Expression160" [label="Expression"]
	"Expression'158" -> "Expression160"
	"num161" [label="num",style=filled,fillcolor=powderblue]
	"Expression160" -> "num161"
	"Expression'162" [label="Expression'"]
	"Expression160" -> "Expression'162"
	"e163" [label="e"]
	"Expression'162" -> "e163"
	")164" [label=")",style=filled,fillcolor=powderblue]
	"Expression148" -> ")164"
	"Expression'165" [label="Expression'"]
	"Expression148" -> "Expression'165"
	"e166" [label="e"]
	"Expression'165" -> "e166"
	"Statements167" [label="Statements"]
	"Statements133" -> "Statements167"
	"Statement168" [label="Statement"]
	"Statements167" -> "Statement168"
	"Assignment169" [label="Assignment"]
	"Statement168" -> "Assignment169"
	"m170" [label="m",style=filled,fillcolor=powderblue]
	"Assignment169" -> "m170"
	"[171" [label="[",style=filled,fillcolor=powderblue]
	"Assignment169" -> "[171"
	"Expression172" [label="Expression"]
	"Assignment169" -> "Expression172"
	"num173" [label="num",style=filled,fillcolor=powderblue]
	"Expression172" -> "num173"
	"Expression'174" [label="Expression'"]
	"Expression172" -> "Expression'174"
	"e175" [label="e"]
	"Expression'174" -> "e175"
	"]176" [label="]",style=filled,fillcolor=powderblue]
	"Assignment169" -> "]176"
	"=177" [label="=",style=filled,fillcolor=powderblue]
	"Assignment169" -> "=177"
	"Expression178" [label="Expression"]
	"Assignment169" -> "Expression178"
	"num179" [label="num",style=filled,fillcolor=powderblue]
	"Expression178" -> "num179"
	"Expression'180" [label="Expression'"]
	"Expression178" -> "Expression'180"
	"+181" [label="+",style=filled,fillcolor=powderblue]
	"Expression'180" -> "+181"
	"Expression182" [label="Expression"]
	"Expression'180" -> "Expression182"
	"m183" [label="m",style=filled,fillcolor=powderblue]
	"Expression182" -> "m183"
	"[184" [label="[",style=filled,fillcolor=powderblue]
	"Expression182" -> "[184"
	"Expression185" [label="Expression"]
	"Expression182" -> "Expression185"
	"num186" [label="num",style=filled,fillcolor=powderblue]
	"Expression185" -> "num186"
	"Expression'187" [label="Expression'"]
	"Expression185" -> "Expression'187"
	"e188" [label="e"]
	"Expression'187" -> "e188"
	"]189" [label="]",style=filled,fillcolor=powderblue]
	"Expression182" -> "]189"
	"Expression'190" [label="Expression'"]
	"Expression182" -> "Expression'190"
	"e191" [label="e"]
	"Expression'190" -> "e191"
	"Statements192" [label="Statements"]
	"Statements167" -> "Statements192"
	"Statement193" [label="Statement"]
	"Statements192" -> "Statement193"
	"Assignment194" [label="Assignment"]
	"Statement193" -> "Assignment194"
	"m195" [label="m",style=filled,fillcolor=powderblue]
	"Assignment194" -> "m195"
	"[196" [label="[",style=filled,fillcolor=powderblue]
	"Assignment194" -> "[196"
	"Expression197" [label="Expression"]
	"Assignment194" -> "Expression197"
	"num198" [label="num",style=filled,fillcolor=powderblue]
	"Expression197" -> "num198"
	"Expression'199" [label="Expression'"]
	"Expression197" -> "Expression'199"
	"e200" [label="e"]
	"Expression'199" -> "e200"
	"]201" [label="]",style=filled,fillcolor=powderblue]
	"Assignment194" -> "]201"
	"=202" [label="=",style=filled,fillcolor=powderblue]
	"Assignment194" -> "=202"
	"Expression203" [label="Expression"]
	"Assignment194" -> "Expression203"
	"num204" [label="num",style=filled,fillcolor=powderblue]
	"Expression203" -> "num204"
	"Expression'205" [label="Expression'"]
	"Expression203" -> "Expression'205"
	"-206" [label="-",style=filled,fillcolor=powderblue]
	"Expression'205" -> "-206"
	"Expression207" [label="Expression"]
	"Expression'205" -> "Expression207"
	"m208" [label="m",style=filled,fillcolor=powderblue]
	"Expression207" -> "m208"
	"[209" [label="[",style=filled,fillcolor=powderblue]
	"Expression207" -> "[209"
	"Expression210" [label="Expression"]
	"Expression207" -> "Expression210"
	"num211" [label="num",style=filled,fillcolor=powderblue]
	"Expression210" -> "num211"
	"Expression'212" [label="Expression'"]
	"Expression210" -> "Expression'212"
	"-213" [label="-",style=filled,fillcolor=powderblue]
	"Expression'212" -> "-213"
	"Expression214" [label="Expression"]
	"Expression'212" -> "Expression214"
	"num215" [label="num",style=filled,fillcolor=powderblue]
	"Expression214" -> "num215"
	"Expression'216" [label="Expression'"]
	"Expression214" -> "Expression'216"
	"e217" [label="e"]
	"Expression'216" -> "e217"
	"]218" [label="]",style=filled,fillcolor=powderblue]
	"Expression207" -> "]218"
	"Expression'219" [label="Expression'"]
	"Expression207" -> "Expression'219"
	"e220" [label="e"]
	"Expression'219" -> "e220"
	"Statements221" [label="Statements"]
	"Statements192" -> "Statements221"
	"Statement222" [label="Statement"]
	"Statements221" -> "Statement222"
	"Assignment223" [label="Assignment"]
	"Statement222" -> "Assignment223"
	"m224" [label="m",style=filled,fillcolor=powderblue]
	"Assignment223" -> "m224"
	"[225" [label="[",style=filled,fillcolor=powderblue]
	"Assignment223" -> "[225"
	"Expression226" [label="Expression"]
	"Assignment223" -> "Expression226"
	"num227" [label="num",style=filled,fillcolor=powderblue]
	"Expression226" -> "num227"
	"Expression'228" [label="Expression'"]
	"Expression226" -> "Expression'228"
	"e229" [label="e"]
	"Expression'228" -> "e229"
	"]230" [label="]",style=filled,fillcolor=powderblue]
	"Assignment223" -> "]230"
	"=231" [label="=",style=filled,fillcolor=powderblue]
	"Assignment223" -> "=231"
	"Expression232" [label="Expression"]
	"Assignment223" -> "Expression232"
	"num233" [label="num",style=filled,fillcolor=powderblue]
	"Expression232" -> "num233"
	"Expression'234" [label="Expression'"]
	"Expression232" -> "Expression'234"
	"-235" [label="-",style=filled,fillcolor=powderblue]
	"Expression'234" -> "-235"
	"Expression236" [label="Expression"]
	"Expression'234" -> "Expression236"
	"(237" [label="(",style=filled,fillcolor=powderblue]
	"Expression236" -> "(237"
	"Expression238" [label="Expression"]
	"Expression236" -> "Expression238"
	"num239" [label="num",style=filled,fillcolor=powderblue]
	"Expression238" -> "num239"
	"Expression'240" [label="Expression'"]
	"Expression238" -> "Expression'240"
	"-241" [label="-",style=filled,fillcolor=powderblue]
	"Expression'240" -> "-241"
	"Expression242" [label="Expression"]
	"Expression'240" -> "Expression242"
	"num243" [label="num",style=filled,fillcolor=powderblue]
	"Expression242" -> "num243"
	"Expression'244" [label="Expression'"]
	"Expression242" -> "Expression'244"
	"e245" [label="e"]
	"Expression'244" -> "e245"
	")246" [label=")",style=filled,fillcolor=powderblue]
	"Expression236" -> ")246"
	"Expression'247" [label="Expression'"]
	"Expression236" -> "Expression'247"
	"e248" [label="e"]
	"Expression'247" -> "e248"
	"Statements249" [label="Statements"]
	"Statements221" -> "Statements249"
	"Statement250" [label="Statement"]
	"Statements249" -> "Statement250"
	"Assignment251" [label="Assignment"]
	"Statement250" -> "Assignment251"
	"m252" [label="m",style=filled,fillcolor=powderblue]
	"Assignment251" -> "m252"
	"[253" [label="[",style=filled,fillcolor=powderblue]
	"Assignment251" -> "[253"
	"Expression254" [label="Expression"]
	"Assignment251" -> "Expression254"
	"num255" [label="num",style=filled,fillcolor=powderblue]
	"Expression254" -> "num255"
	"Expression'256" [label="Expression'"]
	"Expression254" -> "Expression'256"
	"e257" [label="e"]
	"Expression'256" -> "e257"
	"]258" [label="]",style=filled,fillcolor=powderblue]
	"Assignment251" -> "]258"
	"=259" [label="=",style=filled,fillcolor=powderblue]
	"Assignment251" -> "=259"
	"Expression260" [label="Expression"]
	"Assignment251" -> "Expression260"
	"num261" [label="num",style=filled,fillcolor=powderblue]
	"Expression260" -> "num261"
	"Expression'262" [label="Expression'"]
	"Expression260" -> "Expression'262"
	"-263" [label="-",style=filled,fillcolor=powderblue]
	"Expression'262" -> "-263"
	"Expression264" [label="Expression"]
	"Expression'262" -> "Expression264"
	"m265" [label="m",style=filled,fillcolor=powderblue]
	"Expression264" -> "m265"
	"[266" [label="[",style=filled,fillcolor=powderblue]
	"Expression264" -> "[266"
	"Expression267" [label="Expression"]
	"Expression264" -> "Expression267"
	"(268" [label="(",style=filled,fillcolor=powderblue]
	"Expression267" -> "(268"
	"Expression269" [label="Expression"]
	"Expression267" -> "Expression269"
	"num270" [label="num",style=filled,fillcolor=powderblue]
	"Expression269" -> "num270"
	"Expression'271" [label="Expression'"]
	"Expression269" -> "Expression'271"
	"-272" [label="-",style=filled,fillcolor=powderblue]
	"Expression'271" -> "-272"
	"Expression273" [label="Expression"]
	"Expression'271" -> "Expression273"
	"num274" [label="num",style=filled,fillcolor=powderblue]
	"Expression273" -> "num274"
	"Expression'275" [label="Expression'"]
	"Expression273" -> "Expression'275"
	"e276" [label="e"]
	"Expression'275" -> "e276"
	")277" [label=")",style=filled,fillcolor=powderblue]
	"Expression267" -> ")277"
	"Expression'278" [label="Expression'"]
	"Expression267" -> "Expression'278"
	"e279" [label="e"]
	"Expression'278" -> "e279"
	"]280" [label="]",style=filled,fillcolor=powderblue]
	"Expression264" -> "]280"
	"Expression'281" [label="Expression'"]
	"Expression264" -> "Expression'281"
	"e282" [label="e"]
	"Expression'281" -> "e282"
	"Statements283" [label="Statements"]
	"Statements249" -> "Statements283"
	"Statement284" [label="Statement"]
	"Statements283" -> "Statement284"
	"Print285" [label="Print"]
	"Statement284" -> "Print285"
	"print286" [label="print",style=filled,fillcolor=powderblue]
	"Print285" -> "print286"
	"Expression287" [label="Expression"]
	"Print285" -> "Expression287"
	"m288" [label="m",style=filled,fillcolor=powderblue]
	"Expression287" -> "m288"
	"[289" [label="[",style=filled,fillcolor=powderblue]
	"Expression287" -> "[289"
	"Expression290" [label="Expression"]
	"Expression287" -> "Expression290"
	"num291" [label="num",style=filled,fillcolor=powderblue]
	"Expression290" -> "num291"
	"Expression'292" [label="Expression'"]
	"Expression290" -> "Expression'292"
	"e293" [label="e"]
	"Expression'292" -> "e293"
	"]294" [label="]",style=filled,fillcolor=powderblue]
	"Expression287" -> "]294"
	"Expression'295" [label="Expression'"]
	"Expression287" -> "Expression'295"
	"e296" [label="e"]
	"Expression'295" -> "e296"
	"Statements297" [label="Statements"]
	"Statements283" -> "Statements297"
	"Statement298" [label="Statement"]
	"Statements297" -> "Statement298"
	"Assignment299" [label="Assignment"]
	"Statement298" -> "Assignment299"
	"m300" [label="m",style=filled,fillcolor=powderblue]
	"Assignment299" -> "m300"
	"[301" [label="[",style=filled,fillcolor=powderblue]
	"Assignment299" -> "[301"
	"Expression302" [label="Expression"]
	"Assignment299" -> "Expression302"
	"num303" [label="num",style=filled,fillcolor=powderblue]
	"Expression302" -> "num303"
	"Expression'304" [label="Expression'"]
	"Expression302" -> "Expression'304"
	"e305" [label="e"]
	"Expression'304" -> "e305"
	"]306" [label="]",style=filled,fillcolor=powderblue]
	"Assignment299" -> "]306"
	"=307" [label="=",style=filled,fillcolor=powderblue]
	"Assignment299" -> "=307"
	"Expression308" [label="Expression"]
	"Assignment299" -> "Expression308"
	"num309" [label="num",style=filled,fillcolor=powderblue]
	"Expression308" -> "num309"
	"Expression'310" [label="Expression'"]
	"Expression308" -> "Expression'310"
	"Expression''311" [label="Expression''"]
	"Expression'310" -> "Expression''311"
	"/312" [label="/",style=filled,fillcolor=powderblue]
	"Expression''311" -> "/312"
	"Expression313" [label="Expression"]
	"Expression''311" -> "Expression313"
	"num314" [label="num",style=filled,fillcolor=powderblue]
	"Expression313" -> "num314"
	"Expression'315" [label="Expression'"]
	"Expression313" -> "Expression'315"
	"Expression''316" [label="Expression''"]
	"Expression'315" -> "Expression''316"
	"*317" [label="*",style=filled,fillcolor=powderblue]
	"Expression''316" -> "*317"
	"Expression318" [label="Expression"]
	"Expression''316" -> "Expression318"
	"num319" [label="num",style=filled,fillcolor=powderblue]
	"Expression318" -> "num319"
	"Expression'320" [label="Expression'"]
	"Expression318" -> "Expression'320"
	"e321" [label="e"]
	"Expression'320" -> "e321"
	"Statements322" [label="Statements"]
	"Statements297" -> "Statements322"
	"Statement323" [label="Statement"]
	"Statements322" -> "Statement323"
	"Jump324" [label="Jump"]
	"Statement323" -> "Jump324"
	"goto325" [label="goto",style=filled,fillcolor=powderblue]
	"Jump324" -> "goto325"
	"num326" [label="num",style=filled,fillcolor=powderblue]
	"Jump324" -> "num326"
	"Jump'327" [label="Jump'"]
	"Jump324" -> "Jump'327"
	"e328" [label="e"]
	"Jump'327" -> "e328"
	"Statements329" [label="Statements"]
	"Statements322" -> "Statements329"
	"Statement330" [label="Statement"]
	"Statements329" -> "Statement330"
	"Assignment331" [label="Assignment"]
	"Statement330" -> "Assignment331"
	"m332" [label="m",style=filled,fillcolor=powderblue]
	"Assignment331" -> "m332"
	"[333" [label="[",style=filled,fillcolor=powderblue]
	"Assignment331" -> "[333"
	"Expression334" [label="Expression"]
	"Assignment331" -> "Expression334"
	"num335" [label="num",style=filled,fillcolor=powderblue]
	"Expression334" -> "num335"
	"Expression'336" [label="Expression'"]
	"Expression334" -> "Expression'336"
	"e337" [label="e"]
	"Expression'336" -> "e337"
	"]338" [label="]",style=filled,fillcolor=powderblue]
	"Assignment331" -> "]338"
	"=339" [label="=",style=filled,fillcolor=powderblue]
	"Assignment331" -> "=339"
	"Expression340" [label="Expression"]
	"Assignment331" -> "Expression340"
	"num341" [label="num",style=filled,fillcolor=powderblue]
	"Expression340" -> "num341"
	"Expression'342" [label="Expression'"]
	"Expression340" -> "Expression'342"
	"+343" [label="+",style=filled,fillcolor=powderblue]
	"Expression'342" -> "+343"
	"Expression344" [label="Expression"]
	"Expression'342" -> "Expression344"
	"m345" [label="m",style=filled,fillcolor=powderblue]
	"Expression344" -> "m345"
	"[346" [label="[",style=filled,fillcolor=powderblue]
	"Expression344" -> "[346"
	"Expression347" [label="Expression"]
	"Expression344" -> "Expression347"
	"num348" [label="num",style=filled,fillcolor=powderblue]
	"Expression347" -> "num348"
	"Expression'349" [label="Expression'"]
	"Expression347" -> "Expression'349"
	"e350" [label="e"]
	"Expression'349" -> "e350"
	"]351" [label="]",style=filled,fillcolor=powderblue]
	"Expression344" -> "]351"
	"Expression'352" [label="Expression'"]
	"Expression344" -> "Expression'352"
	"e353" [label="e"]
	"Expression'352" -> "e353"
	"Statements354" [label="Statements"]
	"Statements329" -> "Statements354"
	"Statement355" [label="Statement"]
	"Statements354" -> "Statement355"
	"Assignment356" [label="Assignment"]
	"Statement355" -> "Assignment356"
	"m357" [label="m",style=filled,fillcolor=powderblue]
	"Assignment356" -> "m357"
	"[358" [label="[",style=filled,fillcolor=powderblue]
	"Assignment356" -> "[358"
	"Expression359" [label="Expression"]
	"Assignment356" -> "Expression359"
	"num360" [label="num",style=filled,fillcolor=powderblue]
	"Expression359" -> "num360"
	"Expression'361" [label="Expression'"]
	"Expression359" -> "Expression'361"
	"e362" [label="e"]
	"Expression'361" -> "e362"
	"]363" [label="]",style=filled,fillcolor=powderblue]
	"Assignment356" -> "]363"
	"=364" [label="=",style=filled,fillcolor=powderblue]
	"Assignment356" -> "=364"
	"Expression365" [label="Expression"]
	"Assignment356" -> "Expression365"
	"num366" [label="num",style=filled,fillcolor=powderblue]
	"Expression365" -> "num366"
	"Expression'367" [label="Expression'"]
	"Expression365" -> "Expression'367"
	"-368" [label="-",style=filled,fillcolor=powderblue]
	"Expression'367" -> "-368"
	"Expression369" [label="Expression"]
	"Expression'367" -> "Expression369"
	"m370" [label="m",style=filled,fillcolor=powderblue]
	"Expression369" -> "m370"
	"[371" [label="[",style=filled,fillcolor=powderblue]
	"Expression369" -> "[371"
	"Expression372" [label="Expression"]
	"Expression369" -> "Expression372"
	"num373" [label="num",style=filled,fillcolor=powderblue]
	"Expression372" -> "num373"
	"Expression'374" [label="Expression'"]
	"Expression372" -> "Expression'374"
	"Expression''375" [label="Expression''"]
	"Expression'374" -> "Expression''375"
	"**376" [label="**",style=filled,fillcolor=powderblue]
	"Expression''375" -> "**376"
	"Expression377" [label="Expression"]
	"Expression''375" -> "Expression377"
	"num378" [label="num",style=filled,fillcolor=powderblue]
	"Expression377" -> "num378"
	"Expression'379" [label="Expression'"]
	"Expression377" -> "Expression'379"
	"Expression''380" [label="Expression''"]
	"Expression'379" -> "Expression''380"
	"*381" [label="*",style=filled,fillcolor=powderblue]
	"Expression''380" -> "*381"
	"Expression382" [label="Expression"]
	"Expression''380" -> "Expression382"
	"num383" [label="num",style=filled,fillcolor=powderblue]
	"Expression382" -> "num383"
	"Expression'384" [label="Expression'"]
	"Expression382" -> "Expression'384"
	"-385" [label="-",style=filled,fillcolor=powderblue]
	"Expression'384" -> "-385"
	"Expression386" [label="Expression"]
	"Expression'384" -> "Expression386"
	"num387" [label="num",style=filled,fillcolor=powderblue]
	"Expression386" -> "num387"
	"Expression'388" [label="Expression'"]
	"Expression386" -> "Expression'388"
	"e389" [label="e"]
	"Expression'388" -> "e389"
	"]390" [label="]",style=filled,fillcolor=powderblue]
	"Expression369" -> "]390"
	"Expression'391" [label="Expression'"]
	"Expression369" -> "Expression'391"
	"-392" [label="-",style=filled,fillcolor=powderblue]
	"Expression'391" -> "-392"
	"Expression393" [label="Expression"]
	"Expression'391" -> "Expression393"
	"num394" [label="num",style=filled,fillcolor=powderblue]
	"Expression393" -> "num394"
	"Expression'395" [label="Expression'"]
	"Expression393" -> "Expression'395"
	"e396" [label="e"]
	"Expression'395" -> "e396"
	"Statements397" [label="Statements"]
	"Statements354" -> "Statements397"
	"Statement398" [label="Statement"]
	"Statements397" -> "Statement398"
	"Label399" [label="Label"]
	"Statement398" -> "Label399"
	"L400" [label="L",style=filled,fillcolor=powderblue]
	"Label399" -> "L400"
	"num401" [label="num",style=filled,fillcolor=powderblue]
	"Label399" -> "num401"
	":402" [label=":",style=filled,fillcolor=powderblue]
	"Label399" -> ":402"
	"Statements403" [label="Statements"]
	"Statements397" -> "Statements403"
	"Statement404" [label="Statement"]
	"Statements403" -> "Statement404"
	"Assignment405" [label="Assignment"]
	"Statement404" -> "Assignment405"
	"m406" [label="m",style=filled,fillcolor=powderblue]
	"Assignment405" -> "m406"
	"[407" [label="[",style=filled,fillcolor=powderblue]
	"Assignment405" -> "[407"
	"Expression408" [label="Expression"]
	"Assignment405" -> "Expression408"
	"num409" [label="num",style=filled,fillcolor=powderblue]
	"Expression408" -> "num409"
	"Expression'410" [label="Expression'"]
	"Expression408" -> "Expression'410"
	"e411" [label="e"]
	"Expression'410" -> "e411"
	"]412" [label="]",style=filled,fillcolor=powderblue]
	"Assignment405" -> "]412"
	"=413" [label="=",style=filled,fillcolor=powderblue]
	"Assignment405" -> "=413"
	"Expression414" [label="Expression"]
	"Assignment405" -> "Expression414"
	"num415" [label="num",style=filled,fillcolor=powderblue]
	"Expression414" -> "num415"
	"Expression'416" [label="Expression'"]
	"Expression414" -> "Expression'416"
	"-417" [label="-",style=filled,fillcolor=powderblue]
	"Expression'416" -> "-417"
	"Expression418" [label="Expression"]
	"Expression'416" -> "Expression418"
	"(419" [label="(",style=filled,fillcolor=powderblue]
	"Expression418" -> "(419"
	"Expression420" [label="Expression"]
	"Expression418" -> "Expression420"
	"m421" [label="m",style=filled,fillcolor=powderblue]
	"Expression420" -> "m421"
	"[422" [label="[",style=filled,fillcolor=powderblue]
	"Expression420" -> "[422"
	"Expression423" [label="Expression"]
	"Expression420" -> "Expression423"
	"num424" [label="num",style=filled,fillcolor=powderblue]
	"Expression423" -> "num424"
	"Expression'425" [label="Expression'"]
	"Expression423" -> "Expression'425"
	"e426" [label="e"]
	"Expression'425" -> "e426"
	"]427" [label="]",style=filled,fillcolor=powderblue]
	"Expression420" -> "]427"
	"Expression'428" [label="Expression'"]
	"Expression420" -> "Expression'428"
	"-429" [label="-",style=filled,fillcolor=powderblue]
	"Expression'428" -> "-429"
	"Expression430" [label="Expression"]
	"Expression'428" -> "Expression430"
	"num431" [label="num",style=filled,fillcolor=powderblue]
	"Expression430" -> "num431"
	"Expression'432" [label="Expression'"]
	"Expression430" -> "Expression'432"
	"e433" [label="e"]
	"Expression'432" -> "e433"
	")434" [label=")",style=filled,fillcolor=powderblue]
	"Expression418" -> ")434"
	"Expression'435" [label="Expression'"]
	"Expression418" -> "Expression'435"
	"e436" [label="e"]
	"Expression'435" -> "e436"
	"Statements437" [label="Statements"]
	"Statements403" -> "Statements437"
	"Statement438" [label="Statement"]
	"Statements437" -> "Statement438"
	"Jump439" [label="Jump"]
	"Statement438" -> "Jump439"
	"goto440" [label="goto",style=filled,fillcolor=powderblue]
	"Jump439" -> "goto440"
	"num441" [label="num",style=filled,fillcolor=powderblue]
	"Jump439" -> "num441"
	"Jump'442" [label="Jump'"]
	"Jump439" -> "Jump'442"
	"if443" [label="if",style=filled,fillcolor=powderblue]
	"Jump'442" -> "if443"
	"Expression444" [label="Expression"]
	"Jump'442" -> "Expression444"
	"m445" [label="m",style=filled,fillcolor=powderblue]
	"Expression444" -> "m445"
	"[446" [label="[",style=filled,fillcolor=powderblue]
	"Expression444" -> "[446"
	"Expression447" [label="Expression"]
	"Expression444" -> "Expression447"
	"num448" [label="num",style=filled,fillcolor=powderblue]
	"Expression447" -> "num448"
	"Expression'449" [label="Expression'"]
	"Expression447" -> "Expression'449"
	"e450" [label="e"]
	"Expression'449" -> "e450"
	"]451" [label="]",style=filled,fillcolor=powderblue]
	"Expression444" -> "]451"
	"Expression'452" [label="Expression'"]
	"Expression444" -> "Expression'452"
	"e453" [label="e"]
	"Expression'452" -> "e453"
	"Statements454" [label="Statements"]
	"Statements437" -> "Statements454"
	"Statement455" [label="Statement"]
	"Statements454" -> "Statement455"
	"Jump456" [label="Jump"]
	"Statement455" -> "Jump456"
	"goto457" [label="goto",style=filled,fillcolor=powderblue]
	"Jump456" -> "goto457"
	"num458" [label="num",style=filled,fillcolor=powderblue]
	"Jump456" -> "num458"
	"Jump'459" [label="Jump'"]
	"Jump456" -> "Jump'459"
	"e460" [label="e"]
	"Jump'459" -> "e460"
	"Statements461" [label="Statements"]
	"Statements454" -> "Statements461"
	"Statement462" [label="Statement"]
	"Statements461" -> "Statement462"
	"Assignment463" [label="Assignment"]
	"Statement462" -> "Assignment463"
	"m464" [label="m",style=filled,fillcolor=powderblue]
	"Assignment463" -> "m464"
	"[465" [label="[",style=filled,fillcolor=powderblue]
	"Assignment463" -> "[465"
	"Expression466" [label="Expression"]
	"Assignment463" -> "Expression466"
	"num467" [label="num",style=filled,fillcolor=powderblue]
	"Expression466" -> "num467"
	"Expression'468" [label="Expression'"]
	"Expression466" -> "Expression'468"
	"e469" [label="e"]
	"Expression'468" -> "e469"
	"]470" [label="]",style=filled,fillcolor=powderblue]
	"Assignment463" -> "]470"
	"=471" [label="=",style=filled,fillcolor=powderblue]
	"Assignment463" -> "=471"
	"Expression472" [label="Expression"]
	"Assignment463" -> "Expression472"
	"num473" [label="num",style=filled,fillcolor=powderblue]
	"Expression472" -> "num473"
	"Expression'474" [label="Expression'"]
	"Expression472" -> "Expression'474"
	"+475" [label="+",style=filled,fillcolor=powderblue]
	"Expression'474" -> "+475"
	"Expression476" [label="Expression"]
	"Expression'474" -> "Expression476"
	"m477" [label="m",style=filled,fillcolor=powderblue]
	"Expression476" -> "m477"
	"[478" [label="[",style=filled,fillcolor=powderblue]
	"Expression476" -> "[478"
	"Expression479" [label="Expression"]
	"Expression476" -> "Expression479"
	"num480" [label="num",style=filled,fillcolor=powderblue]
	"Expression479" -> "num480"
	"Expression'481" [label="Expression'"]
	"Expression479" -> "Expression'481"
	"e482" [label="e"]
	"Expression'481" -> "e482"
	"]483" [label="]",style=filled,fillcolor=powderblue]
	"Expression476" -> "]483"
	"Expression'484" [label="Expression'"]
	"Expression476" -> "Expression'484"
	"e485" [label="e"]
	"Expression'484" -> "e485"
	"Statements486" [label="Statements"]
	"Statements461" -> "Statements486"
	"Statement487" [label="Statement"]
	"Statements486" -> "Statement487"
	"Assignment488" [label="Assignment"]
	"Statement487" -> "Assignment488"
	"m489" [label="m",style=filled,fillcolor=powderblue]
	"Assignment488" -> "m489"
	"[490" [label="[",style=filled,fillcolor=powderblue]
	"Assignment488" -> "[490"
	"Expression491" [label="Expression"]
	"Assignment488" -> "Expression491"
	"num492" [label="num",style=filled,fillcolor=powderblue]
	"Expression491" -> "num492"
	"Expression'493" [label="Expression'"]
	"Expression491" -> "Expression'493"
	"e494" [label="e"]
	"Expression'493" -> "e494"
	"]495" [label="]",style=filled,fillcolor=powderblue]
	"Assignment488" -> "]495"
	"=496" [label="=",style=filled,fillcolor=powderblue]
	"Assignment488" -> "=496"
	"Expression497" [label="Expression"]
	"Assignment488" -> "Expression497"
	"num498" [label="num",style=filled,fillcolor=powderblue]
	"Expression497" -> "num498"
	"Expression'499" [label="Expression'"]
	"Expression497" -> "Expression'499"
	"-500" [label="-",style=filled,fillcolor=powderblue]
	"Expression'499" -> "-500"
	"Expression501" [label="Expression"]
	"Expression'499" -> "Expression501"
	"m502" [label="m",style=filled,fillcolor=powderblue]
	"Expression501" -> "m502"
	"[503" [label="[",style=filled,fillcolor=powderblue]
	"Expression501" -> "[503"
	"Expression504" [label="Expression"]
	"Expression501" -> "Expression504"
	"num505" [label="num",style=filled,fillcolor=powderblue]
	"Expression504" -> "num505"
	"Expression'506" [label="Expression'"]
	"Expression504" -> "Expression'506"
	"Expression''507" [label="Expression''"]
	"Expression'506" -> "Expression''507"
	"**508" [label="**",style=filled,fillcolor=powderblue]
	"Expression''507" -> "**508"
	"Expression509" [label="Expression"]
	"Expression''507" -> "Expression509"
	"num510" [label="num",style=filled,fillcolor=powderblue]
	"Expression509" -> "num510"
	"Expression'511" [label="Expression'"]
	"Expression509" -> "Expression'511"
	"Expression''512" [label="Expression''"]
	"Expression'511" -> "Expression''512"
	"*513" [label="*",style=filled,fillcolor=powderblue]
	"Expression''512" -> "*513"
	"Expression514" [label="Expression"]
	"Expression''512" -> "Expression514"
	"num515" [label="num",style=filled,fillcolor=powderblue]
	"Expression514" -> "num515"
	"Expression'516" [label="Expression'"]
	"Expression514" -> "Expression'516"
	"-517" [label="-",style=filled,fillcolor=powderblue]
	"Expression'516" -> "-517"
	"Expression518" [label="Expression"]
	"Expression'516" -> "Expression518"
	"num519" [label="num",style=filled,fillcolor=powderblue]
	"Expression518" -> "num519"
	"Expression'520" [label="Expression'"]
	"Expression518" -> "Expression'520"
	"e521" [label="e"]
	"Expression'520" -> "e521"
	"]522" [label="]",style=filled,fillcolor=powderblue]
	"Expression501" -> "]522"
	"Expression'523" [label="Expression'"]
	"Expression501" -> "Expression'523"
	"-524" [label="-",style=filled,fillcolor=powderblue]
	"Expression'523" -> "-524"
	"Expression525" [label="Expression"]
	"Expression'523" -> "Expression525"
	"num526" [label="num",style=filled,fillcolor=powderblue]
	"Expression525" -> "num526"
	"Expression'527" [label="Expression'"]
	"Expression525" -> "Expression'527"
	"e528" [label="e"]
	"Expression'527" -> "e528"
	"Statements529" [label="Statements"]
	"Statements486" -> "Statements529"
	"Statement530" [label="Statement"]
	"Statements529" -> "Statement530"
	"Label531" [label="Label"]
	"Statement530" -> "Label531"
	"L532" [label="L",style=filled,fillcolor=powderblue]
	"Label531" -> "L532"
	"num533" [label="num",style=filled,fillcolor=powderblue]
	"Label531" -> "num533"
	":534" [label=":",style=filled,fillcolor=powderblue]
	"Label531" -> ":534"
	"Statements535" [label="Statements"]
	"Statements529" -> "Statements535"
	"Statement536" [label="Statement"]
	"Statements535" -> "Statement536"
	"Assignment537" [label="Assignment"]
	"Statement536" -> "Assignment537"
	"m538" [label="m",style=filled,fillcolor=powderblue]
	"Assignment537" -> "m538"
	"[539" [label="[",style=filled,fillcolor=powderblue]
	"Assignment537" -> "[539"
	"Expression540" [label="Expression"]
	"Assignment537" -> "Expression540"
	"num541" [label="num",style=filled,fillcolor=powderblue]
	"Expression540" -> "num541"
	"Expression'542" [label="Expression'"]
	"Expression540" -> "Expression'542"
	"e543" [label="e"]
	"Expression'542" -> "e543"
	"]544" [label="]",style=filled,fillcolor=powderblue]
	"Assignment537" -> "]544"
	"=545" [label="=",style=filled,fillcolor=powderblue]
	"Assignment537" -> "=545"
	"Expression546" [label="Expression"]
	"Assignment537" -> "Expression546"
	"num547" [label="num",style=filled,fillcolor=powderblue]
	"Expression546" -> "num547"
	"Expression'548" [label="Expression'"]
	"Expression546" -> "Expression'548"
	"-549" [label="-",style=filled,fillcolor=powderblue]
	"Expression'548" -> "-549"
	"Expression550" [label="Expression"]
	"Expression'548" -> "Expression550"
	"(551" [label="(",style=filled,fillcolor=powderblue]
	"Expression550" -> "(551"
	"Expression552" [label="Expression"]
	"Expression550" -> "Expression552"
	"m553" [label="m",style=filled,fillcolor=powderblue]
	"Expression552" -> "m553"
	"[554" [label="[",style=filled,fillcolor=powderblue]
	"Expression552" -> "[554"
	"Expression555" [label="Expression"]
	"Expression552" -> "Expression555"
	"num556" [label="num",style=filled,fillcolor=powderblue]
	"Expression555" -> "num556"
	"Expression'557" [label="Expression'"]
	"Expression555" -> "Expression'557"
	"e558" [label="e"]
	"Expression'557" -> "e558"
	"]559" [label="]",style=filled,fillcolor=powderblue]
	"Expression552" -> "]559"
	"Expression'560" [label="Expression'"]
	"Expression552" -> "Expression'560"
	"-561" [label="-",style=filled,fillcolor=powderblue]
	"Expression'560" -> "-561"
	"Expression562" [label="Expression"]
	"Expression'560" -> "Expression562"
	"num563" [label="num",style=filled,fillcolor=powderblue]
	"Expression562" -> "num563"
	"Expression'564" [label="Expression'"]
	"Expression562" -> "Expression'564"
	"e565" [label="e"]
	"Expression'564" -> "e565"
	")566" [label=")",style=filled,fillcolor=powderblue]
	"Expression550" -> ")566"
	"Expression'567" [label="Expression'"]
	"Expression550" -> "Expression'567"
	"e568" [label="e"]
	"Expression'567" -> "e568"
	"Statements569" [label="Statements"]
	"Statements535" -> "Statements569"
	"Statement570" [label="Statement"]
	"Statements569" -> "Statement570"
	"Assignment571" [label="Assignment"]
	"Statement570" -> "Assignment571"
	"m572" [label="m",style=filled,fillcolor=powderblue]
	"Assignment571" -> "m572"
	"[573" [label="[",style=filled,fillcolor=powderblue]
	"Assignment571" -> "[573"
	"Expression574" [label="Expression"]
	"Assignment571" -> "Expression574"
	"num575" [label="num",style=filled,fillcolor=powderblue]
	"Expression574" -> "num575"
	"Expression'576" [label="Expression'"]
	"Expression574" -> "Expression'576"
	"e577" [label="e"]
	"Expression'576" -> "e577"
	"]578" [label="]",style=filled,fillcolor=powderblue]
	"Assignment571" -> "]578"
	"=579" [label="=",style=filled,fillcolor=powderblue]
	"Assignment571" -> "=579"
	"Expression580" [label="Expression"]
	"Assignment571" -> "Expression580"
	"num581" [label="num",style=filled,fillcolor=powderblue]
	"Expression580" -> "num581"
	"Expression'582" [label="Expression'"]
	"Expression580" -> "Expression'582"
	"Expression''583" [label="Expression''"]
	"Expression'582" -> "Expression''583"
	"/584" [label="/",style=filled,fillcolor=powderblue]
	"Expression''583" -> "/584"
	"Expression585" [label="Expression"]
	"Expression''583" -> "Expression585"
	"num586" [label="num",style=filled,fillcolor=powderblue]
	"Expression585" -> "num586"
	"Expression'587" [label="Expression'"]
	"Expression585" -> "Expression'587"
	"Expression''588" [label="Expression''"]
	"Expression'587" -> "Expression''588"
	"*589" [label="*",style=filled,fillcolor=powderblue]
	"Expression''588" -> "*589"
	"Expression590" [label="Expression"]
	"Expression''588" -> "Expression590"
	"num591" [label="num",style=filled,fillcolor=powderblue]
	"Expression590" -> "num591"
	"Expression'592" [label="Expression'"]
	"Expression590" -> "Expression'592"
	"e593" [label="e"]
	"Expression'592" -> "e593"
	"Statements594" [label="Statements"]
	"Statements569" -> "Statements594"
	"Statement595" [label="Statement"]
	"Statements594" -> "Statement595"
	"Jump596" [label="Jump"]
	"Statement595" -> "Jump596"
	"goto597" [label="goto",style=filled,fillcolor=powderblue]
	"Jump596" -> "goto597"
	"num598" [label="num",style=filled,fillcolor=powderblue]
	"Jump596" -> "num598"
syntax error: found L expecting num - line 26
