digraph G {
	"Start1" [label="Start"]
	"Statements2" [label="Statements"]
	"Start1" -> "Statements2"
	"Statement3" [label="Statement"]
	"Statements2" -> "Statement3"
	"Assignment4" [label="Assignment"]
	"Statement3" -> "Assignment4"
	"m5" [label="m",style=filled,fillcolor=powderblue]
	"Assignment4" -> "m5"
	"[6" [label="[",style=filled,fillcolor=powderblue]
	"Assignment4" -> "[6"
	"Expression7" [label="Expression"]
	"Assignment4" -> "Expression7"
	"MultDiv8" [label="MultDiv"]
	"Expression7" -> "MultDiv8"
	"Exp9" [label="Exp"]
	"MultDiv8" -> "Exp9"
	"NumEnd10" [label="NumEnd"]
	"Exp9" -> "NumEnd10"
	"num11" [label="num",style=filled,fillcolor=powderblue]
	"NumEnd10" -> "num11"
	"Exp12" [label="Exp"]
	"Exp9" -> "Exp12"
	"e13" [label="e"]
	"Exp12" -> "e13"
	"MultDivImouto14" [label="MultDivImouto"]
	"MultDiv8" -> "MultDivImouto14"
	"e15" [label="e"]
	"MultDivImouto14" -> "e15"
	"ExpressionImouto16" [label="ExpressionImouto"]
	"Expression7" -> "ExpressionImouto16"
	"e17" [label="e"]
	"ExpressionImouto16" -> "e17"
	"]18" [label="]",style=filled,fillcolor=powderblue]
	"Assignment4" -> "]18"
	"=19" [label="=",style=filled,fillcolor=powderblue]
	"Assignment4" -> "=19"
	"Expression20" [label="Expression"]
	"Assignment4" -> "Expression20"
	"MultDiv21" [label="MultDiv"]
	"Expression20" -> "MultDiv21"
	"Exp22" [label="Exp"]
	"MultDiv21" -> "Exp22"
	"NumEnd23" [label="NumEnd"]
	"Exp22" -> "NumEnd23"
	"num24" [label="num",style=filled,fillcolor=powderblue]
	"NumEnd23" -> "num24"
	"Exp25" [label="Exp"]
	"Exp22" -> "Exp25"
	"e26" [label="e"]
	"Exp25" -> "e26"
	"MultDivImouto27" [label="MultDivImouto"]
	"MultDiv21" -> "MultDivImouto27"
	"/28" [label="/",style=filled,fillcolor=powderblue]
	"MultDivImouto27" -> "/28"
	"Exp29" [label="Exp"]
	"MultDivImouto27" -> "Exp29"
	"NumEnd30" [label="NumEnd"]
	"Exp29" -> "NumEnd30"
	"num31" [label="num",style=filled,fillcolor=powderblue]
	"NumEnd30" -> "num31"
	"Exp32" [label="Exp"]
	"Exp29" -> "Exp32"
	"e33" [label="e"]
	"Exp32" -> "e33"
	"MultDivImouto34" [label="MultDivImouto"]
	"MultDivImouto27" -> "MultDivImouto34"
	"*35" [label="*",style=filled,fillcolor=powderblue]
	"MultDivImouto34" -> "*35"
	"Exp36" [label="Exp"]
	"MultDivImouto34" -> "Exp36"
	"NumEnd37" [label="NumEnd"]
	"Exp36" -> "NumEnd37"
	"num38" [label="num",style=filled,fillcolor=powderblue]
	"NumEnd37" -> "num38"
	"Exp39" [label="Exp"]
	"Exp36" -> "Exp39"
	"e40" [label="e"]
	"Exp39" -> "e40"
	"MultDivImouto41" [label="MultDivImouto"]
	"MultDivImouto34" -> "MultDivImouto41"
	"e42" [label="e"]
	"MultDivImouto41" -> "e42"
	"ExpressionImouto43" [label="ExpressionImouto"]
	"Expression20" -> "ExpressionImouto43"
	"e44" [label="e"]
	"ExpressionImouto43" -> "e44"
	"StateImouto45" [label="StateImouto"]
	"Statements2" -> "StateImouto45"
	"Statement46" [label="Statement"]
	"StateImouto45" -> "Statement46"
	"Assignment47" [label="Assignment"]
	"Statement46" -> "Assignment47"
	"m48" [label="m",style=filled,fillcolor=powderblue]
	"Assignment47" -> "m48"
	"[49" [label="[",style=filled,fillcolor=powderblue]
	"Assignment47" -> "[49"
	"Expression50" [label="Expression"]
	"Assignment47" -> "Expression50"
	"MultDiv51" [label="MultDiv"]
	"Expression50" -> "MultDiv51"
	"Exp52" [label="Exp"]
	"MultDiv51" -> "Exp52"
	"NumEnd53" [label="NumEnd"]
	"Exp52" -> "NumEnd53"
	"num54" [label="num",style=filled,fillcolor=powderblue]
	"NumEnd53" -> "num54"
	"Exp55" [label="Exp"]
	"Exp52" -> "Exp55"
	"e56" [label="e"]
	"Exp55" -> "e56"
	"MultDivImouto57" [label="MultDivImouto"]
	"MultDiv51" -> "MultDivImouto57"
	"e58" [label="e"]
	"MultDivImouto57" -> "e58"
	"ExpressionImouto59" [label="ExpressionImouto"]
	"Expression50" -> "ExpressionImouto59"
	"e60" [label="e"]
	"ExpressionImouto59" -> "e60"
	"]61" [label="]",style=filled,fillcolor=powderblue]
	"Assignment47" -> "]61"
	"=62" [label="=",style=filled,fillcolor=powderblue]
	"Assignment47" -> "=62"
	"Expression63" [label="Expression"]
	"Assignment47" -> "Expression63"
	"MultDiv64" [label="MultDiv"]
	"Expression63" -> "MultDiv64"
	"Exp65" [label="Exp"]
	"MultDiv64" -> "Exp65"
	"NumEnd66" [label="NumEnd"]
	"Exp65" -> "NumEnd66"
	"num67" [label="num",style=filled,fillcolor=powderblue]
	"NumEnd66" -> "num67"
	"Exp68" [label="Exp"]
	"Exp65" -> "Exp68"
	"e69" [label="e"]
	"Exp68" -> "e69"
	"MultDivImouto70" [label="MultDivImouto"]
	"MultDiv64" -> "MultDivImouto70"
	"e71" [label="e"]
	"MultDivImouto70" -> "e71"
	"ExpressionImouto72" [label="ExpressionImouto"]
	"Expression63" -> "ExpressionImouto72"
	"+73" [label="+",style=filled,fillcolor=powderblue]
	"ExpressionImouto72" -> "+73"
	"MultDiv74" [label="MultDiv"]
	"ExpressionImouto72" -> "MultDiv74"
	"Exp75" [label="Exp"]
	"MultDiv74" -> "Exp75"
	"NumEnd76" [label="NumEnd"]
	"Exp75" -> "NumEnd76"
	"num77" [label="num",style=filled,fillcolor=powderblue]
	"NumEnd76" -> "num77"
	"Exp78" [label="Exp"]
	"Exp75" -> "Exp78"
	"e79" [label="e"]
	"Exp78" -> "e79"
	"MultDivImouto80" [label="MultDivImouto"]
	"MultDiv74" -> "MultDivImouto80"
	"e81" [label="e"]
	"MultDivImouto80" -> "e81"
	"ExpressionImouto82" [label="ExpressionImouto"]
	"ExpressionImouto72" -> "ExpressionImouto82"
	"e83" [label="e"]
	"ExpressionImouto82" -> "e83"
	"StateImouto84" [label="StateImouto"]
	"StateImouto45" -> "StateImouto84"
	"Statement85" [label="Statement"]
	"StateImouto84" -> "Statement85"
	"Assignment86" [label="Assignment"]
	"Statement85" -> "Assignment86"
	"m87" [label="m",style=filled,fillcolor=powderblue]
	"Assignment86" -> "m87"
	"[88" [label="[",style=filled,fillcolor=powderblue]
	"Assignment86" -> "[88"
	"Expression89" [label="Expression"]
	"Assignment86" -> "Expression89"
	"MultDiv90" [label="MultDiv"]
	"Expression89" -> "MultDiv90"
	"Exp91" [label="Exp"]
	"MultDiv90" -> "Exp91"
	"NumEnd92" [label="NumEnd"]
	"Exp91" -> "NumEnd92"
	"num93" [label="num",style=filled,fillcolor=powderblue]
	"NumEnd92" -> "num93"
	"Exp94" [label="Exp"]
	"Exp91" -> "Exp94"
	"e95" [label="e"]
	"Exp94" -> "e95"
	"MultDivImouto96" [label="MultDivImouto"]
	"MultDiv90" -> "MultDivImouto96"
	"e97" [label="e"]
	"MultDivImouto96" -> "e97"
	"ExpressionImouto98" [label="ExpressionImouto"]
	"Expression89" -> "ExpressionImouto98"
	"e99" [label="e"]
	"ExpressionImouto98" -> "e99"
	"]100" [label="]",style=filled,fillcolor=powderblue]
	"Assignment86" -> "]100"
	"=101" [label="=",style=filled,fillcolor=powderblue]
	"Assignment86" -> "=101"
	"Expression102" [label="Expression"]
	"Assignment86" -> "Expression102"
	"MultDiv103" [label="MultDiv"]
	"Expression102" -> "MultDiv103"
	"Exp104" [label="Exp"]
	"MultDiv103" -> "Exp104"
	"NumEnd105" [label="NumEnd"]
	"Exp104" -> "NumEnd105"
	"num106" [label="num",style=filled,fillcolor=powderblue]
	"NumEnd105" -> "num106"
	"Exp107" [label="Exp"]
	"Exp104" -> "Exp107"
	"e108" [label="e"]
	"Exp107" -> "e108"
	"MultDivImouto109" [label="MultDivImouto"]
	"MultDiv103" -> "MultDivImouto109"
	"e110" [label="e"]
	"MultDivImouto109" -> "e110"
	"ExpressionImouto111" [label="ExpressionImouto"]
	"Expression102" -> "ExpressionImouto111"
	"-112" [label="-",style=filled,fillcolor=powderblue]
	"ExpressionImouto111" -> "-112"
	"MultDiv113" [label="MultDiv"]
	"ExpressionImouto111" -> "MultDiv113"
	"Exp114" [label="Exp"]
	"MultDiv113" -> "Exp114"
	"NumEnd115" [label="NumEnd"]
	"Exp114" -> "NumEnd115"
	"(116" [label="(",style=filled,fillcolor=powderblue]
	"NumEnd115" -> "(116"
	"Expression117" [label="Expression"]
	"NumEnd115" -> "Expression117"
	"MultDiv118" [label="MultDiv"]
	"Expression117" -> "MultDiv118"
	"Exp119" [label="Exp"]
	"MultDiv118" -> "Exp119"
	"NumEnd120" [label="NumEnd"]
	"Exp119" -> "NumEnd120"
	"m121" [label="m",style=filled,fillcolor=powderblue]
	"NumEnd120" -> "m121"
	"[122" [label="[",style=filled,fillcolor=powderblue]
	"NumEnd120" -> "[122"
	"Expression123" [label="Expression"]
	"NumEnd120" -> "Expression123"
	"MultDiv124" [label="MultDiv"]
	"Expression123" -> "MultDiv124"
	"Exp125" [label="Exp"]
	"MultDiv124" -> "Exp125"
	"NumEnd126" [label="NumEnd"]
	"Exp125" -> "NumEnd126"
	"num127" [label="num",style=filled,fillcolor=powderblue]
	"NumEnd126" -> "num127"
	"Exp128" [label="Exp"]
	"Exp125" -> "Exp128"
	"e129" [label="e"]
	"Exp128" -> "e129"
	"MultDivImouto130" [label="MultDivImouto"]
	"MultDiv124" -> "MultDivImouto130"
	"e131" [label="e"]
	"MultDivImouto130" -> "e131"
	"ExpressionImouto132" [label="ExpressionImouto"]
	"Expression123" -> "ExpressionImouto132"
	"e133" [label="e"]
	"ExpressionImouto132" -> "e133"
	"]134" [label="]",style=filled,fillcolor=powderblue]
	"NumEnd120" -> "]134"
	"Exp135" [label="Exp"]
	"Exp119" -> "Exp135"
	"e136" [label="e"]
	"Exp135" -> "e136"
	"MultDivImouto137" [label="MultDivImouto"]
	"MultDiv118" -> "MultDivImouto137"
	"e138" [label="e"]
	"MultDivImouto137" -> "e138"
	"ExpressionImouto139" [label="ExpressionImouto"]
	"Expression117" -> "ExpressionImouto139"
	"-140" [label="-",style=filled,fillcolor=powderblue]
	"ExpressionImouto139" -> "-140"
	"MultDiv141" [label="MultDiv"]
	"ExpressionImouto139" -> "MultDiv141"
	"Exp142" [label="Exp"]
	"MultDiv141" -> "Exp142"
	"NumEnd143" [label="NumEnd"]
	"Exp142" -> "NumEnd143"
	"num144" [label="num",style=filled,fillcolor=powderblue]
	"NumEnd143" -> "num144"
	"Exp145" [label="Exp"]
	"Exp142" -> "Exp145"
	"e146" [label="e"]
	"Exp145" -> "e146"
	"MultDivImouto147" [label="MultDivImouto"]
	"MultDiv141" -> "MultDivImouto147"
	"e148" [label="e"]
	"MultDivImouto147" -> "e148"
	"ExpressionImouto149" [label="ExpressionImouto"]
	"ExpressionImouto139" -> "ExpressionImouto149"
	"e150" [label="e"]
	"ExpressionImouto149" -> "e150"
	")151" [label=")",style=filled,fillcolor=powderblue]
	"NumEnd115" -> ")151"
	"Exp152" [label="Exp"]
	"Exp114" -> "Exp152"
	"e153" [label="e"]
	"Exp152" -> "e153"
	"MultDivImouto154" [label="MultDivImouto"]
	"MultDiv113" -> "MultDivImouto154"
	"e155" [label="e"]
	"MultDivImouto154" -> "e155"
	"ExpressionImouto156" [label="ExpressionImouto"]
	"ExpressionImouto111" -> "ExpressionImouto156"
	"e157" [label="e"]
	"ExpressionImouto156" -> "e157"
	"StateImouto158" [label="StateImouto"]
	"StateImouto84" -> "StateImouto158"
	"Statement159" [label="Statement"]
	"StateImouto158" -> "Statement159"
	"Assignment160" [label="Assignment"]
	"Statement159" -> "Assignment160"
	"m161" [label="m",style=filled,fillcolor=powderblue]
	"Assignment160" -> "m161"
	"[162" [label="[",style=filled,fillcolor=powderblue]
	"Assignment160" -> "[162"
	"Expression163" [label="Expression"]
	"Assignment160" -> "Expression163"
	"MultDiv164" [label="MultDiv"]
	"Expression163" -> "MultDiv164"
	"Exp165" [label="Exp"]
	"MultDiv164" -> "Exp165"
	"NumEnd166" [label="NumEnd"]
	"Exp165" -> "NumEnd166"
	"num167" [label="num",style=filled,fillcolor=powderblue]
	"NumEnd166" -> "num167"
	"Exp168" [label="Exp"]
	"Exp165" -> "Exp168"
	"e169" [label="e"]
	"Exp168" -> "e169"
	"MultDivImouto170" [label="MultDivImouto"]
	"MultDiv164" -> "MultDivImouto170"
	"e171" [label="e"]
	"MultDivImouto170" -> "e171"
	"ExpressionImouto172" [label="ExpressionImouto"]
	"Expression163" -> "ExpressionImouto172"
	"e173" [label="e"]
	"ExpressionImouto172" -> "e173"
	"]174" [label="]",style=filled,fillcolor=powderblue]
	"Assignment160" -> "]174"
	"=175" [label="=",style=filled,fillcolor=powderblue]
	"Assignment160" -> "=175"
	"Expression176" [label="Expression"]
	"Assignment160" -> "Expression176"
	"MultDiv177" [label="MultDiv"]
	"Expression176" -> "MultDiv177"
	"Exp178" [label="Exp"]
	"MultDiv177" -> "Exp178"
	"NumEnd179" [label="NumEnd"]
	"Exp178" -> "NumEnd179"
	"num180" [label="num",style=filled,fillcolor=powderblue]
	"NumEnd179" -> "num180"
	"Exp181" [label="Exp"]
	"Exp178" -> "Exp181"
	"e182" [label="e"]
	"Exp181" -> "e182"
	"MultDivImouto183" [label="MultDivImouto"]
	"MultDiv177" -> "MultDivImouto183"
	"/184" [label="/",style=filled,fillcolor=powderblue]
	"MultDivImouto183" -> "/184"
	"Exp185" [label="Exp"]
	"MultDivImouto183" -> "Exp185"
	"NumEnd186" [label="NumEnd"]
	"Exp185" -> "NumEnd186"
	"num187" [label="num",style=filled,fillcolor=powderblue]
	"NumEnd186" -> "num187"
	"Exp188" [label="Exp"]
	"Exp185" -> "Exp188"
	"e189" [label="e"]
	"Exp188" -> "e189"
	"MultDivImouto190" [label="MultDivImouto"]
	"MultDivImouto183" -> "MultDivImouto190"
	"*191" [label="*",style=filled,fillcolor=powderblue]
	"MultDivImouto190" -> "*191"
	"Exp192" [label="Exp"]
	"MultDivImouto190" -> "Exp192"
	"NumEnd193" [label="NumEnd"]
	"Exp192" -> "NumEnd193"
	"num194" [label="num",style=filled,fillcolor=powderblue]
	"NumEnd193" -> "num194"
	"Exp195" [label="Exp"]
	"Exp192" -> "Exp195"
	"e196" [label="e"]
	"Exp195" -> "e196"
	"MultDivImouto197" [label="MultDivImouto"]
	"MultDivImouto190" -> "MultDivImouto197"
	"e198" [label="e"]
	"MultDivImouto197" -> "e198"
	"ExpressionImouto199" [label="ExpressionImouto"]
	"Expression176" -> "ExpressionImouto199"
	"e200" [label="e"]
	"ExpressionImouto199" -> "e200"
	"StateImouto201" [label="StateImouto"]
	"StateImouto158" -> "StateImouto201"
	"Statement202" [label="Statement"]
	"StateImouto201" -> "Statement202"
	"Assignment203" [label="Assignment"]
	"Statement202" -> "Assignment203"
	"m204" [label="m",style=filled,fillcolor=powderblue]
	"Assignment203" -> "m204"
	"[205" [label="[",style=filled,fillcolor=powderblue]
	"Assignment203" -> "[205"
	"Expression206" [label="Expression"]
	"Assignment203" -> "Expression206"
	"MultDiv207" [label="MultDiv"]
	"Expression206" -> "MultDiv207"
	"Exp208" [label="Exp"]
	"MultDiv207" -> "Exp208"
	"NumEnd209" [label="NumEnd"]
	"Exp208" -> "NumEnd209"
	"num210" [label="num",style=filled,fillcolor=powderblue]
	"NumEnd209" -> "num210"
	"Exp211" [label="Exp"]
	"Exp208" -> "Exp211"
	"e212" [label="e"]
	"Exp211" -> "e212"
	"MultDivImouto213" [label="MultDivImouto"]
	"MultDiv207" -> "MultDivImouto213"
	"e214" [label="e"]
	"MultDivImouto213" -> "e214"
	"ExpressionImouto215" [label="ExpressionImouto"]
	"Expression206" -> "ExpressionImouto215"
	"e216" [label="e"]
	"ExpressionImouto215" -> "e216"
	"]217" [label="]",style=filled,fillcolor=powderblue]
	"Assignment203" -> "]217"
	"=218" [label="=",style=filled,fillcolor=powderblue]
	"Assignment203" -> "=218"
	"Expression219" [label="Expression"]
	"Assignment203" -> "Expression219"
	"MultDiv220" [label="MultDiv"]
	"Expression219" -> "MultDiv220"
	"Exp221" [label="Exp"]
	"MultDiv220" -> "Exp221"
	"NumEnd222" [label="NumEnd"]
	"Exp221" -> "NumEnd222"
	"num223" [label="num",style=filled,fillcolor=powderblue]
	"NumEnd222" -> "num223"
	"Exp224" [label="Exp"]
	"Exp221" -> "Exp224"
	"e225" [label="e"]
	"Exp224" -> "e225"
	"MultDivImouto226" [label="MultDivImouto"]
	"MultDiv220" -> "MultDivImouto226"
	"e227" [label="e"]
	"MultDivImouto226" -> "e227"
	"ExpressionImouto228" [label="ExpressionImouto"]
	"Expression219" -> "ExpressionImouto228"
	"+229" [label="+",style=filled,fillcolor=powderblue]
	"ExpressionImouto228" -> "+229"
	"MultDiv230" [label="MultDiv"]
	"ExpressionImouto228" -> "MultDiv230"
	"Exp231" [label="Exp"]
	"MultDiv230" -> "Exp231"
	"NumEnd232" [label="NumEnd"]
	"Exp231" -> "NumEnd232"
	"m233" [label="m",style=filled,fillcolor=powderblue]
	"NumEnd232" -> "m233"
	"[234" [label="[",style=filled,fillcolor=powderblue]
	"NumEnd232" -> "[234"
	"Expression235" [label="Expression"]
	"NumEnd232" -> "Expression235"
	"MultDiv236" [label="MultDiv"]
	"Expression235" -> "MultDiv236"
	"Exp237" [label="Exp"]
	"MultDiv236" -> "Exp237"
	"NumEnd238" [label="NumEnd"]
	"Exp237" -> "NumEnd238"
	"num239" [label="num",style=filled,fillcolor=powderblue]
	"NumEnd238" -> "num239"
	"Exp240" [label="Exp"]
	"Exp237" -> "Exp240"
	"e241" [label="e"]
	"Exp240" -> "e241"
	"MultDivImouto242" [label="MultDivImouto"]
	"MultDiv236" -> "MultDivImouto242"
	"e243" [label="e"]
	"MultDivImouto242" -> "e243"
	"ExpressionImouto244" [label="ExpressionImouto"]
	"Expression235" -> "ExpressionImouto244"
	"e245" [label="e"]
	"ExpressionImouto244" -> "e245"
	"]246" [label="]",style=filled,fillcolor=powderblue]
	"NumEnd232" -> "]246"
	"Exp247" [label="Exp"]
	"Exp231" -> "Exp247"
	"e248" [label="e"]
	"Exp247" -> "e248"
	"MultDivImouto249" [label="MultDivImouto"]
	"MultDiv230" -> "MultDivImouto249"
	"e250" [label="e"]
	"MultDivImouto249" -> "e250"
	"ExpressionImouto251" [label="ExpressionImouto"]
	"ExpressionImouto228" -> "ExpressionImouto251"
	"e252" [label="e"]
	"ExpressionImouto251" -> "e252"
	"StateImouto253" [label="StateImouto"]
	"StateImouto201" -> "StateImouto253"
	"Statement254" [label="Statement"]
	"StateImouto253" -> "Statement254"
	"Assignment255" [label="Assignment"]
	"Statement254" -> "Assignment255"
	"m256" [label="m",style=filled,fillcolor=powderblue]
	"Assignment255" -> "m256"
	"[257" [label="[",style=filled,fillcolor=powderblue]
	"Assignment255" -> "[257"
	"Expression258" [label="Expression"]
	"Assignment255" -> "Expression258"
	"MultDiv259" [label="MultDiv"]
	"Expression258" -> "MultDiv259"
	"Exp260" [label="Exp"]
	"MultDiv259" -> "Exp260"
	"NumEnd261" [label="NumEnd"]
	"Exp260" -> "NumEnd261"
	"num262" [label="num",style=filled,fillcolor=powderblue]
	"NumEnd261" -> "num262"
	"Exp263" [label="Exp"]
	"Exp260" -> "Exp263"
	"e264" [label="e"]
	"Exp263" -> "e264"
	"MultDivImouto265" [label="MultDivImouto"]
	"MultDiv259" -> "MultDivImouto265"
	"e266" [label="e"]
	"MultDivImouto265" -> "e266"
	"ExpressionImouto267" [label="ExpressionImouto"]
	"Expression258" -> "ExpressionImouto267"
	"e268" [label="e"]
	"ExpressionImouto267" -> "e268"
	"]269" [label="]",style=filled,fillcolor=powderblue]
	"Assignment255" -> "]269"
	"=270" [label="=",style=filled,fillcolor=powderblue]
	"Assignment255" -> "=270"
	"Expression271" [label="Expression"]
	"Assignment255" -> "Expression271"
	"MultDiv272" [label="MultDiv"]
	"Expression271" -> "MultDiv272"
	"Exp273" [label="Exp"]
	"MultDiv272" -> "Exp273"
	"NumEnd274" [label="NumEnd"]
	"Exp273" -> "NumEnd274"
	"num275" [label="num",style=filled,fillcolor=powderblue]
	"NumEnd274" -> "num275"
	"Exp276" [label="Exp"]
	"Exp273" -> "Exp276"
	"e277" [label="e"]
	"Exp276" -> "e277"
	"MultDivImouto278" [label="MultDivImouto"]
	"MultDiv272" -> "MultDivImouto278"
	"e279" [label="e"]
	"MultDivImouto278" -> "e279"
	"ExpressionImouto280" [label="ExpressionImouto"]
	"Expression271" -> "ExpressionImouto280"
	"-281" [label="-",style=filled,fillcolor=powderblue]
	"ExpressionImouto280" -> "-281"
	"MultDiv282" [label="MultDiv"]
	"ExpressionImouto280" -> "MultDiv282"
	"Exp283" [label="Exp"]
	"MultDiv282" -> "Exp283"
	"NumEnd284" [label="NumEnd"]
	"Exp283" -> "NumEnd284"
	"m285" [label="m",style=filled,fillcolor=powderblue]
	"NumEnd284" -> "m285"
	"[286" [label="[",style=filled,fillcolor=powderblue]
	"NumEnd284" -> "[286"
	"Expression287" [label="Expression"]
	"NumEnd284" -> "Expression287"
	"MultDiv288" [label="MultDiv"]
	"Expression287" -> "MultDiv288"
	"Exp289" [label="Exp"]
	"MultDiv288" -> "Exp289"
	"NumEnd290" [label="NumEnd"]
	"Exp289" -> "NumEnd290"
	"num291" [label="num",style=filled,fillcolor=powderblue]
	"NumEnd290" -> "num291"
	"Exp292" [label="Exp"]
	"Exp289" -> "Exp292"
	"**293" [label="**",style=filled,fillcolor=powderblue]
	"Exp292" -> "**293"
	"NumEnd294" [label="NumEnd"]
	"Exp292" -> "NumEnd294"
	"num295" [label="num",style=filled,fillcolor=powderblue]
	"NumEnd294" -> "num295"
	"MultDivImouto296" [label="MultDivImouto"]
	"MultDiv288" -> "MultDivImouto296"
	"*297" [label="*",style=filled,fillcolor=powderblue]
	"MultDivImouto296" -> "*297"
	"Exp298" [label="Exp"]
	"MultDivImouto296" -> "Exp298"
	"NumEnd299" [label="NumEnd"]
	"Exp298" -> "NumEnd299"
	"num300" [label="num",style=filled,fillcolor=powderblue]
	"NumEnd299" -> "num300"
	"Exp301" [label="Exp"]
	"Exp298" -> "Exp301"
	"e302" [label="e"]
	"Exp301" -> "e302"
	"MultDivImouto303" [label="MultDivImouto"]
	"MultDivImouto296" -> "MultDivImouto303"
	"e304" [label="e"]
	"MultDivImouto303" -> "e304"
	"ExpressionImouto305" [label="ExpressionImouto"]
	"Expression287" -> "ExpressionImouto305"
	"-306" [label="-",style=filled,fillcolor=powderblue]
	"ExpressionImouto305" -> "-306"
	"MultDiv307" [label="MultDiv"]
	"ExpressionImouto305" -> "MultDiv307"
	"Exp308" [label="Exp"]
	"MultDiv307" -> "Exp308"
	"NumEnd309" [label="NumEnd"]
	"Exp308" -> "NumEnd309"
	"num310" [label="num",style=filled,fillcolor=powderblue]
	"NumEnd309" -> "num310"
	"Exp311" [label="Exp"]
	"Exp308" -> "Exp311"
	"e312" [label="e"]
	"Exp311" -> "e312"
	"MultDivImouto313" [label="MultDivImouto"]
	"MultDiv307" -> "MultDivImouto313"
	"e314" [label="e"]
	"MultDivImouto313" -> "e314"
	"ExpressionImouto315" [label="ExpressionImouto"]
	"ExpressionImouto305" -> "ExpressionImouto315"
	"e316" [label="e"]
	"ExpressionImouto315" -> "e316"
	"]317" [label="]",style=filled,fillcolor=powderblue]
	"NumEnd284" -> "]317"
	"Exp318" [label="Exp"]
	"Exp283" -> "Exp318"
	"e319" [label="e"]
	"Exp318" -> "e319"
	"MultDivImouto320" [label="MultDivImouto"]
	"MultDiv282" -> "MultDivImouto320"
	"e321" [label="e"]
	"MultDivImouto320" -> "e321"
	"ExpressionImouto322" [label="ExpressionImouto"]
	"ExpressionImouto280" -> "ExpressionImouto322"
	"-323" [label="-",style=filled,fillcolor=powderblue]
	"ExpressionImouto322" -> "-323"
	"MultDiv324" [label="MultDiv"]
	"ExpressionImouto322" -> "MultDiv324"
	"Exp325" [label="Exp"]
	"MultDiv324" -> "Exp325"
	"NumEnd326" [label="NumEnd"]
	"Exp325" -> "NumEnd326"
	"num327" [label="num",style=filled,fillcolor=powderblue]
	"NumEnd326" -> "num327"
	"Exp328" [label="Exp"]
	"Exp325" -> "Exp328"
	"e329" [label="e"]
	"Exp328" -> "e329"
	"MultDivImouto330" [label="MultDivImouto"]
	"MultDiv324" -> "MultDivImouto330"
	"e331" [label="e"]
	"MultDivImouto330" -> "e331"
	"ExpressionImouto332" [label="ExpressionImouto"]
	"ExpressionImouto322" -> "ExpressionImouto332"
	"e333" [label="e"]
	"ExpressionImouto332" -> "e333"
	"StateImouto334" [label="StateImouto"]
	"StateImouto253" -> "StateImouto334"
	"Statement335" [label="Statement"]
	"StateImouto334" -> "Statement335"
	"Label336" [label="Label"]
	"Statement335" -> "Label336"
	"L337" [label="L",style=filled,fillcolor=powderblue]
	"Label336" -> "L337"
	"num338" [label="num",style=filled,fillcolor=powderblue]
	"Label336" -> "num338"
	":339" [label=":",style=filled,fillcolor=powderblue]
	"Label336" -> ":339"
	"StateImouto340" [label="StateImouto"]
	"StateImouto334" -> "StateImouto340"
	"Statement341" [label="Statement"]
	"StateImouto340" -> "Statement341"
	"Assignment342" [label="Assignment"]
	"Statement341" -> "Assignment342"
	"m343" [label="m",style=filled,fillcolor=powderblue]
	"Assignment342" -> "m343"
	"[344" [label="[",style=filled,fillcolor=powderblue]
	"Assignment342" -> "[344"
	"Expression345" [label="Expression"]
	"Assignment342" -> "Expression345"
	"MultDiv346" [label="MultDiv"]
	"Expression345" -> "MultDiv346"
	"Exp347" [label="Exp"]
	"MultDiv346" -> "Exp347"
	"NumEnd348" [label="NumEnd"]
	"Exp347" -> "NumEnd348"
	"num349" [label="num",style=filled,fillcolor=powderblue]
	"NumEnd348" -> "num349"
	"Exp350" [label="Exp"]
	"Exp347" -> "Exp350"
	"e351" [label="e"]
	"Exp350" -> "e351"
	"MultDivImouto352" [label="MultDivImouto"]
	"MultDiv346" -> "MultDivImouto352"
	"e353" [label="e"]
	"MultDivImouto352" -> "e353"
	"ExpressionImouto354" [label="ExpressionImouto"]
	"Expression345" -> "ExpressionImouto354"
	"e355" [label="e"]
	"ExpressionImouto354" -> "e355"
	"]356" [label="]",style=filled,fillcolor=powderblue]
	"Assignment342" -> "]356"
	"=357" [label="=",style=filled,fillcolor=powderblue]
	"Assignment342" -> "=357"
	"Expression358" [label="Expression"]
	"Assignment342" -> "Expression358"
	"MultDiv359" [label="MultDiv"]
	"Expression358" -> "MultDiv359"
	"Exp360" [label="Exp"]
	"MultDiv359" -> "Exp360"
	"NumEnd361" [label="NumEnd"]
	"Exp360" -> "NumEnd361"
	"num362" [label="num",style=filled,fillcolor=powderblue]
	"NumEnd361" -> "num362"
	"Exp363" [label="Exp"]
	"Exp360" -> "Exp363"
	"e364" [label="e"]
	"Exp363" -> "e364"
	"MultDivImouto365" [label="MultDivImouto"]
	"MultDiv359" -> "MultDivImouto365"
	"e366" [label="e"]
	"MultDivImouto365" -> "e366"
	"ExpressionImouto367" [label="ExpressionImouto"]
	"Expression358" -> "ExpressionImouto367"
	"-368" [label="-",style=filled,fillcolor=powderblue]
	"ExpressionImouto367" -> "-368"
	"MultDiv369" [label="MultDiv"]
	"ExpressionImouto367" -> "MultDiv369"
	"Exp370" [label="Exp"]
	"MultDiv369" -> "Exp370"
	"NumEnd371" [label="NumEnd"]
	"Exp370" -> "NumEnd371"
	"(372" [label="(",style=filled,fillcolor=powderblue]
	"NumEnd371" -> "(372"
	"Expression373" [label="Expression"]
	"NumEnd371" -> "Expression373"
	"MultDiv374" [label="MultDiv"]
	"Expression373" -> "MultDiv374"
	"Exp375" [label="Exp"]
	"MultDiv374" -> "Exp375"
	"NumEnd376" [label="NumEnd"]
	"Exp375" -> "NumEnd376"
	"m377" [label="m",style=filled,fillcolor=powderblue]
	"NumEnd376" -> "m377"
	"[378" [label="[",style=filled,fillcolor=powderblue]
	"NumEnd376" -> "[378"
	"Expression379" [label="Expression"]
	"NumEnd376" -> "Expression379"
	"MultDiv380" [label="MultDiv"]
	"Expression379" -> "MultDiv380"
	"Exp381" [label="Exp"]
	"MultDiv380" -> "Exp381"
	"NumEnd382" [label="NumEnd"]
	"Exp381" -> "NumEnd382"
	"num383" [label="num",style=filled,fillcolor=powderblue]
	"NumEnd382" -> "num383"
	"Exp384" [label="Exp"]
	"Exp381" -> "Exp384"
	"e385" [label="e"]
	"Exp384" -> "e385"
	"MultDivImouto386" [label="MultDivImouto"]
	"MultDiv380" -> "MultDivImouto386"
	"e387" [label="e"]
	"MultDivImouto386" -> "e387"
	"ExpressionImouto388" [label="ExpressionImouto"]
	"Expression379" -> "ExpressionImouto388"
	"e389" [label="e"]
	"ExpressionImouto388" -> "e389"
	"]390" [label="]",style=filled,fillcolor=powderblue]
	"NumEnd376" -> "]390"
	"Exp391" [label="Exp"]
	"Exp375" -> "Exp391"
	"e392" [label="e"]
	"Exp391" -> "e392"
	"MultDivImouto393" [label="MultDivImouto"]
	"MultDiv374" -> "MultDivImouto393"
	"e394" [label="e"]
	"MultDivImouto393" -> "e394"
	"ExpressionImouto395" [label="ExpressionImouto"]
	"Expression373" -> "ExpressionImouto395"
	"-396" [label="-",style=filled,fillcolor=powderblue]
	"ExpressionImouto395" -> "-396"
	"MultDiv397" [label="MultDiv"]
	"ExpressionImouto395" -> "MultDiv397"
	"Exp398" [label="Exp"]
	"MultDiv397" -> "Exp398"
	"NumEnd399" [label="NumEnd"]
	"Exp398" -> "NumEnd399"
	"num400" [label="num",style=filled,fillcolor=powderblue]
	"NumEnd399" -> "num400"
	"Exp401" [label="Exp"]
	"Exp398" -> "Exp401"
	"e402" [label="e"]
	"Exp401" -> "e402"
	"MultDivImouto403" [label="MultDivImouto"]
	"MultDiv397" -> "MultDivImouto403"
	"e404" [label="e"]
	"MultDivImouto403" -> "e404"
	"ExpressionImouto405" [label="ExpressionImouto"]
	"ExpressionImouto395" -> "ExpressionImouto405"
	"e406" [label="e"]
	"ExpressionImouto405" -> "e406"
	")407" [label=")",style=filled,fillcolor=powderblue]
	"NumEnd371" -> ")407"
	"Exp408" [label="Exp"]
	"Exp370" -> "Exp408"
	"e409" [label="e"]
	"Exp408" -> "e409"
	"MultDivImouto410" [label="MultDivImouto"]
	"MultDiv369" -> "MultDivImouto410"
	"e411" [label="e"]
	"MultDivImouto410" -> "e411"
	"ExpressionImouto412" [label="ExpressionImouto"]
	"ExpressionImouto367" -> "ExpressionImouto412"
	"e413" [label="e"]
	"ExpressionImouto412" -> "e413"
	"StateImouto414" [label="StateImouto"]
	"StateImouto340" -> "StateImouto414"
	"Statement415" [label="Statement"]
	"StateImouto414" -> "Statement415"
	"Assignment416" [label="Assignment"]
	"Statement415" -> "Assignment416"
	"m417" [label="m",style=filled,fillcolor=powderblue]
	"Assignment416" -> "m417"
	"[418" [label="[",style=filled,fillcolor=powderblue]
	"Assignment416" -> "[418"
	"Expression419" [label="Expression"]
	"Assignment416" -> "Expression419"
	"MultDiv420" [label="MultDiv"]
	"Expression419" -> "MultDiv420"
	"Exp421" [label="Exp"]
	"MultDiv420" -> "Exp421"
	"NumEnd422" [label="NumEnd"]
	"Exp421" -> "NumEnd422"
	"num423" [label="num",style=filled,fillcolor=powderblue]
	"NumEnd422" -> "num423"
	"Exp424" [label="Exp"]
	"Exp421" -> "Exp424"
	"e425" [label="e"]
	"Exp424" -> "e425"
	"MultDivImouto426" [label="MultDivImouto"]
	"MultDiv420" -> "MultDivImouto426"
	"e427" [label="e"]
	"MultDivImouto426" -> "e427"
	"ExpressionImouto428" [label="ExpressionImouto"]
	"Expression419" -> "ExpressionImouto428"
	"e429" [label="e"]
	"ExpressionImouto428" -> "e429"
	"]430" [label="]",style=filled,fillcolor=powderblue]
	"Assignment416" -> "]430"
	"=431" [label="=",style=filled,fillcolor=powderblue]
	"Assignment416" -> "=431"
	"Expression432" [label="Expression"]
	"Assignment416" -> "Expression432"
	"MultDiv433" [label="MultDiv"]
	"Expression432" -> "MultDiv433"
	"Exp434" [label="Exp"]
	"MultDiv433" -> "Exp434"
	"NumEnd435" [label="NumEnd"]
	"Exp434" -> "NumEnd435"
	"num436" [label="num",style=filled,fillcolor=powderblue]
	"NumEnd435" -> "num436"
	"Exp437" [label="Exp"]
	"Exp434" -> "Exp437"
	"e438" [label="e"]
	"Exp437" -> "e438"
	"MultDivImouto439" [label="MultDivImouto"]
	"MultDiv433" -> "MultDivImouto439"
	"/440" [label="/",style=filled,fillcolor=powderblue]
	"MultDivImouto439" -> "/440"
	"Exp441" [label="Exp"]
	"MultDivImouto439" -> "Exp441"
	"NumEnd442" [label="NumEnd"]
	"Exp441" -> "NumEnd442"
	"num443" [label="num",style=filled,fillcolor=powderblue]
	"NumEnd442" -> "num443"
	"Exp444" [label="Exp"]
	"Exp441" -> "Exp444"
	"**445" [label="**",style=filled,fillcolor=powderblue]
	"Exp444" -> "**445"
	"NumEnd446" [label="NumEnd"]
	"Exp444" -> "NumEnd446"
syntax error: found * in parsing NumEnd - line 9
