digraph G {
	"Start1" [label="Start"]
	"Statements2" [label="Statements"]
	"Start1" -> "Statements2"
	"Statement3" [label="Statement"]
	"Statements2" -> "Statement3"
	"Assignment4" [label="Assignment"]
	"Statement3" -> "Assignment4"
	"m5" [label="m",style=filled,fillcolor=powderblue]
	"Assignment4" -> "m5"
	"[6" [label="[",style=filled,fillcolor=powderblue]
	"Assignment4" -> "[6"
	"Expression7" [label="Expression"]
	"Assignment4" -> "Expression7"
	"HELLO8" [label="HELLO"]
	"Expression7" -> "HELLO8"
	"Exp9" [label="Exp"]
	"HELLO8" -> "Exp9"
	"Par10" [label="Par"]
	"Exp9" -> "Par10"
	"num11" [label="num",style=filled,fillcolor=powderblue]
	"Par10" -> "num11"
	"Exp112" [label="Exp1"]
	"Exp9" -> "Exp112"
	"HELLOPLEASE13" [label="HELLOPLEASE"]
	"HELLO8" -> "HELLOPLEASE13"
	"Expression114" [label="Expression1"]
	"Expression7" -> "Expression114"
	"]15" [label="]",style=filled,fillcolor=powderblue]
	"Assignment4" -> "]15"
	"=16" [label="=",style=filled,fillcolor=powderblue]
	"Assignment4" -> "=16"
	"Expression17" [label="Expression"]
	"Assignment4" -> "Expression17"
	"HELLO18" [label="HELLO"]
	"Expression17" -> "HELLO18"
	"Exp19" [label="Exp"]
	"HELLO18" -> "Exp19"
	"Par20" [label="Par"]
	"Exp19" -> "Par20"
	"num21" [label="num",style=filled,fillcolor=powderblue]
	"Par20" -> "num21"
	"Exp122" [label="Exp1"]
	"Exp19" -> "Exp122"
	"HELLOPLEASE23" [label="HELLOPLEASE"]
	"HELLO18" -> "HELLOPLEASE23"
	"/24" [label="/",style=filled,fillcolor=powderblue]
	"HELLOPLEASE23" -> "/24"
	"Exp25" [label="Exp"]
	"HELLOPLEASE23" -> "Exp25"
	"Par26" [label="Par"]
	"Exp25" -> "Par26"
	"num27" [label="num",style=filled,fillcolor=powderblue]
	"Par26" -> "num27"
	"Exp128" [label="Exp1"]
	"Exp25" -> "Exp128"
	"HELLOPLEASE29" [label="HELLOPLEASE"]
	"HELLOPLEASE23" -> "HELLOPLEASE29"
	"*30" [label="*",style=filled,fillcolor=powderblue]
	"HELLOPLEASE29" -> "*30"
	"Exp31" [label="Exp"]
	"HELLOPLEASE29" -> "Exp31"
	"Par32" [label="Par"]
	"Exp31" -> "Par32"
	"num33" [label="num",style=filled,fillcolor=powderblue]
	"Par32" -> "num33"
	"Exp134" [label="Exp1"]
	"Exp31" -> "Exp134"
	"HELLOPLEASE35" [label="HELLOPLEASE"]
	"HELLOPLEASE29" -> "HELLOPLEASE35"
	"Expression136" [label="Expression1"]
	"Expression17" -> "Expression136"
	"Statements37" [label="Statements"]
	"Statements2" -> "Statements37"
	"Statement38" [label="Statement"]
	"Statements37" -> "Statement38"
	"Assignment39" [label="Assignment"]
	"Statement38" -> "Assignment39"
	"m40" [label="m",style=filled,fillcolor=powderblue]
	"Assignment39" -> "m40"
	"[41" [label="[",style=filled,fillcolor=powderblue]
	"Assignment39" -> "[41"
	"Expression42" [label="Expression"]
	"Assignment39" -> "Expression42"
	"HELLO43" [label="HELLO"]
	"Expression42" -> "HELLO43"
	"Exp44" [label="Exp"]
	"HELLO43" -> "Exp44"
	"Par45" [label="Par"]
	"Exp44" -> "Par45"
	"num46" [label="num",style=filled,fillcolor=powderblue]
	"Par45" -> "num46"
	"Exp147" [label="Exp1"]
	"Exp44" -> "Exp147"
	"HELLOPLEASE48" [label="HELLOPLEASE"]
	"HELLO43" -> "HELLOPLEASE48"
	"Expression149" [label="Expression1"]
	"Expression42" -> "Expression149"
	"]50" [label="]",style=filled,fillcolor=powderblue]
	"Assignment39" -> "]50"
	"=51" [label="=",style=filled,fillcolor=powderblue]
	"Assignment39" -> "=51"
	"Expression52" [label="Expression"]
	"Assignment39" -> "Expression52"
	"HELLO53" [label="HELLO"]
	"Expression52" -> "HELLO53"
	"Exp54" [label="Exp"]
	"HELLO53" -> "Exp54"
	"Par55" [label="Par"]
	"Exp54" -> "Par55"
	"num56" [label="num",style=filled,fillcolor=powderblue]
	"Par55" -> "num56"
	"Exp157" [label="Exp1"]
	"Exp54" -> "Exp157"
	"HELLOPLEASE58" [label="HELLOPLEASE"]
	"HELLO53" -> "HELLOPLEASE58"
	"/59" [label="/",style=filled,fillcolor=powderblue]
	"HELLOPLEASE58" -> "/59"
	"Exp60" [label="Exp"]
	"HELLOPLEASE58" -> "Exp60"
	"Par61" [label="Par"]
	"Exp60" -> "Par61"
	"num62" [label="num",style=filled,fillcolor=powderblue]
	"Par61" -> "num62"
	"Exp163" [label="Exp1"]
	"Exp60" -> "Exp163"
	"HELLOPLEASE64" [label="HELLOPLEASE"]
	"HELLOPLEASE58" -> "HELLOPLEASE64"
	"*65" [label="*",style=filled,fillcolor=powderblue]
	"HELLOPLEASE64" -> "*65"
	"Exp66" [label="Exp"]
	"HELLOPLEASE64" -> "Exp66"
	"Par67" [label="Par"]
	"Exp66" -> "Par67"
	"num68" [label="num",style=filled,fillcolor=powderblue]
	"Par67" -> "num68"
	"Exp169" [label="Exp1"]
	"Exp66" -> "Exp169"
	"HELLOPLEASE70" [label="HELLOPLEASE"]
	"HELLOPLEASE64" -> "HELLOPLEASE70"
	"Expression171" [label="Expression1"]
	"Expression52" -> "Expression171"
	"Statements72" [label="Statements"]
	"Statements37" -> "Statements72"
	"Statement73" [label="Statement"]
	"Statements72" -> "Statement73"
	"Jump74" [label="Jump"]
	"Statement73" -> "Jump74"
	"goto75" [label="goto",style=filled,fillcolor=powderblue]
	"Jump74" -> "goto75"
	"num76" [label="num",style=filled,fillcolor=powderblue]
	"Jump74" -> "num76"
	"Jump177" [label="Jump1"]
	"Statement73" -> "Jump177"
	"Statements78" [label="Statements"]
	"Statements72" -> "Statements78"
	"Statement79" [label="Statement"]
	"Statements78" -> "Statement79"
	"Assignment80" [label="Assignment"]
	"Statement79" -> "Assignment80"
	"m81" [label="m",style=filled,fillcolor=powderblue]
	"Assignment80" -> "m81"
	"[82" [label="[",style=filled,fillcolor=powderblue]
	"Assignment80" -> "[82"
	"Expression83" [label="Expression"]
	"Assignment80" -> "Expression83"
	"HELLO84" [label="HELLO"]
	"Expression83" -> "HELLO84"
	"Exp85" [label="Exp"]
	"HELLO84" -> "Exp85"
	"Par86" [label="Par"]
	"Exp85" -> "Par86"
	"num87" [label="num",style=filled,fillcolor=powderblue]
	"Par86" -> "num87"
	"Exp188" [label="Exp1"]
	"Exp85" -> "Exp188"
	"HELLOPLEASE89" [label="HELLOPLEASE"]
	"HELLO84" -> "HELLOPLEASE89"
	"Expression190" [label="Expression1"]
	"Expression83" -> "Expression190"
	"]91" [label="]",style=filled,fillcolor=powderblue]
	"Assignment80" -> "]91"
	"=92" [label="=",style=filled,fillcolor=powderblue]
	"Assignment80" -> "=92"
	"Expression93" [label="Expression"]
	"Assignment80" -> "Expression93"
	"HELLO94" [label="HELLO"]
	"Expression93" -> "HELLO94"
	"Exp95" [label="Exp"]
	"HELLO94" -> "Exp95"
	"Par96" [label="Par"]
	"Exp95" -> "Par96"
	"num97" [label="num",style=filled,fillcolor=powderblue]
	"Par96" -> "num97"
	"Exp198" [label="Exp1"]
	"Exp95" -> "Exp198"
	"HELLOPLEASE99" [label="HELLOPLEASE"]
	"HELLO94" -> "HELLOPLEASE99"
	"Expression1100" [label="Expression1"]
	"Expression93" -> "Expression1100"
	"+101" [label="+",style=filled,fillcolor=powderblue]
	"Expression1100" -> "+101"
	"HELLO102" [label="HELLO"]
	"Expression1100" -> "HELLO102"
	"Exp103" [label="Exp"]
	"HELLO102" -> "Exp103"
	"Par104" [label="Par"]
	"Exp103" -> "Par104"
	"m105" [label="m",style=filled,fillcolor=powderblue]
	"Par104" -> "m105"
	"[106" [label="[",style=filled,fillcolor=powderblue]
	"Par104" -> "[106"
	"Expression107" [label="Expression"]
	"Par104" -> "Expression107"
	"HELLO108" [label="HELLO"]
	"Expression107" -> "HELLO108"
	"Exp109" [label="Exp"]
	"HELLO108" -> "Exp109"
	"Par110" [label="Par"]
	"Exp109" -> "Par110"
	"num111" [label="num",style=filled,fillcolor=powderblue]
	"Par110" -> "num111"
	"Exp1112" [label="Exp1"]
	"Exp109" -> "Exp1112"
	"HELLOPLEASE113" [label="HELLOPLEASE"]
	"HELLO108" -> "HELLOPLEASE113"
	"Expression1114" [label="Expression1"]
	"Expression107" -> "Expression1114"
	"]115" [label="]",style=filled,fillcolor=powderblue]
	"Par104" -> "]115"
	"Exp1116" [label="Exp1"]
	"Exp103" -> "Exp1116"
	"HELLOPLEASE117" [label="HELLOPLEASE"]
	"HELLO102" -> "HELLOPLEASE117"
	"Expression1118" [label="Expression1"]
	"Expression1100" -> "Expression1118"
	"Statements119" [label="Statements"]
	"Statements78" -> "Statements119"
	"Statement120" [label="Statement"]
	"Statements119" -> "Statement120"
	"Assignment121" [label="Assignment"]
	"Statement120" -> "Assignment121"
	"m122" [label="m",style=filled,fillcolor=powderblue]
	"Assignment121" -> "m122"
	"[123" [label="[",style=filled,fillcolor=powderblue]
	"Assignment121" -> "[123"
	"Expression124" [label="Expression"]
	"Assignment121" -> "Expression124"
	"HELLO125" [label="HELLO"]
	"Expression124" -> "HELLO125"
	"Exp126" [label="Exp"]
	"HELLO125" -> "Exp126"
	"Par127" [label="Par"]
	"Exp126" -> "Par127"
	"num128" [label="num",style=filled,fillcolor=powderblue]
	"Par127" -> "num128"
	"Exp1129" [label="Exp1"]
	"Exp126" -> "Exp1129"
	"HELLOPLEASE130" [label="HELLOPLEASE"]
	"HELLO125" -> "HELLOPLEASE130"
	"Expression1131" [label="Expression1"]
	"Expression124" -> "Expression1131"
	"]132" [label="]",style=filled,fillcolor=powderblue]
	"Assignment121" -> "]132"
	"=133" [label="=",style=filled,fillcolor=powderblue]
	"Assignment121" -> "=133"
	"Expression134" [label="Expression"]
	"Assignment121" -> "Expression134"
	"HELLO135" [label="HELLO"]
	"Expression134" -> "HELLO135"
	"Exp136" [label="Exp"]
	"HELLO135" -> "Exp136"
	"Par137" [label="Par"]
	"Exp136" -> "Par137"
	"num138" [label="num",style=filled,fillcolor=powderblue]
	"Par137" -> "num138"
	"Exp1139" [label="Exp1"]
	"Exp136" -> "Exp1139"
	"HELLOPLEASE140" [label="HELLOPLEASE"]
	"HELLO135" -> "HELLOPLEASE140"
	"Expression1141" [label="Expression1"]
	"Expression134" -> "Expression1141"
	"-142" [label="-",style=filled,fillcolor=powderblue]
	"Expression1141" -> "-142"
	"HELLO143" [label="HELLO"]
	"Expression1141" -> "HELLO143"
	"Exp144" [label="Exp"]
	"HELLO143" -> "Exp144"
	"Par145" [label="Par"]
	"Exp144" -> "Par145"
	"m146" [label="m",style=filled,fillcolor=powderblue]
	"Par145" -> "m146"
	"[147" [label="[",style=filled,fillcolor=powderblue]
	"Par145" -> "[147"
	"Expression148" [label="Expression"]
	"Par145" -> "Expression148"
	"HELLO149" [label="HELLO"]
	"Expression148" -> "HELLO149"
	"Exp150" [label="Exp"]
	"HELLO149" -> "Exp150"
	"Par151" [label="Par"]
	"Exp150" -> "Par151"
	"num152" [label="num",style=filled,fillcolor=powderblue]
	"Par151" -> "num152"
	"Exp1153" [label="Exp1"]
	"Exp150" -> "Exp1153"
	"**154" [label="**",style=filled,fillcolor=powderblue]
	"Exp1153" -> "**154"
	"Par155" [label="Par"]
	"Exp1153" -> "Par155"
	"num156" [label="num",style=filled,fillcolor=powderblue]
	"Par155" -> "num156"
	"Exp1157" [label="Exp1"]
	"Exp1153" -> "Exp1157"
	"HELLOPLEASE158" [label="HELLOPLEASE"]
	"HELLO149" -> "HELLOPLEASE158"
	"*159" [label="*",style=filled,fillcolor=powderblue]
	"HELLOPLEASE158" -> "*159"
	"Exp160" [label="Exp"]
	"HELLOPLEASE158" -> "Exp160"
	"Par161" [label="Par"]
	"Exp160" -> "Par161"
	"num162" [label="num",style=filled,fillcolor=powderblue]
	"Par161" -> "num162"
	"Exp1163" [label="Exp1"]
	"Exp160" -> "Exp1163"
	"HELLOPLEASE164" [label="HELLOPLEASE"]
	"HELLOPLEASE158" -> "HELLOPLEASE164"
	"Expression1165" [label="Expression1"]
	"Expression148" -> "Expression1165"
	"-166" [label="-",style=filled,fillcolor=powderblue]
	"Expression1165" -> "-166"
	"HELLO167" [label="HELLO"]
	"Expression1165" -> "HELLO167"
	"Exp168" [label="Exp"]
	"HELLO167" -> "Exp168"
	"Par169" [label="Par"]
	"Exp168" -> "Par169"
	"num170" [label="num",style=filled,fillcolor=powderblue]
	"Par169" -> "num170"
	"Exp1171" [label="Exp1"]
	"Exp168" -> "Exp1171"
	"HELLOPLEASE172" [label="HELLOPLEASE"]
	"HELLO167" -> "HELLOPLEASE172"
	"Expression1173" [label="Expression1"]
	"Expression1165" -> "Expression1173"
	"]174" [label="]",style=filled,fillcolor=powderblue]
	"Par145" -> "]174"
	"Exp1175" [label="Exp1"]
	"Exp144" -> "Exp1175"
	"HELLOPLEASE176" [label="HELLOPLEASE"]
	"HELLO143" -> "HELLOPLEASE176"
	"Expression1177" [label="Expression1"]
	"Expression1141" -> "Expression1177"
	"-178" [label="-",style=filled,fillcolor=powderblue]
	"Expression1177" -> "-178"
	"HELLO179" [label="HELLO"]
	"Expression1177" -> "HELLO179"
	"Exp180" [label="Exp"]
	"HELLO179" -> "Exp180"
	"Par181" [label="Par"]
	"Exp180" -> "Par181"
	"num182" [label="num",style=filled,fillcolor=powderblue]
	"Par181" -> "num182"
	"Exp1183" [label="Exp1"]
	"Exp180" -> "Exp1183"
	"HELLOPLEASE184" [label="HELLOPLEASE"]
	"HELLO179" -> "HELLOPLEASE184"
	"Expression1185" [label="Expression1"]
	"Expression1177" -> "Expression1185"
	"Statements186" [label="Statements"]
	"Statements119" -> "Statements186"
	"Statement187" [label="Statement"]
	"Statements186" -> "Statement187"
	"Label188" [label="Label"]
	"Statement187" -> "Label188"
	"L189" [label="L",style=filled,fillcolor=powderblue]
	"Label188" -> "L189"
	"num190" [label="num",style=filled,fillcolor=powderblue]
	"Label188" -> "num190"
	":191" [label=":",style=filled,fillcolor=powderblue]
	"Label188" -> ":191"
syntax error: found m expecting : - line 7
