digraph G {
	"Start1" [label="Start"]
	"Statements2" [label="Statements"]
	"Start1" -> "Statements2"
	"Statement3" [label="Statement"]
	"Statements2" -> "Statement3"
	"Assignment4" [label="Assignment"]
	"Statement3" -> "Assignment4"
	"m5" [label="m",style=filled,fillcolor=powderblue]
	"Assignment4" -> "m5"
	"[6" [label="[",style=filled,fillcolor=powderblue]
	"Assignment4" -> "[6"
	"Expression7" [label="Expression"]
	"Assignment4" -> "Expression7"
	"HELLO8" [label="HELLO"]
	"Expression7" -> "HELLO8"
	"Exp9" [label="Exp"]
	"HELLO8" -> "Exp9"
	"Par10" [label="Par"]
	"Exp9" -> "Par10"
	"num11" [label="num",style=filled,fillcolor=powderblue]
	"Par10" -> "num11"
	"Exp112" [label="Exp1"]
	"Exp9" -> "Exp112"
	"HELLOPLEASE13" [label="HELLOPLEASE"]
	"HELLO8" -> "HELLOPLEASE13"
	"Expression114" [label="Expression1"]
	"Expression7" -> "Expression114"
	"]15" [label="]",style=filled,fillcolor=powderblue]
	"Assignment4" -> "]15"
	"=16" [label="=",style=filled,fillcolor=powderblue]
	"Assignment4" -> "=16"
	"Expression17" [label="Expression"]
	"Assignment4" -> "Expression17"
	"HELLO18" [label="HELLO"]
	"Expression17" -> "HELLO18"
	"Exp19" [label="Exp"]
	"HELLO18" -> "Exp19"
	"Par20" [label="Par"]
	"Exp19" -> "Par20"
	"num21" [label="num",style=filled,fillcolor=powderblue]
	"Par20" -> "num21"
	"Exp122" [label="Exp1"]
	"Exp19" -> "Exp122"
	"HELLOPLEASE23" [label="HELLOPLEASE"]
	"HELLO18" -> "HELLOPLEASE23"
	"/24" [label="/",style=filled,fillcolor=powderblue]
	"HELLOPLEASE23" -> "/24"
	"Exp25" [label="Exp"]
	"HELLOPLEASE23" -> "Exp25"
	"Par26" [label="Par"]
	"Exp25" -> "Par26"
	"num27" [label="num",style=filled,fillcolor=powderblue]
	"Par26" -> "num27"
	"Exp128" [label="Exp1"]
	"Exp25" -> "Exp128"
	"HELLOPLEASE29" [label="HELLOPLEASE"]
	"HELLOPLEASE23" -> "HELLOPLEASE29"
	"*30" [label="*",style=filled,fillcolor=powderblue]
	"HELLOPLEASE29" -> "*30"
	"Exp31" [label="Exp"]
	"HELLOPLEASE29" -> "Exp31"
	"Par32" [label="Par"]
	"Exp31" -> "Par32"
	"num33" [label="num",style=filled,fillcolor=powderblue]
	"Par32" -> "num33"
	"Exp134" [label="Exp1"]
	"Exp31" -> "Exp134"
	"HELLOPLEASE35" [label="HELLOPLEASE"]
	"HELLOPLEASE29" -> "HELLOPLEASE35"
	"Expression136" [label="Expression1"]
	"Expression17" -> "Expression136"
	"Statements37" [label="Statements"]
	"Statements2" -> "Statements37"
	"Statement38" [label="Statement"]
	"Statements37" -> "Statement38"
	"Assignment39" [label="Assignment"]
	"Statement38" -> "Assignment39"
	"m40" [label="m",style=filled,fillcolor=powderblue]
	"Assignment39" -> "m40"
	"[41" [label="[",style=filled,fillcolor=powderblue]
	"Assignment39" -> "[41"
	"Expression42" [label="Expression"]
	"Assignment39" -> "Expression42"
	"HELLO43" [label="HELLO"]
	"Expression42" -> "HELLO43"
	"Exp44" [label="Exp"]
	"HELLO43" -> "Exp44"
	"Par45" [label="Par"]
	"Exp44" -> "Par45"
	"num46" [label="num",style=filled,fillcolor=powderblue]
	"Par45" -> "num46"
	"Exp147" [label="Exp1"]
	"Exp44" -> "Exp147"
	"HELLOPLEASE48" [label="HELLOPLEASE"]
	"HELLO43" -> "HELLOPLEASE48"
	"Expression149" [label="Expression1"]
	"Expression42" -> "Expression149"
	"]50" [label="]",style=filled,fillcolor=powderblue]
	"Assignment39" -> "]50"
	"=51" [label="=",style=filled,fillcolor=powderblue]
	"Assignment39" -> "=51"
	"Expression52" [label="Expression"]
	"Assignment39" -> "Expression52"
	"HELLO53" [label="HELLO"]
	"Expression52" -> "HELLO53"
	"Exp54" [label="Exp"]
	"HELLO53" -> "Exp54"
	"Par55" [label="Par"]
	"Exp54" -> "Par55"
	"num56" [label="num",style=filled,fillcolor=powderblue]
	"Par55" -> "num56"
	"Exp157" [label="Exp1"]
	"Exp54" -> "Exp157"
	"HELLOPLEASE58" [label="HELLOPLEASE"]
	"HELLO53" -> "HELLOPLEASE58"
	"*59" [label="*",style=filled,fillcolor=powderblue]
	"HELLOPLEASE58" -> "*59"
	"Exp60" [label="Exp"]
	"HELLOPLEASE58" -> "Exp60"
	"Par61" [label="Par"]
	"Exp60" -> "Par61"
	"num62" [label="num",style=filled,fillcolor=powderblue]
	"Par61" -> "num62"
	"Exp163" [label="Exp1"]
	"Exp60" -> "Exp163"
	"HELLOPLEASE64" [label="HELLOPLEASE"]
	"HELLOPLEASE58" -> "HELLOPLEASE64"
	"Expression165" [label="Expression1"]
	"Expression52" -> "Expression165"
	"-66" [label="-",style=filled,fillcolor=powderblue]
	"Expression165" -> "-66"
	"HELLO67" [label="HELLO"]
	"Expression165" -> "HELLO67"
	"Exp68" [label="Exp"]
	"HELLO67" -> "Exp68"
	"Par69" [label="Par"]
	"Exp68" -> "Par69"
	"num70" [label="num",style=filled,fillcolor=powderblue]
	"Par69" -> "num70"
	"Exp171" [label="Exp1"]
	"Exp68" -> "Exp171"
	"HELLOPLEASE72" [label="HELLOPLEASE"]
	"HELLO67" -> "HELLOPLEASE72"
	"Expression173" [label="Expression1"]
	"Expression165" -> "Expression173"
	"-74" [label="-",style=filled,fillcolor=powderblue]
	"Expression173" -> "-74"
	"HELLO75" [label="HELLO"]
	"Expression173" -> "HELLO75"
	"Exp76" [label="Exp"]
	"HELLO75" -> "Exp76"
	"Par77" [label="Par"]
	"Exp76" -> "Par77"
	"num78" [label="num",style=filled,fillcolor=powderblue]
	"Par77" -> "num78"
	"Exp179" [label="Exp1"]
	"Exp76" -> "Exp179"
	"HELLOPLEASE80" [label="HELLOPLEASE"]
	"HELLO75" -> "HELLOPLEASE80"
	"Expression181" [label="Expression1"]
	"Expression173" -> "Expression181"
	"-82" [label="-",style=filled,fillcolor=powderblue]
	"Expression181" -> "-82"
	"HELLO83" [label="HELLO"]
	"Expression181" -> "HELLO83"
	"Exp84" [label="Exp"]
	"HELLO83" -> "Exp84"
	"Par85" [label="Par"]
	"Exp84" -> "Par85"
	"num86" [label="num",style=filled,fillcolor=powderblue]
	"Par85" -> "num86"
	"Exp187" [label="Exp1"]
	"Exp84" -> "Exp187"
	"HELLOPLEASE88" [label="HELLOPLEASE"]
	"HELLO83" -> "HELLOPLEASE88"
	"/89" [label="/",style=filled,fillcolor=powderblue]
	"HELLOPLEASE88" -> "/89"
	"Exp90" [label="Exp"]
	"HELLOPLEASE88" -> "Exp90"
	"Par91" [label="Par"]
	"Exp90" -> "Par91"
	"num92" [label="num",style=filled,fillcolor=powderblue]
	"Par91" -> "num92"
	"Exp193" [label="Exp1"]
	"Exp90" -> "Exp193"
	"HELLOPLEASE94" [label="HELLOPLEASE"]
	"HELLOPLEASE88" -> "HELLOPLEASE94"
	"Expression195" [label="Expression1"]
	"Expression181" -> "Expression195"
	"Statements96" [label="Statements"]
	"Statements37" -> "Statements96"
	"Statement97" [label="Statement"]
	"Statements96" -> "Statement97"
	"print98" [label="print",style=filled,fillcolor=powderblue]
	"Statement97" -> "print98"
	"Expression99" [label="Expression"]
	"Statement97" -> "Expression99"
	"HELLO100" [label="HELLO"]
	"Expression99" -> "HELLO100"
	"Exp101" [label="Exp"]
	"HELLO100" -> "Exp101"
	"Par102" [label="Par"]
	"Exp101" -> "Par102"
	"m103" [label="m",style=filled,fillcolor=powderblue]
	"Par102" -> "m103"
	"[104" [label="[",style=filled,fillcolor=powderblue]
	"Par102" -> "[104"
	"Expression105" [label="Expression"]
	"Par102" -> "Expression105"
	"HELLO106" [label="HELLO"]
	"Expression105" -> "HELLO106"
	"Exp107" [label="Exp"]
	"HELLO106" -> "Exp107"
	"Par108" [label="Par"]
	"Exp107" -> "Par108"
	"num109" [label="num",style=filled,fillcolor=powderblue]
	"Par108" -> "num109"
	"Exp1110" [label="Exp1"]
	"Exp107" -> "Exp1110"
	"HELLOPLEASE111" [label="HELLOPLEASE"]
	"HELLO106" -> "HELLOPLEASE111"
	"Expression1112" [label="Expression1"]
	"Expression105" -> "Expression1112"
	"]113" [label="]",style=filled,fillcolor=powderblue]
	"Par102" -> "]113"
	"Exp1114" [label="Exp1"]
	"Exp101" -> "Exp1114"
	"HELLOPLEASE115" [label="HELLOPLEASE"]
	"HELLO100" -> "HELLOPLEASE115"
	"Expression1116" [label="Expression1"]
	"Expression99" -> "Expression1116"
	"Statements117" [label="Statements"]
	"Statements37" -> "Statements117"
	"Statement118" [label="Statement"]
	"Statements117" -> "Statement118"
	"print119" [label="print",style=filled,fillcolor=powderblue]
	"Statement118" -> "print119"
	"Expression120" [label="Expression"]
	"Statement118" -> "Expression120"
	"HELLO121" [label="HELLO"]
	"Expression120" -> "HELLO121"
	"Exp122" [label="Exp"]
	"HELLO121" -> "Exp122"
	"Par123" [label="Par"]
	"Exp122" -> "Par123"
	"m124" [label="m",style=filled,fillcolor=powderblue]
	"Par123" -> "m124"
	"[125" [label="[",style=filled,fillcolor=powderblue]
	"Par123" -> "[125"
	"Expression126" [label="Expression"]
	"Par123" -> "Expression126"
	"HELLO127" [label="HELLO"]
	"Expression126" -> "HELLO127"
	"Exp128" [label="Exp"]
	"HELLO127" -> "Exp128"
	"Par129" [label="Par"]
	"Exp128" -> "Par129"
	"num130" [label="num",style=filled,fillcolor=powderblue]
	"Par129" -> "num130"
	"Exp1131" [label="Exp1"]
	"Exp128" -> "Exp1131"
	"HELLOPLEASE132" [label="HELLOPLEASE"]
	"HELLO127" -> "HELLOPLEASE132"
	"Expression1133" [label="Expression1"]
	"Expression126" -> "Expression1133"
	"]134" [label="]",style=filled,fillcolor=powderblue]
	"Par123" -> "]134"
	"Exp1135" [label="Exp1"]
	"Exp122" -> "Exp1135"
	"HELLOPLEASE136" [label="HELLOPLEASE"]
	"HELLO121" -> "HELLOPLEASE136"
	"Expression1137" [label="Expression1"]
	"Expression120" -> "Expression1137"
	"Statements138" [label="Statements"]
	"Statements37" -> "Statements138"
	"Statement139" [label="Statement"]
	"Statements138" -> "Statement139"
	"print140" [label="print",style=filled,fillcolor=powderblue]
	"Statement139" -> "print140"
	"Expression141" [label="Expression"]
	"Statement139" -> "Expression141"
	"HELLO142" [label="HELLO"]
	"Expression141" -> "HELLO142"
	"Exp143" [label="Exp"]
	"HELLO142" -> "Exp143"
	"Par144" [label="Par"]
	"Exp143" -> "Par144"
	"m145" [label="m",style=filled,fillcolor=powderblue]
	"Par144" -> "m145"
	"[146" [label="[",style=filled,fillcolor=powderblue]
	"Par144" -> "[146"
	"Expression147" [label="Expression"]
	"Par144" -> "Expression147"
	"HELLO148" [label="HELLO"]
	"Expression147" -> "HELLO148"
	"Exp149" [label="Exp"]
	"HELLO148" -> "Exp149"
	"Par150" [label="Par"]
	"Exp149" -> "Par150"
	"num151" [label="num",style=filled,fillcolor=powderblue]
	"Par150" -> "num151"
	"Exp1152" [label="Exp1"]
	"Exp149" -> "Exp1152"
	"HELLOPLEASE153" [label="HELLOPLEASE"]
	"HELLO148" -> "HELLOPLEASE153"
	"Expression1154" [label="Expression1"]
	"Expression147" -> "Expression1154"
	"]155" [label="]",style=filled,fillcolor=powderblue]
	"Par144" -> "]155"
	"Exp1156" [label="Exp1"]
	"Exp143" -> "Exp1156"
	"HELLOPLEASE157" [label="HELLOPLEASE"]
	"HELLO142" -> "HELLOPLEASE157"
	"Expression1158" [label="Expression1"]
	"Expression141" -> "Expression1158"
	"Statements159" [label="Statements"]
	"Statements37" -> "Statements159"
	"Statement160" [label="Statement"]
	"Statements159" -> "Statement160"
	"print161" [label="print",style=filled,fillcolor=powderblue]
	"Statement160" -> "print161"
	"Expression162" [label="Expression"]
	"Statement160" -> "Expression162"
	"HELLO163" [label="HELLO"]
	"Expression162" -> "HELLO163"
	"Exp164" [label="Exp"]
	"HELLO163" -> "Exp164"
	"Par165" [label="Par"]
	"Exp164" -> "Par165"
	"m166" [label="m",style=filled,fillcolor=powderblue]
	"Par165" -> "m166"
	"[167" [label="[",style=filled,fillcolor=powderblue]
	"Par165" -> "[167"
	"Expression168" [label="Expression"]
	"Par165" -> "Expression168"
	"HELLO169" [label="HELLO"]
	"Expression168" -> "HELLO169"
	"Exp170" [label="Exp"]
	"HELLO169" -> "Exp170"
	"Par171" [label="Par"]
	"Exp170" -> "Par171"
	"num172" [label="num",style=filled,fillcolor=powderblue]
	"Par171" -> "num172"
	"Exp1173" [label="Exp1"]
	"Exp170" -> "Exp1173"
	"HELLOPLEASE174" [label="HELLOPLEASE"]
	"HELLO169" -> "HELLOPLEASE174"
	"Expression1175" [label="Expression1"]
	"Expression168" -> "Expression1175"
	"]176" [label="]",style=filled,fillcolor=powderblue]
	"Par165" -> "]176"
	"Exp1177" [label="Exp1"]
	"Exp164" -> "Exp1177"
	"e178" [label="e"]
	"Exp1177" -> "e178"
	"HELLOPLEASE179" [label="HELLOPLEASE"]
	"HELLO163" -> "HELLOPLEASE179"
	"e180" [label="e"]
	"HELLOPLEASE179" -> "e180"
	"Expression1181" [label="Expression1"]
	"Expression162" -> "Expression1181"
	"e182" [label="e"]
	"Expression1181" -> "e182"
	"Statements183" [label="Statements"]
	"Statements37" -> "Statements183"
	"e184" [label="e"]
	"Statements183" -> "e184"
};
};
};
};
};
