digraph G {
	"Start1" [label="Start"]
	"Statements2" [label="Statements"]
	"Start1" -> "Statements2"
	"Statement3" [label="Statement"]
	"Statements2" -> "Statement3"
	"Assignment4" [label="Assignment"]
	"Statement3" -> "Assignment4"
	"m5" [label="m",style=filled,fillcolor=powderblue]
	"Assignment4" -> "m5"
	"[6" [label="[",style=filled,fillcolor=powderblue]
	"Assignment4" -> "[6"
	"Expression7" [label="Expression"]
	"Assignment4" -> "Expression7"
	"E28" [label="E2"]
	"Expression7" -> "E28"
	"E39" [label="E3"]
	"E28" -> "E39"
	"E410" [label="E4"]
	"E39" -> "E410"
	"num11" [label="num",style=filled,fillcolor=powderblue]
	"E410" -> "num11"
	"E2prime12" [label="E2prime"]
	"E28" -> "E2prime12"
	"Eprime13" [label="Eprime"]
	"Expression7" -> "Eprime13"
	"]14" [label="]",style=filled,fillcolor=powderblue]
	"Assignment4" -> "]14"
	"=15" [label="=",style=filled,fillcolor=powderblue]
	"Assignment4" -> "=15"
	"Expression16" [label="Expression"]
	"Assignment4" -> "Expression16"
	"E217" [label="E2"]
	"Expression16" -> "E217"
	"E318" [label="E3"]
	"E217" -> "E318"
	"E419" [label="E4"]
	"E318" -> "E419"
	"num20" [label="num",style=filled,fillcolor=powderblue]
	"E419" -> "num20"
	"E2prime21" [label="E2prime"]
	"E217" -> "E2prime21"
	"Eprime22" [label="Eprime"]
	"Expression16" -> "Eprime22"
	"-23" [label="-",style=filled,fillcolor=powderblue]
	"Eprime22" -> "-23"
	"E224" [label="E2"]
	"Eprime22" -> "E224"
	"E325" [label="E3"]
	"E224" -> "E325"
	"E426" [label="E4"]
	"E325" -> "E426"
	"(27" [label="(",style=filled,fillcolor=powderblue]
	"E426" -> "(27"
	"Expression28" [label="Expression"]
	"E426" -> "Expression28"
	"E229" [label="E2"]
	"Expression28" -> "E229"
	"E330" [label="E3"]
	"E229" -> "E330"
	"E431" [label="E4"]
	"E330" -> "E431"
	"num32" [label="num",style=filled,fillcolor=powderblue]
	"E431" -> "num32"
	"E2prime33" [label="E2prime"]
	"E229" -> "E2prime33"
	"Eprime34" [label="Eprime"]
	"Expression28" -> "Eprime34"
	"-35" [label="-",style=filled,fillcolor=powderblue]
	"Eprime34" -> "-35"
	"E236" [label="E2"]
	"Eprime34" -> "E236"
	"E337" [label="E3"]
	"E236" -> "E337"
	"E438" [label="E4"]
	"E337" -> "E438"
	"num39" [label="num",style=filled,fillcolor=powderblue]
	"E438" -> "num39"
	"E2prime40" [label="E2prime"]
	"E236" -> "E2prime40"
	"Eprime41" [label="Eprime"]
	"Eprime34" -> "Eprime41"
	")42" [label=")",style=filled,fillcolor=powderblue]
	"E426" -> ")42"
	"E2prime43" [label="E2prime"]
	"E224" -> "E2prime43"
	"Eprime44" [label="Eprime"]
	"Eprime22" -> "Eprime44"
	"Statements45" [label="Statements"]
	"Statements2" -> "Statements45"
	"Statement46" [label="Statement"]
	"Statements45" -> "Statement46"
	"Assignment47" [label="Assignment"]
	"Statement46" -> "Assignment47"
	"m48" [label="m",style=filled,fillcolor=powderblue]
	"Assignment47" -> "m48"
	"[49" [label="[",style=filled,fillcolor=powderblue]
	"Assignment47" -> "[49"
	"Expression50" [label="Expression"]
	"Assignment47" -> "Expression50"
	"E251" [label="E2"]
	"Expression50" -> "E251"
	"E352" [label="E3"]
	"E251" -> "E352"
	"E453" [label="E4"]
	"E352" -> "E453"
	"num54" [label="num",style=filled,fillcolor=powderblue]
	"E453" -> "num54"
	"E2prime55" [label="E2prime"]
	"E251" -> "E2prime55"
	"Eprime56" [label="Eprime"]
	"Expression50" -> "Eprime56"
	"]57" [label="]",style=filled,fillcolor=powderblue]
	"Assignment47" -> "]57"
	"=58" [label="=",style=filled,fillcolor=powderblue]
	"Assignment47" -> "=58"
	"Expression59" [label="Expression"]
	"Assignment47" -> "Expression59"
	"E260" [label="E2"]
	"Expression59" -> "E260"
	"E361" [label="E3"]
	"E260" -> "E361"
	"E462" [label="E4"]
	"E361" -> "E462"
	"num63" [label="num",style=filled,fillcolor=powderblue]
	"E462" -> "num63"
	"E2prime64" [label="E2prime"]
	"E260" -> "E2prime64"
	"Eprime65" [label="Eprime"]
	"Expression59" -> "Eprime65"
	"-66" [label="-",style=filled,fillcolor=powderblue]
	"Eprime65" -> "-66"
	"E267" [label="E2"]
	"Eprime65" -> "E267"
	"E368" [label="E3"]
	"E267" -> "E368"
	"E469" [label="E4"]
	"E368" -> "E469"
	"m70" [label="m",style=filled,fillcolor=powderblue]
	"E469" -> "m70"
	"[71" [label="[",style=filled,fillcolor=powderblue]
	"E469" -> "[71"
	"Expression72" [label="Expression"]
	"E469" -> "Expression72"
	"E273" [label="E2"]
	"Expression72" -> "E273"
	"E374" [label="E3"]
	"E273" -> "E374"
	"E475" [label="E4"]
	"E374" -> "E475"
	"(76" [label="(",style=filled,fillcolor=powderblue]
	"E475" -> "(76"
	"Expression77" [label="Expression"]
	"E475" -> "Expression77"
	"E278" [label="E2"]
	"Expression77" -> "E278"
	"E379" [label="E3"]
	"E278" -> "E379"
	"E480" [label="E4"]
	"E379" -> "E480"
	"num81" [label="num",style=filled,fillcolor=powderblue]
	"E480" -> "num81"
	"E2prime82" [label="E2prime"]
	"E278" -> "E2prime82"
	"Eprime83" [label="Eprime"]
	"Expression77" -> "Eprime83"
	"-84" [label="-",style=filled,fillcolor=powderblue]
	"Eprime83" -> "-84"
	"E285" [label="E2"]
	"Eprime83" -> "E285"
	"E386" [label="E3"]
	"E285" -> "E386"
	"E487" [label="E4"]
	"E386" -> "E487"
	"num88" [label="num",style=filled,fillcolor=powderblue]
	"E487" -> "num88"
	"E2prime89" [label="E2prime"]
	"E285" -> "E2prime89"
	"Eprime90" [label="Eprime"]
	"Eprime83" -> "Eprime90"
	")91" [label=")",style=filled,fillcolor=powderblue]
	"E475" -> ")91"
	"E2prime92" [label="E2prime"]
	"E273" -> "E2prime92"
	"Eprime93" [label="Eprime"]
	"Expression72" -> "Eprime93"
	"]94" [label="]",style=filled,fillcolor=powderblue]
	"E469" -> "]94"
	"E2prime95" [label="E2prime"]
	"E267" -> "E2prime95"
	"Eprime96" [label="Eprime"]
	"Eprime65" -> "Eprime96"
	"Statements97" [label="Statements"]
	"Statements45" -> "Statements97"
	"Statement98" [label="Statement"]
	"Statements97" -> "Statement98"
	"Print99" [label="Print"]
	"Statement98" -> "Print99"
	"print100" [label="print",style=filled,fillcolor=powderblue]
	"Print99" -> "print100"
	"Expression101" [label="Expression"]
	"Print99" -> "Expression101"
	"E2102" [label="E2"]
	"Expression101" -> "E2102"
	"E3103" [label="E3"]
	"E2102" -> "E3103"
	"E4104" [label="E4"]
	"E3103" -> "E4104"
	"m105" [label="m",style=filled,fillcolor=powderblue]
	"E4104" -> "m105"
	"[106" [label="[",style=filled,fillcolor=powderblue]
	"E4104" -> "[106"
	"Expression107" [label="Expression"]
	"E4104" -> "Expression107"
	"E2108" [label="E2"]
	"Expression107" -> "E2108"
	"E3109" [label="E3"]
	"E2108" -> "E3109"
	"E4110" [label="E4"]
	"E3109" -> "E4110"
	"num111" [label="num",style=filled,fillcolor=powderblue]
	"E4110" -> "num111"
	"E2prime112" [label="E2prime"]
	"E2108" -> "E2prime112"
	"Eprime113" [label="Eprime"]
	"Expression107" -> "Eprime113"
	"]114" [label="]",style=filled,fillcolor=powderblue]
	"E4104" -> "]114"
	"E2prime115" [label="E2prime"]
	"E2102" -> "E2prime115"
	"Eprime116" [label="Eprime"]
	"Expression101" -> "Eprime116"
	"e117" [label="e"]
	"Statement98" -> "e117"
	"Statements118" [label="Statements"]
	"Statements97" -> "Statements118"
	"Statement119" [label="Statement"]
	"Statements118" -> "Statement119"
	"Jump120" [label="Jump"]
	"Statement119" -> "Jump120"
	"goto121" [label="goto",style=filled,fillcolor=powderblue]
	"Jump120" -> "goto121"
	"num122" [label="num",style=filled,fillcolor=powderblue]
	"Jump120" -> "num122"
	"if123" [label="if",style=filled,fillcolor=powderblue]
	"Jump120" -> "if123"
	"Expression124" [label="Expression"]
	"Jump120" -> "Expression124"
	"E2125" [label="E2"]
	"Expression124" -> "E2125"
	"E3126" [label="E3"]
	"E2125" -> "E3126"
	"E4127" [label="E4"]
	"E3126" -> "E4127"
	"m128" [label="m",style=filled,fillcolor=powderblue]
	"E4127" -> "m128"
	"[129" [label="[",style=filled,fillcolor=powderblue]
	"E4127" -> "[129"
	"Expression130" [label="Expression"]
	"E4127" -> "Expression130"
	"E2131" [label="E2"]
	"Expression130" -> "E2131"
	"E3132" [label="E3"]
	"E2131" -> "E3132"
	"E4133" [label="E4"]
	"E3132" -> "E4133"
	"num134" [label="num",style=filled,fillcolor=powderblue]
	"E4133" -> "num134"
	"E2prime135" [label="E2prime"]
	"E2131" -> "E2prime135"
	"Eprime136" [label="Eprime"]
	"Expression130" -> "Eprime136"
	"]137" [label="]",style=filled,fillcolor=powderblue]
	"E4127" -> "]137"
	"E2prime138" [label="E2prime"]
	"E2125" -> "E2prime138"
	"Eprime139" [label="Eprime"]
	"Expression124" -> "Eprime139"
	"Statements140" [label="Statements"]
	"Statements118" -> "Statements140"
	"Statement141" [label="Statement"]
	"Statements140" -> "Statement141"
	"Print142" [label="Print"]
	"Statement141" -> "Print142"
	"print143" [label="print",style=filled,fillcolor=powderblue]
	"Print142" -> "print143"
	"Expression144" [label="Expression"]
	"Print142" -> "Expression144"
	"E2145" [label="E2"]
	"Expression144" -> "E2145"
	"E3146" [label="E3"]
	"E2145" -> "E3146"
	"E4147" [label="E4"]
	"E3146" -> "E4147"
	"m148" [label="m",style=filled,fillcolor=powderblue]
	"E4147" -> "m148"
	"[149" [label="[",style=filled,fillcolor=powderblue]
	"E4147" -> "[149"
	"Expression150" [label="Expression"]
	"E4147" -> "Expression150"
	"E2151" [label="E2"]
	"Expression150" -> "E2151"
	"E3152" [label="E3"]
	"E2151" -> "E3152"
	"E4153" [label="E4"]
	"E3152" -> "E4153"
	"num154" [label="num",style=filled,fillcolor=powderblue]
	"E4153" -> "num154"
	"E2prime155" [label="E2prime"]
	"E2151" -> "E2prime155"
	"Eprime156" [label="Eprime"]
	"Expression150" -> "Eprime156"
	"]157" [label="]",style=filled,fillcolor=powderblue]
	"E4147" -> "]157"
	"E2prime158" [label="E2prime"]
	"E2145" -> "E2prime158"
	"Eprime159" [label="Eprime"]
	"Expression144" -> "Eprime159"
	"e160" [label="e"]
	"Statement141" -> "e160"
	"Statements161" [label="Statements"]
	"Statements140" -> "Statements161"
	"Statement162" [label="Statement"]
	"Statements161" -> "Statement162"
	"Jump163" [label="Jump"]
	"Statement162" -> "Jump163"
	"goto164" [label="goto",style=filled,fillcolor=powderblue]
	"Jump163" -> "goto164"
	"num165" [label="num",style=filled,fillcolor=powderblue]
	"Jump163" -> "num165"
	"Statements166" [label="Statements"]
	"Statements161" -> "Statements166"
	"Statement167" [label="Statement"]
	"Statements166" -> "Statement167"
	"Print168" [label="Print"]
	"Statement167" -> "Print168"
	"print169" [label="print",style=filled,fillcolor=powderblue]
	"Print168" -> "print169"
	"Expression170" [label="Expression"]
	"Print168" -> "Expression170"
	"E2171" [label="E2"]
	"Expression170" -> "E2171"
	"E3172" [label="E3"]
	"E2171" -> "E3172"
	"E4173" [label="E4"]
	"E3172" -> "E4173"
	"m174" [label="m",style=filled,fillcolor=powderblue]
	"E4173" -> "m174"
	"[175" [label="[",style=filled,fillcolor=powderblue]
	"E4173" -> "[175"
	"Expression176" [label="Expression"]
	"E4173" -> "Expression176"
	"E2177" [label="E2"]
	"Expression176" -> "E2177"
	"E3178" [label="E3"]
	"E2177" -> "E3178"
	"E4179" [label="E4"]
	"E3178" -> "E4179"
	"num180" [label="num",style=filled,fillcolor=powderblue]
	"E4179" -> "num180"
	"E2prime181" [label="E2prime"]
	"E2177" -> "E2prime181"
	"Eprime182" [label="Eprime"]
	"Expression176" -> "Eprime182"
	"]183" [label="]",style=filled,fillcolor=powderblue]
	"E4173" -> "]183"
	"E2prime184" [label="E2prime"]
	"E2171" -> "E2prime184"
	"Eprime185" [label="Eprime"]
	"Expression170" -> "Eprime185"
	"e186" [label="e"]
	"Statement167" -> "e186"
	"Statements187" [label="Statements"]
	"Statements166" -> "Statements187"
	"Statement188" [label="Statement"]
	"Statements187" -> "Statement188"
	"Label189" [label="Label"]
	"Statement188" -> "Label189"
	"L190" [label="L",style=filled,fillcolor=powderblue]
	"Label189" -> "L190"
	"num191" [label="num",style=filled,fillcolor=powderblue]
	"Label189" -> "num191"
	":192" [label=":",style=filled,fillcolor=powderblue]
	"Label189" -> ":192"
	"Statements193" [label="Statements"]
	"Statements187" -> "Statements193"
	"Statement194" [label="Statement"]
	"Statements193" -> "Statement194"
	"Print195" [label="Print"]
	"Statement194" -> "Print195"
	"print196" [label="print",style=filled,fillcolor=powderblue]
	"Print195" -> "print196"
	"Expression197" [label="Expression"]
	"Print195" -> "Expression197"
	"E2198" [label="E2"]
	"Expression197" -> "E2198"
	"E3199" [label="E3"]
	"E2198" -> "E3199"
	"E4200" [label="E4"]
	"E3199" -> "E4200"
	"m201" [label="m",style=filled,fillcolor=powderblue]
	"E4200" -> "m201"
	"[202" [label="[",style=filled,fillcolor=powderblue]
	"E4200" -> "[202"
	"Expression203" [label="Expression"]
	"E4200" -> "Expression203"
	"E2204" [label="E2"]
	"Expression203" -> "E2204"
	"E3205" [label="E3"]
	"E2204" -> "E3205"
	"E4206" [label="E4"]
	"E3205" -> "E4206"
	"num207" [label="num",style=filled,fillcolor=powderblue]
	"E4206" -> "num207"
	"E2prime208" [label="E2prime"]
	"E2204" -> "E2prime208"
	"Eprime209" [label="Eprime"]
	"Expression203" -> "Eprime209"
	"]210" [label="]",style=filled,fillcolor=powderblue]
	"E4200" -> "]210"
	"E2prime211" [label="E2prime"]
	"E2198" -> "E2prime211"
	"Eprime212" [label="Eprime"]
	"Expression197" -> "Eprime212"
	"e213" [label="e"]
	"Statement194" -> "e213"
	"Statements214" [label="Statements"]
	"Statements193" -> "Statements214"
	"Statement215" [label="Statement"]
	"Statements214" -> "Statement215"
	"Assignment216" [label="Assignment"]
	"Statement215" -> "Assignment216"
	"m217" [label="m",style=filled,fillcolor=powderblue]
	"Assignment216" -> "m217"
	"[218" [label="[",style=filled,fillcolor=powderblue]
	"Assignment216" -> "[218"
	"Expression219" [label="Expression"]
	"Assignment216" -> "Expression219"
	"E2220" [label="E2"]
	"Expression219" -> "E2220"
	"E3221" [label="E3"]
	"E2220" -> "E3221"
	"E4222" [label="E4"]
	"E3221" -> "E4222"
	"num223" [label="num",style=filled,fillcolor=powderblue]
	"E4222" -> "num223"
	"E2prime224" [label="E2prime"]
	"E2220" -> "E2prime224"
	"Eprime225" [label="Eprime"]
	"Expression219" -> "Eprime225"
	"]226" [label="]",style=filled,fillcolor=powderblue]
	"Assignment216" -> "]226"
	"=227" [label="=",style=filled,fillcolor=powderblue]
	"Assignment216" -> "=227"
	"Expression228" [label="Expression"]
	"Assignment216" -> "Expression228"
	"E2229" [label="E2"]
	"Expression228" -> "E2229"
	"E3230" [label="E3"]
	"E2229" -> "E3230"
	"E4231" [label="E4"]
	"E3230" -> "E4231"
	"num232" [label="num",style=filled,fillcolor=powderblue]
	"E4231" -> "num232"
	"E2prime233" [label="E2prime"]
	"E2229" -> "E2prime233"
	"/234" [label="/",style=filled,fillcolor=powderblue]
	"E2prime233" -> "/234"
	"E3235" [label="E3"]
	"E2prime233" -> "E3235"
	"E4236" [label="E4"]
	"E3235" -> "E4236"
	"num237" [label="num",style=filled,fillcolor=powderblue]
	"E4236" -> "num237"
	"E2prime238" [label="E2prime"]
	"E2prime233" -> "E2prime238"
	"*239" [label="*",style=filled,fillcolor=powderblue]
	"E2prime238" -> "*239"
	"E3240" [label="E3"]
	"E2prime238" -> "E3240"
	"E4241" [label="E4"]
	"E3240" -> "E4241"
	"num242" [label="num",style=filled,fillcolor=powderblue]
	"E4241" -> "num242"
	"E2prime243" [label="E2prime"]
	"E2prime238" -> "E2prime243"
	"Eprime244" [label="Eprime"]
	"Expression228" -> "Eprime244"
	"Statements245" [label="Statements"]
	"Statements214" -> "Statements245"
	"Statement246" [label="Statement"]
	"Statements245" -> "Statement246"
	"Assignment247" [label="Assignment"]
	"Statement246" -> "Assignment247"
	"m248" [label="m",style=filled,fillcolor=powderblue]
	"Assignment247" -> "m248"
	"[249" [label="[",style=filled,fillcolor=powderblue]
	"Assignment247" -> "[249"
	"Expression250" [label="Expression"]
	"Assignment247" -> "Expression250"
	"E2251" [label="E2"]
	"Expression250" -> "E2251"
	"E3252" [label="E3"]
	"E2251" -> "E3252"
	"E4253" [label="E4"]
	"E3252" -> "E4253"
	"num254" [label="num",style=filled,fillcolor=powderblue]
	"E4253" -> "num254"
	"E2prime255" [label="E2prime"]
	"E2251" -> "E2prime255"
	"Eprime256" [label="Eprime"]
	"Expression250" -> "Eprime256"
	"]257" [label="]",style=filled,fillcolor=powderblue]
	"Assignment247" -> "]257"
	"=258" [label="=",style=filled,fillcolor=powderblue]
	"Assignment247" -> "=258"
	"Expression259" [label="Expression"]
	"Assignment247" -> "Expression259"
	"E2260" [label="E2"]
	"Expression259" -> "E2260"
	"E3261" [label="E3"]
	"E2260" -> "E3261"
	"E4262" [label="E4"]
	"E3261" -> "E4262"
	"num263" [label="num",style=filled,fillcolor=powderblue]
	"E4262" -> "num263"
	"E2prime264" [label="E2prime"]
	"E2260" -> "E2prime264"
	"Eprime265" [label="Eprime"]
	"Expression259" -> "Eprime265"
	"+266" [label="+",style=filled,fillcolor=powderblue]
	"Eprime265" -> "+266"
	"E2267" [label="E2"]
	"Eprime265" -> "E2267"
	"E3268" [label="E3"]
	"E2267" -> "E3268"
	"E4269" [label="E4"]
	"E3268" -> "E4269"
	"num270" [label="num",style=filled,fillcolor=powderblue]
	"E4269" -> "num270"
	"E2prime271" [label="E2prime"]
	"E2267" -> "E2prime271"
	"Eprime272" [label="Eprime"]
	"Eprime265" -> "Eprime272"
	"Statements273" [label="Statements"]
	"Statements245" -> "Statements273"
	"Statement274" [label="Statement"]
	"Statements273" -> "Statement274"
	"Assignment275" [label="Assignment"]
	"Statement274" -> "Assignment275"
	"m276" [label="m",style=filled,fillcolor=powderblue]
	"Assignment275" -> "m276"
	"[277" [label="[",style=filled,fillcolor=powderblue]
	"Assignment275" -> "[277"
	"Expression278" [label="Expression"]
	"Assignment275" -> "Expression278"
	"E2279" [label="E2"]
	"Expression278" -> "E2279"
	"E3280" [label="E3"]
	"E2279" -> "E3280"
	"E4281" [label="E4"]
	"E3280" -> "E4281"
	"num282" [label="num",style=filled,fillcolor=powderblue]
	"E4281" -> "num282"
	"E2prime283" [label="E2prime"]
	"E2279" -> "E2prime283"
	"Eprime284" [label="Eprime"]
	"Expression278" -> "Eprime284"
	"]285" [label="]",style=filled,fillcolor=powderblue]
	"Assignment275" -> "]285"
	"=286" [label="=",style=filled,fillcolor=powderblue]
	"Assignment275" -> "=286"
	"Expression287" [label="Expression"]
	"Assignment275" -> "Expression287"
	"E2288" [label="E2"]
	"Expression287" -> "E2288"
	"E3289" [label="E3"]
	"E2288" -> "E3289"
	"E4290" [label="E4"]
	"E3289" -> "E4290"
	"num291" [label="num",style=filled,fillcolor=powderblue]
	"E4290" -> "num291"
	"E2prime292" [label="E2prime"]
	"E2288" -> "E2prime292"
	"Eprime293" [label="Eprime"]
	"Expression287" -> "Eprime293"
	"-294" [label="-",style=filled,fillcolor=powderblue]
	"Eprime293" -> "-294"
	"E2295" [label="E2"]
	"Eprime293" -> "E2295"
	"E3296" [label="E3"]
	"E2295" -> "E3296"
	"E4297" [label="E4"]
	"E3296" -> "E4297"
	"(298" [label="(",style=filled,fillcolor=powderblue]
	"E4297" -> "(298"
	"Expression299" [label="Expression"]
	"E4297" -> "Expression299"
	"E2300" [label="E2"]
	"Expression299" -> "E2300"
	"E3301" [label="E3"]
	"E2300" -> "E3301"
	"E4302" [label="E4"]
	"E3301" -> "E4302"
	"m303" [label="m",style=filled,fillcolor=powderblue]
	"E4302" -> "m303"
	"[304" [label="[",style=filled,fillcolor=powderblue]
	"E4302" -> "[304"
	"Expression305" [label="Expression"]
	"E4302" -> "Expression305"
	"E2306" [label="E2"]
	"Expression305" -> "E2306"
	"E3307" [label="E3"]
	"E2306" -> "E3307"
	"E4308" [label="E4"]
	"E3307" -> "E4308"
	"num309" [label="num",style=filled,fillcolor=powderblue]
	"E4308" -> "num309"
	"E2prime310" [label="E2prime"]
	"E2306" -> "E2prime310"
	"Eprime311" [label="Eprime"]
	"Expression305" -> "Eprime311"
	"]312" [label="]",style=filled,fillcolor=powderblue]
	"E4302" -> "]312"
	"E2prime313" [label="E2prime"]
	"E2300" -> "E2prime313"
	"Eprime314" [label="Eprime"]
	"Expression299" -> "Eprime314"
	"-315" [label="-",style=filled,fillcolor=powderblue]
	"Eprime314" -> "-315"
	"E2316" [label="E2"]
	"Eprime314" -> "E2316"
	"E3317" [label="E3"]
	"E2316" -> "E3317"
	"E4318" [label="E4"]
	"E3317" -> "E4318"
	"num319" [label="num",style=filled,fillcolor=powderblue]
	"E4318" -> "num319"
	"E2prime320" [label="E2prime"]
	"E2316" -> "E2prime320"
	"Eprime321" [label="Eprime"]
	"Eprime314" -> "Eprime321"
	")322" [label=")",style=filled,fillcolor=powderblue]
	"E4297" -> ")322"
	"E2prime323" [label="E2prime"]
	"E2295" -> "E2prime323"
	"Eprime324" [label="Eprime"]
	"Eprime293" -> "Eprime324"
	"Statements325" [label="Statements"]
	"Statements273" -> "Statements325"
	"Statement326" [label="Statement"]
	"Statements325" -> "Statement326"
	"Assignment327" [label="Assignment"]
	"Statement326" -> "Assignment327"
	"m328" [label="m",style=filled,fillcolor=powderblue]
	"Assignment327" -> "m328"
	"[329" [label="[",style=filled,fillcolor=powderblue]
	"Assignment327" -> "[329"
	"Expression330" [label="Expression"]
	"Assignment327" -> "Expression330"
	"E2331" [label="E2"]
	"Expression330" -> "E2331"
	"E3332" [label="E3"]
	"E2331" -> "E3332"
	"E4333" [label="E4"]
	"E3332" -> "E4333"
	"num334" [label="num",style=filled,fillcolor=powderblue]
	"E4333" -> "num334"
	"E2prime335" [label="E2prime"]
	"E2331" -> "E2prime335"
	"Eprime336" [label="Eprime"]
	"Expression330" -> "Eprime336"
	"]337" [label="]",style=filled,fillcolor=powderblue]
	"Assignment327" -> "]337"
	"=338" [label="=",style=filled,fillcolor=powderblue]
	"Assignment327" -> "=338"
	"Expression339" [label="Expression"]
	"Assignment327" -> "Expression339"
	"E2340" [label="E2"]
	"Expression339" -> "E2340"
	"E3341" [label="E3"]
	"E2340" -> "E3341"
	"E4342" [label="E4"]
	"E3341" -> "E4342"
	"num343" [label="num",style=filled,fillcolor=powderblue]
	"E4342" -> "num343"
	"E2prime344" [label="E2prime"]
	"E2340" -> "E2prime344"
	"/345" [label="/",style=filled,fillcolor=powderblue]
	"E2prime344" -> "/345"
	"E3346" [label="E3"]
	"E2prime344" -> "E3346"
	"E4347" [label="E4"]
	"E3346" -> "E4347"
	"num348" [label="num",style=filled,fillcolor=powderblue]
	"E4347" -> "num348"
	"E2prime349" [label="E2prime"]
	"E2prime344" -> "E2prime349"
	"*350" [label="*",style=filled,fillcolor=powderblue]
	"E2prime349" -> "*350"
	"E3351" [label="E3"]
	"E2prime349" -> "E3351"
	"E4352" [label="E4"]
	"E3351" -> "E4352"
	"num353" [label="num",style=filled,fillcolor=powderblue]
	"E4352" -> "num353"
	"e354" [label="e"]
	"E3351" -> "e354"
	"E2prime355" [label="E2prime"]
	"E2prime349" -> "E2prime355"
	"Eprime356" [label="Eprime"]
	"Expression339" -> "Eprime356"
	"Statements357" [label="Statements"]
	"Statements325" -> "Statements357"
	"e358" [label="e"]
	"Statements357" -> "e358"
};
