digraph G {
	"Start1" [label="Start"]
	"Statement2" [label="Statement"]
	"Start1" -> "Statement2"
	"Assignment3" [label="Assignment"]
	"Statement2" -> "Assignment3"
	"m4" [label="m",style=filled,fillcolor=powderblue]
	"Assignment3" -> "m4"
	"[5" [label="[",style=filled,fillcolor=powderblue]
	"Assignment3" -> "[5"
	"Expression6" [label="Expression"]
	"Assignment3" -> "Expression6"
	"Term7" [label="Term"]
	"Expression6" -> "Term7"
	"Exponent8" [label="Exponent"]
	"Term7" -> "Exponent8"
	"Factor9" [label="Factor"]
	"Exponent8" -> "Factor9"
	"num10" [label="num",style=filled,fillcolor=powderblue]
	"Factor9" -> "num10"
	"Factorha11" [label="Factorha"]
	"Exponent8" -> "Factorha11"
	"e12" [label="e"]
	"Factorha11" -> "e12"
	"Termha13" [label="Termha"]
	"Term7" -> "Termha13"
	"e14" [label="e"]
	"Termha13" -> "e14"
	"Expressionha15" [label="Expressionha"]
	"Expression6" -> "Expressionha15"
	"e16" [label="e"]
	"Expressionha15" -> "e16"
	"]17" [label="]",style=filled,fillcolor=powderblue]
	"Assignment3" -> "]17"
	"=18" [label="=",style=filled,fillcolor=powderblue]
	"Assignment3" -> "=18"
	"Expression19" [label="Expression"]
	"Assignment3" -> "Expression19"
	"Term20" [label="Term"]
	"Expression19" -> "Term20"
	"Exponent21" [label="Exponent"]
	"Term20" -> "Exponent21"
	"Factor22" [label="Factor"]
	"Exponent21" -> "Factor22"
	"num23" [label="num",style=filled,fillcolor=powderblue]
	"Factor22" -> "num23"
	"Factorha24" [label="Factorha"]
	"Exponent21" -> "Factorha24"
	"e25" [label="e"]
	"Factorha24" -> "e25"
	"Termha26" [label="Termha"]
	"Term20" -> "Termha26"
	"e27" [label="e"]
	"Termha26" -> "e27"
	"Expressionha28" [label="Expressionha"]
	"Expression19" -> "Expressionha28"
	"e29" [label="e"]
	"Expressionha28" -> "e29"
	"Statements30" [label="Statements"]
	"Start1" -> "Statements30"
	"Statement31" [label="Statement"]
	"Statements30" -> "Statement31"
	"Assignment32" [label="Assignment"]
	"Statement31" -> "Assignment32"
	"m33" [label="m",style=filled,fillcolor=powderblue]
	"Assignment32" -> "m33"
	"[34" [label="[",style=filled,fillcolor=powderblue]
	"Assignment32" -> "[34"
	"Expression35" [label="Expression"]
	"Assignment32" -> "Expression35"
	"Term36" [label="Term"]
	"Expression35" -> "Term36"
	"Exponent37" [label="Exponent"]
	"Term36" -> "Exponent37"
	"Factor38" [label="Factor"]
	"Exponent37" -> "Factor38"
	"num39" [label="num",style=filled,fillcolor=powderblue]
	"Factor38" -> "num39"
	"Factorha40" [label="Factorha"]
	"Exponent37" -> "Factorha40"
	"e41" [label="e"]
	"Factorha40" -> "e41"
	"Termha42" [label="Termha"]
	"Term36" -> "Termha42"
	"e43" [label="e"]
	"Termha42" -> "e43"
	"Expressionha44" [label="Expressionha"]
	"Expression35" -> "Expressionha44"
	"e45" [label="e"]
	"Expressionha44" -> "e45"
	"]46" [label="]",style=filled,fillcolor=powderblue]
	"Assignment32" -> "]46"
	"=47" [label="=",style=filled,fillcolor=powderblue]
	"Assignment32" -> "=47"
	"Expression48" [label="Expression"]
	"Assignment32" -> "Expression48"
	"Term49" [label="Term"]
	"Expression48" -> "Term49"
	"Exponent50" [label="Exponent"]
	"Term49" -> "Exponent50"
	"Factor51" [label="Factor"]
	"Exponent50" -> "Factor51"
	"num52" [label="num",style=filled,fillcolor=powderblue]
	"Factor51" -> "num52"
	"Factorha53" [label="Factorha"]
	"Exponent50" -> "Factorha53"
	"e54" [label="e"]
	"Factorha53" -> "e54"
	"Termha55" [label="Termha"]
	"Term49" -> "Termha55"
	"e56" [label="e"]
	"Termha55" -> "e56"
	"Expressionha57" [label="Expressionha"]
	"Expression48" -> "Expressionha57"
	"e58" [label="e"]
	"Expressionha57" -> "e58"
	"Statements59" [label="Statements"]
	"Statements30" -> "Statements59"
	"Statement60" [label="Statement"]
	"Statements59" -> "Statement60"
	"Assignment61" [label="Assignment"]
	"Statement60" -> "Assignment61"
	"m62" [label="m",style=filled,fillcolor=powderblue]
	"Assignment61" -> "m62"
	"[63" [label="[",style=filled,fillcolor=powderblue]
	"Assignment61" -> "[63"
	"Expression64" [label="Expression"]
	"Assignment61" -> "Expression64"
	"Term65" [label="Term"]
	"Expression64" -> "Term65"
	"Exponent66" [label="Exponent"]
	"Term65" -> "Exponent66"
	"Factor67" [label="Factor"]
	"Exponent66" -> "Factor67"
	"num68" [label="num",style=filled,fillcolor=powderblue]
	"Factor67" -> "num68"
	"Factorha69" [label="Factorha"]
	"Exponent66" -> "Factorha69"
	"e70" [label="e"]
	"Factorha69" -> "e70"
	"Termha71" [label="Termha"]
	"Term65" -> "Termha71"
	"e72" [label="e"]
	"Termha71" -> "e72"
	"Expressionha73" [label="Expressionha"]
	"Expression64" -> "Expressionha73"
	"e74" [label="e"]
	"Expressionha73" -> "e74"
	"]75" [label="]",style=filled,fillcolor=powderblue]
	"Assignment61" -> "]75"
	"=76" [label="=",style=filled,fillcolor=powderblue]
	"Assignment61" -> "=76"
	"Expression77" [label="Expression"]
	"Assignment61" -> "Expression77"
	"Term78" [label="Term"]
	"Expression77" -> "Term78"
	"Exponent79" [label="Exponent"]
	"Term78" -> "Exponent79"
	"Factor80" [label="Factor"]
	"Exponent79" -> "Factor80"
	"num81" [label="num",style=filled,fillcolor=powderblue]
	"Factor80" -> "num81"
	"Factorha82" [label="Factorha"]
	"Exponent79" -> "Factorha82"
	"e83" [label="e"]
	"Factorha82" -> "e83"
	"Termha84" [label="Termha"]
	"Term78" -> "Termha84"
	"*85" [label="*",style=filled,fillcolor=powderblue]
	"Termha84" -> "*85"
	"Factor86" [label="Factor"]
	"Termha84" -> "Factor86"
	"num87" [label="num",style=filled,fillcolor=powderblue]
	"Factor86" -> "num87"
	"Termha88" [label="Termha"]
	"Termha84" -> "Termha88"
	"e89" [label="e"]
	"Termha88" -> "e89"
	"e90" [label="e"]
	"Termha84" -> "e90"
	"Expressionha91" [label="Expressionha"]
	"Expression77" -> "Expressionha91"
	"e92" [label="e"]
	"Expressionha91" -> "e92"
	"Statements93" [label="Statements"]
	"Statements59" -> "Statements93"
	"Statement94" [label="Statement"]
	"Statements93" -> "Statement94"
	"Assignment95" [label="Assignment"]
	"Statement94" -> "Assignment95"
	"m96" [label="m",style=filled,fillcolor=powderblue]
	"Assignment95" -> "m96"
	"[97" [label="[",style=filled,fillcolor=powderblue]
	"Assignment95" -> "[97"
	"Expression98" [label="Expression"]
	"Assignment95" -> "Expression98"
	"Term99" [label="Term"]
	"Expression98" -> "Term99"
	"Exponent100" [label="Exponent"]
	"Term99" -> "Exponent100"
	"Factor101" [label="Factor"]
	"Exponent100" -> "Factor101"
	"num102" [label="num",style=filled,fillcolor=powderblue]
	"Factor101" -> "num102"
	"Factorha103" [label="Factorha"]
	"Exponent100" -> "Factorha103"
	"e104" [label="e"]
	"Factorha103" -> "e104"
	"Termha105" [label="Termha"]
	"Term99" -> "Termha105"
	"e106" [label="e"]
	"Termha105" -> "e106"
	"Expressionha107" [label="Expressionha"]
	"Expression98" -> "Expressionha107"
	"e108" [label="e"]
	"Expressionha107" -> "e108"
	"]109" [label="]",style=filled,fillcolor=powderblue]
	"Assignment95" -> "]109"
	"=110" [label="=",style=filled,fillcolor=powderblue]
	"Assignment95" -> "=110"
	"Expression111" [label="Expression"]
	"Assignment95" -> "Expression111"
	"Term112" [label="Term"]
	"Expression111" -> "Term112"
	"Exponent113" [label="Exponent"]
	"Term112" -> "Exponent113"
	"Factor114" [label="Factor"]
	"Exponent113" -> "Factor114"
	"num115" [label="num",style=filled,fillcolor=powderblue]
	"Factor114" -> "num115"
	"Factorha116" [label="Factorha"]
	"Exponent113" -> "Factorha116"
	"e117" [label="e"]
	"Factorha116" -> "e117"
	"Termha118" [label="Termha"]
	"Term112" -> "Termha118"
	"e119" [label="e"]
	"Termha118" -> "e119"
	"Expressionha120" [label="Expressionha"]
	"Expression111" -> "Expressionha120"
	"+121" [label="+",style=filled,fillcolor=powderblue]
	"Expressionha120" -> "+121"
	"Term122" [label="Term"]
	"Expressionha120" -> "Term122"
	"Exponent123" [label="Exponent"]
	"Term122" -> "Exponent123"
	"Factor124" [label="Factor"]
	"Exponent123" -> "Factor124"
	"(125" [label="(",style=filled,fillcolor=powderblue]
	"Factor124" -> "(125"
	"Expression126" [label="Expression"]
	"Factor124" -> "Expression126"
	"Term127" [label="Term"]
	"Expression126" -> "Term127"
	"Exponent128" [label="Exponent"]
	"Term127" -> "Exponent128"
	"Factor129" [label="Factor"]
	"Exponent128" -> "Factor129"
	"num130" [label="num",style=filled,fillcolor=powderblue]
	"Factor129" -> "num130"
	"Factorha131" [label="Factorha"]
	"Exponent128" -> "Factorha131"
	"e132" [label="e"]
	"Factorha131" -> "e132"
	"Termha133" [label="Termha"]
	"Term127" -> "Termha133"
	"e134" [label="e"]
	"Termha133" -> "e134"
	"Expressionha135" [label="Expressionha"]
	"Expression126" -> "Expressionha135"
	"e136" [label="e"]
	"Expressionha135" -> "e136"
	")137" [label=")",style=filled,fillcolor=powderblue]
	"Factor124" -> ")137"
	"Factorha138" [label="Factorha"]
	"Exponent123" -> "Factorha138"
	"e139" [label="e"]
	"Factorha138" -> "e139"
	"Termha140" [label="Termha"]
	"Term122" -> "Termha140"
	"e141" [label="e"]
	"Termha140" -> "e141"
	"Expressionha142" [label="Expressionha"]
	"Expressionha120" -> "Expressionha142"
	"e143" [label="e"]
	"Expressionha142" -> "e143"
	"e144" [label="e"]
	"Expressionha120" -> "e144"
	"Statements145" [label="Statements"]
	"Statements93" -> "Statements145"
	"Statement146" [label="Statement"]
	"Statements145" -> "Statement146"
	"Assignment147" [label="Assignment"]
	"Statement146" -> "Assignment147"
	"m148" [label="m",style=filled,fillcolor=powderblue]
	"Assignment147" -> "m148"
	"[149" [label="[",style=filled,fillcolor=powderblue]
	"Assignment147" -> "[149"
	"Expression150" [label="Expression"]
	"Assignment147" -> "Expression150"
	"Term151" [label="Term"]
	"Expression150" -> "Term151"
	"Exponent152" [label="Exponent"]
	"Term151" -> "Exponent152"
	"Factor153" [label="Factor"]
	"Exponent152" -> "Factor153"
	"num154" [label="num",style=filled,fillcolor=powderblue]
	"Factor153" -> "num154"
	"Factorha155" [label="Factorha"]
	"Exponent152" -> "Factorha155"
	"e156" [label="e"]
	"Factorha155" -> "e156"
	"Termha157" [label="Termha"]
	"Term151" -> "Termha157"
	"e158" [label="e"]
	"Termha157" -> "e158"
	"Expressionha159" [label="Expressionha"]
	"Expression150" -> "Expressionha159"
	"e160" [label="e"]
	"Expressionha159" -> "e160"
	"]161" [label="]",style=filled,fillcolor=powderblue]
	"Assignment147" -> "]161"
	"=162" [label="=",style=filled,fillcolor=powderblue]
	"Assignment147" -> "=162"
	"Expression163" [label="Expression"]
	"Assignment147" -> "Expression163"
	"Term164" [label="Term"]
	"Expression163" -> "Term164"
	"Exponent165" [label="Exponent"]
	"Term164" -> "Exponent165"
	"Factor166" [label="Factor"]
	"Exponent165" -> "Factor166"
	"num167" [label="num",style=filled,fillcolor=powderblue]
	"Factor166" -> "num167"
	"Factorha168" [label="Factorha"]
	"Exponent165" -> "Factorha168"
	"e169" [label="e"]
	"Factorha168" -> "e169"
	"Termha170" [label="Termha"]
	"Term164" -> "Termha170"
	"e171" [label="e"]
	"Termha170" -> "e171"
	"Expressionha172" [label="Expressionha"]
	"Expression163" -> "Expressionha172"
	"+173" [label="+",style=filled,fillcolor=powderblue]
	"Expressionha172" -> "+173"
	"Term174" [label="Term"]
	"Expressionha172" -> "Term174"
	"Exponent175" [label="Exponent"]
	"Term174" -> "Exponent175"
	"Factor176" [label="Factor"]
	"Exponent175" -> "Factor176"
	"(177" [label="(",style=filled,fillcolor=powderblue]
	"Factor176" -> "(177"
	"Expression178" [label="Expression"]
	"Factor176" -> "Expression178"
	"Term179" [label="Term"]
	"Expression178" -> "Term179"
	"Exponent180" [label="Exponent"]
	"Term179" -> "Exponent180"
	"Factor181" [label="Factor"]
	"Exponent180" -> "Factor181"
	"num182" [label="num",style=filled,fillcolor=powderblue]
	"Factor181" -> "num182"
	"Factorha183" [label="Factorha"]
	"Exponent180" -> "Factorha183"
	"e184" [label="e"]
	"Factorha183" -> "e184"
	"Termha185" [label="Termha"]
	"Term179" -> "Termha185"
	"e186" [label="e"]
	"Termha185" -> "e186"
	"Expressionha187" [label="Expressionha"]
	"Expression178" -> "Expressionha187"
	"-188" [label="-",style=filled,fillcolor=powderblue]
	"Expressionha187" -> "-188"
	"Term189" [label="Term"]
	"Expressionha187" -> "Term189"
	"Exponent190" [label="Exponent"]
	"Term189" -> "Exponent190"
	"Factor191" [label="Factor"]
	"Exponent190" -> "Factor191"
	"num192" [label="num",style=filled,fillcolor=powderblue]
	"Factor191" -> "num192"
	"Factorha193" [label="Factorha"]
	"Exponent190" -> "Factorha193"
	"e194" [label="e"]
	"Factorha193" -> "e194"
	"Termha195" [label="Termha"]
	"Term189" -> "Termha195"
	"e196" [label="e"]
	"Termha195" -> "e196"
	"Expressionha197" [label="Expressionha"]
	"Expressionha187" -> "Expressionha197"
	"e198" [label="e"]
	"Expressionha197" -> "e198"
	"e199" [label="e"]
	"Expressionha187" -> "e199"
	")200" [label=")",style=filled,fillcolor=powderblue]
	"Factor176" -> ")200"
	"Factorha201" [label="Factorha"]
	"Exponent175" -> "Factorha201"
	"e202" [label="e"]
	"Factorha201" -> "e202"
	"Termha203" [label="Termha"]
	"Term174" -> "Termha203"
	"e204" [label="e"]
	"Termha203" -> "e204"
	"Expressionha205" [label="Expressionha"]
	"Expressionha172" -> "Expressionha205"
	"e206" [label="e"]
	"Expressionha205" -> "e206"
	"e207" [label="e"]
	"Expressionha172" -> "e207"
	"Statements208" [label="Statements"]
	"Statements145" -> "Statements208"
	"e209" [label="e"]
	"Statements208" -> "e209"
}
