digraph G {
	"Start1" [label="Start"]
	"Statement2" [label="Statement"]
	"Start1" -> "Statement2"
	"Assignment3" [label="Assignment"]
	"Statement2" -> "Assignment3"
	"m4" [label="m",style=filled,fillcolor=powderblue]
	"Assignment3" -> "m4"
	"[5" [label="[",style=filled,fillcolor=powderblue]
	"Assignment3" -> "[5"
	"Expression6" [label="Expression"]
	"Assignment3" -> "Expression6"
	"Term7" [label="Term"]
	"Expression6" -> "Term7"
	"Exponent8" [label="Exponent"]
	"Term7" -> "Exponent8"
	"Factor9" [label="Factor"]
	"Exponent8" -> "Factor9"
	"num10" [label="num",style=filled,fillcolor=powderblue]
	"Factor9" -> "num10"
	"Factorha11" [label="Factorha"]
	"Exponent8" -> "Factorha11"
	"e12" [label="e"]
	"Factorha11" -> "e12"
	"Termha13" [label="Termha"]
	"Term7" -> "Termha13"
	"e14" [label="e"]
	"Termha13" -> "e14"
	"Expressionha15" [label="Expressionha"]
	"Expression6" -> "Expressionha15"
	"e16" [label="e"]
	"Expressionha15" -> "e16"
	"]17" [label="]",style=filled,fillcolor=powderblue]
	"Assignment3" -> "]17"
	"=18" [label="=",style=filled,fillcolor=powderblue]
	"Assignment3" -> "=18"
	"Expression19" [label="Expression"]
	"Assignment3" -> "Expression19"
	"Term20" [label="Term"]
	"Expression19" -> "Term20"
	"Exponent21" [label="Exponent"]
	"Term20" -> "Exponent21"
	"Factor22" [label="Factor"]
	"Exponent21" -> "Factor22"
	"m23" [label="m",style=filled,fillcolor=powderblue]
	"Factor22" -> "m23"
	"[24" [label="[",style=filled,fillcolor=powderblue]
	"Factor22" -> "[24"
	"Expression25" [label="Expression"]
	"Factor22" -> "Expression25"
	"Term26" [label="Term"]
	"Expression25" -> "Term26"
	"Exponent27" [label="Exponent"]
	"Term26" -> "Exponent27"
	"Factor28" [label="Factor"]
	"Exponent27" -> "Factor28"
	"num29" [label="num",style=filled,fillcolor=powderblue]
	"Factor28" -> "num29"
	"Factorha30" [label="Factorha"]
	"Exponent27" -> "Factorha30"
	"e31" [label="e"]
	"Factorha30" -> "e31"
	"Termha32" [label="Termha"]
	"Term26" -> "Termha32"
	"e33" [label="e"]
	"Termha32" -> "e33"
	"Expressionha34" [label="Expressionha"]
	"Expression25" -> "Expressionha34"
	"e35" [label="e"]
	"Expressionha34" -> "e35"
	"]36" [label="]",style=filled,fillcolor=powderblue]
	"Factor22" -> "]36"
	"Factorha37" [label="Factorha"]
	"Exponent21" -> "Factorha37"
	"e38" [label="e"]
	"Factorha37" -> "e38"
	"Termha39" [label="Termha"]
	"Term20" -> "Termha39"
	"e40" [label="e"]
	"Termha39" -> "e40"
	"Expressionha41" [label="Expressionha"]
	"Expression19" -> "Expressionha41"
	"-42" [label="-",style=filled,fillcolor=powderblue]
	"Expressionha41" -> "-42"
	"Term43" [label="Term"]
	"Expressionha41" -> "Term43"
	"Exponent44" [label="Exponent"]
	"Term43" -> "Exponent44"
	"Factor45" [label="Factor"]
	"Exponent44" -> "Factor45"
	"num46" [label="num",style=filled,fillcolor=powderblue]
	"Factor45" -> "num46"
	"Factorha47" [label="Factorha"]
	"Exponent44" -> "Factorha47"
	"e48" [label="e"]
	"Factorha47" -> "e48"
	"Termha49" [label="Termha"]
	"Term43" -> "Termha49"
	"e50" [label="e"]
	"Termha49" -> "e50"
	"Expressionha51" [label="Expressionha"]
	"Expressionha41" -> "Expressionha51"
	"e52" [label="e"]
	"Expressionha51" -> "e52"
	"e53" [label="e"]
	"Expressionha41" -> "e53"
	"Statements54" [label="Statements"]
	"Start1" -> "Statements54"
	"Statement55" [label="Statement"]
	"Statements54" -> "Statement55"
	"Assignment56" [label="Assignment"]
	"Statement55" -> "Assignment56"
	"m57" [label="m",style=filled,fillcolor=powderblue]
	"Assignment56" -> "m57"
	"[58" [label="[",style=filled,fillcolor=powderblue]
	"Assignment56" -> "[58"
	"Expression59" [label="Expression"]
	"Assignment56" -> "Expression59"
	"Term60" [label="Term"]
	"Expression59" -> "Term60"
	"Exponent61" [label="Exponent"]
	"Term60" -> "Exponent61"
	"Factor62" [label="Factor"]
	"Exponent61" -> "Factor62"
	"num63" [label="num",style=filled,fillcolor=powderblue]
	"Factor62" -> "num63"
	"Factorha64" [label="Factorha"]
	"Exponent61" -> "Factorha64"
	"e65" [label="e"]
	"Factorha64" -> "e65"
	"Termha66" [label="Termha"]
	"Term60" -> "Termha66"
	"e67" [label="e"]
	"Termha66" -> "e67"
	"Expressionha68" [label="Expressionha"]
	"Expression59" -> "Expressionha68"
	"e69" [label="e"]
	"Expressionha68" -> "e69"
	"]70" [label="]",style=filled,fillcolor=powderblue]
	"Assignment56" -> "]70"
	"=71" [label="=",style=filled,fillcolor=powderblue]
	"Assignment56" -> "=71"
	"Expression72" [label="Expression"]
	"Assignment56" -> "Expression72"
	"Term73" [label="Term"]
	"Expression72" -> "Term73"
	"Exponent74" [label="Exponent"]
	"Term73" -> "Exponent74"
	"Factor75" [label="Factor"]
	"Exponent74" -> "Factor75"
	"num76" [label="num",style=filled,fillcolor=powderblue]
	"Factor75" -> "num76"
	"Factorha77" [label="Factorha"]
	"Exponent74" -> "Factorha77"
	"e78" [label="e"]
	"Factorha77" -> "e78"
	"Termha79" [label="Termha"]
	"Term73" -> "Termha79"
	"/80" [label="/",style=filled,fillcolor=powderblue]
	"Termha79" -> "/80"
	"Factor81" [label="Factor"]
	"Termha79" -> "Factor81"
	"num82" [label="num",style=filled,fillcolor=powderblue]
	"Factor81" -> "num82"
	"Termha83" [label="Termha"]
	"Termha79" -> "Termha83"
	"*84" [label="*",style=filled,fillcolor=powderblue]
	"Termha83" -> "*84"
	"Factor85" [label="Factor"]
	"Termha83" -> "Factor85"
	"num86" [label="num",style=filled,fillcolor=powderblue]
	"Factor85" -> "num86"
	"Termha87" [label="Termha"]
	"Termha83" -> "Termha87"
	"e88" [label="e"]
	"Termha87" -> "e88"
	"e89" [label="e"]
	"Termha83" -> "e89"
	"e90" [label="e"]
	"Termha79" -> "e90"
	"Expressionha91" [label="Expressionha"]
	"Expression72" -> "Expressionha91"
	"e92" [label="e"]
	"Expressionha91" -> "e92"
	"Statements93" [label="Statements"]
	"Statements54" -> "Statements93"
	"Statement94" [label="Statement"]
	"Statements93" -> "Statement94"
	"Assignment95" [label="Assignment"]
	"Statement94" -> "Assignment95"
	"m96" [label="m",style=filled,fillcolor=powderblue]
	"Assignment95" -> "m96"
	"[97" [label="[",style=filled,fillcolor=powderblue]
	"Assignment95" -> "[97"
	"Expression98" [label="Expression"]
	"Assignment95" -> "Expression98"
	"Term99" [label="Term"]
	"Expression98" -> "Term99"
	"Exponent100" [label="Exponent"]
	"Term99" -> "Exponent100"
	"Factor101" [label="Factor"]
	"Exponent100" -> "Factor101"
	"num102" [label="num",style=filled,fillcolor=powderblue]
	"Factor101" -> "num102"
	"Factorha103" [label="Factorha"]
	"Exponent100" -> "Factorha103"
	"e104" [label="e"]
	"Factorha103" -> "e104"
	"Termha105" [label="Termha"]
	"Term99" -> "Termha105"
	"e106" [label="e"]
	"Termha105" -> "e106"
	"Expressionha107" [label="Expressionha"]
	"Expression98" -> "Expressionha107"
	"e108" [label="e"]
	"Expressionha107" -> "e108"
	"]109" [label="]",style=filled,fillcolor=powderblue]
	"Assignment95" -> "]109"
	"=110" [label="=",style=filled,fillcolor=powderblue]
	"Assignment95" -> "=110"
	"Expression111" [label="Expression"]
	"Assignment95" -> "Expression111"
	"Term112" [label="Term"]
	"Expression111" -> "Term112"
	"Exponent113" [label="Exponent"]
	"Term112" -> "Exponent113"
	"Factor114" [label="Factor"]
	"Exponent113" -> "Factor114"
	"num115" [label="num",style=filled,fillcolor=powderblue]
	"Factor114" -> "num115"
	"Factorha116" [label="Factorha"]
	"Exponent113" -> "Factorha116"
	"e117" [label="e"]
	"Factorha116" -> "e117"
	"Termha118" [label="Termha"]
	"Term112" -> "Termha118"
	"e119" [label="e"]
	"Termha118" -> "e119"
	"Expressionha120" [label="Expressionha"]
	"Expression111" -> "Expressionha120"
	"+121" [label="+",style=filled,fillcolor=powderblue]
	"Expressionha120" -> "+121"
	"Term122" [label="Term"]
	"Expressionha120" -> "Term122"
	"Exponent123" [label="Exponent"]
	"Term122" -> "Exponent123"
	"Factor124" [label="Factor"]
	"Exponent123" -> "Factor124"
	"num125" [label="num",style=filled,fillcolor=powderblue]
	"Factor124" -> "num125"
	"Factorha126" [label="Factorha"]
	"Exponent123" -> "Factorha126"
	"e127" [label="e"]
	"Factorha126" -> "e127"
	"Termha128" [label="Termha"]
	"Term122" -> "Termha128"
	"e129" [label="e"]
	"Termha128" -> "e129"
	"Expressionha130" [label="Expressionha"]
	"Expressionha120" -> "Expressionha130"
	"e131" [label="e"]
	"Expressionha130" -> "e131"
	"e132" [label="e"]
	"Expressionha120" -> "e132"
	"Statements133" [label="Statements"]
	"Statements93" -> "Statements133"
	"Statement134" [label="Statement"]
	"Statements133" -> "Statement134"
	"Assignment135" [label="Assignment"]
	"Statement134" -> "Assignment135"
	"m136" [label="m",style=filled,fillcolor=powderblue]
	"Assignment135" -> "m136"
	"[137" [label="[",style=filled,fillcolor=powderblue]
	"Assignment135" -> "[137"
	"Expression138" [label="Expression"]
	"Assignment135" -> "Expression138"
	"Term139" [label="Term"]
	"Expression138" -> "Term139"
	"Exponent140" [label="Exponent"]
	"Term139" -> "Exponent140"
	"Factor141" [label="Factor"]
	"Exponent140" -> "Factor141"
	"num142" [label="num",style=filled,fillcolor=powderblue]
	"Factor141" -> "num142"
	"Factorha143" [label="Factorha"]
	"Exponent140" -> "Factorha143"
	"e144" [label="e"]
	"Factorha143" -> "e144"
	"Termha145" [label="Termha"]
	"Term139" -> "Termha145"
	"e146" [label="e"]
	"Termha145" -> "e146"
	"Expressionha147" [label="Expressionha"]
	"Expression138" -> "Expressionha147"
	"e148" [label="e"]
	"Expressionha147" -> "e148"
	"]149" [label="]",style=filled,fillcolor=powderblue]
	"Assignment135" -> "]149"
	"=150" [label="=",style=filled,fillcolor=powderblue]
	"Assignment135" -> "=150"
	"Expression151" [label="Expression"]
	"Assignment135" -> "Expression151"
	"Term152" [label="Term"]
	"Expression151" -> "Term152"
	"Exponent153" [label="Exponent"]
	"Term152" -> "Exponent153"
	"Factor154" [label="Factor"]
	"Exponent153" -> "Factor154"
	"num155" [label="num",style=filled,fillcolor=powderblue]
	"Factor154" -> "num155"
	"Factorha156" [label="Factorha"]
	"Exponent153" -> "Factorha156"
	"e157" [label="e"]
	"Factorha156" -> "e157"
	"Termha158" [label="Termha"]
	"Term152" -> "Termha158"
	"e159" [label="e"]
	"Termha158" -> "e159"
	"Expressionha160" [label="Expressionha"]
	"Expression151" -> "Expressionha160"
	"-161" [label="-",style=filled,fillcolor=powderblue]
	"Expressionha160" -> "-161"
	"Term162" [label="Term"]
	"Expressionha160" -> "Term162"
	"Exponent163" [label="Exponent"]
	"Term162" -> "Exponent163"
	"Factor164" [label="Factor"]
	"Exponent163" -> "Factor164"
	"(165" [label="(",style=filled,fillcolor=powderblue]
	"Factor164" -> "(165"
	"Expression166" [label="Expression"]
	"Factor164" -> "Expression166"
	"Term167" [label="Term"]
	"Expression166" -> "Term167"
	"Exponent168" [label="Exponent"]
	"Term167" -> "Exponent168"
	"Factor169" [label="Factor"]
	"Exponent168" -> "Factor169"
	"m170" [label="m",style=filled,fillcolor=powderblue]
	"Factor169" -> "m170"
	"[171" [label="[",style=filled,fillcolor=powderblue]
	"Factor169" -> "[171"
	"Expression172" [label="Expression"]
	"Factor169" -> "Expression172"
	"Term173" [label="Term"]
	"Expression172" -> "Term173"
	"Exponent174" [label="Exponent"]
	"Term173" -> "Exponent174"
	"Factor175" [label="Factor"]
	"Exponent174" -> "Factor175"
	"num176" [label="num",style=filled,fillcolor=powderblue]
	"Factor175" -> "num176"
	"Factorha177" [label="Factorha"]
	"Exponent174" -> "Factorha177"
	"e178" [label="e"]
	"Factorha177" -> "e178"
	"Termha179" [label="Termha"]
	"Term173" -> "Termha179"
	"e180" [label="e"]
	"Termha179" -> "e180"
	"Expressionha181" [label="Expressionha"]
	"Expression172" -> "Expressionha181"
	"e182" [label="e"]
	"Expressionha181" -> "e182"
	"]183" [label="]",style=filled,fillcolor=powderblue]
	"Factor169" -> "]183"
	"Factorha184" [label="Factorha"]
	"Exponent168" -> "Factorha184"
	"e185" [label="e"]
	"Factorha184" -> "e185"
	"Termha186" [label="Termha"]
	"Term167" -> "Termha186"
	"e187" [label="e"]
	"Termha186" -> "e187"
	"Expressionha188" [label="Expressionha"]
	"Expression166" -> "Expressionha188"
	"-189" [label="-",style=filled,fillcolor=powderblue]
	"Expressionha188" -> "-189"
	"Term190" [label="Term"]
	"Expressionha188" -> "Term190"
	"Exponent191" [label="Exponent"]
	"Term190" -> "Exponent191"
	"Factor192" [label="Factor"]
	"Exponent191" -> "Factor192"
	"num193" [label="num",style=filled,fillcolor=powderblue]
	"Factor192" -> "num193"
	"Factorha194" [label="Factorha"]
	"Exponent191" -> "Factorha194"
	"e195" [label="e"]
	"Factorha194" -> "e195"
	"Termha196" [label="Termha"]
	"Term190" -> "Termha196"
	"e197" [label="e"]
	"Termha196" -> "e197"
	"Expressionha198" [label="Expressionha"]
	"Expressionha188" -> "Expressionha198"
	"e199" [label="e"]
	"Expressionha198" -> "e199"
	"e200" [label="e"]
	"Expressionha188" -> "e200"
	")201" [label=")",style=filled,fillcolor=powderblue]
	"Factor164" -> ")201"
	"Factorha202" [label="Factorha"]
	"Exponent163" -> "Factorha202"
	"e203" [label="e"]
	"Factorha202" -> "e203"
	"Termha204" [label="Termha"]
	"Term162" -> "Termha204"
	"e205" [label="e"]
	"Termha204" -> "e205"
	"Expressionha206" [label="Expressionha"]
	"Expressionha160" -> "Expressionha206"
	"e207" [label="e"]
	"Expressionha206" -> "e207"
	"e208" [label="e"]
	"Expressionha160" -> "e208"
	"Statements209" [label="Statements"]
	"Statements133" -> "Statements209"
	"Statement210" [label="Statement"]
	"Statements209" -> "Statement210"
	"Assignment211" [label="Assignment"]
	"Statement210" -> "Assignment211"
	"m212" [label="m",style=filled,fillcolor=powderblue]
	"Assignment211" -> "m212"
	"[213" [label="[",style=filled,fillcolor=powderblue]
	"Assignment211" -> "[213"
	"Expression214" [label="Expression"]
	"Assignment211" -> "Expression214"
	"Term215" [label="Term"]
	"Expression214" -> "Term215"
	"Exponent216" [label="Exponent"]
	"Term215" -> "Exponent216"
	"Factor217" [label="Factor"]
	"Exponent216" -> "Factor217"
	"num218" [label="num",style=filled,fillcolor=powderblue]
	"Factor217" -> "num218"
	"Factorha219" [label="Factorha"]
	"Exponent216" -> "Factorha219"
	"e220" [label="e"]
	"Factorha219" -> "e220"
	"Termha221" [label="Termha"]
	"Term215" -> "Termha221"
	"e222" [label="e"]
	"Termha221" -> "e222"
	"Expressionha223" [label="Expressionha"]
	"Expression214" -> "Expressionha223"
	"e224" [label="e"]
	"Expressionha223" -> "e224"
	"]225" [label="]",style=filled,fillcolor=powderblue]
	"Assignment211" -> "]225"
	"=226" [label="=",style=filled,fillcolor=powderblue]
	"Assignment211" -> "=226"
	"Expression227" [label="Expression"]
	"Assignment211" -> "Expression227"
	"Term228" [label="Term"]
	"Expression227" -> "Term228"
	"Exponent229" [label="Exponent"]
	"Term228" -> "Exponent229"
	"Factor230" [label="Factor"]
	"Exponent229" -> "Factor230"
	"num231" [label="num",style=filled,fillcolor=powderblue]
	"Factor230" -> "num231"
	"Factorha232" [label="Factorha"]
	"Exponent229" -> "Factorha232"
	"e233" [label="e"]
	"Factorha232" -> "e233"
	"Termha234" [label="Termha"]
	"Term228" -> "Termha234"
	"/235" [label="/",style=filled,fillcolor=powderblue]
	"Termha234" -> "/235"
	"Factor236" [label="Factor"]
	"Termha234" -> "Factor236"
	"num237" [label="num",style=filled,fillcolor=powderblue]
	"Factor236" -> "num237"
	"Termha238" [label="Termha"]
	"Termha234" -> "Termha238"
	"*239" [label="*",style=filled,fillcolor=powderblue]
	"Termha238" -> "*239"
	"Factor240" [label="Factor"]
	"Termha238" -> "Factor240"
	"num241" [label="num",style=filled,fillcolor=powderblue]
	"Factor240" -> "num241"
	"Termha242" [label="Termha"]
	"Termha238" -> "Termha242"
	"e243" [label="e"]
	"Termha242" -> "e243"
	"e244" [label="e"]
	"Termha238" -> "e244"
	"e245" [label="e"]
	"Termha234" -> "e245"
	"Expressionha246" [label="Expressionha"]
	"Expression227" -> "Expressionha246"
	"e247" [label="e"]
	"Expressionha246" -> "e247"
	"Statements248" [label="Statements"]
	"Statements209" -> "Statements248"
	"Statement249" [label="Statement"]
	"Statements248" -> "Statement249"
	"Assignment250" [label="Assignment"]
	"Statement249" -> "Assignment250"
	"m251" [label="m",style=filled,fillcolor=powderblue]
	"Assignment250" -> "m251"
	"[252" [label="[",style=filled,fillcolor=powderblue]
	"Assignment250" -> "[252"
	"Expression253" [label="Expression"]
	"Assignment250" -> "Expression253"
	"Term254" [label="Term"]
	"Expression253" -> "Term254"
	"Exponent255" [label="Exponent"]
	"Term254" -> "Exponent255"
	"Factor256" [label="Factor"]
	"Exponent255" -> "Factor256"
	"num257" [label="num",style=filled,fillcolor=powderblue]
	"Factor256" -> "num257"
	"Factorha258" [label="Factorha"]
	"Exponent255" -> "Factorha258"
	"e259" [label="e"]
	"Factorha258" -> "e259"
	"Termha260" [label="Termha"]
	"Term254" -> "Termha260"
	"e261" [label="e"]
	"Termha260" -> "e261"
	"Expressionha262" [label="Expressionha"]
	"Expression253" -> "Expressionha262"
	"e263" [label="e"]
	"Expressionha262" -> "e263"
	"]264" [label="]",style=filled,fillcolor=powderblue]
	"Assignment250" -> "]264"
	"=265" [label="=",style=filled,fillcolor=powderblue]
	"Assignment250" -> "=265"
	"Expression266" [label="Expression"]
	"Assignment250" -> "Expression266"
	"Term267" [label="Term"]
	"Expression266" -> "Term267"
	"Exponent268" [label="Exponent"]
	"Term267" -> "Exponent268"
	"Factor269" [label="Factor"]
	"Exponent268" -> "Factor269"
	"num270" [label="num",style=filled,fillcolor=powderblue]
	"Factor269" -> "num270"
	"Factorha271" [label="Factorha"]
	"Exponent268" -> "Factorha271"
	"e272" [label="e"]
	"Factorha271" -> "e272"
	"Termha273" [label="Termha"]
	"Term267" -> "Termha273"
	"e274" [label="e"]
	"Termha273" -> "e274"
	"Expressionha275" [label="Expressionha"]
	"Expression266" -> "Expressionha275"
	"+276" [label="+",style=filled,fillcolor=powderblue]
	"Expressionha275" -> "+276"
	"Term277" [label="Term"]
	"Expressionha275" -> "Term277"
	"Exponent278" [label="Exponent"]
	"Term277" -> "Exponent278"
	"Factor279" [label="Factor"]
	"Exponent278" -> "Factor279"
	"m280" [label="m",style=filled,fillcolor=powderblue]
	"Factor279" -> "m280"
	"[281" [label="[",style=filled,fillcolor=powderblue]
	"Factor279" -> "[281"
	"Expression282" [label="Expression"]
	"Factor279" -> "Expression282"
	"Term283" [label="Term"]
	"Expression282" -> "Term283"
	"Exponent284" [label="Exponent"]
	"Term283" -> "Exponent284"
	"Factor285" [label="Factor"]
	"Exponent284" -> "Factor285"
	"num286" [label="num",style=filled,fillcolor=powderblue]
	"Factor285" -> "num286"
	"Factorha287" [label="Factorha"]
	"Exponent284" -> "Factorha287"
	"e288" [label="e"]
	"Factorha287" -> "e288"
	"Termha289" [label="Termha"]
	"Term283" -> "Termha289"
	"e290" [label="e"]
	"Termha289" -> "e290"
	"Expressionha291" [label="Expressionha"]
	"Expression282" -> "Expressionha291"
	"e292" [label="e"]
	"Expressionha291" -> "e292"
	"]293" [label="]",style=filled,fillcolor=powderblue]
	"Factor279" -> "]293"
	"Factorha294" [label="Factorha"]
	"Exponent278" -> "Factorha294"
	"e295" [label="e"]
	"Factorha294" -> "e295"
	"Termha296" [label="Termha"]
	"Term277" -> "Termha296"
	"e297" [label="e"]
	"Termha296" -> "e297"
	"Expressionha298" [label="Expressionha"]
	"Expressionha275" -> "Expressionha298"
	"e299" [label="e"]
	"Expressionha298" -> "e299"
	"e300" [label="e"]
	"Expressionha275" -> "e300"
	"Statements301" [label="Statements"]
	"Statements248" -> "Statements301"
	"Statement302" [label="Statement"]
	"Statements301" -> "Statement302"
	"Assignment303" [label="Assignment"]
	"Statement302" -> "Assignment303"
	"m304" [label="m",style=filled,fillcolor=powderblue]
	"Assignment303" -> "m304"
	"[305" [label="[",style=filled,fillcolor=powderblue]
	"Assignment303" -> "[305"
	"Expression306" [label="Expression"]
	"Assignment303" -> "Expression306"
	"Term307" [label="Term"]
	"Expression306" -> "Term307"
	"Exponent308" [label="Exponent"]
	"Term307" -> "Exponent308"
	"Factor309" [label="Factor"]
	"Exponent308" -> "Factor309"
	"num310" [label="num",style=filled,fillcolor=powderblue]
	"Factor309" -> "num310"
	"Factorha311" [label="Factorha"]
	"Exponent308" -> "Factorha311"
	"e312" [label="e"]
	"Factorha311" -> "e312"
	"Termha313" [label="Termha"]
	"Term307" -> "Termha313"
	"e314" [label="e"]
	"Termha313" -> "e314"
	"Expressionha315" [label="Expressionha"]
	"Expression306" -> "Expressionha315"
	"e316" [label="e"]
	"Expressionha315" -> "e316"
	"]317" [label="]",style=filled,fillcolor=powderblue]
	"Assignment303" -> "]317"
	"=318" [label="=",style=filled,fillcolor=powderblue]
	"Assignment303" -> "=318"
	"Expression319" [label="Expression"]
	"Assignment303" -> "Expression319"
	"Term320" [label="Term"]
	"Expression319" -> "Term320"
	"Exponent321" [label="Exponent"]
	"Term320" -> "Exponent321"
	"Factor322" [label="Factor"]
	"Exponent321" -> "Factor322"
	"num323" [label="num",style=filled,fillcolor=powderblue]
	"Factor322" -> "num323"
	"Factorha324" [label="Factorha"]
	"Exponent321" -> "Factorha324"
	"e325" [label="e"]
	"Factorha324" -> "e325"
	"Termha326" [label="Termha"]
	"Term320" -> "Termha326"
	"e327" [label="e"]
	"Termha326" -> "e327"
	"Expressionha328" [label="Expressionha"]
	"Expression319" -> "Expressionha328"
	"-329" [label="-",style=filled,fillcolor=powderblue]
	"Expressionha328" -> "-329"
	"Term330" [label="Term"]
	"Expressionha328" -> "Term330"
	"Exponent331" [label="Exponent"]
	"Term330" -> "Exponent331"
	"Factor332" [label="Factor"]
	"Exponent331" -> "Factor332"
	"m333" [label="m",style=filled,fillcolor=powderblue]
	"Factor332" -> "m333"
	"[334" [label="[",style=filled,fillcolor=powderblue]
	"Factor332" -> "[334"
	"Expression335" [label="Expression"]
	"Factor332" -> "Expression335"
	"Term336" [label="Term"]
	"Expression335" -> "Term336"
	"Exponent337" [label="Exponent"]
	"Term336" -> "Exponent337"
	"Factor338" [label="Factor"]
	"Exponent337" -> "Factor338"
	"num339" [label="num",style=filled,fillcolor=powderblue]
	"Factor338" -> "num339"
	"Factorha340" [label="Factorha"]
	"Exponent337" -> "Factorha340"
	"e341" [label="e"]
	"Factorha340" -> "e341"
	"Termha342" [label="Termha"]
	"Term336" -> "Termha342"
	"e343" [label="e"]
	"Termha342" -> "e343"
	"Expressionha344" [label="Expressionha"]
	"Expression335" -> "Expressionha344"
	"-345" [label="-",style=filled,fillcolor=powderblue]
	"Expressionha344" -> "-345"
	"Term346" [label="Term"]
	"Expressionha344" -> "Term346"
	"Exponent347" [label="Exponent"]
	"Term346" -> "Exponent347"
	"Factor348" [label="Factor"]
	"Exponent347" -> "Factor348"
	"num349" [label="num",style=filled,fillcolor=powderblue]
	"Factor348" -> "num349"
	"Factorha350" [label="Factorha"]
	"Exponent347" -> "Factorha350"
	"e351" [label="e"]
	"Factorha350" -> "e351"
	"Termha352" [label="Termha"]
	"Term346" -> "Termha352"
	"e353" [label="e"]
	"Termha352" -> "e353"
	"Expressionha354" [label="Expressionha"]
	"Expressionha344" -> "Expressionha354"
	"e355" [label="e"]
	"Expressionha354" -> "e355"
	"e356" [label="e"]
	"Expressionha344" -> "e356"
	"]357" [label="]",style=filled,fillcolor=powderblue]
	"Factor332" -> "]357"
	"Factorha358" [label="Factorha"]
	"Exponent331" -> "Factorha358"
	"e359" [label="e"]
	"Factorha358" -> "e359"
	"Termha360" [label="Termha"]
	"Term330" -> "Termha360"
	"e361" [label="e"]
	"Termha360" -> "e361"
	"Expressionha362" [label="Expressionha"]
	"Expressionha328" -> "Expressionha362"
	"e363" [label="e"]
	"Expressionha362" -> "e363"
	"e364" [label="e"]
	"Expressionha328" -> "e364"
	"Statements365" [label="Statements"]
	"Statements301" -> "Statements365"
	"e366" [label="e"]
	"Statements365" -> "e366"
}
