digraph G {
	"Start1" [label="Start"]
	"Statement2" [label="Statement"]
	"Start1" -> "Statement2"
	"Assignment3" [label="Assignment"]
	"Statement2" -> "Assignment3"
	"m4" [label="m",style=filled,fillcolor=powderblue]
	"Assignment3" -> "m4"
	"[5" [label="[",style=filled,fillcolor=powderblue]
	"Assignment3" -> "[5"
	"Expression6" [label="Expression"]
	"Assignment3" -> "Expression6"
	"Term7" [label="Term"]
	"Expression6" -> "Term7"
	"Exponent8" [label="Exponent"]
	"Term7" -> "Exponent8"
	"Factor9" [label="Factor"]
	"Exponent8" -> "Factor9"
	"num10" [label="num",style=filled,fillcolor=powderblue]
	"Factor9" -> "num10"
	"Factorha11" [label="Factorha"]
	"Exponent8" -> "Factorha11"
	"e12" [label="e"]
	"Factorha11" -> "e12"
	"Termha13" [label="Termha"]
	"Term7" -> "Termha13"
	"e14" [label="e"]
	"Termha13" -> "e14"
	"Expressionha15" [label="Expressionha"]
	"Expression6" -> "Expressionha15"
	"e16" [label="e"]
	"Expressionha15" -> "e16"
	"]17" [label="]",style=filled,fillcolor=powderblue]
	"Assignment3" -> "]17"
	"=18" [label="=",style=filled,fillcolor=powderblue]
	"Assignment3" -> "=18"
	"Expression19" [label="Expression"]
	"Assignment3" -> "Expression19"
	"Term20" [label="Term"]
	"Expression19" -> "Term20"
	"Exponent21" [label="Exponent"]
	"Term20" -> "Exponent21"
	"Factor22" [label="Factor"]
	"Exponent21" -> "Factor22"
	"num23" [label="num",style=filled,fillcolor=powderblue]
	"Factor22" -> "num23"
	"Factorha24" [label="Factorha"]
	"Exponent21" -> "Factorha24"
	"e25" [label="e"]
	"Factorha24" -> "e25"
	"Termha26" [label="Termha"]
	"Term20" -> "Termha26"
	"e27" [label="e"]
	"Termha26" -> "e27"
	"Expressionha28" [label="Expressionha"]
	"Expression19" -> "Expressionha28"
	"-29" [label="-",style=filled,fillcolor=powderblue]
	"Expressionha28" -> "-29"
	"Term30" [label="Term"]
	"Expressionha28" -> "Term30"
	"Exponent31" [label="Exponent"]
	"Term30" -> "Exponent31"
	"Factor32" [label="Factor"]
	"Exponent31" -> "Factor32"
	"(33" [label="(",style=filled,fillcolor=powderblue]
	"Factor32" -> "(33"
	"Expression34" [label="Expression"]
	"Factor32" -> "Expression34"
	"Term35" [label="Term"]
	"Expression34" -> "Term35"
	"Exponent36" [label="Exponent"]
	"Term35" -> "Exponent36"
	"Factor37" [label="Factor"]
	"Exponent36" -> "Factor37"
	"num38" [label="num",style=filled,fillcolor=powderblue]
	"Factor37" -> "num38"
	"Factorha39" [label="Factorha"]
	"Exponent36" -> "Factorha39"
	"e40" [label="e"]
	"Factorha39" -> "e40"
	"Termha41" [label="Termha"]
	"Term35" -> "Termha41"
	"e42" [label="e"]
	"Termha41" -> "e42"
	"Expressionha43" [label="Expressionha"]
	"Expression34" -> "Expressionha43"
	"-44" [label="-",style=filled,fillcolor=powderblue]
	"Expressionha43" -> "-44"
	"Term45" [label="Term"]
	"Expressionha43" -> "Term45"
	"Exponent46" [label="Exponent"]
	"Term45" -> "Exponent46"
	"Factor47" [label="Factor"]
	"Exponent46" -> "Factor47"
	"num48" [label="num",style=filled,fillcolor=powderblue]
	"Factor47" -> "num48"
	"Factorha49" [label="Factorha"]
	"Exponent46" -> "Factorha49"
	"e50" [label="e"]
	"Factorha49" -> "e50"
	"Termha51" [label="Termha"]
	"Term45" -> "Termha51"
	"e52" [label="e"]
	"Termha51" -> "e52"
	"Expressionha53" [label="Expressionha"]
	"Expressionha43" -> "Expressionha53"
	"e54" [label="e"]
	"Expressionha53" -> "e54"
	"e55" [label="e"]
	"Expressionha43" -> "e55"
	")56" [label=")",style=filled,fillcolor=powderblue]
	"Factor32" -> ")56"
	"Factorha57" [label="Factorha"]
	"Exponent31" -> "Factorha57"
	"e58" [label="e"]
	"Factorha57" -> "e58"
	"Termha59" [label="Termha"]
	"Term30" -> "Termha59"
	"e60" [label="e"]
	"Termha59" -> "e60"
	"Expressionha61" [label="Expressionha"]
	"Expressionha28" -> "Expressionha61"
	"e62" [label="e"]
	"Expressionha61" -> "e62"
	"e63" [label="e"]
	"Expressionha28" -> "e63"
	"Statements64" [label="Statements"]
	"Start1" -> "Statements64"
	"Statement65" [label="Statement"]
	"Statements64" -> "Statement65"
	"Assignment66" [label="Assignment"]
	"Statement65" -> "Assignment66"
	"m67" [label="m",style=filled,fillcolor=powderblue]
	"Assignment66" -> "m67"
	"[68" [label="[",style=filled,fillcolor=powderblue]
	"Assignment66" -> "[68"
	"Expression69" [label="Expression"]
	"Assignment66" -> "Expression69"
	"Term70" [label="Term"]
	"Expression69" -> "Term70"
	"Exponent71" [label="Exponent"]
	"Term70" -> "Exponent71"
	"Factor72" [label="Factor"]
	"Exponent71" -> "Factor72"
	"num73" [label="num",style=filled,fillcolor=powderblue]
	"Factor72" -> "num73"
	"Factorha74" [label="Factorha"]
	"Exponent71" -> "Factorha74"
	"e75" [label="e"]
	"Factorha74" -> "e75"
	"Termha76" [label="Termha"]
	"Term70" -> "Termha76"
	"e77" [label="e"]
	"Termha76" -> "e77"
	"Expressionha78" [label="Expressionha"]
	"Expression69" -> "Expressionha78"
	"e79" [label="e"]
	"Expressionha78" -> "e79"
	"]80" [label="]",style=filled,fillcolor=powderblue]
	"Assignment66" -> "]80"
	"=81" [label="=",style=filled,fillcolor=powderblue]
	"Assignment66" -> "=81"
	"Expression82" [label="Expression"]
	"Assignment66" -> "Expression82"
	"Term83" [label="Term"]
	"Expression82" -> "Term83"
	"Exponent84" [label="Exponent"]
	"Term83" -> "Exponent84"
	"Factor85" [label="Factor"]
	"Exponent84" -> "Factor85"
	"num86" [label="num",style=filled,fillcolor=powderblue]
	"Factor85" -> "num86"
	"Factorha87" [label="Factorha"]
	"Exponent84" -> "Factorha87"
	"e88" [label="e"]
	"Factorha87" -> "e88"
	"Termha89" [label="Termha"]
	"Term83" -> "Termha89"
	"e90" [label="e"]
	"Termha89" -> "e90"
	"Expressionha91" [label="Expressionha"]
	"Expression82" -> "Expressionha91"
	"-92" [label="-",style=filled,fillcolor=powderblue]
	"Expressionha91" -> "-92"
	"Term93" [label="Term"]
	"Expressionha91" -> "Term93"
	"Exponent94" [label="Exponent"]
	"Term93" -> "Exponent94"
	"Factor95" [label="Factor"]
	"Exponent94" -> "Factor95"
	"m96" [label="m",style=filled,fillcolor=powderblue]
	"Factor95" -> "m96"
	"[97" [label="[",style=filled,fillcolor=powderblue]
	"Factor95" -> "[97"
	"Expression98" [label="Expression"]
	"Factor95" -> "Expression98"
	"Term99" [label="Term"]
	"Expression98" -> "Term99"
	"Exponent100" [label="Exponent"]
	"Term99" -> "Exponent100"
	"Factor101" [label="Factor"]
	"Exponent100" -> "Factor101"
	"(102" [label="(",style=filled,fillcolor=powderblue]
	"Factor101" -> "(102"
	"Expression103" [label="Expression"]
	"Factor101" -> "Expression103"
	"Term104" [label="Term"]
	"Expression103" -> "Term104"
	"Exponent105" [label="Exponent"]
	"Term104" -> "Exponent105"
	"Factor106" [label="Factor"]
	"Exponent105" -> "Factor106"
	"num107" [label="num",style=filled,fillcolor=powderblue]
	"Factor106" -> "num107"
	"Factorha108" [label="Factorha"]
	"Exponent105" -> "Factorha108"
	"e109" [label="e"]
	"Factorha108" -> "e109"
	"Termha110" [label="Termha"]
	"Term104" -> "Termha110"
	"e111" [label="e"]
	"Termha110" -> "e111"
	"Expressionha112" [label="Expressionha"]
	"Expression103" -> "Expressionha112"
	"-113" [label="-",style=filled,fillcolor=powderblue]
	"Expressionha112" -> "-113"
	"Term114" [label="Term"]
	"Expressionha112" -> "Term114"
	"Exponent115" [label="Exponent"]
	"Term114" -> "Exponent115"
	"Factor116" [label="Factor"]
	"Exponent115" -> "Factor116"
	"num117" [label="num",style=filled,fillcolor=powderblue]
	"Factor116" -> "num117"
	"Factorha118" [label="Factorha"]
	"Exponent115" -> "Factorha118"
	"e119" [label="e"]
	"Factorha118" -> "e119"
	"Termha120" [label="Termha"]
	"Term114" -> "Termha120"
	"e121" [label="e"]
	"Termha120" -> "e121"
	"Expressionha122" [label="Expressionha"]
	"Expressionha112" -> "Expressionha122"
	"e123" [label="e"]
	"Expressionha122" -> "e123"
	"e124" [label="e"]
	"Expressionha112" -> "e124"
	")125" [label=")",style=filled,fillcolor=powderblue]
	"Factor101" -> ")125"
	"Factorha126" [label="Factorha"]
	"Exponent100" -> "Factorha126"
	"e127" [label="e"]
	"Factorha126" -> "e127"
	"Termha128" [label="Termha"]
	"Term99" -> "Termha128"
	"e129" [label="e"]
	"Termha128" -> "e129"
	"Expressionha130" [label="Expressionha"]
	"Expression98" -> "Expressionha130"
	"e131" [label="e"]
	"Expressionha130" -> "e131"
	"]132" [label="]",style=filled,fillcolor=powderblue]
	"Factor95" -> "]132"
	"Factorha133" [label="Factorha"]
	"Exponent94" -> "Factorha133"
	"e134" [label="e"]
	"Factorha133" -> "e134"
	"Termha135" [label="Termha"]
	"Term93" -> "Termha135"
	"e136" [label="e"]
	"Termha135" -> "e136"
	"Expressionha137" [label="Expressionha"]
	"Expressionha91" -> "Expressionha137"
	"e138" [label="e"]
	"Expressionha137" -> "e138"
	"e139" [label="e"]
	"Expressionha91" -> "e139"
	"Statements140" [label="Statements"]
	"Statements64" -> "Statements140"
	"Statement141" [label="Statement"]
	"Statements140" -> "Statement141"
	"Print142" [label="Print"]
	"Statement141" -> "Print142"
	"print143" [label="print",style=filled,fillcolor=powderblue]
	"Print142" -> "print143"
	"Expression144" [label="Expression"]
	"Print142" -> "Expression144"
	"Term145" [label="Term"]
	"Expression144" -> "Term145"
	"Exponent146" [label="Exponent"]
	"Term145" -> "Exponent146"
	"Factor147" [label="Factor"]
	"Exponent146" -> "Factor147"
	"m148" [label="m",style=filled,fillcolor=powderblue]
	"Factor147" -> "m148"
	"[149" [label="[",style=filled,fillcolor=powderblue]
	"Factor147" -> "[149"
	"Expression150" [label="Expression"]
	"Factor147" -> "Expression150"
	"Term151" [label="Term"]
	"Expression150" -> "Term151"
	"Exponent152" [label="Exponent"]
	"Term151" -> "Exponent152"
	"Factor153" [label="Factor"]
	"Exponent152" -> "Factor153"
	"num154" [label="num",style=filled,fillcolor=powderblue]
	"Factor153" -> "num154"
	"Factorha155" [label="Factorha"]
	"Exponent152" -> "Factorha155"
	"e156" [label="e"]
	"Factorha155" -> "e156"
	"Termha157" [label="Termha"]
	"Term151" -> "Termha157"
	"e158" [label="e"]
	"Termha157" -> "e158"
	"Expressionha159" [label="Expressionha"]
	"Expression150" -> "Expressionha159"
	"e160" [label="e"]
	"Expressionha159" -> "e160"
	"]161" [label="]",style=filled,fillcolor=powderblue]
	"Factor147" -> "]161"
	"Factorha162" [label="Factorha"]
	"Exponent146" -> "Factorha162"
	"e163" [label="e"]
	"Factorha162" -> "e163"
	"Termha164" [label="Termha"]
	"Term145" -> "Termha164"
	"e165" [label="e"]
	"Termha164" -> "e165"
	"Expressionha166" [label="Expressionha"]
	"Expression144" -> "Expressionha166"
	"e167" [label="e"]
	"Expressionha166" -> "e167"
	"Statements168" [label="Statements"]
	"Statements140" -> "Statements168"
	"Statement169" [label="Statement"]
	"Statements168" -> "Statement169"
	"Jump170" [label="Jump"]
	"Statement169" -> "Jump170"
	"goto171" [label="goto",style=filled,fillcolor=powderblue]
	"Jump170" -> "goto171"
	"Forward172" [label="Forward"]
	"Jump170" -> "Forward172"
	"num173" [label="num",style=filled,fillcolor=powderblue]
	"Forward172" -> "num173"
	"AnotherForward174" [label="AnotherForward"]
	"Forward172" -> "AnotherForward174"
	"if175" [label="if",style=filled,fillcolor=powderblue]
	"AnotherForward174" -> "if175"
	"Expression176" [label="Expression"]
	"AnotherForward174" -> "Expression176"
	"Term177" [label="Term"]
	"Expression176" -> "Term177"
	"Exponent178" [label="Exponent"]
	"Term177" -> "Exponent178"
	"Factor179" [label="Factor"]
	"Exponent178" -> "Factor179"
	"m180" [label="m",style=filled,fillcolor=powderblue]
	"Factor179" -> "m180"
	"[181" [label="[",style=filled,fillcolor=powderblue]
	"Factor179" -> "[181"
	"Expression182" [label="Expression"]
	"Factor179" -> "Expression182"
	"Term183" [label="Term"]
	"Expression182" -> "Term183"
	"Exponent184" [label="Exponent"]
	"Term183" -> "Exponent184"
	"Factor185" [label="Factor"]
	"Exponent184" -> "Factor185"
	"num186" [label="num",style=filled,fillcolor=powderblue]
	"Factor185" -> "num186"
	"Factorha187" [label="Factorha"]
	"Exponent184" -> "Factorha187"
	"e188" [label="e"]
	"Factorha187" -> "e188"
	"Termha189" [label="Termha"]
	"Term183" -> "Termha189"
	"e190" [label="e"]
	"Termha189" -> "e190"
	"Expressionha191" [label="Expressionha"]
	"Expression182" -> "Expressionha191"
	"e192" [label="e"]
	"Expressionha191" -> "e192"
	"]193" [label="]",style=filled,fillcolor=powderblue]
	"Factor179" -> "]193"
	"Factorha194" [label="Factorha"]
	"Exponent178" -> "Factorha194"
	"e195" [label="e"]
	"Factorha194" -> "e195"
	"Termha196" [label="Termha"]
	"Term177" -> "Termha196"
	"e197" [label="e"]
	"Termha196" -> "e197"
	"Expressionha198" [label="Expressionha"]
	"Expression176" -> "Expressionha198"
	"e199" [label="e"]
	"Expressionha198" -> "e199"
	"Statements200" [label="Statements"]
	"Statements168" -> "Statements200"
	"Statement201" [label="Statement"]
	"Statements200" -> "Statement201"
	"Print202" [label="Print"]
	"Statement201" -> "Print202"
	"print203" [label="print",style=filled,fillcolor=powderblue]
	"Print202" -> "print203"
	"Expression204" [label="Expression"]
	"Print202" -> "Expression204"
	"Term205" [label="Term"]
	"Expression204" -> "Term205"
	"Exponent206" [label="Exponent"]
	"Term205" -> "Exponent206"
	"Factor207" [label="Factor"]
	"Exponent206" -> "Factor207"
	"m208" [label="m",style=filled,fillcolor=powderblue]
	"Factor207" -> "m208"
	"[209" [label="[",style=filled,fillcolor=powderblue]
	"Factor207" -> "[209"
	"Expression210" [label="Expression"]
	"Factor207" -> "Expression210"
	"Term211" [label="Term"]
	"Expression210" -> "Term211"
	"Exponent212" [label="Exponent"]
	"Term211" -> "Exponent212"
	"Factor213" [label="Factor"]
	"Exponent212" -> "Factor213"
	"num214" [label="num",style=filled,fillcolor=powderblue]
	"Factor213" -> "num214"
	"Factorha215" [label="Factorha"]
	"Exponent212" -> "Factorha215"
	"e216" [label="e"]
	"Factorha215" -> "e216"
	"Termha217" [label="Termha"]
	"Term211" -> "Termha217"
	"e218" [label="e"]
	"Termha217" -> "e218"
	"Expressionha219" [label="Expressionha"]
	"Expression210" -> "Expressionha219"
	"e220" [label="e"]
	"Expressionha219" -> "e220"
	"]221" [label="]",style=filled,fillcolor=powderblue]
	"Factor207" -> "]221"
	"Factorha222" [label="Factorha"]
	"Exponent206" -> "Factorha222"
	"e223" [label="e"]
	"Factorha222" -> "e223"
	"Termha224" [label="Termha"]
	"Term205" -> "Termha224"
	"e225" [label="e"]
	"Termha224" -> "e225"
	"Expressionha226" [label="Expressionha"]
	"Expression204" -> "Expressionha226"
	"e227" [label="e"]
	"Expressionha226" -> "e227"
	"Statements228" [label="Statements"]
	"Statements200" -> "Statements228"
	"Statement229" [label="Statement"]
	"Statements228" -> "Statement229"
	"Jump230" [label="Jump"]
	"Statement229" -> "Jump230"
	"goto231" [label="goto",style=filled,fillcolor=powderblue]
	"Jump230" -> "goto231"
	"Forward232" [label="Forward"]
	"Jump230" -> "Forward232"
	"num233" [label="num",style=filled,fillcolor=powderblue]
	"Forward232" -> "num233"
	"AnotherForward234" [label="AnotherForward"]
	"Forward232" -> "AnotherForward234"
	"e235" [label="e"]
	"AnotherForward234" -> "e235"
	"Statements236" [label="Statements"]
	"Statements228" -> "Statements236"
	"Statement237" [label="Statement"]
	"Statements236" -> "Statement237"
	"Print238" [label="Print"]
	"Statement237" -> "Print238"
	"print239" [label="print",style=filled,fillcolor=powderblue]
	"Print238" -> "print239"
	"Expression240" [label="Expression"]
	"Print238" -> "Expression240"
	"Term241" [label="Term"]
	"Expression240" -> "Term241"
	"Exponent242" [label="Exponent"]
	"Term241" -> "Exponent242"
	"Factor243" [label="Factor"]
	"Exponent242" -> "Factor243"
	"m244" [label="m",style=filled,fillcolor=powderblue]
	"Factor243" -> "m244"
	"[245" [label="[",style=filled,fillcolor=powderblue]
	"Factor243" -> "[245"
	"Expression246" [label="Expression"]
	"Factor243" -> "Expression246"
	"Term247" [label="Term"]
	"Expression246" -> "Term247"
	"Exponent248" [label="Exponent"]
	"Term247" -> "Exponent248"
	"Factor249" [label="Factor"]
	"Exponent248" -> "Factor249"
	"num250" [label="num",style=filled,fillcolor=powderblue]
	"Factor249" -> "num250"
	"Factorha251" [label="Factorha"]
	"Exponent248" -> "Factorha251"
	"e252" [label="e"]
	"Factorha251" -> "e252"
	"Termha253" [label="Termha"]
	"Term247" -> "Termha253"
	"e254" [label="e"]
	"Termha253" -> "e254"
	"Expressionha255" [label="Expressionha"]
	"Expression246" -> "Expressionha255"
	"e256" [label="e"]
	"Expressionha255" -> "e256"
	"]257" [label="]",style=filled,fillcolor=powderblue]
	"Factor243" -> "]257"
	"Factorha258" [label="Factorha"]
	"Exponent242" -> "Factorha258"
	"e259" [label="e"]
	"Factorha258" -> "e259"
	"Termha260" [label="Termha"]
	"Term241" -> "Termha260"
	"e261" [label="e"]
	"Termha260" -> "e261"
	"Expressionha262" [label="Expressionha"]
	"Expression240" -> "Expressionha262"
	"e263" [label="e"]
	"Expressionha262" -> "e263"
	"Statements264" [label="Statements"]
	"Statements236" -> "Statements264"
	"Statement265" [label="Statement"]
	"Statements264" -> "Statement265"
	"Label266" [label="Label"]
	"Statement265" -> "Label266"
	"L267" [label="L",style=filled,fillcolor=powderblue]
	"Label266" -> "L267"
	"num268" [label="num",style=filled,fillcolor=powderblue]
	"Label266" -> "num268"
	":269" [label=":",style=filled,fillcolor=powderblue]
	"Label266" -> ":269"
	"Statements270" [label="Statements"]
	"Statements264" -> "Statements270"
	"Statement271" [label="Statement"]
	"Statements270" -> "Statement271"
	"Print272" [label="Print"]
	"Statement271" -> "Print272"
	"print273" [label="print",style=filled,fillcolor=powderblue]
	"Print272" -> "print273"
	"Expression274" [label="Expression"]
	"Print272" -> "Expression274"
	"Term275" [label="Term"]
	"Expression274" -> "Term275"
	"Exponent276" [label="Exponent"]
	"Term275" -> "Exponent276"
	"Factor277" [label="Factor"]
	"Exponent276" -> "Factor277"
	"m278" [label="m",style=filled,fillcolor=powderblue]
	"Factor277" -> "m278"
	"[279" [label="[",style=filled,fillcolor=powderblue]
	"Factor277" -> "[279"
	"Expression280" [label="Expression"]
	"Factor277" -> "Expression280"
	"Term281" [label="Term"]
	"Expression280" -> "Term281"
	"Exponent282" [label="Exponent"]
	"Term281" -> "Exponent282"
	"Factor283" [label="Factor"]
	"Exponent282" -> "Factor283"
	"num284" [label="num",style=filled,fillcolor=powderblue]
	"Factor283" -> "num284"
	"Factorha285" [label="Factorha"]
	"Exponent282" -> "Factorha285"
	"e286" [label="e"]
	"Factorha285" -> "e286"
	"Termha287" [label="Termha"]
	"Term281" -> "Termha287"
	"e288" [label="e"]
	"Termha287" -> "e288"
	"Expressionha289" [label="Expressionha"]
	"Expression280" -> "Expressionha289"
	"e290" [label="e"]
	"Expressionha289" -> "e290"
	"]291" [label="]",style=filled,fillcolor=powderblue]
	"Factor277" -> "]291"
	"Factorha292" [label="Factorha"]
	"Exponent276" -> "Factorha292"
	"e293" [label="e"]
	"Factorha292" -> "e293"
	"Termha294" [label="Termha"]
	"Term275" -> "Termha294"
	"e295" [label="e"]
	"Termha294" -> "e295"
	"Expressionha296" [label="Expressionha"]
	"Expression274" -> "Expressionha296"
	"e297" [label="e"]
	"Expressionha296" -> "e297"
	"Statements298" [label="Statements"]
	"Statements270" -> "Statements298"
	"Statement299" [label="Statement"]
	"Statements298" -> "Statement299"
	"Assignment300" [label="Assignment"]
	"Statement299" -> "Assignment300"
	"m301" [label="m",style=filled,fillcolor=powderblue]
	"Assignment300" -> "m301"
	"[302" [label="[",style=filled,fillcolor=powderblue]
	"Assignment300" -> "[302"
	"Expression303" [label="Expression"]
	"Assignment300" -> "Expression303"
	"Term304" [label="Term"]
	"Expression303" -> "Term304"
	"Exponent305" [label="Exponent"]
	"Term304" -> "Exponent305"
	"Factor306" [label="Factor"]
	"Exponent305" -> "Factor306"
	"num307" [label="num",style=filled,fillcolor=powderblue]
	"Factor306" -> "num307"
	"Factorha308" [label="Factorha"]
	"Exponent305" -> "Factorha308"
	"e309" [label="e"]
	"Factorha308" -> "e309"
	"Termha310" [label="Termha"]
	"Term304" -> "Termha310"
	"e311" [label="e"]
	"Termha310" -> "e311"
	"Expressionha312" [label="Expressionha"]
	"Expression303" -> "Expressionha312"
	"e313" [label="e"]
	"Expressionha312" -> "e313"
	"]314" [label="]",style=filled,fillcolor=powderblue]
	"Assignment300" -> "]314"
	"=315" [label="=",style=filled,fillcolor=powderblue]
	"Assignment300" -> "=315"
	"Expression316" [label="Expression"]
	"Assignment300" -> "Expression316"
	"Term317" [label="Term"]
	"Expression316" -> "Term317"
	"Exponent318" [label="Exponent"]
	"Term317" -> "Exponent318"
	"Factor319" [label="Factor"]
	"Exponent318" -> "Factor319"
	"num320" [label="num",style=filled,fillcolor=powderblue]
	"Factor319" -> "num320"
	"Factorha321" [label="Factorha"]
	"Exponent318" -> "Factorha321"
	"e322" [label="e"]
	"Factorha321" -> "e322"
	"Termha323" [label="Termha"]
	"Term317" -> "Termha323"
	"/324" [label="/",style=filled,fillcolor=powderblue]
	"Termha323" -> "/324"
	"Factor325" [label="Factor"]
	"Termha323" -> "Factor325"
	"num326" [label="num",style=filled,fillcolor=powderblue]
	"Factor325" -> "num326"
	"Termha327" [label="Termha"]
	"Termha323" -> "Termha327"
	"*328" [label="*",style=filled,fillcolor=powderblue]
	"Termha327" -> "*328"
	"Factor329" [label="Factor"]
	"Termha327" -> "Factor329"
	"num330" [label="num",style=filled,fillcolor=powderblue]
	"Factor329" -> "num330"
	"Termha331" [label="Termha"]
	"Termha327" -> "Termha331"
	"e332" [label="e"]
	"Termha331" -> "e332"
	"e333" [label="e"]
	"Termha327" -> "e333"
	"e334" [label="e"]
	"Termha323" -> "e334"
	"Expressionha335" [label="Expressionha"]
	"Expression316" -> "Expressionha335"
	"e336" [label="e"]
	"Expressionha335" -> "e336"
	"Statements337" [label="Statements"]
	"Statements298" -> "Statements337"
	"Statement338" [label="Statement"]
	"Statements337" -> "Statement338"
	"Assignment339" [label="Assignment"]
	"Statement338" -> "Assignment339"
	"m340" [label="m",style=filled,fillcolor=powderblue]
	"Assignment339" -> "m340"
	"[341" [label="[",style=filled,fillcolor=powderblue]
	"Assignment339" -> "[341"
	"Expression342" [label="Expression"]
	"Assignment339" -> "Expression342"
	"Term343" [label="Term"]
	"Expression342" -> "Term343"
	"Exponent344" [label="Exponent"]
	"Term343" -> "Exponent344"
	"Factor345" [label="Factor"]
	"Exponent344" -> "Factor345"
	"num346" [label="num",style=filled,fillcolor=powderblue]
	"Factor345" -> "num346"
	"Factorha347" [label="Factorha"]
	"Exponent344" -> "Factorha347"
	"e348" [label="e"]
	"Factorha347" -> "e348"
	"Termha349" [label="Termha"]
	"Term343" -> "Termha349"
	"e350" [label="e"]
	"Termha349" -> "e350"
	"Expressionha351" [label="Expressionha"]
	"Expression342" -> "Expressionha351"
	"e352" [label="e"]
	"Expressionha351" -> "e352"
	"]353" [label="]",style=filled,fillcolor=powderblue]
	"Assignment339" -> "]353"
	"=354" [label="=",style=filled,fillcolor=powderblue]
	"Assignment339" -> "=354"
	"Expression355" [label="Expression"]
	"Assignment339" -> "Expression355"
	"Term356" [label="Term"]
	"Expression355" -> "Term356"
	"Exponent357" [label="Exponent"]
	"Term356" -> "Exponent357"
	"Factor358" [label="Factor"]
	"Exponent357" -> "Factor358"
	"num359" [label="num",style=filled,fillcolor=powderblue]
	"Factor358" -> "num359"
	"Factorha360" [label="Factorha"]
	"Exponent357" -> "Factorha360"
	"e361" [label="e"]
	"Factorha360" -> "e361"
	"Termha362" [label="Termha"]
	"Term356" -> "Termha362"
	"e363" [label="e"]
	"Termha362" -> "e363"
	"Expressionha364" [label="Expressionha"]
	"Expression355" -> "Expressionha364"
	"+365" [label="+",style=filled,fillcolor=powderblue]
	"Expressionha364" -> "+365"
	"Term366" [label="Term"]
	"Expressionha364" -> "Term366"
	"Exponent367" [label="Exponent"]
	"Term366" -> "Exponent367"
	"Factor368" [label="Factor"]
	"Exponent367" -> "Factor368"
	"num369" [label="num",style=filled,fillcolor=powderblue]
	"Factor368" -> "num369"
	"Factorha370" [label="Factorha"]
	"Exponent367" -> "Factorha370"
	"e371" [label="e"]
	"Factorha370" -> "e371"
	"Termha372" [label="Termha"]
	"Term366" -> "Termha372"
	"e373" [label="e"]
	"Termha372" -> "e373"
	"Expressionha374" [label="Expressionha"]
	"Expressionha364" -> "Expressionha374"
	"e375" [label="e"]
	"Expressionha374" -> "e375"
	"e376" [label="e"]
	"Expressionha364" -> "e376"
	"Statements377" [label="Statements"]
	"Statements337" -> "Statements377"
	"Statement378" [label="Statement"]
	"Statements377" -> "Statement378"
	"Assignment379" [label="Assignment"]
	"Statement378" -> "Assignment379"
	"m380" [label="m",style=filled,fillcolor=powderblue]
	"Assignment379" -> "m380"
	"[381" [label="[",style=filled,fillcolor=powderblue]
	"Assignment379" -> "[381"
	"Expression382" [label="Expression"]
	"Assignment379" -> "Expression382"
	"Term383" [label="Term"]
	"Expression382" -> "Term383"
	"Exponent384" [label="Exponent"]
	"Term383" -> "Exponent384"
	"Factor385" [label="Factor"]
	"Exponent384" -> "Factor385"
	"num386" [label="num",style=filled,fillcolor=powderblue]
	"Factor385" -> "num386"
	"Factorha387" [label="Factorha"]
	"Exponent384" -> "Factorha387"
	"e388" [label="e"]
	"Factorha387" -> "e388"
	"Termha389" [label="Termha"]
	"Term383" -> "Termha389"
	"e390" [label="e"]
	"Termha389" -> "e390"
	"Expressionha391" [label="Expressionha"]
	"Expression382" -> "Expressionha391"
	"e392" [label="e"]
	"Expressionha391" -> "e392"
	"]393" [label="]",style=filled,fillcolor=powderblue]
	"Assignment379" -> "]393"
	"=394" [label="=",style=filled,fillcolor=powderblue]
	"Assignment379" -> "=394"
	"Expression395" [label="Expression"]
	"Assignment379" -> "Expression395"
	"Term396" [label="Term"]
	"Expression395" -> "Term396"
	"Exponent397" [label="Exponent"]
	"Term396" -> "Exponent397"
	"Factor398" [label="Factor"]
	"Exponent397" -> "Factor398"
	"num399" [label="num",style=filled,fillcolor=powderblue]
	"Factor398" -> "num399"
	"Factorha400" [label="Factorha"]
	"Exponent397" -> "Factorha400"
	"e401" [label="e"]
	"Factorha400" -> "e401"
	"Termha402" [label="Termha"]
	"Term396" -> "Termha402"
	"e403" [label="e"]
	"Termha402" -> "e403"
	"Expressionha404" [label="Expressionha"]
	"Expression395" -> "Expressionha404"
	"-405" [label="-",style=filled,fillcolor=powderblue]
	"Expressionha404" -> "-405"
	"Term406" [label="Term"]
	"Expressionha404" -> "Term406"
	"Exponent407" [label="Exponent"]
	"Term406" -> "Exponent407"
	"Factor408" [label="Factor"]
	"Exponent407" -> "Factor408"
	"(409" [label="(",style=filled,fillcolor=powderblue]
	"Factor408" -> "(409"
	"Expression410" [label="Expression"]
	"Factor408" -> "Expression410"
	"Term411" [label="Term"]
	"Expression410" -> "Term411"
	"Exponent412" [label="Exponent"]
	"Term411" -> "Exponent412"
	"Factor413" [label="Factor"]
	"Exponent412" -> "Factor413"
	"m414" [label="m",style=filled,fillcolor=powderblue]
	"Factor413" -> "m414"
	"[415" [label="[",style=filled,fillcolor=powderblue]
	"Factor413" -> "[415"
	"Expression416" [label="Expression"]
	"Factor413" -> "Expression416"
	"Term417" [label="Term"]
	"Expression416" -> "Term417"
	"Exponent418" [label="Exponent"]
	"Term417" -> "Exponent418"
	"Factor419" [label="Factor"]
	"Exponent418" -> "Factor419"
	"num420" [label="num",style=filled,fillcolor=powderblue]
	"Factor419" -> "num420"
	"Factorha421" [label="Factorha"]
	"Exponent418" -> "Factorha421"
	"e422" [label="e"]
	"Factorha421" -> "e422"
	"Termha423" [label="Termha"]
	"Term417" -> "Termha423"
	"e424" [label="e"]
	"Termha423" -> "e424"
	"Expressionha425" [label="Expressionha"]
	"Expression416" -> "Expressionha425"
	"e426" [label="e"]
	"Expressionha425" -> "e426"
	"]427" [label="]",style=filled,fillcolor=powderblue]
	"Factor413" -> "]427"
	"Factorha428" [label="Factorha"]
	"Exponent412" -> "Factorha428"
	"e429" [label="e"]
	"Factorha428" -> "e429"
	"Termha430" [label="Termha"]
	"Term411" -> "Termha430"
	"e431" [label="e"]
	"Termha430" -> "e431"
	"Expressionha432" [label="Expressionha"]
	"Expression410" -> "Expressionha432"
	"-433" [label="-",style=filled,fillcolor=powderblue]
	"Expressionha432" -> "-433"
	"Term434" [label="Term"]
	"Expressionha432" -> "Term434"
	"Exponent435" [label="Exponent"]
	"Term434" -> "Exponent435"
	"Factor436" [label="Factor"]
	"Exponent435" -> "Factor436"
	"num437" [label="num",style=filled,fillcolor=powderblue]
	"Factor436" -> "num437"
	"Factorha438" [label="Factorha"]
	"Exponent435" -> "Factorha438"
	"e439" [label="e"]
	"Factorha438" -> "e439"
	"Termha440" [label="Termha"]
	"Term434" -> "Termha440"
	"e441" [label="e"]
	"Termha440" -> "e441"
	"Expressionha442" [label="Expressionha"]
	"Expressionha432" -> "Expressionha442"
	"e443" [label="e"]
	"Expressionha442" -> "e443"
	"e444" [label="e"]
	"Expressionha432" -> "e444"
	")445" [label=")",style=filled,fillcolor=powderblue]
	"Factor408" -> ")445"
	"Factorha446" [label="Factorha"]
	"Exponent407" -> "Factorha446"
	"e447" [label="e"]
	"Factorha446" -> "e447"
	"Termha448" [label="Termha"]
	"Term406" -> "Termha448"
	"e449" [label="e"]
	"Termha448" -> "e449"
	"Expressionha450" [label="Expressionha"]
	"Expressionha404" -> "Expressionha450"
	"e451" [label="e"]
	"Expressionha450" -> "e451"
	"e452" [label="e"]
	"Expressionha404" -> "e452"
	"Statements453" [label="Statements"]
	"Statements377" -> "Statements453"
	"Statement454" [label="Statement"]
	"Statements453" -> "Statement454"
	"Assignment455" [label="Assignment"]
	"Statement454" -> "Assignment455"
	"m456" [label="m",style=filled,fillcolor=powderblue]
	"Assignment455" -> "m456"
	"[457" [label="[",style=filled,fillcolor=powderblue]
	"Assignment455" -> "[457"
	"Expression458" [label="Expression"]
	"Assignment455" -> "Expression458"
	"Term459" [label="Term"]
	"Expression458" -> "Term459"
	"Exponent460" [label="Exponent"]
	"Term459" -> "Exponent460"
	"Factor461" [label="Factor"]
	"Exponent460" -> "Factor461"
	"num462" [label="num",style=filled,fillcolor=powderblue]
	"Factor461" -> "num462"
	"Factorha463" [label="Factorha"]
	"Exponent460" -> "Factorha463"
	"e464" [label="e"]
	"Factorha463" -> "e464"
	"Termha465" [label="Termha"]
	"Term459" -> "Termha465"
	"e466" [label="e"]
	"Termha465" -> "e466"
	"Expressionha467" [label="Expressionha"]
	"Expression458" -> "Expressionha467"
	"e468" [label="e"]
	"Expressionha467" -> "e468"
	"]469" [label="]",style=filled,fillcolor=powderblue]
	"Assignment455" -> "]469"
	"=470" [label="=",style=filled,fillcolor=powderblue]
	"Assignment455" -> "=470"
	"Expression471" [label="Expression"]
	"Assignment455" -> "Expression471"
	"Term472" [label="Term"]
	"Expression471" -> "Term472"
	"Exponent473" [label="Exponent"]
	"Term472" -> "Exponent473"
	"Factor474" [label="Factor"]
	"Exponent473" -> "Factor474"
	"num475" [label="num",style=filled,fillcolor=powderblue]
	"Factor474" -> "num475"
	"Factorha476" [label="Factorha"]
	"Exponent473" -> "Factorha476"
	"e477" [label="e"]
	"Factorha476" -> "e477"
	"Termha478" [label="Termha"]
	"Term472" -> "Termha478"
	"/479" [label="/",style=filled,fillcolor=powderblue]
	"Termha478" -> "/479"
	"Factor480" [label="Factor"]
	"Termha478" -> "Factor480"
	"num481" [label="num",style=filled,fillcolor=powderblue]
	"Factor480" -> "num481"
	"Termha482" [label="Termha"]
	"Termha478" -> "Termha482"
	"*483" [label="*",style=filled,fillcolor=powderblue]
	"Termha482" -> "*483"
	"Factor484" [label="Factor"]
	"Termha482" -> "Factor484"
	"num485" [label="num",style=filled,fillcolor=powderblue]
	"Factor484" -> "num485"
	"Termha486" [label="Termha"]
	"Termha482" -> "Termha486"
	"e487" [label="e"]
	"Termha486" -> "e487"
	"e488" [label="e"]
	"Termha482" -> "e488"
	"e489" [label="e"]
	"Termha478" -> "e489"
	"Expressionha490" [label="Expressionha"]
	"Expression471" -> "Expressionha490"
	"e491" [label="e"]
	"Expressionha490" -> "e491"
	"Statements492" [label="Statements"]
	"Statements453" -> "Statements492"
	"e493" [label="e"]
	"Statements492" -> "e493"
}
