digraph G {
	"Start1" [label="Start"]
	"Statement2" [label="Statement"]
	"Start1" -> "Statement2"
	"Assignment3" [label="Assignment"]
	"Statement2" -> "Assignment3"
	"m4" [label="m",style=filled,fillcolor=powderblue]
	"Assignment3" -> "m4"
	"[5" [label="[",style=filled,fillcolor=powderblue]
	"Assignment3" -> "[5"
	"Expression6" [label="Expression"]
	"Assignment3" -> "Expression6"
	"Term7" [label="Term"]
	"Expression6" -> "Term7"
	"Exponent8" [label="Exponent"]
	"Term7" -> "Exponent8"
	"Factor9" [label="Factor"]
	"Exponent8" -> "Factor9"
	"num10" [label="num",style=filled,fillcolor=powderblue]
	"Factor9" -> "num10"
	"Factorha11" [label="Factorha"]
	"Exponent8" -> "Factorha11"
	"e12" [label="e"]
	"Factorha11" -> "e12"
	"Termha13" [label="Termha"]
	"Term7" -> "Termha13"
	"e14" [label="e"]
	"Termha13" -> "e14"
	"Expressionha15" [label="Expressionha"]
	"Expression6" -> "Expressionha15"
	"e16" [label="e"]
	"Expressionha15" -> "e16"
	"]17" [label="]",style=filled,fillcolor=powderblue]
	"Assignment3" -> "]17"
	"=18" [label="=",style=filled,fillcolor=powderblue]
	"Assignment3" -> "=18"
	"Expression19" [label="Expression"]
	"Assignment3" -> "Expression19"
	"Term20" [label="Term"]
	"Expression19" -> "Term20"
	"Exponent21" [label="Exponent"]
	"Term20" -> "Exponent21"
	"Factor22" [label="Factor"]
	"Exponent21" -> "Factor22"
	"num23" [label="num",style=filled,fillcolor=powderblue]
	"Factor22" -> "num23"
	"Factorha24" [label="Factorha"]
	"Exponent21" -> "Factorha24"
	"e25" [label="e"]
	"Factorha24" -> "e25"
	"Termha26" [label="Termha"]
	"Term20" -> "Termha26"
	"e27" [label="e"]
	"Termha26" -> "e27"
	"Expressionha28" [label="Expressionha"]
	"Expression19" -> "Expressionha28"
	"+29" [label="+",style=filled,fillcolor=powderblue]
	"Expressionha28" -> "+29"
	"Term30" [label="Term"]
	"Expressionha28" -> "Term30"
	"Exponent31" [label="Exponent"]
	"Term30" -> "Exponent31"
	"Factor32" [label="Factor"]
	"Exponent31" -> "Factor32"
	"num33" [label="num",style=filled,fillcolor=powderblue]
	"Factor32" -> "num33"
	"Factorha34" [label="Factorha"]
	"Exponent31" -> "Factorha34"
	"e35" [label="e"]
	"Factorha34" -> "e35"
	"Termha36" [label="Termha"]
	"Term30" -> "Termha36"
	"e37" [label="e"]
	"Termha36" -> "e37"
	"Expressionha38" [label="Expressionha"]
	"Expressionha28" -> "Expressionha38"
	"e39" [label="e"]
	"Expressionha38" -> "e39"
	"e40" [label="e"]
	"Expressionha28" -> "e40"
	"Statements41" [label="Statements"]
	"Start1" -> "Statements41"
	"Statement42" [label="Statement"]
	"Statements41" -> "Statement42"
	"Assignment43" [label="Assignment"]
	"Statement42" -> "Assignment43"
	"m44" [label="m",style=filled,fillcolor=powderblue]
	"Assignment43" -> "m44"
	"[45" [label="[",style=filled,fillcolor=powderblue]
	"Assignment43" -> "[45"
	"Expression46" [label="Expression"]
	"Assignment43" -> "Expression46"
	"Term47" [label="Term"]
	"Expression46" -> "Term47"
	"Exponent48" [label="Exponent"]
	"Term47" -> "Exponent48"
	"Factor49" [label="Factor"]
	"Exponent48" -> "Factor49"
	"num50" [label="num",style=filled,fillcolor=powderblue]
	"Factor49" -> "num50"
	"Factorha51" [label="Factorha"]
	"Exponent48" -> "Factorha51"
	"e52" [label="e"]
	"Factorha51" -> "e52"
	"Termha53" [label="Termha"]
	"Term47" -> "Termha53"
	"e54" [label="e"]
	"Termha53" -> "e54"
	"Expressionha55" [label="Expressionha"]
	"Expression46" -> "Expressionha55"
	"e56" [label="e"]
	"Expressionha55" -> "e56"
	"]57" [label="]",style=filled,fillcolor=powderblue]
	"Assignment43" -> "]57"
	"=58" [label="=",style=filled,fillcolor=powderblue]
	"Assignment43" -> "=58"
	"Expression59" [label="Expression"]
	"Assignment43" -> "Expression59"
	"Term60" [label="Term"]
	"Expression59" -> "Term60"
	"Exponent61" [label="Exponent"]
	"Term60" -> "Exponent61"
	"Factor62" [label="Factor"]
	"Exponent61" -> "Factor62"
	"num63" [label="num",style=filled,fillcolor=powderblue]
	"Factor62" -> "num63"
	"Factorha64" [label="Factorha"]
	"Exponent61" -> "Factorha64"
	"e65" [label="e"]
	"Factorha64" -> "e65"
	"Termha66" [label="Termha"]
	"Term60" -> "Termha66"
	"e67" [label="e"]
	"Termha66" -> "e67"
	"Expressionha68" [label="Expressionha"]
	"Expression59" -> "Expressionha68"
	"-69" [label="-",style=filled,fillcolor=powderblue]
	"Expressionha68" -> "-69"
	"Term70" [label="Term"]
	"Expressionha68" -> "Term70"
	"Exponent71" [label="Exponent"]
	"Term70" -> "Exponent71"
	"Factor72" [label="Factor"]
	"Exponent71" -> "Factor72"
	"(73" [label="(",style=filled,fillcolor=powderblue]
	"Factor72" -> "(73"
	"Expression74" [label="Expression"]
	"Factor72" -> "Expression74"
	"Term75" [label="Term"]
	"Expression74" -> "Term75"
	"Exponent76" [label="Exponent"]
	"Term75" -> "Exponent76"
	"Factor77" [label="Factor"]
	"Exponent76" -> "Factor77"
	"m78" [label="m",style=filled,fillcolor=powderblue]
	"Factor77" -> "m78"
	"[79" [label="[",style=filled,fillcolor=powderblue]
	"Factor77" -> "[79"
	"Expression80" [label="Expression"]
	"Factor77" -> "Expression80"
	"Term81" [label="Term"]
	"Expression80" -> "Term81"
	"Exponent82" [label="Exponent"]
	"Term81" -> "Exponent82"
	"Factor83" [label="Factor"]
	"Exponent82" -> "Factor83"
	"num84" [label="num",style=filled,fillcolor=powderblue]
	"Factor83" -> "num84"
	"Factorha85" [label="Factorha"]
	"Exponent82" -> "Factorha85"
	"e86" [label="e"]
	"Factorha85" -> "e86"
	"Termha87" [label="Termha"]
	"Term81" -> "Termha87"
	"e88" [label="e"]
	"Termha87" -> "e88"
	"Expressionha89" [label="Expressionha"]
	"Expression80" -> "Expressionha89"
	"e90" [label="e"]
	"Expressionha89" -> "e90"
	"]91" [label="]",style=filled,fillcolor=powderblue]
	"Factor77" -> "]91"
	"Factorha92" [label="Factorha"]
	"Exponent76" -> "Factorha92"
	"e93" [label="e"]
	"Factorha92" -> "e93"
	"Termha94" [label="Termha"]
	"Term75" -> "Termha94"
	"e95" [label="e"]
	"Termha94" -> "e95"
	"Expressionha96" [label="Expressionha"]
	"Expression74" -> "Expressionha96"
	"-97" [label="-",style=filled,fillcolor=powderblue]
	"Expressionha96" -> "-97"
	"Term98" [label="Term"]
	"Expressionha96" -> "Term98"
	"Exponent99" [label="Exponent"]
	"Term98" -> "Exponent99"
	"Factor100" [label="Factor"]
	"Exponent99" -> "Factor100"
	"num101" [label="num",style=filled,fillcolor=powderblue]
	"Factor100" -> "num101"
	"Factorha102" [label="Factorha"]
	"Exponent99" -> "Factorha102"
	"e103" [label="e"]
	"Factorha102" -> "e103"
	"Termha104" [label="Termha"]
	"Term98" -> "Termha104"
	"e105" [label="e"]
	"Termha104" -> "e105"
	"Expressionha106" [label="Expressionha"]
	"Expressionha96" -> "Expressionha106"
	"e107" [label="e"]
	"Expressionha106" -> "e107"
	"e108" [label="e"]
	"Expressionha96" -> "e108"
	")109" [label=")",style=filled,fillcolor=powderblue]
	"Factor72" -> ")109"
	"Factorha110" [label="Factorha"]
	"Exponent71" -> "Factorha110"
	"e111" [label="e"]
	"Factorha110" -> "e111"
	"Termha112" [label="Termha"]
	"Term70" -> "Termha112"
	"e113" [label="e"]
	"Termha112" -> "e113"
	"Expressionha114" [label="Expressionha"]
	"Expressionha68" -> "Expressionha114"
	"e115" [label="e"]
	"Expressionha114" -> "e115"
	"e116" [label="e"]
	"Expressionha68" -> "e116"
	"Statements117" [label="Statements"]
	"Statements41" -> "Statements117"
	"Statement118" [label="Statement"]
	"Statements117" -> "Statement118"
	"Assignment119" [label="Assignment"]
	"Statement118" -> "Assignment119"
	"m120" [label="m",style=filled,fillcolor=powderblue]
	"Assignment119" -> "m120"
	"[121" [label="[",style=filled,fillcolor=powderblue]
	"Assignment119" -> "[121"
	"Expression122" [label="Expression"]
	"Assignment119" -> "Expression122"
	"Term123" [label="Term"]
	"Expression122" -> "Term123"
	"Exponent124" [label="Exponent"]
	"Term123" -> "Exponent124"
	"Factor125" [label="Factor"]
	"Exponent124" -> "Factor125"
	"num126" [label="num",style=filled,fillcolor=powderblue]
	"Factor125" -> "num126"
	"Factorha127" [label="Factorha"]
	"Exponent124" -> "Factorha127"
	"e128" [label="e"]
	"Factorha127" -> "e128"
	"Termha129" [label="Termha"]
	"Term123" -> "Termha129"
	"e130" [label="e"]
	"Termha129" -> "e130"
	"Expressionha131" [label="Expressionha"]
	"Expression122" -> "Expressionha131"
	"e132" [label="e"]
	"Expressionha131" -> "e132"
	"]133" [label="]",style=filled,fillcolor=powderblue]
	"Assignment119" -> "]133"
	"=134" [label="=",style=filled,fillcolor=powderblue]
	"Assignment119" -> "=134"
	"Expression135" [label="Expression"]
	"Assignment119" -> "Expression135"
	"Term136" [label="Term"]
	"Expression135" -> "Term136"
	"Exponent137" [label="Exponent"]
	"Term136" -> "Exponent137"
	"Factor138" [label="Factor"]
	"Exponent137" -> "Factor138"
	"num139" [label="num",style=filled,fillcolor=powderblue]
	"Factor138" -> "num139"
	"Factorha140" [label="Factorha"]
	"Exponent137" -> "Factorha140"
	"e141" [label="e"]
	"Factorha140" -> "e141"
	"Termha142" [label="Termha"]
	"Term136" -> "Termha142"
	"e143" [label="e"]
	"Termha142" -> "e143"
	"Expressionha144" [label="Expressionha"]
	"Expression135" -> "Expressionha144"
	"+145" [label="+",style=filled,fillcolor=powderblue]
	"Expressionha144" -> "+145"
	"Term146" [label="Term"]
	"Expressionha144" -> "Term146"
	"Exponent147" [label="Exponent"]
	"Term146" -> "Exponent147"
	"Factor148" [label="Factor"]
	"Exponent147" -> "Factor148"
	"m149" [label="m",style=filled,fillcolor=powderblue]
	"Factor148" -> "m149"
	"[150" [label="[",style=filled,fillcolor=powderblue]
	"Factor148" -> "[150"
	"Expression151" [label="Expression"]
	"Factor148" -> "Expression151"
	"Term152" [label="Term"]
	"Expression151" -> "Term152"
	"Exponent153" [label="Exponent"]
	"Term152" -> "Exponent153"
	"Factor154" [label="Factor"]
	"Exponent153" -> "Factor154"
	"num155" [label="num",style=filled,fillcolor=powderblue]
	"Factor154" -> "num155"
	"Factorha156" [label="Factorha"]
	"Exponent153" -> "Factorha156"
	"e157" [label="e"]
	"Factorha156" -> "e157"
	"Termha158" [label="Termha"]
	"Term152" -> "Termha158"
	"e159" [label="e"]
	"Termha158" -> "e159"
	"Expressionha160" [label="Expressionha"]
	"Expression151" -> "Expressionha160"
	"e161" [label="e"]
	"Expressionha160" -> "e161"
	"]162" [label="]",style=filled,fillcolor=powderblue]
	"Factor148" -> "]162"
	"Factorha163" [label="Factorha"]
	"Exponent147" -> "Factorha163"
	"e164" [label="e"]
	"Factorha163" -> "e164"
	"Termha165" [label="Termha"]
	"Term146" -> "Termha165"
	"e166" [label="e"]
	"Termha165" -> "e166"
	"Expressionha167" [label="Expressionha"]
	"Expressionha144" -> "Expressionha167"
	"e168" [label="e"]
	"Expressionha167" -> "e168"
	"e169" [label="e"]
	"Expressionha144" -> "e169"
	"Statements170" [label="Statements"]
	"Statements117" -> "Statements170"
	"Statement171" [label="Statement"]
	"Statements170" -> "Statement171"
	"Assignment172" [label="Assignment"]
	"Statement171" -> "Assignment172"
	"m173" [label="m",style=filled,fillcolor=powderblue]
	"Assignment172" -> "m173"
	"[174" [label="[",style=filled,fillcolor=powderblue]
	"Assignment172" -> "[174"
	"Expression175" [label="Expression"]
	"Assignment172" -> "Expression175"
	"Term176" [label="Term"]
	"Expression175" -> "Term176"
	"Exponent177" [label="Exponent"]
	"Term176" -> "Exponent177"
	"Factor178" [label="Factor"]
	"Exponent177" -> "Factor178"
	"num179" [label="num",style=filled,fillcolor=powderblue]
	"Factor178" -> "num179"
	"Factorha180" [label="Factorha"]
	"Exponent177" -> "Factorha180"
	"e181" [label="e"]
	"Factorha180" -> "e181"
	"Termha182" [label="Termha"]
	"Term176" -> "Termha182"
	"e183" [label="e"]
	"Termha182" -> "e183"
	"Expressionha184" [label="Expressionha"]
	"Expression175" -> "Expressionha184"
	"e185" [label="e"]
	"Expressionha184" -> "e185"
	"]186" [label="]",style=filled,fillcolor=powderblue]
	"Assignment172" -> "]186"
	"=187" [label="=",style=filled,fillcolor=powderblue]
	"Assignment172" -> "=187"
	"Expression188" [label="Expression"]
	"Assignment172" -> "Expression188"
	"Term189" [label="Term"]
	"Expression188" -> "Term189"
	"Exponent190" [label="Exponent"]
	"Term189" -> "Exponent190"
	"Factor191" [label="Factor"]
	"Exponent190" -> "Factor191"
	"num192" [label="num",style=filled,fillcolor=powderblue]
	"Factor191" -> "num192"
	"Factorha193" [label="Factorha"]
	"Exponent190" -> "Factorha193"
	"e194" [label="e"]
	"Factorha193" -> "e194"
	"Termha195" [label="Termha"]
	"Term189" -> "Termha195"
	"e196" [label="e"]
	"Termha195" -> "e196"
	"Expressionha197" [label="Expressionha"]
	"Expression188" -> "Expressionha197"
	"-198" [label="-",style=filled,fillcolor=powderblue]
	"Expressionha197" -> "-198"
	"Term199" [label="Term"]
	"Expressionha197" -> "Term199"
	"Exponent200" [label="Exponent"]
	"Term199" -> "Exponent200"
	"Factor201" [label="Factor"]
	"Exponent200" -> "Factor201"
	"m202" [label="m",style=filled,fillcolor=powderblue]
	"Factor201" -> "m202"
	"[203" [label="[",style=filled,fillcolor=powderblue]
	"Factor201" -> "[203"
	"Expression204" [label="Expression"]
	"Factor201" -> "Expression204"
	"Term205" [label="Term"]
	"Expression204" -> "Term205"
	"Exponent206" [label="Exponent"]
	"Term205" -> "Exponent206"
	"Factor207" [label="Factor"]
	"Exponent206" -> "Factor207"
	"num208" [label="num",style=filled,fillcolor=powderblue]
	"Factor207" -> "num208"
	"Factorha209" [label="Factorha"]
	"Exponent206" -> "Factorha209"
	"**210" [label="**",style=filled,fillcolor=powderblue]
	"Factorha209" -> "**210"
	"Exponent211" [label="Exponent"]
	"Factorha209" -> "Exponent211"
	"Factor212" [label="Factor"]
	"Exponent211" -> "Factor212"
	"num213" [label="num",style=filled,fillcolor=powderblue]
	"Factor212" -> "num213"
	"Factorha214" [label="Factorha"]
	"Exponent211" -> "Factorha214"
	"e215" [label="e"]
	"Factorha214" -> "e215"
	"e216" [label="e"]
	"Factorha209" -> "e216"
	"Termha217" [label="Termha"]
	"Term205" -> "Termha217"
	"*218" [label="*",style=filled,fillcolor=powderblue]
	"Termha217" -> "*218"
	"Factor219" [label="Factor"]
	"Termha217" -> "Factor219"
	"num220" [label="num",style=filled,fillcolor=powderblue]
	"Factor219" -> "num220"
	"Termha221" [label="Termha"]
	"Termha217" -> "Termha221"
	"e222" [label="e"]
	"Termha221" -> "e222"
	"e223" [label="e"]
	"Termha217" -> "e223"
	"Expressionha224" [label="Expressionha"]
	"Expression204" -> "Expressionha224"
	"-225" [label="-",style=filled,fillcolor=powderblue]
	"Expressionha224" -> "-225"
	"Term226" [label="Term"]
	"Expressionha224" -> "Term226"
	"Exponent227" [label="Exponent"]
	"Term226" -> "Exponent227"
	"Factor228" [label="Factor"]
	"Exponent227" -> "Factor228"
	"num229" [label="num",style=filled,fillcolor=powderblue]
	"Factor228" -> "num229"
	"Factorha230" [label="Factorha"]
	"Exponent227" -> "Factorha230"
	"e231" [label="e"]
	"Factorha230" -> "e231"
	"Termha232" [label="Termha"]
	"Term226" -> "Termha232"
	"e233" [label="e"]
	"Termha232" -> "e233"
	"Expressionha234" [label="Expressionha"]
	"Expressionha224" -> "Expressionha234"
	"e235" [label="e"]
	"Expressionha234" -> "e235"
	"e236" [label="e"]
	"Expressionha224" -> "e236"
	"]237" [label="]",style=filled,fillcolor=powderblue]
	"Factor201" -> "]237"
	"Factorha238" [label="Factorha"]
	"Exponent200" -> "Factorha238"
	"e239" [label="e"]
	"Factorha238" -> "e239"
	"Termha240" [label="Termha"]
	"Term199" -> "Termha240"
	"e241" [label="e"]
	"Termha240" -> "e241"
	"Expressionha242" [label="Expressionha"]
	"Expressionha197" -> "Expressionha242"
	"-243" [label="-",style=filled,fillcolor=powderblue]
	"Expressionha242" -> "-243"
	"Term244" [label="Term"]
	"Expressionha242" -> "Term244"
	"Exponent245" [label="Exponent"]
	"Term244" -> "Exponent245"
	"Factor246" [label="Factor"]
	"Exponent245" -> "Factor246"
	"num247" [label="num",style=filled,fillcolor=powderblue]
	"Factor246" -> "num247"
	"Factorha248" [label="Factorha"]
	"Exponent245" -> "Factorha248"
	"e249" [label="e"]
	"Factorha248" -> "e249"
	"Termha250" [label="Termha"]
	"Term244" -> "Termha250"
	"e251" [label="e"]
	"Termha250" -> "e251"
	"Expressionha252" [label="Expressionha"]
	"Expressionha242" -> "Expressionha252"
	"e253" [label="e"]
	"Expressionha252" -> "e253"
	"e254" [label="e"]
	"Expressionha242" -> "e254"
	"e255" [label="e"]
	"Expressionha197" -> "e255"
	"Statements256" [label="Statements"]
	"Statements170" -> "Statements256"
	"Statement257" [label="Statement"]
	"Statements256" -> "Statement257"
	"Label258" [label="Label"]
	"Statement257" -> "Label258"
	"L259" [label="L",style=filled,fillcolor=powderblue]
	"Label258" -> "L259"
	"num260" [label="num",style=filled,fillcolor=powderblue]
	"Label258" -> "num260"
	":261" [label=":",style=filled,fillcolor=powderblue]
	"Label258" -> ":261"
	"Statements262" [label="Statements"]
	"Statements256" -> "Statements262"
	"Statement263" [label="Statement"]
	"Statements262" -> "Statement263"
	"Assignment264" [label="Assignment"]
	"Statement263" -> "Assignment264"
	"m265" [label="m",style=filled,fillcolor=powderblue]
	"Assignment264" -> "m265"
	"[266" [label="[",style=filled,fillcolor=powderblue]
	"Assignment264" -> "[266"
	"Expression267" [label="Expression"]
	"Assignment264" -> "Expression267"
	"Term268" [label="Term"]
	"Expression267" -> "Term268"
	"Exponent269" [label="Exponent"]
	"Term268" -> "Exponent269"
	"Factor270" [label="Factor"]
	"Exponent269" -> "Factor270"
	"num271" [label="num",style=filled,fillcolor=powderblue]
	"Factor270" -> "num271"
	"Factorha272" [label="Factorha"]
	"Exponent269" -> "Factorha272"
	"e273" [label="e"]
	"Factorha272" -> "e273"
	"Termha274" [label="Termha"]
	"Term268" -> "Termha274"
	"e275" [label="e"]
	"Termha274" -> "e275"
	"Expressionha276" [label="Expressionha"]
	"Expression267" -> "Expressionha276"
	"e277" [label="e"]
	"Expressionha276" -> "e277"
	"]278" [label="]",style=filled,fillcolor=powderblue]
	"Assignment264" -> "]278"
	"=279" [label="=",style=filled,fillcolor=powderblue]
	"Assignment264" -> "=279"
	"Expression280" [label="Expression"]
	"Assignment264" -> "Expression280"
	"Term281" [label="Term"]
	"Expression280" -> "Term281"
	"Exponent282" [label="Exponent"]
	"Term281" -> "Exponent282"
	"Factor283" [label="Factor"]
	"Exponent282" -> "Factor283"
	"num284" [label="num",style=filled,fillcolor=powderblue]
	"Factor283" -> "num284"
	"Factorha285" [label="Factorha"]
	"Exponent282" -> "Factorha285"
	"e286" [label="e"]
	"Factorha285" -> "e286"
	"Termha287" [label="Termha"]
	"Term281" -> "Termha287"
	"e288" [label="e"]
	"Termha287" -> "e288"
	"Expressionha289" [label="Expressionha"]
	"Expression280" -> "Expressionha289"
	"-290" [label="-",style=filled,fillcolor=powderblue]
	"Expressionha289" -> "-290"
	"Term291" [label="Term"]
	"Expressionha289" -> "Term291"
	"Exponent292" [label="Exponent"]
	"Term291" -> "Exponent292"
	"Factor293" [label="Factor"]
	"Exponent292" -> "Factor293"
	"(294" [label="(",style=filled,fillcolor=powderblue]
	"Factor293" -> "(294"
	"Expression295" [label="Expression"]
	"Factor293" -> "Expression295"
	"Term296" [label="Term"]
	"Expression295" -> "Term296"
	"Exponent297" [label="Exponent"]
	"Term296" -> "Exponent297"
	"Factor298" [label="Factor"]
	"Exponent297" -> "Factor298"
	"m299" [label="m",style=filled,fillcolor=powderblue]
	"Factor298" -> "m299"
	"[300" [label="[",style=filled,fillcolor=powderblue]
	"Factor298" -> "[300"
	"Expression301" [label="Expression"]
	"Factor298" -> "Expression301"
	"Term302" [label="Term"]
	"Expression301" -> "Term302"
	"Exponent303" [label="Exponent"]
	"Term302" -> "Exponent303"
	"Factor304" [label="Factor"]
	"Exponent303" -> "Factor304"
	"num305" [label="num",style=filled,fillcolor=powderblue]
	"Factor304" -> "num305"
	"Factorha306" [label="Factorha"]
	"Exponent303" -> "Factorha306"
	"e307" [label="e"]
	"Factorha306" -> "e307"
	"Termha308" [label="Termha"]
	"Term302" -> "Termha308"
	"e309" [label="e"]
	"Termha308" -> "e309"
	"Expressionha310" [label="Expressionha"]
	"Expression301" -> "Expressionha310"
	"e311" [label="e"]
	"Expressionha310" -> "e311"
	"]312" [label="]",style=filled,fillcolor=powderblue]
	"Factor298" -> "]312"
	"Factorha313" [label="Factorha"]
	"Exponent297" -> "Factorha313"
	"e314" [label="e"]
	"Factorha313" -> "e314"
	"Termha315" [label="Termha"]
	"Term296" -> "Termha315"
	"e316" [label="e"]
	"Termha315" -> "e316"
	"Expressionha317" [label="Expressionha"]
	"Expression295" -> "Expressionha317"
	"-318" [label="-",style=filled,fillcolor=powderblue]
	"Expressionha317" -> "-318"
	"Term319" [label="Term"]
	"Expressionha317" -> "Term319"
	"Exponent320" [label="Exponent"]
	"Term319" -> "Exponent320"
	"Factor321" [label="Factor"]
	"Exponent320" -> "Factor321"
	"num322" [label="num",style=filled,fillcolor=powderblue]
	"Factor321" -> "num322"
	"Factorha323" [label="Factorha"]
	"Exponent320" -> "Factorha323"
	"e324" [label="e"]
	"Factorha323" -> "e324"
	"Termha325" [label="Termha"]
	"Term319" -> "Termha325"
	"e326" [label="e"]
	"Termha325" -> "e326"
	"Expressionha327" [label="Expressionha"]
	"Expressionha317" -> "Expressionha327"
	"e328" [label="e"]
	"Expressionha327" -> "e328"
	"e329" [label="e"]
	"Expressionha317" -> "e329"
	")330" [label=")",style=filled,fillcolor=powderblue]
	"Factor293" -> ")330"
	"Factorha331" [label="Factorha"]
	"Exponent292" -> "Factorha331"
	"e332" [label="e"]
	"Factorha331" -> "e332"
	"Termha333" [label="Termha"]
	"Term291" -> "Termha333"
	"e334" [label="e"]
	"Termha333" -> "e334"
	"Expressionha335" [label="Expressionha"]
	"Expressionha289" -> "Expressionha335"
	"e336" [label="e"]
	"Expressionha335" -> "e336"
	"e337" [label="e"]
	"Expressionha289" -> "e337"
	"Statements338" [label="Statements"]
	"Statements262" -> "Statements338"
	"Statement339" [label="Statement"]
	"Statements338" -> "Statement339"
	"Assignment340" [label="Assignment"]
	"Statement339" -> "Assignment340"
	"m341" [label="m",style=filled,fillcolor=powderblue]
	"Assignment340" -> "m341"
	"[342" [label="[",style=filled,fillcolor=powderblue]
	"Assignment340" -> "[342"
	"Expression343" [label="Expression"]
	"Assignment340" -> "Expression343"
	"Term344" [label="Term"]
	"Expression343" -> "Term344"
	"Exponent345" [label="Exponent"]
	"Term344" -> "Exponent345"
	"Factor346" [label="Factor"]
	"Exponent345" -> "Factor346"
	"num347" [label="num",style=filled,fillcolor=powderblue]
	"Factor346" -> "num347"
	"Factorha348" [label="Factorha"]
	"Exponent345" -> "Factorha348"
	"e349" [label="e"]
	"Factorha348" -> "e349"
	"Termha350" [label="Termha"]
	"Term344" -> "Termha350"
	"e351" [label="e"]
	"Termha350" -> "e351"
	"Expressionha352" [label="Expressionha"]
	"Expression343" -> "Expressionha352"
	"e353" [label="e"]
	"Expressionha352" -> "e353"
	"]354" [label="]",style=filled,fillcolor=powderblue]
	"Assignment340" -> "]354"
	"=355" [label="=",style=filled,fillcolor=powderblue]
	"Assignment340" -> "=355"
	"Expression356" [label="Expression"]
	"Assignment340" -> "Expression356"
	"Term357" [label="Term"]
	"Expression356" -> "Term357"
	"Exponent358" [label="Exponent"]
	"Term357" -> "Exponent358"
	"Factor359" [label="Factor"]
	"Exponent358" -> "Factor359"
	"num360" [label="num",style=filled,fillcolor=powderblue]
	"Factor359" -> "num360"
	"Factorha361" [label="Factorha"]
	"Exponent358" -> "Factorha361"
	"e362" [label="e"]
	"Factorha361" -> "e362"
	"Termha363" [label="Termha"]
	"Term357" -> "Termha363"
	"/364" [label="/",style=filled,fillcolor=powderblue]
	"Termha363" -> "/364"
	"Factor365" [label="Factor"]
	"Termha363" -> "Factor365"
	"num366" [label="num",style=filled,fillcolor=powderblue]
	"Factor365" -> "num366"
	"Termha367" [label="Termha"]
	"Termha363" -> "Termha367"
	"*368" [label="*",style=filled,fillcolor=powderblue]
	"Termha367" -> "*368"
	"Factor369" [label="Factor"]
	"Termha367" -> "Factor369"
	"num370" [label="num",style=filled,fillcolor=powderblue]
	"Factor369" -> "num370"
	"Termha371" [label="Termha"]
	"Termha367" -> "Termha371"
	"e372" [label="e"]
	"Termha371" -> "e372"
	"e373" [label="e"]
	"Termha367" -> "e373"
	"e374" [label="e"]
	"Termha363" -> "e374"
	"Expressionha375" [label="Expressionha"]
	"Expression356" -> "Expressionha375"
	"e376" [label="e"]
	"Expressionha375" -> "e376"
	"Statements377" [label="Statements"]
	"Statements338" -> "Statements377"
	"Statement378" [label="Statement"]
	"Statements377" -> "Statement378"
	"Assignment379" [label="Assignment"]
	"Statement378" -> "Assignment379"
	"m380" [label="m",style=filled,fillcolor=powderblue]
	"Assignment379" -> "m380"
	"[381" [label="[",style=filled,fillcolor=powderblue]
	"Assignment379" -> "[381"
	"Expression382" [label="Expression"]
	"Assignment379" -> "Expression382"
	"Term383" [label="Term"]
	"Expression382" -> "Term383"
	"Exponent384" [label="Exponent"]
	"Term383" -> "Exponent384"
	"Factor385" [label="Factor"]
	"Exponent384" -> "Factor385"
	"num386" [label="num",style=filled,fillcolor=powderblue]
	"Factor385" -> "num386"
	"Factorha387" [label="Factorha"]
	"Exponent384" -> "Factorha387"
	"e388" [label="e"]
	"Factorha387" -> "e388"
	"Termha389" [label="Termha"]
	"Term383" -> "Termha389"
	"e390" [label="e"]
	"Termha389" -> "e390"
	"Expressionha391" [label="Expressionha"]
	"Expression382" -> "Expressionha391"
	"e392" [label="e"]
	"Expressionha391" -> "e392"
	"]393" [label="]",style=filled,fillcolor=powderblue]
	"Assignment379" -> "]393"
	"=394" [label="=",style=filled,fillcolor=powderblue]
	"Assignment379" -> "=394"
	"Expression395" [label="Expression"]
	"Assignment379" -> "Expression395"
	"Term396" [label="Term"]
	"Expression395" -> "Term396"
	"Exponent397" [label="Exponent"]
	"Term396" -> "Exponent397"
	"Factor398" [label="Factor"]
	"Exponent397" -> "Factor398"
	"num399" [label="num",style=filled,fillcolor=powderblue]
	"Factor398" -> "num399"
	"Factorha400" [label="Factorha"]
	"Exponent397" -> "Factorha400"
	"e401" [label="e"]
	"Factorha400" -> "e401"
	"Termha402" [label="Termha"]
	"Term396" -> "Termha402"
	"/403" [label="/",style=filled,fillcolor=powderblue]
	"Termha402" -> "/403"
	"Factor404" [label="Factor"]
	"Termha402" -> "Factor404"
	"num405" [label="num",style=filled,fillcolor=powderblue]
	"Factor404" -> "num405"
	"Termha406" [label="Termha"]
	"Termha402" -> "Termha406"
	"*407" [label="*",style=filled,fillcolor=powderblue]
	"Termha406" -> "*407"
	"Factor408" [label="Factor"]
	"Termha406" -> "Factor408"
	"num409" [label="num",style=filled,fillcolor=powderblue]
	"Factor408" -> "num409"
	"Termha410" [label="Termha"]
	"Termha406" -> "Termha410"
	"e411" [label="e"]
	"Termha410" -> "e411"
	"e412" [label="e"]
	"Termha406" -> "e412"
	"e413" [label="e"]
	"Termha402" -> "e413"
	"Expressionha414" [label="Expressionha"]
	"Expression395" -> "Expressionha414"
	"e415" [label="e"]
	"Expressionha414" -> "e415"
	"Statements416" [label="Statements"]
	"Statements377" -> "Statements416"
	"Statement417" [label="Statement"]
	"Statements416" -> "Statement417"
	"Jump418" [label="Jump"]
	"Statement417" -> "Jump418"
	"goto419" [label="goto",style=filled,fillcolor=powderblue]
	"Jump418" -> "goto419"
	"Forward420" [label="Forward"]
	"Jump418" -> "Forward420"
	"num421" [label="num",style=filled,fillcolor=powderblue]
	"Forward420" -> "num421"
	"AnotherForward422" [label="AnotherForward"]
	"Forward420" -> "AnotherForward422"
	"e423" [label="e"]
	"AnotherForward422" -> "e423"
	"Statements424" [label="Statements"]
	"Statements416" -> "Statements424"
	"Statement425" [label="Statement"]
	"Statements424" -> "Statement425"
	"Assignment426" [label="Assignment"]
	"Statement425" -> "Assignment426"
	"m427" [label="m",style=filled,fillcolor=powderblue]
	"Assignment426" -> "m427"
	"[428" [label="[",style=filled,fillcolor=powderblue]
	"Assignment426" -> "[428"
	"Expression429" [label="Expression"]
	"Assignment426" -> "Expression429"
	"Term430" [label="Term"]
	"Expression429" -> "Term430"
	"Exponent431" [label="Exponent"]
	"Term430" -> "Exponent431"
	"Factor432" [label="Factor"]
	"Exponent431" -> "Factor432"
	"num433" [label="num",style=filled,fillcolor=powderblue]
	"Factor432" -> "num433"
	"Factorha434" [label="Factorha"]
	"Exponent431" -> "Factorha434"
	"e435" [label="e"]
	"Factorha434" -> "e435"
	"Termha436" [label="Termha"]
	"Term430" -> "Termha436"
	"e437" [label="e"]
	"Termha436" -> "e437"
	"Expressionha438" [label="Expressionha"]
	"Expression429" -> "Expressionha438"
	"e439" [label="e"]
	"Expressionha438" -> "e439"
	"]440" [label="]",style=filled,fillcolor=powderblue]
	"Assignment426" -> "]440"
	"=441" [label="=",style=filled,fillcolor=powderblue]
	"Assignment426" -> "=441"
	"Expression442" [label="Expression"]
	"Assignment426" -> "Expression442"
	"Term443" [label="Term"]
	"Expression442" -> "Term443"
	"Exponent444" [label="Exponent"]
	"Term443" -> "Exponent444"
	"Factor445" [label="Factor"]
	"Exponent444" -> "Factor445"
	"num446" [label="num",style=filled,fillcolor=powderblue]
	"Factor445" -> "num446"
	"Factorha447" [label="Factorha"]
	"Exponent444" -> "Factorha447"
	"e448" [label="e"]
	"Factorha447" -> "e448"
	"Termha449" [label="Termha"]
	"Term443" -> "Termha449"
	"e450" [label="e"]
	"Termha449" -> "e450"
	"Expressionha451" [label="Expressionha"]
	"Expression442" -> "Expressionha451"
	"+452" [label="+",style=filled,fillcolor=powderblue]
	"Expressionha451" -> "+452"
	"Term453" [label="Term"]
	"Expressionha451" -> "Term453"
	"Exponent454" [label="Exponent"]
	"Term453" -> "Exponent454"
	"Factor455" [label="Factor"]
	"Exponent454" -> "Factor455"
	"m456" [label="m",style=filled,fillcolor=powderblue]
	"Factor455" -> "m456"
	"[457" [label="[",style=filled,fillcolor=powderblue]
	"Factor455" -> "[457"
	"Expression458" [label="Expression"]
	"Factor455" -> "Expression458"
	"Term459" [label="Term"]
	"Expression458" -> "Term459"
	"Exponent460" [label="Exponent"]
	"Term459" -> "Exponent460"
	"Factor461" [label="Factor"]
	"Exponent460" -> "Factor461"
	"num462" [label="num",style=filled,fillcolor=powderblue]
	"Factor461" -> "num462"
	"Factorha463" [label="Factorha"]
	"Exponent460" -> "Factorha463"
	"e464" [label="e"]
	"Factorha463" -> "e464"
	"Termha465" [label="Termha"]
	"Term459" -> "Termha465"
	"e466" [label="e"]
	"Termha465" -> "e466"
	"Expressionha467" [label="Expressionha"]
	"Expression458" -> "Expressionha467"
	"e468" [label="e"]
	"Expressionha467" -> "e468"
	"]469" [label="]",style=filled,fillcolor=powderblue]
	"Factor455" -> "]469"
	"Factorha470" [label="Factorha"]
	"Exponent454" -> "Factorha470"
	"e471" [label="e"]
	"Factorha470" -> "e471"
	"Termha472" [label="Termha"]
	"Term453" -> "Termha472"
	"e473" [label="e"]
	"Termha472" -> "e473"
	"Expressionha474" [label="Expressionha"]
	"Expressionha451" -> "Expressionha474"
	"e475" [label="e"]
	"Expressionha474" -> "e475"
	"e476" [label="e"]
	"Expressionha451" -> "e476"
	"Statements477" [label="Statements"]
	"Statements424" -> "Statements477"
	"Statement478" [label="Statement"]
	"Statements477" -> "Statement478"
	"Assignment479" [label="Assignment"]
	"Statement478" -> "Assignment479"
	"m480" [label="m",style=filled,fillcolor=powderblue]
	"Assignment479" -> "m480"
	"[481" [label="[",style=filled,fillcolor=powderblue]
	"Assignment479" -> "[481"
	"Expression482" [label="Expression"]
	"Assignment479" -> "Expression482"
	"Term483" [label="Term"]
	"Expression482" -> "Term483"
	"Exponent484" [label="Exponent"]
	"Term483" -> "Exponent484"
	"Factor485" [label="Factor"]
	"Exponent484" -> "Factor485"
	"num486" [label="num",style=filled,fillcolor=powderblue]
	"Factor485" -> "num486"
	"Factorha487" [label="Factorha"]
	"Exponent484" -> "Factorha487"
	"e488" [label="e"]
	"Factorha487" -> "e488"
	"Termha489" [label="Termha"]
	"Term483" -> "Termha489"
	"e490" [label="e"]
	"Termha489" -> "e490"
	"Expressionha491" [label="Expressionha"]
	"Expression482" -> "Expressionha491"
	"e492" [label="e"]
	"Expressionha491" -> "e492"
	"]493" [label="]",style=filled,fillcolor=powderblue]
	"Assignment479" -> "]493"
	"=494" [label="=",style=filled,fillcolor=powderblue]
	"Assignment479" -> "=494"
	"Expression495" [label="Expression"]
	"Assignment479" -> "Expression495"
	"Term496" [label="Term"]
	"Expression495" -> "Term496"
	"Exponent497" [label="Exponent"]
	"Term496" -> "Exponent497"
	"Factor498" [label="Factor"]
	"Exponent497" -> "Factor498"
	"num499" [label="num",style=filled,fillcolor=powderblue]
	"Factor498" -> "num499"
	"Factorha500" [label="Factorha"]
	"Exponent497" -> "Factorha500"
	"e501" [label="e"]
	"Factorha500" -> "e501"
	"Termha502" [label="Termha"]
	"Term496" -> "Termha502"
	"e503" [label="e"]
	"Termha502" -> "e503"
	"Expressionha504" [label="Expressionha"]
	"Expression495" -> "Expressionha504"
	"-505" [label="-",style=filled,fillcolor=powderblue]
	"Expressionha504" -> "-505"
	"Term506" [label="Term"]
	"Expressionha504" -> "Term506"
	"Exponent507" [label="Exponent"]
	"Term506" -> "Exponent507"
	"Factor508" [label="Factor"]
	"Exponent507" -> "Factor508"
	"m509" [label="m",style=filled,fillcolor=powderblue]
	"Factor508" -> "m509"
	"[510" [label="[",style=filled,fillcolor=powderblue]
	"Factor508" -> "[510"
	"Expression511" [label="Expression"]
	"Factor508" -> "Expression511"
	"Term512" [label="Term"]
	"Expression511" -> "Term512"
	"Exponent513" [label="Exponent"]
	"Term512" -> "Exponent513"
	"Factor514" [label="Factor"]
	"Exponent513" -> "Factor514"
	"num515" [label="num",style=filled,fillcolor=powderblue]
	"Factor514" -> "num515"
	"Factorha516" [label="Factorha"]
	"Exponent513" -> "Factorha516"
	"**517" [label="**",style=filled,fillcolor=powderblue]
	"Factorha516" -> "**517"
	"Exponent518" [label="Exponent"]
	"Factorha516" -> "Exponent518"
	"Factor519" [label="Factor"]
	"Exponent518" -> "Factor519"
	"num520" [label="num",style=filled,fillcolor=powderblue]
	"Factor519" -> "num520"
	"Factorha521" [label="Factorha"]
	"Exponent518" -> "Factorha521"
	"e522" [label="e"]
	"Factorha521" -> "e522"
	"e523" [label="e"]
	"Factorha516" -> "e523"
	"Termha524" [label="Termha"]
	"Term512" -> "Termha524"
	"*525" [label="*",style=filled,fillcolor=powderblue]
	"Termha524" -> "*525"
	"Factor526" [label="Factor"]
	"Termha524" -> "Factor526"
	"num527" [label="num",style=filled,fillcolor=powderblue]
	"Factor526" -> "num527"
	"Termha528" [label="Termha"]
	"Termha524" -> "Termha528"
	"e529" [label="e"]
	"Termha528" -> "e529"
	"e530" [label="e"]
	"Termha524" -> "e530"
	"Expressionha531" [label="Expressionha"]
	"Expression511" -> "Expressionha531"
	"-532" [label="-",style=filled,fillcolor=powderblue]
	"Expressionha531" -> "-532"
	"Term533" [label="Term"]
	"Expressionha531" -> "Term533"
	"Exponent534" [label="Exponent"]
	"Term533" -> "Exponent534"
	"Factor535" [label="Factor"]
	"Exponent534" -> "Factor535"
	"num536" [label="num",style=filled,fillcolor=powderblue]
	"Factor535" -> "num536"
	"Factorha537" [label="Factorha"]
	"Exponent534" -> "Factorha537"
	"e538" [label="e"]
	"Factorha537" -> "e538"
	"Termha539" [label="Termha"]
	"Term533" -> "Termha539"
	"e540" [label="e"]
	"Termha539" -> "e540"
	"Expressionha541" [label="Expressionha"]
	"Expressionha531" -> "Expressionha541"
	"e542" [label="e"]
	"Expressionha541" -> "e542"
	"e543" [label="e"]
	"Expressionha531" -> "e543"
	"]544" [label="]",style=filled,fillcolor=powderblue]
	"Factor508" -> "]544"
	"Factorha545" [label="Factorha"]
	"Exponent507" -> "Factorha545"
	"e546" [label="e"]
	"Factorha545" -> "e546"
	"Termha547" [label="Termha"]
	"Term506" -> "Termha547"
	"e548" [label="e"]
	"Termha547" -> "e548"
	"Expressionha549" [label="Expressionha"]
	"Expressionha504" -> "Expressionha549"
	"-550" [label="-",style=filled,fillcolor=powderblue]
	"Expressionha549" -> "-550"
	"Term551" [label="Term"]
	"Expressionha549" -> "Term551"
	"Exponent552" [label="Exponent"]
	"Term551" -> "Exponent552"
	"Factor553" [label="Factor"]
	"Exponent552" -> "Factor553"
	"num554" [label="num",style=filled,fillcolor=powderblue]
	"Factor553" -> "num554"
	"Factorha555" [label="Factorha"]
	"Exponent552" -> "Factorha555"
	"e556" [label="e"]
	"Factorha555" -> "e556"
	"Termha557" [label="Termha"]
	"Term551" -> "Termha557"
	"e558" [label="e"]
	"Termha557" -> "e558"
	"Expressionha559" [label="Expressionha"]
	"Expressionha549" -> "Expressionha559"
	"e560" [label="e"]
	"Expressionha559" -> "e560"
	"e561" [label="e"]
	"Expressionha549" -> "e561"
	"e562" [label="e"]
	"Expressionha504" -> "e562"
	"Statements563" [label="Statements"]
	"Statements477" -> "Statements563"
	"Statement564" [label="Statement"]
	"Statements563" -> "Statement564"
	"Label565" [label="Label"]
	"Statement564" -> "Label565"
	"L566" [label="L",style=filled,fillcolor=powderblue]
	"Label565" -> "L566"
	"num567" [label="num",style=filled,fillcolor=powderblue]
	"Label565" -> "num567"
	":568" [label=":",style=filled,fillcolor=powderblue]
	"Label565" -> ":568"
	"Statements569" [label="Statements"]
	"Statements563" -> "Statements569"
	"Statement570" [label="Statement"]
	"Statements569" -> "Statement570"
	"Assignment571" [label="Assignment"]
	"Statement570" -> "Assignment571"
	"m572" [label="m",style=filled,fillcolor=powderblue]
	"Assignment571" -> "m572"
	"[573" [label="[",style=filled,fillcolor=powderblue]
	"Assignment571" -> "[573"
	"Expression574" [label="Expression"]
	"Assignment571" -> "Expression574"
	"Term575" [label="Term"]
	"Expression574" -> "Term575"
	"Exponent576" [label="Exponent"]
	"Term575" -> "Exponent576"
	"Factor577" [label="Factor"]
	"Exponent576" -> "Factor577"
	"num578" [label="num",style=filled,fillcolor=powderblue]
	"Factor577" -> "num578"
	"Factorha579" [label="Factorha"]
	"Exponent576" -> "Factorha579"
	"e580" [label="e"]
	"Factorha579" -> "e580"
	"Termha581" [label="Termha"]
	"Term575" -> "Termha581"
	"e582" [label="e"]
	"Termha581" -> "e582"
	"Expressionha583" [label="Expressionha"]
	"Expression574" -> "Expressionha583"
	"e584" [label="e"]
	"Expressionha583" -> "e584"
	"]585" [label="]",style=filled,fillcolor=powderblue]
	"Assignment571" -> "]585"
	"=586" [label="=",style=filled,fillcolor=powderblue]
	"Assignment571" -> "=586"
	"Expression587" [label="Expression"]
	"Assignment571" -> "Expression587"
	"Term588" [label="Term"]
	"Expression587" -> "Term588"
	"Exponent589" [label="Exponent"]
	"Term588" -> "Exponent589"
	"Factor590" [label="Factor"]
	"Exponent589" -> "Factor590"
	"num591" [label="num",style=filled,fillcolor=powderblue]
	"Factor590" -> "num591"
	"Factorha592" [label="Factorha"]
	"Exponent589" -> "Factorha592"
	"e593" [label="e"]
	"Factorha592" -> "e593"
	"Termha594" [label="Termha"]
	"Term588" -> "Termha594"
	"e595" [label="e"]
	"Termha594" -> "e595"
	"Expressionha596" [label="Expressionha"]
	"Expression587" -> "Expressionha596"
	"-597" [label="-",style=filled,fillcolor=powderblue]
	"Expressionha596" -> "-597"
	"Term598" [label="Term"]
	"Expressionha596" -> "Term598"
	"Exponent599" [label="Exponent"]
	"Term598" -> "Exponent599"
	"Factor600" [label="Factor"]
	"Exponent599" -> "Factor600"
	"(601" [label="(",style=filled,fillcolor=powderblue]
	"Factor600" -> "(601"
	"Expression602" [label="Expression"]
	"Factor600" -> "Expression602"
	"Term603" [label="Term"]
	"Expression602" -> "Term603"
	"Exponent604" [label="Exponent"]
	"Term603" -> "Exponent604"
	"Factor605" [label="Factor"]
	"Exponent604" -> "Factor605"
	"m606" [label="m",style=filled,fillcolor=powderblue]
	"Factor605" -> "m606"
	"[607" [label="[",style=filled,fillcolor=powderblue]
	"Factor605" -> "[607"
	"Expression608" [label="Expression"]
	"Factor605" -> "Expression608"
	"Term609" [label="Term"]
	"Expression608" -> "Term609"
	"Exponent610" [label="Exponent"]
	"Term609" -> "Exponent610"
	"Factor611" [label="Factor"]
	"Exponent610" -> "Factor611"
	"num612" [label="num",style=filled,fillcolor=powderblue]
	"Factor611" -> "num612"
	"Factorha613" [label="Factorha"]
	"Exponent610" -> "Factorha613"
	"e614" [label="e"]
	"Factorha613" -> "e614"
	"Termha615" [label="Termha"]
	"Term609" -> "Termha615"
	"e616" [label="e"]
	"Termha615" -> "e616"
	"Expressionha617" [label="Expressionha"]
	"Expression608" -> "Expressionha617"
	"e618" [label="e"]
	"Expressionha617" -> "e618"
	"]619" [label="]",style=filled,fillcolor=powderblue]
	"Factor605" -> "]619"
	"Factorha620" [label="Factorha"]
	"Exponent604" -> "Factorha620"
	"e621" [label="e"]
	"Factorha620" -> "e621"
	"Termha622" [label="Termha"]
	"Term603" -> "Termha622"
	"e623" [label="e"]
	"Termha622" -> "e623"
	"Expressionha624" [label="Expressionha"]
	"Expression602" -> "Expressionha624"
	"-625" [label="-",style=filled,fillcolor=powderblue]
	"Expressionha624" -> "-625"
	"Term626" [label="Term"]
	"Expressionha624" -> "Term626"
	"Exponent627" [label="Exponent"]
	"Term626" -> "Exponent627"
	"Factor628" [label="Factor"]
	"Exponent627" -> "Factor628"
	"num629" [label="num",style=filled,fillcolor=powderblue]
	"Factor628" -> "num629"
	"Factorha630" [label="Factorha"]
	"Exponent627" -> "Factorha630"
	"e631" [label="e"]
	"Factorha630" -> "e631"
	"Termha632" [label="Termha"]
	"Term626" -> "Termha632"
	"e633" [label="e"]
	"Termha632" -> "e633"
	"Expressionha634" [label="Expressionha"]
	"Expressionha624" -> "Expressionha634"
	"e635" [label="e"]
	"Expressionha634" -> "e635"
	"e636" [label="e"]
	"Expressionha624" -> "e636"
	")637" [label=")",style=filled,fillcolor=powderblue]
	"Factor600" -> ")637"
	"Factorha638" [label="Factorha"]
	"Exponent599" -> "Factorha638"
	"e639" [label="e"]
	"Factorha638" -> "e639"
	"Termha640" [label="Termha"]
	"Term598" -> "Termha640"
	"e641" [label="e"]
	"Termha640" -> "e641"
	"Expressionha642" [label="Expressionha"]
	"Expressionha596" -> "Expressionha642"
	"e643" [label="e"]
	"Expressionha642" -> "e643"
	"e644" [label="e"]
	"Expressionha596" -> "e644"
	"Statements645" [label="Statements"]
	"Statements569" -> "Statements645"
	"Statement646" [label="Statement"]
	"Statements645" -> "Statement646"
	"Assignment647" [label="Assignment"]
	"Statement646" -> "Assignment647"
	"m648" [label="m",style=filled,fillcolor=powderblue]
	"Assignment647" -> "m648"
	"[649" [label="[",style=filled,fillcolor=powderblue]
	"Assignment647" -> "[649"
	"Expression650" [label="Expression"]
	"Assignment647" -> "Expression650"
	"Term651" [label="Term"]
	"Expression650" -> "Term651"
	"Exponent652" [label="Exponent"]
	"Term651" -> "Exponent652"
	"Factor653" [label="Factor"]
	"Exponent652" -> "Factor653"
	"num654" [label="num",style=filled,fillcolor=powderblue]
	"Factor653" -> "num654"
	"Factorha655" [label="Factorha"]
	"Exponent652" -> "Factorha655"
	"e656" [label="e"]
	"Factorha655" -> "e656"
	"Termha657" [label="Termha"]
	"Term651" -> "Termha657"
	"e658" [label="e"]
	"Termha657" -> "e658"
	"Expressionha659" [label="Expressionha"]
	"Expression650" -> "Expressionha659"
	"e660" [label="e"]
	"Expressionha659" -> "e660"
	"]661" [label="]",style=filled,fillcolor=powderblue]
	"Assignment647" -> "]661"
	"=662" [label="=",style=filled,fillcolor=powderblue]
	"Assignment647" -> "=662"
	"Expression663" [label="Expression"]
	"Assignment647" -> "Expression663"
	"Term664" [label="Term"]
	"Expression663" -> "Term664"
	"Exponent665" [label="Exponent"]
	"Term664" -> "Exponent665"
	"Factor666" [label="Factor"]
	"Exponent665" -> "Factor666"
	"num667" [label="num",style=filled,fillcolor=powderblue]
	"Factor666" -> "num667"
	"Factorha668" [label="Factorha"]
	"Exponent665" -> "Factorha668"
	"e669" [label="e"]
	"Factorha668" -> "e669"
	"Termha670" [label="Termha"]
	"Term664" -> "Termha670"
	"/671" [label="/",style=filled,fillcolor=powderblue]
	"Termha670" -> "/671"
	"Factor672" [label="Factor"]
	"Termha670" -> "Factor672"
	"num673" [label="num",style=filled,fillcolor=powderblue]
	"Factor672" -> "num673"
	"Termha674" [label="Termha"]
	"Termha670" -> "Termha674"
	"*675" [label="*",style=filled,fillcolor=powderblue]
	"Termha674" -> "*675"
	"Factor676" [label="Factor"]
	"Termha674" -> "Factor676"
	"num677" [label="num",style=filled,fillcolor=powderblue]
	"Factor676" -> "num677"
	"Termha678" [label="Termha"]
	"Termha674" -> "Termha678"
	"e679" [label="e"]
	"Termha678" -> "e679"
	"e680" [label="e"]
	"Termha674" -> "e680"
	"e681" [label="e"]
	"Termha670" -> "e681"
	"Expressionha682" [label="Expressionha"]
	"Expression663" -> "Expressionha682"
	"e683" [label="e"]
	"Expressionha682" -> "e683"
	"Statements684" [label="Statements"]
	"Statements645" -> "Statements684"
	"Statement685" [label="Statement"]
	"Statements684" -> "Statement685"
	"Jump686" [label="Jump"]
	"Statement685" -> "Jump686"
	"goto687" [label="goto",style=filled,fillcolor=powderblue]
	"Jump686" -> "goto687"
	"Forward688" [label="Forward"]
	"Jump686" -> "Forward688"
	"num689" [label="num",style=filled,fillcolor=powderblue]
	"Forward688" -> "num689"
	"AnotherForward690" [label="AnotherForward"]
	"Forward688" -> "AnotherForward690"
	"e691" [label="e"]
	"AnotherForward690" -> "e691"
	"Statements692" [label="Statements"]
	"Statements684" -> "Statements692"
	"Statement693" [label="Statement"]
	"Statements692" -> "Statement693"
	"Assignment694" [label="Assignment"]
	"Statement693" -> "Assignment694"
	"m695" [label="m",style=filled,fillcolor=powderblue]
	"Assignment694" -> "m695"
	"[696" [label="[",style=filled,fillcolor=powderblue]
	"Assignment694" -> "[696"
	"Expression697" [label="Expression"]
	"Assignment694" -> "Expression697"
	"Term698" [label="Term"]
	"Expression697" -> "Term698"
	"Exponent699" [label="Exponent"]
	"Term698" -> "Exponent699"
	"Factor700" [label="Factor"]
	"Exponent699" -> "Factor700"
	"num701" [label="num",style=filled,fillcolor=powderblue]
	"Factor700" -> "num701"
	"Factorha702" [label="Factorha"]
	"Exponent699" -> "Factorha702"
	"e703" [label="e"]
	"Factorha702" -> "e703"
	"Termha704" [label="Termha"]
	"Term698" -> "Termha704"
	"e705" [label="e"]
	"Termha704" -> "e705"
	"Expressionha706" [label="Expressionha"]
	"Expression697" -> "Expressionha706"
	"e707" [label="e"]
	"Expressionha706" -> "e707"
	"]708" [label="]",style=filled,fillcolor=powderblue]
	"Assignment694" -> "]708"
	"=709" [label="=",style=filled,fillcolor=powderblue]
	"Assignment694" -> "=709"
	"Expression710" [label="Expression"]
	"Assignment694" -> "Expression710"
	"Term711" [label="Term"]
	"Expression710" -> "Term711"
	"Exponent712" [label="Exponent"]
	"Term711" -> "Exponent712"
	"Factor713" [label="Factor"]
	"Exponent712" -> "Factor713"
	"num714" [label="num",style=filled,fillcolor=powderblue]
	"Factor713" -> "num714"
	"Factorha715" [label="Factorha"]
	"Exponent712" -> "Factorha715"
	"e716" [label="e"]
	"Factorha715" -> "e716"
	"Termha717" [label="Termha"]
	"Term711" -> "Termha717"
	"e718" [label="e"]
	"Termha717" -> "e718"
	"Expressionha719" [label="Expressionha"]
	"Expression710" -> "Expressionha719"
	"+720" [label="+",style=filled,fillcolor=powderblue]
	"Expressionha719" -> "+720"
	"Term721" [label="Term"]
	"Expressionha719" -> "Term721"
	"Exponent722" [label="Exponent"]
	"Term721" -> "Exponent722"
	"Factor723" [label="Factor"]
	"Exponent722" -> "Factor723"
	"m724" [label="m",style=filled,fillcolor=powderblue]
	"Factor723" -> "m724"
	"[725" [label="[",style=filled,fillcolor=powderblue]
	"Factor723" -> "[725"
	"Expression726" [label="Expression"]
	"Factor723" -> "Expression726"
	"Term727" [label="Term"]
	"Expression726" -> "Term727"
	"Exponent728" [label="Exponent"]
	"Term727" -> "Exponent728"
	"Factor729" [label="Factor"]
	"Exponent728" -> "Factor729"
	"num730" [label="num",style=filled,fillcolor=powderblue]
	"Factor729" -> "num730"
	"Factorha731" [label="Factorha"]
	"Exponent728" -> "Factorha731"
	"e732" [label="e"]
	"Factorha731" -> "e732"
	"Termha733" [label="Termha"]
	"Term727" -> "Termha733"
	"e734" [label="e"]
	"Termha733" -> "e734"
	"Expressionha735" [label="Expressionha"]
	"Expression726" -> "Expressionha735"
	"e736" [label="e"]
	"Expressionha735" -> "e736"
	"]737" [label="]",style=filled,fillcolor=powderblue]
	"Factor723" -> "]737"
	"Factorha738" [label="Factorha"]
	"Exponent722" -> "Factorha738"
	"e739" [label="e"]
	"Factorha738" -> "e739"
	"Termha740" [label="Termha"]
	"Term721" -> "Termha740"
	"e741" [label="e"]
	"Termha740" -> "e741"
	"Expressionha742" [label="Expressionha"]
	"Expressionha719" -> "Expressionha742"
	"e743" [label="e"]
	"Expressionha742" -> "e743"
	"e744" [label="e"]
	"Expressionha719" -> "e744"
	"Statements745" [label="Statements"]
	"Statements692" -> "Statements745"
	"Statement746" [label="Statement"]
	"Statements745" -> "Statement746"
	"Assignment747" [label="Assignment"]
	"Statement746" -> "Assignment747"
	"m748" [label="m",style=filled,fillcolor=powderblue]
	"Assignment747" -> "m748"
	"[749" [label="[",style=filled,fillcolor=powderblue]
	"Assignment747" -> "[749"
	"Expression750" [label="Expression"]
	"Assignment747" -> "Expression750"
	"Term751" [label="Term"]
	"Expression750" -> "Term751"
	"Exponent752" [label="Exponent"]
	"Term751" -> "Exponent752"
	"Factor753" [label="Factor"]
	"Exponent752" -> "Factor753"
	"num754" [label="num",style=filled,fillcolor=powderblue]
	"Factor753" -> "num754"
	"Factorha755" [label="Factorha"]
	"Exponent752" -> "Factorha755"
	"e756" [label="e"]
	"Factorha755" -> "e756"
	"Termha757" [label="Termha"]
	"Term751" -> "Termha757"
	"e758" [label="e"]
	"Termha757" -> "e758"
	"Expressionha759" [label="Expressionha"]
	"Expression750" -> "Expressionha759"
	"e760" [label="e"]
	"Expressionha759" -> "e760"
	"]761" [label="]",style=filled,fillcolor=powderblue]
	"Assignment747" -> "]761"
	"=762" [label="=",style=filled,fillcolor=powderblue]
	"Assignment747" -> "=762"
	"Expression763" [label="Expression"]
	"Assignment747" -> "Expression763"
	"Term764" [label="Term"]
	"Expression763" -> "Term764"
	"Exponent765" [label="Exponent"]
	"Term764" -> "Exponent765"
	"Factor766" [label="Factor"]
	"Exponent765" -> "Factor766"
	"num767" [label="num",style=filled,fillcolor=powderblue]
	"Factor766" -> "num767"
	"Factorha768" [label="Factorha"]
	"Exponent765" -> "Factorha768"
	"e769" [label="e"]
	"Factorha768" -> "e769"
	"Termha770" [label="Termha"]
	"Term764" -> "Termha770"
	"e771" [label="e"]
	"Termha770" -> "e771"
	"Expressionha772" [label="Expressionha"]
	"Expression763" -> "Expressionha772"
	"-773" [label="-",style=filled,fillcolor=powderblue]
	"Expressionha772" -> "-773"
	"Term774" [label="Term"]
	"Expressionha772" -> "Term774"
	"Exponent775" [label="Exponent"]
	"Term774" -> "Exponent775"
	"Factor776" [label="Factor"]
	"Exponent775" -> "Factor776"
	"m777" [label="m",style=filled,fillcolor=powderblue]
	"Factor776" -> "m777"
	"[778" [label="[",style=filled,fillcolor=powderblue]
	"Factor776" -> "[778"
	"Expression779" [label="Expression"]
	"Factor776" -> "Expression779"
	"Term780" [label="Term"]
	"Expression779" -> "Term780"
	"Exponent781" [label="Exponent"]
	"Term780" -> "Exponent781"
	"Factor782" [label="Factor"]
	"Exponent781" -> "Factor782"
	"num783" [label="num",style=filled,fillcolor=powderblue]
	"Factor782" -> "num783"
	"Factorha784" [label="Factorha"]
	"Exponent781" -> "Factorha784"
	"e785" [label="e"]
	"Factorha784" -> "e785"
	"Termha786" [label="Termha"]
	"Term780" -> "Termha786"
	"e787" [label="e"]
	"Termha786" -> "e787"
	"Expressionha788" [label="Expressionha"]
	"Expression779" -> "Expressionha788"
	"-789" [label="-",style=filled,fillcolor=powderblue]
	"Expressionha788" -> "-789"
	"Term790" [label="Term"]
	"Expressionha788" -> "Term790"
	"Exponent791" [label="Exponent"]
	"Term790" -> "Exponent791"
	"Factor792" [label="Factor"]
	"Exponent791" -> "Factor792"
	"num793" [label="num",style=filled,fillcolor=powderblue]
	"Factor792" -> "num793"
	"Factorha794" [label="Factorha"]
	"Exponent791" -> "Factorha794"
	"e795" [label="e"]
	"Factorha794" -> "e795"
	"Termha796" [label="Termha"]
	"Term790" -> "Termha796"
	"e797" [label="e"]
	"Termha796" -> "e797"
	"Expressionha798" [label="Expressionha"]
	"Expressionha788" -> "Expressionha798"
	"e799" [label="e"]
	"Expressionha798" -> "e799"
	"e800" [label="e"]
	"Expressionha788" -> "e800"
	"]801" [label="]",style=filled,fillcolor=powderblue]
	"Factor776" -> "]801"
	"Factorha802" [label="Factorha"]
	"Exponent775" -> "Factorha802"
	"e803" [label="e"]
	"Factorha802" -> "e803"
	"Termha804" [label="Termha"]
	"Term774" -> "Termha804"
	"e805" [label="e"]
	"Termha804" -> "e805"
	"Expressionha806" [label="Expressionha"]
	"Expressionha772" -> "Expressionha806"
	"e807" [label="e"]
	"Expressionha806" -> "e807"
	"e808" [label="e"]
	"Expressionha772" -> "e808"
	"Statements809" [label="Statements"]
	"Statements745" -> "Statements809"
	"Statement810" [label="Statement"]
	"Statements809" -> "Statement810"
	"Assignment811" [label="Assignment"]
	"Statement810" -> "Assignment811"
	"m812" [label="m",style=filled,fillcolor=powderblue]
	"Assignment811" -> "m812"
	"[813" [label="[",style=filled,fillcolor=powderblue]
	"Assignment811" -> "[813"
	"Expression814" [label="Expression"]
	"Assignment811" -> "Expression814"
	"Term815" [label="Term"]
	"Expression814" -> "Term815"
	"Exponent816" [label="Exponent"]
	"Term815" -> "Exponent816"
	"Factor817" [label="Factor"]
	"Exponent816" -> "Factor817"
	"num818" [label="num",style=filled,fillcolor=powderblue]
	"Factor817" -> "num818"
	"Factorha819" [label="Factorha"]
	"Exponent816" -> "Factorha819"
	"e820" [label="e"]
	"Factorha819" -> "e820"
	"Termha821" [label="Termha"]
	"Term815" -> "Termha821"
	"e822" [label="e"]
	"Termha821" -> "e822"
	"Expressionha823" [label="Expressionha"]
	"Expression814" -> "Expressionha823"
	"e824" [label="e"]
	"Expressionha823" -> "e824"
	"]825" [label="]",style=filled,fillcolor=powderblue]
	"Assignment811" -> "]825"
	"=826" [label="=",style=filled,fillcolor=powderblue]
	"Assignment811" -> "=826"
	"Expression827" [label="Expression"]
	"Assignment811" -> "Expression827"
	"Term828" [label="Term"]
	"Expression827" -> "Term828"
	"Exponent829" [label="Exponent"]
	"Term828" -> "Exponent829"
	"Factor830" [label="Factor"]
	"Exponent829" -> "Factor830"
	"num831" [label="num",style=filled,fillcolor=powderblue]
	"Factor830" -> "num831"
	"Factorha832" [label="Factorha"]
	"Exponent829" -> "Factorha832"
	"e833" [label="e"]
	"Factorha832" -> "e833"
	"Termha834" [label="Termha"]
	"Term828" -> "Termha834"
	"e835" [label="e"]
	"Termha834" -> "e835"
	"Expressionha836" [label="Expressionha"]
	"Expression827" -> "Expressionha836"
	"-837" [label="-",style=filled,fillcolor=powderblue]
	"Expressionha836" -> "-837"
	"Term838" [label="Term"]
	"Expressionha836" -> "Term838"
	"Exponent839" [label="Exponent"]
	"Term838" -> "Exponent839"
	"Factor840" [label="Factor"]
	"Exponent839" -> "Factor840"
	"(841" [label="(",style=filled,fillcolor=powderblue]
	"Factor840" -> "(841"
	"Expression842" [label="Expression"]
	"Factor840" -> "Expression842"
	"Term843" [label="Term"]
	"Expression842" -> "Term843"
	"Exponent844" [label="Exponent"]
	"Term843" -> "Exponent844"
	"Factor845" [label="Factor"]
	"Exponent844" -> "Factor845"
	"num846" [label="num",style=filled,fillcolor=powderblue]
	"Factor845" -> "num846"
	"Factorha847" [label="Factorha"]
	"Exponent844" -> "Factorha847"
	"e848" [label="e"]
	"Factorha847" -> "e848"
	"Termha849" [label="Termha"]
	"Term843" -> "Termha849"
	"e850" [label="e"]
	"Termha849" -> "e850"
	"Expressionha851" [label="Expressionha"]
	"Expression842" -> "Expressionha851"
	"-852" [label="-",style=filled,fillcolor=powderblue]
	"Expressionha851" -> "-852"
	"Term853" [label="Term"]
	"Expressionha851" -> "Term853"
	"Exponent854" [label="Exponent"]
	"Term853" -> "Exponent854"
	"Factor855" [label="Factor"]
	"Exponent854" -> "Factor855"
	"num856" [label="num",style=filled,fillcolor=powderblue]
	"Factor855" -> "num856"
	"Factorha857" [label="Factorha"]
	"Exponent854" -> "Factorha857"
	"e858" [label="e"]
	"Factorha857" -> "e858"
	"Termha859" [label="Termha"]
	"Term853" -> "Termha859"
	"e860" [label="e"]
	"Termha859" -> "e860"
	"Expressionha861" [label="Expressionha"]
	"Expressionha851" -> "Expressionha861"
	"e862" [label="e"]
	"Expressionha861" -> "e862"
	"e863" [label="e"]
	"Expressionha851" -> "e863"
	")864" [label=")",style=filled,fillcolor=powderblue]
	"Factor840" -> ")864"
	"Factorha865" [label="Factorha"]
	"Exponent839" -> "Factorha865"
	"e866" [label="e"]
	"Factorha865" -> "e866"
	"Termha867" [label="Termha"]
	"Term838" -> "Termha867"
	"e868" [label="e"]
	"Termha867" -> "e868"
	"Expressionha869" [label="Expressionha"]
	"Expressionha836" -> "Expressionha869"
	"e870" [label="e"]
	"Expressionha869" -> "e870"
	"e871" [label="e"]
	"Expressionha836" -> "e871"
	"Statements872" [label="Statements"]
	"Statements809" -> "Statements872"
	"Statement873" [label="Statement"]
	"Statements872" -> "Statement873"
	"Assignment874" [label="Assignment"]
	"Statement873" -> "Assignment874"
	"m875" [label="m",style=filled,fillcolor=powderblue]
	"Assignment874" -> "m875"
	"[876" [label="[",style=filled,fillcolor=powderblue]
	"Assignment874" -> "[876"
	"Expression877" [label="Expression"]
	"Assignment874" -> "Expression877"
	"Term878" [label="Term"]
	"Expression877" -> "Term878"
	"Exponent879" [label="Exponent"]
	"Term878" -> "Exponent879"
	"Factor880" [label="Factor"]
	"Exponent879" -> "Factor880"
	"num881" [label="num",style=filled,fillcolor=powderblue]
	"Factor880" -> "num881"
	"Factorha882" [label="Factorha"]
	"Exponent879" -> "Factorha882"
	"e883" [label="e"]
	"Factorha882" -> "e883"
	"Termha884" [label="Termha"]
	"Term878" -> "Termha884"
	"e885" [label="e"]
	"Termha884" -> "e885"
	"Expressionha886" [label="Expressionha"]
	"Expression877" -> "Expressionha886"
	"e887" [label="e"]
	"Expressionha886" -> "e887"
	"]888" [label="]",style=filled,fillcolor=powderblue]
	"Assignment874" -> "]888"
	"=889" [label="=",style=filled,fillcolor=powderblue]
	"Assignment874" -> "=889"
	"Expression890" [label="Expression"]
	"Assignment874" -> "Expression890"
	"Term891" [label="Term"]
	"Expression890" -> "Term891"
	"Exponent892" [label="Exponent"]
	"Term891" -> "Exponent892"
	"Factor893" [label="Factor"]
	"Exponent892" -> "Factor893"
	"num894" [label="num",style=filled,fillcolor=powderblue]
	"Factor893" -> "num894"
	"Factorha895" [label="Factorha"]
	"Exponent892" -> "Factorha895"
	"e896" [label="e"]
	"Factorha895" -> "e896"
	"Termha897" [label="Termha"]
	"Term891" -> "Termha897"
	"e898" [label="e"]
	"Termha897" -> "e898"
	"Expressionha899" [label="Expressionha"]
	"Expression890" -> "Expressionha899"
	"-900" [label="-",style=filled,fillcolor=powderblue]
	"Expressionha899" -> "-900"
	"Term901" [label="Term"]
	"Expressionha899" -> "Term901"
	"Exponent902" [label="Exponent"]
	"Term901" -> "Exponent902"
	"Factor903" [label="Factor"]
	"Exponent902" -> "Factor903"
	"m904" [label="m",style=filled,fillcolor=powderblue]
	"Factor903" -> "m904"
	"[905" [label="[",style=filled,fillcolor=powderblue]
	"Factor903" -> "[905"
	"Expression906" [label="Expression"]
	"Factor903" -> "Expression906"
	"Term907" [label="Term"]
	"Expression906" -> "Term907"
	"Exponent908" [label="Exponent"]
	"Term907" -> "Exponent908"
	"Factor909" [label="Factor"]
	"Exponent908" -> "Factor909"
	"(910" [label="(",style=filled,fillcolor=powderblue]
	"Factor909" -> "(910"
	"Expression911" [label="Expression"]
	"Factor909" -> "Expression911"
	"Term912" [label="Term"]
	"Expression911" -> "Term912"
	"Exponent913" [label="Exponent"]
	"Term912" -> "Exponent913"
	"Factor914" [label="Factor"]
	"Exponent913" -> "Factor914"
	"num915" [label="num",style=filled,fillcolor=powderblue]
	"Factor914" -> "num915"
	"Factorha916" [label="Factorha"]
	"Exponent913" -> "Factorha916"
	"e917" [label="e"]
	"Factorha916" -> "e917"
	"Termha918" [label="Termha"]
	"Term912" -> "Termha918"
	"e919" [label="e"]
	"Termha918" -> "e919"
	"Expressionha920" [label="Expressionha"]
	"Expression911" -> "Expressionha920"
	"-921" [label="-",style=filled,fillcolor=powderblue]
	"Expressionha920" -> "-921"
	"Term922" [label="Term"]
	"Expressionha920" -> "Term922"
	"Exponent923" [label="Exponent"]
	"Term922" -> "Exponent923"
	"Factor924" [label="Factor"]
	"Exponent923" -> "Factor924"
	"num925" [label="num",style=filled,fillcolor=powderblue]
	"Factor924" -> "num925"
	"Factorha926" [label="Factorha"]
	"Exponent923" -> "Factorha926"
	"e927" [label="e"]
	"Factorha926" -> "e927"
	"Termha928" [label="Termha"]
	"Term922" -> "Termha928"
	"e929" [label="e"]
	"Termha928" -> "e929"
	"Expressionha930" [label="Expressionha"]
	"Expressionha920" -> "Expressionha930"
	"e931" [label="e"]
	"Expressionha930" -> "e931"
	"e932" [label="e"]
	"Expressionha920" -> "e932"
	")933" [label=")",style=filled,fillcolor=powderblue]
	"Factor909" -> ")933"
	"Factorha934" [label="Factorha"]
	"Exponent908" -> "Factorha934"
	"e935" [label="e"]
	"Factorha934" -> "e935"
	"Termha936" [label="Termha"]
	"Term907" -> "Termha936"
	"e937" [label="e"]
	"Termha936" -> "e937"
	"Expressionha938" [label="Expressionha"]
	"Expression906" -> "Expressionha938"
	"e939" [label="e"]
	"Expressionha938" -> "e939"
	"]940" [label="]",style=filled,fillcolor=powderblue]
	"Factor903" -> "]940"
	"Factorha941" [label="Factorha"]
	"Exponent902" -> "Factorha941"
	"e942" [label="e"]
	"Factorha941" -> "e942"
	"Termha943" [label="Termha"]
	"Term901" -> "Termha943"
	"e944" [label="e"]
	"Termha943" -> "e944"
	"Expressionha945" [label="Expressionha"]
	"Expressionha899" -> "Expressionha945"
	"e946" [label="e"]
	"Expressionha945" -> "e946"
	"e947" [label="e"]
	"Expressionha899" -> "e947"
	"Statements948" [label="Statements"]
	"Statements872" -> "Statements948"
	"Statement949" [label="Statement"]
	"Statements948" -> "Statement949"
	"Print950" [label="Print"]
	"Statement949" -> "Print950"
	"print951" [label="print",style=filled,fillcolor=powderblue]
	"Print950" -> "print951"
	"Expression952" [label="Expression"]
	"Print950" -> "Expression952"
	"Term953" [label="Term"]
	"Expression952" -> "Term953"
	"Exponent954" [label="Exponent"]
	"Term953" -> "Exponent954"
	"Factor955" [label="Factor"]
	"Exponent954" -> "Factor955"
	"m956" [label="m",style=filled,fillcolor=powderblue]
	"Factor955" -> "m956"
	"[957" [label="[",style=filled,fillcolor=powderblue]
	"Factor955" -> "[957"
	"Expression958" [label="Expression"]
	"Factor955" -> "Expression958"
	"Term959" [label="Term"]
	"Expression958" -> "Term959"
	"Exponent960" [label="Exponent"]
	"Term959" -> "Exponent960"
	"Factor961" [label="Factor"]
	"Exponent960" -> "Factor961"
	"num962" [label="num",style=filled,fillcolor=powderblue]
	"Factor961" -> "num962"
	"Factorha963" [label="Factorha"]
	"Exponent960" -> "Factorha963"
	"e964" [label="e"]
	"Factorha963" -> "e964"
	"Termha965" [label="Termha"]
	"Term959" -> "Termha965"
	"e966" [label="e"]
	"Termha965" -> "e966"
	"Expressionha967" [label="Expressionha"]
	"Expression958" -> "Expressionha967"
	"e968" [label="e"]
	"Expressionha967" -> "e968"
	"]969" [label="]",style=filled,fillcolor=powderblue]
	"Factor955" -> "]969"
	"Factorha970" [label="Factorha"]
	"Exponent954" -> "Factorha970"
	"e971" [label="e"]
	"Factorha970" -> "e971"
	"Termha972" [label="Termha"]
	"Term953" -> "Termha972"
	"e973" [label="e"]
	"Termha972" -> "e973"
	"Expressionha974" [label="Expressionha"]
	"Expression952" -> "Expressionha974"
	"e975" [label="e"]
	"Expressionha974" -> "e975"
	"Statements976" [label="Statements"]
	"Statements948" -> "Statements976"
	"e977" [label="e"]
	"Statements976" -> "e977"
}
