digraph G {
	"Start1" [label="Start"]
	"Statement2" [label="Statement"]
	"Start1" -> "Statement2"
	"Assignment3" [label="Assignment"]
	"Statement2" -> "Assignment3"
	"m4" [label="m",style=filled,fillcolor=powderblue]
	"Assignment3" -> "m4"
	"[5" [label="[",style=filled,fillcolor=powderblue]
	"Assignment3" -> "[5"
	"Expression6" [label="Expression"]
	"Assignment3" -> "Expression6"
	"Term7" [label="Term"]
	"Expression6" -> "Term7"
	"Exponent8" [label="Exponent"]
	"Term7" -> "Exponent8"
	"Factor9" [label="Factor"]
	"Exponent8" -> "Factor9"
	"num10" [label="num",style=filled,fillcolor=powderblue]
	"Factor9" -> "num10"
	"Factorha11" [label="Factorha"]
	"Exponent8" -> "Factorha11"
	"e12" [label="e"]
	"Factorha11" -> "e12"
	"Termha13" [label="Termha"]
	"Term7" -> "Termha13"
	"e14" [label="e"]
	"Termha13" -> "e14"
	"Expressionha15" [label="Expressionha"]
	"Expression6" -> "Expressionha15"
	"e16" [label="e"]
	"Expressionha15" -> "e16"
	"]17" [label="]",style=filled,fillcolor=powderblue]
	"Assignment3" -> "]17"
	"=18" [label="=",style=filled,fillcolor=powderblue]
	"Assignment3" -> "=18"
	"Expression19" [label="Expression"]
	"Assignment3" -> "Expression19"
	"Term20" [label="Term"]
	"Expression19" -> "Term20"
	"Exponent21" [label="Exponent"]
	"Term20" -> "Exponent21"
	"Factor22" [label="Factor"]
	"Exponent21" -> "Factor22"
	"num23" [label="num",style=filled,fillcolor=powderblue]
	"Factor22" -> "num23"
	"Factorha24" [label="Factorha"]
	"Exponent21" -> "Factorha24"
	"e25" [label="e"]
	"Factorha24" -> "e25"
	"Termha26" [label="Termha"]
	"Term20" -> "Termha26"
	"/27" [label="/",style=filled,fillcolor=powderblue]
	"Termha26" -> "/27"
	"Factor28" [label="Factor"]
	"Termha26" -> "Factor28"
	"num29" [label="num",style=filled,fillcolor=powderblue]
	"Factor28" -> "num29"
	"Termha30" [label="Termha"]
	"Termha26" -> "Termha30"
	"*31" [label="*",style=filled,fillcolor=powderblue]
	"Termha30" -> "*31"
	"Factor32" [label="Factor"]
	"Termha30" -> "Factor32"
	"num33" [label="num",style=filled,fillcolor=powderblue]
	"Factor32" -> "num33"
	"Termha34" [label="Termha"]
	"Termha30" -> "Termha34"
	"e35" [label="e"]
	"Termha34" -> "e35"
	"e36" [label="e"]
	"Termha30" -> "e36"
	"e37" [label="e"]
	"Termha26" -> "e37"
	"Expressionha38" [label="Expressionha"]
	"Expression19" -> "Expressionha38"
	"e39" [label="e"]
	"Expressionha38" -> "e39"
	"Statements40" [label="Statements"]
	"Start1" -> "Statements40"
	"Statement41" [label="Statement"]
	"Statements40" -> "Statement41"
	"Assignment42" [label="Assignment"]
	"Statement41" -> "Assignment42"
	"m43" [label="m",style=filled,fillcolor=powderblue]
	"Assignment42" -> "m43"
	"[44" [label="[",style=filled,fillcolor=powderblue]
	"Assignment42" -> "[44"
	"Expression45" [label="Expression"]
	"Assignment42" -> "Expression45"
	"Term46" [label="Term"]
	"Expression45" -> "Term46"
	"Exponent47" [label="Exponent"]
	"Term46" -> "Exponent47"
	"Factor48" [label="Factor"]
	"Exponent47" -> "Factor48"
	"num49" [label="num",style=filled,fillcolor=powderblue]
	"Factor48" -> "num49"
	"Factorha50" [label="Factorha"]
	"Exponent47" -> "Factorha50"
	"e51" [label="e"]
	"Factorha50" -> "e51"
	"Termha52" [label="Termha"]
	"Term46" -> "Termha52"
	"e53" [label="e"]
	"Termha52" -> "e53"
	"Expressionha54" [label="Expressionha"]
	"Expression45" -> "Expressionha54"
	"e55" [label="e"]
	"Expressionha54" -> "e55"
	"]56" [label="]",style=filled,fillcolor=powderblue]
	"Assignment42" -> "]56"
	"=57" [label="=",style=filled,fillcolor=powderblue]
	"Assignment42" -> "=57"
	"Expression58" [label="Expression"]
	"Assignment42" -> "Expression58"
	"Term59" [label="Term"]
	"Expression58" -> "Term59"
	"Exponent60" [label="Exponent"]
	"Term59" -> "Exponent60"
	"Factor61" [label="Factor"]
	"Exponent60" -> "Factor61"
	"num62" [label="num",style=filled,fillcolor=powderblue]
	"Factor61" -> "num62"
	"Factorha63" [label="Factorha"]
	"Exponent60" -> "Factorha63"
	"e64" [label="e"]
	"Factorha63" -> "e64"
	"Termha65" [label="Termha"]
	"Term59" -> "Termha65"
	"/66" [label="/",style=filled,fillcolor=powderblue]
	"Termha65" -> "/66"
	"Factor67" [label="Factor"]
	"Termha65" -> "Factor67"
	"num68" [label="num",style=filled,fillcolor=powderblue]
	"Factor67" -> "num68"
	"Termha69" [label="Termha"]
	"Termha65" -> "Termha69"
	"*70" [label="*",style=filled,fillcolor=powderblue]
	"Termha69" -> "*70"
	"Factor71" [label="Factor"]
	"Termha69" -> "Factor71"
	"num72" [label="num",style=filled,fillcolor=powderblue]
	"Factor71" -> "num72"
	"Termha73" [label="Termha"]
	"Termha69" -> "Termha73"
	"e74" [label="e"]
	"Termha73" -> "e74"
	"e75" [label="e"]
	"Termha69" -> "e75"
	"e76" [label="e"]
	"Termha65" -> "e76"
	"Expressionha77" [label="Expressionha"]
	"Expression58" -> "Expressionha77"
	"e78" [label="e"]
	"Expressionha77" -> "e78"
	"Statements79" [label="Statements"]
	"Statements40" -> "Statements79"
	"Statement80" [label="Statement"]
	"Statements79" -> "Statement80"
	"Jump81" [label="Jump"]
	"Statement80" -> "Jump81"
	"goto82" [label="goto",style=filled,fillcolor=powderblue]
	"Jump81" -> "goto82"
	"Forward83" [label="Forward"]
	"Jump81" -> "Forward83"
	"num84" [label="num",style=filled,fillcolor=powderblue]
	"Forward83" -> "num84"
	"AnotherForward85" [label="AnotherForward"]
	"Forward83" -> "AnotherForward85"
	"e86" [label="e"]
	"AnotherForward85" -> "e86"
	"Statements87" [label="Statements"]
	"Statements79" -> "Statements87"
	"Statement88" [label="Statement"]
	"Statements87" -> "Statement88"
	"Assignment89" [label="Assignment"]
	"Statement88" -> "Assignment89"
	"m90" [label="m",style=filled,fillcolor=powderblue]
	"Assignment89" -> "m90"
	"[91" [label="[",style=filled,fillcolor=powderblue]
	"Assignment89" -> "[91"
	"Expression92" [label="Expression"]
	"Assignment89" -> "Expression92"
	"Term93" [label="Term"]
	"Expression92" -> "Term93"
	"Exponent94" [label="Exponent"]
	"Term93" -> "Exponent94"
	"Factor95" [label="Factor"]
	"Exponent94" -> "Factor95"
	"num96" [label="num",style=filled,fillcolor=powderblue]
	"Factor95" -> "num96"
	"Factorha97" [label="Factorha"]
	"Exponent94" -> "Factorha97"
	"e98" [label="e"]
	"Factorha97" -> "e98"
	"Termha99" [label="Termha"]
	"Term93" -> "Termha99"
	"e100" [label="e"]
	"Termha99" -> "e100"
	"Expressionha101" [label="Expressionha"]
	"Expression92" -> "Expressionha101"
	"e102" [label="e"]
	"Expressionha101" -> "e102"
	"]103" [label="]",style=filled,fillcolor=powderblue]
	"Assignment89" -> "]103"
	"=104" [label="=",style=filled,fillcolor=powderblue]
	"Assignment89" -> "=104"
	"Expression105" [label="Expression"]
	"Assignment89" -> "Expression105"
	"Term106" [label="Term"]
	"Expression105" -> "Term106"
	"Exponent107" [label="Exponent"]
	"Term106" -> "Exponent107"
	"Factor108" [label="Factor"]
	"Exponent107" -> "Factor108"
	"num109" [label="num",style=filled,fillcolor=powderblue]
	"Factor108" -> "num109"
	"Factorha110" [label="Factorha"]
	"Exponent107" -> "Factorha110"
	"e111" [label="e"]
	"Factorha110" -> "e111"
	"Termha112" [label="Termha"]
	"Term106" -> "Termha112"
	"e113" [label="e"]
	"Termha112" -> "e113"
	"Expressionha114" [label="Expressionha"]
	"Expression105" -> "Expressionha114"
	"+115" [label="+",style=filled,fillcolor=powderblue]
	"Expressionha114" -> "+115"
	"Term116" [label="Term"]
	"Expressionha114" -> "Term116"
	"Exponent117" [label="Exponent"]
	"Term116" -> "Exponent117"
	"Factor118" [label="Factor"]
	"Exponent117" -> "Factor118"
	"m119" [label="m",style=filled,fillcolor=powderblue]
	"Factor118" -> "m119"
	"[120" [label="[",style=filled,fillcolor=powderblue]
	"Factor118" -> "[120"
	"Expression121" [label="Expression"]
	"Factor118" -> "Expression121"
	"Term122" [label="Term"]
	"Expression121" -> "Term122"
	"Exponent123" [label="Exponent"]
	"Term122" -> "Exponent123"
	"Factor124" [label="Factor"]
	"Exponent123" -> "Factor124"
	"num125" [label="num",style=filled,fillcolor=powderblue]
	"Factor124" -> "num125"
	"Factorha126" [label="Factorha"]
	"Exponent123" -> "Factorha126"
	"e127" [label="e"]
	"Factorha126" -> "e127"
	"Termha128" [label="Termha"]
	"Term122" -> "Termha128"
	"e129" [label="e"]
	"Termha128" -> "e129"
	"Expressionha130" [label="Expressionha"]
	"Expression121" -> "Expressionha130"
	"e131" [label="e"]
	"Expressionha130" -> "e131"
	"]132" [label="]",style=filled,fillcolor=powderblue]
	"Factor118" -> "]132"
	"Factorha133" [label="Factorha"]
	"Exponent117" -> "Factorha133"
	"e134" [label="e"]
	"Factorha133" -> "e134"
	"Termha135" [label="Termha"]
	"Term116" -> "Termha135"
	"e136" [label="e"]
	"Termha135" -> "e136"
	"Expressionha137" [label="Expressionha"]
	"Expressionha114" -> "Expressionha137"
	"e138" [label="e"]
	"Expressionha137" -> "e138"
	"e139" [label="e"]
	"Expressionha114" -> "e139"
	"Statements140" [label="Statements"]
	"Statements87" -> "Statements140"
	"Statement141" [label="Statement"]
	"Statements140" -> "Statement141"
	"Assignment142" [label="Assignment"]
	"Statement141" -> "Assignment142"
	"m143" [label="m",style=filled,fillcolor=powderblue]
	"Assignment142" -> "m143"
	"[144" [label="[",style=filled,fillcolor=powderblue]
	"Assignment142" -> "[144"
	"Expression145" [label="Expression"]
	"Assignment142" -> "Expression145"
	"Term146" [label="Term"]
	"Expression145" -> "Term146"
	"Exponent147" [label="Exponent"]
	"Term146" -> "Exponent147"
	"Factor148" [label="Factor"]
	"Exponent147" -> "Factor148"
	"num149" [label="num",style=filled,fillcolor=powderblue]
	"Factor148" -> "num149"
	"Factorha150" [label="Factorha"]
	"Exponent147" -> "Factorha150"
	"e151" [label="e"]
	"Factorha150" -> "e151"
	"Termha152" [label="Termha"]
	"Term146" -> "Termha152"
	"e153" [label="e"]
	"Termha152" -> "e153"
	"Expressionha154" [label="Expressionha"]
	"Expression145" -> "Expressionha154"
	"e155" [label="e"]
	"Expressionha154" -> "e155"
	"]156" [label="]",style=filled,fillcolor=powderblue]
	"Assignment142" -> "]156"
	"=157" [label="=",style=filled,fillcolor=powderblue]
	"Assignment142" -> "=157"
	"Expression158" [label="Expression"]
	"Assignment142" -> "Expression158"
	"Term159" [label="Term"]
	"Expression158" -> "Term159"
	"Exponent160" [label="Exponent"]
	"Term159" -> "Exponent160"
	"Factor161" [label="Factor"]
	"Exponent160" -> "Factor161"
	"num162" [label="num",style=filled,fillcolor=powderblue]
	"Factor161" -> "num162"
	"Factorha163" [label="Factorha"]
	"Exponent160" -> "Factorha163"
	"e164" [label="e"]
	"Factorha163" -> "e164"
	"Termha165" [label="Termha"]
	"Term159" -> "Termha165"
	"e166" [label="e"]
	"Termha165" -> "e166"
	"Expressionha167" [label="Expressionha"]
	"Expression158" -> "Expressionha167"
	"-168" [label="-",style=filled,fillcolor=powderblue]
	"Expressionha167" -> "-168"
	"Term169" [label="Term"]
	"Expressionha167" -> "Term169"
	"Exponent170" [label="Exponent"]
	"Term169" -> "Exponent170"
	"Factor171" [label="Factor"]
	"Exponent170" -> "Factor171"
	"m172" [label="m",style=filled,fillcolor=powderblue]
	"Factor171" -> "m172"
	"[173" [label="[",style=filled,fillcolor=powderblue]
	"Factor171" -> "[173"
	"Expression174" [label="Expression"]
	"Factor171" -> "Expression174"
	"Term175" [label="Term"]
	"Expression174" -> "Term175"
	"Exponent176" [label="Exponent"]
	"Term175" -> "Exponent176"
	"Factor177" [label="Factor"]
	"Exponent176" -> "Factor177"
	"num178" [label="num",style=filled,fillcolor=powderblue]
	"Factor177" -> "num178"
	"Factorha179" [label="Factorha"]
	"Exponent176" -> "Factorha179"
	"**180" [label="**",style=filled,fillcolor=powderblue]
	"Factorha179" -> "**180"
	"Exponent181" [label="Exponent"]
	"Factorha179" -> "Exponent181"
	"Factor182" [label="Factor"]
	"Exponent181" -> "Factor182"
	"num183" [label="num",style=filled,fillcolor=powderblue]
	"Factor182" -> "num183"
	"Factorha184" [label="Factorha"]
	"Exponent181" -> "Factorha184"
	"e185" [label="e"]
	"Factorha184" -> "e185"
	"e186" [label="e"]
	"Factorha179" -> "e186"
	"Termha187" [label="Termha"]
	"Term175" -> "Termha187"
	"*188" [label="*",style=filled,fillcolor=powderblue]
	"Termha187" -> "*188"
	"Factor189" [label="Factor"]
	"Termha187" -> "Factor189"
	"num190" [label="num",style=filled,fillcolor=powderblue]
	"Factor189" -> "num190"
	"Termha191" [label="Termha"]
	"Termha187" -> "Termha191"
	"e192" [label="e"]
	"Termha191" -> "e192"
	"e193" [label="e"]
	"Termha187" -> "e193"
	"Expressionha194" [label="Expressionha"]
	"Expression174" -> "Expressionha194"
	"-195" [label="-",style=filled,fillcolor=powderblue]
	"Expressionha194" -> "-195"
	"Term196" [label="Term"]
	"Expressionha194" -> "Term196"
	"Exponent197" [label="Exponent"]
	"Term196" -> "Exponent197"
	"Factor198" [label="Factor"]
	"Exponent197" -> "Factor198"
	"num199" [label="num",style=filled,fillcolor=powderblue]
	"Factor198" -> "num199"
	"Factorha200" [label="Factorha"]
	"Exponent197" -> "Factorha200"
	"e201" [label="e"]
	"Factorha200" -> "e201"
	"Termha202" [label="Termha"]
	"Term196" -> "Termha202"
	"e203" [label="e"]
	"Termha202" -> "e203"
	"Expressionha204" [label="Expressionha"]
	"Expressionha194" -> "Expressionha204"
	"e205" [label="e"]
	"Expressionha204" -> "e205"
	"e206" [label="e"]
	"Expressionha194" -> "e206"
	"]207" [label="]",style=filled,fillcolor=powderblue]
	"Factor171" -> "]207"
	"Factorha208" [label="Factorha"]
	"Exponent170" -> "Factorha208"
	"e209" [label="e"]
	"Factorha208" -> "e209"
	"Termha210" [label="Termha"]
	"Term169" -> "Termha210"
	"e211" [label="e"]
	"Termha210" -> "e211"
	"Expressionha212" [label="Expressionha"]
	"Expressionha167" -> "Expressionha212"
	"-213" [label="-",style=filled,fillcolor=powderblue]
	"Expressionha212" -> "-213"
	"Term214" [label="Term"]
	"Expressionha212" -> "Term214"
	"Exponent215" [label="Exponent"]
	"Term214" -> "Exponent215"
	"Factor216" [label="Factor"]
	"Exponent215" -> "Factor216"
	"num217" [label="num",style=filled,fillcolor=powderblue]
	"Factor216" -> "num217"
	"Factorha218" [label="Factorha"]
	"Exponent215" -> "Factorha218"
	"e219" [label="e"]
	"Factorha218" -> "e219"
	"Termha220" [label="Termha"]
	"Term214" -> "Termha220"
	"e221" [label="e"]
	"Termha220" -> "e221"
	"Expressionha222" [label="Expressionha"]
	"Expressionha212" -> "Expressionha222"
	"e223" [label="e"]
	"Expressionha222" -> "e223"
	"e224" [label="e"]
	"Expressionha212" -> "e224"
	"e225" [label="e"]
	"Expressionha167" -> "e225"
	"Statements226" [label="Statements"]
	"Statements140" -> "Statements226"
	"Statement227" [label="Statement"]
	"Statements226" -> "Statement227"
	"Label228" [label="Label"]
	"Statement227" -> "Label228"
	"L229" [label="L",style=filled,fillcolor=powderblue]
	"Label228" -> "L229"
	"num230" [label="num",style=filled,fillcolor=powderblue]
	"Label228" -> "num230"
	":231" [label=":",style=filled,fillcolor=powderblue]
	"Label228" -> ":231"
syntax error: found m expecting : - line 7
