digraph G {
	"Start1" [label="Start"]
	"Statement2" [label="Statement"]
	"Start1" -> "Statement2"
	"Assignment3" [label="Assignment"]
	"Statement2" -> "Assignment3"
	"m4" [label="m",style=filled,fillcolor=powderblue]
	"Assignment3" -> "m4"
	"[5" [label="[",style=filled,fillcolor=powderblue]
	"Assignment3" -> "[5"
	"Expression6" [label="Expression"]
	"Assignment3" -> "Expression6"
	"Term7" [label="Term"]
	"Expression6" -> "Term7"
	"Exponent8" [label="Exponent"]
	"Term7" -> "Exponent8"
	"Factor9" [label="Factor"]
	"Exponent8" -> "Factor9"
	"num10" [label="num",style=filled,fillcolor=powderblue]
	"Factor9" -> "num10"
	"Factorha11" [label="Factorha"]
	"Exponent8" -> "Factorha11"
	"e12" [label="e"]
	"Factorha11" -> "e12"
	"Termha13" [label="Termha"]
	"Term7" -> "Termha13"
	"e14" [label="e"]
	"Termha13" -> "e14"
	"Expressionha15" [label="Expressionha"]
	"Expression6" -> "Expressionha15"
	"e16" [label="e"]
	"Expressionha15" -> "e16"
	"]17" [label="]",style=filled,fillcolor=powderblue]
	"Assignment3" -> "]17"
	"=18" [label="=",style=filled,fillcolor=powderblue]
	"Assignment3" -> "=18"
	"Expression19" [label="Expression"]
	"Assignment3" -> "Expression19"
	"Term20" [label="Term"]
	"Expression19" -> "Term20"
	"Exponent21" [label="Exponent"]
	"Term20" -> "Exponent21"
	"Factor22" [label="Factor"]
	"Exponent21" -> "Factor22"
	"num23" [label="num",style=filled,fillcolor=powderblue]
	"Factor22" -> "num23"
	"Factorha24" [label="Factorha"]
	"Exponent21" -> "Factorha24"
	"e25" [label="e"]
	"Factorha24" -> "e25"
	"Termha26" [label="Termha"]
	"Term20" -> "Termha26"
	"/27" [label="/",style=filled,fillcolor=powderblue]
	"Termha26" -> "/27"
	"Factor28" [label="Factor"]
	"Termha26" -> "Factor28"
	"num29" [label="num",style=filled,fillcolor=powderblue]
	"Factor28" -> "num29"
	"Termha30" [label="Termha"]
	"Termha26" -> "Termha30"
	"*31" [label="*",style=filled,fillcolor=powderblue]
	"Termha30" -> "*31"
	"Factor32" [label="Factor"]
	"Termha30" -> "Factor32"
	"num33" [label="num",style=filled,fillcolor=powderblue]
	"Factor32" -> "num33"
	"Termha34" [label="Termha"]
	"Termha30" -> "Termha34"
	"e35" [label="e"]
	"Termha34" -> "e35"
	"e36" [label="e"]
	"Termha30" -> "e36"
	"e37" [label="e"]
	"Termha26" -> "e37"
	"Expressionha38" [label="Expressionha"]
	"Expression19" -> "Expressionha38"
	"e39" [label="e"]
	"Expressionha38" -> "e39"
	"Statements40" [label="Statements"]
	"Start1" -> "Statements40"
	"Statement41" [label="Statement"]
	"Statements40" -> "Statement41"
	"Assignment42" [label="Assignment"]
	"Statement41" -> "Assignment42"
	"m43" [label="m",style=filled,fillcolor=powderblue]
	"Assignment42" -> "m43"
	"[44" [label="[",style=filled,fillcolor=powderblue]
	"Assignment42" -> "[44"
	"Expression45" [label="Expression"]
	"Assignment42" -> "Expression45"
	"Term46" [label="Term"]
	"Expression45" -> "Term46"
	"Exponent47" [label="Exponent"]
	"Term46" -> "Exponent47"
	"Factor48" [label="Factor"]
	"Exponent47" -> "Factor48"
	"num49" [label="num",style=filled,fillcolor=powderblue]
	"Factor48" -> "num49"
	"Factorha50" [label="Factorha"]
	"Exponent47" -> "Factorha50"
	"e51" [label="e"]
	"Factorha50" -> "e51"
	"Termha52" [label="Termha"]
	"Term46" -> "Termha52"
	"e53" [label="e"]
	"Termha52" -> "e53"
	"Expressionha54" [label="Expressionha"]
	"Expression45" -> "Expressionha54"
	"e55" [label="e"]
	"Expressionha54" -> "e55"
	"]56" [label="]",style=filled,fillcolor=powderblue]
	"Assignment42" -> "]56"
	"=57" [label="=",style=filled,fillcolor=powderblue]
	"Assignment42" -> "=57"
	"Expression58" [label="Expression"]
	"Assignment42" -> "Expression58"
	"Term59" [label="Term"]
	"Expression58" -> "Term59"
	"Exponent60" [label="Exponent"]
	"Term59" -> "Exponent60"
	"Factor61" [label="Factor"]
	"Exponent60" -> "Factor61"
	"num62" [label="num",style=filled,fillcolor=powderblue]
	"Factor61" -> "num62"
	"Factorha63" [label="Factorha"]
	"Exponent60" -> "Factorha63"
	"e64" [label="e"]
	"Factorha63" -> "e64"
	"Termha65" [label="Termha"]
	"Term59" -> "Termha65"
	"/66" [label="/",style=filled,fillcolor=powderblue]
	"Termha65" -> "/66"
	"Factor67" [label="Factor"]
	"Termha65" -> "Factor67"
	"num68" [label="num",style=filled,fillcolor=powderblue]
	"Factor67" -> "num68"
	"Termha69" [label="Termha"]
	"Termha65" -> "Termha69"
	"*70" [label="*",style=filled,fillcolor=powderblue]
	"Termha69" -> "*70"
	"Factor71" [label="Factor"]
	"Termha69" -> "Factor71"
	"num72" [label="num",style=filled,fillcolor=powderblue]
	"Factor71" -> "num72"
	"Termha73" [label="Termha"]
	"Termha69" -> "Termha73"
	"e74" [label="e"]
	"Termha73" -> "e74"
	"e75" [label="e"]
	"Termha69" -> "e75"
	"e76" [label="e"]
	"Termha65" -> "e76"
	"Expressionha77" [label="Expressionha"]
	"Expression58" -> "Expressionha77"
	"e78" [label="e"]
	"Expressionha77" -> "e78"
	"Statements79" [label="Statements"]
	"Statements40" -> "Statements79"
	"Statement80" [label="Statement"]
	"Statements79" -> "Statement80"
	"Jump81" [label="Jump"]
	"Statement80" -> "Jump81"
	"goto82" [label="goto",style=filled,fillcolor=powderblue]
	"Jump81" -> "goto82"
	"Forward83" [label="Forward"]
	"Jump81" -> "Forward83"
	"num84" [label="num",style=filled,fillcolor=powderblue]
	"Forward83" -> "num84"
	"AnotherForward85" [label="AnotherForward"]
	"Forward83" -> "AnotherForward85"
	"e86" [label="e"]
	"AnotherForward85" -> "e86"
	"Statements87" [label="Statements"]
	"Statements79" -> "Statements87"
	"Statement88" [label="Statement"]
	"Statements87" -> "Statement88"
	"Assignment89" [label="Assignment"]
	"Statement88" -> "Assignment89"
	"m90" [label="m",style=filled,fillcolor=powderblue]
	"Assignment89" -> "m90"
	"[91" [label="[",style=filled,fillcolor=powderblue]
	"Assignment89" -> "[91"
	"Expression92" [label="Expression"]
	"Assignment89" -> "Expression92"
	"Term93" [label="Term"]
	"Expression92" -> "Term93"
	"Exponent94" [label="Exponent"]
	"Term93" -> "Exponent94"
	"Factor95" [label="Factor"]
	"Exponent94" -> "Factor95"
	"num96" [label="num",style=filled,fillcolor=powderblue]
	"Factor95" -> "num96"
	"Factorha97" [label="Factorha"]
	"Exponent94" -> "Factorha97"
	"e98" [label="e"]
	"Factorha97" -> "e98"
	"Termha99" [label="Termha"]
	"Term93" -> "Termha99"
	"e100" [label="e"]
	"Termha99" -> "e100"
	"Expressionha101" [label="Expressionha"]
	"Expression92" -> "Expressionha101"
	"e102" [label="e"]
	"Expressionha101" -> "e102"
	"]103" [label="]",style=filled,fillcolor=powderblue]
	"Assignment89" -> "]103"
	"=104" [label="=",style=filled,fillcolor=powderblue]
	"Assignment89" -> "=104"
	"Expression105" [label="Expression"]
	"Assignment89" -> "Expression105"
	"Term106" [label="Term"]
	"Expression105" -> "Term106"
	"Exponent107" [label="Exponent"]
	"Term106" -> "Exponent107"
	"Factor108" [label="Factor"]
	"Exponent107" -> "Factor108"
	"num109" [label="num",style=filled,fillcolor=powderblue]
	"Factor108" -> "num109"
	"Factorha110" [label="Factorha"]
	"Exponent107" -> "Factorha110"
	"e111" [label="e"]
	"Factorha110" -> "e111"
	"Termha112" [label="Termha"]
	"Term106" -> "Termha112"
	"e113" [label="e"]
	"Termha112" -> "e113"
	"Expressionha114" [label="Expressionha"]
	"Expression105" -> "Expressionha114"
	"+115" [label="+",style=filled,fillcolor=powderblue]
	"Expressionha114" -> "+115"
	"Term116" [label="Term"]
	"Expressionha114" -> "Term116"
	"Exponent117" [label="Exponent"]
	"Term116" -> "Exponent117"
	"Factor118" [label="Factor"]
	"Exponent117" -> "Factor118"
	"m119" [label="m",style=filled,fillcolor=powderblue]
	"Factor118" -> "m119"
	"[120" [label="[",style=filled,fillcolor=powderblue]
	"Factor118" -> "[120"
	"Expression121" [label="Expression"]
	"Factor118" -> "Expression121"
	"Term122" [label="Term"]
	"Expression121" -> "Term122"
	"Exponent123" [label="Exponent"]
	"Term122" -> "Exponent123"
	"Factor124" [label="Factor"]
	"Exponent123" -> "Factor124"
	"num125" [label="num",style=filled,fillcolor=powderblue]
	"Factor124" -> "num125"
	"Factorha126" [label="Factorha"]
	"Exponent123" -> "Factorha126"
	"e127" [label="e"]
	"Factorha126" -> "e127"
	"Termha128" [label="Termha"]
	"Term122" -> "Termha128"
	"e129" [label="e"]
	"Termha128" -> "e129"
	"Expressionha130" [label="Expressionha"]
	"Expression121" -> "Expressionha130"
	"e131" [label="e"]
	"Expressionha130" -> "e131"
	"]132" [label="]",style=filled,fillcolor=powderblue]
	"Factor118" -> "]132"
	"Factorha133" [label="Factorha"]
	"Exponent117" -> "Factorha133"
	"e134" [label="e"]
	"Factorha133" -> "e134"
	"Termha135" [label="Termha"]
	"Term116" -> "Termha135"
	"e136" [label="e"]
	"Termha135" -> "e136"
	"Expressionha137" [label="Expressionha"]
	"Expressionha114" -> "Expressionha137"
	"e138" [label="e"]
	"Expressionha137" -> "e138"
	"e139" [label="e"]
	"Expressionha114" -> "e139"
	"Statements140" [label="Statements"]
	"Statements87" -> "Statements140"
	"Statement141" [label="Statement"]
	"Statements140" -> "Statement141"
	"Assignment142" [label="Assignment"]
	"Statement141" -> "Assignment142"
	"m143" [label="m",style=filled,fillcolor=powderblue]
	"Assignment142" -> "m143"
	"[144" [label="[",style=filled,fillcolor=powderblue]
	"Assignment142" -> "[144"
	"Expression145" [label="Expression"]
	"Assignment142" -> "Expression145"
	"Term146" [label="Term"]
	"Expression145" -> "Term146"
	"Exponent147" [label="Exponent"]
	"Term146" -> "Exponent147"
	"Factor148" [label="Factor"]
	"Exponent147" -> "Factor148"
	"num149" [label="num",style=filled,fillcolor=powderblue]
	"Factor148" -> "num149"
	"Factorha150" [label="Factorha"]
	"Exponent147" -> "Factorha150"
	"e151" [label="e"]
	"Factorha150" -> "e151"
	"Termha152" [label="Termha"]
	"Term146" -> "Termha152"
	"e153" [label="e"]
	"Termha152" -> "e153"
	"Expressionha154" [label="Expressionha"]
	"Expression145" -> "Expressionha154"
	"e155" [label="e"]
	"Expressionha154" -> "e155"
	"]156" [label="]",style=filled,fillcolor=powderblue]
	"Assignment142" -> "]156"
	"=157" [label="=",style=filled,fillcolor=powderblue]
	"Assignment142" -> "=157"
	"Expression158" [label="Expression"]
	"Assignment142" -> "Expression158"
	"Term159" [label="Term"]
	"Expression158" -> "Term159"
	"Exponent160" [label="Exponent"]
	"Term159" -> "Exponent160"
	"Factor161" [label="Factor"]
	"Exponent160" -> "Factor161"
	"num162" [label="num",style=filled,fillcolor=powderblue]
	"Factor161" -> "num162"
	"Factorha163" [label="Factorha"]
	"Exponent160" -> "Factorha163"
	"e164" [label="e"]
	"Factorha163" -> "e164"
	"Termha165" [label="Termha"]
	"Term159" -> "Termha165"
	"e166" [label="e"]
	"Termha165" -> "e166"
	"Expressionha167" [label="Expressionha"]
	"Expression158" -> "Expressionha167"
	"-168" [label="-",style=filled,fillcolor=powderblue]
	"Expressionha167" -> "-168"
	"Term169" [label="Term"]
	"Expressionha167" -> "Term169"
	"Exponent170" [label="Exponent"]
	"Term169" -> "Exponent170"
	"Factor171" [label="Factor"]
	"Exponent170" -> "Factor171"
	"m172" [label="m",style=filled,fillcolor=powderblue]
	"Factor171" -> "m172"
	"[173" [label="[",style=filled,fillcolor=powderblue]
	"Factor171" -> "[173"
	"Expression174" [label="Expression"]
	"Factor171" -> "Expression174"
	"Term175" [label="Term"]
	"Expression174" -> "Term175"
	"Exponent176" [label="Exponent"]
	"Term175" -> "Exponent176"
	"Factor177" [label="Factor"]
	"Exponent176" -> "Factor177"
	"num178" [label="num",style=filled,fillcolor=powderblue]
	"Factor177" -> "num178"
	"Factorha179" [label="Factorha"]
	"Exponent176" -> "Factorha179"
	"**180" [label="**",style=filled,fillcolor=powderblue]
	"Factorha179" -> "**180"
	"Exponent181" [label="Exponent"]
	"Factorha179" -> "Exponent181"
	"Factor182" [label="Factor"]
	"Exponent181" -> "Factor182"
	"num183" [label="num",style=filled,fillcolor=powderblue]
	"Factor182" -> "num183"
	"Factorha184" [label="Factorha"]
	"Exponent181" -> "Factorha184"
	"e185" [label="e"]
	"Factorha184" -> "e185"
	"e186" [label="e"]
	"Factorha179" -> "e186"
	"Termha187" [label="Termha"]
	"Term175" -> "Termha187"
	"*188" [label="*",style=filled,fillcolor=powderblue]
	"Termha187" -> "*188"
	"Factor189" [label="Factor"]
	"Termha187" -> "Factor189"
	"num190" [label="num",style=filled,fillcolor=powderblue]
	"Factor189" -> "num190"
	"Termha191" [label="Termha"]
	"Termha187" -> "Termha191"
	"e192" [label="e"]
	"Termha191" -> "e192"
	"e193" [label="e"]
	"Termha187" -> "e193"
	"Expressionha194" [label="Expressionha"]
	"Expression174" -> "Expressionha194"
	"-195" [label="-",style=filled,fillcolor=powderblue]
	"Expressionha194" -> "-195"
	"Term196" [label="Term"]
	"Expressionha194" -> "Term196"
	"Exponent197" [label="Exponent"]
	"Term196" -> "Exponent197"
	"Factor198" [label="Factor"]
	"Exponent197" -> "Factor198"
	"num199" [label="num",style=filled,fillcolor=powderblue]
	"Factor198" -> "num199"
	"Factorha200" [label="Factorha"]
	"Exponent197" -> "Factorha200"
	"e201" [label="e"]
	"Factorha200" -> "e201"
	"Termha202" [label="Termha"]
	"Term196" -> "Termha202"
	"e203" [label="e"]
	"Termha202" -> "e203"
	"Expressionha204" [label="Expressionha"]
	"Expressionha194" -> "Expressionha204"
	"e205" [label="e"]
	"Expressionha204" -> "e205"
	"e206" [label="e"]
	"Expressionha194" -> "e206"
	"]207" [label="]",style=filled,fillcolor=powderblue]
	"Factor171" -> "]207"
	"Factorha208" [label="Factorha"]
	"Exponent170" -> "Factorha208"
	"e209" [label="e"]
	"Factorha208" -> "e209"
	"Termha210" [label="Termha"]
	"Term169" -> "Termha210"
	"e211" [label="e"]
	"Termha210" -> "e211"
	"Expressionha212" [label="Expressionha"]
	"Expressionha167" -> "Expressionha212"
	"-213" [label="-",style=filled,fillcolor=powderblue]
	"Expressionha212" -> "-213"
	"Term214" [label="Term"]
	"Expressionha212" -> "Term214"
	"Exponent215" [label="Exponent"]
	"Term214" -> "Exponent215"
	"Factor216" [label="Factor"]
	"Exponent215" -> "Factor216"
	"num217" [label="num",style=filled,fillcolor=powderblue]
	"Factor216" -> "num217"
	"Factorha218" [label="Factorha"]
	"Exponent215" -> "Factorha218"
	"e219" [label="e"]
	"Factorha218" -> "e219"
	"Termha220" [label="Termha"]
	"Term214" -> "Termha220"
	"e221" [label="e"]
	"Termha220" -> "e221"
	"Expressionha222" [label="Expressionha"]
	"Expressionha212" -> "Expressionha222"
	"e223" [label="e"]
	"Expressionha222" -> "e223"
	"e224" [label="e"]
	"Expressionha212" -> "e224"
	"e225" [label="e"]
	"Expressionha167" -> "e225"
	"Statements226" [label="Statements"]
	"Statements140" -> "Statements226"
	"Statement227" [label="Statement"]
	"Statements226" -> "Statement227"
	"Label228" [label="Label"]
	"Statement227" -> "Label228"
	"L229" [label="L",style=filled,fillcolor=powderblue]
	"Label228" -> "L229"
	"num230" [label="num",style=filled,fillcolor=powderblue]
	"Label228" -> "num230"
	":231" [label=":",style=filled,fillcolor=powderblue]
	"Label228" -> ":231"
	"Statements232" [label="Statements"]
	"Statements226" -> "Statements232"
	"Statement233" [label="Statement"]
	"Statements232" -> "Statement233"
	"Assignment234" [label="Assignment"]
	"Statement233" -> "Assignment234"
	"m235" [label="m",style=filled,fillcolor=powderblue]
	"Assignment234" -> "m235"
	"[236" [label="[",style=filled,fillcolor=powderblue]
	"Assignment234" -> "[236"
	"Expression237" [label="Expression"]
	"Assignment234" -> "Expression237"
	"Term238" [label="Term"]
	"Expression237" -> "Term238"
	"Exponent239" [label="Exponent"]
	"Term238" -> "Exponent239"
	"Factor240" [label="Factor"]
	"Exponent239" -> "Factor240"
	"num241" [label="num",style=filled,fillcolor=powderblue]
	"Factor240" -> "num241"
	"Factorha242" [label="Factorha"]
	"Exponent239" -> "Factorha242"
	"e243" [label="e"]
	"Factorha242" -> "e243"
	"Termha244" [label="Termha"]
	"Term238" -> "Termha244"
	"e245" [label="e"]
	"Termha244" -> "e245"
	"Expressionha246" [label="Expressionha"]
	"Expression237" -> "Expressionha246"
	"e247" [label="e"]
	"Expressionha246" -> "e247"
	"]248" [label="]",style=filled,fillcolor=powderblue]
	"Assignment234" -> "]248"
	"=249" [label="=",style=filled,fillcolor=powderblue]
	"Assignment234" -> "=249"
	"Expression250" [label="Expression"]
	"Assignment234" -> "Expression250"
	"Term251" [label="Term"]
	"Expression250" -> "Term251"
	"Exponent252" [label="Exponent"]
	"Term251" -> "Exponent252"
	"Factor253" [label="Factor"]
	"Exponent252" -> "Factor253"
	"num254" [label="num",style=filled,fillcolor=powderblue]
	"Factor253" -> "num254"
	"Factorha255" [label="Factorha"]
	"Exponent252" -> "Factorha255"
	"e256" [label="e"]
	"Factorha255" -> "e256"
	"Termha257" [label="Termha"]
	"Term251" -> "Termha257"
	"e258" [label="e"]
	"Termha257" -> "e258"
	"Expressionha259" [label="Expressionha"]
	"Expression250" -> "Expressionha259"
	"-260" [label="-",style=filled,fillcolor=powderblue]
	"Expressionha259" -> "-260"
	"Term261" [label="Term"]
	"Expressionha259" -> "Term261"
	"Exponent262" [label="Exponent"]
	"Term261" -> "Exponent262"
	"Factor263" [label="Factor"]
	"Exponent262" -> "Factor263"
	"(264" [label="(",style=filled,fillcolor=powderblue]
	"Factor263" -> "(264"
	"Expression265" [label="Expression"]
	"Factor263" -> "Expression265"
	"Term266" [label="Term"]
	"Expression265" -> "Term266"
	"Exponent267" [label="Exponent"]
	"Term266" -> "Exponent267"
	"Factor268" [label="Factor"]
	"Exponent267" -> "Factor268"
	"m269" [label="m",style=filled,fillcolor=powderblue]
	"Factor268" -> "m269"
	"[270" [label="[",style=filled,fillcolor=powderblue]
	"Factor268" -> "[270"
	"Expression271" [label="Expression"]
	"Factor268" -> "Expression271"
	"Term272" [label="Term"]
	"Expression271" -> "Term272"
	"Exponent273" [label="Exponent"]
	"Term272" -> "Exponent273"
	"Factor274" [label="Factor"]
	"Exponent273" -> "Factor274"
	"num275" [label="num",style=filled,fillcolor=powderblue]
	"Factor274" -> "num275"
	"Factorha276" [label="Factorha"]
	"Exponent273" -> "Factorha276"
	"e277" [label="e"]
	"Factorha276" -> "e277"
	"Termha278" [label="Termha"]
	"Term272" -> "Termha278"
	"e279" [label="e"]
	"Termha278" -> "e279"
	"Expressionha280" [label="Expressionha"]
	"Expression271" -> "Expressionha280"
	"e281" [label="e"]
	"Expressionha280" -> "e281"
	"]282" [label="]",style=filled,fillcolor=powderblue]
	"Factor268" -> "]282"
	"Factorha283" [label="Factorha"]
	"Exponent267" -> "Factorha283"
	"e284" [label="e"]
	"Factorha283" -> "e284"
	"Termha285" [label="Termha"]
	"Term266" -> "Termha285"
	"e286" [label="e"]
	"Termha285" -> "e286"
	"Expressionha287" [label="Expressionha"]
	"Expression265" -> "Expressionha287"
	"-288" [label="-",style=filled,fillcolor=powderblue]
	"Expressionha287" -> "-288"
	"Term289" [label="Term"]
	"Expressionha287" -> "Term289"
	"Exponent290" [label="Exponent"]
	"Term289" -> "Exponent290"
	"Factor291" [label="Factor"]
	"Exponent290" -> "Factor291"
	"num292" [label="num",style=filled,fillcolor=powderblue]
	"Factor291" -> "num292"
	"Factorha293" [label="Factorha"]
	"Exponent290" -> "Factorha293"
	"e294" [label="e"]
	"Factorha293" -> "e294"
	"Termha295" [label="Termha"]
	"Term289" -> "Termha295"
	"e296" [label="e"]
	"Termha295" -> "e296"
	"Expressionha297" [label="Expressionha"]
	"Expressionha287" -> "Expressionha297"
	"e298" [label="e"]
	"Expressionha297" -> "e298"
	"e299" [label="e"]
	"Expressionha287" -> "e299"
	")300" [label=")",style=filled,fillcolor=powderblue]
	"Factor263" -> ")300"
	"Factorha301" [label="Factorha"]
	"Exponent262" -> "Factorha301"
	"e302" [label="e"]
	"Factorha301" -> "e302"
	"Termha303" [label="Termha"]
	"Term261" -> "Termha303"
	"e304" [label="e"]
	"Termha303" -> "e304"
	"Expressionha305" [label="Expressionha"]
	"Expressionha259" -> "Expressionha305"
	"e306" [label="e"]
	"Expressionha305" -> "e306"
	"e307" [label="e"]
	"Expressionha259" -> "e307"
	"Statements308" [label="Statements"]
	"Statements232" -> "Statements308"
	"Statement309" [label="Statement"]
	"Statements308" -> "Statement309"
	"Assignment310" [label="Assignment"]
	"Statement309" -> "Assignment310"
	"m311" [label="m",style=filled,fillcolor=powderblue]
	"Assignment310" -> "m311"
	"[312" [label="[",style=filled,fillcolor=powderblue]
	"Assignment310" -> "[312"
	"Expression313" [label="Expression"]
	"Assignment310" -> "Expression313"
	"Term314" [label="Term"]
	"Expression313" -> "Term314"
	"Exponent315" [label="Exponent"]
	"Term314" -> "Exponent315"
	"Factor316" [label="Factor"]
	"Exponent315" -> "Factor316"
	"num317" [label="num",style=filled,fillcolor=powderblue]
	"Factor316" -> "num317"
	"Factorha318" [label="Factorha"]
	"Exponent315" -> "Factorha318"
	"e319" [label="e"]
	"Factorha318" -> "e319"
	"Termha320" [label="Termha"]
	"Term314" -> "Termha320"
	"e321" [label="e"]
	"Termha320" -> "e321"
	"Expressionha322" [label="Expressionha"]
	"Expression313" -> "Expressionha322"
	"e323" [label="e"]
	"Expressionha322" -> "e323"
	"]324" [label="]",style=filled,fillcolor=powderblue]
	"Assignment310" -> "]324"
	"=325" [label="=",style=filled,fillcolor=powderblue]
	"Assignment310" -> "=325"
	"Expression326" [label="Expression"]
	"Assignment310" -> "Expression326"
	"Term327" [label="Term"]
	"Expression326" -> "Term327"
	"Exponent328" [label="Exponent"]
	"Term327" -> "Exponent328"
	"Factor329" [label="Factor"]
	"Exponent328" -> "Factor329"
	"num330" [label="num",style=filled,fillcolor=powderblue]
	"Factor329" -> "num330"
	"Factorha331" [label="Factorha"]
	"Exponent328" -> "Factorha331"
	"e332" [label="e"]
	"Factorha331" -> "e332"
	"Termha333" [label="Termha"]
	"Term327" -> "Termha333"
	"e334" [label="e"]
	"Termha333" -> "e334"
	"Expressionha335" [label="Expressionha"]
	"Expression326" -> "Expressionha335"
	"+336" [label="+",style=filled,fillcolor=powderblue]
	"Expressionha335" -> "+336"
	"Term337" [label="Term"]
	"Expressionha335" -> "Term337"
	"Exponent338" [label="Exponent"]
	"Term337" -> "Exponent338"
	"Factor339" [label="Factor"]
	"Exponent338" -> "Factor339"
	"m340" [label="m",style=filled,fillcolor=powderblue]
	"Factor339" -> "m340"
	"[341" [label="[",style=filled,fillcolor=powderblue]
	"Factor339" -> "[341"
	"Expression342" [label="Expression"]
	"Factor339" -> "Expression342"
	"Term343" [label="Term"]
	"Expression342" -> "Term343"
	"Exponent344" [label="Exponent"]
	"Term343" -> "Exponent344"
	"Factor345" [label="Factor"]
	"Exponent344" -> "Factor345"
	"num346" [label="num",style=filled,fillcolor=powderblue]
	"Factor345" -> "num346"
	"Factorha347" [label="Factorha"]
	"Exponent344" -> "Factorha347"
	"e348" [label="e"]
	"Factorha347" -> "e348"
	"Termha349" [label="Termha"]
	"Term343" -> "Termha349"
	"e350" [label="e"]
	"Termha349" -> "e350"
	"Expressionha351" [label="Expressionha"]
	"Expression342" -> "Expressionha351"
	"e352" [label="e"]
	"Expressionha351" -> "e352"
	"]353" [label="]",style=filled,fillcolor=powderblue]
	"Factor339" -> "]353"
	"Factorha354" [label="Factorha"]
	"Exponent338" -> "Factorha354"
	"e355" [label="e"]
	"Factorha354" -> "e355"
	"Termha356" [label="Termha"]
	"Term337" -> "Termha356"
	"e357" [label="e"]
	"Termha356" -> "e357"
	"Expressionha358" [label="Expressionha"]
	"Expressionha335" -> "Expressionha358"
	"e359" [label="e"]
	"Expressionha358" -> "e359"
	"e360" [label="e"]
	"Expressionha335" -> "e360"
	"Statements361" [label="Statements"]
	"Statements308" -> "Statements361"
	"Statement362" [label="Statement"]
	"Statements361" -> "Statement362"
	"Assignment363" [label="Assignment"]
	"Statement362" -> "Assignment363"
	"m364" [label="m",style=filled,fillcolor=powderblue]
	"Assignment363" -> "m364"
	"[365" [label="[",style=filled,fillcolor=powderblue]
	"Assignment363" -> "[365"
	"Expression366" [label="Expression"]
	"Assignment363" -> "Expression366"
	"Term367" [label="Term"]
	"Expression366" -> "Term367"
	"Exponent368" [label="Exponent"]
	"Term367" -> "Exponent368"
	"Factor369" [label="Factor"]
	"Exponent368" -> "Factor369"
	"num370" [label="num",style=filled,fillcolor=powderblue]
	"Factor369" -> "num370"
	"Factorha371" [label="Factorha"]
	"Exponent368" -> "Factorha371"
	"e372" [label="e"]
	"Factorha371" -> "e372"
	"Termha373" [label="Termha"]
	"Term367" -> "Termha373"
	"e374" [label="e"]
	"Termha373" -> "e374"
	"Expressionha375" [label="Expressionha"]
	"Expression366" -> "Expressionha375"
	"e376" [label="e"]
	"Expressionha375" -> "e376"
	"]377" [label="]",style=filled,fillcolor=powderblue]
	"Assignment363" -> "]377"
	"=378" [label="=",style=filled,fillcolor=powderblue]
	"Assignment363" -> "=378"
	"Expression379" [label="Expression"]
	"Assignment363" -> "Expression379"
	"Term380" [label="Term"]
	"Expression379" -> "Term380"
	"Exponent381" [label="Exponent"]
	"Term380" -> "Exponent381"
	"Factor382" [label="Factor"]
	"Exponent381" -> "Factor382"
	"num383" [label="num",style=filled,fillcolor=powderblue]
	"Factor382" -> "num383"
	"Factorha384" [label="Factorha"]
	"Exponent381" -> "Factorha384"
	"e385" [label="e"]
	"Factorha384" -> "e385"
	"Termha386" [label="Termha"]
	"Term380" -> "Termha386"
	"e387" [label="e"]
	"Termha386" -> "e387"
	"Expressionha388" [label="Expressionha"]
	"Expression379" -> "Expressionha388"
	"-389" [label="-",style=filled,fillcolor=powderblue]
	"Expressionha388" -> "-389"
	"Term390" [label="Term"]
	"Expressionha388" -> "Term390"
	"Exponent391" [label="Exponent"]
	"Term390" -> "Exponent391"
	"Factor392" [label="Factor"]
	"Exponent391" -> "Factor392"
	"m393" [label="m",style=filled,fillcolor=powderblue]
	"Factor392" -> "m393"
	"[394" [label="[",style=filled,fillcolor=powderblue]
	"Factor392" -> "[394"
	"Expression395" [label="Expression"]
	"Factor392" -> "Expression395"
	"Term396" [label="Term"]
	"Expression395" -> "Term396"
	"Exponent397" [label="Exponent"]
	"Term396" -> "Exponent397"
	"Factor398" [label="Factor"]
	"Exponent397" -> "Factor398"
	"num399" [label="num",style=filled,fillcolor=powderblue]
	"Factor398" -> "num399"
	"Factorha400" [label="Factorha"]
	"Exponent397" -> "Factorha400"
	"e401" [label="e"]
	"Factorha400" -> "e401"
	"Termha402" [label="Termha"]
	"Term396" -> "Termha402"
	"e403" [label="e"]
	"Termha402" -> "e403"
	"Expressionha404" [label="Expressionha"]
	"Expression395" -> "Expressionha404"
	"-405" [label="-",style=filled,fillcolor=powderblue]
	"Expressionha404" -> "-405"
	"Term406" [label="Term"]
	"Expressionha404" -> "Term406"
	"Exponent407" [label="Exponent"]
	"Term406" -> "Exponent407"
	"Factor408" [label="Factor"]
	"Exponent407" -> "Factor408"
	"num409" [label="num",style=filled,fillcolor=powderblue]
	"Factor408" -> "num409"
	"Factorha410" [label="Factorha"]
	"Exponent407" -> "Factorha410"
	"e411" [label="e"]
	"Factorha410" -> "e411"
	"Termha412" [label="Termha"]
	"Term406" -> "Termha412"
	"e413" [label="e"]
	"Termha412" -> "e413"
	"Expressionha414" [label="Expressionha"]
	"Expressionha404" -> "Expressionha414"
	"e415" [label="e"]
	"Expressionha414" -> "e415"
	"e416" [label="e"]
	"Expressionha404" -> "e416"
	"]417" [label="]",style=filled,fillcolor=powderblue]
	"Factor392" -> "]417"
	"Factorha418" [label="Factorha"]
	"Exponent391" -> "Factorha418"
	"e419" [label="e"]
	"Factorha418" -> "e419"
	"Termha420" [label="Termha"]
	"Term390" -> "Termha420"
	"e421" [label="e"]
	"Termha420" -> "e421"
	"Expressionha422" [label="Expressionha"]
	"Expressionha388" -> "Expressionha422"
	"e423" [label="e"]
	"Expressionha422" -> "e423"
	"e424" [label="e"]
	"Expressionha388" -> "e424"
	"Statements425" [label="Statements"]
	"Statements361" -> "Statements425"
	"Statement426" [label="Statement"]
	"Statements425" -> "Statement426"
	"Assignment427" [label="Assignment"]
	"Statement426" -> "Assignment427"
	"m428" [label="m",style=filled,fillcolor=powderblue]
	"Assignment427" -> "m428"
	"[429" [label="[",style=filled,fillcolor=powderblue]
	"Assignment427" -> "[429"
	"Expression430" [label="Expression"]
	"Assignment427" -> "Expression430"
	"Term431" [label="Term"]
	"Expression430" -> "Term431"
	"Exponent432" [label="Exponent"]
	"Term431" -> "Exponent432"
	"Factor433" [label="Factor"]
	"Exponent432" -> "Factor433"
	"num434" [label="num",style=filled,fillcolor=powderblue]
	"Factor433" -> "num434"
	"Factorha435" [label="Factorha"]
	"Exponent432" -> "Factorha435"
	"e436" [label="e"]
	"Factorha435" -> "e436"
	"Termha437" [label="Termha"]
	"Term431" -> "Termha437"
	"e438" [label="e"]
	"Termha437" -> "e438"
	"Expressionha439" [label="Expressionha"]
	"Expression430" -> "Expressionha439"
	"e440" [label="e"]
	"Expressionha439" -> "e440"
	"]441" [label="]",style=filled,fillcolor=powderblue]
	"Assignment427" -> "]441"
	"=442" [label="=",style=filled,fillcolor=powderblue]
	"Assignment427" -> "=442"
	"Expression443" [label="Expression"]
	"Assignment427" -> "Expression443"
	"Term444" [label="Term"]
	"Expression443" -> "Term444"
	"Exponent445" [label="Exponent"]
	"Term444" -> "Exponent445"
	"Factor446" [label="Factor"]
	"Exponent445" -> "Factor446"
	"num447" [label="num",style=filled,fillcolor=powderblue]
	"Factor446" -> "num447"
	"Factorha448" [label="Factorha"]
	"Exponent445" -> "Factorha448"
	"e449" [label="e"]
	"Factorha448" -> "e449"
	"Termha450" [label="Termha"]
	"Term444" -> "Termha450"
	"e451" [label="e"]
	"Termha450" -> "e451"
	"Expressionha452" [label="Expressionha"]
	"Expression443" -> "Expressionha452"
	"-453" [label="-",style=filled,fillcolor=powderblue]
	"Expressionha452" -> "-453"
	"Term454" [label="Term"]
	"Expressionha452" -> "Term454"
	"Exponent455" [label="Exponent"]
	"Term454" -> "Exponent455"
	"Factor456" [label="Factor"]
	"Exponent455" -> "Factor456"
	"(457" [label="(",style=filled,fillcolor=powderblue]
	"Factor456" -> "(457"
	"Expression458" [label="Expression"]
	"Factor456" -> "Expression458"
	"Term459" [label="Term"]
	"Expression458" -> "Term459"
	"Exponent460" [label="Exponent"]
	"Term459" -> "Exponent460"
	"Factor461" [label="Factor"]
	"Exponent460" -> "Factor461"
	"num462" [label="num",style=filled,fillcolor=powderblue]
	"Factor461" -> "num462"
	"Factorha463" [label="Factorha"]
	"Exponent460" -> "Factorha463"
	"e464" [label="e"]
	"Factorha463" -> "e464"
	"Termha465" [label="Termha"]
	"Term459" -> "Termha465"
	"e466" [label="e"]
	"Termha465" -> "e466"
	"Expressionha467" [label="Expressionha"]
	"Expression458" -> "Expressionha467"
	"-468" [label="-",style=filled,fillcolor=powderblue]
	"Expressionha467" -> "-468"
	"Term469" [label="Term"]
	"Expressionha467" -> "Term469"
	"Exponent470" [label="Exponent"]
	"Term469" -> "Exponent470"
	"Factor471" [label="Factor"]
	"Exponent470" -> "Factor471"
	"num472" [label="num",style=filled,fillcolor=powderblue]
	"Factor471" -> "num472"
	"Factorha473" [label="Factorha"]
	"Exponent470" -> "Factorha473"
	"e474" [label="e"]
	"Factorha473" -> "e474"
	"Termha475" [label="Termha"]
	"Term469" -> "Termha475"
	"e476" [label="e"]
	"Termha475" -> "e476"
	"Expressionha477" [label="Expressionha"]
	"Expressionha467" -> "Expressionha477"
	"e478" [label="e"]
	"Expressionha477" -> "e478"
	"e479" [label="e"]
	"Expressionha467" -> "e479"
	")480" [label=")",style=filled,fillcolor=powderblue]
	"Factor456" -> ")480"
	"Factorha481" [label="Factorha"]
	"Exponent455" -> "Factorha481"
	"e482" [label="e"]
	"Factorha481" -> "e482"
	"Termha483" [label="Termha"]
	"Term454" -> "Termha483"
	"/484" [label="/",style=filled,fillcolor=powderblue]
	"Termha483" -> "/484"
	"Factor485" [label="Factor"]
	"Termha483" -> "Factor485"
	"m486" [label="m",style=filled,fillcolor=powderblue]
	"Factor485" -> "m486"
	"[487" [label="[",style=filled,fillcolor=powderblue]
	"Factor485" -> "[487"
	"Expression488" [label="Expression"]
	"Factor485" -> "Expression488"
	"Term489" [label="Term"]
	"Expression488" -> "Term489"
	"Exponent490" [label="Exponent"]
	"Term489" -> "Exponent490"
	"Factor491" [label="Factor"]
	"Exponent490" -> "Factor491"
	"num492" [label="num",style=filled,fillcolor=powderblue]
	"Factor491" -> "num492"
	"Factorha493" [label="Factorha"]
	"Exponent490" -> "Factorha493"
	"e494" [label="e"]
	"Factorha493" -> "e494"
	"Termha495" [label="Termha"]
	"Term489" -> "Termha495"
	"e496" [label="e"]
	"Termha495" -> "e496"
	"Expressionha497" [label="Expressionha"]
	"Expression488" -> "Expressionha497"
	"e498" [label="e"]
	"Expressionha497" -> "e498"
	"]499" [label="]",style=filled,fillcolor=powderblue]
	"Factor485" -> "]499"
syntax error: found = in parsing Factor - line 11
