digraph G {
	"Start1" [label="Start"]
	"Statement2" [label="Statement"]
	"Start1" -> "Statement2"
	"Assignment3" [label="Assignment"]
	"Statement2" -> "Assignment3"
	"m4" [label="m",style=filled,fillcolor=powderblue]
	"Assignment3" -> "m4"
	"[5" [label="[",style=filled,fillcolor=powderblue]
	"Assignment3" -> "[5"
	"Expression6" [label="Expression"]
	"Assignment3" -> "Expression6"
	"Term7" [label="Term"]
	"Expression6" -> "Term7"
	"Exponent8" [label="Exponent"]
	"Term7" -> "Exponent8"
	"Factor9" [label="Factor"]
	"Exponent8" -> "Factor9"
	"num10" [label="num",style=filled,fillcolor=powderblue]
	"Factor9" -> "num10"
	"Factorha11" [label="Factorha"]
	"Exponent8" -> "Factorha11"
	"e12" [label="e"]
	"Factorha11" -> "e12"
	"Termha13" [label="Termha"]
	"Term7" -> "Termha13"
	"e14" [label="e"]
	"Termha13" -> "e14"
	"Expressionha15" [label="Expressionha"]
	"Expression6" -> "Expressionha15"
	"e16" [label="e"]
	"Expressionha15" -> "e16"
	"]17" [label="]",style=filled,fillcolor=powderblue]
	"Assignment3" -> "]17"
	"=18" [label="=",style=filled,fillcolor=powderblue]
	"Assignment3" -> "=18"
	"Expression19" [label="Expression"]
	"Assignment3" -> "Expression19"
	"Term20" [label="Term"]
	"Expression19" -> "Term20"
	"Exponent21" [label="Exponent"]
	"Term20" -> "Exponent21"
	"Factor22" [label="Factor"]
	"Exponent21" -> "Factor22"
	"num23" [label="num",style=filled,fillcolor=powderblue]
	"Factor22" -> "num23"
	"Factorha24" [label="Factorha"]
	"Exponent21" -> "Factorha24"
	"e25" [label="e"]
	"Factorha24" -> "e25"
	"Termha26" [label="Termha"]
	"Term20" -> "Termha26"
	"/27" [label="/",style=filled,fillcolor=powderblue]
	"Termha26" -> "/27"
	"Factor28" [label="Factor"]
	"Termha26" -> "Factor28"
	"num29" [label="num",style=filled,fillcolor=powderblue]
	"Factor28" -> "num29"
	"Termha30" [label="Termha"]
	"Termha26" -> "Termha30"
	"*31" [label="*",style=filled,fillcolor=powderblue]
	"Termha30" -> "*31"
	"Factor32" [label="Factor"]
	"Termha30" -> "Factor32"
	"num33" [label="num",style=filled,fillcolor=powderblue]
	"Factor32" -> "num33"
	"Termha34" [label="Termha"]
	"Termha30" -> "Termha34"
	"e35" [label="e"]
	"Termha34" -> "e35"
	"e36" [label="e"]
	"Termha30" -> "e36"
	"e37" [label="e"]
	"Termha26" -> "e37"
	"Expressionha38" [label="Expressionha"]
	"Expression19" -> "Expressionha38"
	"e39" [label="e"]
	"Expressionha38" -> "e39"
	"Statements40" [label="Statements"]
	"Start1" -> "Statements40"
	"Statement41" [label="Statement"]
	"Statements40" -> "Statement41"
	"Assignment42" [label="Assignment"]
	"Statement41" -> "Assignment42"
	"m43" [label="m",style=filled,fillcolor=powderblue]
	"Assignment42" -> "m43"
	"[44" [label="[",style=filled,fillcolor=powderblue]
	"Assignment42" -> "[44"
	"Expression45" [label="Expression"]
	"Assignment42" -> "Expression45"
	"Term46" [label="Term"]
	"Expression45" -> "Term46"
	"Exponent47" [label="Exponent"]
	"Term46" -> "Exponent47"
	"Factor48" [label="Factor"]
	"Exponent47" -> "Factor48"
	"num49" [label="num",style=filled,fillcolor=powderblue]
	"Factor48" -> "num49"
	"Factorha50" [label="Factorha"]
	"Exponent47" -> "Factorha50"
	"e51" [label="e"]
	"Factorha50" -> "e51"
	"Termha52" [label="Termha"]
	"Term46" -> "Termha52"
	"e53" [label="e"]
	"Termha52" -> "e53"
	"Expressionha54" [label="Expressionha"]
	"Expression45" -> "Expressionha54"
	"e55" [label="e"]
	"Expressionha54" -> "e55"
	"]56" [label="]",style=filled,fillcolor=powderblue]
	"Assignment42" -> "]56"
	"=57" [label="=",style=filled,fillcolor=powderblue]
	"Assignment42" -> "=57"
	"Expression58" [label="Expression"]
	"Assignment42" -> "Expression58"
	"Term59" [label="Term"]
	"Expression58" -> "Term59"
	"Exponent60" [label="Exponent"]
	"Term59" -> "Exponent60"
	"Factor61" [label="Factor"]
	"Exponent60" -> "Factor61"
	"num62" [label="num",style=filled,fillcolor=powderblue]
	"Factor61" -> "num62"
	"Factorha63" [label="Factorha"]
	"Exponent60" -> "Factorha63"
	"e64" [label="e"]
	"Factorha63" -> "e64"
	"Termha65" [label="Termha"]
	"Term59" -> "Termha65"
	"/66" [label="/",style=filled,fillcolor=powderblue]
	"Termha65" -> "/66"
	"Factor67" [label="Factor"]
	"Termha65" -> "Factor67"
	"num68" [label="num",style=filled,fillcolor=powderblue]
	"Factor67" -> "num68"
	"Termha69" [label="Termha"]
	"Termha65" -> "Termha69"
	"*70" [label="*",style=filled,fillcolor=powderblue]
	"Termha69" -> "*70"
	"Factor71" [label="Factor"]
	"Termha69" -> "Factor71"
	"num72" [label="num",style=filled,fillcolor=powderblue]
	"Factor71" -> "num72"
	"Termha73" [label="Termha"]
	"Termha69" -> "Termha73"
	"e74" [label="e"]
	"Termha73" -> "e74"
	"e75" [label="e"]
	"Termha69" -> "e75"
	"e76" [label="e"]
	"Termha65" -> "e76"
	"Expressionha77" [label="Expressionha"]
	"Expression58" -> "Expressionha77"
	"e78" [label="e"]
	"Expressionha77" -> "e78"
	"Statements79" [label="Statements"]
	"Statements40" -> "Statements79"
	"Statement80" [label="Statement"]
	"Statements79" -> "Statement80"
	"Print81" [label="Print"]
	"Statement80" -> "Print81"
	"print82" [label="print",style=filled,fillcolor=powderblue]
	"Print81" -> "print82"
	"Expression83" [label="Expression"]
	"Print81" -> "Expression83"
	"Term84" [label="Term"]
	"Expression83" -> "Term84"
	"Exponent85" [label="Exponent"]
	"Term84" -> "Exponent85"
	"Factor86" [label="Factor"]
	"Exponent85" -> "Factor86"
	"m87" [label="m",style=filled,fillcolor=powderblue]
	"Factor86" -> "m87"
	"[88" [label="[",style=filled,fillcolor=powderblue]
	"Factor86" -> "[88"
	"Expression89" [label="Expression"]
	"Factor86" -> "Expression89"
	"Term90" [label="Term"]
	"Expression89" -> "Term90"
	"Exponent91" [label="Exponent"]
	"Term90" -> "Exponent91"
	"Factor92" [label="Factor"]
	"Exponent91" -> "Factor92"
	"num93" [label="num",style=filled,fillcolor=powderblue]
	"Factor92" -> "num93"
	"Factorha94" [label="Factorha"]
	"Exponent91" -> "Factorha94"
	"e95" [label="e"]
	"Factorha94" -> "e95"
	"Termha96" [label="Termha"]
	"Term90" -> "Termha96"
	"e97" [label="e"]
	"Termha96" -> "e97"
	"Expressionha98" [label="Expressionha"]
	"Expression89" -> "Expressionha98"
	"e99" [label="e"]
	"Expressionha98" -> "e99"
	"]100" [label="]",style=filled,fillcolor=powderblue]
	"Factor86" -> "]100"
	"Factorha101" [label="Factorha"]
	"Exponent85" -> "Factorha101"
	"e102" [label="e"]
	"Factorha101" -> "e102"
	"Termha103" [label="Termha"]
	"Term84" -> "Termha103"
	"e104" [label="e"]
	"Termha103" -> "e104"
	"Expressionha105" [label="Expressionha"]
	"Expression83" -> "Expressionha105"
	"e106" [label="e"]
	"Expressionha105" -> "e106"
	"Statements107" [label="Statements"]
	"Statements79" -> "Statements107"
	"Statement108" [label="Statement"]
	"Statements107" -> "Statement108"
	"Jump109" [label="Jump"]
	"Statement108" -> "Jump109"
	"goto110" [label="goto",style=filled,fillcolor=powderblue]
	"Jump109" -> "goto110"
	"Forward111" [label="Forward"]
	"Jump109" -> "Forward111"
	"num112" [label="num",style=filled,fillcolor=powderblue]
	"Forward111" -> "num112"
	"AnotherForward113" [label="AnotherForward"]
	"Forward111" -> "AnotherForward113"
	"if114" [label="if",style=filled,fillcolor=powderblue]
	"AnotherForward113" -> "if114"
	"Expression115" [label="Expression"]
	"AnotherForward113" -> "Expression115"
	"Term116" [label="Term"]
	"Expression115" -> "Term116"
	"Exponent117" [label="Exponent"]
	"Term116" -> "Exponent117"
	"Factor118" [label="Factor"]
	"Exponent117" -> "Factor118"
	"m119" [label="m",style=filled,fillcolor=powderblue]
	"Factor118" -> "m119"
	"[120" [label="[",style=filled,fillcolor=powderblue]
	"Factor118" -> "[120"
	"Expression121" [label="Expression"]
	"Factor118" -> "Expression121"
	"Term122" [label="Term"]
	"Expression121" -> "Term122"
	"Exponent123" [label="Exponent"]
	"Term122" -> "Exponent123"
	"Factor124" [label="Factor"]
	"Exponent123" -> "Factor124"
	"num125" [label="num",style=filled,fillcolor=powderblue]
	"Factor124" -> "num125"
	"Factorha126" [label="Factorha"]
	"Exponent123" -> "Factorha126"
	"e127" [label="e"]
	"Factorha126" -> "e127"
	"Termha128" [label="Termha"]
	"Term122" -> "Termha128"
	"e129" [label="e"]
	"Termha128" -> "e129"
	"Expressionha130" [label="Expressionha"]
	"Expression121" -> "Expressionha130"
	"e131" [label="e"]
	"Expressionha130" -> "e131"
	"]132" [label="]",style=filled,fillcolor=powderblue]
	"Factor118" -> "]132"
	"Factorha133" [label="Factorha"]
	"Exponent117" -> "Factorha133"
	"e134" [label="e"]
	"Factorha133" -> "e134"
	"Termha135" [label="Termha"]
	"Term116" -> "Termha135"
	"e136" [label="e"]
	"Termha135" -> "e136"
	"Expressionha137" [label="Expressionha"]
	"Expression115" -> "Expressionha137"
	"e138" [label="e"]
	"Expressionha137" -> "e138"
	"Statements139" [label="Statements"]
	"Statements107" -> "Statements139"
	"Statement140" [label="Statement"]
	"Statements139" -> "Statement140"
	"Jump141" [label="Jump"]
	"Statement140" -> "Jump141"
	"goto142" [label="goto",style=filled,fillcolor=powderblue]
	"Jump141" -> "goto142"
	"Forward143" [label="Forward"]
	"Jump141" -> "Forward143"
	"num144" [label="num",style=filled,fillcolor=powderblue]
	"Forward143" -> "num144"
	"AnotherForward145" [label="AnotherForward"]
	"Forward143" -> "AnotherForward145"
	"e146" [label="e"]
	"AnotherForward145" -> "e146"
	"Statements147" [label="Statements"]
	"Statements139" -> "Statements147"
	"Statement148" [label="Statement"]
	"Statements147" -> "Statement148"
	"Label149" [label="Label"]
	"Statement148" -> "Label149"
	"L150" [label="L",style=filled,fillcolor=powderblue]
	"Label149" -> "L150"
	"num151" [label="num",style=filled,fillcolor=powderblue]
	"Label149" -> "num151"
	":152" [label=":",style=filled,fillcolor=powderblue]
	"Label149" -> ":152"
	"Statements153" [label="Statements"]
	"Statements147" -> "Statements153"
	"Statement154" [label="Statement"]
	"Statements153" -> "Statement154"
	"Assignment155" [label="Assignment"]
	"Statement154" -> "Assignment155"
	"m156" [label="m",style=filled,fillcolor=powderblue]
	"Assignment155" -> "m156"
	"[157" [label="[",style=filled,fillcolor=powderblue]
	"Assignment155" -> "[157"
	"Expression158" [label="Expression"]
	"Assignment155" -> "Expression158"
	"Term159" [label="Term"]
	"Expression158" -> "Term159"
	"Exponent160" [label="Exponent"]
	"Term159" -> "Exponent160"
	"Factor161" [label="Factor"]
	"Exponent160" -> "Factor161"
	"num162" [label="num",style=filled,fillcolor=powderblue]
	"Factor161" -> "num162"
	"Factorha163" [label="Factorha"]
	"Exponent160" -> "Factorha163"
	"e164" [label="e"]
	"Factorha163" -> "e164"
	"Termha165" [label="Termha"]
	"Term159" -> "Termha165"
	"e166" [label="e"]
	"Termha165" -> "e166"
	"Expressionha167" [label="Expressionha"]
	"Expression158" -> "Expressionha167"
	"e168" [label="e"]
	"Expressionha167" -> "e168"
	"]169" [label="]",style=filled,fillcolor=powderblue]
	"Assignment155" -> "]169"
	"=170" [label="=",style=filled,fillcolor=powderblue]
	"Assignment155" -> "=170"
	"Expression171" [label="Expression"]
	"Assignment155" -> "Expression171"
	"Term172" [label="Term"]
	"Expression171" -> "Term172"
	"Exponent173" [label="Exponent"]
	"Term172" -> "Exponent173"
	"Factor174" [label="Factor"]
	"Exponent173" -> "Factor174"
	"num175" [label="num",style=filled,fillcolor=powderblue]
	"Factor174" -> "num175"
	"Factorha176" [label="Factorha"]
	"Exponent173" -> "Factorha176"
	"e177" [label="e"]
	"Factorha176" -> "e177"
	"Termha178" [label="Termha"]
	"Term172" -> "Termha178"
	"e179" [label="e"]
	"Termha178" -> "e179"
	"Expressionha180" [label="Expressionha"]
	"Expression171" -> "Expressionha180"
	"-181" [label="-",style=filled,fillcolor=powderblue]
	"Expressionha180" -> "-181"
	"Term182" [label="Term"]
	"Expressionha180" -> "Term182"
	"Exponent183" [label="Exponent"]
	"Term182" -> "Exponent183"
	"Factor184" [label="Factor"]
	"Exponent183" -> "Factor184"
	"(185" [label="(",style=filled,fillcolor=powderblue]
	"Factor184" -> "(185"
	"Expression186" [label="Expression"]
	"Factor184" -> "Expression186"
	"Term187" [label="Term"]
	"Expression186" -> "Term187"
	"Exponent188" [label="Exponent"]
	"Term187" -> "Exponent188"
	"Factor189" [label="Factor"]
	"Exponent188" -> "Factor189"
	"m190" [label="m",style=filled,fillcolor=powderblue]
	"Factor189" -> "m190"
	"[191" [label="[",style=filled,fillcolor=powderblue]
	"Factor189" -> "[191"
	"Expression192" [label="Expression"]
	"Factor189" -> "Expression192"
	"Term193" [label="Term"]
	"Expression192" -> "Term193"
	"Exponent194" [label="Exponent"]
	"Term193" -> "Exponent194"
	"Factor195" [label="Factor"]
	"Exponent194" -> "Factor195"
	"num196" [label="num",style=filled,fillcolor=powderblue]
	"Factor195" -> "num196"
	"Factorha197" [label="Factorha"]
	"Exponent194" -> "Factorha197"
	"e198" [label="e"]
	"Factorha197" -> "e198"
	"Termha199" [label="Termha"]
	"Term193" -> "Termha199"
	"e200" [label="e"]
	"Termha199" -> "e200"
	"Expressionha201" [label="Expressionha"]
	"Expression192" -> "Expressionha201"
	"e202" [label="e"]
	"Expressionha201" -> "e202"
	"]203" [label="]",style=filled,fillcolor=powderblue]
	"Factor189" -> "]203"
	"Factorha204" [label="Factorha"]
	"Exponent188" -> "Factorha204"
	"e205" [label="e"]
	"Factorha204" -> "e205"
	"Termha206" [label="Termha"]
	"Term187" -> "Termha206"
	"e207" [label="e"]
	"Termha206" -> "e207"
	"Expressionha208" [label="Expressionha"]
	"Expression186" -> "Expressionha208"
	"-209" [label="-",style=filled,fillcolor=powderblue]
	"Expressionha208" -> "-209"
	"Term210" [label="Term"]
	"Expressionha208" -> "Term210"
	"Exponent211" [label="Exponent"]
	"Term210" -> "Exponent211"
	"Factor212" [label="Factor"]
	"Exponent211" -> "Factor212"
	"num213" [label="num",style=filled,fillcolor=powderblue]
	"Factor212" -> "num213"
	"Factorha214" [label="Factorha"]
	"Exponent211" -> "Factorha214"
	"**215" [label="**",style=filled,fillcolor=powderblue]
	"Factorha214" -> "**215"
	"Exponent216" [label="Exponent"]
	"Factorha214" -> "Exponent216"
	"Factor217" [label="Factor"]
	"Exponent216" -> "Factor217"
	"num218" [label="num",style=filled,fillcolor=powderblue]
	"Factor217" -> "num218"
	"Factorha219" [label="Factorha"]
	"Exponent216" -> "Factorha219"
	"e220" [label="e"]
	"Factorha219" -> "e220"
	"e221" [label="e"]
	"Factorha214" -> "e221"
	"Termha222" [label="Termha"]
	"Term210" -> "Termha222"
	"e223" [label="e"]
	"Termha222" -> "e223"
	"Expressionha224" [label="Expressionha"]
	"Expressionha208" -> "Expressionha224"
	"e225" [label="e"]
	"Expressionha224" -> "e225"
	"e226" [label="e"]
	"Expressionha208" -> "e226"
	")227" [label=")",style=filled,fillcolor=powderblue]
	"Factor184" -> ")227"
	"Factorha228" [label="Factorha"]
	"Exponent183" -> "Factorha228"
	"e229" [label="e"]
	"Factorha228" -> "e229"
	"Termha230" [label="Termha"]
	"Term182" -> "Termha230"
	"e231" [label="e"]
	"Termha230" -> "e231"
	"Expressionha232" [label="Expressionha"]
	"Expressionha180" -> "Expressionha232"
	"e233" [label="e"]
	"Expressionha232" -> "e233"
	"e234" [label="e"]
	"Expressionha180" -> "e234"
	"Statements235" [label="Statements"]
	"Statements153" -> "Statements235"
	"Statement236" [label="Statement"]
	"Statements235" -> "Statement236"
	"Label237" [label="Label"]
	"Statement236" -> "Label237"
	"L238" [label="L",style=filled,fillcolor=powderblue]
	"Label237" -> "L238"
	"num239" [label="num",style=filled,fillcolor=powderblue]
	"Label237" -> "num239"
	":240" [label=":",style=filled,fillcolor=powderblue]
	"Label237" -> ":240"
	"Statements241" [label="Statements"]
	"Statements235" -> "Statements241"
	"Statement242" [label="Statement"]
	"Statements241" -> "Statement242"
	"Assignment243" [label="Assignment"]
	"Statement242" -> "Assignment243"
	"m244" [label="m",style=filled,fillcolor=powderblue]
	"Assignment243" -> "m244"
	"[245" [label="[",style=filled,fillcolor=powderblue]
	"Assignment243" -> "[245"
	"Expression246" [label="Expression"]
	"Assignment243" -> "Expression246"
	"Term247" [label="Term"]
	"Expression246" -> "Term247"
	"Exponent248" [label="Exponent"]
	"Term247" -> "Exponent248"
	"Factor249" [label="Factor"]
	"Exponent248" -> "Factor249"
	"num250" [label="num",style=filled,fillcolor=powderblue]
	"Factor249" -> "num250"
	"Factorha251" [label="Factorha"]
	"Exponent248" -> "Factorha251"
	"e252" [label="e"]
	"Factorha251" -> "e252"
	"Termha253" [label="Termha"]
	"Term247" -> "Termha253"
	"e254" [label="e"]
	"Termha253" -> "e254"
	"Expressionha255" [label="Expressionha"]
	"Expression246" -> "Expressionha255"
	"e256" [label="e"]
	"Expressionha255" -> "e256"
	"]257" [label="]",style=filled,fillcolor=powderblue]
	"Assignment243" -> "]257"
	"=258" [label="=",style=filled,fillcolor=powderblue]
	"Assignment243" -> "=258"
	"Expression259" [label="Expression"]
	"Assignment243" -> "Expression259"
	"Term260" [label="Term"]
	"Expression259" -> "Term260"
	"Exponent261" [label="Exponent"]
	"Term260" -> "Exponent261"
	"Factor262" [label="Factor"]
	"Exponent261" -> "Factor262"
	"num263" [label="num",style=filled,fillcolor=powderblue]
	"Factor262" -> "num263"
	"Factorha264" [label="Factorha"]
	"Exponent261" -> "Factorha264"
	"e265" [label="e"]
	"Factorha264" -> "e265"
	"Termha266" [label="Termha"]
	"Term260" -> "Termha266"
	"e267" [label="e"]
	"Termha266" -> "e267"
	"Expressionha268" [label="Expressionha"]
	"Expression259" -> "Expressionha268"
	"-269" [label="-",style=filled,fillcolor=powderblue]
	"Expressionha268" -> "-269"
	"Term270" [label="Term"]
	"Expressionha268" -> "Term270"
	"Exponent271" [label="Exponent"]
	"Term270" -> "Exponent271"
	"Factor272" [label="Factor"]
	"Exponent271" -> "Factor272"
	"(273" [label="(",style=filled,fillcolor=powderblue]
	"Factor272" -> "(273"
	"Expression274" [label="Expression"]
	"Factor272" -> "Expression274"
	"Term275" [label="Term"]
	"Expression274" -> "Term275"
	"Exponent276" [label="Exponent"]
	"Term275" -> "Exponent276"
	"Factor277" [label="Factor"]
	"Exponent276" -> "Factor277"
	"m278" [label="m",style=filled,fillcolor=powderblue]
	"Factor277" -> "m278"
	"[279" [label="[",style=filled,fillcolor=powderblue]
	"Factor277" -> "[279"
	"Expression280" [label="Expression"]
	"Factor277" -> "Expression280"
	"Term281" [label="Term"]
	"Expression280" -> "Term281"
	"Exponent282" [label="Exponent"]
	"Term281" -> "Exponent282"
	"Factor283" [label="Factor"]
	"Exponent282" -> "Factor283"
	"num284" [label="num",style=filled,fillcolor=powderblue]
	"Factor283" -> "num284"
	"Factorha285" [label="Factorha"]
	"Exponent282" -> "Factorha285"
	"e286" [label="e"]
	"Factorha285" -> "e286"
	"Termha287" [label="Termha"]
	"Term281" -> "Termha287"
	"e288" [label="e"]
	"Termha287" -> "e288"
	"Expressionha289" [label="Expressionha"]
	"Expression280" -> "Expressionha289"
	"e290" [label="e"]
	"Expressionha289" -> "e290"
	"]291" [label="]",style=filled,fillcolor=powderblue]
	"Factor277" -> "]291"
	"Factorha292" [label="Factorha"]
	"Exponent276" -> "Factorha292"
	"e293" [label="e"]
	"Factorha292" -> "e293"
	"Termha294" [label="Termha"]
	"Term275" -> "Termha294"
	"e295" [label="e"]
	"Termha294" -> "e295"
	"Expressionha296" [label="Expressionha"]
	"Expression274" -> "Expressionha296"
	"-297" [label="-",style=filled,fillcolor=powderblue]
	"Expressionha296" -> "-297"
	"Term298" [label="Term"]
	"Expressionha296" -> "Term298"
	"Exponent299" [label="Exponent"]
	"Term298" -> "Exponent299"
	"Factor300" [label="Factor"]
	"Exponent299" -> "Factor300"
	"num301" [label="num",style=filled,fillcolor=powderblue]
	"Factor300" -> "num301"
	"Factorha302" [label="Factorha"]
	"Exponent299" -> "Factorha302"
	"e303" [label="e"]
	"Factorha302" -> "e303"
	"Termha304" [label="Termha"]
	"Term298" -> "Termha304"
	"e305" [label="e"]
	"Termha304" -> "e305"
	"Expressionha306" [label="Expressionha"]
	"Expressionha296" -> "Expressionha306"
	"e307" [label="e"]
	"Expressionha306" -> "e307"
	"e308" [label="e"]
	"Expressionha296" -> "e308"
	")309" [label=")",style=filled,fillcolor=powderblue]
	"Factor272" -> ")309"
	"Factorha310" [label="Factorha"]
	"Exponent271" -> "Factorha310"
	"e311" [label="e"]
	"Factorha310" -> "e311"
	"Termha312" [label="Termha"]
	"Term270" -> "Termha312"
	"e313" [label="e"]
	"Termha312" -> "e313"
	"Expressionha314" [label="Expressionha"]
	"Expressionha268" -> "Expressionha314"
	"e315" [label="e"]
	"Expressionha314" -> "e315"
	"e316" [label="e"]
	"Expressionha268" -> "e316"
	"Statements317" [label="Statements"]
	"Statements241" -> "Statements317"
	"Statement318" [label="Statement"]
	"Statements317" -> "Statement318"
	"Print319" [label="Print"]
	"Statement318" -> "Print319"
	"print320" [label="print",style=filled,fillcolor=powderblue]
	"Print319" -> "print320"
	"Expression321" [label="Expression"]
	"Print319" -> "Expression321"
	"Term322" [label="Term"]
	"Expression321" -> "Term322"
	"Exponent323" [label="Exponent"]
	"Term322" -> "Exponent323"
	"Factor324" [label="Factor"]
	"Exponent323" -> "Factor324"
	"m325" [label="m",style=filled,fillcolor=powderblue]
	"Factor324" -> "m325"
	"[326" [label="[",style=filled,fillcolor=powderblue]
	"Factor324" -> "[326"
	"Expression327" [label="Expression"]
	"Factor324" -> "Expression327"
	"Term328" [label="Term"]
	"Expression327" -> "Term328"
	"Exponent329" [label="Exponent"]
	"Term328" -> "Exponent329"
	"Factor330" [label="Factor"]
	"Exponent329" -> "Factor330"
	"num331" [label="num",style=filled,fillcolor=powderblue]
	"Factor330" -> "num331"
	"Factorha332" [label="Factorha"]
	"Exponent329" -> "Factorha332"
	"e333" [label="e"]
	"Factorha332" -> "e333"
	"Termha334" [label="Termha"]
	"Term328" -> "Termha334"
	"e335" [label="e"]
	"Termha334" -> "e335"
	"Expressionha336" [label="Expressionha"]
	"Expression327" -> "Expressionha336"
	"e337" [label="e"]
	"Expressionha336" -> "e337"
	"]338" [label="]",style=filled,fillcolor=powderblue]
	"Factor324" -> "]338"
	"Factorha339" [label="Factorha"]
	"Exponent323" -> "Factorha339"
	"e340" [label="e"]
	"Factorha339" -> "e340"
	"Termha341" [label="Termha"]
	"Term322" -> "Termha341"
	"e342" [label="e"]
	"Termha341" -> "e342"
	"Expressionha343" [label="Expressionha"]
	"Expression321" -> "Expressionha343"
	"e344" [label="e"]
	"Expressionha343" -> "e344"
	"Statements345" [label="Statements"]
	"Statements317" -> "Statements345"
	"Statement346" [label="Statement"]
	"Statements345" -> "Statement346"
	"Print347" [label="Print"]
	"Statement346" -> "Print347"
	"print348" [label="print",style=filled,fillcolor=powderblue]
	"Print347" -> "print348"
	"Expression349" [label="Expression"]
	"Print347" -> "Expression349"
	"Term350" [label="Term"]
	"Expression349" -> "Term350"
	"Exponent351" [label="Exponent"]
	"Term350" -> "Exponent351"
	"Factor352" [label="Factor"]
	"Exponent351" -> "Factor352"
	"m353" [label="m",style=filled,fillcolor=powderblue]
	"Factor352" -> "m353"
	"[354" [label="[",style=filled,fillcolor=powderblue]
	"Factor352" -> "[354"
	"Expression355" [label="Expression"]
	"Factor352" -> "Expression355"
	"Term356" [label="Term"]
	"Expression355" -> "Term356"
	"Exponent357" [label="Exponent"]
	"Term356" -> "Exponent357"
	"Factor358" [label="Factor"]
	"Exponent357" -> "Factor358"
	"num359" [label="num",style=filled,fillcolor=powderblue]
	"Factor358" -> "num359"
	"Factorha360" [label="Factorha"]
	"Exponent357" -> "Factorha360"
	"e361" [label="e"]
	"Factorha360" -> "e361"
	"Termha362" [label="Termha"]
	"Term356" -> "Termha362"
	"e363" [label="e"]
	"Termha362" -> "e363"
	"Expressionha364" [label="Expressionha"]
	"Expression355" -> "Expressionha364"
	"e365" [label="e"]
	"Expressionha364" -> "e365"
	"]366" [label="]",style=filled,fillcolor=powderblue]
	"Factor352" -> "]366"
	"Factorha367" [label="Factorha"]
	"Exponent351" -> "Factorha367"
	"e368" [label="e"]
	"Factorha367" -> "e368"
	"Termha369" [label="Termha"]
	"Term350" -> "Termha369"
	"e370" [label="e"]
	"Termha369" -> "e370"
	"Expressionha371" [label="Expressionha"]
	"Expression349" -> "Expressionha371"
	"e372" [label="e"]
	"Expressionha371" -> "e372"
	"Statements373" [label="Statements"]
	"Statements345" -> "Statements373"
	"Statement374" [label="Statement"]
	"Statements373" -> "Statement374"
	"Print375" [label="Print"]
	"Statement374" -> "Print375"
	"print376" [label="print",style=filled,fillcolor=powderblue]
	"Print375" -> "print376"
	"Expression377" [label="Expression"]
	"Print375" -> "Expression377"
	"Term378" [label="Term"]
	"Expression377" -> "Term378"
	"Exponent379" [label="Exponent"]
	"Term378" -> "Exponent379"
	"Factor380" [label="Factor"]
	"Exponent379" -> "Factor380"
	"m381" [label="m",style=filled,fillcolor=powderblue]
	"Factor380" -> "m381"
	"[382" [label="[",style=filled,fillcolor=powderblue]
	"Factor380" -> "[382"
	"Expression383" [label="Expression"]
	"Factor380" -> "Expression383"
	"Term384" [label="Term"]
	"Expression383" -> "Term384"
	"Exponent385" [label="Exponent"]
	"Term384" -> "Exponent385"
	"Factor386" [label="Factor"]
	"Exponent385" -> "Factor386"
	"num387" [label="num",style=filled,fillcolor=powderblue]
	"Factor386" -> "num387"
	"Factorha388" [label="Factorha"]
	"Exponent385" -> "Factorha388"
	"e389" [label="e"]
	"Factorha388" -> "e389"
	"Termha390" [label="Termha"]
	"Term384" -> "Termha390"
	"e391" [label="e"]
	"Termha390" -> "e391"
	"Expressionha392" [label="Expressionha"]
	"Expression383" -> "Expressionha392"
	"e393" [label="e"]
	"Expressionha392" -> "e393"
	"]394" [label="]",style=filled,fillcolor=powderblue]
	"Factor380" -> "]394"
	"Factorha395" [label="Factorha"]
	"Exponent379" -> "Factorha395"
	"e396" [label="e"]
	"Factorha395" -> "e396"
	"Termha397" [label="Termha"]
	"Term378" -> "Termha397"
	"e398" [label="e"]
	"Termha397" -> "e398"
	"Expressionha399" [label="Expressionha"]
	"Expression377" -> "Expressionha399"
	"e400" [label="e"]
	"Expressionha399" -> "e400"
	"Statements401" [label="Statements"]
	"Statements373" -> "Statements401"
	"e402" [label="e"]
	"Statements401" -> "e402"
}
