digraph G {
	"Start1" [label="Start"]
	"States2" [label="States"]
	"Start1" -> "States2"
	"State3" [label="State"]
	"States2" -> "State3"
	"Assign4" [label="Assign"]
	"State3" -> "Assign4"
	"m5" [label="m",style=filled,fillcolor=powderblue]
	"Assign4" -> "m5"
	"[6" [label="[",style=filled,fillcolor=powderblue]
	"Assign4" -> "[6"
	"Expression7" [label="Expression"]
	"Assign4" -> "Expression7"
	"B8" [label="B"]
	"Expression7" -> "B8"
	"C9" [label="C"]
	"B8" -> "C9"
	"C10" [label="C"]
	"C9" -> "C10"
	"Paren11" [label="Paren"]
	"C10" -> "Paren11"
	"num12" [label="num",style=filled,fillcolor=powderblue]
	"Paren11" -> "num12"
	"num13" [label="num",style=filled,fillcolor=powderblue]
	"Paren11" -> "num13"
	"]14" [label="]",style=filled,fillcolor=powderblue]
	"Assign4" -> "]14"
	"=15" [label="=",style=filled,fillcolor=powderblue]
	"Assign4" -> "=15"
	"Expression16" [label="Expression"]
	"Assign4" -> "Expression16"
	"B17" [label="B"]
	"Expression16" -> "B17"
	"C18" [label="C"]
	"B17" -> "C18"
	"C19" [label="C"]
	"C18" -> "C19"
	"Paren20" [label="Paren"]
	"C19" -> "Paren20"
	"m21" [label="m",style=filled,fillcolor=powderblue]
	"Paren20" -> "m21"
	"[22" [label="[",style=filled,fillcolor=powderblue]
	"Paren20" -> "[22"
	"Expression23" [label="Expression"]
	"Paren20" -> "Expression23"
	"B24" [label="B"]
	"Expression23" -> "B24"
	"C25" [label="C"]
	"B24" -> "C25"
	"C26" [label="C"]
	"C25" -> "C26"
	"Paren27" [label="Paren"]
	"C26" -> "Paren27"
	"num28" [label="num",style=filled,fillcolor=powderblue]
	"Paren27" -> "num28"
	"num29" [label="num",style=filled,fillcolor=powderblue]
	"Paren27" -> "num29"
	"]30" [label="]",style=filled,fillcolor=powderblue]
	"Paren20" -> "]30"
	"Paren31" [label="Paren"]
	"Paren20" -> "Paren31"
	"e32" [label="e"]
	"Paren31" -> "e32"
	"C33" [label="C"]
	"C19" -> "C33"
	"e34" [label="e"]
	"C33" -> "e34"
	"C35" [label="C"]
	"C18" -> "C35"
	"e36" [label="e"]
	"C35" -> "e36"
	"B37" [label="B"]
	"B17" -> "B37"
	"-38" [label="-",style=filled,fillcolor=powderblue]
	"B37" -> "-38"
	"B39" [label="B"]
	"B37" -> "B39"
	"C40" [label="C"]
	"B39" -> "C40"
	"C41" [label="C"]
	"C40" -> "C41"
	"Paren42" [label="Paren"]
	"C41" -> "Paren42"
	"num43" [label="num",style=filled,fillcolor=powderblue]
	"Paren42" -> "num43"
	"State44" [label="State"]
	"States2" -> "State44"
	"Assign45" [label="Assign"]
	"State44" -> "Assign45"
	"m46" [label="m",style=filled,fillcolor=powderblue]
	"Assign45" -> "m46"
	"[47" [label="[",style=filled,fillcolor=powderblue]
	"Assign45" -> "[47"
	"Expression48" [label="Expression"]
	"Assign45" -> "Expression48"
	"B49" [label="B"]
	"Expression48" -> "B49"
	"C50" [label="C"]
	"B49" -> "C50"
	"C51" [label="C"]
	"C50" -> "C51"
	"Paren52" [label="Paren"]
	"C51" -> "Paren52"
	"num53" [label="num",style=filled,fillcolor=powderblue]
	"Paren52" -> "num53"
	"]54" [label="]",style=filled,fillcolor=powderblue]
	"Assign45" -> "]54"
	"=55" [label="=",style=filled,fillcolor=powderblue]
	"Assign45" -> "=55"
	"Expression56" [label="Expression"]
	"Assign45" -> "Expression56"
	"B57" [label="B"]
	"Expression56" -> "B57"
	"C58" [label="C"]
	"B57" -> "C58"
	"C59" [label="C"]
	"C58" -> "C59"
	"Paren60" [label="Paren"]
	"C59" -> "Paren60"
	"num61" [label="num",style=filled,fillcolor=powderblue]
	"Paren60" -> "num61"
	"Paren62" [label="Paren"]
	"Paren60" -> "Paren62"
	"e63" [label="e"]
	"Paren62" -> "e63"
	"C64" [label="C"]
	"C59" -> "C64"
	"e65" [label="e"]
	"C64" -> "e65"
	"C66" [label="C"]
	"C58" -> "C66"
	"/67" [label="/",style=filled,fillcolor=powderblue]
	"C66" -> "/67"
	"C68" [label="C"]
	"C66" -> "C68"
	"C69" [label="C"]
	"C68" -> "C69"
	"Paren70" [label="Paren"]
	"C69" -> "Paren70"
	"num71" [label="num",style=filled,fillcolor=powderblue]
	"Paren70" -> "num71"
	"Paren72" [label="Paren"]
	"Paren70" -> "Paren72"
	"e73" [label="e"]
	"Paren72" -> "e73"
	"C74" [label="C"]
	"C69" -> "C74"
	"e75" [label="e"]
	"C74" -> "e75"
	"C76" [label="C"]
	"C68" -> "C76"
	"*77" [label="*",style=filled,fillcolor=powderblue]
	"C76" -> "*77"
	"C78" [label="C"]
	"C76" -> "C78"
	"C79" [label="C"]
	"C78" -> "C79"
	"Paren80" [label="Paren"]
	"C79" -> "Paren80"
	"num81" [label="num",style=filled,fillcolor=powderblue]
	"Paren80" -> "num81"
	"State82" [label="State"]
	"States2" -> "State82"
	"Assign83" [label="Assign"]
	"State82" -> "Assign83"
	"m84" [label="m",style=filled,fillcolor=powderblue]
	"Assign83" -> "m84"
	"[85" [label="[",style=filled,fillcolor=powderblue]
	"Assign83" -> "[85"
	"Expression86" [label="Expression"]
	"Assign83" -> "Expression86"
	"B87" [label="B"]
	"Expression86" -> "B87"
	"C88" [label="C"]
	"B87" -> "C88"
	"C89" [label="C"]
	"C88" -> "C89"
	"Paren90" [label="Paren"]
	"C89" -> "Paren90"
	"num91" [label="num",style=filled,fillcolor=powderblue]
	"Paren90" -> "num91"
	"]92" [label="]",style=filled,fillcolor=powderblue]
	"Assign83" -> "]92"
	"=93" [label="=",style=filled,fillcolor=powderblue]
	"Assign83" -> "=93"
	"Expression94" [label="Expression"]
	"Assign83" -> "Expression94"
	"B95" [label="B"]
	"Expression94" -> "B95"
	"C96" [label="C"]
	"B95" -> "C96"
	"C97" [label="C"]
	"C96" -> "C97"
	"Paren98" [label="Paren"]
	"C97" -> "Paren98"
	"num99" [label="num",style=filled,fillcolor=powderblue]
	"Paren98" -> "num99"
	"num100" [label="num",style=filled,fillcolor=powderblue]
	"Paren98" -> "num100"
	"Paren101" [label="Paren"]
	"Paren98" -> "Paren101"
	"e102" [label="e"]
	"Paren101" -> "e102"
	"C103" [label="C"]
	"C97" -> "C103"
	"e104" [label="e"]
	"C103" -> "e104"
	"C105" [label="C"]
	"C96" -> "C105"
	"e106" [label="e"]
	"C105" -> "e106"
	"B107" [label="B"]
	"B95" -> "B107"
	"+108" [label="+",style=filled,fillcolor=powderblue]
	"B107" -> "+108"
	"B109" [label="B"]
	"B107" -> "B109"
	"C110" [label="C"]
	"B109" -> "C110"
	"C111" [label="C"]
	"C110" -> "C111"
	"Paren112" [label="Paren"]
	"C111" -> "Paren112"
	"num113" [label="num",style=filled,fillcolor=powderblue]
	"Paren112" -> "num113"
	"State114" [label="State"]
	"States2" -> "State114"
	"Assign115" [label="Assign"]
	"State114" -> "Assign115"
	"m116" [label="m",style=filled,fillcolor=powderblue]
	"Assign115" -> "m116"
	"[117" [label="[",style=filled,fillcolor=powderblue]
	"Assign115" -> "[117"
	"Expression118" [label="Expression"]
	"Assign115" -> "Expression118"
	"B119" [label="B"]
	"Expression118" -> "B119"
	"C120" [label="C"]
	"B119" -> "C120"
	"C121" [label="C"]
	"C120" -> "C121"
	"Paren122" [label="Paren"]
	"C121" -> "Paren122"
	"num123" [label="num",style=filled,fillcolor=powderblue]
	"Paren122" -> "num123"
	"]124" [label="]",style=filled,fillcolor=powderblue]
	"Assign115" -> "]124"
	"=125" [label="=",style=filled,fillcolor=powderblue]
	"Assign115" -> "=125"
	"Expression126" [label="Expression"]
	"Assign115" -> "Expression126"
	"B127" [label="B"]
	"Expression126" -> "B127"
	"C128" [label="C"]
	"B127" -> "C128"
	"C129" [label="C"]
	"C128" -> "C129"
	"Paren130" [label="Paren"]
	"C129" -> "Paren130"
	"num131" [label="num",style=filled,fillcolor=powderblue]
	"Paren130" -> "num131"
	"Paren132" [label="Paren"]
	"Paren130" -> "Paren132"
	"e133" [label="e"]
	"Paren132" -> "e133"
	"C134" [label="C"]
	"C129" -> "C134"
	"e135" [label="e"]
	"C134" -> "e135"
	"C136" [label="C"]
	"C128" -> "C136"
	"e137" [label="e"]
	"C136" -> "e137"
	"B138" [label="B"]
	"B127" -> "B138"
	"-139" [label="-",style=filled,fillcolor=powderblue]
	"B138" -> "-139"
	"B140" [label="B"]
	"B138" -> "B140"
	"C141" [label="C"]
	"B140" -> "C141"
	"C142" [label="C"]
	"C141" -> "C142"
	"Paren143" [label="Paren"]
	"C142" -> "Paren143"
	"(144" [label="(",style=filled,fillcolor=powderblue]
	"Paren143" -> "(144"
	"Expression145" [label="Expression"]
	"Paren143" -> "Expression145"
	"B146" [label="B"]
	"Expression145" -> "B146"
	"C147" [label="C"]
	"B146" -> "C147"
	"C148" [label="C"]
	"C147" -> "C148"
	"Paren149" [label="Paren"]
	"C148" -> "Paren149"
	"m150" [label="m",style=filled,fillcolor=powderblue]
	"Paren149" -> "m150"
	"[151" [label="[",style=filled,fillcolor=powderblue]
	"Paren149" -> "[151"
	"Expression152" [label="Expression"]
	"Paren149" -> "Expression152"
	"B153" [label="B"]
	"Expression152" -> "B153"
	"C154" [label="C"]
	"B153" -> "C154"
	"C155" [label="C"]
	"C154" -> "C155"
	"Paren156" [label="Paren"]
	"C155" -> "Paren156"
	"num157" [label="num",style=filled,fillcolor=powderblue]
	"Paren156" -> "num157"
	"]158" [label="]",style=filled,fillcolor=powderblue]
	"Paren149" -> "]158"
	"Paren159" [label="Paren"]
	"Paren149" -> "Paren159"
	"e160" [label="e"]
	"Paren159" -> "e160"
	"C161" [label="C"]
	"C148" -> "C161"
	"e162" [label="e"]
	"C161" -> "e162"
	"C163" [label="C"]
	"C147" -> "C163"
	"e164" [label="e"]
	"C163" -> "e164"
	"B165" [label="B"]
	"B146" -> "B165"
	"-166" [label="-",style=filled,fillcolor=powderblue]
	"B165" -> "-166"
	"B167" [label="B"]
	"B165" -> "B167"
	"C168" [label="C"]
	"B167" -> "C168"
	"C169" [label="C"]
	"C168" -> "C169"
	"Paren170" [label="Paren"]
	"C169" -> "Paren170"
	"num171" [label="num",style=filled,fillcolor=powderblue]
	"Paren170" -> "num171"
	")172" [label=")",style=filled,fillcolor=powderblue]
	"Paren143" -> ")172"
	"State173" [label="State"]
	"States2" -> "State173"
	"Assign174" [label="Assign"]
	"State173" -> "Assign174"
	"m175" [label="m",style=filled,fillcolor=powderblue]
	"Assign174" -> "m175"
	"[176" [label="[",style=filled,fillcolor=powderblue]
	"Assign174" -> "[176"
	"Expression177" [label="Expression"]
	"Assign174" -> "Expression177"
	"B178" [label="B"]
	"Expression177" -> "B178"
	"C179" [label="C"]
	"B178" -> "C179"
	"C180" [label="C"]
	"C179" -> "C180"
	"Paren181" [label="Paren"]
	"C180" -> "Paren181"
	"num182" [label="num",style=filled,fillcolor=powderblue]
	"Paren181" -> "num182"
	"]183" [label="]",style=filled,fillcolor=powderblue]
	"Assign174" -> "]183"
	"=184" [label="=",style=filled,fillcolor=powderblue]
	"Assign174" -> "=184"
	"Expression185" [label="Expression"]
	"Assign174" -> "Expression185"
	"B186" [label="B"]
	"Expression185" -> "B186"
	"C187" [label="C"]
	"B186" -> "C187"
	"C188" [label="C"]
	"C187" -> "C188"
	"Paren189" [label="Paren"]
	"C188" -> "Paren189"
	"m190" [label="m",style=filled,fillcolor=powderblue]
	"Paren189" -> "m190"
	"[191" [label="[",style=filled,fillcolor=powderblue]
	"Paren189" -> "[191"
	"Expression192" [label="Expression"]
	"Paren189" -> "Expression192"
	"B193" [label="B"]
	"Expression192" -> "B193"
	"C194" [label="C"]
	"B193" -> "C194"
	"C195" [label="C"]
	"C194" -> "C195"
	"Paren196" [label="Paren"]
	"C195" -> "Paren196"
	"num197" [label="num",style=filled,fillcolor=powderblue]
	"Paren196" -> "num197"
	"num198" [label="num",style=filled,fillcolor=powderblue]
	"Paren196" -> "num198"
	"]199" [label="]",style=filled,fillcolor=powderblue]
	"Paren189" -> "]199"
	"Paren200" [label="Paren"]
	"Paren189" -> "Paren200"
	"e201" [label="e"]
	"Paren200" -> "e201"
	"C202" [label="C"]
	"C188" -> "C202"
	"e203" [label="e"]
	"C202" -> "e203"
	"C204" [label="C"]
	"C187" -> "C204"
	"/205" [label="/",style=filled,fillcolor=powderblue]
	"C204" -> "/205"
	"C206" [label="C"]
	"C204" -> "C206"
	"C207" [label="C"]
	"C206" -> "C207"
	"Paren208" [label="Paren"]
	"C207" -> "Paren208"
	"num209" [label="num",style=filled,fillcolor=powderblue]
	"Paren208" -> "num209"
	"Paren210" [label="Paren"]
	"Paren208" -> "Paren210"
	"e211" [label="e"]
	"Paren210" -> "e211"
	"C212" [label="C"]
	"C207" -> "C212"
	"e213" [label="e"]
	"C212" -> "e213"
	"C214" [label="C"]
	"C206" -> "C214"
	"*215" [label="*",style=filled,fillcolor=powderblue]
	"C214" -> "*215"
	"C216" [label="C"]
	"C214" -> "C216"
	"C217" [label="C"]
	"C216" -> "C217"
	"Paren218" [label="Paren"]
	"C217" -> "Paren218"
	"num219" [label="num",style=filled,fillcolor=powderblue]
	"Paren218" -> "num219"
	"State220" [label="State"]
	"States2" -> "State220"
	"Assign221" [label="Assign"]
	"State220" -> "Assign221"
	"m222" [label="m",style=filled,fillcolor=powderblue]
	"Assign221" -> "m222"
	"[223" [label="[",style=filled,fillcolor=powderblue]
	"Assign221" -> "[223"
	"Expression224" [label="Expression"]
	"Assign221" -> "Expression224"
	"B225" [label="B"]
	"Expression224" -> "B225"
	"C226" [label="C"]
	"B225" -> "C226"
	"C227" [label="C"]
	"C226" -> "C227"
	"Paren228" [label="Paren"]
	"C227" -> "Paren228"
	"num229" [label="num",style=filled,fillcolor=powderblue]
	"Paren228" -> "num229"
	"]230" [label="]",style=filled,fillcolor=powderblue]
	"Assign221" -> "]230"
	"=231" [label="=",style=filled,fillcolor=powderblue]
	"Assign221" -> "=231"
	"Expression232" [label="Expression"]
	"Assign221" -> "Expression232"
	"B233" [label="B"]
	"Expression232" -> "B233"
	"C234" [label="C"]
	"B233" -> "C234"
	"C235" [label="C"]
	"C234" -> "C235"
	"Paren236" [label="Paren"]
	"C235" -> "Paren236"
	"num237" [label="num",style=filled,fillcolor=powderblue]
	"Paren236" -> "num237"
	"Paren238" [label="Paren"]
	"Paren236" -> "Paren238"
	"e239" [label="e"]
	"Paren238" -> "e239"
	"C240" [label="C"]
	"C235" -> "C240"
	"e241" [label="e"]
	"C240" -> "e241"
	"C242" [label="C"]
	"C234" -> "C242"
	"e243" [label="e"]
	"C242" -> "e243"
	"B244" [label="B"]
	"B233" -> "B244"
	"+245" [label="+",style=filled,fillcolor=powderblue]
	"B244" -> "+245"
	"B246" [label="B"]
	"B244" -> "B246"
	"C247" [label="C"]
	"B246" -> "C247"
	"C248" [label="C"]
	"C247" -> "C248"
	"Paren249" [label="Paren"]
	"C248" -> "Paren249"
	"m250" [label="m",style=filled,fillcolor=powderblue]
	"Paren249" -> "m250"
	"[251" [label="[",style=filled,fillcolor=powderblue]
	"Paren249" -> "[251"
	"Expression252" [label="Expression"]
	"Paren249" -> "Expression252"
	"B253" [label="B"]
	"Expression252" -> "B253"
	"C254" [label="C"]
	"B253" -> "C254"
	"C255" [label="C"]
	"C254" -> "C255"
	"Paren256" [label="Paren"]
	"C255" -> "Paren256"
	"num257" [label="num",style=filled,fillcolor=powderblue]
	"Paren256" -> "num257"
	"]258" [label="]",style=filled,fillcolor=powderblue]
	"Paren249" -> "]258"
	"State259" [label="State"]
	"States2" -> "State259"
	"Assign260" [label="Assign"]
	"State259" -> "Assign260"
	"m261" [label="m",style=filled,fillcolor=powderblue]
	"Assign260" -> "m261"
	"[262" [label="[",style=filled,fillcolor=powderblue]
	"Assign260" -> "[262"
	"Expression263" [label="Expression"]
	"Assign260" -> "Expression263"
	"B264" [label="B"]
	"Expression263" -> "B264"
	"C265" [label="C"]
	"B264" -> "C265"
	"C266" [label="C"]
	"C265" -> "C266"
	"Paren267" [label="Paren"]
	"C266" -> "Paren267"
	"num268" [label="num",style=filled,fillcolor=powderblue]
	"Paren267" -> "num268"
	"]269" [label="]",style=filled,fillcolor=powderblue]
	"Assign260" -> "]269"
	"=270" [label="=",style=filled,fillcolor=powderblue]
	"Assign260" -> "=270"
	"Expression271" [label="Expression"]
	"Assign260" -> "Expression271"
	"B272" [label="B"]
	"Expression271" -> "B272"
	"C273" [label="C"]
	"B272" -> "C273"
	"C274" [label="C"]
	"C273" -> "C274"
	"Paren275" [label="Paren"]
	"C274" -> "Paren275"
	"num276" [label="num",style=filled,fillcolor=powderblue]
	"Paren275" -> "num276"
	"Paren277" [label="Paren"]
	"Paren275" -> "Paren277"
	"e278" [label="e"]
	"Paren277" -> "e278"
	"C279" [label="C"]
	"C274" -> "C279"
	"e280" [label="e"]
	"C279" -> "e280"
	"C281" [label="C"]
	"C273" -> "C281"
	"e282" [label="e"]
	"C281" -> "e282"
	"B283" [label="B"]
	"B272" -> "B283"
	"-284" [label="-",style=filled,fillcolor=powderblue]
	"B283" -> "-284"
	"B285" [label="B"]
	"B283" -> "B285"
	"C286" [label="C"]
	"B285" -> "C286"
	"C287" [label="C"]
	"C286" -> "C287"
	"Paren288" [label="Paren"]
	"C287" -> "Paren288"
	"m289" [label="m",style=filled,fillcolor=powderblue]
	"Paren288" -> "m289"
	"[290" [label="[",style=filled,fillcolor=powderblue]
	"Paren288" -> "[290"
	"Expression291" [label="Expression"]
	"Paren288" -> "Expression291"
	"B292" [label="B"]
	"Expression291" -> "B292"
	"C293" [label="C"]
	"B292" -> "C293"
	"C294" [label="C"]
	"C293" -> "C294"
	"Paren295" [label="Paren"]
	"C294" -> "Paren295"
	"num296" [label="num",style=filled,fillcolor=powderblue]
	"Paren295" -> "num296"
	"Paren297" [label="Paren"]
	"Paren295" -> "Paren297"
	"e298" [label="e"]
	"Paren297" -> "e298"
	"C299" [label="C"]
	"C294" -> "C299"
	"e300" [label="e"]
	"C299" -> "e300"
	"C301" [label="C"]
	"C293" -> "C301"
	"e302" [label="e"]
	"C301" -> "e302"
	"B303" [label="B"]
	"B292" -> "B303"
	"-304" [label="-",style=filled,fillcolor=powderblue]
	"B303" -> "-304"
	"B305" [label="B"]
	"B303" -> "B305"
	"C306" [label="C"]
	"B305" -> "C306"
	"C307" [label="C"]
	"C306" -> "C307"
	"Paren308" [label="Paren"]
	"C307" -> "Paren308"
	"num309" [label="num",style=filled,fillcolor=powderblue]
	"Paren308" -> "num309"
	"]310" [label="]",style=filled,fillcolor=powderblue]
	"Paren288" -> "]310"
	"eof311" [label="eof",style=filled,fillcolor=powderblue]
	"States2" -> "eof311"
	"e312" [label="e"]
	"States2" -> "e312"
};
