digraph G {
	"Start1" [label="Start"]
	"States2" [label="States"]
	"Start1" -> "States2"
	"State3" [label="State"]
	"States2" -> "State3"
	"Assign4" [label="Assign"]
	"State3" -> "Assign4"
	"m5" [label="m",style=filled,fillcolor=powderblue]
	"Assign4" -> "m5"
	"[6" [label="[",style=filled,fillcolor=powderblue]
	"Assign4" -> "[6"
	"Expression7" [label="Expression"]
	"Assign4" -> "Expression7"
	"B8" [label="B"]
	"Expression7" -> "B8"
	"C9" [label="C"]
	"B8" -> "C9"
	"C10" [label="C"]
	"C9" -> "C10"
	"Paren11" [label="Paren"]
	"C10" -> "Paren11"
	"num12" [label="num",style=filled,fillcolor=powderblue]
	"Paren11" -> "num12"
	"]13" [label="]",style=filled,fillcolor=powderblue]
	"Assign4" -> "]13"
	"=14" [label="=",style=filled,fillcolor=powderblue]
	"Assign4" -> "=14"
	"Expression15" [label="Expression"]
	"Assign4" -> "Expression15"
	"B16" [label="B"]
	"Expression15" -> "B16"
	"C17" [label="C"]
	"B16" -> "C17"
	"C18" [label="C"]
	"C17" -> "C18"
	"Paren19" [label="Paren"]
	"C18" -> "Paren19"
	"num20" [label="num",style=filled,fillcolor=powderblue]
	"Paren19" -> "num20"
	"num21" [label="num",style=filled,fillcolor=powderblue]
	"Paren19" -> "num21"
	"Paren22" [label="Paren"]
	"Paren19" -> "Paren22"
	"e23" [label="e"]
	"Paren22" -> "e23"
	"C24" [label="C"]
	"C18" -> "C24"
	"e25" [label="e"]
	"C24" -> "e25"
	"C26" [label="C"]
	"C17" -> "C26"
	"e27" [label="e"]
	"C26" -> "e27"
	"B28" [label="B"]
	"B16" -> "B28"
	"+29" [label="+",style=filled,fillcolor=powderblue]
	"B28" -> "+29"
	"B30" [label="B"]
	"B28" -> "B30"
	"C31" [label="C"]
	"B30" -> "C31"
	"C32" [label="C"]
	"C31" -> "C32"
	"Paren33" [label="Paren"]
	"C32" -> "Paren33"
	"num34" [label="num",style=filled,fillcolor=powderblue]
	"Paren33" -> "num34"
	"State35" [label="State"]
	"States2" -> "State35"
	"Assign36" [label="Assign"]
	"State35" -> "Assign36"
	"m37" [label="m",style=filled,fillcolor=powderblue]
	"Assign36" -> "m37"
	"[38" [label="[",style=filled,fillcolor=powderblue]
	"Assign36" -> "[38"
	"Expression39" [label="Expression"]
	"Assign36" -> "Expression39"
	"B40" [label="B"]
	"Expression39" -> "B40"
	"C41" [label="C"]
	"B40" -> "C41"
	"C42" [label="C"]
	"C41" -> "C42"
	"Paren43" [label="Paren"]
	"C42" -> "Paren43"
	"num44" [label="num",style=filled,fillcolor=powderblue]
	"Paren43" -> "num44"
	"num45" [label="num",style=filled,fillcolor=powderblue]
	"Paren43" -> "num45"
	"]46" [label="]",style=filled,fillcolor=powderblue]
	"Assign36" -> "]46"
	"=47" [label="=",style=filled,fillcolor=powderblue]
	"Assign36" -> "=47"
	"Expression48" [label="Expression"]
	"Assign36" -> "Expression48"
	"B49" [label="B"]
	"Expression48" -> "B49"
	"C50" [label="C"]
	"B49" -> "C50"
	"C51" [label="C"]
	"C50" -> "C51"
	"Paren52" [label="Paren"]
	"C51" -> "Paren52"
	"num53" [label="num",style=filled,fillcolor=powderblue]
	"Paren52" -> "num53"
	"Paren54" [label="Paren"]
	"Paren52" -> "Paren54"
	"e55" [label="e"]
	"Paren54" -> "e55"
	"C56" [label="C"]
	"C51" -> "C56"
	"e57" [label="e"]
	"C56" -> "e57"
	"C58" [label="C"]
	"C50" -> "C58"
	"e59" [label="e"]
	"C58" -> "e59"
	"B60" [label="B"]
	"B49" -> "B60"
	"-61" [label="-",style=filled,fillcolor=powderblue]
	"B60" -> "-61"
	"B62" [label="B"]
	"B60" -> "B62"
	"C63" [label="C"]
	"B62" -> "C63"
	"C64" [label="C"]
	"C63" -> "C64"
	"Paren65" [label="Paren"]
	"C64" -> "Paren65"
	"(66" [label="(",style=filled,fillcolor=powderblue]
	"Paren65" -> "(66"
	"Expression67" [label="Expression"]
	"Paren65" -> "Expression67"
	"B68" [label="B"]
	"Expression67" -> "B68"
	"C69" [label="C"]
	"B68" -> "C69"
	"C70" [label="C"]
	"C69" -> "C70"
	"Paren71" [label="Paren"]
	"C70" -> "Paren71"
	"m72" [label="m",style=filled,fillcolor=powderblue]
	"Paren71" -> "m72"
	"[73" [label="[",style=filled,fillcolor=powderblue]
	"Paren71" -> "[73"
	"Expression74" [label="Expression"]
	"Paren71" -> "Expression74"
	"B75" [label="B"]
	"Expression74" -> "B75"
	"C76" [label="C"]
	"B75" -> "C76"
	"C77" [label="C"]
	"C76" -> "C77"
	"Paren78" [label="Paren"]
	"C77" -> "Paren78"
	"num79" [label="num",style=filled,fillcolor=powderblue]
	"Paren78" -> "num79"
	"]80" [label="]",style=filled,fillcolor=powderblue]
	"Paren71" -> "]80"
	"Paren81" [label="Paren"]
	"Paren71" -> "Paren81"
	"e82" [label="e"]
	"Paren81" -> "e82"
	"C83" [label="C"]
	"C70" -> "C83"
	"e84" [label="e"]
	"C83" -> "e84"
	"C85" [label="C"]
	"C69" -> "C85"
	"e86" [label="e"]
	"C85" -> "e86"
	"B87" [label="B"]
	"B68" -> "B87"
	"-88" [label="-",style=filled,fillcolor=powderblue]
	"B87" -> "-88"
	"B89" [label="B"]
	"B87" -> "B89"
	"C90" [label="C"]
	"B89" -> "C90"
	"C91" [label="C"]
	"C90" -> "C91"
	"Paren92" [label="Paren"]
	"C91" -> "Paren92"
	"num93" [label="num",style=filled,fillcolor=powderblue]
	"Paren92" -> "num93"
	")94" [label=")",style=filled,fillcolor=powderblue]
	"Paren65" -> ")94"
	"State95" [label="State"]
	"States2" -> "State95"
	"Assign96" [label="Assign"]
	"State95" -> "Assign96"
	"m97" [label="m",style=filled,fillcolor=powderblue]
	"Assign96" -> "m97"
	"[98" [label="[",style=filled,fillcolor=powderblue]
	"Assign96" -> "[98"
	"Expression99" [label="Expression"]
	"Assign96" -> "Expression99"
	"B100" [label="B"]
	"Expression99" -> "B100"
	"C101" [label="C"]
	"B100" -> "C101"
	"C102" [label="C"]
	"C101" -> "C102"
	"Paren103" [label="Paren"]
	"C102" -> "Paren103"
	"num104" [label="num",style=filled,fillcolor=powderblue]
	"Paren103" -> "num104"
	"num105" [label="num",style=filled,fillcolor=powderblue]
	"Paren103" -> "num105"
	"]106" [label="]",style=filled,fillcolor=powderblue]
	"Assign96" -> "]106"
	"=107" [label="=",style=filled,fillcolor=powderblue]
	"Assign96" -> "=107"
	"Expression108" [label="Expression"]
	"Assign96" -> "Expression108"
	"B109" [label="B"]
	"Expression108" -> "B109"
	"C110" [label="C"]
	"B109" -> "C110"
	"C111" [label="C"]
	"C110" -> "C111"
	"Paren112" [label="Paren"]
	"C111" -> "Paren112"
	"num113" [label="num",style=filled,fillcolor=powderblue]
	"Paren112" -> "num113"
	"Paren114" [label="Paren"]
	"Paren112" -> "Paren114"
	"e115" [label="e"]
	"Paren114" -> "e115"
	"C116" [label="C"]
	"C111" -> "C116"
	"e117" [label="e"]
	"C116" -> "e117"
	"C118" [label="C"]
	"C110" -> "C118"
	"e119" [label="e"]
	"C118" -> "e119"
	"B120" [label="B"]
	"B109" -> "B120"
	"+121" [label="+",style=filled,fillcolor=powderblue]
	"B120" -> "+121"
	"B122" [label="B"]
	"B120" -> "B122"
	"C123" [label="C"]
	"B122" -> "C123"
	"C124" [label="C"]
	"C123" -> "C124"
	"Paren125" [label="Paren"]
	"C124" -> "Paren125"
	"m126" [label="m",style=filled,fillcolor=powderblue]
	"Paren125" -> "m126"
	"[127" [label="[",style=filled,fillcolor=powderblue]
	"Paren125" -> "[127"
	"Expression128" [label="Expression"]
	"Paren125" -> "Expression128"
	"B129" [label="B"]
	"Expression128" -> "B129"
	"C130" [label="C"]
	"B129" -> "C130"
	"C131" [label="C"]
	"C130" -> "C131"
	"Paren132" [label="Paren"]
	"C131" -> "Paren132"
	"num133" [label="num",style=filled,fillcolor=powderblue]
	"Paren132" -> "num133"
	"]134" [label="]",style=filled,fillcolor=powderblue]
	"Paren125" -> "]134"
	"State135" [label="State"]
	"States2" -> "State135"
	"Assign136" [label="Assign"]
	"State135" -> "Assign136"
	"m137" [label="m",style=filled,fillcolor=powderblue]
	"Assign136" -> "m137"
	"[138" [label="[",style=filled,fillcolor=powderblue]
	"Assign136" -> "[138"
	"Expression139" [label="Expression"]
	"Assign136" -> "Expression139"
	"B140" [label="B"]
	"Expression139" -> "B140"
	"C141" [label="C"]
	"B140" -> "C141"
	"C142" [label="C"]
	"C141" -> "C142"
	"Paren143" [label="Paren"]
	"C142" -> "Paren143"
	"num144" [label="num",style=filled,fillcolor=powderblue]
	"Paren143" -> "num144"
	"num145" [label="num",style=filled,fillcolor=powderblue]
	"Paren143" -> "num145"
	"]146" [label="]",style=filled,fillcolor=powderblue]
	"Assign136" -> "]146"
	"=147" [label="=",style=filled,fillcolor=powderblue]
	"Assign136" -> "=147"
	"Expression148" [label="Expression"]
	"Assign136" -> "Expression148"
	"B149" [label="B"]
	"Expression148" -> "B149"
	"C150" [label="C"]
	"B149" -> "C150"
	"C151" [label="C"]
	"C150" -> "C151"
	"Paren152" [label="Paren"]
	"C151" -> "Paren152"
	"num153" [label="num",style=filled,fillcolor=powderblue]
	"Paren152" -> "num153"
	"Paren154" [label="Paren"]
	"Paren152" -> "Paren154"
	"e155" [label="e"]
	"Paren154" -> "e155"
	"C156" [label="C"]
	"C151" -> "C156"
	"e157" [label="e"]
	"C156" -> "e157"
	"C158" [label="C"]
	"C150" -> "C158"
	"e159" [label="e"]
	"C158" -> "e159"
	"B160" [label="B"]
	"B149" -> "B160"
	"-161" [label="-",style=filled,fillcolor=powderblue]
	"B160" -> "-161"
	"B162" [label="B"]
	"B160" -> "B162"
	"C163" [label="C"]
	"B162" -> "C163"
	"C164" [label="C"]
	"C163" -> "C164"
	"Paren165" [label="Paren"]
	"C164" -> "Paren165"
	"m166" [label="m",style=filled,fillcolor=powderblue]
	"Paren165" -> "m166"
	"[167" [label="[",style=filled,fillcolor=powderblue]
	"Paren165" -> "[167"
	"Expression168" [label="Expression"]
	"Paren165" -> "Expression168"
	"B169" [label="B"]
	"Expression168" -> "B169"
	"C170" [label="C"]
	"B169" -> "C170"
	"C171" [label="C"]
	"C170" -> "C171"
	"Paren172" [label="Paren"]
	"C171" -> "Paren172"
	"num173" [label="num",style=filled,fillcolor=powderblue]
	"Paren172" -> "num173"
	"Paren174" [label="Paren"]
	"Paren172" -> "Paren174"
	"e175" [label="e"]
	"Paren174" -> "e175"
	"C176" [label="C"]
	"C171" -> "C176"
	"**177" [label="**",style=filled,fillcolor=powderblue]
	"C176" -> "**177"
	"C178" [label="C"]
	"C176" -> "C178"
	"Paren179" [label="Paren"]
	"C178" -> "Paren179"
	"num180" [label="num",style=filled,fillcolor=powderblue]
	"Paren179" -> "num180"
	"Paren181" [label="Paren"]
	"Paren179" -> "Paren181"
	"e182" [label="e"]
	"Paren181" -> "e182"
	"C183" [label="C"]
	"C178" -> "C183"
	"e184" [label="e"]
	"C183" -> "e184"
	"C185" [label="C"]
	"C170" -> "C185"
	"*186" [label="*",style=filled,fillcolor=powderblue]
	"C185" -> "*186"
	"C187" [label="C"]
	"C185" -> "C187"
	"C188" [label="C"]
	"C187" -> "C188"
	"Paren189" [label="Paren"]
	"C188" -> "Paren189"
	"num190" [label="num",style=filled,fillcolor=powderblue]
	"Paren189" -> "num190"
	"Paren191" [label="Paren"]
	"Paren189" -> "Paren191"
	"e192" [label="e"]
	"Paren191" -> "e192"
	"C193" [label="C"]
	"C188" -> "C193"
	"e194" [label="e"]
	"C193" -> "e194"
	"C195" [label="C"]
	"C187" -> "C195"
	"e196" [label="e"]
	"C195" -> "e196"
	"B197" [label="B"]
	"B169" -> "B197"
	"-198" [label="-",style=filled,fillcolor=powderblue]
	"B197" -> "-198"
	"B199" [label="B"]
	"B197" -> "B199"
	"C200" [label="C"]
	"B199" -> "C200"
	"C201" [label="C"]
	"C200" -> "C201"
	"Paren202" [label="Paren"]
	"C201" -> "Paren202"
	"num203" [label="num",style=filled,fillcolor=powderblue]
	"Paren202" -> "num203"
	"]204" [label="]",style=filled,fillcolor=powderblue]
	"Paren165" -> "]204"
	"Paren205" [label="Paren"]
	"Paren165" -> "Paren205"
	"e206" [label="e"]
	"Paren205" -> "e206"
	"C207" [label="C"]
	"C164" -> "C207"
	"e208" [label="e"]
	"C207" -> "e208"
	"C209" [label="C"]
	"C163" -> "C209"
	"e210" [label="e"]
	"C209" -> "e210"
	"B211" [label="B"]
	"B162" -> "B211"
	"-212" [label="-",style=filled,fillcolor=powderblue]
	"B211" -> "-212"
	"B213" [label="B"]
	"B211" -> "B213"
	"C214" [label="C"]
	"B213" -> "C214"
	"C215" [label="C"]
	"C214" -> "C215"
	"Paren216" [label="Paren"]
	"C215" -> "Paren216"
	"num217" [label="num",style=filled,fillcolor=powderblue]
	"Paren216" -> "num217"
	"State218" [label="State"]
	"States2" -> "State218"
	"Label219" [label="Label"]
	"State218" -> "Label219"
	"L220" [label="L",style=filled,fillcolor=powderblue]
	"Label219" -> "L220"
	"Label221" [label="Label"]
	"Label219" -> "Label221"
	"num222" [label="num",style=filled,fillcolor=powderblue]
	"Label221" -> "num222"
	"Label223" [label="Label"]
	"Label221" -> "Label223"
	":224" [label=":",style=filled,fillcolor=powderblue]
	"Label223" -> ":224"
	"State225" [label="State"]
	"States2" -> "State225"
	"Assign226" [label="Assign"]
	"State225" -> "Assign226"
	"m227" [label="m",style=filled,fillcolor=powderblue]
	"Assign226" -> "m227"
	"[228" [label="[",style=filled,fillcolor=powderblue]
	"Assign226" -> "[228"
	"Expression229" [label="Expression"]
	"Assign226" -> "Expression229"
	"B230" [label="B"]
	"Expression229" -> "B230"
	"C231" [label="C"]
	"B230" -> "C231"
	"C232" [label="C"]
	"C231" -> "C232"
	"Paren233" [label="Paren"]
	"C232" -> "Paren233"
	"num234" [label="num",style=filled,fillcolor=powderblue]
	"Paren233" -> "num234"
	"num235" [label="num",style=filled,fillcolor=powderblue]
	"Paren233" -> "num235"
	"]236" [label="]",style=filled,fillcolor=powderblue]
	"Assign226" -> "]236"
	"=237" [label="=",style=filled,fillcolor=powderblue]
	"Assign226" -> "=237"
	"Expression238" [label="Expression"]
	"Assign226" -> "Expression238"
	"B239" [label="B"]
	"Expression238" -> "B239"
	"C240" [label="C"]
	"B239" -> "C240"
	"C241" [label="C"]
	"C240" -> "C241"
	"Paren242" [label="Paren"]
	"C241" -> "Paren242"
	"num243" [label="num",style=filled,fillcolor=powderblue]
	"Paren242" -> "num243"
	"Paren244" [label="Paren"]
	"Paren242" -> "Paren244"
	"e245" [label="e"]
	"Paren244" -> "e245"
	"C246" [label="C"]
	"C241" -> "C246"
	"e247" [label="e"]
	"C246" -> "e247"
	"C248" [label="C"]
	"C240" -> "C248"
	"e249" [label="e"]
	"C248" -> "e249"
	"B250" [label="B"]
	"B239" -> "B250"
	"-251" [label="-",style=filled,fillcolor=powderblue]
	"B250" -> "-251"
	"B252" [label="B"]
	"B250" -> "B252"
	"C253" [label="C"]
	"B252" -> "C253"
	"C254" [label="C"]
	"C253" -> "C254"
	"Paren255" [label="Paren"]
	"C254" -> "Paren255"
	"(256" [label="(",style=filled,fillcolor=powderblue]
	"Paren255" -> "(256"
	"Expression257" [label="Expression"]
	"Paren255" -> "Expression257"
	"B258" [label="B"]
	"Expression257" -> "B258"
	"C259" [label="C"]
	"B258" -> "C259"
	"C260" [label="C"]
	"C259" -> "C260"
	"Paren261" [label="Paren"]
	"C260" -> "Paren261"
	"m262" [label="m",style=filled,fillcolor=powderblue]
	"Paren261" -> "m262"
	"[263" [label="[",style=filled,fillcolor=powderblue]
	"Paren261" -> "[263"
	"Expression264" [label="Expression"]
	"Paren261" -> "Expression264"
	"B265" [label="B"]
	"Expression264" -> "B265"
	"C266" [label="C"]
	"B265" -> "C266"
	"C267" [label="C"]
	"C266" -> "C267"
	"Paren268" [label="Paren"]
	"C267" -> "Paren268"
	"num269" [label="num",style=filled,fillcolor=powderblue]
	"Paren268" -> "num269"
	"]270" [label="]",style=filled,fillcolor=powderblue]
	"Paren261" -> "]270"
	"Paren271" [label="Paren"]
	"Paren261" -> "Paren271"
	"e272" [label="e"]
	"Paren271" -> "e272"
	"C273" [label="C"]
	"C260" -> "C273"
	"e274" [label="e"]
	"C273" -> "e274"
	"C275" [label="C"]
	"C259" -> "C275"
	"e276" [label="e"]
	"C275" -> "e276"
	"B277" [label="B"]
	"B258" -> "B277"
	"-278" [label="-",style=filled,fillcolor=powderblue]
	"B277" -> "-278"
	"B279" [label="B"]
	"B277" -> "B279"
	"C280" [label="C"]
	"B279" -> "C280"
	"C281" [label="C"]
	"C280" -> "C281"
	"Paren282" [label="Paren"]
	"C281" -> "Paren282"
	"num283" [label="num",style=filled,fillcolor=powderblue]
	"Paren282" -> "num283"
	")284" [label=")",style=filled,fillcolor=powderblue]
	"Paren255" -> ")284"
	"State285" [label="State"]
	"States2" -> "State285"
	"Assign286" [label="Assign"]
	"State285" -> "Assign286"
	"m287" [label="m",style=filled,fillcolor=powderblue]
	"Assign286" -> "m287"
	"[288" [label="[",style=filled,fillcolor=powderblue]
	"Assign286" -> "[288"
	"Expression289" [label="Expression"]
	"Assign286" -> "Expression289"
	"B290" [label="B"]
	"Expression289" -> "B290"
	"C291" [label="C"]
	"B290" -> "C291"
	"C292" [label="C"]
	"C291" -> "C292"
	"Paren293" [label="Paren"]
	"C292" -> "Paren293"
	"num294" [label="num",style=filled,fillcolor=powderblue]
	"Paren293" -> "num294"
	"num295" [label="num",style=filled,fillcolor=powderblue]
	"Paren293" -> "num295"
	"]296" [label="]",style=filled,fillcolor=powderblue]
	"Assign286" -> "]296"
	"=297" [label="=",style=filled,fillcolor=powderblue]
	"Assign286" -> "=297"
	"Expression298" [label="Expression"]
	"Assign286" -> "Expression298"
	"B299" [label="B"]
	"Expression298" -> "B299"
	"C300" [label="C"]
	"B299" -> "C300"
	"C301" [label="C"]
	"C300" -> "C301"
	"Paren302" [label="Paren"]
	"C301" -> "Paren302"
	"num303" [label="num",style=filled,fillcolor=powderblue]
	"Paren302" -> "num303"
	"Paren304" [label="Paren"]
	"Paren302" -> "Paren304"
	"e305" [label="e"]
	"Paren304" -> "e305"
	"C306" [label="C"]
	"C301" -> "C306"
	"e307" [label="e"]
	"C306" -> "e307"
	"C308" [label="C"]
	"C300" -> "C308"
	"/309" [label="/",style=filled,fillcolor=powderblue]
	"C308" -> "/309"
	"C310" [label="C"]
	"C308" -> "C310"
	"C311" [label="C"]
	"C310" -> "C311"
	"Paren312" [label="Paren"]
	"C311" -> "Paren312"
	"num313" [label="num",style=filled,fillcolor=powderblue]
	"Paren312" -> "num313"
	"Paren314" [label="Paren"]
	"Paren312" -> "Paren314"
	"e315" [label="e"]
	"Paren314" -> "e315"
	"C316" [label="C"]
	"C311" -> "C316"
	"e317" [label="e"]
	"C316" -> "e317"
	"C318" [label="C"]
	"C310" -> "C318"
	"*319" [label="*",style=filled,fillcolor=powderblue]
	"C318" -> "*319"
	"C320" [label="C"]
	"C318" -> "C320"
	"C321" [label="C"]
	"C320" -> "C321"
	"Paren322" [label="Paren"]
	"C321" -> "Paren322"
	"num323" [label="num",style=filled,fillcolor=powderblue]
	"Paren322" -> "num323"
	"State324" [label="State"]
	"States2" -> "State324"
	"Assign325" [label="Assign"]
	"State324" -> "Assign325"
	"m326" [label="m",style=filled,fillcolor=powderblue]
	"Assign325" -> "m326"
	"[327" [label="[",style=filled,fillcolor=powderblue]
	"Assign325" -> "[327"
	"Expression328" [label="Expression"]
	"Assign325" -> "Expression328"
	"B329" [label="B"]
	"Expression328" -> "B329"
	"C330" [label="C"]
	"B329" -> "C330"
	"C331" [label="C"]
	"C330" -> "C331"
	"Paren332" [label="Paren"]
	"C331" -> "Paren332"
	"num333" [label="num",style=filled,fillcolor=powderblue]
	"Paren332" -> "num333"
	"num334" [label="num",style=filled,fillcolor=powderblue]
	"Paren332" -> "num334"
	"]335" [label="]",style=filled,fillcolor=powderblue]
	"Assign325" -> "]335"
	"=336" [label="=",style=filled,fillcolor=powderblue]
	"Assign325" -> "=336"
	"Expression337" [label="Expression"]
	"Assign325" -> "Expression337"
	"B338" [label="B"]
	"Expression337" -> "B338"
	"C339" [label="C"]
	"B338" -> "C339"
	"C340" [label="C"]
	"C339" -> "C340"
	"Paren341" [label="Paren"]
	"C340" -> "Paren341"
	"num342" [label="num",style=filled,fillcolor=powderblue]
	"Paren341" -> "num342"
	"Paren343" [label="Paren"]
	"Paren341" -> "Paren343"
	"e344" [label="e"]
	"Paren343" -> "e344"
	"C345" [label="C"]
	"C340" -> "C345"
	"e346" [label="e"]
	"C345" -> "e346"
	"C347" [label="C"]
	"C339" -> "C347"
	"/348" [label="/",style=filled,fillcolor=powderblue]
	"C347" -> "/348"
	"C349" [label="C"]
	"C347" -> "C349"
	"C350" [label="C"]
	"C349" -> "C350"
	"Paren351" [label="Paren"]
	"C350" -> "Paren351"
	"num352" [label="num",style=filled,fillcolor=powderblue]
	"Paren351" -> "num352"
	"Paren353" [label="Paren"]
	"Paren351" -> "Paren353"
	"e354" [label="e"]
	"Paren353" -> "e354"
	"C355" [label="C"]
	"C350" -> "C355"
	"e356" [label="e"]
	"C355" -> "e356"
	"C357" [label="C"]
	"C349" -> "C357"
	"*358" [label="*",style=filled,fillcolor=powderblue]
	"C357" -> "*358"
	"C359" [label="C"]
	"C357" -> "C359"
	"C360" [label="C"]
	"C359" -> "C360"
	"Paren361" [label="Paren"]
	"C360" -> "Paren361"
	"num362" [label="num",style=filled,fillcolor=powderblue]
	"Paren361" -> "num362"
	"State363" [label="State"]
	"States2" -> "State363"
	"Goto364" [label="Goto"]
	"State363" -> "Goto364"
	"goto365" [label="goto",style=filled,fillcolor=powderblue]
	"Goto364" -> "goto365"
	"num366" [label="num",style=filled,fillcolor=powderblue]
	"Goto364" -> "num366"
	"State367" [label="State"]
	"States2" -> "State367"
	"Assign368" [label="Assign"]
	"State367" -> "Assign368"
	"m369" [label="m",style=filled,fillcolor=powderblue]
	"Assign368" -> "m369"
	"[370" [label="[",style=filled,fillcolor=powderblue]
	"Assign368" -> "[370"
	"Expression371" [label="Expression"]
	"Assign368" -> "Expression371"
	"B372" [label="B"]
	"Expression371" -> "B372"
	"C373" [label="C"]
	"B372" -> "C373"
	"C374" [label="C"]
	"C373" -> "C374"
	"Paren375" [label="Paren"]
	"C374" -> "Paren375"
	"num376" [label="num",style=filled,fillcolor=powderblue]
	"Paren375" -> "num376"
	"num377" [label="num",style=filled,fillcolor=powderblue]
	"Paren375" -> "num377"
	"]378" [label="]",style=filled,fillcolor=powderblue]
	"Assign368" -> "]378"
	"=379" [label="=",style=filled,fillcolor=powderblue]
	"Assign368" -> "=379"
	"Expression380" [label="Expression"]
	"Assign368" -> "Expression380"
	"B381" [label="B"]
	"Expression380" -> "B381"
	"C382" [label="C"]
	"B381" -> "C382"
	"C383" [label="C"]
	"C382" -> "C383"
	"Paren384" [label="Paren"]
	"C383" -> "Paren384"
	"num385" [label="num",style=filled,fillcolor=powderblue]
	"Paren384" -> "num385"
	"Paren386" [label="Paren"]
	"Paren384" -> "Paren386"
	"e387" [label="e"]
	"Paren386" -> "e387"
	"C388" [label="C"]
	"C383" -> "C388"
	"e389" [label="e"]
	"C388" -> "e389"
	"C390" [label="C"]
	"C382" -> "C390"
	"e391" [label="e"]
	"C390" -> "e391"
	"B392" [label="B"]
	"B381" -> "B392"
	"+393" [label="+",style=filled,fillcolor=powderblue]
	"B392" -> "+393"
	"B394" [label="B"]
	"B392" -> "B394"
	"C395" [label="C"]
	"B394" -> "C395"
	"C396" [label="C"]
	"C395" -> "C396"
	"Paren397" [label="Paren"]
	"C396" -> "Paren397"
	"m398" [label="m",style=filled,fillcolor=powderblue]
	"Paren397" -> "m398"
	"[399" [label="[",style=filled,fillcolor=powderblue]
	"Paren397" -> "[399"
	"Expression400" [label="Expression"]
	"Paren397" -> "Expression400"
	"B401" [label="B"]
	"Expression400" -> "B401"
	"C402" [label="C"]
	"B401" -> "C402"
	"C403" [label="C"]
	"C402" -> "C403"
	"Paren404" [label="Paren"]
	"C403" -> "Paren404"
	"num405" [label="num",style=filled,fillcolor=powderblue]
	"Paren404" -> "num405"
	"]406" [label="]",style=filled,fillcolor=powderblue]
	"Paren397" -> "]406"
	"State407" [label="State"]
	"States2" -> "State407"
	"Assign408" [label="Assign"]
	"State407" -> "Assign408"
	"m409" [label="m",style=filled,fillcolor=powderblue]
	"Assign408" -> "m409"
	"[410" [label="[",style=filled,fillcolor=powderblue]
	"Assign408" -> "[410"
	"Expression411" [label="Expression"]
	"Assign408" -> "Expression411"
	"B412" [label="B"]
	"Expression411" -> "B412"
	"C413" [label="C"]
	"B412" -> "C413"
	"C414" [label="C"]
	"C413" -> "C414"
	"Paren415" [label="Paren"]
	"C414" -> "Paren415"
	"num416" [label="num",style=filled,fillcolor=powderblue]
	"Paren415" -> "num416"
	"num417" [label="num",style=filled,fillcolor=powderblue]
	"Paren415" -> "num417"
	"]418" [label="]",style=filled,fillcolor=powderblue]
	"Assign408" -> "]418"
	"=419" [label="=",style=filled,fillcolor=powderblue]
	"Assign408" -> "=419"
	"Expression420" [label="Expression"]
	"Assign408" -> "Expression420"
	"B421" [label="B"]
	"Expression420" -> "B421"
	"C422" [label="C"]
	"B421" -> "C422"
	"C423" [label="C"]
	"C422" -> "C423"
	"Paren424" [label="Paren"]
	"C423" -> "Paren424"
	"num425" [label="num",style=filled,fillcolor=powderblue]
	"Paren424" -> "num425"
	"Paren426" [label="Paren"]
	"Paren424" -> "Paren426"
	"e427" [label="e"]
	"Paren426" -> "e427"
	"C428" [label="C"]
	"C423" -> "C428"
	"e429" [label="e"]
	"C428" -> "e429"
	"C430" [label="C"]
	"C422" -> "C430"
	"e431" [label="e"]
	"C430" -> "e431"
	"B432" [label="B"]
	"B421" -> "B432"
	"-433" [label="-",style=filled,fillcolor=powderblue]
	"B432" -> "-433"
	"B434" [label="B"]
	"B432" -> "B434"
	"C435" [label="C"]
	"B434" -> "C435"
	"C436" [label="C"]
	"C435" -> "C436"
	"Paren437" [label="Paren"]
	"C436" -> "Paren437"
	"m438" [label="m",style=filled,fillcolor=powderblue]
	"Paren437" -> "m438"
	"[439" [label="[",style=filled,fillcolor=powderblue]
	"Paren437" -> "[439"
	"Expression440" [label="Expression"]
	"Paren437" -> "Expression440"
	"B441" [label="B"]
	"Expression440" -> "B441"
	"C442" [label="C"]
	"B441" -> "C442"
	"C443" [label="C"]
	"C442" -> "C443"
	"Paren444" [label="Paren"]
	"C443" -> "Paren444"
	"num445" [label="num",style=filled,fillcolor=powderblue]
	"Paren444" -> "num445"
	"Paren446" [label="Paren"]
	"Paren444" -> "Paren446"
	"e447" [label="e"]
	"Paren446" -> "e447"
	"C448" [label="C"]
	"C443" -> "C448"
	"**449" [label="**",style=filled,fillcolor=powderblue]
	"C448" -> "**449"
	"C450" [label="C"]
	"C448" -> "C450"
	"Paren451" [label="Paren"]
	"C450" -> "Paren451"
	"num452" [label="num",style=filled,fillcolor=powderblue]
	"Paren451" -> "num452"
	"Paren453" [label="Paren"]
	"Paren451" -> "Paren453"
	"e454" [label="e"]
	"Paren453" -> "e454"
	"C455" [label="C"]
	"C450" -> "C455"
	"e456" [label="e"]
	"C455" -> "e456"
	"C457" [label="C"]
	"C442" -> "C457"
	"*458" [label="*",style=filled,fillcolor=powderblue]
	"C457" -> "*458"
	"C459" [label="C"]
	"C457" -> "C459"
	"C460" [label="C"]
	"C459" -> "C460"
	"Paren461" [label="Paren"]
	"C460" -> "Paren461"
	"num462" [label="num",style=filled,fillcolor=powderblue]
	"Paren461" -> "num462"
	"Paren463" [label="Paren"]
	"Paren461" -> "Paren463"
	"e464" [label="e"]
	"Paren463" -> "e464"
	"C465" [label="C"]
	"C460" -> "C465"
	"e466" [label="e"]
	"C465" -> "e466"
	"C467" [label="C"]
	"C459" -> "C467"
	"e468" [label="e"]
	"C467" -> "e468"
	"B469" [label="B"]
	"B441" -> "B469"
	"-470" [label="-",style=filled,fillcolor=powderblue]
	"B469" -> "-470"
	"B471" [label="B"]
	"B469" -> "B471"
	"C472" [label="C"]
	"B471" -> "C472"
	"C473" [label="C"]
	"C472" -> "C473"
	"Paren474" [label="Paren"]
	"C473" -> "Paren474"
	"num475" [label="num",style=filled,fillcolor=powderblue]
	"Paren474" -> "num475"
	"]476" [label="]",style=filled,fillcolor=powderblue]
	"Paren437" -> "]476"
	"Paren477" [label="Paren"]
	"Paren437" -> "Paren477"
	"e478" [label="e"]
	"Paren477" -> "e478"
	"C479" [label="C"]
	"C436" -> "C479"
	"e480" [label="e"]
	"C479" -> "e480"
	"C481" [label="C"]
	"C435" -> "C481"
	"e482" [label="e"]
	"C481" -> "e482"
	"B483" [label="B"]
	"B434" -> "B483"
	"-484" [label="-",style=filled,fillcolor=powderblue]
	"B483" -> "-484"
	"B485" [label="B"]
	"B483" -> "B485"
	"C486" [label="C"]
	"B485" -> "C486"
	"C487" [label="C"]
	"C486" -> "C487"
	"Paren488" [label="Paren"]
	"C487" -> "Paren488"
	"num489" [label="num",style=filled,fillcolor=powderblue]
	"Paren488" -> "num489"
	"State490" [label="State"]
	"States2" -> "State490"
	"Label491" [label="Label"]
	"State490" -> "Label491"
	"L492" [label="L",style=filled,fillcolor=powderblue]
	"Label491" -> "L492"
	"Label493" [label="Label"]
	"Label491" -> "Label493"
	"num494" [label="num",style=filled,fillcolor=powderblue]
	"Label493" -> "num494"
	"Label495" [label="Label"]
	"Label493" -> "Label495"
	":496" [label=":",style=filled,fillcolor=powderblue]
	"Label495" -> ":496"
	"State497" [label="State"]
	"States2" -> "State497"
	"Assign498" [label="Assign"]
	"State497" -> "Assign498"
	"m499" [label="m",style=filled,fillcolor=powderblue]
	"Assign498" -> "m499"
	"[500" [label="[",style=filled,fillcolor=powderblue]
	"Assign498" -> "[500"
	"Expression501" [label="Expression"]
	"Assign498" -> "Expression501"
	"B502" [label="B"]
	"Expression501" -> "B502"
	"C503" [label="C"]
	"B502" -> "C503"
	"C504" [label="C"]
	"C503" -> "C504"
	"Paren505" [label="Paren"]
	"C504" -> "Paren505"
	"num506" [label="num",style=filled,fillcolor=powderblue]
	"Paren505" -> "num506"
	"num507" [label="num",style=filled,fillcolor=powderblue]
	"Paren505" -> "num507"
	"]508" [label="]",style=filled,fillcolor=powderblue]
	"Assign498" -> "]508"
	"=509" [label="=",style=filled,fillcolor=powderblue]
	"Assign498" -> "=509"
	"Expression510" [label="Expression"]
	"Assign498" -> "Expression510"
	"B511" [label="B"]
	"Expression510" -> "B511"
	"C512" [label="C"]
	"B511" -> "C512"
	"C513" [label="C"]
	"C512" -> "C513"
	"Paren514" [label="Paren"]
	"C513" -> "Paren514"
	"num515" [label="num",style=filled,fillcolor=powderblue]
	"Paren514" -> "num515"
	"Paren516" [label="Paren"]
	"Paren514" -> "Paren516"
	"e517" [label="e"]
	"Paren516" -> "e517"
	"C518" [label="C"]
	"C513" -> "C518"
	"e519" [label="e"]
	"C518" -> "e519"
	"C520" [label="C"]
	"C512" -> "C520"
	"e521" [label="e"]
	"C520" -> "e521"
	"B522" [label="B"]
	"B511" -> "B522"
	"-523" [label="-",style=filled,fillcolor=powderblue]
	"B522" -> "-523"
	"B524" [label="B"]
	"B522" -> "B524"
	"C525" [label="C"]
	"B524" -> "C525"
	"C526" [label="C"]
	"C525" -> "C526"
	"Paren527" [label="Paren"]
	"C526" -> "Paren527"
	"(528" [label="(",style=filled,fillcolor=powderblue]
	"Paren527" -> "(528"
	"Expression529" [label="Expression"]
	"Paren527" -> "Expression529"
	"B530" [label="B"]
	"Expression529" -> "B530"
	"C531" [label="C"]
	"B530" -> "C531"
	"C532" [label="C"]
	"C531" -> "C532"
	"Paren533" [label="Paren"]
	"C532" -> "Paren533"
	"m534" [label="m",style=filled,fillcolor=powderblue]
	"Paren533" -> "m534"
	"[535" [label="[",style=filled,fillcolor=powderblue]
	"Paren533" -> "[535"
	"Expression536" [label="Expression"]
	"Paren533" -> "Expression536"
	"B537" [label="B"]
	"Expression536" -> "B537"
	"C538" [label="C"]
	"B537" -> "C538"
	"C539" [label="C"]
	"C538" -> "C539"
	"Paren540" [label="Paren"]
	"C539" -> "Paren540"
	"num541" [label="num",style=filled,fillcolor=powderblue]
	"Paren540" -> "num541"
	"]542" [label="]",style=filled,fillcolor=powderblue]
	"Paren533" -> "]542"
	"Paren543" [label="Paren"]
	"Paren533" -> "Paren543"
	"e544" [label="e"]
	"Paren543" -> "e544"
	"C545" [label="C"]
	"C532" -> "C545"
	"e546" [label="e"]
	"C545" -> "e546"
	"C547" [label="C"]
	"C531" -> "C547"
	"e548" [label="e"]
	"C547" -> "e548"
	"B549" [label="B"]
	"B530" -> "B549"
	"-550" [label="-",style=filled,fillcolor=powderblue]
	"B549" -> "-550"
	"B551" [label="B"]
	"B549" -> "B551"
	"C552" [label="C"]
	"B551" -> "C552"
	"C553" [label="C"]
	"C552" -> "C553"
	"Paren554" [label="Paren"]
	"C553" -> "Paren554"
	"num555" [label="num",style=filled,fillcolor=powderblue]
	"Paren554" -> "num555"
	")556" [label=")",style=filled,fillcolor=powderblue]
	"Paren527" -> ")556"
	"State557" [label="State"]
	"States2" -> "State557"
	"Assign558" [label="Assign"]
	"State557" -> "Assign558"
	"m559" [label="m",style=filled,fillcolor=powderblue]
	"Assign558" -> "m559"
	"[560" [label="[",style=filled,fillcolor=powderblue]
	"Assign558" -> "[560"
	"Expression561" [label="Expression"]
	"Assign558" -> "Expression561"
	"B562" [label="B"]
	"Expression561" -> "B562"
	"C563" [label="C"]
	"B562" -> "C563"
	"C564" [label="C"]
	"C563" -> "C564"
	"Paren565" [label="Paren"]
	"C564" -> "Paren565"
	"num566" [label="num",style=filled,fillcolor=powderblue]
	"Paren565" -> "num566"
	"num567" [label="num",style=filled,fillcolor=powderblue]
	"Paren565" -> "num567"
	"]568" [label="]",style=filled,fillcolor=powderblue]
	"Assign558" -> "]568"
	"=569" [label="=",style=filled,fillcolor=powderblue]
	"Assign558" -> "=569"
	"Expression570" [label="Expression"]
	"Assign558" -> "Expression570"
	"B571" [label="B"]
	"Expression570" -> "B571"
	"C572" [label="C"]
	"B571" -> "C572"
	"C573" [label="C"]
	"C572" -> "C573"
	"Paren574" [label="Paren"]
	"C573" -> "Paren574"
	"num575" [label="num",style=filled,fillcolor=powderblue]
	"Paren574" -> "num575"
	"Paren576" [label="Paren"]
	"Paren574" -> "Paren576"
	"e577" [label="e"]
	"Paren576" -> "e577"
	"C578" [label="C"]
	"C573" -> "C578"
	"e579" [label="e"]
	"C578" -> "e579"
	"C580" [label="C"]
	"C572" -> "C580"
	"/581" [label="/",style=filled,fillcolor=powderblue]
	"C580" -> "/581"
	"C582" [label="C"]
	"C580" -> "C582"
	"C583" [label="C"]
	"C582" -> "C583"
	"Paren584" [label="Paren"]
	"C583" -> "Paren584"
	"num585" [label="num",style=filled,fillcolor=powderblue]
	"Paren584" -> "num585"
	"Paren586" [label="Paren"]
	"Paren584" -> "Paren586"
	"e587" [label="e"]
	"Paren586" -> "e587"
	"C588" [label="C"]
	"C583" -> "C588"
	"e589" [label="e"]
	"C588" -> "e589"
	"C590" [label="C"]
	"C582" -> "C590"
	"*591" [label="*",style=filled,fillcolor=powderblue]
	"C590" -> "*591"
	"C592" [label="C"]
	"C590" -> "C592"
	"C593" [label="C"]
	"C592" -> "C593"
	"Paren594" [label="Paren"]
	"C593" -> "Paren594"
	"num595" [label="num",style=filled,fillcolor=powderblue]
	"Paren594" -> "num595"
	"State596" [label="State"]
	"States2" -> "State596"
	"Goto597" [label="Goto"]
	"State596" -> "Goto597"
	"goto598" [label="goto",style=filled,fillcolor=powderblue]
	"Goto597" -> "goto598"
	"num599" [label="num",style=filled,fillcolor=powderblue]
	"Goto597" -> "num599"
	"State600" [label="State"]
	"States2" -> "State600"
	"Assign601" [label="Assign"]
	"State600" -> "Assign601"
	"m602" [label="m",style=filled,fillcolor=powderblue]
	"Assign601" -> "m602"
	"[603" [label="[",style=filled,fillcolor=powderblue]
	"Assign601" -> "[603"
	"Expression604" [label="Expression"]
	"Assign601" -> "Expression604"
	"B605" [label="B"]
	"Expression604" -> "B605"
	"C606" [label="C"]
	"B605" -> "C606"
	"C607" [label="C"]
	"C606" -> "C607"
	"Paren608" [label="Paren"]
	"C607" -> "Paren608"
	"num609" [label="num",style=filled,fillcolor=powderblue]
	"Paren608" -> "num609"
	"num610" [label="num",style=filled,fillcolor=powderblue]
	"Paren608" -> "num610"
	"]611" [label="]",style=filled,fillcolor=powderblue]
	"Assign601" -> "]611"
	"=612" [label="=",style=filled,fillcolor=powderblue]
	"Assign601" -> "=612"
	"Expression613" [label="Expression"]
	"Assign601" -> "Expression613"
	"B614" [label="B"]
	"Expression613" -> "B614"
	"C615" [label="C"]
	"B614" -> "C615"
	"C616" [label="C"]
	"C615" -> "C616"
	"Paren617" [label="Paren"]
	"C616" -> "Paren617"
	"num618" [label="num",style=filled,fillcolor=powderblue]
	"Paren617" -> "num618"
	"Paren619" [label="Paren"]
	"Paren617" -> "Paren619"
	"e620" [label="e"]
	"Paren619" -> "e620"
	"C621" [label="C"]
	"C616" -> "C621"
	"e622" [label="e"]
	"C621" -> "e622"
	"C623" [label="C"]
	"C615" -> "C623"
	"e624" [label="e"]
	"C623" -> "e624"
	"B625" [label="B"]
	"B614" -> "B625"
	"+626" [label="+",style=filled,fillcolor=powderblue]
	"B625" -> "+626"
	"B627" [label="B"]
	"B625" -> "B627"
	"C628" [label="C"]
	"B627" -> "C628"
	"C629" [label="C"]
	"C628" -> "C629"
	"Paren630" [label="Paren"]
	"C629" -> "Paren630"
	"m631" [label="m",style=filled,fillcolor=powderblue]
	"Paren630" -> "m631"
	"[632" [label="[",style=filled,fillcolor=powderblue]
	"Paren630" -> "[632"
	"Expression633" [label="Expression"]
	"Paren630" -> "Expression633"
	"B634" [label="B"]
	"Expression633" -> "B634"
	"C635" [label="C"]
	"B634" -> "C635"
	"C636" [label="C"]
	"C635" -> "C636"
	"Paren637" [label="Paren"]
	"C636" -> "Paren637"
	"num638" [label="num",style=filled,fillcolor=powderblue]
	"Paren637" -> "num638"
	"]639" [label="]",style=filled,fillcolor=powderblue]
	"Paren630" -> "]639"
	"State640" [label="State"]
	"States2" -> "State640"
	"Assign641" [label="Assign"]
	"State640" -> "Assign641"
	"m642" [label="m",style=filled,fillcolor=powderblue]
	"Assign641" -> "m642"
	"[643" [label="[",style=filled,fillcolor=powderblue]
	"Assign641" -> "[643"
	"Expression644" [label="Expression"]
	"Assign641" -> "Expression644"
	"B645" [label="B"]
	"Expression644" -> "B645"
	"C646" [label="C"]
	"B645" -> "C646"
	"C647" [label="C"]
	"C646" -> "C647"
	"Paren648" [label="Paren"]
	"C647" -> "Paren648"
	"num649" [label="num",style=filled,fillcolor=powderblue]
	"Paren648" -> "num649"
	"num650" [label="num",style=filled,fillcolor=powderblue]
	"Paren648" -> "num650"
	"]651" [label="]",style=filled,fillcolor=powderblue]
	"Assign641" -> "]651"
	"=652" [label="=",style=filled,fillcolor=powderblue]
	"Assign641" -> "=652"
	"Expression653" [label="Expression"]
	"Assign641" -> "Expression653"
	"B654" [label="B"]
	"Expression653" -> "B654"
	"C655" [label="C"]
	"B654" -> "C655"
	"C656" [label="C"]
	"C655" -> "C656"
	"Paren657" [label="Paren"]
	"C656" -> "Paren657"
	"num658" [label="num",style=filled,fillcolor=powderblue]
	"Paren657" -> "num658"
	"Paren659" [label="Paren"]
	"Paren657" -> "Paren659"
	"e660" [label="e"]
	"Paren659" -> "e660"
	"C661" [label="C"]
	"C656" -> "C661"
	"e662" [label="e"]
	"C661" -> "e662"
	"C663" [label="C"]
	"C655" -> "C663"
	"e664" [label="e"]
	"C663" -> "e664"
	"B665" [label="B"]
	"B654" -> "B665"
	"-666" [label="-",style=filled,fillcolor=powderblue]
	"B665" -> "-666"
	"B667" [label="B"]
	"B665" -> "B667"
	"C668" [label="C"]
	"B667" -> "C668"
	"C669" [label="C"]
	"C668" -> "C669"
	"Paren670" [label="Paren"]
	"C669" -> "Paren670"
	"m671" [label="m",style=filled,fillcolor=powderblue]
	"Paren670" -> "m671"
	"[672" [label="[",style=filled,fillcolor=powderblue]
	"Paren670" -> "[672"
	"Expression673" [label="Expression"]
	"Paren670" -> "Expression673"
	"B674" [label="B"]
	"Expression673" -> "B674"
	"C675" [label="C"]
	"B674" -> "C675"
	"C676" [label="C"]
	"C675" -> "C676"
	"Paren677" [label="Paren"]
	"C676" -> "Paren677"
	"num678" [label="num",style=filled,fillcolor=powderblue]
	"Paren677" -> "num678"
	"Paren679" [label="Paren"]
	"Paren677" -> "Paren679"
	"e680" [label="e"]
	"Paren679" -> "e680"
	"C681" [label="C"]
	"C676" -> "C681"
	"e682" [label="e"]
	"C681" -> "e682"
	"C683" [label="C"]
	"C675" -> "C683"
	"e684" [label="e"]
	"C683" -> "e684"
	"B685" [label="B"]
	"B674" -> "B685"
	"-686" [label="-",style=filled,fillcolor=powderblue]
	"B685" -> "-686"
	"B687" [label="B"]
	"B685" -> "B687"
	"C688" [label="C"]
	"B687" -> "C688"
	"C689" [label="C"]
	"C688" -> "C689"
	"Paren690" [label="Paren"]
	"C689" -> "Paren690"
	"num691" [label="num",style=filled,fillcolor=powderblue]
	"Paren690" -> "num691"
	"]692" [label="]",style=filled,fillcolor=powderblue]
	"Paren670" -> "]692"
	"State693" [label="State"]
	"States2" -> "State693"
	"Assign694" [label="Assign"]
	"State693" -> "Assign694"
	"m695" [label="m",style=filled,fillcolor=powderblue]
	"Assign694" -> "m695"
	"[696" [label="[",style=filled,fillcolor=powderblue]
	"Assign694" -> "[696"
	"Expression697" [label="Expression"]
	"Assign694" -> "Expression697"
	"B698" [label="B"]
	"Expression697" -> "B698"
	"C699" [label="C"]
	"B698" -> "C699"
	"C700" [label="C"]
	"C699" -> "C700"
	"Paren701" [label="Paren"]
	"C700" -> "Paren701"
	"num702" [label="num",style=filled,fillcolor=powderblue]
	"Paren701" -> "num702"
	"num703" [label="num",style=filled,fillcolor=powderblue]
	"Paren701" -> "num703"
	"]704" [label="]",style=filled,fillcolor=powderblue]
	"Assign694" -> "]704"
	"=705" [label="=",style=filled,fillcolor=powderblue]
	"Assign694" -> "=705"
	"Expression706" [label="Expression"]
	"Assign694" -> "Expression706"
	"B707" [label="B"]
	"Expression706" -> "B707"
	"C708" [label="C"]
	"B707" -> "C708"
	"C709" [label="C"]
	"C708" -> "C709"
	"Paren710" [label="Paren"]
	"C709" -> "Paren710"
	"num711" [label="num",style=filled,fillcolor=powderblue]
	"Paren710" -> "num711"
	"Paren712" [label="Paren"]
	"Paren710" -> "Paren712"
	"e713" [label="e"]
	"Paren712" -> "e713"
	"C714" [label="C"]
	"C709" -> "C714"
	"e715" [label="e"]
	"C714" -> "e715"
	"C716" [label="C"]
	"C708" -> "C716"
	"e717" [label="e"]
	"C716" -> "e717"
	"B718" [label="B"]
	"B707" -> "B718"
	"-719" [label="-",style=filled,fillcolor=powderblue]
	"B718" -> "-719"
	"B720" [label="B"]
	"B718" -> "B720"
	"C721" [label="C"]
	"B720" -> "C721"
	"C722" [label="C"]
	"C721" -> "C722"
	"Paren723" [label="Paren"]
	"C722" -> "Paren723"
	"(724" [label="(",style=filled,fillcolor=powderblue]
	"Paren723" -> "(724"
	"Expression725" [label="Expression"]
	"Paren723" -> "Expression725"
	"B726" [label="B"]
	"Expression725" -> "B726"
	"C727" [label="C"]
	"B726" -> "C727"
	"C728" [label="C"]
	"C727" -> "C728"
	"Paren729" [label="Paren"]
	"C728" -> "Paren729"
	"num730" [label="num",style=filled,fillcolor=powderblue]
	"Paren729" -> "num730"
	"Paren731" [label="Paren"]
	"Paren729" -> "Paren731"
	"e732" [label="e"]
	"Paren731" -> "e732"
	"C733" [label="C"]
	"C728" -> "C733"
	"e734" [label="e"]
	"C733" -> "e734"
	"C735" [label="C"]
	"C727" -> "C735"
	"e736" [label="e"]
	"C735" -> "e736"
	"B737" [label="B"]
	"B726" -> "B737"
	"-738" [label="-",style=filled,fillcolor=powderblue]
	"B737" -> "-738"
	"B739" [label="B"]
	"B737" -> "B739"
	"C740" [label="C"]
	"B739" -> "C740"
	"C741" [label="C"]
	"C740" -> "C741"
	"Paren742" [label="Paren"]
	"C741" -> "Paren742"
	"num743" [label="num",style=filled,fillcolor=powderblue]
	"Paren742" -> "num743"
	")744" [label=")",style=filled,fillcolor=powderblue]
	"Paren723" -> ")744"
	"State745" [label="State"]
	"States2" -> "State745"
	"Assign746" [label="Assign"]
	"State745" -> "Assign746"
	"m747" [label="m",style=filled,fillcolor=powderblue]
	"Assign746" -> "m747"
	"[748" [label="[",style=filled,fillcolor=powderblue]
	"Assign746" -> "[748"
	"Expression749" [label="Expression"]
	"Assign746" -> "Expression749"
	"B750" [label="B"]
	"Expression749" -> "B750"
	"C751" [label="C"]
	"B750" -> "C751"
	"C752" [label="C"]
	"C751" -> "C752"
	"Paren753" [label="Paren"]
	"C752" -> "Paren753"
	"num754" [label="num",style=filled,fillcolor=powderblue]
	"Paren753" -> "num754"
	"num755" [label="num",style=filled,fillcolor=powderblue]
	"Paren753" -> "num755"
	"]756" [label="]",style=filled,fillcolor=powderblue]
	"Assign746" -> "]756"
	"=757" [label="=",style=filled,fillcolor=powderblue]
	"Assign746" -> "=757"
	"Expression758" [label="Expression"]
	"Assign746" -> "Expression758"
	"B759" [label="B"]
	"Expression758" -> "B759"
	"C760" [label="C"]
	"B759" -> "C760"
	"C761" [label="C"]
	"C760" -> "C761"
	"Paren762" [label="Paren"]
	"C761" -> "Paren762"
	"num763" [label="num",style=filled,fillcolor=powderblue]
	"Paren762" -> "num763"
	"Paren764" [label="Paren"]
	"Paren762" -> "Paren764"
	"e765" [label="e"]
	"Paren764" -> "e765"
	"C766" [label="C"]
	"C761" -> "C766"
	"e767" [label="e"]
	"C766" -> "e767"
	"C768" [label="C"]
	"C760" -> "C768"
	"e769" [label="e"]
	"C768" -> "e769"
	"B770" [label="B"]
	"B759" -> "B770"
	"-771" [label="-",style=filled,fillcolor=powderblue]
	"B770" -> "-771"
	"B772" [label="B"]
	"B770" -> "B772"
	"C773" [label="C"]
	"B772" -> "C773"
	"C774" [label="C"]
	"C773" -> "C774"
	"Paren775" [label="Paren"]
	"C774" -> "Paren775"
	"m776" [label="m",style=filled,fillcolor=powderblue]
	"Paren775" -> "m776"
	"[777" [label="[",style=filled,fillcolor=powderblue]
	"Paren775" -> "[777"
	"Expression778" [label="Expression"]
	"Paren775" -> "Expression778"
	"B779" [label="B"]
	"Expression778" -> "B779"
	"C780" [label="C"]
	"B779" -> "C780"
	"C781" [label="C"]
	"C780" -> "C781"
	"Paren782" [label="Paren"]
	"C781" -> "Paren782"
	"(783" [label="(",style=filled,fillcolor=powderblue]
	"Paren782" -> "(783"
	"Expression784" [label="Expression"]
	"Paren782" -> "Expression784"
	"B785" [label="B"]
	"Expression784" -> "B785"
	"C786" [label="C"]
	"B785" -> "C786"
	"C787" [label="C"]
	"C786" -> "C787"
	"Paren788" [label="Paren"]
	"C787" -> "Paren788"
	"num789" [label="num",style=filled,fillcolor=powderblue]
	"Paren788" -> "num789"
	"Paren790" [label="Paren"]
	"Paren788" -> "Paren790"
	"e791" [label="e"]
	"Paren790" -> "e791"
	"C792" [label="C"]
	"C787" -> "C792"
	"e793" [label="e"]
	"C792" -> "e793"
	"C794" [label="C"]
	"C786" -> "C794"
	"e795" [label="e"]
	"C794" -> "e795"
	"B796" [label="B"]
	"B785" -> "B796"
	"-797" [label="-",style=filled,fillcolor=powderblue]
	"B796" -> "-797"
	"B798" [label="B"]
	"B796" -> "B798"
	"C799" [label="C"]
	"B798" -> "C799"
	"C800" [label="C"]
	"C799" -> "C800"
	"Paren801" [label="Paren"]
	"C800" -> "Paren801"
	"num802" [label="num",style=filled,fillcolor=powderblue]
	"Paren801" -> "num802"
	")803" [label=")",style=filled,fillcolor=powderblue]
	"Paren782" -> ")803"
	"]804" [label="]",style=filled,fillcolor=powderblue]
	"Paren775" -> "]804"
	"State805" [label="State"]
	"States2" -> "State805"
	"Print806" [label="Print"]
	"State805" -> "Print806"
	"print807" [label="print",style=filled,fillcolor=powderblue]
	"Print806" -> "print807"
	"Expression808" [label="Expression"]
	"Print806" -> "Expression808"
	"B809" [label="B"]
	"Expression808" -> "B809"
	"C810" [label="C"]
	"B809" -> "C810"
	"C811" [label="C"]
	"C810" -> "C811"
	"Paren812" [label="Paren"]
	"C811" -> "Paren812"
	"m813" [label="m",style=filled,fillcolor=powderblue]
	"Paren812" -> "m813"
	"[814" [label="[",style=filled,fillcolor=powderblue]
	"Paren812" -> "[814"
	"Expression815" [label="Expression"]
	"Paren812" -> "Expression815"
	"B816" [label="B"]
	"Expression815" -> "B816"
	"C817" [label="C"]
	"B816" -> "C817"
	"C818" [label="C"]
	"C817" -> "C818"
	"Paren819" [label="Paren"]
	"C818" -> "Paren819"
	"num820" [label="num",style=filled,fillcolor=powderblue]
	"Paren819" -> "num820"
	"]821" [label="]",style=filled,fillcolor=powderblue]
	"Paren812" -> "]821"
	"eof822" [label="eof",style=filled,fillcolor=powderblue]
	"States2" -> "eof822"
	"e823" [label="e"]
	"States2" -> "e823"
};
