digraph G {
	"Start1" [label="Start"]
	"States2" [label="States"]
	"Start1" -> "States2"
	"State3" [label="State"]
	"States2" -> "State3"
	"Assign4" [label="Assign"]
	"State3" -> "Assign4"
	"m5" [label="m",style=filled,fillcolor=powderblue]
	"Assign4" -> "m5"
	"[6" [label="[",style=filled,fillcolor=powderblue]
	"Assign4" -> "[6"
	"Expression7" [label="Expression"]
	"Assign4" -> "Expression7"
	"B8" [label="B"]
	"Expression7" -> "B8"
	"C9" [label="C"]
	"B8" -> "C9"
	"C10" [label="C"]
	"C9" -> "C10"
	"Paren11" [label="Paren"]
	"C10" -> "Paren11"
	"num12" [label="num",style=filled,fillcolor=powderblue]
	"Paren11" -> "num12"
	"]13" [label="]",style=filled,fillcolor=powderblue]
	"Assign4" -> "]13"
	"=14" [label="=",style=filled,fillcolor=powderblue]
	"Assign4" -> "=14"
	"Expression15" [label="Expression"]
	"Assign4" -> "Expression15"
	"B16" [label="B"]
	"Expression15" -> "B16"
	"C17" [label="C"]
	"B16" -> "C17"
	"C18" [label="C"]
	"C17" -> "C18"
	"Paren19" [label="Paren"]
	"C18" -> "Paren19"
	"num20" [label="num",style=filled,fillcolor=powderblue]
	"Paren19" -> "num20"
	"Paren21" [label="Paren"]
	"Paren19" -> "Paren21"
	"e22" [label="e"]
	"Paren21" -> "e22"
	"C23" [label="C"]
	"C18" -> "C23"
	"e24" [label="e"]
	"C23" -> "e24"
	"C25" [label="C"]
	"C17" -> "C25"
	"/26" [label="/",style=filled,fillcolor=powderblue]
	"C25" -> "/26"
	"C27" [label="C"]
	"C25" -> "C27"
	"C28" [label="C"]
	"C27" -> "C28"
	"Paren29" [label="Paren"]
	"C28" -> "Paren29"
	"num30" [label="num",style=filled,fillcolor=powderblue]
	"Paren29" -> "num30"
	"Paren31" [label="Paren"]
	"Paren29" -> "Paren31"
	"e32" [label="e"]
	"Paren31" -> "e32"
	"C33" [label="C"]
	"C28" -> "C33"
	"e34" [label="e"]
	"C33" -> "e34"
	"C35" [label="C"]
	"C27" -> "C35"
	"*36" [label="*",style=filled,fillcolor=powderblue]
	"C35" -> "*36"
	"C37" [label="C"]
	"C35" -> "C37"
	"C38" [label="C"]
	"C37" -> "C38"
	"Paren39" [label="Paren"]
	"C38" -> "Paren39"
	"num40" [label="num",style=filled,fillcolor=powderblue]
	"Paren39" -> "num40"
	"State41" [label="State"]
	"States2" -> "State41"
	"Assign42" [label="Assign"]
	"State41" -> "Assign42"
	"m43" [label="m",style=filled,fillcolor=powderblue]
	"Assign42" -> "m43"
	"[44" [label="[",style=filled,fillcolor=powderblue]
	"Assign42" -> "[44"
	"Expression45" [label="Expression"]
	"Assign42" -> "Expression45"
	"B46" [label="B"]
	"Expression45" -> "B46"
	"C47" [label="C"]
	"B46" -> "C47"
	"C48" [label="C"]
	"C47" -> "C48"
	"Paren49" [label="Paren"]
	"C48" -> "Paren49"
	"num50" [label="num",style=filled,fillcolor=powderblue]
	"Paren49" -> "num50"
	"]51" [label="]",style=filled,fillcolor=powderblue]
	"Assign42" -> "]51"
	"=52" [label="=",style=filled,fillcolor=powderblue]
	"Assign42" -> "=52"
	"Expression53" [label="Expression"]
	"Assign42" -> "Expression53"
	"B54" [label="B"]
	"Expression53" -> "B54"
	"C55" [label="C"]
	"B54" -> "C55"
	"C56" [label="C"]
	"C55" -> "C56"
	"Paren57" [label="Paren"]
	"C56" -> "Paren57"
	"num58" [label="num",style=filled,fillcolor=powderblue]
	"Paren57" -> "num58"
	"Paren59" [label="Paren"]
	"Paren57" -> "Paren59"
	"e60" [label="e"]
	"Paren59" -> "e60"
	"C61" [label="C"]
	"C56" -> "C61"
	"e62" [label="e"]
	"C61" -> "e62"
	"C63" [label="C"]
	"C55" -> "C63"
	"/64" [label="/",style=filled,fillcolor=powderblue]
	"C63" -> "/64"
	"C65" [label="C"]
	"C63" -> "C65"
	"C66" [label="C"]
	"C65" -> "C66"
	"Paren67" [label="Paren"]
	"C66" -> "Paren67"
	"num68" [label="num",style=filled,fillcolor=powderblue]
	"Paren67" -> "num68"
	"Paren69" [label="Paren"]
	"Paren67" -> "Paren69"
	"e70" [label="e"]
	"Paren69" -> "e70"
	"C71" [label="C"]
	"C66" -> "C71"
	"e72" [label="e"]
	"C71" -> "e72"
	"C73" [label="C"]
	"C65" -> "C73"
	"*74" [label="*",style=filled,fillcolor=powderblue]
	"C73" -> "*74"
	"C75" [label="C"]
	"C73" -> "C75"
	"C76" [label="C"]
	"C75" -> "C76"
	"Paren77" [label="Paren"]
	"C76" -> "Paren77"
	"num78" [label="num",style=filled,fillcolor=powderblue]
	"Paren77" -> "num78"
	"State79" [label="State"]
	"States2" -> "State79"
	"Print80" [label="Print"]
	"State79" -> "Print80"
	"print81" [label="print",style=filled,fillcolor=powderblue]
	"Print80" -> "print81"
	"Expression82" [label="Expression"]
	"Print80" -> "Expression82"
	"B83" [label="B"]
	"Expression82" -> "B83"
	"C84" [label="C"]
	"B83" -> "C84"
	"C85" [label="C"]
	"C84" -> "C85"
	"Paren86" [label="Paren"]
	"C85" -> "Paren86"
	"m87" [label="m",style=filled,fillcolor=powderblue]
	"Paren86" -> "m87"
	"[88" [label="[",style=filled,fillcolor=powderblue]
	"Paren86" -> "[88"
	"Expression89" [label="Expression"]
	"Paren86" -> "Expression89"
	"B90" [label="B"]
	"Expression89" -> "B90"
	"C91" [label="C"]
	"B90" -> "C91"
	"C92" [label="C"]
	"C91" -> "C92"
	"Paren93" [label="Paren"]
	"C92" -> "Paren93"
	"num94" [label="num",style=filled,fillcolor=powderblue]
	"Paren93" -> "num94"
	"]95" [label="]",style=filled,fillcolor=powderblue]
	"Paren86" -> "]95"
	"State96" [label="State"]
	"States2" -> "State96"
	"Goto97" [label="Goto"]
	"State96" -> "Goto97"
	"goto98" [label="goto",style=filled,fillcolor=powderblue]
	"Goto97" -> "goto98"
	"num99" [label="num",style=filled,fillcolor=powderblue]
	"Goto97" -> "num99"
	"if100" [label="if",style=filled,fillcolor=powderblue]
	"Goto97" -> "if100"
	"Expression101" [label="Expression"]
	"Goto97" -> "Expression101"
	"B102" [label="B"]
	"Expression101" -> "B102"
	"C103" [label="C"]
	"B102" -> "C103"
	"C104" [label="C"]
	"C103" -> "C104"
	"Paren105" [label="Paren"]
	"C104" -> "Paren105"
	"m106" [label="m",style=filled,fillcolor=powderblue]
	"Paren105" -> "m106"
	"[107" [label="[",style=filled,fillcolor=powderblue]
	"Paren105" -> "[107"
	"Expression108" [label="Expression"]
	"Paren105" -> "Expression108"
	"B109" [label="B"]
	"Expression108" -> "B109"
	"C110" [label="C"]
	"B109" -> "C110"
	"C111" [label="C"]
	"C110" -> "C111"
	"Paren112" [label="Paren"]
	"C111" -> "Paren112"
	"num113" [label="num",style=filled,fillcolor=powderblue]
	"Paren112" -> "num113"
	"]114" [label="]",style=filled,fillcolor=powderblue]
	"Paren105" -> "]114"
	"State115" [label="State"]
	"States2" -> "State115"
	"Goto116" [label="Goto"]
	"State115" -> "Goto116"
	"goto117" [label="goto",style=filled,fillcolor=powderblue]
	"Goto116" -> "goto117"
	"num118" [label="num",style=filled,fillcolor=powderblue]
	"Goto116" -> "num118"
	"State119" [label="State"]
	"States2" -> "State119"
	"Label120" [label="Label"]
	"State119" -> "Label120"
	"L121" [label="L",style=filled,fillcolor=powderblue]
	"Label120" -> "L121"
	"Label122" [label="Label"]
	"Label120" -> "Label122"
	"num123" [label="num",style=filled,fillcolor=powderblue]
	"Label122" -> "num123"
	"Label124" [label="Label"]
	"Label122" -> "Label124"
	":125" [label=":",style=filled,fillcolor=powderblue]
	"Label124" -> ":125"
	"State126" [label="State"]
	"States2" -> "State126"
	"Assign127" [label="Assign"]
	"State126" -> "Assign127"
	"m128" [label="m",style=filled,fillcolor=powderblue]
	"Assign127" -> "m128"
	"[129" [label="[",style=filled,fillcolor=powderblue]
	"Assign127" -> "[129"
	"Expression130" [label="Expression"]
	"Assign127" -> "Expression130"
	"B131" [label="B"]
	"Expression130" -> "B131"
	"C132" [label="C"]
	"B131" -> "C132"
	"C133" [label="C"]
	"C132" -> "C133"
	"Paren134" [label="Paren"]
	"C133" -> "Paren134"
	"num135" [label="num",style=filled,fillcolor=powderblue]
	"Paren134" -> "num135"
	"num136" [label="num",style=filled,fillcolor=powderblue]
	"Paren134" -> "num136"
	"]137" [label="]",style=filled,fillcolor=powderblue]
	"Assign127" -> "]137"
	"=138" [label="=",style=filled,fillcolor=powderblue]
	"Assign127" -> "=138"
	"Expression139" [label="Expression"]
	"Assign127" -> "Expression139"
	"B140" [label="B"]
	"Expression139" -> "B140"
	"C141" [label="C"]
	"B140" -> "C141"
	"C142" [label="C"]
	"C141" -> "C142"
	"Paren143" [label="Paren"]
	"C142" -> "Paren143"
	"num144" [label="num",style=filled,fillcolor=powderblue]
	"Paren143" -> "num144"
	"Paren145" [label="Paren"]
	"Paren143" -> "Paren145"
	"e146" [label="e"]
	"Paren145" -> "e146"
	"C147" [label="C"]
	"C142" -> "C147"
	"e148" [label="e"]
	"C147" -> "e148"
	"C149" [label="C"]
	"C141" -> "C149"
	"e150" [label="e"]
	"C149" -> "e150"
	"B151" [label="B"]
	"B140" -> "B151"
	"-152" [label="-",style=filled,fillcolor=powderblue]
	"B151" -> "-152"
	"B153" [label="B"]
	"B151" -> "B153"
	"C154" [label="C"]
	"B153" -> "C154"
	"C155" [label="C"]
	"C154" -> "C155"
	"Paren156" [label="Paren"]
	"C155" -> "Paren156"
	"(157" [label="(",style=filled,fillcolor=powderblue]
	"Paren156" -> "(157"
	"Expression158" [label="Expression"]
	"Paren156" -> "Expression158"
	"B159" [label="B"]
	"Expression158" -> "B159"
	"C160" [label="C"]
	"B159" -> "C160"
	"C161" [label="C"]
	"C160" -> "C161"
	"Paren162" [label="Paren"]
	"C161" -> "Paren162"
	"m163" [label="m",style=filled,fillcolor=powderblue]
	"Paren162" -> "m163"
	"[164" [label="[",style=filled,fillcolor=powderblue]
	"Paren162" -> "[164"
	"Expression165" [label="Expression"]
	"Paren162" -> "Expression165"
	"B166" [label="B"]
	"Expression165" -> "B166"
	"C167" [label="C"]
	"B166" -> "C167"
	"C168" [label="C"]
	"C167" -> "C168"
	"Paren169" [label="Paren"]
	"C168" -> "Paren169"
	"num170" [label="num",style=filled,fillcolor=powderblue]
	"Paren169" -> "num170"
	"]171" [label="]",style=filled,fillcolor=powderblue]
	"Paren162" -> "]171"
	"Paren172" [label="Paren"]
	"Paren162" -> "Paren172"
	"e173" [label="e"]
	"Paren172" -> "e173"
	"C174" [label="C"]
	"C161" -> "C174"
	"e175" [label="e"]
	"C174" -> "e175"
	"C176" [label="C"]
	"C160" -> "C176"
	"e177" [label="e"]
	"C176" -> "e177"
	"B178" [label="B"]
	"B159" -> "B178"
	"-179" [label="-",style=filled,fillcolor=powderblue]
	"B178" -> "-179"
	"B180" [label="B"]
	"B178" -> "B180"
	"C181" [label="C"]
	"B180" -> "C181"
	"C182" [label="C"]
	"C181" -> "C182"
	"Paren183" [label="Paren"]
	"C182" -> "Paren183"
	"num184" [label="num",style=filled,fillcolor=powderblue]
	"Paren183" -> "num184"
	"Paren185" [label="Paren"]
	"Paren183" -> "Paren185"
	"e186" [label="e"]
	"Paren185" -> "e186"
	"C187" [label="C"]
	"C182" -> "C187"
	"**188" [label="**",style=filled,fillcolor=powderblue]
	"C187" -> "**188"
	"C189" [label="C"]
	"C187" -> "C189"
	"Paren190" [label="Paren"]
	"C189" -> "Paren190"
	"num191" [label="num",style=filled,fillcolor=powderblue]
	"Paren190" -> "num191"
	")192" [label=")",style=filled,fillcolor=powderblue]
	"Paren156" -> ")192"
	"State193" [label="State"]
	"States2" -> "State193"
	"Assign194" [label="Assign"]
	"State193" -> "Assign194"
	"m195" [label="m",style=filled,fillcolor=powderblue]
	"Assign194" -> "m195"
	"[196" [label="[",style=filled,fillcolor=powderblue]
	"Assign194" -> "[196"
	"Expression197" [label="Expression"]
	"Assign194" -> "Expression197"
	"B198" [label="B"]
	"Expression197" -> "B198"
	"C199" [label="C"]
	"B198" -> "C199"
	"C200" [label="C"]
	"C199" -> "C200"
	"Paren201" [label="Paren"]
	"C200" -> "Paren201"
	"num202" [label="num",style=filled,fillcolor=powderblue]
	"Paren201" -> "num202"
	"num203" [label="num",style=filled,fillcolor=powderblue]
	"Paren201" -> "num203"
	"]204" [label="]",style=filled,fillcolor=powderblue]
	"Assign194" -> "]204"
	"=205" [label="=",style=filled,fillcolor=powderblue]
	"Assign194" -> "=205"
	"Expression206" [label="Expression"]
	"Assign194" -> "Expression206"
	"B207" [label="B"]
	"Expression206" -> "B207"
	"C208" [label="C"]
	"B207" -> "C208"
	"C209" [label="C"]
	"C208" -> "C209"
	"Paren210" [label="Paren"]
	"C209" -> "Paren210"
	"m211" [label="m",style=filled,fillcolor=powderblue]
	"Paren210" -> "m211"
	"[212" [label="[",style=filled,fillcolor=powderblue]
	"Paren210" -> "[212"
	"Expression213" [label="Expression"]
	"Paren210" -> "Expression213"
	"B214" [label="B"]
	"Expression213" -> "B214"
	"C215" [label="C"]
	"B214" -> "C215"
	"C216" [label="C"]
	"C215" -> "C216"
	"Paren217" [label="Paren"]
	"C216" -> "Paren217"
	"num218" [label="num",style=filled,fillcolor=powderblue]
	"Paren217" -> "num218"
	"]219" [label="]",style=filled,fillcolor=powderblue]
	"Paren210" -> "]219"
	"Paren220" [label="Paren"]
	"Paren210" -> "Paren220"
	"e221" [label="e"]
	"Paren220" -> "e221"
	"C222" [label="C"]
	"C209" -> "C222"
	"e223" [label="e"]
	"C222" -> "e223"
	"C224" [label="C"]
	"C208" -> "C224"
	"*225" [label="*",style=filled,fillcolor=powderblue]
	"C224" -> "*225"
	"C226" [label="C"]
	"C224" -> "C226"
	"C227" [label="C"]
	"C226" -> "C227"
	"Paren228" [label="Paren"]
	"C227" -> "Paren228"
	"m229" [label="m",style=filled,fillcolor=powderblue]
	"Paren228" -> "m229"
	"[230" [label="[",style=filled,fillcolor=powderblue]
	"Paren228" -> "[230"
	"Expression231" [label="Expression"]
	"Paren228" -> "Expression231"
	"B232" [label="B"]
	"Expression231" -> "B232"
	"C233" [label="C"]
	"B232" -> "C233"
	"C234" [label="C"]
	"C233" -> "C234"
	"Paren235" [label="Paren"]
	"C234" -> "Paren235"
	"num236" [label="num",style=filled,fillcolor=powderblue]
	"Paren235" -> "num236"
	"]237" [label="]",style=filled,fillcolor=powderblue]
	"Paren228" -> "]237"
	"State238" [label="State"]
	"States2" -> "State238"
	"Label239" [label="Label"]
	"State238" -> "Label239"
	"L240" [label="L",style=filled,fillcolor=powderblue]
	"Label239" -> "L240"
	"Label241" [label="Label"]
	"Label239" -> "Label241"
	"num242" [label="num",style=filled,fillcolor=powderblue]
	"Label241" -> "num242"
	"Label243" [label="Label"]
	"Label241" -> "Label243"
	":244" [label=":",style=filled,fillcolor=powderblue]
	"Label243" -> ":244"
	"State245" [label="State"]
	"States2" -> "State245"
	"Assign246" [label="Assign"]
	"State245" -> "Assign246"
	"m247" [label="m",style=filled,fillcolor=powderblue]
	"Assign246" -> "m247"
	"[248" [label="[",style=filled,fillcolor=powderblue]
	"Assign246" -> "[248"
	"Expression249" [label="Expression"]
	"Assign246" -> "Expression249"
	"B250" [label="B"]
	"Expression249" -> "B250"
	"C251" [label="C"]
	"B250" -> "C251"
	"C252" [label="C"]
	"C251" -> "C252"
	"Paren253" [label="Paren"]
	"C252" -> "Paren253"
	"num254" [label="num",style=filled,fillcolor=powderblue]
	"Paren253" -> "num254"
	"num255" [label="num",style=filled,fillcolor=powderblue]
	"Paren253" -> "num255"
	"]256" [label="]",style=filled,fillcolor=powderblue]
	"Assign246" -> "]256"
	"=257" [label="=",style=filled,fillcolor=powderblue]
	"Assign246" -> "=257"
	"Expression258" [label="Expression"]
	"Assign246" -> "Expression258"
	"B259" [label="B"]
	"Expression258" -> "B259"
	"C260" [label="C"]
	"B259" -> "C260"
	"C261" [label="C"]
	"C260" -> "C261"
	"Paren262" [label="Paren"]
	"C261" -> "Paren262"
	"num263" [label="num",style=filled,fillcolor=powderblue]
	"Paren262" -> "num263"
	"Paren264" [label="Paren"]
	"Paren262" -> "Paren264"
	"e265" [label="e"]
	"Paren264" -> "e265"
	"C266" [label="C"]
	"C261" -> "C266"
	"e267" [label="e"]
	"C266" -> "e267"
	"C268" [label="C"]
	"C260" -> "C268"
	"e269" [label="e"]
	"C268" -> "e269"
	"B270" [label="B"]
	"B259" -> "B270"
	"-271" [label="-",style=filled,fillcolor=powderblue]
	"B270" -> "-271"
	"B272" [label="B"]
	"B270" -> "B272"
	"C273" [label="C"]
	"B272" -> "C273"
	"C274" [label="C"]
	"C273" -> "C274"
	"Paren275" [label="Paren"]
	"C274" -> "Paren275"
	"(276" [label="(",style=filled,fillcolor=powderblue]
	"Paren275" -> "(276"
	"Expression277" [label="Expression"]
	"Paren275" -> "Expression277"
	"B278" [label="B"]
	"Expression277" -> "B278"
	"C279" [label="C"]
	"B278" -> "C279"
	"C280" [label="C"]
	"C279" -> "C280"
	"Paren281" [label="Paren"]
	"C280" -> "Paren281"
	"m282" [label="m",style=filled,fillcolor=powderblue]
	"Paren281" -> "m282"
	"[283" [label="[",style=filled,fillcolor=powderblue]
	"Paren281" -> "[283"
	"Expression284" [label="Expression"]
	"Paren281" -> "Expression284"
	"B285" [label="B"]
	"Expression284" -> "B285"
	"C286" [label="C"]
	"B285" -> "C286"
	"C287" [label="C"]
	"C286" -> "C287"
	"Paren288" [label="Paren"]
	"C287" -> "Paren288"
	"num289" [label="num",style=filled,fillcolor=powderblue]
	"Paren288" -> "num289"
	"]290" [label="]",style=filled,fillcolor=powderblue]
	"Paren281" -> "]290"
	"Paren291" [label="Paren"]
	"Paren281" -> "Paren291"
	"e292" [label="e"]
	"Paren291" -> "e292"
	"C293" [label="C"]
	"C280" -> "C293"
	"e294" [label="e"]
	"C293" -> "e294"
	"C295" [label="C"]
	"C279" -> "C295"
	"e296" [label="e"]
	"C295" -> "e296"
	"B297" [label="B"]
	"B278" -> "B297"
	"-298" [label="-",style=filled,fillcolor=powderblue]
	"B297" -> "-298"
	"B299" [label="B"]
	"B297" -> "B299"
	"C300" [label="C"]
	"B299" -> "C300"
	"C301" [label="C"]
	"C300" -> "C301"
	"Paren302" [label="Paren"]
	"C301" -> "Paren302"
	"num303" [label="num",style=filled,fillcolor=powderblue]
	"Paren302" -> "num303"
	")304" [label=")",style=filled,fillcolor=powderblue]
	"Paren275" -> ")304"
	"State305" [label="State"]
	"States2" -> "State305"
	"Assign306" [label="Assign"]
	"State305" -> "Assign306"
	"m307" [label="m",style=filled,fillcolor=powderblue]
	"Assign306" -> "m307"
	"[308" [label="[",style=filled,fillcolor=powderblue]
	"Assign306" -> "[308"
	"Expression309" [label="Expression"]
	"Assign306" -> "Expression309"
	"B310" [label="B"]
	"Expression309" -> "B310"
	"C311" [label="C"]
	"B310" -> "C311"
	"C312" [label="C"]
	"C311" -> "C312"
	"Paren313" [label="Paren"]
	"C312" -> "Paren313"
	"num314" [label="num",style=filled,fillcolor=powderblue]
	"Paren313" -> "num314"
	"num315" [label="num",style=filled,fillcolor=powderblue]
	"Paren313" -> "num315"
	"]316" [label="]",style=filled,fillcolor=powderblue]
	"Assign306" -> "]316"
	"=317" [label="=",style=filled,fillcolor=powderblue]
	"Assign306" -> "=317"
	"Expression318" [label="Expression"]
	"Assign306" -> "Expression318"
	"B319" [label="B"]
	"Expression318" -> "B319"
	"C320" [label="C"]
	"B319" -> "C320"
	"C321" [label="C"]
	"C320" -> "C321"
	"Paren322" [label="Paren"]
	"C321" -> "Paren322"
	"m323" [label="m",style=filled,fillcolor=powderblue]
	"Paren322" -> "m323"
	"[324" [label="[",style=filled,fillcolor=powderblue]
	"Paren322" -> "[324"
	"Expression325" [label="Expression"]
	"Paren322" -> "Expression325"
	"B326" [label="B"]
	"Expression325" -> "B326"
	"C327" [label="C"]
	"B326" -> "C327"
	"C328" [label="C"]
	"C327" -> "C328"
	"Paren329" [label="Paren"]
	"C328" -> "Paren329"
	"num330" [label="num",style=filled,fillcolor=powderblue]
	"Paren329" -> "num330"
	"]331" [label="]",style=filled,fillcolor=powderblue]
	"Paren322" -> "]331"
	"Paren332" [label="Paren"]
	"Paren322" -> "Paren332"
	"e333" [label="e"]
	"Paren332" -> "e333"
	"C334" [label="C"]
	"C321" -> "C334"
	"e335" [label="e"]
	"C334" -> "e335"
	"C336" [label="C"]
	"C320" -> "C336"
	"*337" [label="*",style=filled,fillcolor=powderblue]
	"C336" -> "*337"
	"C338" [label="C"]
	"C336" -> "C338"
	"C339" [label="C"]
	"C338" -> "C339"
	"Paren340" [label="Paren"]
	"C339" -> "Paren340"
	"m341" [label="m",style=filled,fillcolor=powderblue]
	"Paren340" -> "m341"
	"[342" [label="[",style=filled,fillcolor=powderblue]
	"Paren340" -> "[342"
	"Expression343" [label="Expression"]
	"Paren340" -> "Expression343"
	"B344" [label="B"]
	"Expression343" -> "B344"
	"C345" [label="C"]
	"B344" -> "C345"
	"C346" [label="C"]
	"C345" -> "C346"
	"Paren347" [label="Paren"]
	"C346" -> "Paren347"
	"num348" [label="num",style=filled,fillcolor=powderblue]
	"Paren347" -> "num348"
	"]349" [label="]",style=filled,fillcolor=powderblue]
	"Paren340" -> "]349"
	"State350" [label="State"]
	"States2" -> "State350"
	"Goto351" [label="Goto"]
	"State350" -> "Goto351"
	"goto352" [label="goto",style=filled,fillcolor=powderblue]
	"Goto351" -> "goto352"
	"num353" [label="num",style=filled,fillcolor=powderblue]
	"Goto351" -> "num353"
	"State354" [label="State"]
	"States2" -> "State354"
	"Print355" [label="Print"]
	"State354" -> "Print355"
	"print356" [label="print",style=filled,fillcolor=powderblue]
	"Print355" -> "print356"
	"Expression357" [label="Expression"]
	"Print355" -> "Expression357"
	"B358" [label="B"]
	"Expression357" -> "B358"
	"C359" [label="C"]
	"B358" -> "C359"
	"C360" [label="C"]
	"C359" -> "C360"
	"Paren361" [label="Paren"]
	"C360" -> "Paren361"
	"num362" [label="num",style=filled,fillcolor=powderblue]
	"Paren361" -> "num362"
	"Paren363" [label="Paren"]
	"Paren361" -> "Paren363"
	"e364" [label="e"]
	"Paren363" -> "e364"
	"C365" [label="C"]
	"C360" -> "C365"
	"e366" [label="e"]
	"C365" -> "e366"
	"C367" [label="C"]
	"C359" -> "C367"
	"*368" [label="*",style=filled,fillcolor=powderblue]
	"C367" -> "*368"
	"C369" [label="C"]
	"C367" -> "C369"
	"C370" [label="C"]
	"C369" -> "C370"
	"Paren371" [label="Paren"]
	"C370" -> "Paren371"
	"num372" [label="num",style=filled,fillcolor=powderblue]
	"Paren371" -> "num372"
	"State373" [label="State"]
	"States2" -> "State373"
	"Label374" [label="Label"]
	"State373" -> "Label374"
	"L375" [label="L",style=filled,fillcolor=powderblue]
	"Label374" -> "L375"
	"Label376" [label="Label"]
	"Label374" -> "Label376"
	"num377" [label="num",style=filled,fillcolor=powderblue]
	"Label376" -> "num377"
	"Label378" [label="Label"]
	"Label376" -> "Label378"
	":379" [label=":",style=filled,fillcolor=powderblue]
	"Label378" -> ":379"
	"State380" [label="State"]
	"States2" -> "State380"
	"Assign381" [label="Assign"]
	"State380" -> "Assign381"
	"m382" [label="m",style=filled,fillcolor=powderblue]
	"Assign381" -> "m382"
	"[383" [label="[",style=filled,fillcolor=powderblue]
	"Assign381" -> "[383"
	"Expression384" [label="Expression"]
	"Assign381" -> "Expression384"
	"B385" [label="B"]
	"Expression384" -> "B385"
	"C386" [label="C"]
	"B385" -> "C386"
	"C387" [label="C"]
	"C386" -> "C387"
	"Paren388" [label="Paren"]
	"C387" -> "Paren388"
	"num389" [label="num",style=filled,fillcolor=powderblue]
	"Paren388" -> "num389"
	"num390" [label="num",style=filled,fillcolor=powderblue]
	"Paren388" -> "num390"
	"]391" [label="]",style=filled,fillcolor=powderblue]
	"Assign381" -> "]391"
	"=392" [label="=",style=filled,fillcolor=powderblue]
	"Assign381" -> "=392"
	"Expression393" [label="Expression"]
	"Assign381" -> "Expression393"
	"B394" [label="B"]
	"Expression393" -> "B394"
	"C395" [label="C"]
	"B394" -> "C395"
	"C396" [label="C"]
	"C395" -> "C396"
	"Paren397" [label="Paren"]
	"C396" -> "Paren397"
	"num398" [label="num",style=filled,fillcolor=powderblue]
	"Paren397" -> "num398"
	"num399" [label="num",style=filled,fillcolor=powderblue]
	"Paren397" -> "num399"
	"num400" [label="num",style=filled,fillcolor=powderblue]
	"Paren397" -> "num400"
	"num401" [label="num",style=filled,fillcolor=powderblue]
	"Paren397" -> "num401"
	"State402" [label="State"]
	"States2" -> "State402"
	"Print403" [label="Print"]
	"State402" -> "Print403"
	"print404" [label="print",style=filled,fillcolor=powderblue]
	"Print403" -> "print404"
	"Expression405" [label="Expression"]
	"Print403" -> "Expression405"
	"B406" [label="B"]
	"Expression405" -> "B406"
	"C407" [label="C"]
	"B406" -> "C407"
	"C408" [label="C"]
	"C407" -> "C408"
	"Paren409" [label="Paren"]
	"C408" -> "Paren409"
	"m410" [label="m",style=filled,fillcolor=powderblue]
	"Paren409" -> "m410"
	"[411" [label="[",style=filled,fillcolor=powderblue]
	"Paren409" -> "[411"
	"Expression412" [label="Expression"]
	"Paren409" -> "Expression412"
	"B413" [label="B"]
	"Expression412" -> "B413"
	"C414" [label="C"]
	"B413" -> "C414"
	"C415" [label="C"]
	"C414" -> "C415"
	"Paren416" [label="Paren"]
	"C415" -> "Paren416"
	"num417" [label="num",style=filled,fillcolor=powderblue]
	"Paren416" -> "num417"
	"]418" [label="]",style=filled,fillcolor=powderblue]
	"Paren409" -> "]418"
	"State419" [label="State"]
	"States2" -> "State419"
	"Print420" [label="Print"]
	"State419" -> "Print420"
	"print421" [label="print",style=filled,fillcolor=powderblue]
	"Print420" -> "print421"
	"Expression422" [label="Expression"]
	"Print420" -> "Expression422"
	"B423" [label="B"]
	"Expression422" -> "B423"
	"C424" [label="C"]
	"B423" -> "C424"
	"C425" [label="C"]
	"C424" -> "C425"
	"Paren426" [label="Paren"]
	"C425" -> "Paren426"
	"m427" [label="m",style=filled,fillcolor=powderblue]
	"Paren426" -> "m427"
	"[428" [label="[",style=filled,fillcolor=powderblue]
	"Paren426" -> "[428"
	"Expression429" [label="Expression"]
	"Paren426" -> "Expression429"
	"B430" [label="B"]
	"Expression429" -> "B430"
	"C431" [label="C"]
	"B430" -> "C431"
	"C432" [label="C"]
	"C431" -> "C432"
	"Paren433" [label="Paren"]
	"C432" -> "Paren433"
	"num434" [label="num",style=filled,fillcolor=powderblue]
	"Paren433" -> "num434"
	"]435" [label="]",style=filled,fillcolor=powderblue]
	"Paren426" -> "]435"
	"State436" [label="State"]
	"States2" -> "State436"
	"Print437" [label="Print"]
	"State436" -> "Print437"
	"print438" [label="print",style=filled,fillcolor=powderblue]
	"Print437" -> "print438"
	"Expression439" [label="Expression"]
	"Print437" -> "Expression439"
	"B440" [label="B"]
	"Expression439" -> "B440"
	"C441" [label="C"]
	"B440" -> "C441"
	"C442" [label="C"]
	"C441" -> "C442"
	"Paren443" [label="Paren"]
	"C442" -> "Paren443"
	"m444" [label="m",style=filled,fillcolor=powderblue]
	"Paren443" -> "m444"
	"[445" [label="[",style=filled,fillcolor=powderblue]
	"Paren443" -> "[445"
	"Expression446" [label="Expression"]
	"Paren443" -> "Expression446"
	"B447" [label="B"]
	"Expression446" -> "B447"
	"C448" [label="C"]
	"B447" -> "C448"
	"C449" [label="C"]
	"C448" -> "C449"
	"Paren450" [label="Paren"]
	"C449" -> "Paren450"
	"num451" [label="num",style=filled,fillcolor=powderblue]
	"Paren450" -> "num451"
	"num452" [label="num",style=filled,fillcolor=powderblue]
	"Paren450" -> "num452"
	"]453" [label="]",style=filled,fillcolor=powderblue]
	"Paren443" -> "]453"
	"State454" [label="State"]
	"States2" -> "State454"
	"Print455" [label="Print"]
	"State454" -> "Print455"
	"print456" [label="print",style=filled,fillcolor=powderblue]
	"Print455" -> "print456"
	"Expression457" [label="Expression"]
	"Print455" -> "Expression457"
	"B458" [label="B"]
	"Expression457" -> "B458"
	"C459" [label="C"]
	"B458" -> "C459"
	"C460" [label="C"]
	"C459" -> "C460"
	"Paren461" [label="Paren"]
	"C460" -> "Paren461"
	"m462" [label="m",style=filled,fillcolor=powderblue]
	"Paren461" -> "m462"
	"[463" [label="[",style=filled,fillcolor=powderblue]
	"Paren461" -> "[463"
	"Expression464" [label="Expression"]
	"Paren461" -> "Expression464"
	"B465" [label="B"]
	"Expression464" -> "B465"
	"C466" [label="C"]
	"B465" -> "C466"
	"C467" [label="C"]
	"C466" -> "C467"
	"Paren468" [label="Paren"]
	"C467" -> "Paren468"
	"num469" [label="num",style=filled,fillcolor=powderblue]
	"Paren468" -> "num469"
	"num470" [label="num",style=filled,fillcolor=powderblue]
	"Paren468" -> "num470"
	"]471" [label="]",style=filled,fillcolor=powderblue]
	"Paren461" -> "]471"
	"State472" [label="State"]
	"States2" -> "State472"
	"Print473" [label="Print"]
	"State472" -> "Print473"
	"print474" [label="print",style=filled,fillcolor=powderblue]
	"Print473" -> "print474"
	"Expression475" [label="Expression"]
	"Print473" -> "Expression475"
	"B476" [label="B"]
	"Expression475" -> "B476"
	"C477" [label="C"]
	"B476" -> "C477"
	"C478" [label="C"]
	"C477" -> "C478"
	"Paren479" [label="Paren"]
	"C478" -> "Paren479"
	"m480" [label="m",style=filled,fillcolor=powderblue]
	"Paren479" -> "m480"
	"[481" [label="[",style=filled,fillcolor=powderblue]
	"Paren479" -> "[481"
	"Expression482" [label="Expression"]
	"Paren479" -> "Expression482"
	"B483" [label="B"]
	"Expression482" -> "B483"
	"C484" [label="C"]
	"B483" -> "C484"
	"C485" [label="C"]
	"C484" -> "C485"
	"Paren486" [label="Paren"]
	"C485" -> "Paren486"
	"num487" [label="num",style=filled,fillcolor=powderblue]
	"Paren486" -> "num487"
	"num488" [label="num",style=filled,fillcolor=powderblue]
	"Paren486" -> "num488"
	"]489" [label="]",style=filled,fillcolor=powderblue]
	"Paren479" -> "]489"
	"State490" [label="State"]
	"States2" -> "State490"
	"Print491" [label="Print"]
	"State490" -> "Print491"
	"print492" [label="print",style=filled,fillcolor=powderblue]
	"Print491" -> "print492"
	"Expression493" [label="Expression"]
	"Print491" -> "Expression493"
	"B494" [label="B"]
	"Expression493" -> "B494"
	"C495" [label="C"]
	"B494" -> "C495"
	"C496" [label="C"]
	"C495" -> "C496"
	"Paren497" [label="Paren"]
	"C496" -> "Paren497"
	"num498" [label="num",style=filled,fillcolor=powderblue]
	"Paren497" -> "num498"
	"num499" [label="num",style=filled,fillcolor=powderblue]
	"Paren497" -> "num499"
	"num500" [label="num",style=filled,fillcolor=powderblue]
	"Paren497" -> "num500"
	"num501" [label="num",style=filled,fillcolor=powderblue]
	"Paren497" -> "num501"
	"num502" [label="num",style=filled,fillcolor=powderblue]
	"Paren497" -> "num502"
	"num503" [label="num",style=filled,fillcolor=powderblue]
	"Paren497" -> "num503"
	"eof504" [label="eof",style=filled,fillcolor=powderblue]
	"States2" -> "eof504"
	"e505" [label="e"]
	"States2" -> "e505"
};
