digraph G {
	"Start1" [label="Start"]
	"S12" [label="S1"]
	"Start1" -> "S12"
	"m3" [label="m",style=filled,fillcolor=powderblue]
	"S12" -> "m3"
	"[4" [label="[",style=filled,fillcolor=powderblue]
	"S12" -> "[4"
	"Expression5" [label="Expression"]
	"S12" -> "Expression5"
	"E16" [label="E1"]
	"Expression5" -> "E16"
	"E37" [label="E3"]
	"E16" -> "E37"
	"E38" [label="E3"]
	"E37" -> "E38"
	"E49" [label="E4"]
	"E38" -> "E49"
	"num10" [label="num",style=filled,fillcolor=powderblue]
	"E49" -> "num10"
	"alpha311" [label="alpha3"]
	"E37" -> "alpha311"
	"e12" [label="e"]
	"alpha311" -> "e12"
	"alpha213" [label="alpha2"]
	"E16" -> "alpha213"
	"e14" [label="e"]
	"alpha213" -> "e14"
	"alpha115" [label="alpha1"]
	"Expression5" -> "alpha115"
	"e16" [label="e"]
	"alpha115" -> "e16"
	"]17" [label="]",style=filled,fillcolor=powderblue]
	"S12" -> "]17"
	"=18" [label="=",style=filled,fillcolor=powderblue]
	"S12" -> "=18"
	"Expression19" [label="Expression"]
	"S12" -> "Expression19"
	"E120" [label="E1"]
	"Expression19" -> "E120"
	"E321" [label="E3"]
	"E120" -> "E321"
	"E322" [label="E3"]
	"E321" -> "E322"
	"E423" [label="E4"]
	"E322" -> "E423"
	"num24" [label="num",style=filled,fillcolor=powderblue]
	"E423" -> "num24"
	"alpha325" [label="alpha3"]
	"E321" -> "alpha325"
	"e26" [label="e"]
	"alpha325" -> "e26"
	"alpha227" [label="alpha2"]
	"E120" -> "alpha227"
	"/28" [label="/",style=filled,fillcolor=powderblue]
	"alpha227" -> "/28"
	"E329" [label="E3"]
	"alpha227" -> "E329"
	"E330" [label="E3"]
	"E329" -> "E330"
	"E431" [label="E4"]
	"E330" -> "E431"
	"num32" [label="num",style=filled,fillcolor=powderblue]
	"E431" -> "num32"
	"alpha333" [label="alpha3"]
	"E329" -> "alpha333"
	"e34" [label="e"]
	"alpha333" -> "e34"
	"alpha235" [label="alpha2"]
	"alpha227" -> "alpha235"
	"*36" [label="*",style=filled,fillcolor=powderblue]
	"alpha235" -> "*36"
	"E337" [label="E3"]
	"alpha235" -> "E337"
	"E338" [label="E3"]
	"E337" -> "E338"
	"E439" [label="E4"]
	"E338" -> "E439"
	"num40" [label="num",style=filled,fillcolor=powderblue]
	"E439" -> "num40"
	"alpha341" [label="alpha3"]
	"E337" -> "alpha341"
	"e42" [label="e"]
	"alpha341" -> "e42"
	"alpha243" [label="alpha2"]
	"alpha235" -> "alpha243"
	"e44" [label="e"]
	"alpha243" -> "e44"
	"alpha145" [label="alpha1"]
	"Expression19" -> "alpha145"
	"e46" [label="e"]
	"alpha145" -> "e46"
	"A147" [label="A1"]
	"Start1" -> "A147"
	"m48" [label="m",style=filled,fillcolor=powderblue]
	"A147" -> "m48"
	"[49" [label="[",style=filled,fillcolor=powderblue]
	"A147" -> "[49"
	"Expression50" [label="Expression"]
	"A147" -> "Expression50"
	"E151" [label="E1"]
	"Expression50" -> "E151"
	"E352" [label="E3"]
	"E151" -> "E352"
	"E353" [label="E3"]
	"E352" -> "E353"
	"E454" [label="E4"]
	"E353" -> "E454"
	"num55" [label="num",style=filled,fillcolor=powderblue]
	"E454" -> "num55"
	"alpha356" [label="alpha3"]
	"E352" -> "alpha356"
	"e57" [label="e"]
	"alpha356" -> "e57"
	"alpha258" [label="alpha2"]
	"E151" -> "alpha258"
	"e59" [label="e"]
	"alpha258" -> "e59"
	"alpha160" [label="alpha1"]
	"Expression50" -> "alpha160"
	"e61" [label="e"]
	"alpha160" -> "e61"
	"]62" [label="]",style=filled,fillcolor=powderblue]
	"A147" -> "]62"
	"=63" [label="=",style=filled,fillcolor=powderblue]
	"A147" -> "=63"
	"Expression64" [label="Expression"]
	"A147" -> "Expression64"
	"E165" [label="E1"]
	"Expression64" -> "E165"
	"E366" [label="E3"]
	"E165" -> "E366"
	"E367" [label="E3"]
	"E366" -> "E367"
	"E468" [label="E4"]
	"E367" -> "E468"
	"num69" [label="num",style=filled,fillcolor=powderblue]
	"E468" -> "num69"
	"alpha370" [label="alpha3"]
	"E366" -> "alpha370"
	"e71" [label="e"]
	"alpha370" -> "e71"
	"alpha272" [label="alpha2"]
	"E165" -> "alpha272"
	"/73" [label="/",style=filled,fillcolor=powderblue]
	"alpha272" -> "/73"
	"E374" [label="E3"]
	"alpha272" -> "E374"
	"E375" [label="E3"]
	"E374" -> "E375"
	"E476" [label="E4"]
	"E375" -> "E476"
	"num77" [label="num",style=filled,fillcolor=powderblue]
	"E476" -> "num77"
	"alpha378" [label="alpha3"]
	"E374" -> "alpha378"
	"e79" [label="e"]
	"alpha378" -> "e79"
	"alpha280" [label="alpha2"]
	"alpha272" -> "alpha280"
	"*81" [label="*",style=filled,fillcolor=powderblue]
	"alpha280" -> "*81"
	"E382" [label="E3"]
	"alpha280" -> "E382"
	"E383" [label="E3"]
	"E382" -> "E383"
	"E484" [label="E4"]
	"E383" -> "E484"
	"num85" [label="num",style=filled,fillcolor=powderblue]
	"E484" -> "num85"
	"alpha386" [label="alpha3"]
	"E382" -> "alpha386"
	"e87" [label="e"]
	"alpha386" -> "e87"
	"alpha288" [label="alpha2"]
	"alpha280" -> "alpha288"
	"e89" [label="e"]
	"alpha288" -> "e89"
	"alpha190" [label="alpha1"]
	"Expression64" -> "alpha190"
	"e91" [label="e"]
	"alpha190" -> "e91"
	"A192" [label="A1"]
	"A147" -> "A192"
	"print93" [label="print",style=filled,fillcolor=powderblue]
	"A192" -> "print93"
	"Expression94" [label="Expression"]
	"A192" -> "Expression94"
	"E195" [label="E1"]
	"Expression94" -> "E195"
	"E396" [label="E3"]
	"E195" -> "E396"
	"E397" [label="E3"]
	"E396" -> "E397"
	"m98" [label="m",style=filled,fillcolor=powderblue]
	"E397" -> "m98"
	"[99" [label="[",style=filled,fillcolor=powderblue]
	"E397" -> "[99"
	"Expression100" [label="Expression"]
	"E397" -> "Expression100"
	"E1101" [label="E1"]
	"Expression100" -> "E1101"
	"E3102" [label="E3"]
	"E1101" -> "E3102"
	"E3103" [label="E3"]
	"E3102" -> "E3103"
	"E4104" [label="E4"]
	"E3103" -> "E4104"
	"num105" [label="num",style=filled,fillcolor=powderblue]
	"E4104" -> "num105"
	"alpha3106" [label="alpha3"]
	"E3102" -> "alpha3106"
	"e107" [label="e"]
	"alpha3106" -> "e107"
	"alpha2108" [label="alpha2"]
	"E1101" -> "alpha2108"
	"e109" [label="e"]
	"alpha2108" -> "e109"
	"alpha1110" [label="alpha1"]
	"Expression100" -> "alpha1110"
	"e111" [label="e"]
	"alpha1110" -> "e111"
	"]112" [label="]",style=filled,fillcolor=powderblue]
	"E397" -> "]112"
	"alpha3113" [label="alpha3"]
	"E396" -> "alpha3113"
	"e114" [label="e"]
	"alpha3113" -> "e114"
	"alpha2115" [label="alpha2"]
	"E195" -> "alpha2115"
	"e116" [label="e"]
	"alpha2115" -> "e116"
	"alpha1117" [label="alpha1"]
	"Expression94" -> "alpha1117"
	"e118" [label="e"]
	"alpha1117" -> "e118"
	"A1119" [label="A1"]
	"A192" -> "A1119"
	"goto120" [label="goto",style=filled,fillcolor=powderblue]
	"A1119" -> "goto120"
	"num121" [label="num",style=filled,fillcolor=powderblue]
	"A1119" -> "num121"
	"I122" [label="I"]
	"A1119" -> "I122"
	"if123" [label="if",style=filled,fillcolor=powderblue]
	"I122" -> "if123"
	"Expression124" [label="Expression"]
	"I122" -> "Expression124"
	"E1125" [label="E1"]
	"Expression124" -> "E1125"
	"E3126" [label="E3"]
	"E1125" -> "E3126"
	"E3127" [label="E3"]
	"E3126" -> "E3127"
	"m128" [label="m",style=filled,fillcolor=powderblue]
	"E3127" -> "m128"
	"[129" [label="[",style=filled,fillcolor=powderblue]
	"E3127" -> "[129"
	"Expression130" [label="Expression"]
	"E3127" -> "Expression130"
	"E1131" [label="E1"]
	"Expression130" -> "E1131"
	"E3132" [label="E3"]
	"E1131" -> "E3132"
	"E3133" [label="E3"]
	"E3132" -> "E3133"
	"E4134" [label="E4"]
	"E3133" -> "E4134"
	"num135" [label="num",style=filled,fillcolor=powderblue]
	"E4134" -> "num135"
	"alpha3136" [label="alpha3"]
	"E3132" -> "alpha3136"
	"e137" [label="e"]
	"alpha3136" -> "e137"
	"alpha2138" [label="alpha2"]
	"E1131" -> "alpha2138"
	"e139" [label="e"]
	"alpha2138" -> "e139"
	"alpha1140" [label="alpha1"]
	"Expression130" -> "alpha1140"
	"e141" [label="e"]
	"alpha1140" -> "e141"
	"]142" [label="]",style=filled,fillcolor=powderblue]
	"E3127" -> "]142"
	"alpha3143" [label="alpha3"]
	"E3126" -> "alpha3143"
	"e144" [label="e"]
	"alpha3143" -> "e144"
	"alpha2145" [label="alpha2"]
	"E1125" -> "alpha2145"
	"e146" [label="e"]
	"alpha2145" -> "e146"
	"alpha1147" [label="alpha1"]
	"Expression124" -> "alpha1147"
	"e148" [label="e"]
	"alpha1147" -> "e148"
	"A1149" [label="A1"]
	"A1119" -> "A1149"
	"goto150" [label="goto",style=filled,fillcolor=powderblue]
	"A1149" -> "goto150"
	"num151" [label="num",style=filled,fillcolor=powderblue]
	"A1149" -> "num151"
	"I152" [label="I"]
	"A1149" -> "I152"
	"A1153" [label="A1"]
	"A1149" -> "A1153"
	"L154" [label="L",style=filled,fillcolor=powderblue]
	"A1153" -> "L154"
	"num155" [label="num",style=filled,fillcolor=powderblue]
	"A1153" -> "num155"
	":156" [label=":",style=filled,fillcolor=powderblue]
	"A1153" -> ":156"
	"A1157" [label="A1"]
	"A1153" -> "A1157"
	"m158" [label="m",style=filled,fillcolor=powderblue]
	"A1157" -> "m158"
	"[159" [label="[",style=filled,fillcolor=powderblue]
	"A1157" -> "[159"
	"Expression160" [label="Expression"]
	"A1157" -> "Expression160"
	"E1161" [label="E1"]
	"Expression160" -> "E1161"
	"E3162" [label="E3"]
	"E1161" -> "E3162"
	"E3163" [label="E3"]
	"E3162" -> "E3163"
	"E4164" [label="E4"]
	"E3163" -> "E4164"
	"num165" [label="num",style=filled,fillcolor=powderblue]
	"E4164" -> "num165"
	"alpha3166" [label="alpha3"]
	"E3162" -> "alpha3166"
	"e167" [label="e"]
	"alpha3166" -> "e167"
	"alpha2168" [label="alpha2"]
	"E1161" -> "alpha2168"
	"e169" [label="e"]
	"alpha2168" -> "e169"
	"alpha1170" [label="alpha1"]
	"Expression160" -> "alpha1170"
	"e171" [label="e"]
	"alpha1170" -> "e171"
	"]172" [label="]",style=filled,fillcolor=powderblue]
	"A1157" -> "]172"
	"=173" [label="=",style=filled,fillcolor=powderblue]
	"A1157" -> "=173"
	"Expression174" [label="Expression"]
	"A1157" -> "Expression174"
	"E1175" [label="E1"]
	"Expression174" -> "E1175"
	"E3176" [label="E3"]
	"E1175" -> "E3176"
	"E3177" [label="E3"]
	"E3176" -> "E3177"
	"E4178" [label="E4"]
	"E3177" -> "E4178"
	"num179" [label="num",style=filled,fillcolor=powderblue]
	"E4178" -> "num179"
	"alpha3180" [label="alpha3"]
	"E3176" -> "alpha3180"
	"e181" [label="e"]
	"alpha3180" -> "e181"
	"alpha2182" [label="alpha2"]
	"E1175" -> "alpha2182"
	"e183" [label="e"]
	"alpha2182" -> "e183"
	"alpha1184" [label="alpha1"]
	"Expression174" -> "alpha1184"
	"-185" [label="-",style=filled,fillcolor=powderblue]
	"alpha1184" -> "-185"
	"E1186" [label="E1"]
	"alpha1184" -> "E1186"
	"E3187" [label="E3"]
	"E1186" -> "E3187"
	"E3188" [label="E3"]
	"E3187" -> "E3188"
	"E4189" [label="E4"]
	"E3188" -> "E4189"
	"(190" [label="(",style=filled,fillcolor=powderblue]
	"E4189" -> "(190"
	"Expression191" [label="Expression"]
	"E4189" -> "Expression191"
	"E1192" [label="E1"]
	"Expression191" -> "E1192"
	"E3193" [label="E3"]
	"E1192" -> "E3193"
	"E3194" [label="E3"]
	"E3193" -> "E3194"
	"m195" [label="m",style=filled,fillcolor=powderblue]
	"E3194" -> "m195"
	"[196" [label="[",style=filled,fillcolor=powderblue]
	"E3194" -> "[196"
	"Expression197" [label="Expression"]
	"E3194" -> "Expression197"
	"E1198" [label="E1"]
	"Expression197" -> "E1198"
	"E3199" [label="E3"]
	"E1198" -> "E3199"
	"E3200" [label="E3"]
	"E3199" -> "E3200"
	"E4201" [label="E4"]
	"E3200" -> "E4201"
	"num202" [label="num",style=filled,fillcolor=powderblue]
	"E4201" -> "num202"
	"alpha3203" [label="alpha3"]
	"E3199" -> "alpha3203"
	"e204" [label="e"]
	"alpha3203" -> "e204"
	"alpha2205" [label="alpha2"]
	"E1198" -> "alpha2205"
	"e206" [label="e"]
	"alpha2205" -> "e206"
	"alpha1207" [label="alpha1"]
	"Expression197" -> "alpha1207"
	"e208" [label="e"]
	"alpha1207" -> "e208"
	"]209" [label="]",style=filled,fillcolor=powderblue]
	"E3194" -> "]209"
	"alpha3210" [label="alpha3"]
	"E3193" -> "alpha3210"
	"e211" [label="e"]
	"alpha3210" -> "e211"
	"alpha2212" [label="alpha2"]
	"E1192" -> "alpha2212"
	"e213" [label="e"]
	"alpha2212" -> "e213"
	"alpha1214" [label="alpha1"]
	"Expression191" -> "alpha1214"
	"-215" [label="-",style=filled,fillcolor=powderblue]
	"alpha1214" -> "-215"
	"E1216" [label="E1"]
	"alpha1214" -> "E1216"
	"E3217" [label="E3"]
	"E1216" -> "E3217"
	"E3218" [label="E3"]
	"E3217" -> "E3218"
	"E4219" [label="E4"]
	"E3218" -> "E4219"
	"num220" [label="num",style=filled,fillcolor=powderblue]
	"E4219" -> "num220"
	"alpha3221" [label="alpha3"]
	"E3217" -> "alpha3221"
	"**222" [label="**",style=filled,fillcolor=powderblue]
	"alpha3221" -> "**222"
	"E3223" [label="E3"]
	"alpha3221" -> "E3223"
	"E4224" [label="E4"]
	"E3223" -> "E4224"
	"num225" [label="num",style=filled,fillcolor=powderblue]
	"E4224" -> "num225"
	"alpha3226" [label="alpha3"]
	"alpha3221" -> "alpha3226"
	"e227" [label="e"]
	"alpha3226" -> "e227"
	"alpha2228" [label="alpha2"]
	"E1216" -> "alpha2228"
	"e229" [label="e"]
	"alpha2228" -> "e229"
	"alpha1230" [label="alpha1"]
	"alpha1214" -> "alpha1230"
	"e231" [label="e"]
	"alpha1230" -> "e231"
	")232" [label=")",style=filled,fillcolor=powderblue]
	"E4189" -> ")232"
	"alpha3233" [label="alpha3"]
	"E3187" -> "alpha3233"
	"e234" [label="e"]
	"alpha3233" -> "e234"
	"alpha2235" [label="alpha2"]
	"E1186" -> "alpha2235"
	"e236" [label="e"]
	"alpha2235" -> "e236"
	"alpha1237" [label="alpha1"]
	"alpha1184" -> "alpha1237"
	"e238" [label="e"]
	"alpha1237" -> "e238"
	"A1239" [label="A1"]
	"A1157" -> "A1239"
	"m240" [label="m",style=filled,fillcolor=powderblue]
	"A1239" -> "m240"
	"[241" [label="[",style=filled,fillcolor=powderblue]
	"A1239" -> "[241"
	"Expression242" [label="Expression"]
	"A1239" -> "Expression242"
	"E1243" [label="E1"]
	"Expression242" -> "E1243"
	"E3244" [label="E3"]
	"E1243" -> "E3244"
	"E3245" [label="E3"]
	"E3244" -> "E3245"
	"E4246" [label="E4"]
	"E3245" -> "E4246"
	"num247" [label="num",style=filled,fillcolor=powderblue]
	"E4246" -> "num247"
	"alpha3248" [label="alpha3"]
	"E3244" -> "alpha3248"
	"e249" [label="e"]
	"alpha3248" -> "e249"
	"alpha2250" [label="alpha2"]
	"E1243" -> "alpha2250"
	"e251" [label="e"]
	"alpha2250" -> "e251"
	"alpha1252" [label="alpha1"]
	"Expression242" -> "alpha1252"
	"e253" [label="e"]
	"alpha1252" -> "e253"
	"]254" [label="]",style=filled,fillcolor=powderblue]
	"A1239" -> "]254"
	"=255" [label="=",style=filled,fillcolor=powderblue]
	"A1239" -> "=255"
	"Expression256" [label="Expression"]
	"A1239" -> "Expression256"
	"E1257" [label="E1"]
	"Expression256" -> "E1257"
	"E3258" [label="E3"]
	"E1257" -> "E3258"
	"E3259" [label="E3"]
	"E3258" -> "E3259"
	"m260" [label="m",style=filled,fillcolor=powderblue]
	"E3259" -> "m260"
	"[261" [label="[",style=filled,fillcolor=powderblue]
	"E3259" -> "[261"
	"Expression262" [label="Expression"]
	"E3259" -> "Expression262"
	"E1263" [label="E1"]
	"Expression262" -> "E1263"
	"E3264" [label="E3"]
	"E1263" -> "E3264"
	"E3265" [label="E3"]
	"E3264" -> "E3265"
	"E4266" [label="E4"]
	"E3265" -> "E4266"
	"num267" [label="num",style=filled,fillcolor=powderblue]
	"E4266" -> "num267"
	"alpha3268" [label="alpha3"]
	"E3264" -> "alpha3268"
	"e269" [label="e"]
	"alpha3268" -> "e269"
	"alpha2270" [label="alpha2"]
	"E1263" -> "alpha2270"
	"e271" [label="e"]
	"alpha2270" -> "e271"
	"alpha1272" [label="alpha1"]
	"Expression262" -> "alpha1272"
	"e273" [label="e"]
	"alpha1272" -> "e273"
	"]274" [label="]",style=filled,fillcolor=powderblue]
	"E3259" -> "]274"
	"alpha3275" [label="alpha3"]
	"E3258" -> "alpha3275"
	"e276" [label="e"]
	"alpha3275" -> "e276"
	"alpha2277" [label="alpha2"]
	"E1257" -> "alpha2277"
	"*278" [label="*",style=filled,fillcolor=powderblue]
	"alpha2277" -> "*278"
	"E3279" [label="E3"]
	"alpha2277" -> "E3279"
	"E3280" [label="E3"]
	"E3279" -> "E3280"
	"m281" [label="m",style=filled,fillcolor=powderblue]
	"E3280" -> "m281"
	"[282" [label="[",style=filled,fillcolor=powderblue]
	"E3280" -> "[282"
	"Expression283" [label="Expression"]
	"E3280" -> "Expression283"
	"E1284" [label="E1"]
	"Expression283" -> "E1284"
	"E3285" [label="E3"]
	"E1284" -> "E3285"
	"E3286" [label="E3"]
	"E3285" -> "E3286"
	"E4287" [label="E4"]
	"E3286" -> "E4287"
	"num288" [label="num",style=filled,fillcolor=powderblue]
	"E4287" -> "num288"
	"alpha3289" [label="alpha3"]
	"E3285" -> "alpha3289"
	"e290" [label="e"]
	"alpha3289" -> "e290"
	"alpha2291" [label="alpha2"]
	"E1284" -> "alpha2291"
	"e292" [label="e"]
	"alpha2291" -> "e292"
	"alpha1293" [label="alpha1"]
	"Expression283" -> "alpha1293"
	"e294" [label="e"]
	"alpha1293" -> "e294"
	"]295" [label="]",style=filled,fillcolor=powderblue]
	"E3280" -> "]295"
	"alpha3296" [label="alpha3"]
	"E3279" -> "alpha3296"
	"e297" [label="e"]
	"alpha3296" -> "e297"
	"alpha2298" [label="alpha2"]
	"alpha2277" -> "alpha2298"
	"e299" [label="e"]
	"alpha2298" -> "e299"
	"alpha1300" [label="alpha1"]
	"Expression256" -> "alpha1300"
	"e301" [label="e"]
	"alpha1300" -> "e301"
	"A1302" [label="A1"]
	"A1239" -> "A1302"
	"L303" [label="L",style=filled,fillcolor=powderblue]
	"A1302" -> "L303"
	"num304" [label="num",style=filled,fillcolor=powderblue]
	"A1302" -> "num304"
	":305" [label=":",style=filled,fillcolor=powderblue]
	"A1302" -> ":305"
	"A1306" [label="A1"]
	"A1302" -> "A1306"
	"m307" [label="m",style=filled,fillcolor=powderblue]
	"A1306" -> "m307"
	"[308" [label="[",style=filled,fillcolor=powderblue]
	"A1306" -> "[308"
	"Expression309" [label="Expression"]
	"A1306" -> "Expression309"
	"E1310" [label="E1"]
	"Expression309" -> "E1310"
	"E3311" [label="E3"]
	"E1310" -> "E3311"
	"E3312" [label="E3"]
	"E3311" -> "E3312"
	"E4313" [label="E4"]
	"E3312" -> "E4313"
	"num314" [label="num",style=filled,fillcolor=powderblue]
	"E4313" -> "num314"
	"alpha3315" [label="alpha3"]
	"E3311" -> "alpha3315"
	"e316" [label="e"]
	"alpha3315" -> "e316"
	"alpha2317" [label="alpha2"]
	"E1310" -> "alpha2317"
	"e318" [label="e"]
	"alpha2317" -> "e318"
	"alpha1319" [label="alpha1"]
	"Expression309" -> "alpha1319"
	"e320" [label="e"]
	"alpha1319" -> "e320"
	"]321" [label="]",style=filled,fillcolor=powderblue]
	"A1306" -> "]321"
	"=322" [label="=",style=filled,fillcolor=powderblue]
	"A1306" -> "=322"
	"Expression323" [label="Expression"]
	"A1306" -> "Expression323"
	"E1324" [label="E1"]
	"Expression323" -> "E1324"
	"E3325" [label="E3"]
	"E1324" -> "E3325"
	"E3326" [label="E3"]
	"E3325" -> "E3326"
	"E4327" [label="E4"]
	"E3326" -> "E4327"
	"num328" [label="num",style=filled,fillcolor=powderblue]
	"E4327" -> "num328"
	"alpha3329" [label="alpha3"]
	"E3325" -> "alpha3329"
	"e330" [label="e"]
	"alpha3329" -> "e330"
	"alpha2331" [label="alpha2"]
	"E1324" -> "alpha2331"
	"e332" [label="e"]
	"alpha2331" -> "e332"
	"alpha1333" [label="alpha1"]
	"Expression323" -> "alpha1333"
	"-334" [label="-",style=filled,fillcolor=powderblue]
	"alpha1333" -> "-334"
	"E1335" [label="E1"]
	"alpha1333" -> "E1335"
	"E3336" [label="E3"]
	"E1335" -> "E3336"
	"E3337" [label="E3"]
	"E3336" -> "E3337"
	"E4338" [label="E4"]
	"E3337" -> "E4338"
	"(339" [label="(",style=filled,fillcolor=powderblue]
	"E4338" -> "(339"
	"Expression340" [label="Expression"]
	"E4338" -> "Expression340"
	"E1341" [label="E1"]
	"Expression340" -> "E1341"
	"E3342" [label="E3"]
	"E1341" -> "E3342"
	"E3343" [label="E3"]
	"E3342" -> "E3343"
	"m344" [label="m",style=filled,fillcolor=powderblue]
	"E3343" -> "m344"
	"[345" [label="[",style=filled,fillcolor=powderblue]
	"E3343" -> "[345"
	"Expression346" [label="Expression"]
	"E3343" -> "Expression346"
	"E1347" [label="E1"]
	"Expression346" -> "E1347"
	"E3348" [label="E3"]
	"E1347" -> "E3348"
	"E3349" [label="E3"]
	"E3348" -> "E3349"
	"E4350" [label="E4"]
	"E3349" -> "E4350"
	"num351" [label="num",style=filled,fillcolor=powderblue]
	"E4350" -> "num351"
	"alpha3352" [label="alpha3"]
	"E3348" -> "alpha3352"
	"e353" [label="e"]
	"alpha3352" -> "e353"
	"alpha2354" [label="alpha2"]
	"E1347" -> "alpha2354"
	"e355" [label="e"]
	"alpha2354" -> "e355"
	"alpha1356" [label="alpha1"]
	"Expression346" -> "alpha1356"
	"e357" [label="e"]
	"alpha1356" -> "e357"
	"]358" [label="]",style=filled,fillcolor=powderblue]
	"E3343" -> "]358"
	"alpha3359" [label="alpha3"]
	"E3342" -> "alpha3359"
	"e360" [label="e"]
	"alpha3359" -> "e360"
	"alpha2361" [label="alpha2"]
	"E1341" -> "alpha2361"
	"e362" [label="e"]
	"alpha2361" -> "e362"
	"alpha1363" [label="alpha1"]
	"Expression340" -> "alpha1363"
	"-364" [label="-",style=filled,fillcolor=powderblue]
	"alpha1363" -> "-364"
	"E1365" [label="E1"]
	"alpha1363" -> "E1365"
	"E3366" [label="E3"]
	"E1365" -> "E3366"
	"E3367" [label="E3"]
	"E3366" -> "E3367"
	"E4368" [label="E4"]
	"E3367" -> "E4368"
	"num369" [label="num",style=filled,fillcolor=powderblue]
	"E4368" -> "num369"
	"alpha3370" [label="alpha3"]
	"E3366" -> "alpha3370"
	"e371" [label="e"]
	"alpha3370" -> "e371"
	"alpha2372" [label="alpha2"]
	"E1365" -> "alpha2372"
	"e373" [label="e"]
	"alpha2372" -> "e373"
	"alpha1374" [label="alpha1"]
	"alpha1363" -> "alpha1374"
	"e375" [label="e"]
	"alpha1374" -> "e375"
	")376" [label=")",style=filled,fillcolor=powderblue]
	"E4338" -> ")376"
	"alpha3377" [label="alpha3"]
	"E3336" -> "alpha3377"
	"e378" [label="e"]
	"alpha3377" -> "e378"
	"alpha2379" [label="alpha2"]
	"E1335" -> "alpha2379"
	"e380" [label="e"]
	"alpha2379" -> "e380"
	"alpha1381" [label="alpha1"]
	"alpha1333" -> "alpha1381"
	"e382" [label="e"]
	"alpha1381" -> "e382"
	"A1383" [label="A1"]
	"A1306" -> "A1383"
	"m384" [label="m",style=filled,fillcolor=powderblue]
	"A1383" -> "m384"
	"[385" [label="[",style=filled,fillcolor=powderblue]
	"A1383" -> "[385"
	"Expression386" [label="Expression"]
	"A1383" -> "Expression386"
	"E1387" [label="E1"]
	"Expression386" -> "E1387"
	"E3388" [label="E3"]
	"E1387" -> "E3388"
	"E3389" [label="E3"]
	"E3388" -> "E3389"
	"E4390" [label="E4"]
	"E3389" -> "E4390"
	"num391" [label="num",style=filled,fillcolor=powderblue]
	"E4390" -> "num391"
	"alpha3392" [label="alpha3"]
	"E3388" -> "alpha3392"
	"e393" [label="e"]
	"alpha3392" -> "e393"
	"alpha2394" [label="alpha2"]
	"E1387" -> "alpha2394"
	"e395" [label="e"]
	"alpha2394" -> "e395"
	"alpha1396" [label="alpha1"]
	"Expression386" -> "alpha1396"
	"e397" [label="e"]
	"alpha1396" -> "e397"
	"]398" [label="]",style=filled,fillcolor=powderblue]
	"A1383" -> "]398"
	"=399" [label="=",style=filled,fillcolor=powderblue]
	"A1383" -> "=399"
	"Expression400" [label="Expression"]
	"A1383" -> "Expression400"
	"E1401" [label="E1"]
	"Expression400" -> "E1401"
	"E3402" [label="E3"]
	"E1401" -> "E3402"
	"E3403" [label="E3"]
	"E3402" -> "E3403"
	"m404" [label="m",style=filled,fillcolor=powderblue]
	"E3403" -> "m404"
	"[405" [label="[",style=filled,fillcolor=powderblue]
	"E3403" -> "[405"
	"Expression406" [label="Expression"]
	"E3403" -> "Expression406"
	"E1407" [label="E1"]
	"Expression406" -> "E1407"
	"E3408" [label="E3"]
	"E1407" -> "E3408"
	"E3409" [label="E3"]
	"E3408" -> "E3409"
	"E4410" [label="E4"]
	"E3409" -> "E4410"
	"num411" [label="num",style=filled,fillcolor=powderblue]
	"E4410" -> "num411"
	"alpha3412" [label="alpha3"]
	"E3408" -> "alpha3412"
	"e413" [label="e"]
	"alpha3412" -> "e413"
	"alpha2414" [label="alpha2"]
	"E1407" -> "alpha2414"
	"e415" [label="e"]
	"alpha2414" -> "e415"
	"alpha1416" [label="alpha1"]
	"Expression406" -> "alpha1416"
	"e417" [label="e"]
	"alpha1416" -> "e417"
	"]418" [label="]",style=filled,fillcolor=powderblue]
	"E3403" -> "]418"
	"alpha3419" [label="alpha3"]
	"E3402" -> "alpha3419"
	"e420" [label="e"]
	"alpha3419" -> "e420"
	"alpha2421" [label="alpha2"]
	"E1401" -> "alpha2421"
	"*422" [label="*",style=filled,fillcolor=powderblue]
	"alpha2421" -> "*422"
	"E3423" [label="E3"]
	"alpha2421" -> "E3423"
	"E3424" [label="E3"]
	"E3423" -> "E3424"
	"m425" [label="m",style=filled,fillcolor=powderblue]
	"E3424" -> "m425"
	"[426" [label="[",style=filled,fillcolor=powderblue]
	"E3424" -> "[426"
	"Expression427" [label="Expression"]
	"E3424" -> "Expression427"
	"E1428" [label="E1"]
	"Expression427" -> "E1428"
	"E3429" [label="E3"]
	"E1428" -> "E3429"
	"E3430" [label="E3"]
	"E3429" -> "E3430"
	"E4431" [label="E4"]
	"E3430" -> "E4431"
	"num432" [label="num",style=filled,fillcolor=powderblue]
	"E4431" -> "num432"
	"alpha3433" [label="alpha3"]
	"E3429" -> "alpha3433"
	"e434" [label="e"]
	"alpha3433" -> "e434"
	"alpha2435" [label="alpha2"]
	"E1428" -> "alpha2435"
	"e436" [label="e"]
	"alpha2435" -> "e436"
	"alpha1437" [label="alpha1"]
	"Expression427" -> "alpha1437"
	"e438" [label="e"]
	"alpha1437" -> "e438"
	"]439" [label="]",style=filled,fillcolor=powderblue]
	"E3424" -> "]439"
	"alpha3440" [label="alpha3"]
	"E3423" -> "alpha3440"
	"e441" [label="e"]
	"alpha3440" -> "e441"
	"alpha2442" [label="alpha2"]
	"alpha2421" -> "alpha2442"
	"e443" [label="e"]
	"alpha2442" -> "e443"
	"alpha1444" [label="alpha1"]
	"Expression400" -> "alpha1444"
	"e445" [label="e"]
	"alpha1444" -> "e445"
	"A1446" [label="A1"]
	"A1383" -> "A1446"
	"goto447" [label="goto",style=filled,fillcolor=powderblue]
	"A1446" -> "goto447"
	"num448" [label="num",style=filled,fillcolor=powderblue]
	"A1446" -> "num448"
	"I449" [label="I"]
	"A1446" -> "I449"
	"A1450" [label="A1"]
	"A1446" -> "A1450"
	"print451" [label="print",style=filled,fillcolor=powderblue]
	"A1450" -> "print451"
	"Expression452" [label="Expression"]
	"A1450" -> "Expression452"
	"E1453" [label="E1"]
	"Expression452" -> "E1453"
	"E3454" [label="E3"]
	"E1453" -> "E3454"
	"E3455" [label="E3"]
	"E3454" -> "E3455"
	"E4456" [label="E4"]
	"E3455" -> "E4456"
	"num457" [label="num",style=filled,fillcolor=powderblue]
	"E4456" -> "num457"
	"alpha3458" [label="alpha3"]
	"E3454" -> "alpha3458"
	"e459" [label="e"]
	"alpha3458" -> "e459"
	"alpha2460" [label="alpha2"]
	"E1453" -> "alpha2460"
	"*461" [label="*",style=filled,fillcolor=powderblue]
	"alpha2460" -> "*461"
	"E3462" [label="E3"]
	"alpha2460" -> "E3462"
	"E3463" [label="E3"]
	"E3462" -> "E3463"
	"E4464" [label="E4"]
	"E3463" -> "E4464"
	"num465" [label="num",style=filled,fillcolor=powderblue]
	"E4464" -> "num465"
	"alpha3466" [label="alpha3"]
	"E3462" -> "alpha3466"
	"e467" [label="e"]
	"alpha3466" -> "e467"
	"alpha2468" [label="alpha2"]
	"alpha2460" -> "alpha2468"
	"e469" [label="e"]
	"alpha2468" -> "e469"
	"alpha1470" [label="alpha1"]
	"Expression452" -> "alpha1470"
	"e471" [label="e"]
	"alpha1470" -> "e471"
	"A1472" [label="A1"]
	"A1450" -> "A1472"
	"L473" [label="L",style=filled,fillcolor=powderblue]
	"A1472" -> "L473"
	"num474" [label="num",style=filled,fillcolor=powderblue]
	"A1472" -> "num474"
	":475" [label=":",style=filled,fillcolor=powderblue]
	"A1472" -> ":475"
	"A1476" [label="A1"]
	"A1472" -> "A1476"
	"m477" [label="m",style=filled,fillcolor=powderblue]
	"A1476" -> "m477"
	"[478" [label="[",style=filled,fillcolor=powderblue]
	"A1476" -> "[478"
	"Expression479" [label="Expression"]
	"A1476" -> "Expression479"
	"E1480" [label="E1"]
	"Expression479" -> "E1480"
	"E3481" [label="E3"]
	"E1480" -> "E3481"
	"E3482" [label="E3"]
	"E3481" -> "E3482"
	"E4483" [label="E4"]
	"E3482" -> "E4483"
	"num484" [label="num",style=filled,fillcolor=powderblue]
	"E4483" -> "num484"
	"alpha3485" [label="alpha3"]
	"E3481" -> "alpha3485"
	"e486" [label="e"]
	"alpha3485" -> "e486"
	"alpha2487" [label="alpha2"]
	"E1480" -> "alpha2487"
	"e488" [label="e"]
	"alpha2487" -> "e488"
	"alpha1489" [label="alpha1"]
	"Expression479" -> "alpha1489"
	"e490" [label="e"]
	"alpha1489" -> "e490"
	"]491" [label="]",style=filled,fillcolor=powderblue]
	"A1476" -> "]491"
	"=492" [label="=",style=filled,fillcolor=powderblue]
	"A1476" -> "=492"
	"Expression493" [label="Expression"]
	"A1476" -> "Expression493"
	"E1494" [label="E1"]
	"Expression493" -> "E1494"
	"E3495" [label="E3"]
	"E1494" -> "E3495"
	"E3496" [label="E3"]
	"E3495" -> "E3496"
	"E4497" [label="E4"]
	"E3496" -> "E4497"
	"num498" [label="num",style=filled,fillcolor=powderblue]
	"E4497" -> "num498"
	"alpha3499" [label="alpha3"]
	"E3495" -> "alpha3499"
	"e500" [label="e"]
	"alpha3499" -> "e500"
	"alpha2501" [label="alpha2"]
	"E1494" -> "alpha2501"
	"e502" [label="e"]
	"alpha2501" -> "e502"
	"alpha1503" [label="alpha1"]
	"Expression493" -> "alpha1503"
	"e504" [label="e"]
	"alpha1503" -> "e504"
	"A1505" [label="A1"]
	"A1476" -> "A1505"
	"print506" [label="print",style=filled,fillcolor=powderblue]
	"A1505" -> "print506"
	"Expression507" [label="Expression"]
	"A1505" -> "Expression507"
	"E1508" [label="E1"]
	"Expression507" -> "E1508"
	"E3509" [label="E3"]
	"E1508" -> "E3509"
	"E3510" [label="E3"]
	"E3509" -> "E3510"
	"m511" [label="m",style=filled,fillcolor=powderblue]
	"E3510" -> "m511"
	"[512" [label="[",style=filled,fillcolor=powderblue]
	"E3510" -> "[512"
	"Expression513" [label="Expression"]
	"E3510" -> "Expression513"
	"E1514" [label="E1"]
	"Expression513" -> "E1514"
	"E3515" [label="E3"]
	"E1514" -> "E3515"
	"E3516" [label="E3"]
	"E3515" -> "E3516"
	"E4517" [label="E4"]
	"E3516" -> "E4517"
	"num518" [label="num",style=filled,fillcolor=powderblue]
	"E4517" -> "num518"
	"alpha3519" [label="alpha3"]
	"E3515" -> "alpha3519"
	"e520" [label="e"]
	"alpha3519" -> "e520"
	"alpha2521" [label="alpha2"]
	"E1514" -> "alpha2521"
	"e522" [label="e"]
	"alpha2521" -> "e522"
	"alpha1523" [label="alpha1"]
	"Expression513" -> "alpha1523"
	"e524" [label="e"]
	"alpha1523" -> "e524"
	"]525" [label="]",style=filled,fillcolor=powderblue]
	"E3510" -> "]525"
	"alpha3526" [label="alpha3"]
	"E3509" -> "alpha3526"
	"e527" [label="e"]
	"alpha3526" -> "e527"
	"alpha2528" [label="alpha2"]
	"E1508" -> "alpha2528"
	"e529" [label="e"]
	"alpha2528" -> "e529"
	"alpha1530" [label="alpha1"]
	"Expression507" -> "alpha1530"
	"e531" [label="e"]
	"alpha1530" -> "e531"
	"A1532" [label="A1"]
	"A1505" -> "A1532"
	"print533" [label="print",style=filled,fillcolor=powderblue]
	"A1532" -> "print533"
	"Expression534" [label="Expression"]
	"A1532" -> "Expression534"
	"E1535" [label="E1"]
	"Expression534" -> "E1535"
	"E3536" [label="E3"]
	"E1535" -> "E3536"
	"E3537" [label="E3"]
	"E3536" -> "E3537"
	"m538" [label="m",style=filled,fillcolor=powderblue]
	"E3537" -> "m538"
	"[539" [label="[",style=filled,fillcolor=powderblue]
	"E3537" -> "[539"
	"Expression540" [label="Expression"]
	"E3537" -> "Expression540"
	"E1541" [label="E1"]
	"Expression540" -> "E1541"
	"E3542" [label="E3"]
	"E1541" -> "E3542"
	"E3543" [label="E3"]
	"E3542" -> "E3543"
	"E4544" [label="E4"]
	"E3543" -> "E4544"
	"num545" [label="num",style=filled,fillcolor=powderblue]
	"E4544" -> "num545"
	"alpha3546" [label="alpha3"]
	"E3542" -> "alpha3546"
	"e547" [label="e"]
	"alpha3546" -> "e547"
	"alpha2548" [label="alpha2"]
	"E1541" -> "alpha2548"
	"e549" [label="e"]
	"alpha2548" -> "e549"
	"alpha1550" [label="alpha1"]
	"Expression540" -> "alpha1550"
	"e551" [label="e"]
	"alpha1550" -> "e551"
	"]552" [label="]",style=filled,fillcolor=powderblue]
	"E3537" -> "]552"
	"alpha3553" [label="alpha3"]
	"E3536" -> "alpha3553"
	"e554" [label="e"]
	"alpha3553" -> "e554"
	"alpha2555" [label="alpha2"]
	"E1535" -> "alpha2555"
	"e556" [label="e"]
	"alpha2555" -> "e556"
	"alpha1557" [label="alpha1"]
	"Expression534" -> "alpha1557"
	"e558" [label="e"]
	"alpha1557" -> "e558"
	"A1559" [label="A1"]
	"A1532" -> "A1559"
	"print560" [label="print",style=filled,fillcolor=powderblue]
	"A1559" -> "print560"
	"Expression561" [label="Expression"]
	"A1559" -> "Expression561"
	"E1562" [label="E1"]
	"Expression561" -> "E1562"
	"E3563" [label="E3"]
	"E1562" -> "E3563"
	"E3564" [label="E3"]
	"E3563" -> "E3564"
	"m565" [label="m",style=filled,fillcolor=powderblue]
	"E3564" -> "m565"
	"[566" [label="[",style=filled,fillcolor=powderblue]
	"E3564" -> "[566"
	"Expression567" [label="Expression"]
	"E3564" -> "Expression567"
	"E1568" [label="E1"]
	"Expression567" -> "E1568"
	"E3569" [label="E3"]
	"E1568" -> "E3569"
	"E3570" [label="E3"]
	"E3569" -> "E3570"
	"E4571" [label="E4"]
	"E3570" -> "E4571"
	"num572" [label="num",style=filled,fillcolor=powderblue]
	"E4571" -> "num572"
	"alpha3573" [label="alpha3"]
	"E3569" -> "alpha3573"
	"e574" [label="e"]
	"alpha3573" -> "e574"
	"alpha2575" [label="alpha2"]
	"E1568" -> "alpha2575"
	"e576" [label="e"]
	"alpha2575" -> "e576"
	"alpha1577" [label="alpha1"]
	"Expression567" -> "alpha1577"
	"e578" [label="e"]
	"alpha1577" -> "e578"
	"]579" [label="]",style=filled,fillcolor=powderblue]
	"E3564" -> "]579"
	"alpha3580" [label="alpha3"]
	"E3563" -> "alpha3580"
	"e581" [label="e"]
	"alpha3580" -> "e581"
	"alpha2582" [label="alpha2"]
	"E1562" -> "alpha2582"
	"e583" [label="e"]
	"alpha2582" -> "e583"
	"alpha1584" [label="alpha1"]
	"Expression561" -> "alpha1584"
	"e585" [label="e"]
	"alpha1584" -> "e585"
	"A1586" [label="A1"]
	"A1559" -> "A1586"
	"print587" [label="print",style=filled,fillcolor=powderblue]
	"A1586" -> "print587"
	"Expression588" [label="Expression"]
	"A1586" -> "Expression588"
	"E1589" [label="E1"]
	"Expression588" -> "E1589"
	"E3590" [label="E3"]
	"E1589" -> "E3590"
	"E3591" [label="E3"]
	"E3590" -> "E3591"
	"m592" [label="m",style=filled,fillcolor=powderblue]
	"E3591" -> "m592"
	"[593" [label="[",style=filled,fillcolor=powderblue]
	"E3591" -> "[593"
	"Expression594" [label="Expression"]
	"E3591" -> "Expression594"
	"E1595" [label="E1"]
	"Expression594" -> "E1595"
	"E3596" [label="E3"]
	"E1595" -> "E3596"
	"E3597" [label="E3"]
	"E3596" -> "E3597"
	"E4598" [label="E4"]
	"E3597" -> "E4598"
	"num599" [label="num",style=filled,fillcolor=powderblue]
	"E4598" -> "num599"
	"alpha3600" [label="alpha3"]
	"E3596" -> "alpha3600"
	"e601" [label="e"]
	"alpha3600" -> "e601"
	"alpha2602" [label="alpha2"]
	"E1595" -> "alpha2602"
	"e603" [label="e"]
	"alpha2602" -> "e603"
	"alpha1604" [label="alpha1"]
	"Expression594" -> "alpha1604"
	"e605" [label="e"]
	"alpha1604" -> "e605"
	"]606" [label="]",style=filled,fillcolor=powderblue]
	"E3591" -> "]606"
	"alpha3607" [label="alpha3"]
	"E3590" -> "alpha3607"
	"e608" [label="e"]
	"alpha3607" -> "e608"
	"alpha2609" [label="alpha2"]
	"E1589" -> "alpha2609"
	"e610" [label="e"]
	"alpha2609" -> "e610"
	"alpha1611" [label="alpha1"]
	"Expression588" -> "alpha1611"
	"e612" [label="e"]
	"alpha1611" -> "e612"
	"A1613" [label="A1"]
	"A1586" -> "A1613"
	"print614" [label="print",style=filled,fillcolor=powderblue]
	"A1613" -> "print614"
	"Expression615" [label="Expression"]
	"A1613" -> "Expression615"
	"E1616" [label="E1"]
	"Expression615" -> "E1616"
	"E3617" [label="E3"]
	"E1616" -> "E3617"
	"E3618" [label="E3"]
	"E3617" -> "E3618"
	"m619" [label="m",style=filled,fillcolor=powderblue]
	"E3618" -> "m619"
	"[620" [label="[",style=filled,fillcolor=powderblue]
	"E3618" -> "[620"
	"Expression621" [label="Expression"]
	"E3618" -> "Expression621"
	"E1622" [label="E1"]
	"Expression621" -> "E1622"
	"E3623" [label="E3"]
	"E1622" -> "E3623"
	"E3624" [label="E3"]
	"E3623" -> "E3624"
	"E4625" [label="E4"]
	"E3624" -> "E4625"
	"num626" [label="num",style=filled,fillcolor=powderblue]
	"E4625" -> "num626"
	"alpha3627" [label="alpha3"]
	"E3623" -> "alpha3627"
	"e628" [label="e"]
	"alpha3627" -> "e628"
	"alpha2629" [label="alpha2"]
	"E1622" -> "alpha2629"
	"e630" [label="e"]
	"alpha2629" -> "e630"
	"alpha1631" [label="alpha1"]
	"Expression621" -> "alpha1631"
	"e632" [label="e"]
	"alpha1631" -> "e632"
	"]633" [label="]",style=filled,fillcolor=powderblue]
	"E3618" -> "]633"
	"alpha3634" [label="alpha3"]
	"E3617" -> "alpha3634"
	"e635" [label="e"]
	"alpha3634" -> "e635"
	"alpha2636" [label="alpha2"]
	"E1616" -> "alpha2636"
	"e637" [label="e"]
	"alpha2636" -> "e637"
	"alpha1638" [label="alpha1"]
	"Expression615" -> "alpha1638"
	"e639" [label="e"]
	"alpha1638" -> "e639"
	"A1640" [label="A1"]
	"A1613" -> "A1640"
	"print641" [label="print",style=filled,fillcolor=powderblue]
	"A1640" -> "print641"
	"Expression642" [label="Expression"]
	"A1640" -> "Expression642"
	"E1643" [label="E1"]
	"Expression642" -> "E1643"
	"E3644" [label="E3"]
	"E1643" -> "E3644"
	"E3645" [label="E3"]
	"E3644" -> "E3645"
	"E4646" [label="E4"]
	"E3645" -> "E4646"
	"num647" [label="num",style=filled,fillcolor=powderblue]
	"E4646" -> "num647"
	"alpha3648" [label="alpha3"]
	"E3644" -> "alpha3648"
	"e649" [label="e"]
	"alpha3648" -> "e649"
	"alpha2650" [label="alpha2"]
	"E1643" -> "alpha2650"
	"e651" [label="e"]
	"alpha2650" -> "e651"
	"alpha1652" [label="alpha1"]
	"Expression642" -> "alpha1652"
	"e653" [label="e"]
	"alpha1652" -> "e653"
	"A1654" [label="A1"]
	"A1640" -> "A1654"
	"e655" [label="e"]
	"A1654" -> "e655"
};
