digraph G {
	"Start1" [label="Start"]
	"Statements2" [label="Statements"]
	"Start1" -> "Statements2"
	"Statement3" [label="Statement"]
	"Statements2" -> "Statement3"
	"Assignment4" [label="Assignment"]
	"Statement3" -> "Assignment4"
	"m5" [label="m",style=filled,fillcolor=powderblue]
	"Assignment4" -> "m5"
	"[6" [label="[",style=filled,fillcolor=powderblue]
	"Assignment4" -> "[6"
	"Expression7" [label="Expression"]
	"Assignment4" -> "Expression7"
	"Term8" [label="Term"]
	"Expression7" -> "Term8"
	"Factor9" [label="Factor"]
	"Term8" -> "Factor9"
	"Base10" [label="Base"]
	"Factor9" -> "Base10"
	"num11" [label="num",style=filled,fillcolor=powderblue]
	"Base10" -> "num11"
	"Exponent12" [label="Exponent"]
	"Factor9" -> "Exponent12"
	"e13" [label="e"]
	"Exponent12" -> "e13"
	"T_prime14" [label="T_prime"]
	"Term8" -> "T_prime14"
	"e15" [label="e"]
	"T_prime14" -> "e15"
	"E_prime16" [label="E_prime"]
	"Expression7" -> "E_prime16"
	"e17" [label="e"]
	"E_prime16" -> "e17"
	"]18" [label="]",style=filled,fillcolor=powderblue]
	"Assignment4" -> "]18"
	"=19" [label="=",style=filled,fillcolor=powderblue]
	"Assignment4" -> "=19"
	"Expression20" [label="Expression"]
	"Assignment4" -> "Expression20"
	"Term21" [label="Term"]
	"Expression20" -> "Term21"
	"Factor22" [label="Factor"]
	"Term21" -> "Factor22"
	"Base23" [label="Base"]
	"Factor22" -> "Base23"
	"num24" [label="num",style=filled,fillcolor=powderblue]
	"Base23" -> "num24"
	"Exponent25" [label="Exponent"]
	"Factor22" -> "Exponent25"
	"e26" [label="e"]
	"Exponent25" -> "e26"
	"T_prime27" [label="T_prime"]
	"Term21" -> "T_prime27"
	"/28" [label="/",style=filled,fillcolor=powderblue]
	"T_prime27" -> "/28"
	"Factor29" [label="Factor"]
	"T_prime27" -> "Factor29"
	"Base30" [label="Base"]
	"Factor29" -> "Base30"
	"num31" [label="num",style=filled,fillcolor=powderblue]
	"Base30" -> "num31"
	"Exponent32" [label="Exponent"]
	"Factor29" -> "Exponent32"
	"e33" [label="e"]
	"Exponent32" -> "e33"
	"T_prime34" [label="T_prime"]
	"T_prime27" -> "T_prime34"
	"*35" [label="*",style=filled,fillcolor=powderblue]
	"T_prime34" -> "*35"
	"Factor36" [label="Factor"]
	"T_prime34" -> "Factor36"
	"Base37" [label="Base"]
	"Factor36" -> "Base37"
	"num38" [label="num",style=filled,fillcolor=powderblue]
	"Base37" -> "num38"
	"Exponent39" [label="Exponent"]
	"Factor36" -> "Exponent39"
	"e40" [label="e"]
	"Exponent39" -> "e40"
	"T_prime41" [label="T_prime"]
	"T_prime34" -> "T_prime41"
	"e42" [label="e"]
	"T_prime41" -> "e42"
	"E_prime43" [label="E_prime"]
	"Expression20" -> "E_prime43"
	"e44" [label="e"]
	"E_prime43" -> "e44"
	"S_prime45" [label="S_prime"]
	"Statements2" -> "S_prime45"
	"Statements46" [label="Statements"]
	"S_prime45" -> "Statements46"
	"Statement47" [label="Statement"]
	"Statements46" -> "Statement47"
	"Assignment48" [label="Assignment"]
	"Statement47" -> "Assignment48"
	"m49" [label="m",style=filled,fillcolor=powderblue]
	"Assignment48" -> "m49"
	"[50" [label="[",style=filled,fillcolor=powderblue]
	"Assignment48" -> "[50"
	"Expression51" [label="Expression"]
	"Assignment48" -> "Expression51"
	"Term52" [label="Term"]
	"Expression51" -> "Term52"
	"Factor53" [label="Factor"]
	"Term52" -> "Factor53"
	"Base54" [label="Base"]
	"Factor53" -> "Base54"
	"num55" [label="num",style=filled,fillcolor=powderblue]
	"Base54" -> "num55"
	"Exponent56" [label="Exponent"]
	"Factor53" -> "Exponent56"
	"e57" [label="e"]
	"Exponent56" -> "e57"
	"T_prime58" [label="T_prime"]
	"Term52" -> "T_prime58"
	"e59" [label="e"]
	"T_prime58" -> "e59"
	"E_prime60" [label="E_prime"]
	"Expression51" -> "E_prime60"
	"e61" [label="e"]
	"E_prime60" -> "e61"
	"]62" [label="]",style=filled,fillcolor=powderblue]
	"Assignment48" -> "]62"
	"=63" [label="=",style=filled,fillcolor=powderblue]
	"Assignment48" -> "=63"
	"Expression64" [label="Expression"]
	"Assignment48" -> "Expression64"
	"Term65" [label="Term"]
	"Expression64" -> "Term65"
	"Factor66" [label="Factor"]
	"Term65" -> "Factor66"
	"Base67" [label="Base"]
	"Factor66" -> "Base67"
	"num68" [label="num",style=filled,fillcolor=powderblue]
	"Base67" -> "num68"
	"Exponent69" [label="Exponent"]
	"Factor66" -> "Exponent69"
	"e70" [label="e"]
	"Exponent69" -> "e70"
	"T_prime71" [label="T_prime"]
	"Term65" -> "T_prime71"
	"e72" [label="e"]
	"T_prime71" -> "e72"
	"E_prime73" [label="E_prime"]
	"Expression64" -> "E_prime73"
	"+74" [label="+",style=filled,fillcolor=powderblue]
	"E_prime73" -> "+74"
	"Term75" [label="Term"]
	"E_prime73" -> "Term75"
	"Factor76" [label="Factor"]
	"Term75" -> "Factor76"
	"Base77" [label="Base"]
	"Factor76" -> "Base77"
	"m78" [label="m",style=filled,fillcolor=powderblue]
	"Base77" -> "m78"
	"[79" [label="[",style=filled,fillcolor=powderblue]
	"Base77" -> "[79"
	"Expression80" [label="Expression"]
	"Base77" -> "Expression80"
	"Term81" [label="Term"]
	"Expression80" -> "Term81"
	"Factor82" [label="Factor"]
	"Term81" -> "Factor82"
	"Base83" [label="Base"]
	"Factor82" -> "Base83"
	"m84" [label="m",style=filled,fillcolor=powderblue]
	"Base83" -> "m84"
	"[85" [label="[",style=filled,fillcolor=powderblue]
	"Base83" -> "[85"
	"Expression86" [label="Expression"]
	"Base83" -> "Expression86"
	"Term87" [label="Term"]
	"Expression86" -> "Term87"
	"Factor88" [label="Factor"]
	"Term87" -> "Factor88"
	"Base89" [label="Base"]
	"Factor88" -> "Base89"
	"num90" [label="num",style=filled,fillcolor=powderblue]
	"Base89" -> "num90"
	"Exponent91" [label="Exponent"]
	"Factor88" -> "Exponent91"
	"e92" [label="e"]
	"Exponent91" -> "e92"
	"T_prime93" [label="T_prime"]
	"Term87" -> "T_prime93"
	"e94" [label="e"]
	"T_prime93" -> "e94"
	"E_prime95" [label="E_prime"]
	"Expression86" -> "E_prime95"
	"e96" [label="e"]
	"E_prime95" -> "e96"
	"]97" [label="]",style=filled,fillcolor=powderblue]
	"Base83" -> "]97"
	"Exponent98" [label="Exponent"]
	"Factor82" -> "Exponent98"
	"e99" [label="e"]
	"Exponent98" -> "e99"
	"T_prime100" [label="T_prime"]
	"Term81" -> "T_prime100"
	"e101" [label="e"]
	"T_prime100" -> "e101"
	"E_prime102" [label="E_prime"]
	"Expression80" -> "E_prime102"
	"-103" [label="-",style=filled,fillcolor=powderblue]
	"E_prime102" -> "-103"
	"Term104" [label="Term"]
	"E_prime102" -> "Term104"
	"Factor105" [label="Factor"]
	"Term104" -> "Factor105"
	"Base106" [label="Base"]
	"Factor105" -> "Base106"
	"m107" [label="m",style=filled,fillcolor=powderblue]
	"Base106" -> "m107"
	"[108" [label="[",style=filled,fillcolor=powderblue]
	"Base106" -> "[108"
	"Expression109" [label="Expression"]
	"Base106" -> "Expression109"
	"Term110" [label="Term"]
	"Expression109" -> "Term110"
	"Factor111" [label="Factor"]
	"Term110" -> "Factor111"
	"Base112" [label="Base"]
	"Factor111" -> "Base112"
	"num113" [label="num",style=filled,fillcolor=powderblue]
	"Base112" -> "num113"
	"Exponent114" [label="Exponent"]
	"Factor111" -> "Exponent114"
	"e115" [label="e"]
	"Exponent114" -> "e115"
	"T_prime116" [label="T_prime"]
	"Term110" -> "T_prime116"
	"e117" [label="e"]
	"T_prime116" -> "e117"
	"E_prime118" [label="E_prime"]
	"Expression109" -> "E_prime118"
	"e119" [label="e"]
	"E_prime118" -> "e119"
	"]120" [label="]",style=filled,fillcolor=powderblue]
	"Base106" -> "]120"
	"Exponent121" [label="Exponent"]
	"Factor105" -> "Exponent121"
	"e122" [label="e"]
	"Exponent121" -> "e122"
	"T_prime123" [label="T_prime"]
	"Term104" -> "T_prime123"
	"e124" [label="e"]
	"T_prime123" -> "e124"
	"E_prime125" [label="E_prime"]
	"E_prime102" -> "E_prime125"
	"+126" [label="+",style=filled,fillcolor=powderblue]
	"E_prime125" -> "+126"
	"Term127" [label="Term"]
	"E_prime125" -> "Term127"
	"Factor128" [label="Factor"]
	"Term127" -> "Factor128"
	"Base129" [label="Base"]
	"Factor128" -> "Base129"
	"num130" [label="num",style=filled,fillcolor=powderblue]
	"Base129" -> "num130"
	"Exponent131" [label="Exponent"]
	"Factor128" -> "Exponent131"
	"e132" [label="e"]
	"Exponent131" -> "e132"
	"T_prime133" [label="T_prime"]
	"Term127" -> "T_prime133"
	"e134" [label="e"]
	"T_prime133" -> "e134"
	"E_prime135" [label="E_prime"]
	"E_prime125" -> "E_prime135"
	"e136" [label="e"]
	"E_prime135" -> "e136"
	"]137" [label="]",style=filled,fillcolor=powderblue]
	"Base77" -> "]137"
	"Exponent138" [label="Exponent"]
	"Factor76" -> "Exponent138"
	"e139" [label="e"]
	"Exponent138" -> "e139"
	"T_prime140" [label="T_prime"]
	"Term75" -> "T_prime140"
	"e141" [label="e"]
	"T_prime140" -> "e141"
	"E_prime142" [label="E_prime"]
	"E_prime73" -> "E_prime142"
	"e143" [label="e"]
	"E_prime142" -> "e143"
	"S_prime144" [label="S_prime"]
	"Statements46" -> "S_prime144"
	"Statements145" [label="Statements"]
	"S_prime144" -> "Statements145"
	"Statement146" [label="Statement"]
	"Statements145" -> "Statement146"
	"Assignment147" [label="Assignment"]
	"Statement146" -> "Assignment147"
	"m148" [label="m",style=filled,fillcolor=powderblue]
	"Assignment147" -> "m148"
	"[149" [label="[",style=filled,fillcolor=powderblue]
	"Assignment147" -> "[149"
	"Expression150" [label="Expression"]
	"Assignment147" -> "Expression150"
	"Term151" [label="Term"]
	"Expression150" -> "Term151"
	"Factor152" [label="Factor"]
	"Term151" -> "Factor152"
	"Base153" [label="Base"]
	"Factor152" -> "Base153"
	"num154" [label="num",style=filled,fillcolor=powderblue]
	"Base153" -> "num154"
	"Exponent155" [label="Exponent"]
	"Factor152" -> "Exponent155"
	"e156" [label="e"]
	"Exponent155" -> "e156"
	"T_prime157" [label="T_prime"]
	"Term151" -> "T_prime157"
	"e158" [label="e"]
	"T_prime157" -> "e158"
	"E_prime159" [label="E_prime"]
	"Expression150" -> "E_prime159"
	"e160" [label="e"]
	"E_prime159" -> "e160"
	"]161" [label="]",style=filled,fillcolor=powderblue]
	"Assignment147" -> "]161"
	"=162" [label="=",style=filled,fillcolor=powderblue]
	"Assignment147" -> "=162"
	"Expression163" [label="Expression"]
	"Assignment147" -> "Expression163"
	"Term164" [label="Term"]
	"Expression163" -> "Term164"
	"Factor165" [label="Factor"]
	"Term164" -> "Factor165"
	"Base166" [label="Base"]
	"Factor165" -> "Base166"
	"num167" [label="num",style=filled,fillcolor=powderblue]
	"Base166" -> "num167"
	"Exponent168" [label="Exponent"]
	"Factor165" -> "Exponent168"
	"e169" [label="e"]
	"Exponent168" -> "e169"
	"T_prime170" [label="T_prime"]
	"Term164" -> "T_prime170"
	"e171" [label="e"]
	"T_prime170" -> "e171"
	"E_prime172" [label="E_prime"]
	"Expression163" -> "E_prime172"
	"-173" [label="-",style=filled,fillcolor=powderblue]
	"E_prime172" -> "-173"
	"Term174" [label="Term"]
	"E_prime172" -> "Term174"
	"Factor175" [label="Factor"]
	"Term174" -> "Factor175"
	"Base176" [label="Base"]
	"Factor175" -> "Base176"
	"m177" [label="m",style=filled,fillcolor=powderblue]
	"Base176" -> "m177"
	"[178" [label="[",style=filled,fillcolor=powderblue]
	"Base176" -> "[178"
	"Expression179" [label="Expression"]
	"Base176" -> "Expression179"
	"Term180" [label="Term"]
	"Expression179" -> "Term180"
	"Factor181" [label="Factor"]
	"Term180" -> "Factor181"
	"Base182" [label="Base"]
	"Factor181" -> "Base182"
	"num183" [label="num",style=filled,fillcolor=powderblue]
	"Base182" -> "num183"
	"Exponent184" [label="Exponent"]
	"Factor181" -> "Exponent184"
	"**185" [label="**",style=filled,fillcolor=powderblue]
	"Exponent184" -> "**185"
	"Base186" [label="Base"]
	"Exponent184" -> "Base186"
	"num187" [label="num",style=filled,fillcolor=powderblue]
	"Base186" -> "num187"
	"Exponent188" [label="Exponent"]
	"Exponent184" -> "Exponent188"
	"e189" [label="e"]
	"Exponent188" -> "e189"
	"T_prime190" [label="T_prime"]
	"Term180" -> "T_prime190"
	"e191" [label="e"]
	"T_prime190" -> "e191"
	"E_prime192" [label="E_prime"]
	"Expression179" -> "E_prime192"
	"-193" [label="-",style=filled,fillcolor=powderblue]
	"E_prime192" -> "-193"
	"Term194" [label="Term"]
	"E_prime192" -> "Term194"
	"Factor195" [label="Factor"]
	"Term194" -> "Factor195"
	"Base196" [label="Base"]
	"Factor195" -> "Base196"
	"num197" [label="num",style=filled,fillcolor=powderblue]
	"Base196" -> "num197"
	"Exponent198" [label="Exponent"]
	"Factor195" -> "Exponent198"
	"e199" [label="e"]
	"Exponent198" -> "e199"
	"T_prime200" [label="T_prime"]
	"Term194" -> "T_prime200"
	"e201" [label="e"]
	"T_prime200" -> "e201"
	"E_prime202" [label="E_prime"]
	"E_prime192" -> "E_prime202"
	"+203" [label="+",style=filled,fillcolor=powderblue]
	"E_prime202" -> "+203"
	"Term204" [label="Term"]
	"E_prime202" -> "Term204"
	"Factor205" [label="Factor"]
	"Term204" -> "Factor205"
	"Base206" [label="Base"]
	"Factor205" -> "Base206"
	"num207" [label="num",style=filled,fillcolor=powderblue]
	"Base206" -> "num207"
	"Exponent208" [label="Exponent"]
	"Factor205" -> "Exponent208"
	"e209" [label="e"]
	"Exponent208" -> "e209"
	"T_prime210" [label="T_prime"]
	"Term204" -> "T_prime210"
	"e211" [label="e"]
	"T_prime210" -> "e211"
	"E_prime212" [label="E_prime"]
	"E_prime202" -> "E_prime212"
	"e213" [label="e"]
	"E_prime212" -> "e213"
	"]214" [label="]",style=filled,fillcolor=powderblue]
	"Base176" -> "]214"
	"Exponent215" [label="Exponent"]
	"Factor175" -> "Exponent215"
	"e216" [label="e"]
	"Exponent215" -> "e216"
	"T_prime217" [label="T_prime"]
	"Term174" -> "T_prime217"
	"e218" [label="e"]
	"T_prime217" -> "e218"
	"E_prime219" [label="E_prime"]
	"E_prime172" -> "E_prime219"
	"-220" [label="-",style=filled,fillcolor=powderblue]
	"E_prime219" -> "-220"
	"Term221" [label="Term"]
	"E_prime219" -> "Term221"
	"Factor222" [label="Factor"]
	"Term221" -> "Factor222"
	"Base223" [label="Base"]
	"Factor222" -> "Base223"
	"num224" [label="num",style=filled,fillcolor=powderblue]
	"Base223" -> "num224"
	"Exponent225" [label="Exponent"]
	"Factor222" -> "Exponent225"
	"e226" [label="e"]
	"Exponent225" -> "e226"
	"T_prime227" [label="T_prime"]
	"Term221" -> "T_prime227"
	"e228" [label="e"]
	"T_prime227" -> "e228"
	"E_prime229" [label="E_prime"]
	"E_prime219" -> "E_prime229"
	"e230" [label="e"]
	"E_prime229" -> "e230"
	"S_prime231" [label="S_prime"]
	"Statements145" -> "S_prime231"
	"Statements232" [label="Statements"]
	"S_prime231" -> "Statements232"
	"Statement233" [label="Statement"]
	"Statements232" -> "Statement233"
	"Print234" [label="Print"]
	"Statement233" -> "Print234"
	"print235" [label="print",style=filled,fillcolor=powderblue]
	"Print234" -> "print235"
	"Expression236" [label="Expression"]
	"Print234" -> "Expression236"
	"Term237" [label="Term"]
	"Expression236" -> "Term237"
	"Factor238" [label="Factor"]
	"Term237" -> "Factor238"
	"Base239" [label="Base"]
	"Factor238" -> "Base239"
	"m240" [label="m",style=filled,fillcolor=powderblue]
	"Base239" -> "m240"
	"[241" [label="[",style=filled,fillcolor=powderblue]
	"Base239" -> "[241"
	"Expression242" [label="Expression"]
	"Base239" -> "Expression242"
	"Term243" [label="Term"]
	"Expression242" -> "Term243"
	"Factor244" [label="Factor"]
	"Term243" -> "Factor244"
	"Base245" [label="Base"]
	"Factor244" -> "Base245"
	"num246" [label="num",style=filled,fillcolor=powderblue]
	"Base245" -> "num246"
	"Exponent247" [label="Exponent"]
	"Factor244" -> "Exponent247"
	"e248" [label="e"]
	"Exponent247" -> "e248"
	"T_prime249" [label="T_prime"]
	"Term243" -> "T_prime249"
	"e250" [label="e"]
	"T_prime249" -> "e250"
	"E_prime251" [label="E_prime"]
	"Expression242" -> "E_prime251"
	"e252" [label="e"]
	"E_prime251" -> "e252"
	"]253" [label="]",style=filled,fillcolor=powderblue]
	"Base239" -> "]253"
	"Exponent254" [label="Exponent"]
	"Factor238" -> "Exponent254"
	"e255" [label="e"]
	"Exponent254" -> "e255"
	"T_prime256" [label="T_prime"]
	"Term237" -> "T_prime256"
	"e257" [label="e"]
	"T_prime256" -> "e257"
	"E_prime258" [label="E_prime"]
	"Expression236" -> "E_prime258"
	"e259" [label="e"]
	"E_prime258" -> "e259"
	"S_prime260" [label="S_prime"]
	"Statements232" -> "S_prime260"
	"Statements261" [label="Statements"]
	"S_prime260" -> "Statements261"
	"Statement262" [label="Statement"]
	"Statements261" -> "Statement262"
	"Print263" [label="Print"]
	"Statement262" -> "Print263"
	"print264" [label="print",style=filled,fillcolor=powderblue]
	"Print263" -> "print264"
	"Expression265" [label="Expression"]
	"Print263" -> "Expression265"
	"Term266" [label="Term"]
	"Expression265" -> "Term266"
	"Factor267" [label="Factor"]
	"Term266" -> "Factor267"
	"Base268" [label="Base"]
	"Factor267" -> "Base268"
	"m269" [label="m",style=filled,fillcolor=powderblue]
	"Base268" -> "m269"
	"[270" [label="[",style=filled,fillcolor=powderblue]
	"Base268" -> "[270"
	"Expression271" [label="Expression"]
	"Base268" -> "Expression271"
	"Term272" [label="Term"]
	"Expression271" -> "Term272"
	"Factor273" [label="Factor"]
	"Term272" -> "Factor273"
	"Base274" [label="Base"]
	"Factor273" -> "Base274"
	"num275" [label="num",style=filled,fillcolor=powderblue]
	"Base274" -> "num275"
	"Exponent276" [label="Exponent"]
	"Factor273" -> "Exponent276"
	"e277" [label="e"]
	"Exponent276" -> "e277"
	"T_prime278" [label="T_prime"]
	"Term272" -> "T_prime278"
	"e279" [label="e"]
	"T_prime278" -> "e279"
	"E_prime280" [label="E_prime"]
	"Expression271" -> "E_prime280"
	"e281" [label="e"]
	"E_prime280" -> "e281"
	"]282" [label="]",style=filled,fillcolor=powderblue]
	"Base268" -> "]282"
	"Exponent283" [label="Exponent"]
	"Factor267" -> "Exponent283"
	"e284" [label="e"]
	"Exponent283" -> "e284"
	"T_prime285" [label="T_prime"]
	"Term266" -> "T_prime285"
	"e286" [label="e"]
	"T_prime285" -> "e286"
	"E_prime287" [label="E_prime"]
	"Expression265" -> "E_prime287"
	"e288" [label="e"]
	"E_prime287" -> "e288"
	"S_prime289" [label="S_prime"]
	"Statements261" -> "S_prime289"
	"Statements290" [label="Statements"]
	"S_prime289" -> "Statements290"
	"Statement291" [label="Statement"]
	"Statements290" -> "Statement291"
	"Print292" [label="Print"]
	"Statement291" -> "Print292"
	"print293" [label="print",style=filled,fillcolor=powderblue]
	"Print292" -> "print293"
	"Expression294" [label="Expression"]
	"Print292" -> "Expression294"
	"Term295" [label="Term"]
	"Expression294" -> "Term295"
	"Factor296" [label="Factor"]
	"Term295" -> "Factor296"
	"Base297" [label="Base"]
	"Factor296" -> "Base297"
	"m298" [label="m",style=filled,fillcolor=powderblue]
	"Base297" -> "m298"
	"[299" [label="[",style=filled,fillcolor=powderblue]
	"Base297" -> "[299"
	"Expression300" [label="Expression"]
	"Base297" -> "Expression300"
	"Term301" [label="Term"]
	"Expression300" -> "Term301"
	"Factor302" [label="Factor"]
	"Term301" -> "Factor302"
	"Base303" [label="Base"]
	"Factor302" -> "Base303"
	"num304" [label="num",style=filled,fillcolor=powderblue]
	"Base303" -> "num304"
	"Exponent305" [label="Exponent"]
	"Factor302" -> "Exponent305"
	"e306" [label="e"]
	"Exponent305" -> "e306"
	"T_prime307" [label="T_prime"]
	"Term301" -> "T_prime307"
	"e308" [label="e"]
	"T_prime307" -> "e308"
	"E_prime309" [label="E_prime"]
	"Expression300" -> "E_prime309"
	"e310" [label="e"]
	"E_prime309" -> "e310"
	"]311" [label="]",style=filled,fillcolor=powderblue]
	"Base297" -> "]311"
	"Exponent312" [label="Exponent"]
	"Factor296" -> "Exponent312"
	"e313" [label="e"]
	"Exponent312" -> "e313"
	"T_prime314" [label="T_prime"]
	"Term295" -> "T_prime314"
	"e315" [label="e"]
	"T_prime314" -> "e315"
	"E_prime316" [label="E_prime"]
	"Expression294" -> "E_prime316"
	"e317" [label="e"]
	"E_prime316" -> "e317"
	"S_prime318" [label="S_prime"]
	"Statements290" -> "S_prime318"
	"eof319" [label="eof",style=filled,fillcolor=powderblue]
	"S_prime318" -> "eof319"
	"e320" [label="e"]
	"S_prime318" -> "e320"
};
