digraph G {
	"Start1" [label="Start"]
	"Statements2" [label="Statements"]
	"Start1" -> "Statements2"
	"List3" [label="List"]
	"Statements2" -> "List3"
	"Statement4" [label="Statement"]
	"List3" -> "Statement4"
	"m5" [label="m",style=filled,fillcolor=powderblue]
	"Statement4" -> "m5"
	"Assignment6" [label="Assignment"]
	"Statement4" -> "Assignment6"
	"[7" [label="[",style=filled,fillcolor=powderblue]
	"Assignment6" -> "[7"
	"Expression8" [label="Expression"]
	"Assignment6" -> "Expression8"
	"Expr9" [label="Expr"]
	"Expression8" -> "Expr9"
	"Term10" [label="Term"]
	"Expr9" -> "Term10"
	"Factor11" [label="Factor"]
	"Term10" -> "Factor11"
	"num12" [label="num",style=filled,fillcolor=powderblue]
	"Factor11" -> "num12"
	"TermP13" [label="TermP"]
	"Term10" -> "TermP13"
	"e14" [label="e"]
	"TermP13" -> "e14"
	"ExprP15" [label="ExprP"]
	"Expr9" -> "ExprP15"
	"e16" [label="e"]
	"ExprP15" -> "e16"
	"ExpressionP17" [label="ExpressionP"]
	"Expression8" -> "ExpressionP17"
	"e18" [label="e"]
	"ExpressionP17" -> "e18"
	"]19" [label="]",style=filled,fillcolor=powderblue]
	"Assignment6" -> "]19"
	"=20" [label="=",style=filled,fillcolor=powderblue]
	"Assignment6" -> "=20"
	"Expression21" [label="Expression"]
	"Assignment6" -> "Expression21"
	"Expr22" [label="Expr"]
	"Expression21" -> "Expr22"
	"Term23" [label="Term"]
	"Expr22" -> "Term23"
	"Factor24" [label="Factor"]
	"Term23" -> "Factor24"
	"num25" [label="num",style=filled,fillcolor=powderblue]
	"Factor24" -> "num25"
	"TermP26" [label="TermP"]
	"Term23" -> "TermP26"
	"e27" [label="e"]
	"TermP26" -> "e27"
	"ExprP28" [label="ExprP"]
	"Expr22" -> "ExprP28"
	"/29" [label="/",style=filled,fillcolor=powderblue]
	"ExprP28" -> "/29"
	"Term30" [label="Term"]
	"ExprP28" -> "Term30"
	"Factor31" [label="Factor"]
	"Term30" -> "Factor31"
	"num32" [label="num",style=filled,fillcolor=powderblue]
	"Factor31" -> "num32"
	"TermP33" [label="TermP"]
	"Term30" -> "TermP33"
	"e34" [label="e"]
	"TermP33" -> "e34"
	"ExprP35" [label="ExprP"]
	"ExprP28" -> "ExprP35"
	"*36" [label="*",style=filled,fillcolor=powderblue]
	"ExprP35" -> "*36"
	"Term37" [label="Term"]
	"ExprP35" -> "Term37"
	"Factor38" [label="Factor"]
	"Term37" -> "Factor38"
	"num39" [label="num",style=filled,fillcolor=powderblue]
	"Factor38" -> "num39"
	"TermP40" [label="TermP"]
	"Term37" -> "TermP40"
	"e41" [label="e"]
	"TermP40" -> "e41"
	"ExprP42" [label="ExprP"]
	"ExprP35" -> "ExprP42"
	"e43" [label="e"]
	"ExprP42" -> "e43"
	"ExpressionP44" [label="ExpressionP"]
	"Expression21" -> "ExpressionP44"
	"e45" [label="e"]
	"ExpressionP44" -> "e45"
	"Statements46" [label="Statements"]
	"List3" -> "Statements46"
	"List47" [label="List"]
	"Statements46" -> "List47"
	"Statement48" [label="Statement"]
	"List47" -> "Statement48"
	"m49" [label="m",style=filled,fillcolor=powderblue]
	"Statement48" -> "m49"
	"Assignment50" [label="Assignment"]
	"Statement48" -> "Assignment50"
	"[51" [label="[",style=filled,fillcolor=powderblue]
	"Assignment50" -> "[51"
	"Expression52" [label="Expression"]
	"Assignment50" -> "Expression52"
	"Expr53" [label="Expr"]
	"Expression52" -> "Expr53"
	"Term54" [label="Term"]
	"Expr53" -> "Term54"
	"Factor55" [label="Factor"]
	"Term54" -> "Factor55"
	"num56" [label="num",style=filled,fillcolor=powderblue]
	"Factor55" -> "num56"
	"TermP57" [label="TermP"]
	"Term54" -> "TermP57"
	"e58" [label="e"]
	"TermP57" -> "e58"
	"ExprP59" [label="ExprP"]
	"Expr53" -> "ExprP59"
	"e60" [label="e"]
	"ExprP59" -> "e60"
	"ExpressionP61" [label="ExpressionP"]
	"Expression52" -> "ExpressionP61"
	"e62" [label="e"]
	"ExpressionP61" -> "e62"
	"]63" [label="]",style=filled,fillcolor=powderblue]
	"Assignment50" -> "]63"
	"=64" [label="=",style=filled,fillcolor=powderblue]
	"Assignment50" -> "=64"
	"Expression65" [label="Expression"]
	"Assignment50" -> "Expression65"
	"Expr66" [label="Expr"]
	"Expression65" -> "Expr66"
	"Term67" [label="Term"]
	"Expr66" -> "Term67"
	"Factor68" [label="Factor"]
	"Term67" -> "Factor68"
	"num69" [label="num",style=filled,fillcolor=powderblue]
	"Factor68" -> "num69"
	"TermP70" [label="TermP"]
	"Term67" -> "TermP70"
	"e71" [label="e"]
	"TermP70" -> "e71"
	"ExprP72" [label="ExprP"]
	"Expr66" -> "ExprP72"
	"/73" [label="/",style=filled,fillcolor=powderblue]
	"ExprP72" -> "/73"
	"Term74" [label="Term"]
	"ExprP72" -> "Term74"
	"Factor75" [label="Factor"]
	"Term74" -> "Factor75"
	"num76" [label="num",style=filled,fillcolor=powderblue]
	"Factor75" -> "num76"
	"TermP77" [label="TermP"]
	"Term74" -> "TermP77"
	"e78" [label="e"]
	"TermP77" -> "e78"
	"ExprP79" [label="ExprP"]
	"ExprP72" -> "ExprP79"
	"*80" [label="*",style=filled,fillcolor=powderblue]
	"ExprP79" -> "*80"
	"Term81" [label="Term"]
	"ExprP79" -> "Term81"
	"Factor82" [label="Factor"]
	"Term81" -> "Factor82"
	"num83" [label="num",style=filled,fillcolor=powderblue]
	"Factor82" -> "num83"
	"TermP84" [label="TermP"]
	"Term81" -> "TermP84"
	"e85" [label="e"]
	"TermP84" -> "e85"
	"ExprP86" [label="ExprP"]
	"ExprP79" -> "ExprP86"
	"e87" [label="e"]
	"ExprP86" -> "e87"
	"ExpressionP88" [label="ExpressionP"]
	"Expression65" -> "ExpressionP88"
	"e89" [label="e"]
	"ExpressionP88" -> "e89"
	"Statements90" [label="Statements"]
	"List47" -> "Statements90"
	"List91" [label="List"]
	"Statements90" -> "List91"
	"Statement92" [label="Statement"]
	"List91" -> "Statement92"
	"goto93" [label="goto",style=filled,fillcolor=powderblue]
	"Statement92" -> "goto93"
	"num94" [label="num",style=filled,fillcolor=powderblue]
	"Statement92" -> "num94"
	"Jump95" [label="Jump"]
	"Statement92" -> "Jump95"
	"e96" [label="e"]
	"Jump95" -> "e96"
	"Statements97" [label="Statements"]
	"List91" -> "Statements97"
	"List98" [label="List"]
	"Statements97" -> "List98"
	"Statement99" [label="Statement"]
	"List98" -> "Statement99"
	"m100" [label="m",style=filled,fillcolor=powderblue]
	"Statement99" -> "m100"
	"Assignment101" [label="Assignment"]
	"Statement99" -> "Assignment101"
	"[102" [label="[",style=filled,fillcolor=powderblue]
	"Assignment101" -> "[102"
	"Expression103" [label="Expression"]
	"Assignment101" -> "Expression103"
	"Expr104" [label="Expr"]
	"Expression103" -> "Expr104"
	"Term105" [label="Term"]
	"Expr104" -> "Term105"
	"Factor106" [label="Factor"]
	"Term105" -> "Factor106"
	"num107" [label="num",style=filled,fillcolor=powderblue]
	"Factor106" -> "num107"
	"TermP108" [label="TermP"]
	"Term105" -> "TermP108"
	"e109" [label="e"]
	"TermP108" -> "e109"
	"ExprP110" [label="ExprP"]
	"Expr104" -> "ExprP110"
	"e111" [label="e"]
	"ExprP110" -> "e111"
	"ExpressionP112" [label="ExpressionP"]
	"Expression103" -> "ExpressionP112"
	"e113" [label="e"]
	"ExpressionP112" -> "e113"
	"]114" [label="]",style=filled,fillcolor=powderblue]
	"Assignment101" -> "]114"
	"=115" [label="=",style=filled,fillcolor=powderblue]
	"Assignment101" -> "=115"
	"Expression116" [label="Expression"]
	"Assignment101" -> "Expression116"
	"Expr117" [label="Expr"]
	"Expression116" -> "Expr117"
	"Term118" [label="Term"]
	"Expr117" -> "Term118"
	"Factor119" [label="Factor"]
	"Term118" -> "Factor119"
	"num120" [label="num",style=filled,fillcolor=powderblue]
	"Factor119" -> "num120"
	"TermP121" [label="TermP"]
	"Term118" -> "TermP121"
	"e122" [label="e"]
	"TermP121" -> "e122"
	"ExprP123" [label="ExprP"]
	"Expr117" -> "ExprP123"
	"e124" [label="e"]
	"ExprP123" -> "e124"
	"ExpressionP125" [label="ExpressionP"]
	"Expression116" -> "ExpressionP125"
	"+126" [label="+",style=filled,fillcolor=powderblue]
	"ExpressionP125" -> "+126"
	"Expr127" [label="Expr"]
	"ExpressionP125" -> "Expr127"
	"Term128" [label="Term"]
	"Expr127" -> "Term128"
	"Factor129" [label="Factor"]
	"Term128" -> "Factor129"
	"m130" [label="m",style=filled,fillcolor=powderblue]
	"Factor129" -> "m130"
	"[131" [label="[",style=filled,fillcolor=powderblue]
	"Factor129" -> "[131"
	"Expression132" [label="Expression"]
	"Factor129" -> "Expression132"
	"Expr133" [label="Expr"]
	"Expression132" -> "Expr133"
	"Term134" [label="Term"]
	"Expr133" -> "Term134"
	"Factor135" [label="Factor"]
	"Term134" -> "Factor135"
	"num136" [label="num",style=filled,fillcolor=powderblue]
	"Factor135" -> "num136"
	"TermP137" [label="TermP"]
	"Term134" -> "TermP137"
	"e138" [label="e"]
	"TermP137" -> "e138"
	"ExprP139" [label="ExprP"]
	"Expr133" -> "ExprP139"
	"e140" [label="e"]
	"ExprP139" -> "e140"
	"ExpressionP141" [label="ExpressionP"]
	"Expression132" -> "ExpressionP141"
	"e142" [label="e"]
	"ExpressionP141" -> "e142"
	"]143" [label="]",style=filled,fillcolor=powderblue]
	"Factor129" -> "]143"
	"TermP144" [label="TermP"]
	"Term128" -> "TermP144"
	"e145" [label="e"]
	"TermP144" -> "e145"
	"ExprP146" [label="ExprP"]
	"Expr127" -> "ExprP146"
	"e147" [label="e"]
	"ExprP146" -> "e147"
	"ExpressionP148" [label="ExpressionP"]
	"ExpressionP125" -> "ExpressionP148"
	"e149" [label="e"]
	"ExpressionP148" -> "e149"
	"Statements150" [label="Statements"]
	"List98" -> "Statements150"
	"List151" [label="List"]
	"Statements150" -> "List151"
	"Statement152" [label="Statement"]
	"List151" -> "Statement152"
	"m153" [label="m",style=filled,fillcolor=powderblue]
	"Statement152" -> "m153"
	"Assignment154" [label="Assignment"]
	"Statement152" -> "Assignment154"
	"[155" [label="[",style=filled,fillcolor=powderblue]
	"Assignment154" -> "[155"
	"Expression156" [label="Expression"]
	"Assignment154" -> "Expression156"
	"Expr157" [label="Expr"]
	"Expression156" -> "Expr157"
	"Term158" [label="Term"]
	"Expr157" -> "Term158"
	"Factor159" [label="Factor"]
	"Term158" -> "Factor159"
	"num160" [label="num",style=filled,fillcolor=powderblue]
	"Factor159" -> "num160"
	"TermP161" [label="TermP"]
	"Term158" -> "TermP161"
	"e162" [label="e"]
	"TermP161" -> "e162"
	"ExprP163" [label="ExprP"]
	"Expr157" -> "ExprP163"
	"e164" [label="e"]
	"ExprP163" -> "e164"
	"ExpressionP165" [label="ExpressionP"]
	"Expression156" -> "ExpressionP165"
	"e166" [label="e"]
	"ExpressionP165" -> "e166"
	"]167" [label="]",style=filled,fillcolor=powderblue]
	"Assignment154" -> "]167"
	"=168" [label="=",style=filled,fillcolor=powderblue]
	"Assignment154" -> "=168"
	"Expression169" [label="Expression"]
	"Assignment154" -> "Expression169"
	"Expr170" [label="Expr"]
	"Expression169" -> "Expr170"
	"Term171" [label="Term"]
	"Expr170" -> "Term171"
	"Factor172" [label="Factor"]
	"Term171" -> "Factor172"
	"num173" [label="num",style=filled,fillcolor=powderblue]
	"Factor172" -> "num173"
	"TermP174" [label="TermP"]
	"Term171" -> "TermP174"
	"e175" [label="e"]
	"TermP174" -> "e175"
	"ExprP176" [label="ExprP"]
	"Expr170" -> "ExprP176"
	"e177" [label="e"]
	"ExprP176" -> "e177"
	"ExpressionP178" [label="ExpressionP"]
	"Expression169" -> "ExpressionP178"
	"-179" [label="-",style=filled,fillcolor=powderblue]
	"ExpressionP178" -> "-179"
	"Expr180" [label="Expr"]
	"ExpressionP178" -> "Expr180"
	"Term181" [label="Term"]
	"Expr180" -> "Term181"
	"Factor182" [label="Factor"]
	"Term181" -> "Factor182"
	"m183" [label="m",style=filled,fillcolor=powderblue]
	"Factor182" -> "m183"
	"[184" [label="[",style=filled,fillcolor=powderblue]
	"Factor182" -> "[184"
	"Expression185" [label="Expression"]
	"Factor182" -> "Expression185"
	"Expr186" [label="Expr"]
	"Expression185" -> "Expr186"
	"Term187" [label="Term"]
	"Expr186" -> "Term187"
	"Factor188" [label="Factor"]
	"Term187" -> "Factor188"
	"num189" [label="num",style=filled,fillcolor=powderblue]
	"Factor188" -> "num189"
	"TermP190" [label="TermP"]
	"Term187" -> "TermP190"
	"**191" [label="**",style=filled,fillcolor=powderblue]
	"TermP190" -> "**191"
	"Term192" [label="Term"]
	"TermP190" -> "Term192"
	"Factor193" [label="Factor"]
	"Term192" -> "Factor193"
	"num194" [label="num",style=filled,fillcolor=powderblue]
	"Factor193" -> "num194"
	"TermP195" [label="TermP"]
	"Term192" -> "TermP195"
	"e196" [label="e"]
	"TermP195" -> "e196"
	"ExprP197" [label="ExprP"]
	"Expr186" -> "ExprP197"
	"*198" [label="*",style=filled,fillcolor=powderblue]
	"ExprP197" -> "*198"
	"Term199" [label="Term"]
	"ExprP197" -> "Term199"
	"Factor200" [label="Factor"]
	"Term199" -> "Factor200"
	"num201" [label="num",style=filled,fillcolor=powderblue]
	"Factor200" -> "num201"
	"TermP202" [label="TermP"]
	"Term199" -> "TermP202"
	"e203" [label="e"]
	"TermP202" -> "e203"
	"ExprP204" [label="ExprP"]
	"ExprP197" -> "ExprP204"
	"e205" [label="e"]
	"ExprP204" -> "e205"
	"ExpressionP206" [label="ExpressionP"]
	"Expression185" -> "ExpressionP206"
	"-207" [label="-",style=filled,fillcolor=powderblue]
	"ExpressionP206" -> "-207"
	"Expr208" [label="Expr"]
	"ExpressionP206" -> "Expr208"
	"Term209" [label="Term"]
	"Expr208" -> "Term209"
	"Factor210" [label="Factor"]
	"Term209" -> "Factor210"
	"num211" [label="num",style=filled,fillcolor=powderblue]
	"Factor210" -> "num211"
	"TermP212" [label="TermP"]
	"Term209" -> "TermP212"
	"e213" [label="e"]
	"TermP212" -> "e213"
	"ExprP214" [label="ExprP"]
	"Expr208" -> "ExprP214"
	"e215" [label="e"]
	"ExprP214" -> "e215"
	"ExpressionP216" [label="ExpressionP"]
	"ExpressionP206" -> "ExpressionP216"
	"e217" [label="e"]
	"ExpressionP216" -> "e217"
	"]218" [label="]",style=filled,fillcolor=powderblue]
	"Factor182" -> "]218"
	"TermP219" [label="TermP"]
	"Term181" -> "TermP219"
	"e220" [label="e"]
	"TermP219" -> "e220"
	"ExprP221" [label="ExprP"]
	"Expr180" -> "ExprP221"
	"e222" [label="e"]
	"ExprP221" -> "e222"
	"ExpressionP223" [label="ExpressionP"]
	"ExpressionP178" -> "ExpressionP223"
	"-224" [label="-",style=filled,fillcolor=powderblue]
	"ExpressionP223" -> "-224"
	"Expr225" [label="Expr"]
	"ExpressionP223" -> "Expr225"
	"Term226" [label="Term"]
	"Expr225" -> "Term226"
	"Factor227" [label="Factor"]
	"Term226" -> "Factor227"
	"num228" [label="num",style=filled,fillcolor=powderblue]
	"Factor227" -> "num228"
	"TermP229" [label="TermP"]
	"Term226" -> "TermP229"
	"e230" [label="e"]
	"TermP229" -> "e230"
	"ExprP231" [label="ExprP"]
	"Expr225" -> "ExprP231"
	"e232" [label="e"]
	"ExprP231" -> "e232"
	"ExpressionP233" [label="ExpressionP"]
	"ExpressionP223" -> "ExpressionP233"
	"e234" [label="e"]
	"ExpressionP233" -> "e234"
	"Statements235" [label="Statements"]
	"List151" -> "Statements235"
	"List236" [label="List"]
	"Statements235" -> "List236"
	"Statement237" [label="Statement"]
	"List236" -> "Statement237"
	"L238" [label="L",style=filled,fillcolor=powderblue]
	"Statement237" -> "L238"
	"Label239" [label="Label"]
	"Statement237" -> "Label239"
	"num240" [label="num",style=filled,fillcolor=powderblue]
	"Label239" -> "num240"
syntax error: found m in parsing Label - line 7
