digraph G {
	"Start1" [label="Start"]
	"Statements2" [label="Statements"]
	"Start1" -> "Statements2"
	"Statement3" [label="Statement"]
	"Statements2" -> "Statement3"
	"Assignment4" [label="Assignment"]
	"Statement3" -> "Assignment4"
	"m5" [label="m",style=filled,fillcolor=powderblue]
	"Assignment4" -> "m5"
	"[6" [label="[",style=filled,fillcolor=powderblue]
	"Assignment4" -> "[6"
	"Expression7" [label="Expression"]
	"Assignment4" -> "Expression7"
	"Term8" [label="Term"]
	"Expression7" -> "Term8"
	"Factor9" [label="Factor"]
	"Term8" -> "Factor9"
	"Val10" [label="Val"]
	"Factor9" -> "Val10"
	"num11" [label="num",style=filled,fillcolor=powderblue]
	"Val10" -> "num11"
	"F12" [label="F"]
	"Factor9" -> "F12"
	"e13" [label="e"]
	"F12" -> "e13"
	"D14" [label="D"]
	"Term8" -> "D14"
	"e15" [label="e"]
	"D14" -> "e15"
	"C16" [label="C"]
	"Expression7" -> "C16"
	"e17" [label="e"]
	"C16" -> "e17"
	"]18" [label="]",style=filled,fillcolor=powderblue]
	"Assignment4" -> "]18"
	"=19" [label="=",style=filled,fillcolor=powderblue]
	"Assignment4" -> "=19"
	"Expression20" [label="Expression"]
	"Assignment4" -> "Expression20"
	"Term21" [label="Term"]
	"Expression20" -> "Term21"
	"Factor22" [label="Factor"]
	"Term21" -> "Factor22"
	"Val23" [label="Val"]
	"Factor22" -> "Val23"
	"num24" [label="num",style=filled,fillcolor=powderblue]
	"Val23" -> "num24"
	"F25" [label="F"]
	"Factor22" -> "F25"
	"e26" [label="e"]
	"F25" -> "e26"
	"D27" [label="D"]
	"Term21" -> "D27"
	"/28" [label="/",style=filled,fillcolor=powderblue]
	"D27" -> "/28"
	"Term29" [label="Term"]
	"D27" -> "Term29"
	"Factor30" [label="Factor"]
	"Term29" -> "Factor30"
	"Val31" [label="Val"]
	"Factor30" -> "Val31"
	"num32" [label="num",style=filled,fillcolor=powderblue]
	"Val31" -> "num32"
	"F33" [label="F"]
	"Factor30" -> "F33"
	"e34" [label="e"]
	"F33" -> "e34"
	"D35" [label="D"]
	"Term29" -> "D35"
	"*36" [label="*",style=filled,fillcolor=powderblue]
	"D35" -> "*36"
	"Term37" [label="Term"]
	"D35" -> "Term37"
	"Factor38" [label="Factor"]
	"Term37" -> "Factor38"
	"Val39" [label="Val"]
	"Factor38" -> "Val39"
	"num40" [label="num",style=filled,fillcolor=powderblue]
	"Val39" -> "num40"
	"F41" [label="F"]
	"Factor38" -> "F41"
	"e42" [label="e"]
	"F41" -> "e42"
	"D43" [label="D"]
	"Term37" -> "D43"
	"e44" [label="e"]
	"D43" -> "e44"
	"e45" [label="e"]
	"D27" -> "e45"
	"C46" [label="C"]
	"Expression20" -> "C46"
	"e47" [label="e"]
	"C46" -> "e47"
	"S48" [label="S"]
	"Statements2" -> "S48"
	"Statement49" [label="Statement"]
	"S48" -> "Statement49"
	"Assignment50" [label="Assignment"]
	"Statement49" -> "Assignment50"
	"m51" [label="m",style=filled,fillcolor=powderblue]
	"Assignment50" -> "m51"
	"[52" [label="[",style=filled,fillcolor=powderblue]
	"Assignment50" -> "[52"
	"Expression53" [label="Expression"]
	"Assignment50" -> "Expression53"
	"Term54" [label="Term"]
	"Expression53" -> "Term54"
	"Factor55" [label="Factor"]
	"Term54" -> "Factor55"
	"Val56" [label="Val"]
	"Factor55" -> "Val56"
	"num57" [label="num",style=filled,fillcolor=powderblue]
	"Val56" -> "num57"
	"F58" [label="F"]
	"Factor55" -> "F58"
	"e59" [label="e"]
	"F58" -> "e59"
	"D60" [label="D"]
	"Term54" -> "D60"
	"e61" [label="e"]
	"D60" -> "e61"
	"C62" [label="C"]
	"Expression53" -> "C62"
	"e63" [label="e"]
	"C62" -> "e63"
	"]64" [label="]",style=filled,fillcolor=powderblue]
	"Assignment50" -> "]64"
	"=65" [label="=",style=filled,fillcolor=powderblue]
	"Assignment50" -> "=65"
	"Expression66" [label="Expression"]
	"Assignment50" -> "Expression66"
	"Term67" [label="Term"]
	"Expression66" -> "Term67"
	"Factor68" [label="Factor"]
	"Term67" -> "Factor68"
	"Val69" [label="Val"]
	"Factor68" -> "Val69"
	"num70" [label="num",style=filled,fillcolor=powderblue]
	"Val69" -> "num70"
	"F71" [label="F"]
	"Factor68" -> "F71"
	"e72" [label="e"]
	"F71" -> "e72"
	"D73" [label="D"]
	"Term67" -> "D73"
	"/74" [label="/",style=filled,fillcolor=powderblue]
	"D73" -> "/74"
	"Term75" [label="Term"]
	"D73" -> "Term75"
	"Factor76" [label="Factor"]
	"Term75" -> "Factor76"
	"Val77" [label="Val"]
	"Factor76" -> "Val77"
	"num78" [label="num",style=filled,fillcolor=powderblue]
	"Val77" -> "num78"
	"F79" [label="F"]
	"Factor76" -> "F79"
	"e80" [label="e"]
	"F79" -> "e80"
	"D81" [label="D"]
	"Term75" -> "D81"
	"*82" [label="*",style=filled,fillcolor=powderblue]
	"D81" -> "*82"
	"Term83" [label="Term"]
	"D81" -> "Term83"
	"Factor84" [label="Factor"]
	"Term83" -> "Factor84"
	"Val85" [label="Val"]
	"Factor84" -> "Val85"
	"num86" [label="num",style=filled,fillcolor=powderblue]
	"Val85" -> "num86"
	"F87" [label="F"]
	"Factor84" -> "F87"
	"e88" [label="e"]
	"F87" -> "e88"
	"D89" [label="D"]
	"Term83" -> "D89"
	"e90" [label="e"]
	"D89" -> "e90"
	"e91" [label="e"]
	"D73" -> "e91"
	"C92" [label="C"]
	"Expression66" -> "C92"
	"e93" [label="e"]
	"C92" -> "e93"
	"S94" [label="S"]
	"S48" -> "S94"
	"Statement95" [label="Statement"]
	"S94" -> "Statement95"
	"Goto96" [label="Goto"]
	"Statement95" -> "Goto96"
	"goto97" [label="goto",style=filled,fillcolor=powderblue]
	"Goto96" -> "goto97"
	"num98" [label="num",style=filled,fillcolor=powderblue]
	"Goto96" -> "num98"
	"A99" [label="A"]
	"Goto96" -> "A99"
syntax error: found m in parsing A - line 4
