digraph G {
	"Start1" [label="Start"]
	"Statements2" [label="Statements"]
	"Start1" -> "Statements2"
	"Statement3" [label="Statement"]
	"Statements2" -> "Statement3"
	"Assignment4" [label="Assignment"]
	"Statement3" -> "Assignment4"
	"m5" [label="m",style=filled,fillcolor=powderblue]
	"Assignment4" -> "m5"
	"[6" [label="[",style=filled,fillcolor=powderblue]
	"Assignment4" -> "[6"
	"Expression7" [label="Expression"]
	"Assignment4" -> "Expression7"
	"Term8" [label="Term"]
	"Expression7" -> "Term8"
	"Factor9" [label="Factor"]
	"Term8" -> "Factor9"
	"Alpha10" [label="Alpha"]
	"Factor9" -> "Alpha10"
	"num11" [label="num",style=filled,fillcolor=powderblue]
	"Alpha10" -> "num11"
	"FactorP12" [label="FactorP"]
	"Factor9" -> "FactorP12"
	"e13" [label="e"]
	"FactorP12" -> "e13"
	"TermP14" [label="TermP"]
	"Term8" -> "TermP14"
	"e15" [label="e"]
	"TermP14" -> "e15"
	"ExpressionP16" [label="ExpressionP"]
	"Expression7" -> "ExpressionP16"
	"e17" [label="e"]
	"ExpressionP16" -> "e17"
	"]18" [label="]",style=filled,fillcolor=powderblue]
	"Assignment4" -> "]18"
	"=19" [label="=",style=filled,fillcolor=powderblue]
	"Assignment4" -> "=19"
	"Expression20" [label="Expression"]
	"Assignment4" -> "Expression20"
	"Term21" [label="Term"]
	"Expression20" -> "Term21"
	"Factor22" [label="Factor"]
	"Term21" -> "Factor22"
	"Alpha23" [label="Alpha"]
	"Factor22" -> "Alpha23"
	"num24" [label="num",style=filled,fillcolor=powderblue]
	"Alpha23" -> "num24"
	"FactorP25" [label="FactorP"]
	"Factor22" -> "FactorP25"
	"e26" [label="e"]
	"FactorP25" -> "e26"
	"TermP27" [label="TermP"]
	"Term21" -> "TermP27"
	"/28" [label="/",style=filled,fillcolor=powderblue]
	"TermP27" -> "/28"
	"Factor29" [label="Factor"]
	"TermP27" -> "Factor29"
	"Alpha30" [label="Alpha"]
	"Factor29" -> "Alpha30"
	"num31" [label="num",style=filled,fillcolor=powderblue]
	"Alpha30" -> "num31"
	"FactorP32" [label="FactorP"]
	"Factor29" -> "FactorP32"
	"e33" [label="e"]
	"FactorP32" -> "e33"
	"TermP34" [label="TermP"]
	"TermP27" -> "TermP34"
	"*35" [label="*",style=filled,fillcolor=powderblue]
	"TermP34" -> "*35"
	"Factor36" [label="Factor"]
	"TermP34" -> "Factor36"
	"Alpha37" [label="Alpha"]
	"Factor36" -> "Alpha37"
	"num38" [label="num",style=filled,fillcolor=powderblue]
	"Alpha37" -> "num38"
	"FactorP39" [label="FactorP"]
	"Factor36" -> "FactorP39"
	"e40" [label="e"]
	"FactorP39" -> "e40"
	"TermP41" [label="TermP"]
	"TermP34" -> "TermP41"
	"e42" [label="e"]
	"TermP41" -> "e42"
	"ExpressionP43" [label="ExpressionP"]
	"Expression20" -> "ExpressionP43"
	"e44" [label="e"]
	"ExpressionP43" -> "e44"
	"unknown_nonterm45" [label="unknown_nonterm"]
	"Statements2" -> "unknown_nonterm45"
	"Statement46" [label="Statement"]
	"unknown_nonterm45" -> "Statement46"
	"Assignment47" [label="Assignment"]
	"Statement46" -> "Assignment47"
	"m48" [label="m",style=filled,fillcolor=powderblue]
	"Assignment47" -> "m48"
	"[49" [label="[",style=filled,fillcolor=powderblue]
	"Assignment47" -> "[49"
	"Expression50" [label="Expression"]
	"Assignment47" -> "Expression50"
	"Term51" [label="Term"]
	"Expression50" -> "Term51"
	"Factor52" [label="Factor"]
	"Term51" -> "Factor52"
	"Alpha53" [label="Alpha"]
	"Factor52" -> "Alpha53"
	"num54" [label="num",style=filled,fillcolor=powderblue]
	"Alpha53" -> "num54"
	"FactorP55" [label="FactorP"]
	"Factor52" -> "FactorP55"
	"e56" [label="e"]
	"FactorP55" -> "e56"
	"TermP57" [label="TermP"]
	"Term51" -> "TermP57"
	"e58" [label="e"]
	"TermP57" -> "e58"
	"ExpressionP59" [label="ExpressionP"]
	"Expression50" -> "ExpressionP59"
	"e60" [label="e"]
	"ExpressionP59" -> "e60"
	"]61" [label="]",style=filled,fillcolor=powderblue]
	"Assignment47" -> "]61"
	"=62" [label="=",style=filled,fillcolor=powderblue]
	"Assignment47" -> "=62"
	"Expression63" [label="Expression"]
	"Assignment47" -> "Expression63"
	"Term64" [label="Term"]
	"Expression63" -> "Term64"
	"Factor65" [label="Factor"]
	"Term64" -> "Factor65"
	"Alpha66" [label="Alpha"]
	"Factor65" -> "Alpha66"
	"num67" [label="num",style=filled,fillcolor=powderblue]
	"Alpha66" -> "num67"
	"FactorP68" [label="FactorP"]
	"Factor65" -> "FactorP68"
	"e69" [label="e"]
	"FactorP68" -> "e69"
	"TermP70" [label="TermP"]
	"Term64" -> "TermP70"
	"e71" [label="e"]
	"TermP70" -> "e71"
	"ExpressionP72" [label="ExpressionP"]
	"Expression63" -> "ExpressionP72"
	"+73" [label="+",style=filled,fillcolor=powderblue]
	"ExpressionP72" -> "+73"
	"Term74" [label="Term"]
	"ExpressionP72" -> "Term74"
	"Factor75" [label="Factor"]
	"Term74" -> "Factor75"
	"Alpha76" [label="Alpha"]
	"Factor75" -> "Alpha76"
	"num77" [label="num",style=filled,fillcolor=powderblue]
	"Alpha76" -> "num77"
	"FactorP78" [label="FactorP"]
	"Factor75" -> "FactorP78"
	"e79" [label="e"]
	"FactorP78" -> "e79"
	"TermP80" [label="TermP"]
	"Term74" -> "TermP80"
	"e81" [label="e"]
	"TermP80" -> "e81"
	"ExpressionP82" [label="ExpressionP"]
	"ExpressionP72" -> "ExpressionP82"
	"e83" [label="e"]
	"ExpressionP82" -> "e83"
	"unknown_nonterm84" [label="unknown_nonterm"]
	"unknown_nonterm45" -> "unknown_nonterm84"
	"Statement85" [label="Statement"]
	"unknown_nonterm84" -> "Statement85"
	"Assignment86" [label="Assignment"]
	"Statement85" -> "Assignment86"
	"m87" [label="m",style=filled,fillcolor=powderblue]
	"Assignment86" -> "m87"
	"[88" [label="[",style=filled,fillcolor=powderblue]
	"Assignment86" -> "[88"
	"Expression89" [label="Expression"]
	"Assignment86" -> "Expression89"
	"Term90" [label="Term"]
	"Expression89" -> "Term90"
	"Factor91" [label="Factor"]
	"Term90" -> "Factor91"
	"Alpha92" [label="Alpha"]
	"Factor91" -> "Alpha92"
	"num93" [label="num",style=filled,fillcolor=powderblue]
	"Alpha92" -> "num93"
	"FactorP94" [label="FactorP"]
	"Factor91" -> "FactorP94"
	"e95" [label="e"]
	"FactorP94" -> "e95"
	"TermP96" [label="TermP"]
	"Term90" -> "TermP96"
	"e97" [label="e"]
	"TermP96" -> "e97"
	"ExpressionP98" [label="ExpressionP"]
	"Expression89" -> "ExpressionP98"
	"e99" [label="e"]
	"ExpressionP98" -> "e99"
	"]100" [label="]",style=filled,fillcolor=powderblue]
	"Assignment86" -> "]100"
	"=101" [label="=",style=filled,fillcolor=powderblue]
	"Assignment86" -> "=101"
	"Expression102" [label="Expression"]
	"Assignment86" -> "Expression102"
	"Term103" [label="Term"]
	"Expression102" -> "Term103"
	"Factor104" [label="Factor"]
	"Term103" -> "Factor104"
	"Alpha105" [label="Alpha"]
	"Factor104" -> "Alpha105"
	"num106" [label="num",style=filled,fillcolor=powderblue]
	"Alpha105" -> "num106"
	"FactorP107" [label="FactorP"]
	"Factor104" -> "FactorP107"
	"e108" [label="e"]
	"FactorP107" -> "e108"
	"TermP109" [label="TermP"]
	"Term103" -> "TermP109"
	"e110" [label="e"]
	"TermP109" -> "e110"
	"ExpressionP111" [label="ExpressionP"]
	"Expression102" -> "ExpressionP111"
	"-112" [label="-",style=filled,fillcolor=powderblue]
	"ExpressionP111" -> "-112"
	"Term113" [label="Term"]
	"ExpressionP111" -> "Term113"
	"Factor114" [label="Factor"]
	"Term113" -> "Factor114"
	"Alpha115" [label="Alpha"]
	"Factor114" -> "Alpha115"
	"(116" [label="(",style=filled,fillcolor=powderblue]
	"Alpha115" -> "(116"
	"Expression117" [label="Expression"]
	"Alpha115" -> "Expression117"
	"Term118" [label="Term"]
	"Expression117" -> "Term118"
	"Factor119" [label="Factor"]
	"Term118" -> "Factor119"
	"Alpha120" [label="Alpha"]
	"Factor119" -> "Alpha120"
	"m121" [label="m",style=filled,fillcolor=powderblue]
	"Alpha120" -> "m121"
	"[122" [label="[",style=filled,fillcolor=powderblue]
	"Alpha120" -> "[122"
	"Expression123" [label="Expression"]
	"Alpha120" -> "Expression123"
	"Term124" [label="Term"]
	"Expression123" -> "Term124"
	"Factor125" [label="Factor"]
	"Term124" -> "Factor125"
	"Alpha126" [label="Alpha"]
	"Factor125" -> "Alpha126"
	"num127" [label="num",style=filled,fillcolor=powderblue]
	"Alpha126" -> "num127"
	"FactorP128" [label="FactorP"]
	"Factor125" -> "FactorP128"
	"e129" [label="e"]
	"FactorP128" -> "e129"
	"TermP130" [label="TermP"]
	"Term124" -> "TermP130"
	"e131" [label="e"]
	"TermP130" -> "e131"
	"ExpressionP132" [label="ExpressionP"]
	"Expression123" -> "ExpressionP132"
	"e133" [label="e"]
	"ExpressionP132" -> "e133"
	"]134" [label="]",style=filled,fillcolor=powderblue]
	"Alpha120" -> "]134"
	"FactorP135" [label="FactorP"]
	"Factor119" -> "FactorP135"
	"e136" [label="e"]
	"FactorP135" -> "e136"
	"TermP137" [label="TermP"]
	"Term118" -> "TermP137"
	"e138" [label="e"]
	"TermP137" -> "e138"
	"ExpressionP139" [label="ExpressionP"]
	"Expression117" -> "ExpressionP139"
	"-140" [label="-",style=filled,fillcolor=powderblue]
	"ExpressionP139" -> "-140"
	"Term141" [label="Term"]
	"ExpressionP139" -> "Term141"
	"Factor142" [label="Factor"]
	"Term141" -> "Factor142"
	"Alpha143" [label="Alpha"]
	"Factor142" -> "Alpha143"
	"num144" [label="num",style=filled,fillcolor=powderblue]
	"Alpha143" -> "num144"
	"FactorP145" [label="FactorP"]
	"Factor142" -> "FactorP145"
	"e146" [label="e"]
	"FactorP145" -> "e146"
	"TermP147" [label="TermP"]
	"Term141" -> "TermP147"
	"e148" [label="e"]
	"TermP147" -> "e148"
	"ExpressionP149" [label="ExpressionP"]
	"ExpressionP139" -> "ExpressionP149"
	"e150" [label="e"]
	"ExpressionP149" -> "e150"
	")151" [label=")",style=filled,fillcolor=powderblue]
	"Alpha115" -> ")151"
	"FactorP152" [label="FactorP"]
	"Factor114" -> "FactorP152"
	"e153" [label="e"]
	"FactorP152" -> "e153"
	"TermP154" [label="TermP"]
	"Term113" -> "TermP154"
	"e155" [label="e"]
	"TermP154" -> "e155"
	"ExpressionP156" [label="ExpressionP"]
	"ExpressionP111" -> "ExpressionP156"
	"e157" [label="e"]
	"ExpressionP156" -> "e157"
	"unknown_nonterm158" [label="unknown_nonterm"]
	"unknown_nonterm84" -> "unknown_nonterm158"
	"Statement159" [label="Statement"]
	"unknown_nonterm158" -> "Statement159"
	"Assignment160" [label="Assignment"]
	"Statement159" -> "Assignment160"
	"m161" [label="m",style=filled,fillcolor=powderblue]
	"Assignment160" -> "m161"
	"[162" [label="[",style=filled,fillcolor=powderblue]
	"Assignment160" -> "[162"
	"Expression163" [label="Expression"]
	"Assignment160" -> "Expression163"
	"Term164" [label="Term"]
	"Expression163" -> "Term164"
	"Factor165" [label="Factor"]
	"Term164" -> "Factor165"
	"Alpha166" [label="Alpha"]
	"Factor165" -> "Alpha166"
	"num167" [label="num",style=filled,fillcolor=powderblue]
	"Alpha166" -> "num167"
	"FactorP168" [label="FactorP"]
	"Factor165" -> "FactorP168"
	"e169" [label="e"]
	"FactorP168" -> "e169"
	"TermP170" [label="TermP"]
	"Term164" -> "TermP170"
	"e171" [label="e"]
	"TermP170" -> "e171"
	"ExpressionP172" [label="ExpressionP"]
	"Expression163" -> "ExpressionP172"
	"e173" [label="e"]
	"ExpressionP172" -> "e173"
	"]174" [label="]",style=filled,fillcolor=powderblue]
	"Assignment160" -> "]174"
	"=175" [label="=",style=filled,fillcolor=powderblue]
	"Assignment160" -> "=175"
	"Expression176" [label="Expression"]
	"Assignment160" -> "Expression176"
	"Term177" [label="Term"]
	"Expression176" -> "Term177"
	"Factor178" [label="Factor"]
	"Term177" -> "Factor178"
	"Alpha179" [label="Alpha"]
	"Factor178" -> "Alpha179"
	"num180" [label="num",style=filled,fillcolor=powderblue]
	"Alpha179" -> "num180"
	"FactorP181" [label="FactorP"]
	"Factor178" -> "FactorP181"
	"e182" [label="e"]
	"FactorP181" -> "e182"
	"TermP183" [label="TermP"]
	"Term177" -> "TermP183"
	"/184" [label="/",style=filled,fillcolor=powderblue]
	"TermP183" -> "/184"
	"Factor185" [label="Factor"]
	"TermP183" -> "Factor185"
	"Alpha186" [label="Alpha"]
	"Factor185" -> "Alpha186"
	"num187" [label="num",style=filled,fillcolor=powderblue]
	"Alpha186" -> "num187"
	"FactorP188" [label="FactorP"]
	"Factor185" -> "FactorP188"
	"e189" [label="e"]
	"FactorP188" -> "e189"
	"TermP190" [label="TermP"]
	"TermP183" -> "TermP190"
	"*191" [label="*",style=filled,fillcolor=powderblue]
	"TermP190" -> "*191"
	"Factor192" [label="Factor"]
	"TermP190" -> "Factor192"
	"Alpha193" [label="Alpha"]
	"Factor192" -> "Alpha193"
	"num194" [label="num",style=filled,fillcolor=powderblue]
	"Alpha193" -> "num194"
	"FactorP195" [label="FactorP"]
	"Factor192" -> "FactorP195"
	"e196" [label="e"]
	"FactorP195" -> "e196"
	"TermP197" [label="TermP"]
	"TermP190" -> "TermP197"
	"e198" [label="e"]
	"TermP197" -> "e198"
	"ExpressionP199" [label="ExpressionP"]
	"Expression176" -> "ExpressionP199"
	"e200" [label="e"]
	"ExpressionP199" -> "e200"
	"unknown_nonterm201" [label="unknown_nonterm"]
	"unknown_nonterm158" -> "unknown_nonterm201"
	"Statement202" [label="Statement"]
	"unknown_nonterm201" -> "Statement202"
	"Assignment203" [label="Assignment"]
	"Statement202" -> "Assignment203"
	"m204" [label="m",style=filled,fillcolor=powderblue]
	"Assignment203" -> "m204"
	"[205" [label="[",style=filled,fillcolor=powderblue]
	"Assignment203" -> "[205"
	"Expression206" [label="Expression"]
	"Assignment203" -> "Expression206"
	"Term207" [label="Term"]
	"Expression206" -> "Term207"
	"Factor208" [label="Factor"]
	"Term207" -> "Factor208"
	"Alpha209" [label="Alpha"]
	"Factor208" -> "Alpha209"
	"num210" [label="num",style=filled,fillcolor=powderblue]
	"Alpha209" -> "num210"
	"FactorP211" [label="FactorP"]
	"Factor208" -> "FactorP211"
	"e212" [label="e"]
	"FactorP211" -> "e212"
	"TermP213" [label="TermP"]
	"Term207" -> "TermP213"
	"e214" [label="e"]
	"TermP213" -> "e214"
	"ExpressionP215" [label="ExpressionP"]
	"Expression206" -> "ExpressionP215"
	"e216" [label="e"]
	"ExpressionP215" -> "e216"
	"]217" [label="]",style=filled,fillcolor=powderblue]
	"Assignment203" -> "]217"
	"=218" [label="=",style=filled,fillcolor=powderblue]
	"Assignment203" -> "=218"
	"Expression219" [label="Expression"]
	"Assignment203" -> "Expression219"
	"Term220" [label="Term"]
	"Expression219" -> "Term220"
	"Factor221" [label="Factor"]
	"Term220" -> "Factor221"
	"Alpha222" [label="Alpha"]
	"Factor221" -> "Alpha222"
	"num223" [label="num",style=filled,fillcolor=powderblue]
	"Alpha222" -> "num223"
	"FactorP224" [label="FactorP"]
	"Factor221" -> "FactorP224"
	"e225" [label="e"]
	"FactorP224" -> "e225"
	"TermP226" [label="TermP"]
	"Term220" -> "TermP226"
	"e227" [label="e"]
	"TermP226" -> "e227"
	"ExpressionP228" [label="ExpressionP"]
	"Expression219" -> "ExpressionP228"
	"+229" [label="+",style=filled,fillcolor=powderblue]
	"ExpressionP228" -> "+229"
	"Term230" [label="Term"]
	"ExpressionP228" -> "Term230"
	"Factor231" [label="Factor"]
	"Term230" -> "Factor231"
	"Alpha232" [label="Alpha"]
	"Factor231" -> "Alpha232"
	"m233" [label="m",style=filled,fillcolor=powderblue]
	"Alpha232" -> "m233"
	"[234" [label="[",style=filled,fillcolor=powderblue]
	"Alpha232" -> "[234"
	"Expression235" [label="Expression"]
	"Alpha232" -> "Expression235"
	"Term236" [label="Term"]
	"Expression235" -> "Term236"
	"Factor237" [label="Factor"]
	"Term236" -> "Factor237"
	"Alpha238" [label="Alpha"]
	"Factor237" -> "Alpha238"
	"num239" [label="num",style=filled,fillcolor=powderblue]
	"Alpha238" -> "num239"
	"FactorP240" [label="FactorP"]
	"Factor237" -> "FactorP240"
	"e241" [label="e"]
	"FactorP240" -> "e241"
	"TermP242" [label="TermP"]
	"Term236" -> "TermP242"
	"e243" [label="e"]
	"TermP242" -> "e243"
	"ExpressionP244" [label="ExpressionP"]
	"Expression235" -> "ExpressionP244"
	"e245" [label="e"]
	"ExpressionP244" -> "e245"
	"]246" [label="]",style=filled,fillcolor=powderblue]
	"Alpha232" -> "]246"
	"FactorP247" [label="FactorP"]
	"Factor231" -> "FactorP247"
	"e248" [label="e"]
	"FactorP247" -> "e248"
	"TermP249" [label="TermP"]
	"Term230" -> "TermP249"
	"e250" [label="e"]
	"TermP249" -> "e250"
	"ExpressionP251" [label="ExpressionP"]
	"ExpressionP228" -> "ExpressionP251"
	"e252" [label="e"]
	"ExpressionP251" -> "e252"
	"unknown_nonterm253" [label="unknown_nonterm"]
	"unknown_nonterm201" -> "unknown_nonterm253"
	"Statement254" [label="Statement"]
	"unknown_nonterm253" -> "Statement254"
	"Assignment255" [label="Assignment"]
	"Statement254" -> "Assignment255"
	"m256" [label="m",style=filled,fillcolor=powderblue]
	"Assignment255" -> "m256"
	"[257" [label="[",style=filled,fillcolor=powderblue]
	"Assignment255" -> "[257"
	"Expression258" [label="Expression"]
	"Assignment255" -> "Expression258"
	"Term259" [label="Term"]
	"Expression258" -> "Term259"
	"Factor260" [label="Factor"]
	"Term259" -> "Factor260"
	"Alpha261" [label="Alpha"]
	"Factor260" -> "Alpha261"
	"num262" [label="num",style=filled,fillcolor=powderblue]
	"Alpha261" -> "num262"
	"FactorP263" [label="FactorP"]
	"Factor260" -> "FactorP263"
	"e264" [label="e"]
	"FactorP263" -> "e264"
	"TermP265" [label="TermP"]
	"Term259" -> "TermP265"
	"e266" [label="e"]
	"TermP265" -> "e266"
	"ExpressionP267" [label="ExpressionP"]
	"Expression258" -> "ExpressionP267"
	"e268" [label="e"]
	"ExpressionP267" -> "e268"
	"]269" [label="]",style=filled,fillcolor=powderblue]
	"Assignment255" -> "]269"
	"=270" [label="=",style=filled,fillcolor=powderblue]
	"Assignment255" -> "=270"
	"Expression271" [label="Expression"]
	"Assignment255" -> "Expression271"
	"Term272" [label="Term"]
	"Expression271" -> "Term272"
	"Factor273" [label="Factor"]
	"Term272" -> "Factor273"
	"Alpha274" [label="Alpha"]
	"Factor273" -> "Alpha274"
	"num275" [label="num",style=filled,fillcolor=powderblue]
	"Alpha274" -> "num275"
	"FactorP276" [label="FactorP"]
	"Factor273" -> "FactorP276"
	"e277" [label="e"]
	"FactorP276" -> "e277"
	"TermP278" [label="TermP"]
	"Term272" -> "TermP278"
	"e279" [label="e"]
	"TermP278" -> "e279"
	"ExpressionP280" [label="ExpressionP"]
	"Expression271" -> "ExpressionP280"
	"-281" [label="-",style=filled,fillcolor=powderblue]
	"ExpressionP280" -> "-281"
	"Term282" [label="Term"]
	"ExpressionP280" -> "Term282"
	"Factor283" [label="Factor"]
	"Term282" -> "Factor283"
	"Alpha284" [label="Alpha"]
	"Factor283" -> "Alpha284"
	"m285" [label="m",style=filled,fillcolor=powderblue]
	"Alpha284" -> "m285"
	"[286" [label="[",style=filled,fillcolor=powderblue]
	"Alpha284" -> "[286"
	"Expression287" [label="Expression"]
	"Alpha284" -> "Expression287"
	"Term288" [label="Term"]
	"Expression287" -> "Term288"
	"Factor289" [label="Factor"]
	"Term288" -> "Factor289"
	"Alpha290" [label="Alpha"]
	"Factor289" -> "Alpha290"
	"num291" [label="num",style=filled,fillcolor=powderblue]
	"Alpha290" -> "num291"
	"FactorP292" [label="FactorP"]
	"Factor289" -> "FactorP292"
	"**293" [label="**",style=filled,fillcolor=powderblue]
	"FactorP292" -> "**293"
	"Alpha294" [label="Alpha"]
	"FactorP292" -> "Alpha294"
	"num295" [label="num",style=filled,fillcolor=powderblue]
	"Alpha294" -> "num295"
	"FactorP296" [label="FactorP"]
	"FactorP292" -> "FactorP296"
	"e297" [label="e"]
	"FactorP296" -> "e297"
	"TermP298" [label="TermP"]
	"Term288" -> "TermP298"
	"*299" [label="*",style=filled,fillcolor=powderblue]
	"TermP298" -> "*299"
	"Factor300" [label="Factor"]
	"TermP298" -> "Factor300"
	"Alpha301" [label="Alpha"]
	"Factor300" -> "Alpha301"
	"num302" [label="num",style=filled,fillcolor=powderblue]
	"Alpha301" -> "num302"
	"FactorP303" [label="FactorP"]
	"Factor300" -> "FactorP303"
	"e304" [label="e"]
	"FactorP303" -> "e304"
	"TermP305" [label="TermP"]
	"TermP298" -> "TermP305"
	"e306" [label="e"]
	"TermP305" -> "e306"
	"ExpressionP307" [label="ExpressionP"]
	"Expression287" -> "ExpressionP307"
	"-308" [label="-",style=filled,fillcolor=powderblue]
	"ExpressionP307" -> "-308"
	"Term309" [label="Term"]
	"ExpressionP307" -> "Term309"
	"Factor310" [label="Factor"]
	"Term309" -> "Factor310"
	"Alpha311" [label="Alpha"]
	"Factor310" -> "Alpha311"
	"num312" [label="num",style=filled,fillcolor=powderblue]
	"Alpha311" -> "num312"
	"FactorP313" [label="FactorP"]
	"Factor310" -> "FactorP313"
	"e314" [label="e"]
	"FactorP313" -> "e314"
	"TermP315" [label="TermP"]
	"Term309" -> "TermP315"
	"e316" [label="e"]
	"TermP315" -> "e316"
	"ExpressionP317" [label="ExpressionP"]
	"ExpressionP307" -> "ExpressionP317"
	"e318" [label="e"]
	"ExpressionP317" -> "e318"
	"]319" [label="]",style=filled,fillcolor=powderblue]
	"Alpha284" -> "]319"
	"FactorP320" [label="FactorP"]
	"Factor283" -> "FactorP320"
	"e321" [label="e"]
	"FactorP320" -> "e321"
	"TermP322" [label="TermP"]
	"Term282" -> "TermP322"
	"e323" [label="e"]
	"TermP322" -> "e323"
	"ExpressionP324" [label="ExpressionP"]
	"ExpressionP280" -> "ExpressionP324"
	"-325" [label="-",style=filled,fillcolor=powderblue]
	"ExpressionP324" -> "-325"
	"Term326" [label="Term"]
	"ExpressionP324" -> "Term326"
	"Factor327" [label="Factor"]
	"Term326" -> "Factor327"
	"Alpha328" [label="Alpha"]
	"Factor327" -> "Alpha328"
	"num329" [label="num",style=filled,fillcolor=powderblue]
	"Alpha328" -> "num329"
	"FactorP330" [label="FactorP"]
	"Factor327" -> "FactorP330"
	"e331" [label="e"]
	"FactorP330" -> "e331"
	"TermP332" [label="TermP"]
	"Term326" -> "TermP332"
	"e333" [label="e"]
	"TermP332" -> "e333"
	"ExpressionP334" [label="ExpressionP"]
	"ExpressionP324" -> "ExpressionP334"
	"e335" [label="e"]
	"ExpressionP334" -> "e335"
	"unknown_nonterm336" [label="unknown_nonterm"]
	"unknown_nonterm253" -> "unknown_nonterm336"
	"Statement337" [label="Statement"]
	"unknown_nonterm336" -> "Statement337"
	"Label338" [label="Label"]
	"Statement337" -> "Label338"
	"L339" [label="L",style=filled,fillcolor=powderblue]
	"Label338" -> "L339"
	"num340" [label="num",style=filled,fillcolor=powderblue]
	"Label338" -> "num340"
	":341" [label=":",style=filled,fillcolor=powderblue]
	"Label338" -> ":341"
	"unknown_nonterm342" [label="unknown_nonterm"]
	"unknown_nonterm336" -> "unknown_nonterm342"
	"Statement343" [label="Statement"]
	"unknown_nonterm342" -> "Statement343"
	"Assignment344" [label="Assignment"]
	"Statement343" -> "Assignment344"
	"m345" [label="m",style=filled,fillcolor=powderblue]
	"Assignment344" -> "m345"
	"[346" [label="[",style=filled,fillcolor=powderblue]
	"Assignment344" -> "[346"
	"Expression347" [label="Expression"]
	"Assignment344" -> "Expression347"
	"Term348" [label="Term"]
	"Expression347" -> "Term348"
	"Factor349" [label="Factor"]
	"Term348" -> "Factor349"
	"Alpha350" [label="Alpha"]
	"Factor349" -> "Alpha350"
	"num351" [label="num",style=filled,fillcolor=powderblue]
	"Alpha350" -> "num351"
	"FactorP352" [label="FactorP"]
	"Factor349" -> "FactorP352"
	"e353" [label="e"]
	"FactorP352" -> "e353"
	"TermP354" [label="TermP"]
	"Term348" -> "TermP354"
	"e355" [label="e"]
	"TermP354" -> "e355"
	"ExpressionP356" [label="ExpressionP"]
	"Expression347" -> "ExpressionP356"
	"e357" [label="e"]
	"ExpressionP356" -> "e357"
	"]358" [label="]",style=filled,fillcolor=powderblue]
	"Assignment344" -> "]358"
	"=359" [label="=",style=filled,fillcolor=powderblue]
	"Assignment344" -> "=359"
	"Expression360" [label="Expression"]
	"Assignment344" -> "Expression360"
	"Term361" [label="Term"]
	"Expression360" -> "Term361"
	"Factor362" [label="Factor"]
	"Term361" -> "Factor362"
	"Alpha363" [label="Alpha"]
	"Factor362" -> "Alpha363"
	"num364" [label="num",style=filled,fillcolor=powderblue]
	"Alpha363" -> "num364"
	"FactorP365" [label="FactorP"]
	"Factor362" -> "FactorP365"
	"e366" [label="e"]
	"FactorP365" -> "e366"
	"TermP367" [label="TermP"]
	"Term361" -> "TermP367"
	"e368" [label="e"]
	"TermP367" -> "e368"
	"ExpressionP369" [label="ExpressionP"]
	"Expression360" -> "ExpressionP369"
	"-370" [label="-",style=filled,fillcolor=powderblue]
	"ExpressionP369" -> "-370"
	"Term371" [label="Term"]
	"ExpressionP369" -> "Term371"
	"Factor372" [label="Factor"]
	"Term371" -> "Factor372"
	"Alpha373" [label="Alpha"]
	"Factor372" -> "Alpha373"
	"(374" [label="(",style=filled,fillcolor=powderblue]
	"Alpha373" -> "(374"
	"Expression375" [label="Expression"]
	"Alpha373" -> "Expression375"
	"Term376" [label="Term"]
	"Expression375" -> "Term376"
	"Factor377" [label="Factor"]
	"Term376" -> "Factor377"
	"Alpha378" [label="Alpha"]
	"Factor377" -> "Alpha378"
	"m379" [label="m",style=filled,fillcolor=powderblue]
	"Alpha378" -> "m379"
	"[380" [label="[",style=filled,fillcolor=powderblue]
	"Alpha378" -> "[380"
	"Expression381" [label="Expression"]
	"Alpha378" -> "Expression381"
	"Term382" [label="Term"]
	"Expression381" -> "Term382"
	"Factor383" [label="Factor"]
	"Term382" -> "Factor383"
	"Alpha384" [label="Alpha"]
	"Factor383" -> "Alpha384"
	"num385" [label="num",style=filled,fillcolor=powderblue]
	"Alpha384" -> "num385"
	"FactorP386" [label="FactorP"]
	"Factor383" -> "FactorP386"
	"e387" [label="e"]
	"FactorP386" -> "e387"
	"TermP388" [label="TermP"]
	"Term382" -> "TermP388"
	"e389" [label="e"]
	"TermP388" -> "e389"
	"ExpressionP390" [label="ExpressionP"]
	"Expression381" -> "ExpressionP390"
	"e391" [label="e"]
	"ExpressionP390" -> "e391"
	"]392" [label="]",style=filled,fillcolor=powderblue]
	"Alpha378" -> "]392"
	"FactorP393" [label="FactorP"]
	"Factor377" -> "FactorP393"
	"e394" [label="e"]
	"FactorP393" -> "e394"
	"TermP395" [label="TermP"]
	"Term376" -> "TermP395"
	"e396" [label="e"]
	"TermP395" -> "e396"
	"ExpressionP397" [label="ExpressionP"]
	"Expression375" -> "ExpressionP397"
	"-398" [label="-",style=filled,fillcolor=powderblue]
	"ExpressionP397" -> "-398"
	"Term399" [label="Term"]
	"ExpressionP397" -> "Term399"
	"Factor400" [label="Factor"]
	"Term399" -> "Factor400"
	"Alpha401" [label="Alpha"]
	"Factor400" -> "Alpha401"
	"num402" [label="num",style=filled,fillcolor=powderblue]
	"Alpha401" -> "num402"
	"FactorP403" [label="FactorP"]
	"Factor400" -> "FactorP403"
	"e404" [label="e"]
	"FactorP403" -> "e404"
	"TermP405" [label="TermP"]
	"Term399" -> "TermP405"
	"e406" [label="e"]
	"TermP405" -> "e406"
	"ExpressionP407" [label="ExpressionP"]
	"ExpressionP397" -> "ExpressionP407"
	"e408" [label="e"]
	"ExpressionP407" -> "e408"
	")409" [label=")",style=filled,fillcolor=powderblue]
	"Alpha373" -> ")409"
	"FactorP410" [label="FactorP"]
	"Factor372" -> "FactorP410"
	"e411" [label="e"]
	"FactorP410" -> "e411"
	"TermP412" [label="TermP"]
	"Term371" -> "TermP412"
	"e413" [label="e"]
	"TermP412" -> "e413"
	"ExpressionP414" [label="ExpressionP"]
	"ExpressionP369" -> "ExpressionP414"
	"e415" [label="e"]
	"ExpressionP414" -> "e415"
	"unknown_nonterm416" [label="unknown_nonterm"]
	"unknown_nonterm342" -> "unknown_nonterm416"
	"Statement417" [label="Statement"]
	"unknown_nonterm416" -> "Statement417"
	"Assignment418" [label="Assignment"]
	"Statement417" -> "Assignment418"
	"m419" [label="m",style=filled,fillcolor=powderblue]
	"Assignment418" -> "m419"
	"[420" [label="[",style=filled,fillcolor=powderblue]
	"Assignment418" -> "[420"
	"Expression421" [label="Expression"]
	"Assignment418" -> "Expression421"
	"Term422" [label="Term"]
	"Expression421" -> "Term422"
	"Factor423" [label="Factor"]
	"Term422" -> "Factor423"
	"Alpha424" [label="Alpha"]
	"Factor423" -> "Alpha424"
	"num425" [label="num",style=filled,fillcolor=powderblue]
	"Alpha424" -> "num425"
	"FactorP426" [label="FactorP"]
	"Factor423" -> "FactorP426"
	"e427" [label="e"]
	"FactorP426" -> "e427"
	"TermP428" [label="TermP"]
	"Term422" -> "TermP428"
	"e429" [label="e"]
	"TermP428" -> "e429"
	"ExpressionP430" [label="ExpressionP"]
	"Expression421" -> "ExpressionP430"
	"e431" [label="e"]
	"ExpressionP430" -> "e431"
	"]432" [label="]",style=filled,fillcolor=powderblue]
	"Assignment418" -> "]432"
	"=433" [label="=",style=filled,fillcolor=powderblue]
	"Assignment418" -> "=433"
	"Expression434" [label="Expression"]
	"Assignment418" -> "Expression434"
	"Term435" [label="Term"]
	"Expression434" -> "Term435"
	"Factor436" [label="Factor"]
	"Term435" -> "Factor436"
	"Alpha437" [label="Alpha"]
	"Factor436" -> "Alpha437"
	"num438" [label="num",style=filled,fillcolor=powderblue]
	"Alpha437" -> "num438"
	"FactorP439" [label="FactorP"]
	"Factor436" -> "FactorP439"
	"e440" [label="e"]
	"FactorP439" -> "e440"
	"TermP441" [label="TermP"]
	"Term435" -> "TermP441"
	"/442" [label="/",style=filled,fillcolor=powderblue]
	"TermP441" -> "/442"
	"Factor443" [label="Factor"]
	"TermP441" -> "Factor443"
	"Alpha444" [label="Alpha"]
	"Factor443" -> "Alpha444"
	"num445" [label="num",style=filled,fillcolor=powderblue]
	"Alpha444" -> "num445"
	"FactorP446" [label="FactorP"]
	"Factor443" -> "FactorP446"
	"e447" [label="e"]
	"FactorP446" -> "e447"
	"TermP448" [label="TermP"]
	"TermP441" -> "TermP448"
	"*449" [label="*",style=filled,fillcolor=powderblue]
	"TermP448" -> "*449"
	"Factor450" [label="Factor"]
	"TermP448" -> "Factor450"
	"Alpha451" [label="Alpha"]
	"Factor450" -> "Alpha451"
	"num452" [label="num",style=filled,fillcolor=powderblue]
	"Alpha451" -> "num452"
	"FactorP453" [label="FactorP"]
	"Factor450" -> "FactorP453"
	"e454" [label="e"]
	"FactorP453" -> "e454"
	"TermP455" [label="TermP"]
	"TermP448" -> "TermP455"
	"e456" [label="e"]
	"TermP455" -> "e456"
	"ExpressionP457" [label="ExpressionP"]
	"Expression434" -> "ExpressionP457"
	"e458" [label="e"]
	"ExpressionP457" -> "e458"
	"unknown_nonterm459" [label="unknown_nonterm"]
	"unknown_nonterm416" -> "unknown_nonterm459"
	"Statement460" [label="Statement"]
	"unknown_nonterm459" -> "Statement460"
	"Assignment461" [label="Assignment"]
	"Statement460" -> "Assignment461"
	"m462" [label="m",style=filled,fillcolor=powderblue]
	"Assignment461" -> "m462"
	"[463" [label="[",style=filled,fillcolor=powderblue]
	"Assignment461" -> "[463"
	"Expression464" [label="Expression"]
	"Assignment461" -> "Expression464"
	"Term465" [label="Term"]
	"Expression464" -> "Term465"
	"Factor466" [label="Factor"]
	"Term465" -> "Factor466"
	"Alpha467" [label="Alpha"]
	"Factor466" -> "Alpha467"
	"num468" [label="num",style=filled,fillcolor=powderblue]
	"Alpha467" -> "num468"
	"FactorP469" [label="FactorP"]
	"Factor466" -> "FactorP469"
	"e470" [label="e"]
	"FactorP469" -> "e470"
	"TermP471" [label="TermP"]
	"Term465" -> "TermP471"
	"e472" [label="e"]
	"TermP471" -> "e472"
	"ExpressionP473" [label="ExpressionP"]
	"Expression464" -> "ExpressionP473"
	"e474" [label="e"]
	"ExpressionP473" -> "e474"
	"]475" [label="]",style=filled,fillcolor=powderblue]
	"Assignment461" -> "]475"
	"=476" [label="=",style=filled,fillcolor=powderblue]
	"Assignment461" -> "=476"
	"Expression477" [label="Expression"]
	"Assignment461" -> "Expression477"
	"Term478" [label="Term"]
	"Expression477" -> "Term478"
	"Factor479" [label="Factor"]
	"Term478" -> "Factor479"
	"Alpha480" [label="Alpha"]
	"Factor479" -> "Alpha480"
	"num481" [label="num",style=filled,fillcolor=powderblue]
	"Alpha480" -> "num481"
	"FactorP482" [label="FactorP"]
	"Factor479" -> "FactorP482"
	"e483" [label="e"]
	"FactorP482" -> "e483"
	"TermP484" [label="TermP"]
	"Term478" -> "TermP484"
	"e485" [label="e"]
	"TermP484" -> "e485"
	"ExpressionP486" [label="ExpressionP"]
	"Expression477" -> "ExpressionP486"
	"+487" [label="+",style=filled,fillcolor=powderblue]
	"ExpressionP486" -> "+487"
	"Term488" [label="Term"]
	"ExpressionP486" -> "Term488"
	"Factor489" [label="Factor"]
	"Term488" -> "Factor489"
	"Alpha490" [label="Alpha"]
	"Factor489" -> "Alpha490"
	"m491" [label="m",style=filled,fillcolor=powderblue]
	"Alpha490" -> "m491"
	"[492" [label="[",style=filled,fillcolor=powderblue]
	"Alpha490" -> "[492"
	"Expression493" [label="Expression"]
	"Alpha490" -> "Expression493"
	"Term494" [label="Term"]
	"Expression493" -> "Term494"
	"Factor495" [label="Factor"]
	"Term494" -> "Factor495"
	"Alpha496" [label="Alpha"]
	"Factor495" -> "Alpha496"
	"num497" [label="num",style=filled,fillcolor=powderblue]
	"Alpha496" -> "num497"
	"FactorP498" [label="FactorP"]
	"Factor495" -> "FactorP498"
	"e499" [label="e"]
	"FactorP498" -> "e499"
	"TermP500" [label="TermP"]
	"Term494" -> "TermP500"
	"e501" [label="e"]
	"TermP500" -> "e501"
	"ExpressionP502" [label="ExpressionP"]
	"Expression493" -> "ExpressionP502"
	"e503" [label="e"]
	"ExpressionP502" -> "e503"
	"]504" [label="]",style=filled,fillcolor=powderblue]
	"Alpha490" -> "]504"
	"FactorP505" [label="FactorP"]
	"Factor489" -> "FactorP505"
	"e506" [label="e"]
	"FactorP505" -> "e506"
	"TermP507" [label="TermP"]
	"Term488" -> "TermP507"
	"e508" [label="e"]
	"TermP507" -> "e508"
	"ExpressionP509" [label="ExpressionP"]
	"ExpressionP486" -> "ExpressionP509"
	"e510" [label="e"]
	"ExpressionP509" -> "e510"
	"unknown_nonterm511" [label="unknown_nonterm"]
	"unknown_nonterm459" -> "unknown_nonterm511"
	"Statement512" [label="Statement"]
	"unknown_nonterm511" -> "Statement512"
	"Assignment513" [label="Assignment"]
	"Statement512" -> "Assignment513"
	"m514" [label="m",style=filled,fillcolor=powderblue]
	"Assignment513" -> "m514"
	"[515" [label="[",style=filled,fillcolor=powderblue]
	"Assignment513" -> "[515"
	"Expression516" [label="Expression"]
	"Assignment513" -> "Expression516"
	"Term517" [label="Term"]
	"Expression516" -> "Term517"
	"Factor518" [label="Factor"]
	"Term517" -> "Factor518"
	"Alpha519" [label="Alpha"]
	"Factor518" -> "Alpha519"
	"num520" [label="num",style=filled,fillcolor=powderblue]
	"Alpha519" -> "num520"
	"FactorP521" [label="FactorP"]
	"Factor518" -> "FactorP521"
	"e522" [label="e"]
	"FactorP521" -> "e522"
	"TermP523" [label="TermP"]
	"Term517" -> "TermP523"
	"e524" [label="e"]
	"TermP523" -> "e524"
	"ExpressionP525" [label="ExpressionP"]
	"Expression516" -> "ExpressionP525"
	"e526" [label="e"]
	"ExpressionP525" -> "e526"
	"]527" [label="]",style=filled,fillcolor=powderblue]
	"Assignment513" -> "]527"
	"=528" [label="=",style=filled,fillcolor=powderblue]
	"Assignment513" -> "=528"
	"Expression529" [label="Expression"]
	"Assignment513" -> "Expression529"
	"Term530" [label="Term"]
	"Expression529" -> "Term530"
	"Factor531" [label="Factor"]
	"Term530" -> "Factor531"
	"Alpha532" [label="Alpha"]
	"Factor531" -> "Alpha532"
	"num533" [label="num",style=filled,fillcolor=powderblue]
	"Alpha532" -> "num533"
	"FactorP534" [label="FactorP"]
	"Factor531" -> "FactorP534"
	"e535" [label="e"]
	"FactorP534" -> "e535"
	"TermP536" [label="TermP"]
	"Term530" -> "TermP536"
	"e537" [label="e"]
	"TermP536" -> "e537"
	"ExpressionP538" [label="ExpressionP"]
	"Expression529" -> "ExpressionP538"
	"-539" [label="-",style=filled,fillcolor=powderblue]
	"ExpressionP538" -> "-539"
	"Term540" [label="Term"]
	"ExpressionP538" -> "Term540"
	"Factor541" [label="Factor"]
	"Term540" -> "Factor541"
	"Alpha542" [label="Alpha"]
	"Factor541" -> "Alpha542"
	"m543" [label="m",style=filled,fillcolor=powderblue]
	"Alpha542" -> "m543"
	"[544" [label="[",style=filled,fillcolor=powderblue]
	"Alpha542" -> "[544"
	"Expression545" [label="Expression"]
	"Alpha542" -> "Expression545"
	"Term546" [label="Term"]
	"Expression545" -> "Term546"
	"Factor547" [label="Factor"]
	"Term546" -> "Factor547"
	"Alpha548" [label="Alpha"]
	"Factor547" -> "Alpha548"
	"num549" [label="num",style=filled,fillcolor=powderblue]
	"Alpha548" -> "num549"
	"FactorP550" [label="FactorP"]
	"Factor547" -> "FactorP550"
	"e551" [label="e"]
	"FactorP550" -> "e551"
	"TermP552" [label="TermP"]
	"Term546" -> "TermP552"
	"e553" [label="e"]
	"TermP552" -> "e553"
	"ExpressionP554" [label="ExpressionP"]
	"Expression545" -> "ExpressionP554"
	"-555" [label="-",style=filled,fillcolor=powderblue]
	"ExpressionP554" -> "-555"
	"Term556" [label="Term"]
	"ExpressionP554" -> "Term556"
	"Factor557" [label="Factor"]
	"Term556" -> "Factor557"
	"Alpha558" [label="Alpha"]
	"Factor557" -> "Alpha558"
	"num559" [label="num",style=filled,fillcolor=powderblue]
	"Alpha558" -> "num559"
	"FactorP560" [label="FactorP"]
	"Factor557" -> "FactorP560"
	"e561" [label="e"]
	"FactorP560" -> "e561"
	"TermP562" [label="TermP"]
	"Term556" -> "TermP562"
	"e563" [label="e"]
	"TermP562" -> "e563"
	"ExpressionP564" [label="ExpressionP"]
	"ExpressionP554" -> "ExpressionP564"
	"e565" [label="e"]
	"ExpressionP564" -> "e565"
	"]566" [label="]",style=filled,fillcolor=powderblue]
	"Alpha542" -> "]566"
	"FactorP567" [label="FactorP"]
	"Factor541" -> "FactorP567"
	"e568" [label="e"]
	"FactorP567" -> "e568"
	"TermP569" [label="TermP"]
	"Term540" -> "TermP569"
	"e570" [label="e"]
	"TermP569" -> "e570"
	"ExpressionP571" [label="ExpressionP"]
	"ExpressionP538" -> "ExpressionP571"
	"e572" [label="e"]
	"ExpressionP571" -> "e572"
	"unknown_nonterm573" [label="unknown_nonterm"]
	"unknown_nonterm511" -> "unknown_nonterm573"
	"Statement574" [label="Statement"]
	"unknown_nonterm573" -> "Statement574"
	"Assignment575" [label="Assignment"]
	"Statement574" -> "Assignment575"
	"m576" [label="m",style=filled,fillcolor=powderblue]
	"Assignment575" -> "m576"
	"[577" [label="[",style=filled,fillcolor=powderblue]
	"Assignment575" -> "[577"
	"Expression578" [label="Expression"]
	"Assignment575" -> "Expression578"
	"Term579" [label="Term"]
	"Expression578" -> "Term579"
	"Factor580" [label="Factor"]
	"Term579" -> "Factor580"
	"Alpha581" [label="Alpha"]
	"Factor580" -> "Alpha581"
	"num582" [label="num",style=filled,fillcolor=powderblue]
	"Alpha581" -> "num582"
	"FactorP583" [label="FactorP"]
	"Factor580" -> "FactorP583"
	"e584" [label="e"]
	"FactorP583" -> "e584"
	"TermP585" [label="TermP"]
	"Term579" -> "TermP585"
	"e586" [label="e"]
	"TermP585" -> "e586"
	"ExpressionP587" [label="ExpressionP"]
	"Expression578" -> "ExpressionP587"
	"e588" [label="e"]
	"ExpressionP587" -> "e588"
	"]589" [label="]",style=filled,fillcolor=powderblue]
	"Assignment575" -> "]589"
	"=590" [label="=",style=filled,fillcolor=powderblue]
	"Assignment575" -> "=590"
	"Expression591" [label="Expression"]
	"Assignment575" -> "Expression591"
	"Term592" [label="Term"]
	"Expression591" -> "Term592"
	"Factor593" [label="Factor"]
	"Term592" -> "Factor593"
	"Alpha594" [label="Alpha"]
	"Factor593" -> "Alpha594"
	"num595" [label="num",style=filled,fillcolor=powderblue]
	"Alpha594" -> "num595"
	"FactorP596" [label="FactorP"]
	"Factor593" -> "FactorP596"
	"e597" [label="e"]
	"FactorP596" -> "e597"
	"TermP598" [label="TermP"]
	"Term592" -> "TermP598"
	"e599" [label="e"]
	"TermP598" -> "e599"
	"ExpressionP600" [label="ExpressionP"]
	"Expression591" -> "ExpressionP600"
	"-601" [label="-",style=filled,fillcolor=powderblue]
	"ExpressionP600" -> "-601"
	"Term602" [label="Term"]
	"ExpressionP600" -> "Term602"
	"Factor603" [label="Factor"]
	"Term602" -> "Factor603"
	"Alpha604" [label="Alpha"]
	"Factor603" -> "Alpha604"
	"(605" [label="(",style=filled,fillcolor=powderblue]
	"Alpha604" -> "(605"
	"Expression606" [label="Expression"]
	"Alpha604" -> "Expression606"
	"Term607" [label="Term"]
	"Expression606" -> "Term607"
	"Factor608" [label="Factor"]
	"Term607" -> "Factor608"
	"Alpha609" [label="Alpha"]
	"Factor608" -> "Alpha609"
	"num610" [label="num",style=filled,fillcolor=powderblue]
	"Alpha609" -> "num610"
	"FactorP611" [label="FactorP"]
	"Factor608" -> "FactorP611"
	"e612" [label="e"]
	"FactorP611" -> "e612"
	"TermP613" [label="TermP"]
	"Term607" -> "TermP613"
	"e614" [label="e"]
	"TermP613" -> "e614"
	"ExpressionP615" [label="ExpressionP"]
	"Expression606" -> "ExpressionP615"
	"-616" [label="-",style=filled,fillcolor=powderblue]
	"ExpressionP615" -> "-616"
	"Term617" [label="Term"]
	"ExpressionP615" -> "Term617"
	"Factor618" [label="Factor"]
	"Term617" -> "Factor618"
	"Alpha619" [label="Alpha"]
	"Factor618" -> "Alpha619"
	"num620" [label="num",style=filled,fillcolor=powderblue]
	"Alpha619" -> "num620"
	"FactorP621" [label="FactorP"]
	"Factor618" -> "FactorP621"
	"e622" [label="e"]
	"FactorP621" -> "e622"
	"TermP623" [label="TermP"]
	"Term617" -> "TermP623"
	"e624" [label="e"]
	"TermP623" -> "e624"
	"ExpressionP625" [label="ExpressionP"]
	"ExpressionP615" -> "ExpressionP625"
	"e626" [label="e"]
	"ExpressionP625" -> "e626"
	")627" [label=")",style=filled,fillcolor=powderblue]
	"Alpha604" -> ")627"
	"FactorP628" [label="FactorP"]
	"Factor603" -> "FactorP628"
	"e629" [label="e"]
	"FactorP628" -> "e629"
	"TermP630" [label="TermP"]
	"Term602" -> "TermP630"
	"e631" [label="e"]
	"TermP630" -> "e631"
	"ExpressionP632" [label="ExpressionP"]
	"ExpressionP600" -> "ExpressionP632"
	"e633" [label="e"]
	"ExpressionP632" -> "e633"
	"unknown_nonterm634" [label="unknown_nonterm"]
	"unknown_nonterm573" -> "unknown_nonterm634"
	"Statement635" [label="Statement"]
	"unknown_nonterm634" -> "Statement635"
	"Assignment636" [label="Assignment"]
	"Statement635" -> "Assignment636"
	"m637" [label="m",style=filled,fillcolor=powderblue]
	"Assignment636" -> "m637"
	"[638" [label="[",style=filled,fillcolor=powderblue]
	"Assignment636" -> "[638"
	"Expression639" [label="Expression"]
	"Assignment636" -> "Expression639"
	"Term640" [label="Term"]
	"Expression639" -> "Term640"
	"Factor641" [label="Factor"]
	"Term640" -> "Factor641"
	"Alpha642" [label="Alpha"]
	"Factor641" -> "Alpha642"
	"num643" [label="num",style=filled,fillcolor=powderblue]
	"Alpha642" -> "num643"
	"FactorP644" [label="FactorP"]
	"Factor641" -> "FactorP644"
	"e645" [label="e"]
	"FactorP644" -> "e645"
	"TermP646" [label="TermP"]
	"Term640" -> "TermP646"
	"e647" [label="e"]
	"TermP646" -> "e647"
	"ExpressionP648" [label="ExpressionP"]
	"Expression639" -> "ExpressionP648"
	"e649" [label="e"]
	"ExpressionP648" -> "e649"
	"]650" [label="]",style=filled,fillcolor=powderblue]
	"Assignment636" -> "]650"
	"=651" [label="=",style=filled,fillcolor=powderblue]
	"Assignment636" -> "=651"
	"Expression652" [label="Expression"]
	"Assignment636" -> "Expression652"
	"Term653" [label="Term"]
	"Expression652" -> "Term653"
	"Factor654" [label="Factor"]
	"Term653" -> "Factor654"
	"Alpha655" [label="Alpha"]
	"Factor654" -> "Alpha655"
	"num656" [label="num",style=filled,fillcolor=powderblue]
	"Alpha655" -> "num656"
	"FactorP657" [label="FactorP"]
	"Factor654" -> "FactorP657"
	"e658" [label="e"]
	"FactorP657" -> "e658"
	"TermP659" [label="TermP"]
	"Term653" -> "TermP659"
	"e660" [label="e"]
	"TermP659" -> "e660"
	"ExpressionP661" [label="ExpressionP"]
	"Expression652" -> "ExpressionP661"
	"-662" [label="-",style=filled,fillcolor=powderblue]
	"ExpressionP661" -> "-662"
	"Term663" [label="Term"]
	"ExpressionP661" -> "Term663"
	"Factor664" [label="Factor"]
	"Term663" -> "Factor664"
	"Alpha665" [label="Alpha"]
	"Factor664" -> "Alpha665"
	"m666" [label="m",style=filled,fillcolor=powderblue]
	"Alpha665" -> "m666"
	"[667" [label="[",style=filled,fillcolor=powderblue]
	"Alpha665" -> "[667"
	"Expression668" [label="Expression"]
	"Alpha665" -> "Expression668"
	"Term669" [label="Term"]
	"Expression668" -> "Term669"
	"Factor670" [label="Factor"]
	"Term669" -> "Factor670"
	"Alpha671" [label="Alpha"]
	"Factor670" -> "Alpha671"
	"(672" [label="(",style=filled,fillcolor=powderblue]
	"Alpha671" -> "(672"
	"Expression673" [label="Expression"]
	"Alpha671" -> "Expression673"
	"Term674" [label="Term"]
	"Expression673" -> "Term674"
	"Factor675" [label="Factor"]
	"Term674" -> "Factor675"
	"Alpha676" [label="Alpha"]
	"Factor675" -> "Alpha676"
scan error: unrecognized character '"' -line 13
