digraph G {
	"Start1" [label="Start"]
	"Statements2" [label="Statements"]
	"Start1" -> "Statements2"
	"Statement3" [label="Statement"]
	"Statements2" -> "Statement3"
	"Assignment4" [label="Assignment"]
	"Statement3" -> "Assignment4"
	"m5" [label="m",style=filled,fillcolor=powderblue]
	"Assignment4" -> "m5"
	"[6" [label="[",style=filled,fillcolor=powderblue]
	"Assignment4" -> "[6"
	"Expression7" [label="Expression"]
	"Assignment4" -> "Expression7"
	"Term8" [label="Term"]
	"Expression7" -> "Term8"
	"Factor9" [label="Factor"]
	"Term8" -> "Factor9"
	"Alpha10" [label="Alpha"]
	"Factor9" -> "Alpha10"
	"num11" [label="num",style=filled,fillcolor=powderblue]
	"Alpha10" -> "num11"
	"FactorP12" [label="FactorP"]
	"Factor9" -> "FactorP12"
	"e13" [label="e"]
	"FactorP12" -> "e13"
	"TermP14" [label="TermP"]
	"Term8" -> "TermP14"
	"e15" [label="e"]
	"TermP14" -> "e15"
	"ExpressionP16" [label="ExpressionP"]
	"Expression7" -> "ExpressionP16"
	"e17" [label="e"]
	"ExpressionP16" -> "e17"
	"]18" [label="]",style=filled,fillcolor=powderblue]
	"Assignment4" -> "]18"
	"=19" [label="=",style=filled,fillcolor=powderblue]
	"Assignment4" -> "=19"
	"Expression20" [label="Expression"]
	"Assignment4" -> "Expression20"
	"Term21" [label="Term"]
	"Expression20" -> "Term21"
	"Factor22" [label="Factor"]
	"Term21" -> "Factor22"
	"Alpha23" [label="Alpha"]
	"Factor22" -> "Alpha23"
	"num24" [label="num",style=filled,fillcolor=powderblue]
	"Alpha23" -> "num24"
	"FactorP25" [label="FactorP"]
	"Factor22" -> "FactorP25"
	"e26" [label="e"]
	"FactorP25" -> "e26"
	"TermP27" [label="TermP"]
	"Term21" -> "TermP27"
	"e28" [label="e"]
	"TermP27" -> "e28"
	"ExpressionP29" [label="ExpressionP"]
	"Expression20" -> "ExpressionP29"
	"+30" [label="+",style=filled,fillcolor=powderblue]
	"ExpressionP29" -> "+30"
	"Term31" [label="Term"]
	"ExpressionP29" -> "Term31"
	"Factor32" [label="Factor"]
	"Term31" -> "Factor32"
	"Alpha33" [label="Alpha"]
	"Factor32" -> "Alpha33"
	"num34" [label="num",style=filled,fillcolor=powderblue]
	"Alpha33" -> "num34"
	"FactorP35" [label="FactorP"]
	"Factor32" -> "FactorP35"
	"e36" [label="e"]
	"FactorP35" -> "e36"
	"TermP37" [label="TermP"]
	"Term31" -> "TermP37"
	"e38" [label="e"]
	"TermP37" -> "e38"
	"ExpressionP39" [label="ExpressionP"]
	"ExpressionP29" -> "ExpressionP39"
	"e40" [label="e"]
	"ExpressionP39" -> "e40"
	"unknown_nonterm41" [label="unknown_nonterm"]
	"Statements2" -> "unknown_nonterm41"
	"Statement42" [label="Statement"]
	"unknown_nonterm41" -> "Statement42"
	"Assignment43" [label="Assignment"]
	"Statement42" -> "Assignment43"
	"m44" [label="m",style=filled,fillcolor=powderblue]
	"Assignment43" -> "m44"
	"[45" [label="[",style=filled,fillcolor=powderblue]
	"Assignment43" -> "[45"
	"Expression46" [label="Expression"]
	"Assignment43" -> "Expression46"
	"Term47" [label="Term"]
	"Expression46" -> "Term47"
	"Factor48" [label="Factor"]
	"Term47" -> "Factor48"
	"Alpha49" [label="Alpha"]
	"Factor48" -> "Alpha49"
	"num50" [label="num",style=filled,fillcolor=powderblue]
	"Alpha49" -> "num50"
	"FactorP51" [label="FactorP"]
	"Factor48" -> "FactorP51"
	"e52" [label="e"]
	"FactorP51" -> "e52"
	"TermP53" [label="TermP"]
	"Term47" -> "TermP53"
	"e54" [label="e"]
	"TermP53" -> "e54"
	"ExpressionP55" [label="ExpressionP"]
	"Expression46" -> "ExpressionP55"
	"e56" [label="e"]
	"ExpressionP55" -> "e56"
	"]57" [label="]",style=filled,fillcolor=powderblue]
	"Assignment43" -> "]57"
	"=58" [label="=",style=filled,fillcolor=powderblue]
	"Assignment43" -> "=58"
	"Expression59" [label="Expression"]
	"Assignment43" -> "Expression59"
	"Term60" [label="Term"]
	"Expression59" -> "Term60"
	"Factor61" [label="Factor"]
	"Term60" -> "Factor61"
	"Alpha62" [label="Alpha"]
	"Factor61" -> "Alpha62"
	"num63" [label="num",style=filled,fillcolor=powderblue]
	"Alpha62" -> "num63"
	"FactorP64" [label="FactorP"]
	"Factor61" -> "FactorP64"
	"e65" [label="e"]
	"FactorP64" -> "e65"
	"TermP66" [label="TermP"]
	"Term60" -> "TermP66"
	"e67" [label="e"]
	"TermP66" -> "e67"
	"ExpressionP68" [label="ExpressionP"]
	"Expression59" -> "ExpressionP68"
	"-69" [label="-",style=filled,fillcolor=powderblue]
	"ExpressionP68" -> "-69"
	"Term70" [label="Term"]
	"ExpressionP68" -> "Term70"
	"Factor71" [label="Factor"]
	"Term70" -> "Factor71"
	"Alpha72" [label="Alpha"]
	"Factor71" -> "Alpha72"
	"(73" [label="(",style=filled,fillcolor=powderblue]
	"Alpha72" -> "(73"
	"Expression74" [label="Expression"]
	"Alpha72" -> "Expression74"
	"Term75" [label="Term"]
	"Expression74" -> "Term75"
	"Factor76" [label="Factor"]
	"Term75" -> "Factor76"
	"Alpha77" [label="Alpha"]
	"Factor76" -> "Alpha77"
	"m78" [label="m",style=filled,fillcolor=powderblue]
	"Alpha77" -> "m78"
	"[79" [label="[",style=filled,fillcolor=powderblue]
	"Alpha77" -> "[79"
	"Expression80" [label="Expression"]
	"Alpha77" -> "Expression80"
	"Term81" [label="Term"]
	"Expression80" -> "Term81"
	"Factor82" [label="Factor"]
	"Term81" -> "Factor82"
	"Alpha83" [label="Alpha"]
	"Factor82" -> "Alpha83"
	"num84" [label="num",style=filled,fillcolor=powderblue]
	"Alpha83" -> "num84"
	"FactorP85" [label="FactorP"]
	"Factor82" -> "FactorP85"
	"e86" [label="e"]
	"FactorP85" -> "e86"
	"TermP87" [label="TermP"]
	"Term81" -> "TermP87"
	"e88" [label="e"]
	"TermP87" -> "e88"
	"ExpressionP89" [label="ExpressionP"]
	"Expression80" -> "ExpressionP89"
	"e90" [label="e"]
	"ExpressionP89" -> "e90"
	"]91" [label="]",style=filled,fillcolor=powderblue]
	"Alpha77" -> "]91"
	"FactorP92" [label="FactorP"]
	"Factor76" -> "FactorP92"
	"e93" [label="e"]
	"FactorP92" -> "e93"
	"TermP94" [label="TermP"]
	"Term75" -> "TermP94"
	"e95" [label="e"]
	"TermP94" -> "e95"
	"ExpressionP96" [label="ExpressionP"]
	"Expression74" -> "ExpressionP96"
	"-97" [label="-",style=filled,fillcolor=powderblue]
	"ExpressionP96" -> "-97"
	"Term98" [label="Term"]
	"ExpressionP96" -> "Term98"
	"Factor99" [label="Factor"]
	"Term98" -> "Factor99"
	"Alpha100" [label="Alpha"]
	"Factor99" -> "Alpha100"
	"num101" [label="num",style=filled,fillcolor=powderblue]
	"Alpha100" -> "num101"
	"FactorP102" [label="FactorP"]
	"Factor99" -> "FactorP102"
	"e103" [label="e"]
	"FactorP102" -> "e103"
	"TermP104" [label="TermP"]
	"Term98" -> "TermP104"
	"e105" [label="e"]
	"TermP104" -> "e105"
	"ExpressionP106" [label="ExpressionP"]
	"ExpressionP96" -> "ExpressionP106"
	"e107" [label="e"]
	"ExpressionP106" -> "e107"
	")108" [label=")",style=filled,fillcolor=powderblue]
	"Alpha72" -> ")108"
	"FactorP109" [label="FactorP"]
	"Factor71" -> "FactorP109"
	"e110" [label="e"]
	"FactorP109" -> "e110"
	"TermP111" [label="TermP"]
	"Term70" -> "TermP111"
	"e112" [label="e"]
	"TermP111" -> "e112"
	"ExpressionP113" [label="ExpressionP"]
	"ExpressionP68" -> "ExpressionP113"
	"e114" [label="e"]
	"ExpressionP113" -> "e114"
	"unknown_nonterm115" [label="unknown_nonterm"]
	"unknown_nonterm41" -> "unknown_nonterm115"
	"Statement116" [label="Statement"]
	"unknown_nonterm115" -> "Statement116"
	"Assignment117" [label="Assignment"]
	"Statement116" -> "Assignment117"
	"m118" [label="m",style=filled,fillcolor=powderblue]
	"Assignment117" -> "m118"
	"[119" [label="[",style=filled,fillcolor=powderblue]
	"Assignment117" -> "[119"
	"Expression120" [label="Expression"]
	"Assignment117" -> "Expression120"
	"Term121" [label="Term"]
	"Expression120" -> "Term121"
	"Factor122" [label="Factor"]
	"Term121" -> "Factor122"
	"Alpha123" [label="Alpha"]
	"Factor122" -> "Alpha123"
	"num124" [label="num",style=filled,fillcolor=powderblue]
	"Alpha123" -> "num124"
	"FactorP125" [label="FactorP"]
	"Factor122" -> "FactorP125"
	"e126" [label="e"]
	"FactorP125" -> "e126"
	"TermP127" [label="TermP"]
	"Term121" -> "TermP127"
	"e128" [label="e"]
	"TermP127" -> "e128"
	"ExpressionP129" [label="ExpressionP"]
	"Expression120" -> "ExpressionP129"
	"e130" [label="e"]
	"ExpressionP129" -> "e130"
	"]131" [label="]",style=filled,fillcolor=powderblue]
	"Assignment117" -> "]131"
	"=132" [label="=",style=filled,fillcolor=powderblue]
	"Assignment117" -> "=132"
	"Expression133" [label="Expression"]
	"Assignment117" -> "Expression133"
	"Term134" [label="Term"]
	"Expression133" -> "Term134"
	"Factor135" [label="Factor"]
	"Term134" -> "Factor135"
	"Alpha136" [label="Alpha"]
	"Factor135" -> "Alpha136"
	"num137" [label="num",style=filled,fillcolor=powderblue]
	"Alpha136" -> "num137"
	"FactorP138" [label="FactorP"]
	"Factor135" -> "FactorP138"
	"e139" [label="e"]
	"FactorP138" -> "e139"
	"TermP140" [label="TermP"]
	"Term134" -> "TermP140"
	"e141" [label="e"]
	"TermP140" -> "e141"
	"ExpressionP142" [label="ExpressionP"]
	"Expression133" -> "ExpressionP142"
	"+143" [label="+",style=filled,fillcolor=powderblue]
	"ExpressionP142" -> "+143"
	"Term144" [label="Term"]
	"ExpressionP142" -> "Term144"
	"Factor145" [label="Factor"]
	"Term144" -> "Factor145"
	"Alpha146" [label="Alpha"]
	"Factor145" -> "Alpha146"
	"m147" [label="m",style=filled,fillcolor=powderblue]
	"Alpha146" -> "m147"
	"[148" [label="[",style=filled,fillcolor=powderblue]
	"Alpha146" -> "[148"
	"Expression149" [label="Expression"]
	"Alpha146" -> "Expression149"
	"Term150" [label="Term"]
	"Expression149" -> "Term150"
	"Factor151" [label="Factor"]
	"Term150" -> "Factor151"
	"Alpha152" [label="Alpha"]
	"Factor151" -> "Alpha152"
	"num153" [label="num",style=filled,fillcolor=powderblue]
	"Alpha152" -> "num153"
	"FactorP154" [label="FactorP"]
	"Factor151" -> "FactorP154"
	"e155" [label="e"]
	"FactorP154" -> "e155"
	"TermP156" [label="TermP"]
	"Term150" -> "TermP156"
	"e157" [label="e"]
	"TermP156" -> "e157"
	"ExpressionP158" [label="ExpressionP"]
	"Expression149" -> "ExpressionP158"
	"e159" [label="e"]
	"ExpressionP158" -> "e159"
	"]160" [label="]",style=filled,fillcolor=powderblue]
	"Alpha146" -> "]160"
	"FactorP161" [label="FactorP"]
	"Factor145" -> "FactorP161"
	"e162" [label="e"]
	"FactorP161" -> "e162"
	"TermP163" [label="TermP"]
	"Term144" -> "TermP163"
	"e164" [label="e"]
	"TermP163" -> "e164"
	"ExpressionP165" [label="ExpressionP"]
	"ExpressionP142" -> "ExpressionP165"
	"e166" [label="e"]
	"ExpressionP165" -> "e166"
	"unknown_nonterm167" [label="unknown_nonterm"]
	"unknown_nonterm115" -> "unknown_nonterm167"
	"Statement168" [label="Statement"]
	"unknown_nonterm167" -> "Statement168"
	"Assignment169" [label="Assignment"]
	"Statement168" -> "Assignment169"
	"m170" [label="m",style=filled,fillcolor=powderblue]
	"Assignment169" -> "m170"
	"[171" [label="[",style=filled,fillcolor=powderblue]
	"Assignment169" -> "[171"
	"Expression172" [label="Expression"]
	"Assignment169" -> "Expression172"
	"Term173" [label="Term"]
	"Expression172" -> "Term173"
	"Factor174" [label="Factor"]
	"Term173" -> "Factor174"
	"Alpha175" [label="Alpha"]
	"Factor174" -> "Alpha175"
	"num176" [label="num",style=filled,fillcolor=powderblue]
	"Alpha175" -> "num176"
	"FactorP177" [label="FactorP"]
	"Factor174" -> "FactorP177"
	"e178" [label="e"]
	"FactorP177" -> "e178"
	"TermP179" [label="TermP"]
	"Term173" -> "TermP179"
	"e180" [label="e"]
	"TermP179" -> "e180"
	"ExpressionP181" [label="ExpressionP"]
	"Expression172" -> "ExpressionP181"
	"e182" [label="e"]
	"ExpressionP181" -> "e182"
	"]183" [label="]",style=filled,fillcolor=powderblue]
	"Assignment169" -> "]183"
	"=184" [label="=",style=filled,fillcolor=powderblue]
	"Assignment169" -> "=184"
	"Expression185" [label="Expression"]
	"Assignment169" -> "Expression185"
	"Term186" [label="Term"]
	"Expression185" -> "Term186"
	"Factor187" [label="Factor"]
	"Term186" -> "Factor187"
	"Alpha188" [label="Alpha"]
	"Factor187" -> "Alpha188"
	"num189" [label="num",style=filled,fillcolor=powderblue]
	"Alpha188" -> "num189"
	"FactorP190" [label="FactorP"]
	"Factor187" -> "FactorP190"
	"e191" [label="e"]
	"FactorP190" -> "e191"
	"TermP192" [label="TermP"]
	"Term186" -> "TermP192"
	"e193" [label="e"]
	"TermP192" -> "e193"
	"ExpressionP194" [label="ExpressionP"]
	"Expression185" -> "ExpressionP194"
	"-195" [label="-",style=filled,fillcolor=powderblue]
	"ExpressionP194" -> "-195"
	"Term196" [label="Term"]
	"ExpressionP194" -> "Term196"
	"Factor197" [label="Factor"]
	"Term196" -> "Factor197"
	"Alpha198" [label="Alpha"]
	"Factor197" -> "Alpha198"
	"m199" [label="m",style=filled,fillcolor=powderblue]
	"Alpha198" -> "m199"
	"[200" [label="[",style=filled,fillcolor=powderblue]
	"Alpha198" -> "[200"
	"Expression201" [label="Expression"]
	"Alpha198" -> "Expression201"
	"Term202" [label="Term"]
	"Expression201" -> "Term202"
	"Factor203" [label="Factor"]
	"Term202" -> "Factor203"
	"Alpha204" [label="Alpha"]
	"Factor203" -> "Alpha204"
	"num205" [label="num",style=filled,fillcolor=powderblue]
	"Alpha204" -> "num205"
	"FactorP206" [label="FactorP"]
	"Factor203" -> "FactorP206"
	"**207" [label="**",style=filled,fillcolor=powderblue]
	"FactorP206" -> "**207"
	"Alpha208" [label="Alpha"]
	"FactorP206" -> "Alpha208"
	"num209" [label="num",style=filled,fillcolor=powderblue]
	"Alpha208" -> "num209"
	"FactorP210" [label="FactorP"]
	"FactorP206" -> "FactorP210"
	"e211" [label="e"]
	"FactorP210" -> "e211"
	"TermP212" [label="TermP"]
	"Term202" -> "TermP212"
	"*213" [label="*",style=filled,fillcolor=powderblue]
	"TermP212" -> "*213"
	"Factor214" [label="Factor"]
	"TermP212" -> "Factor214"
	"Alpha215" [label="Alpha"]
	"Factor214" -> "Alpha215"
	"num216" [label="num",style=filled,fillcolor=powderblue]
	"Alpha215" -> "num216"
	"FactorP217" [label="FactorP"]
	"Factor214" -> "FactorP217"
	"e218" [label="e"]
	"FactorP217" -> "e218"
	"TermP219" [label="TermP"]
	"TermP212" -> "TermP219"
	"e220" [label="e"]
	"TermP219" -> "e220"
	"ExpressionP221" [label="ExpressionP"]
	"Expression201" -> "ExpressionP221"
	"-222" [label="-",style=filled,fillcolor=powderblue]
	"ExpressionP221" -> "-222"
	"Term223" [label="Term"]
	"ExpressionP221" -> "Term223"
	"Factor224" [label="Factor"]
	"Term223" -> "Factor224"
	"Alpha225" [label="Alpha"]
	"Factor224" -> "Alpha225"
	"num226" [label="num",style=filled,fillcolor=powderblue]
	"Alpha225" -> "num226"
	"FactorP227" [label="FactorP"]
	"Factor224" -> "FactorP227"
	"e228" [label="e"]
	"FactorP227" -> "e228"
	"TermP229" [label="TermP"]
	"Term223" -> "TermP229"
	"e230" [label="e"]
	"TermP229" -> "e230"
	"ExpressionP231" [label="ExpressionP"]
	"ExpressionP221" -> "ExpressionP231"
	"e232" [label="e"]
	"ExpressionP231" -> "e232"
	"]233" [label="]",style=filled,fillcolor=powderblue]
	"Alpha198" -> "]233"
	"FactorP234" [label="FactorP"]
	"Factor197" -> "FactorP234"
	"e235" [label="e"]
	"FactorP234" -> "e235"
	"TermP236" [label="TermP"]
	"Term196" -> "TermP236"
	"e237" [label="e"]
	"TermP236" -> "e237"
	"ExpressionP238" [label="ExpressionP"]
	"ExpressionP194" -> "ExpressionP238"
	"-239" [label="-",style=filled,fillcolor=powderblue]
	"ExpressionP238" -> "-239"
	"Term240" [label="Term"]
	"ExpressionP238" -> "Term240"
	"Factor241" [label="Factor"]
	"Term240" -> "Factor241"
	"Alpha242" [label="Alpha"]
	"Factor241" -> "Alpha242"
	"num243" [label="num",style=filled,fillcolor=powderblue]
	"Alpha242" -> "num243"
	"FactorP244" [label="FactorP"]
	"Factor241" -> "FactorP244"
	"e245" [label="e"]
	"FactorP244" -> "e245"
	"TermP246" [label="TermP"]
	"Term240" -> "TermP246"
	"e247" [label="e"]
	"TermP246" -> "e247"
	"ExpressionP248" [label="ExpressionP"]
	"ExpressionP238" -> "ExpressionP248"
	"e249" [label="e"]
	"ExpressionP248" -> "e249"
	"unknown_nonterm250" [label="unknown_nonterm"]
	"unknown_nonterm167" -> "unknown_nonterm250"
	"Statement251" [label="Statement"]
	"unknown_nonterm250" -> "Statement251"
	"Label252" [label="Label"]
	"Statement251" -> "Label252"
	"L253" [label="L",style=filled,fillcolor=powderblue]
	"Label252" -> "L253"
	"num254" [label="num",style=filled,fillcolor=powderblue]
	"Label252" -> "num254"
	":255" [label=":",style=filled,fillcolor=powderblue]
	"Label252" -> ":255"
	"unknown_nonterm256" [label="unknown_nonterm"]
	"unknown_nonterm250" -> "unknown_nonterm256"
	"Statement257" [label="Statement"]
	"unknown_nonterm256" -> "Statement257"
	"Assignment258" [label="Assignment"]
	"Statement257" -> "Assignment258"
	"m259" [label="m",style=filled,fillcolor=powderblue]
	"Assignment258" -> "m259"
	"[260" [label="[",style=filled,fillcolor=powderblue]
	"Assignment258" -> "[260"
	"Expression261" [label="Expression"]
	"Assignment258" -> "Expression261"
	"Term262" [label="Term"]
	"Expression261" -> "Term262"
	"Factor263" [label="Factor"]
	"Term262" -> "Factor263"
	"Alpha264" [label="Alpha"]
	"Factor263" -> "Alpha264"
	"num265" [label="num",style=filled,fillcolor=powderblue]
	"Alpha264" -> "num265"
	"FactorP266" [label="FactorP"]
	"Factor263" -> "FactorP266"
	"e267" [label="e"]
	"FactorP266" -> "e267"
	"TermP268" [label="TermP"]
	"Term262" -> "TermP268"
	"e269" [label="e"]
	"TermP268" -> "e269"
	"ExpressionP270" [label="ExpressionP"]
	"Expression261" -> "ExpressionP270"
	"e271" [label="e"]
	"ExpressionP270" -> "e271"
	"]272" [label="]",style=filled,fillcolor=powderblue]
	"Assignment258" -> "]272"
	"=273" [label="=",style=filled,fillcolor=powderblue]
	"Assignment258" -> "=273"
	"Expression274" [label="Expression"]
	"Assignment258" -> "Expression274"
	"Term275" [label="Term"]
	"Expression274" -> "Term275"
	"Factor276" [label="Factor"]
	"Term275" -> "Factor276"
	"Alpha277" [label="Alpha"]
	"Factor276" -> "Alpha277"
	"num278" [label="num",style=filled,fillcolor=powderblue]
	"Alpha277" -> "num278"
	"FactorP279" [label="FactorP"]
	"Factor276" -> "FactorP279"
	"e280" [label="e"]
	"FactorP279" -> "e280"
	"TermP281" [label="TermP"]
	"Term275" -> "TermP281"
	"e282" [label="e"]
	"TermP281" -> "e282"
	"ExpressionP283" [label="ExpressionP"]
	"Expression274" -> "ExpressionP283"
	"-284" [label="-",style=filled,fillcolor=powderblue]
	"ExpressionP283" -> "-284"
	"Term285" [label="Term"]
	"ExpressionP283" -> "Term285"
	"Factor286" [label="Factor"]
	"Term285" -> "Factor286"
	"Alpha287" [label="Alpha"]
	"Factor286" -> "Alpha287"
	"(288" [label="(",style=filled,fillcolor=powderblue]
	"Alpha287" -> "(288"
	"Expression289" [label="Expression"]
	"Alpha287" -> "Expression289"
	"Term290" [label="Term"]
	"Expression289" -> "Term290"
	"Factor291" [label="Factor"]
	"Term290" -> "Factor291"
	"Alpha292" [label="Alpha"]
	"Factor291" -> "Alpha292"
	"m293" [label="m",style=filled,fillcolor=powderblue]
	"Alpha292" -> "m293"
	"[294" [label="[",style=filled,fillcolor=powderblue]
	"Alpha292" -> "[294"
	"Expression295" [label="Expression"]
	"Alpha292" -> "Expression295"
	"Term296" [label="Term"]
	"Expression295" -> "Term296"
	"Factor297" [label="Factor"]
	"Term296" -> "Factor297"
	"Alpha298" [label="Alpha"]
	"Factor297" -> "Alpha298"
	"num299" [label="num",style=filled,fillcolor=powderblue]
	"Alpha298" -> "num299"
	"FactorP300" [label="FactorP"]
	"Factor297" -> "FactorP300"
	"e301" [label="e"]
	"FactorP300" -> "e301"
	"TermP302" [label="TermP"]
	"Term296" -> "TermP302"
	"e303" [label="e"]
	"TermP302" -> "e303"
	"ExpressionP304" [label="ExpressionP"]
	"Expression295" -> "ExpressionP304"
	"e305" [label="e"]
	"ExpressionP304" -> "e305"
	"]306" [label="]",style=filled,fillcolor=powderblue]
	"Alpha292" -> "]306"
	"FactorP307" [label="FactorP"]
	"Factor291" -> "FactorP307"
	"e308" [label="e"]
	"FactorP307" -> "e308"
	"TermP309" [label="TermP"]
	"Term290" -> "TermP309"
	"e310" [label="e"]
	"TermP309" -> "e310"
	"ExpressionP311" [label="ExpressionP"]
	"Expression289" -> "ExpressionP311"
	"-312" [label="-",style=filled,fillcolor=powderblue]
	"ExpressionP311" -> "-312"
	"Term313" [label="Term"]
	"ExpressionP311" -> "Term313"
	"Factor314" [label="Factor"]
	"Term313" -> "Factor314"
	"Alpha315" [label="Alpha"]
	"Factor314" -> "Alpha315"
	"num316" [label="num",style=filled,fillcolor=powderblue]
	"Alpha315" -> "num316"
	"FactorP317" [label="FactorP"]
	"Factor314" -> "FactorP317"
	"e318" [label="e"]
	"FactorP317" -> "e318"
	"TermP319" [label="TermP"]
	"Term313" -> "TermP319"
	"e320" [label="e"]
	"TermP319" -> "e320"
	"ExpressionP321" [label="ExpressionP"]
	"ExpressionP311" -> "ExpressionP321"
	"e322" [label="e"]
	"ExpressionP321" -> "e322"
	")323" [label=")",style=filled,fillcolor=powderblue]
	"Alpha287" -> ")323"
	"FactorP324" [label="FactorP"]
	"Factor286" -> "FactorP324"
	"e325" [label="e"]
	"FactorP324" -> "e325"
	"TermP326" [label="TermP"]
	"Term285" -> "TermP326"
	"e327" [label="e"]
	"TermP326" -> "e327"
	"ExpressionP328" [label="ExpressionP"]
	"ExpressionP283" -> "ExpressionP328"
	"e329" [label="e"]
	"ExpressionP328" -> "e329"
	"unknown_nonterm330" [label="unknown_nonterm"]
	"unknown_nonterm256" -> "unknown_nonterm330"
	"Statement331" [label="Statement"]
	"unknown_nonterm330" -> "Statement331"
	"Assignment332" [label="Assignment"]
	"Statement331" -> "Assignment332"
	"m333" [label="m",style=filled,fillcolor=powderblue]
	"Assignment332" -> "m333"
	"[334" [label="[",style=filled,fillcolor=powderblue]
	"Assignment332" -> "[334"
	"Expression335" [label="Expression"]
	"Assignment332" -> "Expression335"
	"Term336" [label="Term"]
	"Expression335" -> "Term336"
	"Factor337" [label="Factor"]
	"Term336" -> "Factor337"
	"Alpha338" [label="Alpha"]
	"Factor337" -> "Alpha338"
	"num339" [label="num",style=filled,fillcolor=powderblue]
	"Alpha338" -> "num339"
	"FactorP340" [label="FactorP"]
	"Factor337" -> "FactorP340"
	"e341" [label="e"]
	"FactorP340" -> "e341"
	"TermP342" [label="TermP"]
	"Term336" -> "TermP342"
	"e343" [label="e"]
	"TermP342" -> "e343"
	"ExpressionP344" [label="ExpressionP"]
	"Expression335" -> "ExpressionP344"
	"e345" [label="e"]
	"ExpressionP344" -> "e345"
	"]346" [label="]",style=filled,fillcolor=powderblue]
	"Assignment332" -> "]346"
	"=347" [label="=",style=filled,fillcolor=powderblue]
	"Assignment332" -> "=347"
	"Expression348" [label="Expression"]
	"Assignment332" -> "Expression348"
	"Term349" [label="Term"]
	"Expression348" -> "Term349"
	"Factor350" [label="Factor"]
	"Term349" -> "Factor350"
	"Alpha351" [label="Alpha"]
	"Factor350" -> "Alpha351"
	"num352" [label="num",style=filled,fillcolor=powderblue]
	"Alpha351" -> "num352"
	"FactorP353" [label="FactorP"]
	"Factor350" -> "FactorP353"
	"e354" [label="e"]
	"FactorP353" -> "e354"
	"TermP355" [label="TermP"]
	"Term349" -> "TermP355"
	"/356" [label="/",style=filled,fillcolor=powderblue]
	"TermP355" -> "/356"
	"Factor357" [label="Factor"]
	"TermP355" -> "Factor357"
	"Alpha358" [label="Alpha"]
	"Factor357" -> "Alpha358"
	"num359" [label="num",style=filled,fillcolor=powderblue]
	"Alpha358" -> "num359"
	"FactorP360" [label="FactorP"]
	"Factor357" -> "FactorP360"
	"e361" [label="e"]
	"FactorP360" -> "e361"
	"TermP362" [label="TermP"]
	"TermP355" -> "TermP362"
	"*363" [label="*",style=filled,fillcolor=powderblue]
	"TermP362" -> "*363"
	"Factor364" [label="Factor"]
	"TermP362" -> "Factor364"
	"Alpha365" [label="Alpha"]
	"Factor364" -> "Alpha365"
	"num366" [label="num",style=filled,fillcolor=powderblue]
	"Alpha365" -> "num366"
	"FactorP367" [label="FactorP"]
	"Factor364" -> "FactorP367"
	"e368" [label="e"]
	"FactorP367" -> "e368"
	"TermP369" [label="TermP"]
	"TermP362" -> "TermP369"
	"e370" [label="e"]
	"TermP369" -> "e370"
	"ExpressionP371" [label="ExpressionP"]
	"Expression348" -> "ExpressionP371"
	"e372" [label="e"]
	"ExpressionP371" -> "e372"
	"unknown_nonterm373" [label="unknown_nonterm"]
	"unknown_nonterm330" -> "unknown_nonterm373"
	"Statement374" [label="Statement"]
	"unknown_nonterm373" -> "Statement374"
	"Assignment375" [label="Assignment"]
	"Statement374" -> "Assignment375"
	"m376" [label="m",style=filled,fillcolor=powderblue]
	"Assignment375" -> "m376"
	"[377" [label="[",style=filled,fillcolor=powderblue]
	"Assignment375" -> "[377"
	"Expression378" [label="Expression"]
	"Assignment375" -> "Expression378"
	"Term379" [label="Term"]
	"Expression378" -> "Term379"
	"Factor380" [label="Factor"]
	"Term379" -> "Factor380"
	"Alpha381" [label="Alpha"]
	"Factor380" -> "Alpha381"
	"num382" [label="num",style=filled,fillcolor=powderblue]
	"Alpha381" -> "num382"
	"FactorP383" [label="FactorP"]
	"Factor380" -> "FactorP383"
	"e384" [label="e"]
	"FactorP383" -> "e384"
	"TermP385" [label="TermP"]
	"Term379" -> "TermP385"
	"e386" [label="e"]
	"TermP385" -> "e386"
	"ExpressionP387" [label="ExpressionP"]
	"Expression378" -> "ExpressionP387"
	"e388" [label="e"]
	"ExpressionP387" -> "e388"
	"]389" [label="]",style=filled,fillcolor=powderblue]
	"Assignment375" -> "]389"
	"=390" [label="=",style=filled,fillcolor=powderblue]
	"Assignment375" -> "=390"
	"Expression391" [label="Expression"]
	"Assignment375" -> "Expression391"
	"Term392" [label="Term"]
	"Expression391" -> "Term392"
	"Factor393" [label="Factor"]
	"Term392" -> "Factor393"
	"Alpha394" [label="Alpha"]
	"Factor393" -> "Alpha394"
	"num395" [label="num",style=filled,fillcolor=powderblue]
	"Alpha394" -> "num395"
	"FactorP396" [label="FactorP"]
	"Factor393" -> "FactorP396"
	"e397" [label="e"]
	"FactorP396" -> "e397"
	"TermP398" [label="TermP"]
	"Term392" -> "TermP398"
	"/399" [label="/",style=filled,fillcolor=powderblue]
	"TermP398" -> "/399"
	"Factor400" [label="Factor"]
	"TermP398" -> "Factor400"
	"Alpha401" [label="Alpha"]
	"Factor400" -> "Alpha401"
	"num402" [label="num",style=filled,fillcolor=powderblue]
	"Alpha401" -> "num402"
	"FactorP403" [label="FactorP"]
	"Factor400" -> "FactorP403"
	"e404" [label="e"]
	"FactorP403" -> "e404"
	"TermP405" [label="TermP"]
	"TermP398" -> "TermP405"
	"*406" [label="*",style=filled,fillcolor=powderblue]
	"TermP405" -> "*406"
	"Factor407" [label="Factor"]
	"TermP405" -> "Factor407"
	"Alpha408" [label="Alpha"]
	"Factor407" -> "Alpha408"
	"num409" [label="num",style=filled,fillcolor=powderblue]
	"Alpha408" -> "num409"
	"FactorP410" [label="FactorP"]
	"Factor407" -> "FactorP410"
	"e411" [label="e"]
	"FactorP410" -> "e411"
	"TermP412" [label="TermP"]
	"TermP405" -> "TermP412"
	"e413" [label="e"]
	"TermP412" -> "e413"
	"ExpressionP414" [label="ExpressionP"]
	"Expression391" -> "ExpressionP414"
	"e415" [label="e"]
	"ExpressionP414" -> "e415"
	"unknown_nonterm416" [label="unknown_nonterm"]
	"unknown_nonterm373" -> "unknown_nonterm416"
	"Statement417" [label="Statement"]
	"unknown_nonterm416" -> "Statement417"
	"Jump418" [label="Jump"]
	"Statement417" -> "Jump418"
	"goto419" [label="goto",style=filled,fillcolor=powderblue]
	"Jump418" -> "goto419"
	"num420" [label="num",style=filled,fillcolor=powderblue]
	"Jump418" -> "num420"
	"unknown_nonterm421" [label="unknown_nonterm"]
	"unknown_nonterm416" -> "unknown_nonterm421"
	"Statement422" [label="Statement"]
	"unknown_nonterm421" -> "Statement422"
	"Assignment423" [label="Assignment"]
	"Statement422" -> "Assignment423"
	"m424" [label="m",style=filled,fillcolor=powderblue]
	"Assignment423" -> "m424"
	"[425" [label="[",style=filled,fillcolor=powderblue]
	"Assignment423" -> "[425"
	"Expression426" [label="Expression"]
	"Assignment423" -> "Expression426"
	"Term427" [label="Term"]
	"Expression426" -> "Term427"
	"Factor428" [label="Factor"]
	"Term427" -> "Factor428"
	"Alpha429" [label="Alpha"]
	"Factor428" -> "Alpha429"
	"num430" [label="num",style=filled,fillcolor=powderblue]
	"Alpha429" -> "num430"
	"FactorP431" [label="FactorP"]
	"Factor428" -> "FactorP431"
	"e432" [label="e"]
	"FactorP431" -> "e432"
	"TermP433" [label="TermP"]
	"Term427" -> "TermP433"
	"e434" [label="e"]
	"TermP433" -> "e434"
	"ExpressionP435" [label="ExpressionP"]
	"Expression426" -> "ExpressionP435"
	"e436" [label="e"]
	"ExpressionP435" -> "e436"
	"]437" [label="]",style=filled,fillcolor=powderblue]
	"Assignment423" -> "]437"
	"=438" [label="=",style=filled,fillcolor=powderblue]
	"Assignment423" -> "=438"
	"Expression439" [label="Expression"]
	"Assignment423" -> "Expression439"
	"Term440" [label="Term"]
	"Expression439" -> "Term440"
	"Factor441" [label="Factor"]
	"Term440" -> "Factor441"
	"Alpha442" [label="Alpha"]
	"Factor441" -> "Alpha442"
	"num443" [label="num",style=filled,fillcolor=powderblue]
	"Alpha442" -> "num443"
	"FactorP444" [label="FactorP"]
	"Factor441" -> "FactorP444"
	"e445" [label="e"]
	"FactorP444" -> "e445"
	"TermP446" [label="TermP"]
	"Term440" -> "TermP446"
	"e447" [label="e"]
	"TermP446" -> "e447"
	"ExpressionP448" [label="ExpressionP"]
	"Expression439" -> "ExpressionP448"
	"+449" [label="+",style=filled,fillcolor=powderblue]
	"ExpressionP448" -> "+449"
	"Term450" [label="Term"]
	"ExpressionP448" -> "Term450"
	"Factor451" [label="Factor"]
	"Term450" -> "Factor451"
	"Alpha452" [label="Alpha"]
	"Factor451" -> "Alpha452"
	"m453" [label="m",style=filled,fillcolor=powderblue]
	"Alpha452" -> "m453"
	"[454" [label="[",style=filled,fillcolor=powderblue]
	"Alpha452" -> "[454"
	"Expression455" [label="Expression"]
	"Alpha452" -> "Expression455"
	"Term456" [label="Term"]
	"Expression455" -> "Term456"
	"Factor457" [label="Factor"]
	"Term456" -> "Factor457"
	"Alpha458" [label="Alpha"]
	"Factor457" -> "Alpha458"
	"num459" [label="num",style=filled,fillcolor=powderblue]
	"Alpha458" -> "num459"
	"FactorP460" [label="FactorP"]
	"Factor457" -> "FactorP460"
	"e461" [label="e"]
	"FactorP460" -> "e461"
	"TermP462" [label="TermP"]
	"Term456" -> "TermP462"
	"e463" [label="e"]
	"TermP462" -> "e463"
	"ExpressionP464" [label="ExpressionP"]
	"Expression455" -> "ExpressionP464"
	"e465" [label="e"]
	"ExpressionP464" -> "e465"
	"]466" [label="]",style=filled,fillcolor=powderblue]
	"Alpha452" -> "]466"
	"FactorP467" [label="FactorP"]
	"Factor451" -> "FactorP467"
	"e468" [label="e"]
	"FactorP467" -> "e468"
	"TermP469" [label="TermP"]
	"Term450" -> "TermP469"
	"e470" [label="e"]
	"TermP469" -> "e470"
	"ExpressionP471" [label="ExpressionP"]
	"ExpressionP448" -> "ExpressionP471"
	"e472" [label="e"]
	"ExpressionP471" -> "e472"
	"unknown_nonterm473" [label="unknown_nonterm"]
	"unknown_nonterm421" -> "unknown_nonterm473"
	"Statement474" [label="Statement"]
	"unknown_nonterm473" -> "Statement474"
	"Assignment475" [label="Assignment"]
	"Statement474" -> "Assignment475"
	"m476" [label="m",style=filled,fillcolor=powderblue]
	"Assignment475" -> "m476"
	"[477" [label="[",style=filled,fillcolor=powderblue]
	"Assignment475" -> "[477"
	"Expression478" [label="Expression"]
	"Assignment475" -> "Expression478"
	"Term479" [label="Term"]
	"Expression478" -> "Term479"
	"Factor480" [label="Factor"]
	"Term479" -> "Factor480"
	"Alpha481" [label="Alpha"]
	"Factor480" -> "Alpha481"
	"num482" [label="num",style=filled,fillcolor=powderblue]
	"Alpha481" -> "num482"
	"FactorP483" [label="FactorP"]
	"Factor480" -> "FactorP483"
	"e484" [label="e"]
	"FactorP483" -> "e484"
	"TermP485" [label="TermP"]
	"Term479" -> "TermP485"
	"e486" [label="e"]
	"TermP485" -> "e486"
	"ExpressionP487" [label="ExpressionP"]
	"Expression478" -> "ExpressionP487"
	"e488" [label="e"]
	"ExpressionP487" -> "e488"
	"]489" [label="]",style=filled,fillcolor=powderblue]
	"Assignment475" -> "]489"
	"=490" [label="=",style=filled,fillcolor=powderblue]
	"Assignment475" -> "=490"
	"Expression491" [label="Expression"]
	"Assignment475" -> "Expression491"
	"Term492" [label="Term"]
	"Expression491" -> "Term492"
	"Factor493" [label="Factor"]
	"Term492" -> "Factor493"
	"Alpha494" [label="Alpha"]
	"Factor493" -> "Alpha494"
	"num495" [label="num",style=filled,fillcolor=powderblue]
	"Alpha494" -> "num495"
	"FactorP496" [label="FactorP"]
	"Factor493" -> "FactorP496"
	"e497" [label="e"]
	"FactorP496" -> "e497"
	"TermP498" [label="TermP"]
	"Term492" -> "TermP498"
	"e499" [label="e"]
	"TermP498" -> "e499"
	"ExpressionP500" [label="ExpressionP"]
	"Expression491" -> "ExpressionP500"
	"-501" [label="-",style=filled,fillcolor=powderblue]
	"ExpressionP500" -> "-501"
	"Term502" [label="Term"]
	"ExpressionP500" -> "Term502"
	"Factor503" [label="Factor"]
	"Term502" -> "Factor503"
	"Alpha504" [label="Alpha"]
	"Factor503" -> "Alpha504"
	"m505" [label="m",style=filled,fillcolor=powderblue]
	"Alpha504" -> "m505"
	"[506" [label="[",style=filled,fillcolor=powderblue]
	"Alpha504" -> "[506"
	"Expression507" [label="Expression"]
	"Alpha504" -> "Expression507"
	"Term508" [label="Term"]
	"Expression507" -> "Term508"
	"Factor509" [label="Factor"]
	"Term508" -> "Factor509"
	"Alpha510" [label="Alpha"]
	"Factor509" -> "Alpha510"
	"num511" [label="num",style=filled,fillcolor=powderblue]
	"Alpha510" -> "num511"
	"FactorP512" [label="FactorP"]
	"Factor509" -> "FactorP512"
	"**513" [label="**",style=filled,fillcolor=powderblue]
	"FactorP512" -> "**513"
	"Alpha514" [label="Alpha"]
	"FactorP512" -> "Alpha514"
	"num515" [label="num",style=filled,fillcolor=powderblue]
	"Alpha514" -> "num515"
	"FactorP516" [label="FactorP"]
	"FactorP512" -> "FactorP516"
	"e517" [label="e"]
	"FactorP516" -> "e517"
	"TermP518" [label="TermP"]
	"Term508" -> "TermP518"
	"*519" [label="*",style=filled,fillcolor=powderblue]
	"TermP518" -> "*519"
	"Factor520" [label="Factor"]
	"TermP518" -> "Factor520"
	"Alpha521" [label="Alpha"]
	"Factor520" -> "Alpha521"
	"num522" [label="num",style=filled,fillcolor=powderblue]
	"Alpha521" -> "num522"
	"FactorP523" [label="FactorP"]
	"Factor520" -> "FactorP523"
	"e524" [label="e"]
	"FactorP523" -> "e524"
	"TermP525" [label="TermP"]
	"TermP518" -> "TermP525"
	"e526" [label="e"]
	"TermP525" -> "e526"
	"ExpressionP527" [label="ExpressionP"]
	"Expression507" -> "ExpressionP527"
	"-528" [label="-",style=filled,fillcolor=powderblue]
	"ExpressionP527" -> "-528"
	"Term529" [label="Term"]
	"ExpressionP527" -> "Term529"
	"Factor530" [label="Factor"]
	"Term529" -> "Factor530"
	"Alpha531" [label="Alpha"]
	"Factor530" -> "Alpha531"
	"num532" [label="num",style=filled,fillcolor=powderblue]
	"Alpha531" -> "num532"
	"FactorP533" [label="FactorP"]
	"Factor530" -> "FactorP533"
	"e534" [label="e"]
	"FactorP533" -> "e534"
	"TermP535" [label="TermP"]
	"Term529" -> "TermP535"
	"e536" [label="e"]
	"TermP535" -> "e536"
	"ExpressionP537" [label="ExpressionP"]
	"ExpressionP527" -> "ExpressionP537"
	"e538" [label="e"]
	"ExpressionP537" -> "e538"
	"]539" [label="]",style=filled,fillcolor=powderblue]
	"Alpha504" -> "]539"
	"FactorP540" [label="FactorP"]
	"Factor503" -> "FactorP540"
	"e541" [label="e"]
	"FactorP540" -> "e541"
	"TermP542" [label="TermP"]
	"Term502" -> "TermP542"
	"e543" [label="e"]
	"TermP542" -> "e543"
	"ExpressionP544" [label="ExpressionP"]
	"ExpressionP500" -> "ExpressionP544"
	"-545" [label="-",style=filled,fillcolor=powderblue]
	"ExpressionP544" -> "-545"
	"Term546" [label="Term"]
	"ExpressionP544" -> "Term546"
	"Factor547" [label="Factor"]
	"Term546" -> "Factor547"
	"Alpha548" [label="Alpha"]
	"Factor547" -> "Alpha548"
	"num549" [label="num",style=filled,fillcolor=powderblue]
	"Alpha548" -> "num549"
	"FactorP550" [label="FactorP"]
	"Factor547" -> "FactorP550"
	"e551" [label="e"]
	"FactorP550" -> "e551"
	"TermP552" [label="TermP"]
	"Term546" -> "TermP552"
	"e553" [label="e"]
	"TermP552" -> "e553"
	"ExpressionP554" [label="ExpressionP"]
	"ExpressionP544" -> "ExpressionP554"
	"e555" [label="e"]
	"ExpressionP554" -> "e555"
	"unknown_nonterm556" [label="unknown_nonterm"]
	"unknown_nonterm473" -> "unknown_nonterm556"
	"Statement557" [label="Statement"]
	"unknown_nonterm556" -> "Statement557"
	"Label558" [label="Label"]
	"Statement557" -> "Label558"
	"L559" [label="L",style=filled,fillcolor=powderblue]
	"Label558" -> "L559"
	"num560" [label="num",style=filled,fillcolor=powderblue]
	"Label558" -> "num560"
	":561" [label=":",style=filled,fillcolor=powderblue]
	"Label558" -> ":561"
	"unknown_nonterm562" [label="unknown_nonterm"]
	"unknown_nonterm556" -> "unknown_nonterm562"
	"Statement563" [label="Statement"]
	"unknown_nonterm562" -> "Statement563"
	"Assignment564" [label="Assignment"]
	"Statement563" -> "Assignment564"
	"m565" [label="m",style=filled,fillcolor=powderblue]
	"Assignment564" -> "m565"
	"[566" [label="[",style=filled,fillcolor=powderblue]
	"Assignment564" -> "[566"
	"Expression567" [label="Expression"]
	"Assignment564" -> "Expression567"
	"Term568" [label="Term"]
	"Expression567" -> "Term568"
	"Factor569" [label="Factor"]
	"Term568" -> "Factor569"
	"Alpha570" [label="Alpha"]
	"Factor569" -> "Alpha570"
	"num571" [label="num",style=filled,fillcolor=powderblue]
	"Alpha570" -> "num571"
	"FactorP572" [label="FactorP"]
	"Factor569" -> "FactorP572"
	"e573" [label="e"]
	"FactorP572" -> "e573"
	"TermP574" [label="TermP"]
	"Term568" -> "TermP574"
	"e575" [label="e"]
	"TermP574" -> "e575"
	"ExpressionP576" [label="ExpressionP"]
	"Expression567" -> "ExpressionP576"
	"e577" [label="e"]
	"ExpressionP576" -> "e577"
	"]578" [label="]",style=filled,fillcolor=powderblue]
	"Assignment564" -> "]578"
	"=579" [label="=",style=filled,fillcolor=powderblue]
	"Assignment564" -> "=579"
	"Expression580" [label="Expression"]
	"Assignment564" -> "Expression580"
	"Term581" [label="Term"]
	"Expression580" -> "Term581"
	"Factor582" [label="Factor"]
	"Term581" -> "Factor582"
	"Alpha583" [label="Alpha"]
	"Factor582" -> "Alpha583"
	"num584" [label="num",style=filled,fillcolor=powderblue]
	"Alpha583" -> "num584"
	"FactorP585" [label="FactorP"]
	"Factor582" -> "FactorP585"
	"e586" [label="e"]
	"FactorP585" -> "e586"
	"TermP587" [label="TermP"]
	"Term581" -> "TermP587"
	"e588" [label="e"]
	"TermP587" -> "e588"
	"ExpressionP589" [label="ExpressionP"]
	"Expression580" -> "ExpressionP589"
	"-590" [label="-",style=filled,fillcolor=powderblue]
	"ExpressionP589" -> "-590"
	"Term591" [label="Term"]
	"ExpressionP589" -> "Term591"
	"Factor592" [label="Factor"]
	"Term591" -> "Factor592"
	"Alpha593" [label="Alpha"]
	"Factor592" -> "Alpha593"
	"(594" [label="(",style=filled,fillcolor=powderblue]
	"Alpha593" -> "(594"
	"Expression595" [label="Expression"]
	"Alpha593" -> "Expression595"
	"Term596" [label="Term"]
	"Expression595" -> "Term596"
	"Factor597" [label="Factor"]
	"Term596" -> "Factor597"
	"Alpha598" [label="Alpha"]
	"Factor597" -> "Alpha598"
	"m599" [label="m",style=filled,fillcolor=powderblue]
	"Alpha598" -> "m599"
	"[600" [label="[",style=filled,fillcolor=powderblue]
	"Alpha598" -> "[600"
	"Expression601" [label="Expression"]
	"Alpha598" -> "Expression601"
	"Term602" [label="Term"]
	"Expression601" -> "Term602"
	"Factor603" [label="Factor"]
	"Term602" -> "Factor603"
	"Alpha604" [label="Alpha"]
	"Factor603" -> "Alpha604"
	"num605" [label="num",style=filled,fillcolor=powderblue]
	"Alpha604" -> "num605"
	"FactorP606" [label="FactorP"]
	"Factor603" -> "FactorP606"
	"e607" [label="e"]
	"FactorP606" -> "e607"
	"TermP608" [label="TermP"]
	"Term602" -> "TermP608"
	"e609" [label="e"]
	"TermP608" -> "e609"
	"ExpressionP610" [label="ExpressionP"]
	"Expression601" -> "ExpressionP610"
	"e611" [label="e"]
	"ExpressionP610" -> "e611"
	"]612" [label="]",style=filled,fillcolor=powderblue]
	"Alpha598" -> "]612"
	"FactorP613" [label="FactorP"]
	"Factor597" -> "FactorP613"
	"e614" [label="e"]
	"FactorP613" -> "e614"
	"TermP615" [label="TermP"]
	"Term596" -> "TermP615"
	"e616" [label="e"]
	"TermP615" -> "e616"
	"ExpressionP617" [label="ExpressionP"]
	"Expression595" -> "ExpressionP617"
	"-618" [label="-",style=filled,fillcolor=powderblue]
	"ExpressionP617" -> "-618"
	"Term619" [label="Term"]
	"ExpressionP617" -> "Term619"
	"Factor620" [label="Factor"]
	"Term619" -> "Factor620"
	"Alpha621" [label="Alpha"]
	"Factor620" -> "Alpha621"
	"num622" [label="num",style=filled,fillcolor=powderblue]
	"Alpha621" -> "num622"
	"FactorP623" [label="FactorP"]
	"Factor620" -> "FactorP623"
	"e624" [label="e"]
	"FactorP623" -> "e624"
	"TermP625" [label="TermP"]
	"Term619" -> "TermP625"
	"e626" [label="e"]
	"TermP625" -> "e626"
	"ExpressionP627" [label="ExpressionP"]
	"ExpressionP617" -> "ExpressionP627"
	"e628" [label="e"]
	"ExpressionP627" -> "e628"
	")629" [label=")",style=filled,fillcolor=powderblue]
	"Alpha593" -> ")629"
	"FactorP630" [label="FactorP"]
	"Factor592" -> "FactorP630"
	"e631" [label="e"]
	"FactorP630" -> "e631"
	"TermP632" [label="TermP"]
	"Term591" -> "TermP632"
	"e633" [label="e"]
	"TermP632" -> "e633"
	"ExpressionP634" [label="ExpressionP"]
	"ExpressionP589" -> "ExpressionP634"
	"e635" [label="e"]
	"ExpressionP634" -> "e635"
	"unknown_nonterm636" [label="unknown_nonterm"]
	"unknown_nonterm562" -> "unknown_nonterm636"
	"Statement637" [label="Statement"]
	"unknown_nonterm636" -> "Statement637"
	"Assignment638" [label="Assignment"]
	"Statement637" -> "Assignment638"
	"m639" [label="m",style=filled,fillcolor=powderblue]
	"Assignment638" -> "m639"
	"[640" [label="[",style=filled,fillcolor=powderblue]
	"Assignment638" -> "[640"
	"Expression641" [label="Expression"]
	"Assignment638" -> "Expression641"
	"Term642" [label="Term"]
	"Expression641" -> "Term642"
	"Factor643" [label="Factor"]
	"Term642" -> "Factor643"
	"Alpha644" [label="Alpha"]
	"Factor643" -> "Alpha644"
	"num645" [label="num",style=filled,fillcolor=powderblue]
	"Alpha644" -> "num645"
	"FactorP646" [label="FactorP"]
	"Factor643" -> "FactorP646"
	"e647" [label="e"]
	"FactorP646" -> "e647"
	"TermP648" [label="TermP"]
	"Term642" -> "TermP648"
	"e649" [label="e"]
	"TermP648" -> "e649"
	"ExpressionP650" [label="ExpressionP"]
	"Expression641" -> "ExpressionP650"
	"e651" [label="e"]
	"ExpressionP650" -> "e651"
	"]652" [label="]",style=filled,fillcolor=powderblue]
	"Assignment638" -> "]652"
	"=653" [label="=",style=filled,fillcolor=powderblue]
	"Assignment638" -> "=653"
	"Expression654" [label="Expression"]
	"Assignment638" -> "Expression654"
	"Term655" [label="Term"]
	"Expression654" -> "Term655"
	"Factor656" [label="Factor"]
	"Term655" -> "Factor656"
	"Alpha657" [label="Alpha"]
	"Factor656" -> "Alpha657"
	"num658" [label="num",style=filled,fillcolor=powderblue]
	"Alpha657" -> "num658"
	"FactorP659" [label="FactorP"]
	"Factor656" -> "FactorP659"
	"e660" [label="e"]
	"FactorP659" -> "e660"
	"TermP661" [label="TermP"]
	"Term655" -> "TermP661"
	"/662" [label="/",style=filled,fillcolor=powderblue]
	"TermP661" -> "/662"
	"Factor663" [label="Factor"]
	"TermP661" -> "Factor663"
	"Alpha664" [label="Alpha"]
	"Factor663" -> "Alpha664"
	"num665" [label="num",style=filled,fillcolor=powderblue]
	"Alpha664" -> "num665"
	"FactorP666" [label="FactorP"]
	"Factor663" -> "FactorP666"
	"e667" [label="e"]
	"FactorP666" -> "e667"
	"TermP668" [label="TermP"]
	"TermP661" -> "TermP668"
	"*669" [label="*",style=filled,fillcolor=powderblue]
	"TermP668" -> "*669"
	"Factor670" [label="Factor"]
	"TermP668" -> "Factor670"
	"Alpha671" [label="Alpha"]
	"Factor670" -> "Alpha671"
	"num672" [label="num",style=filled,fillcolor=powderblue]
	"Alpha671" -> "num672"
	"FactorP673" [label="FactorP"]
	"Factor670" -> "FactorP673"
	"e674" [label="e"]
	"FactorP673" -> "e674"
	"TermP675" [label="TermP"]
	"TermP668" -> "TermP675"
	"e676" [label="e"]
	"TermP675" -> "e676"
	"ExpressionP677" [label="ExpressionP"]
	"Expression654" -> "ExpressionP677"
	"e678" [label="e"]
	"ExpressionP677" -> "e678"
	"unknown_nonterm679" [label="unknown_nonterm"]
	"unknown_nonterm636" -> "unknown_nonterm679"
	"Statement680" [label="Statement"]
	"unknown_nonterm679" -> "Statement680"
	"Jump681" [label="Jump"]
	"Statement680" -> "Jump681"
	"goto682" [label="goto",style=filled,fillcolor=powderblue]
	"Jump681" -> "goto682"
	"num683" [label="num",style=filled,fillcolor=powderblue]
	"Jump681" -> "num683"
	"unknown_nonterm684" [label="unknown_nonterm"]
	"unknown_nonterm679" -> "unknown_nonterm684"
	"Statement685" [label="Statement"]
	"unknown_nonterm684" -> "Statement685"
	"Assignment686" [label="Assignment"]
	"Statement685" -> "Assignment686"
	"m687" [label="m",style=filled,fillcolor=powderblue]
	"Assignment686" -> "m687"
	"[688" [label="[",style=filled,fillcolor=powderblue]
	"Assignment686" -> "[688"
	"Expression689" [label="Expression"]
	"Assignment686" -> "Expression689"
	"Term690" [label="Term"]
	"Expression689" -> "Term690"
	"Factor691" [label="Factor"]
	"Term690" -> "Factor691"
	"Alpha692" [label="Alpha"]
	"Factor691" -> "Alpha692"
	"num693" [label="num",style=filled,fillcolor=powderblue]
	"Alpha692" -> "num693"
	"FactorP694" [label="FactorP"]
	"Factor691" -> "FactorP694"
	"e695" [label="e"]
	"FactorP694" -> "e695"
	"TermP696" [label="TermP"]
	"Term690" -> "TermP696"
	"e697" [label="e"]
	"TermP696" -> "e697"
	"ExpressionP698" [label="ExpressionP"]
	"Expression689" -> "ExpressionP698"
	"e699" [label="e"]
	"ExpressionP698" -> "e699"
	"]700" [label="]",style=filled,fillcolor=powderblue]
	"Assignment686" -> "]700"
	"=701" [label="=",style=filled,fillcolor=powderblue]
	"Assignment686" -> "=701"
	"Expression702" [label="Expression"]
	"Assignment686" -> "Expression702"
	"Term703" [label="Term"]
	"Expression702" -> "Term703"
	"Factor704" [label="Factor"]
	"Term703" -> "Factor704"
	"Alpha705" [label="Alpha"]
	"Factor704" -> "Alpha705"
	"num706" [label="num",style=filled,fillcolor=powderblue]
	"Alpha705" -> "num706"
	"FactorP707" [label="FactorP"]
	"Factor704" -> "FactorP707"
	"e708" [label="e"]
	"FactorP707" -> "e708"
	"TermP709" [label="TermP"]
	"Term703" -> "TermP709"
	"e710" [label="e"]
	"TermP709" -> "e710"
	"ExpressionP711" [label="ExpressionP"]
	"Expression702" -> "ExpressionP711"
	"+712" [label="+",style=filled,fillcolor=powderblue]
	"ExpressionP711" -> "+712"
	"Term713" [label="Term"]
	"ExpressionP711" -> "Term713"
	"Factor714" [label="Factor"]
	"Term713" -> "Factor714"
	"Alpha715" [label="Alpha"]
	"Factor714" -> "Alpha715"
	"m716" [label="m",style=filled,fillcolor=powderblue]
	"Alpha715" -> "m716"
	"[717" [label="[",style=filled,fillcolor=powderblue]
	"Alpha715" -> "[717"
	"Expression718" [label="Expression"]
	"Alpha715" -> "Expression718"
	"Term719" [label="Term"]
	"Expression718" -> "Term719"
	"Factor720" [label="Factor"]
	"Term719" -> "Factor720"
	"Alpha721" [label="Alpha"]
	"Factor720" -> "Alpha721"
	"num722" [label="num",style=filled,fillcolor=powderblue]
	"Alpha721" -> "num722"
	"FactorP723" [label="FactorP"]
	"Factor720" -> "FactorP723"
	"e724" [label="e"]
	"FactorP723" -> "e724"
	"TermP725" [label="TermP"]
	"Term719" -> "TermP725"
	"e726" [label="e"]
	"TermP725" -> "e726"
	"ExpressionP727" [label="ExpressionP"]
	"Expression718" -> "ExpressionP727"
	"e728" [label="e"]
	"ExpressionP727" -> "e728"
	"]729" [label="]",style=filled,fillcolor=powderblue]
	"Alpha715" -> "]729"
	"FactorP730" [label="FactorP"]
	"Factor714" -> "FactorP730"
	"e731" [label="e"]
	"FactorP730" -> "e731"
	"TermP732" [label="TermP"]
	"Term713" -> "TermP732"
	"e733" [label="e"]
	"TermP732" -> "e733"
	"ExpressionP734" [label="ExpressionP"]
	"ExpressionP711" -> "ExpressionP734"
	"e735" [label="e"]
	"ExpressionP734" -> "e735"
	"unknown_nonterm736" [label="unknown_nonterm"]
	"unknown_nonterm684" -> "unknown_nonterm736"
	"Statement737" [label="Statement"]
	"unknown_nonterm736" -> "Statement737"
	"Assignment738" [label="Assignment"]
	"Statement737" -> "Assignment738"
	"m739" [label="m",style=filled,fillcolor=powderblue]
	"Assignment738" -> "m739"
	"[740" [label="[",style=filled,fillcolor=powderblue]
	"Assignment738" -> "[740"
	"Expression741" [label="Expression"]
	"Assignment738" -> "Expression741"
	"Term742" [label="Term"]
	"Expression741" -> "Term742"
	"Factor743" [label="Factor"]
	"Term742" -> "Factor743"
	"Alpha744" [label="Alpha"]
	"Factor743" -> "Alpha744"
	"num745" [label="num",style=filled,fillcolor=powderblue]
	"Alpha744" -> "num745"
	"FactorP746" [label="FactorP"]
	"Factor743" -> "FactorP746"
	"e747" [label="e"]
	"FactorP746" -> "e747"
	"TermP748" [label="TermP"]
	"Term742" -> "TermP748"
	"e749" [label="e"]
	"TermP748" -> "e749"
	"ExpressionP750" [label="ExpressionP"]
	"Expression741" -> "ExpressionP750"
	"e751" [label="e"]
	"ExpressionP750" -> "e751"
	"]752" [label="]",style=filled,fillcolor=powderblue]
	"Assignment738" -> "]752"
	"=753" [label="=",style=filled,fillcolor=powderblue]
	"Assignment738" -> "=753"
	"Expression754" [label="Expression"]
	"Assignment738" -> "Expression754"
	"Term755" [label="Term"]
	"Expression754" -> "Term755"
	"Factor756" [label="Factor"]
	"Term755" -> "Factor756"
	"Alpha757" [label="Alpha"]
	"Factor756" -> "Alpha757"
	"num758" [label="num",style=filled,fillcolor=powderblue]
	"Alpha757" -> "num758"
	"FactorP759" [label="FactorP"]
	"Factor756" -> "FactorP759"
	"e760" [label="e"]
	"FactorP759" -> "e760"
	"TermP761" [label="TermP"]
	"Term755" -> "TermP761"
	"e762" [label="e"]
	"TermP761" -> "e762"
	"ExpressionP763" [label="ExpressionP"]
	"Expression754" -> "ExpressionP763"
	"-764" [label="-",style=filled,fillcolor=powderblue]
	"ExpressionP763" -> "-764"
	"Term765" [label="Term"]
	"ExpressionP763" -> "Term765"
	"Factor766" [label="Factor"]
	"Term765" -> "Factor766"
	"Alpha767" [label="Alpha"]
	"Factor766" -> "Alpha767"
	"m768" [label="m",style=filled,fillcolor=powderblue]
	"Alpha767" -> "m768"
	"[769" [label="[",style=filled,fillcolor=powderblue]
	"Alpha767" -> "[769"
	"Expression770" [label="Expression"]
	"Alpha767" -> "Expression770"
	"Term771" [label="Term"]
	"Expression770" -> "Term771"
	"Factor772" [label="Factor"]
	"Term771" -> "Factor772"
	"Alpha773" [label="Alpha"]
	"Factor772" -> "Alpha773"
	"num774" [label="num",style=filled,fillcolor=powderblue]
	"Alpha773" -> "num774"
	"FactorP775" [label="FactorP"]
	"Factor772" -> "FactorP775"
	"e776" [label="e"]
	"FactorP775" -> "e776"
	"TermP777" [label="TermP"]
	"Term771" -> "TermP777"
	"e778" [label="e"]
	"TermP777" -> "e778"
	"ExpressionP779" [label="ExpressionP"]
	"Expression770" -> "ExpressionP779"
	"-780" [label="-",style=filled,fillcolor=powderblue]
	"ExpressionP779" -> "-780"
	"Term781" [label="Term"]
	"ExpressionP779" -> "Term781"
	"Factor782" [label="Factor"]
	"Term781" -> "Factor782"
	"Alpha783" [label="Alpha"]
	"Factor782" -> "Alpha783"
	"num784" [label="num",style=filled,fillcolor=powderblue]
	"Alpha783" -> "num784"
	"FactorP785" [label="FactorP"]
	"Factor782" -> "FactorP785"
	"e786" [label="e"]
	"FactorP785" -> "e786"
	"TermP787" [label="TermP"]
	"Term781" -> "TermP787"
	"e788" [label="e"]
	"TermP787" -> "e788"
	"ExpressionP789" [label="ExpressionP"]
	"ExpressionP779" -> "ExpressionP789"
	"e790" [label="e"]
	"ExpressionP789" -> "e790"
	"]791" [label="]",style=filled,fillcolor=powderblue]
	"Alpha767" -> "]791"
	"FactorP792" [label="FactorP"]
	"Factor766" -> "FactorP792"
	"e793" [label="e"]
	"FactorP792" -> "e793"
	"TermP794" [label="TermP"]
	"Term765" -> "TermP794"
	"e795" [label="e"]
	"TermP794" -> "e795"
	"ExpressionP796" [label="ExpressionP"]
	"ExpressionP763" -> "ExpressionP796"
	"e797" [label="e"]
	"ExpressionP796" -> "e797"
	"unknown_nonterm798" [label="unknown_nonterm"]
	"unknown_nonterm736" -> "unknown_nonterm798"
	"Statement799" [label="Statement"]
	"unknown_nonterm798" -> "Statement799"
	"Assignment800" [label="Assignment"]
	"Statement799" -> "Assignment800"
	"m801" [label="m",style=filled,fillcolor=powderblue]
	"Assignment800" -> "m801"
	"[802" [label="[",style=filled,fillcolor=powderblue]
	"Assignment800" -> "[802"
	"Expression803" [label="Expression"]
	"Assignment800" -> "Expression803"
	"Term804" [label="Term"]
	"Expression803" -> "Term804"
	"Factor805" [label="Factor"]
	"Term804" -> "Factor805"
	"Alpha806" [label="Alpha"]
	"Factor805" -> "Alpha806"
	"num807" [label="num",style=filled,fillcolor=powderblue]
	"Alpha806" -> "num807"
	"FactorP808" [label="FactorP"]
	"Factor805" -> "FactorP808"
	"e809" [label="e"]
	"FactorP808" -> "e809"
	"TermP810" [label="TermP"]
	"Term804" -> "TermP810"
	"e811" [label="e"]
	"TermP810" -> "e811"
	"ExpressionP812" [label="ExpressionP"]
	"Expression803" -> "ExpressionP812"
	"e813" [label="e"]
	"ExpressionP812" -> "e813"
	"]814" [label="]",style=filled,fillcolor=powderblue]
	"Assignment800" -> "]814"
	"=815" [label="=",style=filled,fillcolor=powderblue]
	"Assignment800" -> "=815"
	"Expression816" [label="Expression"]
	"Assignment800" -> "Expression816"
	"Term817" [label="Term"]
	"Expression816" -> "Term817"
	"Factor818" [label="Factor"]
	"Term817" -> "Factor818"
	"Alpha819" [label="Alpha"]
	"Factor818" -> "Alpha819"
	"num820" [label="num",style=filled,fillcolor=powderblue]
	"Alpha819" -> "num820"
	"FactorP821" [label="FactorP"]
	"Factor818" -> "FactorP821"
	"e822" [label="e"]
	"FactorP821" -> "e822"
	"TermP823" [label="TermP"]
	"Term817" -> "TermP823"
	"e824" [label="e"]
	"TermP823" -> "e824"
	"ExpressionP825" [label="ExpressionP"]
	"Expression816" -> "ExpressionP825"
	"-826" [label="-",style=filled,fillcolor=powderblue]
	"ExpressionP825" -> "-826"
	"Term827" [label="Term"]
	"ExpressionP825" -> "Term827"
	"Factor828" [label="Factor"]
	"Term827" -> "Factor828"
	"Alpha829" [label="Alpha"]
	"Factor828" -> "Alpha829"
	"(830" [label="(",style=filled,fillcolor=powderblue]
	"Alpha829" -> "(830"
	"Expression831" [label="Expression"]
	"Alpha829" -> "Expression831"
	"Term832" [label="Term"]
	"Expression831" -> "Term832"
	"Factor833" [label="Factor"]
	"Term832" -> "Factor833"
	"Alpha834" [label="Alpha"]
	"Factor833" -> "Alpha834"
	"num835" [label="num",style=filled,fillcolor=powderblue]
	"Alpha834" -> "num835"
	"FactorP836" [label="FactorP"]
	"Factor833" -> "FactorP836"
	"e837" [label="e"]
	"FactorP836" -> "e837"
	"TermP838" [label="TermP"]
	"Term832" -> "TermP838"
	"e839" [label="e"]
	"TermP838" -> "e839"
	"ExpressionP840" [label="ExpressionP"]
	"Expression831" -> "ExpressionP840"
	"-841" [label="-",style=filled,fillcolor=powderblue]
	"ExpressionP840" -> "-841"
	"Term842" [label="Term"]
	"ExpressionP840" -> "Term842"
	"Factor843" [label="Factor"]
	"Term842" -> "Factor843"
	"Alpha844" [label="Alpha"]
	"Factor843" -> "Alpha844"
	"num845" [label="num",style=filled,fillcolor=powderblue]
	"Alpha844" -> "num845"
	"FactorP846" [label="FactorP"]
	"Factor843" -> "FactorP846"
	"e847" [label="e"]
	"FactorP846" -> "e847"
	"TermP848" [label="TermP"]
	"Term842" -> "TermP848"
	"e849" [label="e"]
	"TermP848" -> "e849"
	"ExpressionP850" [label="ExpressionP"]
	"ExpressionP840" -> "ExpressionP850"
	"e851" [label="e"]
	"ExpressionP850" -> "e851"
	")852" [label=")",style=filled,fillcolor=powderblue]
	"Alpha829" -> ")852"
	"FactorP853" [label="FactorP"]
	"Factor828" -> "FactorP853"
	"e854" [label="e"]
	"FactorP853" -> "e854"
	"TermP855" [label="TermP"]
	"Term827" -> "TermP855"
	"e856" [label="e"]
	"TermP855" -> "e856"
	"ExpressionP857" [label="ExpressionP"]
	"ExpressionP825" -> "ExpressionP857"
	"e858" [label="e"]
	"ExpressionP857" -> "e858"
	"unknown_nonterm859" [label="unknown_nonterm"]
	"unknown_nonterm798" -> "unknown_nonterm859"
	"Statement860" [label="Statement"]
	"unknown_nonterm859" -> "Statement860"
	"Assignment861" [label="Assignment"]
	"Statement860" -> "Assignment861"
	"m862" [label="m",style=filled,fillcolor=powderblue]
	"Assignment861" -> "m862"
	"[863" [label="[",style=filled,fillcolor=powderblue]
	"Assignment861" -> "[863"
	"Expression864" [label="Expression"]
	"Assignment861" -> "Expression864"
	"Term865" [label="Term"]
	"Expression864" -> "Term865"
	"Factor866" [label="Factor"]
	"Term865" -> "Factor866"
	"Alpha867" [label="Alpha"]
	"Factor866" -> "Alpha867"
	"num868" [label="num",style=filled,fillcolor=powderblue]
	"Alpha867" -> "num868"
	"FactorP869" [label="FactorP"]
	"Factor866" -> "FactorP869"
	"e870" [label="e"]
	"FactorP869" -> "e870"
	"TermP871" [label="TermP"]
	"Term865" -> "TermP871"
	"e872" [label="e"]
	"TermP871" -> "e872"
	"ExpressionP873" [label="ExpressionP"]
	"Expression864" -> "ExpressionP873"
	"e874" [label="e"]
	"ExpressionP873" -> "e874"
	"]875" [label="]",style=filled,fillcolor=powderblue]
	"Assignment861" -> "]875"
	"=876" [label="=",style=filled,fillcolor=powderblue]
	"Assignment861" -> "=876"
	"Expression877" [label="Expression"]
	"Assignment861" -> "Expression877"
	"Term878" [label="Term"]
	"Expression877" -> "Term878"
	"Factor879" [label="Factor"]
	"Term878" -> "Factor879"
	"Alpha880" [label="Alpha"]
	"Factor879" -> "Alpha880"
	"num881" [label="num",style=filled,fillcolor=powderblue]
	"Alpha880" -> "num881"
	"FactorP882" [label="FactorP"]
	"Factor879" -> "FactorP882"
	"e883" [label="e"]
	"FactorP882" -> "e883"
	"TermP884" [label="TermP"]
	"Term878" -> "TermP884"
	"e885" [label="e"]
	"TermP884" -> "e885"
	"ExpressionP886" [label="ExpressionP"]
	"Expression877" -> "ExpressionP886"
	"-887" [label="-",style=filled,fillcolor=powderblue]
	"ExpressionP886" -> "-887"
	"Term888" [label="Term"]
	"ExpressionP886" -> "Term888"
	"Factor889" [label="Factor"]
	"Term888" -> "Factor889"
	"Alpha890" [label="Alpha"]
	"Factor889" -> "Alpha890"
	"m891" [label="m",style=filled,fillcolor=powderblue]
	"Alpha890" -> "m891"
	"[892" [label="[",style=filled,fillcolor=powderblue]
	"Alpha890" -> "[892"
	"Expression893" [label="Expression"]
	"Alpha890" -> "Expression893"
	"Term894" [label="Term"]
	"Expression893" -> "Term894"
	"Factor895" [label="Factor"]
	"Term894" -> "Factor895"
	"Alpha896" [label="Alpha"]
	"Factor895" -> "Alpha896"
	"(897" [label="(",style=filled,fillcolor=powderblue]
	"Alpha896" -> "(897"
	"Expression898" [label="Expression"]
	"Alpha896" -> "Expression898"
	"Term899" [label="Term"]
	"Expression898" -> "Term899"
	"Factor900" [label="Factor"]
	"Term899" -> "Factor900"
	"Alpha901" [label="Alpha"]
	"Factor900" -> "Alpha901"
	"num902" [label="num",style=filled,fillcolor=powderblue]
	"Alpha901" -> "num902"
	"FactorP903" [label="FactorP"]
	"Factor900" -> "FactorP903"
	"e904" [label="e"]
	"FactorP903" -> "e904"
	"TermP905" [label="TermP"]
	"Term899" -> "TermP905"
	"e906" [label="e"]
	"TermP905" -> "e906"
	"ExpressionP907" [label="ExpressionP"]
	"Expression898" -> "ExpressionP907"
	"-908" [label="-",style=filled,fillcolor=powderblue]
	"ExpressionP907" -> "-908"
	"Term909" [label="Term"]
	"ExpressionP907" -> "Term909"
	"Factor910" [label="Factor"]
	"Term909" -> "Factor910"
	"Alpha911" [label="Alpha"]
	"Factor910" -> "Alpha911"
	"num912" [label="num",style=filled,fillcolor=powderblue]
	"Alpha911" -> "num912"
	"FactorP913" [label="FactorP"]
	"Factor910" -> "FactorP913"
	"e914" [label="e"]
	"FactorP913" -> "e914"
	"TermP915" [label="TermP"]
	"Term909" -> "TermP915"
	"e916" [label="e"]
	"TermP915" -> "e916"
	"ExpressionP917" [label="ExpressionP"]
	"ExpressionP907" -> "ExpressionP917"
	"e918" [label="e"]
	"ExpressionP917" -> "e918"
	")919" [label=")",style=filled,fillcolor=powderblue]
	"Alpha896" -> ")919"
	"FactorP920" [label="FactorP"]
	"Factor895" -> "FactorP920"
	"e921" [label="e"]
	"FactorP920" -> "e921"
	"TermP922" [label="TermP"]
	"Term894" -> "TermP922"
	"e923" [label="e"]
	"TermP922" -> "e923"
	"ExpressionP924" [label="ExpressionP"]
	"Expression893" -> "ExpressionP924"
	"e925" [label="e"]
	"ExpressionP924" -> "e925"
	"]926" [label="]",style=filled,fillcolor=powderblue]
	"Alpha890" -> "]926"
	"FactorP927" [label="FactorP"]
	"Factor889" -> "FactorP927"
	"e928" [label="e"]
	"FactorP927" -> "e928"
	"TermP929" [label="TermP"]
	"Term888" -> "TermP929"
	"e930" [label="e"]
	"TermP929" -> "e930"
	"ExpressionP931" [label="ExpressionP"]
	"ExpressionP886" -> "ExpressionP931"
	"e932" [label="e"]
	"ExpressionP931" -> "e932"
	"unknown_nonterm933" [label="unknown_nonterm"]
	"unknown_nonterm859" -> "unknown_nonterm933"
	"Statement934" [label="Statement"]
	"unknown_nonterm933" -> "Statement934"
	"Print935" [label="Print"]
	"Statement934" -> "Print935"
	"print936" [label="print",style=filled,fillcolor=powderblue]
	"Print935" -> "print936"
	"Expression937" [label="Expression"]
	"Print935" -> "Expression937"
	"Term938" [label="Term"]
	"Expression937" -> "Term938"
	"Factor939" [label="Factor"]
	"Term938" -> "Factor939"
	"Alpha940" [label="Alpha"]
	"Factor939" -> "Alpha940"
	"m941" [label="m",style=filled,fillcolor=powderblue]
	"Alpha940" -> "m941"
	"[942" [label="[",style=filled,fillcolor=powderblue]
	"Alpha940" -> "[942"
	"Expression943" [label="Expression"]
	"Alpha940" -> "Expression943"
	"Term944" [label="Term"]
	"Expression943" -> "Term944"
	"Factor945" [label="Factor"]
	"Term944" -> "Factor945"
	"Alpha946" [label="Alpha"]
	"Factor945" -> "Alpha946"
	"num947" [label="num",style=filled,fillcolor=powderblue]
	"Alpha946" -> "num947"
	"FactorP948" [label="FactorP"]
	"Factor945" -> "FactorP948"
	"e949" [label="e"]
	"FactorP948" -> "e949"
	"TermP950" [label="TermP"]
	"Term944" -> "TermP950"
	"e951" [label="e"]
	"TermP950" -> "e951"
	"ExpressionP952" [label="ExpressionP"]
	"Expression943" -> "ExpressionP952"
	"e953" [label="e"]
	"ExpressionP952" -> "e953"
	"]954" [label="]",style=filled,fillcolor=powderblue]
	"Alpha940" -> "]954"
	"FactorP955" [label="FactorP"]
	"Factor939" -> "FactorP955"
	"e956" [label="e"]
	"FactorP955" -> "e956"
	"TermP957" [label="TermP"]
	"Term938" -> "TermP957"
	"e958" [label="e"]
	"TermP957" -> "e958"
	"ExpressionP959" [label="ExpressionP"]
	"Expression937" -> "ExpressionP959"
	"e960" [label="e"]
	"ExpressionP959" -> "e960"
	"unknown_nonterm961" [label="unknown_nonterm"]
	"unknown_nonterm933" -> "unknown_nonterm961"
	"e962" [label="e"]
	"unknown_nonterm961" -> "e962"
}
