digraph G {
	"Start1" [label="Start"]
	"Statements2" [label="Statements"]
	"Start1" -> "Statements2"
	"Statement3" [label="Statement"]
	"Statements2" -> "Statement3"
	"Assignment4" [label="Assignment"]
	"Statement3" -> "Assignment4"
	"m5" [label="m",style=filled,fillcolor=powderblue]
	"Assignment4" -> "m5"
	"[6" [label="[",style=filled,fillcolor=powderblue]
	"Assignment4" -> "[6"
	"Expression17" [label="Expression1"]
	"Assignment4" -> "Expression17"
	"Term18" [label="Term1"]
	"Expression17" -> "Term18"
	"Factor9" [label="Factor"]
	"Term18" -> "Factor9"
	"Expo10" [label="Expo"]
	"Factor9" -> "Expo10"
	"num11" [label="num",style=filled,fillcolor=powderblue]
	"Expo10" -> "num11"
	"Term212" [label="Term2"]
	"Term18" -> "Term212"
	"e13" [label="e"]
	"Term212" -> "e13"
	"Expression214" [label="Expression2"]
	"Expression17" -> "Expression214"
	"e15" [label="e"]
	"Expression214" -> "e15"
	"]16" [label="]",style=filled,fillcolor=powderblue]
	"Assignment4" -> "]16"
	"=17" [label="=",style=filled,fillcolor=powderblue]
	"Assignment4" -> "=17"
	"Expression118" [label="Expression1"]
	"Assignment4" -> "Expression118"
	"Term119" [label="Term1"]
	"Expression118" -> "Term119"
	"Factor20" [label="Factor"]
	"Term119" -> "Factor20"
	"Expo21" [label="Expo"]
	"Factor20" -> "Expo21"
	"m22" [label="m",style=filled,fillcolor=powderblue]
	"Expo21" -> "m22"
	"[23" [label="[",style=filled,fillcolor=powderblue]
	"Expo21" -> "[23"
	"Expression124" [label="Expression1"]
	"Expo21" -> "Expression124"
	"Term125" [label="Term1"]
	"Expression124" -> "Term125"
	"Factor26" [label="Factor"]
	"Term125" -> "Factor26"
	"Expo27" [label="Expo"]
	"Factor26" -> "Expo27"
	"num28" [label="num",style=filled,fillcolor=powderblue]
	"Expo27" -> "num28"
	"Term229" [label="Term2"]
	"Term125" -> "Term229"
	"e30" [label="e"]
	"Term229" -> "e30"
	"Expression231" [label="Expression2"]
	"Expression124" -> "Expression231"
	"e32" [label="e"]
	"Expression231" -> "e32"
	"]33" [label="]",style=filled,fillcolor=powderblue]
	"Expo21" -> "]33"
	"Term234" [label="Term2"]
	"Term119" -> "Term234"
	"e35" [label="e"]
	"Term234" -> "e35"
	"Expression236" [label="Expression2"]
	"Expression118" -> "Expression236"
	"-37" [label="-",style=filled,fillcolor=powderblue]
	"Expression236" -> "-37"
	"Term138" [label="Term1"]
	"Expression236" -> "Term138"
	"Factor39" [label="Factor"]
	"Term138" -> "Factor39"
	"Expo40" [label="Expo"]
	"Factor39" -> "Expo40"
	"num41" [label="num",style=filled,fillcolor=powderblue]
	"Expo40" -> "num41"
	"Term242" [label="Term2"]
	"Term138" -> "Term242"
	"e43" [label="e"]
	"Term242" -> "e43"
	"Expression244" [label="Expression2"]
	"Expression236" -> "Expression244"
	"e45" [label="e"]
	"Expression244" -> "e45"
	"Statements46" [label="Statements"]
	"Statements2" -> "Statements46"
	"Statement47" [label="Statement"]
	"Statements46" -> "Statement47"
	"Assignment48" [label="Assignment"]
	"Statement47" -> "Assignment48"
	"m49" [label="m",style=filled,fillcolor=powderblue]
	"Assignment48" -> "m49"
	"[50" [label="[",style=filled,fillcolor=powderblue]
	"Assignment48" -> "[50"
	"Expression151" [label="Expression1"]
	"Assignment48" -> "Expression151"
	"Term152" [label="Term1"]
	"Expression151" -> "Term152"
	"Factor53" [label="Factor"]
	"Term152" -> "Factor53"
	"Expo54" [label="Expo"]
	"Factor53" -> "Expo54"
	"num55" [label="num",style=filled,fillcolor=powderblue]
	"Expo54" -> "num55"
	"Term256" [label="Term2"]
	"Term152" -> "Term256"
	"e57" [label="e"]
	"Term256" -> "e57"
	"Expression258" [label="Expression2"]
	"Expression151" -> "Expression258"
	"e59" [label="e"]
	"Expression258" -> "e59"
	"]60" [label="]",style=filled,fillcolor=powderblue]
	"Assignment48" -> "]60"
	"=61" [label="=",style=filled,fillcolor=powderblue]
	"Assignment48" -> "=61"
	"Expression162" [label="Expression1"]
	"Assignment48" -> "Expression162"
	"Term163" [label="Term1"]
	"Expression162" -> "Term163"
	"Factor64" [label="Factor"]
	"Term163" -> "Factor64"
	"Expo65" [label="Expo"]
	"Factor64" -> "Expo65"
	"num66" [label="num",style=filled,fillcolor=powderblue]
	"Expo65" -> "num66"
	"Term267" [label="Term2"]
	"Term163" -> "Term267"
	"/68" [label="/",style=filled,fillcolor=powderblue]
	"Term267" -> "/68"
	"Factor69" [label="Factor"]
	"Term267" -> "Factor69"
	"Expo70" [label="Expo"]
	"Factor69" -> "Expo70"
	"num71" [label="num",style=filled,fillcolor=powderblue]
	"Expo70" -> "num71"
	"Term272" [label="Term2"]
	"Term267" -> "Term272"
	"*73" [label="*",style=filled,fillcolor=powderblue]
	"Term272" -> "*73"
	"Factor74" [label="Factor"]
	"Term272" -> "Factor74"
	"Expo75" [label="Expo"]
	"Factor74" -> "Expo75"
	"num76" [label="num",style=filled,fillcolor=powderblue]
	"Expo75" -> "num76"
	"Term277" [label="Term2"]
	"Term272" -> "Term277"
	"e78" [label="e"]
	"Term277" -> "e78"
	"Expression279" [label="Expression2"]
	"Expression162" -> "Expression279"
	"e80" [label="e"]
	"Expression279" -> "e80"
	"Statements81" [label="Statements"]
	"Statements46" -> "Statements81"
	"Statement82" [label="Statement"]
	"Statements81" -> "Statement82"
	"Assignment83" [label="Assignment"]
	"Statement82" -> "Assignment83"
	"m84" [label="m",style=filled,fillcolor=powderblue]
	"Assignment83" -> "m84"
	"[85" [label="[",style=filled,fillcolor=powderblue]
	"Assignment83" -> "[85"
	"Expression186" [label="Expression1"]
	"Assignment83" -> "Expression186"
	"Term187" [label="Term1"]
	"Expression186" -> "Term187"
	"Factor88" [label="Factor"]
	"Term187" -> "Factor88"
	"Expo89" [label="Expo"]
	"Factor88" -> "Expo89"
	"num90" [label="num",style=filled,fillcolor=powderblue]
	"Expo89" -> "num90"
	"Term291" [label="Term2"]
	"Term187" -> "Term291"
	"e92" [label="e"]
	"Term291" -> "e92"
	"Expression293" [label="Expression2"]
	"Expression186" -> "Expression293"
	"e94" [label="e"]
	"Expression293" -> "e94"
	"]95" [label="]",style=filled,fillcolor=powderblue]
	"Assignment83" -> "]95"
	"=96" [label="=",style=filled,fillcolor=powderblue]
	"Assignment83" -> "=96"
	"Expression197" [label="Expression1"]
	"Assignment83" -> "Expression197"
	"Term198" [label="Term1"]
	"Expression197" -> "Term198"
	"Factor99" [label="Factor"]
	"Term198" -> "Factor99"
	"Expo100" [label="Expo"]
	"Factor99" -> "Expo100"
	"num101" [label="num",style=filled,fillcolor=powderblue]
	"Expo100" -> "num101"
range error: integer overflow -line 3
