digraph G {
	"Start1" [label="Start"]
	"Statements2" [label="Statements"]
	"Start1" -> "Statements2"
	"Statement3" [label="Statement"]
	"Statements2" -> "Statement3"
	"Assignment4" [label="Assignment"]
	"Statement3" -> "Assignment4"
	"m5" [label="m",style=filled,fillcolor=powderblue]
	"Assignment4" -> "m5"
	"[6" [label="[",style=filled,fillcolor=powderblue]
	"Assignment4" -> "[6"
	"Expression17" [label="Expression1"]
	"Assignment4" -> "Expression17"
	"Term18" [label="Term1"]
	"Expression17" -> "Term18"
	"Factor9" [label="Factor"]
	"Term18" -> "Factor9"
	"Expo10" [label="Expo"]
	"Factor9" -> "Expo10"
	"num11" [label="num",style=filled,fillcolor=powderblue]
	"Expo10" -> "num11"
	"Term212" [label="Term2"]
	"Term18" -> "Term212"
	"e13" [label="e"]
	"Term212" -> "e13"
	"Expression214" [label="Expression2"]
	"Expression17" -> "Expression214"
	"e15" [label="e"]
	"Expression214" -> "e15"
	"]16" [label="]",style=filled,fillcolor=powderblue]
	"Assignment4" -> "]16"
	"=17" [label="=",style=filled,fillcolor=powderblue]
	"Assignment4" -> "=17"
	"Expression118" [label="Expression1"]
	"Assignment4" -> "Expression118"
	"Term119" [label="Term1"]
	"Expression118" -> "Term119"
	"Factor20" [label="Factor"]
	"Term119" -> "Factor20"
	"Expo21" [label="Expo"]
	"Factor20" -> "Expo21"
	"num22" [label="num",style=filled,fillcolor=powderblue]
	"Expo21" -> "num22"
	"Term223" [label="Term2"]
	"Term119" -> "Term223"
	"e24" [label="e"]
	"Term223" -> "e24"
	"Expression225" [label="Expression2"]
	"Expression118" -> "Expression225"
	"+26" [label="+",style=filled,fillcolor=powderblue]
	"Expression225" -> "+26"
	"Term127" [label="Term1"]
	"Expression225" -> "Term127"
	"Factor28" [label="Factor"]
	"Term127" -> "Factor28"
	"Expo29" [label="Expo"]
	"Factor28" -> "Expo29"
	"m30" [label="m",style=filled,fillcolor=powderblue]
	"Expo29" -> "m30"
	"[31" [label="[",style=filled,fillcolor=powderblue]
	"Expo29" -> "[31"
	"Expression132" [label="Expression1"]
	"Expo29" -> "Expression132"
	"Term133" [label="Term1"]
	"Expression132" -> "Term133"
	"Factor34" [label="Factor"]
	"Term133" -> "Factor34"
	"Expo35" [label="Expo"]
	"Factor34" -> "Expo35"
	"num36" [label="num",style=filled,fillcolor=powderblue]
	"Expo35" -> "num36"
	"Term237" [label="Term2"]
	"Term133" -> "Term237"
	"e38" [label="e"]
	"Term237" -> "e38"
	"Expression239" [label="Expression2"]
	"Expression132" -> "Expression239"
	"e40" [label="e"]
	"Expression239" -> "e40"
	"]41" [label="]",style=filled,fillcolor=powderblue]
	"Expo29" -> "]41"
	"Term242" [label="Term2"]
	"Term127" -> "Term242"
	"e43" [label="e"]
	"Term242" -> "e43"
	"Expression244" [label="Expression2"]
	"Expression225" -> "Expression244"
	"e45" [label="e"]
	"Expression244" -> "e45"
	"Statements46" [label="Statements"]
	"Statements2" -> "Statements46"
	"Statement47" [label="Statement"]
	"Statements46" -> "Statement47"
	"Assignment48" [label="Assignment"]
	"Statement47" -> "Assignment48"
	"m49" [label="m",style=filled,fillcolor=powderblue]
	"Assignment48" -> "m49"
	"[50" [label="[",style=filled,fillcolor=powderblue]
	"Assignment48" -> "[50"
	"Expression151" [label="Expression1"]
	"Assignment48" -> "Expression151"
	"Term152" [label="Term1"]
	"Expression151" -> "Term152"
	"Factor53" [label="Factor"]
	"Term152" -> "Factor53"
	"Expo54" [label="Expo"]
	"Factor53" -> "Expo54"
	"num55" [label="num",style=filled,fillcolor=powderblue]
	"Expo54" -> "num55"
	"Term256" [label="Term2"]
	"Term152" -> "Term256"
	"e57" [label="e"]
	"Term256" -> "e57"
	"Expression258" [label="Expression2"]
	"Expression151" -> "Expression258"
	"e59" [label="e"]
	"Expression258" -> "e59"
	"]60" [label="]",style=filled,fillcolor=powderblue]
	"Assignment48" -> "]60"
	"=61" [label="=",style=filled,fillcolor=powderblue]
	"Assignment48" -> "=61"
	"Expression162" [label="Expression1"]
	"Assignment48" -> "Expression162"
	"Term163" [label="Term1"]
	"Expression162" -> "Term163"
	"Factor64" [label="Factor"]
	"Term163" -> "Factor64"
	"Expo65" [label="Expo"]
	"Factor64" -> "Expo65"
	"num66" [label="num",style=filled,fillcolor=powderblue]
	"Expo65" -> "num66"
	"Term267" [label="Term2"]
	"Term163" -> "Term267"
	"e68" [label="e"]
	"Term267" -> "e68"
	"Expression269" [label="Expression2"]
	"Expression162" -> "Expression269"
	"-70" [label="-",style=filled,fillcolor=powderblue]
	"Expression269" -> "-70"
	"Term171" [label="Term1"]
	"Expression269" -> "Term171"
	"Factor72" [label="Factor"]
	"Term171" -> "Factor72"
	"Expo73" [label="Expo"]
	"Factor72" -> "Expo73"
	"m74" [label="m",style=filled,fillcolor=powderblue]
	"Expo73" -> "m74"
	"[75" [label="[",style=filled,fillcolor=powderblue]
	"Expo73" -> "[75"
	"Expression176" [label="Expression1"]
	"Expo73" -> "Expression176"
	"Term177" [label="Term1"]
	"Expression176" -> "Term177"
	"Factor78" [label="Factor"]
	"Term177" -> "Factor78"
	"Expo79" [label="Expo"]
	"Factor78" -> "Expo79"
	"num80" [label="num",style=filled,fillcolor=powderblue]
	"Expo79" -> "num80"
	"**81" [label="**",style=filled,fillcolor=powderblue]
	"Factor78" -> "**81"
	"Factor82" [label="Factor"]
	"Factor78" -> "Factor82"
	"Expo83" [label="Expo"]
	"Factor82" -> "Expo83"
	"num84" [label="num",style=filled,fillcolor=powderblue]
	"Expo83" -> "num84"
	"Term285" [label="Term2"]
	"Term177" -> "Term285"
	"*86" [label="*",style=filled,fillcolor=powderblue]
	"Term285" -> "*86"
	"Factor87" [label="Factor"]
	"Term285" -> "Factor87"
	"Expo88" [label="Expo"]
	"Factor87" -> "Expo88"
	"num89" [label="num",style=filled,fillcolor=powderblue]
	"Expo88" -> "num89"
	"Term290" [label="Term2"]
	"Term285" -> "Term290"
	"e91" [label="e"]
	"Term290" -> "e91"
	"Expression292" [label="Expression2"]
	"Expression176" -> "Expression292"
	"-93" [label="-",style=filled,fillcolor=powderblue]
	"Expression292" -> "-93"
	"Term194" [label="Term1"]
	"Expression292" -> "Term194"
	"Factor95" [label="Factor"]
	"Term194" -> "Factor95"
	"Expo96" [label="Expo"]
	"Factor95" -> "Expo96"
	"num97" [label="num",style=filled,fillcolor=powderblue]
	"Expo96" -> "num97"
	"Term298" [label="Term2"]
	"Term194" -> "Term298"
	"e99" [label="e"]
	"Term298" -> "e99"
	"Expression2100" [label="Expression2"]
	"Expression292" -> "Expression2100"
	"e101" [label="e"]
	"Expression2100" -> "e101"
	"]102" [label="]",style=filled,fillcolor=powderblue]
	"Expo73" -> "]102"
	"Term2103" [label="Term2"]
	"Term171" -> "Term2103"
	"e104" [label="e"]
	"Term2103" -> "e104"
	"Expression2105" [label="Expression2"]
	"Expression269" -> "Expression2105"
	"-106" [label="-",style=filled,fillcolor=powderblue]
	"Expression2105" -> "-106"
	"Term1107" [label="Term1"]
	"Expression2105" -> "Term1107"
	"Factor108" [label="Factor"]
	"Term1107" -> "Factor108"
	"Expo109" [label="Expo"]
	"Factor108" -> "Expo109"
	"num110" [label="num",style=filled,fillcolor=powderblue]
	"Expo109" -> "num110"
	"Term2111" [label="Term2"]
	"Term1107" -> "Term2111"
	"e112" [label="e"]
	"Term2111" -> "e112"
	"Expression2113" [label="Expression2"]
	"Expression2105" -> "Expression2113"
	"e114" [label="e"]
	"Expression2113" -> "e114"
	"Statements115" [label="Statements"]
	"Statements46" -> "Statements115"
	"Statement116" [label="Statement"]
	"Statements115" -> "Statement116"
	"Assignment117" [label="Assignment"]
	"Statement116" -> "Assignment117"
	"m118" [label="m",style=filled,fillcolor=powderblue]
	"Assignment117" -> "m118"
	"[119" [label="[",style=filled,fillcolor=powderblue]
	"Assignment117" -> "[119"
	"Expression1120" [label="Expression1"]
	"Assignment117" -> "Expression1120"
	"Term1121" [label="Term1"]
	"Expression1120" -> "Term1121"
	"Factor122" [label="Factor"]
	"Term1121" -> "Factor122"
	"Expo123" [label="Expo"]
	"Factor122" -> "Expo123"
	"num124" [label="num",style=filled,fillcolor=powderblue]
	"Expo123" -> "num124"
	"Term2125" [label="Term2"]
	"Term1121" -> "Term2125"
	"e126" [label="e"]
	"Term2125" -> "e126"
	"Expression2127" [label="Expression2"]
	"Expression1120" -> "Expression2127"
	"e128" [label="e"]
	"Expression2127" -> "e128"
	"]129" [label="]",style=filled,fillcolor=powderblue]
	"Assignment117" -> "]129"
	"=130" [label="=",style=filled,fillcolor=powderblue]
	"Assignment117" -> "=130"
	"Expression1131" [label="Expression1"]
	"Assignment117" -> "Expression1131"
	"Term1132" [label="Term1"]
	"Expression1131" -> "Term1132"
	"Factor133" [label="Factor"]
	"Term1132" -> "Factor133"
	"Expo134" [label="Expo"]
	"Factor133" -> "Expo134"
	"num135" [label="num",style=filled,fillcolor=powderblue]
	"Expo134" -> "num135"
	"Term2136" [label="Term2"]
	"Term1132" -> "Term2136"
	"/137" [label="/",style=filled,fillcolor=powderblue]
	"Term2136" -> "/137"
	"Factor138" [label="Factor"]
	"Term2136" -> "Factor138"
	"Expo139" [label="Expo"]
	"Factor138" -> "Expo139"
	"num140" [label="num",style=filled,fillcolor=powderblue]
	"Expo139" -> "num140"
	"Term2141" [label="Term2"]
	"Term2136" -> "Term2141"
	"*142" [label="*",style=filled,fillcolor=powderblue]
	"Term2141" -> "*142"
	"Factor143" [label="Factor"]
	"Term2141" -> "Factor143"
	"Expo144" [label="Expo"]
	"Factor143" -> "Expo144"
	"num145" [label="num",style=filled,fillcolor=powderblue]
	"Expo144" -> "num145"
	"Term2146" [label="Term2"]
	"Term2141" -> "Term2146"
	"e147" [label="e"]
	"Term2146" -> "e147"
	"Expression2148" [label="Expression2"]
	"Expression1131" -> "Expression2148"
	"e149" [label="e"]
	"Expression2148" -> "e149"
	"Statements150" [label="Statements"]
	"Statements115" -> "Statements150"
};
