digraph G {
	"Start1" [label="Start"]
	"Statements2" [label="Statements"]
	"Start1" -> "Statements2"
	"Statement3" [label="Statement"]
	"Statements2" -> "Statement3"
	"Assignment4" [label="Assignment"]
	"Statement3" -> "Assignment4"
	"m5" [label="m",style=filled,fillcolor=powderblue]
	"Assignment4" -> "m5"
	"[6" [label="[",style=filled,fillcolor=powderblue]
	"Assignment4" -> "[6"
	"Expression17" [label="Expression1"]
	"Assignment4" -> "Expression17"
	"Term18" [label="Term1"]
	"Expression17" -> "Term18"
	"Factor9" [label="Factor"]
	"Term18" -> "Factor9"
	"Expo10" [label="Expo"]
	"Factor9" -> "Expo10"
	"num11" [label="num",style=filled,fillcolor=powderblue]
	"Expo10" -> "num11"
	"Term212" [label="Term2"]
	"Term18" -> "Term212"
	"e13" [label="e"]
	"Term212" -> "e13"
	"Expression214" [label="Expression2"]
	"Expression17" -> "Expression214"
	"e15" [label="e"]
	"Expression214" -> "e15"
	"]16" [label="]",style=filled,fillcolor=powderblue]
	"Assignment4" -> "]16"
	"=17" [label="=",style=filled,fillcolor=powderblue]
	"Assignment4" -> "=17"
	"Expression118" [label="Expression1"]
	"Assignment4" -> "Expression118"
	"Term119" [label="Term1"]
	"Expression118" -> "Term119"
	"Factor20" [label="Factor"]
	"Term119" -> "Factor20"
	"Expo21" [label="Expo"]
	"Factor20" -> "Expo21"
	"num22" [label="num",style=filled,fillcolor=powderblue]
	"Expo21" -> "num22"
	"Term223" [label="Term2"]
	"Term119" -> "Term223"
	"/24" [label="/",style=filled,fillcolor=powderblue]
	"Term223" -> "/24"
	"Factor25" [label="Factor"]
	"Term223" -> "Factor25"
	"Expo26" [label="Expo"]
	"Factor25" -> "Expo26"
	"num27" [label="num",style=filled,fillcolor=powderblue]
	"Expo26" -> "num27"
	"Term228" [label="Term2"]
	"Term223" -> "Term228"
	"*29" [label="*",style=filled,fillcolor=powderblue]
	"Term228" -> "*29"
	"Factor30" [label="Factor"]
	"Term228" -> "Factor30"
	"Expo31" [label="Expo"]
	"Factor30" -> "Expo31"
	"num32" [label="num",style=filled,fillcolor=powderblue]
	"Expo31" -> "num32"
	"Term233" [label="Term2"]
	"Term228" -> "Term233"
	"e34" [label="e"]
	"Term233" -> "e34"
	"Expression235" [label="Expression2"]
	"Expression118" -> "Expression235"
	"e36" [label="e"]
	"Expression235" -> "e36"
	"Statements37" [label="Statements"]
	"Statements2" -> "Statements37"
	"Statement38" [label="Statement"]
	"Statements37" -> "Statement38"
	"Assignment39" [label="Assignment"]
	"Statement38" -> "Assignment39"
	"m40" [label="m",style=filled,fillcolor=powderblue]
	"Assignment39" -> "m40"
	"[41" [label="[",style=filled,fillcolor=powderblue]
	"Assignment39" -> "[41"
	"Expression142" [label="Expression1"]
	"Assignment39" -> "Expression142"
	"Term143" [label="Term1"]
	"Expression142" -> "Term143"
	"Factor44" [label="Factor"]
	"Term143" -> "Factor44"
	"Expo45" [label="Expo"]
	"Factor44" -> "Expo45"
	"num46" [label="num",style=filled,fillcolor=powderblue]
	"Expo45" -> "num46"
	"Term247" [label="Term2"]
	"Term143" -> "Term247"
	"e48" [label="e"]
	"Term247" -> "e48"
	"Expression249" [label="Expression2"]
	"Expression142" -> "Expression249"
	"e50" [label="e"]
	"Expression249" -> "e50"
	"]51" [label="]",style=filled,fillcolor=powderblue]
	"Assignment39" -> "]51"
	"=52" [label="=",style=filled,fillcolor=powderblue]
	"Assignment39" -> "=52"
	"Expression153" [label="Expression1"]
	"Assignment39" -> "Expression153"
	"Term154" [label="Term1"]
	"Expression153" -> "Term154"
	"Factor55" [label="Factor"]
	"Term154" -> "Factor55"
	"Expo56" [label="Expo"]
	"Factor55" -> "Expo56"
	"num57" [label="num",style=filled,fillcolor=powderblue]
	"Expo56" -> "num57"
	"Term258" [label="Term2"]
	"Term154" -> "Term258"
	"/59" [label="/",style=filled,fillcolor=powderblue]
	"Term258" -> "/59"
	"Factor60" [label="Factor"]
	"Term258" -> "Factor60"
	"Expo61" [label="Expo"]
	"Factor60" -> "Expo61"
	"num62" [label="num",style=filled,fillcolor=powderblue]
	"Expo61" -> "num62"
	"Term263" [label="Term2"]
	"Term258" -> "Term263"
	"*64" [label="*",style=filled,fillcolor=powderblue]
	"Term263" -> "*64"
	"Factor65" [label="Factor"]
	"Term263" -> "Factor65"
	"Expo66" [label="Expo"]
	"Factor65" -> "Expo66"
	"num67" [label="num",style=filled,fillcolor=powderblue]
	"Expo66" -> "num67"
	"Term268" [label="Term2"]
	"Term263" -> "Term268"
	"e69" [label="e"]
	"Term268" -> "e69"
	"Expression270" [label="Expression2"]
	"Expression153" -> "Expression270"
	"e71" [label="e"]
	"Expression270" -> "e71"
	"Statements72" [label="Statements"]
	"Statements37" -> "Statements72"
	"Statement73" [label="Statement"]
	"Statements72" -> "Statement73"
	"Jump74" [label="Jump"]
	"Statement73" -> "Jump74"
	"goto75" [label="goto",style=filled,fillcolor=powderblue]
	"Jump74" -> "goto75"
	"num76" [label="num",style=filled,fillcolor=powderblue]
	"Jump74" -> "num76"
	"Statements77" [label="Statements"]
	"Statements72" -> "Statements77"
	"Statement78" [label="Statement"]
	"Statements77" -> "Statement78"
	"Assignment79" [label="Assignment"]
	"Statement78" -> "Assignment79"
	"m80" [label="m",style=filled,fillcolor=powderblue]
	"Assignment79" -> "m80"
	"[81" [label="[",style=filled,fillcolor=powderblue]
	"Assignment79" -> "[81"
	"Expression182" [label="Expression1"]
	"Assignment79" -> "Expression182"
	"Term183" [label="Term1"]
	"Expression182" -> "Term183"
	"Factor84" [label="Factor"]
	"Term183" -> "Factor84"
	"Expo85" [label="Expo"]
	"Factor84" -> "Expo85"
	"num86" [label="num",style=filled,fillcolor=powderblue]
	"Expo85" -> "num86"
	"Term287" [label="Term2"]
	"Term183" -> "Term287"
	"e88" [label="e"]
	"Term287" -> "e88"
	"Expression289" [label="Expression2"]
	"Expression182" -> "Expression289"
	"e90" [label="e"]
	"Expression289" -> "e90"
	"]91" [label="]",style=filled,fillcolor=powderblue]
	"Assignment79" -> "]91"
	"=92" [label="=",style=filled,fillcolor=powderblue]
	"Assignment79" -> "=92"
	"Expression193" [label="Expression1"]
	"Assignment79" -> "Expression193"
	"Term194" [label="Term1"]
	"Expression193" -> "Term194"
	"Factor95" [label="Factor"]
	"Term194" -> "Factor95"
	"Expo96" [label="Expo"]
	"Factor95" -> "Expo96"
	"num97" [label="num",style=filled,fillcolor=powderblue]
	"Expo96" -> "num97"
	"Term298" [label="Term2"]
	"Term194" -> "Term298"
	"e99" [label="e"]
	"Term298" -> "e99"
	"Expression2100" [label="Expression2"]
	"Expression193" -> "Expression2100"
	"+101" [label="+",style=filled,fillcolor=powderblue]
	"Expression2100" -> "+101"
	"Term1102" [label="Term1"]
	"Expression2100" -> "Term1102"
	"Factor103" [label="Factor"]
	"Term1102" -> "Factor103"
	"Expo104" [label="Expo"]
	"Factor103" -> "Expo104"
	"m105" [label="m",style=filled,fillcolor=powderblue]
	"Expo104" -> "m105"
	"[106" [label="[",style=filled,fillcolor=powderblue]
	"Expo104" -> "[106"
	"Expression1107" [label="Expression1"]
	"Expo104" -> "Expression1107"
	"Term1108" [label="Term1"]
	"Expression1107" -> "Term1108"
	"Factor109" [label="Factor"]
	"Term1108" -> "Factor109"
	"Expo110" [label="Expo"]
	"Factor109" -> "Expo110"
	"num111" [label="num",style=filled,fillcolor=powderblue]
	"Expo110" -> "num111"
	"Term2112" [label="Term2"]
	"Term1108" -> "Term2112"
	"e113" [label="e"]
	"Term2112" -> "e113"
	"Expression2114" [label="Expression2"]
	"Expression1107" -> "Expression2114"
	"e115" [label="e"]
	"Expression2114" -> "e115"
	"]116" [label="]",style=filled,fillcolor=powderblue]
	"Expo104" -> "]116"
	"Term2117" [label="Term2"]
	"Term1102" -> "Term2117"
	"e118" [label="e"]
	"Term2117" -> "e118"
	"Expression2119" [label="Expression2"]
	"Expression2100" -> "Expression2119"
	"e120" [label="e"]
	"Expression2119" -> "e120"
	"Statements121" [label="Statements"]
	"Statements77" -> "Statements121"
	"Statement122" [label="Statement"]
	"Statements121" -> "Statement122"
	"Assignment123" [label="Assignment"]
	"Statement122" -> "Assignment123"
	"m124" [label="m",style=filled,fillcolor=powderblue]
	"Assignment123" -> "m124"
	"[125" [label="[",style=filled,fillcolor=powderblue]
	"Assignment123" -> "[125"
	"Expression1126" [label="Expression1"]
	"Assignment123" -> "Expression1126"
	"Term1127" [label="Term1"]
	"Expression1126" -> "Term1127"
	"Factor128" [label="Factor"]
	"Term1127" -> "Factor128"
	"Expo129" [label="Expo"]
	"Factor128" -> "Expo129"
	"num130" [label="num",style=filled,fillcolor=powderblue]
	"Expo129" -> "num130"
	"Term2131" [label="Term2"]
	"Term1127" -> "Term2131"
	"e132" [label="e"]
	"Term2131" -> "e132"
	"Expression2133" [label="Expression2"]
	"Expression1126" -> "Expression2133"
	"e134" [label="e"]
	"Expression2133" -> "e134"
	"]135" [label="]",style=filled,fillcolor=powderblue]
	"Assignment123" -> "]135"
	"=136" [label="=",style=filled,fillcolor=powderblue]
	"Assignment123" -> "=136"
	"Expression1137" [label="Expression1"]
	"Assignment123" -> "Expression1137"
	"Term1138" [label="Term1"]
	"Expression1137" -> "Term1138"
	"Factor139" [label="Factor"]
	"Term1138" -> "Factor139"
	"Expo140" [label="Expo"]
	"Factor139" -> "Expo140"
	"num141" [label="num",style=filled,fillcolor=powderblue]
	"Expo140" -> "num141"
	"Term2142" [label="Term2"]
	"Term1138" -> "Term2142"
	"e143" [label="e"]
	"Term2142" -> "e143"
	"Expression2144" [label="Expression2"]
	"Expression1137" -> "Expression2144"
	"-145" [label="-",style=filled,fillcolor=powderblue]
	"Expression2144" -> "-145"
	"Term1146" [label="Term1"]
	"Expression2144" -> "Term1146"
	"Factor147" [label="Factor"]
	"Term1146" -> "Factor147"
	"Expo148" [label="Expo"]
	"Factor147" -> "Expo148"
	"m149" [label="m",style=filled,fillcolor=powderblue]
	"Expo148" -> "m149"
	"[150" [label="[",style=filled,fillcolor=powderblue]
	"Expo148" -> "[150"
	"Expression1151" [label="Expression1"]
	"Expo148" -> "Expression1151"
	"Term1152" [label="Term1"]
	"Expression1151" -> "Term1152"
	"Factor153" [label="Factor"]
	"Term1152" -> "Factor153"
	"Expo154" [label="Expo"]
	"Factor153" -> "Expo154"
	"num155" [label="num",style=filled,fillcolor=powderblue]
	"Expo154" -> "num155"
	"**156" [label="**",style=filled,fillcolor=powderblue]
	"Factor153" -> "**156"
	"Factor157" [label="Factor"]
	"Factor153" -> "Factor157"
	"Expo158" [label="Expo"]
	"Factor157" -> "Expo158"
	"num159" [label="num",style=filled,fillcolor=powderblue]
	"Expo158" -> "num159"
	"Term2160" [label="Term2"]
	"Term1152" -> "Term2160"
	"e161" [label="e"]
	"Term2160" -> "e161"
	"Expression2162" [label="Expression2"]
	"Expression1151" -> "Expression2162"
	"-163" [label="-",style=filled,fillcolor=powderblue]
	"Expression2162" -> "-163"
	"Term1164" [label="Term1"]
	"Expression2162" -> "Term1164"
	"Factor165" [label="Factor"]
	"Term1164" -> "Factor165"
	"Expo166" [label="Expo"]
	"Factor165" -> "Expo166"
	"num167" [label="num",style=filled,fillcolor=powderblue]
	"Expo166" -> "num167"
	"Term2168" [label="Term2"]
	"Term1164" -> "Term2168"
	"e169" [label="e"]
	"Term2168" -> "e169"
	"Expression2170" [label="Expression2"]
	"Expression2162" -> "Expression2170"
	"e171" [label="e"]
	"Expression2170" -> "e171"
	"]172" [label="]",style=filled,fillcolor=powderblue]
	"Expo148" -> "]172"
	"Term2173" [label="Term2"]
	"Term1146" -> "Term2173"
	"e174" [label="e"]
	"Term2173" -> "e174"
	"Expression2175" [label="Expression2"]
	"Expression2144" -> "Expression2175"
	"-176" [label="-",style=filled,fillcolor=powderblue]
	"Expression2175" -> "-176"
	"Term1177" [label="Term1"]
	"Expression2175" -> "Term1177"
	"Factor178" [label="Factor"]
	"Term1177" -> "Factor178"
	"Expo179" [label="Expo"]
	"Factor178" -> "Expo179"
	"num180" [label="num",style=filled,fillcolor=powderblue]
	"Expo179" -> "num180"
	"Term2181" [label="Term2"]
	"Term1177" -> "Term2181"
	"e182" [label="e"]
	"Term2181" -> "e182"
	"Expression2183" [label="Expression2"]
	"Expression2175" -> "Expression2183"
	"e184" [label="e"]
	"Expression2183" -> "e184"
	"Statements185" [label="Statements"]
	"Statements121" -> "Statements185"
	"Statement186" [label="Statement"]
	"Statements185" -> "Statement186"
	"Label187" [label="Label"]
	"Statement186" -> "Label187"
	"L188" [label="L",style=filled,fillcolor=powderblue]
	"Label187" -> "L188"
	"num189" [label="num",style=filled,fillcolor=powderblue]
	"Label187" -> "num189"
	":190" [label=":",style=filled,fillcolor=powderblue]
	"Label187" -> ":190"
	"Statements191" [label="Statements"]
	"Statements185" -> "Statements191"
	"Statement192" [label="Statement"]
	"Statements191" -> "Statement192"
	"Assignment193" [label="Assignment"]
	"Statement192" -> "Assignment193"
	"m194" [label="m",style=filled,fillcolor=powderblue]
	"Assignment193" -> "m194"
	"[195" [label="[",style=filled,fillcolor=powderblue]
	"Assignment193" -> "[195"
	"Expression1196" [label="Expression1"]
	"Assignment193" -> "Expression1196"
	"Term1197" [label="Term1"]
	"Expression1196" -> "Term1197"
	"Factor198" [label="Factor"]
	"Term1197" -> "Factor198"
	"Expo199" [label="Expo"]
	"Factor198" -> "Expo199"
	"num200" [label="num",style=filled,fillcolor=powderblue]
	"Expo199" -> "num200"
	"Term2201" [label="Term2"]
	"Term1197" -> "Term2201"
	"e202" [label="e"]
	"Term2201" -> "e202"
	"Expression2203" [label="Expression2"]
	"Expression1196" -> "Expression2203"
	"e204" [label="e"]
	"Expression2203" -> "e204"
	"]205" [label="]",style=filled,fillcolor=powderblue]
	"Assignment193" -> "]205"
	"=206" [label="=",style=filled,fillcolor=powderblue]
	"Assignment193" -> "=206"
	"Expression1207" [label="Expression1"]
	"Assignment193" -> "Expression1207"
	"Term1208" [label="Term1"]
	"Expression1207" -> "Term1208"
	"Factor209" [label="Factor"]
	"Term1208" -> "Factor209"
	"Expo210" [label="Expo"]
	"Factor209" -> "Expo210"
	"num211" [label="num",style=filled,fillcolor=powderblue]
	"Expo210" -> "num211"
	"Term2212" [label="Term2"]
	"Term1208" -> "Term2212"
	"e213" [label="e"]
	"Term2212" -> "e213"
	"Expression2214" [label="Expression2"]
	"Expression1207" -> "Expression2214"
	"-215" [label="-",style=filled,fillcolor=powderblue]
	"Expression2214" -> "-215"
	"Term1216" [label="Term1"]
	"Expression2214" -> "Term1216"
	"Factor217" [label="Factor"]
	"Term1216" -> "Factor217"
	"Expo218" [label="Expo"]
	"Factor217" -> "Expo218"
	"(219" [label="(",style=filled,fillcolor=powderblue]
	"Expo218" -> "(219"
	"Expression1220" [label="Expression1"]
	"Expo218" -> "Expression1220"
	"Term1221" [label="Term1"]
	"Expression1220" -> "Term1221"
	"Factor222" [label="Factor"]
	"Term1221" -> "Factor222"
	"Expo223" [label="Expo"]
	"Factor222" -> "Expo223"
	"m224" [label="m",style=filled,fillcolor=powderblue]
	"Expo223" -> "m224"
	"[225" [label="[",style=filled,fillcolor=powderblue]
	"Expo223" -> "[225"
	"Expression1226" [label="Expression1"]
	"Expo223" -> "Expression1226"
	"Term1227" [label="Term1"]
	"Expression1226" -> "Term1227"
	"Factor228" [label="Factor"]
	"Term1227" -> "Factor228"
	"Expo229" [label="Expo"]
	"Factor228" -> "Expo229"
	"num230" [label="num",style=filled,fillcolor=powderblue]
	"Expo229" -> "num230"
	"Term2231" [label="Term2"]
	"Term1227" -> "Term2231"
	"e232" [label="e"]
	"Term2231" -> "e232"
	"Expression2233" [label="Expression2"]
	"Expression1226" -> "Expression2233"
	"e234" [label="e"]
	"Expression2233" -> "e234"
	"]235" [label="]",style=filled,fillcolor=powderblue]
	"Expo223" -> "]235"
	"Term2236" [label="Term2"]
	"Term1221" -> "Term2236"
	"e237" [label="e"]
	"Term2236" -> "e237"
	"Expression2238" [label="Expression2"]
	"Expression1220" -> "Expression2238"
	"-239" [label="-",style=filled,fillcolor=powderblue]
	"Expression2238" -> "-239"
	"Term1240" [label="Term1"]
	"Expression2238" -> "Term1240"
	"Factor241" [label="Factor"]
	"Term1240" -> "Factor241"
	"Expo242" [label="Expo"]
	"Factor241" -> "Expo242"
	"num243" [label="num",style=filled,fillcolor=powderblue]
	"Expo242" -> "num243"
	"Term2244" [label="Term2"]
	"Term1240" -> "Term2244"
	"e245" [label="e"]
	"Term2244" -> "e245"
	"Expression2246" [label="Expression2"]
	"Expression2238" -> "Expression2246"
	"e247" [label="e"]
	"Expression2246" -> "e247"
	")248" [label=")",style=filled,fillcolor=powderblue]
	"Expo218" -> ")248"
	"Term2249" [label="Term2"]
	"Term1216" -> "Term2249"
	"e250" [label="e"]
	"Term2249" -> "e250"
	"Expression2251" [label="Expression2"]
	"Expression2214" -> "Expression2251"
	"e252" [label="e"]
	"Expression2251" -> "e252"
	"Statements253" [label="Statements"]
	"Statements191" -> "Statements253"
	"Statement254" [label="Statement"]
	"Statements253" -> "Statement254"
	"Assignment255" [label="Assignment"]
	"Statement254" -> "Assignment255"
	"m256" [label="m",style=filled,fillcolor=powderblue]
	"Assignment255" -> "m256"
	"[257" [label="[",style=filled,fillcolor=powderblue]
	"Assignment255" -> "[257"
	"Expression1258" [label="Expression1"]
	"Assignment255" -> "Expression1258"
	"Term1259" [label="Term1"]
	"Expression1258" -> "Term1259"
	"Factor260" [label="Factor"]
	"Term1259" -> "Factor260"
	"Expo261" [label="Expo"]
	"Factor260" -> "Expo261"
	"num262" [label="num",style=filled,fillcolor=powderblue]
	"Expo261" -> "num262"
	"Term2263" [label="Term2"]
	"Term1259" -> "Term2263"
	"e264" [label="e"]
	"Term2263" -> "e264"
	"Expression2265" [label="Expression2"]
	"Expression1258" -> "Expression2265"
	"e266" [label="e"]
	"Expression2265" -> "e266"
	"]267" [label="]",style=filled,fillcolor=powderblue]
	"Assignment255" -> "]267"
	"=268" [label="=",style=filled,fillcolor=powderblue]
	"Assignment255" -> "=268"
	"Expression1269" [label="Expression1"]
	"Assignment255" -> "Expression1269"
	"Term1270" [label="Term1"]
	"Expression1269" -> "Term1270"
	"Factor271" [label="Factor"]
	"Term1270" -> "Factor271"
	"Expo272" [label="Expo"]
	"Factor271" -> "Expo272"
	"num273" [label="num",style=filled,fillcolor=powderblue]
	"Expo272" -> "num273"
	"Term2274" [label="Term2"]
	"Term1270" -> "Term2274"
	"e275" [label="e"]
	"Term2274" -> "e275"
	"Expression2276" [label="Expression2"]
	"Expression1269" -> "Expression2276"
	"+277" [label="+",style=filled,fillcolor=powderblue]
	"Expression2276" -> "+277"
	"Term1278" [label="Term1"]
	"Expression2276" -> "Term1278"
	"Factor279" [label="Factor"]
	"Term1278" -> "Factor279"
	"Expo280" [label="Expo"]
	"Factor279" -> "Expo280"
	"m281" [label="m",style=filled,fillcolor=powderblue]
	"Expo280" -> "m281"
	"[282" [label="[",style=filled,fillcolor=powderblue]
	"Expo280" -> "[282"
	"Expression1283" [label="Expression1"]
	"Expo280" -> "Expression1283"
	"Term1284" [label="Term1"]
	"Expression1283" -> "Term1284"
	"Factor285" [label="Factor"]
	"Term1284" -> "Factor285"
	"Expo286" [label="Expo"]
	"Factor285" -> "Expo286"
	"num287" [label="num",style=filled,fillcolor=powderblue]
	"Expo286" -> "num287"
	"Term2288" [label="Term2"]
	"Term1284" -> "Term2288"
	"e289" [label="e"]
	"Term2288" -> "e289"
	"Expression2290" [label="Expression2"]
	"Expression1283" -> "Expression2290"
	"e291" [label="e"]
	"Expression2290" -> "e291"
	"]292" [label="]",style=filled,fillcolor=powderblue]
	"Expo280" -> "]292"
	"Term2293" [label="Term2"]
	"Term1278" -> "Term2293"
	"e294" [label="e"]
	"Term2293" -> "e294"
	"Expression2295" [label="Expression2"]
	"Expression2276" -> "Expression2295"
	"e296" [label="e"]
	"Expression2295" -> "e296"
	"Statements297" [label="Statements"]
	"Statements253" -> "Statements297"
	"Statement298" [label="Statement"]
	"Statements297" -> "Statement298"
	"Assignment299" [label="Assignment"]
	"Statement298" -> "Assignment299"
	"m300" [label="m",style=filled,fillcolor=powderblue]
	"Assignment299" -> "m300"
	"[301" [label="[",style=filled,fillcolor=powderblue]
	"Assignment299" -> "[301"
	"Expression1302" [label="Expression1"]
	"Assignment299" -> "Expression1302"
	"Term1303" [label="Term1"]
	"Expression1302" -> "Term1303"
	"Factor304" [label="Factor"]
	"Term1303" -> "Factor304"
	"Expo305" [label="Expo"]
	"Factor304" -> "Expo305"
	"num306" [label="num",style=filled,fillcolor=powderblue]
	"Expo305" -> "num306"
	"Term2307" [label="Term2"]
	"Term1303" -> "Term2307"
	"e308" [label="e"]
	"Term2307" -> "e308"
	"Expression2309" [label="Expression2"]
	"Expression1302" -> "Expression2309"
	"e310" [label="e"]
	"Expression2309" -> "e310"
	"]311" [label="]",style=filled,fillcolor=powderblue]
	"Assignment299" -> "]311"
	"=312" [label="=",style=filled,fillcolor=powderblue]
	"Assignment299" -> "=312"
	"Expression1313" [label="Expression1"]
	"Assignment299" -> "Expression1313"
	"Term1314" [label="Term1"]
	"Expression1313" -> "Term1314"
	"Factor315" [label="Factor"]
	"Term1314" -> "Factor315"
	"Expo316" [label="Expo"]
	"Factor315" -> "Expo316"
	"num317" [label="num",style=filled,fillcolor=powderblue]
	"Expo316" -> "num317"
	"Term2318" [label="Term2"]
	"Term1314" -> "Term2318"
	"e319" [label="e"]
	"Term2318" -> "e319"
	"Expression2320" [label="Expression2"]
	"Expression1313" -> "Expression2320"
	"-321" [label="-",style=filled,fillcolor=powderblue]
	"Expression2320" -> "-321"
	"Term1322" [label="Term1"]
	"Expression2320" -> "Term1322"
	"Factor323" [label="Factor"]
	"Term1322" -> "Factor323"
	"Expo324" [label="Expo"]
	"Factor323" -> "Expo324"
	"m325" [label="m",style=filled,fillcolor=powderblue]
	"Expo324" -> "m325"
	"[326" [label="[",style=filled,fillcolor=powderblue]
	"Expo324" -> "[326"
	"Expression1327" [label="Expression1"]
	"Expo324" -> "Expression1327"
	"Term1328" [label="Term1"]
	"Expression1327" -> "Term1328"
	"Factor329" [label="Factor"]
	"Term1328" -> "Factor329"
	"Expo330" [label="Expo"]
	"Factor329" -> "Expo330"
	"num331" [label="num",style=filled,fillcolor=powderblue]
	"Expo330" -> "num331"
	"Term2332" [label="Term2"]
	"Term1328" -> "Term2332"
	"e333" [label="e"]
	"Term2332" -> "e333"
	"Expression2334" [label="Expression2"]
	"Expression1327" -> "Expression2334"
	"-335" [label="-",style=filled,fillcolor=powderblue]
	"Expression2334" -> "-335"
	"Term1336" [label="Term1"]
	"Expression2334" -> "Term1336"
	"Factor337" [label="Factor"]
	"Term1336" -> "Factor337"
	"Expo338" [label="Expo"]
	"Factor337" -> "Expo338"
	"num339" [label="num",style=filled,fillcolor=powderblue]
	"Expo338" -> "num339"
	"Term2340" [label="Term2"]
	"Term1336" -> "Term2340"
	"e341" [label="e"]
	"Term2340" -> "e341"
	"Expression2342" [label="Expression2"]
	"Expression2334" -> "Expression2342"
	"e343" [label="e"]
	"Expression2342" -> "e343"
	"]344" [label="]",style=filled,fillcolor=powderblue]
	"Expo324" -> "]344"
	"Term2345" [label="Term2"]
	"Term1322" -> "Term2345"
	"e346" [label="e"]
	"Term2345" -> "e346"
	"Expression2347" [label="Expression2"]
	"Expression2320" -> "Expression2347"
	"e348" [label="e"]
	"Expression2347" -> "e348"
	"Statements349" [label="Statements"]
	"Statements297" -> "Statements349"
	"Statement350" [label="Statement"]
	"Statements349" -> "Statement350"
	"Assignment351" [label="Assignment"]
	"Statement350" -> "Assignment351"
	"m352" [label="m",style=filled,fillcolor=powderblue]
	"Assignment351" -> "m352"
	"[353" [label="[",style=filled,fillcolor=powderblue]
	"Assignment351" -> "[353"
	"Expression1354" [label="Expression1"]
	"Assignment351" -> "Expression1354"
	"Term1355" [label="Term1"]
	"Expression1354" -> "Term1355"
	"Factor356" [label="Factor"]
	"Term1355" -> "Factor356"
	"Expo357" [label="Expo"]
	"Factor356" -> "Expo357"
	"num358" [label="num",style=filled,fillcolor=powderblue]
	"Expo357" -> "num358"
	"Term2359" [label="Term2"]
	"Term1355" -> "Term2359"
	"e360" [label="e"]
	"Term2359" -> "e360"
	"Expression2361" [label="Expression2"]
	"Expression1354" -> "Expression2361"
	"e362" [label="e"]
	"Expression2361" -> "e362"
	"]363" [label="]",style=filled,fillcolor=powderblue]
	"Assignment351" -> "]363"
	"=364" [label="=",style=filled,fillcolor=powderblue]
	"Assignment351" -> "=364"
	"Expression1365" [label="Expression1"]
	"Assignment351" -> "Expression1365"
	"Term1366" [label="Term1"]
	"Expression1365" -> "Term1366"
	"Factor367" [label="Factor"]
	"Term1366" -> "Factor367"
	"Expo368" [label="Expo"]
	"Factor367" -> "Expo368"
	"num369" [label="num",style=filled,fillcolor=powderblue]
	"Expo368" -> "num369"
	"Term2370" [label="Term2"]
	"Term1366" -> "Term2370"
	"e371" [label="e"]
	"Term2370" -> "e371"
	"Expression2372" [label="Expression2"]
	"Expression1365" -> "Expression2372"
	"-373" [label="-",style=filled,fillcolor=powderblue]
	"Expression2372" -> "-373"
	"Term1374" [label="Term1"]
	"Expression2372" -> "Term1374"
	"Factor375" [label="Factor"]
	"Term1374" -> "Factor375"
	"Expo376" [label="Expo"]
	"Factor375" -> "Expo376"
	"(377" [label="(",style=filled,fillcolor=powderblue]
	"Expo376" -> "(377"
	"Expression1378" [label="Expression1"]
	"Expo376" -> "Expression1378"
	"Term1379" [label="Term1"]
	"Expression1378" -> "Term1379"
	"Factor380" [label="Factor"]
	"Term1379" -> "Factor380"
	"Expo381" [label="Expo"]
	"Factor380" -> "Expo381"
	"num382" [label="num",style=filled,fillcolor=powderblue]
	"Expo381" -> "num382"
	"Term2383" [label="Term2"]
	"Term1379" -> "Term2383"
	"e384" [label="e"]
	"Term2383" -> "e384"
	"Expression2385" [label="Expression2"]
	"Expression1378" -> "Expression2385"
	"-386" [label="-",style=filled,fillcolor=powderblue]
	"Expression2385" -> "-386"
	"Term1387" [label="Term1"]
	"Expression2385" -> "Term1387"
	"Factor388" [label="Factor"]
	"Term1387" -> "Factor388"
	"Expo389" [label="Expo"]
	"Factor388" -> "Expo389"
	"num390" [label="num",style=filled,fillcolor=powderblue]
	"Expo389" -> "num390"
	"Term2391" [label="Term2"]
	"Term1387" -> "Term2391"
	"e392" [label="e"]
	"Term2391" -> "e392"
	"Expression2393" [label="Expression2"]
	"Expression2385" -> "Expression2393"
	"e394" [label="e"]
	"Expression2393" -> "e394"
	")395" [label=")",style=filled,fillcolor=powderblue]
	"Expo376" -> ")395"
	"Term2396" [label="Term2"]
	"Term1374" -> "Term2396"
	"e397" [label="e"]
	"Term2396" -> "e397"
	"Expression2398" [label="Expression2"]
	"Expression2372" -> "Expression2398"
	"e399" [label="e"]
	"Expression2398" -> "e399"
	"Statements400" [label="Statements"]
	"Statements349" -> "Statements400"
	"Statement401" [label="Statement"]
	"Statements400" -> "Statement401"
	"Assignment402" [label="Assignment"]
	"Statement401" -> "Assignment402"
	"m403" [label="m",style=filled,fillcolor=powderblue]
	"Assignment402" -> "m403"
	"[404" [label="[",style=filled,fillcolor=powderblue]
	"Assignment402" -> "[404"
	"Expression1405" [label="Expression1"]
	"Assignment402" -> "Expression1405"
	"Term1406" [label="Term1"]
	"Expression1405" -> "Term1406"
	"Factor407" [label="Factor"]
	"Term1406" -> "Factor407"
	"Expo408" [label="Expo"]
	"Factor407" -> "Expo408"
	"num409" [label="num",style=filled,fillcolor=powderblue]
	"Expo408" -> "num409"
	"Term2410" [label="Term2"]
	"Term1406" -> "Term2410"
	"e411" [label="e"]
	"Term2410" -> "e411"
	"Expression2412" [label="Expression2"]
	"Expression1405" -> "Expression2412"
	"e413" [label="e"]
	"Expression2412" -> "e413"
	"]414" [label="]",style=filled,fillcolor=powderblue]
	"Assignment402" -> "]414"
	"=415" [label="=",style=filled,fillcolor=powderblue]
	"Assignment402" -> "=415"
	"Expression1416" [label="Expression1"]
	"Assignment402" -> "Expression1416"
	"Term1417" [label="Term1"]
	"Expression1416" -> "Term1417"
	"Factor418" [label="Factor"]
	"Term1417" -> "Factor418"
	"Expo419" [label="Expo"]
	"Factor418" -> "Expo419"
	"num420" [label="num",style=filled,fillcolor=powderblue]
	"Expo419" -> "num420"
	"Term2421" [label="Term2"]
	"Term1417" -> "Term2421"
	"e422" [label="e"]
	"Term2421" -> "e422"
	"Expression2423" [label="Expression2"]
	"Expression1416" -> "Expression2423"
	"-424" [label="-",style=filled,fillcolor=powderblue]
	"Expression2423" -> "-424"
	"Term1425" [label="Term1"]
	"Expression2423" -> "Term1425"
	"Factor426" [label="Factor"]
	"Term1425" -> "Factor426"
	"Expo427" [label="Expo"]
	"Factor426" -> "Expo427"
	"m428" [label="m",style=filled,fillcolor=powderblue]
	"Expo427" -> "m428"
	"[429" [label="[",style=filled,fillcolor=powderblue]
	"Expo427" -> "[429"
	"Expression1430" [label="Expression1"]
	"Expo427" -> "Expression1430"
	"Term1431" [label="Term1"]
	"Expression1430" -> "Term1431"
	"Factor432" [label="Factor"]
	"Term1431" -> "Factor432"
	"Expo433" [label="Expo"]
	"Factor432" -> "Expo433"
	"(434" [label="(",style=filled,fillcolor=powderblue]
	"Expo433" -> "(434"
	"Expression1435" [label="Expression1"]
	"Expo433" -> "Expression1435"
	"Term1436" [label="Term1"]
	"Expression1435" -> "Term1436"
	"Factor437" [label="Factor"]
	"Term1436" -> "Factor437"
	"Expo438" [label="Expo"]
	"Factor437" -> "Expo438"
	"num439" [label="num",style=filled,fillcolor=powderblue]
	"Expo438" -> "num439"
	"Term2440" [label="Term2"]
	"Term1436" -> "Term2440"
	"e441" [label="e"]
	"Term2440" -> "e441"
	"Expression2442" [label="Expression2"]
	"Expression1435" -> "Expression2442"
	"-443" [label="-",style=filled,fillcolor=powderblue]
	"Expression2442" -> "-443"
	"Term1444" [label="Term1"]
	"Expression2442" -> "Term1444"
	"Factor445" [label="Factor"]
	"Term1444" -> "Factor445"
	"Expo446" [label="Expo"]
	"Factor445" -> "Expo446"
	"num447" [label="num",style=filled,fillcolor=powderblue]
	"Expo446" -> "num447"
	"Term2448" [label="Term2"]
	"Term1444" -> "Term2448"
	"e449" [label="e"]
	"Term2448" -> "e449"
	"Expression2450" [label="Expression2"]
	"Expression2442" -> "Expression2450"
	"e451" [label="e"]
	"Expression2450" -> "e451"
	")452" [label=")",style=filled,fillcolor=powderblue]
	"Expo433" -> ")452"
	"Term2453" [label="Term2"]
	"Term1431" -> "Term2453"
	"e454" [label="e"]
	"Term2453" -> "e454"
	"Expression2455" [label="Expression2"]
	"Expression1430" -> "Expression2455"
	"e456" [label="e"]
	"Expression2455" -> "e456"
	"]457" [label="]",style=filled,fillcolor=powderblue]
	"Expo427" -> "]457"
	"Term2458" [label="Term2"]
	"Term1425" -> "Term2458"
	"e459" [label="e"]
	"Term2458" -> "e459"
	"Expression2460" [label="Expression2"]
	"Expression2423" -> "Expression2460"
	"e461" [label="e"]
	"Expression2460" -> "e461"
	"Statements462" [label="Statements"]
	"Statements400" -> "Statements462"
	"Statement463" [label="Statement"]
	"Statements462" -> "Statement463"
	"Print464" [label="Print"]
	"Statement463" -> "Print464"
	"print465" [label="print",style=filled,fillcolor=powderblue]
	"Print464" -> "print465"
	"Expression1466" [label="Expression1"]
	"Print464" -> "Expression1466"
	"Term1467" [label="Term1"]
	"Expression1466" -> "Term1467"
	"Factor468" [label="Factor"]
	"Term1467" -> "Factor468"
	"Expo469" [label="Expo"]
	"Factor468" -> "Expo469"
	"e470" [label="e"]
	"Expo469" -> "e470"
	"Term2471" [label="Term2"]
	"Term1467" -> "Term2471"
	"e472" [label="e"]
	"Term2471" -> "e472"
	"Expression2473" [label="Expression2"]
	"Expression1466" -> "Expression2473"
	"e474" [label="e"]
	"Expression2473" -> "e474"
	"Statements475" [label="Statements"]
	"Statements462" -> "Statements475"
	"Statement476" [label="Statement"]
	"Statements475" -> "Statement476"
	"Label477" [label="Label"]
	"Statement476" -> "Label477"
	"L478" [label="L",style=filled,fillcolor=powderblue]
	"Label477" -> "L478"
	"num479" [label="num",style=filled,fillcolor=powderblue]
	"Label477" -> "num479"
	":480" [label=":",style=filled,fillcolor=powderblue]
	"Label477" -> ":480"
syntax error: found m expecting : - line 12
