digraph G {
	"Start1" [label="Start"]
	"Statements2" [label="Statements"]
	"Start1" -> "Statements2"
	"Statement3" [label="Statement"]
	"Statements2" -> "Statement3"
	"Assignment4" [label="Assignment"]
	"Statement3" -> "Assignment4"
	"m5" [label="m",style=filled,fillcolor=powderblue]
	"Assignment4" -> "m5"
	"[6" [label="[",style=filled,fillcolor=powderblue]
	"Assignment4" -> "[6"
	"Expression17" [label="Expression1"]
	"Assignment4" -> "Expression17"
	"Term18" [label="Term1"]
	"Expression17" -> "Term18"
	"Factor9" [label="Factor"]
	"Term18" -> "Factor9"
	"Expo10" [label="Expo"]
	"Factor9" -> "Expo10"
	"num11" [label="num",style=filled,fillcolor=powderblue]
	"Expo10" -> "num11"
	"Term212" [label="Term2"]
	"Term18" -> "Term212"
	"e13" [label="e"]
	"Term212" -> "e13"
	"Expression214" [label="Expression2"]
	"Expression17" -> "Expression214"
	"e15" [label="e"]
	"Expression214" -> "e15"
	"]16" [label="]",style=filled,fillcolor=powderblue]
	"Assignment4" -> "]16"
	"=17" [label="=",style=filled,fillcolor=powderblue]
	"Assignment4" -> "=17"
	"Expression118" [label="Expression1"]
	"Assignment4" -> "Expression118"
	"Term119" [label="Term1"]
	"Expression118" -> "Term119"
	"Factor20" [label="Factor"]
	"Term119" -> "Factor20"
	"Expo21" [label="Expo"]
	"Factor20" -> "Expo21"
	"num22" [label="num",style=filled,fillcolor=powderblue]
	"Expo21" -> "num22"
	"Term223" [label="Term2"]
	"Term119" -> "Term223"
	"/24" [label="/",style=filled,fillcolor=powderblue]
	"Term223" -> "/24"
	"Factor25" [label="Factor"]
	"Term223" -> "Factor25"
	"Expo26" [label="Expo"]
	"Factor25" -> "Expo26"
	"num27" [label="num",style=filled,fillcolor=powderblue]
	"Expo26" -> "num27"
	"Term228" [label="Term2"]
	"Term223" -> "Term228"
	"*29" [label="*",style=filled,fillcolor=powderblue]
	"Term228" -> "*29"
	"Factor30" [label="Factor"]
	"Term228" -> "Factor30"
	"Expo31" [label="Expo"]
	"Factor30" -> "Expo31"
	"num32" [label="num",style=filled,fillcolor=powderblue]
	"Expo31" -> "num32"
	"Term233" [label="Term2"]
	"Term228" -> "Term233"
	"e34" [label="e"]
	"Term233" -> "e34"
	"Expression235" [label="Expression2"]
	"Expression118" -> "Expression235"
	"e36" [label="e"]
	"Expression235" -> "e36"
	"Statements37" [label="Statements"]
	"Statements2" -> "Statements37"
	"Statement38" [label="Statement"]
	"Statements37" -> "Statement38"
	"Assignment39" [label="Assignment"]
	"Statement38" -> "Assignment39"
	"m40" [label="m",style=filled,fillcolor=powderblue]
	"Assignment39" -> "m40"
	"[41" [label="[",style=filled,fillcolor=powderblue]
	"Assignment39" -> "[41"
	"Expression142" [label="Expression1"]
	"Assignment39" -> "Expression142"
	"Term143" [label="Term1"]
	"Expression142" -> "Term143"
	"Factor44" [label="Factor"]
	"Term143" -> "Factor44"
	"Expo45" [label="Expo"]
	"Factor44" -> "Expo45"
	"num46" [label="num",style=filled,fillcolor=powderblue]
	"Expo45" -> "num46"
	"Term247" [label="Term2"]
	"Term143" -> "Term247"
	"e48" [label="e"]
	"Term247" -> "e48"
	"Expression249" [label="Expression2"]
	"Expression142" -> "Expression249"
	"e50" [label="e"]
	"Expression249" -> "e50"
	"]51" [label="]",style=filled,fillcolor=powderblue]
	"Assignment39" -> "]51"
	"=52" [label="=",style=filled,fillcolor=powderblue]
	"Assignment39" -> "=52"
	"Expression153" [label="Expression1"]
	"Assignment39" -> "Expression153"
	"Term154" [label="Term1"]
	"Expression153" -> "Term154"
	"Factor55" [label="Factor"]
	"Term154" -> "Factor55"
	"Expo56" [label="Expo"]
	"Factor55" -> "Expo56"
	"num57" [label="num",style=filled,fillcolor=powderblue]
	"Expo56" -> "num57"
	"Term258" [label="Term2"]
	"Term154" -> "Term258"
	"*59" [label="*",style=filled,fillcolor=powderblue]
	"Term258" -> "*59"
	"Factor60" [label="Factor"]
	"Term258" -> "Factor60"
	"Expo61" [label="Expo"]
	"Factor60" -> "Expo61"
	"num62" [label="num",style=filled,fillcolor=powderblue]
	"Expo61" -> "num62"
	"Term263" [label="Term2"]
	"Term258" -> "Term263"
	"e64" [label="e"]
	"Term263" -> "e64"
	"Expression265" [label="Expression2"]
	"Expression153" -> "Expression265"
	"-66" [label="-",style=filled,fillcolor=powderblue]
	"Expression265" -> "-66"
	"Term167" [label="Term1"]
	"Expression265" -> "Term167"
	"Factor68" [label="Factor"]
	"Term167" -> "Factor68"
	"Expo69" [label="Expo"]
	"Factor68" -> "Expo69"
	"num70" [label="num",style=filled,fillcolor=powderblue]
	"Expo69" -> "num70"
	"Term271" [label="Term2"]
	"Term167" -> "Term271"
	"e72" [label="e"]
	"Term271" -> "e72"
	"Expression273" [label="Expression2"]
	"Expression265" -> "Expression273"
	"-74" [label="-",style=filled,fillcolor=powderblue]
	"Expression273" -> "-74"
	"Term175" [label="Term1"]
	"Expression273" -> "Term175"
	"Factor76" [label="Factor"]
	"Term175" -> "Factor76"
	"Expo77" [label="Expo"]
	"Factor76" -> "Expo77"
	"num78" [label="num",style=filled,fillcolor=powderblue]
	"Expo77" -> "num78"
	"Term279" [label="Term2"]
	"Term175" -> "Term279"
	"e80" [label="e"]
	"Term279" -> "e80"
	"Expression281" [label="Expression2"]
	"Expression273" -> "Expression281"
	"-82" [label="-",style=filled,fillcolor=powderblue]
	"Expression281" -> "-82"
	"Term183" [label="Term1"]
	"Expression281" -> "Term183"
	"Factor84" [label="Factor"]
	"Term183" -> "Factor84"
	"Expo85" [label="Expo"]
	"Factor84" -> "Expo85"
	"num86" [label="num",style=filled,fillcolor=powderblue]
	"Expo85" -> "num86"
	"Term287" [label="Term2"]
	"Term183" -> "Term287"
	"/88" [label="/",style=filled,fillcolor=powderblue]
	"Term287" -> "/88"
	"Factor89" [label="Factor"]
	"Term287" -> "Factor89"
	"Expo90" [label="Expo"]
	"Factor89" -> "Expo90"
	"num91" [label="num",style=filled,fillcolor=powderblue]
	"Expo90" -> "num91"
	"Term292" [label="Term2"]
	"Term287" -> "Term292"
	"e93" [label="e"]
	"Term292" -> "e93"
	"Expression294" [label="Expression2"]
	"Expression281" -> "Expression294"
	"e95" [label="e"]
	"Expression294" -> "e95"
	"Statements96" [label="Statements"]
	"Statements37" -> "Statements96"
	"Statement97" [label="Statement"]
	"Statements96" -> "Statement97"
	"Print98" [label="Print"]
	"Statement97" -> "Print98"
	"print99" [label="print",style=filled,fillcolor=powderblue]
	"Print98" -> "print99"
	"Expression1100" [label="Expression1"]
	"Print98" -> "Expression1100"
	"Term1101" [label="Term1"]
	"Expression1100" -> "Term1101"
	"Factor102" [label="Factor"]
	"Term1101" -> "Factor102"
	"Expo103" [label="Expo"]
	"Factor102" -> "Expo103"
	"m104" [label="m",style=filled,fillcolor=powderblue]
	"Expo103" -> "m104"
	"[105" [label="[",style=filled,fillcolor=powderblue]
	"Expo103" -> "[105"
	"Expression1106" [label="Expression1"]
	"Expo103" -> "Expression1106"
	"Term1107" [label="Term1"]
	"Expression1106" -> "Term1107"
	"Factor108" [label="Factor"]
	"Term1107" -> "Factor108"
	"Expo109" [label="Expo"]
	"Factor108" -> "Expo109"
	"num110" [label="num",style=filled,fillcolor=powderblue]
	"Expo109" -> "num110"
	"Term2111" [label="Term2"]
	"Term1107" -> "Term2111"
	"e112" [label="e"]
	"Term2111" -> "e112"
	"Expression2113" [label="Expression2"]
	"Expression1106" -> "Expression2113"
	"e114" [label="e"]
	"Expression2113" -> "e114"
	"]115" [label="]",style=filled,fillcolor=powderblue]
	"Expo103" -> "]115"
	"Term2116" [label="Term2"]
	"Term1101" -> "Term2116"
	"e117" [label="e"]
	"Term2116" -> "e117"
	"Expression2118" [label="Expression2"]
	"Expression1100" -> "Expression2118"
	"e119" [label="e"]
	"Expression2118" -> "e119"
	"Statements120" [label="Statements"]
	"Statements96" -> "Statements120"
	"Statement121" [label="Statement"]
	"Statements120" -> "Statement121"
	"Print122" [label="Print"]
	"Statement121" -> "Print122"
	"print123" [label="print",style=filled,fillcolor=powderblue]
	"Print122" -> "print123"
	"Expression1124" [label="Expression1"]
	"Print122" -> "Expression1124"
	"Term1125" [label="Term1"]
	"Expression1124" -> "Term1125"
	"Factor126" [label="Factor"]
	"Term1125" -> "Factor126"
	"Expo127" [label="Expo"]
	"Factor126" -> "Expo127"
	"m128" [label="m",style=filled,fillcolor=powderblue]
	"Expo127" -> "m128"
	"[129" [label="[",style=filled,fillcolor=powderblue]
	"Expo127" -> "[129"
	"Expression1130" [label="Expression1"]
	"Expo127" -> "Expression1130"
	"Term1131" [label="Term1"]
	"Expression1130" -> "Term1131"
	"Factor132" [label="Factor"]
	"Term1131" -> "Factor132"
	"Expo133" [label="Expo"]
	"Factor132" -> "Expo133"
	"num134" [label="num",style=filled,fillcolor=powderblue]
	"Expo133" -> "num134"
	"Term2135" [label="Term2"]
	"Term1131" -> "Term2135"
	"e136" [label="e"]
	"Term2135" -> "e136"
	"Expression2137" [label="Expression2"]
	"Expression1130" -> "Expression2137"
	"e138" [label="e"]
	"Expression2137" -> "e138"
	"]139" [label="]",style=filled,fillcolor=powderblue]
	"Expo127" -> "]139"
	"Term2140" [label="Term2"]
	"Term1125" -> "Term2140"
	"e141" [label="e"]
	"Term2140" -> "e141"
	"Expression2142" [label="Expression2"]
	"Expression1124" -> "Expression2142"
	"e143" [label="e"]
	"Expression2142" -> "e143"
	"Statements144" [label="Statements"]
	"Statements120" -> "Statements144"
	"Statement145" [label="Statement"]
	"Statements144" -> "Statement145"
	"Print146" [label="Print"]
	"Statement145" -> "Print146"
	"print147" [label="print",style=filled,fillcolor=powderblue]
	"Print146" -> "print147"
	"Expression1148" [label="Expression1"]
	"Print146" -> "Expression1148"
	"Term1149" [label="Term1"]
	"Expression1148" -> "Term1149"
	"Factor150" [label="Factor"]
	"Term1149" -> "Factor150"
	"Expo151" [label="Expo"]
	"Factor150" -> "Expo151"
	"m152" [label="m",style=filled,fillcolor=powderblue]
	"Expo151" -> "m152"
	"[153" [label="[",style=filled,fillcolor=powderblue]
	"Expo151" -> "[153"
	"Expression1154" [label="Expression1"]
	"Expo151" -> "Expression1154"
	"Term1155" [label="Term1"]
	"Expression1154" -> "Term1155"
	"Factor156" [label="Factor"]
	"Term1155" -> "Factor156"
	"Expo157" [label="Expo"]
	"Factor156" -> "Expo157"
	"num158" [label="num",style=filled,fillcolor=powderblue]
	"Expo157" -> "num158"
	"Term2159" [label="Term2"]
	"Term1155" -> "Term2159"
	"e160" [label="e"]
	"Term2159" -> "e160"
	"Expression2161" [label="Expression2"]
	"Expression1154" -> "Expression2161"
	"e162" [label="e"]
	"Expression2161" -> "e162"
	"]163" [label="]",style=filled,fillcolor=powderblue]
	"Expo151" -> "]163"
	"Term2164" [label="Term2"]
	"Term1149" -> "Term2164"
	"e165" [label="e"]
	"Term2164" -> "e165"
	"Expression2166" [label="Expression2"]
	"Expression1148" -> "Expression2166"
	"e167" [label="e"]
	"Expression2166" -> "e167"
	"Statements168" [label="Statements"]
	"Statements144" -> "Statements168"
	"Statement169" [label="Statement"]
	"Statements168" -> "Statement169"
	"Print170" [label="Print"]
	"Statement169" -> "Print170"
	"print171" [label="print",style=filled,fillcolor=powderblue]
	"Print170" -> "print171"
	"Expression1172" [label="Expression1"]
	"Print170" -> "Expression1172"
	"Term1173" [label="Term1"]
	"Expression1172" -> "Term1173"
	"Factor174" [label="Factor"]
	"Term1173" -> "Factor174"
	"Expo175" [label="Expo"]
	"Factor174" -> "Expo175"
	"m176" [label="m",style=filled,fillcolor=powderblue]
	"Expo175" -> "m176"
	"[177" [label="[",style=filled,fillcolor=powderblue]
	"Expo175" -> "[177"
	"Expression1178" [label="Expression1"]
	"Expo175" -> "Expression1178"
	"Term1179" [label="Term1"]
	"Expression1178" -> "Term1179"
	"Factor180" [label="Factor"]
	"Term1179" -> "Factor180"
	"Expo181" [label="Expo"]
	"Factor180" -> "Expo181"
	"num182" [label="num",style=filled,fillcolor=powderblue]
	"Expo181" -> "num182"
	"Term2183" [label="Term2"]
	"Term1179" -> "Term2183"
	"e184" [label="e"]
	"Term2183" -> "e184"
	"Expression2185" [label="Expression2"]
	"Expression1178" -> "Expression2185"
	"e186" [label="e"]
	"Expression2185" -> "e186"
	"]187" [label="]",style=filled,fillcolor=powderblue]
	"Expo175" -> "]187"
	"Term2188" [label="Term2"]
	"Term1173" -> "Term2188"
	"e189" [label="e"]
	"Term2188" -> "e189"
	"Expression2190" [label="Expression2"]
	"Expression1172" -> "Expression2190"
	"e191" [label="e"]
	"Expression2190" -> "e191"
	"Statements192" [label="Statements"]
	"Statements168" -> "Statements192"
};
