successdigraph G {
	"Start1" [label="Start"]
	"Statements2" [label="Statements"]
	"Start1" -> "Statements2"
	"Statements23" [label="Statements2"]
	"Statements2" -> "Statements23"
	"Assignment4" [label="Assignment"]
	"Statements23" -> "Assignment4"
	"m5" [label="m",style=filled,fillcolor=powderblue]
	"Assignment4" -> "m5"
	"[6" [label="[",style=filled,fillcolor=powderblue]
	"Assignment4" -> "[6"
	"Expression7" [label="Expression"]
	"Assignment4" -> "Expression7"
	"Term8" [label="Term"]
	"Expression7" -> "Term8"
	"Next19" [label="Next1"]
	"Term8" -> "Next19"
	"Next210" [label="Next2"]
	"Next19" -> "Next210"
	"Next311" [label="Next3"]
	"Next210" -> "Next311"
	"num12" [label="num",style=filled,fillcolor=powderblue]
	"Next311" -> "num12"
	"Next1213" [label="Next12"]
	"Next19" -> "Next1213"
	"Term214" [label="Term2"]
	"Term8" -> "Term214"
	"Expression215" [label="Expression2"]
	"Expression7" -> "Expression215"
	"]16" [label="]",style=filled,fillcolor=powderblue]
	"Assignment4" -> "]16"
	"=17" [label="=",style=filled,fillcolor=powderblue]
	"Assignment4" -> "=17"
	"Expression18" [label="Expression"]
	"Assignment4" -> "Expression18"
	"Term19" [label="Term"]
	"Expression18" -> "Term19"
	"Next120" [label="Next1"]
	"Term19" -> "Next120"
	"Next221" [label="Next2"]
	"Next120" -> "Next221"
	"Next322" [label="Next3"]
	"Next221" -> "Next322"
	"num23" [label="num",style=filled,fillcolor=powderblue]
	"Next322" -> "num23"
	"Next1224" [label="Next12"]
	"Next120" -> "Next1224"
	"Term225" [label="Term2"]
	"Term19" -> "Term225"
	"Expression226" [label="Expression2"]
	"Expression18" -> "Expression226"
	"+27" [label="+",style=filled,fillcolor=powderblue]
	"Expression226" -> "+27"
	"Term28" [label="Term"]
	"Expression226" -> "Term28"
	"Next129" [label="Next1"]
	"Term28" -> "Next129"
	"Next230" [label="Next2"]
	"Next129" -> "Next230"
	"Next331" [label="Next3"]
	"Next230" -> "Next331"
	"num32" [label="num",style=filled,fillcolor=powderblue]
	"Next331" -> "num32"
	"Next1233" [label="Next12"]
	"Next129" -> "Next1233"
	"Assignment34" [label="Assignment"]
	"Next1233" -> "Assignment34"
	"m35" [label="m",style=filled,fillcolor=powderblue]
	"Assignment34" -> "m35"
	"[36" [label="[",style=filled,fillcolor=powderblue]
	"Assignment34" -> "[36"
	"Expression37" [label="Expression"]
	"Assignment34" -> "Expression37"
	"Term38" [label="Term"]
	"Expression37" -> "Term38"
	"Next139" [label="Next1"]
	"Term38" -> "Next139"
	"Next240" [label="Next2"]
	"Next139" -> "Next240"
	"Next341" [label="Next3"]
	"Next240" -> "Next341"
	"num42" [label="num",style=filled,fillcolor=powderblue]
	"Next341" -> "num42"
	"Next1243" [label="Next12"]
	"Next139" -> "Next1243"
	"Term244" [label="Term2"]
	"Term38" -> "Term244"
	"Expression245" [label="Expression2"]
	"Expression37" -> "Expression245"
	"]46" [label="]",style=filled,fillcolor=powderblue]
	"Assignment34" -> "]46"
	"=47" [label="=",style=filled,fillcolor=powderblue]
	"Assignment34" -> "=47"
	"Expression48" [label="Expression"]
	"Assignment34" -> "Expression48"
	"Term49" [label="Term"]
	"Expression48" -> "Term49"
	"Next150" [label="Next1"]
	"Term49" -> "Next150"
	"Next251" [label="Next2"]
	"Next150" -> "Next251"
	"Next352" [label="Next3"]
	"Next251" -> "Next352"
	"num53" [label="num",style=filled,fillcolor=powderblue]
	"Next352" -> "num53"
	"Next1254" [label="Next12"]
	"Next150" -> "Next1254"
	"Term255" [label="Term2"]
	"Term49" -> "Term255"
	"Expression256" [label="Expression2"]
	"Expression48" -> "Expression256"
	"-57" [label="-",style=filled,fillcolor=powderblue]
	"Expression256" -> "-57"
	"Term58" [label="Term"]
	"Expression256" -> "Term58"
	"Next159" [label="Next1"]
	"Term58" -> "Next159"
	"Next260" [label="Next2"]
	"Next159" -> "Next260"
	"(61" [label="(",style=filled,fillcolor=powderblue]
	"Next260" -> "(61"
	"Expression62" [label="Expression"]
	"Next260" -> "Expression62"
	"Term63" [label="Term"]
	"Expression62" -> "Term63"
	"Next164" [label="Next1"]
	"Term63" -> "Next164"
	"Next265" [label="Next2"]
	"Next164" -> "Next265"
	"Next366" [label="Next3"]
	"Next265" -> "Next366"
	"m67" [label="m",style=filled,fillcolor=powderblue]
	"Next366" -> "m67"
	"[68" [label="[",style=filled,fillcolor=powderblue]
	"Next366" -> "[68"
	"Expression69" [label="Expression"]
	"Next366" -> "Expression69"
	"Term70" [label="Term"]
	"Expression69" -> "Term70"
	"Next171" [label="Next1"]
	"Term70" -> "Next171"
	"Next272" [label="Next2"]
	"Next171" -> "Next272"
	"Next373" [label="Next3"]
	"Next272" -> "Next373"
	"num74" [label="num",style=filled,fillcolor=powderblue]
	"Next373" -> "num74"
	"Next1275" [label="Next12"]
	"Next171" -> "Next1275"
	"Term276" [label="Term2"]
	"Term70" -> "Term276"
	"Expression277" [label="Expression2"]
	"Expression69" -> "Expression277"
	"]78" [label="]",style=filled,fillcolor=powderblue]
	"Next366" -> "]78"
	"Next1279" [label="Next12"]
	"Next164" -> "Next1279"
	"Term280" [label="Term2"]
	"Term63" -> "Term280"
	"Expression281" [label="Expression2"]
	"Expression62" -> "Expression281"
	"-82" [label="-",style=filled,fillcolor=powderblue]
	"Expression281" -> "-82"
	"Term83" [label="Term"]
	"Expression281" -> "Term83"
	"Next184" [label="Next1"]
	"Term83" -> "Next184"
	"Next285" [label="Next2"]
	"Next184" -> "Next285"
	"Next386" [label="Next3"]
	"Next285" -> "Next386"
	"num87" [label="num",style=filled,fillcolor=powderblue]
	"Next386" -> "num87"
	"Next1288" [label="Next12"]
	"Next184" -> "Next1288"
	"Term289" [label="Term2"]
	"Term83" -> "Term289"
	"Expression290" [label="Expression2"]
	"Expression281" -> "Expression290"
	")91" [label=")",style=filled,fillcolor=powderblue]
	"Next260" -> ")91"
	"Next1292" [label="Next12"]
	"Next159" -> "Next1292"
	"Assignment93" [label="Assignment"]
	"Next1292" -> "Assignment93"
	"m94" [label="m",style=filled,fillcolor=powderblue]
	"Assignment93" -> "m94"
	"[95" [label="[",style=filled,fillcolor=powderblue]
	"Assignment93" -> "[95"
	"Expression96" [label="Expression"]
	"Assignment93" -> "Expression96"
	"Term97" [label="Term"]
	"Expression96" -> "Term97"
	"Next198" [label="Next1"]
	"Term97" -> "Next198"
	"Next299" [label="Next2"]
	"Next198" -> "Next299"
	"Next3100" [label="Next3"]
	"Next299" -> "Next3100"
	"num101" [label="num",style=filled,fillcolor=powderblue]
	"Next3100" -> "num101"
	"Next12102" [label="Next12"]
	"Next198" -> "Next12102"
	"Term2103" [label="Term2"]
	"Term97" -> "Term2103"
	"Expression2104" [label="Expression2"]
	"Expression96" -> "Expression2104"
	"]105" [label="]",style=filled,fillcolor=powderblue]
	"Assignment93" -> "]105"
	"=106" [label="=",style=filled,fillcolor=powderblue]
	"Assignment93" -> "=106"
	"Expression107" [label="Expression"]
	"Assignment93" -> "Expression107"
	"Term108" [label="Term"]
	"Expression107" -> "Term108"
	"Next1109" [label="Next1"]
	"Term108" -> "Next1109"
	"Next2110" [label="Next2"]
	"Next1109" -> "Next2110"
	"Next3111" [label="Next3"]
	"Next2110" -> "Next3111"
	"num112" [label="num",style=filled,fillcolor=powderblue]
	"Next3111" -> "num112"
	"Next12113" [label="Next12"]
	"Next1109" -> "Next12113"
	"Term2114" [label="Term2"]
	"Term108" -> "Term2114"
	"/115" [label="/",style=filled,fillcolor=powderblue]
	"Term2114" -> "/115"
	"Next1116" [label="Next1"]
	"Term2114" -> "Next1116"
	"Next2117" [label="Next2"]
	"Next1116" -> "Next2117"
	"Next3118" [label="Next3"]
	"Next2117" -> "Next3118"
	"num119" [label="num",style=filled,fillcolor=powderblue]
	"Next3118" -> "num119"
	"Next12120" [label="Next12"]
	"Next1116" -> "Next12120"
	"Term2121" [label="Term2"]
	"Term2114" -> "Term2121"
	"*122" [label="*",style=filled,fillcolor=powderblue]
	"Term2121" -> "*122"
	"Next1123" [label="Next1"]
	"Term2121" -> "Next1123"
	"Next2124" [label="Next2"]
	"Next1123" -> "Next2124"
	"Next3125" [label="Next3"]
	"Next2124" -> "Next3125"
	"num126" [label="num",style=filled,fillcolor=powderblue]
	"Next3125" -> "num126"
	"Next12127" [label="Next12"]
	"Next1123" -> "Next12127"
	"Assignment128" [label="Assignment"]
	"Next12127" -> "Assignment128"
	"m129" [label="m",style=filled,fillcolor=powderblue]
	"Assignment128" -> "m129"
	"[130" [label="[",style=filled,fillcolor=powderblue]
	"Assignment128" -> "[130"
	"Expression131" [label="Expression"]
	"Assignment128" -> "Expression131"
	"Term132" [label="Term"]
	"Expression131" -> "Term132"
	"Next1133" [label="Next1"]
	"Term132" -> "Next1133"
	"Next2134" [label="Next2"]
	"Next1133" -> "Next2134"
	"Next3135" [label="Next3"]
	"Next2134" -> "Next3135"
	"num136" [label="num",style=filled,fillcolor=powderblue]
	"Next3135" -> "num136"
	"Next12137" [label="Next12"]
	"Next1133" -> "Next12137"
	"Term2138" [label="Term2"]
	"Term132" -> "Term2138"
	"Expression2139" [label="Expression2"]
	"Expression131" -> "Expression2139"
	"]140" [label="]",style=filled,fillcolor=powderblue]
	"Assignment128" -> "]140"
	"=141" [label="=",style=filled,fillcolor=powderblue]
	"Assignment128" -> "=141"
	"Expression142" [label="Expression"]
	"Assignment128" -> "Expression142"
	"Term143" [label="Term"]
	"Expression142" -> "Term143"
	"Next1144" [label="Next1"]
	"Term143" -> "Next1144"
	"Next2145" [label="Next2"]
	"Next1144" -> "Next2145"
	"Next3146" [label="Next3"]
	"Next2145" -> "Next3146"
	"num147" [label="num",style=filled,fillcolor=powderblue]
	"Next3146" -> "num147"
	"Next12148" [label="Next12"]
	"Next1144" -> "Next12148"
	"Term2149" [label="Term2"]
	"Term143" -> "Term2149"
	"Expression2150" [label="Expression2"]
	"Expression142" -> "Expression2150"
	"+151" [label="+",style=filled,fillcolor=powderblue]
	"Expression2150" -> "+151"
	"Term152" [label="Term"]
	"Expression2150" -> "Term152"
	"Next1153" [label="Next1"]
	"Term152" -> "Next1153"
	"Next2154" [label="Next2"]
	"Next1153" -> "Next2154"
	"Next3155" [label="Next3"]
	"Next2154" -> "Next3155"
	"m156" [label="m",style=filled,fillcolor=powderblue]
	"Next3155" -> "m156"
	"[157" [label="[",style=filled,fillcolor=powderblue]
	"Next3155" -> "[157"
	"Expression158" [label="Expression"]
	"Next3155" -> "Expression158"
	"Term159" [label="Term"]
	"Expression158" -> "Term159"
	"Next1160" [label="Next1"]
	"Term159" -> "Next1160"
	"Next2161" [label="Next2"]
	"Next1160" -> "Next2161"
	"Next3162" [label="Next3"]
	"Next2161" -> "Next3162"
	"num163" [label="num",style=filled,fillcolor=powderblue]
	"Next3162" -> "num163"
	"Next12164" [label="Next12"]
	"Next1160" -> "Next12164"
	"Term2165" [label="Term2"]
	"Term159" -> "Term2165"
	"Expression2166" [label="Expression2"]
	"Expression158" -> "Expression2166"
	"]167" [label="]",style=filled,fillcolor=powderblue]
	"Next3155" -> "]167"
	"Next12168" [label="Next12"]
	"Next1153" -> "Next12168"
	"Assignment169" [label="Assignment"]
	"Next12168" -> "Assignment169"
	"m170" [label="m",style=filled,fillcolor=powderblue]
	"Assignment169" -> "m170"
	"[171" [label="[",style=filled,fillcolor=powderblue]
	"Assignment169" -> "[171"
	"Expression172" [label="Expression"]
	"Assignment169" -> "Expression172"
	"Term173" [label="Term"]
	"Expression172" -> "Term173"
	"Next1174" [label="Next1"]
	"Term173" -> "Next1174"
	"Next2175" [label="Next2"]
	"Next1174" -> "Next2175"
	"Next3176" [label="Next3"]
	"Next2175" -> "Next3176"
	"num177" [label="num",style=filled,fillcolor=powderblue]
	"Next3176" -> "num177"
	"Next12178" [label="Next12"]
	"Next1174" -> "Next12178"
	"Term2179" [label="Term2"]
	"Term173" -> "Term2179"
	"Expression2180" [label="Expression2"]
	"Expression172" -> "Expression2180"
	"]181" [label="]",style=filled,fillcolor=powderblue]
	"Assignment169" -> "]181"
	"=182" [label="=",style=filled,fillcolor=powderblue]
	"Assignment169" -> "=182"
	"Expression183" [label="Expression"]
	"Assignment169" -> "Expression183"
	"Term184" [label="Term"]
	"Expression183" -> "Term184"
	"Next1185" [label="Next1"]
	"Term184" -> "Next1185"
	"Next2186" [label="Next2"]
	"Next1185" -> "Next2186"
	"Next3187" [label="Next3"]
	"Next2186" -> "Next3187"
	"num188" [label="num",style=filled,fillcolor=powderblue]
	"Next3187" -> "num188"
	"Next12189" [label="Next12"]
	"Next1185" -> "Next12189"
	"Term2190" [label="Term2"]
	"Term184" -> "Term2190"
	"Expression2191" [label="Expression2"]
	"Expression183" -> "Expression2191"
	"-192" [label="-",style=filled,fillcolor=powderblue]
	"Expression2191" -> "-192"
	"Term193" [label="Term"]
	"Expression2191" -> "Term193"
	"Next1194" [label="Next1"]
	"Term193" -> "Next1194"
	"Next2195" [label="Next2"]
	"Next1194" -> "Next2195"
	"Next3196" [label="Next3"]
	"Next2195" -> "Next3196"
	"m197" [label="m",style=filled,fillcolor=powderblue]
	"Next3196" -> "m197"
	"[198" [label="[",style=filled,fillcolor=powderblue]
	"Next3196" -> "[198"
	"Expression199" [label="Expression"]
	"Next3196" -> "Expression199"
	"Term200" [label="Term"]
	"Expression199" -> "Term200"
	"Next1201" [label="Next1"]
	"Term200" -> "Next1201"
	"Next2202" [label="Next2"]
	"Next1201" -> "Next2202"
	"Next3203" [label="Next3"]
	"Next2202" -> "Next3203"
	"num204" [label="num",style=filled,fillcolor=powderblue]
	"Next3203" -> "num204"
	"Next12205" [label="Next12"]
	"Next1201" -> "Next12205"
	"**206" [label="**",style=filled,fillcolor=powderblue]
	"Next12205" -> "**206"
	"Next2207" [label="Next2"]
	"Next12205" -> "Next2207"
	"Next3208" [label="Next3"]
	"Next2207" -> "Next3208"
	"num209" [label="num",style=filled,fillcolor=powderblue]
	"Next3208" -> "num209"
	"Next12210" [label="Next12"]
	"Next12205" -> "Next12210"
	"Term2211" [label="Term2"]
	"Term200" -> "Term2211"
	"*212" [label="*",style=filled,fillcolor=powderblue]
	"Term2211" -> "*212"
	"Next1213" [label="Next1"]
	"Term2211" -> "Next1213"
	"Next2214" [label="Next2"]
	"Next1213" -> "Next2214"
	"Next3215" [label="Next3"]
	"Next2214" -> "Next3215"
	"num216" [label="num",style=filled,fillcolor=powderblue]
	"Next3215" -> "num216"
	"Next12217" [label="Next12"]
	"Next1213" -> "Next12217"
	"Term2218" [label="Term2"]
	"Term2211" -> "Term2218"
	"Expression2219" [label="Expression2"]
	"Expression199" -> "Expression2219"
	"-220" [label="-",style=filled,fillcolor=powderblue]
	"Expression2219" -> "-220"
	"Term221" [label="Term"]
	"Expression2219" -> "Term221"
	"Next1222" [label="Next1"]
	"Term221" -> "Next1222"
	"Next2223" [label="Next2"]
	"Next1222" -> "Next2223"
	"Next3224" [label="Next3"]
	"Next2223" -> "Next3224"
	"num225" [label="num",style=filled,fillcolor=powderblue]
	"Next3224" -> "num225"
	"Next12226" [label="Next12"]
	"Next1222" -> "Next12226"
	"Term2227" [label="Term2"]
	"Term221" -> "Term2227"
	"Expression2228" [label="Expression2"]
	"Expression2219" -> "Expression2228"
	"]229" [label="]",style=filled,fillcolor=powderblue]
	"Next3196" -> "]229"
	"Next12230" [label="Next12"]
	"Next1194" -> "Next12230"
	"Term2231" [label="Term2"]
	"Term193" -> "Term2231"
	"Expression2232" [label="Expression2"]
	"Expression2191" -> "Expression2232"
	"-233" [label="-",style=filled,fillcolor=powderblue]
	"Expression2232" -> "-233"
	"Term234" [label="Term"]
	"Expression2232" -> "Term234"
	"Next1235" [label="Next1"]
	"Term234" -> "Next1235"
	"Next2236" [label="Next2"]
	"Next1235" -> "Next2236"
	"Next3237" [label="Next3"]
	"Next2236" -> "Next3237"
	"num238" [label="num",style=filled,fillcolor=powderblue]
	"Next3237" -> "num238"
	"Next12239" [label="Next12"]
	"Next1235" -> "Next12239"
	"Label240" [label="Label"]
	"Next12239" -> "Label240"
	"L241" [label="L",style=filled,fillcolor=powderblue]
	"Label240" -> "L241"
	"num242" [label="num",style=filled,fillcolor=powderblue]
	"Label240" -> "num242"
	":243" [label=":",style=filled,fillcolor=powderblue]
	"Label240" -> ":243"
	"Term2244" [label="Term2"]
	"Term234" -> "Term2244"
	"Assignment245" [label="Assignment"]
	"Term2244" -> "Assignment245"
	"m246" [label="m",style=filled,fillcolor=powderblue]
	"Assignment245" -> "m246"
	"[247" [label="[",style=filled,fillcolor=powderblue]
	"Assignment245" -> "[247"
	"Expression248" [label="Expression"]
	"Assignment245" -> "Expression248"
	"Term249" [label="Term"]
	"Expression248" -> "Term249"
	"Next1250" [label="Next1"]
	"Term249" -> "Next1250"
	"Next2251" [label="Next2"]
	"Next1250" -> "Next2251"
	"Next3252" [label="Next3"]
	"Next2251" -> "Next3252"
	"num253" [label="num",style=filled,fillcolor=powderblue]
	"Next3252" -> "num253"
	"Next12254" [label="Next12"]
	"Next1250" -> "Next12254"
	"Term2255" [label="Term2"]
	"Term249" -> "Term2255"
	"Expression2256" [label="Expression2"]
	"Expression248" -> "Expression2256"
	"]257" [label="]",style=filled,fillcolor=powderblue]
	"Assignment245" -> "]257"
	"=258" [label="=",style=filled,fillcolor=powderblue]
	"Assignment245" -> "=258"
	"Expression259" [label="Expression"]
	"Assignment245" -> "Expression259"
	"Term260" [label="Term"]
	"Expression259" -> "Term260"
	"Next1261" [label="Next1"]
	"Term260" -> "Next1261"
	"Next2262" [label="Next2"]
	"Next1261" -> "Next2262"
	"Next3263" [label="Next3"]
	"Next2262" -> "Next3263"
	"num264" [label="num",style=filled,fillcolor=powderblue]
	"Next3263" -> "num264"
	"Next12265" [label="Next12"]
	"Next1261" -> "Next12265"
	"Term2266" [label="Term2"]
	"Term260" -> "Term2266"
	"Expression2267" [label="Expression2"]
	"Expression259" -> "Expression2267"
	"-268" [label="-",style=filled,fillcolor=powderblue]
	"Expression2267" -> "-268"
	"Term269" [label="Term"]
	"Expression2267" -> "Term269"
	"Next1270" [label="Next1"]
	"Term269" -> "Next1270"
	"Next2271" [label="Next2"]
	"Next1270" -> "Next2271"
	"(272" [label="(",style=filled,fillcolor=powderblue]
	"Next2271" -> "(272"
	"Expression273" [label="Expression"]
	"Next2271" -> "Expression273"
	"Term274" [label="Term"]
	"Expression273" -> "Term274"
	"Next1275" [label="Next1"]
	"Term274" -> "Next1275"
	"Next2276" [label="Next2"]
	"Next1275" -> "Next2276"
	"Next3277" [label="Next3"]
	"Next2276" -> "Next3277"
	"m278" [label="m",style=filled,fillcolor=powderblue]
	"Next3277" -> "m278"
	"[279" [label="[",style=filled,fillcolor=powderblue]
	"Next3277" -> "[279"
	"Expression280" [label="Expression"]
	"Next3277" -> "Expression280"
	"Term281" [label="Term"]
	"Expression280" -> "Term281"
	"Next1282" [label="Next1"]
	"Term281" -> "Next1282"
	"Next2283" [label="Next2"]
	"Next1282" -> "Next2283"
	"Next3284" [label="Next3"]
	"Next2283" -> "Next3284"
	"num285" [label="num",style=filled,fillcolor=powderblue]
	"Next3284" -> "num285"
	"Next12286" [label="Next12"]
	"Next1282" -> "Next12286"
	"Term2287" [label="Term2"]
	"Term281" -> "Term2287"
	"Expression2288" [label="Expression2"]
	"Expression280" -> "Expression2288"
	"]289" [label="]",style=filled,fillcolor=powderblue]
	"Next3277" -> "]289"
	"Next12290" [label="Next12"]
	"Next1275" -> "Next12290"
	"Term2291" [label="Term2"]
	"Term274" -> "Term2291"
	"Expression2292" [label="Expression2"]
	"Expression273" -> "Expression2292"
	"-293" [label="-",style=filled,fillcolor=powderblue]
	"Expression2292" -> "-293"
	"Term294" [label="Term"]
	"Expression2292" -> "Term294"
	"Next1295" [label="Next1"]
	"Term294" -> "Next1295"
	"Next2296" [label="Next2"]
	"Next1295" -> "Next2296"
	"Next3297" [label="Next3"]
	"Next2296" -> "Next3297"
	"num298" [label="num",style=filled,fillcolor=powderblue]
	"Next3297" -> "num298"
	"Next12299" [label="Next12"]
	"Next1295" -> "Next12299"
	"Term2300" [label="Term2"]
	"Term294" -> "Term2300"
	"Expression2301" [label="Expression2"]
	"Expression2292" -> "Expression2301"
	")302" [label=")",style=filled,fillcolor=powderblue]
	"Next2271" -> ")302"
	"Next12303" [label="Next12"]
	"Next1270" -> "Next12303"
	"Assignment304" [label="Assignment"]
	"Next12303" -> "Assignment304"
	"m305" [label="m",style=filled,fillcolor=powderblue]
	"Assignment304" -> "m305"
	"[306" [label="[",style=filled,fillcolor=powderblue]
	"Assignment304" -> "[306"
	"Expression307" [label="Expression"]
	"Assignment304" -> "Expression307"
	"Term308" [label="Term"]
	"Expression307" -> "Term308"
	"Next1309" [label="Next1"]
	"Term308" -> "Next1309"
	"Next2310" [label="Next2"]
	"Next1309" -> "Next2310"
	"Next3311" [label="Next3"]
	"Next2310" -> "Next3311"
	"num312" [label="num",style=filled,fillcolor=powderblue]
	"Next3311" -> "num312"
	"Next12313" [label="Next12"]
	"Next1309" -> "Next12313"
	"Term2314" [label="Term2"]
	"Term308" -> "Term2314"
	"Expression2315" [label="Expression2"]
	"Expression307" -> "Expression2315"
	"]316" [label="]",style=filled,fillcolor=powderblue]
	"Assignment304" -> "]316"
	"=317" [label="=",style=filled,fillcolor=powderblue]
	"Assignment304" -> "=317"
	"Expression318" [label="Expression"]
	"Assignment304" -> "Expression318"
	"Term319" [label="Term"]
	"Expression318" -> "Term319"
	"Next1320" [label="Next1"]
	"Term319" -> "Next1320"
	"Next2321" [label="Next2"]
	"Next1320" -> "Next2321"
	"Next3322" [label="Next3"]
	"Next2321" -> "Next3322"
	"num323" [label="num",style=filled,fillcolor=powderblue]
	"Next3322" -> "num323"
	"Next12324" [label="Next12"]
	"Next1320" -> "Next12324"
	"Term2325" [label="Term2"]
	"Term319" -> "Term2325"
	"/326" [label="/",style=filled,fillcolor=powderblue]
	"Term2325" -> "/326"
	"Next1327" [label="Next1"]
	"Term2325" -> "Next1327"
	"Next2328" [label="Next2"]
	"Next1327" -> "Next2328"
	"Next3329" [label="Next3"]
	"Next2328" -> "Next3329"
	"num330" [label="num",style=filled,fillcolor=powderblue]
	"Next3329" -> "num330"
	"Next12331" [label="Next12"]
	"Next1327" -> "Next12331"
	"Term2332" [label="Term2"]
	"Term2325" -> "Term2332"
	"*333" [label="*",style=filled,fillcolor=powderblue]
	"Term2332" -> "*333"
	"Next1334" [label="Next1"]
	"Term2332" -> "Next1334"
	"Next2335" [label="Next2"]
	"Next1334" -> "Next2335"
	"Next3336" [label="Next3"]
	"Next2335" -> "Next3336"
	"num337" [label="num",style=filled,fillcolor=powderblue]
	"Next3336" -> "num337"
	"Next12338" [label="Next12"]
	"Next1334" -> "Next12338"
	"Assignment339" [label="Assignment"]
	"Next12338" -> "Assignment339"
	"m340" [label="m",style=filled,fillcolor=powderblue]
	"Assignment339" -> "m340"
	"[341" [label="[",style=filled,fillcolor=powderblue]
	"Assignment339" -> "[341"
	"Expression342" [label="Expression"]
	"Assignment339" -> "Expression342"
	"Term343" [label="Term"]
	"Expression342" -> "Term343"
	"Next1344" [label="Next1"]
	"Term343" -> "Next1344"
	"Next2345" [label="Next2"]
	"Next1344" -> "Next2345"
	"Next3346" [label="Next3"]
	"Next2345" -> "Next3346"
	"num347" [label="num",style=filled,fillcolor=powderblue]
	"Next3346" -> "num347"
	"Next12348" [label="Next12"]
	"Next1344" -> "Next12348"
	"Term2349" [label="Term2"]
	"Term343" -> "Term2349"
	"Expression2350" [label="Expression2"]
	"Expression342" -> "Expression2350"
	"]351" [label="]",style=filled,fillcolor=powderblue]
	"Assignment339" -> "]351"
	"=352" [label="=",style=filled,fillcolor=powderblue]
	"Assignment339" -> "=352"
	"Expression353" [label="Expression"]
	"Assignment339" -> "Expression353"
	"Term354" [label="Term"]
	"Expression353" -> "Term354"
	"Next1355" [label="Next1"]
	"Term354" -> "Next1355"
	"Next2356" [label="Next2"]
	"Next1355" -> "Next2356"
	"Next3357" [label="Next3"]
	"Next2356" -> "Next3357"
	"num358" [label="num",style=filled,fillcolor=powderblue]
	"Next3357" -> "num358"
	"Next12359" [label="Next12"]
	"Next1355" -> "Next12359"
	"Term2360" [label="Term2"]
	"Term354" -> "Term2360"
	"Expression2361" [label="Expression2"]
	"Expression353" -> "Expression2361"
	"+362" [label="+",style=filled,fillcolor=powderblue]
	"Expression2361" -> "+362"
	"Term363" [label="Term"]
	"Expression2361" -> "Term363"
	"Next1364" [label="Next1"]
	"Term363" -> "Next1364"
	"Next2365" [label="Next2"]
	"Next1364" -> "Next2365"
	"Next3366" [label="Next3"]
	"Next2365" -> "Next3366"
	"m367" [label="m",style=filled,fillcolor=powderblue]
	"Next3366" -> "m367"
	"[368" [label="[",style=filled,fillcolor=powderblue]
	"Next3366" -> "[368"
	"Expression369" [label="Expression"]
	"Next3366" -> "Expression369"
	"Term370" [label="Term"]
	"Expression369" -> "Term370"
	"Next1371" [label="Next1"]
	"Term370" -> "Next1371"
	"Next2372" [label="Next2"]
	"Next1371" -> "Next2372"
	"Next3373" [label="Next3"]
	"Next2372" -> "Next3373"
	"num374" [label="num",style=filled,fillcolor=powderblue]
	"Next3373" -> "num374"
	"Next12375" [label="Next12"]
	"Next1371" -> "Next12375"
	"Term2376" [label="Term2"]
	"Term370" -> "Term2376"
	"Expression2377" [label="Expression2"]
	"Expression369" -> "Expression2377"
	"]378" [label="]",style=filled,fillcolor=powderblue]
	"Next3366" -> "]378"
	"Next12379" [label="Next12"]
	"Next1364" -> "Next12379"
	"Assignment380" [label="Assignment"]
	"Next12379" -> "Assignment380"
	"m381" [label="m",style=filled,fillcolor=powderblue]
	"Assignment380" -> "m381"
	"[382" [label="[",style=filled,fillcolor=powderblue]
	"Assignment380" -> "[382"
	"Expression383" [label="Expression"]
	"Assignment380" -> "Expression383"
	"Term384" [label="Term"]
	"Expression383" -> "Term384"
	"Next1385" [label="Next1"]
	"Term384" -> "Next1385"
	"Next2386" [label="Next2"]
	"Next1385" -> "Next2386"
	"Next3387" [label="Next3"]
	"Next2386" -> "Next3387"
	"num388" [label="num",style=filled,fillcolor=powderblue]
	"Next3387" -> "num388"
	"Next12389" [label="Next12"]
	"Next1385" -> "Next12389"
	"Term2390" [label="Term2"]
	"Term384" -> "Term2390"
	"Expression2391" [label="Expression2"]
	"Expression383" -> "Expression2391"
	"]392" [label="]",style=filled,fillcolor=powderblue]
	"Assignment380" -> "]392"
	"=393" [label="=",style=filled,fillcolor=powderblue]
	"Assignment380" -> "=393"
	"Expression394" [label="Expression"]
	"Assignment380" -> "Expression394"
	"Term395" [label="Term"]
	"Expression394" -> "Term395"
	"Next1396" [label="Next1"]
	"Term395" -> "Next1396"
	"Next2397" [label="Next2"]
	"Next1396" -> "Next2397"
	"Next3398" [label="Next3"]
	"Next2397" -> "Next3398"
	"num399" [label="num",style=filled,fillcolor=powderblue]
	"Next3398" -> "num399"
	"Next12400" [label="Next12"]
	"Next1396" -> "Next12400"
	"Term2401" [label="Term2"]
	"Term395" -> "Term2401"
	"Expression2402" [label="Expression2"]
	"Expression394" -> "Expression2402"
	"-403" [label="-",style=filled,fillcolor=powderblue]
	"Expression2402" -> "-403"
	"Term404" [label="Term"]
	"Expression2402" -> "Term404"
	"Next1405" [label="Next1"]
	"Term404" -> "Next1405"
	"Next2406" [label="Next2"]
	"Next1405" -> "Next2406"
	"Next3407" [label="Next3"]
	"Next2406" -> "Next3407"
	"m408" [label="m",style=filled,fillcolor=powderblue]
	"Next3407" -> "m408"
	"[409" [label="[",style=filled,fillcolor=powderblue]
	"Next3407" -> "[409"
	"Expression410" [label="Expression"]
	"Next3407" -> "Expression410"
	"Term411" [label="Term"]
	"Expression410" -> "Term411"
	"Next1412" [label="Next1"]
	"Term411" -> "Next1412"
	"Next2413" [label="Next2"]
	"Next1412" -> "Next2413"
	"Next3414" [label="Next3"]
	"Next2413" -> "Next3414"
	"num415" [label="num",style=filled,fillcolor=powderblue]
	"Next3414" -> "num415"
	"Next12416" [label="Next12"]
	"Next1412" -> "Next12416"
	"Term2417" [label="Term2"]
	"Term411" -> "Term2417"
	"Expression2418" [label="Expression2"]
	"Expression410" -> "Expression2418"
	"-419" [label="-",style=filled,fillcolor=powderblue]
	"Expression2418" -> "-419"
	"Term420" [label="Term"]
	"Expression2418" -> "Term420"
	"Next1421" [label="Next1"]
	"Term420" -> "Next1421"
	"Next2422" [label="Next2"]
	"Next1421" -> "Next2422"
	"Next3423" [label="Next3"]
	"Next2422" -> "Next3423"
	"num424" [label="num",style=filled,fillcolor=powderblue]
	"Next3423" -> "num424"
	"Next12425" [label="Next12"]
	"Next1421" -> "Next12425"
	"Term2426" [label="Term2"]
	"Term420" -> "Term2426"
	"Expression2427" [label="Expression2"]
	"Expression2418" -> "Expression2427"
	"]428" [label="]",style=filled,fillcolor=powderblue]
	"Next3407" -> "]428"
	"Next12429" [label="Next12"]
	"Next1405" -> "Next12429"
	"Assignment430" [label="Assignment"]
	"Next12429" -> "Assignment430"
	"m431" [label="m",style=filled,fillcolor=powderblue]
	"Assignment430" -> "m431"
	"[432" [label="[",style=filled,fillcolor=powderblue]
	"Assignment430" -> "[432"
	"Expression433" [label="Expression"]
	"Assignment430" -> "Expression433"
	"Term434" [label="Term"]
	"Expression433" -> "Term434"
	"Next1435" [label="Next1"]
	"Term434" -> "Next1435"
	"Next2436" [label="Next2"]
	"Next1435" -> "Next2436"
	"Next3437" [label="Next3"]
	"Next2436" -> "Next3437"
	"num438" [label="num",style=filled,fillcolor=powderblue]
	"Next3437" -> "num438"
	"Next12439" [label="Next12"]
	"Next1435" -> "Next12439"
	"Term2440" [label="Term2"]
	"Term434" -> "Term2440"
	"Expression2441" [label="Expression2"]
	"Expression433" -> "Expression2441"
	"]442" [label="]",style=filled,fillcolor=powderblue]
	"Assignment430" -> "]442"
	"=443" [label="=",style=filled,fillcolor=powderblue]
	"Assignment430" -> "=443"
	"Expression444" [label="Expression"]
	"Assignment430" -> "Expression444"
	"Term445" [label="Term"]
	"Expression444" -> "Term445"
	"Next1446" [label="Next1"]
	"Term445" -> "Next1446"
	"Next2447" [label="Next2"]
	"Next1446" -> "Next2447"
	"Next3448" [label="Next3"]
	"Next2447" -> "Next3448"
	"num449" [label="num",style=filled,fillcolor=powderblue]
	"Next3448" -> "num449"
	"Next12450" [label="Next12"]
	"Next1446" -> "Next12450"
	"Term2451" [label="Term2"]
	"Term445" -> "Term2451"
	"Expression2452" [label="Expression2"]
	"Expression444" -> "Expression2452"
	"-453" [label="-",style=filled,fillcolor=powderblue]
	"Expression2452" -> "-453"
	"Term454" [label="Term"]
	"Expression2452" -> "Term454"
	"Next1455" [label="Next1"]
	"Term454" -> "Next1455"
	"Next2456" [label="Next2"]
	"Next1455" -> "Next2456"
	"(457" [label="(",style=filled,fillcolor=powderblue]
	"Next2456" -> "(457"
	"Expression458" [label="Expression"]
	"Next2456" -> "Expression458"
	"Term459" [label="Term"]
	"Expression458" -> "Term459"
	"Next1460" [label="Next1"]
	"Term459" -> "Next1460"
	"Next2461" [label="Next2"]
	"Next1460" -> "Next2461"
	"Next3462" [label="Next3"]
	"Next2461" -> "Next3462"
	"num463" [label="num",style=filled,fillcolor=powderblue]
	"Next3462" -> "num463"
	"Next12464" [label="Next12"]
	"Next1460" -> "Next12464"
	"Term2465" [label="Term2"]
	"Term459" -> "Term2465"
	"Expression2466" [label="Expression2"]
	"Expression458" -> "Expression2466"
	"-467" [label="-",style=filled,fillcolor=powderblue]
	"Expression2466" -> "-467"
	"Term468" [label="Term"]
	"Expression2466" -> "Term468"
	"Next1469" [label="Next1"]
	"Term468" -> "Next1469"
	"Next2470" [label="Next2"]
	"Next1469" -> "Next2470"
	"Next3471" [label="Next3"]
	"Next2470" -> "Next3471"
	"num472" [label="num",style=filled,fillcolor=powderblue]
	"Next3471" -> "num472"
	"Next12473" [label="Next12"]
	"Next1469" -> "Next12473"
	"Term2474" [label="Term2"]
	"Term468" -> "Term2474"
	"Expression2475" [label="Expression2"]
	"Expression2466" -> "Expression2475"
	")476" [label=")",style=filled,fillcolor=powderblue]
	"Next2456" -> ")476"
	"Next12477" [label="Next12"]
	"Next1455" -> "Next12477"
	"Assignment478" [label="Assignment"]
	"Next12477" -> "Assignment478"
	"m479" [label="m",style=filled,fillcolor=powderblue]
	"Assignment478" -> "m479"
	"[480" [label="[",style=filled,fillcolor=powderblue]
	"Assignment478" -> "[480"
	"Expression481" [label="Expression"]
	"Assignment478" -> "Expression481"
	"Term482" [label="Term"]
	"Expression481" -> "Term482"
	"Next1483" [label="Next1"]
	"Term482" -> "Next1483"
	"Next2484" [label="Next2"]
	"Next1483" -> "Next2484"
	"Next3485" [label="Next3"]
	"Next2484" -> "Next3485"
	"num486" [label="num",style=filled,fillcolor=powderblue]
	"Next3485" -> "num486"
	"Next12487" [label="Next12"]
	"Next1483" -> "Next12487"
	"Term2488" [label="Term2"]
	"Term482" -> "Term2488"
	"Expression2489" [label="Expression2"]
	"Expression481" -> "Expression2489"
	"]490" [label="]",style=filled,fillcolor=powderblue]
	"Assignment478" -> "]490"
	"=491" [label="=",style=filled,fillcolor=powderblue]
	"Assignment478" -> "=491"
	"Expression492" [label="Expression"]
	"Assignment478" -> "Expression492"
	"Term493" [label="Term"]
	"Expression492" -> "Term493"
	"Next1494" [label="Next1"]
	"Term493" -> "Next1494"
	"Next2495" [label="Next2"]
	"Next1494" -> "Next2495"
	"Next3496" [label="Next3"]
	"Next2495" -> "Next3496"
	"num497" [label="num",style=filled,fillcolor=powderblue]
	"Next3496" -> "num497"
	"Next12498" [label="Next12"]
	"Next1494" -> "Next12498"
	"Term2499" [label="Term2"]
	"Term493" -> "Term2499"
	"Expression2500" [label="Expression2"]
	"Expression492" -> "Expression2500"
	"-501" [label="-",style=filled,fillcolor=powderblue]
	"Expression2500" -> "-501"
	"Term502" [label="Term"]
	"Expression2500" -> "Term502"
	"Next1503" [label="Next1"]
	"Term502" -> "Next1503"
	"Next2504" [label="Next2"]
	"Next1503" -> "Next2504"
	"Next3505" [label="Next3"]
	"Next2504" -> "Next3505"
	"m506" [label="m",style=filled,fillcolor=powderblue]
	"Next3505" -> "m506"
	"[507" [label="[",style=filled,fillcolor=powderblue]
	"Next3505" -> "[507"
	"Expression508" [label="Expression"]
	"Next3505" -> "Expression508"
	"Term509" [label="Term"]
	"Expression508" -> "Term509"
	"Next1510" [label="Next1"]
	"Term509" -> "Next1510"
	"Next2511" [label="Next2"]
	"Next1510" -> "Next2511"
	"(512" [label="(",style=filled,fillcolor=powderblue]
	"Next2511" -> "(512"
	"Expression513" [label="Expression"]
	"Next2511" -> "Expression513"
	"Term514" [label="Term"]
	"Expression513" -> "Term514"
	"Next1515" [label="Next1"]
	"Term514" -> "Next1515"
	"Next2516" [label="Next2"]
	"Next1515" -> "Next2516"
	"Next3517" [label="Next3"]
	"Next2516" -> "Next3517"
	"num518" [label="num",style=filled,fillcolor=powderblue]
	"Next3517" -> "num518"
	"Next12519" [label="Next12"]
	"Next1515" -> "Next12519"
	"Term2520" [label="Term2"]
	"Term514" -> "Term2520"
	"Expression2521" [label="Expression2"]
	"Expression513" -> "Expression2521"
	"-522" [label="-",style=filled,fillcolor=powderblue]
	"Expression2521" -> "-522"
	"Term523" [label="Term"]
	"Expression2521" -> "Term523"
	"Next1524" [label="Next1"]
	"Term523" -> "Next1524"
	"Next2525" [label="Next2"]
	"Next1524" -> "Next2525"
	"Next3526" [label="Next3"]
	"Next2525" -> "Next3526"
	"num527" [label="num",style=filled,fillcolor=powderblue]
	"Next3526" -> "num527"
	"Next12528" [label="Next12"]
	"Next1524" -> "Next12528"
	"Term2529" [label="Term2"]
	"Term523" -> "Term2529"
	"Expression2530" [label="Expression2"]
	"Expression2521" -> "Expression2530"
	")531" [label=")",style=filled,fillcolor=powderblue]
	"Next2511" -> ")531"
	"Next12532" [label="Next12"]
	"Next1510" -> "Next12532"
	"Term2533" [label="Term2"]
	"Term509" -> "Term2533"
	"Expression2534" [label="Expression2"]
	"Expression508" -> "Expression2534"
	"]535" [label="]",style=filled,fillcolor=powderblue]
	"Next3505" -> "]535"
	"Next12536" [label="Next12"]
	"Next1503" -> "Next12536"
	"Print537" [label="Print"]
	"Next12536" -> "Print537"
	"print538" [label="print",style=filled,fillcolor=powderblue]
	"Print537" -> "print538"
	"Expression539" [label="Expression"]
	"Print537" -> "Expression539"
	"Term540" [label="Term"]
	"Expression539" -> "Term540"
	"Next1541" [label="Next1"]
	"Term540" -> "Next1541"
	"Next2542" [label="Next2"]
	"Next1541" -> "Next2542"
	"Next3543" [label="Next3"]
	"Next2542" -> "Next3543"
	"m544" [label="m",style=filled,fillcolor=powderblue]
	"Next3543" -> "m544"
	"[545" [label="[",style=filled,fillcolor=powderblue]
	"Next3543" -> "[545"
	"Expression546" [label="Expression"]
	"Next3543" -> "Expression546"
	"Term547" [label="Term"]
	"Expression546" -> "Term547"
	"Next1548" [label="Next1"]
	"Term547" -> "Next1548"
	"Next2549" [label="Next2"]
	"Next1548" -> "Next2549"
	"Next3550" [label="Next3"]
	"Next2549" -> "Next3550"
	"num551" [label="num",style=filled,fillcolor=powderblue]
	"Next3550" -> "num551"
	"Next12552" [label="Next12"]
	"Next1548" -> "Next12552"
	"Term2553" [label="Term2"]
	"Term547" -> "Term2553"
	"Expression2554" [label="Expression2"]
	"Expression546" -> "Expression2554"
	"]555" [label="]",style=filled,fillcolor=powderblue]
	"Next3543" -> "]555"
	"Next12556" [label="Next12"]
	"Next1541" -> "Next12556"
	"e557" [label="e"]
	"Next12556" -> "e557"
	"Term2558" [label="Term2"]
	"Term540" -> "Term2558"
	"e559" [label="e"]
	"Term2558" -> "e559"
	"Expression2560" [label="Expression2"]
	"Expression539" -> "Expression2560"
	"e561" [label="e"]
	"Expression2560" -> "e561"
	"Term2562" [label="Term2"]
	"Term502" -> "Term2562"
	"e563" [label="e"]
	"Term2562" -> "e563"
	"Expression2564" [label="Expression2"]
	"Expression2500" -> "Expression2564"
	"e565" [label="e"]
	"Expression2564" -> "e565"
	"Term2566" [label="Term2"]
	"Term454" -> "Term2566"
	"e567" [label="e"]
	"Term2566" -> "e567"
	"Expression2568" [label="Expression2"]
	"Expression2452" -> "Expression2568"
	"e569" [label="e"]
	"Expression2568" -> "e569"
	"Term2570" [label="Term2"]
	"Term404" -> "Term2570"
	"e571" [label="e"]
	"Term2570" -> "e571"
	"Expression2572" [label="Expression2"]
	"Expression2402" -> "Expression2572"
	"e573" [label="e"]
	"Expression2572" -> "e573"
	"Term2574" [label="Term2"]
	"Term363" -> "Term2574"
	"e575" [label="e"]
	"Term2574" -> "e575"
	"Expression2576" [label="Expression2"]
	"Expression2361" -> "Expression2576"
	"e577" [label="e"]
	"Expression2576" -> "e577"
	"Term2578" [label="Term2"]
	"Term2332" -> "Term2578"
	"e579" [label="e"]
	"Term2578" -> "e579"
	"Expression2580" [label="Expression2"]
	"Expression318" -> "Expression2580"
	"e581" [label="e"]
	"Expression2580" -> "e581"
	"Term2582" [label="Term2"]
	"Term269" -> "Term2582"
	"e583" [label="e"]
	"Term2582" -> "e583"
	"Expression2584" [label="Expression2"]
	"Expression2267" -> "Expression2584"
	"e585" [label="e"]
	"Expression2584" -> "e585"
	"Expression2586" [label="Expression2"]
	"Expression2232" -> "Expression2586"
	"e587" [label="e"]
	"Expression2586" -> "e587"
	"Term2588" [label="Term2"]
	"Term152" -> "Term2588"
	"e589" [label="e"]
	"Term2588" -> "e589"
	"Expression2590" [label="Expression2"]
	"Expression2150" -> "Expression2590"
	"e591" [label="e"]
	"Expression2590" -> "e591"
	"Term2592" [label="Term2"]
	"Term2121" -> "Term2592"
	"e593" [label="e"]
	"Term2592" -> "e593"
	"Expression2594" [label="Expression2"]
	"Expression107" -> "Expression2594"
	"e595" [label="e"]
	"Expression2594" -> "e595"
	"Term2596" [label="Term2"]
	"Term58" -> "Term2596"
	"e597" [label="e"]
	"Term2596" -> "e597"
	"Expression2598" [label="Expression2"]
	"Expression256" -> "Expression2598"
	"e599" [label="e"]
	"Expression2598" -> "e599"
	"Term2600" [label="Term2"]
	"Term28" -> "Term2600"
	"e601" [label="e"]
	"Term2600" -> "e601"
	"Expression2602" [label="Expression2"]
	"Expression226" -> "Expression2602"
	"e603" [label="e"]
	"Expression2602" -> "e603"
	"Statements2604" [label="Statements2"]
	"Statements2" -> "Statements2604"
	"e605" [label="e"]
	"Statements2604" -> "e605"
};
