digraph G {
	"Start1" [label="Start"]
	"Statements2" [label="Statements"]
	"Start1" -> "Statements2"
	"Statements23" [label="Statements2"]
	"Statements2" -> "Statements23"
	"Assignment4" [label="Assignment"]
	"Statements23" -> "Assignment4"
	"m5" [label="m",style=filled,fillcolor=powderblue]
	"Assignment4" -> "m5"
	"[6" [label="[",style=filled,fillcolor=powderblue]
	"Assignment4" -> "[6"
	"Expression7" [label="Expression"]
	"Assignment4" -> "Expression7"
	"Term8" [label="Term"]
	"Expression7" -> "Term8"
	"Next19" [label="Next1"]
	"Term8" -> "Next19"
	"Next210" [label="Next2"]
	"Next19" -> "Next210"
	"Next311" [label="Next3"]
	"Next210" -> "Next311"
	"num12" [label="num",style=filled,fillcolor=powderblue]
	"Next311" -> "num12"
	"Next1213" [label="Next12"]
	"Next19" -> "Next1213"
	"Term214" [label="Term2"]
	"Term8" -> "Term214"
	"Expression215" [label="Expression2"]
	"Expression7" -> "Expression215"
	"]16" [label="]",style=filled,fillcolor=powderblue]
	"Assignment4" -> "]16"
	"=17" [label="=",style=filled,fillcolor=powderblue]
	"Assignment4" -> "=17"
	"Expression18" [label="Expression"]
	"Assignment4" -> "Expression18"
	"Term19" [label="Term"]
	"Expression18" -> "Term19"
	"Next120" [label="Next1"]
	"Term19" -> "Next120"
	"Next221" [label="Next2"]
	"Next120" -> "Next221"
	"Next322" [label="Next3"]
	"Next221" -> "Next322"
	"num23" [label="num",style=filled,fillcolor=powderblue]
	"Next322" -> "num23"
	"Next1224" [label="Next12"]
	"Next120" -> "Next1224"
	"Term225" [label="Term2"]
	"Term19" -> "Term225"
	"Expression226" [label="Expression2"]
	"Expression18" -> "Expression226"
	"-27" [label="-",style=filled,fillcolor=powderblue]
	"Expression226" -> "-27"
	"Term28" [label="Term"]
	"Expression226" -> "Term28"
	"Next129" [label="Next1"]
	"Term28" -> "Next129"
	"Next230" [label="Next2"]
	"Next129" -> "Next230"
	"(31" [label="(",style=filled,fillcolor=powderblue]
	"Next230" -> "(31"
	"Expression32" [label="Expression"]
	"Next230" -> "Expression32"
	"Term33" [label="Term"]
	"Expression32" -> "Term33"
	"Next134" [label="Next1"]
	"Term33" -> "Next134"
	"Next235" [label="Next2"]
	"Next134" -> "Next235"
	"Next336" [label="Next3"]
	"Next235" -> "Next336"
	"num37" [label="num",style=filled,fillcolor=powderblue]
	"Next336" -> "num37"
	"Next1238" [label="Next12"]
	"Next134" -> "Next1238"
	"Term239" [label="Term2"]
	"Term33" -> "Term239"
	"Expression240" [label="Expression2"]
	"Expression32" -> "Expression240"
	"-41" [label="-",style=filled,fillcolor=powderblue]
	"Expression240" -> "-41"
	"Term42" [label="Term"]
	"Expression240" -> "Term42"
	"Next143" [label="Next1"]
	"Term42" -> "Next143"
	"Next244" [label="Next2"]
	"Next143" -> "Next244"
	"Next345" [label="Next3"]
	"Next244" -> "Next345"
	"num46" [label="num",style=filled,fillcolor=powderblue]
	"Next345" -> "num46"
	"Next1247" [label="Next12"]
	"Next143" -> "Next1247"
	"Term248" [label="Term2"]
	"Term42" -> "Term248"
	"Expression249" [label="Expression2"]
	"Expression240" -> "Expression249"
	")50" [label=")",style=filled,fillcolor=powderblue]
	"Next230" -> ")50"
	"Next1251" [label="Next12"]
	"Next129" -> "Next1251"
	"Assignment52" [label="Assignment"]
	"Next1251" -> "Assignment52"
	"m53" [label="m",style=filled,fillcolor=powderblue]
	"Assignment52" -> "m53"
	"[54" [label="[",style=filled,fillcolor=powderblue]
	"Assignment52" -> "[54"
	"Expression55" [label="Expression"]
	"Assignment52" -> "Expression55"
	"Term56" [label="Term"]
	"Expression55" -> "Term56"
	"Next157" [label="Next1"]
	"Term56" -> "Next157"
	"Next258" [label="Next2"]
	"Next157" -> "Next258"
	"Next359" [label="Next3"]
	"Next258" -> "Next359"
	"num60" [label="num",style=filled,fillcolor=powderblue]
	"Next359" -> "num60"
	"Next1261" [label="Next12"]
	"Next157" -> "Next1261"
	"Term262" [label="Term2"]
	"Term56" -> "Term262"
	"Expression263" [label="Expression2"]
	"Expression55" -> "Expression263"
	"]64" [label="]",style=filled,fillcolor=powderblue]
	"Assignment52" -> "]64"
	"=65" [label="=",style=filled,fillcolor=powderblue]
	"Assignment52" -> "=65"
	"Expression66" [label="Expression"]
	"Assignment52" -> "Expression66"
	"Term67" [label="Term"]
	"Expression66" -> "Term67"
	"Next168" [label="Next1"]
	"Term67" -> "Next168"
	"Next269" [label="Next2"]
	"Next168" -> "Next269"
	"Next370" [label="Next3"]
	"Next269" -> "Next370"
	"num71" [label="num",style=filled,fillcolor=powderblue]
	"Next370" -> "num71"
	"Next1272" [label="Next12"]
	"Next168" -> "Next1272"
	"Term273" [label="Term2"]
	"Term67" -> "Term273"
	"Expression274" [label="Expression2"]
	"Expression66" -> "Expression274"
	"-75" [label="-",style=filled,fillcolor=powderblue]
	"Expression274" -> "-75"
	"Term76" [label="Term"]
	"Expression274" -> "Term76"
	"Next177" [label="Next1"]
	"Term76" -> "Next177"
	"Next278" [label="Next2"]
	"Next177" -> "Next278"
	"Next379" [label="Next3"]
	"Next278" -> "Next379"
	"m80" [label="m",style=filled,fillcolor=powderblue]
	"Next379" -> "m80"
	"[81" [label="[",style=filled,fillcolor=powderblue]
	"Next379" -> "[81"
	"Expression82" [label="Expression"]
	"Next379" -> "Expression82"
	"Term83" [label="Term"]
	"Expression82" -> "Term83"
	"Next184" [label="Next1"]
	"Term83" -> "Next184"
	"Next285" [label="Next2"]
	"Next184" -> "Next285"
	"(86" [label="(",style=filled,fillcolor=powderblue]
	"Next285" -> "(86"
	"Expression87" [label="Expression"]
	"Next285" -> "Expression87"
	"Term88" [label="Term"]
	"Expression87" -> "Term88"
	"Next189" [label="Next1"]
	"Term88" -> "Next189"
	"Next290" [label="Next2"]
	"Next189" -> "Next290"
	"Next391" [label="Next3"]
	"Next290" -> "Next391"
	"num92" [label="num",style=filled,fillcolor=powderblue]
	"Next391" -> "num92"
	"Next1293" [label="Next12"]
	"Next189" -> "Next1293"
	"Term294" [label="Term2"]
	"Term88" -> "Term294"
	"Expression295" [label="Expression2"]
	"Expression87" -> "Expression295"
	"-96" [label="-",style=filled,fillcolor=powderblue]
	"Expression295" -> "-96"
	"Term97" [label="Term"]
	"Expression295" -> "Term97"
	"Next198" [label="Next1"]
	"Term97" -> "Next198"
	"Next299" [label="Next2"]
	"Next198" -> "Next299"
	"Next3100" [label="Next3"]
	"Next299" -> "Next3100"
	"num101" [label="num",style=filled,fillcolor=powderblue]
	"Next3100" -> "num101"
	"Next12102" [label="Next12"]
	"Next198" -> "Next12102"
	"Term2103" [label="Term2"]
	"Term97" -> "Term2103"
	"Expression2104" [label="Expression2"]
	"Expression295" -> "Expression2104"
	")105" [label=")",style=filled,fillcolor=powderblue]
	"Next285" -> ")105"
	"Next12106" [label="Next12"]
	"Next184" -> "Next12106"
	"Term2107" [label="Term2"]
	"Term83" -> "Term2107"
	"Expression2108" [label="Expression2"]
	"Expression82" -> "Expression2108"
	"]109" [label="]",style=filled,fillcolor=powderblue]
	"Next379" -> "]109"
	"Next12110" [label="Next12"]
	"Next177" -> "Next12110"
	"Print111" [label="Print"]
	"Next12110" -> "Print111"
	"print112" [label="print",style=filled,fillcolor=powderblue]
	"Print111" -> "print112"
	"Expression113" [label="Expression"]
	"Print111" -> "Expression113"
	"Term114" [label="Term"]
	"Expression113" -> "Term114"
	"Next1115" [label="Next1"]
	"Term114" -> "Next1115"
	"Next2116" [label="Next2"]
	"Next1115" -> "Next2116"
	"Next3117" [label="Next3"]
	"Next2116" -> "Next3117"
	"m118" [label="m",style=filled,fillcolor=powderblue]
	"Next3117" -> "m118"
	"[119" [label="[",style=filled,fillcolor=powderblue]
	"Next3117" -> "[119"
	"Expression120" [label="Expression"]
	"Next3117" -> "Expression120"
	"Term121" [label="Term"]
	"Expression120" -> "Term121"
	"Next1122" [label="Next1"]
	"Term121" -> "Next1122"
	"Next2123" [label="Next2"]
	"Next1122" -> "Next2123"
	"Next3124" [label="Next3"]
	"Next2123" -> "Next3124"
	"num125" [label="num",style=filled,fillcolor=powderblue]
	"Next3124" -> "num125"
	"Next12126" [label="Next12"]
	"Next1122" -> "Next12126"
	"Term2127" [label="Term2"]
	"Term121" -> "Term2127"
	"Expression2128" [label="Expression2"]
	"Expression120" -> "Expression2128"
	"]129" [label="]",style=filled,fillcolor=powderblue]
	"Next3117" -> "]129"
	"Next12130" [label="Next12"]
	"Next1115" -> "Next12130"
	"Jump131" [label="Jump"]
	"Next12130" -> "Jump131"
	"goto132" [label="goto",style=filled,fillcolor=powderblue]
	"Jump131" -> "goto132"
	"num133" [label="num",style=filled,fillcolor=powderblue]
	"Jump131" -> "num133"
	"Jump2134" [label="Jump2"]
	"Jump131" -> "Jump2134"
	"if135" [label="if",style=filled,fillcolor=powderblue]
	"Jump2134" -> "if135"
	"Expression136" [label="Expression"]
	"Jump2134" -> "Expression136"
	"Term137" [label="Term"]
	"Expression136" -> "Term137"
	"Next1138" [label="Next1"]
	"Term137" -> "Next1138"
	"Next2139" [label="Next2"]
	"Next1138" -> "Next2139"
	"Next3140" [label="Next3"]
	"Next2139" -> "Next3140"
	"m141" [label="m",style=filled,fillcolor=powderblue]
	"Next3140" -> "m141"
	"[142" [label="[",style=filled,fillcolor=powderblue]
	"Next3140" -> "[142"
	"Expression143" [label="Expression"]
	"Next3140" -> "Expression143"
	"Term144" [label="Term"]
	"Expression143" -> "Term144"
	"Next1145" [label="Next1"]
	"Term144" -> "Next1145"
	"Next2146" [label="Next2"]
	"Next1145" -> "Next2146"
	"Next3147" [label="Next3"]
	"Next2146" -> "Next3147"
	"num148" [label="num",style=filled,fillcolor=powderblue]
	"Next3147" -> "num148"
	"Next12149" [label="Next12"]
	"Next1145" -> "Next12149"
	"Term2150" [label="Term2"]
	"Term144" -> "Term2150"
	"Expression2151" [label="Expression2"]
	"Expression143" -> "Expression2151"
	"]152" [label="]",style=filled,fillcolor=powderblue]
	"Next3140" -> "]152"
	"Next12153" [label="Next12"]
	"Next1138" -> "Next12153"
	"Print154" [label="Print"]
	"Next12153" -> "Print154"
	"print155" [label="print",style=filled,fillcolor=powderblue]
	"Print154" -> "print155"
	"Expression156" [label="Expression"]
	"Print154" -> "Expression156"
	"Term157" [label="Term"]
	"Expression156" -> "Term157"
	"Next1158" [label="Next1"]
	"Term157" -> "Next1158"
	"Next2159" [label="Next2"]
	"Next1158" -> "Next2159"
	"Next3160" [label="Next3"]
	"Next2159" -> "Next3160"
	"m161" [label="m",style=filled,fillcolor=powderblue]
	"Next3160" -> "m161"
	"[162" [label="[",style=filled,fillcolor=powderblue]
	"Next3160" -> "[162"
	"Expression163" [label="Expression"]
	"Next3160" -> "Expression163"
	"Term164" [label="Term"]
	"Expression163" -> "Term164"
	"Next1165" [label="Next1"]
	"Term164" -> "Next1165"
	"Next2166" [label="Next2"]
	"Next1165" -> "Next2166"
	"Next3167" [label="Next3"]
	"Next2166" -> "Next3167"
	"num168" [label="num",style=filled,fillcolor=powderblue]
	"Next3167" -> "num168"
	"Next12169" [label="Next12"]
	"Next1165" -> "Next12169"
	"Term2170" [label="Term2"]
	"Term164" -> "Term2170"
	"Expression2171" [label="Expression2"]
	"Expression163" -> "Expression2171"
	"]172" [label="]",style=filled,fillcolor=powderblue]
	"Next3160" -> "]172"
	"Next12173" [label="Next12"]
	"Next1158" -> "Next12173"
	"Jump174" [label="Jump"]
	"Next12173" -> "Jump174"
	"goto175" [label="goto",style=filled,fillcolor=powderblue]
	"Jump174" -> "goto175"
	"num176" [label="num",style=filled,fillcolor=powderblue]
	"Jump174" -> "num176"
	"Jump2177" [label="Jump2"]
	"Jump174" -> "Jump2177"
	"Print178" [label="Print"]
	"Jump2177" -> "Print178"
	"print179" [label="print",style=filled,fillcolor=powderblue]
	"Print178" -> "print179"
	"Expression180" [label="Expression"]
	"Print178" -> "Expression180"
	"Term181" [label="Term"]
	"Expression180" -> "Term181"
	"Next1182" [label="Next1"]
	"Term181" -> "Next1182"
	"Next2183" [label="Next2"]
	"Next1182" -> "Next2183"
	"Next3184" [label="Next3"]
	"Next2183" -> "Next3184"
	"m185" [label="m",style=filled,fillcolor=powderblue]
	"Next3184" -> "m185"
	"[186" [label="[",style=filled,fillcolor=powderblue]
	"Next3184" -> "[186"
	"Expression187" [label="Expression"]
	"Next3184" -> "Expression187"
	"Term188" [label="Term"]
	"Expression187" -> "Term188"
	"Next1189" [label="Next1"]
	"Term188" -> "Next1189"
	"Next2190" [label="Next2"]
	"Next1189" -> "Next2190"
	"Next3191" [label="Next3"]
	"Next2190" -> "Next3191"
	"num192" [label="num",style=filled,fillcolor=powderblue]
	"Next3191" -> "num192"
	"Next12193" [label="Next12"]
	"Next1189" -> "Next12193"
	"Term2194" [label="Term2"]
	"Term188" -> "Term2194"
	"Expression2195" [label="Expression2"]
	"Expression187" -> "Expression2195"
	"]196" [label="]",style=filled,fillcolor=powderblue]
	"Next3184" -> "]196"
	"Next12197" [label="Next12"]
	"Next1182" -> "Next12197"
	"Label198" [label="Label"]
	"Next12197" -> "Label198"
	"L199" [label="L",style=filled,fillcolor=powderblue]
	"Label198" -> "L199"
	"num200" [label="num",style=filled,fillcolor=powderblue]
	"Label198" -> "num200"
	":201" [label=":",style=filled,fillcolor=powderblue]
	"Label198" -> ":201"
	"Term2202" [label="Term2"]
	"Term181" -> "Term2202"
	"Print203" [label="Print"]
	"Term2202" -> "Print203"
	"print204" [label="print",style=filled,fillcolor=powderblue]
	"Print203" -> "print204"
	"Expression205" [label="Expression"]
	"Print203" -> "Expression205"
	"Term206" [label="Term"]
	"Expression205" -> "Term206"
	"Next1207" [label="Next1"]
	"Term206" -> "Next1207"
	"Next2208" [label="Next2"]
	"Next1207" -> "Next2208"
	"Next3209" [label="Next3"]
	"Next2208" -> "Next3209"
	"m210" [label="m",style=filled,fillcolor=powderblue]
	"Next3209" -> "m210"
	"[211" [label="[",style=filled,fillcolor=powderblue]
	"Next3209" -> "[211"
	"Expression212" [label="Expression"]
	"Next3209" -> "Expression212"
	"Term213" [label="Term"]
	"Expression212" -> "Term213"
	"Next1214" [label="Next1"]
	"Term213" -> "Next1214"
	"Next2215" [label="Next2"]
	"Next1214" -> "Next2215"
	"Next3216" [label="Next3"]
	"Next2215" -> "Next3216"
	"num217" [label="num",style=filled,fillcolor=powderblue]
	"Next3216" -> "num217"
	"Next12218" [label="Next12"]
	"Next1214" -> "Next12218"
	"Term2219" [label="Term2"]
	"Term213" -> "Term2219"
	"Expression2220" [label="Expression2"]
	"Expression212" -> "Expression2220"
	"]221" [label="]",style=filled,fillcolor=powderblue]
	"Next3209" -> "]221"
	"Next12222" [label="Next12"]
	"Next1207" -> "Next12222"
	"Assignment223" [label="Assignment"]
	"Next12222" -> "Assignment223"
	"m224" [label="m",style=filled,fillcolor=powderblue]
	"Assignment223" -> "m224"
	"[225" [label="[",style=filled,fillcolor=powderblue]
	"Assignment223" -> "[225"
	"Expression226" [label="Expression"]
	"Assignment223" -> "Expression226"
	"Term227" [label="Term"]
	"Expression226" -> "Term227"
	"Next1228" [label="Next1"]
	"Term227" -> "Next1228"
	"Next2229" [label="Next2"]
	"Next1228" -> "Next2229"
	"Next3230" [label="Next3"]
	"Next2229" -> "Next3230"
	"num231" [label="num",style=filled,fillcolor=powderblue]
	"Next3230" -> "num231"
	"Next12232" [label="Next12"]
	"Next1228" -> "Next12232"
	"Term2233" [label="Term2"]
	"Term227" -> "Term2233"
	"Expression2234" [label="Expression2"]
	"Expression226" -> "Expression2234"
	"]235" [label="]",style=filled,fillcolor=powderblue]
	"Assignment223" -> "]235"
	"=236" [label="=",style=filled,fillcolor=powderblue]
	"Assignment223" -> "=236"
	"Expression237" [label="Expression"]
	"Assignment223" -> "Expression237"
	"Term238" [label="Term"]
	"Expression237" -> "Term238"
	"Next1239" [label="Next1"]
	"Term238" -> "Next1239"
	"Next2240" [label="Next2"]
	"Next1239" -> "Next2240"
	"Next3241" [label="Next3"]
	"Next2240" -> "Next3241"
	"num242" [label="num",style=filled,fillcolor=powderblue]
	"Next3241" -> "num242"
	"Next12243" [label="Next12"]
	"Next1239" -> "Next12243"
	"Term2244" [label="Term2"]
	"Term238" -> "Term2244"
	"/245" [label="/",style=filled,fillcolor=powderblue]
	"Term2244" -> "/245"
	"Next1246" [label="Next1"]
	"Term2244" -> "Next1246"
	"Next2247" [label="Next2"]
	"Next1246" -> "Next2247"
	"Next3248" [label="Next3"]
	"Next2247" -> "Next3248"
	"num249" [label="num",style=filled,fillcolor=powderblue]
	"Next3248" -> "num249"
	"Next12250" [label="Next12"]
	"Next1246" -> "Next12250"
	"Term2251" [label="Term2"]
	"Term2244" -> "Term2251"
	"*252" [label="*",style=filled,fillcolor=powderblue]
	"Term2251" -> "*252"
	"Next1253" [label="Next1"]
	"Term2251" -> "Next1253"
	"Next2254" [label="Next2"]
	"Next1253" -> "Next2254"
	"Next3255" [label="Next3"]
	"Next2254" -> "Next3255"
	"num256" [label="num",style=filled,fillcolor=powderblue]
	"Next3255" -> "num256"
	"Next12257" [label="Next12"]
	"Next1253" -> "Next12257"
	"Assignment258" [label="Assignment"]
	"Next12257" -> "Assignment258"
	"m259" [label="m",style=filled,fillcolor=powderblue]
	"Assignment258" -> "m259"
	"[260" [label="[",style=filled,fillcolor=powderblue]
	"Assignment258" -> "[260"
	"Expression261" [label="Expression"]
	"Assignment258" -> "Expression261"
	"Term262" [label="Term"]
	"Expression261" -> "Term262"
	"Next1263" [label="Next1"]
	"Term262" -> "Next1263"
	"Next2264" [label="Next2"]
	"Next1263" -> "Next2264"
	"Next3265" [label="Next3"]
	"Next2264" -> "Next3265"
	"num266" [label="num",style=filled,fillcolor=powderblue]
	"Next3265" -> "num266"
	"Next12267" [label="Next12"]
	"Next1263" -> "Next12267"
	"Term2268" [label="Term2"]
	"Term262" -> "Term2268"
	"Expression2269" [label="Expression2"]
	"Expression261" -> "Expression2269"
	"]270" [label="]",style=filled,fillcolor=powderblue]
	"Assignment258" -> "]270"
	"=271" [label="=",style=filled,fillcolor=powderblue]
	"Assignment258" -> "=271"
	"Expression272" [label="Expression"]
	"Assignment258" -> "Expression272"
	"Term273" [label="Term"]
	"Expression272" -> "Term273"
	"Next1274" [label="Next1"]
	"Term273" -> "Next1274"
	"Next2275" [label="Next2"]
	"Next1274" -> "Next2275"
	"Next3276" [label="Next3"]
	"Next2275" -> "Next3276"
	"num277" [label="num",style=filled,fillcolor=powderblue]
	"Next3276" -> "num277"
	"Next12278" [label="Next12"]
	"Next1274" -> "Next12278"
	"Term2279" [label="Term2"]
	"Term273" -> "Term2279"
	"Expression2280" [label="Expression2"]
	"Expression272" -> "Expression2280"
	"+281" [label="+",style=filled,fillcolor=powderblue]
	"Expression2280" -> "+281"
	"Term282" [label="Term"]
	"Expression2280" -> "Term282"
	"Next1283" [label="Next1"]
	"Term282" -> "Next1283"
	"Next2284" [label="Next2"]
	"Next1283" -> "Next2284"
	"Next3285" [label="Next3"]
	"Next2284" -> "Next3285"
	"num286" [label="num",style=filled,fillcolor=powderblue]
	"Next3285" -> "num286"
	"Next12287" [label="Next12"]
	"Next1283" -> "Next12287"
	"Assignment288" [label="Assignment"]
	"Next12287" -> "Assignment288"
	"m289" [label="m",style=filled,fillcolor=powderblue]
	"Assignment288" -> "m289"
	"[290" [label="[",style=filled,fillcolor=powderblue]
	"Assignment288" -> "[290"
	"Expression291" [label="Expression"]
	"Assignment288" -> "Expression291"
	"Term292" [label="Term"]
	"Expression291" -> "Term292"
	"Next1293" [label="Next1"]
	"Term292" -> "Next1293"
	"Next2294" [label="Next2"]
	"Next1293" -> "Next2294"
	"Next3295" [label="Next3"]
	"Next2294" -> "Next3295"
	"num296" [label="num",style=filled,fillcolor=powderblue]
	"Next3295" -> "num296"
	"Next12297" [label="Next12"]
	"Next1293" -> "Next12297"
	"Term2298" [label="Term2"]
	"Term292" -> "Term2298"
	"Expression2299" [label="Expression2"]
	"Expression291" -> "Expression2299"
	"]300" [label="]",style=filled,fillcolor=powderblue]
	"Assignment288" -> "]300"
	"=301" [label="=",style=filled,fillcolor=powderblue]
	"Assignment288" -> "=301"
	"Expression302" [label="Expression"]
	"Assignment288" -> "Expression302"
	"Term303" [label="Term"]
	"Expression302" -> "Term303"
	"Next1304" [label="Next1"]
	"Term303" -> "Next1304"
	"Next2305" [label="Next2"]
	"Next1304" -> "Next2305"
	"Next3306" [label="Next3"]
	"Next2305" -> "Next3306"
	"num307" [label="num",style=filled,fillcolor=powderblue]
	"Next3306" -> "num307"
	"Next12308" [label="Next12"]
	"Next1304" -> "Next12308"
	"Term2309" [label="Term2"]
	"Term303" -> "Term2309"
	"Expression2310" [label="Expression2"]
	"Expression302" -> "Expression2310"
	"-311" [label="-",style=filled,fillcolor=powderblue]
	"Expression2310" -> "-311"
	"Term312" [label="Term"]
	"Expression2310" -> "Term312"
	"Next1313" [label="Next1"]
	"Term312" -> "Next1313"
	"Next2314" [label="Next2"]
	"Next1313" -> "Next2314"
	"(315" [label="(",style=filled,fillcolor=powderblue]
	"Next2314" -> "(315"
	"Expression316" [label="Expression"]
	"Next2314" -> "Expression316"
	"Term317" [label="Term"]
	"Expression316" -> "Term317"
	"Next1318" [label="Next1"]
	"Term317" -> "Next1318"
	"Next2319" [label="Next2"]
	"Next1318" -> "Next2319"
	"Next3320" [label="Next3"]
	"Next2319" -> "Next3320"
	"m321" [label="m",style=filled,fillcolor=powderblue]
	"Next3320" -> "m321"
	"[322" [label="[",style=filled,fillcolor=powderblue]
	"Next3320" -> "[322"
	"Expression323" [label="Expression"]
	"Next3320" -> "Expression323"
	"Term324" [label="Term"]
	"Expression323" -> "Term324"
	"Next1325" [label="Next1"]
	"Term324" -> "Next1325"
	"Next2326" [label="Next2"]
	"Next1325" -> "Next2326"
	"Next3327" [label="Next3"]
	"Next2326" -> "Next3327"
	"num328" [label="num",style=filled,fillcolor=powderblue]
	"Next3327" -> "num328"
	"Next12329" [label="Next12"]
	"Next1325" -> "Next12329"
	"Term2330" [label="Term2"]
	"Term324" -> "Term2330"
	"Expression2331" [label="Expression2"]
	"Expression323" -> "Expression2331"
	"]332" [label="]",style=filled,fillcolor=powderblue]
	"Next3320" -> "]332"
	"Next12333" [label="Next12"]
	"Next1318" -> "Next12333"
	"Term2334" [label="Term2"]
	"Term317" -> "Term2334"
	"Expression2335" [label="Expression2"]
	"Expression316" -> "Expression2335"
	"-336" [label="-",style=filled,fillcolor=powderblue]
	"Expression2335" -> "-336"
	"Term337" [label="Term"]
	"Expression2335" -> "Term337"
	"Next1338" [label="Next1"]
	"Term337" -> "Next1338"
	"Next2339" [label="Next2"]
	"Next1338" -> "Next2339"
	"Next3340" [label="Next3"]
	"Next2339" -> "Next3340"
	"num341" [label="num",style=filled,fillcolor=powderblue]
	"Next3340" -> "num341"
	"Next12342" [label="Next12"]
	"Next1338" -> "Next12342"
	"Term2343" [label="Term2"]
	"Term337" -> "Term2343"
	"Expression2344" [label="Expression2"]
	"Expression2335" -> "Expression2344"
	")345" [label=")",style=filled,fillcolor=powderblue]
	"Next2314" -> ")345"
	"Next12346" [label="Next12"]
	"Next1313" -> "Next12346"
	"Assignment347" [label="Assignment"]
	"Next12346" -> "Assignment347"
	"m348" [label="m",style=filled,fillcolor=powderblue]
	"Assignment347" -> "m348"
	"[349" [label="[",style=filled,fillcolor=powderblue]
	"Assignment347" -> "[349"
	"Expression350" [label="Expression"]
	"Assignment347" -> "Expression350"
	"Term351" [label="Term"]
	"Expression350" -> "Term351"
	"Next1352" [label="Next1"]
	"Term351" -> "Next1352"
	"Next2353" [label="Next2"]
	"Next1352" -> "Next2353"
	"Next3354" [label="Next3"]
	"Next2353" -> "Next3354"
	"num355" [label="num",style=filled,fillcolor=powderblue]
	"Next3354" -> "num355"
	"Next12356" [label="Next12"]
	"Next1352" -> "Next12356"
	"Term2357" [label="Term2"]
	"Term351" -> "Term2357"
	"Expression2358" [label="Expression2"]
	"Expression350" -> "Expression2358"
	"]359" [label="]",style=filled,fillcolor=powderblue]
	"Assignment347" -> "]359"
	"=360" [label="=",style=filled,fillcolor=powderblue]
	"Assignment347" -> "=360"
	"Expression361" [label="Expression"]
	"Assignment347" -> "Expression361"
	"Term362" [label="Term"]
	"Expression361" -> "Term362"
	"Next1363" [label="Next1"]
	"Term362" -> "Next1363"
	"Next2364" [label="Next2"]
	"Next1363" -> "Next2364"
	"Next3365" [label="Next3"]
	"Next2364" -> "Next3365"
	"num366" [label="num",style=filled,fillcolor=powderblue]
	"Next3365" -> "num366"
	"Next12367" [label="Next12"]
	"Next1363" -> "Next12367"
	"Term2368" [label="Term2"]
	"Term362" -> "Term2368"
	"/369" [label="/",style=filled,fillcolor=powderblue]
	"Term2368" -> "/369"
	"Next1370" [label="Next1"]
	"Term2368" -> "Next1370"
	"Next2371" [label="Next2"]
	"Next1370" -> "Next2371"
	"Next3372" [label="Next3"]
	"Next2371" -> "Next3372"
	"num373" [label="num",style=filled,fillcolor=powderblue]
	"Next3372" -> "num373"
	"Next12374" [label="Next12"]
	"Next1370" -> "Next12374"
	"Term2375" [label="Term2"]
	"Term2368" -> "Term2375"
	"*376" [label="*",style=filled,fillcolor=powderblue]
	"Term2375" -> "*376"
	"Next1377" [label="Next1"]
	"Term2375" -> "Next1377"
	"Next2378" [label="Next2"]
	"Next1377" -> "Next2378"
	"Next3379" [label="Next3"]
	"Next2378" -> "Next3379"
	"num380" [label="num",style=filled,fillcolor=powderblue]
	"Next3379" -> "num380"
	"Next12381" [label="Next12"]
	"Next1377" -> "Next12381"
	"e382" [label="e"]
	"Next12381" -> "e382"
	"Term2383" [label="Term2"]
	"Term2375" -> "Term2383"
	"e384" [label="e"]
	"Term2383" -> "e384"
	"Expression2385" [label="Expression2"]
	"Expression361" -> "Expression2385"
	"e386" [label="e"]
	"Expression2385" -> "e386"
	"Term2387" [label="Term2"]
	"Term312" -> "Term2387"
	"e388" [label="e"]
	"Term2387" -> "e388"
	"Expression2389" [label="Expression2"]
	"Expression2310" -> "Expression2389"
	"e390" [label="e"]
	"Expression2389" -> "e390"
	"Term2391" [label="Term2"]
	"Term282" -> "Term2391"
	"e392" [label="e"]
	"Term2391" -> "e392"
	"Expression2393" [label="Expression2"]
	"Expression2280" -> "Expression2393"
	"e394" [label="e"]
	"Expression2393" -> "e394"
	"Term2395" [label="Term2"]
	"Term2251" -> "Term2395"
	"e396" [label="e"]
	"Term2395" -> "e396"
	"Expression2397" [label="Expression2"]
	"Expression237" -> "Expression2397"
	"e398" [label="e"]
	"Expression2397" -> "e398"
	"Term2399" [label="Term2"]
	"Term206" -> "Term2399"
	"e400" [label="e"]
	"Term2399" -> "e400"
	"Expression2401" [label="Expression2"]
	"Expression205" -> "Expression2401"
	"e402" [label="e"]
	"Expression2401" -> "e402"
	"Expression2403" [label="Expression2"]
	"Expression180" -> "Expression2403"
	"e404" [label="e"]
	"Expression2403" -> "e404"
	"Term2405" [label="Term2"]
	"Term157" -> "Term2405"
	"e406" [label="e"]
	"Term2405" -> "e406"
	"Expression2407" [label="Expression2"]
	"Expression156" -> "Expression2407"
	"e408" [label="e"]
	"Expression2407" -> "e408"
	"Term2409" [label="Term2"]
	"Term137" -> "Term2409"
	"e410" [label="e"]
	"Term2409" -> "e410"
	"Expression2411" [label="Expression2"]
	"Expression136" -> "Expression2411"
	"e412" [label="e"]
	"Expression2411" -> "e412"
	"Term2413" [label="Term2"]
	"Term114" -> "Term2413"
	"e414" [label="e"]
	"Term2413" -> "e414"
	"Expression2415" [label="Expression2"]
	"Expression113" -> "Expression2415"
	"e416" [label="e"]
	"Expression2415" -> "e416"
	"Term2417" [label="Term2"]
	"Term76" -> "Term2417"
	"e418" [label="e"]
	"Term2417" -> "e418"
	"Expression2419" [label="Expression2"]
	"Expression274" -> "Expression2419"
	"e420" [label="e"]
	"Expression2419" -> "e420"
	"Term2421" [label="Term2"]
	"Term28" -> "Term2421"
	"e422" [label="e"]
	"Term2421" -> "e422"
	"Expression2423" [label="Expression2"]
	"Expression226" -> "Expression2423"
	"e424" [label="e"]
	"Expression2423" -> "e424"
	"Statements2425" [label="Statements2"]
	"Statements2" -> "Statements2425"
	"e426" [label="e"]
	"Statements2425" -> "e426"
};
