digraph G {
	"Start1" [label="Start"]
	"Statements2" [label="Statements"]
	"Start1" -> "Statements2"
	"Statement3" [label="Statement"]
	"Statements2" -> "Statement3"
	"Assignment4" [label="Assignment"]
	"Statement3" -> "Assignment4"
	"m5" [label="m",style=filled,fillcolor=powderblue]
	"Assignment4" -> "m5"
	"[6" [label="[",style=filled,fillcolor=powderblue]
	"Assignment4" -> "[6"
	"Expression7" [label="Expression"]
	"Assignment4" -> "Expression7"
	"Term8" [label="Term"]
	"Expression7" -> "Term8"
	"Power9" [label="Power"]
	"Term8" -> "Power9"
	"Factor10" [label="Factor"]
	"Power9" -> "Factor10"
	"num11" [label="num",style=filled,fillcolor=powderblue]
	"Factor10" -> "num11"
	"PowerPrime12" [label="PowerPrime"]
	"Power9" -> "PowerPrime12"
	"e13" [label="e"]
	"PowerPrime12" -> "e13"
	"TermPrime14" [label="TermPrime"]
	"Term8" -> "TermPrime14"
	"e15" [label="e"]
	"TermPrime14" -> "e15"
	"ExpressionPrime16" [label="ExpressionPrime"]
	"Expression7" -> "ExpressionPrime16"
	"e17" [label="e"]
	"ExpressionPrime16" -> "e17"
	"]18" [label="]",style=filled,fillcolor=powderblue]
	"Assignment4" -> "]18"
	"=19" [label="=",style=filled,fillcolor=powderblue]
	"Assignment4" -> "=19"
	"Expression20" [label="Expression"]
	"Assignment4" -> "Expression20"
	"Term21" [label="Term"]
	"Expression20" -> "Term21"
	"Power22" [label="Power"]
	"Term21" -> "Power22"
	"Factor23" [label="Factor"]
	"Power22" -> "Factor23"
	"num24" [label="num",style=filled,fillcolor=powderblue]
	"Factor23" -> "num24"
	"PowerPrime25" [label="PowerPrime"]
	"Power22" -> "PowerPrime25"
	"e26" [label="e"]
	"PowerPrime25" -> "e26"
	"TermPrime27" [label="TermPrime"]
	"Term21" -> "TermPrime27"
	"/28" [label="/",style=filled,fillcolor=powderblue]
	"TermPrime27" -> "/28"
	"Power29" [label="Power"]
	"TermPrime27" -> "Power29"
	"Factor30" [label="Factor"]
	"Power29" -> "Factor30"
	"num31" [label="num",style=filled,fillcolor=powderblue]
	"Factor30" -> "num31"
	"PowerPrime32" [label="PowerPrime"]
	"Power29" -> "PowerPrime32"
	"e33" [label="e"]
	"PowerPrime32" -> "e33"
	"TermPrime34" [label="TermPrime"]
	"TermPrime27" -> "TermPrime34"
	"*35" [label="*",style=filled,fillcolor=powderblue]
	"TermPrime34" -> "*35"
	"Power36" [label="Power"]
	"TermPrime34" -> "Power36"
	"Factor37" [label="Factor"]
	"Power36" -> "Factor37"
	"num38" [label="num",style=filled,fillcolor=powderblue]
	"Factor37" -> "num38"
	"PowerPrime39" [label="PowerPrime"]
	"Power36" -> "PowerPrime39"
	"e40" [label="e"]
	"PowerPrime39" -> "e40"
	"TermPrime41" [label="TermPrime"]
	"TermPrime34" -> "TermPrime41"
	"e42" [label="e"]
	"TermPrime41" -> "e42"
	"ExpressionPrime43" [label="ExpressionPrime"]
	"Expression20" -> "ExpressionPrime43"
	"e44" [label="e"]
	"ExpressionPrime43" -> "e44"
	"Statements45" [label="Statements"]
	"Statements2" -> "Statements45"
	"Statement46" [label="Statement"]
	"Statements45" -> "Statement46"
	"Assignment47" [label="Assignment"]
	"Statement46" -> "Assignment47"
	"m48" [label="m",style=filled,fillcolor=powderblue]
	"Assignment47" -> "m48"
	"[49" [label="[",style=filled,fillcolor=powderblue]
	"Assignment47" -> "[49"
	"Expression50" [label="Expression"]
	"Assignment47" -> "Expression50"
	"Term51" [label="Term"]
	"Expression50" -> "Term51"
	"Power52" [label="Power"]
	"Term51" -> "Power52"
	"Factor53" [label="Factor"]
	"Power52" -> "Factor53"
	"num54" [label="num",style=filled,fillcolor=powderblue]
	"Factor53" -> "num54"
	"PowerPrime55" [label="PowerPrime"]
	"Power52" -> "PowerPrime55"
	"e56" [label="e"]
	"PowerPrime55" -> "e56"
	"TermPrime57" [label="TermPrime"]
	"Term51" -> "TermPrime57"
	"e58" [label="e"]
	"TermPrime57" -> "e58"
	"ExpressionPrime59" [label="ExpressionPrime"]
	"Expression50" -> "ExpressionPrime59"
	"e60" [label="e"]
	"ExpressionPrime59" -> "e60"
	"]61" [label="]",style=filled,fillcolor=powderblue]
	"Assignment47" -> "]61"
	"=62" [label="=",style=filled,fillcolor=powderblue]
	"Assignment47" -> "=62"
	"Expression63" [label="Expression"]
	"Assignment47" -> "Expression63"
	"Term64" [label="Term"]
	"Expression63" -> "Term64"
	"Power65" [label="Power"]
	"Term64" -> "Power65"
	"Factor66" [label="Factor"]
	"Power65" -> "Factor66"
	"num67" [label="num",style=filled,fillcolor=powderblue]
	"Factor66" -> "num67"
	"PowerPrime68" [label="PowerPrime"]
	"Power65" -> "PowerPrime68"
	"e69" [label="e"]
	"PowerPrime68" -> "e69"
	"TermPrime70" [label="TermPrime"]
	"Term64" -> "TermPrime70"
	"/71" [label="/",style=filled,fillcolor=powderblue]
	"TermPrime70" -> "/71"
	"Power72" [label="Power"]
	"TermPrime70" -> "Power72"
	"Factor73" [label="Factor"]
	"Power72" -> "Factor73"
	"num74" [label="num",style=filled,fillcolor=powderblue]
	"Factor73" -> "num74"
	"PowerPrime75" [label="PowerPrime"]
	"Power72" -> "PowerPrime75"
	"e76" [label="e"]
	"PowerPrime75" -> "e76"
	"TermPrime77" [label="TermPrime"]
	"TermPrime70" -> "TermPrime77"
	"*78" [label="*",style=filled,fillcolor=powderblue]
	"TermPrime77" -> "*78"
	"Power79" [label="Power"]
	"TermPrime77" -> "Power79"
	"Factor80" [label="Factor"]
	"Power79" -> "Factor80"
	"num81" [label="num",style=filled,fillcolor=powderblue]
	"Factor80" -> "num81"
	"PowerPrime82" [label="PowerPrime"]
	"Power79" -> "PowerPrime82"
	"e83" [label="e"]
	"PowerPrime82" -> "e83"
	"TermPrime84" [label="TermPrime"]
	"TermPrime77" -> "TermPrime84"
	"e85" [label="e"]
	"TermPrime84" -> "e85"
	"ExpressionPrime86" [label="ExpressionPrime"]
	"Expression63" -> "ExpressionPrime86"
	"e87" [label="e"]
	"ExpressionPrime86" -> "e87"
	"Statements88" [label="Statements"]
	"Statements45" -> "Statements88"
	"Statement89" [label="Statement"]
	"Statements88" -> "Statement89"
	"Jump90" [label="Jump"]
	"Statement89" -> "Jump90"
	"goto91" [label="goto",style=filled,fillcolor=powderblue]
	"Jump90" -> "goto91"
	"num92" [label="num",style=filled,fillcolor=powderblue]
	"Jump90" -> "num92"
	"JumpPrime93" [label="JumpPrime"]
	"Jump90" -> "JumpPrime93"
	"e94" [label="e"]
	"JumpPrime93" -> "e94"
	"Statements95" [label="Statements"]
	"Statements88" -> "Statements95"
	"Statement96" [label="Statement"]
	"Statements95" -> "Statement96"
	"Assignment97" [label="Assignment"]
	"Statement96" -> "Assignment97"
	"m98" [label="m",style=filled,fillcolor=powderblue]
	"Assignment97" -> "m98"
	"[99" [label="[",style=filled,fillcolor=powderblue]
	"Assignment97" -> "[99"
	"Expression100" [label="Expression"]
	"Assignment97" -> "Expression100"
	"Term101" [label="Term"]
	"Expression100" -> "Term101"
	"Power102" [label="Power"]
	"Term101" -> "Power102"
	"Factor103" [label="Factor"]
	"Power102" -> "Factor103"
	"num104" [label="num",style=filled,fillcolor=powderblue]
	"Factor103" -> "num104"
	"PowerPrime105" [label="PowerPrime"]
	"Power102" -> "PowerPrime105"
	"e106" [label="e"]
	"PowerPrime105" -> "e106"
	"TermPrime107" [label="TermPrime"]
	"Term101" -> "TermPrime107"
	"e108" [label="e"]
	"TermPrime107" -> "e108"
	"ExpressionPrime109" [label="ExpressionPrime"]
	"Expression100" -> "ExpressionPrime109"
	"e110" [label="e"]
	"ExpressionPrime109" -> "e110"
	"]111" [label="]",style=filled,fillcolor=powderblue]
	"Assignment97" -> "]111"
	"=112" [label="=",style=filled,fillcolor=powderblue]
	"Assignment97" -> "=112"
	"Expression113" [label="Expression"]
	"Assignment97" -> "Expression113"
	"Term114" [label="Term"]
	"Expression113" -> "Term114"
	"Power115" [label="Power"]
	"Term114" -> "Power115"
	"Factor116" [label="Factor"]
	"Power115" -> "Factor116"
	"num117" [label="num",style=filled,fillcolor=powderblue]
	"Factor116" -> "num117"
	"PowerPrime118" [label="PowerPrime"]
	"Power115" -> "PowerPrime118"
	"e119" [label="e"]
	"PowerPrime118" -> "e119"
	"TermPrime120" [label="TermPrime"]
	"Term114" -> "TermPrime120"
	"e121" [label="e"]
	"TermPrime120" -> "e121"
	"ExpressionPrime122" [label="ExpressionPrime"]
	"Expression113" -> "ExpressionPrime122"
	"+123" [label="+",style=filled,fillcolor=powderblue]
	"ExpressionPrime122" -> "+123"
	"Term124" [label="Term"]
	"ExpressionPrime122" -> "Term124"
	"Power125" [label="Power"]
	"Term124" -> "Power125"
	"Factor126" [label="Factor"]
	"Power125" -> "Factor126"
	"m127" [label="m",style=filled,fillcolor=powderblue]
	"Factor126" -> "m127"
	"[128" [label="[",style=filled,fillcolor=powderblue]
	"Factor126" -> "[128"
	"Expression129" [label="Expression"]
	"Factor126" -> "Expression129"
	"Term130" [label="Term"]
	"Expression129" -> "Term130"
	"Power131" [label="Power"]
	"Term130" -> "Power131"
	"Factor132" [label="Factor"]
	"Power131" -> "Factor132"
	"num133" [label="num",style=filled,fillcolor=powderblue]
	"Factor132" -> "num133"
	"PowerPrime134" [label="PowerPrime"]
	"Power131" -> "PowerPrime134"
	"e135" [label="e"]
	"PowerPrime134" -> "e135"
	"TermPrime136" [label="TermPrime"]
	"Term130" -> "TermPrime136"
	"e137" [label="e"]
	"TermPrime136" -> "e137"
	"ExpressionPrime138" [label="ExpressionPrime"]
	"Expression129" -> "ExpressionPrime138"
	"e139" [label="e"]
	"ExpressionPrime138" -> "e139"
	"]140" [label="]",style=filled,fillcolor=powderblue]
	"Factor126" -> "]140"
	"PowerPrime141" [label="PowerPrime"]
	"Power125" -> "PowerPrime141"
	"e142" [label="e"]
	"PowerPrime141" -> "e142"
	"TermPrime143" [label="TermPrime"]
	"Term124" -> "TermPrime143"
	"e144" [label="e"]
	"TermPrime143" -> "e144"
	"ExpressionPrime145" [label="ExpressionPrime"]
	"ExpressionPrime122" -> "ExpressionPrime145"
	"e146" [label="e"]
	"ExpressionPrime145" -> "e146"
	"Statements147" [label="Statements"]
	"Statements95" -> "Statements147"
	"Statement148" [label="Statement"]
	"Statements147" -> "Statement148"
	"Assignment149" [label="Assignment"]
	"Statement148" -> "Assignment149"
	"m150" [label="m",style=filled,fillcolor=powderblue]
	"Assignment149" -> "m150"
	"[151" [label="[",style=filled,fillcolor=powderblue]
	"Assignment149" -> "[151"
	"Expression152" [label="Expression"]
	"Assignment149" -> "Expression152"
	"Term153" [label="Term"]
	"Expression152" -> "Term153"
	"Power154" [label="Power"]
	"Term153" -> "Power154"
	"Factor155" [label="Factor"]
	"Power154" -> "Factor155"
	"num156" [label="num",style=filled,fillcolor=powderblue]
	"Factor155" -> "num156"
	"PowerPrime157" [label="PowerPrime"]
	"Power154" -> "PowerPrime157"
	"e158" [label="e"]
	"PowerPrime157" -> "e158"
	"TermPrime159" [label="TermPrime"]
	"Term153" -> "TermPrime159"
	"e160" [label="e"]
	"TermPrime159" -> "e160"
	"ExpressionPrime161" [label="ExpressionPrime"]
	"Expression152" -> "ExpressionPrime161"
	"e162" [label="e"]
	"ExpressionPrime161" -> "e162"
	"]163" [label="]",style=filled,fillcolor=powderblue]
	"Assignment149" -> "]163"
	"=164" [label="=",style=filled,fillcolor=powderblue]
	"Assignment149" -> "=164"
	"Expression165" [label="Expression"]
	"Assignment149" -> "Expression165"
	"Term166" [label="Term"]
	"Expression165" -> "Term166"
	"Power167" [label="Power"]
	"Term166" -> "Power167"
	"Factor168" [label="Factor"]
	"Power167" -> "Factor168"
	"num169" [label="num",style=filled,fillcolor=powderblue]
	"Factor168" -> "num169"
	"PowerPrime170" [label="PowerPrime"]
	"Power167" -> "PowerPrime170"
	"e171" [label="e"]
	"PowerPrime170" -> "e171"
	"TermPrime172" [label="TermPrime"]
	"Term166" -> "TermPrime172"
	"e173" [label="e"]
	"TermPrime172" -> "e173"
	"ExpressionPrime174" [label="ExpressionPrime"]
	"Expression165" -> "ExpressionPrime174"
	"-175" [label="-",style=filled,fillcolor=powderblue]
	"ExpressionPrime174" -> "-175"
	"Term176" [label="Term"]
	"ExpressionPrime174" -> "Term176"
	"Power177" [label="Power"]
	"Term176" -> "Power177"
	"Factor178" [label="Factor"]
	"Power177" -> "Factor178"
	"m179" [label="m",style=filled,fillcolor=powderblue]
	"Factor178" -> "m179"
	"[180" [label="[",style=filled,fillcolor=powderblue]
	"Factor178" -> "[180"
	"Expression181" [label="Expression"]
	"Factor178" -> "Expression181"
	"Term182" [label="Term"]
	"Expression181" -> "Term182"
	"Power183" [label="Power"]
	"Term182" -> "Power183"
	"Factor184" [label="Factor"]
	"Power183" -> "Factor184"
	"num185" [label="num",style=filled,fillcolor=powderblue]
	"Factor184" -> "num185"
	"PowerPrime186" [label="PowerPrime"]
	"Power183" -> "PowerPrime186"
	"**187" [label="**",style=filled,fillcolor=powderblue]
	"PowerPrime186" -> "**187"
	"Factor188" [label="Factor"]
	"PowerPrime186" -> "Factor188"
	"num189" [label="num",style=filled,fillcolor=powderblue]
	"Factor188" -> "num189"
	"PowerPrime190" [label="PowerPrime"]
	"PowerPrime186" -> "PowerPrime190"
	"e191" [label="e"]
	"PowerPrime190" -> "e191"
	"TermPrime192" [label="TermPrime"]
	"Term182" -> "TermPrime192"
	"e193" [label="e"]
	"TermPrime192" -> "e193"
	"ExpressionPrime194" [label="ExpressionPrime"]
	"Expression181" -> "ExpressionPrime194"
	"-195" [label="-",style=filled,fillcolor=powderblue]
	"ExpressionPrime194" -> "-195"
	"Term196" [label="Term"]
	"ExpressionPrime194" -> "Term196"
	"Power197" [label="Power"]
	"Term196" -> "Power197"
	"Factor198" [label="Factor"]
	"Power197" -> "Factor198"
	"num199" [label="num",style=filled,fillcolor=powderblue]
	"Factor198" -> "num199"
	"PowerPrime200" [label="PowerPrime"]
	"Power197" -> "PowerPrime200"
	"e201" [label="e"]
	"PowerPrime200" -> "e201"
	"TermPrime202" [label="TermPrime"]
	"Term196" -> "TermPrime202"
	"e203" [label="e"]
	"TermPrime202" -> "e203"
	"ExpressionPrime204" [label="ExpressionPrime"]
	"ExpressionPrime194" -> "ExpressionPrime204"
	"e205" [label="e"]
	"ExpressionPrime204" -> "e205"
	"]206" [label="]",style=filled,fillcolor=powderblue]
	"Factor178" -> "]206"
	"PowerPrime207" [label="PowerPrime"]
	"Power177" -> "PowerPrime207"
	"e208" [label="e"]
	"PowerPrime207" -> "e208"
	"TermPrime209" [label="TermPrime"]
	"Term176" -> "TermPrime209"
	"e210" [label="e"]
	"TermPrime209" -> "e210"
	"ExpressionPrime211" [label="ExpressionPrime"]
	"ExpressionPrime174" -> "ExpressionPrime211"
	"-212" [label="-",style=filled,fillcolor=powderblue]
	"ExpressionPrime211" -> "-212"
	"Term213" [label="Term"]
	"ExpressionPrime211" -> "Term213"
	"Power214" [label="Power"]
	"Term213" -> "Power214"
	"Factor215" [label="Factor"]
	"Power214" -> "Factor215"
	"num216" [label="num",style=filled,fillcolor=powderblue]
	"Factor215" -> "num216"
	"PowerPrime217" [label="PowerPrime"]
	"Power214" -> "PowerPrime217"
	"e218" [label="e"]
	"PowerPrime217" -> "e218"
	"TermPrime219" [label="TermPrime"]
	"Term213" -> "TermPrime219"
	"e220" [label="e"]
	"TermPrime219" -> "e220"
	"ExpressionPrime221" [label="ExpressionPrime"]
	"ExpressionPrime211" -> "ExpressionPrime221"
	"e222" [label="e"]
	"ExpressionPrime221" -> "e222"
	"Statements223" [label="Statements"]
	"Statements147" -> "Statements223"
	"Statement224" [label="Statement"]
	"Statements223" -> "Statement224"
	"Label225" [label="Label"]
	"Statement224" -> "Label225"
	"L226" [label="L",style=filled,fillcolor=powderblue]
	"Label225" -> "L226"
	"num227" [label="num",style=filled,fillcolor=powderblue]
	"Label225" -> "num227"
	":228" [label=":",style=filled,fillcolor=powderblue]
	"Label225" -> ":228"
	"Statements229" [label="Statements"]
	"Statements223" -> "Statements229"
	"Statement230" [label="Statement"]
	"Statements229" -> "Statement230"
	"Assignment231" [label="Assignment"]
	"Statement230" -> "Assignment231"
	"m232" [label="m",style=filled,fillcolor=powderblue]
	"Assignment231" -> "m232"
	"[233" [label="[",style=filled,fillcolor=powderblue]
	"Assignment231" -> "[233"
	"Expression234" [label="Expression"]
	"Assignment231" -> "Expression234"
	"Term235" [label="Term"]
	"Expression234" -> "Term235"
	"Power236" [label="Power"]
	"Term235" -> "Power236"
	"Factor237" [label="Factor"]
	"Power236" -> "Factor237"
	"num238" [label="num",style=filled,fillcolor=powderblue]
	"Factor237" -> "num238"
	"PowerPrime239" [label="PowerPrime"]
	"Power236" -> "PowerPrime239"
	"e240" [label="e"]
	"PowerPrime239" -> "e240"
	"TermPrime241" [label="TermPrime"]
	"Term235" -> "TermPrime241"
	"e242" [label="e"]
	"TermPrime241" -> "e242"
	"ExpressionPrime243" [label="ExpressionPrime"]
	"Expression234" -> "ExpressionPrime243"
	"e244" [label="e"]
	"ExpressionPrime243" -> "e244"
	"]245" [label="]",style=filled,fillcolor=powderblue]
	"Assignment231" -> "]245"
	"=246" [label="=",style=filled,fillcolor=powderblue]
	"Assignment231" -> "=246"
	"Expression247" [label="Expression"]
	"Assignment231" -> "Expression247"
	"Term248" [label="Term"]
	"Expression247" -> "Term248"
	"Power249" [label="Power"]
	"Term248" -> "Power249"
	"Factor250" [label="Factor"]
	"Power249" -> "Factor250"
	"num251" [label="num",style=filled,fillcolor=powderblue]
	"Factor250" -> "num251"
	"PowerPrime252" [label="PowerPrime"]
	"Power249" -> "PowerPrime252"
	"e253" [label="e"]
	"PowerPrime252" -> "e253"
	"TermPrime254" [label="TermPrime"]
	"Term248" -> "TermPrime254"
	"e255" [label="e"]
	"TermPrime254" -> "e255"
	"ExpressionPrime256" [label="ExpressionPrime"]
	"Expression247" -> "ExpressionPrime256"
	"-257" [label="-",style=filled,fillcolor=powderblue]
	"ExpressionPrime256" -> "-257"
	"Term258" [label="Term"]
	"ExpressionPrime256" -> "Term258"
	"Power259" [label="Power"]
	"Term258" -> "Power259"
	"Factor260" [label="Factor"]
	"Power259" -> "Factor260"
	"(261" [label="(",style=filled,fillcolor=powderblue]
	"Factor260" -> "(261"
	"Expression262" [label="Expression"]
	"Factor260" -> "Expression262"
	"Term263" [label="Term"]
	"Expression262" -> "Term263"
	"Power264" [label="Power"]
	"Term263" -> "Power264"
	"Factor265" [label="Factor"]
	"Power264" -> "Factor265"
	"m266" [label="m",style=filled,fillcolor=powderblue]
	"Factor265" -> "m266"
	"[267" [label="[",style=filled,fillcolor=powderblue]
	"Factor265" -> "[267"
	"Expression268" [label="Expression"]
	"Factor265" -> "Expression268"
	"Term269" [label="Term"]
	"Expression268" -> "Term269"
	"Power270" [label="Power"]
	"Term269" -> "Power270"
	"Factor271" [label="Factor"]
	"Power270" -> "Factor271"
	"num272" [label="num",style=filled,fillcolor=powderblue]
	"Factor271" -> "num272"
	"PowerPrime273" [label="PowerPrime"]
	"Power270" -> "PowerPrime273"
	"e274" [label="e"]
	"PowerPrime273" -> "e274"
	"TermPrime275" [label="TermPrime"]
	"Term269" -> "TermPrime275"
	"e276" [label="e"]
	"TermPrime275" -> "e276"
	"ExpressionPrime277" [label="ExpressionPrime"]
	"Expression268" -> "ExpressionPrime277"
	"e278" [label="e"]
	"ExpressionPrime277" -> "e278"
	"]279" [label="]",style=filled,fillcolor=powderblue]
	"Factor265" -> "]279"
	"PowerPrime280" [label="PowerPrime"]
	"Power264" -> "PowerPrime280"
	"e281" [label="e"]
	"PowerPrime280" -> "e281"
	"TermPrime282" [label="TermPrime"]
	"Term263" -> "TermPrime282"
	"e283" [label="e"]
	"TermPrime282" -> "e283"
	"ExpressionPrime284" [label="ExpressionPrime"]
	"Expression262" -> "ExpressionPrime284"
	"-285" [label="-",style=filled,fillcolor=powderblue]
	"ExpressionPrime284" -> "-285"
	"Term286" [label="Term"]
	"ExpressionPrime284" -> "Term286"
	"Power287" [label="Power"]
	"Term286" -> "Power287"
	"Factor288" [label="Factor"]
	"Power287" -> "Factor288"
	"num289" [label="num",style=filled,fillcolor=powderblue]
	"Factor288" -> "num289"
	"PowerPrime290" [label="PowerPrime"]
	"Power287" -> "PowerPrime290"
	"e291" [label="e"]
	"PowerPrime290" -> "e291"
	"TermPrime292" [label="TermPrime"]
	"Term286" -> "TermPrime292"
	"e293" [label="e"]
	"TermPrime292" -> "e293"
	"ExpressionPrime294" [label="ExpressionPrime"]
	"ExpressionPrime284" -> "ExpressionPrime294"
	"e295" [label="e"]
	"ExpressionPrime294" -> "e295"
	")296" [label=")",style=filled,fillcolor=powderblue]
	"Factor260" -> ")296"
	"PowerPrime297" [label="PowerPrime"]
	"Power259" -> "PowerPrime297"
	"e298" [label="e"]
	"PowerPrime297" -> "e298"
	"TermPrime299" [label="TermPrime"]
	"Term258" -> "TermPrime299"
	"e300" [label="e"]
	"TermPrime299" -> "e300"
	"ExpressionPrime301" [label="ExpressionPrime"]
	"ExpressionPrime256" -> "ExpressionPrime301"
	"e302" [label="e"]
	"ExpressionPrime301" -> "e302"
	"Statements303" [label="Statements"]
	"Statements229" -> "Statements303"
	"Statement304" [label="Statement"]
	"Statements303" -> "Statement304"
	"Assignment305" [label="Assignment"]
	"Statement304" -> "Assignment305"
	"m306" [label="m",style=filled,fillcolor=powderblue]
	"Assignment305" -> "m306"
	"[307" [label="[",style=filled,fillcolor=powderblue]
	"Assignment305" -> "[307"
	"Expression308" [label="Expression"]
	"Assignment305" -> "Expression308"
	"Term309" [label="Term"]
	"Expression308" -> "Term309"
	"Power310" [label="Power"]
	"Term309" -> "Power310"
	"Factor311" [label="Factor"]
	"Power310" -> "Factor311"
	"num312" [label="num",style=filled,fillcolor=powderblue]
	"Factor311" -> "num312"
	"PowerPrime313" [label="PowerPrime"]
	"Power310" -> "PowerPrime313"
	"e314" [label="e"]
	"PowerPrime313" -> "e314"
	"TermPrime315" [label="TermPrime"]
	"Term309" -> "TermPrime315"
	"e316" [label="e"]
	"TermPrime315" -> "e316"
	"ExpressionPrime317" [label="ExpressionPrime"]
	"Expression308" -> "ExpressionPrime317"
	"e318" [label="e"]
	"ExpressionPrime317" -> "e318"
	"]319" [label="]",style=filled,fillcolor=powderblue]
	"Assignment305" -> "]319"
	"=320" [label="=",style=filled,fillcolor=powderblue]
	"Assignment305" -> "=320"
	"Expression321" [label="Expression"]
	"Assignment305" -> "Expression321"
	"Term322" [label="Term"]
	"Expression321" -> "Term322"
	"Power323" [label="Power"]
	"Term322" -> "Power323"
	"Factor324" [label="Factor"]
	"Power323" -> "Factor324"
	"num325" [label="num",style=filled,fillcolor=powderblue]
	"Factor324" -> "num325"
	"PowerPrime326" [label="PowerPrime"]
	"Power323" -> "PowerPrime326"
	"e327" [label="e"]
	"PowerPrime326" -> "e327"
	"TermPrime328" [label="TermPrime"]
	"Term322" -> "TermPrime328"
	"e329" [label="e"]
	"TermPrime328" -> "e329"
	"ExpressionPrime330" [label="ExpressionPrime"]
	"Expression321" -> "ExpressionPrime330"
	"+331" [label="+",style=filled,fillcolor=powderblue]
	"ExpressionPrime330" -> "+331"
	"Term332" [label="Term"]
	"ExpressionPrime330" -> "Term332"
	"Power333" [label="Power"]
	"Term332" -> "Power333"
	"Factor334" [label="Factor"]
	"Power333" -> "Factor334"
	"m335" [label="m",style=filled,fillcolor=powderblue]
	"Factor334" -> "m335"
	"[336" [label="[",style=filled,fillcolor=powderblue]
	"Factor334" -> "[336"
	"Expression337" [label="Expression"]
	"Factor334" -> "Expression337"
	"Term338" [label="Term"]
	"Expression337" -> "Term338"
	"Power339" [label="Power"]
	"Term338" -> "Power339"
	"Factor340" [label="Factor"]
	"Power339" -> "Factor340"
	"num341" [label="num",style=filled,fillcolor=powderblue]
	"Factor340" -> "num341"
	"PowerPrime342" [label="PowerPrime"]
	"Power339" -> "PowerPrime342"
	"e343" [label="e"]
	"PowerPrime342" -> "e343"
	"TermPrime344" [label="TermPrime"]
	"Term338" -> "TermPrime344"
	"e345" [label="e"]
	"TermPrime344" -> "e345"
	"ExpressionPrime346" [label="ExpressionPrime"]
	"Expression337" -> "ExpressionPrime346"
	"e347" [label="e"]
	"ExpressionPrime346" -> "e347"
	"]348" [label="]",style=filled,fillcolor=powderblue]
	"Factor334" -> "]348"
	"PowerPrime349" [label="PowerPrime"]
	"Power333" -> "PowerPrime349"
	"e350" [label="e"]
	"PowerPrime349" -> "e350"
	"TermPrime351" [label="TermPrime"]
	"Term332" -> "TermPrime351"
	"e352" [label="e"]
	"TermPrime351" -> "e352"
	"ExpressionPrime353" [label="ExpressionPrime"]
	"ExpressionPrime330" -> "ExpressionPrime353"
	"e354" [label="e"]
	"ExpressionPrime353" -> "e354"
	"Statements355" [label="Statements"]
	"Statements303" -> "Statements355"
	"Statement356" [label="Statement"]
	"Statements355" -> "Statement356"
	"Assignment357" [label="Assignment"]
	"Statement356" -> "Assignment357"
	"m358" [label="m",style=filled,fillcolor=powderblue]
	"Assignment357" -> "m358"
	"[359" [label="[",style=filled,fillcolor=powderblue]
	"Assignment357" -> "[359"
	"Expression360" [label="Expression"]
	"Assignment357" -> "Expression360"
	"Term361" [label="Term"]
	"Expression360" -> "Term361"
	"Power362" [label="Power"]
	"Term361" -> "Power362"
	"Factor363" [label="Factor"]
	"Power362" -> "Factor363"
	"num364" [label="num",style=filled,fillcolor=powderblue]
	"Factor363" -> "num364"
	"PowerPrime365" [label="PowerPrime"]
	"Power362" -> "PowerPrime365"
	"e366" [label="e"]
	"PowerPrime365" -> "e366"
	"TermPrime367" [label="TermPrime"]
	"Term361" -> "TermPrime367"
	"e368" [label="e"]
	"TermPrime367" -> "e368"
	"ExpressionPrime369" [label="ExpressionPrime"]
	"Expression360" -> "ExpressionPrime369"
	"e370" [label="e"]
	"ExpressionPrime369" -> "e370"
	"]371" [label="]",style=filled,fillcolor=powderblue]
	"Assignment357" -> "]371"
	"=372" [label="=",style=filled,fillcolor=powderblue]
	"Assignment357" -> "=372"
	"Expression373" [label="Expression"]
	"Assignment357" -> "Expression373"
	"Term374" [label="Term"]
	"Expression373" -> "Term374"
	"Power375" [label="Power"]
	"Term374" -> "Power375"
	"Factor376" [label="Factor"]
	"Power375" -> "Factor376"
	"num377" [label="num",style=filled,fillcolor=powderblue]
	"Factor376" -> "num377"
	"PowerPrime378" [label="PowerPrime"]
	"Power375" -> "PowerPrime378"
	"e379" [label="e"]
	"PowerPrime378" -> "e379"
	"TermPrime380" [label="TermPrime"]
	"Term374" -> "TermPrime380"
	"e381" [label="e"]
	"TermPrime380" -> "e381"
	"ExpressionPrime382" [label="ExpressionPrime"]
	"Expression373" -> "ExpressionPrime382"
	"-383" [label="-",style=filled,fillcolor=powderblue]
	"ExpressionPrime382" -> "-383"
	"Term384" [label="Term"]
	"ExpressionPrime382" -> "Term384"
	"Power385" [label="Power"]
	"Term384" -> "Power385"
	"Factor386" [label="Factor"]
	"Power385" -> "Factor386"
	"m387" [label="m",style=filled,fillcolor=powderblue]
	"Factor386" -> "m387"
	"[388" [label="[",style=filled,fillcolor=powderblue]
	"Factor386" -> "[388"
	"Expression389" [label="Expression"]
	"Factor386" -> "Expression389"
	"Term390" [label="Term"]
	"Expression389" -> "Term390"
	"Power391" [label="Power"]
	"Term390" -> "Power391"
	"Factor392" [label="Factor"]
	"Power391" -> "Factor392"
	"num393" [label="num",style=filled,fillcolor=powderblue]
	"Factor392" -> "num393"
	"PowerPrime394" [label="PowerPrime"]
	"Power391" -> "PowerPrime394"
	"e395" [label="e"]
	"PowerPrime394" -> "e395"
	"TermPrime396" [label="TermPrime"]
	"Term390" -> "TermPrime396"
	"e397" [label="e"]
	"TermPrime396" -> "e397"
	"ExpressionPrime398" [label="ExpressionPrime"]
	"Expression389" -> "ExpressionPrime398"
	"-399" [label="-",style=filled,fillcolor=powderblue]
	"ExpressionPrime398" -> "-399"
	"Term400" [label="Term"]
	"ExpressionPrime398" -> "Term400"
	"Power401" [label="Power"]
	"Term400" -> "Power401"
	"Factor402" [label="Factor"]
	"Power401" -> "Factor402"
	"num403" [label="num",style=filled,fillcolor=powderblue]
	"Factor402" -> "num403"
	"PowerPrime404" [label="PowerPrime"]
	"Power401" -> "PowerPrime404"
	"e405" [label="e"]
	"PowerPrime404" -> "e405"
	"TermPrime406" [label="TermPrime"]
	"Term400" -> "TermPrime406"
	"e407" [label="e"]
	"TermPrime406" -> "e407"
	"ExpressionPrime408" [label="ExpressionPrime"]
	"ExpressionPrime398" -> "ExpressionPrime408"
	"e409" [label="e"]
	"ExpressionPrime408" -> "e409"
	"]410" [label="]",style=filled,fillcolor=powderblue]
	"Factor386" -> "]410"
	"PowerPrime411" [label="PowerPrime"]
	"Power385" -> "PowerPrime411"
	"e412" [label="e"]
	"PowerPrime411" -> "e412"
	"TermPrime413" [label="TermPrime"]
	"Term384" -> "TermPrime413"
	"e414" [label="e"]
	"TermPrime413" -> "e414"
	"ExpressionPrime415" [label="ExpressionPrime"]
	"ExpressionPrime382" -> "ExpressionPrime415"
	"e416" [label="e"]
	"ExpressionPrime415" -> "e416"
	"Statements417" [label="Statements"]
	"Statements355" -> "Statements417"
	"Statement418" [label="Statement"]
	"Statements417" -> "Statement418"
	"Assignment419" [label="Assignment"]
	"Statement418" -> "Assignment419"
	"m420" [label="m",style=filled,fillcolor=powderblue]
	"Assignment419" -> "m420"
	"[421" [label="[",style=filled,fillcolor=powderblue]
	"Assignment419" -> "[421"
	"Expression422" [label="Expression"]
	"Assignment419" -> "Expression422"
	"Term423" [label="Term"]
	"Expression422" -> "Term423"
	"Power424" [label="Power"]
	"Term423" -> "Power424"
	"Factor425" [label="Factor"]
	"Power424" -> "Factor425"
	"num426" [label="num",style=filled,fillcolor=powderblue]
	"Factor425" -> "num426"
	"PowerPrime427" [label="PowerPrime"]
	"Power424" -> "PowerPrime427"
	"e428" [label="e"]
	"PowerPrime427" -> "e428"
	"TermPrime429" [label="TermPrime"]
	"Term423" -> "TermPrime429"
	"e430" [label="e"]
	"TermPrime429" -> "e430"
	"ExpressionPrime431" [label="ExpressionPrime"]
	"Expression422" -> "ExpressionPrime431"
	"e432" [label="e"]
	"ExpressionPrime431" -> "e432"
	"]433" [label="]",style=filled,fillcolor=powderblue]
	"Assignment419" -> "]433"
	"=434" [label="=",style=filled,fillcolor=powderblue]
	"Assignment419" -> "=434"
	"Expression435" [label="Expression"]
	"Assignment419" -> "Expression435"
	"Term436" [label="Term"]
	"Expression435" -> "Term436"
	"Power437" [label="Power"]
	"Term436" -> "Power437"
	"Factor438" [label="Factor"]
	"Power437" -> "Factor438"
	"num439" [label="num",style=filled,fillcolor=powderblue]
	"Factor438" -> "num439"
	"PowerPrime440" [label="PowerPrime"]
	"Power437" -> "PowerPrime440"
	"e441" [label="e"]
	"PowerPrime440" -> "e441"
	"TermPrime442" [label="TermPrime"]
	"Term436" -> "TermPrime442"
	"e443" [label="e"]
	"TermPrime442" -> "e443"
	"ExpressionPrime444" [label="ExpressionPrime"]
	"Expression435" -> "ExpressionPrime444"
	"-445" [label="-",style=filled,fillcolor=powderblue]
	"ExpressionPrime444" -> "-445"
	"Term446" [label="Term"]
	"ExpressionPrime444" -> "Term446"
	"Power447" [label="Power"]
	"Term446" -> "Power447"
	"Factor448" [label="Factor"]
	"Power447" -> "Factor448"
	"(449" [label="(",style=filled,fillcolor=powderblue]
	"Factor448" -> "(449"
	"Expression450" [label="Expression"]
	"Factor448" -> "Expression450"
	"Term451" [label="Term"]
	"Expression450" -> "Term451"
	"Power452" [label="Power"]
	"Term451" -> "Power452"
	"Factor453" [label="Factor"]
	"Power452" -> "Factor453"
	"num454" [label="num",style=filled,fillcolor=powderblue]
	"Factor453" -> "num454"
	"PowerPrime455" [label="PowerPrime"]
	"Power452" -> "PowerPrime455"
	"e456" [label="e"]
	"PowerPrime455" -> "e456"
	"TermPrime457" [label="TermPrime"]
	"Term451" -> "TermPrime457"
	"e458" [label="e"]
	"TermPrime457" -> "e458"
	"ExpressionPrime459" [label="ExpressionPrime"]
	"Expression450" -> "ExpressionPrime459"
	"-460" [label="-",style=filled,fillcolor=powderblue]
	"ExpressionPrime459" -> "-460"
	"Term461" [label="Term"]
	"ExpressionPrime459" -> "Term461"
	"Power462" [label="Power"]
	"Term461" -> "Power462"
	"Factor463" [label="Factor"]
	"Power462" -> "Factor463"
	"num464" [label="num",style=filled,fillcolor=powderblue]
	"Factor463" -> "num464"
	"PowerPrime465" [label="PowerPrime"]
	"Power462" -> "PowerPrime465"
	"e466" [label="e"]
	"PowerPrime465" -> "e466"
	"TermPrime467" [label="TermPrime"]
	"Term461" -> "TermPrime467"
	"e468" [label="e"]
	"TermPrime467" -> "e468"
	"ExpressionPrime469" [label="ExpressionPrime"]
	"ExpressionPrime459" -> "ExpressionPrime469"
	"e470" [label="e"]
	"ExpressionPrime469" -> "e470"
	")471" [label=")",style=filled,fillcolor=powderblue]
	"Factor448" -> ")471"
	"PowerPrime472" [label="PowerPrime"]
	"Power447" -> "PowerPrime472"
	"e473" [label="e"]
	"PowerPrime472" -> "e473"
	"TermPrime474" [label="TermPrime"]
	"Term446" -> "TermPrime474"
	"e475" [label="e"]
	"TermPrime474" -> "e475"
	"ExpressionPrime476" [label="ExpressionPrime"]
	"ExpressionPrime444" -> "ExpressionPrime476"
	"e477" [label="e"]
	"ExpressionPrime476" -> "e477"
	"Statements478" [label="Statements"]
	"Statements417" -> "Statements478"
	"Statement479" [label="Statement"]
	"Statements478" -> "Statement479"
	"Assignment480" [label="Assignment"]
	"Statement479" -> "Assignment480"
	"m481" [label="m",style=filled,fillcolor=powderblue]
	"Assignment480" -> "m481"
	"[482" [label="[",style=filled,fillcolor=powderblue]
	"Assignment480" -> "[482"
	"Expression483" [label="Expression"]
	"Assignment480" -> "Expression483"
	"Term484" [label="Term"]
	"Expression483" -> "Term484"
	"Power485" [label="Power"]
	"Term484" -> "Power485"
	"Factor486" [label="Factor"]
	"Power485" -> "Factor486"
	"num487" [label="num",style=filled,fillcolor=powderblue]
	"Factor486" -> "num487"
	"PowerPrime488" [label="PowerPrime"]
	"Power485" -> "PowerPrime488"
	"e489" [label="e"]
	"PowerPrime488" -> "e489"
	"TermPrime490" [label="TermPrime"]
	"Term484" -> "TermPrime490"
	"e491" [label="e"]
	"TermPrime490" -> "e491"
	"ExpressionPrime492" [label="ExpressionPrime"]
	"Expression483" -> "ExpressionPrime492"
	"e493" [label="e"]
	"ExpressionPrime492" -> "e493"
	"]494" [label="]",style=filled,fillcolor=powderblue]
	"Assignment480" -> "]494"
	"=495" [label="=",style=filled,fillcolor=powderblue]
	"Assignment480" -> "=495"
	"Expression496" [label="Expression"]
	"Assignment480" -> "Expression496"
	"Term497" [label="Term"]
	"Expression496" -> "Term497"
	"Power498" [label="Power"]
	"Term497" -> "Power498"
	"Factor499" [label="Factor"]
	"Power498" -> "Factor499"
	"num500" [label="num",style=filled,fillcolor=powderblue]
	"Factor499" -> "num500"
	"PowerPrime501" [label="PowerPrime"]
	"Power498" -> "PowerPrime501"
	"e502" [label="e"]
	"PowerPrime501" -> "e502"
	"TermPrime503" [label="TermPrime"]
	"Term497" -> "TermPrime503"
	"e504" [label="e"]
	"TermPrime503" -> "e504"
	"ExpressionPrime505" [label="ExpressionPrime"]
	"Expression496" -> "ExpressionPrime505"
	"-506" [label="-",style=filled,fillcolor=powderblue]
	"ExpressionPrime505" -> "-506"
	"Term507" [label="Term"]
	"ExpressionPrime505" -> "Term507"
	"Power508" [label="Power"]
	"Term507" -> "Power508"
	"Factor509" [label="Factor"]
	"Power508" -> "Factor509"
	"m510" [label="m",style=filled,fillcolor=powderblue]
	"Factor509" -> "m510"
	"[511" [label="[",style=filled,fillcolor=powderblue]
	"Factor509" -> "[511"
	"Expression512" [label="Expression"]
	"Factor509" -> "Expression512"
	"Term513" [label="Term"]
	"Expression512" -> "Term513"
	"Power514" [label="Power"]
	"Term513" -> "Power514"
	"Factor515" [label="Factor"]
	"Power514" -> "Factor515"
	"(516" [label="(",style=filled,fillcolor=powderblue]
	"Factor515" -> "(516"
	"Expression517" [label="Expression"]
	"Factor515" -> "Expression517"
	"Term518" [label="Term"]
	"Expression517" -> "Term518"
	"Power519" [label="Power"]
	"Term518" -> "Power519"
	"Factor520" [label="Factor"]
	"Power519" -> "Factor520"
	"num521" [label="num",style=filled,fillcolor=powderblue]
	"Factor520" -> "num521"
	"PowerPrime522" [label="PowerPrime"]
	"Power519" -> "PowerPrime522"
	"e523" [label="e"]
	"PowerPrime522" -> "e523"
	"TermPrime524" [label="TermPrime"]
	"Term518" -> "TermPrime524"
	"e525" [label="e"]
	"TermPrime524" -> "e525"
	"ExpressionPrime526" [label="ExpressionPrime"]
	"Expression517" -> "ExpressionPrime526"
	"-527" [label="-",style=filled,fillcolor=powderblue]
	"ExpressionPrime526" -> "-527"
	"Term528" [label="Term"]
	"ExpressionPrime526" -> "Term528"
	"Power529" [label="Power"]
	"Term528" -> "Power529"
	"Factor530" [label="Factor"]
	"Power529" -> "Factor530"
	"num531" [label="num",style=filled,fillcolor=powderblue]
	"Factor530" -> "num531"
	"PowerPrime532" [label="PowerPrime"]
	"Power529" -> "PowerPrime532"
	"e533" [label="e"]
	"PowerPrime532" -> "e533"
	"TermPrime534" [label="TermPrime"]
	"Term528" -> "TermPrime534"
	"e535" [label="e"]
	"TermPrime534" -> "e535"
	"ExpressionPrime536" [label="ExpressionPrime"]
	"ExpressionPrime526" -> "ExpressionPrime536"
	"e537" [label="e"]
	"ExpressionPrime536" -> "e537"
	")538" [label=")",style=filled,fillcolor=powderblue]
	"Factor515" -> ")538"
	"PowerPrime539" [label="PowerPrime"]
	"Power514" -> "PowerPrime539"
	"e540" [label="e"]
	"PowerPrime539" -> "e540"
	"TermPrime541" [label="TermPrime"]
	"Term513" -> "TermPrime541"
	"e542" [label="e"]
	"TermPrime541" -> "e542"
	"ExpressionPrime543" [label="ExpressionPrime"]
	"Expression512" -> "ExpressionPrime543"
	"e544" [label="e"]
	"ExpressionPrime543" -> "e544"
	"]545" [label="]",style=filled,fillcolor=powderblue]
	"Factor509" -> "]545"
	"PowerPrime546" [label="PowerPrime"]
	"Power508" -> "PowerPrime546"
	"e547" [label="e"]
	"PowerPrime546" -> "e547"
	"TermPrime548" [label="TermPrime"]
	"Term507" -> "TermPrime548"
	"e549" [label="e"]
	"TermPrime548" -> "e549"
	"ExpressionPrime550" [label="ExpressionPrime"]
	"ExpressionPrime505" -> "ExpressionPrime550"
	"e551" [label="e"]
	"ExpressionPrime550" -> "e551"
	"Statements552" [label="Statements"]
	"Statements478" -> "Statements552"
	"Statement553" [label="Statement"]
	"Statements552" -> "Statement553"
	"Print554" [label="Print"]
	"Statement553" -> "Print554"
	"print555" [label="print",style=filled,fillcolor=powderblue]
	"Print554" -> "print555"
	"Expression556" [label="Expression"]
	"Print554" -> "Expression556"
syntax error: found L in parsing Expression - line 12
