digraph G {
	"Start1" [label="Start"]
	"Statements2" [label="Statements"]
	"Start1" -> "Statements2"
	"Statement3" [label="Statement"]
	"Statements2" -> "Statement3"
	"Assignment4" [label="Assignment"]
	"Statement3" -> "Assignment4"
	"m5" [label="m",style=filled,fillcolor=powderblue]
	"Assignment4" -> "m5"
	"[6" [label="[",style=filled,fillcolor=powderblue]
	"Assignment4" -> "[6"
	"Expression7" [label="Expression"]
	"Assignment4" -> "Expression7"
	"Term8" [label="Term"]
	"Expression7" -> "Term8"
	"Power9" [label="Power"]
	"Term8" -> "Power9"
	"Factor10" [label="Factor"]
	"Power9" -> "Factor10"
	"num11" [label="num",style=filled,fillcolor=powderblue]
	"Factor10" -> "num11"
	"PowerPrime12" [label="PowerPrime"]
	"Power9" -> "PowerPrime12"
	"e13" [label="e"]
	"PowerPrime12" -> "e13"
	"TermPrime14" [label="TermPrime"]
	"Term8" -> "TermPrime14"
	"e15" [label="e"]
	"TermPrime14" -> "e15"
	"ExpressionPrime16" [label="ExpressionPrime"]
	"Expression7" -> "ExpressionPrime16"
	"e17" [label="e"]
	"ExpressionPrime16" -> "e17"
	"]18" [label="]",style=filled,fillcolor=powderblue]
	"Assignment4" -> "]18"
	"=19" [label="=",style=filled,fillcolor=powderblue]
	"Assignment4" -> "=19"
	"Expression20" [label="Expression"]
	"Assignment4" -> "Expression20"
	"Term21" [label="Term"]
	"Expression20" -> "Term21"
	"Power22" [label="Power"]
	"Term21" -> "Power22"
	"Factor23" [label="Factor"]
	"Power22" -> "Factor23"
	"num24" [label="num",style=filled,fillcolor=powderblue]
	"Factor23" -> "num24"
	"PowerPrime25" [label="PowerPrime"]
	"Power22" -> "PowerPrime25"
	"e26" [label="e"]
	"PowerPrime25" -> "e26"
	"TermPrime27" [label="TermPrime"]
	"Term21" -> "TermPrime27"
	"/28" [label="/",style=filled,fillcolor=powderblue]
	"TermPrime27" -> "/28"
	"Power29" [label="Power"]
	"TermPrime27" -> "Power29"
	"Factor30" [label="Factor"]
	"Power29" -> "Factor30"
	"num31" [label="num",style=filled,fillcolor=powderblue]
	"Factor30" -> "num31"
	"PowerPrime32" [label="PowerPrime"]
	"Power29" -> "PowerPrime32"
	"e33" [label="e"]
	"PowerPrime32" -> "e33"
	"TermPrime34" [label="TermPrime"]
	"TermPrime27" -> "TermPrime34"
	"*35" [label="*",style=filled,fillcolor=powderblue]
	"TermPrime34" -> "*35"
	"Power36" [label="Power"]
	"TermPrime34" -> "Power36"
	"Factor37" [label="Factor"]
	"Power36" -> "Factor37"
	"num38" [label="num",style=filled,fillcolor=powderblue]
	"Factor37" -> "num38"
	"PowerPrime39" [label="PowerPrime"]
	"Power36" -> "PowerPrime39"
	"e40" [label="e"]
	"PowerPrime39" -> "e40"
	"TermPrime41" [label="TermPrime"]
	"TermPrime34" -> "TermPrime41"
	"e42" [label="e"]
	"TermPrime41" -> "e42"
	"ExpressionPrime43" [label="ExpressionPrime"]
	"Expression20" -> "ExpressionPrime43"
	"e44" [label="e"]
	"ExpressionPrime43" -> "e44"
	"Statements45" [label="Statements"]
	"Statements2" -> "Statements45"
	"Statement46" [label="Statement"]
	"Statements45" -> "Statement46"
	"Assignment47" [label="Assignment"]
	"Statement46" -> "Assignment47"
	"m48" [label="m",style=filled,fillcolor=powderblue]
	"Assignment47" -> "m48"
	"[49" [label="[",style=filled,fillcolor=powderblue]
	"Assignment47" -> "[49"
	"Expression50" [label="Expression"]
	"Assignment47" -> "Expression50"
	"Term51" [label="Term"]
	"Expression50" -> "Term51"
	"Power52" [label="Power"]
	"Term51" -> "Power52"
	"Factor53" [label="Factor"]
	"Power52" -> "Factor53"
	"num54" [label="num",style=filled,fillcolor=powderblue]
	"Factor53" -> "num54"
	"PowerPrime55" [label="PowerPrime"]
	"Power52" -> "PowerPrime55"
	"e56" [label="e"]
	"PowerPrime55" -> "e56"
	"TermPrime57" [label="TermPrime"]
	"Term51" -> "TermPrime57"
	"e58" [label="e"]
	"TermPrime57" -> "e58"
	"ExpressionPrime59" [label="ExpressionPrime"]
	"Expression50" -> "ExpressionPrime59"
	"e60" [label="e"]
	"ExpressionPrime59" -> "e60"
	"]61" [label="]",style=filled,fillcolor=powderblue]
	"Assignment47" -> "]61"
	"=62" [label="=",style=filled,fillcolor=powderblue]
	"Assignment47" -> "=62"
	"Expression63" [label="Expression"]
	"Assignment47" -> "Expression63"
	"Term64" [label="Term"]
	"Expression63" -> "Term64"
	"Power65" [label="Power"]
	"Term64" -> "Power65"
	"Factor66" [label="Factor"]
	"Power65" -> "Factor66"
	"num67" [label="num",style=filled,fillcolor=powderblue]
	"Factor66" -> "num67"
	"PowerPrime68" [label="PowerPrime"]
	"Power65" -> "PowerPrime68"
	"e69" [label="e"]
	"PowerPrime68" -> "e69"
	"TermPrime70" [label="TermPrime"]
	"Term64" -> "TermPrime70"
	"*71" [label="*",style=filled,fillcolor=powderblue]
	"TermPrime70" -> "*71"
	"Power72" [label="Power"]
	"TermPrime70" -> "Power72"
	"Factor73" [label="Factor"]
	"Power72" -> "Factor73"
	"num74" [label="num",style=filled,fillcolor=powderblue]
	"Factor73" -> "num74"
	"PowerPrime75" [label="PowerPrime"]
	"Power72" -> "PowerPrime75"
	"e76" [label="e"]
	"PowerPrime75" -> "e76"
	"TermPrime77" [label="TermPrime"]
	"TermPrime70" -> "TermPrime77"
	"e78" [label="e"]
	"TermPrime77" -> "e78"
	"ExpressionPrime79" [label="ExpressionPrime"]
	"Expression63" -> "ExpressionPrime79"
	"-80" [label="-",style=filled,fillcolor=powderblue]
	"ExpressionPrime79" -> "-80"
	"Term81" [label="Term"]
	"ExpressionPrime79" -> "Term81"
	"Power82" [label="Power"]
	"Term81" -> "Power82"
	"Factor83" [label="Factor"]
	"Power82" -> "Factor83"
	"num84" [label="num",style=filled,fillcolor=powderblue]
	"Factor83" -> "num84"
	"PowerPrime85" [label="PowerPrime"]
	"Power82" -> "PowerPrime85"
	"e86" [label="e"]
	"PowerPrime85" -> "e86"
	"TermPrime87" [label="TermPrime"]
	"Term81" -> "TermPrime87"
	"e88" [label="e"]
	"TermPrime87" -> "e88"
	"ExpressionPrime89" [label="ExpressionPrime"]
	"ExpressionPrime79" -> "ExpressionPrime89"
	"-90" [label="-",style=filled,fillcolor=powderblue]
	"ExpressionPrime89" -> "-90"
	"Term91" [label="Term"]
	"ExpressionPrime89" -> "Term91"
	"Power92" [label="Power"]
	"Term91" -> "Power92"
	"Factor93" [label="Factor"]
	"Power92" -> "Factor93"
	"num94" [label="num",style=filled,fillcolor=powderblue]
	"Factor93" -> "num94"
	"PowerPrime95" [label="PowerPrime"]
	"Power92" -> "PowerPrime95"
	"e96" [label="e"]
	"PowerPrime95" -> "e96"
	"TermPrime97" [label="TermPrime"]
	"Term91" -> "TermPrime97"
	"e98" [label="e"]
	"TermPrime97" -> "e98"
	"ExpressionPrime99" [label="ExpressionPrime"]
	"ExpressionPrime89" -> "ExpressionPrime99"
	"-100" [label="-",style=filled,fillcolor=powderblue]
	"ExpressionPrime99" -> "-100"
	"Term101" [label="Term"]
	"ExpressionPrime99" -> "Term101"
	"Power102" [label="Power"]
	"Term101" -> "Power102"
	"Factor103" [label="Factor"]
	"Power102" -> "Factor103"
	"num104" [label="num",style=filled,fillcolor=powderblue]
	"Factor103" -> "num104"
	"PowerPrime105" [label="PowerPrime"]
	"Power102" -> "PowerPrime105"
	"e106" [label="e"]
	"PowerPrime105" -> "e106"
	"TermPrime107" [label="TermPrime"]
	"Term101" -> "TermPrime107"
	"/108" [label="/",style=filled,fillcolor=powderblue]
	"TermPrime107" -> "/108"
	"Power109" [label="Power"]
	"TermPrime107" -> "Power109"
	"Factor110" [label="Factor"]
	"Power109" -> "Factor110"
	"num111" [label="num",style=filled,fillcolor=powderblue]
	"Factor110" -> "num111"
	"PowerPrime112" [label="PowerPrime"]
	"Power109" -> "PowerPrime112"
	"e113" [label="e"]
	"PowerPrime112" -> "e113"
	"TermPrime114" [label="TermPrime"]
	"TermPrime107" -> "TermPrime114"
	"e115" [label="e"]
	"TermPrime114" -> "e115"
	"ExpressionPrime116" [label="ExpressionPrime"]
	"ExpressionPrime99" -> "ExpressionPrime116"
	"e117" [label="e"]
	"ExpressionPrime116" -> "e117"
	"Statements118" [label="Statements"]
	"Statements45" -> "Statements118"
	"Statement119" [label="Statement"]
	"Statements118" -> "Statement119"
	"Print120" [label="Print"]
	"Statement119" -> "Print120"
	"print121" [label="print",style=filled,fillcolor=powderblue]
	"Print120" -> "print121"
	"Expression122" [label="Expression"]
	"Print120" -> "Expression122"
	"Term123" [label="Term"]
	"Expression122" -> "Term123"
	"Power124" [label="Power"]
	"Term123" -> "Power124"
	"Factor125" [label="Factor"]
	"Power124" -> "Factor125"
	"m126" [label="m",style=filled,fillcolor=powderblue]
	"Factor125" -> "m126"
	"[127" [label="[",style=filled,fillcolor=powderblue]
	"Factor125" -> "[127"
	"Expression128" [label="Expression"]
	"Factor125" -> "Expression128"
	"Term129" [label="Term"]
	"Expression128" -> "Term129"
	"Power130" [label="Power"]
	"Term129" -> "Power130"
	"Factor131" [label="Factor"]
	"Power130" -> "Factor131"
	"num132" [label="num",style=filled,fillcolor=powderblue]
	"Factor131" -> "num132"
	"PowerPrime133" [label="PowerPrime"]
	"Power130" -> "PowerPrime133"
	"e134" [label="e"]
	"PowerPrime133" -> "e134"
	"TermPrime135" [label="TermPrime"]
	"Term129" -> "TermPrime135"
	"e136" [label="e"]
	"TermPrime135" -> "e136"
	"ExpressionPrime137" [label="ExpressionPrime"]
	"Expression128" -> "ExpressionPrime137"
	"e138" [label="e"]
	"ExpressionPrime137" -> "e138"
	"]139" [label="]",style=filled,fillcolor=powderblue]
	"Factor125" -> "]139"
	"PowerPrime140" [label="PowerPrime"]
	"Power124" -> "PowerPrime140"
	"e141" [label="e"]
	"PowerPrime140" -> "e141"
	"TermPrime142" [label="TermPrime"]
	"Term123" -> "TermPrime142"
	"e143" [label="e"]
	"TermPrime142" -> "e143"
	"ExpressionPrime144" [label="ExpressionPrime"]
	"Expression122" -> "ExpressionPrime144"
	"e145" [label="e"]
	"ExpressionPrime144" -> "e145"
	"Statements146" [label="Statements"]
	"Statements118" -> "Statements146"
	"Statement147" [label="Statement"]
	"Statements146" -> "Statement147"
	"Print148" [label="Print"]
	"Statement147" -> "Print148"
	"print149" [label="print",style=filled,fillcolor=powderblue]
	"Print148" -> "print149"
	"Expression150" [label="Expression"]
	"Print148" -> "Expression150"
	"Term151" [label="Term"]
	"Expression150" -> "Term151"
	"Power152" [label="Power"]
	"Term151" -> "Power152"
	"Factor153" [label="Factor"]
	"Power152" -> "Factor153"
	"m154" [label="m",style=filled,fillcolor=powderblue]
	"Factor153" -> "m154"
	"[155" [label="[",style=filled,fillcolor=powderblue]
	"Factor153" -> "[155"
	"Expression156" [label="Expression"]
	"Factor153" -> "Expression156"
	"Term157" [label="Term"]
	"Expression156" -> "Term157"
	"Power158" [label="Power"]
	"Term157" -> "Power158"
	"Factor159" [label="Factor"]
	"Power158" -> "Factor159"
	"num160" [label="num",style=filled,fillcolor=powderblue]
	"Factor159" -> "num160"
	"PowerPrime161" [label="PowerPrime"]
	"Power158" -> "PowerPrime161"
	"e162" [label="e"]
	"PowerPrime161" -> "e162"
	"TermPrime163" [label="TermPrime"]
	"Term157" -> "TermPrime163"
	"e164" [label="e"]
	"TermPrime163" -> "e164"
	"ExpressionPrime165" [label="ExpressionPrime"]
	"Expression156" -> "ExpressionPrime165"
	"e166" [label="e"]
	"ExpressionPrime165" -> "e166"
	"]167" [label="]",style=filled,fillcolor=powderblue]
	"Factor153" -> "]167"
	"PowerPrime168" [label="PowerPrime"]
	"Power152" -> "PowerPrime168"
	"e169" [label="e"]
	"PowerPrime168" -> "e169"
	"TermPrime170" [label="TermPrime"]
	"Term151" -> "TermPrime170"
	"e171" [label="e"]
	"TermPrime170" -> "e171"
	"ExpressionPrime172" [label="ExpressionPrime"]
	"Expression150" -> "ExpressionPrime172"
	"e173" [label="e"]
	"ExpressionPrime172" -> "e173"
	"Statements174" [label="Statements"]
	"Statements146" -> "Statements174"
	"Statement175" [label="Statement"]
	"Statements174" -> "Statement175"
	"Print176" [label="Print"]
	"Statement175" -> "Print176"
	"print177" [label="print",style=filled,fillcolor=powderblue]
	"Print176" -> "print177"
	"Expression178" [label="Expression"]
	"Print176" -> "Expression178"
	"Term179" [label="Term"]
	"Expression178" -> "Term179"
	"Power180" [label="Power"]
	"Term179" -> "Power180"
	"Factor181" [label="Factor"]
	"Power180" -> "Factor181"
	"m182" [label="m",style=filled,fillcolor=powderblue]
	"Factor181" -> "m182"
	"[183" [label="[",style=filled,fillcolor=powderblue]
	"Factor181" -> "[183"
	"Expression184" [label="Expression"]
	"Factor181" -> "Expression184"
	"Term185" [label="Term"]
	"Expression184" -> "Term185"
	"Power186" [label="Power"]
	"Term185" -> "Power186"
	"Factor187" [label="Factor"]
	"Power186" -> "Factor187"
	"num188" [label="num",style=filled,fillcolor=powderblue]
	"Factor187" -> "num188"
	"PowerPrime189" [label="PowerPrime"]
	"Power186" -> "PowerPrime189"
	"e190" [label="e"]
	"PowerPrime189" -> "e190"
	"TermPrime191" [label="TermPrime"]
	"Term185" -> "TermPrime191"
	"e192" [label="e"]
	"TermPrime191" -> "e192"
	"ExpressionPrime193" [label="ExpressionPrime"]
	"Expression184" -> "ExpressionPrime193"
	"e194" [label="e"]
	"ExpressionPrime193" -> "e194"
	"]195" [label="]",style=filled,fillcolor=powderblue]
	"Factor181" -> "]195"
	"PowerPrime196" [label="PowerPrime"]
	"Power180" -> "PowerPrime196"
	"e197" [label="e"]
	"PowerPrime196" -> "e197"
	"TermPrime198" [label="TermPrime"]
	"Term179" -> "TermPrime198"
	"e199" [label="e"]
	"TermPrime198" -> "e199"
	"ExpressionPrime200" [label="ExpressionPrime"]
	"Expression178" -> "ExpressionPrime200"
	"e201" [label="e"]
	"ExpressionPrime200" -> "e201"
	"Statements202" [label="Statements"]
	"Statements174" -> "Statements202"
	"Statement203" [label="Statement"]
	"Statements202" -> "Statement203"
	"Print204" [label="Print"]
	"Statement203" -> "Print204"
	"print205" [label="print",style=filled,fillcolor=powderblue]
	"Print204" -> "print205"
	"Expression206" [label="Expression"]
	"Print204" -> "Expression206"
	"Term207" [label="Term"]
	"Expression206" -> "Term207"
	"Power208" [label="Power"]
	"Term207" -> "Power208"
	"Factor209" [label="Factor"]
	"Power208" -> "Factor209"
	"m210" [label="m",style=filled,fillcolor=powderblue]
	"Factor209" -> "m210"
	"[211" [label="[",style=filled,fillcolor=powderblue]
	"Factor209" -> "[211"
	"Expression212" [label="Expression"]
	"Factor209" -> "Expression212"
	"Term213" [label="Term"]
	"Expression212" -> "Term213"
	"Power214" [label="Power"]
	"Term213" -> "Power214"
	"Factor215" [label="Factor"]
	"Power214" -> "Factor215"
	"num216" [label="num",style=filled,fillcolor=powderblue]
	"Factor215" -> "num216"
	"PowerPrime217" [label="PowerPrime"]
	"Power214" -> "PowerPrime217"
	"e218" [label="e"]
	"PowerPrime217" -> "e218"
	"TermPrime219" [label="TermPrime"]
	"Term213" -> "TermPrime219"
	"e220" [label="e"]
	"TermPrime219" -> "e220"
	"ExpressionPrime221" [label="ExpressionPrime"]
	"Expression212" -> "ExpressionPrime221"
	"e222" [label="e"]
	"ExpressionPrime221" -> "e222"
	"]223" [label="]",style=filled,fillcolor=powderblue]
	"Factor209" -> "]223"
	"PowerPrime224" [label="PowerPrime"]
	"Power208" -> "PowerPrime224"
	"e225" [label="e"]
	"PowerPrime224" -> "e225"
	"TermPrime226" [label="TermPrime"]
	"Term207" -> "TermPrime226"
	"e227" [label="e"]
	"TermPrime226" -> "e227"
	"ExpressionPrime228" [label="ExpressionPrime"]
	"Expression206" -> "ExpressionPrime228"
	"e229" [label="e"]
	"ExpressionPrime228" -> "e229"
	"Statements230" [label="Statements"]
	"Statements202" -> "Statements230"
	"e231" [label="e"]
	"Statements230" -> "e231"
};
