digraph G {
	"Start1" [label="Start"]
	"Assign2" [label="Assign"]
	"Start1" -> "Assign2"
	"m3" [label="m",style=filled,fillcolor=powderblue]
	"Assign2" -> "m3"
	"[4" [label="[",style=filled,fillcolor=powderblue]
	"Assign2" -> "[4"
	"Exp5" [label="Exp"]
	"Assign2" -> "Exp5"
	"Term6" [label="Term"]
	"Exp5" -> "Term6"
	"Factor7" [label="Factor"]
	"Term6" -> "Factor7"
	"B8" [label="B"]
	"Factor7" -> "B8"
	"num9" [label="num",style=filled,fillcolor=powderblue]
	"B8" -> "num9"
	"Factor_prime10" [label="Factor_prime"]
	"Factor7" -> "Factor_prime10"
	"e11" [label="e"]
	"Factor_prime10" -> "e11"
	"Term_prime12" [label="Term_prime"]
	"Term6" -> "Term_prime12"
	"e13" [label="e"]
	"Term_prime12" -> "e13"
	"Exp_prime14" [label="Exp_prime"]
	"Exp5" -> "Exp_prime14"
	"e15" [label="e"]
	"Exp_prime14" -> "e15"
	"]16" [label="]",style=filled,fillcolor=powderblue]
	"Assign2" -> "]16"
	"=17" [label="=",style=filled,fillcolor=powderblue]
	"Assign2" -> "=17"
	"Exp18" [label="Exp"]
	"Assign2" -> "Exp18"
	"Term19" [label="Term"]
	"Exp18" -> "Term19"
	"Factor20" [label="Factor"]
	"Term19" -> "Factor20"
	"B21" [label="B"]
	"Factor20" -> "B21"
	"num22" [label="num",style=filled,fillcolor=powderblue]
	"B21" -> "num22"
	"Factor_prime23" [label="Factor_prime"]
	"Factor20" -> "Factor_prime23"
	"e24" [label="e"]
	"Factor_prime23" -> "e24"
	"Term_prime25" [label="Term_prime"]
	"Term19" -> "Term_prime25"
	"/26" [label="/",style=filled,fillcolor=powderblue]
	"Term_prime25" -> "/26"
	"Factor27" [label="Factor"]
	"Term_prime25" -> "Factor27"
	"B28" [label="B"]
	"Factor27" -> "B28"
	"num29" [label="num",style=filled,fillcolor=powderblue]
	"B28" -> "num29"
	"Factor_prime30" [label="Factor_prime"]
	"Factor27" -> "Factor_prime30"
	"e31" [label="e"]
	"Factor_prime30" -> "e31"
	"Term_prime32" [label="Term_prime"]
	"Term_prime25" -> "Term_prime32"
	"*33" [label="*",style=filled,fillcolor=powderblue]
	"Term_prime32" -> "*33"
	"Factor34" [label="Factor"]
	"Term_prime32" -> "Factor34"
	"B35" [label="B"]
	"Factor34" -> "B35"
	"num36" [label="num",style=filled,fillcolor=powderblue]
	"B35" -> "num36"
	"Factor_prime37" [label="Factor_prime"]
	"Factor34" -> "Factor_prime37"
	"e38" [label="e"]
	"Factor_prime37" -> "e38"
	"Term_prime39" [label="Term_prime"]
	"Term_prime32" -> "Term_prime39"
	"e40" [label="e"]
	"Term_prime39" -> "e40"
	"Exp_prime41" [label="Exp_prime"]
	"Exp18" -> "Exp_prime41"
	"e42" [label="e"]
	"Exp_prime41" -> "e42"
	"Statement43" [label="Statement"]
	"Start1" -> "Statement43"
	"Assign44" [label="Assign"]
	"Statement43" -> "Assign44"
	"m45" [label="m",style=filled,fillcolor=powderblue]
	"Assign44" -> "m45"
	"[46" [label="[",style=filled,fillcolor=powderblue]
	"Assign44" -> "[46"
	"Exp47" [label="Exp"]
	"Assign44" -> "Exp47"
	"Term48" [label="Term"]
	"Exp47" -> "Term48"
	"Factor49" [label="Factor"]
	"Term48" -> "Factor49"
	"B50" [label="B"]
	"Factor49" -> "B50"
	"num51" [label="num",style=filled,fillcolor=powderblue]
	"B50" -> "num51"
	"Factor_prime52" [label="Factor_prime"]
	"Factor49" -> "Factor_prime52"
	"e53" [label="e"]
	"Factor_prime52" -> "e53"
	"Term_prime54" [label="Term_prime"]
	"Term48" -> "Term_prime54"
	"e55" [label="e"]
	"Term_prime54" -> "e55"
	"Exp_prime56" [label="Exp_prime"]
	"Exp47" -> "Exp_prime56"
	"e57" [label="e"]
	"Exp_prime56" -> "e57"
	"]58" [label="]",style=filled,fillcolor=powderblue]
	"Assign44" -> "]58"
	"=59" [label="=",style=filled,fillcolor=powderblue]
	"Assign44" -> "=59"
	"Exp60" [label="Exp"]
	"Assign44" -> "Exp60"
	"Term61" [label="Term"]
	"Exp60" -> "Term61"
	"Factor62" [label="Factor"]
	"Term61" -> "Factor62"
	"B63" [label="B"]
	"Factor62" -> "B63"
	"num64" [label="num",style=filled,fillcolor=powderblue]
	"B63" -> "num64"
	"Factor_prime65" [label="Factor_prime"]
	"Factor62" -> "Factor_prime65"
	"e66" [label="e"]
	"Factor_prime65" -> "e66"
	"Term_prime67" [label="Term_prime"]
	"Term61" -> "Term_prime67"
	"e68" [label="e"]
	"Term_prime67" -> "e68"
	"Exp_prime69" [label="Exp_prime"]
	"Exp60" -> "Exp_prime69"
	"+70" [label="+",style=filled,fillcolor=powderblue]
	"Exp_prime69" -> "+70"
	"Term71" [label="Term"]
	"Exp_prime69" -> "Term71"
	"Factor72" [label="Factor"]
	"Term71" -> "Factor72"
	"B73" [label="B"]
	"Factor72" -> "B73"
	"num74" [label="num",style=filled,fillcolor=powderblue]
	"B73" -> "num74"
	"Factor_prime75" [label="Factor_prime"]
	"Factor72" -> "Factor_prime75"
	"e76" [label="e"]
	"Factor_prime75" -> "e76"
	"Term_prime77" [label="Term_prime"]
	"Term71" -> "Term_prime77"
	"e78" [label="e"]
	"Term_prime77" -> "e78"
	"Exp_prime79" [label="Exp_prime"]
	"Exp_prime69" -> "Exp_prime79"
	"e80" [label="e"]
	"Exp_prime79" -> "e80"
	"Statement81" [label="Statement"]
	"Statement43" -> "Statement81"
	"e82" [label="e"]
	"Statement81" -> "e82"
};
