digraph G {
	"Start1" [label="Start"]
	"Assign2" [label="Assign"]
	"Start1" -> "Assign2"
	"m3" [label="m",style=filled,fillcolor=powderblue]
	"Assign2" -> "m3"
	"[4" [label="[",style=filled,fillcolor=powderblue]
	"Assign2" -> "[4"
	"Exp5" [label="Exp"]
	"Assign2" -> "Exp5"
	"Term6" [label="Term"]
	"Exp5" -> "Term6"
	"Factor7" [label="Factor"]
	"Term6" -> "Factor7"
	"B8" [label="B"]
	"Factor7" -> "B8"
	"num9" [label="num",style=filled,fillcolor=powderblue]
	"B8" -> "num9"
	"Factor_prime10" [label="Factor_prime"]
	"Factor7" -> "Factor_prime10"
	"e11" [label="e"]
	"Factor_prime10" -> "e11"
	"Term_prime12" [label="Term_prime"]
	"Term6" -> "Term_prime12"
	"e13" [label="e"]
	"Term_prime12" -> "e13"
	"Exp_prime14" [label="Exp_prime"]
	"Exp5" -> "Exp_prime14"
	"e15" [label="e"]
	"Exp_prime14" -> "e15"
	"]16" [label="]",style=filled,fillcolor=powderblue]
	"Assign2" -> "]16"
	"=17" [label="=",style=filled,fillcolor=powderblue]
	"Assign2" -> "=17"
	"Exp18" [label="Exp"]
	"Assign2" -> "Exp18"
	"Term19" [label="Term"]
	"Exp18" -> "Term19"
	"Factor20" [label="Factor"]
	"Term19" -> "Factor20"
	"B21" [label="B"]
	"Factor20" -> "B21"
	"num22" [label="num",style=filled,fillcolor=powderblue]
	"B21" -> "num22"
	"Factor_prime23" [label="Factor_prime"]
	"Factor20" -> "Factor_prime23"
	"e24" [label="e"]
	"Factor_prime23" -> "e24"
	"Term_prime25" [label="Term_prime"]
	"Term19" -> "Term_prime25"
	"/26" [label="/",style=filled,fillcolor=powderblue]
	"Term_prime25" -> "/26"
	"Factor27" [label="Factor"]
	"Term_prime25" -> "Factor27"
	"B28" [label="B"]
	"Factor27" -> "B28"
	"num29" [label="num",style=filled,fillcolor=powderblue]
	"B28" -> "num29"
	"Factor_prime30" [label="Factor_prime"]
	"Factor27" -> "Factor_prime30"
	"e31" [label="e"]
	"Factor_prime30" -> "e31"
	"Term_prime32" [label="Term_prime"]
	"Term_prime25" -> "Term_prime32"
	"*33" [label="*",style=filled,fillcolor=powderblue]
	"Term_prime32" -> "*33"
	"Factor34" [label="Factor"]
	"Term_prime32" -> "Factor34"
	"B35" [label="B"]
	"Factor34" -> "B35"
	"num36" [label="num",style=filled,fillcolor=powderblue]
	"B35" -> "num36"
	"Factor_prime37" [label="Factor_prime"]
	"Factor34" -> "Factor_prime37"
	"e38" [label="e"]
	"Factor_prime37" -> "e38"
	"Term_prime39" [label="Term_prime"]
	"Term_prime32" -> "Term_prime39"
	"e40" [label="e"]
	"Term_prime39" -> "e40"
	"Exp_prime41" [label="Exp_prime"]
	"Exp18" -> "Exp_prime41"
	"e42" [label="e"]
	"Exp_prime41" -> "e42"
	"Statement43" [label="Statement"]
	"Start1" -> "Statement43"
	"Assign44" [label="Assign"]
	"Statement43" -> "Assign44"
	"m45" [label="m",style=filled,fillcolor=powderblue]
	"Assign44" -> "m45"
	"[46" [label="[",style=filled,fillcolor=powderblue]
	"Assign44" -> "[46"
	"Exp47" [label="Exp"]
	"Assign44" -> "Exp47"
	"Term48" [label="Term"]
	"Exp47" -> "Term48"
	"Factor49" [label="Factor"]
	"Term48" -> "Factor49"
	"B50" [label="B"]
	"Factor49" -> "B50"
	"num51" [label="num",style=filled,fillcolor=powderblue]
	"B50" -> "num51"
	"Factor_prime52" [label="Factor_prime"]
	"Factor49" -> "Factor_prime52"
	"e53" [label="e"]
	"Factor_prime52" -> "e53"
	"Term_prime54" [label="Term_prime"]
	"Term48" -> "Term_prime54"
	"e55" [label="e"]
	"Term_prime54" -> "e55"
	"Exp_prime56" [label="Exp_prime"]
	"Exp47" -> "Exp_prime56"
	"e57" [label="e"]
	"Exp_prime56" -> "e57"
	"]58" [label="]",style=filled,fillcolor=powderblue]
	"Assign44" -> "]58"
	"=59" [label="=",style=filled,fillcolor=powderblue]
	"Assign44" -> "=59"
	"Exp60" [label="Exp"]
	"Assign44" -> "Exp60"
	"Term61" [label="Term"]
	"Exp60" -> "Term61"
	"Factor62" [label="Factor"]
	"Term61" -> "Factor62"
	"B63" [label="B"]
	"Factor62" -> "B63"
	"num64" [label="num",style=filled,fillcolor=powderblue]
	"B63" -> "num64"
	"Factor_prime65" [label="Factor_prime"]
	"Factor62" -> "Factor_prime65"
	"**66" [label="**",style=filled,fillcolor=powderblue]
	"Factor_prime65" -> "**66"
	"B67" [label="B"]
	"Factor_prime65" -> "B67"
	"num68" [label="num",style=filled,fillcolor=powderblue]
	"B67" -> "num68"
	"Factor_prime69" [label="Factor_prime"]
	"Factor_prime65" -> "Factor_prime69"
	"**70" [label="**",style=filled,fillcolor=powderblue]
	"Factor_prime69" -> "**70"
	"B71" [label="B"]
	"Factor_prime69" -> "B71"
	"num72" [label="num",style=filled,fillcolor=powderblue]
	"B71" -> "num72"
	"Factor_prime73" [label="Factor_prime"]
	"Factor_prime69" -> "Factor_prime73"
	"e74" [label="e"]
	"Factor_prime73" -> "e74"
	"Term_prime75" [label="Term_prime"]
	"Term61" -> "Term_prime75"
	"e76" [label="e"]
	"Term_prime75" -> "e76"
	"Exp_prime77" [label="Exp_prime"]
	"Exp60" -> "Exp_prime77"
	"e78" [label="e"]
	"Exp_prime77" -> "e78"
	"Statement79" [label="Statement"]
	"Statement43" -> "Statement79"
	"Assign80" [label="Assign"]
	"Statement79" -> "Assign80"
	"m81" [label="m",style=filled,fillcolor=powderblue]
	"Assign80" -> "m81"
	"[82" [label="[",style=filled,fillcolor=powderblue]
	"Assign80" -> "[82"
	"Exp83" [label="Exp"]
	"Assign80" -> "Exp83"
	"Term84" [label="Term"]
	"Exp83" -> "Term84"
	"Factor85" [label="Factor"]
	"Term84" -> "Factor85"
	"B86" [label="B"]
	"Factor85" -> "B86"
	"num87" [label="num",style=filled,fillcolor=powderblue]
	"B86" -> "num87"
	"Factor_prime88" [label="Factor_prime"]
	"Factor85" -> "Factor_prime88"
	"e89" [label="e"]
	"Factor_prime88" -> "e89"
	"Term_prime90" [label="Term_prime"]
	"Term84" -> "Term_prime90"
	"e91" [label="e"]
	"Term_prime90" -> "e91"
	"Exp_prime92" [label="Exp_prime"]
	"Exp83" -> "Exp_prime92"
	"e93" [label="e"]
	"Exp_prime92" -> "e93"
	"]94" [label="]",style=filled,fillcolor=powderblue]
	"Assign80" -> "]94"
	"=95" [label="=",style=filled,fillcolor=powderblue]
	"Assign80" -> "=95"
	"Exp96" [label="Exp"]
	"Assign80" -> "Exp96"
	"Term97" [label="Term"]
	"Exp96" -> "Term97"
	"Factor98" [label="Factor"]
	"Term97" -> "Factor98"
	"B99" [label="B"]
	"Factor98" -> "B99"
	"num100" [label="num",style=filled,fillcolor=powderblue]
	"B99" -> "num100"
	"Factor_prime101" [label="Factor_prime"]
	"Factor98" -> "Factor_prime101"
	"e102" [label="e"]
	"Factor_prime101" -> "e102"
	"Term_prime103" [label="Term_prime"]
	"Term97" -> "Term_prime103"
	"*104" [label="*",style=filled,fillcolor=powderblue]
	"Term_prime103" -> "*104"
	"Factor105" [label="Factor"]
	"Term_prime103" -> "Factor105"
	"B106" [label="B"]
	"Factor105" -> "B106"
	"num107" [label="num",style=filled,fillcolor=powderblue]
	"B106" -> "num107"
	"Factor_prime108" [label="Factor_prime"]
	"Factor105" -> "Factor_prime108"
	"e109" [label="e"]
	"Factor_prime108" -> "e109"
	"Term_prime110" [label="Term_prime"]
	"Term_prime103" -> "Term_prime110"
	"e111" [label="e"]
	"Term_prime110" -> "e111"
	"Exp_prime112" [label="Exp_prime"]
	"Exp96" -> "Exp_prime112"
	"-113" [label="-",style=filled,fillcolor=powderblue]
	"Exp_prime112" -> "-113"
	"Term114" [label="Term"]
	"Exp_prime112" -> "Term114"
	"Factor115" [label="Factor"]
	"Term114" -> "Factor115"
	"B116" [label="B"]
	"Factor115" -> "B116"
	"num117" [label="num",style=filled,fillcolor=powderblue]
	"B116" -> "num117"
	"Factor_prime118" [label="Factor_prime"]
	"Factor115" -> "Factor_prime118"
	"**119" [label="**",style=filled,fillcolor=powderblue]
	"Factor_prime118" -> "**119"
	"B120" [label="B"]
	"Factor_prime118" -> "B120"
	"num121" [label="num",style=filled,fillcolor=powderblue]
	"B120" -> "num121"
	"Factor_prime122" [label="Factor_prime"]
	"Factor_prime118" -> "Factor_prime122"
	"e123" [label="e"]
	"Factor_prime122" -> "e123"
	"Term_prime124" [label="Term_prime"]
	"Term114" -> "Term_prime124"
	"*125" [label="*",style=filled,fillcolor=powderblue]
	"Term_prime124" -> "*125"
	"Factor126" [label="Factor"]
	"Term_prime124" -> "Factor126"
	"B127" [label="B"]
	"Factor126" -> "B127"
	"num128" [label="num",style=filled,fillcolor=powderblue]
	"B127" -> "num128"
	"Factor_prime129" [label="Factor_prime"]
	"Factor126" -> "Factor_prime129"
	"e130" [label="e"]
	"Factor_prime129" -> "e130"
	"Term_prime131" [label="Term_prime"]
	"Term_prime124" -> "Term_prime131"
	"e132" [label="e"]
	"Term_prime131" -> "e132"
	"Exp_prime133" [label="Exp_prime"]
	"Exp_prime112" -> "Exp_prime133"
	"+134" [label="+",style=filled,fillcolor=powderblue]
	"Exp_prime133" -> "+134"
	"Term135" [label="Term"]
	"Exp_prime133" -> "Term135"
	"Factor136" [label="Factor"]
	"Term135" -> "Factor136"
	"B137" [label="B"]
	"Factor136" -> "B137"
	"num138" [label="num",style=filled,fillcolor=powderblue]
	"B137" -> "num138"
	"Factor_prime139" [label="Factor_prime"]
	"Factor136" -> "Factor_prime139"
	"**140" [label="**",style=filled,fillcolor=powderblue]
	"Factor_prime139" -> "**140"
	"B141" [label="B"]
	"Factor_prime139" -> "B141"
	"num142" [label="num",style=filled,fillcolor=powderblue]
	"B141" -> "num142"
	"Factor_prime143" [label="Factor_prime"]
	"Factor_prime139" -> "Factor_prime143"
	"e144" [label="e"]
	"Factor_prime143" -> "e144"
	"Term_prime145" [label="Term_prime"]
	"Term135" -> "Term_prime145"
	"e146" [label="e"]
	"Term_prime145" -> "e146"
	"Exp_prime147" [label="Exp_prime"]
	"Exp_prime133" -> "Exp_prime147"
	"e148" [label="e"]
	"Exp_prime147" -> "e148"
	"Statement149" [label="Statement"]
	"Statement79" -> "Statement149"
	"Assign150" [label="Assign"]
	"Statement149" -> "Assign150"
	"m151" [label="m",style=filled,fillcolor=powderblue]
	"Assign150" -> "m151"
	"[152" [label="[",style=filled,fillcolor=powderblue]
	"Assign150" -> "[152"
	"Exp153" [label="Exp"]
	"Assign150" -> "Exp153"
	"Term154" [label="Term"]
	"Exp153" -> "Term154"
	"Factor155" [label="Factor"]
	"Term154" -> "Factor155"
	"B156" [label="B"]
	"Factor155" -> "B156"
	"num157" [label="num",style=filled,fillcolor=powderblue]
	"B156" -> "num157"
	"Factor_prime158" [label="Factor_prime"]
	"Factor155" -> "Factor_prime158"
	"e159" [label="e"]
	"Factor_prime158" -> "e159"
	"Term_prime160" [label="Term_prime"]
	"Term154" -> "Term_prime160"
	"e161" [label="e"]
	"Term_prime160" -> "e161"
	"Exp_prime162" [label="Exp_prime"]
	"Exp153" -> "Exp_prime162"
	"e163" [label="e"]
	"Exp_prime162" -> "e163"
	"]164" [label="]",style=filled,fillcolor=powderblue]
	"Assign150" -> "]164"
	"=165" [label="=",style=filled,fillcolor=powderblue]
	"Assign150" -> "=165"
	"Exp166" [label="Exp"]
	"Assign150" -> "Exp166"
	"Term167" [label="Term"]
	"Exp166" -> "Term167"
	"Factor168" [label="Factor"]
	"Term167" -> "Factor168"
	"B169" [label="B"]
	"Factor168" -> "B169"
	"num170" [label="num",style=filled,fillcolor=powderblue]
	"B169" -> "num170"
	"Factor_prime171" [label="Factor_prime"]
	"Factor168" -> "Factor_prime171"
	"e172" [label="e"]
	"Factor_prime171" -> "e172"
	"Term_prime173" [label="Term_prime"]
	"Term167" -> "Term_prime173"
	"e174" [label="e"]
	"Term_prime173" -> "e174"
	"Exp_prime175" [label="Exp_prime"]
	"Exp166" -> "Exp_prime175"
	"+176" [label="+",style=filled,fillcolor=powderblue]
	"Exp_prime175" -> "+176"
	"Term177" [label="Term"]
	"Exp_prime175" -> "Term177"
	"Factor178" [label="Factor"]
	"Term177" -> "Factor178"
	"B179" [label="B"]
	"Factor178" -> "B179"
	"m180" [label="m",style=filled,fillcolor=powderblue]
	"B179" -> "m180"
	"[181" [label="[",style=filled,fillcolor=powderblue]
	"B179" -> "[181"
	"Exp182" [label="Exp"]
	"B179" -> "Exp182"
	"Term183" [label="Term"]
	"Exp182" -> "Term183"
	"Factor184" [label="Factor"]
	"Term183" -> "Factor184"
	"B185" [label="B"]
	"Factor184" -> "B185"
	"num186" [label="num",style=filled,fillcolor=powderblue]
	"B185" -> "num186"
	"Factor_prime187" [label="Factor_prime"]
	"Factor184" -> "Factor_prime187"
	"e188" [label="e"]
	"Factor_prime187" -> "e188"
	"Term_prime189" [label="Term_prime"]
	"Term183" -> "Term_prime189"
	"e190" [label="e"]
	"Term_prime189" -> "e190"
	"Exp_prime191" [label="Exp_prime"]
	"Exp182" -> "Exp_prime191"
	"e192" [label="e"]
	"Exp_prime191" -> "e192"
	"]193" [label="]",style=filled,fillcolor=powderblue]
	"B179" -> "]193"
	"Factor_prime194" [label="Factor_prime"]
	"Factor178" -> "Factor_prime194"
	"e195" [label="e"]
	"Factor_prime194" -> "e195"
	"Term_prime196" [label="Term_prime"]
	"Term177" -> "Term_prime196"
	"e197" [label="e"]
	"Term_prime196" -> "e197"
	"Exp_prime198" [label="Exp_prime"]
	"Exp_prime175" -> "Exp_prime198"
	"e199" [label="e"]
	"Exp_prime198" -> "e199"
	"Statement200" [label="Statement"]
	"Statement149" -> "Statement200"
	"Assign201" [label="Assign"]
	"Statement200" -> "Assign201"
	"m202" [label="m",style=filled,fillcolor=powderblue]
	"Assign201" -> "m202"
	"[203" [label="[",style=filled,fillcolor=powderblue]
	"Assign201" -> "[203"
	"Exp204" [label="Exp"]
	"Assign201" -> "Exp204"
	"Term205" [label="Term"]
	"Exp204" -> "Term205"
	"Factor206" [label="Factor"]
	"Term205" -> "Factor206"
	"B207" [label="B"]
	"Factor206" -> "B207"
	"num208" [label="num",style=filled,fillcolor=powderblue]
	"B207" -> "num208"
	"Factor_prime209" [label="Factor_prime"]
	"Factor206" -> "Factor_prime209"
	"e210" [label="e"]
	"Factor_prime209" -> "e210"
	"Term_prime211" [label="Term_prime"]
	"Term205" -> "Term_prime211"
	"e212" [label="e"]
	"Term_prime211" -> "e212"
	"Exp_prime213" [label="Exp_prime"]
	"Exp204" -> "Exp_prime213"
	"e214" [label="e"]
	"Exp_prime213" -> "e214"
	"]215" [label="]",style=filled,fillcolor=powderblue]
	"Assign201" -> "]215"
	"=216" [label="=",style=filled,fillcolor=powderblue]
	"Assign201" -> "=216"
	"Exp217" [label="Exp"]
	"Assign201" -> "Exp217"
	"Term218" [label="Term"]
	"Exp217" -> "Term218"
	"Factor219" [label="Factor"]
	"Term218" -> "Factor219"
	"B220" [label="B"]
	"Factor219" -> "B220"
	"num221" [label="num",style=filled,fillcolor=powderblue]
	"B220" -> "num221"
	"Factor_prime222" [label="Factor_prime"]
	"Factor219" -> "Factor_prime222"
	"e223" [label="e"]
	"Factor_prime222" -> "e223"
	"Term_prime224" [label="Term_prime"]
	"Term218" -> "Term_prime224"
	"e225" [label="e"]
	"Term_prime224" -> "e225"
	"Exp_prime226" [label="Exp_prime"]
	"Exp217" -> "Exp_prime226"
	"-227" [label="-",style=filled,fillcolor=powderblue]
	"Exp_prime226" -> "-227"
	"Term228" [label="Term"]
	"Exp_prime226" -> "Term228"
	"Factor229" [label="Factor"]
	"Term228" -> "Factor229"
	"B230" [label="B"]
	"Factor229" -> "B230"
	"m231" [label="m",style=filled,fillcolor=powderblue]
	"B230" -> "m231"
	"[232" [label="[",style=filled,fillcolor=powderblue]
	"B230" -> "[232"
	"Exp233" [label="Exp"]
	"B230" -> "Exp233"
	"Term234" [label="Term"]
	"Exp233" -> "Term234"
	"Factor235" [label="Factor"]
	"Term234" -> "Factor235"
	"B236" [label="B"]
	"Factor235" -> "B236"
	"num237" [label="num",style=filled,fillcolor=powderblue]
	"B236" -> "num237"
	"Factor_prime238" [label="Factor_prime"]
	"Factor235" -> "Factor_prime238"
	"e239" [label="e"]
	"Factor_prime238" -> "e239"
	"Term_prime240" [label="Term_prime"]
	"Term234" -> "Term_prime240"
	"e241" [label="e"]
	"Term_prime240" -> "e241"
	"Exp_prime242" [label="Exp_prime"]
	"Exp233" -> "Exp_prime242"
	"e243" [label="e"]
	"Exp_prime242" -> "e243"
	"]244" [label="]",style=filled,fillcolor=powderblue]
	"B230" -> "]244"
	"Factor_prime245" [label="Factor_prime"]
	"Factor229" -> "Factor_prime245"
	"e246" [label="e"]
	"Factor_prime245" -> "e246"
	"Term_prime247" [label="Term_prime"]
	"Term228" -> "Term_prime247"
	"e248" [label="e"]
	"Term_prime247" -> "e248"
	"Exp_prime249" [label="Exp_prime"]
	"Exp_prime226" -> "Exp_prime249"
	"-250" [label="-",style=filled,fillcolor=powderblue]
	"Exp_prime249" -> "-250"
	"Term251" [label="Term"]
	"Exp_prime249" -> "Term251"
	"Factor252" [label="Factor"]
	"Term251" -> "Factor252"
	"B253" [label="B"]
	"Factor252" -> "B253"
	"num254" [label="num",style=filled,fillcolor=powderblue]
	"B253" -> "num254"
	"Factor_prime255" [label="Factor_prime"]
	"Factor252" -> "Factor_prime255"
	"e256" [label="e"]
	"Factor_prime255" -> "e256"
	"Term_prime257" [label="Term_prime"]
	"Term251" -> "Term_prime257"
	"e258" [label="e"]
	"Term_prime257" -> "e258"
	"Exp_prime259" [label="Exp_prime"]
	"Exp_prime249" -> "Exp_prime259"
	"e260" [label="e"]
	"Exp_prime259" -> "e260"
	"Statement261" [label="Statement"]
	"Statement200" -> "Statement261"
	"Print262" [label="Print"]
	"Statement261" -> "Print262"
	"print263" [label="print",style=filled,fillcolor=powderblue]
	"Print262" -> "print263"
	"Exp264" [label="Exp"]
	"Print262" -> "Exp264"

scan error: unrecognized character '4' -line 6
