digraph G {
	"Start1" [label="Start"]
	"Statements2" [label="Statements"]
	"Start1" -> "Statements2"
	"Statement3" [label="Statement"]
	"Statements2" -> "Statement3"
	"Assignment4" [label="Assignment"]
	"Statement3" -> "Assignment4"
	"MemAccess5" [label="MemAccess"]
	"Assignment4" -> "MemAccess5"
	"m6" [label="m",style=filled,fillcolor=powderblue]
	"MemAccess5" -> "m6"
	"[7" [label="[",style=filled,fillcolor=powderblue]
	"MemAccess5" -> "[7"
	"Expression8" [label="Expression"]
	"MemAccess5" -> "Expression8"
	"Term9" [label="Term"]
	"Expression8" -> "Term9"
	"Factor10" [label="Factor"]
	"Term9" -> "Factor10"
	"NumParen11" [label="NumParen"]
	"Factor10" -> "NumParen11"
	"num12" [label="num",style=filled,fillcolor=powderblue]
	"NumParen11" -> "num12"
	"Start13" [label="Start"]
	"Factor10" -> "Start13"
	"e14" [label="e"]
	"Start13" -> "e14"
	"TMultDiv15" [label="TMultDiv"]
	"Term9" -> "TMultDiv15"
	"e16" [label="e"]
	"TMultDiv15" -> "e16"
	"EAddSub17" [label="EAddSub"]
	"Expression8" -> "EAddSub17"
	"e18" [label="e"]
	"EAddSub17" -> "e18"
	"]19" [label="]",style=filled,fillcolor=powderblue]
	"MemAccess5" -> "]19"
	"=20" [label="=",style=filled,fillcolor=powderblue]
	"Assignment4" -> "=20"
	"Expression21" [label="Expression"]
	"Assignment4" -> "Expression21"
	"Term22" [label="Term"]
	"Expression21" -> "Term22"
	"Factor23" [label="Factor"]
	"Term22" -> "Factor23"
	"NumParen24" [label="NumParen"]
	"Factor23" -> "NumParen24"
	"num25" [label="num",style=filled,fillcolor=powderblue]
	"NumParen24" -> "num25"
	"Start26" [label="Start"]
	"Factor23" -> "Start26"
	"e27" [label="e"]
	"Start26" -> "e27"
	"TMultDiv28" [label="TMultDiv"]
	"Term22" -> "TMultDiv28"
	"e29" [label="e"]
	"TMultDiv28" -> "e29"
	"EAddSub30" [label="EAddSub"]
	"Expression21" -> "EAddSub30"
	"e31" [label="e"]
	"EAddSub30" -> "e31"
	"Statements32" [label="Statements"]
	"Statements2" -> "Statements32"
	"Statement33" [label="Statement"]
	"Statements32" -> "Statement33"
	"Assignment34" [label="Assignment"]
	"Statement33" -> "Assignment34"
	"MemAccess35" [label="MemAccess"]
	"Assignment34" -> "MemAccess35"
	"m36" [label="m",style=filled,fillcolor=powderblue]
	"MemAccess35" -> "m36"
	"[37" [label="[",style=filled,fillcolor=powderblue]
	"MemAccess35" -> "[37"
	"Expression38" [label="Expression"]
	"MemAccess35" -> "Expression38"
	"Term39" [label="Term"]
	"Expression38" -> "Term39"
	"Factor40" [label="Factor"]
	"Term39" -> "Factor40"
	"NumParen41" [label="NumParen"]
	"Factor40" -> "NumParen41"
	"num42" [label="num",style=filled,fillcolor=powderblue]
	"NumParen41" -> "num42"
	"Start43" [label="Start"]
	"Factor40" -> "Start43"
	"e44" [label="e"]
	"Start43" -> "e44"
	"TMultDiv45" [label="TMultDiv"]
	"Term39" -> "TMultDiv45"
	"e46" [label="e"]
	"TMultDiv45" -> "e46"
	"EAddSub47" [label="EAddSub"]
	"Expression38" -> "EAddSub47"
	"e48" [label="e"]
	"EAddSub47" -> "e48"
	"]49" [label="]",style=filled,fillcolor=powderblue]
	"MemAccess35" -> "]49"
	"=50" [label="=",style=filled,fillcolor=powderblue]
	"Assignment34" -> "=50"
	"Expression51" [label="Expression"]
	"Assignment34" -> "Expression51"
	"Term52" [label="Term"]
	"Expression51" -> "Term52"
	"Factor53" [label="Factor"]
	"Term52" -> "Factor53"
	"NumParen54" [label="NumParen"]
	"Factor53" -> "NumParen54"
	"num55" [label="num",style=filled,fillcolor=powderblue]
	"NumParen54" -> "num55"
	"Start56" [label="Start"]
	"Factor53" -> "Start56"
	"e57" [label="e"]
	"Start56" -> "e57"
	"TMultDiv58" [label="TMultDiv"]
	"Term52" -> "TMultDiv58"
	"e59" [label="e"]
	"TMultDiv58" -> "e59"
	"EAddSub60" [label="EAddSub"]
	"Expression51" -> "EAddSub60"
	"e61" [label="e"]
	"EAddSub60" -> "e61"
	"Statements62" [label="Statements"]
	"Statements32" -> "Statements62"
	"Statement63" [label="Statement"]
	"Statements62" -> "Statement63"
	"Assignment64" [label="Assignment"]
	"Statement63" -> "Assignment64"
	"MemAccess65" [label="MemAccess"]
	"Assignment64" -> "MemAccess65"
	"m66" [label="m",style=filled,fillcolor=powderblue]
	"MemAccess65" -> "m66"
	"[67" [label="[",style=filled,fillcolor=powderblue]
	"MemAccess65" -> "[67"
	"Expression68" [label="Expression"]
	"MemAccess65" -> "Expression68"
	"Term69" [label="Term"]
	"Expression68" -> "Term69"
	"Factor70" [label="Factor"]
	"Term69" -> "Factor70"
	"NumParen71" [label="NumParen"]
	"Factor70" -> "NumParen71"
	"num72" [label="num",style=filled,fillcolor=powderblue]
	"NumParen71" -> "num72"
	"Start73" [label="Start"]
	"Factor70" -> "Start73"
	"e74" [label="e"]
	"Start73" -> "e74"
	"TMultDiv75" [label="TMultDiv"]
	"Term69" -> "TMultDiv75"
	"e76" [label="e"]
	"TMultDiv75" -> "e76"
	"EAddSub77" [label="EAddSub"]
	"Expression68" -> "EAddSub77"
	"e78" [label="e"]
	"EAddSub77" -> "e78"
	"]79" [label="]",style=filled,fillcolor=powderblue]
	"MemAccess65" -> "]79"
	"=80" [label="=",style=filled,fillcolor=powderblue]
	"Assignment64" -> "=80"
	"Expression81" [label="Expression"]
	"Assignment64" -> "Expression81"
	"Term82" [label="Term"]
	"Expression81" -> "Term82"
	"Factor83" [label="Factor"]
	"Term82" -> "Factor83"
	"NumParen84" [label="NumParen"]
	"Factor83" -> "NumParen84"
	"num85" [label="num",style=filled,fillcolor=powderblue]
	"NumParen84" -> "num85"
	"Start86" [label="Start"]
	"Factor83" -> "Start86"
	"e87" [label="e"]
	"Start86" -> "e87"
	"TMultDiv88" [label="TMultDiv"]
	"Term82" -> "TMultDiv88"
	"*89" [label="*",style=filled,fillcolor=powderblue]
	"TMultDiv88" -> "*89"
	"Factor90" [label="Factor"]
	"TMultDiv88" -> "Factor90"
	"NumParen91" [label="NumParen"]
	"Factor90" -> "NumParen91"
	"num92" [label="num",style=filled,fillcolor=powderblue]
	"NumParen91" -> "num92"
	"Start93" [label="Start"]
	"Factor90" -> "Start93"
	"e94" [label="e"]
	"Start93" -> "e94"
	"TMultDiv95" [label="TMultDiv"]
	"TMultDiv88" -> "TMultDiv95"
	"e96" [label="e"]
	"TMultDiv95" -> "e96"
	"EAddSub97" [label="EAddSub"]
	"Expression81" -> "EAddSub97"
	"e98" [label="e"]
	"EAddSub97" -> "e98"
	"Statements99" [label="Statements"]
	"Statements62" -> "Statements99"
	"Statement100" [label="Statement"]
	"Statements99" -> "Statement100"
	"Assignment101" [label="Assignment"]
	"Statement100" -> "Assignment101"
	"MemAccess102" [label="MemAccess"]
	"Assignment101" -> "MemAccess102"
	"m103" [label="m",style=filled,fillcolor=powderblue]
	"MemAccess102" -> "m103"
	"[104" [label="[",style=filled,fillcolor=powderblue]
	"MemAccess102" -> "[104"
	"Expression105" [label="Expression"]
	"MemAccess102" -> "Expression105"
	"Term106" [label="Term"]
	"Expression105" -> "Term106"
	"Factor107" [label="Factor"]
	"Term106" -> "Factor107"
	"NumParen108" [label="NumParen"]
	"Factor107" -> "NumParen108"
	"num109" [label="num",style=filled,fillcolor=powderblue]
	"NumParen108" -> "num109"
	"Start110" [label="Start"]
	"Factor107" -> "Start110"
	"e111" [label="e"]
	"Start110" -> "e111"
	"TMultDiv112" [label="TMultDiv"]
	"Term106" -> "TMultDiv112"
	"e113" [label="e"]
	"TMultDiv112" -> "e113"
	"EAddSub114" [label="EAddSub"]
	"Expression105" -> "EAddSub114"
	"e115" [label="e"]
	"EAddSub114" -> "e115"
	"]116" [label="]",style=filled,fillcolor=powderblue]
	"MemAccess102" -> "]116"
	"=117" [label="=",style=filled,fillcolor=powderblue]
	"Assignment101" -> "=117"
	"Expression118" [label="Expression"]
	"Assignment101" -> "Expression118"
	"Term119" [label="Term"]
	"Expression118" -> "Term119"
	"Factor120" [label="Factor"]
	"Term119" -> "Factor120"
	"NumParen121" [label="NumParen"]
	"Factor120" -> "NumParen121"
	"num122" [label="num",style=filled,fillcolor=powderblue]
	"NumParen121" -> "num122"
	"Start123" [label="Start"]
	"Factor120" -> "Start123"
	"e124" [label="e"]
	"Start123" -> "e124"
	"TMultDiv125" [label="TMultDiv"]
	"Term119" -> "TMultDiv125"
	"e126" [label="e"]
	"TMultDiv125" -> "e126"
	"EAddSub127" [label="EAddSub"]
	"Expression118" -> "EAddSub127"
	"+128" [label="+",style=filled,fillcolor=powderblue]
	"EAddSub127" -> "+128"
	"Term129" [label="Term"]
	"EAddSub127" -> "Term129"
	"Factor130" [label="Factor"]
	"Term129" -> "Factor130"
	"NumParen131" [label="NumParen"]
	"Factor130" -> "NumParen131"
	"(132" [label="(",style=filled,fillcolor=powderblue]
	"NumParen131" -> "(132"
	"Expression133" [label="Expression"]
	"NumParen131" -> "Expression133"
	"Term134" [label="Term"]
	"Expression133" -> "Term134"
	"Factor135" [label="Factor"]
	"Term134" -> "Factor135"
	"NumParen136" [label="NumParen"]
	"Factor135" -> "NumParen136"
	"num137" [label="num",style=filled,fillcolor=powderblue]
	"NumParen136" -> "num137"
	"Start138" [label="Start"]
	"Factor135" -> "Start138"
	"e139" [label="e"]
	"Start138" -> "e139"
	"TMultDiv140" [label="TMultDiv"]
	"Term134" -> "TMultDiv140"
	"e141" [label="e"]
	"TMultDiv140" -> "e141"
	"EAddSub142" [label="EAddSub"]
	"Expression133" -> "EAddSub142"
	"e143" [label="e"]
	"EAddSub142" -> "e143"
	")144" [label=")",style=filled,fillcolor=powderblue]
	"NumParen131" -> ")144"
	"Start145" [label="Start"]
	"Factor130" -> "Start145"
	"e146" [label="e"]
	"Start145" -> "e146"
	"TMultDiv147" [label="TMultDiv"]
	"Term129" -> "TMultDiv147"
	"e148" [label="e"]
	"TMultDiv147" -> "e148"
	"EAddSub149" [label="EAddSub"]
	"EAddSub127" -> "EAddSub149"
	"e150" [label="e"]
	"EAddSub149" -> "e150"
	"Statements151" [label="Statements"]
	"Statements99" -> "Statements151"
	"Statement152" [label="Statement"]
	"Statements151" -> "Statement152"
	"Assignment153" [label="Assignment"]
	"Statement152" -> "Assignment153"
	"MemAccess154" [label="MemAccess"]
	"Assignment153" -> "MemAccess154"
	"m155" [label="m",style=filled,fillcolor=powderblue]
	"MemAccess154" -> "m155"
	"[156" [label="[",style=filled,fillcolor=powderblue]
	"MemAccess154" -> "[156"
	"Expression157" [label="Expression"]
	"MemAccess154" -> "Expression157"
	"Term158" [label="Term"]
	"Expression157" -> "Term158"
	"Factor159" [label="Factor"]
	"Term158" -> "Factor159"
	"NumParen160" [label="NumParen"]
	"Factor159" -> "NumParen160"
	"num161" [label="num",style=filled,fillcolor=powderblue]
	"NumParen160" -> "num161"
	"Start162" [label="Start"]
	"Factor159" -> "Start162"
	"e163" [label="e"]
	"Start162" -> "e163"
	"TMultDiv164" [label="TMultDiv"]
	"Term158" -> "TMultDiv164"
	"e165" [label="e"]
	"TMultDiv164" -> "e165"
	"EAddSub166" [label="EAddSub"]
	"Expression157" -> "EAddSub166"
	"e167" [label="e"]
	"EAddSub166" -> "e167"
	"]168" [label="]",style=filled,fillcolor=powderblue]
	"MemAccess154" -> "]168"
	"=169" [label="=",style=filled,fillcolor=powderblue]
	"Assignment153" -> "=169"
	"Expression170" [label="Expression"]
	"Assignment153" -> "Expression170"
	"Term171" [label="Term"]
	"Expression170" -> "Term171"
	"Factor172" [label="Factor"]
	"Term171" -> "Factor172"
	"NumParen173" [label="NumParen"]
	"Factor172" -> "NumParen173"
	"num174" [label="num",style=filled,fillcolor=powderblue]
	"NumParen173" -> "num174"
	"Start175" [label="Start"]
	"Factor172" -> "Start175"
	"e176" [label="e"]
	"Start175" -> "e176"
	"TMultDiv177" [label="TMultDiv"]
	"Term171" -> "TMultDiv177"
	"e178" [label="e"]
	"TMultDiv177" -> "e178"
	"EAddSub179" [label="EAddSub"]
	"Expression170" -> "EAddSub179"
	"+180" [label="+",style=filled,fillcolor=powderblue]
	"EAddSub179" -> "+180"
	"Term181" [label="Term"]
	"EAddSub179" -> "Term181"
	"Factor182" [label="Factor"]
	"Term181" -> "Factor182"
	"NumParen183" [label="NumParen"]
	"Factor182" -> "NumParen183"
	"(184" [label="(",style=filled,fillcolor=powderblue]
	"NumParen183" -> "(184"
	"Expression185" [label="Expression"]
	"NumParen183" -> "Expression185"
	"Term186" [label="Term"]
	"Expression185" -> "Term186"
	"Factor187" [label="Factor"]
	"Term186" -> "Factor187"
	"NumParen188" [label="NumParen"]
	"Factor187" -> "NumParen188"
	"num189" [label="num",style=filled,fillcolor=powderblue]
	"NumParen188" -> "num189"
	"Start190" [label="Start"]
	"Factor187" -> "Start190"
	"e191" [label="e"]
	"Start190" -> "e191"
	"TMultDiv192" [label="TMultDiv"]
	"Term186" -> "TMultDiv192"
	"e193" [label="e"]
	"TMultDiv192" -> "e193"
	"EAddSub194" [label="EAddSub"]
	"Expression185" -> "EAddSub194"
	"-195" [label="-",style=filled,fillcolor=powderblue]
	"EAddSub194" -> "-195"
	"Term196" [label="Term"]
	"EAddSub194" -> "Term196"
	"Factor197" [label="Factor"]
	"Term196" -> "Factor197"
	"NumParen198" [label="NumParen"]
	"Factor197" -> "NumParen198"
	"num199" [label="num",style=filled,fillcolor=powderblue]
	"NumParen198" -> "num199"
	"Start200" [label="Start"]
	"Factor197" -> "Start200"
	"e201" [label="e"]
	"Start200" -> "e201"
	"TMultDiv202" [label="TMultDiv"]
	"Term196" -> "TMultDiv202"
	"e203" [label="e"]
	"TMultDiv202" -> "e203"
	"EAddSub204" [label="EAddSub"]
	"EAddSub194" -> "EAddSub204"
	"e205" [label="e"]
	"EAddSub204" -> "e205"
	")206" [label=")",style=filled,fillcolor=powderblue]
	"NumParen183" -> ")206"
syntax error: found eof expecting ) - line 1
