digraph G {
	"Start1" [label="Start"]
	"Statements2" [label="Statements"]
	"Start1" -> "Statements2"
	"Statement3" [label="Statement"]
	"Statements2" -> "Statement3"
	"Label4" [label="Label"]
	"Statement3" -> "Label4"
	"L5" [label="L",style=filled,fillcolor=powderblue]
	"Label4" -> "L5"
	"num6" [label="num",style=filled,fillcolor=powderblue]
	"Label4" -> "num6"
	":7" [label=":",style=filled,fillcolor=powderblue]
	"Label4" -> ":7"
	"Statements8" [label="Statements"]
	"Statements2" -> "Statements8"
	"Statement9" [label="Statement"]
	"Statements8" -> "Statement9"
	"Assignment10" [label="Assignment"]
	"Statement9" -> "Assignment10"
	"MemAccess11" [label="MemAccess"]
	"Assignment10" -> "MemAccess11"
	"m12" [label="m",style=filled,fillcolor=powderblue]
	"MemAccess11" -> "m12"
	"[13" [label="[",style=filled,fillcolor=powderblue]
	"MemAccess11" -> "[13"
	"Expression14" [label="Expression"]
	"MemAccess11" -> "Expression14"
	"Term15" [label="Term"]
	"Expression14" -> "Term15"
	"Factor16" [label="Factor"]
	"Term15" -> "Factor16"
	"NumParen17" [label="NumParen"]
	"Factor16" -> "NumParen17"
	"num18" [label="num",style=filled,fillcolor=powderblue]
	"NumParen17" -> "num18"
	"Start19" [label="Start"]
	"Factor16" -> "Start19"
	"e20" [label="e"]
	"Start19" -> "e20"
	"TMultDiv21" [label="TMultDiv"]
	"Term15" -> "TMultDiv21"
	"e22" [label="e"]
	"TMultDiv21" -> "e22"
	"EAddSub23" [label="EAddSub"]
	"Expression14" -> "EAddSub23"
	"e24" [label="e"]
	"EAddSub23" -> "e24"
	"]25" [label="]",style=filled,fillcolor=powderblue]
	"MemAccess11" -> "]25"
	"=26" [label="=",style=filled,fillcolor=powderblue]
	"Assignment10" -> "=26"
	"Expression27" [label="Expression"]
	"Assignment10" -> "Expression27"
	"Term28" [label="Term"]
	"Expression27" -> "Term28"
	"Factor29" [label="Factor"]
	"Term28" -> "Factor29"
	"NumParen30" [label="NumParen"]
	"Factor29" -> "NumParen30"
	"num31" [label="num",style=filled,fillcolor=powderblue]
	"NumParen30" -> "num31"
	"Start32" [label="Start"]
	"Factor29" -> "Start32"
	"e33" [label="e"]
	"Start32" -> "e33"
	"TMultDiv34" [label="TMultDiv"]
	"Term28" -> "TMultDiv34"
	"e35" [label="e"]
	"TMultDiv34" -> "e35"
	"EAddSub36" [label="EAddSub"]
	"Expression27" -> "EAddSub36"
	"-37" [label="-",style=filled,fillcolor=powderblue]
	"EAddSub36" -> "-37"
	"Term38" [label="Term"]
	"EAddSub36" -> "Term38"
	"Factor39" [label="Factor"]
	"Term38" -> "Factor39"
	"NumParen40" [label="NumParen"]
	"Factor39" -> "NumParen40"
	"(41" [label="(",style=filled,fillcolor=powderblue]
	"NumParen40" -> "(41"
	"Expression42" [label="Expression"]
	"NumParen40" -> "Expression42"
	"Term43" [label="Term"]
	"Expression42" -> "Term43"
	"MemAccess44" [label="MemAccess"]
	"Term43" -> "MemAccess44"
	"m45" [label="m",style=filled,fillcolor=powderblue]
	"MemAccess44" -> "m45"
	"[46" [label="[",style=filled,fillcolor=powderblue]
	"MemAccess44" -> "[46"
	"Expression47" [label="Expression"]
	"MemAccess44" -> "Expression47"
	"Term48" [label="Term"]
	"Expression47" -> "Term48"
	"Factor49" [label="Factor"]
	"Term48" -> "Factor49"
	"NumParen50" [label="NumParen"]
	"Factor49" -> "NumParen50"
	"num51" [label="num",style=filled,fillcolor=powderblue]
	"NumParen50" -> "num51"
	"Start52" [label="Start"]
	"Factor49" -> "Start52"
	"e53" [label="e"]
	"Start52" -> "e53"
	"TMultDiv54" [label="TMultDiv"]
	"Term48" -> "TMultDiv54"
	"e55" [label="e"]
	"TMultDiv54" -> "e55"
	"EAddSub56" [label="EAddSub"]
	"Expression47" -> "EAddSub56"
	"e57" [label="e"]
	"EAddSub56" -> "e57"
	"]58" [label="]",style=filled,fillcolor=powderblue]
	"MemAccess44" -> "]58"
	"EAddSub59" [label="EAddSub"]
	"Expression42" -> "EAddSub59"
	"-60" [label="-",style=filled,fillcolor=powderblue]
	"EAddSub59" -> "-60"
	"Term61" [label="Term"]
	"EAddSub59" -> "Term61"
	"Factor62" [label="Factor"]
	"Term61" -> "Factor62"
	"NumParen63" [label="NumParen"]
	"Factor62" -> "NumParen63"
	"num64" [label="num",style=filled,fillcolor=powderblue]
	"NumParen63" -> "num64"
	"Start65" [label="Start"]
	"Factor62" -> "Start65"
	"e66" [label="e"]
	"Start65" -> "e66"
	"TMultDiv67" [label="TMultDiv"]
	"Term61" -> "TMultDiv67"
	"e68" [label="e"]
	"TMultDiv67" -> "e68"
	"EAddSub69" [label="EAddSub"]
	"EAddSub59" -> "EAddSub69"
	"e70" [label="e"]
	"EAddSub69" -> "e70"
	")71" [label=")",style=filled,fillcolor=powderblue]
	"NumParen40" -> ")71"
	"Start72" [label="Start"]
	"Factor39" -> "Start72"
	"e73" [label="e"]
	"Start72" -> "e73"
	"TMultDiv74" [label="TMultDiv"]
	"Term38" -> "TMultDiv74"
	"e75" [label="e"]
	"TMultDiv74" -> "e75"
	"EAddSub76" [label="EAddSub"]
	"EAddSub36" -> "EAddSub76"
	"e77" [label="e"]
	"EAddSub76" -> "e77"
	"Statements78" [label="Statements"]
	"Statements8" -> "Statements78"
	"Statement79" [label="Statement"]
	"Statements78" -> "Statement79"
	"Assignment80" [label="Assignment"]
	"Statement79" -> "Assignment80"
	"MemAccess81" [label="MemAccess"]
	"Assignment80" -> "MemAccess81"
	"m82" [label="m",style=filled,fillcolor=powderblue]
	"MemAccess81" -> "m82"
	"[83" [label="[",style=filled,fillcolor=powderblue]
	"MemAccess81" -> "[83"
	"Expression84" [label="Expression"]
	"MemAccess81" -> "Expression84"
	"Term85" [label="Term"]
	"Expression84" -> "Term85"
	"Factor86" [label="Factor"]
	"Term85" -> "Factor86"
	"NumParen87" [label="NumParen"]
	"Factor86" -> "NumParen87"
	"num88" [label="num",style=filled,fillcolor=powderblue]
	"NumParen87" -> "num88"
	"Start89" [label="Start"]
	"Factor86" -> "Start89"
	"e90" [label="e"]
	"Start89" -> "e90"
	"TMultDiv91" [label="TMultDiv"]
	"Term85" -> "TMultDiv91"
	"e92" [label="e"]
	"TMultDiv91" -> "e92"
	"EAddSub93" [label="EAddSub"]
	"Expression84" -> "EAddSub93"
	"e94" [label="e"]
	"EAddSub93" -> "e94"
	"]95" [label="]",style=filled,fillcolor=powderblue]
	"MemAccess81" -> "]95"
	"=96" [label="=",style=filled,fillcolor=powderblue]
	"Assignment80" -> "=96"
	"Expression97" [label="Expression"]
	"Assignment80" -> "Expression97"
	"Term98" [label="Term"]
	"Expression97" -> "Term98"
	"Factor99" [label="Factor"]
	"Term98" -> "Factor99"
	"NumParen100" [label="NumParen"]
	"Factor99" -> "NumParen100"
	"num101" [label="num",style=filled,fillcolor=powderblue]
	"NumParen100" -> "num101"
	"Start102" [label="Start"]
	"Factor99" -> "Start102"
	"e103" [label="e"]
	"Start102" -> "e103"
	"TMultDiv104" [label="TMultDiv"]
	"Term98" -> "TMultDiv104"
	"/105" [label="/",style=filled,fillcolor=powderblue]
	"TMultDiv104" -> "/105"
	"Factor106" [label="Factor"]
	"TMultDiv104" -> "Factor106"
	"NumParen107" [label="NumParen"]
	"Factor106" -> "NumParen107"
	"num108" [label="num",style=filled,fillcolor=powderblue]
	"NumParen107" -> "num108"
	"Start109" [label="Start"]
	"Factor106" -> "Start109"
	"e110" [label="e"]
	"Start109" -> "e110"
	"TMultDiv111" [label="TMultDiv"]
	"TMultDiv104" -> "TMultDiv111"
	"*112" [label="*",style=filled,fillcolor=powderblue]
	"TMultDiv111" -> "*112"
	"Factor113" [label="Factor"]
	"TMultDiv111" -> "Factor113"
	"NumParen114" [label="NumParen"]
	"Factor113" -> "NumParen114"
	"num115" [label="num",style=filled,fillcolor=powderblue]
	"NumParen114" -> "num115"
	"Start116" [label="Start"]
	"Factor113" -> "Start116"
	"e117" [label="e"]
	"Start116" -> "e117"
	"TMultDiv118" [label="TMultDiv"]
	"TMultDiv111" -> "TMultDiv118"
	"e119" [label="e"]
	"TMultDiv118" -> "e119"
	"EAddSub120" [label="EAddSub"]
	"Expression97" -> "EAddSub120"
	"e121" [label="e"]
	"EAddSub120" -> "e121"
	"Statements122" [label="Statements"]
	"Statements78" -> "Statements122"
	"Statement123" [label="Statement"]
	"Statements122" -> "Statement123"
	"Assignment124" [label="Assignment"]
	"Statement123" -> "Assignment124"
	"MemAccess125" [label="MemAccess"]
	"Assignment124" -> "MemAccess125"
	"m126" [label="m",style=filled,fillcolor=powderblue]
	"MemAccess125" -> "m126"
	"[127" [label="[",style=filled,fillcolor=powderblue]
	"MemAccess125" -> "[127"
	"Expression128" [label="Expression"]
	"MemAccess125" -> "Expression128"
	"Term129" [label="Term"]
	"Expression128" -> "Term129"
	"Factor130" [label="Factor"]
	"Term129" -> "Factor130"
	"NumParen131" [label="NumParen"]
	"Factor130" -> "NumParen131"
	"num132" [label="num",style=filled,fillcolor=powderblue]
	"NumParen131" -> "num132"
	"Start133" [label="Start"]
	"Factor130" -> "Start133"
	"e134" [label="e"]
	"Start133" -> "e134"
	"TMultDiv135" [label="TMultDiv"]
	"Term129" -> "TMultDiv135"
	"e136" [label="e"]
	"TMultDiv135" -> "e136"
	"EAddSub137" [label="EAddSub"]
	"Expression128" -> "EAddSub137"
	"e138" [label="e"]
	"EAddSub137" -> "e138"
	"]139" [label="]",style=filled,fillcolor=powderblue]
	"MemAccess125" -> "]139"
	"=140" [label="=",style=filled,fillcolor=powderblue]
	"Assignment124" -> "=140"
	"Expression141" [label="Expression"]
	"Assignment124" -> "Expression141"
	"Term142" [label="Term"]
	"Expression141" -> "Term142"
	"Factor143" [label="Factor"]
	"Term142" -> "Factor143"
	"NumParen144" [label="NumParen"]
	"Factor143" -> "NumParen144"
	"num145" [label="num",style=filled,fillcolor=powderblue]
	"NumParen144" -> "num145"
	"Start146" [label="Start"]
	"Factor143" -> "Start146"
	"e147" [label="e"]
	"Start146" -> "e147"
	"TMultDiv148" [label="TMultDiv"]
	"Term142" -> "TMultDiv148"
	"e149" [label="e"]
	"TMultDiv148" -> "e149"
	"EAddSub150" [label="EAddSub"]
	"Expression141" -> "EAddSub150"
	"+151" [label="+",style=filled,fillcolor=powderblue]
	"EAddSub150" -> "+151"
	"Term152" [label="Term"]
	"EAddSub150" -> "Term152"
	"MemAccess153" [label="MemAccess"]
	"Term152" -> "MemAccess153"
	"m154" [label="m",style=filled,fillcolor=powderblue]
	"MemAccess153" -> "m154"
	"[155" [label="[",style=filled,fillcolor=powderblue]
	"MemAccess153" -> "[155"
	"Expression156" [label="Expression"]
	"MemAccess153" -> "Expression156"
	"Term157" [label="Term"]
	"Expression156" -> "Term157"
	"Factor158" [label="Factor"]
	"Term157" -> "Factor158"
	"NumParen159" [label="NumParen"]
	"Factor158" -> "NumParen159"
	"num160" [label="num",style=filled,fillcolor=powderblue]
	"NumParen159" -> "num160"
	"Start161" [label="Start"]
	"Factor158" -> "Start161"
	"e162" [label="e"]
	"Start161" -> "e162"
	"TMultDiv163" [label="TMultDiv"]
	"Term157" -> "TMultDiv163"
	"e164" [label="e"]
	"TMultDiv163" -> "e164"
	"EAddSub165" [label="EAddSub"]
	"Expression156" -> "EAddSub165"
	"e166" [label="e"]
	"EAddSub165" -> "e166"
	"]167" [label="]",style=filled,fillcolor=powderblue]
	"MemAccess153" -> "]167"
	"EAddSub168" [label="EAddSub"]
	"EAddSub150" -> "EAddSub168"
	"e169" [label="e"]
	"EAddSub168" -> "e169"
	"Statements170" [label="Statements"]
	"Statements122" -> "Statements170"
	"Statement171" [label="Statement"]
	"Statements170" -> "Statement171"
	"Assignment172" [label="Assignment"]
	"Statement171" -> "Assignment172"
	"MemAccess173" [label="MemAccess"]
	"Assignment172" -> "MemAccess173"
	"m174" [label="m",style=filled,fillcolor=powderblue]
	"MemAccess173" -> "m174"
	"[175" [label="[",style=filled,fillcolor=powderblue]
	"MemAccess173" -> "[175"
	"Expression176" [label="Expression"]
	"MemAccess173" -> "Expression176"
	"Term177" [label="Term"]
	"Expression176" -> "Term177"
	"Factor178" [label="Factor"]
	"Term177" -> "Factor178"
	"NumParen179" [label="NumParen"]
	"Factor178" -> "NumParen179"
	"num180" [label="num",style=filled,fillcolor=powderblue]
	"NumParen179" -> "num180"
	"Start181" [label="Start"]
	"Factor178" -> "Start181"
	"e182" [label="e"]
	"Start181" -> "e182"
	"TMultDiv183" [label="TMultDiv"]
	"Term177" -> "TMultDiv183"
	"e184" [label="e"]
	"TMultDiv183" -> "e184"
	"EAddSub185" [label="EAddSub"]
	"Expression176" -> "EAddSub185"
	"e186" [label="e"]
	"EAddSub185" -> "e186"
	"]187" [label="]",style=filled,fillcolor=powderblue]
	"MemAccess173" -> "]187"
	"=188" [label="=",style=filled,fillcolor=powderblue]
	"Assignment172" -> "=188"
	"Expression189" [label="Expression"]
	"Assignment172" -> "Expression189"
	"Term190" [label="Term"]
	"Expression189" -> "Term190"
	"Factor191" [label="Factor"]
	"Term190" -> "Factor191"
	"NumParen192" [label="NumParen"]
	"Factor191" -> "NumParen192"
	"num193" [label="num",style=filled,fillcolor=powderblue]
	"NumParen192" -> "num193"
	"Start194" [label="Start"]
	"Factor191" -> "Start194"
	"e195" [label="e"]
	"Start194" -> "e195"
	"TMultDiv196" [label="TMultDiv"]
	"Term190" -> "TMultDiv196"
	"e197" [label="e"]
	"TMultDiv196" -> "e197"
	"EAddSub198" [label="EAddSub"]
	"Expression189" -> "EAddSub198"
	"-199" [label="-",style=filled,fillcolor=powderblue]
	"EAddSub198" -> "-199"
	"Term200" [label="Term"]
	"EAddSub198" -> "Term200"
	"MemAccess201" [label="MemAccess"]
	"Term200" -> "MemAccess201"
	"m202" [label="m",style=filled,fillcolor=powderblue]
	"MemAccess201" -> "m202"
	"[203" [label="[",style=filled,fillcolor=powderblue]
	"MemAccess201" -> "[203"
	"Expression204" [label="Expression"]
	"MemAccess201" -> "Expression204"
	"Term205" [label="Term"]
	"Expression204" -> "Term205"
	"Factor206" [label="Factor"]
	"Term205" -> "Factor206"
	"NumParen207" [label="NumParen"]
	"Factor206" -> "NumParen207"
	"num208" [label="num",style=filled,fillcolor=powderblue]
	"NumParen207" -> "num208"
	"Start209" [label="Start"]
	"Factor206" -> "Start209"
	"e210" [label="e"]
	"Start209" -> "e210"
	"TMultDiv211" [label="TMultDiv"]
	"Term205" -> "TMultDiv211"
	"e212" [label="e"]
	"TMultDiv211" -> "e212"
	"EAddSub213" [label="EAddSub"]
	"Expression204" -> "EAddSub213"
	"-214" [label="-",style=filled,fillcolor=powderblue]
	"EAddSub213" -> "-214"
	"Term215" [label="Term"]
	"EAddSub213" -> "Term215"
	"Factor216" [label="Factor"]
	"Term215" -> "Factor216"
	"NumParen217" [label="NumParen"]
	"Factor216" -> "NumParen217"
	"num218" [label="num",style=filled,fillcolor=powderblue]
	"NumParen217" -> "num218"
	"Start219" [label="Start"]
	"Factor216" -> "Start219"
	"e220" [label="e"]
	"Start219" -> "e220"
	"TMultDiv221" [label="TMultDiv"]
	"Term215" -> "TMultDiv221"
	"e222" [label="e"]
	"TMultDiv221" -> "e222"
	"EAddSub223" [label="EAddSub"]
	"EAddSub213" -> "EAddSub223"
	"e224" [label="e"]
	"EAddSub223" -> "e224"
	"]225" [label="]",style=filled,fillcolor=powderblue]
	"MemAccess201" -> "]225"
	"EAddSub226" [label="EAddSub"]
	"EAddSub198" -> "EAddSub226"
	"e227" [label="e"]
	"EAddSub226" -> "e227"
	"Statements228" [label="Statements"]
	"Statements170" -> "Statements228"
	"Statement229" [label="Statement"]
	"Statements228" -> "Statement229"
	"Assignment230" [label="Assignment"]
	"Statement229" -> "Assignment230"
	"MemAccess231" [label="MemAccess"]
	"Assignment230" -> "MemAccess231"
	"m232" [label="m",style=filled,fillcolor=powderblue]
	"MemAccess231" -> "m232"
	"[233" [label="[",style=filled,fillcolor=powderblue]
	"MemAccess231" -> "[233"
	"Expression234" [label="Expression"]
	"MemAccess231" -> "Expression234"
	"Term235" [label="Term"]
	"Expression234" -> "Term235"
	"Factor236" [label="Factor"]
	"Term235" -> "Factor236"
	"NumParen237" [label="NumParen"]
	"Factor236" -> "NumParen237"
	"num238" [label="num",style=filled,fillcolor=powderblue]
	"NumParen237" -> "num238"
	"Start239" [label="Start"]
	"Factor236" -> "Start239"
	"e240" [label="e"]
	"Start239" -> "e240"
	"TMultDiv241" [label="TMultDiv"]
	"Term235" -> "TMultDiv241"
	"e242" [label="e"]
	"TMultDiv241" -> "e242"
	"EAddSub243" [label="EAddSub"]
	"Expression234" -> "EAddSub243"
	"e244" [label="e"]
	"EAddSub243" -> "e244"
	"]245" [label="]",style=filled,fillcolor=powderblue]
	"MemAccess231" -> "]245"
	"=246" [label="=",style=filled,fillcolor=powderblue]
	"Assignment230" -> "=246"
	"Expression247" [label="Expression"]
	"Assignment230" -> "Expression247"
	"Term248" [label="Term"]
	"Expression247" -> "Term248"
	"Factor249" [label="Factor"]
	"Term248" -> "Factor249"
	"NumParen250" [label="NumParen"]
	"Factor249" -> "NumParen250"
	"num251" [label="num",style=filled,fillcolor=powderblue]
	"NumParen250" -> "num251"
	"Start252" [label="Start"]
	"Factor249" -> "Start252"
	"e253" [label="e"]
	"Start252" -> "e253"
	"TMultDiv254" [label="TMultDiv"]
	"Term248" -> "TMultDiv254"
	"e255" [label="e"]
	"TMultDiv254" -> "e255"
	"EAddSub256" [label="EAddSub"]
	"Expression247" -> "EAddSub256"
	"-257" [label="-",style=filled,fillcolor=powderblue]
	"EAddSub256" -> "-257"
	"Term258" [label="Term"]
	"EAddSub256" -> "Term258"
	"Factor259" [label="Factor"]
	"Term258" -> "Factor259"
	"NumParen260" [label="NumParen"]
	"Factor259" -> "NumParen260"
	"(261" [label="(",style=filled,fillcolor=powderblue]
	"NumParen260" -> "(261"
	"Expression262" [label="Expression"]
	"NumParen260" -> "Expression262"
	"Term263" [label="Term"]
	"Expression262" -> "Term263"
	"Factor264" [label="Factor"]
	"Term263" -> "Factor264"
	"NumParen265" [label="NumParen"]
	"Factor264" -> "NumParen265"
	"num266" [label="num",style=filled,fillcolor=powderblue]
	"NumParen265" -> "num266"
	"Start267" [label="Start"]
	"Factor264" -> "Start267"
	"e268" [label="e"]
	"Start267" -> "e268"
	"TMultDiv269" [label="TMultDiv"]
	"Term263" -> "TMultDiv269"
	"e270" [label="e"]
	"TMultDiv269" -> "e270"
	"EAddSub271" [label="EAddSub"]
	"Expression262" -> "EAddSub271"
	"-272" [label="-",style=filled,fillcolor=powderblue]
	"EAddSub271" -> "-272"
	"Term273" [label="Term"]
	"EAddSub271" -> "Term273"
	"Factor274" [label="Factor"]
	"Term273" -> "Factor274"
	"NumParen275" [label="NumParen"]
	"Factor274" -> "NumParen275"
	"num276" [label="num",style=filled,fillcolor=powderblue]
	"NumParen275" -> "num276"
	"Start277" [label="Start"]
	"Factor274" -> "Start277"
	"e278" [label="e"]
	"Start277" -> "e278"
	"TMultDiv279" [label="TMultDiv"]
	"Term273" -> "TMultDiv279"
	"e280" [label="e"]
	"TMultDiv279" -> "e280"
	"EAddSub281" [label="EAddSub"]
	"EAddSub271" -> "EAddSub281"
	"e282" [label="e"]
	"EAddSub281" -> "e282"
	")283" [label=")",style=filled,fillcolor=powderblue]
	"NumParen260" -> ")283"
	"Start284" [label="Start"]
	"Factor259" -> "Start284"
	"e285" [label="e"]
	"Start284" -> "e285"
	"TMultDiv286" [label="TMultDiv"]
	"Term258" -> "TMultDiv286"
	"e287" [label="e"]
	"TMultDiv286" -> "e287"
	"EAddSub288" [label="EAddSub"]
	"EAddSub256" -> "EAddSub288"
	"e289" [label="e"]
	"EAddSub288" -> "e289"
	"Statements290" [label="Statements"]
	"Statements228" -> "Statements290"
	"Statement291" [label="Statement"]
	"Statements290" -> "Statement291"
	"Assignment292" [label="Assignment"]
	"Statement291" -> "Assignment292"
	"MemAccess293" [label="MemAccess"]
	"Assignment292" -> "MemAccess293"
	"m294" [label="m",style=filled,fillcolor=powderblue]
	"MemAccess293" -> "m294"
	"[295" [label="[",style=filled,fillcolor=powderblue]
	"MemAccess293" -> "[295"
	"Expression296" [label="Expression"]
	"MemAccess293" -> "Expression296"
	"Term297" [label="Term"]
	"Expression296" -> "Term297"
	"Factor298" [label="Factor"]
	"Term297" -> "Factor298"
	"NumParen299" [label="NumParen"]
	"Factor298" -> "NumParen299"
	"num300" [label="num",style=filled,fillcolor=powderblue]
	"NumParen299" -> "num300"
	"Start301" [label="Start"]
	"Factor298" -> "Start301"
	"e302" [label="e"]
	"Start301" -> "e302"
	"TMultDiv303" [label="TMultDiv"]
	"Term297" -> "TMultDiv303"
	"e304" [label="e"]
	"TMultDiv303" -> "e304"
	"EAddSub305" [label="EAddSub"]
	"Expression296" -> "EAddSub305"
	"e306" [label="e"]
	"EAddSub305" -> "e306"
	"]307" [label="]",style=filled,fillcolor=powderblue]
	"MemAccess293" -> "]307"
	"=308" [label="=",style=filled,fillcolor=powderblue]
	"Assignment292" -> "=308"
	"Expression309" [label="Expression"]
	"Assignment292" -> "Expression309"
	"Term310" [label="Term"]
	"Expression309" -> "Term310"
	"Factor311" [label="Factor"]
	"Term310" -> "Factor311"
	"NumParen312" [label="NumParen"]
	"Factor311" -> "NumParen312"
	"num313" [label="num",style=filled,fillcolor=powderblue]
	"NumParen312" -> "num313"
	"Start314" [label="Start"]
	"Factor311" -> "Start314"
	"e315" [label="e"]
	"Start314" -> "e315"
	"TMultDiv316" [label="TMultDiv"]
	"Term310" -> "TMultDiv316"
	"e317" [label="e"]
	"TMultDiv316" -> "e317"
	"EAddSub318" [label="EAddSub"]
	"Expression309" -> "EAddSub318"
	"-319" [label="-",style=filled,fillcolor=powderblue]
	"EAddSub318" -> "-319"
	"Term320" [label="Term"]
	"EAddSub318" -> "Term320"
	"MemAccess321" [label="MemAccess"]
	"Term320" -> "MemAccess321"
	"m322" [label="m",style=filled,fillcolor=powderblue]
	"MemAccess321" -> "m322"
	"[323" [label="[",style=filled,fillcolor=powderblue]
	"MemAccess321" -> "[323"
	"Expression324" [label="Expression"]
	"MemAccess321" -> "Expression324"
	"Term325" [label="Term"]
	"Expression324" -> "Term325"
	"Factor326" [label="Factor"]
	"Term325" -> "Factor326"
	"NumParen327" [label="NumParen"]
	"Factor326" -> "NumParen327"
	"(328" [label="(",style=filled,fillcolor=powderblue]
	"NumParen327" -> "(328"
	"Expression329" [label="Expression"]
	"NumParen327" -> "Expression329"
	"Term330" [label="Term"]
	"Expression329" -> "Term330"
	"Factor331" [label="Factor"]
	"Term330" -> "Factor331"
	"NumParen332" [label="NumParen"]
	"Factor331" -> "NumParen332"
	"num333" [label="num",style=filled,fillcolor=powderblue]
	"NumParen332" -> "num333"
	"Start334" [label="Start"]
	"Factor331" -> "Start334"
	"e335" [label="e"]
	"Start334" -> "e335"
	"TMultDiv336" [label="TMultDiv"]
	"Term330" -> "TMultDiv336"
	"e337" [label="e"]
	"TMultDiv336" -> "e337"
	"EAddSub338" [label="EAddSub"]
	"Expression329" -> "EAddSub338"
	"-339" [label="-",style=filled,fillcolor=powderblue]
	"EAddSub338" -> "-339"
	"Term340" [label="Term"]
	"EAddSub338" -> "Term340"
	"Factor341" [label="Factor"]
	"Term340" -> "Factor341"
	"NumParen342" [label="NumParen"]
	"Factor341" -> "NumParen342"
	"num343" [label="num",style=filled,fillcolor=powderblue]
	"NumParen342" -> "num343"
	"Start344" [label="Start"]
	"Factor341" -> "Start344"
	"e345" [label="e"]
	"Start344" -> "e345"
	"TMultDiv346" [label="TMultDiv"]
	"Term340" -> "TMultDiv346"
	"e347" [label="e"]
	"TMultDiv346" -> "e347"
	"EAddSub348" [label="EAddSub"]
	"EAddSub338" -> "EAddSub348"
	"e349" [label="e"]
	"EAddSub348" -> "e349"
	")350" [label=")",style=filled,fillcolor=powderblue]
	"NumParen327" -> ")350"
	"Start351" [label="Start"]
	"Factor326" -> "Start351"
	"e352" [label="e"]
	"Start351" -> "e352"
	"TMultDiv353" [label="TMultDiv"]
	"Term325" -> "TMultDiv353"
	"e354" [label="e"]
	"TMultDiv353" -> "e354"
	"EAddSub355" [label="EAddSub"]
	"Expression324" -> "EAddSub355"
	"e356" [label="e"]
	"EAddSub355" -> "e356"
	"]357" [label="]",style=filled,fillcolor=powderblue]
	"MemAccess321" -> "]357"
	"EAddSub358" [label="EAddSub"]
	"EAddSub318" -> "EAddSub358"
	"e359" [label="e"]
	"EAddSub358" -> "e359"
	"Statements360" [label="Statements"]
	"Statements290" -> "Statements360"
	"Statement361" [label="Statement"]
	"Statements360" -> "Statement361"
	"Print362" [label="Print"]
	"Statement361" -> "Print362"
	"print363" [label="print",style=filled,fillcolor=powderblue]
	"Print362" -> "print363"
	"m364" [label="m",style=filled,fillcolor=powderblue]
	"Print362" -> "m364"
	"[365" [label="[",style=filled,fillcolor=powderblue]
	"Print362" -> "[365"
	"Expression366" [label="Expression"]
	"Print362" -> "Expression366"
	"Term367" [label="Term"]
	"Expression366" -> "Term367"
	"Factor368" [label="Factor"]
	"Term367" -> "Factor368"
	"NumParen369" [label="NumParen"]
	"Factor368" -> "NumParen369"
	"num370" [label="num",style=filled,fillcolor=powderblue]
	"NumParen369" -> "num370"
	"Start371" [label="Start"]
	"Factor368" -> "Start371"
	"e372" [label="e"]
	"Start371" -> "e372"
	"TMultDiv373" [label="TMultDiv"]
	"Term367" -> "TMultDiv373"
	"e374" [label="e"]
	"TMultDiv373" -> "e374"
	"EAddSub375" [label="EAddSub"]
	"Expression366" -> "EAddSub375"
	"e376" [label="e"]
	"EAddSub375" -> "e376"
	"]377" [label="]",style=filled,fillcolor=powderblue]
	"Print362" -> "]377"
	"Statements378" [label="Statements"]
	"Statements360" -> "Statements378"
	"Statement379" [label="Statement"]
	"Statements378" -> "Statement379"
	"Jump380" [label="Jump"]
	"Statement379" -> "Jump380"
	"goto381" [label="goto",style=filled,fillcolor=powderblue]
	"Jump380" -> "goto381"
	"num382" [label="num",style=filled,fillcolor=powderblue]
	"Jump380" -> "num382"
	"if383" [label="if",style=filled,fillcolor=powderblue]
	"Jump380" -> "if383"
	"Expression384" [label="Expression"]
	"Jump380" -> "Expression384"
	"Term385" [label="Term"]
	"Expression384" -> "Term385"
	"MemAccess386" [label="MemAccess"]
	"Term385" -> "MemAccess386"
	"m387" [label="m",style=filled,fillcolor=powderblue]
	"MemAccess386" -> "m387"
	"[388" [label="[",style=filled,fillcolor=powderblue]
	"MemAccess386" -> "[388"
	"Expression389" [label="Expression"]
	"MemAccess386" -> "Expression389"
	"Term390" [label="Term"]
	"Expression389" -> "Term390"
	"Factor391" [label="Factor"]
	"Term390" -> "Factor391"
	"NumParen392" [label="NumParen"]
	"Factor391" -> "NumParen392"
	"num393" [label="num",style=filled,fillcolor=powderblue]
	"NumParen392" -> "num393"
	"Start394" [label="Start"]
	"Factor391" -> "Start394"
	"e395" [label="e"]
	"Start394" -> "e395"
	"TMultDiv396" [label="TMultDiv"]
	"Term390" -> "TMultDiv396"
	"e397" [label="e"]
	"TMultDiv396" -> "e397"
	"EAddSub398" [label="EAddSub"]
	"Expression389" -> "EAddSub398"
	"e399" [label="e"]
	"EAddSub398" -> "e399"
	"]400" [label="]",style=filled,fillcolor=powderblue]
	"MemAccess386" -> "]400"
	"EAddSub401" [label="EAddSub"]
	"Expression384" -> "EAddSub401"
	"e402" [label="e"]
	"EAddSub401" -> "e402"
	"Statements403" [label="Statements"]
	"Statements378" -> "Statements403"
	"Statement404" [label="Statement"]
	"Statements403" -> "Statement404"
	"Print405" [label="Print"]
	"Statement404" -> "Print405"
	"print406" [label="print",style=filled,fillcolor=powderblue]
	"Print405" -> "print406"
	"m407" [label="m",style=filled,fillcolor=powderblue]
	"Print405" -> "m407"
	"[408" [label="[",style=filled,fillcolor=powderblue]
	"Print405" -> "[408"
	"Expression409" [label="Expression"]
	"Print405" -> "Expression409"
	"Term410" [label="Term"]
	"Expression409" -> "Term410"
	"Factor411" [label="Factor"]
	"Term410" -> "Factor411"
	"NumParen412" [label="NumParen"]
	"Factor411" -> "NumParen412"
	"num413" [label="num",style=filled,fillcolor=powderblue]
	"NumParen412" -> "num413"
	"Start414" [label="Start"]
	"Factor411" -> "Start414"
	"e415" [label="e"]
	"Start414" -> "e415"
	"TMultDiv416" [label="TMultDiv"]
	"Term410" -> "TMultDiv416"
	"e417" [label="e"]
	"TMultDiv416" -> "e417"
	"EAddSub418" [label="EAddSub"]
	"Expression409" -> "EAddSub418"
	"e419" [label="e"]
	"EAddSub418" -> "e419"
	"]420" [label="]",style=filled,fillcolor=powderblue]
	"Print405" -> "]420"
	"Statements421" [label="Statements"]
	"Statements403" -> "Statements421"
	"Statement422" [label="Statement"]
	"Statements421" -> "Statement422"
	"Jump423" [label="Jump"]
	"Statement422" -> "Jump423"
	"goto424" [label="goto",style=filled,fillcolor=powderblue]
	"Jump423" -> "goto424"
	"num425" [label="num",style=filled,fillcolor=powderblue]
	"Jump423" -> "num425"
	"Statements426" [label="Statements"]
	"Statements421" -> "Statements426"
	"Statement427" [label="Statement"]
	"Statements426" -> "Statement427"
	"Print428" [label="Print"]
	"Statement427" -> "Print428"
	"print429" [label="print",style=filled,fillcolor=powderblue]
	"Print428" -> "print429"
	"m430" [label="m",style=filled,fillcolor=powderblue]
	"Print428" -> "m430"
	"[431" [label="[",style=filled,fillcolor=powderblue]
	"Print428" -> "[431"
	"Expression432" [label="Expression"]
	"Print428" -> "Expression432"
	"Term433" [label="Term"]
	"Expression432" -> "Term433"
	"Factor434" [label="Factor"]
	"Term433" -> "Factor434"
	"NumParen435" [label="NumParen"]
	"Factor434" -> "NumParen435"
	"num436" [label="num",style=filled,fillcolor=powderblue]
	"NumParen435" -> "num436"
	"Start437" [label="Start"]
	"Factor434" -> "Start437"
	"e438" [label="e"]
	"Start437" -> "e438"
	"TMultDiv439" [label="TMultDiv"]
	"Term433" -> "TMultDiv439"
	"e440" [label="e"]
	"TMultDiv439" -> "e440"
	"EAddSub441" [label="EAddSub"]
	"Expression432" -> "EAddSub441"
	"e442" [label="e"]
	"EAddSub441" -> "e442"
	"]443" [label="]",style=filled,fillcolor=powderblue]
	"Print428" -> "]443"
	"Statements444" [label="Statements"]
	"Statements426" -> "Statements444"
	"Statement445" [label="Statement"]
	"Statements444" -> "Statement445"
	"Label446" [label="Label"]
	"Statement445" -> "Label446"
	"L447" [label="L",style=filled,fillcolor=powderblue]
	"Label446" -> "L447"
	"num448" [label="num",style=filled,fillcolor=powderblue]
	"Label446" -> "num448"
	":449" [label=":",style=filled,fillcolor=powderblue]
	"Label446" -> ":449"
	"Statements450" [label="Statements"]
	"Statements444" -> "Statements450"
	"Statement451" [label="Statement"]
	"Statements450" -> "Statement451"
	"Print452" [label="Print"]
	"Statement451" -> "Print452"
	"print453" [label="print",style=filled,fillcolor=powderblue]
	"Print452" -> "print453"
	"m454" [label="m",style=filled,fillcolor=powderblue]
	"Print452" -> "m454"
	"[455" [label="[",style=filled,fillcolor=powderblue]
	"Print452" -> "[455"
	"Expression456" [label="Expression"]
	"Print452" -> "Expression456"
	"Term457" [label="Term"]
	"Expression456" -> "Term457"
	"Factor458" [label="Factor"]
	"Term457" -> "Factor458"
	"NumParen459" [label="NumParen"]
	"Factor458" -> "NumParen459"
	"num460" [label="num",style=filled,fillcolor=powderblue]
	"NumParen459" -> "num460"
	"Start461" [label="Start"]
	"Factor458" -> "Start461"
	"e462" [label="e"]
	"Start461" -> "e462"
	"TMultDiv463" [label="TMultDiv"]
	"Term457" -> "TMultDiv463"
	"e464" [label="e"]
	"TMultDiv463" -> "e464"
	"EAddSub465" [label="EAddSub"]
	"Expression456" -> "EAddSub465"
	"e466" [label="e"]
	"EAddSub465" -> "e466"
	"]467" [label="]",style=filled,fillcolor=powderblue]
	"Print452" -> "]467"
	"Statements468" [label="Statements"]
	"Statements450" -> "Statements468"
	"e469" [label="e"]
	"Statements468" -> "e469"
};
