digraph G {
	"Start1" [label="Start"]
	"Statements2" [label="Statements"]
	"Start1" -> "Statements2"
	"Statement3" [label="Statement"]
	"Statements2" -> "Statement3"
	"Assignment4" [label="Assignment"]
	"Statement3" -> "Assignment4"
	"MemAccess5" [label="MemAccess"]
	"Assignment4" -> "MemAccess5"
	"m6" [label="m",style=filled,fillcolor=powderblue]
	"MemAccess5" -> "m6"
	"[7" [label="[",style=filled,fillcolor=powderblue]
	"MemAccess5" -> "[7"
	"Expression8" [label="Expression"]
	"MemAccess5" -> "Expression8"
	"Term9" [label="Term"]
	"Expression8" -> "Term9"
	"Factor10" [label="Factor"]
	"Term9" -> "Factor10"
	"NumParen11" [label="NumParen"]
	"Factor10" -> "NumParen11"
	"num12" [label="num",style=filled,fillcolor=powderblue]
	"NumParen11" -> "num12"
	"Start13" [label="Start"]
	"Factor10" -> "Start13"
	"e14" [label="e"]
	"Start13" -> "e14"
	"TMultDiv15" [label="TMultDiv"]
	"Term9" -> "TMultDiv15"
	"e16" [label="e"]
	"TMultDiv15" -> "e16"
	"EAddSub17" [label="EAddSub"]
	"Expression8" -> "EAddSub17"
	"e18" [label="e"]
	"EAddSub17" -> "e18"
	"]19" [label="]",style=filled,fillcolor=powderblue]
	"MemAccess5" -> "]19"
	"=20" [label="=",style=filled,fillcolor=powderblue]
	"Assignment4" -> "=20"
	"Expression21" [label="Expression"]
	"Assignment4" -> "Expression21"
	"Term22" [label="Term"]
	"Expression21" -> "Term22"
	"Factor23" [label="Factor"]
	"Term22" -> "Factor23"
	"NumParen24" [label="NumParen"]
	"Factor23" -> "NumParen24"
	"num25" [label="num",style=filled,fillcolor=powderblue]
	"NumParen24" -> "num25"
	"Start26" [label="Start"]
	"Factor23" -> "Start26"
	"e27" [label="e"]
	"Start26" -> "e27"
	"TMultDiv28" [label="TMultDiv"]
	"Term22" -> "TMultDiv28"
	"/29" [label="/",style=filled,fillcolor=powderblue]
	"TMultDiv28" -> "/29"
	"Factor30" [label="Factor"]
	"TMultDiv28" -> "Factor30"
	"NumParen31" [label="NumParen"]
	"Factor30" -> "NumParen31"
	"num32" [label="num",style=filled,fillcolor=powderblue]
	"NumParen31" -> "num32"
	"Start33" [label="Start"]
	"Factor30" -> "Start33"
	"e34" [label="e"]
	"Start33" -> "e34"
	"TMultDiv35" [label="TMultDiv"]
	"TMultDiv28" -> "TMultDiv35"
	"*36" [label="*",style=filled,fillcolor=powderblue]
	"TMultDiv35" -> "*36"
	"Factor37" [label="Factor"]
	"TMultDiv35" -> "Factor37"
	"NumParen38" [label="NumParen"]
	"Factor37" -> "NumParen38"
	"num39" [label="num",style=filled,fillcolor=powderblue]
	"NumParen38" -> "num39"
	"Start40" [label="Start"]
	"Factor37" -> "Start40"
	"e41" [label="e"]
	"Start40" -> "e41"
	"TMultDiv42" [label="TMultDiv"]
	"TMultDiv35" -> "TMultDiv42"
	"e43" [label="e"]
	"TMultDiv42" -> "e43"
	"EAddSub44" [label="EAddSub"]
	"Expression21" -> "EAddSub44"
	"e45" [label="e"]
	"EAddSub44" -> "e45"
	"Statements46" [label="Statements"]
	"Statements2" -> "Statements46"
	"Statement47" [label="Statement"]
	"Statements46" -> "Statement47"
	"Assignment48" [label="Assignment"]
	"Statement47" -> "Assignment48"
	"MemAccess49" [label="MemAccess"]
	"Assignment48" -> "MemAccess49"
	"m50" [label="m",style=filled,fillcolor=powderblue]
	"MemAccess49" -> "m50"
	"[51" [label="[",style=filled,fillcolor=powderblue]
	"MemAccess49" -> "[51"
	"Expression52" [label="Expression"]
	"MemAccess49" -> "Expression52"
	"Term53" [label="Term"]
	"Expression52" -> "Term53"
	"Factor54" [label="Factor"]
	"Term53" -> "Factor54"
	"NumParen55" [label="NumParen"]
	"Factor54" -> "NumParen55"
	"num56" [label="num",style=filled,fillcolor=powderblue]
	"NumParen55" -> "num56"
	"Start57" [label="Start"]
	"Factor54" -> "Start57"
	"e58" [label="e"]
	"Start57" -> "e58"
	"TMultDiv59" [label="TMultDiv"]
	"Term53" -> "TMultDiv59"
	"e60" [label="e"]
	"TMultDiv59" -> "e60"
	"EAddSub61" [label="EAddSub"]
	"Expression52" -> "EAddSub61"
	"e62" [label="e"]
	"EAddSub61" -> "e62"
	"]63" [label="]",style=filled,fillcolor=powderblue]
	"MemAccess49" -> "]63"
	"=64" [label="=",style=filled,fillcolor=powderblue]
	"Assignment48" -> "=64"
	"Expression65" [label="Expression"]
	"Assignment48" -> "Expression65"
	"Term66" [label="Term"]
	"Expression65" -> "Term66"
	"Factor67" [label="Factor"]
	"Term66" -> "Factor67"
	"NumParen68" [label="NumParen"]
	"Factor67" -> "NumParen68"
	"num69" [label="num",style=filled,fillcolor=powderblue]
	"NumParen68" -> "num69"
	"Start70" [label="Start"]
	"Factor67" -> "Start70"
	"e71" [label="e"]
	"Start70" -> "e71"
	"TMultDiv72" [label="TMultDiv"]
	"Term66" -> "TMultDiv72"
	"e73" [label="e"]
	"TMultDiv72" -> "e73"
	"EAddSub74" [label="EAddSub"]
	"Expression65" -> "EAddSub74"
	"+75" [label="+",style=filled,fillcolor=powderblue]
	"EAddSub74" -> "+75"
	"Term76" [label="Term"]
	"EAddSub74" -> "Term76"
	"Factor77" [label="Factor"]
	"Term76" -> "Factor77"
	"NumParen78" [label="NumParen"]
	"Factor77" -> "NumParen78"
	"num79" [label="num",style=filled,fillcolor=powderblue]
	"NumParen78" -> "num79"
	"Start80" [label="Start"]
	"Factor77" -> "Start80"
	"e81" [label="e"]
	"Start80" -> "e81"
	"TMultDiv82" [label="TMultDiv"]
	"Term76" -> "TMultDiv82"
	"e83" [label="e"]
	"TMultDiv82" -> "e83"
	"EAddSub84" [label="EAddSub"]
	"EAddSub74" -> "EAddSub84"
	"e85" [label="e"]
	"EAddSub84" -> "e85"
	"Statements86" [label="Statements"]
	"Statements46" -> "Statements86"
	"e87" [label="e"]
	"Statements86" -> "e87"
};
